[2021-12-29 19:58:35,527] {taskinstance.py:876} INFO - Dependencies all met for <TaskInstance: example_bash_operator.runme_0 2021-12-24T00:00:00+00:00 [queued]>
[2021-12-29 19:58:35,540] {taskinstance.py:876} INFO - Dependencies all met for <TaskInstance: example_bash_operator.runme_0 2021-12-24T00:00:00+00:00 [queued]>
[2021-12-29 19:58:35,542] {taskinstance.py:1067} INFO - 
--------------------------------------------------------------------------------
[2021-12-29 19:58:35,542] {taskinstance.py:1068} INFO - Starting attempt 1 of 1
[2021-12-29 19:58:35,542] {taskinstance.py:1069} INFO - 
--------------------------------------------------------------------------------
[2021-12-29 19:58:35,574] {taskinstance.py:1087} INFO - Executing <Task(BashOperator): runme_0> on 2021-12-24T00:00:00+00:00
[2021-12-29 19:58:35,576] {standard_task_runner.py:52} INFO - Started process 4492 to run task
[2021-12-29 19:58:35,598] {standard_task_runner.py:76} INFO - Running: ['airflow', 'tasks', 'run', 'example_bash_operator', 'runme_0', '2021-12-24T00:00:00+00:00', '--job-id', '20', '--pool', 'default_pool', '--raw', '--subdir', '/home/airflow/sandbox/lib/python3.8/site-packages/airflow/example_dags/example_bash_operator.py', '--cfg-path', '/tmp/tmp40hvqefc', '--error-file', '/tmp/tmpi8p2t9qq']
[2021-12-29 19:58:35,601] {standard_task_runner.py:77} INFO - Job 20: Subtask runme_0
[2021-12-29 19:58:35,797] {logging_mixin.py:104} INFO - Running <TaskInstance: example_bash_operator.runme_0 2021-12-24T00:00:00+00:00 [running]> on host airflowvm
[2021-12-29 19:58:35,987] {taskinstance.py:1280} INFO - Exporting the following env vars:
AIRFLOW_CTX_DAG_OWNER=airflow
AIRFLOW_CTX_DAG_ID=example_bash_operator
AIRFLOW_CTX_TASK_ID=runme_0
AIRFLOW_CTX_EXECUTION_DATE=2021-12-24T00:00:00+00:00
AIRFLOW_CTX_DAG_RUN_ID=scheduled__2021-12-24T00:00:00+00:00
[2021-12-29 19:58:35,987] {subprocess.py:52} INFO - Tmp dir root location: 
 /tmp
[2021-12-29 19:58:35,988] {subprocess.py:63} INFO - Running command: ['bash', '-c', 'echo "example_bash_operator__runme_0__20211224" && sleep 1']
[2021-12-29 19:58:35,992] {subprocess.py:75} INFO - Output:
[2021-12-29 19:58:35,993] {subprocess.py:79} INFO - example_bash_operator__runme_0__20211224
[2021-12-29 19:58:36,995] {subprocess.py:83} INFO - Command exited with return code 0
[2021-12-29 19:58:37,027] {taskinstance.py:1184} INFO - Marking task as SUCCESS. dag_id=example_bash_operator, task_id=runme_0, execution_date=20211224T000000, start_date=20211229T195835, end_date=20211229T195837
[2021-12-29 19:58:37,049] {taskinstance.py:1245} INFO - 0 downstream tasks scheduled from follow-on schedule check
[2021-12-29 19:58:37,074] {local_task_job.py:151} INFO - Task exited with return code 0
