[2022-01-03 20:17:57,109] {taskinstance.py:876} INFO - Dependencies all met for <TaskInstance: example_bash_operator.also_run_this 2022-01-01T00:00:00+00:00 [queued]>
[2022-01-03 20:17:57,114] {taskinstance.py:876} INFO - Dependencies all met for <TaskInstance: example_bash_operator.also_run_this 2022-01-01T00:00:00+00:00 [queued]>
[2022-01-03 20:17:57,114] {taskinstance.py:1067} INFO - 
--------------------------------------------------------------------------------
[2022-01-03 20:17:57,114] {taskinstance.py:1068} INFO - Starting attempt 1 of 1
[2022-01-03 20:17:57,114] {taskinstance.py:1069} INFO - 
--------------------------------------------------------------------------------
[2022-01-03 20:17:57,147] {taskinstance.py:1087} INFO - Executing <Task(BashOperator): also_run_this> on 2022-01-01T00:00:00+00:00
[2022-01-03 20:17:57,148] {standard_task_runner.py:52} INFO - Started process 2673 to run task
[2022-01-03 20:17:57,158] {standard_task_runner.py:76} INFO - Running: ['airflow', 'tasks', 'run', 'example_bash_operator', 'also_run_this', '2022-01-01T00:00:00+00:00', '--job-id', '80', '--pool', 'default_pool', '--raw', '--subdir', '/home/airflow/sandbox/lib/python3.8/site-packages/airflow/example_dags/example_bash_operator.py', '--cfg-path', '/tmp/tmpcp062vt4', '--error-file', '/tmp/tmp3v4zxym6']
[2022-01-03 20:17:57,158] {standard_task_runner.py:77} INFO - Job 80: Subtask also_run_this
[2022-01-03 20:17:57,334] {logging_mixin.py:104} INFO - Running <TaskInstance: example_bash_operator.also_run_this 2022-01-01T00:00:00+00:00 [running]> on host airflowvm
[2022-01-03 20:17:57,612] {taskinstance.py:1280} INFO - Exporting the following env vars:
AIRFLOW_CTX_DAG_OWNER=airflow
AIRFLOW_CTX_DAG_ID=example_bash_operator
AIRFLOW_CTX_TASK_ID=also_run_this
AIRFLOW_CTX_EXECUTION_DATE=2022-01-01T00:00:00+00:00
AIRFLOW_CTX_DAG_RUN_ID=scheduled__2022-01-01T00:00:00+00:00
[2022-01-03 20:17:57,612] {subprocess.py:52} INFO - Tmp dir root location: 
 /tmp
[2022-01-03 20:17:57,613] {subprocess.py:63} INFO - Running command: ['bash', '-c', 'echo "run_id=scheduled__2022-01-01T00:00:00+00:00 | dag_run=<DagRun example_bash_operator @ 2022-01-01 00:00:00+00:00: scheduled__2022-01-01T00:00:00+00:00, externally triggered: False>"']
[2022-01-03 20:17:57,635] {subprocess.py:75} INFO - Output:
[2022-01-03 20:17:57,635] {subprocess.py:79} INFO - run_id=scheduled__2022-01-01T00:00:00+00:00 | dag_run=<DagRun example_bash_operator @ 2022-01-01 00:00:00+00:00: scheduled__2022-01-01T00:00:00+00:00, externally triggered: False>
[2022-01-03 20:17:57,636] {subprocess.py:83} INFO - Command exited with return code 0
[2022-01-03 20:17:57,651] {taskinstance.py:1184} INFO - Marking task as SUCCESS. dag_id=example_bash_operator, task_id=also_run_this, execution_date=20220101T000000, start_date=20220103T201757, end_date=20220103T201757
[2022-01-03 20:17:57,697] {taskinstance.py:1245} INFO - 0 downstream tasks scheduled from follow-on schedule check
[2022-01-03 20:17:57,733] {local_task_job.py:151} INFO - Task exited with return code 0
