[2022-03-14 19:22:41,767] {processor.py:163} INFO - Started process (PID=2221) to work on /home/airflow/airflow/dags/subdags/subdags_parallel_dags.py
[2022-03-14 19:22:41,769] {processor.py:642} INFO - Processing file /home/airflow/airflow/dags/subdags/subdags_parallel_dags.py for tasks to queue
[2022-03-14 19:22:41,803] {logging_mixin.py:109} INFO - [2022-03-14 19:22:41,803] {dagbag.py:500} INFO - Filling up the DagBag from /home/airflow/airflow/dags/subdags/subdags_parallel_dags.py
[2022-03-14 19:22:42,164] {processor.py:656} WARNING - No viable dags retrieved from /home/airflow/airflow/dags/subdags/subdags_parallel_dags.py
[2022-03-14 19:22:42,168] {processor.py:171} INFO - Processing /home/airflow/airflow/dags/subdags/subdags_parallel_dags.py took 0.453 seconds
[2022-03-14 19:23:12,705] {processor.py:163} INFO - Started process (PID=3169) to work on /home/airflow/airflow/dags/subdags/subdags_parallel_dags.py
[2022-03-14 19:23:12,724] {processor.py:642} INFO - Processing file /home/airflow/airflow/dags/subdags/subdags_parallel_dags.py for tasks to queue
[2022-03-14 19:23:12,758] {logging_mixin.py:109} INFO - [2022-03-14 19:23:12,758] {dagbag.py:500} INFO - Filling up the DagBag from /home/airflow/airflow/dags/subdags/subdags_parallel_dags.py
[2022-03-14 19:23:13,519] {processor.py:656} WARNING - No viable dags retrieved from /home/airflow/airflow/dags/subdags/subdags_parallel_dags.py
[2022-03-14 19:23:13,580] {processor.py:171} INFO - Processing /home/airflow/airflow/dags/subdags/subdags_parallel_dags.py took 0.967 seconds
[2022-03-14 19:23:45,369] {processor.py:163} INFO - Started process (PID=4103) to work on /home/airflow/airflow/dags/subdags/subdags_parallel_dags.py
[2022-03-14 19:23:45,378] {processor.py:642} INFO - Processing file /home/airflow/airflow/dags/subdags/subdags_parallel_dags.py for tasks to queue
[2022-03-14 19:23:45,378] {logging_mixin.py:109} INFO - [2022-03-14 19:23:45,378] {dagbag.py:500} INFO - Filling up the DagBag from /home/airflow/airflow/dags/subdags/subdags_parallel_dags.py
[2022-03-14 19:23:47,872] {processor.py:656} WARNING - No viable dags retrieved from /home/airflow/airflow/dags/subdags/subdags_parallel_dags.py
[2022-03-14 19:23:47,978] {processor.py:171} INFO - Processing /home/airflow/airflow/dags/subdags/subdags_parallel_dags.py took 2.766 seconds
[2022-03-14 19:24:19,204] {processor.py:163} INFO - Started process (PID=5271) to work on /home/airflow/airflow/dags/subdags/subdags_parallel_dags.py
[2022-03-14 19:24:19,219] {processor.py:642} INFO - Processing file /home/airflow/airflow/dags/subdags/subdags_parallel_dags.py for tasks to queue
[2022-03-14 19:24:19,225] {logging_mixin.py:109} INFO - [2022-03-14 19:24:19,225] {dagbag.py:500} INFO - Filling up the DagBag from /home/airflow/airflow/dags/subdags/subdags_parallel_dags.py
[2022-03-14 19:24:19,822] {processor.py:656} WARNING - No viable dags retrieved from /home/airflow/airflow/dags/subdags/subdags_parallel_dags.py
[2022-03-14 19:24:19,866] {processor.py:171} INFO - Processing /home/airflow/airflow/dags/subdags/subdags_parallel_dags.py took 0.701 seconds
[2022-03-14 19:24:50,618] {processor.py:163} INFO - Started process (PID=6347) to work on /home/airflow/airflow/dags/subdags/subdags_parallel_dags.py
[2022-03-14 19:24:50,622] {processor.py:642} INFO - Processing file /home/airflow/airflow/dags/subdags/subdags_parallel_dags.py for tasks to queue
[2022-03-14 19:24:50,622] {logging_mixin.py:109} INFO - [2022-03-14 19:24:50,622] {dagbag.py:500} INFO - Filling up the DagBag from /home/airflow/airflow/dags/subdags/subdags_parallel_dags.py
[2022-03-14 19:24:50,872] {processor.py:656} WARNING - No viable dags retrieved from /home/airflow/airflow/dags/subdags/subdags_parallel_dags.py
[2022-03-14 19:24:50,903] {processor.py:171} INFO - Processing /home/airflow/airflow/dags/subdags/subdags_parallel_dags.py took 0.292 seconds
[2022-03-14 19:25:21,526] {processor.py:163} INFO - Started process (PID=6492) to work on /home/airflow/airflow/dags/subdags/subdags_parallel_dags.py
[2022-03-14 19:25:21,529] {processor.py:642} INFO - Processing file /home/airflow/airflow/dags/subdags/subdags_parallel_dags.py for tasks to queue
[2022-03-14 19:25:21,530] {logging_mixin.py:109} INFO - [2022-03-14 19:25:21,530] {dagbag.py:500} INFO - Filling up the DagBag from /home/airflow/airflow/dags/subdags/subdags_parallel_dags.py
[2022-03-14 19:25:21,759] {processor.py:656} WARNING - No viable dags retrieved from /home/airflow/airflow/dags/subdags/subdags_parallel_dags.py
[2022-03-14 19:25:21,766] {processor.py:171} INFO - Processing /home/airflow/airflow/dags/subdags/subdags_parallel_dags.py took 0.242 seconds
[2022-03-14 19:25:52,414] {processor.py:163} INFO - Started process (PID=6577) to work on /home/airflow/airflow/dags/subdags/subdags_parallel_dags.py
[2022-03-14 19:25:52,415] {processor.py:642} INFO - Processing file /home/airflow/airflow/dags/subdags/subdags_parallel_dags.py for tasks to queue
[2022-03-14 19:25:52,416] {logging_mixin.py:109} INFO - [2022-03-14 19:25:52,416] {dagbag.py:500} INFO - Filling up the DagBag from /home/airflow/airflow/dags/subdags/subdags_parallel_dags.py
[2022-03-14 19:25:52,513] {processor.py:656} WARNING - No viable dags retrieved from /home/airflow/airflow/dags/subdags/subdags_parallel_dags.py
[2022-03-14 19:25:52,516] {processor.py:171} INFO - Processing /home/airflow/airflow/dags/subdags/subdags_parallel_dags.py took 0.108 seconds
[2022-03-14 19:26:23,457] {processor.py:163} INFO - Started process (PID=6602) to work on /home/airflow/airflow/dags/subdags/subdags_parallel_dags.py
[2022-03-14 19:26:23,460] {processor.py:642} INFO - Processing file /home/airflow/airflow/dags/subdags/subdags_parallel_dags.py for tasks to queue
[2022-03-14 19:26:23,462] {logging_mixin.py:109} INFO - [2022-03-14 19:26:23,461] {dagbag.py:500} INFO - Filling up the DagBag from /home/airflow/airflow/dags/subdags/subdags_parallel_dags.py
[2022-03-14 19:26:23,574] {processor.py:656} WARNING - No viable dags retrieved from /home/airflow/airflow/dags/subdags/subdags_parallel_dags.py
[2022-03-14 19:26:23,578] {processor.py:171} INFO - Processing /home/airflow/airflow/dags/subdags/subdags_parallel_dags.py took 0.156 seconds
[2022-03-14 19:26:53,978] {processor.py:163} INFO - Started process (PID=6627) to work on /home/airflow/airflow/dags/subdags/subdags_parallel_dags.py
[2022-03-14 19:26:53,979] {processor.py:642} INFO - Processing file /home/airflow/airflow/dags/subdags/subdags_parallel_dags.py for tasks to queue
[2022-03-14 19:26:54,004] {logging_mixin.py:109} INFO - [2022-03-14 19:26:54,004] {dagbag.py:500} INFO - Filling up the DagBag from /home/airflow/airflow/dags/subdags/subdags_parallel_dags.py
[2022-03-14 19:26:54,122] {processor.py:656} WARNING - No viable dags retrieved from /home/airflow/airflow/dags/subdags/subdags_parallel_dags.py
[2022-03-14 19:26:54,162] {processor.py:171} INFO - Processing /home/airflow/airflow/dags/subdags/subdags_parallel_dags.py took 0.188 seconds
[2022-03-14 19:27:24,510] {processor.py:163} INFO - Started process (PID=6743) to work on /home/airflow/airflow/dags/subdags/subdags_parallel_dags.py
[2022-03-14 19:27:24,511] {processor.py:642} INFO - Processing file /home/airflow/airflow/dags/subdags/subdags_parallel_dags.py for tasks to queue
[2022-03-14 19:27:24,513] {logging_mixin.py:109} INFO - [2022-03-14 19:27:24,512] {dagbag.py:500} INFO - Filling up the DagBag from /home/airflow/airflow/dags/subdags/subdags_parallel_dags.py
[2022-03-14 19:27:24,570] {processor.py:656} WARNING - No viable dags retrieved from /home/airflow/airflow/dags/subdags/subdags_parallel_dags.py
[2022-03-14 19:27:24,576] {processor.py:171} INFO - Processing /home/airflow/airflow/dags/subdags/subdags_parallel_dags.py took 0.072 seconds
[2022-03-14 19:27:55,654] {processor.py:163} INFO - Started process (PID=7050) to work on /home/airflow/airflow/dags/subdags/subdags_parallel_dags.py
[2022-03-14 19:27:55,655] {processor.py:642} INFO - Processing file /home/airflow/airflow/dags/subdags/subdags_parallel_dags.py for tasks to queue
[2022-03-14 19:27:55,656] {logging_mixin.py:109} INFO - [2022-03-14 19:27:55,656] {dagbag.py:500} INFO - Filling up the DagBag from /home/airflow/airflow/dags/subdags/subdags_parallel_dags.py
[2022-03-14 19:27:56,004] {processor.py:656} WARNING - No viable dags retrieved from /home/airflow/airflow/dags/subdags/subdags_parallel_dags.py
[2022-03-14 19:27:56,012] {processor.py:171} INFO - Processing /home/airflow/airflow/dags/subdags/subdags_parallel_dags.py took 0.387 seconds
[2022-03-14 19:28:26,804] {processor.py:163} INFO - Started process (PID=7081) to work on /home/airflow/airflow/dags/subdags/subdags_parallel_dags.py
[2022-03-14 19:28:26,806] {processor.py:642} INFO - Processing file /home/airflow/airflow/dags/subdags/subdags_parallel_dags.py for tasks to queue
[2022-03-14 19:28:26,806] {logging_mixin.py:109} INFO - [2022-03-14 19:28:26,806] {dagbag.py:500} INFO - Filling up the DagBag from /home/airflow/airflow/dags/subdags/subdags_parallel_dags.py
[2022-03-14 19:28:26,870] {processor.py:656} WARNING - No viable dags retrieved from /home/airflow/airflow/dags/subdags/subdags_parallel_dags.py
[2022-03-14 19:28:26,901] {processor.py:171} INFO - Processing /home/airflow/airflow/dags/subdags/subdags_parallel_dags.py took 0.099 seconds
[2022-03-14 19:28:57,417] {processor.py:163} INFO - Started process (PID=7106) to work on /home/airflow/airflow/dags/subdags/subdags_parallel_dags.py
[2022-03-14 19:28:57,420] {processor.py:642} INFO - Processing file /home/airflow/airflow/dags/subdags/subdags_parallel_dags.py for tasks to queue
[2022-03-14 19:28:57,420] {logging_mixin.py:109} INFO - [2022-03-14 19:28:57,420] {dagbag.py:500} INFO - Filling up the DagBag from /home/airflow/airflow/dags/subdags/subdags_parallel_dags.py
[2022-03-14 19:28:57,516] {processor.py:656} WARNING - No viable dags retrieved from /home/airflow/airflow/dags/subdags/subdags_parallel_dags.py
[2022-03-14 19:28:57,521] {processor.py:171} INFO - Processing /home/airflow/airflow/dags/subdags/subdags_parallel_dags.py took 0.110 seconds
[2022-03-14 19:29:27,812] {processor.py:163} INFO - Started process (PID=7403) to work on /home/airflow/airflow/dags/subdags/subdags_parallel_dags.py
[2022-03-14 19:29:27,817] {processor.py:642} INFO - Processing file /home/airflow/airflow/dags/subdags/subdags_parallel_dags.py for tasks to queue
[2022-03-14 19:29:27,818] {logging_mixin.py:109} INFO - [2022-03-14 19:29:27,817] {dagbag.py:500} INFO - Filling up the DagBag from /home/airflow/airflow/dags/subdags/subdags_parallel_dags.py
[2022-03-14 19:29:28,520] {processor.py:656} WARNING - No viable dags retrieved from /home/airflow/airflow/dags/subdags/subdags_parallel_dags.py
[2022-03-14 19:29:28,653] {processor.py:171} INFO - Processing /home/airflow/airflow/dags/subdags/subdags_parallel_dags.py took 0.949 seconds
[2022-03-14 19:29:59,113] {processor.py:163} INFO - Started process (PID=8477) to work on /home/airflow/airflow/dags/subdags/subdags_parallel_dags.py
[2022-03-14 19:29:59,114] {processor.py:642} INFO - Processing file /home/airflow/airflow/dags/subdags/subdags_parallel_dags.py for tasks to queue
[2022-03-14 19:29:59,115] {logging_mixin.py:109} INFO - [2022-03-14 19:29:59,115] {dagbag.py:500} INFO - Filling up the DagBag from /home/airflow/airflow/dags/subdags/subdags_parallel_dags.py
[2022-03-14 19:29:59,170] {processor.py:656} WARNING - No viable dags retrieved from /home/airflow/airflow/dags/subdags/subdags_parallel_dags.py
[2022-03-14 19:29:59,206] {processor.py:171} INFO - Processing /home/airflow/airflow/dags/subdags/subdags_parallel_dags.py took 0.096 seconds
[2022-03-14 19:30:29,806] {processor.py:163} INFO - Started process (PID=8563) to work on /home/airflow/airflow/dags/subdags/subdags_parallel_dags.py
[2022-03-14 19:30:29,807] {processor.py:642} INFO - Processing file /home/airflow/airflow/dags/subdags/subdags_parallel_dags.py for tasks to queue
[2022-03-14 19:30:29,808] {logging_mixin.py:109} INFO - [2022-03-14 19:30:29,808] {dagbag.py:500} INFO - Filling up the DagBag from /home/airflow/airflow/dags/subdags/subdags_parallel_dags.py
[2022-03-14 19:30:29,909] {processor.py:656} WARNING - No viable dags retrieved from /home/airflow/airflow/dags/subdags/subdags_parallel_dags.py
[2022-03-14 19:30:29,916] {processor.py:171} INFO - Processing /home/airflow/airflow/dags/subdags/subdags_parallel_dags.py took 0.147 seconds
[2022-03-14 19:31:00,360] {processor.py:163} INFO - Started process (PID=8588) to work on /home/airflow/airflow/dags/subdags/subdags_parallel_dags.py
[2022-03-14 19:31:00,361] {processor.py:642} INFO - Processing file /home/airflow/airflow/dags/subdags/subdags_parallel_dags.py for tasks to queue
[2022-03-14 19:31:00,362] {logging_mixin.py:109} INFO - [2022-03-14 19:31:00,362] {dagbag.py:500} INFO - Filling up the DagBag from /home/airflow/airflow/dags/subdags/subdags_parallel_dags.py
[2022-03-14 19:31:00,551] {processor.py:656} WARNING - No viable dags retrieved from /home/airflow/airflow/dags/subdags/subdags_parallel_dags.py
[2022-03-14 19:31:00,556] {processor.py:171} INFO - Processing /home/airflow/airflow/dags/subdags/subdags_parallel_dags.py took 0.199 seconds
[2022-03-14 19:31:31,347] {processor.py:163} INFO - Started process (PID=8610) to work on /home/airflow/airflow/dags/subdags/subdags_parallel_dags.py
[2022-03-14 19:31:31,348] {processor.py:642} INFO - Processing file /home/airflow/airflow/dags/subdags/subdags_parallel_dags.py for tasks to queue
[2022-03-14 19:31:31,349] {logging_mixin.py:109} INFO - [2022-03-14 19:31:31,349] {dagbag.py:500} INFO - Filling up the DagBag from /home/airflow/airflow/dags/subdags/subdags_parallel_dags.py
[2022-03-14 19:31:31,552] {processor.py:656} WARNING - No viable dags retrieved from /home/airflow/airflow/dags/subdags/subdags_parallel_dags.py
[2022-03-14 19:31:31,557] {processor.py:171} INFO - Processing /home/airflow/airflow/dags/subdags/subdags_parallel_dags.py took 0.289 seconds
[2022-03-14 19:32:02,098] {processor.py:163} INFO - Started process (PID=8632) to work on /home/airflow/airflow/dags/subdags/subdags_parallel_dags.py
[2022-03-14 19:32:02,101] {processor.py:642} INFO - Processing file /home/airflow/airflow/dags/subdags/subdags_parallel_dags.py for tasks to queue
[2022-03-14 19:32:02,104] {logging_mixin.py:109} INFO - [2022-03-14 19:32:02,103] {dagbag.py:500} INFO - Filling up the DagBag from /home/airflow/airflow/dags/subdags/subdags_parallel_dags.py
[2022-03-14 19:32:02,207] {processor.py:656} WARNING - No viable dags retrieved from /home/airflow/airflow/dags/subdags/subdags_parallel_dags.py
[2022-03-14 19:32:02,212] {processor.py:171} INFO - Processing /home/airflow/airflow/dags/subdags/subdags_parallel_dags.py took 0.148 seconds
[2022-03-14 19:32:32,355] {processor.py:163} INFO - Started process (PID=8663) to work on /home/airflow/airflow/dags/subdags/subdags_parallel_dags.py
[2022-03-14 19:32:32,356] {processor.py:642} INFO - Processing file /home/airflow/airflow/dags/subdags/subdags_parallel_dags.py for tasks to queue
[2022-03-14 19:32:32,356] {logging_mixin.py:109} INFO - [2022-03-14 19:32:32,356] {dagbag.py:500} INFO - Filling up the DagBag from /home/airflow/airflow/dags/subdags/subdags_parallel_dags.py
[2022-03-14 19:32:32,601] {processor.py:656} WARNING - No viable dags retrieved from /home/airflow/airflow/dags/subdags/subdags_parallel_dags.py
[2022-03-14 19:32:32,609] {processor.py:171} INFO - Processing /home/airflow/airflow/dags/subdags/subdags_parallel_dags.py took 0.258 seconds
[2022-03-14 19:33:02,843] {processor.py:163} INFO - Started process (PID=8940) to work on /home/airflow/airflow/dags/subdags/subdags_parallel_dags.py
[2022-03-14 19:33:02,845] {processor.py:642} INFO - Processing file /home/airflow/airflow/dags/subdags/subdags_parallel_dags.py for tasks to queue
[2022-03-14 19:33:02,846] {logging_mixin.py:109} INFO - [2022-03-14 19:33:02,846] {dagbag.py:500} INFO - Filling up the DagBag from /home/airflow/airflow/dags/subdags/subdags_parallel_dags.py
[2022-03-14 19:33:02,912] {processor.py:656} WARNING - No viable dags retrieved from /home/airflow/airflow/dags/subdags/subdags_parallel_dags.py
[2022-03-14 19:33:02,915] {processor.py:171} INFO - Processing /home/airflow/airflow/dags/subdags/subdags_parallel_dags.py took 0.102 seconds
[2022-03-14 19:33:33,646] {processor.py:163} INFO - Started process (PID=8965) to work on /home/airflow/airflow/dags/subdags/subdags_parallel_dags.py
[2022-03-14 19:33:33,648] {processor.py:642} INFO - Processing file /home/airflow/airflow/dags/subdags/subdags_parallel_dags.py for tasks to queue
[2022-03-14 19:33:33,650] {logging_mixin.py:109} INFO - [2022-03-14 19:33:33,649] {dagbag.py:500} INFO - Filling up the DagBag from /home/airflow/airflow/dags/subdags/subdags_parallel_dags.py
[2022-03-14 19:33:33,745] {processor.py:656} WARNING - No viable dags retrieved from /home/airflow/airflow/dags/subdags/subdags_parallel_dags.py
[2022-03-14 19:33:33,748] {processor.py:171} INFO - Processing /home/airflow/airflow/dags/subdags/subdags_parallel_dags.py took 0.138 seconds
[2022-03-14 19:34:04,761] {processor.py:163} INFO - Started process (PID=8990) to work on /home/airflow/airflow/dags/subdags/subdags_parallel_dags.py
[2022-03-14 19:34:04,762] {processor.py:642} INFO - Processing file /home/airflow/airflow/dags/subdags/subdags_parallel_dags.py for tasks to queue
[2022-03-14 19:34:04,764] {logging_mixin.py:109} INFO - [2022-03-14 19:34:04,764] {dagbag.py:500} INFO - Filling up the DagBag from /home/airflow/airflow/dags/subdags/subdags_parallel_dags.py
[2022-03-14 19:34:04,906] {processor.py:656} WARNING - No viable dags retrieved from /home/airflow/airflow/dags/subdags/subdags_parallel_dags.py
[2022-03-14 19:34:04,912] {processor.py:171} INFO - Processing /home/airflow/airflow/dags/subdags/subdags_parallel_dags.py took 0.156 seconds
[2022-03-14 19:34:36,057] {processor.py:163} INFO - Started process (PID=9027) to work on /home/airflow/airflow/dags/subdags/subdags_parallel_dags.py
[2022-03-14 19:34:36,060] {processor.py:642} INFO - Processing file /home/airflow/airflow/dags/subdags/subdags_parallel_dags.py for tasks to queue
[2022-03-14 19:34:36,060] {logging_mixin.py:109} INFO - [2022-03-14 19:34:36,060] {dagbag.py:500} INFO - Filling up the DagBag from /home/airflow/airflow/dags/subdags/subdags_parallel_dags.py
[2022-03-14 19:34:36,206] {processor.py:656} WARNING - No viable dags retrieved from /home/airflow/airflow/dags/subdags/subdags_parallel_dags.py
[2022-03-14 19:34:36,210] {processor.py:171} INFO - Processing /home/airflow/airflow/dags/subdags/subdags_parallel_dags.py took 0.157 seconds
[2022-03-14 19:35:06,709] {processor.py:163} INFO - Started process (PID=9055) to work on /home/airflow/airflow/dags/subdags/subdags_parallel_dags.py
[2022-03-14 19:35:06,710] {processor.py:642} INFO - Processing file /home/airflow/airflow/dags/subdags/subdags_parallel_dags.py for tasks to queue
[2022-03-14 19:35:06,710] {logging_mixin.py:109} INFO - [2022-03-14 19:35:06,710] {dagbag.py:500} INFO - Filling up the DagBag from /home/airflow/airflow/dags/subdags/subdags_parallel_dags.py
[2022-03-14 19:35:06,951] {processor.py:656} WARNING - No viable dags retrieved from /home/airflow/airflow/dags/subdags/subdags_parallel_dags.py
[2022-03-14 19:35:06,959] {processor.py:171} INFO - Processing /home/airflow/airflow/dags/subdags/subdags_parallel_dags.py took 0.258 seconds
[2022-03-14 19:35:37,355] {processor.py:163} INFO - Started process (PID=9080) to work on /home/airflow/airflow/dags/subdags/subdags_parallel_dags.py
[2022-03-14 19:35:37,358] {processor.py:642} INFO - Processing file /home/airflow/airflow/dags/subdags/subdags_parallel_dags.py for tasks to queue
[2022-03-14 19:35:37,359] {logging_mixin.py:109} INFO - [2022-03-14 19:35:37,358] {dagbag.py:500} INFO - Filling up the DagBag from /home/airflow/airflow/dags/subdags/subdags_parallel_dags.py
[2022-03-14 19:35:37,511] {processor.py:656} WARNING - No viable dags retrieved from /home/airflow/airflow/dags/subdags/subdags_parallel_dags.py
[2022-03-14 19:35:37,551] {processor.py:171} INFO - Processing /home/airflow/airflow/dags/subdags/subdags_parallel_dags.py took 0.202 seconds
[2022-03-14 19:36:07,797] {processor.py:163} INFO - Started process (PID=9105) to work on /home/airflow/airflow/dags/subdags/subdags_parallel_dags.py
[2022-03-14 19:36:07,798] {processor.py:642} INFO - Processing file /home/airflow/airflow/dags/subdags/subdags_parallel_dags.py for tasks to queue
[2022-03-14 19:36:07,799] {logging_mixin.py:109} INFO - [2022-03-14 19:36:07,799] {dagbag.py:500} INFO - Filling up the DagBag from /home/airflow/airflow/dags/subdags/subdags_parallel_dags.py
[2022-03-14 19:36:07,953] {processor.py:656} WARNING - No viable dags retrieved from /home/airflow/airflow/dags/subdags/subdags_parallel_dags.py
[2022-03-14 19:36:07,957] {processor.py:171} INFO - Processing /home/airflow/airflow/dags/subdags/subdags_parallel_dags.py took 0.200 seconds
[2022-03-14 19:36:38,456] {processor.py:163} INFO - Started process (PID=9130) to work on /home/airflow/airflow/dags/subdags/subdags_parallel_dags.py
[2022-03-14 19:36:38,458] {processor.py:642} INFO - Processing file /home/airflow/airflow/dags/subdags/subdags_parallel_dags.py for tasks to queue
[2022-03-14 19:36:38,459] {logging_mixin.py:109} INFO - [2022-03-14 19:36:38,458] {dagbag.py:500} INFO - Filling up the DagBag from /home/airflow/airflow/dags/subdags/subdags_parallel_dags.py
[2022-03-14 19:36:38,610] {processor.py:656} WARNING - No viable dags retrieved from /home/airflow/airflow/dags/subdags/subdags_parallel_dags.py
[2022-03-14 19:36:38,647] {processor.py:171} INFO - Processing /home/airflow/airflow/dags/subdags/subdags_parallel_dags.py took 0.194 seconds
[2022-03-14 19:37:09,347] {processor.py:163} INFO - Started process (PID=9155) to work on /home/airflow/airflow/dags/subdags/subdags_parallel_dags.py
[2022-03-14 19:37:09,351] {processor.py:642} INFO - Processing file /home/airflow/airflow/dags/subdags/subdags_parallel_dags.py for tasks to queue
[2022-03-14 19:37:09,353] {logging_mixin.py:109} INFO - [2022-03-14 19:37:09,353] {dagbag.py:500} INFO - Filling up the DagBag from /home/airflow/airflow/dags/subdags/subdags_parallel_dags.py
[2022-03-14 19:37:09,498] {processor.py:656} WARNING - No viable dags retrieved from /home/airflow/airflow/dags/subdags/subdags_parallel_dags.py
[2022-03-14 19:37:09,506] {processor.py:171} INFO - Processing /home/airflow/airflow/dags/subdags/subdags_parallel_dags.py took 0.198 seconds
[2022-03-14 19:37:40,247] {processor.py:163} INFO - Started process (PID=9180) to work on /home/airflow/airflow/dags/subdags/subdags_parallel_dags.py
[2022-03-14 19:37:40,254] {processor.py:642} INFO - Processing file /home/airflow/airflow/dags/subdags/subdags_parallel_dags.py for tasks to queue
[2022-03-14 19:37:40,264] {logging_mixin.py:109} INFO - [2022-03-14 19:37:40,264] {dagbag.py:500} INFO - Filling up the DagBag from /home/airflow/airflow/dags/subdags/subdags_parallel_dags.py
[2022-03-14 19:37:40,399] {processor.py:656} WARNING - No viable dags retrieved from /home/airflow/airflow/dags/subdags/subdags_parallel_dags.py
[2022-03-14 19:37:40,401] {processor.py:171} INFO - Processing /home/airflow/airflow/dags/subdags/subdags_parallel_dags.py took 0.188 seconds
[2022-03-14 19:38:10,956] {processor.py:163} INFO - Started process (PID=9457) to work on /home/airflow/airflow/dags/subdags/subdags_parallel_dags.py
[2022-03-14 19:38:10,958] {processor.py:642} INFO - Processing file /home/airflow/airflow/dags/subdags/subdags_parallel_dags.py for tasks to queue
[2022-03-14 19:38:10,958] {logging_mixin.py:109} INFO - [2022-03-14 19:38:10,958] {dagbag.py:500} INFO - Filling up the DagBag from /home/airflow/airflow/dags/subdags/subdags_parallel_dags.py
[2022-03-14 19:38:11,043] {processor.py:656} WARNING - No viable dags retrieved from /home/airflow/airflow/dags/subdags/subdags_parallel_dags.py
[2022-03-14 19:38:11,047] {processor.py:171} INFO - Processing /home/airflow/airflow/dags/subdags/subdags_parallel_dags.py took 0.093 seconds
[2022-03-14 19:38:41,395] {processor.py:163} INFO - Started process (PID=9482) to work on /home/airflow/airflow/dags/subdags/subdags_parallel_dags.py
[2022-03-14 19:38:41,398] {processor.py:642} INFO - Processing file /home/airflow/airflow/dags/subdags/subdags_parallel_dags.py for tasks to queue
[2022-03-14 19:38:41,400] {logging_mixin.py:109} INFO - [2022-03-14 19:38:41,400] {dagbag.py:500} INFO - Filling up the DagBag from /home/airflow/airflow/dags/subdags/subdags_parallel_dags.py
[2022-03-14 19:38:41,460] {processor.py:656} WARNING - No viable dags retrieved from /home/airflow/airflow/dags/subdags/subdags_parallel_dags.py
[2022-03-14 19:38:41,464] {processor.py:171} INFO - Processing /home/airflow/airflow/dags/subdags/subdags_parallel_dags.py took 0.078 seconds
[2022-03-14 19:39:11,711] {processor.py:163} INFO - Started process (PID=9507) to work on /home/airflow/airflow/dags/subdags/subdags_parallel_dags.py
[2022-03-14 19:39:11,712] {processor.py:642} INFO - Processing file /home/airflow/airflow/dags/subdags/subdags_parallel_dags.py for tasks to queue
[2022-03-14 19:39:11,712] {logging_mixin.py:109} INFO - [2022-03-14 19:39:11,712] {dagbag.py:500} INFO - Filling up the DagBag from /home/airflow/airflow/dags/subdags/subdags_parallel_dags.py
[2022-03-14 19:39:11,746] {processor.py:656} WARNING - No viable dags retrieved from /home/airflow/airflow/dags/subdags/subdags_parallel_dags.py
[2022-03-14 19:39:11,751] {processor.py:171} INFO - Processing /home/airflow/airflow/dags/subdags/subdags_parallel_dags.py took 0.049 seconds
[2022-03-14 19:39:42,262] {processor.py:163} INFO - Started process (PID=9533) to work on /home/airflow/airflow/dags/subdags/subdags_parallel_dags.py
[2022-03-14 19:39:42,263] {processor.py:642} INFO - Processing file /home/airflow/airflow/dags/subdags/subdags_parallel_dags.py for tasks to queue
[2022-03-14 19:39:42,264] {logging_mixin.py:109} INFO - [2022-03-14 19:39:42,264] {dagbag.py:500} INFO - Filling up the DagBag from /home/airflow/airflow/dags/subdags/subdags_parallel_dags.py
[2022-03-14 19:39:42,308] {processor.py:656} WARNING - No viable dags retrieved from /home/airflow/airflow/dags/subdags/subdags_parallel_dags.py
[2022-03-14 19:39:42,311] {processor.py:171} INFO - Processing /home/airflow/airflow/dags/subdags/subdags_parallel_dags.py took 0.057 seconds
[2022-03-14 19:40:12,604] {processor.py:163} INFO - Started process (PID=9559) to work on /home/airflow/airflow/dags/subdags/subdags_parallel_dags.py
[2022-03-14 19:40:12,605] {processor.py:642} INFO - Processing file /home/airflow/airflow/dags/subdags/subdags_parallel_dags.py for tasks to queue
[2022-03-14 19:40:12,606] {logging_mixin.py:109} INFO - [2022-03-14 19:40:12,606] {dagbag.py:500} INFO - Filling up the DagBag from /home/airflow/airflow/dags/subdags/subdags_parallel_dags.py
[2022-03-14 19:40:12,658] {processor.py:656} WARNING - No viable dags retrieved from /home/airflow/airflow/dags/subdags/subdags_parallel_dags.py
[2022-03-14 19:40:12,672] {processor.py:171} INFO - Processing /home/airflow/airflow/dags/subdags/subdags_parallel_dags.py took 0.070 seconds
[2022-03-14 19:40:42,972] {processor.py:163} INFO - Started process (PID=9584) to work on /home/airflow/airflow/dags/subdags/subdags_parallel_dags.py
[2022-03-14 19:40:42,973] {processor.py:642} INFO - Processing file /home/airflow/airflow/dags/subdags/subdags_parallel_dags.py for tasks to queue
[2022-03-14 19:40:42,974] {logging_mixin.py:109} INFO - [2022-03-14 19:40:42,974] {dagbag.py:500} INFO - Filling up the DagBag from /home/airflow/airflow/dags/subdags/subdags_parallel_dags.py
[2022-03-14 19:40:43,004] {processor.py:656} WARNING - No viable dags retrieved from /home/airflow/airflow/dags/subdags/subdags_parallel_dags.py
[2022-03-14 19:40:43,012] {processor.py:171} INFO - Processing /home/airflow/airflow/dags/subdags/subdags_parallel_dags.py took 0.046 seconds
[2022-03-14 19:41:13,270] {processor.py:163} INFO - Started process (PID=9609) to work on /home/airflow/airflow/dags/subdags/subdags_parallel_dags.py
[2022-03-14 19:41:13,271] {processor.py:642} INFO - Processing file /home/airflow/airflow/dags/subdags/subdags_parallel_dags.py for tasks to queue
[2022-03-14 19:41:13,272] {logging_mixin.py:109} INFO - [2022-03-14 19:41:13,272] {dagbag.py:500} INFO - Filling up the DagBag from /home/airflow/airflow/dags/subdags/subdags_parallel_dags.py
[2022-03-14 19:41:13,306] {processor.py:656} WARNING - No viable dags retrieved from /home/airflow/airflow/dags/subdags/subdags_parallel_dags.py
[2022-03-14 19:41:13,309] {processor.py:171} INFO - Processing /home/airflow/airflow/dags/subdags/subdags_parallel_dags.py took 0.047 seconds
[2022-03-14 19:41:43,575] {processor.py:163} INFO - Started process (PID=9636) to work on /home/airflow/airflow/dags/subdags/subdags_parallel_dags.py
[2022-03-14 19:41:43,579] {processor.py:642} INFO - Processing file /home/airflow/airflow/dags/subdags/subdags_parallel_dags.py for tasks to queue
[2022-03-14 19:41:43,581] {logging_mixin.py:109} INFO - [2022-03-14 19:41:43,580] {dagbag.py:500} INFO - Filling up the DagBag from /home/airflow/airflow/dags/subdags/subdags_parallel_dags.py
[2022-03-14 19:41:43,619] {processor.py:656} WARNING - No viable dags retrieved from /home/airflow/airflow/dags/subdags/subdags_parallel_dags.py
[2022-03-14 19:41:43,627] {processor.py:171} INFO - Processing /home/airflow/airflow/dags/subdags/subdags_parallel_dags.py took 0.055 seconds
[2022-03-14 19:42:13,858] {processor.py:163} INFO - Started process (PID=9657) to work on /home/airflow/airflow/dags/subdags/subdags_parallel_dags.py
[2022-03-14 19:42:13,865] {processor.py:642} INFO - Processing file /home/airflow/airflow/dags/subdags/subdags_parallel_dags.py for tasks to queue
[2022-03-14 19:42:13,869] {logging_mixin.py:109} INFO - [2022-03-14 19:42:13,869] {dagbag.py:500} INFO - Filling up the DagBag from /home/airflow/airflow/dags/subdags/subdags_parallel_dags.py
[2022-03-14 19:42:13,924] {processor.py:656} WARNING - No viable dags retrieved from /home/airflow/airflow/dags/subdags/subdags_parallel_dags.py
[2022-03-14 19:42:13,940] {processor.py:171} INFO - Processing /home/airflow/airflow/dags/subdags/subdags_parallel_dags.py took 0.093 seconds
[2022-03-14 19:42:44,270] {processor.py:163} INFO - Started process (PID=9808) to work on /home/airflow/airflow/dags/subdags/subdags_parallel_dags.py
[2022-03-14 19:42:44,272] {processor.py:642} INFO - Processing file /home/airflow/airflow/dags/subdags/subdags_parallel_dags.py for tasks to queue
[2022-03-14 19:42:44,274] {logging_mixin.py:109} INFO - [2022-03-14 19:42:44,274] {dagbag.py:500} INFO - Filling up the DagBag from /home/airflow/airflow/dags/subdags/subdags_parallel_dags.py
[2022-03-14 19:42:44,314] {processor.py:656} WARNING - No viable dags retrieved from /home/airflow/airflow/dags/subdags/subdags_parallel_dags.py
[2022-03-14 19:42:44,320] {processor.py:171} INFO - Processing /home/airflow/airflow/dags/subdags/subdags_parallel_dags.py took 0.058 seconds
[2022-03-14 19:43:14,616] {processor.py:163} INFO - Started process (PID=9959) to work on /home/airflow/airflow/dags/subdags/subdags_parallel_dags.py
[2022-03-14 19:43:14,617] {processor.py:642} INFO - Processing file /home/airflow/airflow/dags/subdags/subdags_parallel_dags.py for tasks to queue
[2022-03-14 19:43:14,617] {logging_mixin.py:109} INFO - [2022-03-14 19:43:14,617] {dagbag.py:500} INFO - Filling up the DagBag from /home/airflow/airflow/dags/subdags/subdags_parallel_dags.py
[2022-03-14 19:43:14,645] {processor.py:656} WARNING - No viable dags retrieved from /home/airflow/airflow/dags/subdags/subdags_parallel_dags.py
[2022-03-14 19:43:14,649] {processor.py:171} INFO - Processing /home/airflow/airflow/dags/subdags/subdags_parallel_dags.py took 0.036 seconds
[2022-03-14 19:43:44,807] {processor.py:163} INFO - Started process (PID=9984) to work on /home/airflow/airflow/dags/subdags/subdags_parallel_dags.py
[2022-03-14 19:43:44,808] {processor.py:642} INFO - Processing file /home/airflow/airflow/dags/subdags/subdags_parallel_dags.py for tasks to queue
[2022-03-14 19:43:44,808] {logging_mixin.py:109} INFO - [2022-03-14 19:43:44,808] {dagbag.py:500} INFO - Filling up the DagBag from /home/airflow/airflow/dags/subdags/subdags_parallel_dags.py
[2022-03-14 19:43:44,840] {processor.py:656} WARNING - No viable dags retrieved from /home/airflow/airflow/dags/subdags/subdags_parallel_dags.py
[2022-03-14 19:43:44,842] {processor.py:171} INFO - Processing /home/airflow/airflow/dags/subdags/subdags_parallel_dags.py took 0.044 seconds
[2022-03-14 19:44:14,984] {processor.py:163} INFO - Started process (PID=10009) to work on /home/airflow/airflow/dags/subdags/subdags_parallel_dags.py
[2022-03-14 19:44:14,985] {processor.py:642} INFO - Processing file /home/airflow/airflow/dags/subdags/subdags_parallel_dags.py for tasks to queue
[2022-03-14 19:44:14,985] {logging_mixin.py:109} INFO - [2022-03-14 19:44:14,985] {dagbag.py:500} INFO - Filling up the DagBag from /home/airflow/airflow/dags/subdags/subdags_parallel_dags.py
[2022-03-14 19:44:15,025] {processor.py:656} WARNING - No viable dags retrieved from /home/airflow/airflow/dags/subdags/subdags_parallel_dags.py
[2022-03-14 19:44:15,030] {processor.py:171} INFO - Processing /home/airflow/airflow/dags/subdags/subdags_parallel_dags.py took 0.050 seconds
[2022-03-14 19:44:45,401] {processor.py:163} INFO - Started process (PID=10034) to work on /home/airflow/airflow/dags/subdags/subdags_parallel_dags.py
[2022-03-14 19:44:45,404] {processor.py:642} INFO - Processing file /home/airflow/airflow/dags/subdags/subdags_parallel_dags.py for tasks to queue
[2022-03-14 19:44:45,404] {logging_mixin.py:109} INFO - [2022-03-14 19:44:45,404] {dagbag.py:500} INFO - Filling up the DagBag from /home/airflow/airflow/dags/subdags/subdags_parallel_dags.py
[2022-03-14 19:44:45,431] {processor.py:656} WARNING - No viable dags retrieved from /home/airflow/airflow/dags/subdags/subdags_parallel_dags.py
[2022-03-14 19:44:45,435] {processor.py:171} INFO - Processing /home/airflow/airflow/dags/subdags/subdags_parallel_dags.py took 0.040 seconds
[2022-03-14 19:45:15,783] {processor.py:163} INFO - Started process (PID=10062) to work on /home/airflow/airflow/dags/subdags/subdags_parallel_dags.py
[2022-03-14 19:45:15,784] {processor.py:642} INFO - Processing file /home/airflow/airflow/dags/subdags/subdags_parallel_dags.py for tasks to queue
[2022-03-14 19:45:15,787] {logging_mixin.py:109} INFO - [2022-03-14 19:45:15,787] {dagbag.py:500} INFO - Filling up the DagBag from /home/airflow/airflow/dags/subdags/subdags_parallel_dags.py
[2022-03-14 19:45:15,831] {processor.py:656} WARNING - No viable dags retrieved from /home/airflow/airflow/dags/subdags/subdags_parallel_dags.py
[2022-03-14 19:45:15,834] {processor.py:171} INFO - Processing /home/airflow/airflow/dags/subdags/subdags_parallel_dags.py took 0.060 seconds
[2022-03-14 19:45:46,215] {processor.py:163} INFO - Started process (PID=10087) to work on /home/airflow/airflow/dags/subdags/subdags_parallel_dags.py
[2022-03-14 19:45:46,216] {processor.py:642} INFO - Processing file /home/airflow/airflow/dags/subdags/subdags_parallel_dags.py for tasks to queue
[2022-03-14 19:45:46,218] {logging_mixin.py:109} INFO - [2022-03-14 19:45:46,218] {dagbag.py:500} INFO - Filling up the DagBag from /home/airflow/airflow/dags/subdags/subdags_parallel_dags.py
[2022-03-14 19:45:46,246] {processor.py:656} WARNING - No viable dags retrieved from /home/airflow/airflow/dags/subdags/subdags_parallel_dags.py
[2022-03-14 19:45:46,252] {processor.py:171} INFO - Processing /home/airflow/airflow/dags/subdags/subdags_parallel_dags.py took 0.041 seconds
[2022-03-14 19:46:16,412] {processor.py:163} INFO - Started process (PID=10112) to work on /home/airflow/airflow/dags/subdags/subdags_parallel_dags.py
[2022-03-14 19:46:16,416] {processor.py:642} INFO - Processing file /home/airflow/airflow/dags/subdags/subdags_parallel_dags.py for tasks to queue
[2022-03-14 19:46:16,417] {logging_mixin.py:109} INFO - [2022-03-14 19:46:16,417] {dagbag.py:500} INFO - Filling up the DagBag from /home/airflow/airflow/dags/subdags/subdags_parallel_dags.py
[2022-03-14 19:46:16,447] {processor.py:656} WARNING - No viable dags retrieved from /home/airflow/airflow/dags/subdags/subdags_parallel_dags.py
[2022-03-14 19:46:16,449] {processor.py:171} INFO - Processing /home/airflow/airflow/dags/subdags/subdags_parallel_dags.py took 0.043 seconds
[2022-03-14 19:46:47,333] {processor.py:163} INFO - Started process (PID=10138) to work on /home/airflow/airflow/dags/subdags/subdags_parallel_dags.py
[2022-03-14 19:46:47,336] {processor.py:642} INFO - Processing file /home/airflow/airflow/dags/subdags/subdags_parallel_dags.py for tasks to queue
[2022-03-14 19:46:47,337] {logging_mixin.py:109} INFO - [2022-03-14 19:46:47,337] {dagbag.py:500} INFO - Filling up the DagBag from /home/airflow/airflow/dags/subdags/subdags_parallel_dags.py
[2022-03-14 19:46:47,386] {processor.py:656} WARNING - No viable dags retrieved from /home/airflow/airflow/dags/subdags/subdags_parallel_dags.py
[2022-03-14 19:46:47,391] {processor.py:171} INFO - Processing /home/airflow/airflow/dags/subdags/subdags_parallel_dags.py took 0.062 seconds
[2022-03-14 19:47:17,588] {processor.py:163} INFO - Started process (PID=10163) to work on /home/airflow/airflow/dags/subdags/subdags_parallel_dags.py
[2022-03-14 19:47:17,590] {processor.py:642} INFO - Processing file /home/airflow/airflow/dags/subdags/subdags_parallel_dags.py for tasks to queue
[2022-03-14 19:47:17,592] {logging_mixin.py:109} INFO - [2022-03-14 19:47:17,591] {dagbag.py:500} INFO - Filling up the DagBag from /home/airflow/airflow/dags/subdags/subdags_parallel_dags.py
[2022-03-14 19:47:17,646] {processor.py:656} WARNING - No viable dags retrieved from /home/airflow/airflow/dags/subdags/subdags_parallel_dags.py
[2022-03-14 19:47:17,663] {processor.py:171} INFO - Processing /home/airflow/airflow/dags/subdags/subdags_parallel_dags.py took 0.095 seconds
[2022-03-14 19:47:47,881] {processor.py:163} INFO - Started process (PID=10361) to work on /home/airflow/airflow/dags/subdags/subdags_parallel_dags.py
[2022-03-14 19:47:47,884] {processor.py:642} INFO - Processing file /home/airflow/airflow/dags/subdags/subdags_parallel_dags.py for tasks to queue
[2022-03-14 19:47:47,885] {logging_mixin.py:109} INFO - [2022-03-14 19:47:47,885] {dagbag.py:500} INFO - Filling up the DagBag from /home/airflow/airflow/dags/subdags/subdags_parallel_dags.py
[2022-03-14 19:47:47,935] {processor.py:656} WARNING - No viable dags retrieved from /home/airflow/airflow/dags/subdags/subdags_parallel_dags.py
[2022-03-14 19:47:47,952] {processor.py:171} INFO - Processing /home/airflow/airflow/dags/subdags/subdags_parallel_dags.py took 0.075 seconds
[2022-03-14 19:48:18,156] {processor.py:163} INFO - Started process (PID=10465) to work on /home/airflow/airflow/dags/subdags/subdags_parallel_dags.py
[2022-03-14 19:48:18,157] {processor.py:642} INFO - Processing file /home/airflow/airflow/dags/subdags/subdags_parallel_dags.py for tasks to queue
[2022-03-14 19:48:18,158] {logging_mixin.py:109} INFO - [2022-03-14 19:48:18,157] {dagbag.py:500} INFO - Filling up the DagBag from /home/airflow/airflow/dags/subdags/subdags_parallel_dags.py
[2022-03-14 19:48:18,196] {processor.py:656} WARNING - No viable dags retrieved from /home/airflow/airflow/dags/subdags/subdags_parallel_dags.py
[2022-03-14 19:48:18,199] {processor.py:171} INFO - Processing /home/airflow/airflow/dags/subdags/subdags_parallel_dags.py took 0.047 seconds
[2022-03-14 19:48:49,053] {processor.py:163} INFO - Started process (PID=10490) to work on /home/airflow/airflow/dags/subdags/subdags_parallel_dags.py
[2022-03-14 19:48:49,055] {processor.py:642} INFO - Processing file /home/airflow/airflow/dags/subdags/subdags_parallel_dags.py for tasks to queue
[2022-03-14 19:48:49,055] {logging_mixin.py:109} INFO - [2022-03-14 19:48:49,055] {dagbag.py:500} INFO - Filling up the DagBag from /home/airflow/airflow/dags/subdags/subdags_parallel_dags.py
[2022-03-14 19:48:49,089] {processor.py:656} WARNING - No viable dags retrieved from /home/airflow/airflow/dags/subdags/subdags_parallel_dags.py
[2022-03-14 19:48:49,096] {processor.py:171} INFO - Processing /home/airflow/airflow/dags/subdags/subdags_parallel_dags.py took 0.047 seconds
[2022-03-14 19:49:19,285] {processor.py:163} INFO - Started process (PID=10515) to work on /home/airflow/airflow/dags/subdags/subdags_parallel_dags.py
[2022-03-14 19:49:19,289] {processor.py:642} INFO - Processing file /home/airflow/airflow/dags/subdags/subdags_parallel_dags.py for tasks to queue
[2022-03-14 19:49:19,296] {logging_mixin.py:109} INFO - [2022-03-14 19:49:19,295] {dagbag.py:500} INFO - Filling up the DagBag from /home/airflow/airflow/dags/subdags/subdags_parallel_dags.py
[2022-03-14 19:49:19,372] {processor.py:656} WARNING - No viable dags retrieved from /home/airflow/airflow/dags/subdags/subdags_parallel_dags.py
[2022-03-14 19:49:19,378] {processor.py:171} INFO - Processing /home/airflow/airflow/dags/subdags/subdags_parallel_dags.py took 0.121 seconds
[2022-03-14 19:49:49,529] {processor.py:163} INFO - Started process (PID=10540) to work on /home/airflow/airflow/dags/subdags/subdags_parallel_dags.py
[2022-03-14 19:49:49,530] {processor.py:642} INFO - Processing file /home/airflow/airflow/dags/subdags/subdags_parallel_dags.py for tasks to queue
[2022-03-14 19:49:49,531] {logging_mixin.py:109} INFO - [2022-03-14 19:49:49,531] {dagbag.py:500} INFO - Filling up the DagBag from /home/airflow/airflow/dags/subdags/subdags_parallel_dags.py
[2022-03-14 19:49:49,575] {processor.py:656} WARNING - No viable dags retrieved from /home/airflow/airflow/dags/subdags/subdags_parallel_dags.py
[2022-03-14 19:49:49,578] {processor.py:171} INFO - Processing /home/airflow/airflow/dags/subdags/subdags_parallel_dags.py took 0.053 seconds
[2022-03-14 19:50:20,481] {processor.py:163} INFO - Started process (PID=10565) to work on /home/airflow/airflow/dags/subdags/subdags_parallel_dags.py
[2022-03-14 19:50:20,481] {processor.py:642} INFO - Processing file /home/airflow/airflow/dags/subdags/subdags_parallel_dags.py for tasks to queue
[2022-03-14 19:50:20,482] {logging_mixin.py:109} INFO - [2022-03-14 19:50:20,482] {dagbag.py:500} INFO - Filling up the DagBag from /home/airflow/airflow/dags/subdags/subdags_parallel_dags.py
[2022-03-14 19:50:20,504] {processor.py:656} WARNING - No viable dags retrieved from /home/airflow/airflow/dags/subdags/subdags_parallel_dags.py
[2022-03-14 19:50:20,508] {processor.py:171} INFO - Processing /home/airflow/airflow/dags/subdags/subdags_parallel_dags.py took 0.030 seconds
[2022-03-14 19:50:50,794] {processor.py:163} INFO - Started process (PID=10590) to work on /home/airflow/airflow/dags/subdags/subdags_parallel_dags.py
[2022-03-14 19:50:50,795] {processor.py:642} INFO - Processing file /home/airflow/airflow/dags/subdags/subdags_parallel_dags.py for tasks to queue
[2022-03-14 19:50:50,796] {logging_mixin.py:109} INFO - [2022-03-14 19:50:50,796] {dagbag.py:500} INFO - Filling up the DagBag from /home/airflow/airflow/dags/subdags/subdags_parallel_dags.py
[2022-03-14 19:50:50,841] {processor.py:656} WARNING - No viable dags retrieved from /home/airflow/airflow/dags/subdags/subdags_parallel_dags.py
[2022-03-14 19:50:50,844] {processor.py:171} INFO - Processing /home/airflow/airflow/dags/subdags/subdags_parallel_dags.py took 0.055 seconds
[2022-03-14 19:51:21,042] {processor.py:163} INFO - Started process (PID=10636) to work on /home/airflow/airflow/dags/subdags/subdags_parallel_dags.py
[2022-03-14 19:51:21,051] {processor.py:642} INFO - Processing file /home/airflow/airflow/dags/subdags/subdags_parallel_dags.py for tasks to queue
[2022-03-14 19:51:21,052] {logging_mixin.py:109} INFO - [2022-03-14 19:51:21,052] {dagbag.py:500} INFO - Filling up the DagBag from /home/airflow/airflow/dags/subdags/subdags_parallel_dags.py
[2022-03-14 19:51:21,082] {processor.py:656} WARNING - No viable dags retrieved from /home/airflow/airflow/dags/subdags/subdags_parallel_dags.py
[2022-03-14 19:51:21,085] {processor.py:171} INFO - Processing /home/airflow/airflow/dags/subdags/subdags_parallel_dags.py took 0.057 seconds
[2022-03-14 19:51:51,399] {processor.py:163} INFO - Started process (PID=10661) to work on /home/airflow/airflow/dags/subdags/subdags_parallel_dags.py
[2022-03-14 19:51:51,408] {processor.py:642} INFO - Processing file /home/airflow/airflow/dags/subdags/subdags_parallel_dags.py for tasks to queue
[2022-03-14 19:51:51,408] {logging_mixin.py:109} INFO - [2022-03-14 19:51:51,408] {dagbag.py:500} INFO - Filling up the DagBag from /home/airflow/airflow/dags/subdags/subdags_parallel_dags.py
[2022-03-14 19:51:51,461] {processor.py:656} WARNING - No viable dags retrieved from /home/airflow/airflow/dags/subdags/subdags_parallel_dags.py
[2022-03-14 19:51:51,466] {processor.py:171} INFO - Processing /home/airflow/airflow/dags/subdags/subdags_parallel_dags.py took 0.132 seconds
[2022-03-14 19:52:21,808] {processor.py:163} INFO - Started process (PID=10686) to work on /home/airflow/airflow/dags/subdags/subdags_parallel_dags.py
[2022-03-14 19:52:21,824] {processor.py:642} INFO - Processing file /home/airflow/airflow/dags/subdags/subdags_parallel_dags.py for tasks to queue
[2022-03-14 19:52:21,825] {logging_mixin.py:109} INFO - [2022-03-14 19:52:21,825] {dagbag.py:500} INFO - Filling up the DagBag from /home/airflow/airflow/dags/subdags/subdags_parallel_dags.py
[2022-03-14 19:52:21,862] {processor.py:656} WARNING - No viable dags retrieved from /home/airflow/airflow/dags/subdags/subdags_parallel_dags.py
[2022-03-14 19:52:21,867] {processor.py:171} INFO - Processing /home/airflow/airflow/dags/subdags/subdags_parallel_dags.py took 0.066 seconds
[2022-03-14 19:52:51,907] {processor.py:163} INFO - Started process (PID=10965) to work on /home/airflow/airflow/dags/subdags/subdags_parallel_dags.py
[2022-03-14 19:52:51,910] {processor.py:642} INFO - Processing file /home/airflow/airflow/dags/subdags/subdags_parallel_dags.py for tasks to queue
[2022-03-14 19:52:51,911] {logging_mixin.py:109} INFO - [2022-03-14 19:52:51,911] {dagbag.py:500} INFO - Filling up the DagBag from /home/airflow/airflow/dags/subdags/subdags_parallel_dags.py
[2022-03-14 19:52:51,952] {processor.py:656} WARNING - No viable dags retrieved from /home/airflow/airflow/dags/subdags/subdags_parallel_dags.py
[2022-03-14 19:52:51,956] {processor.py:171} INFO - Processing /home/airflow/airflow/dags/subdags/subdags_parallel_dags.py took 0.054 seconds
[2022-03-14 19:53:22,056] {processor.py:163} INFO - Started process (PID=10990) to work on /home/airflow/airflow/dags/subdags/subdags_parallel_dags.py
[2022-03-14 19:53:22,057] {processor.py:642} INFO - Processing file /home/airflow/airflow/dags/subdags/subdags_parallel_dags.py for tasks to queue
[2022-03-14 19:53:22,058] {logging_mixin.py:109} INFO - [2022-03-14 19:53:22,058] {dagbag.py:500} INFO - Filling up the DagBag from /home/airflow/airflow/dags/subdags/subdags_parallel_dags.py
[2022-03-14 19:53:22,097] {processor.py:656} WARNING - No viable dags retrieved from /home/airflow/airflow/dags/subdags/subdags_parallel_dags.py
[2022-03-14 19:53:22,105] {processor.py:171} INFO - Processing /home/airflow/airflow/dags/subdags/subdags_parallel_dags.py took 0.055 seconds
[2022-03-14 19:53:52,544] {processor.py:163} INFO - Started process (PID=11015) to work on /home/airflow/airflow/dags/subdags/subdags_parallel_dags.py
[2022-03-14 19:53:52,546] {processor.py:642} INFO - Processing file /home/airflow/airflow/dags/subdags/subdags_parallel_dags.py for tasks to queue
[2022-03-14 19:53:52,547] {logging_mixin.py:109} INFO - [2022-03-14 19:53:52,547] {dagbag.py:500} INFO - Filling up the DagBag from /home/airflow/airflow/dags/subdags/subdags_parallel_dags.py
[2022-03-14 19:53:52,588] {processor.py:656} WARNING - No viable dags retrieved from /home/airflow/airflow/dags/subdags/subdags_parallel_dags.py
[2022-03-14 19:53:52,592] {processor.py:171} INFO - Processing /home/airflow/airflow/dags/subdags/subdags_parallel_dags.py took 0.052 seconds
[2022-03-14 19:54:22,897] {processor.py:163} INFO - Started process (PID=11040) to work on /home/airflow/airflow/dags/subdags/subdags_parallel_dags.py
[2022-03-14 19:54:22,899] {processor.py:642} INFO - Processing file /home/airflow/airflow/dags/subdags/subdags_parallel_dags.py for tasks to queue
[2022-03-14 19:54:22,901] {logging_mixin.py:109} INFO - [2022-03-14 19:54:22,900] {dagbag.py:500} INFO - Filling up the DagBag from /home/airflow/airflow/dags/subdags/subdags_parallel_dags.py
[2022-03-14 19:54:22,945] {processor.py:656} WARNING - No viable dags retrieved from /home/airflow/airflow/dags/subdags/subdags_parallel_dags.py
[2022-03-14 19:54:22,953] {processor.py:171} INFO - Processing /home/airflow/airflow/dags/subdags/subdags_parallel_dags.py took 0.060 seconds
[2022-03-14 19:54:53,285] {processor.py:163} INFO - Started process (PID=11065) to work on /home/airflow/airflow/dags/subdags/subdags_parallel_dags.py
[2022-03-14 19:54:53,286] {processor.py:642} INFO - Processing file /home/airflow/airflow/dags/subdags/subdags_parallel_dags.py for tasks to queue
[2022-03-14 19:54:53,288] {logging_mixin.py:109} INFO - [2022-03-14 19:54:53,288] {dagbag.py:500} INFO - Filling up the DagBag from /home/airflow/airflow/dags/subdags/subdags_parallel_dags.py
[2022-03-14 19:54:53,343] {processor.py:656} WARNING - No viable dags retrieved from /home/airflow/airflow/dags/subdags/subdags_parallel_dags.py
[2022-03-14 19:54:53,348] {processor.py:171} INFO - Processing /home/airflow/airflow/dags/subdags/subdags_parallel_dags.py took 0.145 seconds
[2022-03-14 19:55:23,633] {processor.py:163} INFO - Started process (PID=11093) to work on /home/airflow/airflow/dags/subdags/subdags_parallel_dags.py
[2022-03-14 19:55:23,635] {processor.py:642} INFO - Processing file /home/airflow/airflow/dags/subdags/subdags_parallel_dags.py for tasks to queue
[2022-03-14 19:55:23,636] {logging_mixin.py:109} INFO - [2022-03-14 19:55:23,636] {dagbag.py:500} INFO - Filling up the DagBag from /home/airflow/airflow/dags/subdags/subdags_parallel_dags.py
[2022-03-14 19:55:23,685] {processor.py:656} WARNING - No viable dags retrieved from /home/airflow/airflow/dags/subdags/subdags_parallel_dags.py
[2022-03-14 19:55:23,697] {processor.py:171} INFO - Processing /home/airflow/airflow/dags/subdags/subdags_parallel_dags.py took 0.073 seconds
[2022-03-14 19:55:53,906] {processor.py:163} INFO - Started process (PID=11118) to work on /home/airflow/airflow/dags/subdags/subdags_parallel_dags.py
[2022-03-14 19:55:53,908] {processor.py:642} INFO - Processing file /home/airflow/airflow/dags/subdags/subdags_parallel_dags.py for tasks to queue
[2022-03-14 19:55:53,910] {logging_mixin.py:109} INFO - [2022-03-14 19:55:53,910] {dagbag.py:500} INFO - Filling up the DagBag from /home/airflow/airflow/dags/subdags/subdags_parallel_dags.py
[2022-03-14 19:55:53,962] {processor.py:656} WARNING - No viable dags retrieved from /home/airflow/airflow/dags/subdags/subdags_parallel_dags.py
[2022-03-14 19:55:53,966] {processor.py:171} INFO - Processing /home/airflow/airflow/dags/subdags/subdags_parallel_dags.py took 0.064 seconds
[2022-03-14 19:56:24,369] {processor.py:163} INFO - Started process (PID=11145) to work on /home/airflow/airflow/dags/subdags/subdags_parallel_dags.py
[2022-03-14 19:56:24,375] {processor.py:642} INFO - Processing file /home/airflow/airflow/dags/subdags/subdags_parallel_dags.py for tasks to queue
[2022-03-14 19:56:24,376] {logging_mixin.py:109} INFO - [2022-03-14 19:56:24,375] {dagbag.py:500} INFO - Filling up the DagBag from /home/airflow/airflow/dags/subdags/subdags_parallel_dags.py
[2022-03-14 19:56:24,481] {processor.py:656} WARNING - No viable dags retrieved from /home/airflow/airflow/dags/subdags/subdags_parallel_dags.py
[2022-03-14 19:56:24,513] {processor.py:171} INFO - Processing /home/airflow/airflow/dags/subdags/subdags_parallel_dags.py took 0.149 seconds
[2022-03-14 19:56:55,174] {processor.py:163} INFO - Started process (PID=11170) to work on /home/airflow/airflow/dags/subdags/subdags_parallel_dags.py
[2022-03-14 19:56:55,175] {processor.py:642} INFO - Processing file /home/airflow/airflow/dags/subdags/subdags_parallel_dags.py for tasks to queue
[2022-03-14 19:56:55,176] {logging_mixin.py:109} INFO - [2022-03-14 19:56:55,176] {dagbag.py:500} INFO - Filling up the DagBag from /home/airflow/airflow/dags/subdags/subdags_parallel_dags.py
[2022-03-14 19:56:55,257] {processor.py:656} WARNING - No viable dags retrieved from /home/airflow/airflow/dags/subdags/subdags_parallel_dags.py
[2022-03-14 19:56:55,262] {processor.py:171} INFO - Processing /home/airflow/airflow/dags/subdags/subdags_parallel_dags.py took 0.094 seconds
[2022-03-14 19:57:25,864] {processor.py:163} INFO - Started process (PID=11197) to work on /home/airflow/airflow/dags/subdags/subdags_parallel_dags.py
[2022-03-14 19:57:25,867] {processor.py:642} INFO - Processing file /home/airflow/airflow/dags/subdags/subdags_parallel_dags.py for tasks to queue
[2022-03-14 19:57:25,869] {logging_mixin.py:109} INFO - [2022-03-14 19:57:25,868] {dagbag.py:500} INFO - Filling up the DagBag from /home/airflow/airflow/dags/subdags/subdags_parallel_dags.py
[2022-03-14 19:57:25,933] {processor.py:656} WARNING - No viable dags retrieved from /home/airflow/airflow/dags/subdags/subdags_parallel_dags.py
[2022-03-14 19:57:25,964] {processor.py:171} INFO - Processing /home/airflow/airflow/dags/subdags/subdags_parallel_dags.py took 0.131 seconds
[2022-03-14 19:57:56,270] {processor.py:163} INFO - Started process (PID=11474) to work on /home/airflow/airflow/dags/subdags/subdags_parallel_dags.py
[2022-03-14 19:57:56,272] {processor.py:642} INFO - Processing file /home/airflow/airflow/dags/subdags/subdags_parallel_dags.py for tasks to queue
[2022-03-14 19:57:56,273] {logging_mixin.py:109} INFO - [2022-03-14 19:57:56,273] {dagbag.py:500} INFO - Filling up the DagBag from /home/airflow/airflow/dags/subdags/subdags_parallel_dags.py
[2022-03-14 19:57:56,421] {processor.py:656} WARNING - No viable dags retrieved from /home/airflow/airflow/dags/subdags/subdags_parallel_dags.py
[2022-03-14 19:57:56,429] {processor.py:171} INFO - Processing /home/airflow/airflow/dags/subdags/subdags_parallel_dags.py took 0.164 seconds
[2022-03-14 19:58:26,923] {processor.py:163} INFO - Started process (PID=11499) to work on /home/airflow/airflow/dags/subdags/subdags_parallel_dags.py
[2022-03-14 19:58:26,924] {processor.py:642} INFO - Processing file /home/airflow/airflow/dags/subdags/subdags_parallel_dags.py for tasks to queue
[2022-03-14 19:58:26,925] {logging_mixin.py:109} INFO - [2022-03-14 19:58:26,925] {dagbag.py:500} INFO - Filling up the DagBag from /home/airflow/airflow/dags/subdags/subdags_parallel_dags.py
[2022-03-14 19:58:27,033] {processor.py:656} WARNING - No viable dags retrieved from /home/airflow/airflow/dags/subdags/subdags_parallel_dags.py
[2022-03-14 19:58:27,070] {processor.py:171} INFO - Processing /home/airflow/airflow/dags/subdags/subdags_parallel_dags.py took 0.153 seconds
[2022-03-14 19:58:57,479] {processor.py:163} INFO - Started process (PID=11521) to work on /home/airflow/airflow/dags/subdags/subdags_parallel_dags.py
[2022-03-14 19:58:57,481] {processor.py:642} INFO - Processing file /home/airflow/airflow/dags/subdags/subdags_parallel_dags.py for tasks to queue
[2022-03-14 19:58:57,481] {logging_mixin.py:109} INFO - [2022-03-14 19:58:57,481] {dagbag.py:500} INFO - Filling up the DagBag from /home/airflow/airflow/dags/subdags/subdags_parallel_dags.py
[2022-03-14 19:58:57,822] {processor.py:656} WARNING - No viable dags retrieved from /home/airflow/airflow/dags/subdags/subdags_parallel_dags.py
[2022-03-14 19:58:57,830] {processor.py:171} INFO - Processing /home/airflow/airflow/dags/subdags/subdags_parallel_dags.py took 0.355 seconds
[2022-03-14 19:59:28,167] {processor.py:163} INFO - Started process (PID=11543) to work on /home/airflow/airflow/dags/subdags/subdags_parallel_dags.py
[2022-03-14 19:59:28,168] {processor.py:642} INFO - Processing file /home/airflow/airflow/dags/subdags/subdags_parallel_dags.py for tasks to queue
[2022-03-14 19:59:28,169] {logging_mixin.py:109} INFO - [2022-03-14 19:59:28,169] {dagbag.py:500} INFO - Filling up the DagBag from /home/airflow/airflow/dags/subdags/subdags_parallel_dags.py
[2022-03-14 19:59:28,281] {processor.py:656} WARNING - No viable dags retrieved from /home/airflow/airflow/dags/subdags/subdags_parallel_dags.py
[2022-03-14 19:59:28,320] {processor.py:171} INFO - Processing /home/airflow/airflow/dags/subdags/subdags_parallel_dags.py took 0.193 seconds
[2022-03-14 19:59:58,625] {processor.py:163} INFO - Started process (PID=11568) to work on /home/airflow/airflow/dags/subdags/subdags_parallel_dags.py
[2022-03-14 19:59:58,627] {processor.py:642} INFO - Processing file /home/airflow/airflow/dags/subdags/subdags_parallel_dags.py for tasks to queue
[2022-03-14 19:59:58,628] {logging_mixin.py:109} INFO - [2022-03-14 19:59:58,628] {dagbag.py:500} INFO - Filling up the DagBag from /home/airflow/airflow/dags/subdags/subdags_parallel_dags.py
[2022-03-14 19:59:58,768] {processor.py:656} WARNING - No viable dags retrieved from /home/airflow/airflow/dags/subdags/subdags_parallel_dags.py
[2022-03-14 19:59:58,775] {processor.py:171} INFO - Processing /home/airflow/airflow/dags/subdags/subdags_parallel_dags.py took 0.159 seconds
[2022-03-14 20:00:28,967] {processor.py:163} INFO - Started process (PID=11593) to work on /home/airflow/airflow/dags/subdags/subdags_parallel_dags.py
[2022-03-14 20:00:28,968] {processor.py:642} INFO - Processing file /home/airflow/airflow/dags/subdags/subdags_parallel_dags.py for tasks to queue
[2022-03-14 20:00:28,970] {logging_mixin.py:109} INFO - [2022-03-14 20:00:28,969] {dagbag.py:500} INFO - Filling up the DagBag from /home/airflow/airflow/dags/subdags/subdags_parallel_dags.py
[2022-03-14 20:00:29,165] {processor.py:656} WARNING - No viable dags retrieved from /home/airflow/airflow/dags/subdags/subdags_parallel_dags.py
[2022-03-14 20:00:29,172] {processor.py:171} INFO - Processing /home/airflow/airflow/dags/subdags/subdags_parallel_dags.py took 0.246 seconds
[2022-03-14 20:00:59,530] {processor.py:163} INFO - Started process (PID=11618) to work on /home/airflow/airflow/dags/subdags/subdags_parallel_dags.py
[2022-03-14 20:00:59,568] {processor.py:642} INFO - Processing file /home/airflow/airflow/dags/subdags/subdags_parallel_dags.py for tasks to queue
[2022-03-14 20:00:59,570] {logging_mixin.py:109} INFO - [2022-03-14 20:00:59,570] {dagbag.py:500} INFO - Filling up the DagBag from /home/airflow/airflow/dags/subdags/subdags_parallel_dags.py
[2022-03-14 20:00:59,678] {processor.py:656} WARNING - No viable dags retrieved from /home/airflow/airflow/dags/subdags/subdags_parallel_dags.py
[2022-03-14 20:00:59,718] {processor.py:171} INFO - Processing /home/airflow/airflow/dags/subdags/subdags_parallel_dags.py took 0.194 seconds
[2022-03-14 20:01:30,443] {processor.py:163} INFO - Started process (PID=11643) to work on /home/airflow/airflow/dags/subdags/subdags_parallel_dags.py
[2022-03-14 20:01:30,444] {processor.py:642} INFO - Processing file /home/airflow/airflow/dags/subdags/subdags_parallel_dags.py for tasks to queue
[2022-03-14 20:01:30,446] {logging_mixin.py:109} INFO - [2022-03-14 20:01:30,445] {dagbag.py:500} INFO - Filling up the DagBag from /home/airflow/airflow/dags/subdags/subdags_parallel_dags.py
[2022-03-14 20:01:30,495] {processor.py:656} WARNING - No viable dags retrieved from /home/airflow/airflow/dags/subdags/subdags_parallel_dags.py
[2022-03-14 20:01:30,505] {processor.py:171} INFO - Processing /home/airflow/airflow/dags/subdags/subdags_parallel_dags.py took 0.067 seconds
