[2022-01-03 20:18:09,396] {taskinstance.py:876} INFO - Dependencies all met for <TaskInstance: example_bash_operator.runme_1 2022-01-02T00:00:00+00:00 [queued]>
[2022-01-03 20:18:09,414] {taskinstance.py:876} INFO - Dependencies all met for <TaskInstance: example_bash_operator.runme_1 2022-01-02T00:00:00+00:00 [queued]>
[2022-01-03 20:18:09,414] {taskinstance.py:1067} INFO - 
--------------------------------------------------------------------------------
[2022-01-03 20:18:09,414] {taskinstance.py:1068} INFO - Starting attempt 1 of 1
[2022-01-03 20:18:09,414] {taskinstance.py:1069} INFO - 
--------------------------------------------------------------------------------
[2022-01-03 20:18:09,441] {taskinstance.py:1087} INFO - Executing <Task(BashOperator): runme_1> on 2022-01-02T00:00:00+00:00
[2022-01-03 20:18:09,442] {standard_task_runner.py:52} INFO - Started process 2731 to run task
[2022-01-03 20:18:09,449] {standard_task_runner.py:76} INFO - Running: ['airflow', 'tasks', 'run', 'example_bash_operator', 'runme_1', '2022-01-02T00:00:00+00:00', '--job-id', '83', '--pool', 'default_pool', '--raw', '--subdir', '/home/airflow/sandbox/lib/python3.8/site-packages/airflow/example_dags/example_bash_operator.py', '--cfg-path', '/tmp/tmpskt_tq8l', '--error-file', '/tmp/tmpwd6kah0n']
[2022-01-03 20:18:09,450] {standard_task_runner.py:77} INFO - Job 83: Subtask runme_1
[2022-01-03 20:18:09,634] {logging_mixin.py:104} INFO - Running <TaskInstance: example_bash_operator.runme_1 2022-01-02T00:00:00+00:00 [running]> on host airflowvm
[2022-01-03 20:18:09,959] {taskinstance.py:1280} INFO - Exporting the following env vars:
AIRFLOW_CTX_DAG_OWNER=airflow
AIRFLOW_CTX_DAG_ID=example_bash_operator
AIRFLOW_CTX_TASK_ID=runme_1
AIRFLOW_CTX_EXECUTION_DATE=2022-01-02T00:00:00+00:00
AIRFLOW_CTX_DAG_RUN_ID=scheduled__2022-01-02T00:00:00+00:00
[2022-01-03 20:18:09,959] {subprocess.py:52} INFO - Tmp dir root location: 
 /tmp
[2022-01-03 20:18:09,960] {subprocess.py:63} INFO - Running command: ['bash', '-c', 'echo "example_bash_operator__runme_1__20220102" && sleep 1']
[2022-01-03 20:18:09,985] {subprocess.py:75} INFO - Output:
[2022-01-03 20:18:09,986] {subprocess.py:79} INFO - example_bash_operator__runme_1__20220102
[2022-01-03 20:18:10,989] {subprocess.py:83} INFO - Command exited with return code 0
[2022-01-03 20:18:11,043] {taskinstance.py:1184} INFO - Marking task as SUCCESS. dag_id=example_bash_operator, task_id=runme_1, execution_date=20220102T000000, start_date=20220103T201809, end_date=20220103T201811
[2022-01-03 20:18:11,092] {taskinstance.py:1245} INFO - 0 downstream tasks scheduled from follow-on schedule check
[2022-01-03 20:18:11,133] {local_task_job.py:151} INFO - Task exited with return code 0
