[2022-01-11 20:17:11,252] {taskinstance.py:1032} INFO - Dependencies all met for <TaskInstance: parallel_dag.task_01 scheduled__2022-01-05T00:00:00+00:00 [queued]>
[2022-01-11 20:17:11,435] {taskinstance.py:1032} INFO - Dependencies all met for <TaskInstance: parallel_dag.task_01 scheduled__2022-01-05T00:00:00+00:00 [queued]>
[2022-01-11 20:17:11,435] {taskinstance.py:1238} INFO - 
--------------------------------------------------------------------------------
[2022-01-11 20:17:11,436] {taskinstance.py:1239} INFO - Starting attempt 1 of 1
[2022-01-11 20:17:11,436] {taskinstance.py:1240} INFO - 
--------------------------------------------------------------------------------
[2022-01-11 20:17:11,626] {taskinstance.py:1259} INFO - Executing <Task(BashOperator): task_01> on 2022-01-05 00:00:00+00:00
[2022-01-11 20:17:11,649] {standard_task_runner.py:52} INFO - Started process 2888 to run task
[2022-01-11 20:17:11,734] {standard_task_runner.py:76} INFO - Running: ['airflow', 'tasks', 'run', 'parallel_dag', 'task_01', 'scheduled__2022-01-05T00:00:00+00:00', '--job-id', '32', '--raw', '--subdir', 'DAGS_FOLDER/parallel_dags.py', '--cfg-path', '/tmp/tmpjf07zwf5', '--error-file', '/tmp/tmptwkwba6q']
[2022-01-11 20:17:11,768] {standard_task_runner.py:77} INFO - Job 32: Subtask task_01
[2022-01-11 20:17:12,785] {logging_mixin.py:109} INFO - Running <TaskInstance: parallel_dag.task_01 scheduled__2022-01-05T00:00:00+00:00 [running]> on host airflowvm
[2022-01-11 20:17:13,561] {taskinstance.py:1424} INFO - Exporting the following env vars:
AIRFLOW_CTX_DAG_OWNER=airflow
AIRFLOW_CTX_DAG_ID=parallel_dag
AIRFLOW_CTX_TASK_ID=task_01
AIRFLOW_CTX_EXECUTION_DATE=2022-01-05T00:00:00+00:00
AIRFLOW_CTX_DAG_RUN_ID=scheduled__2022-01-05T00:00:00+00:00
[2022-01-11 20:17:13,562] {subprocess.py:62} INFO - Tmp dir root location: 
 /tmp
[2022-01-11 20:17:13,580] {subprocess.py:74} INFO - Running command: ['bash', '-c', 'sleep 3']
[2022-01-11 20:17:13,659] {subprocess.py:85} INFO - Output:
[2022-01-11 20:17:16,725] {subprocess.py:93} INFO - Command exited with return code 0
[2022-01-11 20:17:17,044] {taskinstance.py:1267} INFO - Marking task as SUCCESS. dag_id=parallel_dag, task_id=task_01, execution_date=20220105T000000, start_date=20220111T201711, end_date=20220111T201717
[2022-01-11 20:17:27,565] {local_task_job.py:154} INFO - Task exited with return code 0
[2022-01-11 20:17:28,010] {local_task_job.py:264} INFO - 0 downstream tasks scheduled from follow-on schedule check
