[2022-01-03 20:19:30,336] {taskinstance.py:876} INFO - Dependencies all met for <TaskInstance: parallel_dag.task_04 2022-01-02T00:00:00+00:00 [queued]>
[2022-01-03 20:19:30,345] {taskinstance.py:876} INFO - Dependencies all met for <TaskInstance: parallel_dag.task_04 2022-01-02T00:00:00+00:00 [queued]>
[2022-01-03 20:19:30,346] {taskinstance.py:1067} INFO - 
--------------------------------------------------------------------------------
[2022-01-03 20:19:30,346] {taskinstance.py:1068} INFO - Starting attempt 1 of 1
[2022-01-03 20:19:30,346] {taskinstance.py:1069} INFO - 
--------------------------------------------------------------------------------
[2022-01-03 20:19:30,359] {taskinstance.py:1087} INFO - Executing <Task(BashOperator): task_04> on 2022-01-02T00:00:00+00:00
[2022-01-03 20:19:30,362] {standard_task_runner.py:52} INFO - Started process 3294 to run task
[2022-01-03 20:19:30,386] {standard_task_runner.py:76} INFO - Running: ['airflow', 'tasks', 'run', 'parallel_dag', 'task_04', '2022-01-02T00:00:00+00:00', '--job-id', '92', '--pool', 'default_pool', '--raw', '--subdir', 'DAGS_FOLDER/parallel_dags.py', '--cfg-path', '/tmp/tmpofuh418e', '--error-file', '/tmp/tmpuo6brhzi']
[2022-01-03 20:19:30,388] {standard_task_runner.py:77} INFO - Job 92: Subtask task_04
[2022-01-03 20:19:30,606] {logging_mixin.py:104} INFO - Running <TaskInstance: parallel_dag.task_04 2022-01-02T00:00:00+00:00 [running]> on host airflowvm
[2022-01-03 20:19:30,891] {taskinstance.py:1280} INFO - Exporting the following env vars:
AIRFLOW_CTX_DAG_OWNER=airflow
AIRFLOW_CTX_DAG_ID=parallel_dag
AIRFLOW_CTX_TASK_ID=task_04
AIRFLOW_CTX_EXECUTION_DATE=2022-01-02T00:00:00+00:00
AIRFLOW_CTX_DAG_RUN_ID=scheduled__2022-01-02T00:00:00+00:00
[2022-01-03 20:19:30,892] {subprocess.py:52} INFO - Tmp dir root location: 
 /tmp
[2022-01-03 20:19:30,893] {subprocess.py:63} INFO - Running command: ['bash', '-c', 'sleep 3']
[2022-01-03 20:19:30,897] {subprocess.py:75} INFO - Output:
[2022-01-03 20:19:33,901] {subprocess.py:83} INFO - Command exited with return code 0
[2022-01-03 20:19:33,948] {taskinstance.py:1184} INFO - Marking task as SUCCESS. dag_id=parallel_dag, task_id=task_04, execution_date=20220102T000000, start_date=20220103T201930, end_date=20220103T201933
[2022-01-03 20:19:33,989] {taskinstance.py:1245} INFO - 0 downstream tasks scheduled from follow-on schedule check
[2022-01-03 20:19:34,034] {local_task_job.py:151} INFO - Task exited with return code 0
[2022-01-03 20:34:21,966] {taskinstance.py:876} INFO - Dependencies all met for <TaskInstance: parallel_dag.task_04 2022-01-02T00:00:00+00:00 [queued]>
[2022-01-03 20:34:22,113] {taskinstance.py:876} INFO - Dependencies all met for <TaskInstance: parallel_dag.task_04 2022-01-02T00:00:00+00:00 [queued]>
[2022-01-03 20:34:22,114] {taskinstance.py:1067} INFO - 
--------------------------------------------------------------------------------
[2022-01-03 20:34:22,115] {taskinstance.py:1068} INFO - Starting attempt 1 of 1
[2022-01-03 20:34:22,115] {taskinstance.py:1069} INFO - 
--------------------------------------------------------------------------------
[2022-01-03 20:34:22,228] {taskinstance.py:1087} INFO - Executing <Task(BashOperator): task_04> on 2022-01-02T00:00:00+00:00
[2022-01-03 20:34:22,234] {standard_task_runner.py:52} INFO - Started process 11052 to run task
[2022-01-03 20:34:22,292] {standard_task_runner.py:76} INFO - Running: ['airflow', 'tasks', 'run', 'parallel_dag', 'task_04', '2022-01-02T00:00:00+00:00', '--job-id', '5', '--pool', 'default_pool', '--raw', '--subdir', 'DAGS_FOLDER/parallel_dags.py', '--cfg-path', '/tmp/tmp7qm7o3ea', '--error-file', '/tmp/tmpoy193tu1']
[2022-01-03 20:34:22,318] {standard_task_runner.py:77} INFO - Job 5: Subtask task_04
[2022-01-03 20:34:22,791] {logging_mixin.py:104} INFO - Running <TaskInstance: parallel_dag.task_04 2022-01-02T00:00:00+00:00 [running]> on host airflowvm
[2022-01-03 20:34:23,384] {taskinstance.py:1280} INFO - Exporting the following env vars:
AIRFLOW_CTX_DAG_OWNER=airflow
AIRFLOW_CTX_DAG_ID=parallel_dag
AIRFLOW_CTX_TASK_ID=task_04
AIRFLOW_CTX_EXECUTION_DATE=2022-01-02T00:00:00+00:00
AIRFLOW_CTX_DAG_RUN_ID=scheduled__2022-01-02T00:00:00+00:00
[2022-01-03 20:34:23,384] {subprocess.py:52} INFO - Tmp dir root location: 
 /tmp
[2022-01-03 20:34:23,385] {subprocess.py:63} INFO - Running command: ['bash', '-c', 'sleep 3']
[2022-01-03 20:34:23,516] {subprocess.py:75} INFO - Output:
[2022-01-03 20:34:26,541] {subprocess.py:83} INFO - Command exited with return code 0
[2022-01-03 20:34:27,082] {taskinstance.py:1184} INFO - Marking task as SUCCESS. dag_id=parallel_dag, task_id=task_04, execution_date=20220102T000000, start_date=20220103T203421, end_date=20220103T203427
[2022-01-03 20:34:27,534] {taskinstance.py:1245} INFO - 0 downstream tasks scheduled from follow-on schedule check
[2022-01-03 20:34:27,693] {local_task_job.py:151} INFO - Task exited with return code 0
