[2022-01-05 20:07:36,390] {processor.py:163} INFO - Started process (PID=2662) to work on /home/airflow/airflow/dags/parallel_dags.py
[2022-01-05 20:07:36,427] {processor.py:642} INFO - Processing file /home/airflow/airflow/dags/parallel_dags.py for tasks to queue
[2022-01-05 20:07:36,430] {logging_mixin.py:109} INFO - [2022-01-05 20:07:36,429] {dagbag.py:500} INFO - Filling up the DagBag from /home/airflow/airflow/dags/parallel_dags.py
[2022-01-05 20:07:36,748] {processor.py:654} INFO - DAG(s) dict_keys(['parallel_dag']) retrieved from /home/airflow/airflow/dags/parallel_dags.py
[2022-01-05 20:07:36,804] {logging_mixin.py:109} INFO - [2022-01-05 20:07:36,803] {dag.py:2396} INFO - Sync 1 DAGs
[2022-01-05 20:07:36,944] {logging_mixin.py:109} INFO - [2022-01-05 20:07:36,944] {dag.py:2935} INFO - Setting next_dagrun for parallel_dag to 2022-01-04T00:00:00+00:00
[2022-01-05 20:07:36,981] {processor.py:171} INFO - Processing /home/airflow/airflow/dags/parallel_dags.py took 0.608 seconds
[2022-01-05 20:08:07,983] {processor.py:163} INFO - Started process (PID=2870) to work on /home/airflow/airflow/dags/parallel_dags.py
[2022-01-05 20:08:07,984] {processor.py:642} INFO - Processing file /home/airflow/airflow/dags/parallel_dags.py for tasks to queue
[2022-01-05 20:08:07,986] {logging_mixin.py:109} INFO - [2022-01-05 20:08:07,986] {dagbag.py:500} INFO - Filling up the DagBag from /home/airflow/airflow/dags/parallel_dags.py
[2022-01-05 20:08:08,186] {processor.py:654} INFO - DAG(s) dict_keys(['parallel_dag']) retrieved from /home/airflow/airflow/dags/parallel_dags.py
[2022-01-05 20:08:08,217] {logging_mixin.py:109} INFO - [2022-01-05 20:08:08,217] {dag.py:2396} INFO - Sync 1 DAGs
[2022-01-05 20:08:08,264] {logging_mixin.py:109} INFO - [2022-01-05 20:08:08,264] {dag.py:2935} INFO - Setting next_dagrun for parallel_dag to 2022-01-04T00:00:00+00:00
[2022-01-05 20:08:08,308] {processor.py:171} INFO - Processing /home/airflow/airflow/dags/parallel_dags.py took 0.363 seconds
[2022-01-05 20:08:39,348] {processor.py:163} INFO - Started process (PID=3242) to work on /home/airflow/airflow/dags/parallel_dags.py
[2022-01-05 20:08:39,351] {processor.py:642} INFO - Processing file /home/airflow/airflow/dags/parallel_dags.py for tasks to queue
[2022-01-05 20:08:39,352] {logging_mixin.py:109} INFO - [2022-01-05 20:08:39,352] {dagbag.py:500} INFO - Filling up the DagBag from /home/airflow/airflow/dags/parallel_dags.py
[2022-01-05 20:08:39,620] {processor.py:654} INFO - DAG(s) dict_keys(['parallel_dag']) retrieved from /home/airflow/airflow/dags/parallel_dags.py
[2022-01-05 20:08:39,638] {logging_mixin.py:109} INFO - [2022-01-05 20:08:39,637] {dag.py:2396} INFO - Sync 1 DAGs
[2022-01-05 20:08:39,685] {logging_mixin.py:109} INFO - [2022-01-05 20:08:39,685] {dag.py:2935} INFO - Setting next_dagrun for parallel_dag to 2022-01-04T00:00:00+00:00
[2022-01-05 20:08:39,703] {processor.py:171} INFO - Processing /home/airflow/airflow/dags/parallel_dags.py took 0.364 seconds
[2022-01-05 20:09:09,907] {processor.py:163} INFO - Started process (PID=3503) to work on /home/airflow/airflow/dags/parallel_dags.py
[2022-01-05 20:09:09,911] {processor.py:642} INFO - Processing file /home/airflow/airflow/dags/parallel_dags.py for tasks to queue
[2022-01-05 20:09:10,029] {logging_mixin.py:109} INFO - [2022-01-05 20:09:10,029] {dagbag.py:500} INFO - Filling up the DagBag from /home/airflow/airflow/dags/parallel_dags.py
[2022-01-05 20:09:10,478] {processor.py:654} INFO - DAG(s) dict_keys(['parallel_dag']) retrieved from /home/airflow/airflow/dags/parallel_dags.py
[2022-01-05 20:09:10,557] {logging_mixin.py:109} INFO - [2022-01-05 20:09:10,557] {dag.py:2396} INFO - Sync 1 DAGs
[2022-01-05 20:09:10,903] {logging_mixin.py:109} INFO - [2022-01-05 20:09:10,903] {dag.py:2935} INFO - Setting next_dagrun for parallel_dag to 2022-01-05T00:00:00+00:00
[2022-01-05 20:09:10,994] {processor.py:171} INFO - Processing /home/airflow/airflow/dags/parallel_dags.py took 1.154 seconds
[2022-01-05 20:09:41,066] {processor.py:163} INFO - Started process (PID=4486) to work on /home/airflow/airflow/dags/parallel_dags.py
[2022-01-05 20:09:41,075] {processor.py:642} INFO - Processing file /home/airflow/airflow/dags/parallel_dags.py for tasks to queue
[2022-01-05 20:09:41,076] {logging_mixin.py:109} INFO - [2022-01-05 20:09:41,076] {dagbag.py:500} INFO - Filling up the DagBag from /home/airflow/airflow/dags/parallel_dags.py
[2022-01-05 20:09:41,405] {processor.py:654} INFO - DAG(s) dict_keys(['parallel_dag']) retrieved from /home/airflow/airflow/dags/parallel_dags.py
[2022-01-05 20:09:41,483] {logging_mixin.py:109} INFO - [2022-01-05 20:09:41,482] {dag.py:2396} INFO - Sync 1 DAGs
[2022-01-05 20:09:41,663] {logging_mixin.py:109} INFO - [2022-01-05 20:09:41,663] {dag.py:2935} INFO - Setting next_dagrun for parallel_dag to 2022-01-05T00:00:00+00:00
[2022-01-05 20:09:41,711] {processor.py:171} INFO - Processing /home/airflow/airflow/dags/parallel_dags.py took 0.651 seconds
[2022-01-05 20:10:11,752] {processor.py:163} INFO - Started process (PID=4781) to work on /home/airflow/airflow/dags/parallel_dags.py
[2022-01-05 20:10:11,755] {processor.py:642} INFO - Processing file /home/airflow/airflow/dags/parallel_dags.py for tasks to queue
[2022-01-05 20:10:11,757] {logging_mixin.py:109} INFO - [2022-01-05 20:10:11,757] {dagbag.py:500} INFO - Filling up the DagBag from /home/airflow/airflow/dags/parallel_dags.py
[2022-01-05 20:10:11,851] {processor.py:654} INFO - DAG(s) dict_keys(['parallel_dag']) retrieved from /home/airflow/airflow/dags/parallel_dags.py
[2022-01-05 20:10:11,864] {logging_mixin.py:109} INFO - [2022-01-05 20:10:11,864] {dag.py:2396} INFO - Sync 1 DAGs
[2022-01-05 20:10:11,905] {logging_mixin.py:109} INFO - [2022-01-05 20:10:11,905] {dag.py:2935} INFO - Setting next_dagrun for parallel_dag to 2022-01-05T00:00:00+00:00
[2022-01-05 20:10:11,919] {processor.py:171} INFO - Processing /home/airflow/airflow/dags/parallel_dags.py took 0.172 seconds
[2022-01-05 20:10:42,157] {processor.py:163} INFO - Started process (PID=4920) to work on /home/airflow/airflow/dags/parallel_dags.py
[2022-01-05 20:10:42,175] {processor.py:642} INFO - Processing file /home/airflow/airflow/dags/parallel_dags.py for tasks to queue
[2022-01-05 20:10:42,177] {logging_mixin.py:109} INFO - [2022-01-05 20:10:42,176] {dagbag.py:500} INFO - Filling up the DagBag from /home/airflow/airflow/dags/parallel_dags.py
[2022-01-05 20:10:42,248] {processor.py:654} INFO - DAG(s) dict_keys(['parallel_dag']) retrieved from /home/airflow/airflow/dags/parallel_dags.py
[2022-01-05 20:10:42,284] {logging_mixin.py:109} INFO - [2022-01-05 20:10:42,283] {dag.py:2396} INFO - Sync 1 DAGs
[2022-01-05 20:10:42,303] {logging_mixin.py:109} INFO - [2022-01-05 20:10:42,303] {dag.py:2935} INFO - Setting next_dagrun for parallel_dag to 2022-01-05T00:00:00+00:00
[2022-01-05 20:10:42,334] {processor.py:171} INFO - Processing /home/airflow/airflow/dags/parallel_dags.py took 0.182 seconds
[2022-01-05 20:11:13,222] {processor.py:163} INFO - Started process (PID=5051) to work on /home/airflow/airflow/dags/parallel_dags.py
[2022-01-05 20:11:13,223] {processor.py:642} INFO - Processing file /home/airflow/airflow/dags/parallel_dags.py for tasks to queue
[2022-01-05 20:11:13,224] {logging_mixin.py:109} INFO - [2022-01-05 20:11:13,224] {dagbag.py:500} INFO - Filling up the DagBag from /home/airflow/airflow/dags/parallel_dags.py
[2022-01-05 20:11:13,421] {processor.py:654} INFO - DAG(s) dict_keys(['parallel_dag']) retrieved from /home/airflow/airflow/dags/parallel_dags.py
[2022-01-05 20:11:13,571] {logging_mixin.py:109} INFO - [2022-01-05 20:11:13,571] {dag.py:2396} INFO - Sync 1 DAGs
[2022-01-05 20:11:13,650] {logging_mixin.py:109} INFO - [2022-01-05 20:11:13,650] {dag.py:2935} INFO - Setting next_dagrun for parallel_dag to 2022-01-05T00:00:00+00:00
[2022-01-05 20:11:13,700] {processor.py:171} INFO - Processing /home/airflow/airflow/dags/parallel_dags.py took 0.480 seconds
[2022-01-05 20:11:44,142] {processor.py:163} INFO - Started process (PID=5145) to work on /home/airflow/airflow/dags/parallel_dags.py
[2022-01-05 20:11:44,147] {processor.py:642} INFO - Processing file /home/airflow/airflow/dags/parallel_dags.py for tasks to queue
[2022-01-05 20:11:44,148] {logging_mixin.py:109} INFO - [2022-01-05 20:11:44,148] {dagbag.py:500} INFO - Filling up the DagBag from /home/airflow/airflow/dags/parallel_dags.py
[2022-01-05 20:11:44,235] {processor.py:654} INFO - DAG(s) dict_keys(['parallel_dag']) retrieved from /home/airflow/airflow/dags/parallel_dags.py
[2022-01-05 20:11:44,270] {logging_mixin.py:109} INFO - [2022-01-05 20:11:44,270] {dag.py:2396} INFO - Sync 1 DAGs
[2022-01-05 20:11:44,316] {logging_mixin.py:109} INFO - [2022-01-05 20:11:44,316] {dag.py:2935} INFO - Setting next_dagrun for parallel_dag to 2022-01-05T00:00:00+00:00
[2022-01-05 20:11:44,335] {processor.py:171} INFO - Processing /home/airflow/airflow/dags/parallel_dags.py took 0.241 seconds
[2022-01-05 20:12:15,113] {processor.py:163} INFO - Started process (PID=5274) to work on /home/airflow/airflow/dags/parallel_dags.py
[2022-01-05 20:12:15,114] {processor.py:642} INFO - Processing file /home/airflow/airflow/dags/parallel_dags.py for tasks to queue
[2022-01-05 20:12:15,115] {logging_mixin.py:109} INFO - [2022-01-05 20:12:15,115] {dagbag.py:500} INFO - Filling up the DagBag from /home/airflow/airflow/dags/parallel_dags.py
[2022-01-05 20:12:15,236] {processor.py:654} INFO - DAG(s) dict_keys(['parallel_dag']) retrieved from /home/airflow/airflow/dags/parallel_dags.py
[2022-01-05 20:12:15,264] {logging_mixin.py:109} INFO - [2022-01-05 20:12:15,264] {dag.py:2396} INFO - Sync 1 DAGs
[2022-01-05 20:12:15,287] {logging_mixin.py:109} INFO - [2022-01-05 20:12:15,287] {dag.py:2935} INFO - Setting next_dagrun for parallel_dag to 2022-01-05T00:00:00+00:00
[2022-01-05 20:12:15,308] {processor.py:171} INFO - Processing /home/airflow/airflow/dags/parallel_dags.py took 0.216 seconds
[2022-01-05 20:12:45,728] {processor.py:163} INFO - Started process (PID=5371) to work on /home/airflow/airflow/dags/parallel_dags.py
[2022-01-05 20:12:45,731] {processor.py:642} INFO - Processing file /home/airflow/airflow/dags/parallel_dags.py for tasks to queue
[2022-01-05 20:12:45,732] {logging_mixin.py:109} INFO - [2022-01-05 20:12:45,732] {dagbag.py:500} INFO - Filling up the DagBag from /home/airflow/airflow/dags/parallel_dags.py
[2022-01-05 20:12:45,871] {processor.py:654} INFO - DAG(s) dict_keys(['parallel_dag']) retrieved from /home/airflow/airflow/dags/parallel_dags.py
[2022-01-05 20:12:45,918] {logging_mixin.py:109} INFO - [2022-01-05 20:12:45,918] {dag.py:2396} INFO - Sync 1 DAGs
[2022-01-05 20:12:45,987] {logging_mixin.py:109} INFO - [2022-01-05 20:12:45,987] {dag.py:2935} INFO - Setting next_dagrun for parallel_dag to 2022-01-05T00:00:00+00:00
[2022-01-05 20:12:46,032] {processor.py:171} INFO - Processing /home/airflow/airflow/dags/parallel_dags.py took 0.339 seconds
[2022-01-05 20:28:32,893] {processor.py:163} INFO - Started process (PID=7327) to work on /home/airflow/airflow/dags/parallel_dags.py
[2022-01-05 20:28:32,908] {processor.py:642} INFO - Processing file /home/airflow/airflow/dags/parallel_dags.py for tasks to queue
[2022-01-05 20:28:32,909] {logging_mixin.py:109} INFO - [2022-01-05 20:28:32,909] {dagbag.py:500} INFO - Filling up the DagBag from /home/airflow/airflow/dags/parallel_dags.py
[2022-01-05 20:28:33,254] {processor.py:654} INFO - DAG(s) dict_keys(['parallel_dag']) retrieved from /home/airflow/airflow/dags/parallel_dags.py
[2022-01-05 20:28:33,386] {logging_mixin.py:109} INFO - [2022-01-05 20:28:33,385] {dag.py:2396} INFO - Sync 1 DAGs
[2022-01-05 20:28:33,857] {logging_mixin.py:109} INFO - [2022-01-05 20:28:33,857] {dag.py:2935} INFO - Setting next_dagrun for parallel_dag to 2022-01-05T00:00:00+00:00
[2022-01-05 20:28:33,958] {processor.py:171} INFO - Processing /home/airflow/airflow/dags/parallel_dags.py took 1.101 seconds
[2022-01-05 20:29:26,538] {processor.py:163} INFO - Started process (PID=7761) to work on /home/airflow/airflow/dags/parallel_dags.py
[2022-01-05 20:29:26,558] {processor.py:642} INFO - Processing file /home/airflow/airflow/dags/parallel_dags.py for tasks to queue
[2022-01-05 20:29:26,558] {logging_mixin.py:109} INFO - [2022-01-05 20:29:26,558] {dagbag.py:500} INFO - Filling up the DagBag from /home/airflow/airflow/dags/parallel_dags.py
[2022-01-05 20:29:27,252] {processor.py:654} INFO - DAG(s) dict_keys(['parallel_dag']) retrieved from /home/airflow/airflow/dags/parallel_dags.py
[2022-01-05 20:29:27,547] {logging_mixin.py:109} INFO - [2022-01-05 20:29:27,547] {dag.py:2396} INFO - Sync 1 DAGs
[2022-01-05 20:29:27,761] {logging_mixin.py:109} INFO - [2022-01-05 20:29:27,761] {dag.py:2935} INFO - Setting next_dagrun for parallel_dag to 2022-01-05T00:00:00+00:00
[2022-01-05 20:29:27,861] {processor.py:171} INFO - Processing /home/airflow/airflow/dags/parallel_dags.py took 1.326 seconds
[2022-01-05 20:29:58,302] {processor.py:163} INFO - Started process (PID=8000) to work on /home/airflow/airflow/dags/parallel_dags.py
[2022-01-05 20:29:58,307] {processor.py:642} INFO - Processing file /home/airflow/airflow/dags/parallel_dags.py for tasks to queue
[2022-01-05 20:29:58,308] {logging_mixin.py:109} INFO - [2022-01-05 20:29:58,308] {dagbag.py:500} INFO - Filling up the DagBag from /home/airflow/airflow/dags/parallel_dags.py
[2022-01-05 20:29:58,530] {processor.py:654} INFO - DAG(s) dict_keys(['parallel_dag']) retrieved from /home/airflow/airflow/dags/parallel_dags.py
[2022-01-05 20:29:58,553] {logging_mixin.py:109} INFO - [2022-01-05 20:29:58,553] {dag.py:2396} INFO - Sync 1 DAGs
[2022-01-05 20:29:58,640] {logging_mixin.py:109} INFO - [2022-01-05 20:29:58,639] {dag.py:2935} INFO - Setting next_dagrun for parallel_dag to 2022-01-05T00:00:00+00:00
[2022-01-05 20:29:58,656] {processor.py:171} INFO - Processing /home/airflow/airflow/dags/parallel_dags.py took 0.358 seconds
[2022-01-05 20:30:29,535] {processor.py:163} INFO - Started process (PID=8367) to work on /home/airflow/airflow/dags/parallel_dags.py
[2022-01-05 20:30:29,539] {processor.py:642} INFO - Processing file /home/airflow/airflow/dags/parallel_dags.py for tasks to queue
[2022-01-05 20:30:29,539] {logging_mixin.py:109} INFO - [2022-01-05 20:30:29,539] {dagbag.py:500} INFO - Filling up the DagBag from /home/airflow/airflow/dags/parallel_dags.py
[2022-01-05 20:30:29,697] {processor.py:654} INFO - DAG(s) dict_keys(['parallel_dag']) retrieved from /home/airflow/airflow/dags/parallel_dags.py
[2022-01-05 20:30:29,727] {logging_mixin.py:109} INFO - [2022-01-05 20:30:29,727] {dag.py:2396} INFO - Sync 1 DAGs
[2022-01-05 20:30:29,840] {logging_mixin.py:109} INFO - [2022-01-05 20:30:29,840] {dag.py:2935} INFO - Setting next_dagrun for parallel_dag to 2022-01-05T00:00:00+00:00
[2022-01-05 20:30:29,889] {processor.py:171} INFO - Processing /home/airflow/airflow/dags/parallel_dags.py took 0.364 seconds
[2022-01-05 20:31:00,329] {processor.py:163} INFO - Started process (PID=8728) to work on /home/airflow/airflow/dags/parallel_dags.py
[2022-01-05 20:31:00,336] {processor.py:642} INFO - Processing file /home/airflow/airflow/dags/parallel_dags.py for tasks to queue
[2022-01-05 20:31:00,339] {logging_mixin.py:109} INFO - [2022-01-05 20:31:00,339] {dagbag.py:500} INFO - Filling up the DagBag from /home/airflow/airflow/dags/parallel_dags.py
[2022-01-05 20:31:00,471] {processor.py:654} INFO - DAG(s) dict_keys(['parallel_dag']) retrieved from /home/airflow/airflow/dags/parallel_dags.py
[2022-01-05 20:31:00,494] {logging_mixin.py:109} INFO - [2022-01-05 20:31:00,494] {dag.py:2396} INFO - Sync 1 DAGs
[2022-01-05 20:31:00,542] {logging_mixin.py:109} INFO - [2022-01-05 20:31:00,541] {dag.py:2935} INFO - Setting next_dagrun for parallel_dag to 2022-01-04T00:00:00+00:00
[2022-01-05 20:31:00,575] {processor.py:171} INFO - Processing /home/airflow/airflow/dags/parallel_dags.py took 0.250 seconds
[2022-01-05 20:31:30,828] {processor.py:163} INFO - Started process (PID=9119) to work on /home/airflow/airflow/dags/parallel_dags.py
[2022-01-05 20:31:30,829] {processor.py:642} INFO - Processing file /home/airflow/airflow/dags/parallel_dags.py for tasks to queue
[2022-01-05 20:31:30,829] {logging_mixin.py:109} INFO - [2022-01-05 20:31:30,829] {dagbag.py:500} INFO - Filling up the DagBag from /home/airflow/airflow/dags/parallel_dags.py
[2022-01-05 20:31:30,968] {processor.py:654} INFO - DAG(s) dict_keys(['parallel_dag']) retrieved from /home/airflow/airflow/dags/parallel_dags.py
[2022-01-05 20:31:30,981] {logging_mixin.py:109} INFO - [2022-01-05 20:31:30,981] {dag.py:2396} INFO - Sync 1 DAGs
[2022-01-05 20:31:31,030] {logging_mixin.py:109} INFO - [2022-01-05 20:31:31,030] {dag.py:2935} INFO - Setting next_dagrun for parallel_dag to 2022-01-04 00:00:00+00:00
[2022-01-05 20:31:31,078] {processor.py:171} INFO - Processing /home/airflow/airflow/dags/parallel_dags.py took 0.255 seconds
[2022-01-05 20:32:03,728] {processor.py:163} INFO - Started process (PID=9612) to work on /home/airflow/airflow/dags/parallel_dags.py
[2022-01-05 20:32:03,730] {processor.py:642} INFO - Processing file /home/airflow/airflow/dags/parallel_dags.py for tasks to queue
[2022-01-05 20:32:03,731] {logging_mixin.py:109} INFO - [2022-01-05 20:32:03,731] {dagbag.py:500} INFO - Filling up the DagBag from /home/airflow/airflow/dags/parallel_dags.py
[2022-01-05 20:32:03,862] {processor.py:654} INFO - DAG(s) dict_keys(['parallel_dag']) retrieved from /home/airflow/airflow/dags/parallel_dags.py
[2022-01-05 20:32:03,886] {logging_mixin.py:109} INFO - [2022-01-05 20:32:03,886] {dag.py:2396} INFO - Sync 1 DAGs
[2022-01-05 20:32:04,067] {logging_mixin.py:109} INFO - [2022-01-05 20:32:04,067] {dag.py:2935} INFO - Setting next_dagrun for parallel_dag to 2022-01-05T00:00:00+00:00
[2022-01-05 20:32:04,086] {processor.py:171} INFO - Processing /home/airflow/airflow/dags/parallel_dags.py took 0.368 seconds
[2022-01-05 20:32:35,482] {processor.py:163} INFO - Started process (PID=10369) to work on /home/airflow/airflow/dags/parallel_dags.py
[2022-01-05 20:32:35,511] {processor.py:642} INFO - Processing file /home/airflow/airflow/dags/parallel_dags.py for tasks to queue
[2022-01-05 20:32:35,513] {logging_mixin.py:109} INFO - [2022-01-05 20:32:35,512] {dagbag.py:500} INFO - Filling up the DagBag from /home/airflow/airflow/dags/parallel_dags.py
[2022-01-05 20:32:35,718] {processor.py:654} INFO - DAG(s) dict_keys(['parallel_dag']) retrieved from /home/airflow/airflow/dags/parallel_dags.py
[2022-01-05 20:32:35,829] {logging_mixin.py:109} INFO - [2022-01-05 20:32:35,829] {dag.py:2396} INFO - Sync 1 DAGs
[2022-01-05 20:32:35,968] {logging_mixin.py:109} INFO - [2022-01-05 20:32:35,968] {dag.py:2935} INFO - Setting next_dagrun for parallel_dag to 2022-01-05T00:00:00+00:00
[2022-01-05 20:32:36,085] {processor.py:171} INFO - Processing /home/airflow/airflow/dags/parallel_dags.py took 0.609 seconds
[2022-01-05 20:33:07,972] {processor.py:163} INFO - Started process (PID=11095) to work on /home/airflow/airflow/dags/parallel_dags.py
[2022-01-05 20:33:07,973] {processor.py:642} INFO - Processing file /home/airflow/airflow/dags/parallel_dags.py for tasks to queue
[2022-01-05 20:33:07,973] {logging_mixin.py:109} INFO - [2022-01-05 20:33:07,973] {dagbag.py:500} INFO - Filling up the DagBag from /home/airflow/airflow/dags/parallel_dags.py
[2022-01-05 20:33:08,860] {processor.py:654} INFO - DAG(s) dict_keys(['parallel_dag']) retrieved from /home/airflow/airflow/dags/parallel_dags.py
[2022-01-05 20:33:08,915] {logging_mixin.py:109} INFO - [2022-01-05 20:33:08,915] {dag.py:2396} INFO - Sync 1 DAGs
[2022-01-05 20:33:09,062] {logging_mixin.py:109} INFO - [2022-01-05 20:33:09,062] {dag.py:2935} INFO - Setting next_dagrun for parallel_dag to 2022-01-05T00:00:00+00:00
[2022-01-05 20:33:09,072] {processor.py:171} INFO - Processing /home/airflow/airflow/dags/parallel_dags.py took 1.104 seconds
[2022-01-05 20:33:39,663] {processor.py:163} INFO - Started process (PID=11617) to work on /home/airflow/airflow/dags/parallel_dags.py
[2022-01-05 20:33:39,664] {processor.py:642} INFO - Processing file /home/airflow/airflow/dags/parallel_dags.py for tasks to queue
[2022-01-05 20:33:39,665] {logging_mixin.py:109} INFO - [2022-01-05 20:33:39,665] {dagbag.py:500} INFO - Filling up the DagBag from /home/airflow/airflow/dags/parallel_dags.py
[2022-01-05 20:33:39,927] {processor.py:654} INFO - DAG(s) dict_keys(['parallel_dag']) retrieved from /home/airflow/airflow/dags/parallel_dags.py
[2022-01-05 20:33:40,022] {logging_mixin.py:109} INFO - [2022-01-05 20:33:40,021] {dag.py:2396} INFO - Sync 1 DAGs
[2022-01-05 20:33:40,106] {logging_mixin.py:109} INFO - [2022-01-05 20:33:40,106] {dag.py:2935} INFO - Setting next_dagrun for parallel_dag to 2022-01-05T00:00:00+00:00
[2022-01-05 20:33:40,117] {processor.py:171} INFO - Processing /home/airflow/airflow/dags/parallel_dags.py took 0.457 seconds
[2022-01-05 20:34:10,303] {processor.py:163} INFO - Started process (PID=11860) to work on /home/airflow/airflow/dags/parallel_dags.py
[2022-01-05 20:34:10,304] {processor.py:642} INFO - Processing file /home/airflow/airflow/dags/parallel_dags.py for tasks to queue
[2022-01-05 20:34:10,304] {logging_mixin.py:109} INFO - [2022-01-05 20:34:10,304] {dagbag.py:500} INFO - Filling up the DagBag from /home/airflow/airflow/dags/parallel_dags.py
[2022-01-05 20:34:10,498] {processor.py:654} INFO - DAG(s) dict_keys(['parallel_dag']) retrieved from /home/airflow/airflow/dags/parallel_dags.py
[2022-01-05 20:34:10,560] {logging_mixin.py:109} INFO - [2022-01-05 20:34:10,560] {dag.py:2396} INFO - Sync 1 DAGs
[2022-01-05 20:34:10,617] {logging_mixin.py:109} INFO - [2022-01-05 20:34:10,616] {dag.py:2935} INFO - Setting next_dagrun for parallel_dag to 2022-01-05T00:00:00+00:00
[2022-01-05 20:34:10,713] {processor.py:171} INFO - Processing /home/airflow/airflow/dags/parallel_dags.py took 0.415 seconds
[2022-01-05 20:34:41,572] {processor.py:163} INFO - Started process (PID=12101) to work on /home/airflow/airflow/dags/parallel_dags.py
[2022-01-05 20:34:41,575] {processor.py:642} INFO - Processing file /home/airflow/airflow/dags/parallel_dags.py for tasks to queue
[2022-01-05 20:34:41,607] {logging_mixin.py:109} INFO - [2022-01-05 20:34:41,607] {dagbag.py:500} INFO - Filling up the DagBag from /home/airflow/airflow/dags/parallel_dags.py
[2022-01-05 20:34:41,819] {processor.py:654} INFO - DAG(s) dict_keys(['parallel_dag']) retrieved from /home/airflow/airflow/dags/parallel_dags.py
[2022-01-05 20:34:41,844] {logging_mixin.py:109} INFO - [2022-01-05 20:34:41,844] {dag.py:2396} INFO - Sync 1 DAGs
[2022-01-05 20:34:41,903] {logging_mixin.py:109} INFO - [2022-01-05 20:34:41,903] {dag.py:2935} INFO - Setting next_dagrun for parallel_dag to 2022-01-05T00:00:00+00:00
[2022-01-05 20:34:41,945] {processor.py:171} INFO - Processing /home/airflow/airflow/dags/parallel_dags.py took 0.380 seconds
[2022-01-05 20:35:12,857] {processor.py:163} INFO - Started process (PID=12346) to work on /home/airflow/airflow/dags/parallel_dags.py
[2022-01-05 20:35:12,862] {processor.py:642} INFO - Processing file /home/airflow/airflow/dags/parallel_dags.py for tasks to queue
[2022-01-05 20:35:12,864] {logging_mixin.py:109} INFO - [2022-01-05 20:35:12,863] {dagbag.py:500} INFO - Filling up the DagBag from /home/airflow/airflow/dags/parallel_dags.py
[2022-01-05 20:35:13,016] {processor.py:654} INFO - DAG(s) dict_keys(['parallel_dag']) retrieved from /home/airflow/airflow/dags/parallel_dags.py
[2022-01-05 20:35:13,191] {logging_mixin.py:109} INFO - [2022-01-05 20:35:13,190] {dag.py:2396} INFO - Sync 1 DAGs
[2022-01-05 20:35:13,216] {logging_mixin.py:109} INFO - [2022-01-05 20:35:13,216] {dag.py:2935} INFO - Setting next_dagrun for parallel_dag to 2022-01-05T00:00:00+00:00
[2022-01-05 20:35:13,246] {processor.py:171} INFO - Processing /home/airflow/airflow/dags/parallel_dags.py took 0.394 seconds
[2022-01-05 20:35:44,337] {processor.py:163} INFO - Started process (PID=12592) to work on /home/airflow/airflow/dags/parallel_dags.py
[2022-01-05 20:35:44,342] {processor.py:642} INFO - Processing file /home/airflow/airflow/dags/parallel_dags.py for tasks to queue
[2022-01-05 20:35:44,345] {logging_mixin.py:109} INFO - [2022-01-05 20:35:44,345] {dagbag.py:500} INFO - Filling up the DagBag from /home/airflow/airflow/dags/parallel_dags.py
[2022-01-05 20:35:44,517] {processor.py:654} INFO - DAG(s) dict_keys(['parallel_dag']) retrieved from /home/airflow/airflow/dags/parallel_dags.py
[2022-01-05 20:35:44,545] {logging_mixin.py:109} INFO - [2022-01-05 20:35:44,545] {dag.py:2396} INFO - Sync 1 DAGs
[2022-01-05 20:35:44,593] {logging_mixin.py:109} INFO - [2022-01-05 20:35:44,592] {dag.py:2935} INFO - Setting next_dagrun for parallel_dag to 2022-01-05T00:00:00+00:00
[2022-01-05 20:35:44,613] {processor.py:171} INFO - Processing /home/airflow/airflow/dags/parallel_dags.py took 0.320 seconds
[2022-01-05 20:36:14,995] {processor.py:163} INFO - Started process (PID=12830) to work on /home/airflow/airflow/dags/parallel_dags.py
[2022-01-05 20:36:14,996] {processor.py:642} INFO - Processing file /home/airflow/airflow/dags/parallel_dags.py for tasks to queue
[2022-01-05 20:36:14,997] {logging_mixin.py:109} INFO - [2022-01-05 20:36:14,997] {dagbag.py:500} INFO - Filling up the DagBag from /home/airflow/airflow/dags/parallel_dags.py
[2022-01-05 20:36:15,105] {processor.py:654} INFO - DAG(s) dict_keys(['parallel_dag']) retrieved from /home/airflow/airflow/dags/parallel_dags.py
[2022-01-05 20:36:15,139] {logging_mixin.py:109} INFO - [2022-01-05 20:36:15,138] {dag.py:2396} INFO - Sync 1 DAGs
[2022-01-05 20:36:15,184] {logging_mixin.py:109} INFO - [2022-01-05 20:36:15,184] {dag.py:2935} INFO - Setting next_dagrun for parallel_dag to 2022-01-05T00:00:00+00:00
[2022-01-05 20:36:15,192] {processor.py:171} INFO - Processing /home/airflow/airflow/dags/parallel_dags.py took 0.204 seconds
[2022-01-05 20:36:45,361] {processor.py:163} INFO - Started process (PID=13071) to work on /home/airflow/airflow/dags/parallel_dags.py
[2022-01-05 20:36:45,365] {processor.py:642} INFO - Processing file /home/airflow/airflow/dags/parallel_dags.py for tasks to queue
[2022-01-05 20:36:45,382] {logging_mixin.py:109} INFO - [2022-01-05 20:36:45,382] {dagbag.py:500} INFO - Filling up the DagBag from /home/airflow/airflow/dags/parallel_dags.py
[2022-01-05 20:36:45,533] {processor.py:654} INFO - DAG(s) dict_keys(['parallel_dag']) retrieved from /home/airflow/airflow/dags/parallel_dags.py
[2022-01-05 20:36:45,551] {logging_mixin.py:109} INFO - [2022-01-05 20:36:45,551] {dag.py:2396} INFO - Sync 1 DAGs
[2022-01-05 20:36:45,601] {logging_mixin.py:109} INFO - [2022-01-05 20:36:45,601] {dag.py:2935} INFO - Setting next_dagrun for parallel_dag to 2022-01-05T00:00:00+00:00
[2022-01-05 20:36:45,635] {processor.py:171} INFO - Processing /home/airflow/airflow/dags/parallel_dags.py took 0.290 seconds
[2022-01-05 20:37:16,393] {processor.py:163} INFO - Started process (PID=13310) to work on /home/airflow/airflow/dags/parallel_dags.py
[2022-01-05 20:37:16,397] {processor.py:642} INFO - Processing file /home/airflow/airflow/dags/parallel_dags.py for tasks to queue
[2022-01-05 20:37:16,400] {logging_mixin.py:109} INFO - [2022-01-05 20:37:16,399] {dagbag.py:500} INFO - Filling up the DagBag from /home/airflow/airflow/dags/parallel_dags.py
[2022-01-05 20:37:16,557] {processor.py:654} INFO - DAG(s) dict_keys(['parallel_dag']) retrieved from /home/airflow/airflow/dags/parallel_dags.py
[2022-01-05 20:37:16,588] {logging_mixin.py:109} INFO - [2022-01-05 20:37:16,588] {dag.py:2396} INFO - Sync 1 DAGs
[2022-01-05 20:37:16,663] {logging_mixin.py:109} INFO - [2022-01-05 20:37:16,663] {dag.py:2935} INFO - Setting next_dagrun for parallel_dag to 2022-01-05T00:00:00+00:00
[2022-01-05 20:37:16,690] {processor.py:171} INFO - Processing /home/airflow/airflow/dags/parallel_dags.py took 0.306 seconds
[2022-01-05 20:37:46,945] {processor.py:163} INFO - Started process (PID=13552) to work on /home/airflow/airflow/dags/parallel_dags.py
[2022-01-05 20:37:46,949] {processor.py:642} INFO - Processing file /home/airflow/airflow/dags/parallel_dags.py for tasks to queue
[2022-01-05 20:37:46,954] {logging_mixin.py:109} INFO - [2022-01-05 20:37:46,950] {dagbag.py:500} INFO - Filling up the DagBag from /home/airflow/airflow/dags/parallel_dags.py
[2022-01-05 20:37:47,127] {processor.py:654} INFO - DAG(s) dict_keys(['parallel_dag']) retrieved from /home/airflow/airflow/dags/parallel_dags.py
[2022-01-05 20:37:47,151] {logging_mixin.py:109} INFO - [2022-01-05 20:37:47,151] {dag.py:2396} INFO - Sync 1 DAGs
[2022-01-05 20:37:47,185] {logging_mixin.py:109} INFO - [2022-01-05 20:37:47,185] {dag.py:2935} INFO - Setting next_dagrun for parallel_dag to 2022-01-05T00:00:00+00:00
[2022-01-05 20:37:47,196] {processor.py:171} INFO - Processing /home/airflow/airflow/dags/parallel_dags.py took 0.293 seconds
[2022-01-05 20:38:17,790] {processor.py:163} INFO - Started process (PID=13864) to work on /home/airflow/airflow/dags/parallel_dags.py
[2022-01-05 20:38:17,796] {processor.py:642} INFO - Processing file /home/airflow/airflow/dags/parallel_dags.py for tasks to queue
[2022-01-05 20:38:17,796] {logging_mixin.py:109} INFO - [2022-01-05 20:38:17,796] {dagbag.py:500} INFO - Filling up the DagBag from /home/airflow/airflow/dags/parallel_dags.py
[2022-01-05 20:38:17,904] {processor.py:654} INFO - DAG(s) dict_keys(['parallel_dag']) retrieved from /home/airflow/airflow/dags/parallel_dags.py
[2022-01-05 20:38:17,972] {logging_mixin.py:109} INFO - [2022-01-05 20:38:17,972] {dag.py:2396} INFO - Sync 1 DAGs
[2022-01-05 20:38:18,054] {logging_mixin.py:109} INFO - [2022-01-05 20:38:18,053] {dag.py:2935} INFO - Setting next_dagrun for parallel_dag to 2022-01-05T00:00:00+00:00
[2022-01-05 20:38:18,101] {processor.py:171} INFO - Processing /home/airflow/airflow/dags/parallel_dags.py took 0.315 seconds
[2022-01-05 20:38:48,233] {processor.py:163} INFO - Started process (PID=14109) to work on /home/airflow/airflow/dags/parallel_dags.py
[2022-01-05 20:38:48,236] {processor.py:642} INFO - Processing file /home/airflow/airflow/dags/parallel_dags.py for tasks to queue
[2022-01-05 20:38:48,241] {logging_mixin.py:109} INFO - [2022-01-05 20:38:48,241] {dagbag.py:500} INFO - Filling up the DagBag from /home/airflow/airflow/dags/parallel_dags.py
[2022-01-05 20:38:48,357] {processor.py:654} INFO - DAG(s) dict_keys(['parallel_dag']) retrieved from /home/airflow/airflow/dags/parallel_dags.py
[2022-01-05 20:38:48,412] {logging_mixin.py:109} INFO - [2022-01-05 20:38:48,412] {dag.py:2396} INFO - Sync 1 DAGs
[2022-01-05 20:38:48,489] {logging_mixin.py:109} INFO - [2022-01-05 20:38:48,489] {dag.py:2935} INFO - Setting next_dagrun for parallel_dag to 2022-01-05T00:00:00+00:00
[2022-01-05 20:38:48,516] {processor.py:171} INFO - Processing /home/airflow/airflow/dags/parallel_dags.py took 0.311 seconds
[2022-01-05 20:39:19,555] {processor.py:163} INFO - Started process (PID=14352) to work on /home/airflow/airflow/dags/parallel_dags.py
[2022-01-05 20:39:19,556] {processor.py:642} INFO - Processing file /home/airflow/airflow/dags/parallel_dags.py for tasks to queue
[2022-01-05 20:39:19,556] {logging_mixin.py:109} INFO - [2022-01-05 20:39:19,556] {dagbag.py:500} INFO - Filling up the DagBag from /home/airflow/airflow/dags/parallel_dags.py
[2022-01-05 20:39:19,643] {processor.py:654} INFO - DAG(s) dict_keys(['parallel_dag']) retrieved from /home/airflow/airflow/dags/parallel_dags.py
[2022-01-05 20:39:19,681] {logging_mixin.py:109} INFO - [2022-01-05 20:39:19,681] {dag.py:2396} INFO - Sync 1 DAGs
[2022-01-05 20:39:19,706] {logging_mixin.py:109} INFO - [2022-01-05 20:39:19,706] {dag.py:2935} INFO - Setting next_dagrun for parallel_dag to 2022-01-05T00:00:00+00:00
[2022-01-05 20:39:19,728] {processor.py:171} INFO - Processing /home/airflow/airflow/dags/parallel_dags.py took 0.176 seconds
[2022-01-05 20:39:50,299] {processor.py:163} INFO - Started process (PID=14590) to work on /home/airflow/airflow/dags/parallel_dags.py
[2022-01-05 20:39:50,304] {processor.py:642} INFO - Processing file /home/airflow/airflow/dags/parallel_dags.py for tasks to queue
[2022-01-05 20:39:50,307] {logging_mixin.py:109} INFO - [2022-01-05 20:39:50,307] {dagbag.py:500} INFO - Filling up the DagBag from /home/airflow/airflow/dags/parallel_dags.py
[2022-01-05 20:39:50,383] {processor.py:654} INFO - DAG(s) dict_keys(['parallel_dag']) retrieved from /home/airflow/airflow/dags/parallel_dags.py
[2022-01-05 20:39:50,419] {logging_mixin.py:109} INFO - [2022-01-05 20:39:50,419] {dag.py:2396} INFO - Sync 1 DAGs
[2022-01-05 20:39:50,456] {logging_mixin.py:109} INFO - [2022-01-05 20:39:50,456] {dag.py:2935} INFO - Setting next_dagrun for parallel_dag to 2022-01-05T00:00:00+00:00
[2022-01-05 20:39:50,478] {processor.py:171} INFO - Processing /home/airflow/airflow/dags/parallel_dags.py took 0.182 seconds
[2022-01-05 20:40:20,686] {processor.py:163} INFO - Started process (PID=14824) to work on /home/airflow/airflow/dags/parallel_dags.py
[2022-01-05 20:40:20,691] {processor.py:642} INFO - Processing file /home/airflow/airflow/dags/parallel_dags.py for tasks to queue
[2022-01-05 20:40:20,693] {logging_mixin.py:109} INFO - [2022-01-05 20:40:20,692] {dagbag.py:500} INFO - Filling up the DagBag from /home/airflow/airflow/dags/parallel_dags.py
[2022-01-05 20:40:20,796] {processor.py:654} INFO - DAG(s) dict_keys(['parallel_dag']) retrieved from /home/airflow/airflow/dags/parallel_dags.py
[2022-01-05 20:40:20,820] {logging_mixin.py:109} INFO - [2022-01-05 20:40:20,820] {dag.py:2396} INFO - Sync 1 DAGs
[2022-01-05 20:40:20,860] {logging_mixin.py:109} INFO - [2022-01-05 20:40:20,860] {dag.py:2935} INFO - Setting next_dagrun for parallel_dag to 2022-01-05T00:00:00+00:00
[2022-01-05 20:40:20,881] {processor.py:171} INFO - Processing /home/airflow/airflow/dags/parallel_dags.py took 0.204 seconds
[2022-01-05 20:40:51,202] {processor.py:163} INFO - Started process (PID=15072) to work on /home/airflow/airflow/dags/parallel_dags.py
[2022-01-05 20:40:51,209] {processor.py:642} INFO - Processing file /home/airflow/airflow/dags/parallel_dags.py for tasks to queue
[2022-01-05 20:40:51,209] {logging_mixin.py:109} INFO - [2022-01-05 20:40:51,209] {dagbag.py:500} INFO - Filling up the DagBag from /home/airflow/airflow/dags/parallel_dags.py
[2022-01-05 20:40:51,299] {processor.py:654} INFO - DAG(s) dict_keys(['parallel_dag']) retrieved from /home/airflow/airflow/dags/parallel_dags.py
[2022-01-05 20:40:51,343] {logging_mixin.py:109} INFO - [2022-01-05 20:40:51,342] {dag.py:2396} INFO - Sync 1 DAGs
[2022-01-05 20:40:51,385] {logging_mixin.py:109} INFO - [2022-01-05 20:40:51,384] {dag.py:2935} INFO - Setting next_dagrun for parallel_dag to 2022-01-05T00:00:00+00:00
[2022-01-05 20:40:51,401] {processor.py:171} INFO - Processing /home/airflow/airflow/dags/parallel_dags.py took 0.202 seconds
[2022-01-05 20:41:21,546] {processor.py:163} INFO - Started process (PID=15310) to work on /home/airflow/airflow/dags/parallel_dags.py
[2022-01-05 20:41:21,546] {processor.py:642} INFO - Processing file /home/airflow/airflow/dags/parallel_dags.py for tasks to queue
[2022-01-05 20:41:21,547] {logging_mixin.py:109} INFO - [2022-01-05 20:41:21,547] {dagbag.py:500} INFO - Filling up the DagBag from /home/airflow/airflow/dags/parallel_dags.py
[2022-01-05 20:41:21,656] {processor.py:654} INFO - DAG(s) dict_keys(['parallel_dag']) retrieved from /home/airflow/airflow/dags/parallel_dags.py
[2022-01-05 20:41:21,667] {logging_mixin.py:109} INFO - [2022-01-05 20:41:21,666] {dag.py:2396} INFO - Sync 1 DAGs
[2022-01-05 20:41:21,700] {logging_mixin.py:109} INFO - [2022-01-05 20:41:21,700] {dag.py:2935} INFO - Setting next_dagrun for parallel_dag to 2022-01-05T00:00:00+00:00
[2022-01-05 20:41:21,711] {processor.py:171} INFO - Processing /home/airflow/airflow/dags/parallel_dags.py took 0.168 seconds
[2022-01-05 20:41:52,708] {processor.py:163} INFO - Started process (PID=15553) to work on /home/airflow/airflow/dags/parallel_dags.py
[2022-01-05 20:41:52,710] {processor.py:642} INFO - Processing file /home/airflow/airflow/dags/parallel_dags.py for tasks to queue
[2022-01-05 20:41:52,752] {logging_mixin.py:109} INFO - [2022-01-05 20:41:52,726] {dagbag.py:500} INFO - Filling up the DagBag from /home/airflow/airflow/dags/parallel_dags.py
[2022-01-05 20:41:53,075] {processor.py:654} INFO - DAG(s) dict_keys(['parallel_dag']) retrieved from /home/airflow/airflow/dags/parallel_dags.py
[2022-01-05 20:41:53,263] {logging_mixin.py:109} INFO - [2022-01-05 20:41:53,263] {dag.py:2396} INFO - Sync 1 DAGs
[2022-01-05 20:41:53,318] {logging_mixin.py:109} INFO - [2022-01-05 20:41:53,318] {dag.py:2935} INFO - Setting next_dagrun for parallel_dag to 2022-01-05T00:00:00+00:00
[2022-01-05 20:41:53,403] {processor.py:171} INFO - Processing /home/airflow/airflow/dags/parallel_dags.py took 0.698 seconds
[2022-01-05 20:42:23,669] {processor.py:163} INFO - Started process (PID=15798) to work on /home/airflow/airflow/dags/parallel_dags.py
[2022-01-05 20:42:23,675] {processor.py:642} INFO - Processing file /home/airflow/airflow/dags/parallel_dags.py for tasks to queue
[2022-01-05 20:42:23,676] {logging_mixin.py:109} INFO - [2022-01-05 20:42:23,676] {dagbag.py:500} INFO - Filling up the DagBag from /home/airflow/airflow/dags/parallel_dags.py
[2022-01-05 20:42:23,962] {processor.py:654} INFO - DAG(s) dict_keys(['parallel_dag']) retrieved from /home/airflow/airflow/dags/parallel_dags.py
[2022-01-05 20:42:23,979] {logging_mixin.py:109} INFO - [2022-01-05 20:42:23,979] {dag.py:2396} INFO - Sync 1 DAGs
[2022-01-05 20:42:24,125] {logging_mixin.py:109} INFO - [2022-01-05 20:42:24,125] {dag.py:2935} INFO - Setting next_dagrun for parallel_dag to 2022-01-05T00:00:00+00:00
[2022-01-05 20:42:24,167] {processor.py:171} INFO - Processing /home/airflow/airflow/dags/parallel_dags.py took 0.501 seconds
[2022-01-05 20:42:54,524] {processor.py:163} INFO - Started process (PID=16045) to work on /home/airflow/airflow/dags/parallel_dags.py
[2022-01-05 20:42:54,528] {processor.py:642} INFO - Processing file /home/airflow/airflow/dags/parallel_dags.py for tasks to queue
[2022-01-05 20:42:54,529] {logging_mixin.py:109} INFO - [2022-01-05 20:42:54,528] {dagbag.py:500} INFO - Filling up the DagBag from /home/airflow/airflow/dags/parallel_dags.py
[2022-01-05 20:42:54,629] {processor.py:654} INFO - DAG(s) dict_keys(['parallel_dag']) retrieved from /home/airflow/airflow/dags/parallel_dags.py
[2022-01-05 20:42:54,664] {logging_mixin.py:109} INFO - [2022-01-05 20:42:54,663] {dag.py:2396} INFO - Sync 1 DAGs
[2022-01-05 20:42:54,712] {logging_mixin.py:109} INFO - [2022-01-05 20:42:54,712] {dag.py:2935} INFO - Setting next_dagrun for parallel_dag to 2022-01-05T00:00:00+00:00
[2022-01-05 20:42:54,729] {processor.py:171} INFO - Processing /home/airflow/airflow/dags/parallel_dags.py took 0.207 seconds
[2022-01-05 20:43:25,922] {processor.py:163} INFO - Started process (PID=16358) to work on /home/airflow/airflow/dags/parallel_dags.py
[2022-01-05 20:43:25,928] {processor.py:642} INFO - Processing file /home/airflow/airflow/dags/parallel_dags.py for tasks to queue
[2022-01-05 20:43:25,929] {logging_mixin.py:109} INFO - [2022-01-05 20:43:25,929] {dagbag.py:500} INFO - Filling up the DagBag from /home/airflow/airflow/dags/parallel_dags.py
[2022-01-05 20:43:26,106] {processor.py:654} INFO - DAG(s) dict_keys(['parallel_dag']) retrieved from /home/airflow/airflow/dags/parallel_dags.py
[2022-01-05 20:43:26,119] {logging_mixin.py:109} INFO - [2022-01-05 20:43:26,117] {dag.py:2396} INFO - Sync 1 DAGs
[2022-01-05 20:43:26,184] {logging_mixin.py:109} INFO - [2022-01-05 20:43:26,184] {dag.py:2935} INFO - Setting next_dagrun for parallel_dag to 2022-01-05T00:00:00+00:00
[2022-01-05 20:43:26,213] {processor.py:171} INFO - Processing /home/airflow/airflow/dags/parallel_dags.py took 0.297 seconds
[2022-01-05 20:43:56,985] {processor.py:163} INFO - Started process (PID=16603) to work on /home/airflow/airflow/dags/parallel_dags.py
[2022-01-05 20:43:56,989] {processor.py:642} INFO - Processing file /home/airflow/airflow/dags/parallel_dags.py for tasks to queue
[2022-01-05 20:43:56,989] {logging_mixin.py:109} INFO - [2022-01-05 20:43:56,989] {dagbag.py:500} INFO - Filling up the DagBag from /home/airflow/airflow/dags/parallel_dags.py
[2022-01-05 20:43:57,108] {processor.py:654} INFO - DAG(s) dict_keys(['parallel_dag']) retrieved from /home/airflow/airflow/dags/parallel_dags.py
[2022-01-05 20:43:57,131] {logging_mixin.py:109} INFO - [2022-01-05 20:43:57,131] {dag.py:2396} INFO - Sync 1 DAGs
[2022-01-05 20:43:57,158] {logging_mixin.py:109} INFO - [2022-01-05 20:43:57,158] {dag.py:2935} INFO - Setting next_dagrun for parallel_dag to 2022-01-05T00:00:00+00:00
[2022-01-05 20:43:57,176] {processor.py:171} INFO - Processing /home/airflow/airflow/dags/parallel_dags.py took 0.195 seconds
[2022-01-05 20:44:27,601] {processor.py:163} INFO - Started process (PID=16844) to work on /home/airflow/airflow/dags/parallel_dags.py
[2022-01-05 20:44:27,602] {processor.py:642} INFO - Processing file /home/airflow/airflow/dags/parallel_dags.py for tasks to queue
[2022-01-05 20:44:27,603] {logging_mixin.py:109} INFO - [2022-01-05 20:44:27,602] {dagbag.py:500} INFO - Filling up the DagBag from /home/airflow/airflow/dags/parallel_dags.py
[2022-01-05 20:44:27,700] {processor.py:654} INFO - DAG(s) dict_keys(['parallel_dag']) retrieved from /home/airflow/airflow/dags/parallel_dags.py
[2022-01-05 20:44:27,728] {logging_mixin.py:109} INFO - [2022-01-05 20:44:27,728] {dag.py:2396} INFO - Sync 1 DAGs
[2022-01-05 20:44:27,753] {logging_mixin.py:109} INFO - [2022-01-05 20:44:27,752] {dag.py:2935} INFO - Setting next_dagrun for parallel_dag to 2022-01-05T00:00:00+00:00
[2022-01-05 20:44:27,781] {processor.py:171} INFO - Processing /home/airflow/airflow/dags/parallel_dags.py took 0.187 seconds
[2022-01-05 20:44:58,131] {processor.py:163} INFO - Started process (PID=17091) to work on /home/airflow/airflow/dags/parallel_dags.py
[2022-01-05 20:44:58,134] {processor.py:642} INFO - Processing file /home/airflow/airflow/dags/parallel_dags.py for tasks to queue
[2022-01-05 20:44:58,135] {logging_mixin.py:109} INFO - [2022-01-05 20:44:58,135] {dagbag.py:500} INFO - Filling up the DagBag from /home/airflow/airflow/dags/parallel_dags.py
[2022-01-05 20:44:58,261] {processor.py:654} INFO - DAG(s) dict_keys(['parallel_dag']) retrieved from /home/airflow/airflow/dags/parallel_dags.py
[2022-01-05 20:44:58,283] {logging_mixin.py:109} INFO - [2022-01-05 20:44:58,283] {dag.py:2396} INFO - Sync 1 DAGs
[2022-01-05 20:44:58,315] {logging_mixin.py:109} INFO - [2022-01-05 20:44:58,315] {dag.py:2935} INFO - Setting next_dagrun for parallel_dag to 2022-01-05T00:00:00+00:00
[2022-01-05 20:44:58,335] {processor.py:171} INFO - Processing /home/airflow/airflow/dags/parallel_dags.py took 0.222 seconds
[2022-01-05 20:45:28,505] {processor.py:163} INFO - Started process (PID=17335) to work on /home/airflow/airflow/dags/parallel_dags.py
[2022-01-05 20:45:28,508] {processor.py:642} INFO - Processing file /home/airflow/airflow/dags/parallel_dags.py for tasks to queue
[2022-01-05 20:45:28,512] {logging_mixin.py:109} INFO - [2022-01-05 20:45:28,512] {dagbag.py:500} INFO - Filling up the DagBag from /home/airflow/airflow/dags/parallel_dags.py
[2022-01-05 20:45:28,614] {processor.py:654} INFO - DAG(s) dict_keys(['parallel_dag']) retrieved from /home/airflow/airflow/dags/parallel_dags.py
[2022-01-05 20:45:28,634] {logging_mixin.py:109} INFO - [2022-01-05 20:45:28,634] {dag.py:2396} INFO - Sync 1 DAGs
[2022-01-05 20:45:28,673] {logging_mixin.py:109} INFO - [2022-01-05 20:45:28,673] {dag.py:2935} INFO - Setting next_dagrun for parallel_dag to 2022-01-05T00:00:00+00:00
[2022-01-05 20:45:28,700] {processor.py:171} INFO - Processing /home/airflow/airflow/dags/parallel_dags.py took 0.213 seconds
[2022-01-05 20:45:59,416] {processor.py:163} INFO - Started process (PID=17584) to work on /home/airflow/airflow/dags/parallel_dags.py
[2022-01-05 20:45:59,419] {processor.py:642} INFO - Processing file /home/airflow/airflow/dags/parallel_dags.py for tasks to queue
[2022-01-05 20:45:59,419] {logging_mixin.py:109} INFO - [2022-01-05 20:45:59,419] {dagbag.py:500} INFO - Filling up the DagBag from /home/airflow/airflow/dags/parallel_dags.py
[2022-01-05 20:45:59,474] {processor.py:654} INFO - DAG(s) dict_keys(['parallel_dag']) retrieved from /home/airflow/airflow/dags/parallel_dags.py
[2022-01-05 20:45:59,489] {logging_mixin.py:109} INFO - [2022-01-05 20:45:59,489] {dag.py:2396} INFO - Sync 1 DAGs
[2022-01-05 20:45:59,510] {logging_mixin.py:109} INFO - [2022-01-05 20:45:59,510] {dag.py:2935} INFO - Setting next_dagrun for parallel_dag to 2022-01-05T00:00:00+00:00
[2022-01-05 20:45:59,526] {processor.py:171} INFO - Processing /home/airflow/airflow/dags/parallel_dags.py took 0.113 seconds
[2022-01-05 20:46:29,808] {processor.py:163} INFO - Started process (PID=17831) to work on /home/airflow/airflow/dags/parallel_dags.py
[2022-01-05 20:46:29,815] {processor.py:642} INFO - Processing file /home/airflow/airflow/dags/parallel_dags.py for tasks to queue
[2022-01-05 20:46:29,816] {logging_mixin.py:109} INFO - [2022-01-05 20:46:29,816] {dagbag.py:500} INFO - Filling up the DagBag from /home/airflow/airflow/dags/parallel_dags.py
[2022-01-05 20:46:29,927] {processor.py:654} INFO - DAG(s) dict_keys(['parallel_dag']) retrieved from /home/airflow/airflow/dags/parallel_dags.py
[2022-01-05 20:46:29,952] {logging_mixin.py:109} INFO - [2022-01-05 20:46:29,952] {dag.py:2396} INFO - Sync 1 DAGs
[2022-01-05 20:46:29,997] {logging_mixin.py:109} INFO - [2022-01-05 20:46:29,997] {dag.py:2935} INFO - Setting next_dagrun for parallel_dag to 2022-01-05T00:00:00+00:00
[2022-01-05 20:46:30,028] {processor.py:171} INFO - Processing /home/airflow/airflow/dags/parallel_dags.py took 0.230 seconds
[2022-01-05 20:47:00,785] {processor.py:163} INFO - Started process (PID=18072) to work on /home/airflow/airflow/dags/parallel_dags.py
[2022-01-05 20:47:00,787] {processor.py:642} INFO - Processing file /home/airflow/airflow/dags/parallel_dags.py for tasks to queue
[2022-01-05 20:47:00,788] {logging_mixin.py:109} INFO - [2022-01-05 20:47:00,787] {dagbag.py:500} INFO - Filling up the DagBag from /home/airflow/airflow/dags/parallel_dags.py
[2022-01-05 20:47:00,946] {processor.py:654} INFO - DAG(s) dict_keys(['parallel_dag']) retrieved from /home/airflow/airflow/dags/parallel_dags.py
[2022-01-05 20:47:00,970] {logging_mixin.py:109} INFO - [2022-01-05 20:47:00,969] {dag.py:2396} INFO - Sync 1 DAGs
[2022-01-05 20:47:00,999] {logging_mixin.py:109} INFO - [2022-01-05 20:47:00,999] {dag.py:2935} INFO - Setting next_dagrun for parallel_dag to 2022-01-05T00:00:00+00:00
[2022-01-05 20:47:01,019] {processor.py:171} INFO - Processing /home/airflow/airflow/dags/parallel_dags.py took 0.254 seconds
[2022-01-05 20:47:31,669] {processor.py:163} INFO - Started process (PID=18320) to work on /home/airflow/airflow/dags/parallel_dags.py
[2022-01-05 20:47:31,692] {processor.py:642} INFO - Processing file /home/airflow/airflow/dags/parallel_dags.py for tasks to queue
[2022-01-05 20:47:31,693] {logging_mixin.py:109} INFO - [2022-01-05 20:47:31,693] {dagbag.py:500} INFO - Filling up the DagBag from /home/airflow/airflow/dags/parallel_dags.py
[2022-01-05 20:47:31,951] {processor.py:654} INFO - DAG(s) dict_keys(['parallel_dag']) retrieved from /home/airflow/airflow/dags/parallel_dags.py
[2022-01-05 20:47:31,969] {logging_mixin.py:109} INFO - [2022-01-05 20:47:31,969] {dag.py:2396} INFO - Sync 1 DAGs
[2022-01-05 20:47:32,092] {logging_mixin.py:109} INFO - [2022-01-05 20:47:32,091] {dag.py:2935} INFO - Setting next_dagrun for parallel_dag to 2022-01-05T00:00:00+00:00
[2022-01-05 20:47:32,110] {processor.py:171} INFO - Processing /home/airflow/airflow/dags/parallel_dags.py took 0.450 seconds
[2022-01-05 20:48:02,425] {processor.py:163} INFO - Started process (PID=18566) to work on /home/airflow/airflow/dags/parallel_dags.py
[2022-01-05 20:48:02,431] {processor.py:642} INFO - Processing file /home/airflow/airflow/dags/parallel_dags.py for tasks to queue
[2022-01-05 20:48:02,431] {logging_mixin.py:109} INFO - [2022-01-05 20:48:02,431] {dagbag.py:500} INFO - Filling up the DagBag from /home/airflow/airflow/dags/parallel_dags.py
[2022-01-05 20:48:02,480] {processor.py:654} INFO - DAG(s) dict_keys(['parallel_dag']) retrieved from /home/airflow/airflow/dags/parallel_dags.py
[2022-01-05 20:48:02,503] {logging_mixin.py:109} INFO - [2022-01-05 20:48:02,503] {dag.py:2396} INFO - Sync 1 DAGs
[2022-01-05 20:48:02,529] {logging_mixin.py:109} INFO - [2022-01-05 20:48:02,529] {dag.py:2935} INFO - Setting next_dagrun for parallel_dag to 2022-01-05T00:00:00+00:00
[2022-01-05 20:48:02,550] {processor.py:171} INFO - Processing /home/airflow/airflow/dags/parallel_dags.py took 0.129 seconds
[2022-01-05 20:48:33,914] {processor.py:163} INFO - Started process (PID=18877) to work on /home/airflow/airflow/dags/parallel_dags.py
[2022-01-05 20:48:33,919] {processor.py:642} INFO - Processing file /home/airflow/airflow/dags/parallel_dags.py for tasks to queue
[2022-01-05 20:48:33,920] {logging_mixin.py:109} INFO - [2022-01-05 20:48:33,920] {dagbag.py:500} INFO - Filling up the DagBag from /home/airflow/airflow/dags/parallel_dags.py
[2022-01-05 20:48:34,319] {processor.py:654} INFO - DAG(s) dict_keys(['parallel_dag']) retrieved from /home/airflow/airflow/dags/parallel_dags.py
[2022-01-05 20:48:34,332] {logging_mixin.py:109} INFO - [2022-01-05 20:48:34,332] {dag.py:2396} INFO - Sync 1 DAGs
[2022-01-05 20:48:34,412] {logging_mixin.py:109} INFO - [2022-01-05 20:48:34,412] {dag.py:2935} INFO - Setting next_dagrun for parallel_dag to 2022-01-05T00:00:00+00:00
[2022-01-05 20:48:34,431] {processor.py:171} INFO - Processing /home/airflow/airflow/dags/parallel_dags.py took 0.550 seconds
[2022-01-05 20:49:05,047] {processor.py:163} INFO - Started process (PID=19125) to work on /home/airflow/airflow/dags/parallel_dags.py
[2022-01-05 20:49:05,048] {processor.py:642} INFO - Processing file /home/airflow/airflow/dags/parallel_dags.py for tasks to queue
[2022-01-05 20:49:05,049] {logging_mixin.py:109} INFO - [2022-01-05 20:49:05,049] {dagbag.py:500} INFO - Filling up the DagBag from /home/airflow/airflow/dags/parallel_dags.py
[2022-01-05 20:49:05,264] {processor.py:654} INFO - DAG(s) dict_keys(['parallel_dag']) retrieved from /home/airflow/airflow/dags/parallel_dags.py
[2022-01-05 20:49:05,298] {logging_mixin.py:109} INFO - [2022-01-05 20:49:05,298] {dag.py:2396} INFO - Sync 1 DAGs
[2022-01-05 20:49:05,316] {logging_mixin.py:109} INFO - [2022-01-05 20:49:05,316] {dag.py:2935} INFO - Setting next_dagrun for parallel_dag to 2022-01-05T00:00:00+00:00
[2022-01-05 20:49:05,351] {processor.py:171} INFO - Processing /home/airflow/airflow/dags/parallel_dags.py took 0.308 seconds
[2022-01-05 20:49:36,554] {processor.py:163} INFO - Started process (PID=19372) to work on /home/airflow/airflow/dags/parallel_dags.py
[2022-01-05 20:49:36,556] {processor.py:642} INFO - Processing file /home/airflow/airflow/dags/parallel_dags.py for tasks to queue
[2022-01-05 20:49:36,575] {logging_mixin.py:109} INFO - [2022-01-05 20:49:36,575] {dagbag.py:500} INFO - Filling up the DagBag from /home/airflow/airflow/dags/parallel_dags.py
[2022-01-05 20:49:36,749] {processor.py:654} INFO - DAG(s) dict_keys(['parallel_dag']) retrieved from /home/airflow/airflow/dags/parallel_dags.py
[2022-01-05 20:49:36,784] {logging_mixin.py:109} INFO - [2022-01-05 20:49:36,784] {dag.py:2396} INFO - Sync 1 DAGs
[2022-01-05 20:49:36,828] {logging_mixin.py:109} INFO - [2022-01-05 20:49:36,828] {dag.py:2935} INFO - Setting next_dagrun for parallel_dag to 2022-01-05T00:00:00+00:00
[2022-01-05 20:49:36,839] {processor.py:171} INFO - Processing /home/airflow/airflow/dags/parallel_dags.py took 0.306 seconds
[2022-01-05 20:50:07,425] {processor.py:163} INFO - Started process (PID=19614) to work on /home/airflow/airflow/dags/parallel_dags.py
[2022-01-05 20:50:07,427] {processor.py:642} INFO - Processing file /home/airflow/airflow/dags/parallel_dags.py for tasks to queue
[2022-01-05 20:50:07,433] {logging_mixin.py:109} INFO - [2022-01-05 20:50:07,433] {dagbag.py:500} INFO - Filling up the DagBag from /home/airflow/airflow/dags/parallel_dags.py
[2022-01-05 20:50:07,583] {processor.py:654} INFO - DAG(s) dict_keys(['parallel_dag']) retrieved from /home/airflow/airflow/dags/parallel_dags.py
[2022-01-05 20:50:07,621] {logging_mixin.py:109} INFO - [2022-01-05 20:50:07,621] {dag.py:2396} INFO - Sync 1 DAGs
[2022-01-05 20:50:07,695] {logging_mixin.py:109} INFO - [2022-01-05 20:50:07,695] {dag.py:2935} INFO - Setting next_dagrun for parallel_dag to 2022-01-05T00:00:00+00:00
[2022-01-05 20:50:07,741] {processor.py:171} INFO - Processing /home/airflow/airflow/dags/parallel_dags.py took 0.327 seconds
[2022-01-05 20:50:38,484] {processor.py:163} INFO - Started process (PID=19858) to work on /home/airflow/airflow/dags/parallel_dags.py
[2022-01-05 20:50:38,485] {processor.py:642} INFO - Processing file /home/airflow/airflow/dags/parallel_dags.py for tasks to queue
[2022-01-05 20:50:38,486] {logging_mixin.py:109} INFO - [2022-01-05 20:50:38,486] {dagbag.py:500} INFO - Filling up the DagBag from /home/airflow/airflow/dags/parallel_dags.py
[2022-01-05 20:50:38,635] {processor.py:654} INFO - DAG(s) dict_keys(['parallel_dag']) retrieved from /home/airflow/airflow/dags/parallel_dags.py
[2022-01-05 20:50:38,664] {logging_mixin.py:109} INFO - [2022-01-05 20:50:38,664] {dag.py:2396} INFO - Sync 1 DAGs
[2022-01-05 20:50:38,786] {logging_mixin.py:109} INFO - [2022-01-05 20:50:38,786] {dag.py:2935} INFO - Setting next_dagrun for parallel_dag to 2022-01-05T00:00:00+00:00
[2022-01-05 20:50:38,828] {processor.py:171} INFO - Processing /home/airflow/airflow/dags/parallel_dags.py took 0.391 seconds
[2022-01-05 20:51:09,055] {processor.py:163} INFO - Started process (PID=20104) to work on /home/airflow/airflow/dags/parallel_dags.py
[2022-01-05 20:51:09,056] {processor.py:642} INFO - Processing file /home/airflow/airflow/dags/parallel_dags.py for tasks to queue
[2022-01-05 20:51:09,057] {logging_mixin.py:109} INFO - [2022-01-05 20:51:09,057] {dagbag.py:500} INFO - Filling up the DagBag from /home/airflow/airflow/dags/parallel_dags.py
[2022-01-05 20:51:09,154] {processor.py:654} INFO - DAG(s) dict_keys(['parallel_dag']) retrieved from /home/airflow/airflow/dags/parallel_dags.py
[2022-01-05 20:51:09,173] {logging_mixin.py:109} INFO - [2022-01-05 20:51:09,173] {dag.py:2396} INFO - Sync 1 DAGs
[2022-01-05 20:51:09,209] {logging_mixin.py:109} INFO - [2022-01-05 20:51:09,209] {dag.py:2935} INFO - Setting next_dagrun for parallel_dag to 2022-01-05T00:00:00+00:00
[2022-01-05 20:51:09,231] {processor.py:171} INFO - Processing /home/airflow/airflow/dags/parallel_dags.py took 0.182 seconds
[2022-01-05 20:51:39,645] {processor.py:163} INFO - Started process (PID=20345) to work on /home/airflow/airflow/dags/parallel_dags.py
[2022-01-05 20:51:39,649] {processor.py:642} INFO - Processing file /home/airflow/airflow/dags/parallel_dags.py for tasks to queue
[2022-01-05 20:51:39,650] {logging_mixin.py:109} INFO - [2022-01-05 20:51:39,650] {dagbag.py:500} INFO - Filling up the DagBag from /home/airflow/airflow/dags/parallel_dags.py
[2022-01-05 20:51:39,754] {processor.py:654} INFO - DAG(s) dict_keys(['parallel_dag']) retrieved from /home/airflow/airflow/dags/parallel_dags.py
[2022-01-05 20:51:39,768] {logging_mixin.py:109} INFO - [2022-01-05 20:51:39,767] {dag.py:2396} INFO - Sync 1 DAGs
[2022-01-05 20:51:39,797] {logging_mixin.py:109} INFO - [2022-01-05 20:51:39,796] {dag.py:2935} INFO - Setting next_dagrun for parallel_dag to 2022-01-05T00:00:00+00:00
[2022-01-05 20:51:39,806] {processor.py:171} INFO - Processing /home/airflow/airflow/dags/parallel_dags.py took 0.178 seconds
[2022-01-05 20:52:10,204] {processor.py:163} INFO - Started process (PID=20593) to work on /home/airflow/airflow/dags/parallel_dags.py
[2022-01-05 20:52:10,207] {processor.py:642} INFO - Processing file /home/airflow/airflow/dags/parallel_dags.py for tasks to queue
[2022-01-05 20:52:10,207] {logging_mixin.py:109} INFO - [2022-01-05 20:52:10,207] {dagbag.py:500} INFO - Filling up the DagBag from /home/airflow/airflow/dags/parallel_dags.py
[2022-01-05 20:52:10,294] {processor.py:654} INFO - DAG(s) dict_keys(['parallel_dag']) retrieved from /home/airflow/airflow/dags/parallel_dags.py
[2022-01-05 20:52:10,315] {logging_mixin.py:109} INFO - [2022-01-05 20:52:10,315] {dag.py:2396} INFO - Sync 1 DAGs
[2022-01-05 20:52:10,349] {logging_mixin.py:109} INFO - [2022-01-05 20:52:10,348] {dag.py:2935} INFO - Setting next_dagrun for parallel_dag to 2022-01-05T00:00:00+00:00
[2022-01-05 20:52:10,366] {processor.py:171} INFO - Processing /home/airflow/airflow/dags/parallel_dags.py took 0.166 seconds
[2022-01-05 20:52:40,709] {processor.py:163} INFO - Started process (PID=20840) to work on /home/airflow/airflow/dags/parallel_dags.py
[2022-01-05 20:52:40,710] {processor.py:642} INFO - Processing file /home/airflow/airflow/dags/parallel_dags.py for tasks to queue
[2022-01-05 20:52:40,710] {logging_mixin.py:109} INFO - [2022-01-05 20:52:40,710] {dagbag.py:500} INFO - Filling up the DagBag from /home/airflow/airflow/dags/parallel_dags.py
[2022-01-05 20:52:40,790] {processor.py:654} INFO - DAG(s) dict_keys(['parallel_dag']) retrieved from /home/airflow/airflow/dags/parallel_dags.py
[2022-01-05 20:52:40,809] {logging_mixin.py:109} INFO - [2022-01-05 20:52:40,809] {dag.py:2396} INFO - Sync 1 DAGs
[2022-01-05 20:52:40,850] {logging_mixin.py:109} INFO - [2022-01-05 20:52:40,850] {dag.py:2935} INFO - Setting next_dagrun for parallel_dag to 2022-01-05T00:00:00+00:00
[2022-01-05 20:52:40,865] {processor.py:171} INFO - Processing /home/airflow/airflow/dags/parallel_dags.py took 0.159 seconds
[2022-01-05 20:53:11,285] {processor.py:163} INFO - Started process (PID=21087) to work on /home/airflow/airflow/dags/parallel_dags.py
[2022-01-05 20:53:11,286] {processor.py:642} INFO - Processing file /home/airflow/airflow/dags/parallel_dags.py for tasks to queue
[2022-01-05 20:53:11,287] {logging_mixin.py:109} INFO - [2022-01-05 20:53:11,287] {dagbag.py:500} INFO - Filling up the DagBag from /home/airflow/airflow/dags/parallel_dags.py
[2022-01-05 20:53:11,382] {processor.py:654} INFO - DAG(s) dict_keys(['parallel_dag']) retrieved from /home/airflow/airflow/dags/parallel_dags.py
[2022-01-05 20:53:11,400] {logging_mixin.py:109} INFO - [2022-01-05 20:53:11,400] {dag.py:2396} INFO - Sync 1 DAGs
[2022-01-05 20:53:11,434] {logging_mixin.py:109} INFO - [2022-01-05 20:53:11,434] {dag.py:2935} INFO - Setting next_dagrun for parallel_dag to 2022-01-05T00:00:00+00:00
[2022-01-05 20:53:11,448] {processor.py:171} INFO - Processing /home/airflow/airflow/dags/parallel_dags.py took 0.182 seconds
[2022-01-05 20:53:41,809] {processor.py:163} INFO - Started process (PID=21397) to work on /home/airflow/airflow/dags/parallel_dags.py
[2022-01-05 20:53:41,810] {processor.py:642} INFO - Processing file /home/airflow/airflow/dags/parallel_dags.py for tasks to queue
[2022-01-05 20:53:41,811] {logging_mixin.py:109} INFO - [2022-01-05 20:53:41,811] {dagbag.py:500} INFO - Filling up the DagBag from /home/airflow/airflow/dags/parallel_dags.py
[2022-01-05 20:53:41,932] {processor.py:654} INFO - DAG(s) dict_keys(['parallel_dag']) retrieved from /home/airflow/airflow/dags/parallel_dags.py
[2022-01-05 20:53:41,957] {logging_mixin.py:109} INFO - [2022-01-05 20:53:41,956] {dag.py:2396} INFO - Sync 1 DAGs
[2022-01-05 20:53:42,008] {logging_mixin.py:109} INFO - [2022-01-05 20:53:42,006] {dag.py:2935} INFO - Setting next_dagrun for parallel_dag to 2022-01-05T00:00:00+00:00
[2022-01-05 20:53:42,046] {processor.py:171} INFO - Processing /home/airflow/airflow/dags/parallel_dags.py took 0.239 seconds
[2022-01-05 20:54:12,661] {processor.py:163} INFO - Started process (PID=21644) to work on /home/airflow/airflow/dags/parallel_dags.py
[2022-01-05 20:54:12,675] {processor.py:642} INFO - Processing file /home/airflow/airflow/dags/parallel_dags.py for tasks to queue
[2022-01-05 20:54:12,677] {logging_mixin.py:109} INFO - [2022-01-05 20:54:12,676] {dagbag.py:500} INFO - Filling up the DagBag from /home/airflow/airflow/dags/parallel_dags.py
[2022-01-05 20:54:12,782] {processor.py:654} INFO - DAG(s) dict_keys(['parallel_dag']) retrieved from /home/airflow/airflow/dags/parallel_dags.py
[2022-01-05 20:54:12,796] {logging_mixin.py:109} INFO - [2022-01-05 20:54:12,796] {dag.py:2396} INFO - Sync 1 DAGs
[2022-01-05 20:54:12,829] {logging_mixin.py:109} INFO - [2022-01-05 20:54:12,829] {dag.py:2935} INFO - Setting next_dagrun for parallel_dag to 2022-01-05T00:00:00+00:00
[2022-01-05 20:54:12,841] {processor.py:171} INFO - Processing /home/airflow/airflow/dags/parallel_dags.py took 0.189 seconds
[2022-01-05 20:54:43,287] {processor.py:163} INFO - Started process (PID=21891) to work on /home/airflow/airflow/dags/parallel_dags.py
[2022-01-05 20:54:43,293] {processor.py:642} INFO - Processing file /home/airflow/airflow/dags/parallel_dags.py for tasks to queue
[2022-01-05 20:54:43,293] {logging_mixin.py:109} INFO - [2022-01-05 20:54:43,293] {dagbag.py:500} INFO - Filling up the DagBag from /home/airflow/airflow/dags/parallel_dags.py
[2022-01-05 20:54:43,375] {processor.py:654} INFO - DAG(s) dict_keys(['parallel_dag']) retrieved from /home/airflow/airflow/dags/parallel_dags.py
[2022-01-05 20:54:43,384] {logging_mixin.py:109} INFO - [2022-01-05 20:54:43,384] {dag.py:2396} INFO - Sync 1 DAGs
[2022-01-05 20:54:43,402] {logging_mixin.py:109} INFO - [2022-01-05 20:54:43,402] {dag.py:2935} INFO - Setting next_dagrun for parallel_dag to 2022-01-05T00:00:00+00:00
[2022-01-05 20:54:43,430] {processor.py:171} INFO - Processing /home/airflow/airflow/dags/parallel_dags.py took 0.150 seconds
[2022-01-05 20:55:14,827] {processor.py:163} INFO - Started process (PID=22140) to work on /home/airflow/airflow/dags/parallel_dags.py
[2022-01-05 20:55:14,829] {processor.py:642} INFO - Processing file /home/airflow/airflow/dags/parallel_dags.py for tasks to queue
[2022-01-05 20:55:14,831] {logging_mixin.py:109} INFO - [2022-01-05 20:55:14,830] {dagbag.py:500} INFO - Filling up the DagBag from /home/airflow/airflow/dags/parallel_dags.py
[2022-01-05 20:55:14,990] {processor.py:654} INFO - DAG(s) dict_keys(['parallel_dag']) retrieved from /home/airflow/airflow/dags/parallel_dags.py
[2022-01-05 20:55:15,046] {logging_mixin.py:109} INFO - [2022-01-05 20:55:15,046] {dag.py:2396} INFO - Sync 1 DAGs
[2022-01-05 20:55:15,092] {logging_mixin.py:109} INFO - [2022-01-05 20:55:15,091] {dag.py:2935} INFO - Setting next_dagrun for parallel_dag to 2022-01-05T00:00:00+00:00
[2022-01-05 20:55:15,128] {processor.py:171} INFO - Processing /home/airflow/airflow/dags/parallel_dags.py took 0.379 seconds
[2022-01-05 20:55:46,193] {processor.py:163} INFO - Started process (PID=22382) to work on /home/airflow/airflow/dags/parallel_dags.py
[2022-01-05 20:55:46,194] {processor.py:642} INFO - Processing file /home/airflow/airflow/dags/parallel_dags.py for tasks to queue
[2022-01-05 20:55:46,196] {logging_mixin.py:109} INFO - [2022-01-05 20:55:46,196] {dagbag.py:500} INFO - Filling up the DagBag from /home/airflow/airflow/dags/parallel_dags.py
[2022-01-05 20:55:46,530] {processor.py:654} INFO - DAG(s) dict_keys(['parallel_dag']) retrieved from /home/airflow/airflow/dags/parallel_dags.py
[2022-01-05 20:55:46,540] {logging_mixin.py:109} INFO - [2022-01-05 20:55:46,540] {dag.py:2396} INFO - Sync 1 DAGs
[2022-01-05 20:55:46,948] {logging_mixin.py:109} INFO - [2022-01-05 20:55:46,947] {dag.py:2935} INFO - Setting next_dagrun for parallel_dag to 2022-01-05T00:00:00+00:00
[2022-01-05 20:55:47,039] {processor.py:171} INFO - Processing /home/airflow/airflow/dags/parallel_dags.py took 0.850 seconds
[2022-01-05 20:56:17,692] {processor.py:163} INFO - Started process (PID=22626) to work on /home/airflow/airflow/dags/parallel_dags.py
[2022-01-05 20:56:17,694] {processor.py:642} INFO - Processing file /home/airflow/airflow/dags/parallel_dags.py for tasks to queue
[2022-01-05 20:56:17,695] {logging_mixin.py:109} INFO - [2022-01-05 20:56:17,695] {dagbag.py:500} INFO - Filling up the DagBag from /home/airflow/airflow/dags/parallel_dags.py
[2022-01-05 20:56:18,034] {processor.py:654} INFO - DAG(s) dict_keys(['parallel_dag']) retrieved from /home/airflow/airflow/dags/parallel_dags.py
[2022-01-05 20:56:18,082] {logging_mixin.py:109} INFO - [2022-01-05 20:56:18,082] {dag.py:2396} INFO - Sync 1 DAGs
[2022-01-05 20:56:18,181] {logging_mixin.py:109} INFO - [2022-01-05 20:56:18,180] {dag.py:2935} INFO - Setting next_dagrun for parallel_dag to 2022-01-05T00:00:00+00:00
[2022-01-05 20:56:18,233] {processor.py:171} INFO - Processing /home/airflow/airflow/dags/parallel_dags.py took 0.548 seconds
[2022-01-05 20:56:49,141] {processor.py:163} INFO - Started process (PID=22869) to work on /home/airflow/airflow/dags/parallel_dags.py
[2022-01-05 20:56:49,147] {processor.py:642} INFO - Processing file /home/airflow/airflow/dags/parallel_dags.py for tasks to queue
[2022-01-05 20:56:49,150] {logging_mixin.py:109} INFO - [2022-01-05 20:56:49,150] {dagbag.py:500} INFO - Filling up the DagBag from /home/airflow/airflow/dags/parallel_dags.py
[2022-01-05 20:56:49,595] {processor.py:654} INFO - DAG(s) dict_keys(['parallel_dag']) retrieved from /home/airflow/airflow/dags/parallel_dags.py
[2022-01-05 20:56:49,640] {logging_mixin.py:109} INFO - [2022-01-05 20:56:49,640] {dag.py:2396} INFO - Sync 1 DAGs
[2022-01-05 20:56:49,699] {logging_mixin.py:109} INFO - [2022-01-05 20:56:49,699] {dag.py:2935} INFO - Setting next_dagrun for parallel_dag to 2022-01-05T00:00:00+00:00
[2022-01-05 20:56:49,743] {processor.py:171} INFO - Processing /home/airflow/airflow/dags/parallel_dags.py took 0.642 seconds
[2022-01-05 20:57:21,502] {processor.py:163} INFO - Started process (PID=23116) to work on /home/airflow/airflow/dags/parallel_dags.py
[2022-01-05 20:57:21,531] {processor.py:642} INFO - Processing file /home/airflow/airflow/dags/parallel_dags.py for tasks to queue
[2022-01-05 20:57:21,533] {logging_mixin.py:109} INFO - [2022-01-05 20:57:21,532] {dagbag.py:500} INFO - Filling up the DagBag from /home/airflow/airflow/dags/parallel_dags.py
[2022-01-05 20:57:21,685] {processor.py:654} INFO - DAG(s) dict_keys(['parallel_dag']) retrieved from /home/airflow/airflow/dags/parallel_dags.py
[2022-01-05 20:57:21,700] {logging_mixin.py:109} INFO - [2022-01-05 20:57:21,700] {dag.py:2396} INFO - Sync 1 DAGs
[2022-01-05 20:57:21,886] {logging_mixin.py:109} INFO - [2022-01-05 20:57:21,886] {dag.py:2935} INFO - Setting next_dagrun for parallel_dag to 2022-01-05T00:00:00+00:00
[2022-01-05 20:57:21,933] {processor.py:171} INFO - Processing /home/airflow/airflow/dags/parallel_dags.py took 0.631 seconds
[2022-01-05 20:57:52,252] {processor.py:163} INFO - Started process (PID=23353) to work on /home/airflow/airflow/dags/parallel_dags.py
[2022-01-05 20:57:52,280] {processor.py:642} INFO - Processing file /home/airflow/airflow/dags/parallel_dags.py for tasks to queue
[2022-01-05 20:57:52,281] {logging_mixin.py:109} INFO - [2022-01-05 20:57:52,281] {dagbag.py:500} INFO - Filling up the DagBag from /home/airflow/airflow/dags/parallel_dags.py
[2022-01-05 20:57:53,053] {processor.py:654} INFO - DAG(s) dict_keys(['parallel_dag']) retrieved from /home/airflow/airflow/dags/parallel_dags.py
[2022-01-05 20:57:53,094] {logging_mixin.py:109} INFO - [2022-01-05 20:57:53,094] {dag.py:2396} INFO - Sync 1 DAGs
[2022-01-05 20:57:53,203] {logging_mixin.py:109} INFO - [2022-01-05 20:57:53,202] {dag.py:2935} INFO - Setting next_dagrun for parallel_dag to 2022-01-05T00:00:00+00:00
[2022-01-05 20:57:53,287] {processor.py:171} INFO - Processing /home/airflow/airflow/dags/parallel_dags.py took 1.040 seconds
[2022-01-05 20:58:24,179] {processor.py:163} INFO - Started process (PID=23663) to work on /home/airflow/airflow/dags/parallel_dags.py
[2022-01-05 20:58:24,182] {processor.py:642} INFO - Processing file /home/airflow/airflow/dags/parallel_dags.py for tasks to queue
[2022-01-05 20:58:24,183] {logging_mixin.py:109} INFO - [2022-01-05 20:58:24,183] {dagbag.py:500} INFO - Filling up the DagBag from /home/airflow/airflow/dags/parallel_dags.py
[2022-01-05 20:58:24,393] {processor.py:654} INFO - DAG(s) dict_keys(['parallel_dag']) retrieved from /home/airflow/airflow/dags/parallel_dags.py
[2022-01-05 20:58:24,435] {logging_mixin.py:109} INFO - [2022-01-05 20:58:24,435] {dag.py:2396} INFO - Sync 1 DAGs
[2022-01-05 20:58:24,535] {logging_mixin.py:109} INFO - [2022-01-05 20:58:24,534] {dag.py:2935} INFO - Setting next_dagrun for parallel_dag to 2022-01-05T00:00:00+00:00
[2022-01-05 20:58:24,548] {processor.py:171} INFO - Processing /home/airflow/airflow/dags/parallel_dags.py took 0.407 seconds
[2022-01-05 20:58:54,997] {processor.py:163} INFO - Started process (PID=23912) to work on /home/airflow/airflow/dags/parallel_dags.py
[2022-01-05 20:58:54,999] {processor.py:642} INFO - Processing file /home/airflow/airflow/dags/parallel_dags.py for tasks to queue
[2022-01-05 20:58:55,000] {logging_mixin.py:109} INFO - [2022-01-05 20:58:54,999] {dagbag.py:500} INFO - Filling up the DagBag from /home/airflow/airflow/dags/parallel_dags.py
[2022-01-05 20:58:55,104] {processor.py:654} INFO - DAG(s) dict_keys(['parallel_dag']) retrieved from /home/airflow/airflow/dags/parallel_dags.py
[2022-01-05 20:58:55,142] {logging_mixin.py:109} INFO - [2022-01-05 20:58:55,142] {dag.py:2396} INFO - Sync 1 DAGs
[2022-01-05 20:58:55,229] {logging_mixin.py:109} INFO - [2022-01-05 20:58:55,228] {dag.py:2935} INFO - Setting next_dagrun for parallel_dag to 2022-01-05T00:00:00+00:00
[2022-01-05 20:58:55,246] {processor.py:171} INFO - Processing /home/airflow/airflow/dags/parallel_dags.py took 0.259 seconds
[2022-01-05 20:59:27,643] {processor.py:163} INFO - Started process (PID=24163) to work on /home/airflow/airflow/dags/parallel_dags.py
[2022-01-05 20:59:27,646] {processor.py:642} INFO - Processing file /home/airflow/airflow/dags/parallel_dags.py for tasks to queue
[2022-01-05 20:59:27,691] {logging_mixin.py:109} INFO - [2022-01-05 20:59:27,654] {dagbag.py:500} INFO - Filling up the DagBag from /home/airflow/airflow/dags/parallel_dags.py
[2022-01-05 20:59:27,885] {processor.py:654} INFO - DAG(s) dict_keys(['parallel_dag']) retrieved from /home/airflow/airflow/dags/parallel_dags.py
[2022-01-05 20:59:28,027] {logging_mixin.py:109} INFO - [2022-01-05 20:59:28,026] {dag.py:2396} INFO - Sync 1 DAGs
[2022-01-05 20:59:28,247] {logging_mixin.py:109} INFO - [2022-01-05 20:59:28,247] {dag.py:2935} INFO - Setting next_dagrun for parallel_dag to 2022-01-05T00:00:00+00:00
[2022-01-05 20:59:28,294] {processor.py:171} INFO - Processing /home/airflow/airflow/dags/parallel_dags.py took 0.655 seconds
[2022-01-05 20:59:58,796] {processor.py:163} INFO - Started process (PID=24410) to work on /home/airflow/airflow/dags/parallel_dags.py
[2022-01-05 20:59:58,798] {processor.py:642} INFO - Processing file /home/airflow/airflow/dags/parallel_dags.py for tasks to queue
[2022-01-05 20:59:58,799] {logging_mixin.py:109} INFO - [2022-01-05 20:59:58,798] {dagbag.py:500} INFO - Filling up the DagBag from /home/airflow/airflow/dags/parallel_dags.py
[2022-01-05 20:59:59,102] {processor.py:654} INFO - DAG(s) dict_keys(['parallel_dag']) retrieved from /home/airflow/airflow/dags/parallel_dags.py
[2022-01-05 20:59:59,200] {logging_mixin.py:109} INFO - [2022-01-05 20:59:59,200] {dag.py:2396} INFO - Sync 1 DAGs
[2022-01-05 20:59:59,253] {logging_mixin.py:109} INFO - [2022-01-05 20:59:59,252] {dag.py:2935} INFO - Setting next_dagrun for parallel_dag to 2022-01-05T00:00:00+00:00
[2022-01-05 20:59:59,339] {processor.py:171} INFO - Processing /home/airflow/airflow/dags/parallel_dags.py took 0.558 seconds
