[2022-01-03 20:17:53,566] {taskinstance.py:876} INFO - Dependencies all met for <TaskInstance: example_bash_operator.run_after_loop 2021-12-31T00:00:00+00:00 [queued]>
[2022-01-03 20:17:53,591] {taskinstance.py:876} INFO - Dependencies all met for <TaskInstance: example_bash_operator.run_after_loop 2021-12-31T00:00:00+00:00 [queued]>
[2022-01-03 20:17:53,591] {taskinstance.py:1067} INFO - 
--------------------------------------------------------------------------------
[2022-01-03 20:17:53,591] {taskinstance.py:1068} INFO - Starting attempt 1 of 1
[2022-01-03 20:17:53,591] {taskinstance.py:1069} INFO - 
--------------------------------------------------------------------------------
[2022-01-03 20:17:53,609] {taskinstance.py:1087} INFO - Executing <Task(BashOperator): run_after_loop> on 2021-12-31T00:00:00+00:00
[2022-01-03 20:17:53,612] {standard_task_runner.py:52} INFO - Started process 2645 to run task
[2022-01-03 20:17:53,638] {standard_task_runner.py:76} INFO - Running: ['airflow', 'tasks', 'run', 'example_bash_operator', 'run_after_loop', '2021-12-31T00:00:00+00:00', '--job-id', '79', '--pool', 'default_pool', '--raw', '--subdir', '/home/airflow/sandbox/lib/python3.8/site-packages/airflow/example_dags/example_bash_operator.py', '--cfg-path', '/tmp/tmpkreoghq_', '--error-file', '/tmp/tmpgorj4in2']
[2022-01-03 20:17:53,639] {standard_task_runner.py:77} INFO - Job 79: Subtask run_after_loop
[2022-01-03 20:17:53,807] {logging_mixin.py:104} INFO - Running <TaskInstance: example_bash_operator.run_after_loop 2021-12-31T00:00:00+00:00 [running]> on host airflowvm
[2022-01-03 20:17:54,113] {taskinstance.py:1280} INFO - Exporting the following env vars:
AIRFLOW_CTX_DAG_OWNER=airflow
AIRFLOW_CTX_DAG_ID=example_bash_operator
AIRFLOW_CTX_TASK_ID=run_after_loop
AIRFLOW_CTX_EXECUTION_DATE=2021-12-31T00:00:00+00:00
AIRFLOW_CTX_DAG_RUN_ID=scheduled__2021-12-31T00:00:00+00:00
[2022-01-03 20:17:54,114] {subprocess.py:52} INFO - Tmp dir root location: 
 /tmp
[2022-01-03 20:17:54,114] {subprocess.py:63} INFO - Running command: ['bash', '-c', 'echo 1']
[2022-01-03 20:17:54,137] {subprocess.py:75} INFO - Output:
[2022-01-03 20:17:54,141] {subprocess.py:79} INFO - 1
[2022-01-03 20:17:54,142] {subprocess.py:83} INFO - Command exited with return code 0
[2022-01-03 20:17:54,165] {taskinstance.py:1184} INFO - Marking task as SUCCESS. dag_id=example_bash_operator, task_id=run_after_loop, execution_date=20211231T000000, start_date=20220103T201753, end_date=20220103T201754
[2022-01-03 20:17:54,213] {taskinstance.py:1245} INFO - 0 downstream tasks scheduled from follow-on schedule check
[2022-01-03 20:17:54,232] {local_task_job.py:151} INFO - Task exited with return code 0
