[2022-03-15 19:30:52,198] {taskinstance.py:1032} INFO - Dependencies all met for <TaskInstance: trigger_rule.task_2 scheduled__2022-03-14T00:00:00+00:00 [queued]>
[2022-03-15 19:30:52,331] {taskinstance.py:1032} INFO - Dependencies all met for <TaskInstance: trigger_rule.task_2 scheduled__2022-03-14T00:00:00+00:00 [queued]>
[2022-03-15 19:30:52,334] {taskinstance.py:1238} INFO - 
--------------------------------------------------------------------------------
[2022-03-15 19:30:52,335] {taskinstance.py:1239} INFO - Starting attempt 1 of 1
[2022-03-15 19:30:52,338] {taskinstance.py:1240} INFO - 
--------------------------------------------------------------------------------
[2022-03-15 19:30:52,381] {taskinstance.py:1259} INFO - Executing <Task(BashOperator): task_2> on 2022-03-14 00:00:00+00:00
[2022-03-15 19:30:52,383] {standard_task_runner.py:52} INFO - Started process 9797 to run task
[2022-03-15 19:30:52,403] {standard_task_runner.py:76} INFO - Running: ['airflow', 'tasks', 'run', 'trigger_rule', 'task_2', 'scheduled__2022-03-14T00:00:00+00:00', '--job-id', '149', '--raw', '--subdir', 'DAGS_FOLDER/trigger_rule.py', '--cfg-path', '/tmp/tmpvb565xel', '--error-file', '/tmp/tmp9x54x030']
[2022-03-15 19:30:52,478] {standard_task_runner.py:77} INFO - Job 149: Subtask task_2
[2022-03-15 19:30:52,871] {logging_mixin.py:109} INFO - Running <TaskInstance: trigger_rule.task_2 scheduled__2022-03-14T00:00:00+00:00 [running]> on host airflowvm
[2022-03-15 19:30:53,647] {taskinstance.py:1424} INFO - Exporting the following env vars:
AIRFLOW_CTX_DAG_OWNER=airflow
AIRFLOW_CTX_DAG_ID=trigger_rule
AIRFLOW_CTX_TASK_ID=task_2
AIRFLOW_CTX_EXECUTION_DATE=2022-03-14T00:00:00+00:00
AIRFLOW_CTX_DAG_RUN_ID=scheduled__2022-03-14T00:00:00+00:00
[2022-03-15 19:30:53,648] {subprocess.py:62} INFO - Tmp dir root location: 
 /tmp
[2022-03-15 19:30:53,674] {subprocess.py:74} INFO - Running command: ['bash', '-c', 'exit 0']
[2022-03-15 19:30:53,841] {subprocess.py:85} INFO - Output:
[2022-03-15 19:30:53,891] {subprocess.py:93} INFO - Command exited with return code 0
[2022-03-15 19:30:54,036] {taskinstance.py:1267} INFO - Marking task as SUCCESS. dag_id=trigger_rule, task_id=task_2, execution_date=20220314T000000, start_date=20220315T193052, end_date=20220315T193054
[2022-03-15 19:30:54,224] {local_task_job.py:154} INFO - Task exited with return code 0
[2022-03-15 19:30:54,673] {local_task_job.py:264} INFO - 0 downstream tasks scheduled from follow-on schedule check
