[2022-03-15 19:15:21,860] {taskinstance.py:1032} INFO - Dependencies all met for <TaskInstance: xcom_dag.downloading_data scheduled__2022-03-14T00:00:00+00:00 [queued]>
[2022-03-15 19:15:21,956] {taskinstance.py:1032} INFO - Dependencies all met for <TaskInstance: xcom_dag.downloading_data scheduled__2022-03-14T00:00:00+00:00 [queued]>
[2022-03-15 19:15:21,957] {taskinstance.py:1238} INFO - 
--------------------------------------------------------------------------------
[2022-03-15 19:15:21,960] {taskinstance.py:1239} INFO - Starting attempt 1 of 1
[2022-03-15 19:15:21,960] {taskinstance.py:1240} INFO - 
--------------------------------------------------------------------------------
[2022-03-15 19:15:22,013] {taskinstance.py:1259} INFO - Executing <Task(BashOperator): downloading_data> on 2022-03-14 00:00:00+00:00
[2022-03-15 19:15:22,037] {standard_task_runner.py:52} INFO - Started process 3401 to run task
[2022-03-15 19:15:22,047] {standard_task_runner.py:76} INFO - Running: ['airflow', 'tasks', 'run', 'xcom_dag', 'downloading_data', 'scheduled__2022-03-14T00:00:00+00:00', '--job-id', '130', '--raw', '--subdir', 'DAGS_FOLDER/xcom_dag.py', '--cfg-path', '/tmp/tmpd6uj2rs6', '--error-file', '/tmp/tmp1zof7mzt']
[2022-03-15 19:15:22,065] {standard_task_runner.py:77} INFO - Job 130: Subtask downloading_data
[2022-03-15 19:15:22,619] {logging_mixin.py:109} INFO - Running <TaskInstance: xcom_dag.downloading_data scheduled__2022-03-14T00:00:00+00:00 [running]> on host airflowvm
[2022-03-15 19:15:23,595] {taskinstance.py:1424} INFO - Exporting the following env vars:
AIRFLOW_CTX_DAG_OWNER=airflow
AIRFLOW_CTX_DAG_ID=xcom_dag
AIRFLOW_CTX_TASK_ID=downloading_data
AIRFLOW_CTX_EXECUTION_DATE=2022-03-14T00:00:00+00:00
AIRFLOW_CTX_DAG_RUN_ID=scheduled__2022-03-14T00:00:00+00:00
[2022-03-15 19:15:23,599] {subprocess.py:62} INFO - Tmp dir root location: 
 /tmp
[2022-03-15 19:15:23,602] {subprocess.py:74} INFO - Running command: ['bash', '-c', 'sleep 3']
[2022-03-15 19:15:23,686] {subprocess.py:85} INFO - Output:
[2022-03-15 19:15:26,657] {subprocess.py:93} INFO - Command exited with return code 0
[2022-03-15 19:15:26,954] {taskinstance.py:1267} INFO - Marking task as SUCCESS. dag_id=xcom_dag, task_id=downloading_data, execution_date=20220314T000000, start_date=20220315T191521, end_date=20220315T191526
[2022-03-15 19:15:27,488] {local_task_job.py:154} INFO - Task exited with return code 0
[2022-03-15 19:15:27,863] {local_task_job.py:264} INFO - 3 downstream tasks scheduled from follow-on schedule check
