[2021-12-23 20:26:27,608] {taskinstance.py:876} INFO - Dependencies all met for <TaskInstance: example_bash_operator.also_run_this 2021-12-22T00:00:00+00:00 [queued]>
[2021-12-23 20:26:27,620] {taskinstance.py:876} INFO - Dependencies all met for <TaskInstance: example_bash_operator.also_run_this 2021-12-22T00:00:00+00:00 [queued]>
[2021-12-23 20:26:27,620] {taskinstance.py:1067} INFO - 
--------------------------------------------------------------------------------
[2021-12-23 20:26:27,620] {taskinstance.py:1068} INFO - Starting attempt 1 of 1
[2021-12-23 20:26:27,620] {taskinstance.py:1069} INFO - 
--------------------------------------------------------------------------------
[2021-12-23 20:26:27,631] {taskinstance.py:1087} INFO - Executing <Task(BashOperator): also_run_this> on 2021-12-22T00:00:00+00:00
[2021-12-23 20:26:27,632] {standard_task_runner.py:52} INFO - Started process 4150 to run task
[2021-12-23 20:26:27,638] {standard_task_runner.py:76} INFO - Running: ['airflow', 'tasks', 'run', 'example_bash_operator', 'also_run_this', '2021-12-22T00:00:00+00:00', '--job-id', '11', '--pool', 'default_pool', '--raw', '--subdir', '/home/airflow/sandbox/lib/python3.8/site-packages/airflow/example_dags/example_bash_operator.py', '--cfg-path', '/tmp/tmp8_ntjzlh', '--error-file', '/tmp/tmpga3cg2iy']
[2021-12-23 20:26:27,639] {standard_task_runner.py:77} INFO - Job 11: Subtask also_run_this
[2021-12-23 20:26:27,729] {logging_mixin.py:104} INFO - Running <TaskInstance: example_bash_operator.also_run_this 2021-12-22T00:00:00+00:00 [running]> on host airflowvm
[2021-12-23 20:26:27,877] {taskinstance.py:1280} INFO - Exporting the following env vars:
AIRFLOW_CTX_DAG_OWNER=airflow
AIRFLOW_CTX_DAG_ID=example_bash_operator
AIRFLOW_CTX_TASK_ID=also_run_this
AIRFLOW_CTX_EXECUTION_DATE=2021-12-22T00:00:00+00:00
AIRFLOW_CTX_DAG_RUN_ID=scheduled__2021-12-22T00:00:00+00:00
[2021-12-23 20:26:27,877] {subprocess.py:52} INFO - Tmp dir root location: 
 /tmp
[2021-12-23 20:26:27,878] {subprocess.py:63} INFO - Running command: ['bash', '-c', 'echo "run_id=scheduled__2021-12-22T00:00:00+00:00 | dag_run=<DagRun example_bash_operator @ 2021-12-22 00:00:00+00:00: scheduled__2021-12-22T00:00:00+00:00, externally triggered: False>"']
[2021-12-23 20:26:27,883] {subprocess.py:75} INFO - Output:
[2021-12-23 20:26:27,885] {subprocess.py:79} INFO - run_id=scheduled__2021-12-22T00:00:00+00:00 | dag_run=<DagRun example_bash_operator @ 2021-12-22 00:00:00+00:00: scheduled__2021-12-22T00:00:00+00:00, externally triggered: False>
[2021-12-23 20:26:27,886] {subprocess.py:83} INFO - Command exited with return code 0
[2021-12-23 20:26:27,901] {taskinstance.py:1184} INFO - Marking task as SUCCESS. dag_id=example_bash_operator, task_id=also_run_this, execution_date=20211222T000000, start_date=20211223T202627, end_date=20211223T202627
[2021-12-23 20:26:27,921] {taskinstance.py:1245} INFO - 0 downstream tasks scheduled from follow-on schedule check
[2021-12-23 20:26:27,932] {local_task_job.py:151} INFO - Task exited with return code 0
