[2022-03-15 19:32:57,290] {taskinstance.py:1032} INFO - Dependencies all met for <TaskInstance: trigger_rule.task_2 manual__2022-03-15T19:32:54.743377+00:00 [queued]>
[2022-03-15 19:32:57,435] {taskinstance.py:1032} INFO - Dependencies all met for <TaskInstance: trigger_rule.task_2 manual__2022-03-15T19:32:54.743377+00:00 [queued]>
[2022-03-15 19:32:57,435] {taskinstance.py:1238} INFO - 
--------------------------------------------------------------------------------
[2022-03-15 19:32:57,435] {taskinstance.py:1239} INFO - Starting attempt 1 of 1
[2022-03-15 19:32:57,436] {taskinstance.py:1240} INFO - 
--------------------------------------------------------------------------------
[2022-03-15 19:32:57,698] {taskinstance.py:1259} INFO - Executing <Task(BashOperator): task_2> on 2022-03-15 19:32:54.743377+00:00
[2022-03-15 19:32:57,728] {standard_task_runner.py:52} INFO - Started process 12004 to run task
[2022-03-15 19:32:57,877] {standard_task_runner.py:76} INFO - Running: ['airflow', 'tasks', 'run', 'trigger_rule', 'task_2', 'manual__2022-03-15T19:32:54.743377+00:00', '--job-id', '156', '--raw', '--subdir', 'DAGS_FOLDER/trigger_rule.py', '--cfg-path', '/tmp/tmpmxi5xone', '--error-file', '/tmp/tmpjizxj0xk']
[2022-03-15 19:32:57,887] {standard_task_runner.py:77} INFO - Job 156: Subtask task_2
[2022-03-15 19:32:58,720] {logging_mixin.py:109} INFO - Running <TaskInstance: trigger_rule.task_2 manual__2022-03-15T19:32:54.743377+00:00 [running]> on host airflowvm
[2022-03-15 19:32:59,679] {taskinstance.py:1424} INFO - Exporting the following env vars:
AIRFLOW_CTX_DAG_OWNER=airflow
AIRFLOW_CTX_DAG_ID=trigger_rule
AIRFLOW_CTX_TASK_ID=task_2
AIRFLOW_CTX_EXECUTION_DATE=2022-03-15T19:32:54.743377+00:00
AIRFLOW_CTX_DAG_RUN_ID=manual__2022-03-15T19:32:54.743377+00:00
[2022-03-15 19:32:59,680] {subprocess.py:62} INFO - Tmp dir root location: 
 /tmp
[2022-03-15 19:32:59,694] {subprocess.py:74} INFO - Running command: ['bash', '-c', 'exit 0']
[2022-03-15 19:32:59,984] {subprocess.py:85} INFO - Output:
[2022-03-15 19:32:59,999] {subprocess.py:93} INFO - Command exited with return code 0
[2022-03-15 19:33:00,119] {taskinstance.py:1267} INFO - Marking task as SUCCESS. dag_id=trigger_rule, task_id=task_2, execution_date=20220315T193254, start_date=20220315T193257, end_date=20220315T193300
[2022-03-15 19:33:00,518] {local_task_job.py:154} INFO - Task exited with return code 0
[2022-03-15 19:33:01,279] {local_task_job.py:264} INFO - 1 downstream tasks scheduled from follow-on schedule check
