[2022-01-03 20:17:49,114] {taskinstance.py:876} INFO - Dependencies all met for <TaskInstance: example_bash_operator.runme_2 2022-01-01T00:00:00+00:00 [queued]>
[2022-01-03 20:17:49,140] {taskinstance.py:876} INFO - Dependencies all met for <TaskInstance: example_bash_operator.runme_2 2022-01-01T00:00:00+00:00 [queued]>
[2022-01-03 20:17:49,140] {taskinstance.py:1067} INFO - 
--------------------------------------------------------------------------------
[2022-01-03 20:17:49,140] {taskinstance.py:1068} INFO - Starting attempt 1 of 1
[2022-01-03 20:17:49,140] {taskinstance.py:1069} INFO - 
--------------------------------------------------------------------------------
[2022-01-03 20:17:49,155] {taskinstance.py:1087} INFO - Executing <Task(BashOperator): runme_2> on 2022-01-01T00:00:00+00:00
[2022-01-03 20:17:49,156] {standard_task_runner.py:52} INFO - Started process 2614 to run task
[2022-01-03 20:17:49,165] {standard_task_runner.py:76} INFO - Running: ['airflow', 'tasks', 'run', 'example_bash_operator', 'runme_2', '2022-01-01T00:00:00+00:00', '--job-id', '78', '--pool', 'default_pool', '--raw', '--subdir', '/home/airflow/sandbox/lib/python3.8/site-packages/airflow/example_dags/example_bash_operator.py', '--cfg-path', '/tmp/tmp1zha3ywq', '--error-file', '/tmp/tmp_7quevqy']
[2022-01-03 20:17:49,166] {standard_task_runner.py:77} INFO - Job 78: Subtask runme_2
[2022-01-03 20:17:49,356] {logging_mixin.py:104} INFO - Running <TaskInstance: example_bash_operator.runme_2 2022-01-01T00:00:00+00:00 [running]> on host airflowvm
[2022-01-03 20:17:49,647] {taskinstance.py:1280} INFO - Exporting the following env vars:
AIRFLOW_CTX_DAG_OWNER=airflow
AIRFLOW_CTX_DAG_ID=example_bash_operator
AIRFLOW_CTX_TASK_ID=runme_2
AIRFLOW_CTX_EXECUTION_DATE=2022-01-01T00:00:00+00:00
AIRFLOW_CTX_DAG_RUN_ID=scheduled__2022-01-01T00:00:00+00:00
[2022-01-03 20:17:49,648] {subprocess.py:52} INFO - Tmp dir root location: 
 /tmp
[2022-01-03 20:17:49,649] {subprocess.py:63} INFO - Running command: ['bash', '-c', 'echo "example_bash_operator__runme_2__20220101" && sleep 1']
[2022-01-03 20:17:49,656] {subprocess.py:75} INFO - Output:
[2022-01-03 20:17:49,658] {subprocess.py:79} INFO - example_bash_operator__runme_2__20220101
[2022-01-03 20:17:50,660] {subprocess.py:83} INFO - Command exited with return code 0
[2022-01-03 20:17:50,705] {taskinstance.py:1184} INFO - Marking task as SUCCESS. dag_id=example_bash_operator, task_id=runme_2, execution_date=20220101T000000, start_date=20220103T201749, end_date=20220103T201750
[2022-01-03 20:17:50,753] {taskinstance.py:1245} INFO - 1 downstream tasks scheduled from follow-on schedule check
[2022-01-03 20:17:50,783] {local_task_job.py:151} INFO - Task exited with return code 0
