[2022-03-14 19:23:41,021] {taskinstance.py:1032} INFO - Dependencies all met for <TaskInstance: parallel_dag.processing_tasks.task_03 scheduled__2022-03-11T00:00:00+00:00 [queued]>
[2022-03-14 19:23:41,259] {taskinstance.py:1032} INFO - Dependencies all met for <TaskInstance: parallel_dag.processing_tasks.task_03 scheduled__2022-03-11T00:00:00+00:00 [queued]>
[2022-03-14 19:23:41,260] {taskinstance.py:1238} INFO - 
--------------------------------------------------------------------------------
[2022-03-14 19:23:41,260] {taskinstance.py:1239} INFO - Starting attempt 1 of 1
[2022-03-14 19:23:41,261] {taskinstance.py:1240} INFO - 
--------------------------------------------------------------------------------
[2022-03-14 19:23:41,464] {taskinstance.py:1259} INFO - Executing <Task(BashOperator): task_03> on 2022-03-11 00:00:00+00:00
[2022-03-14 19:23:41,529] {standard_task_runner.py:52} INFO - Started process 4061 to run task
[2022-03-14 19:23:42,120] {standard_task_runner.py:76} INFO - Running: ['airflow', 'tasks', 'run', 'parallel_dag.processing_tasks', 'task_03', 'scheduled__2022-03-11T00:00:00+00:00', '--job-id', '116', '--raw', '--subdir', 'DAGS_FOLDER/parallel_dags.py', '--cfg-path', '/tmp/tmprkpsocw0', '--error-file', '/tmp/tmp9_j27gq9']
[2022-03-14 19:23:42,178] {standard_task_runner.py:77} INFO - Job 116: Subtask task_03
[2022-03-14 19:23:44,612] {logging_mixin.py:109} INFO - Running <TaskInstance: parallel_dag.processing_tasks.task_03 scheduled__2022-03-11T00:00:00+00:00 [running]> on host airflowvm
[2022-03-14 19:23:47,831] {taskinstance.py:1424} INFO - Exporting the following env vars:
AIRFLOW_CTX_DAG_OWNER=airflow
AIRFLOW_CTX_DAG_ID=parallel_dag.processing_tasks
AIRFLOW_CTX_TASK_ID=task_03
AIRFLOW_CTX_EXECUTION_DATE=2022-03-11T00:00:00+00:00
AIRFLOW_CTX_DAG_RUN_ID=scheduled__2022-03-11T00:00:00+00:00
[2022-03-14 19:23:48,414] {subprocess.py:62} INFO - Tmp dir root location: 
 /tmp
[2022-03-14 19:23:48,464] {subprocess.py:74} INFO - Running command: ['bash', '-c', 'sleep 3']
[2022-03-14 19:23:48,615] {subprocess.py:85} INFO - Output:
[2022-03-14 19:23:51,711] {subprocess.py:93} INFO - Command exited with return code 0
[2022-03-14 19:23:52,308] {taskinstance.py:1267} INFO - Marking task as SUCCESS. dag_id=parallel_dag.processing_tasks, task_id=task_03, execution_date=20220311T000000, start_date=20220314T192341, end_date=20220314T192352
[2022-03-14 19:23:53,202] {local_task_job.py:154} INFO - Task exited with return code 0
[2022-03-14 19:23:55,912] {local_task_job.py:264} INFO - 0 downstream tasks scheduled from follow-on schedule check
