[2022-01-03 20:19:26,796] {scheduler_job.py:182} INFO - Started process (PID=3240) to work on /home/airflow/sandbox/lib/python3.8/site-packages/airflow/example_dags/example_branch_day_of_week_operator.py
[2022-01-03 20:19:26,797] {scheduler_job.py:633} INFO - Processing file /home/airflow/sandbox/lib/python3.8/site-packages/airflow/example_dags/example_branch_day_of_week_operator.py for tasks to queue
[2022-01-03 20:19:26,798] {logging_mixin.py:104} INFO - [2022-01-03 20:19:26,798] {dagbag.py:487} INFO - Filling up the DagBag from /home/airflow/sandbox/lib/python3.8/site-packages/airflow/example_dags/example_branch_day_of_week_operator.py
[2022-01-03 20:19:26,814] {scheduler_job.py:643} INFO - DAG(s) dict_keys(['example_weekday_branch_operator']) retrieved from /home/airflow/sandbox/lib/python3.8/site-packages/airflow/example_dags/example_branch_day_of_week_operator.py
[2022-01-03 20:19:27,300] {logging_mixin.py:104} INFO - [2022-01-03 20:19:27,300] {dag.py:1832} INFO - Sync 1 DAGs
[2022-01-03 20:19:27,341] {logging_mixin.py:104} INFO - [2022-01-03 20:19:27,341] {dag.py:2305} INFO - Setting next_dagrun for example_weekday_branch_operator to 2022-01-01 00:00:00+00:00
[2022-01-03 20:19:27,358] {scheduler_job.py:190} INFO - Processing /home/airflow/sandbox/lib/python3.8/site-packages/airflow/example_dags/example_branch_day_of_week_operator.py took 0.568 seconds
[2022-01-03 20:20:16,896] {scheduler_job.py:182} INFO - Started process (PID=3497) to work on /home/airflow/sandbox/lib/python3.8/site-packages/airflow/example_dags/example_branch_day_of_week_operator.py
[2022-01-03 20:20:16,897] {scheduler_job.py:633} INFO - Processing file /home/airflow/sandbox/lib/python3.8/site-packages/airflow/example_dags/example_branch_day_of_week_operator.py for tasks to queue
[2022-01-03 20:20:16,897] {logging_mixin.py:104} INFO - [2022-01-03 20:20:16,897] {dagbag.py:487} INFO - Filling up the DagBag from /home/airflow/sandbox/lib/python3.8/site-packages/airflow/example_dags/example_branch_day_of_week_operator.py
[2022-01-03 20:20:16,916] {scheduler_job.py:643} INFO - DAG(s) dict_keys(['example_weekday_branch_operator']) retrieved from /home/airflow/sandbox/lib/python3.8/site-packages/airflow/example_dags/example_branch_day_of_week_operator.py
[2022-01-03 20:20:16,946] {logging_mixin.py:104} INFO - [2022-01-03 20:20:16,946] {dag.py:1832} INFO - Sync 1 DAGs
[2022-01-03 20:20:16,966] {logging_mixin.py:104} INFO - [2022-01-03 20:20:16,966] {dag.py:2305} INFO - Setting next_dagrun for example_weekday_branch_operator to 2022-01-01 00:00:00+00:00
[2022-01-03 20:20:17,006] {scheduler_job.py:190} INFO - Processing /home/airflow/sandbox/lib/python3.8/site-packages/airflow/example_dags/example_branch_day_of_week_operator.py took 0.116 seconds
[2022-01-03 20:20:58,353] {scheduler_job.py:182} INFO - Started process (PID=3531) to work on /home/airflow/sandbox/lib/python3.8/site-packages/airflow/example_dags/example_branch_day_of_week_operator.py
[2022-01-03 20:20:58,354] {scheduler_job.py:633} INFO - Processing file /home/airflow/sandbox/lib/python3.8/site-packages/airflow/example_dags/example_branch_day_of_week_operator.py for tasks to queue
[2022-01-03 20:20:58,355] {logging_mixin.py:104} INFO - [2022-01-03 20:20:58,355] {dagbag.py:487} INFO - Filling up the DagBag from /home/airflow/sandbox/lib/python3.8/site-packages/airflow/example_dags/example_branch_day_of_week_operator.py
[2022-01-03 20:20:58,384] {scheduler_job.py:643} INFO - DAG(s) dict_keys(['example_weekday_branch_operator']) retrieved from /home/airflow/sandbox/lib/python3.8/site-packages/airflow/example_dags/example_branch_day_of_week_operator.py
[2022-01-03 20:20:58,400] {logging_mixin.py:104} INFO - [2022-01-03 20:20:58,400] {dag.py:1832} INFO - Sync 1 DAGs
[2022-01-03 20:20:58,414] {logging_mixin.py:104} INFO - [2022-01-03 20:20:58,414] {dag.py:2305} INFO - Setting next_dagrun for example_weekday_branch_operator to 2022-01-01 00:00:00+00:00
[2022-01-03 20:20:58,447] {scheduler_job.py:190} INFO - Processing /home/airflow/sandbox/lib/python3.8/site-packages/airflow/example_dags/example_branch_day_of_week_operator.py took 0.097 seconds
[2022-01-03 20:21:37,336] {scheduler_job.py:182} INFO - Started process (PID=3565) to work on /home/airflow/sandbox/lib/python3.8/site-packages/airflow/example_dags/example_branch_day_of_week_operator.py
[2022-01-03 20:21:37,337] {scheduler_job.py:633} INFO - Processing file /home/airflow/sandbox/lib/python3.8/site-packages/airflow/example_dags/example_branch_day_of_week_operator.py for tasks to queue
[2022-01-03 20:21:37,337] {logging_mixin.py:104} INFO - [2022-01-03 20:21:37,337] {dagbag.py:487} INFO - Filling up the DagBag from /home/airflow/sandbox/lib/python3.8/site-packages/airflow/example_dags/example_branch_day_of_week_operator.py
[2022-01-03 20:21:37,362] {scheduler_job.py:643} INFO - DAG(s) dict_keys(['example_weekday_branch_operator']) retrieved from /home/airflow/sandbox/lib/python3.8/site-packages/airflow/example_dags/example_branch_day_of_week_operator.py
[2022-01-03 20:21:37,392] {logging_mixin.py:104} INFO - [2022-01-03 20:21:37,392] {dag.py:1832} INFO - Sync 1 DAGs
[2022-01-03 20:21:37,408] {logging_mixin.py:104} INFO - [2022-01-03 20:21:37,408] {dag.py:2305} INFO - Setting next_dagrun for example_weekday_branch_operator to 2022-01-01 00:00:00+00:00
[2022-01-03 20:21:37,442] {scheduler_job.py:190} INFO - Processing /home/airflow/sandbox/lib/python3.8/site-packages/airflow/example_dags/example_branch_day_of_week_operator.py took 0.109 seconds
[2022-01-03 20:22:21,261] {scheduler_job.py:182} INFO - Started process (PID=3643) to work on /home/airflow/sandbox/lib/python3.8/site-packages/airflow/example_dags/example_branch_day_of_week_operator.py
[2022-01-03 20:22:21,262] {scheduler_job.py:633} INFO - Processing file /home/airflow/sandbox/lib/python3.8/site-packages/airflow/example_dags/example_branch_day_of_week_operator.py for tasks to queue
[2022-01-03 20:22:21,263] {logging_mixin.py:104} INFO - [2022-01-03 20:22:21,263] {dagbag.py:487} INFO - Filling up the DagBag from /home/airflow/sandbox/lib/python3.8/site-packages/airflow/example_dags/example_branch_day_of_week_operator.py
[2022-01-03 20:22:21,295] {scheduler_job.py:643} INFO - DAG(s) dict_keys(['example_weekday_branch_operator']) retrieved from /home/airflow/sandbox/lib/python3.8/site-packages/airflow/example_dags/example_branch_day_of_week_operator.py
[2022-01-03 20:22:21,309] {logging_mixin.py:104} INFO - [2022-01-03 20:22:21,309] {dag.py:1832} INFO - Sync 1 DAGs
[2022-01-03 20:22:21,336] {logging_mixin.py:104} INFO - [2022-01-03 20:22:21,336] {dag.py:2305} INFO - Setting next_dagrun for example_weekday_branch_operator to 2022-01-01 00:00:00+00:00
[2022-01-03 20:22:21,350] {scheduler_job.py:190} INFO - Processing /home/airflow/sandbox/lib/python3.8/site-packages/airflow/example_dags/example_branch_day_of_week_operator.py took 0.092 seconds
[2022-01-03 20:22:59,880] {scheduler_job.py:182} INFO - Started process (PID=3739) to work on /home/airflow/sandbox/lib/python3.8/site-packages/airflow/example_dags/example_branch_day_of_week_operator.py
[2022-01-03 20:22:59,881] {scheduler_job.py:633} INFO - Processing file /home/airflow/sandbox/lib/python3.8/site-packages/airflow/example_dags/example_branch_day_of_week_operator.py for tasks to queue
[2022-01-03 20:22:59,882] {logging_mixin.py:104} INFO - [2022-01-03 20:22:59,882] {dagbag.py:487} INFO - Filling up the DagBag from /home/airflow/sandbox/lib/python3.8/site-packages/airflow/example_dags/example_branch_day_of_week_operator.py
[2022-01-03 20:22:59,904] {scheduler_job.py:643} INFO - DAG(s) dict_keys(['example_weekday_branch_operator']) retrieved from /home/airflow/sandbox/lib/python3.8/site-packages/airflow/example_dags/example_branch_day_of_week_operator.py
[2022-01-03 20:22:59,938] {logging_mixin.py:104} INFO - [2022-01-03 20:22:59,938] {dag.py:1832} INFO - Sync 1 DAGs
[2022-01-03 20:22:59,979] {logging_mixin.py:104} INFO - [2022-01-03 20:22:59,979] {dag.py:2305} INFO - Setting next_dagrun for example_weekday_branch_operator to 2022-01-01 00:00:00+00:00
[2022-01-03 20:22:59,994] {scheduler_job.py:190} INFO - Processing /home/airflow/sandbox/lib/python3.8/site-packages/airflow/example_dags/example_branch_day_of_week_operator.py took 0.117 seconds
[2022-01-03 20:23:46,943] {scheduler_job.py:182} INFO - Started process (PID=4339) to work on /home/airflow/sandbox/lib/python3.8/site-packages/airflow/example_dags/example_branch_day_of_week_operator.py
[2022-01-03 20:23:46,943] {scheduler_job.py:633} INFO - Processing file /home/airflow/sandbox/lib/python3.8/site-packages/airflow/example_dags/example_branch_day_of_week_operator.py for tasks to queue
[2022-01-03 20:23:46,944] {logging_mixin.py:104} INFO - [2022-01-03 20:23:46,944] {dagbag.py:487} INFO - Filling up the DagBag from /home/airflow/sandbox/lib/python3.8/site-packages/airflow/example_dags/example_branch_day_of_week_operator.py
[2022-01-03 20:23:46,957] {scheduler_job.py:643} INFO - DAG(s) dict_keys(['example_weekday_branch_operator']) retrieved from /home/airflow/sandbox/lib/python3.8/site-packages/airflow/example_dags/example_branch_day_of_week_operator.py
[2022-01-03 20:23:46,992] {logging_mixin.py:104} INFO - [2022-01-03 20:23:46,992] {dag.py:1832} INFO - Sync 1 DAGs
[2022-01-03 20:23:47,006] {logging_mixin.py:104} INFO - [2022-01-03 20:23:47,006] {dag.py:2305} INFO - Setting next_dagrun for example_weekday_branch_operator to 2022-01-01 00:00:00+00:00
[2022-01-03 20:23:47,030] {scheduler_job.py:190} INFO - Processing /home/airflow/sandbox/lib/python3.8/site-packages/airflow/example_dags/example_branch_day_of_week_operator.py took 0.089 seconds
[2022-01-03 20:24:28,697] {scheduler_job.py:182} INFO - Started process (PID=4425) to work on /home/airflow/sandbox/lib/python3.8/site-packages/airflow/example_dags/example_branch_day_of_week_operator.py
[2022-01-03 20:24:28,698] {scheduler_job.py:633} INFO - Processing file /home/airflow/sandbox/lib/python3.8/site-packages/airflow/example_dags/example_branch_day_of_week_operator.py for tasks to queue
[2022-01-03 20:24:28,698] {logging_mixin.py:104} INFO - [2022-01-03 20:24:28,698] {dagbag.py:487} INFO - Filling up the DagBag from /home/airflow/sandbox/lib/python3.8/site-packages/airflow/example_dags/example_branch_day_of_week_operator.py
[2022-01-03 20:24:28,710] {scheduler_job.py:643} INFO - DAG(s) dict_keys(['example_weekday_branch_operator']) retrieved from /home/airflow/sandbox/lib/python3.8/site-packages/airflow/example_dags/example_branch_day_of_week_operator.py
[2022-01-03 20:24:28,733] {logging_mixin.py:104} INFO - [2022-01-03 20:24:28,733] {dag.py:1832} INFO - Sync 1 DAGs
[2022-01-03 20:24:28,750] {logging_mixin.py:104} INFO - [2022-01-03 20:24:28,749] {dag.py:2305} INFO - Setting next_dagrun for example_weekday_branch_operator to 2022-01-01 00:00:00+00:00
[2022-01-03 20:24:28,775] {scheduler_job.py:190} INFO - Processing /home/airflow/sandbox/lib/python3.8/site-packages/airflow/example_dags/example_branch_day_of_week_operator.py took 0.081 seconds
[2022-01-03 20:25:18,852] {scheduler_job.py:182} INFO - Started process (PID=6085) to work on /home/airflow/sandbox/lib/python3.8/site-packages/airflow/example_dags/example_branch_day_of_week_operator.py
[2022-01-03 20:25:18,857] {scheduler_job.py:633} INFO - Processing file /home/airflow/sandbox/lib/python3.8/site-packages/airflow/example_dags/example_branch_day_of_week_operator.py for tasks to queue
[2022-01-03 20:25:18,857] {logging_mixin.py:104} INFO - [2022-01-03 20:25:18,857] {dagbag.py:487} INFO - Filling up the DagBag from /home/airflow/sandbox/lib/python3.8/site-packages/airflow/example_dags/example_branch_day_of_week_operator.py
[2022-01-03 20:25:18,905] {scheduler_job.py:643} INFO - DAG(s) dict_keys(['example_weekday_branch_operator']) retrieved from /home/airflow/sandbox/lib/python3.8/site-packages/airflow/example_dags/example_branch_day_of_week_operator.py
[2022-01-03 20:25:18,936] {logging_mixin.py:104} INFO - [2022-01-03 20:25:18,936] {dag.py:1832} INFO - Sync 1 DAGs
[2022-01-03 20:25:18,986] {logging_mixin.py:104} INFO - [2022-01-03 20:25:18,986] {dag.py:2305} INFO - Setting next_dagrun for example_weekday_branch_operator to 2022-01-01 00:00:00+00:00
[2022-01-03 20:25:19,037] {scheduler_job.py:190} INFO - Processing /home/airflow/sandbox/lib/python3.8/site-packages/airflow/example_dags/example_branch_day_of_week_operator.py took 0.189 seconds
[2022-01-03 20:26:06,094] {scheduler_job.py:182} INFO - Started process (PID=8115) to work on /home/airflow/sandbox/lib/python3.8/site-packages/airflow/example_dags/example_branch_day_of_week_operator.py
[2022-01-03 20:26:06,095] {scheduler_job.py:633} INFO - Processing file /home/airflow/sandbox/lib/python3.8/site-packages/airflow/example_dags/example_branch_day_of_week_operator.py for tasks to queue
[2022-01-03 20:26:06,095] {logging_mixin.py:104} INFO - [2022-01-03 20:26:06,095] {dagbag.py:487} INFO - Filling up the DagBag from /home/airflow/sandbox/lib/python3.8/site-packages/airflow/example_dags/example_branch_day_of_week_operator.py
[2022-01-03 20:26:06,134] {scheduler_job.py:643} INFO - DAG(s) dict_keys(['example_weekday_branch_operator']) retrieved from /home/airflow/sandbox/lib/python3.8/site-packages/airflow/example_dags/example_branch_day_of_week_operator.py
[2022-01-03 20:26:06,179] {logging_mixin.py:104} INFO - [2022-01-03 20:26:06,179] {dag.py:1832} INFO - Sync 1 DAGs
[2022-01-03 20:26:06,192] {logging_mixin.py:104} INFO - [2022-01-03 20:26:06,192] {dag.py:2305} INFO - Setting next_dagrun for example_weekday_branch_operator to 2022-01-01 00:00:00+00:00
[2022-01-03 20:26:06,228] {scheduler_job.py:190} INFO - Processing /home/airflow/sandbox/lib/python3.8/site-packages/airflow/example_dags/example_branch_day_of_week_operator.py took 0.137 seconds
[2022-01-03 20:26:49,908] {scheduler_job.py:182} INFO - Started process (PID=8270) to work on /home/airflow/sandbox/lib/python3.8/site-packages/airflow/example_dags/example_branch_day_of_week_operator.py
[2022-01-03 20:26:49,909] {scheduler_job.py:633} INFO - Processing file /home/airflow/sandbox/lib/python3.8/site-packages/airflow/example_dags/example_branch_day_of_week_operator.py for tasks to queue
[2022-01-03 20:26:49,924] {logging_mixin.py:104} INFO - [2022-01-03 20:26:49,924] {dagbag.py:487} INFO - Filling up the DagBag from /home/airflow/sandbox/lib/python3.8/site-packages/airflow/example_dags/example_branch_day_of_week_operator.py
[2022-01-03 20:26:49,938] {scheduler_job.py:643} INFO - DAG(s) dict_keys(['example_weekday_branch_operator']) retrieved from /home/airflow/sandbox/lib/python3.8/site-packages/airflow/example_dags/example_branch_day_of_week_operator.py
[2022-01-03 20:26:49,953] {logging_mixin.py:104} INFO - [2022-01-03 20:26:49,953] {dag.py:1832} INFO - Sync 1 DAGs
[2022-01-03 20:26:49,988] {logging_mixin.py:104} INFO - [2022-01-03 20:26:49,988] {dag.py:2305} INFO - Setting next_dagrun for example_weekday_branch_operator to 2022-01-01 00:00:00+00:00
[2022-01-03 20:26:50,024] {scheduler_job.py:190} INFO - Processing /home/airflow/sandbox/lib/python3.8/site-packages/airflow/example_dags/example_branch_day_of_week_operator.py took 0.123 seconds
[2022-01-03 20:27:28,537] {scheduler_job.py:182} INFO - Started process (PID=8452) to work on /home/airflow/sandbox/lib/python3.8/site-packages/airflow/example_dags/example_branch_day_of_week_operator.py
[2022-01-03 20:27:28,538] {scheduler_job.py:633} INFO - Processing file /home/airflow/sandbox/lib/python3.8/site-packages/airflow/example_dags/example_branch_day_of_week_operator.py for tasks to queue
[2022-01-03 20:27:28,539] {logging_mixin.py:104} INFO - [2022-01-03 20:27:28,539] {dagbag.py:487} INFO - Filling up the DagBag from /home/airflow/sandbox/lib/python3.8/site-packages/airflow/example_dags/example_branch_day_of_week_operator.py
[2022-01-03 20:27:28,553] {scheduler_job.py:643} INFO - DAG(s) dict_keys(['example_weekday_branch_operator']) retrieved from /home/airflow/sandbox/lib/python3.8/site-packages/airflow/example_dags/example_branch_day_of_week_operator.py
[2022-01-03 20:27:28,577] {logging_mixin.py:104} INFO - [2022-01-03 20:27:28,577] {dag.py:1832} INFO - Sync 1 DAGs
[2022-01-03 20:27:28,599] {logging_mixin.py:104} INFO - [2022-01-03 20:27:28,599] {dag.py:2305} INFO - Setting next_dagrun for example_weekday_branch_operator to 2022-01-01 00:00:00+00:00
[2022-01-03 20:27:28,635] {scheduler_job.py:190} INFO - Processing /home/airflow/sandbox/lib/python3.8/site-packages/airflow/example_dags/example_branch_day_of_week_operator.py took 0.103 seconds
[2022-01-03 20:28:11,050] {scheduler_job.py:182} INFO - Started process (PID=8636) to work on /home/airflow/sandbox/lib/python3.8/site-packages/airflow/example_dags/example_branch_day_of_week_operator.py
[2022-01-03 20:28:11,080] {scheduler_job.py:633} INFO - Processing file /home/airflow/sandbox/lib/python3.8/site-packages/airflow/example_dags/example_branch_day_of_week_operator.py for tasks to queue
[2022-01-03 20:28:11,081] {logging_mixin.py:104} INFO - [2022-01-03 20:28:11,081] {dagbag.py:487} INFO - Filling up the DagBag from /home/airflow/sandbox/lib/python3.8/site-packages/airflow/example_dags/example_branch_day_of_week_operator.py
[2022-01-03 20:28:11,126] {scheduler_job.py:643} INFO - DAG(s) dict_keys(['example_weekday_branch_operator']) retrieved from /home/airflow/sandbox/lib/python3.8/site-packages/airflow/example_dags/example_branch_day_of_week_operator.py
[2022-01-03 20:28:11,154] {logging_mixin.py:104} INFO - [2022-01-03 20:28:11,154] {dag.py:1832} INFO - Sync 1 DAGs
[2022-01-03 20:28:11,199] {logging_mixin.py:104} INFO - [2022-01-03 20:28:11,199] {dag.py:2305} INFO - Setting next_dagrun for example_weekday_branch_operator to 2022-01-01 00:00:00+00:00
[2022-01-03 20:28:11,250] {scheduler_job.py:190} INFO - Processing /home/airflow/sandbox/lib/python3.8/site-packages/airflow/example_dags/example_branch_day_of_week_operator.py took 0.209 seconds
[2022-01-03 20:28:52,197] {scheduler_job.py:182} INFO - Started process (PID=8707) to work on /home/airflow/sandbox/lib/python3.8/site-packages/airflow/example_dags/example_branch_day_of_week_operator.py
[2022-01-03 20:28:52,200] {scheduler_job.py:633} INFO - Processing file /home/airflow/sandbox/lib/python3.8/site-packages/airflow/example_dags/example_branch_day_of_week_operator.py for tasks to queue
[2022-01-03 20:28:52,201] {logging_mixin.py:104} INFO - [2022-01-03 20:28:52,201] {dagbag.py:487} INFO - Filling up the DagBag from /home/airflow/sandbox/lib/python3.8/site-packages/airflow/example_dags/example_branch_day_of_week_operator.py
[2022-01-03 20:28:52,232] {scheduler_job.py:643} INFO - DAG(s) dict_keys(['example_weekday_branch_operator']) retrieved from /home/airflow/sandbox/lib/python3.8/site-packages/airflow/example_dags/example_branch_day_of_week_operator.py
[2022-01-03 20:28:52,273] {logging_mixin.py:104} INFO - [2022-01-03 20:28:52,273] {dag.py:1832} INFO - Sync 1 DAGs
[2022-01-03 20:28:52,287] {logging_mixin.py:104} INFO - [2022-01-03 20:28:52,287] {dag.py:2305} INFO - Setting next_dagrun for example_weekday_branch_operator to 2022-01-01 00:00:00+00:00
[2022-01-03 20:28:52,301] {scheduler_job.py:190} INFO - Processing /home/airflow/sandbox/lib/python3.8/site-packages/airflow/example_dags/example_branch_day_of_week_operator.py took 0.105 seconds
[2022-01-03 20:29:40,635] {scheduler_job.py:182} INFO - Started process (PID=8802) to work on /home/airflow/sandbox/lib/python3.8/site-packages/airflow/example_dags/example_branch_day_of_week_operator.py
[2022-01-03 20:29:40,639] {scheduler_job.py:633} INFO - Processing file /home/airflow/sandbox/lib/python3.8/site-packages/airflow/example_dags/example_branch_day_of_week_operator.py for tasks to queue
[2022-01-03 20:29:40,640] {logging_mixin.py:104} INFO - [2022-01-03 20:29:40,640] {dagbag.py:487} INFO - Filling up the DagBag from /home/airflow/sandbox/lib/python3.8/site-packages/airflow/example_dags/example_branch_day_of_week_operator.py
[2022-01-03 20:29:40,670] {scheduler_job.py:643} INFO - DAG(s) dict_keys(['example_weekday_branch_operator']) retrieved from /home/airflow/sandbox/lib/python3.8/site-packages/airflow/example_dags/example_branch_day_of_week_operator.py
[2022-01-03 20:29:40,691] {logging_mixin.py:104} INFO - [2022-01-03 20:29:40,691] {dag.py:1832} INFO - Sync 1 DAGs
[2022-01-03 20:29:40,720] {logging_mixin.py:104} INFO - [2022-01-03 20:29:40,720] {dag.py:2305} INFO - Setting next_dagrun for example_weekday_branch_operator to 2022-01-01 00:00:00+00:00
[2022-01-03 20:29:40,735] {scheduler_job.py:190} INFO - Processing /home/airflow/sandbox/lib/python3.8/site-packages/airflow/example_dags/example_branch_day_of_week_operator.py took 0.102 seconds
[2022-01-03 20:32:59,772] {scheduler_job.py:182} INFO - Started process (PID=9773) to work on /home/airflow/sandbox/lib/python3.8/site-packages/airflow/example_dags/example_branch_day_of_week_operator.py
[2022-01-03 20:32:59,788] {scheduler_job.py:633} INFO - Processing file /home/airflow/sandbox/lib/python3.8/site-packages/airflow/example_dags/example_branch_day_of_week_operator.py for tasks to queue
[2022-01-03 20:32:59,789] {logging_mixin.py:104} INFO - [2022-01-03 20:32:59,788] {dagbag.py:487} INFO - Filling up the DagBag from /home/airflow/sandbox/lib/python3.8/site-packages/airflow/example_dags/example_branch_day_of_week_operator.py
[2022-01-03 20:33:00,167] {scheduler_job.py:643} INFO - DAG(s) dict_keys(['example_weekday_branch_operator']) retrieved from /home/airflow/sandbox/lib/python3.8/site-packages/airflow/example_dags/example_branch_day_of_week_operator.py
[2022-01-03 20:33:00,295] {logging_mixin.py:104} INFO - [2022-01-03 20:33:00,295] {dag.py:1832} INFO - Sync 1 DAGs
[2022-01-03 20:33:00,532] {logging_mixin.py:104} INFO - [2022-01-03 20:33:00,532] {dag.py:2305} INFO - Setting next_dagrun for example_weekday_branch_operator to 2022-01-01 00:00:00+00:00
[2022-01-03 20:33:00,614] {scheduler_job.py:190} INFO - Processing /home/airflow/sandbox/lib/python3.8/site-packages/airflow/example_dags/example_branch_day_of_week_operator.py took 0.844 seconds
[2022-01-03 20:33:31,387] {scheduler_job.py:182} INFO - Started process (PID=10033) to work on /home/airflow/sandbox/lib/python3.8/site-packages/airflow/example_dags/example_branch_day_of_week_operator.py
[2022-01-03 20:33:31,388] {scheduler_job.py:633} INFO - Processing file /home/airflow/sandbox/lib/python3.8/site-packages/airflow/example_dags/example_branch_day_of_week_operator.py for tasks to queue
[2022-01-03 20:33:31,392] {logging_mixin.py:104} INFO - [2022-01-03 20:33:31,392] {dagbag.py:487} INFO - Filling up the DagBag from /home/airflow/sandbox/lib/python3.8/site-packages/airflow/example_dags/example_branch_day_of_week_operator.py
[2022-01-03 20:33:31,487] {scheduler_job.py:643} INFO - DAG(s) dict_keys(['example_weekday_branch_operator']) retrieved from /home/airflow/sandbox/lib/python3.8/site-packages/airflow/example_dags/example_branch_day_of_week_operator.py
[2022-01-03 20:33:31,694] {logging_mixin.py:104} INFO - [2022-01-03 20:33:31,693] {dag.py:1832} INFO - Sync 1 DAGs
[2022-01-03 20:33:31,740] {logging_mixin.py:104} INFO - [2022-01-03 20:33:31,740] {dag.py:2305} INFO - Setting next_dagrun for example_weekday_branch_operator to 2022-01-01 00:00:00+00:00
[2022-01-03 20:33:31,777] {scheduler_job.py:190} INFO - Processing /home/airflow/sandbox/lib/python3.8/site-packages/airflow/example_dags/example_branch_day_of_week_operator.py took 0.399 seconds
[2022-01-03 20:34:02,542] {scheduler_job.py:182} INFO - Started process (PID=10336) to work on /home/airflow/sandbox/lib/python3.8/site-packages/airflow/example_dags/example_branch_day_of_week_operator.py
[2022-01-03 20:34:02,564] {scheduler_job.py:633} INFO - Processing file /home/airflow/sandbox/lib/python3.8/site-packages/airflow/example_dags/example_branch_day_of_week_operator.py for tasks to queue
[2022-01-03 20:34:02,565] {logging_mixin.py:104} INFO - [2022-01-03 20:34:02,565] {dagbag.py:487} INFO - Filling up the DagBag from /home/airflow/sandbox/lib/python3.8/site-packages/airflow/example_dags/example_branch_day_of_week_operator.py
[2022-01-03 20:34:02,586] {scheduler_job.py:643} INFO - DAG(s) dict_keys(['example_weekday_branch_operator']) retrieved from /home/airflow/sandbox/lib/python3.8/site-packages/airflow/example_dags/example_branch_day_of_week_operator.py
[2022-01-03 20:34:02,764] {logging_mixin.py:104} INFO - [2022-01-03 20:34:02,764] {dag.py:1832} INFO - Sync 1 DAGs
[2022-01-03 20:34:02,782] {logging_mixin.py:104} INFO - [2022-01-03 20:34:02,782] {dag.py:2305} INFO - Setting next_dagrun for example_weekday_branch_operator to 2022-01-01 00:00:00+00:00
[2022-01-03 20:34:02,837] {scheduler_job.py:190} INFO - Processing /home/airflow/sandbox/lib/python3.8/site-packages/airflow/example_dags/example_branch_day_of_week_operator.py took 0.303 seconds
[2022-01-03 20:34:34,414] {scheduler_job.py:182} INFO - Started process (PID=11612) to work on /home/airflow/sandbox/lib/python3.8/site-packages/airflow/example_dags/example_branch_day_of_week_operator.py
[2022-01-03 20:34:34,416] {scheduler_job.py:633} INFO - Processing file /home/airflow/sandbox/lib/python3.8/site-packages/airflow/example_dags/example_branch_day_of_week_operator.py for tasks to queue
[2022-01-03 20:34:34,417] {logging_mixin.py:104} INFO - [2022-01-03 20:34:34,417] {dagbag.py:487} INFO - Filling up the DagBag from /home/airflow/sandbox/lib/python3.8/site-packages/airflow/example_dags/example_branch_day_of_week_operator.py
[2022-01-03 20:34:34,428] {scheduler_job.py:643} INFO - DAG(s) dict_keys(['example_weekday_branch_operator']) retrieved from /home/airflow/sandbox/lib/python3.8/site-packages/airflow/example_dags/example_branch_day_of_week_operator.py
[2022-01-03 20:34:34,515] {logging_mixin.py:104} INFO - [2022-01-03 20:34:34,515] {dag.py:1832} INFO - Sync 1 DAGs
[2022-01-03 20:34:34,540] {logging_mixin.py:104} INFO - [2022-01-03 20:34:34,539] {dag.py:2305} INFO - Setting next_dagrun for example_weekday_branch_operator to 2022-01-01 00:00:00+00:00
[2022-01-03 20:34:34,583] {scheduler_job.py:190} INFO - Processing /home/airflow/sandbox/lib/python3.8/site-packages/airflow/example_dags/example_branch_day_of_week_operator.py took 0.197 seconds
[2022-01-03 20:35:05,870] {scheduler_job.py:182} INFO - Started process (PID=11844) to work on /home/airflow/sandbox/lib/python3.8/site-packages/airflow/example_dags/example_branch_day_of_week_operator.py
[2022-01-03 20:35:05,871] {scheduler_job.py:633} INFO - Processing file /home/airflow/sandbox/lib/python3.8/site-packages/airflow/example_dags/example_branch_day_of_week_operator.py for tasks to queue
[2022-01-03 20:35:05,872] {logging_mixin.py:104} INFO - [2022-01-03 20:35:05,872] {dagbag.py:487} INFO - Filling up the DagBag from /home/airflow/sandbox/lib/python3.8/site-packages/airflow/example_dags/example_branch_day_of_week_operator.py
[2022-01-03 20:35:05,941] {scheduler_job.py:643} INFO - DAG(s) dict_keys(['example_weekday_branch_operator']) retrieved from /home/airflow/sandbox/lib/python3.8/site-packages/airflow/example_dags/example_branch_day_of_week_operator.py
[2022-01-03 20:35:06,032] {logging_mixin.py:104} INFO - [2022-01-03 20:35:06,032] {dag.py:1832} INFO - Sync 1 DAGs
[2022-01-03 20:35:06,128] {logging_mixin.py:104} INFO - [2022-01-03 20:35:06,124] {dag.py:2305} INFO - Setting next_dagrun for example_weekday_branch_operator to 2022-01-01 00:00:00+00:00
[2022-01-03 20:35:06,165] {scheduler_job.py:190} INFO - Processing /home/airflow/sandbox/lib/python3.8/site-packages/airflow/example_dags/example_branch_day_of_week_operator.py took 0.301 seconds
[2022-01-03 20:35:36,460] {scheduler_job.py:182} INFO - Started process (PID=12040) to work on /home/airflow/sandbox/lib/python3.8/site-packages/airflow/example_dags/example_branch_day_of_week_operator.py
[2022-01-03 20:35:36,461] {scheduler_job.py:633} INFO - Processing file /home/airflow/sandbox/lib/python3.8/site-packages/airflow/example_dags/example_branch_day_of_week_operator.py for tasks to queue
[2022-01-03 20:35:36,462] {logging_mixin.py:104} INFO - [2022-01-03 20:35:36,462] {dagbag.py:487} INFO - Filling up the DagBag from /home/airflow/sandbox/lib/python3.8/site-packages/airflow/example_dags/example_branch_day_of_week_operator.py
[2022-01-03 20:35:36,472] {scheduler_job.py:643} INFO - DAG(s) dict_keys(['example_weekday_branch_operator']) retrieved from /home/airflow/sandbox/lib/python3.8/site-packages/airflow/example_dags/example_branch_day_of_week_operator.py
[2022-01-03 20:35:36,583] {logging_mixin.py:104} INFO - [2022-01-03 20:35:36,583] {dag.py:1832} INFO - Sync 1 DAGs
[2022-01-03 20:35:36,623] {logging_mixin.py:104} INFO - [2022-01-03 20:35:36,622] {dag.py:2305} INFO - Setting next_dagrun for example_weekday_branch_operator to 2022-01-01 00:00:00+00:00
[2022-01-03 20:35:36,664] {scheduler_job.py:190} INFO - Processing /home/airflow/sandbox/lib/python3.8/site-packages/airflow/example_dags/example_branch_day_of_week_operator.py took 0.234 seconds
[2022-01-03 20:36:07,085] {scheduler_job.py:182} INFO - Started process (PID=12238) to work on /home/airflow/sandbox/lib/python3.8/site-packages/airflow/example_dags/example_branch_day_of_week_operator.py
[2022-01-03 20:36:07,113] {scheduler_job.py:633} INFO - Processing file /home/airflow/sandbox/lib/python3.8/site-packages/airflow/example_dags/example_branch_day_of_week_operator.py for tasks to queue
[2022-01-03 20:36:07,117] {logging_mixin.py:104} INFO - [2022-01-03 20:36:07,117] {dagbag.py:487} INFO - Filling up the DagBag from /home/airflow/sandbox/lib/python3.8/site-packages/airflow/example_dags/example_branch_day_of_week_operator.py
[2022-01-03 20:36:07,182] {scheduler_job.py:643} INFO - DAG(s) dict_keys(['example_weekday_branch_operator']) retrieved from /home/airflow/sandbox/lib/python3.8/site-packages/airflow/example_dags/example_branch_day_of_week_operator.py
[2022-01-03 20:36:07,337] {logging_mixin.py:104} INFO - [2022-01-03 20:36:07,337] {dag.py:1832} INFO - Sync 1 DAGs
[2022-01-03 20:36:07,382] {logging_mixin.py:104} INFO - [2022-01-03 20:36:07,382] {dag.py:2305} INFO - Setting next_dagrun for example_weekday_branch_operator to 2022-01-01 00:00:00+00:00
[2022-01-03 20:36:07,461] {scheduler_job.py:190} INFO - Processing /home/airflow/sandbox/lib/python3.8/site-packages/airflow/example_dags/example_branch_day_of_week_operator.py took 0.383 seconds
[2022-01-03 20:36:38,083] {scheduler_job.py:182} INFO - Started process (PID=12437) to work on /home/airflow/sandbox/lib/python3.8/site-packages/airflow/example_dags/example_branch_day_of_week_operator.py
[2022-01-03 20:36:38,105] {scheduler_job.py:633} INFO - Processing file /home/airflow/sandbox/lib/python3.8/site-packages/airflow/example_dags/example_branch_day_of_week_operator.py for tasks to queue
[2022-01-03 20:36:38,106] {logging_mixin.py:104} INFO - [2022-01-03 20:36:38,106] {dagbag.py:487} INFO - Filling up the DagBag from /home/airflow/sandbox/lib/python3.8/site-packages/airflow/example_dags/example_branch_day_of_week_operator.py
[2022-01-03 20:36:38,120] {scheduler_job.py:643} INFO - DAG(s) dict_keys(['example_weekday_branch_operator']) retrieved from /home/airflow/sandbox/lib/python3.8/site-packages/airflow/example_dags/example_branch_day_of_week_operator.py
[2022-01-03 20:36:38,214] {logging_mixin.py:104} INFO - [2022-01-03 20:36:38,213] {dag.py:1832} INFO - Sync 1 DAGs
[2022-01-03 20:36:38,259] {logging_mixin.py:104} INFO - [2022-01-03 20:36:38,259] {dag.py:2305} INFO - Setting next_dagrun for example_weekday_branch_operator to 2022-01-01 00:00:00+00:00
[2022-01-03 20:36:38,281] {scheduler_job.py:190} INFO - Processing /home/airflow/sandbox/lib/python3.8/site-packages/airflow/example_dags/example_branch_day_of_week_operator.py took 0.202 seconds
[2022-01-03 20:37:09,119] {scheduler_job.py:182} INFO - Started process (PID=12636) to work on /home/airflow/sandbox/lib/python3.8/site-packages/airflow/example_dags/example_branch_day_of_week_operator.py
[2022-01-03 20:37:09,120] {scheduler_job.py:633} INFO - Processing file /home/airflow/sandbox/lib/python3.8/site-packages/airflow/example_dags/example_branch_day_of_week_operator.py for tasks to queue
[2022-01-03 20:37:09,120] {logging_mixin.py:104} INFO - [2022-01-03 20:37:09,120] {dagbag.py:487} INFO - Filling up the DagBag from /home/airflow/sandbox/lib/python3.8/site-packages/airflow/example_dags/example_branch_day_of_week_operator.py
[2022-01-03 20:37:09,169] {scheduler_job.py:643} INFO - DAG(s) dict_keys(['example_weekday_branch_operator']) retrieved from /home/airflow/sandbox/lib/python3.8/site-packages/airflow/example_dags/example_branch_day_of_week_operator.py
[2022-01-03 20:37:09,273] {logging_mixin.py:104} INFO - [2022-01-03 20:37:09,273] {dag.py:1832} INFO - Sync 1 DAGs
[2022-01-03 20:37:09,379] {logging_mixin.py:104} INFO - [2022-01-03 20:37:09,379] {dag.py:2305} INFO - Setting next_dagrun for example_weekday_branch_operator to 2022-01-01 00:00:00+00:00
[2022-01-03 20:37:09,452] {scheduler_job.py:190} INFO - Processing /home/airflow/sandbox/lib/python3.8/site-packages/airflow/example_dags/example_branch_day_of_week_operator.py took 0.366 seconds
[2022-01-03 20:37:40,331] {scheduler_job.py:182} INFO - Started process (PID=12955) to work on /home/airflow/sandbox/lib/python3.8/site-packages/airflow/example_dags/example_branch_day_of_week_operator.py
[2022-01-03 20:37:40,361] {scheduler_job.py:633} INFO - Processing file /home/airflow/sandbox/lib/python3.8/site-packages/airflow/example_dags/example_branch_day_of_week_operator.py for tasks to queue
[2022-01-03 20:37:40,363] {logging_mixin.py:104} INFO - [2022-01-03 20:37:40,362] {dagbag.py:487} INFO - Filling up the DagBag from /home/airflow/sandbox/lib/python3.8/site-packages/airflow/example_dags/example_branch_day_of_week_operator.py
[2022-01-03 20:37:40,433] {scheduler_job.py:643} INFO - DAG(s) dict_keys(['example_weekday_branch_operator']) retrieved from /home/airflow/sandbox/lib/python3.8/site-packages/airflow/example_dags/example_branch_day_of_week_operator.py
[2022-01-03 20:37:40,610] {logging_mixin.py:104} INFO - [2022-01-03 20:37:40,610] {dag.py:1832} INFO - Sync 1 DAGs
[2022-01-03 20:37:40,659] {logging_mixin.py:104} INFO - [2022-01-03 20:37:40,659] {dag.py:2305} INFO - Setting next_dagrun for example_weekday_branch_operator to 2022-01-01 00:00:00+00:00
[2022-01-03 20:37:40,698] {scheduler_job.py:190} INFO - Processing /home/airflow/sandbox/lib/python3.8/site-packages/airflow/example_dags/example_branch_day_of_week_operator.py took 0.373 seconds
[2022-01-03 20:38:10,978] {scheduler_job.py:182} INFO - Started process (PID=13274) to work on /home/airflow/sandbox/lib/python3.8/site-packages/airflow/example_dags/example_branch_day_of_week_operator.py
[2022-01-03 20:38:10,979] {scheduler_job.py:633} INFO - Processing file /home/airflow/sandbox/lib/python3.8/site-packages/airflow/example_dags/example_branch_day_of_week_operator.py for tasks to queue
[2022-01-03 20:38:10,980] {logging_mixin.py:104} INFO - [2022-01-03 20:38:10,980] {dagbag.py:487} INFO - Filling up the DagBag from /home/airflow/sandbox/lib/python3.8/site-packages/airflow/example_dags/example_branch_day_of_week_operator.py
[2022-01-03 20:38:11,002] {scheduler_job.py:643} INFO - DAG(s) dict_keys(['example_weekday_branch_operator']) retrieved from /home/airflow/sandbox/lib/python3.8/site-packages/airflow/example_dags/example_branch_day_of_week_operator.py
[2022-01-03 20:38:11,032] {logging_mixin.py:104} INFO - [2022-01-03 20:38:11,032] {dag.py:1832} INFO - Sync 1 DAGs
[2022-01-03 20:38:11,061] {logging_mixin.py:104} INFO - [2022-01-03 20:38:11,060] {dag.py:2305} INFO - Setting next_dagrun for example_weekday_branch_operator to 2022-01-01 00:00:00+00:00
[2022-01-03 20:38:11,082] {scheduler_job.py:190} INFO - Processing /home/airflow/sandbox/lib/python3.8/site-packages/airflow/example_dags/example_branch_day_of_week_operator.py took 0.110 seconds
[2022-01-03 20:38:41,799] {scheduler_job.py:182} INFO - Started process (PID=13472) to work on /home/airflow/sandbox/lib/python3.8/site-packages/airflow/example_dags/example_branch_day_of_week_operator.py
[2022-01-03 20:38:41,801] {scheduler_job.py:633} INFO - Processing file /home/airflow/sandbox/lib/python3.8/site-packages/airflow/example_dags/example_branch_day_of_week_operator.py for tasks to queue
[2022-01-03 20:38:41,802] {logging_mixin.py:104} INFO - [2022-01-03 20:38:41,802] {dagbag.py:487} INFO - Filling up the DagBag from /home/airflow/sandbox/lib/python3.8/site-packages/airflow/example_dags/example_branch_day_of_week_operator.py
[2022-01-03 20:38:41,841] {scheduler_job.py:643} INFO - DAG(s) dict_keys(['example_weekday_branch_operator']) retrieved from /home/airflow/sandbox/lib/python3.8/site-packages/airflow/example_dags/example_branch_day_of_week_operator.py
[2022-01-03 20:38:41,919] {logging_mixin.py:104} INFO - [2022-01-03 20:38:41,919] {dag.py:1832} INFO - Sync 1 DAGs
[2022-01-03 20:38:42,004] {logging_mixin.py:104} INFO - [2022-01-03 20:38:42,004] {dag.py:2305} INFO - Setting next_dagrun for example_weekday_branch_operator to 2022-01-01 00:00:00+00:00
[2022-01-03 20:38:42,049] {scheduler_job.py:190} INFO - Processing /home/airflow/sandbox/lib/python3.8/site-packages/airflow/example_dags/example_branch_day_of_week_operator.py took 0.256 seconds
[2022-01-03 20:39:12,543] {scheduler_job.py:182} INFO - Started process (PID=13671) to work on /home/airflow/sandbox/lib/python3.8/site-packages/airflow/example_dags/example_branch_day_of_week_operator.py
[2022-01-03 20:39:12,549] {scheduler_job.py:633} INFO - Processing file /home/airflow/sandbox/lib/python3.8/site-packages/airflow/example_dags/example_branch_day_of_week_operator.py for tasks to queue
[2022-01-03 20:39:12,550] {logging_mixin.py:104} INFO - [2022-01-03 20:39:12,550] {dagbag.py:487} INFO - Filling up the DagBag from /home/airflow/sandbox/lib/python3.8/site-packages/airflow/example_dags/example_branch_day_of_week_operator.py
[2022-01-03 20:39:12,582] {scheduler_job.py:643} INFO - DAG(s) dict_keys(['example_weekday_branch_operator']) retrieved from /home/airflow/sandbox/lib/python3.8/site-packages/airflow/example_dags/example_branch_day_of_week_operator.py
[2022-01-03 20:39:12,674] {logging_mixin.py:104} INFO - [2022-01-03 20:39:12,674] {dag.py:1832} INFO - Sync 1 DAGs
[2022-01-03 20:39:12,723] {logging_mixin.py:104} INFO - [2022-01-03 20:39:12,723] {dag.py:2305} INFO - Setting next_dagrun for example_weekday_branch_operator to 2022-01-01 00:00:00+00:00
[2022-01-03 20:39:12,763] {scheduler_job.py:190} INFO - Processing /home/airflow/sandbox/lib/python3.8/site-packages/airflow/example_dags/example_branch_day_of_week_operator.py took 0.232 seconds
[2022-01-03 20:39:44,273] {scheduler_job.py:182} INFO - Started process (PID=13870) to work on /home/airflow/sandbox/lib/python3.8/site-packages/airflow/example_dags/example_branch_day_of_week_operator.py
[2022-01-03 20:39:44,278] {scheduler_job.py:633} INFO - Processing file /home/airflow/sandbox/lib/python3.8/site-packages/airflow/example_dags/example_branch_day_of_week_operator.py for tasks to queue
[2022-01-03 20:39:44,295] {logging_mixin.py:104} INFO - [2022-01-03 20:39:44,295] {dagbag.py:487} INFO - Filling up the DagBag from /home/airflow/sandbox/lib/python3.8/site-packages/airflow/example_dags/example_branch_day_of_week_operator.py
[2022-01-03 20:39:44,322] {scheduler_job.py:643} INFO - DAG(s) dict_keys(['example_weekday_branch_operator']) retrieved from /home/airflow/sandbox/lib/python3.8/site-packages/airflow/example_dags/example_branch_day_of_week_operator.py
[2022-01-03 20:39:44,409] {logging_mixin.py:104} INFO - [2022-01-03 20:39:44,409] {dag.py:1832} INFO - Sync 1 DAGs
[2022-01-03 20:39:44,458] {logging_mixin.py:104} INFO - [2022-01-03 20:39:44,457] {dag.py:2305} INFO - Setting next_dagrun for example_weekday_branch_operator to 2022-01-01 00:00:00+00:00
[2022-01-03 20:39:44,507] {scheduler_job.py:190} INFO - Processing /home/airflow/sandbox/lib/python3.8/site-packages/airflow/example_dags/example_branch_day_of_week_operator.py took 0.253 seconds
[2022-01-03 20:40:16,176] {scheduler_job.py:182} INFO - Started process (PID=14068) to work on /home/airflow/sandbox/lib/python3.8/site-packages/airflow/example_dags/example_branch_day_of_week_operator.py
[2022-01-03 20:40:16,178] {scheduler_job.py:633} INFO - Processing file /home/airflow/sandbox/lib/python3.8/site-packages/airflow/example_dags/example_branch_day_of_week_operator.py for tasks to queue
[2022-01-03 20:40:16,196] {logging_mixin.py:104} INFO - [2022-01-03 20:40:16,196] {dagbag.py:487} INFO - Filling up the DagBag from /home/airflow/sandbox/lib/python3.8/site-packages/airflow/example_dags/example_branch_day_of_week_operator.py
[2022-01-03 20:40:16,211] {scheduler_job.py:643} INFO - DAG(s) dict_keys(['example_weekday_branch_operator']) retrieved from /home/airflow/sandbox/lib/python3.8/site-packages/airflow/example_dags/example_branch_day_of_week_operator.py
[2022-01-03 20:40:16,328] {logging_mixin.py:104} INFO - [2022-01-03 20:40:16,328] {dag.py:1832} INFO - Sync 1 DAGs
[2022-01-03 20:40:16,420] {logging_mixin.py:104} INFO - [2022-01-03 20:40:16,420] {dag.py:2305} INFO - Setting next_dagrun for example_weekday_branch_operator to 2022-01-01 00:00:00+00:00
[2022-01-03 20:40:16,473] {scheduler_job.py:190} INFO - Processing /home/airflow/sandbox/lib/python3.8/site-packages/airflow/example_dags/example_branch_day_of_week_operator.py took 0.306 seconds
[2022-01-03 20:40:47,508] {scheduler_job.py:182} INFO - Started process (PID=14267) to work on /home/airflow/sandbox/lib/python3.8/site-packages/airflow/example_dags/example_branch_day_of_week_operator.py
[2022-01-03 20:40:47,509] {scheduler_job.py:633} INFO - Processing file /home/airflow/sandbox/lib/python3.8/site-packages/airflow/example_dags/example_branch_day_of_week_operator.py for tasks to queue
[2022-01-03 20:40:47,509] {logging_mixin.py:104} INFO - [2022-01-03 20:40:47,509] {dagbag.py:487} INFO - Filling up the DagBag from /home/airflow/sandbox/lib/python3.8/site-packages/airflow/example_dags/example_branch_day_of_week_operator.py
[2022-01-03 20:40:47,528] {scheduler_job.py:643} INFO - DAG(s) dict_keys(['example_weekday_branch_operator']) retrieved from /home/airflow/sandbox/lib/python3.8/site-packages/airflow/example_dags/example_branch_day_of_week_operator.py
[2022-01-03 20:40:47,664] {logging_mixin.py:104} INFO - [2022-01-03 20:40:47,664] {dag.py:1832} INFO - Sync 1 DAGs
[2022-01-03 20:40:47,756] {logging_mixin.py:104} INFO - [2022-01-03 20:40:47,755] {dag.py:2305} INFO - Setting next_dagrun for example_weekday_branch_operator to 2022-01-01 00:00:00+00:00
[2022-01-03 20:40:47,808] {scheduler_job.py:190} INFO - Processing /home/airflow/sandbox/lib/python3.8/site-packages/airflow/example_dags/example_branch_day_of_week_operator.py took 0.314 seconds
[2022-01-03 20:41:18,558] {scheduler_job.py:182} INFO - Started process (PID=14464) to work on /home/airflow/sandbox/lib/python3.8/site-packages/airflow/example_dags/example_branch_day_of_week_operator.py
[2022-01-03 20:41:18,564] {scheduler_job.py:633} INFO - Processing file /home/airflow/sandbox/lib/python3.8/site-packages/airflow/example_dags/example_branch_day_of_week_operator.py for tasks to queue
[2022-01-03 20:41:18,565] {logging_mixin.py:104} INFO - [2022-01-03 20:41:18,565] {dagbag.py:487} INFO - Filling up the DagBag from /home/airflow/sandbox/lib/python3.8/site-packages/airflow/example_dags/example_branch_day_of_week_operator.py
[2022-01-03 20:41:18,590] {scheduler_job.py:643} INFO - DAG(s) dict_keys(['example_weekday_branch_operator']) retrieved from /home/airflow/sandbox/lib/python3.8/site-packages/airflow/example_dags/example_branch_day_of_week_operator.py
[2022-01-03 20:41:18,712] {logging_mixin.py:104} INFO - [2022-01-03 20:41:18,712] {dag.py:1832} INFO - Sync 1 DAGs
[2022-01-03 20:41:18,775] {logging_mixin.py:104} INFO - [2022-01-03 20:41:18,775] {dag.py:2305} INFO - Setting next_dagrun for example_weekday_branch_operator to 2022-01-01 00:00:00+00:00
[2022-01-03 20:41:18,840] {scheduler_job.py:190} INFO - Processing /home/airflow/sandbox/lib/python3.8/site-packages/airflow/example_dags/example_branch_day_of_week_operator.py took 0.316 seconds
[2022-01-03 20:41:49,091] {scheduler_job.py:182} INFO - Started process (PID=14669) to work on /home/airflow/sandbox/lib/python3.8/site-packages/airflow/example_dags/example_branch_day_of_week_operator.py
[2022-01-03 20:41:49,094] {scheduler_job.py:633} INFO - Processing file /home/airflow/sandbox/lib/python3.8/site-packages/airflow/example_dags/example_branch_day_of_week_operator.py for tasks to queue
[2022-01-03 20:41:49,095] {logging_mixin.py:104} INFO - [2022-01-03 20:41:49,094] {dagbag.py:487} INFO - Filling up the DagBag from /home/airflow/sandbox/lib/python3.8/site-packages/airflow/example_dags/example_branch_day_of_week_operator.py
[2022-01-03 20:41:49,104] {scheduler_job.py:643} INFO - DAG(s) dict_keys(['example_weekday_branch_operator']) retrieved from /home/airflow/sandbox/lib/python3.8/site-packages/airflow/example_dags/example_branch_day_of_week_operator.py
[2022-01-03 20:41:49,147] {logging_mixin.py:104} INFO - [2022-01-03 20:41:49,147] {dag.py:1832} INFO - Sync 1 DAGs
[2022-01-03 20:41:49,167] {logging_mixin.py:104} INFO - [2022-01-03 20:41:49,167] {dag.py:2305} INFO - Setting next_dagrun for example_weekday_branch_operator to 2022-01-01 00:00:00+00:00
[2022-01-03 20:41:49,196] {scheduler_job.py:190} INFO - Processing /home/airflow/sandbox/lib/python3.8/site-packages/airflow/example_dags/example_branch_day_of_week_operator.py took 0.125 seconds
[2022-01-03 20:42:19,855] {scheduler_job.py:182} INFO - Started process (PID=14863) to work on /home/airflow/sandbox/lib/python3.8/site-packages/airflow/example_dags/example_branch_day_of_week_operator.py
[2022-01-03 20:42:19,861] {scheduler_job.py:633} INFO - Processing file /home/airflow/sandbox/lib/python3.8/site-packages/airflow/example_dags/example_branch_day_of_week_operator.py for tasks to queue
[2022-01-03 20:42:19,861] {logging_mixin.py:104} INFO - [2022-01-03 20:42:19,861] {dagbag.py:487} INFO - Filling up the DagBag from /home/airflow/sandbox/lib/python3.8/site-packages/airflow/example_dags/example_branch_day_of_week_operator.py
[2022-01-03 20:42:19,916] {scheduler_job.py:643} INFO - DAG(s) dict_keys(['example_weekday_branch_operator']) retrieved from /home/airflow/sandbox/lib/python3.8/site-packages/airflow/example_dags/example_branch_day_of_week_operator.py
[2022-01-03 20:42:19,970] {logging_mixin.py:104} INFO - [2022-01-03 20:42:19,970] {dag.py:1832} INFO - Sync 1 DAGs
[2022-01-03 20:42:20,068] {logging_mixin.py:104} INFO - [2022-01-03 20:42:20,068] {dag.py:2305} INFO - Setting next_dagrun for example_weekday_branch_operator to 2022-01-01 00:00:00+00:00
[2022-01-03 20:42:20,292] {scheduler_job.py:190} INFO - Processing /home/airflow/sandbox/lib/python3.8/site-packages/airflow/example_dags/example_branch_day_of_week_operator.py took 0.445 seconds
[2022-01-03 20:42:50,413] {scheduler_job.py:182} INFO - Started process (PID=15307) to work on /home/airflow/sandbox/lib/python3.8/site-packages/airflow/example_dags/example_branch_day_of_week_operator.py
[2022-01-03 20:42:50,418] {scheduler_job.py:633} INFO - Processing file /home/airflow/sandbox/lib/python3.8/site-packages/airflow/example_dags/example_branch_day_of_week_operator.py for tasks to queue
[2022-01-03 20:42:50,435] {logging_mixin.py:104} INFO - [2022-01-03 20:42:50,435] {dagbag.py:487} INFO - Filling up the DagBag from /home/airflow/sandbox/lib/python3.8/site-packages/airflow/example_dags/example_branch_day_of_week_operator.py
[2022-01-03 20:42:50,471] {scheduler_job.py:643} INFO - DAG(s) dict_keys(['example_weekday_branch_operator']) retrieved from /home/airflow/sandbox/lib/python3.8/site-packages/airflow/example_dags/example_branch_day_of_week_operator.py
[2022-01-03 20:42:50,561] {logging_mixin.py:104} INFO - [2022-01-03 20:42:50,561] {dag.py:1832} INFO - Sync 1 DAGs
[2022-01-03 20:42:50,800] {logging_mixin.py:104} INFO - [2022-01-03 20:42:50,799] {dag.py:2305} INFO - Setting next_dagrun for example_weekday_branch_operator to 2022-01-01 00:00:00+00:00
[2022-01-03 20:42:50,839] {scheduler_job.py:190} INFO - Processing /home/airflow/sandbox/lib/python3.8/site-packages/airflow/example_dags/example_branch_day_of_week_operator.py took 0.474 seconds
[2022-01-03 20:43:21,561] {scheduler_job.py:182} INFO - Started process (PID=15507) to work on /home/airflow/sandbox/lib/python3.8/site-packages/airflow/example_dags/example_branch_day_of_week_operator.py
[2022-01-03 20:43:21,562] {scheduler_job.py:633} INFO - Processing file /home/airflow/sandbox/lib/python3.8/site-packages/airflow/example_dags/example_branch_day_of_week_operator.py for tasks to queue
[2022-01-03 20:43:21,563] {logging_mixin.py:104} INFO - [2022-01-03 20:43:21,563] {dagbag.py:487} INFO - Filling up the DagBag from /home/airflow/sandbox/lib/python3.8/site-packages/airflow/example_dags/example_branch_day_of_week_operator.py
[2022-01-03 20:43:21,632] {scheduler_job.py:643} INFO - DAG(s) dict_keys(['example_weekday_branch_operator']) retrieved from /home/airflow/sandbox/lib/python3.8/site-packages/airflow/example_dags/example_branch_day_of_week_operator.py
[2022-01-03 20:43:21,753] {logging_mixin.py:104} INFO - [2022-01-03 20:43:21,753] {dag.py:1832} INFO - Sync 1 DAGs
[2022-01-03 20:43:22,017] {logging_mixin.py:104} INFO - [2022-01-03 20:43:22,016] {dag.py:2305} INFO - Setting next_dagrun for example_weekday_branch_operator to 2022-01-01 00:00:00+00:00
[2022-01-03 20:43:22,062] {scheduler_job.py:190} INFO - Processing /home/airflow/sandbox/lib/python3.8/site-packages/airflow/example_dags/example_branch_day_of_week_operator.py took 0.507 seconds
[2022-01-03 20:43:53,166] {scheduler_job.py:182} INFO - Started process (PID=15706) to work on /home/airflow/sandbox/lib/python3.8/site-packages/airflow/example_dags/example_branch_day_of_week_operator.py
[2022-01-03 20:43:53,168] {scheduler_job.py:633} INFO - Processing file /home/airflow/sandbox/lib/python3.8/site-packages/airflow/example_dags/example_branch_day_of_week_operator.py for tasks to queue
[2022-01-03 20:43:53,179] {logging_mixin.py:104} INFO - [2022-01-03 20:43:53,179] {dagbag.py:487} INFO - Filling up the DagBag from /home/airflow/sandbox/lib/python3.8/site-packages/airflow/example_dags/example_branch_day_of_week_operator.py
[2022-01-03 20:43:53,213] {scheduler_job.py:643} INFO - DAG(s) dict_keys(['example_weekday_branch_operator']) retrieved from /home/airflow/sandbox/lib/python3.8/site-packages/airflow/example_dags/example_branch_day_of_week_operator.py
[2022-01-03 20:43:53,335] {logging_mixin.py:104} INFO - [2022-01-03 20:43:53,334] {dag.py:1832} INFO - Sync 1 DAGs
[2022-01-03 20:43:53,605] {logging_mixin.py:104} INFO - [2022-01-03 20:43:53,605] {dag.py:2305} INFO - Setting next_dagrun for example_weekday_branch_operator to 2022-01-01 00:00:00+00:00
[2022-01-03 20:43:53,638] {scheduler_job.py:190} INFO - Processing /home/airflow/sandbox/lib/python3.8/site-packages/airflow/example_dags/example_branch_day_of_week_operator.py took 0.478 seconds
[2022-01-03 20:44:24,591] {scheduler_job.py:182} INFO - Started process (PID=15906) to work on /home/airflow/sandbox/lib/python3.8/site-packages/airflow/example_dags/example_branch_day_of_week_operator.py
[2022-01-03 20:44:24,598] {scheduler_job.py:633} INFO - Processing file /home/airflow/sandbox/lib/python3.8/site-packages/airflow/example_dags/example_branch_day_of_week_operator.py for tasks to queue
[2022-01-03 20:44:24,600] {logging_mixin.py:104} INFO - [2022-01-03 20:44:24,600] {dagbag.py:487} INFO - Filling up the DagBag from /home/airflow/sandbox/lib/python3.8/site-packages/airflow/example_dags/example_branch_day_of_week_operator.py
[2022-01-03 20:44:24,643] {scheduler_job.py:643} INFO - DAG(s) dict_keys(['example_weekday_branch_operator']) retrieved from /home/airflow/sandbox/lib/python3.8/site-packages/airflow/example_dags/example_branch_day_of_week_operator.py
[2022-01-03 20:44:24,712] {logging_mixin.py:104} INFO - [2022-01-03 20:44:24,712] {dag.py:1832} INFO - Sync 1 DAGs
[2022-01-03 20:44:25,005] {logging_mixin.py:104} INFO - [2022-01-03 20:44:25,004] {dag.py:2305} INFO - Setting next_dagrun for example_weekday_branch_operator to 2022-01-01 00:00:00+00:00
[2022-01-03 20:44:25,047] {scheduler_job.py:190} INFO - Processing /home/airflow/sandbox/lib/python3.8/site-packages/airflow/example_dags/example_branch_day_of_week_operator.py took 0.458 seconds
[2022-01-03 20:44:56,300] {scheduler_job.py:182} INFO - Started process (PID=16120) to work on /home/airflow/sandbox/lib/python3.8/site-packages/airflow/example_dags/example_branch_day_of_week_operator.py
[2022-01-03 20:44:56,302] {scheduler_job.py:633} INFO - Processing file /home/airflow/sandbox/lib/python3.8/site-packages/airflow/example_dags/example_branch_day_of_week_operator.py for tasks to queue
[2022-01-03 20:44:56,304] {logging_mixin.py:104} INFO - [2022-01-03 20:44:56,304] {dagbag.py:487} INFO - Filling up the DagBag from /home/airflow/sandbox/lib/python3.8/site-packages/airflow/example_dags/example_branch_day_of_week_operator.py
[2022-01-03 20:44:56,340] {scheduler_job.py:643} INFO - DAG(s) dict_keys(['example_weekday_branch_operator']) retrieved from /home/airflow/sandbox/lib/python3.8/site-packages/airflow/example_dags/example_branch_day_of_week_operator.py
[2022-01-03 20:44:56,408] {logging_mixin.py:104} INFO - [2022-01-03 20:44:56,408] {dag.py:1832} INFO - Sync 1 DAGs
[2022-01-03 20:44:56,809] {logging_mixin.py:104} INFO - [2022-01-03 20:44:56,808] {dag.py:2305} INFO - Setting next_dagrun for example_weekday_branch_operator to 2022-01-01 00:00:00+00:00
[2022-01-03 20:44:56,857] {scheduler_job.py:190} INFO - Processing /home/airflow/sandbox/lib/python3.8/site-packages/airflow/example_dags/example_branch_day_of_week_operator.py took 0.561 seconds
