[2022-01-03 20:19:02,256] {scheduler_job.py:182} INFO - Started process (PID=2941) to work on /home/airflow/sandbox/lib/python3.8/site-packages/airflow/example_dags/example_bash_operator.py
[2022-01-03 20:19:02,259] {scheduler_job.py:633} INFO - Processing file /home/airflow/sandbox/lib/python3.8/site-packages/airflow/example_dags/example_bash_operator.py for tasks to queue
[2022-01-03 20:19:02,261] {logging_mixin.py:104} INFO - [2022-01-03 20:19:02,260] {dagbag.py:487} INFO - Filling up the DagBag from /home/airflow/sandbox/lib/python3.8/site-packages/airflow/example_dags/example_bash_operator.py
[2022-01-03 20:19:02,299] {scheduler_job.py:643} INFO - DAG(s) dict_keys(['example_bash_operator']) retrieved from /home/airflow/sandbox/lib/python3.8/site-packages/airflow/example_dags/example_bash_operator.py
[2022-01-03 20:19:02,812] {logging_mixin.py:104} INFO - [2022-01-03 20:19:02,812] {dag.py:1832} INFO - Sync 1 DAGs
[2022-01-03 20:19:02,835] {logging_mixin.py:104} INFO - [2022-01-03 20:19:02,835] {dag.py:2305} INFO - Setting next_dagrun for example_bash_operator to 2022-01-03 00:00:00+00:00
[2022-01-03 20:19:02,846] {scheduler_job.py:190} INFO - Processing /home/airflow/sandbox/lib/python3.8/site-packages/airflow/example_dags/example_bash_operator.py took 0.593 seconds
[2022-01-03 20:20:14,056] {scheduler_job.py:182} INFO - Started process (PID=3494) to work on /home/airflow/sandbox/lib/python3.8/site-packages/airflow/example_dags/example_bash_operator.py
[2022-01-03 20:20:14,082] {scheduler_job.py:633} INFO - Processing file /home/airflow/sandbox/lib/python3.8/site-packages/airflow/example_dags/example_bash_operator.py for tasks to queue
[2022-01-03 20:20:14,083] {logging_mixin.py:104} INFO - [2022-01-03 20:20:14,083] {dagbag.py:487} INFO - Filling up the DagBag from /home/airflow/sandbox/lib/python3.8/site-packages/airflow/example_dags/example_bash_operator.py
[2022-01-03 20:20:14,102] {scheduler_job.py:643} INFO - DAG(s) dict_keys(['example_bash_operator']) retrieved from /home/airflow/sandbox/lib/python3.8/site-packages/airflow/example_dags/example_bash_operator.py
[2022-01-03 20:20:14,133] {logging_mixin.py:104} INFO - [2022-01-03 20:20:14,133] {dag.py:1832} INFO - Sync 1 DAGs
[2022-01-03 20:20:14,142] {logging_mixin.py:104} INFO - [2022-01-03 20:20:14,142] {dag.py:2305} INFO - Setting next_dagrun for example_bash_operator to 2022-01-03 00:00:00+00:00
[2022-01-03 20:20:14,153] {scheduler_job.py:190} INFO - Processing /home/airflow/sandbox/lib/python3.8/site-packages/airflow/example_dags/example_bash_operator.py took 0.102 seconds
[2022-01-03 20:20:56,149] {scheduler_job.py:182} INFO - Started process (PID=3529) to work on /home/airflow/sandbox/lib/python3.8/site-packages/airflow/example_dags/example_bash_operator.py
[2022-01-03 20:20:56,150] {scheduler_job.py:633} INFO - Processing file /home/airflow/sandbox/lib/python3.8/site-packages/airflow/example_dags/example_bash_operator.py for tasks to queue
[2022-01-03 20:20:56,150] {logging_mixin.py:104} INFO - [2022-01-03 20:20:56,150] {dagbag.py:487} INFO - Filling up the DagBag from /home/airflow/sandbox/lib/python3.8/site-packages/airflow/example_dags/example_bash_operator.py
[2022-01-03 20:20:56,159] {scheduler_job.py:643} INFO - DAG(s) dict_keys(['example_bash_operator']) retrieved from /home/airflow/sandbox/lib/python3.8/site-packages/airflow/example_dags/example_bash_operator.py
[2022-01-03 20:20:56,170] {logging_mixin.py:104} INFO - [2022-01-03 20:20:56,169] {dag.py:1832} INFO - Sync 1 DAGs
[2022-01-03 20:20:56,177] {logging_mixin.py:104} INFO - [2022-01-03 20:20:56,177] {dag.py:2305} INFO - Setting next_dagrun for example_bash_operator to 2022-01-03 00:00:00+00:00
[2022-01-03 20:20:56,189] {scheduler_job.py:190} INFO - Processing /home/airflow/sandbox/lib/python3.8/site-packages/airflow/example_dags/example_bash_operator.py took 0.042 seconds
[2022-01-03 20:21:34,939] {scheduler_job.py:182} INFO - Started process (PID=3563) to work on /home/airflow/sandbox/lib/python3.8/site-packages/airflow/example_dags/example_bash_operator.py
[2022-01-03 20:21:34,942] {scheduler_job.py:633} INFO - Processing file /home/airflow/sandbox/lib/python3.8/site-packages/airflow/example_dags/example_bash_operator.py for tasks to queue
[2022-01-03 20:21:34,945] {logging_mixin.py:104} INFO - [2022-01-03 20:21:34,944] {dagbag.py:487} INFO - Filling up the DagBag from /home/airflow/sandbox/lib/python3.8/site-packages/airflow/example_dags/example_bash_operator.py
[2022-01-03 20:21:34,982] {scheduler_job.py:643} INFO - DAG(s) dict_keys(['example_bash_operator']) retrieved from /home/airflow/sandbox/lib/python3.8/site-packages/airflow/example_dags/example_bash_operator.py
[2022-01-03 20:21:34,998] {logging_mixin.py:104} INFO - [2022-01-03 20:21:34,998] {dag.py:1832} INFO - Sync 1 DAGs
[2022-01-03 20:21:35,033] {logging_mixin.py:104} INFO - [2022-01-03 20:21:35,033] {dag.py:2305} INFO - Setting next_dagrun for example_bash_operator to 2022-01-03 00:00:00+00:00
[2022-01-03 20:21:35,052] {scheduler_job.py:190} INFO - Processing /home/airflow/sandbox/lib/python3.8/site-packages/airflow/example_dags/example_bash_operator.py took 0.117 seconds
[2022-01-03 20:22:18,864] {scheduler_job.py:182} INFO - Started process (PID=3641) to work on /home/airflow/sandbox/lib/python3.8/site-packages/airflow/example_dags/example_bash_operator.py
[2022-01-03 20:22:18,865] {scheduler_job.py:633} INFO - Processing file /home/airflow/sandbox/lib/python3.8/site-packages/airflow/example_dags/example_bash_operator.py for tasks to queue
[2022-01-03 20:22:18,877] {logging_mixin.py:104} INFO - [2022-01-03 20:22:18,877] {dagbag.py:487} INFO - Filling up the DagBag from /home/airflow/sandbox/lib/python3.8/site-packages/airflow/example_dags/example_bash_operator.py
[2022-01-03 20:22:18,894] {scheduler_job.py:643} INFO - DAG(s) dict_keys(['example_bash_operator']) retrieved from /home/airflow/sandbox/lib/python3.8/site-packages/airflow/example_dags/example_bash_operator.py
[2022-01-03 20:22:18,929] {logging_mixin.py:104} INFO - [2022-01-03 20:22:18,929] {dag.py:1832} INFO - Sync 1 DAGs
[2022-01-03 20:22:18,946] {logging_mixin.py:104} INFO - [2022-01-03 20:22:18,946] {dag.py:2305} INFO - Setting next_dagrun for example_bash_operator to 2022-01-03 00:00:00+00:00
[2022-01-03 20:22:18,983] {scheduler_job.py:190} INFO - Processing /home/airflow/sandbox/lib/python3.8/site-packages/airflow/example_dags/example_bash_operator.py took 0.125 seconds
[2022-01-03 20:22:58,289] {scheduler_job.py:182} INFO - Started process (PID=3737) to work on /home/airflow/sandbox/lib/python3.8/site-packages/airflow/example_dags/example_bash_operator.py
[2022-01-03 20:22:58,290] {scheduler_job.py:633} INFO - Processing file /home/airflow/sandbox/lib/python3.8/site-packages/airflow/example_dags/example_bash_operator.py for tasks to queue
[2022-01-03 20:22:58,291] {logging_mixin.py:104} INFO - [2022-01-03 20:22:58,291] {dagbag.py:487} INFO - Filling up the DagBag from /home/airflow/sandbox/lib/python3.8/site-packages/airflow/example_dags/example_bash_operator.py
[2022-01-03 20:22:58,328] {scheduler_job.py:643} INFO - DAG(s) dict_keys(['example_bash_operator']) retrieved from /home/airflow/sandbox/lib/python3.8/site-packages/airflow/example_dags/example_bash_operator.py
[2022-01-03 20:22:58,350] {logging_mixin.py:104} INFO - [2022-01-03 20:22:58,350] {dag.py:1832} INFO - Sync 1 DAGs
[2022-01-03 20:22:58,386] {logging_mixin.py:104} INFO - [2022-01-03 20:22:58,386] {dag.py:2305} INFO - Setting next_dagrun for example_bash_operator to 2022-01-03 00:00:00+00:00
[2022-01-03 20:22:58,399] {scheduler_job.py:190} INFO - Processing /home/airflow/sandbox/lib/python3.8/site-packages/airflow/example_dags/example_bash_operator.py took 0.113 seconds
[2022-01-03 20:23:44,606] {scheduler_job.py:182} INFO - Started process (PID=4337) to work on /home/airflow/sandbox/lib/python3.8/site-packages/airflow/example_dags/example_bash_operator.py
[2022-01-03 20:23:44,606] {scheduler_job.py:633} INFO - Processing file /home/airflow/sandbox/lib/python3.8/site-packages/airflow/example_dags/example_bash_operator.py for tasks to queue
[2022-01-03 20:23:44,607] {logging_mixin.py:104} INFO - [2022-01-03 20:23:44,607] {dagbag.py:487} INFO - Filling up the DagBag from /home/airflow/sandbox/lib/python3.8/site-packages/airflow/example_dags/example_bash_operator.py
[2022-01-03 20:23:44,636] {scheduler_job.py:643} INFO - DAG(s) dict_keys(['example_bash_operator']) retrieved from /home/airflow/sandbox/lib/python3.8/site-packages/airflow/example_dags/example_bash_operator.py
[2022-01-03 20:23:44,662] {logging_mixin.py:104} INFO - [2022-01-03 20:23:44,661] {dag.py:1832} INFO - Sync 1 DAGs
[2022-01-03 20:23:44,694] {logging_mixin.py:104} INFO - [2022-01-03 20:23:44,694] {dag.py:2305} INFO - Setting next_dagrun for example_bash_operator to 2022-01-03 00:00:00+00:00
[2022-01-03 20:23:44,711] {scheduler_job.py:190} INFO - Processing /home/airflow/sandbox/lib/python3.8/site-packages/airflow/example_dags/example_bash_operator.py took 0.107 seconds
[2022-01-03 20:24:26,283] {scheduler_job.py:182} INFO - Started process (PID=4408) to work on /home/airflow/sandbox/lib/python3.8/site-packages/airflow/example_dags/example_bash_operator.py
[2022-01-03 20:24:26,285] {scheduler_job.py:633} INFO - Processing file /home/airflow/sandbox/lib/python3.8/site-packages/airflow/example_dags/example_bash_operator.py for tasks to queue
[2022-01-03 20:24:26,288] {logging_mixin.py:104} INFO - [2022-01-03 20:24:26,288] {dagbag.py:487} INFO - Filling up the DagBag from /home/airflow/sandbox/lib/python3.8/site-packages/airflow/example_dags/example_bash_operator.py
[2022-01-03 20:24:26,301] {scheduler_job.py:643} INFO - DAG(s) dict_keys(['example_bash_operator']) retrieved from /home/airflow/sandbox/lib/python3.8/site-packages/airflow/example_dags/example_bash_operator.py
[2022-01-03 20:24:26,320] {logging_mixin.py:104} INFO - [2022-01-03 20:24:26,320] {dag.py:1832} INFO - Sync 1 DAGs
[2022-01-03 20:24:26,339] {logging_mixin.py:104} INFO - [2022-01-03 20:24:26,339] {dag.py:2305} INFO - Setting next_dagrun for example_bash_operator to 2022-01-03 00:00:00+00:00
[2022-01-03 20:24:26,352] {scheduler_job.py:190} INFO - Processing /home/airflow/sandbox/lib/python3.8/site-packages/airflow/example_dags/example_bash_operator.py took 0.072 seconds
[2022-01-03 20:25:07,851] {scheduler_job.py:182} INFO - Started process (PID=4801) to work on /home/airflow/sandbox/lib/python3.8/site-packages/airflow/example_dags/example_bash_operator.py
[2022-01-03 20:25:07,858] {scheduler_job.py:633} INFO - Processing file /home/airflow/sandbox/lib/python3.8/site-packages/airflow/example_dags/example_bash_operator.py for tasks to queue
[2022-01-03 20:25:07,861] {logging_mixin.py:104} INFO - [2022-01-03 20:25:07,861] {dagbag.py:487} INFO - Filling up the DagBag from /home/airflow/sandbox/lib/python3.8/site-packages/airflow/example_dags/example_bash_operator.py
[2022-01-03 20:25:07,942] {scheduler_job.py:643} INFO - DAG(s) dict_keys(['example_bash_operator']) retrieved from /home/airflow/sandbox/lib/python3.8/site-packages/airflow/example_dags/example_bash_operator.py
[2022-01-03 20:25:08,093] {logging_mixin.py:104} INFO - [2022-01-03 20:25:08,093] {dag.py:1832} INFO - Sync 1 DAGs
[2022-01-03 20:25:08,139] {logging_mixin.py:104} INFO - [2022-01-03 20:25:08,139] {dag.py:2305} INFO - Setting next_dagrun for example_bash_operator to 2022-01-03 00:00:00+00:00
[2022-01-03 20:25:08,198] {scheduler_job.py:190} INFO - Processing /home/airflow/sandbox/lib/python3.8/site-packages/airflow/example_dags/example_bash_operator.py took 0.394 seconds
[2022-01-03 20:25:55,486] {scheduler_job.py:182} INFO - Started process (PID=8023) to work on /home/airflow/sandbox/lib/python3.8/site-packages/airflow/example_dags/example_bash_operator.py
[2022-01-03 20:25:55,487] {scheduler_job.py:633} INFO - Processing file /home/airflow/sandbox/lib/python3.8/site-packages/airflow/example_dags/example_bash_operator.py for tasks to queue
[2022-01-03 20:25:55,488] {logging_mixin.py:104} INFO - [2022-01-03 20:25:55,487] {dagbag.py:487} INFO - Filling up the DagBag from /home/airflow/sandbox/lib/python3.8/site-packages/airflow/example_dags/example_bash_operator.py
[2022-01-03 20:25:55,501] {scheduler_job.py:643} INFO - DAG(s) dict_keys(['example_bash_operator']) retrieved from /home/airflow/sandbox/lib/python3.8/site-packages/airflow/example_dags/example_bash_operator.py
[2022-01-03 20:25:55,528] {logging_mixin.py:104} INFO - [2022-01-03 20:25:55,528] {dag.py:1832} INFO - Sync 1 DAGs
[2022-01-03 20:25:55,539] {logging_mixin.py:104} INFO - [2022-01-03 20:25:55,539] {dag.py:2305} INFO - Setting next_dagrun for example_bash_operator to 2022-01-03 00:00:00+00:00
[2022-01-03 20:25:55,550] {scheduler_job.py:190} INFO - Processing /home/airflow/sandbox/lib/python3.8/site-packages/airflow/example_dags/example_bash_operator.py took 0.067 seconds
[2022-01-03 20:26:41,484] {scheduler_job.py:182} INFO - Started process (PID=8204) to work on /home/airflow/sandbox/lib/python3.8/site-packages/airflow/example_dags/example_bash_operator.py
[2022-01-03 20:26:41,486] {scheduler_job.py:633} INFO - Processing file /home/airflow/sandbox/lib/python3.8/site-packages/airflow/example_dags/example_bash_operator.py for tasks to queue
[2022-01-03 20:26:41,489] {logging_mixin.py:104} INFO - [2022-01-03 20:26:41,489] {dagbag.py:487} INFO - Filling up the DagBag from /home/airflow/sandbox/lib/python3.8/site-packages/airflow/example_dags/example_bash_operator.py
[2022-01-03 20:26:41,539] {scheduler_job.py:643} INFO - DAG(s) dict_keys(['example_bash_operator']) retrieved from /home/airflow/sandbox/lib/python3.8/site-packages/airflow/example_dags/example_bash_operator.py
[2022-01-03 20:26:41,581] {logging_mixin.py:104} INFO - [2022-01-03 20:26:41,581] {dag.py:1832} INFO - Sync 1 DAGs
[2022-01-03 20:26:41,597] {logging_mixin.py:104} INFO - [2022-01-03 20:26:41,597] {dag.py:2305} INFO - Setting next_dagrun for example_bash_operator to 2022-01-03 00:00:00+00:00
[2022-01-03 20:26:41,630] {scheduler_job.py:190} INFO - Processing /home/airflow/sandbox/lib/python3.8/site-packages/airflow/example_dags/example_bash_operator.py took 0.174 seconds
[2022-01-03 20:27:20,604] {scheduler_job.py:182} INFO - Started process (PID=8433) to work on /home/airflow/sandbox/lib/python3.8/site-packages/airflow/example_dags/example_bash_operator.py
[2022-01-03 20:27:20,604] {scheduler_job.py:633} INFO - Processing file /home/airflow/sandbox/lib/python3.8/site-packages/airflow/example_dags/example_bash_operator.py for tasks to queue
[2022-01-03 20:27:20,605] {logging_mixin.py:104} INFO - [2022-01-03 20:27:20,605] {dagbag.py:487} INFO - Filling up the DagBag from /home/airflow/sandbox/lib/python3.8/site-packages/airflow/example_dags/example_bash_operator.py
[2022-01-03 20:27:20,638] {scheduler_job.py:643} INFO - DAG(s) dict_keys(['example_bash_operator']) retrieved from /home/airflow/sandbox/lib/python3.8/site-packages/airflow/example_dags/example_bash_operator.py
[2022-01-03 20:27:20,678] {logging_mixin.py:104} INFO - [2022-01-03 20:27:20,678] {dag.py:1832} INFO - Sync 1 DAGs
[2022-01-03 20:27:20,706] {logging_mixin.py:104} INFO - [2022-01-03 20:27:20,706] {dag.py:2305} INFO - Setting next_dagrun for example_bash_operator to 2022-01-03 00:00:00+00:00
[2022-01-03 20:27:20,738] {scheduler_job.py:190} INFO - Processing /home/airflow/sandbox/lib/python3.8/site-packages/airflow/example_dags/example_bash_operator.py took 0.137 seconds
[2022-01-03 20:28:09,136] {scheduler_job.py:182} INFO - Started process (PID=8619) to work on /home/airflow/sandbox/lib/python3.8/site-packages/airflow/example_dags/example_bash_operator.py
[2022-01-03 20:28:09,137] {scheduler_job.py:633} INFO - Processing file /home/airflow/sandbox/lib/python3.8/site-packages/airflow/example_dags/example_bash_operator.py for tasks to queue
[2022-01-03 20:28:09,138] {logging_mixin.py:104} INFO - [2022-01-03 20:28:09,138] {dagbag.py:487} INFO - Filling up the DagBag from /home/airflow/sandbox/lib/python3.8/site-packages/airflow/example_dags/example_bash_operator.py
[2022-01-03 20:28:09,183] {scheduler_job.py:643} INFO - DAG(s) dict_keys(['example_bash_operator']) retrieved from /home/airflow/sandbox/lib/python3.8/site-packages/airflow/example_dags/example_bash_operator.py
[2022-01-03 20:28:09,231] {logging_mixin.py:104} INFO - [2022-01-03 20:28:09,231] {dag.py:1832} INFO - Sync 1 DAGs
[2022-01-03 20:28:09,255] {logging_mixin.py:104} INFO - [2022-01-03 20:28:09,255] {dag.py:2305} INFO - Setting next_dagrun for example_bash_operator to 2022-01-03 00:00:00+00:00
[2022-01-03 20:28:09,296] {scheduler_job.py:190} INFO - Processing /home/airflow/sandbox/lib/python3.8/site-packages/airflow/example_dags/example_bash_operator.py took 0.198 seconds
[2022-01-03 20:28:50,735] {scheduler_job.py:182} INFO - Started process (PID=8705) to work on /home/airflow/sandbox/lib/python3.8/site-packages/airflow/example_dags/example_bash_operator.py
[2022-01-03 20:28:50,736] {scheduler_job.py:633} INFO - Processing file /home/airflow/sandbox/lib/python3.8/site-packages/airflow/example_dags/example_bash_operator.py for tasks to queue
[2022-01-03 20:28:50,737] {logging_mixin.py:104} INFO - [2022-01-03 20:28:50,737] {dagbag.py:487} INFO - Filling up the DagBag from /home/airflow/sandbox/lib/python3.8/site-packages/airflow/example_dags/example_bash_operator.py
[2022-01-03 20:28:50,753] {scheduler_job.py:643} INFO - DAG(s) dict_keys(['example_bash_operator']) retrieved from /home/airflow/sandbox/lib/python3.8/site-packages/airflow/example_dags/example_bash_operator.py
[2022-01-03 20:28:50,797] {logging_mixin.py:104} INFO - [2022-01-03 20:28:50,797] {dag.py:1832} INFO - Sync 1 DAGs
[2022-01-03 20:28:50,835] {logging_mixin.py:104} INFO - [2022-01-03 20:28:50,835] {dag.py:2305} INFO - Setting next_dagrun for example_bash_operator to 2022-01-03 00:00:00+00:00
[2022-01-03 20:28:50,870] {scheduler_job.py:190} INFO - Processing /home/airflow/sandbox/lib/python3.8/site-packages/airflow/example_dags/example_bash_operator.py took 0.139 seconds
[2022-01-03 20:29:38,079] {scheduler_job.py:182} INFO - Started process (PID=8788) to work on /home/airflow/sandbox/lib/python3.8/site-packages/airflow/example_dags/example_bash_operator.py
[2022-01-03 20:29:38,081] {scheduler_job.py:633} INFO - Processing file /home/airflow/sandbox/lib/python3.8/site-packages/airflow/example_dags/example_bash_operator.py for tasks to queue
[2022-01-03 20:29:38,081] {logging_mixin.py:104} INFO - [2022-01-03 20:29:38,081] {dagbag.py:487} INFO - Filling up the DagBag from /home/airflow/sandbox/lib/python3.8/site-packages/airflow/example_dags/example_bash_operator.py
[2022-01-03 20:29:38,102] {scheduler_job.py:643} INFO - DAG(s) dict_keys(['example_bash_operator']) retrieved from /home/airflow/sandbox/lib/python3.8/site-packages/airflow/example_dags/example_bash_operator.py
[2022-01-03 20:29:38,140] {logging_mixin.py:104} INFO - [2022-01-03 20:29:38,140] {dag.py:1832} INFO - Sync 1 DAGs
[2022-01-03 20:29:38,172] {logging_mixin.py:104} INFO - [2022-01-03 20:29:38,172] {dag.py:2305} INFO - Setting next_dagrun for example_bash_operator to 2022-01-03 00:00:00+00:00
[2022-01-03 20:29:38,187] {scheduler_job.py:190} INFO - Processing /home/airflow/sandbox/lib/python3.8/site-packages/airflow/example_dags/example_bash_operator.py took 0.111 seconds
[2022-01-03 20:32:59,015] {scheduler_job.py:182} INFO - Started process (PID=9763) to work on /home/airflow/sandbox/lib/python3.8/site-packages/airflow/example_dags/example_bash_operator.py
[2022-01-03 20:32:59,041] {scheduler_job.py:633} INFO - Processing file /home/airflow/sandbox/lib/python3.8/site-packages/airflow/example_dags/example_bash_operator.py for tasks to queue
[2022-01-03 20:32:59,042] {logging_mixin.py:104} INFO - [2022-01-03 20:32:59,042] {dagbag.py:487} INFO - Filling up the DagBag from /home/airflow/sandbox/lib/python3.8/site-packages/airflow/example_dags/example_bash_operator.py
[2022-01-03 20:32:59,237] {scheduler_job.py:643} INFO - DAG(s) dict_keys(['example_bash_operator']) retrieved from /home/airflow/sandbox/lib/python3.8/site-packages/airflow/example_dags/example_bash_operator.py
[2022-01-03 20:32:59,396] {logging_mixin.py:104} INFO - [2022-01-03 20:32:59,396] {dag.py:1832} INFO - Sync 1 DAGs
[2022-01-03 20:32:59,519] {logging_mixin.py:104} INFO - [2022-01-03 20:32:59,518] {dag.py:2305} INFO - Setting next_dagrun for example_bash_operator to 2022-01-01 00:00:00+00:00
[2022-01-03 20:32:59,589] {scheduler_job.py:190} INFO - Processing /home/airflow/sandbox/lib/python3.8/site-packages/airflow/example_dags/example_bash_operator.py took 0.609 seconds
[2022-01-03 20:33:29,974] {scheduler_job.py:182} INFO - Started process (PID=10020) to work on /home/airflow/sandbox/lib/python3.8/site-packages/airflow/example_dags/example_bash_operator.py
[2022-01-03 20:33:29,977] {scheduler_job.py:633} INFO - Processing file /home/airflow/sandbox/lib/python3.8/site-packages/airflow/example_dags/example_bash_operator.py for tasks to queue
[2022-01-03 20:33:29,983] {logging_mixin.py:104} INFO - [2022-01-03 20:33:29,983] {dagbag.py:487} INFO - Filling up the DagBag from /home/airflow/sandbox/lib/python3.8/site-packages/airflow/example_dags/example_bash_operator.py
[2022-01-03 20:33:30,042] {scheduler_job.py:643} INFO - DAG(s) dict_keys(['example_bash_operator']) retrieved from /home/airflow/sandbox/lib/python3.8/site-packages/airflow/example_dags/example_bash_operator.py
[2022-01-03 20:33:30,189] {logging_mixin.py:104} INFO - [2022-01-03 20:33:30,189] {dag.py:1832} INFO - Sync 1 DAGs
[2022-01-03 20:33:30,240] {logging_mixin.py:104} INFO - [2022-01-03 20:33:30,240] {dag.py:2305} INFO - Setting next_dagrun for example_bash_operator to 2022-01-01 00:00:00+00:00
[2022-01-03 20:33:30,284] {scheduler_job.py:190} INFO - Processing /home/airflow/sandbox/lib/python3.8/site-packages/airflow/example_dags/example_bash_operator.py took 0.313 seconds
[2022-01-03 20:34:00,867] {scheduler_job.py:182} INFO - Started process (PID=10309) to work on /home/airflow/sandbox/lib/python3.8/site-packages/airflow/example_dags/example_bash_operator.py
[2022-01-03 20:34:00,869] {scheduler_job.py:633} INFO - Processing file /home/airflow/sandbox/lib/python3.8/site-packages/airflow/example_dags/example_bash_operator.py for tasks to queue
[2022-01-03 20:34:00,874] {logging_mixin.py:104} INFO - [2022-01-03 20:34:00,874] {dagbag.py:487} INFO - Filling up the DagBag from /home/airflow/sandbox/lib/python3.8/site-packages/airflow/example_dags/example_bash_operator.py
[2022-01-03 20:34:01,116] {scheduler_job.py:643} INFO - DAG(s) dict_keys(['example_bash_operator']) retrieved from /home/airflow/sandbox/lib/python3.8/site-packages/airflow/example_dags/example_bash_operator.py
[2022-01-03 20:34:01,292] {logging_mixin.py:104} INFO - [2022-01-03 20:34:01,292] {dag.py:1832} INFO - Sync 1 DAGs
[2022-01-03 20:34:01,479] {logging_mixin.py:104} INFO - [2022-01-03 20:34:01,479] {dag.py:2305} INFO - Setting next_dagrun for example_bash_operator to 2022-01-01 00:00:00+00:00
[2022-01-03 20:34:01,493] {scheduler_job.py:190} INFO - Processing /home/airflow/sandbox/lib/python3.8/site-packages/airflow/example_dags/example_bash_operator.py took 0.961 seconds
[2022-01-03 20:34:33,831] {scheduler_job.py:182} INFO - Started process (PID=11554) to work on /home/airflow/sandbox/lib/python3.8/site-packages/airflow/example_dags/example_bash_operator.py
[2022-01-03 20:34:33,833] {scheduler_job.py:633} INFO - Processing file /home/airflow/sandbox/lib/python3.8/site-packages/airflow/example_dags/example_bash_operator.py for tasks to queue
[2022-01-03 20:34:33,833] {logging_mixin.py:104} INFO - [2022-01-03 20:34:33,833] {dagbag.py:487} INFO - Filling up the DagBag from /home/airflow/sandbox/lib/python3.8/site-packages/airflow/example_dags/example_bash_operator.py
[2022-01-03 20:34:33,918] {scheduler_job.py:643} INFO - DAG(s) dict_keys(['example_bash_operator']) retrieved from /home/airflow/sandbox/lib/python3.8/site-packages/airflow/example_dags/example_bash_operator.py
[2022-01-03 20:34:34,125] {logging_mixin.py:104} INFO - [2022-01-03 20:34:34,125] {dag.py:1832} INFO - Sync 1 DAGs
[2022-01-03 20:34:34,241] {logging_mixin.py:104} INFO - [2022-01-03 20:34:34,241] {dag.py:2305} INFO - Setting next_dagrun for example_bash_operator to 2022-01-01 00:00:00+00:00
[2022-01-03 20:34:34,326] {scheduler_job.py:190} INFO - Processing /home/airflow/sandbox/lib/python3.8/site-packages/airflow/example_dags/example_bash_operator.py took 0.499 seconds
[2022-01-03 20:35:04,989] {scheduler_job.py:182} INFO - Started process (PID=11832) to work on /home/airflow/sandbox/lib/python3.8/site-packages/airflow/example_dags/example_bash_operator.py
[2022-01-03 20:35:04,991] {scheduler_job.py:633} INFO - Processing file /home/airflow/sandbox/lib/python3.8/site-packages/airflow/example_dags/example_bash_operator.py for tasks to queue
[2022-01-03 20:35:05,028] {logging_mixin.py:104} INFO - [2022-01-03 20:35:05,028] {dagbag.py:487} INFO - Filling up the DagBag from /home/airflow/sandbox/lib/python3.8/site-packages/airflow/example_dags/example_bash_operator.py
[2022-01-03 20:35:05,071] {scheduler_job.py:643} INFO - DAG(s) dict_keys(['example_bash_operator']) retrieved from /home/airflow/sandbox/lib/python3.8/site-packages/airflow/example_dags/example_bash_operator.py
[2022-01-03 20:35:05,212] {logging_mixin.py:104} INFO - [2022-01-03 20:35:05,212] {dag.py:1832} INFO - Sync 1 DAGs
[2022-01-03 20:35:05,272] {logging_mixin.py:104} INFO - [2022-01-03 20:35:05,272] {dag.py:2305} INFO - Setting next_dagrun for example_bash_operator to 2022-01-01 00:00:00+00:00
[2022-01-03 20:35:05,318] {scheduler_job.py:190} INFO - Processing /home/airflow/sandbox/lib/python3.8/site-packages/airflow/example_dags/example_bash_operator.py took 0.333 seconds
[2022-01-03 20:35:36,126] {scheduler_job.py:182} INFO - Started process (PID=12028) to work on /home/airflow/sandbox/lib/python3.8/site-packages/airflow/example_dags/example_bash_operator.py
[2022-01-03 20:35:36,140] {scheduler_job.py:633} INFO - Processing file /home/airflow/sandbox/lib/python3.8/site-packages/airflow/example_dags/example_bash_operator.py for tasks to queue
[2022-01-03 20:35:36,165] {logging_mixin.py:104} INFO - [2022-01-03 20:35:36,164] {dagbag.py:487} INFO - Filling up the DagBag from /home/airflow/sandbox/lib/python3.8/site-packages/airflow/example_dags/example_bash_operator.py
[2022-01-03 20:35:36,227] {scheduler_job.py:643} INFO - DAG(s) dict_keys(['example_bash_operator']) retrieved from /home/airflow/sandbox/lib/python3.8/site-packages/airflow/example_dags/example_bash_operator.py
[2022-01-03 20:35:36,317] {logging_mixin.py:104} INFO - [2022-01-03 20:35:36,317] {dag.py:1832} INFO - Sync 1 DAGs
[2022-01-03 20:35:36,330] {logging_mixin.py:104} INFO - [2022-01-03 20:35:36,330] {dag.py:2305} INFO - Setting next_dagrun for example_bash_operator to 2022-01-01 00:00:00+00:00
[2022-01-03 20:35:36,373] {scheduler_job.py:190} INFO - Processing /home/airflow/sandbox/lib/python3.8/site-packages/airflow/example_dags/example_bash_operator.py took 0.288 seconds
[2022-01-03 20:36:06,720] {scheduler_job.py:182} INFO - Started process (PID=12228) to work on /home/airflow/sandbox/lib/python3.8/site-packages/airflow/example_dags/example_bash_operator.py
[2022-01-03 20:36:06,721] {scheduler_job.py:633} INFO - Processing file /home/airflow/sandbox/lib/python3.8/site-packages/airflow/example_dags/example_bash_operator.py for tasks to queue
[2022-01-03 20:36:06,721] {logging_mixin.py:104} INFO - [2022-01-03 20:36:06,721] {dagbag.py:487} INFO - Filling up the DagBag from /home/airflow/sandbox/lib/python3.8/site-packages/airflow/example_dags/example_bash_operator.py
[2022-01-03 20:36:06,815] {scheduler_job.py:643} INFO - DAG(s) dict_keys(['example_bash_operator']) retrieved from /home/airflow/sandbox/lib/python3.8/site-packages/airflow/example_dags/example_bash_operator.py
[2022-01-03 20:36:06,919] {logging_mixin.py:104} INFO - [2022-01-03 20:36:06,919] {dag.py:1832} INFO - Sync 1 DAGs
[2022-01-03 20:36:07,025] {logging_mixin.py:104} INFO - [2022-01-03 20:36:07,024] {dag.py:2305} INFO - Setting next_dagrun for example_bash_operator to 2022-01-01 00:00:00+00:00
[2022-01-03 20:36:07,076] {scheduler_job.py:190} INFO - Processing /home/airflow/sandbox/lib/python3.8/site-packages/airflow/example_dags/example_bash_operator.py took 0.361 seconds
[2022-01-03 20:36:37,314] {scheduler_job.py:182} INFO - Started process (PID=12425) to work on /home/airflow/sandbox/lib/python3.8/site-packages/airflow/example_dags/example_bash_operator.py
[2022-01-03 20:36:37,315] {scheduler_job.py:633} INFO - Processing file /home/airflow/sandbox/lib/python3.8/site-packages/airflow/example_dags/example_bash_operator.py for tasks to queue
[2022-01-03 20:36:37,316] {logging_mixin.py:104} INFO - [2022-01-03 20:36:37,316] {dagbag.py:487} INFO - Filling up the DagBag from /home/airflow/sandbox/lib/python3.8/site-packages/airflow/example_dags/example_bash_operator.py
[2022-01-03 20:36:37,381] {scheduler_job.py:643} INFO - DAG(s) dict_keys(['example_bash_operator']) retrieved from /home/airflow/sandbox/lib/python3.8/site-packages/airflow/example_dags/example_bash_operator.py
[2022-01-03 20:36:37,574] {logging_mixin.py:104} INFO - [2022-01-03 20:36:37,574] {dag.py:1832} INFO - Sync 1 DAGs
[2022-01-03 20:36:37,620] {logging_mixin.py:104} INFO - [2022-01-03 20:36:37,620] {dag.py:2305} INFO - Setting next_dagrun for example_bash_operator to 2022-01-01 00:00:00+00:00
[2022-01-03 20:36:37,657] {scheduler_job.py:190} INFO - Processing /home/airflow/sandbox/lib/python3.8/site-packages/airflow/example_dags/example_bash_operator.py took 0.347 seconds
[2022-01-03 20:37:07,729] {scheduler_job.py:182} INFO - Started process (PID=12620) to work on /home/airflow/sandbox/lib/python3.8/site-packages/airflow/example_dags/example_bash_operator.py
[2022-01-03 20:37:07,733] {scheduler_job.py:633} INFO - Processing file /home/airflow/sandbox/lib/python3.8/site-packages/airflow/example_dags/example_bash_operator.py for tasks to queue
[2022-01-03 20:37:07,765] {logging_mixin.py:104} INFO - [2022-01-03 20:37:07,764] {dagbag.py:487} INFO - Filling up the DagBag from /home/airflow/sandbox/lib/python3.8/site-packages/airflow/example_dags/example_bash_operator.py
[2022-01-03 20:37:07,780] {scheduler_job.py:643} INFO - DAG(s) dict_keys(['example_bash_operator']) retrieved from /home/airflow/sandbox/lib/python3.8/site-packages/airflow/example_dags/example_bash_operator.py
[2022-01-03 20:37:07,823] {logging_mixin.py:104} INFO - [2022-01-03 20:37:07,823] {dag.py:1832} INFO - Sync 1 DAGs
[2022-01-03 20:37:07,857] {logging_mixin.py:104} INFO - [2022-01-03 20:37:07,857] {dag.py:2305} INFO - Setting next_dagrun for example_bash_operator to 2022-01-01 00:00:00+00:00
[2022-01-03 20:37:07,874] {scheduler_job.py:190} INFO - Processing /home/airflow/sandbox/lib/python3.8/site-packages/airflow/example_dags/example_bash_operator.py took 0.157 seconds
[2022-01-03 20:37:38,757] {scheduler_job.py:182} INFO - Started process (PID=12863) to work on /home/airflow/sandbox/lib/python3.8/site-packages/airflow/example_dags/example_bash_operator.py
[2022-01-03 20:37:38,758] {scheduler_job.py:633} INFO - Processing file /home/airflow/sandbox/lib/python3.8/site-packages/airflow/example_dags/example_bash_operator.py for tasks to queue
[2022-01-03 20:37:38,759] {logging_mixin.py:104} INFO - [2022-01-03 20:37:38,759] {dagbag.py:487} INFO - Filling up the DagBag from /home/airflow/sandbox/lib/python3.8/site-packages/airflow/example_dags/example_bash_operator.py
[2022-01-03 20:37:38,831] {scheduler_job.py:643} INFO - DAG(s) dict_keys(['example_bash_operator']) retrieved from /home/airflow/sandbox/lib/python3.8/site-packages/airflow/example_dags/example_bash_operator.py
[2022-01-03 20:37:38,955] {logging_mixin.py:104} INFO - [2022-01-03 20:37:38,954] {dag.py:1832} INFO - Sync 1 DAGs
[2022-01-03 20:37:38,976] {logging_mixin.py:104} INFO - [2022-01-03 20:37:38,976] {dag.py:2305} INFO - Setting next_dagrun for example_bash_operator to 2022-01-01 00:00:00+00:00
[2022-01-03 20:37:39,008] {scheduler_job.py:190} INFO - Processing /home/airflow/sandbox/lib/python3.8/site-packages/airflow/example_dags/example_bash_operator.py took 0.254 seconds
[2022-01-03 20:38:09,194] {scheduler_job.py:182} INFO - Started process (PID=13254) to work on /home/airflow/sandbox/lib/python3.8/site-packages/airflow/example_dags/example_bash_operator.py
[2022-01-03 20:38:09,197] {scheduler_job.py:633} INFO - Processing file /home/airflow/sandbox/lib/python3.8/site-packages/airflow/example_dags/example_bash_operator.py for tasks to queue
[2022-01-03 20:38:09,199] {logging_mixin.py:104} INFO - [2022-01-03 20:38:09,199] {dagbag.py:487} INFO - Filling up the DagBag from /home/airflow/sandbox/lib/python3.8/site-packages/airflow/example_dags/example_bash_operator.py
[2022-01-03 20:38:09,213] {scheduler_job.py:643} INFO - DAG(s) dict_keys(['example_bash_operator']) retrieved from /home/airflow/sandbox/lib/python3.8/site-packages/airflow/example_dags/example_bash_operator.py
[2022-01-03 20:38:09,258] {logging_mixin.py:104} INFO - [2022-01-03 20:38:09,258] {dag.py:1832} INFO - Sync 1 DAGs
[2022-01-03 20:38:09,276] {logging_mixin.py:104} INFO - [2022-01-03 20:38:09,276] {dag.py:2305} INFO - Setting next_dagrun for example_bash_operator to 2022-01-01 00:00:00+00:00
[2022-01-03 20:38:09,296] {scheduler_job.py:190} INFO - Processing /home/airflow/sandbox/lib/python3.8/site-packages/airflow/example_dags/example_bash_operator.py took 0.123 seconds
[2022-01-03 20:38:41,250] {scheduler_job.py:182} INFO - Started process (PID=13460) to work on /home/airflow/sandbox/lib/python3.8/site-packages/airflow/example_dags/example_bash_operator.py
[2022-01-03 20:38:41,260] {scheduler_job.py:633} INFO - Processing file /home/airflow/sandbox/lib/python3.8/site-packages/airflow/example_dags/example_bash_operator.py for tasks to queue
[2022-01-03 20:38:41,262] {logging_mixin.py:104} INFO - [2022-01-03 20:38:41,261] {dagbag.py:487} INFO - Filling up the DagBag from /home/airflow/sandbox/lib/python3.8/site-packages/airflow/example_dags/example_bash_operator.py
[2022-01-03 20:38:41,303] {scheduler_job.py:643} INFO - DAG(s) dict_keys(['example_bash_operator']) retrieved from /home/airflow/sandbox/lib/python3.8/site-packages/airflow/example_dags/example_bash_operator.py
[2022-01-03 20:38:41,355] {logging_mixin.py:104} INFO - [2022-01-03 20:38:41,355] {dag.py:1832} INFO - Sync 1 DAGs
[2022-01-03 20:38:41,402] {logging_mixin.py:104} INFO - [2022-01-03 20:38:41,402] {dag.py:2305} INFO - Setting next_dagrun for example_bash_operator to 2022-01-01 00:00:00+00:00
[2022-01-03 20:38:41,445] {scheduler_job.py:190} INFO - Processing /home/airflow/sandbox/lib/python3.8/site-packages/airflow/example_dags/example_bash_operator.py took 0.221 seconds
[2022-01-03 20:39:12,003] {scheduler_job.py:182} INFO - Started process (PID=13658) to work on /home/airflow/sandbox/lib/python3.8/site-packages/airflow/example_dags/example_bash_operator.py
[2022-01-03 20:39:12,013] {scheduler_job.py:633} INFO - Processing file /home/airflow/sandbox/lib/python3.8/site-packages/airflow/example_dags/example_bash_operator.py for tasks to queue
[2022-01-03 20:39:12,015] {logging_mixin.py:104} INFO - [2022-01-03 20:39:12,014] {dagbag.py:487} INFO - Filling up the DagBag from /home/airflow/sandbox/lib/python3.8/site-packages/airflow/example_dags/example_bash_operator.py
[2022-01-03 20:39:12,076] {scheduler_job.py:643} INFO - DAG(s) dict_keys(['example_bash_operator']) retrieved from /home/airflow/sandbox/lib/python3.8/site-packages/airflow/example_dags/example_bash_operator.py
[2022-01-03 20:39:12,166] {logging_mixin.py:104} INFO - [2022-01-03 20:39:12,166] {dag.py:1832} INFO - Sync 1 DAGs
[2022-01-03 20:39:12,248] {logging_mixin.py:104} INFO - [2022-01-03 20:39:12,248] {dag.py:2305} INFO - Setting next_dagrun for example_bash_operator to 2022-01-01 00:00:00+00:00
[2022-01-03 20:39:12,291] {scheduler_job.py:190} INFO - Processing /home/airflow/sandbox/lib/python3.8/site-packages/airflow/example_dags/example_bash_operator.py took 0.290 seconds
[2022-01-03 20:39:43,957] {scheduler_job.py:182} INFO - Started process (PID=13858) to work on /home/airflow/sandbox/lib/python3.8/site-packages/airflow/example_dags/example_bash_operator.py
[2022-01-03 20:39:43,966] {scheduler_job.py:633} INFO - Processing file /home/airflow/sandbox/lib/python3.8/site-packages/airflow/example_dags/example_bash_operator.py for tasks to queue
[2022-01-03 20:39:43,972] {logging_mixin.py:104} INFO - [2022-01-03 20:39:43,972] {dagbag.py:487} INFO - Filling up the DagBag from /home/airflow/sandbox/lib/python3.8/site-packages/airflow/example_dags/example_bash_operator.py
[2022-01-03 20:39:44,044] {scheduler_job.py:643} INFO - DAG(s) dict_keys(['example_bash_operator']) retrieved from /home/airflow/sandbox/lib/python3.8/site-packages/airflow/example_dags/example_bash_operator.py
[2022-01-03 20:39:44,101] {logging_mixin.py:104} INFO - [2022-01-03 20:39:44,101] {dag.py:1832} INFO - Sync 1 DAGs
[2022-01-03 20:39:44,180] {logging_mixin.py:104} INFO - [2022-01-03 20:39:44,179] {dag.py:2305} INFO - Setting next_dagrun for example_bash_operator to 2022-01-01 00:00:00+00:00
[2022-01-03 20:39:44,211] {scheduler_job.py:190} INFO - Processing /home/airflow/sandbox/lib/python3.8/site-packages/airflow/example_dags/example_bash_operator.py took 0.261 seconds
[2022-01-03 20:40:15,510] {scheduler_job.py:182} INFO - Started process (PID=14056) to work on /home/airflow/sandbox/lib/python3.8/site-packages/airflow/example_dags/example_bash_operator.py
[2022-01-03 20:40:15,513] {scheduler_job.py:633} INFO - Processing file /home/airflow/sandbox/lib/python3.8/site-packages/airflow/example_dags/example_bash_operator.py for tasks to queue
[2022-01-03 20:40:15,513] {logging_mixin.py:104} INFO - [2022-01-03 20:40:15,513] {dagbag.py:487} INFO - Filling up the DagBag from /home/airflow/sandbox/lib/python3.8/site-packages/airflow/example_dags/example_bash_operator.py
[2022-01-03 20:40:15,561] {scheduler_job.py:643} INFO - DAG(s) dict_keys(['example_bash_operator']) retrieved from /home/airflow/sandbox/lib/python3.8/site-packages/airflow/example_dags/example_bash_operator.py
[2022-01-03 20:40:15,648] {logging_mixin.py:104} INFO - [2022-01-03 20:40:15,648] {dag.py:1832} INFO - Sync 1 DAGs
[2022-01-03 20:40:15,713] {logging_mixin.py:104} INFO - [2022-01-03 20:40:15,713] {dag.py:2305} INFO - Setting next_dagrun for example_bash_operator to 2022-01-01 00:00:00+00:00
[2022-01-03 20:40:16,047] {scheduler_job.py:190} INFO - Processing /home/airflow/sandbox/lib/python3.8/site-packages/airflow/example_dags/example_bash_operator.py took 0.568 seconds
[2022-01-03 20:40:46,396] {scheduler_job.py:182} INFO - Started process (PID=14253) to work on /home/airflow/sandbox/lib/python3.8/site-packages/airflow/example_dags/example_bash_operator.py
[2022-01-03 20:40:46,398] {scheduler_job.py:633} INFO - Processing file /home/airflow/sandbox/lib/python3.8/site-packages/airflow/example_dags/example_bash_operator.py for tasks to queue
[2022-01-03 20:40:46,402] {logging_mixin.py:104} INFO - [2022-01-03 20:40:46,402] {dagbag.py:487} INFO - Filling up the DagBag from /home/airflow/sandbox/lib/python3.8/site-packages/airflow/example_dags/example_bash_operator.py
[2022-01-03 20:40:46,475] {scheduler_job.py:643} INFO - DAG(s) dict_keys(['example_bash_operator']) retrieved from /home/airflow/sandbox/lib/python3.8/site-packages/airflow/example_dags/example_bash_operator.py
[2022-01-03 20:40:46,608] {logging_mixin.py:104} INFO - [2022-01-03 20:40:46,608] {dag.py:1832} INFO - Sync 1 DAGs
[2022-01-03 20:40:46,666] {logging_mixin.py:104} INFO - [2022-01-03 20:40:46,666] {dag.py:2305} INFO - Setting next_dagrun for example_bash_operator to 2022-01-01 00:00:00+00:00
[2022-01-03 20:40:46,921] {scheduler_job.py:190} INFO - Processing /home/airflow/sandbox/lib/python3.8/site-packages/airflow/example_dags/example_bash_operator.py took 0.596 seconds
[2022-01-03 20:41:17,167] {scheduler_job.py:182} INFO - Started process (PID=14451) to work on /home/airflow/sandbox/lib/python3.8/site-packages/airflow/example_dags/example_bash_operator.py
[2022-01-03 20:41:17,168] {scheduler_job.py:633} INFO - Processing file /home/airflow/sandbox/lib/python3.8/site-packages/airflow/example_dags/example_bash_operator.py for tasks to queue
[2022-01-03 20:41:17,169] {logging_mixin.py:104} INFO - [2022-01-03 20:41:17,169] {dagbag.py:487} INFO - Filling up the DagBag from /home/airflow/sandbox/lib/python3.8/site-packages/airflow/example_dags/example_bash_operator.py
[2022-01-03 20:41:17,199] {scheduler_job.py:643} INFO - DAG(s) dict_keys(['example_bash_operator']) retrieved from /home/airflow/sandbox/lib/python3.8/site-packages/airflow/example_dags/example_bash_operator.py
[2022-01-03 20:41:17,271] {logging_mixin.py:104} INFO - [2022-01-03 20:41:17,271] {dag.py:1832} INFO - Sync 1 DAGs
[2022-01-03 20:41:17,341] {logging_mixin.py:104} INFO - [2022-01-03 20:41:17,341] {dag.py:2305} INFO - Setting next_dagrun for example_bash_operator to 2022-01-01 00:00:00+00:00
[2022-01-03 20:41:17,466] {scheduler_job.py:190} INFO - Processing /home/airflow/sandbox/lib/python3.8/site-packages/airflow/example_dags/example_bash_operator.py took 0.302 seconds
[2022-01-03 20:41:47,588] {scheduler_job.py:182} INFO - Started process (PID=14651) to work on /home/airflow/sandbox/lib/python3.8/site-packages/airflow/example_dags/example_bash_operator.py
[2022-01-03 20:41:47,591] {scheduler_job.py:633} INFO - Processing file /home/airflow/sandbox/lib/python3.8/site-packages/airflow/example_dags/example_bash_operator.py for tasks to queue
[2022-01-03 20:41:47,592] {logging_mixin.py:104} INFO - [2022-01-03 20:41:47,592] {dagbag.py:487} INFO - Filling up the DagBag from /home/airflow/sandbox/lib/python3.8/site-packages/airflow/example_dags/example_bash_operator.py
[2022-01-03 20:41:47,614] {scheduler_job.py:643} INFO - DAG(s) dict_keys(['example_bash_operator']) retrieved from /home/airflow/sandbox/lib/python3.8/site-packages/airflow/example_dags/example_bash_operator.py
[2022-01-03 20:41:47,665] {logging_mixin.py:104} INFO - [2022-01-03 20:41:47,664] {dag.py:1832} INFO - Sync 1 DAGs
[2022-01-03 20:41:47,703] {logging_mixin.py:104} INFO - [2022-01-03 20:41:47,703] {dag.py:2305} INFO - Setting next_dagrun for example_bash_operator to 2022-01-01 00:00:00+00:00
[2022-01-03 20:41:47,812] {scheduler_job.py:190} INFO - Processing /home/airflow/sandbox/lib/python3.8/site-packages/airflow/example_dags/example_bash_operator.py took 0.241 seconds
[2022-01-03 20:42:18,071] {scheduler_job.py:182} INFO - Started process (PID=14848) to work on /home/airflow/sandbox/lib/python3.8/site-packages/airflow/example_dags/example_bash_operator.py
[2022-01-03 20:42:18,087] {scheduler_job.py:633} INFO - Processing file /home/airflow/sandbox/lib/python3.8/site-packages/airflow/example_dags/example_bash_operator.py for tasks to queue
[2022-01-03 20:42:18,089] {logging_mixin.py:104} INFO - [2022-01-03 20:42:18,089] {dagbag.py:487} INFO - Filling up the DagBag from /home/airflow/sandbox/lib/python3.8/site-packages/airflow/example_dags/example_bash_operator.py
[2022-01-03 20:42:18,122] {scheduler_job.py:643} INFO - DAG(s) dict_keys(['example_bash_operator']) retrieved from /home/airflow/sandbox/lib/python3.8/site-packages/airflow/example_dags/example_bash_operator.py
[2022-01-03 20:42:18,169] {logging_mixin.py:104} INFO - [2022-01-03 20:42:18,169] {dag.py:1832} INFO - Sync 1 DAGs
[2022-01-03 20:42:18,397] {logging_mixin.py:104} INFO - [2022-01-03 20:42:18,397] {dag.py:2305} INFO - Setting next_dagrun for example_bash_operator to 2022-01-01 00:00:00+00:00
[2022-01-03 20:42:18,445] {scheduler_job.py:190} INFO - Processing /home/airflow/sandbox/lib/python3.8/site-packages/airflow/example_dags/example_bash_operator.py took 0.360 seconds
[2022-01-03 20:42:48,618] {scheduler_job.py:182} INFO - Started process (PID=15283) to work on /home/airflow/sandbox/lib/python3.8/site-packages/airflow/example_dags/example_bash_operator.py
[2022-01-03 20:42:48,634] {scheduler_job.py:633} INFO - Processing file /home/airflow/sandbox/lib/python3.8/site-packages/airflow/example_dags/example_bash_operator.py for tasks to queue
[2022-01-03 20:42:48,636] {logging_mixin.py:104} INFO - [2022-01-03 20:42:48,636] {dagbag.py:487} INFO - Filling up the DagBag from /home/airflow/sandbox/lib/python3.8/site-packages/airflow/example_dags/example_bash_operator.py
[2022-01-03 20:42:48,647] {scheduler_job.py:643} INFO - DAG(s) dict_keys(['example_bash_operator']) retrieved from /home/airflow/sandbox/lib/python3.8/site-packages/airflow/example_dags/example_bash_operator.py
[2022-01-03 20:42:48,745] {logging_mixin.py:104} INFO - [2022-01-03 20:42:48,744] {dag.py:1832} INFO - Sync 1 DAGs
[2022-01-03 20:42:48,968] {logging_mixin.py:104} INFO - [2022-01-03 20:42:48,968] {dag.py:2305} INFO - Setting next_dagrun for example_bash_operator to 2022-01-01 00:00:00+00:00
[2022-01-03 20:42:48,995] {scheduler_job.py:190} INFO - Processing /home/airflow/sandbox/lib/python3.8/site-packages/airflow/example_dags/example_bash_operator.py took 0.387 seconds
[2022-01-03 20:43:19,116] {scheduler_job.py:182} INFO - Started process (PID=15479) to work on /home/airflow/sandbox/lib/python3.8/site-packages/airflow/example_dags/example_bash_operator.py
[2022-01-03 20:43:19,118] {scheduler_job.py:633} INFO - Processing file /home/airflow/sandbox/lib/python3.8/site-packages/airflow/example_dags/example_bash_operator.py for tasks to queue
[2022-01-03 20:43:19,119] {logging_mixin.py:104} INFO - [2022-01-03 20:43:19,119] {dagbag.py:487} INFO - Filling up the DagBag from /home/airflow/sandbox/lib/python3.8/site-packages/airflow/example_dags/example_bash_operator.py
[2022-01-03 20:43:19,143] {scheduler_job.py:643} INFO - DAG(s) dict_keys(['example_bash_operator']) retrieved from /home/airflow/sandbox/lib/python3.8/site-packages/airflow/example_dags/example_bash_operator.py
[2022-01-03 20:43:19,184] {logging_mixin.py:104} INFO - [2022-01-03 20:43:19,184] {dag.py:1832} INFO - Sync 1 DAGs
[2022-01-03 20:43:19,271] {logging_mixin.py:104} INFO - [2022-01-03 20:43:19,271] {dag.py:2305} INFO - Setting next_dagrun for example_bash_operator to 2022-01-01 00:00:00+00:00
[2022-01-03 20:43:19,296] {scheduler_job.py:190} INFO - Processing /home/airflow/sandbox/lib/python3.8/site-packages/airflow/example_dags/example_bash_operator.py took 0.184 seconds
[2022-01-03 20:43:49,548] {scheduler_job.py:182} INFO - Started process (PID=15678) to work on /home/airflow/sandbox/lib/python3.8/site-packages/airflow/example_dags/example_bash_operator.py
[2022-01-03 20:43:49,549] {scheduler_job.py:633} INFO - Processing file /home/airflow/sandbox/lib/python3.8/site-packages/airflow/example_dags/example_bash_operator.py for tasks to queue
[2022-01-03 20:43:49,549] {logging_mixin.py:104} INFO - [2022-01-03 20:43:49,549] {dagbag.py:487} INFO - Filling up the DagBag from /home/airflow/sandbox/lib/python3.8/site-packages/airflow/example_dags/example_bash_operator.py
[2022-01-03 20:43:49,568] {scheduler_job.py:643} INFO - DAG(s) dict_keys(['example_bash_operator']) retrieved from /home/airflow/sandbox/lib/python3.8/site-packages/airflow/example_dags/example_bash_operator.py
[2022-01-03 20:43:49,612] {logging_mixin.py:104} INFO - [2022-01-03 20:43:49,612] {dag.py:1832} INFO - Sync 1 DAGs
[2022-01-03 20:43:49,736] {logging_mixin.py:104} INFO - [2022-01-03 20:43:49,736] {dag.py:2305} INFO - Setting next_dagrun for example_bash_operator to 2022-01-01 00:00:00+00:00
[2022-01-03 20:43:49,751] {scheduler_job.py:190} INFO - Processing /home/airflow/sandbox/lib/python3.8/site-packages/airflow/example_dags/example_bash_operator.py took 0.209 seconds
[2022-01-03 20:44:20,352] {scheduler_job.py:182} INFO - Started process (PID=15877) to work on /home/airflow/sandbox/lib/python3.8/site-packages/airflow/example_dags/example_bash_operator.py
[2022-01-03 20:44:20,353] {scheduler_job.py:633} INFO - Processing file /home/airflow/sandbox/lib/python3.8/site-packages/airflow/example_dags/example_bash_operator.py for tasks to queue
[2022-01-03 20:44:20,353] {logging_mixin.py:104} INFO - [2022-01-03 20:44:20,353] {dagbag.py:487} INFO - Filling up the DagBag from /home/airflow/sandbox/lib/python3.8/site-packages/airflow/example_dags/example_bash_operator.py
[2022-01-03 20:44:20,366] {scheduler_job.py:643} INFO - DAG(s) dict_keys(['example_bash_operator']) retrieved from /home/airflow/sandbox/lib/python3.8/site-packages/airflow/example_dags/example_bash_operator.py
[2022-01-03 20:44:20,400] {logging_mixin.py:104} INFO - [2022-01-03 20:44:20,400] {dag.py:1832} INFO - Sync 1 DAGs
[2022-01-03 20:44:20,490] {logging_mixin.py:104} INFO - [2022-01-03 20:44:20,490] {dag.py:2305} INFO - Setting next_dagrun for example_bash_operator to 2022-01-01 00:00:00+00:00
[2022-01-03 20:44:20,504] {scheduler_job.py:190} INFO - Processing /home/airflow/sandbox/lib/python3.8/site-packages/airflow/example_dags/example_bash_operator.py took 0.157 seconds
[2022-01-03 20:44:51,095] {scheduler_job.py:182} INFO - Started process (PID=16077) to work on /home/airflow/sandbox/lib/python3.8/site-packages/airflow/example_dags/example_bash_operator.py
[2022-01-03 20:44:51,096] {scheduler_job.py:633} INFO - Processing file /home/airflow/sandbox/lib/python3.8/site-packages/airflow/example_dags/example_bash_operator.py for tasks to queue
[2022-01-03 20:44:51,097] {logging_mixin.py:104} INFO - [2022-01-03 20:44:51,096] {dagbag.py:487} INFO - Filling up the DagBag from /home/airflow/sandbox/lib/python3.8/site-packages/airflow/example_dags/example_bash_operator.py
[2022-01-03 20:44:51,133] {scheduler_job.py:643} INFO - DAG(s) dict_keys(['example_bash_operator']) retrieved from /home/airflow/sandbox/lib/python3.8/site-packages/airflow/example_dags/example_bash_operator.py
[2022-01-03 20:44:51,188] {logging_mixin.py:104} INFO - [2022-01-03 20:44:51,188] {dag.py:1832} INFO - Sync 1 DAGs
[2022-01-03 20:44:51,342] {logging_mixin.py:104} INFO - [2022-01-03 20:44:51,342] {dag.py:2305} INFO - Setting next_dagrun for example_bash_operator to 2022-01-01 00:00:00+00:00
[2022-01-03 20:44:51,357] {scheduler_job.py:190} INFO - Processing /home/airflow/sandbox/lib/python3.8/site-packages/airflow/example_dags/example_bash_operator.py took 0.265 seconds
