[2022-01-03 20:19:39,561] {scheduler_job.py:182} INFO - Started process (PID=3396) to work on /home/airflow/sandbox/lib/python3.8/site-packages/airflow/example_dags/example_nested_branch_dag.py
[2022-01-03 20:19:39,563] {scheduler_job.py:633} INFO - Processing file /home/airflow/sandbox/lib/python3.8/site-packages/airflow/example_dags/example_nested_branch_dag.py for tasks to queue
[2022-01-03 20:19:39,564] {logging_mixin.py:104} INFO - [2022-01-03 20:19:39,564] {dagbag.py:487} INFO - Filling up the DagBag from /home/airflow/sandbox/lib/python3.8/site-packages/airflow/example_dags/example_nested_branch_dag.py
[2022-01-03 20:19:39,617] {scheduler_job.py:643} INFO - DAG(s) dict_keys(['example_nested_branch_dag']) retrieved from /home/airflow/sandbox/lib/python3.8/site-packages/airflow/example_dags/example_nested_branch_dag.py
[2022-01-03 20:19:40,096] {logging_mixin.py:104} INFO - [2022-01-03 20:19:40,096] {dag.py:1832} INFO - Sync 1 DAGs
[2022-01-03 20:19:40,109] {logging_mixin.py:104} INFO - [2022-01-03 20:19:40,109] {dag.py:2305} INFO - Setting next_dagrun for example_nested_branch_dag to 2022-01-01 00:00:00+00:00
[2022-01-03 20:19:40,146] {scheduler_job.py:190} INFO - Processing /home/airflow/sandbox/lib/python3.8/site-packages/airflow/example_dags/example_nested_branch_dag.py took 0.588 seconds
[2022-01-03 20:20:22,156] {scheduler_job.py:182} INFO - Started process (PID=3502) to work on /home/airflow/sandbox/lib/python3.8/site-packages/airflow/example_dags/example_nested_branch_dag.py
[2022-01-03 20:20:22,157] {scheduler_job.py:633} INFO - Processing file /home/airflow/sandbox/lib/python3.8/site-packages/airflow/example_dags/example_nested_branch_dag.py for tasks to queue
[2022-01-03 20:20:22,158] {logging_mixin.py:104} INFO - [2022-01-03 20:20:22,158] {dagbag.py:487} INFO - Filling up the DagBag from /home/airflow/sandbox/lib/python3.8/site-packages/airflow/example_dags/example_nested_branch_dag.py
[2022-01-03 20:20:22,191] {scheduler_job.py:643} INFO - DAG(s) dict_keys(['example_nested_branch_dag']) retrieved from /home/airflow/sandbox/lib/python3.8/site-packages/airflow/example_dags/example_nested_branch_dag.py
[2022-01-03 20:20:22,209] {logging_mixin.py:104} INFO - [2022-01-03 20:20:22,208] {dag.py:1832} INFO - Sync 1 DAGs
[2022-01-03 20:20:22,242] {logging_mixin.py:104} INFO - [2022-01-03 20:20:22,242] {dag.py:2305} INFO - Setting next_dagrun for example_nested_branch_dag to 2022-01-01 00:00:00+00:00
[2022-01-03 20:20:22,258] {scheduler_job.py:190} INFO - Processing /home/airflow/sandbox/lib/python3.8/site-packages/airflow/example_dags/example_nested_branch_dag.py took 0.104 seconds
[2022-01-03 20:21:07,209] {scheduler_job.py:182} INFO - Started process (PID=3538) to work on /home/airflow/sandbox/lib/python3.8/site-packages/airflow/example_dags/example_nested_branch_dag.py
[2022-01-03 20:21:07,211] {scheduler_job.py:633} INFO - Processing file /home/airflow/sandbox/lib/python3.8/site-packages/airflow/example_dags/example_nested_branch_dag.py for tasks to queue
[2022-01-03 20:21:07,213] {logging_mixin.py:104} INFO - [2022-01-03 20:21:07,213] {dagbag.py:487} INFO - Filling up the DagBag from /home/airflow/sandbox/lib/python3.8/site-packages/airflow/example_dags/example_nested_branch_dag.py
[2022-01-03 20:21:07,244] {scheduler_job.py:643} INFO - DAG(s) dict_keys(['example_nested_branch_dag']) retrieved from /home/airflow/sandbox/lib/python3.8/site-packages/airflow/example_dags/example_nested_branch_dag.py
[2022-01-03 20:21:07,256] {logging_mixin.py:104} INFO - [2022-01-03 20:21:07,256] {dag.py:1832} INFO - Sync 1 DAGs
[2022-01-03 20:21:07,288] {logging_mixin.py:104} INFO - [2022-01-03 20:21:07,287] {dag.py:2305} INFO - Setting next_dagrun for example_nested_branch_dag to 2022-01-01 00:00:00+00:00
[2022-01-03 20:21:07,308] {scheduler_job.py:190} INFO - Processing /home/airflow/sandbox/lib/python3.8/site-packages/airflow/example_dags/example_nested_branch_dag.py took 0.101 seconds
[2022-01-03 20:21:45,894] {scheduler_job.py:182} INFO - Started process (PID=3579) to work on /home/airflow/sandbox/lib/python3.8/site-packages/airflow/example_dags/example_nested_branch_dag.py
[2022-01-03 20:21:45,897] {scheduler_job.py:633} INFO - Processing file /home/airflow/sandbox/lib/python3.8/site-packages/airflow/example_dags/example_nested_branch_dag.py for tasks to queue
[2022-01-03 20:21:45,898] {logging_mixin.py:104} INFO - [2022-01-03 20:21:45,898] {dagbag.py:487} INFO - Filling up the DagBag from /home/airflow/sandbox/lib/python3.8/site-packages/airflow/example_dags/example_nested_branch_dag.py
[2022-01-03 20:21:45,939] {scheduler_job.py:643} INFO - DAG(s) dict_keys(['example_nested_branch_dag']) retrieved from /home/airflow/sandbox/lib/python3.8/site-packages/airflow/example_dags/example_nested_branch_dag.py
[2022-01-03 20:21:45,959] {logging_mixin.py:104} INFO - [2022-01-03 20:21:45,959] {dag.py:1832} INFO - Sync 1 DAGs
[2022-01-03 20:21:45,993] {logging_mixin.py:104} INFO - [2022-01-03 20:21:45,992] {dag.py:2305} INFO - Setting next_dagrun for example_nested_branch_dag to 2022-01-01 00:00:00+00:00
[2022-01-03 20:21:46,008] {scheduler_job.py:190} INFO - Processing /home/airflow/sandbox/lib/python3.8/site-packages/airflow/example_dags/example_nested_branch_dag.py took 0.125 seconds
[2022-01-03 20:22:31,999] {scheduler_job.py:182} INFO - Started process (PID=3652) to work on /home/airflow/sandbox/lib/python3.8/site-packages/airflow/example_dags/example_nested_branch_dag.py
[2022-01-03 20:22:32,001] {scheduler_job.py:633} INFO - Processing file /home/airflow/sandbox/lib/python3.8/site-packages/airflow/example_dags/example_nested_branch_dag.py for tasks to queue
[2022-01-03 20:22:32,002] {logging_mixin.py:104} INFO - [2022-01-03 20:22:32,002] {dagbag.py:487} INFO - Filling up the DagBag from /home/airflow/sandbox/lib/python3.8/site-packages/airflow/example_dags/example_nested_branch_dag.py
[2022-01-03 20:22:32,028] {scheduler_job.py:643} INFO - DAG(s) dict_keys(['example_nested_branch_dag']) retrieved from /home/airflow/sandbox/lib/python3.8/site-packages/airflow/example_dags/example_nested_branch_dag.py
[2022-01-03 20:22:32,043] {logging_mixin.py:104} INFO - [2022-01-03 20:22:32,043] {dag.py:1832} INFO - Sync 1 DAGs
[2022-01-03 20:22:32,063] {logging_mixin.py:104} INFO - [2022-01-03 20:22:32,063] {dag.py:2305} INFO - Setting next_dagrun for example_nested_branch_dag to 2022-01-01 00:00:00+00:00
[2022-01-03 20:22:32,087] {scheduler_job.py:190} INFO - Processing /home/airflow/sandbox/lib/python3.8/site-packages/airflow/example_dags/example_nested_branch_dag.py took 0.091 seconds
[2022-01-03 20:23:12,261] {scheduler_job.py:182} INFO - Started process (PID=3802) to work on /home/airflow/sandbox/lib/python3.8/site-packages/airflow/example_dags/example_nested_branch_dag.py
[2022-01-03 20:23:12,263] {scheduler_job.py:633} INFO - Processing file /home/airflow/sandbox/lib/python3.8/site-packages/airflow/example_dags/example_nested_branch_dag.py for tasks to queue
[2022-01-03 20:23:12,263] {logging_mixin.py:104} INFO - [2022-01-03 20:23:12,263] {dagbag.py:487} INFO - Filling up the DagBag from /home/airflow/sandbox/lib/python3.8/site-packages/airflow/example_dags/example_nested_branch_dag.py
[2022-01-03 20:23:12,295] {scheduler_job.py:643} INFO - DAG(s) dict_keys(['example_nested_branch_dag']) retrieved from /home/airflow/sandbox/lib/python3.8/site-packages/airflow/example_dags/example_nested_branch_dag.py
[2022-01-03 20:23:12,313] {logging_mixin.py:104} INFO - [2022-01-03 20:23:12,313] {dag.py:1832} INFO - Sync 1 DAGs
[2022-01-03 20:23:12,341] {logging_mixin.py:104} INFO - [2022-01-03 20:23:12,341] {dag.py:2305} INFO - Setting next_dagrun for example_nested_branch_dag to 2022-01-01 00:00:00+00:00
[2022-01-03 20:23:12,361] {scheduler_job.py:190} INFO - Processing /home/airflow/sandbox/lib/python3.8/site-packages/airflow/example_dags/example_nested_branch_dag.py took 0.105 seconds
[2022-01-03 20:23:59,163] {scheduler_job.py:182} INFO - Started process (PID=4350) to work on /home/airflow/sandbox/lib/python3.8/site-packages/airflow/example_dags/example_nested_branch_dag.py
[2022-01-03 20:23:59,176] {scheduler_job.py:633} INFO - Processing file /home/airflow/sandbox/lib/python3.8/site-packages/airflow/example_dags/example_nested_branch_dag.py for tasks to queue
[2022-01-03 20:23:59,178] {logging_mixin.py:104} INFO - [2022-01-03 20:23:59,178] {dagbag.py:487} INFO - Filling up the DagBag from /home/airflow/sandbox/lib/python3.8/site-packages/airflow/example_dags/example_nested_branch_dag.py
[2022-01-03 20:23:59,194] {scheduler_job.py:643} INFO - DAG(s) dict_keys(['example_nested_branch_dag']) retrieved from /home/airflow/sandbox/lib/python3.8/site-packages/airflow/example_dags/example_nested_branch_dag.py
[2022-01-03 20:23:59,227] {logging_mixin.py:104} INFO - [2022-01-03 20:23:59,227] {dag.py:1832} INFO - Sync 1 DAGs
[2022-01-03 20:23:59,238] {logging_mixin.py:104} INFO - [2022-01-03 20:23:59,238] {dag.py:2305} INFO - Setting next_dagrun for example_nested_branch_dag to 2022-01-01 00:00:00+00:00
[2022-01-03 20:23:59,251] {scheduler_job.py:190} INFO - Processing /home/airflow/sandbox/lib/python3.8/site-packages/airflow/example_dags/example_nested_branch_dag.py took 0.093 seconds
[2022-01-03 20:24:38,180] {scheduler_job.py:182} INFO - Started process (PID=4495) to work on /home/airflow/sandbox/lib/python3.8/site-packages/airflow/example_dags/example_nested_branch_dag.py
[2022-01-03 20:24:38,182] {scheduler_job.py:633} INFO - Processing file /home/airflow/sandbox/lib/python3.8/site-packages/airflow/example_dags/example_nested_branch_dag.py for tasks to queue
[2022-01-03 20:24:38,183] {logging_mixin.py:104} INFO - [2022-01-03 20:24:38,183] {dagbag.py:487} INFO - Filling up the DagBag from /home/airflow/sandbox/lib/python3.8/site-packages/airflow/example_dags/example_nested_branch_dag.py
[2022-01-03 20:24:38,193] {scheduler_job.py:643} INFO - DAG(s) dict_keys(['example_nested_branch_dag']) retrieved from /home/airflow/sandbox/lib/python3.8/site-packages/airflow/example_dags/example_nested_branch_dag.py
[2022-01-03 20:24:38,219] {logging_mixin.py:104} INFO - [2022-01-03 20:24:38,219] {dag.py:1832} INFO - Sync 1 DAGs
[2022-01-03 20:24:38,238] {logging_mixin.py:104} INFO - [2022-01-03 20:24:38,238] {dag.py:2305} INFO - Setting next_dagrun for example_nested_branch_dag to 2022-01-01 00:00:00+00:00
[2022-01-03 20:24:38,259] {scheduler_job.py:190} INFO - Processing /home/airflow/sandbox/lib/python3.8/site-packages/airflow/example_dags/example_nested_branch_dag.py took 0.085 seconds
[2022-01-03 20:25:25,476] {scheduler_job.py:182} INFO - Started process (PID=6411) to work on /home/airflow/sandbox/lib/python3.8/site-packages/airflow/example_dags/example_nested_branch_dag.py
[2022-01-03 20:25:25,477] {scheduler_job.py:633} INFO - Processing file /home/airflow/sandbox/lib/python3.8/site-packages/airflow/example_dags/example_nested_branch_dag.py for tasks to queue
[2022-01-03 20:25:25,477] {logging_mixin.py:104} INFO - [2022-01-03 20:25:25,477] {dagbag.py:487} INFO - Filling up the DagBag from /home/airflow/sandbox/lib/python3.8/site-packages/airflow/example_dags/example_nested_branch_dag.py
[2022-01-03 20:25:25,489] {scheduler_job.py:643} INFO - DAG(s) dict_keys(['example_nested_branch_dag']) retrieved from /home/airflow/sandbox/lib/python3.8/site-packages/airflow/example_dags/example_nested_branch_dag.py
[2022-01-03 20:25:25,535] {logging_mixin.py:104} INFO - [2022-01-03 20:25:25,534] {dag.py:1832} INFO - Sync 1 DAGs
[2022-01-03 20:25:25,611] {logging_mixin.py:104} INFO - [2022-01-03 20:25:25,611] {dag.py:2305} INFO - Setting next_dagrun for example_nested_branch_dag to 2022-01-01 00:00:00+00:00
[2022-01-03 20:25:25,639] {scheduler_job.py:190} INFO - Processing /home/airflow/sandbox/lib/python3.8/site-packages/airflow/example_dags/example_nested_branch_dag.py took 0.178 seconds
[2022-01-03 20:26:11,685] {scheduler_job.py:182} INFO - Started process (PID=8119) to work on /home/airflow/sandbox/lib/python3.8/site-packages/airflow/example_dags/example_nested_branch_dag.py
[2022-01-03 20:26:11,686] {scheduler_job.py:633} INFO - Processing file /home/airflow/sandbox/lib/python3.8/site-packages/airflow/example_dags/example_nested_branch_dag.py for tasks to queue
[2022-01-03 20:26:11,687] {logging_mixin.py:104} INFO - [2022-01-03 20:26:11,687] {dagbag.py:487} INFO - Filling up the DagBag from /home/airflow/sandbox/lib/python3.8/site-packages/airflow/example_dags/example_nested_branch_dag.py
[2022-01-03 20:26:11,699] {scheduler_job.py:643} INFO - DAG(s) dict_keys(['example_nested_branch_dag']) retrieved from /home/airflow/sandbox/lib/python3.8/site-packages/airflow/example_dags/example_nested_branch_dag.py
[2022-01-03 20:26:11,739] {logging_mixin.py:104} INFO - [2022-01-03 20:26:11,739] {dag.py:1832} INFO - Sync 1 DAGs
[2022-01-03 20:26:11,789] {logging_mixin.py:104} INFO - [2022-01-03 20:26:11,789] {dag.py:2305} INFO - Setting next_dagrun for example_nested_branch_dag to 2022-01-01 00:00:00+00:00
[2022-01-03 20:26:11,828] {scheduler_job.py:190} INFO - Processing /home/airflow/sandbox/lib/python3.8/site-packages/airflow/example_dags/example_nested_branch_dag.py took 0.145 seconds
[2022-01-03 20:26:54,308] {scheduler_job.py:182} INFO - Started process (PID=8308) to work on /home/airflow/sandbox/lib/python3.8/site-packages/airflow/example_dags/example_nested_branch_dag.py
[2022-01-03 20:26:54,324] {scheduler_job.py:633} INFO - Processing file /home/airflow/sandbox/lib/python3.8/site-packages/airflow/example_dags/example_nested_branch_dag.py for tasks to queue
[2022-01-03 20:26:54,326] {logging_mixin.py:104} INFO - [2022-01-03 20:26:54,325] {dagbag.py:487} INFO - Filling up the DagBag from /home/airflow/sandbox/lib/python3.8/site-packages/airflow/example_dags/example_nested_branch_dag.py
[2022-01-03 20:26:54,348] {scheduler_job.py:643} INFO - DAG(s) dict_keys(['example_nested_branch_dag']) retrieved from /home/airflow/sandbox/lib/python3.8/site-packages/airflow/example_dags/example_nested_branch_dag.py
[2022-01-03 20:26:54,388] {logging_mixin.py:104} INFO - [2022-01-03 20:26:54,387] {dag.py:1832} INFO - Sync 1 DAGs
[2022-01-03 20:26:54,406] {logging_mixin.py:104} INFO - [2022-01-03 20:26:54,406] {dag.py:2305} INFO - Setting next_dagrun for example_nested_branch_dag to 2022-01-01 00:00:00+00:00
[2022-01-03 20:26:54,446] {scheduler_job.py:190} INFO - Processing /home/airflow/sandbox/lib/python3.8/site-packages/airflow/example_dags/example_nested_branch_dag.py took 0.141 seconds
[2022-01-03 20:27:46,842] {scheduler_job.py:182} INFO - Started process (PID=8526) to work on /home/airflow/sandbox/lib/python3.8/site-packages/airflow/example_dags/example_nested_branch_dag.py
[2022-01-03 20:27:46,845] {scheduler_job.py:633} INFO - Processing file /home/airflow/sandbox/lib/python3.8/site-packages/airflow/example_dags/example_nested_branch_dag.py for tasks to queue
[2022-01-03 20:27:46,846] {logging_mixin.py:104} INFO - [2022-01-03 20:27:46,846] {dagbag.py:487} INFO - Filling up the DagBag from /home/airflow/sandbox/lib/python3.8/site-packages/airflow/example_dags/example_nested_branch_dag.py
[2022-01-03 20:27:46,876] {scheduler_job.py:643} INFO - DAG(s) dict_keys(['example_nested_branch_dag']) retrieved from /home/airflow/sandbox/lib/python3.8/site-packages/airflow/example_dags/example_nested_branch_dag.py
[2022-01-03 20:27:46,897] {logging_mixin.py:104} INFO - [2022-01-03 20:27:46,897] {dag.py:1832} INFO - Sync 1 DAGs
[2022-01-03 20:27:46,932] {logging_mixin.py:104} INFO - [2022-01-03 20:27:46,931] {dag.py:2305} INFO - Setting next_dagrun for example_nested_branch_dag to 2022-01-01 00:00:00+00:00
[2022-01-03 20:27:46,949] {scheduler_job.py:190} INFO - Processing /home/airflow/sandbox/lib/python3.8/site-packages/airflow/example_dags/example_nested_branch_dag.py took 0.110 seconds
[2022-01-03 20:28:40,785] {scheduler_job.py:182} INFO - Started process (PID=8697) to work on /home/airflow/sandbox/lib/python3.8/site-packages/airflow/example_dags/example_nested_branch_dag.py
[2022-01-03 20:28:40,786] {scheduler_job.py:633} INFO - Processing file /home/airflow/sandbox/lib/python3.8/site-packages/airflow/example_dags/example_nested_branch_dag.py for tasks to queue
[2022-01-03 20:28:40,786] {logging_mixin.py:104} INFO - [2022-01-03 20:28:40,786] {dagbag.py:487} INFO - Filling up the DagBag from /home/airflow/sandbox/lib/python3.8/site-packages/airflow/example_dags/example_nested_branch_dag.py
[2022-01-03 20:28:40,804] {scheduler_job.py:643} INFO - DAG(s) dict_keys(['example_nested_branch_dag']) retrieved from /home/airflow/sandbox/lib/python3.8/site-packages/airflow/example_dags/example_nested_branch_dag.py
[2022-01-03 20:28:40,836] {logging_mixin.py:104} INFO - [2022-01-03 20:28:40,835] {dag.py:1832} INFO - Sync 1 DAGs
[2022-01-03 20:28:40,847] {logging_mixin.py:104} INFO - [2022-01-03 20:28:40,847] {dag.py:2305} INFO - Setting next_dagrun for example_nested_branch_dag to 2022-01-01 00:00:00+00:00
[2022-01-03 20:28:40,895] {scheduler_job.py:190} INFO - Processing /home/airflow/sandbox/lib/python3.8/site-packages/airflow/example_dags/example_nested_branch_dag.py took 0.116 seconds
[2022-01-03 20:29:29,224] {scheduler_job.py:182} INFO - Started process (PID=8751) to work on /home/airflow/sandbox/lib/python3.8/site-packages/airflow/example_dags/example_nested_branch_dag.py
[2022-01-03 20:29:29,225] {scheduler_job.py:633} INFO - Processing file /home/airflow/sandbox/lib/python3.8/site-packages/airflow/example_dags/example_nested_branch_dag.py for tasks to queue
[2022-01-03 20:29:29,226] {logging_mixin.py:104} INFO - [2022-01-03 20:29:29,226] {dagbag.py:487} INFO - Filling up the DagBag from /home/airflow/sandbox/lib/python3.8/site-packages/airflow/example_dags/example_nested_branch_dag.py
[2022-01-03 20:29:29,242] {scheduler_job.py:643} INFO - DAG(s) dict_keys(['example_nested_branch_dag']) retrieved from /home/airflow/sandbox/lib/python3.8/site-packages/airflow/example_dags/example_nested_branch_dag.py
[2022-01-03 20:29:29,282] {logging_mixin.py:104} INFO - [2022-01-03 20:29:29,281] {dag.py:1832} INFO - Sync 1 DAGs
[2022-01-03 20:29:29,319] {logging_mixin.py:104} INFO - [2022-01-03 20:29:29,319] {dag.py:2305} INFO - Setting next_dagrun for example_nested_branch_dag to 2022-01-01 00:00:00+00:00
[2022-01-03 20:29:29,338] {scheduler_job.py:190} INFO - Processing /home/airflow/sandbox/lib/python3.8/site-packages/airflow/example_dags/example_nested_branch_dag.py took 0.135 seconds
[2022-01-03 20:33:02,445] {scheduler_job.py:182} INFO - Started process (PID=9799) to work on /home/airflow/sandbox/lib/python3.8/site-packages/airflow/example_dags/example_nested_branch_dag.py
[2022-01-03 20:33:02,571] {scheduler_job.py:633} INFO - Processing file /home/airflow/sandbox/lib/python3.8/site-packages/airflow/example_dags/example_nested_branch_dag.py for tasks to queue
[2022-01-03 20:33:02,577] {logging_mixin.py:104} INFO - [2022-01-03 20:33:02,577] {dagbag.py:487} INFO - Filling up the DagBag from /home/airflow/sandbox/lib/python3.8/site-packages/airflow/example_dags/example_nested_branch_dag.py
[2022-01-03 20:33:02,718] {scheduler_job.py:643} INFO - DAG(s) dict_keys(['example_nested_branch_dag']) retrieved from /home/airflow/sandbox/lib/python3.8/site-packages/airflow/example_dags/example_nested_branch_dag.py
[2022-01-03 20:33:02,882] {logging_mixin.py:104} INFO - [2022-01-03 20:33:02,882] {dag.py:1832} INFO - Sync 1 DAGs
[2022-01-03 20:33:03,116] {logging_mixin.py:104} INFO - [2022-01-03 20:33:03,115] {dag.py:2305} INFO - Setting next_dagrun for example_nested_branch_dag to 2022-01-01 00:00:00+00:00
[2022-01-03 20:33:03,184] {scheduler_job.py:190} INFO - Processing /home/airflow/sandbox/lib/python3.8/site-packages/airflow/example_dags/example_nested_branch_dag.py took 0.788 seconds
[2022-01-03 20:33:33,893] {scheduler_job.py:182} INFO - Started process (PID=10085) to work on /home/airflow/sandbox/lib/python3.8/site-packages/airflow/example_dags/example_nested_branch_dag.py
[2022-01-03 20:33:33,915] {scheduler_job.py:633} INFO - Processing file /home/airflow/sandbox/lib/python3.8/site-packages/airflow/example_dags/example_nested_branch_dag.py for tasks to queue
[2022-01-03 20:33:33,916] {logging_mixin.py:104} INFO - [2022-01-03 20:33:33,916] {dagbag.py:487} INFO - Filling up the DagBag from /home/airflow/sandbox/lib/python3.8/site-packages/airflow/example_dags/example_nested_branch_dag.py
[2022-01-03 20:33:33,933] {scheduler_job.py:643} INFO - DAG(s) dict_keys(['example_nested_branch_dag']) retrieved from /home/airflow/sandbox/lib/python3.8/site-packages/airflow/example_dags/example_nested_branch_dag.py
[2022-01-03 20:33:34,067] {logging_mixin.py:104} INFO - [2022-01-03 20:33:34,067] {dag.py:1832} INFO - Sync 1 DAGs
[2022-01-03 20:33:34,129] {logging_mixin.py:104} INFO - [2022-01-03 20:33:34,129] {dag.py:2305} INFO - Setting next_dagrun for example_nested_branch_dag to 2022-01-01 00:00:00+00:00
[2022-01-03 20:33:34,171] {scheduler_job.py:190} INFO - Processing /home/airflow/sandbox/lib/python3.8/site-packages/airflow/example_dags/example_nested_branch_dag.py took 0.280 seconds
[2022-01-03 20:34:04,343] {scheduler_job.py:182} INFO - Started process (PID=10374) to work on /home/airflow/sandbox/lib/python3.8/site-packages/airflow/example_dags/example_nested_branch_dag.py
[2022-01-03 20:34:04,365] {scheduler_job.py:633} INFO - Processing file /home/airflow/sandbox/lib/python3.8/site-packages/airflow/example_dags/example_nested_branch_dag.py for tasks to queue
[2022-01-03 20:34:04,365] {logging_mixin.py:104} INFO - [2022-01-03 20:34:04,365] {dagbag.py:487} INFO - Filling up the DagBag from /home/airflow/sandbox/lib/python3.8/site-packages/airflow/example_dags/example_nested_branch_dag.py
[2022-01-03 20:34:04,430] {scheduler_job.py:643} INFO - DAG(s) dict_keys(['example_nested_branch_dag']) retrieved from /home/airflow/sandbox/lib/python3.8/site-packages/airflow/example_dags/example_nested_branch_dag.py
[2022-01-03 20:34:04,821] {logging_mixin.py:104} INFO - [2022-01-03 20:34:04,821] {dag.py:1832} INFO - Sync 1 DAGs
[2022-01-03 20:34:04,967] {logging_mixin.py:104} INFO - [2022-01-03 20:34:04,967] {dag.py:2305} INFO - Setting next_dagrun for example_nested_branch_dag to 2022-01-01 00:00:00+00:00
[2022-01-03 20:34:05,138] {scheduler_job.py:190} INFO - Processing /home/airflow/sandbox/lib/python3.8/site-packages/airflow/example_dags/example_nested_branch_dag.py took 0.798 seconds
[2022-01-03 20:34:36,168] {scheduler_job.py:182} INFO - Started process (PID=11638) to work on /home/airflow/sandbox/lib/python3.8/site-packages/airflow/example_dags/example_nested_branch_dag.py
[2022-01-03 20:34:36,169] {scheduler_job.py:633} INFO - Processing file /home/airflow/sandbox/lib/python3.8/site-packages/airflow/example_dags/example_nested_branch_dag.py for tasks to queue
[2022-01-03 20:34:36,170] {logging_mixin.py:104} INFO - [2022-01-03 20:34:36,170] {dagbag.py:487} INFO - Filling up the DagBag from /home/airflow/sandbox/lib/python3.8/site-packages/airflow/example_dags/example_nested_branch_dag.py
[2022-01-03 20:34:36,186] {scheduler_job.py:643} INFO - DAG(s) dict_keys(['example_nested_branch_dag']) retrieved from /home/airflow/sandbox/lib/python3.8/site-packages/airflow/example_dags/example_nested_branch_dag.py
[2022-01-03 20:34:36,266] {logging_mixin.py:104} INFO - [2022-01-03 20:34:36,266] {dag.py:1832} INFO - Sync 1 DAGs
[2022-01-03 20:34:36,315] {logging_mixin.py:104} INFO - [2022-01-03 20:34:36,315] {dag.py:2305} INFO - Setting next_dagrun for example_nested_branch_dag to 2022-01-01 00:00:00+00:00
[2022-01-03 20:34:36,331] {scheduler_job.py:190} INFO - Processing /home/airflow/sandbox/lib/python3.8/site-packages/airflow/example_dags/example_nested_branch_dag.py took 0.189 seconds
[2022-01-03 20:35:06,972] {scheduler_job.py:182} INFO - Started process (PID=11868) to work on /home/airflow/sandbox/lib/python3.8/site-packages/airflow/example_dags/example_nested_branch_dag.py
[2022-01-03 20:35:06,974] {scheduler_job.py:633} INFO - Processing file /home/airflow/sandbox/lib/python3.8/site-packages/airflow/example_dags/example_nested_branch_dag.py for tasks to queue
[2022-01-03 20:35:06,975] {logging_mixin.py:104} INFO - [2022-01-03 20:35:06,975] {dagbag.py:487} INFO - Filling up the DagBag from /home/airflow/sandbox/lib/python3.8/site-packages/airflow/example_dags/example_nested_branch_dag.py
[2022-01-03 20:35:06,991] {scheduler_job.py:643} INFO - DAG(s) dict_keys(['example_nested_branch_dag']) retrieved from /home/airflow/sandbox/lib/python3.8/site-packages/airflow/example_dags/example_nested_branch_dag.py
[2022-01-03 20:35:07,070] {logging_mixin.py:104} INFO - [2022-01-03 20:35:07,070] {dag.py:1832} INFO - Sync 1 DAGs
[2022-01-03 20:35:07,112] {logging_mixin.py:104} INFO - [2022-01-03 20:35:07,112] {dag.py:2305} INFO - Setting next_dagrun for example_nested_branch_dag to 2022-01-01 00:00:00+00:00
[2022-01-03 20:35:07,125] {scheduler_job.py:190} INFO - Processing /home/airflow/sandbox/lib/python3.8/site-packages/airflow/example_dags/example_nested_branch_dag.py took 0.157 seconds
[2022-01-03 20:35:37,622] {scheduler_job.py:182} INFO - Started process (PID=12068) to work on /home/airflow/sandbox/lib/python3.8/site-packages/airflow/example_dags/example_nested_branch_dag.py
[2022-01-03 20:35:37,624] {scheduler_job.py:633} INFO - Processing file /home/airflow/sandbox/lib/python3.8/site-packages/airflow/example_dags/example_nested_branch_dag.py for tasks to queue
[2022-01-03 20:35:37,625] {logging_mixin.py:104} INFO - [2022-01-03 20:35:37,625] {dagbag.py:487} INFO - Filling up the DagBag from /home/airflow/sandbox/lib/python3.8/site-packages/airflow/example_dags/example_nested_branch_dag.py
[2022-01-03 20:35:37,671] {scheduler_job.py:643} INFO - DAG(s) dict_keys(['example_nested_branch_dag']) retrieved from /home/airflow/sandbox/lib/python3.8/site-packages/airflow/example_dags/example_nested_branch_dag.py
[2022-01-03 20:35:37,784] {logging_mixin.py:104} INFO - [2022-01-03 20:35:37,783] {dag.py:1832} INFO - Sync 1 DAGs
[2022-01-03 20:35:37,832] {logging_mixin.py:104} INFO - [2022-01-03 20:35:37,831] {dag.py:2305} INFO - Setting next_dagrun for example_nested_branch_dag to 2022-01-01 00:00:00+00:00
[2022-01-03 20:35:37,915] {scheduler_job.py:190} INFO - Processing /home/airflow/sandbox/lib/python3.8/site-packages/airflow/example_dags/example_nested_branch_dag.py took 0.295 seconds
[2022-01-03 20:36:08,814] {scheduler_job.py:182} INFO - Started process (PID=12265) to work on /home/airflow/sandbox/lib/python3.8/site-packages/airflow/example_dags/example_nested_branch_dag.py
[2022-01-03 20:36:08,815] {scheduler_job.py:633} INFO - Processing file /home/airflow/sandbox/lib/python3.8/site-packages/airflow/example_dags/example_nested_branch_dag.py for tasks to queue
[2022-01-03 20:36:08,815] {logging_mixin.py:104} INFO - [2022-01-03 20:36:08,815] {dagbag.py:487} INFO - Filling up the DagBag from /home/airflow/sandbox/lib/python3.8/site-packages/airflow/example_dags/example_nested_branch_dag.py
[2022-01-03 20:36:08,866] {scheduler_job.py:643} INFO - DAG(s) dict_keys(['example_nested_branch_dag']) retrieved from /home/airflow/sandbox/lib/python3.8/site-packages/airflow/example_dags/example_nested_branch_dag.py
[2022-01-03 20:36:09,015] {logging_mixin.py:104} INFO - [2022-01-03 20:36:09,014] {dag.py:1832} INFO - Sync 1 DAGs
[2022-01-03 20:36:09,061] {logging_mixin.py:104} INFO - [2022-01-03 20:36:09,061] {dag.py:2305} INFO - Setting next_dagrun for example_nested_branch_dag to 2022-01-01 00:00:00+00:00
[2022-01-03 20:36:09,078] {scheduler_job.py:190} INFO - Processing /home/airflow/sandbox/lib/python3.8/site-packages/airflow/example_dags/example_nested_branch_dag.py took 0.271 seconds
[2022-01-03 20:36:39,764] {scheduler_job.py:182} INFO - Started process (PID=12463) to work on /home/airflow/sandbox/lib/python3.8/site-packages/airflow/example_dags/example_nested_branch_dag.py
[2022-01-03 20:36:39,767] {scheduler_job.py:633} INFO - Processing file /home/airflow/sandbox/lib/python3.8/site-packages/airflow/example_dags/example_nested_branch_dag.py for tasks to queue
[2022-01-03 20:36:39,769] {logging_mixin.py:104} INFO - [2022-01-03 20:36:39,768] {dagbag.py:487} INFO - Filling up the DagBag from /home/airflow/sandbox/lib/python3.8/site-packages/airflow/example_dags/example_nested_branch_dag.py
[2022-01-03 20:36:39,780] {scheduler_job.py:643} INFO - DAG(s) dict_keys(['example_nested_branch_dag']) retrieved from /home/airflow/sandbox/lib/python3.8/site-packages/airflow/example_dags/example_nested_branch_dag.py
[2022-01-03 20:36:40,029] {logging_mixin.py:104} INFO - [2022-01-03 20:36:40,029] {dag.py:1832} INFO - Sync 1 DAGs
[2022-01-03 20:36:40,105] {logging_mixin.py:104} INFO - [2022-01-03 20:36:40,087] {dag.py:2305} INFO - Setting next_dagrun for example_nested_branch_dag to 2022-01-01 00:00:00+00:00
[2022-01-03 20:36:40,132] {scheduler_job.py:190} INFO - Processing /home/airflow/sandbox/lib/python3.8/site-packages/airflow/example_dags/example_nested_branch_dag.py took 0.374 seconds
[2022-01-03 20:37:10,327] {scheduler_job.py:182} INFO - Started process (PID=12662) to work on /home/airflow/sandbox/lib/python3.8/site-packages/airflow/example_dags/example_nested_branch_dag.py
[2022-01-03 20:37:10,333] {scheduler_job.py:633} INFO - Processing file /home/airflow/sandbox/lib/python3.8/site-packages/airflow/example_dags/example_nested_branch_dag.py for tasks to queue
[2022-01-03 20:37:10,335] {logging_mixin.py:104} INFO - [2022-01-03 20:37:10,335] {dagbag.py:487} INFO - Filling up the DagBag from /home/airflow/sandbox/lib/python3.8/site-packages/airflow/example_dags/example_nested_branch_dag.py
[2022-01-03 20:37:10,378] {scheduler_job.py:643} INFO - DAG(s) dict_keys(['example_nested_branch_dag']) retrieved from /home/airflow/sandbox/lib/python3.8/site-packages/airflow/example_dags/example_nested_branch_dag.py
[2022-01-03 20:37:10,432] {logging_mixin.py:104} INFO - [2022-01-03 20:37:10,432] {dag.py:1832} INFO - Sync 1 DAGs
[2022-01-03 20:37:10,476] {logging_mixin.py:104} INFO - [2022-01-03 20:37:10,476] {dag.py:2305} INFO - Setting next_dagrun for example_nested_branch_dag to 2022-01-01 00:00:00+00:00
[2022-01-03 20:37:10,506] {scheduler_job.py:190} INFO - Processing /home/airflow/sandbox/lib/python3.8/site-packages/airflow/example_dags/example_nested_branch_dag.py took 0.185 seconds
[2022-01-03 20:37:41,257] {scheduler_job.py:182} INFO - Started process (PID=12976) to work on /home/airflow/sandbox/lib/python3.8/site-packages/airflow/example_dags/example_nested_branch_dag.py
[2022-01-03 20:37:41,258] {scheduler_job.py:633} INFO - Processing file /home/airflow/sandbox/lib/python3.8/site-packages/airflow/example_dags/example_nested_branch_dag.py for tasks to queue
[2022-01-03 20:37:41,259] {logging_mixin.py:104} INFO - [2022-01-03 20:37:41,259] {dagbag.py:487} INFO - Filling up the DagBag from /home/airflow/sandbox/lib/python3.8/site-packages/airflow/example_dags/example_nested_branch_dag.py
[2022-01-03 20:37:41,328] {scheduler_job.py:643} INFO - DAG(s) dict_keys(['example_nested_branch_dag']) retrieved from /home/airflow/sandbox/lib/python3.8/site-packages/airflow/example_dags/example_nested_branch_dag.py
[2022-01-03 20:37:41,461] {logging_mixin.py:104} INFO - [2022-01-03 20:37:41,461] {dag.py:1832} INFO - Sync 1 DAGs
[2022-01-03 20:37:41,511] {logging_mixin.py:104} INFO - [2022-01-03 20:37:41,511] {dag.py:2305} INFO - Setting next_dagrun for example_nested_branch_dag to 2022-01-01 00:00:00+00:00
[2022-01-03 20:37:41,556] {scheduler_job.py:190} INFO - Processing /home/airflow/sandbox/lib/python3.8/site-packages/airflow/example_dags/example_nested_branch_dag.py took 0.301 seconds
[2022-01-03 20:38:12,465] {scheduler_job.py:182} INFO - Started process (PID=13296) to work on /home/airflow/sandbox/lib/python3.8/site-packages/airflow/example_dags/example_nested_branch_dag.py
[2022-01-03 20:38:12,469] {scheduler_job.py:633} INFO - Processing file /home/airflow/sandbox/lib/python3.8/site-packages/airflow/example_dags/example_nested_branch_dag.py for tasks to queue
[2022-01-03 20:38:12,476] {logging_mixin.py:104} INFO - [2022-01-03 20:38:12,476] {dagbag.py:487} INFO - Filling up the DagBag from /home/airflow/sandbox/lib/python3.8/site-packages/airflow/example_dags/example_nested_branch_dag.py
[2022-01-03 20:38:12,504] {scheduler_job.py:643} INFO - DAG(s) dict_keys(['example_nested_branch_dag']) retrieved from /home/airflow/sandbox/lib/python3.8/site-packages/airflow/example_dags/example_nested_branch_dag.py
[2022-01-03 20:38:12,652] {logging_mixin.py:104} INFO - [2022-01-03 20:38:12,652] {dag.py:1832} INFO - Sync 1 DAGs
[2022-01-03 20:38:12,732] {logging_mixin.py:104} INFO - [2022-01-03 20:38:12,732] {dag.py:2305} INFO - Setting next_dagrun for example_nested_branch_dag to 2022-01-01 00:00:00+00:00
[2022-01-03 20:38:12,773] {scheduler_job.py:190} INFO - Processing /home/airflow/sandbox/lib/python3.8/site-packages/airflow/example_dags/example_nested_branch_dag.py took 0.326 seconds
[2022-01-03 20:38:43,113] {scheduler_job.py:182} INFO - Started process (PID=13487) to work on /home/airflow/sandbox/lib/python3.8/site-packages/airflow/example_dags/example_nested_branch_dag.py
[2022-01-03 20:38:43,116] {scheduler_job.py:633} INFO - Processing file /home/airflow/sandbox/lib/python3.8/site-packages/airflow/example_dags/example_nested_branch_dag.py for tasks to queue
[2022-01-03 20:38:43,122] {logging_mixin.py:104} INFO - [2022-01-03 20:38:43,122] {dagbag.py:487} INFO - Filling up the DagBag from /home/airflow/sandbox/lib/python3.8/site-packages/airflow/example_dags/example_nested_branch_dag.py
[2022-01-03 20:38:43,197] {scheduler_job.py:643} INFO - DAG(s) dict_keys(['example_nested_branch_dag']) retrieved from /home/airflow/sandbox/lib/python3.8/site-packages/airflow/example_dags/example_nested_branch_dag.py
[2022-01-03 20:38:43,280] {logging_mixin.py:104} INFO - [2022-01-03 20:38:43,280] {dag.py:1832} INFO - Sync 1 DAGs
[2022-01-03 20:38:43,393] {logging_mixin.py:104} INFO - [2022-01-03 20:38:43,393] {dag.py:2305} INFO - Setting next_dagrun for example_nested_branch_dag to 2022-01-01 00:00:00+00:00
[2022-01-03 20:38:43,412] {scheduler_job.py:190} INFO - Processing /home/airflow/sandbox/lib/python3.8/site-packages/airflow/example_dags/example_nested_branch_dag.py took 0.308 seconds
[2022-01-03 20:39:13,855] {scheduler_job.py:182} INFO - Started process (PID=13686) to work on /home/airflow/sandbox/lib/python3.8/site-packages/airflow/example_dags/example_nested_branch_dag.py
[2022-01-03 20:39:13,860] {scheduler_job.py:633} INFO - Processing file /home/airflow/sandbox/lib/python3.8/site-packages/airflow/example_dags/example_nested_branch_dag.py for tasks to queue
[2022-01-03 20:39:13,861] {logging_mixin.py:104} INFO - [2022-01-03 20:39:13,861] {dagbag.py:487} INFO - Filling up the DagBag from /home/airflow/sandbox/lib/python3.8/site-packages/airflow/example_dags/example_nested_branch_dag.py
[2022-01-03 20:39:13,930] {scheduler_job.py:643} INFO - DAG(s) dict_keys(['example_nested_branch_dag']) retrieved from /home/airflow/sandbox/lib/python3.8/site-packages/airflow/example_dags/example_nested_branch_dag.py
[2022-01-03 20:39:13,997] {logging_mixin.py:104} INFO - [2022-01-03 20:39:13,997] {dag.py:1832} INFO - Sync 1 DAGs
[2022-01-03 20:39:14,058] {logging_mixin.py:104} INFO - [2022-01-03 20:39:14,058] {dag.py:2305} INFO - Setting next_dagrun for example_nested_branch_dag to 2022-01-01 00:00:00+00:00
[2022-01-03 20:39:14,077] {scheduler_job.py:190} INFO - Processing /home/airflow/sandbox/lib/python3.8/site-packages/airflow/example_dags/example_nested_branch_dag.py took 0.247 seconds
[2022-01-03 20:39:44,766] {scheduler_job.py:182} INFO - Started process (PID=13887) to work on /home/airflow/sandbox/lib/python3.8/site-packages/airflow/example_dags/example_nested_branch_dag.py
[2022-01-03 20:39:44,770] {scheduler_job.py:633} INFO - Processing file /home/airflow/sandbox/lib/python3.8/site-packages/airflow/example_dags/example_nested_branch_dag.py for tasks to queue
[2022-01-03 20:39:44,776] {logging_mixin.py:104} INFO - [2022-01-03 20:39:44,776] {dagbag.py:487} INFO - Filling up the DagBag from /home/airflow/sandbox/lib/python3.8/site-packages/airflow/example_dags/example_nested_branch_dag.py
[2022-01-03 20:39:44,818] {scheduler_job.py:643} INFO - DAG(s) dict_keys(['example_nested_branch_dag']) retrieved from /home/airflow/sandbox/lib/python3.8/site-packages/airflow/example_dags/example_nested_branch_dag.py
[2022-01-03 20:39:44,902] {logging_mixin.py:104} INFO - [2022-01-03 20:39:44,902] {dag.py:1832} INFO - Sync 1 DAGs
[2022-01-03 20:39:44,952] {logging_mixin.py:104} INFO - [2022-01-03 20:39:44,951] {dag.py:2305} INFO - Setting next_dagrun for example_nested_branch_dag to 2022-01-01 00:00:00+00:00
[2022-01-03 20:39:44,964] {scheduler_job.py:190} INFO - Processing /home/airflow/sandbox/lib/python3.8/site-packages/airflow/example_dags/example_nested_branch_dag.py took 0.236 seconds
[2022-01-03 20:40:16,802] {scheduler_job.py:182} INFO - Started process (PID=14087) to work on /home/airflow/sandbox/lib/python3.8/site-packages/airflow/example_dags/example_nested_branch_dag.py
[2022-01-03 20:40:16,805] {scheduler_job.py:633} INFO - Processing file /home/airflow/sandbox/lib/python3.8/site-packages/airflow/example_dags/example_nested_branch_dag.py for tasks to queue
[2022-01-03 20:40:16,806] {logging_mixin.py:104} INFO - [2022-01-03 20:40:16,805] {dagbag.py:487} INFO - Filling up the DagBag from /home/airflow/sandbox/lib/python3.8/site-packages/airflow/example_dags/example_nested_branch_dag.py
[2022-01-03 20:40:16,843] {scheduler_job.py:643} INFO - DAG(s) dict_keys(['example_nested_branch_dag']) retrieved from /home/airflow/sandbox/lib/python3.8/site-packages/airflow/example_dags/example_nested_branch_dag.py
[2022-01-03 20:40:16,971] {logging_mixin.py:104} INFO - [2022-01-03 20:40:16,971] {dag.py:1832} INFO - Sync 1 DAGs
[2022-01-03 20:40:17,007] {logging_mixin.py:104} INFO - [2022-01-03 20:40:17,007] {dag.py:2305} INFO - Setting next_dagrun for example_nested_branch_dag to 2022-01-01 00:00:00+00:00
[2022-01-03 20:40:17,227] {scheduler_job.py:190} INFO - Processing /home/airflow/sandbox/lib/python3.8/site-packages/airflow/example_dags/example_nested_branch_dag.py took 0.428 seconds
[2022-01-03 20:40:49,369] {scheduler_job.py:182} INFO - Started process (PID=14298) to work on /home/airflow/sandbox/lib/python3.8/site-packages/airflow/example_dags/example_nested_branch_dag.py
[2022-01-03 20:40:49,370] {scheduler_job.py:633} INFO - Processing file /home/airflow/sandbox/lib/python3.8/site-packages/airflow/example_dags/example_nested_branch_dag.py for tasks to queue
[2022-01-03 20:40:49,372] {logging_mixin.py:104} INFO - [2022-01-03 20:40:49,372] {dagbag.py:487} INFO - Filling up the DagBag from /home/airflow/sandbox/lib/python3.8/site-packages/airflow/example_dags/example_nested_branch_dag.py
[2022-01-03 20:40:49,407] {scheduler_job.py:643} INFO - DAG(s) dict_keys(['example_nested_branch_dag']) retrieved from /home/airflow/sandbox/lib/python3.8/site-packages/airflow/example_dags/example_nested_branch_dag.py
[2022-01-03 20:40:49,499] {logging_mixin.py:104} INFO - [2022-01-03 20:40:49,499] {dag.py:1832} INFO - Sync 1 DAGs
[2022-01-03 20:40:49,553] {logging_mixin.py:104} INFO - [2022-01-03 20:40:49,553] {dag.py:2305} INFO - Setting next_dagrun for example_nested_branch_dag to 2022-01-01 00:00:00+00:00
[2022-01-03 20:40:49,813] {scheduler_job.py:190} INFO - Processing /home/airflow/sandbox/lib/python3.8/site-packages/airflow/example_dags/example_nested_branch_dag.py took 0.453 seconds
[2022-01-03 20:41:20,171] {scheduler_job.py:182} INFO - Started process (PID=14491) to work on /home/airflow/sandbox/lib/python3.8/site-packages/airflow/example_dags/example_nested_branch_dag.py
[2022-01-03 20:41:20,176] {scheduler_job.py:633} INFO - Processing file /home/airflow/sandbox/lib/python3.8/site-packages/airflow/example_dags/example_nested_branch_dag.py for tasks to queue
[2022-01-03 20:41:20,200] {logging_mixin.py:104} INFO - [2022-01-03 20:41:20,200] {dagbag.py:487} INFO - Filling up the DagBag from /home/airflow/sandbox/lib/python3.8/site-packages/airflow/example_dags/example_nested_branch_dag.py
[2022-01-03 20:41:20,270] {scheduler_job.py:643} INFO - DAG(s) dict_keys(['example_nested_branch_dag']) retrieved from /home/airflow/sandbox/lib/python3.8/site-packages/airflow/example_dags/example_nested_branch_dag.py
[2022-01-03 20:41:20,354] {logging_mixin.py:104} INFO - [2022-01-03 20:41:20,354] {dag.py:1832} INFO - Sync 1 DAGs
[2022-01-03 20:41:20,402] {logging_mixin.py:104} INFO - [2022-01-03 20:41:20,402] {dag.py:2305} INFO - Setting next_dagrun for example_nested_branch_dag to 2022-01-01 00:00:00+00:00
[2022-01-03 20:41:20,662] {scheduler_job.py:190} INFO - Processing /home/airflow/sandbox/lib/python3.8/site-packages/airflow/example_dags/example_nested_branch_dag.py took 0.495 seconds
[2022-01-03 20:41:51,269] {scheduler_job.py:182} INFO - Started process (PID=14688) to work on /home/airflow/sandbox/lib/python3.8/site-packages/airflow/example_dags/example_nested_branch_dag.py
[2022-01-03 20:41:51,273] {scheduler_job.py:633} INFO - Processing file /home/airflow/sandbox/lib/python3.8/site-packages/airflow/example_dags/example_nested_branch_dag.py for tasks to queue
[2022-01-03 20:41:51,273] {logging_mixin.py:104} INFO - [2022-01-03 20:41:51,273] {dagbag.py:487} INFO - Filling up the DagBag from /home/airflow/sandbox/lib/python3.8/site-packages/airflow/example_dags/example_nested_branch_dag.py
[2022-01-03 20:41:51,323] {scheduler_job.py:643} INFO - DAG(s) dict_keys(['example_nested_branch_dag']) retrieved from /home/airflow/sandbox/lib/python3.8/site-packages/airflow/example_dags/example_nested_branch_dag.py
[2022-01-03 20:41:51,412] {logging_mixin.py:104} INFO - [2022-01-03 20:41:51,412] {dag.py:1832} INFO - Sync 1 DAGs
[2022-01-03 20:41:51,662] {logging_mixin.py:104} INFO - [2022-01-03 20:41:51,662] {dag.py:2305} INFO - Setting next_dagrun for example_nested_branch_dag to 2022-01-01 00:00:00+00:00
[2022-01-03 20:41:51,697] {scheduler_job.py:190} INFO - Processing /home/airflow/sandbox/lib/python3.8/site-packages/airflow/example_dags/example_nested_branch_dag.py took 0.434 seconds
[2022-01-03 20:42:22,256] {scheduler_job.py:182} INFO - Started process (PID=14888) to work on /home/airflow/sandbox/lib/python3.8/site-packages/airflow/example_dags/example_nested_branch_dag.py
[2022-01-03 20:42:22,257] {scheduler_job.py:633} INFO - Processing file /home/airflow/sandbox/lib/python3.8/site-packages/airflow/example_dags/example_nested_branch_dag.py for tasks to queue
[2022-01-03 20:42:22,259] {logging_mixin.py:104} INFO - [2022-01-03 20:42:22,259] {dagbag.py:487} INFO - Filling up the DagBag from /home/airflow/sandbox/lib/python3.8/site-packages/airflow/example_dags/example_nested_branch_dag.py
[2022-01-03 20:42:22,290] {scheduler_job.py:643} INFO - DAG(s) dict_keys(['example_nested_branch_dag']) retrieved from /home/airflow/sandbox/lib/python3.8/site-packages/airflow/example_dags/example_nested_branch_dag.py
[2022-01-03 20:42:22,388] {logging_mixin.py:104} INFO - [2022-01-03 20:42:22,388] {dag.py:1832} INFO - Sync 1 DAGs
[2022-01-03 20:42:22,603] {logging_mixin.py:104} INFO - [2022-01-03 20:42:22,602] {dag.py:2305} INFO - Setting next_dagrun for example_nested_branch_dag to 2022-01-01 00:00:00+00:00
[2022-01-03 20:42:22,666] {scheduler_job.py:190} INFO - Processing /home/airflow/sandbox/lib/python3.8/site-packages/airflow/example_dags/example_nested_branch_dag.py took 0.444 seconds
[2022-01-03 20:42:53,507] {scheduler_job.py:182} INFO - Started process (PID=15330) to work on /home/airflow/sandbox/lib/python3.8/site-packages/airflow/example_dags/example_nested_branch_dag.py
[2022-01-03 20:42:53,510] {scheduler_job.py:633} INFO - Processing file /home/airflow/sandbox/lib/python3.8/site-packages/airflow/example_dags/example_nested_branch_dag.py for tasks to queue
[2022-01-03 20:42:53,514] {logging_mixin.py:104} INFO - [2022-01-03 20:42:53,514] {dagbag.py:487} INFO - Filling up the DagBag from /home/airflow/sandbox/lib/python3.8/site-packages/airflow/example_dags/example_nested_branch_dag.py
[2022-01-03 20:42:53,564] {scheduler_job.py:643} INFO - DAG(s) dict_keys(['example_nested_branch_dag']) retrieved from /home/airflow/sandbox/lib/python3.8/site-packages/airflow/example_dags/example_nested_branch_dag.py
[2022-01-03 20:42:53,651] {logging_mixin.py:104} INFO - [2022-01-03 20:42:53,651] {dag.py:1832} INFO - Sync 1 DAGs
[2022-01-03 20:42:53,919] {logging_mixin.py:104} INFO - [2022-01-03 20:42:53,918] {dag.py:2305} INFO - Setting next_dagrun for example_nested_branch_dag to 2022-01-01 00:00:00+00:00
[2022-01-03 20:42:53,957] {scheduler_job.py:190} INFO - Processing /home/airflow/sandbox/lib/python3.8/site-packages/airflow/example_dags/example_nested_branch_dag.py took 0.462 seconds
[2022-01-03 20:43:24,135] {scheduler_job.py:182} INFO - Started process (PID=15522) to work on /home/airflow/sandbox/lib/python3.8/site-packages/airflow/example_dags/example_nested_branch_dag.py
[2022-01-03 20:43:24,139] {scheduler_job.py:633} INFO - Processing file /home/airflow/sandbox/lib/python3.8/site-packages/airflow/example_dags/example_nested_branch_dag.py for tasks to queue
[2022-01-03 20:43:24,141] {logging_mixin.py:104} INFO - [2022-01-03 20:43:24,141] {dagbag.py:487} INFO - Filling up the DagBag from /home/airflow/sandbox/lib/python3.8/site-packages/airflow/example_dags/example_nested_branch_dag.py
[2022-01-03 20:43:24,210] {scheduler_job.py:643} INFO - DAG(s) dict_keys(['example_nested_branch_dag']) retrieved from /home/airflow/sandbox/lib/python3.8/site-packages/airflow/example_dags/example_nested_branch_dag.py
[2022-01-03 20:43:24,282] {logging_mixin.py:104} INFO - [2022-01-03 20:43:24,281] {dag.py:1832} INFO - Sync 1 DAGs
[2022-01-03 20:43:24,505] {logging_mixin.py:104} INFO - [2022-01-03 20:43:24,505] {dag.py:2305} INFO - Setting next_dagrun for example_nested_branch_dag to 2022-01-01 00:00:00+00:00
[2022-01-03 20:43:24,536] {scheduler_job.py:190} INFO - Processing /home/airflow/sandbox/lib/python3.8/site-packages/airflow/example_dags/example_nested_branch_dag.py took 0.419 seconds
[2022-01-03 20:43:54,746] {scheduler_job.py:182} INFO - Started process (PID=15721) to work on /home/airflow/sandbox/lib/python3.8/site-packages/airflow/example_dags/example_nested_branch_dag.py
[2022-01-03 20:43:54,747] {scheduler_job.py:633} INFO - Processing file /home/airflow/sandbox/lib/python3.8/site-packages/airflow/example_dags/example_nested_branch_dag.py for tasks to queue
[2022-01-03 20:43:54,747] {logging_mixin.py:104} INFO - [2022-01-03 20:43:54,747] {dagbag.py:487} INFO - Filling up the DagBag from /home/airflow/sandbox/lib/python3.8/site-packages/airflow/example_dags/example_nested_branch_dag.py
[2022-01-03 20:43:54,811] {scheduler_job.py:643} INFO - DAG(s) dict_keys(['example_nested_branch_dag']) retrieved from /home/airflow/sandbox/lib/python3.8/site-packages/airflow/example_dags/example_nested_branch_dag.py
[2022-01-03 20:43:54,896] {logging_mixin.py:104} INFO - [2022-01-03 20:43:54,896] {dag.py:1832} INFO - Sync 1 DAGs
[2022-01-03 20:43:55,107] {logging_mixin.py:104} INFO - [2022-01-03 20:43:55,107] {dag.py:2305} INFO - Setting next_dagrun for example_nested_branch_dag to 2022-01-01 00:00:00+00:00
[2022-01-03 20:43:55,155] {scheduler_job.py:190} INFO - Processing /home/airflow/sandbox/lib/python3.8/site-packages/airflow/example_dags/example_nested_branch_dag.py took 0.444 seconds
[2022-01-03 20:44:25,255] {scheduler_job.py:182} INFO - Started process (PID=15923) to work on /home/airflow/sandbox/lib/python3.8/site-packages/airflow/example_dags/example_nested_branch_dag.py
[2022-01-03 20:44:25,263] {scheduler_job.py:633} INFO - Processing file /home/airflow/sandbox/lib/python3.8/site-packages/airflow/example_dags/example_nested_branch_dag.py for tasks to queue
[2022-01-03 20:44:25,284] {logging_mixin.py:104} INFO - [2022-01-03 20:44:25,284] {dagbag.py:487} INFO - Filling up the DagBag from /home/airflow/sandbox/lib/python3.8/site-packages/airflow/example_dags/example_nested_branch_dag.py
[2022-01-03 20:44:25,343] {scheduler_job.py:643} INFO - DAG(s) dict_keys(['example_nested_branch_dag']) retrieved from /home/airflow/sandbox/lib/python3.8/site-packages/airflow/example_dags/example_nested_branch_dag.py
[2022-01-03 20:44:25,578] {logging_mixin.py:104} INFO - [2022-01-03 20:44:25,578] {dag.py:1832} INFO - Sync 1 DAGs
[2022-01-03 20:44:25,617] {logging_mixin.py:104} INFO - [2022-01-03 20:44:25,617] {dag.py:2305} INFO - Setting next_dagrun for example_nested_branch_dag to 2022-01-01 00:00:00+00:00
[2022-01-03 20:44:25,642] {scheduler_job.py:190} INFO - Processing /home/airflow/sandbox/lib/python3.8/site-packages/airflow/example_dags/example_nested_branch_dag.py took 0.389 seconds
[2022-01-03 20:44:57,099] {scheduler_job.py:182} INFO - Started process (PID=16153) to work on /home/airflow/sandbox/lib/python3.8/site-packages/airflow/example_dags/example_nested_branch_dag.py
[2022-01-03 20:44:57,107] {scheduler_job.py:633} INFO - Processing file /home/airflow/sandbox/lib/python3.8/site-packages/airflow/example_dags/example_nested_branch_dag.py for tasks to queue
[2022-01-03 20:44:57,107] {logging_mixin.py:104} INFO - [2022-01-03 20:44:57,107] {dagbag.py:487} INFO - Filling up the DagBag from /home/airflow/sandbox/lib/python3.8/site-packages/airflow/example_dags/example_nested_branch_dag.py
[2022-01-03 20:44:57,197] {scheduler_job.py:643} INFO - DAG(s) dict_keys(['example_nested_branch_dag']) retrieved from /home/airflow/sandbox/lib/python3.8/site-packages/airflow/example_dags/example_nested_branch_dag.py
[2022-01-03 20:44:57,440] {logging_mixin.py:104} INFO - [2022-01-03 20:44:57,440] {dag.py:1832} INFO - Sync 1 DAGs
[2022-01-03 20:44:57,462] {logging_mixin.py:104} INFO - [2022-01-03 20:44:57,462] {dag.py:2305} INFO - Setting next_dagrun for example_nested_branch_dag to 2022-01-01 00:00:00+00:00
[2022-01-03 20:44:57,494] {scheduler_job.py:190} INFO - Processing /home/airflow/sandbox/lib/python3.8/site-packages/airflow/example_dags/example_nested_branch_dag.py took 0.400 seconds
