[2022-01-03 20:18:57,092] {scheduler_job.py:182} INFO - Started process (PID=2938) to work on /home/airflow/sandbox/lib/python3.8/site-packages/airflow/example_dags/example_latest_only.py
[2022-01-03 20:18:57,094] {scheduler_job.py:633} INFO - Processing file /home/airflow/sandbox/lib/python3.8/site-packages/airflow/example_dags/example_latest_only.py for tasks to queue
[2022-01-03 20:18:57,096] {logging_mixin.py:104} INFO - [2022-01-03 20:18:57,096] {dagbag.py:487} INFO - Filling up the DagBag from /home/airflow/sandbox/lib/python3.8/site-packages/airflow/example_dags/example_latest_only.py
[2022-01-03 20:18:57,111] {scheduler_job.py:643} INFO - DAG(s) dict_keys(['latest_only']) retrieved from /home/airflow/sandbox/lib/python3.8/site-packages/airflow/example_dags/example_latest_only.py
[2022-01-03 20:18:57,704] {logging_mixin.py:104} INFO - [2022-01-03 20:18:57,704] {dag.py:1832} INFO - Sync 1 DAGs
[2022-01-03 20:18:57,711] {logging_mixin.py:104} INFO - [2022-01-03 20:18:57,711] {dag.py:2305} INFO - Setting next_dagrun for latest_only to 2022-01-01 00:00:00+00:00
[2022-01-03 20:18:57,742] {scheduler_job.py:190} INFO - Processing /home/airflow/sandbox/lib/python3.8/site-packages/airflow/example_dags/example_latest_only.py took 0.656 seconds
[2022-01-03 20:20:11,359] {scheduler_job.py:182} INFO - Started process (PID=3491) to work on /home/airflow/sandbox/lib/python3.8/site-packages/airflow/example_dags/example_latest_only.py
[2022-01-03 20:20:11,360] {scheduler_job.py:633} INFO - Processing file /home/airflow/sandbox/lib/python3.8/site-packages/airflow/example_dags/example_latest_only.py for tasks to queue
[2022-01-03 20:20:11,360] {logging_mixin.py:104} INFO - [2022-01-03 20:20:11,360] {dagbag.py:487} INFO - Filling up the DagBag from /home/airflow/sandbox/lib/python3.8/site-packages/airflow/example_dags/example_latest_only.py
[2022-01-03 20:20:11,389] {scheduler_job.py:643} INFO - DAG(s) dict_keys(['latest_only']) retrieved from /home/airflow/sandbox/lib/python3.8/site-packages/airflow/example_dags/example_latest_only.py
[2022-01-03 20:20:11,410] {logging_mixin.py:104} INFO - [2022-01-03 20:20:11,410] {dag.py:1832} INFO - Sync 1 DAGs
[2022-01-03 20:20:11,436] {logging_mixin.py:104} INFO - [2022-01-03 20:20:11,436] {dag.py:2305} INFO - Setting next_dagrun for latest_only to 2022-01-01 00:00:00+00:00
[2022-01-03 20:20:11,454] {scheduler_job.py:190} INFO - Processing /home/airflow/sandbox/lib/python3.8/site-packages/airflow/example_dags/example_latest_only.py took 0.098 seconds
[2022-01-03 20:20:53,262] {scheduler_job.py:182} INFO - Started process (PID=3526) to work on /home/airflow/sandbox/lib/python3.8/site-packages/airflow/example_dags/example_latest_only.py
[2022-01-03 20:20:53,263] {scheduler_job.py:633} INFO - Processing file /home/airflow/sandbox/lib/python3.8/site-packages/airflow/example_dags/example_latest_only.py for tasks to queue
[2022-01-03 20:20:53,263] {logging_mixin.py:104} INFO - [2022-01-03 20:20:53,263] {dagbag.py:487} INFO - Filling up the DagBag from /home/airflow/sandbox/lib/python3.8/site-packages/airflow/example_dags/example_latest_only.py
[2022-01-03 20:20:53,305] {scheduler_job.py:643} INFO - DAG(s) dict_keys(['latest_only']) retrieved from /home/airflow/sandbox/lib/python3.8/site-packages/airflow/example_dags/example_latest_only.py
[2022-01-03 20:20:53,338] {logging_mixin.py:104} INFO - [2022-01-03 20:20:53,338] {dag.py:1832} INFO - Sync 1 DAGs
[2022-01-03 20:20:53,353] {logging_mixin.py:104} INFO - [2022-01-03 20:20:53,352] {dag.py:2305} INFO - Setting next_dagrun for latest_only to 2022-01-01 00:00:00+00:00
[2022-01-03 20:20:53,384] {scheduler_job.py:190} INFO - Processing /home/airflow/sandbox/lib/python3.8/site-packages/airflow/example_dags/example_latest_only.py took 0.124 seconds
[2022-01-03 20:21:31,711] {scheduler_job.py:182} INFO - Started process (PID=3560) to work on /home/airflow/sandbox/lib/python3.8/site-packages/airflow/example_dags/example_latest_only.py
[2022-01-03 20:21:31,714] {scheduler_job.py:633} INFO - Processing file /home/airflow/sandbox/lib/python3.8/site-packages/airflow/example_dags/example_latest_only.py for tasks to queue
[2022-01-03 20:21:31,730] {logging_mixin.py:104} INFO - [2022-01-03 20:21:31,730] {dagbag.py:487} INFO - Filling up the DagBag from /home/airflow/sandbox/lib/python3.8/site-packages/airflow/example_dags/example_latest_only.py
[2022-01-03 20:21:31,739] {scheduler_job.py:643} INFO - DAG(s) dict_keys(['latest_only']) retrieved from /home/airflow/sandbox/lib/python3.8/site-packages/airflow/example_dags/example_latest_only.py
[2022-01-03 20:21:31,754] {logging_mixin.py:104} INFO - [2022-01-03 20:21:31,754] {dag.py:1832} INFO - Sync 1 DAGs
[2022-01-03 20:21:31,783] {logging_mixin.py:104} INFO - [2022-01-03 20:21:31,783] {dag.py:2305} INFO - Setting next_dagrun for latest_only to 2022-01-01 00:00:00+00:00
[2022-01-03 20:21:31,801] {scheduler_job.py:190} INFO - Processing /home/airflow/sandbox/lib/python3.8/site-packages/airflow/example_dags/example_latest_only.py took 0.096 seconds
[2022-01-03 20:22:10,652] {scheduler_job.py:182} INFO - Started process (PID=3635) to work on /home/airflow/sandbox/lib/python3.8/site-packages/airflow/example_dags/example_latest_only.py
[2022-01-03 20:22:10,653] {scheduler_job.py:633} INFO - Processing file /home/airflow/sandbox/lib/python3.8/site-packages/airflow/example_dags/example_latest_only.py for tasks to queue
[2022-01-03 20:22:10,654] {logging_mixin.py:104} INFO - [2022-01-03 20:22:10,654] {dagbag.py:487} INFO - Filling up the DagBag from /home/airflow/sandbox/lib/python3.8/site-packages/airflow/example_dags/example_latest_only.py
[2022-01-03 20:22:10,679] {scheduler_job.py:643} INFO - DAG(s) dict_keys(['latest_only']) retrieved from /home/airflow/sandbox/lib/python3.8/site-packages/airflow/example_dags/example_latest_only.py
[2022-01-03 20:22:10,693] {logging_mixin.py:104} INFO - [2022-01-03 20:22:10,693] {dag.py:1832} INFO - Sync 1 DAGs
[2022-01-03 20:22:10,705] {logging_mixin.py:104} INFO - [2022-01-03 20:22:10,705] {dag.py:2305} INFO - Setting next_dagrun for latest_only to 2022-01-01 00:00:00+00:00
[2022-01-03 20:22:10,737] {scheduler_job.py:190} INFO - Processing /home/airflow/sandbox/lib/python3.8/site-packages/airflow/example_dags/example_latest_only.py took 0.090 seconds
[2022-01-03 20:22:50,206] {scheduler_job.py:182} INFO - Started process (PID=3680) to work on /home/airflow/sandbox/lib/python3.8/site-packages/airflow/example_dags/example_latest_only.py
[2022-01-03 20:22:50,208] {scheduler_job.py:633} INFO - Processing file /home/airflow/sandbox/lib/python3.8/site-packages/airflow/example_dags/example_latest_only.py for tasks to queue
[2022-01-03 20:22:50,209] {logging_mixin.py:104} INFO - [2022-01-03 20:22:50,209] {dagbag.py:487} INFO - Filling up the DagBag from /home/airflow/sandbox/lib/python3.8/site-packages/airflow/example_dags/example_latest_only.py
[2022-01-03 20:22:50,238] {scheduler_job.py:643} INFO - DAG(s) dict_keys(['latest_only']) retrieved from /home/airflow/sandbox/lib/python3.8/site-packages/airflow/example_dags/example_latest_only.py
[2022-01-03 20:22:50,259] {logging_mixin.py:104} INFO - [2022-01-03 20:22:50,259] {dag.py:1832} INFO - Sync 1 DAGs
[2022-01-03 20:22:50,289] {logging_mixin.py:104} INFO - [2022-01-03 20:22:50,289] {dag.py:2305} INFO - Setting next_dagrun for latest_only to 2022-01-01 00:00:00+00:00
[2022-01-03 20:22:50,308] {scheduler_job.py:190} INFO - Processing /home/airflow/sandbox/lib/python3.8/site-packages/airflow/example_dags/example_latest_only.py took 0.109 seconds
[2022-01-03 20:23:33,939] {scheduler_job.py:182} INFO - Started process (PID=4273) to work on /home/airflow/sandbox/lib/python3.8/site-packages/airflow/example_dags/example_latest_only.py
[2022-01-03 20:23:33,940] {scheduler_job.py:633} INFO - Processing file /home/airflow/sandbox/lib/python3.8/site-packages/airflow/example_dags/example_latest_only.py for tasks to queue
[2022-01-03 20:23:33,942] {logging_mixin.py:104} INFO - [2022-01-03 20:23:33,941] {dagbag.py:487} INFO - Filling up the DagBag from /home/airflow/sandbox/lib/python3.8/site-packages/airflow/example_dags/example_latest_only.py
[2022-01-03 20:23:33,954] {scheduler_job.py:643} INFO - DAG(s) dict_keys(['latest_only']) retrieved from /home/airflow/sandbox/lib/python3.8/site-packages/airflow/example_dags/example_latest_only.py
[2022-01-03 20:23:33,986] {logging_mixin.py:104} INFO - [2022-01-03 20:23:33,986] {dag.py:1832} INFO - Sync 1 DAGs
[2022-01-03 20:23:33,998] {logging_mixin.py:104} INFO - [2022-01-03 20:23:33,998] {dag.py:2305} INFO - Setting next_dagrun for latest_only to 2022-01-01 00:00:00+00:00
[2022-01-03 20:23:34,028] {scheduler_job.py:190} INFO - Processing /home/airflow/sandbox/lib/python3.8/site-packages/airflow/example_dags/example_latest_only.py took 0.116 seconds
[2022-01-03 20:24:18,956] {scheduler_job.py:182} INFO - Started process (PID=4378) to work on /home/airflow/sandbox/lib/python3.8/site-packages/airflow/example_dags/example_latest_only.py
[2022-01-03 20:24:18,957] {scheduler_job.py:633} INFO - Processing file /home/airflow/sandbox/lib/python3.8/site-packages/airflow/example_dags/example_latest_only.py for tasks to queue
[2022-01-03 20:24:18,957] {logging_mixin.py:104} INFO - [2022-01-03 20:24:18,957] {dagbag.py:487} INFO - Filling up the DagBag from /home/airflow/sandbox/lib/python3.8/site-packages/airflow/example_dags/example_latest_only.py
[2022-01-03 20:24:18,981] {scheduler_job.py:643} INFO - DAG(s) dict_keys(['latest_only']) retrieved from /home/airflow/sandbox/lib/python3.8/site-packages/airflow/example_dags/example_latest_only.py
[2022-01-03 20:24:19,004] {logging_mixin.py:104} INFO - [2022-01-03 20:24:19,004] {dag.py:1832} INFO - Sync 1 DAGs
[2022-01-03 20:24:19,024] {logging_mixin.py:104} INFO - [2022-01-03 20:24:19,024] {dag.py:2305} INFO - Setting next_dagrun for latest_only to 2022-01-01 00:00:00+00:00
[2022-01-03 20:24:19,043] {scheduler_job.py:190} INFO - Processing /home/airflow/sandbox/lib/python3.8/site-packages/airflow/example_dags/example_latest_only.py took 0.088 seconds
[2022-01-03 20:25:03,426] {scheduler_job.py:182} INFO - Started process (PID=4747) to work on /home/airflow/sandbox/lib/python3.8/site-packages/airflow/example_dags/example_latest_only.py
[2022-01-03 20:25:03,427] {scheduler_job.py:633} INFO - Processing file /home/airflow/sandbox/lib/python3.8/site-packages/airflow/example_dags/example_latest_only.py for tasks to queue
[2022-01-03 20:25:03,428] {logging_mixin.py:104} INFO - [2022-01-03 20:25:03,428] {dagbag.py:487} INFO - Filling up the DagBag from /home/airflow/sandbox/lib/python3.8/site-packages/airflow/example_dags/example_latest_only.py
[2022-01-03 20:25:03,437] {scheduler_job.py:643} INFO - DAG(s) dict_keys(['latest_only']) retrieved from /home/airflow/sandbox/lib/python3.8/site-packages/airflow/example_dags/example_latest_only.py
[2022-01-03 20:25:03,492] {logging_mixin.py:104} INFO - [2022-01-03 20:25:03,492] {dag.py:1832} INFO - Sync 1 DAGs
[2022-01-03 20:25:03,578] {logging_mixin.py:104} INFO - [2022-01-03 20:25:03,578] {dag.py:2305} INFO - Setting next_dagrun for latest_only to 2022-01-01 00:00:00+00:00
[2022-01-03 20:25:03,611] {scheduler_job.py:190} INFO - Processing /home/airflow/sandbox/lib/python3.8/site-packages/airflow/example_dags/example_latest_only.py took 0.214 seconds
[2022-01-03 20:25:52,096] {scheduler_job.py:182} INFO - Started process (PID=7984) to work on /home/airflow/sandbox/lib/python3.8/site-packages/airflow/example_dags/example_latest_only.py
[2022-01-03 20:25:52,098] {scheduler_job.py:633} INFO - Processing file /home/airflow/sandbox/lib/python3.8/site-packages/airflow/example_dags/example_latest_only.py for tasks to queue
[2022-01-03 20:25:52,100] {logging_mixin.py:104} INFO - [2022-01-03 20:25:52,100] {dagbag.py:487} INFO - Filling up the DagBag from /home/airflow/sandbox/lib/python3.8/site-packages/airflow/example_dags/example_latest_only.py
[2022-01-03 20:25:52,128] {scheduler_job.py:643} INFO - DAG(s) dict_keys(['latest_only']) retrieved from /home/airflow/sandbox/lib/python3.8/site-packages/airflow/example_dags/example_latest_only.py
[2022-01-03 20:25:52,150] {logging_mixin.py:104} INFO - [2022-01-03 20:25:52,150] {dag.py:1832} INFO - Sync 1 DAGs
[2022-01-03 20:25:52,181] {logging_mixin.py:104} INFO - [2022-01-03 20:25:52,181] {dag.py:2305} INFO - Setting next_dagrun for latest_only to 2022-01-01 00:00:00+00:00
[2022-01-03 20:25:52,199] {scheduler_job.py:190} INFO - Processing /home/airflow/sandbox/lib/python3.8/site-packages/airflow/example_dags/example_latest_only.py took 0.106 seconds
[2022-01-03 20:26:32,199] {scheduler_job.py:182} INFO - Started process (PID=8195) to work on /home/airflow/sandbox/lib/python3.8/site-packages/airflow/example_dags/example_latest_only.py
[2022-01-03 20:26:32,200] {scheduler_job.py:633} INFO - Processing file /home/airflow/sandbox/lib/python3.8/site-packages/airflow/example_dags/example_latest_only.py for tasks to queue
[2022-01-03 20:26:32,201] {logging_mixin.py:104} INFO - [2022-01-03 20:26:32,201] {dagbag.py:487} INFO - Filling up the DagBag from /home/airflow/sandbox/lib/python3.8/site-packages/airflow/example_dags/example_latest_only.py
[2022-01-03 20:26:32,230] {scheduler_job.py:643} INFO - DAG(s) dict_keys(['latest_only']) retrieved from /home/airflow/sandbox/lib/python3.8/site-packages/airflow/example_dags/example_latest_only.py
[2022-01-03 20:26:32,249] {logging_mixin.py:104} INFO - [2022-01-03 20:26:32,249] {dag.py:1832} INFO - Sync 1 DAGs
[2022-01-03 20:26:32,280] {logging_mixin.py:104} INFO - [2022-01-03 20:26:32,280] {dag.py:2305} INFO - Setting next_dagrun for latest_only to 2022-01-01 00:00:00+00:00
[2022-01-03 20:26:32,291] {scheduler_job.py:190} INFO - Processing /home/airflow/sandbox/lib/python3.8/site-packages/airflow/example_dags/example_latest_only.py took 0.097 seconds
[2022-01-03 20:27:11,340] {scheduler_job.py:182} INFO - Started process (PID=8401) to work on /home/airflow/sandbox/lib/python3.8/site-packages/airflow/example_dags/example_latest_only.py
[2022-01-03 20:27:11,342] {scheduler_job.py:633} INFO - Processing file /home/airflow/sandbox/lib/python3.8/site-packages/airflow/example_dags/example_latest_only.py for tasks to queue
[2022-01-03 20:27:11,342] {logging_mixin.py:104} INFO - [2022-01-03 20:27:11,342] {dagbag.py:487} INFO - Filling up the DagBag from /home/airflow/sandbox/lib/python3.8/site-packages/airflow/example_dags/example_latest_only.py
[2022-01-03 20:27:11,357] {scheduler_job.py:643} INFO - DAG(s) dict_keys(['latest_only']) retrieved from /home/airflow/sandbox/lib/python3.8/site-packages/airflow/example_dags/example_latest_only.py
[2022-01-03 20:27:11,382] {logging_mixin.py:104} INFO - [2022-01-03 20:27:11,382] {dag.py:1832} INFO - Sync 1 DAGs
[2022-01-03 20:27:11,400] {logging_mixin.py:104} INFO - [2022-01-03 20:27:11,399] {dag.py:2305} INFO - Setting next_dagrun for latest_only to 2022-01-01 00:00:00+00:00
[2022-01-03 20:27:11,430] {scheduler_job.py:190} INFO - Processing /home/airflow/sandbox/lib/python3.8/site-packages/airflow/example_dags/example_latest_only.py took 0.093 seconds
[2022-01-03 20:27:57,706] {scheduler_job.py:182} INFO - Started process (PID=8581) to work on /home/airflow/sandbox/lib/python3.8/site-packages/airflow/example_dags/example_latest_only.py
[2022-01-03 20:27:57,720] {scheduler_job.py:633} INFO - Processing file /home/airflow/sandbox/lib/python3.8/site-packages/airflow/example_dags/example_latest_only.py for tasks to queue
[2022-01-03 20:27:57,721] {logging_mixin.py:104} INFO - [2022-01-03 20:27:57,721] {dagbag.py:487} INFO - Filling up the DagBag from /home/airflow/sandbox/lib/python3.8/site-packages/airflow/example_dags/example_latest_only.py
[2022-01-03 20:27:57,742] {scheduler_job.py:643} INFO - DAG(s) dict_keys(['latest_only']) retrieved from /home/airflow/sandbox/lib/python3.8/site-packages/airflow/example_dags/example_latest_only.py
[2022-01-03 20:27:57,820] {logging_mixin.py:104} INFO - [2022-01-03 20:27:57,800] {dag.py:1832} INFO - Sync 1 DAGs
[2022-01-03 20:27:57,835] {logging_mixin.py:104} INFO - [2022-01-03 20:27:57,835] {dag.py:2305} INFO - Setting next_dagrun for latest_only to 2022-01-01 00:00:00+00:00
[2022-01-03 20:27:57,887] {scheduler_job.py:190} INFO - Processing /home/airflow/sandbox/lib/python3.8/site-packages/airflow/example_dags/example_latest_only.py took 0.189 seconds
[2022-01-03 20:28:39,528] {scheduler_job.py:182} INFO - Started process (PID=8696) to work on /home/airflow/sandbox/lib/python3.8/site-packages/airflow/example_dags/example_latest_only.py
[2022-01-03 20:28:39,530] {scheduler_job.py:633} INFO - Processing file /home/airflow/sandbox/lib/python3.8/site-packages/airflow/example_dags/example_latest_only.py for tasks to queue
[2022-01-03 20:28:39,537] {logging_mixin.py:104} INFO - [2022-01-03 20:28:39,536] {dagbag.py:487} INFO - Filling up the DagBag from /home/airflow/sandbox/lib/python3.8/site-packages/airflow/example_dags/example_latest_only.py
[2022-01-03 20:28:39,581] {scheduler_job.py:643} INFO - DAG(s) dict_keys(['latest_only']) retrieved from /home/airflow/sandbox/lib/python3.8/site-packages/airflow/example_dags/example_latest_only.py
[2022-01-03 20:28:39,601] {logging_mixin.py:104} INFO - [2022-01-03 20:28:39,601] {dag.py:1832} INFO - Sync 1 DAGs
[2022-01-03 20:28:39,627] {logging_mixin.py:104} INFO - [2022-01-03 20:28:39,627] {dag.py:2305} INFO - Setting next_dagrun for latest_only to 2022-01-01 00:00:00+00:00
[2022-01-03 20:28:39,642] {scheduler_job.py:190} INFO - Processing /home/airflow/sandbox/lib/python3.8/site-packages/airflow/example_dags/example_latest_only.py took 0.119 seconds
[2022-01-03 20:29:26,783] {scheduler_job.py:182} INFO - Started process (PID=8746) to work on /home/airflow/sandbox/lib/python3.8/site-packages/airflow/example_dags/example_latest_only.py
[2022-01-03 20:29:26,784] {scheduler_job.py:633} INFO - Processing file /home/airflow/sandbox/lib/python3.8/site-packages/airflow/example_dags/example_latest_only.py for tasks to queue
[2022-01-03 20:29:26,785] {logging_mixin.py:104} INFO - [2022-01-03 20:29:26,784] {dagbag.py:487} INFO - Filling up the DagBag from /home/airflow/sandbox/lib/python3.8/site-packages/airflow/example_dags/example_latest_only.py
[2022-01-03 20:29:26,795] {scheduler_job.py:643} INFO - DAG(s) dict_keys(['latest_only']) retrieved from /home/airflow/sandbox/lib/python3.8/site-packages/airflow/example_dags/example_latest_only.py
[2022-01-03 20:29:26,820] {logging_mixin.py:104} INFO - [2022-01-03 20:29:26,820] {dag.py:1832} INFO - Sync 1 DAGs
[2022-01-03 20:29:26,835] {logging_mixin.py:104} INFO - [2022-01-03 20:29:26,835] {dag.py:2305} INFO - Setting next_dagrun for latest_only to 2022-01-01 00:00:00+00:00
[2022-01-03 20:29:26,849] {scheduler_job.py:190} INFO - Processing /home/airflow/sandbox/lib/python3.8/site-packages/airflow/example_dags/example_latest_only.py took 0.068 seconds
[2022-01-03 20:30:11,722] {scheduler_job.py:182} INFO - Started process (PID=8842) to work on /home/airflow/sandbox/lib/python3.8/site-packages/airflow/example_dags/example_latest_only.py
[2022-01-03 20:30:11,723] {scheduler_job.py:633} INFO - Processing file /home/airflow/sandbox/lib/python3.8/site-packages/airflow/example_dags/example_latest_only.py for tasks to queue
[2022-01-03 20:30:11,723] {logging_mixin.py:104} INFO - [2022-01-03 20:30:11,723] {dagbag.py:487} INFO - Filling up the DagBag from /home/airflow/sandbox/lib/python3.8/site-packages/airflow/example_dags/example_latest_only.py
[2022-01-03 20:30:11,801] {scheduler_job.py:643} INFO - DAG(s) dict_keys(['latest_only']) retrieved from /home/airflow/sandbox/lib/python3.8/site-packages/airflow/example_dags/example_latest_only.py
[2022-01-03 20:30:11,980] {logging_mixin.py:104} INFO - [2022-01-03 20:30:11,979] {dag.py:1832} INFO - Sync 1 DAGs
[2022-01-03 20:30:12,141] {logging_mixin.py:104} INFO - [2022-01-03 20:30:12,141] {dag.py:2305} INFO - Setting next_dagrun for latest_only to 2022-01-01 00:00:00+00:00
[2022-01-03 20:30:12,221] {scheduler_job.py:190} INFO - Processing /home/airflow/sandbox/lib/python3.8/site-packages/airflow/example_dags/example_latest_only.py took 0.529 seconds
[2022-01-03 20:32:57,120] {scheduler_job.py:182} INFO - Started process (PID=9746) to work on /home/airflow/sandbox/lib/python3.8/site-packages/airflow/example_dags/example_latest_only.py
[2022-01-03 20:32:57,135] {scheduler_job.py:633} INFO - Processing file /home/airflow/sandbox/lib/python3.8/site-packages/airflow/example_dags/example_latest_only.py for tasks to queue
[2022-01-03 20:32:57,138] {logging_mixin.py:104} INFO - [2022-01-03 20:32:57,138] {dagbag.py:487} INFO - Filling up the DagBag from /home/airflow/sandbox/lib/python3.8/site-packages/airflow/example_dags/example_latest_only.py
[2022-01-03 20:32:57,337] {scheduler_job.py:643} INFO - DAG(s) dict_keys(['latest_only']) retrieved from /home/airflow/sandbox/lib/python3.8/site-packages/airflow/example_dags/example_latest_only.py
[2022-01-03 20:32:57,519] {logging_mixin.py:104} INFO - [2022-01-03 20:32:57,519] {dag.py:1832} INFO - Sync 1 DAGs
[2022-01-03 20:32:57,771] {logging_mixin.py:104} INFO - [2022-01-03 20:32:57,771] {dag.py:2305} INFO - Setting next_dagrun for latest_only to 2022-01-01 00:00:00+00:00
[2022-01-03 20:32:57,838] {scheduler_job.py:190} INFO - Processing /home/airflow/sandbox/lib/python3.8/site-packages/airflow/example_dags/example_latest_only.py took 0.841 seconds
[2022-01-03 20:33:28,024] {scheduler_job.py:182} INFO - Started process (PID=10001) to work on /home/airflow/sandbox/lib/python3.8/site-packages/airflow/example_dags/example_latest_only.py
[2022-01-03 20:33:28,025] {scheduler_job.py:633} INFO - Processing file /home/airflow/sandbox/lib/python3.8/site-packages/airflow/example_dags/example_latest_only.py for tasks to queue
[2022-01-03 20:33:28,032] {logging_mixin.py:104} INFO - [2022-01-03 20:33:28,025] {dagbag.py:487} INFO - Filling up the DagBag from /home/airflow/sandbox/lib/python3.8/site-packages/airflow/example_dags/example_latest_only.py
[2022-01-03 20:33:28,066] {scheduler_job.py:643} INFO - DAG(s) dict_keys(['latest_only']) retrieved from /home/airflow/sandbox/lib/python3.8/site-packages/airflow/example_dags/example_latest_only.py
[2022-01-03 20:33:28,135] {logging_mixin.py:104} INFO - [2022-01-03 20:33:28,135] {dag.py:1832} INFO - Sync 1 DAGs
[2022-01-03 20:33:28,166] {logging_mixin.py:104} INFO - [2022-01-03 20:33:28,166] {dag.py:2305} INFO - Setting next_dagrun for latest_only to 2022-01-01 00:00:00+00:00
[2022-01-03 20:33:28,192] {scheduler_job.py:190} INFO - Processing /home/airflow/sandbox/lib/python3.8/site-packages/airflow/example_dags/example_latest_only.py took 0.175 seconds
[2022-01-03 20:33:58,865] {scheduler_job.py:182} INFO - Started process (PID=10290) to work on /home/airflow/sandbox/lib/python3.8/site-packages/airflow/example_dags/example_latest_only.py
[2022-01-03 20:33:58,867] {scheduler_job.py:633} INFO - Processing file /home/airflow/sandbox/lib/python3.8/site-packages/airflow/example_dags/example_latest_only.py for tasks to queue
[2022-01-03 20:33:58,868] {logging_mixin.py:104} INFO - [2022-01-03 20:33:58,868] {dagbag.py:487} INFO - Filling up the DagBag from /home/airflow/sandbox/lib/python3.8/site-packages/airflow/example_dags/example_latest_only.py
[2022-01-03 20:33:58,878] {scheduler_job.py:643} INFO - DAG(s) dict_keys(['latest_only']) retrieved from /home/airflow/sandbox/lib/python3.8/site-packages/airflow/example_dags/example_latest_only.py
[2022-01-03 20:33:58,928] {logging_mixin.py:104} INFO - [2022-01-03 20:33:58,928] {dag.py:1832} INFO - Sync 1 DAGs
[2022-01-03 20:33:58,966] {logging_mixin.py:104} INFO - [2022-01-03 20:33:58,966] {dag.py:2305} INFO - Setting next_dagrun for latest_only to 2022-01-01 00:00:00+00:00
[2022-01-03 20:33:58,978] {scheduler_job.py:190} INFO - Processing /home/airflow/sandbox/lib/python3.8/site-packages/airflow/example_dags/example_latest_only.py took 0.134 seconds
[2022-01-03 20:34:32,483] {scheduler_job.py:182} INFO - Started process (PID=11491) to work on /home/airflow/sandbox/lib/python3.8/site-packages/airflow/example_dags/example_latest_only.py
[2022-01-03 20:34:32,488] {scheduler_job.py:633} INFO - Processing file /home/airflow/sandbox/lib/python3.8/site-packages/airflow/example_dags/example_latest_only.py for tasks to queue
[2022-01-03 20:34:32,489] {logging_mixin.py:104} INFO - [2022-01-03 20:34:32,489] {dagbag.py:487} INFO - Filling up the DagBag from /home/airflow/sandbox/lib/python3.8/site-packages/airflow/example_dags/example_latest_only.py
[2022-01-03 20:34:32,528] {scheduler_job.py:643} INFO - DAG(s) dict_keys(['latest_only']) retrieved from /home/airflow/sandbox/lib/python3.8/site-packages/airflow/example_dags/example_latest_only.py
[2022-01-03 20:34:32,620] {logging_mixin.py:104} INFO - [2022-01-03 20:34:32,620] {dag.py:1832} INFO - Sync 1 DAGs
[2022-01-03 20:34:32,689] {logging_mixin.py:104} INFO - [2022-01-03 20:34:32,689] {dag.py:2305} INFO - Setting next_dagrun for latest_only to 2022-01-01 00:00:00+00:00
[2022-01-03 20:34:32,786] {scheduler_job.py:190} INFO - Processing /home/airflow/sandbox/lib/python3.8/site-packages/airflow/example_dags/example_latest_only.py took 0.311 seconds
[2022-01-03 20:35:02,991] {scheduler_job.py:182} INFO - Started process (PID=11808) to work on /home/airflow/sandbox/lib/python3.8/site-packages/airflow/example_dags/example_latest_only.py
[2022-01-03 20:35:03,012] {scheduler_job.py:633} INFO - Processing file /home/airflow/sandbox/lib/python3.8/site-packages/airflow/example_dags/example_latest_only.py for tasks to queue
[2022-01-03 20:35:03,013] {logging_mixin.py:104} INFO - [2022-01-03 20:35:03,013] {dagbag.py:487} INFO - Filling up the DagBag from /home/airflow/sandbox/lib/python3.8/site-packages/airflow/example_dags/example_latest_only.py
[2022-01-03 20:35:03,037] {scheduler_job.py:643} INFO - DAG(s) dict_keys(['latest_only']) retrieved from /home/airflow/sandbox/lib/python3.8/site-packages/airflow/example_dags/example_latest_only.py
[2022-01-03 20:35:03,431] {logging_mixin.py:104} INFO - [2022-01-03 20:35:03,431] {dag.py:1832} INFO - Sync 1 DAGs
[2022-01-03 20:35:03,474] {logging_mixin.py:104} INFO - [2022-01-03 20:35:03,474] {dag.py:2305} INFO - Setting next_dagrun for latest_only to 2022-01-01 00:00:00+00:00
[2022-01-03 20:35:03,488] {scheduler_job.py:190} INFO - Processing /home/airflow/sandbox/lib/python3.8/site-packages/airflow/example_dags/example_latest_only.py took 0.508 seconds
[2022-01-03 20:35:33,873] {scheduler_job.py:182} INFO - Started process (PID=12005) to work on /home/airflow/sandbox/lib/python3.8/site-packages/airflow/example_dags/example_latest_only.py
[2022-01-03 20:35:33,876] {scheduler_job.py:633} INFO - Processing file /home/airflow/sandbox/lib/python3.8/site-packages/airflow/example_dags/example_latest_only.py for tasks to queue
[2022-01-03 20:35:33,879] {logging_mixin.py:104} INFO - [2022-01-03 20:35:33,879] {dagbag.py:487} INFO - Filling up the DagBag from /home/airflow/sandbox/lib/python3.8/site-packages/airflow/example_dags/example_latest_only.py
[2022-01-03 20:35:33,913] {scheduler_job.py:643} INFO - DAG(s) dict_keys(['latest_only']) retrieved from /home/airflow/sandbox/lib/python3.8/site-packages/airflow/example_dags/example_latest_only.py
[2022-01-03 20:35:34,019] {logging_mixin.py:104} INFO - [2022-01-03 20:35:34,019] {dag.py:1832} INFO - Sync 1 DAGs
[2022-01-03 20:35:34,030] {logging_mixin.py:104} INFO - [2022-01-03 20:35:34,030] {dag.py:2305} INFO - Setting next_dagrun for latest_only to 2022-01-01 00:00:00+00:00
[2022-01-03 20:35:34,073] {scheduler_job.py:190} INFO - Processing /home/airflow/sandbox/lib/python3.8/site-packages/airflow/example_dags/example_latest_only.py took 0.246 seconds
[2022-01-03 20:36:04,236] {scheduler_job.py:182} INFO - Started process (PID=12204) to work on /home/airflow/sandbox/lib/python3.8/site-packages/airflow/example_dags/example_latest_only.py
[2022-01-03 20:36:04,237] {scheduler_job.py:633} INFO - Processing file /home/airflow/sandbox/lib/python3.8/site-packages/airflow/example_dags/example_latest_only.py for tasks to queue
[2022-01-03 20:36:04,237] {logging_mixin.py:104} INFO - [2022-01-03 20:36:04,237] {dagbag.py:487} INFO - Filling up the DagBag from /home/airflow/sandbox/lib/python3.8/site-packages/airflow/example_dags/example_latest_only.py
[2022-01-03 20:36:04,267] {scheduler_job.py:643} INFO - DAG(s) dict_keys(['latest_only']) retrieved from /home/airflow/sandbox/lib/python3.8/site-packages/airflow/example_dags/example_latest_only.py
[2022-01-03 20:36:04,323] {logging_mixin.py:104} INFO - [2022-01-03 20:36:04,322] {dag.py:1832} INFO - Sync 1 DAGs
[2022-01-03 20:36:04,363] {logging_mixin.py:104} INFO - [2022-01-03 20:36:04,363] {dag.py:2305} INFO - Setting next_dagrun for latest_only to 2022-01-01 00:00:00+00:00
[2022-01-03 20:36:04,386] {scheduler_job.py:190} INFO - Processing /home/airflow/sandbox/lib/python3.8/site-packages/airflow/example_dags/example_latest_only.py took 0.158 seconds
[2022-01-03 20:36:35,307] {scheduler_job.py:182} INFO - Started process (PID=12403) to work on /home/airflow/sandbox/lib/python3.8/site-packages/airflow/example_dags/example_latest_only.py
[2022-01-03 20:36:35,309] {scheduler_job.py:633} INFO - Processing file /home/airflow/sandbox/lib/python3.8/site-packages/airflow/example_dags/example_latest_only.py for tasks to queue
[2022-01-03 20:36:35,309] {logging_mixin.py:104} INFO - [2022-01-03 20:36:35,309] {dagbag.py:487} INFO - Filling up the DagBag from /home/airflow/sandbox/lib/python3.8/site-packages/airflow/example_dags/example_latest_only.py
[2022-01-03 20:36:35,320] {scheduler_job.py:643} INFO - DAG(s) dict_keys(['latest_only']) retrieved from /home/airflow/sandbox/lib/python3.8/site-packages/airflow/example_dags/example_latest_only.py
[2022-01-03 20:36:35,370] {logging_mixin.py:104} INFO - [2022-01-03 20:36:35,370] {dag.py:1832} INFO - Sync 1 DAGs
[2022-01-03 20:36:35,410] {logging_mixin.py:104} INFO - [2022-01-03 20:36:35,409] {dag.py:2305} INFO - Setting next_dagrun for latest_only to 2022-01-01 00:00:00+00:00
[2022-01-03 20:36:35,424] {scheduler_job.py:190} INFO - Processing /home/airflow/sandbox/lib/python3.8/site-packages/airflow/example_dags/example_latest_only.py took 0.137 seconds
[2022-01-03 20:37:06,601] {scheduler_job.py:182} INFO - Started process (PID=12600) to work on /home/airflow/sandbox/lib/python3.8/site-packages/airflow/example_dags/example_latest_only.py
[2022-01-03 20:37:06,603] {scheduler_job.py:633} INFO - Processing file /home/airflow/sandbox/lib/python3.8/site-packages/airflow/example_dags/example_latest_only.py for tasks to queue
[2022-01-03 20:37:06,603] {logging_mixin.py:104} INFO - [2022-01-03 20:37:06,603] {dagbag.py:487} INFO - Filling up the DagBag from /home/airflow/sandbox/lib/python3.8/site-packages/airflow/example_dags/example_latest_only.py
[2022-01-03 20:37:06,618] {scheduler_job.py:643} INFO - DAG(s) dict_keys(['latest_only']) retrieved from /home/airflow/sandbox/lib/python3.8/site-packages/airflow/example_dags/example_latest_only.py
[2022-01-03 20:37:06,718] {logging_mixin.py:104} INFO - [2022-01-03 20:37:06,718] {dag.py:1832} INFO - Sync 1 DAGs
[2022-01-03 20:37:06,769] {logging_mixin.py:104} INFO - [2022-01-03 20:37:06,768] {dag.py:2305} INFO - Setting next_dagrun for latest_only to 2022-01-01 00:00:00+00:00
[2022-01-03 20:37:06,819] {scheduler_job.py:190} INFO - Processing /home/airflow/sandbox/lib/python3.8/site-packages/airflow/example_dags/example_latest_only.py took 0.250 seconds
[2022-01-03 20:37:37,634] {scheduler_job.py:182} INFO - Started process (PID=12793) to work on /home/airflow/sandbox/lib/python3.8/site-packages/airflow/example_dags/example_latest_only.py
[2022-01-03 20:37:37,650] {scheduler_job.py:633} INFO - Processing file /home/airflow/sandbox/lib/python3.8/site-packages/airflow/example_dags/example_latest_only.py for tasks to queue
[2022-01-03 20:37:37,652] {logging_mixin.py:104} INFO - [2022-01-03 20:37:37,652] {dagbag.py:487} INFO - Filling up the DagBag from /home/airflow/sandbox/lib/python3.8/site-packages/airflow/example_dags/example_latest_only.py
[2022-01-03 20:37:37,683] {scheduler_job.py:643} INFO - DAG(s) dict_keys(['latest_only']) retrieved from /home/airflow/sandbox/lib/python3.8/site-packages/airflow/example_dags/example_latest_only.py
[2022-01-03 20:37:37,798] {logging_mixin.py:104} INFO - [2022-01-03 20:37:37,798] {dag.py:1832} INFO - Sync 1 DAGs
[2022-01-03 20:37:37,834] {logging_mixin.py:104} INFO - [2022-01-03 20:37:37,834] {dag.py:2305} INFO - Setting next_dagrun for latest_only to 2022-01-01 00:00:00+00:00
[2022-01-03 20:37:37,918] {scheduler_job.py:190} INFO - Processing /home/airflow/sandbox/lib/python3.8/site-packages/airflow/example_dags/example_latest_only.py took 0.287 seconds
[2022-01-03 20:38:08,069] {scheduler_job.py:182} INFO - Started process (PID=13235) to work on /home/airflow/sandbox/lib/python3.8/site-packages/airflow/example_dags/example_latest_only.py
[2022-01-03 20:38:08,071] {scheduler_job.py:633} INFO - Processing file /home/airflow/sandbox/lib/python3.8/site-packages/airflow/example_dags/example_latest_only.py for tasks to queue
[2022-01-03 20:38:08,072] {logging_mixin.py:104} INFO - [2022-01-03 20:38:08,072] {dagbag.py:487} INFO - Filling up the DagBag from /home/airflow/sandbox/lib/python3.8/site-packages/airflow/example_dags/example_latest_only.py
[2022-01-03 20:38:08,108] {scheduler_job.py:643} INFO - DAG(s) dict_keys(['latest_only']) retrieved from /home/airflow/sandbox/lib/python3.8/site-packages/airflow/example_dags/example_latest_only.py
[2022-01-03 20:38:08,178] {logging_mixin.py:104} INFO - [2022-01-03 20:38:08,178] {dag.py:1832} INFO - Sync 1 DAGs
[2022-01-03 20:38:08,223] {logging_mixin.py:104} INFO - [2022-01-03 20:38:08,223] {dag.py:2305} INFO - Setting next_dagrun for latest_only to 2022-01-01 00:00:00+00:00
[2022-01-03 20:38:08,255] {scheduler_job.py:190} INFO - Processing /home/airflow/sandbox/lib/python3.8/site-packages/airflow/example_dags/example_latest_only.py took 0.198 seconds
[2022-01-03 20:38:39,095] {scheduler_job.py:182} INFO - Started process (PID=13430) to work on /home/airflow/sandbox/lib/python3.8/site-packages/airflow/example_dags/example_latest_only.py
[2022-01-03 20:38:39,103] {scheduler_job.py:633} INFO - Processing file /home/airflow/sandbox/lib/python3.8/site-packages/airflow/example_dags/example_latest_only.py for tasks to queue
[2022-01-03 20:38:39,104] {logging_mixin.py:104} INFO - [2022-01-03 20:38:39,104] {dagbag.py:487} INFO - Filling up the DagBag from /home/airflow/sandbox/lib/python3.8/site-packages/airflow/example_dags/example_latest_only.py
[2022-01-03 20:38:39,114] {scheduler_job.py:643} INFO - DAG(s) dict_keys(['latest_only']) retrieved from /home/airflow/sandbox/lib/python3.8/site-packages/airflow/example_dags/example_latest_only.py
[2022-01-03 20:38:39,193] {logging_mixin.py:104} INFO - [2022-01-03 20:38:39,192] {dag.py:1832} INFO - Sync 1 DAGs
[2022-01-03 20:38:39,228] {logging_mixin.py:104} INFO - [2022-01-03 20:38:39,223] {dag.py:2305} INFO - Setting next_dagrun for latest_only to 2022-01-01 00:00:00+00:00
[2022-01-03 20:38:39,253] {scheduler_job.py:190} INFO - Processing /home/airflow/sandbox/lib/python3.8/site-packages/airflow/example_dags/example_latest_only.py took 0.190 seconds
[2022-01-03 20:39:09,310] {scheduler_job.py:182} INFO - Started process (PID=13625) to work on /home/airflow/sandbox/lib/python3.8/site-packages/airflow/example_dags/example_latest_only.py
[2022-01-03 20:39:09,312] {scheduler_job.py:633} INFO - Processing file /home/airflow/sandbox/lib/python3.8/site-packages/airflow/example_dags/example_latest_only.py for tasks to queue
[2022-01-03 20:39:09,313] {logging_mixin.py:104} INFO - [2022-01-03 20:39:09,313] {dagbag.py:487} INFO - Filling up the DagBag from /home/airflow/sandbox/lib/python3.8/site-packages/airflow/example_dags/example_latest_only.py
[2022-01-03 20:39:09,323] {scheduler_job.py:643} INFO - DAG(s) dict_keys(['latest_only']) retrieved from /home/airflow/sandbox/lib/python3.8/site-packages/airflow/example_dags/example_latest_only.py
[2022-01-03 20:39:09,356] {logging_mixin.py:104} INFO - [2022-01-03 20:39:09,356] {dag.py:1832} INFO - Sync 1 DAGs
[2022-01-03 20:39:09,374] {logging_mixin.py:104} INFO - [2022-01-03 20:39:09,374] {dag.py:2305} INFO - Setting next_dagrun for latest_only to 2022-01-01 00:00:00+00:00
[2022-01-03 20:39:09,401] {scheduler_job.py:190} INFO - Processing /home/airflow/sandbox/lib/python3.8/site-packages/airflow/example_dags/example_latest_only.py took 0.093 seconds
[2022-01-03 20:39:40,021] {scheduler_job.py:182} INFO - Started process (PID=13822) to work on /home/airflow/sandbox/lib/python3.8/site-packages/airflow/example_dags/example_latest_only.py
[2022-01-03 20:39:40,030] {scheduler_job.py:633} INFO - Processing file /home/airflow/sandbox/lib/python3.8/site-packages/airflow/example_dags/example_latest_only.py for tasks to queue
[2022-01-03 20:39:40,045] {logging_mixin.py:104} INFO - [2022-01-03 20:39:40,045] {dagbag.py:487} INFO - Filling up the DagBag from /home/airflow/sandbox/lib/python3.8/site-packages/airflow/example_dags/example_latest_only.py
[2022-01-03 20:39:40,059] {scheduler_job.py:643} INFO - DAG(s) dict_keys(['latest_only']) retrieved from /home/airflow/sandbox/lib/python3.8/site-packages/airflow/example_dags/example_latest_only.py
[2022-01-03 20:39:40,124] {logging_mixin.py:104} INFO - [2022-01-03 20:39:40,123] {dag.py:1832} INFO - Sync 1 DAGs
[2022-01-03 20:39:40,157] {logging_mixin.py:104} INFO - [2022-01-03 20:39:40,156] {dag.py:2305} INFO - Setting next_dagrun for latest_only to 2022-01-01 00:00:00+00:00
[2022-01-03 20:39:40,175] {scheduler_job.py:190} INFO - Processing /home/airflow/sandbox/lib/python3.8/site-packages/airflow/example_dags/example_latest_only.py took 0.163 seconds
[2022-01-03 20:40:10,265] {scheduler_job.py:182} INFO - Started process (PID=14023) to work on /home/airflow/sandbox/lib/python3.8/site-packages/airflow/example_dags/example_latest_only.py
[2022-01-03 20:40:10,267] {scheduler_job.py:633} INFO - Processing file /home/airflow/sandbox/lib/python3.8/site-packages/airflow/example_dags/example_latest_only.py for tasks to queue
[2022-01-03 20:40:10,269] {logging_mixin.py:104} INFO - [2022-01-03 20:40:10,268] {dagbag.py:487} INFO - Filling up the DagBag from /home/airflow/sandbox/lib/python3.8/site-packages/airflow/example_dags/example_latest_only.py
[2022-01-03 20:40:10,276] {scheduler_job.py:643} INFO - DAG(s) dict_keys(['latest_only']) retrieved from /home/airflow/sandbox/lib/python3.8/site-packages/airflow/example_dags/example_latest_only.py
[2022-01-03 20:40:10,329] {logging_mixin.py:104} INFO - [2022-01-03 20:40:10,329] {dag.py:1832} INFO - Sync 1 DAGs
[2022-01-03 20:40:10,369] {logging_mixin.py:104} INFO - [2022-01-03 20:40:10,369] {dag.py:2305} INFO - Setting next_dagrun for latest_only to 2022-01-01 00:00:00+00:00
[2022-01-03 20:40:10,398] {scheduler_job.py:190} INFO - Processing /home/airflow/sandbox/lib/python3.8/site-packages/airflow/example_dags/example_latest_only.py took 0.138 seconds
[2022-01-03 20:40:40,606] {scheduler_job.py:182} INFO - Started process (PID=14220) to work on /home/airflow/sandbox/lib/python3.8/site-packages/airflow/example_dags/example_latest_only.py
[2022-01-03 20:40:40,608] {scheduler_job.py:633} INFO - Processing file /home/airflow/sandbox/lib/python3.8/site-packages/airflow/example_dags/example_latest_only.py for tasks to queue
[2022-01-03 20:40:40,610] {logging_mixin.py:104} INFO - [2022-01-03 20:40:40,609] {dagbag.py:487} INFO - Filling up the DagBag from /home/airflow/sandbox/lib/python3.8/site-packages/airflow/example_dags/example_latest_only.py
[2022-01-03 20:40:40,663] {scheduler_job.py:643} INFO - DAG(s) dict_keys(['latest_only']) retrieved from /home/airflow/sandbox/lib/python3.8/site-packages/airflow/example_dags/example_latest_only.py
[2022-01-03 20:40:40,718] {logging_mixin.py:104} INFO - [2022-01-03 20:40:40,717] {dag.py:1832} INFO - Sync 1 DAGs
[2022-01-03 20:40:40,749] {logging_mixin.py:104} INFO - [2022-01-03 20:40:40,749] {dag.py:2305} INFO - Setting next_dagrun for latest_only to 2022-01-01 00:00:00+00:00
[2022-01-03 20:40:40,759] {scheduler_job.py:190} INFO - Processing /home/airflow/sandbox/lib/python3.8/site-packages/airflow/example_dags/example_latest_only.py took 0.156 seconds
[2022-01-03 20:41:11,558] {scheduler_job.py:182} INFO - Started process (PID=14419) to work on /home/airflow/sandbox/lib/python3.8/site-packages/airflow/example_dags/example_latest_only.py
[2022-01-03 20:41:11,560] {scheduler_job.py:633} INFO - Processing file /home/airflow/sandbox/lib/python3.8/site-packages/airflow/example_dags/example_latest_only.py for tasks to queue
[2022-01-03 20:41:11,561] {logging_mixin.py:104} INFO - [2022-01-03 20:41:11,561] {dagbag.py:487} INFO - Filling up the DagBag from /home/airflow/sandbox/lib/python3.8/site-packages/airflow/example_dags/example_latest_only.py
[2022-01-03 20:41:11,595] {scheduler_job.py:643} INFO - DAG(s) dict_keys(['latest_only']) retrieved from /home/airflow/sandbox/lib/python3.8/site-packages/airflow/example_dags/example_latest_only.py
[2022-01-03 20:41:11,690] {logging_mixin.py:104} INFO - [2022-01-03 20:41:11,690] {dag.py:1832} INFO - Sync 1 DAGs
[2022-01-03 20:41:11,720] {logging_mixin.py:104} INFO - [2022-01-03 20:41:11,719] {dag.py:2305} INFO - Setting next_dagrun for latest_only to 2022-01-01 00:00:00+00:00
[2022-01-03 20:41:11,769] {scheduler_job.py:190} INFO - Processing /home/airflow/sandbox/lib/python3.8/site-packages/airflow/example_dags/example_latest_only.py took 0.242 seconds
[2022-01-03 20:41:42,118] {scheduler_job.py:182} INFO - Started process (PID=14615) to work on /home/airflow/sandbox/lib/python3.8/site-packages/airflow/example_dags/example_latest_only.py
[2022-01-03 20:41:42,120] {scheduler_job.py:633} INFO - Processing file /home/airflow/sandbox/lib/python3.8/site-packages/airflow/example_dags/example_latest_only.py for tasks to queue
[2022-01-03 20:41:42,121] {logging_mixin.py:104} INFO - [2022-01-03 20:41:42,121] {dagbag.py:487} INFO - Filling up the DagBag from /home/airflow/sandbox/lib/python3.8/site-packages/airflow/example_dags/example_latest_only.py
[2022-01-03 20:41:42,163] {scheduler_job.py:643} INFO - DAG(s) dict_keys(['latest_only']) retrieved from /home/airflow/sandbox/lib/python3.8/site-packages/airflow/example_dags/example_latest_only.py
[2022-01-03 20:41:42,212] {logging_mixin.py:104} INFO - [2022-01-03 20:41:42,211] {dag.py:1832} INFO - Sync 1 DAGs
[2022-01-03 20:41:42,245] {logging_mixin.py:104} INFO - [2022-01-03 20:41:42,245] {dag.py:2305} INFO - Setting next_dagrun for latest_only to 2022-01-01 00:00:00+00:00
[2022-01-03 20:41:42,270] {scheduler_job.py:190} INFO - Processing /home/airflow/sandbox/lib/python3.8/site-packages/airflow/example_dags/example_latest_only.py took 0.194 seconds
[2022-01-03 20:42:12,817] {scheduler_job.py:182} INFO - Started process (PID=14812) to work on /home/airflow/sandbox/lib/python3.8/site-packages/airflow/example_dags/example_latest_only.py
[2022-01-03 20:42:12,819] {scheduler_job.py:633} INFO - Processing file /home/airflow/sandbox/lib/python3.8/site-packages/airflow/example_dags/example_latest_only.py for tasks to queue
[2022-01-03 20:42:12,820] {logging_mixin.py:104} INFO - [2022-01-03 20:42:12,820] {dagbag.py:487} INFO - Filling up the DagBag from /home/airflow/sandbox/lib/python3.8/site-packages/airflow/example_dags/example_latest_only.py
[2022-01-03 20:42:12,865] {scheduler_job.py:643} INFO - DAG(s) dict_keys(['latest_only']) retrieved from /home/airflow/sandbox/lib/python3.8/site-packages/airflow/example_dags/example_latest_only.py
[2022-01-03 20:42:12,991] {logging_mixin.py:104} INFO - [2022-01-03 20:42:12,990] {dag.py:1832} INFO - Sync 1 DAGs
[2022-01-03 20:42:13,015] {logging_mixin.py:104} INFO - [2022-01-03 20:42:13,015] {dag.py:2305} INFO - Setting next_dagrun for latest_only to 2022-01-01 00:00:00+00:00
[2022-01-03 20:42:13,054] {scheduler_job.py:190} INFO - Processing /home/airflow/sandbox/lib/python3.8/site-packages/airflow/example_dags/example_latest_only.py took 0.248 seconds
[2022-01-03 20:42:43,694] {scheduler_job.py:182} INFO - Started process (PID=15164) to work on /home/airflow/sandbox/lib/python3.8/site-packages/airflow/example_dags/example_latest_only.py
[2022-01-03 20:42:43,698] {scheduler_job.py:633} INFO - Processing file /home/airflow/sandbox/lib/python3.8/site-packages/airflow/example_dags/example_latest_only.py for tasks to queue
[2022-01-03 20:42:43,701] {logging_mixin.py:104} INFO - [2022-01-03 20:42:43,701] {dagbag.py:487} INFO - Filling up the DagBag from /home/airflow/sandbox/lib/python3.8/site-packages/airflow/example_dags/example_latest_only.py
[2022-01-03 20:42:43,722] {scheduler_job.py:643} INFO - DAG(s) dict_keys(['latest_only']) retrieved from /home/airflow/sandbox/lib/python3.8/site-packages/airflow/example_dags/example_latest_only.py
[2022-01-03 20:42:43,819] {logging_mixin.py:104} INFO - [2022-01-03 20:42:43,818] {dag.py:1832} INFO - Sync 1 DAGs
[2022-01-03 20:42:44,157] {logging_mixin.py:104} INFO - [2022-01-03 20:42:44,157] {dag.py:2305} INFO - Setting next_dagrun for latest_only to 2022-01-01 00:00:00+00:00
[2022-01-03 20:42:44,201] {scheduler_job.py:190} INFO - Processing /home/airflow/sandbox/lib/python3.8/site-packages/airflow/example_dags/example_latest_only.py took 0.509 seconds
[2022-01-03 20:43:15,167] {scheduler_job.py:182} INFO - Started process (PID=15452) to work on /home/airflow/sandbox/lib/python3.8/site-packages/airflow/example_dags/example_latest_only.py
[2022-01-03 20:43:15,185] {scheduler_job.py:633} INFO - Processing file /home/airflow/sandbox/lib/python3.8/site-packages/airflow/example_dags/example_latest_only.py for tasks to queue
[2022-01-03 20:43:15,186] {logging_mixin.py:104} INFO - [2022-01-03 20:43:15,186] {dagbag.py:487} INFO - Filling up the DagBag from /home/airflow/sandbox/lib/python3.8/site-packages/airflow/example_dags/example_latest_only.py
[2022-01-03 20:43:15,208] {scheduler_job.py:643} INFO - DAG(s) dict_keys(['latest_only']) retrieved from /home/airflow/sandbox/lib/python3.8/site-packages/airflow/example_dags/example_latest_only.py
[2022-01-03 20:43:15,297] {logging_mixin.py:104} INFO - [2022-01-03 20:43:15,297] {dag.py:1832} INFO - Sync 1 DAGs
[2022-01-03 20:43:15,569] {logging_mixin.py:104} INFO - [2022-01-03 20:43:15,569] {dag.py:2305} INFO - Setting next_dagrun for latest_only to 2022-01-01 00:00:00+00:00
[2022-01-03 20:43:15,610] {scheduler_job.py:190} INFO - Processing /home/airflow/sandbox/lib/python3.8/site-packages/airflow/example_dags/example_latest_only.py took 0.455 seconds
[2022-01-03 20:43:46,295] {scheduler_job.py:182} INFO - Started process (PID=15652) to work on /home/airflow/sandbox/lib/python3.8/site-packages/airflow/example_dags/example_latest_only.py
[2022-01-03 20:43:46,298] {scheduler_job.py:633} INFO - Processing file /home/airflow/sandbox/lib/python3.8/site-packages/airflow/example_dags/example_latest_only.py for tasks to queue
[2022-01-03 20:43:46,304] {logging_mixin.py:104} INFO - [2022-01-03 20:43:46,304] {dagbag.py:487} INFO - Filling up the DagBag from /home/airflow/sandbox/lib/python3.8/site-packages/airflow/example_dags/example_latest_only.py
[2022-01-03 20:43:46,329] {scheduler_job.py:643} INFO - DAG(s) dict_keys(['latest_only']) retrieved from /home/airflow/sandbox/lib/python3.8/site-packages/airflow/example_dags/example_latest_only.py
[2022-01-03 20:43:46,401] {logging_mixin.py:104} INFO - [2022-01-03 20:43:46,401] {dag.py:1832} INFO - Sync 1 DAGs
[2022-01-03 20:43:46,657] {logging_mixin.py:104} INFO - [2022-01-03 20:43:46,657] {dag.py:2305} INFO - Setting next_dagrun for latest_only to 2022-01-01 00:00:00+00:00
[2022-01-03 20:43:46,702] {scheduler_job.py:190} INFO - Processing /home/airflow/sandbox/lib/python3.8/site-packages/airflow/example_dags/example_latest_only.py took 0.443 seconds
[2022-01-03 20:44:16,954] {scheduler_job.py:182} INFO - Started process (PID=15850) to work on /home/airflow/sandbox/lib/python3.8/site-packages/airflow/example_dags/example_latest_only.py
[2022-01-03 20:44:16,964] {scheduler_job.py:633} INFO - Processing file /home/airflow/sandbox/lib/python3.8/site-packages/airflow/example_dags/example_latest_only.py for tasks to queue
[2022-01-03 20:44:16,966] {logging_mixin.py:104} INFO - [2022-01-03 20:44:16,966] {dagbag.py:487} INFO - Filling up the DagBag from /home/airflow/sandbox/lib/python3.8/site-packages/airflow/example_dags/example_latest_only.py
[2022-01-03 20:44:17,034] {scheduler_job.py:643} INFO - DAG(s) dict_keys(['latest_only']) retrieved from /home/airflow/sandbox/lib/python3.8/site-packages/airflow/example_dags/example_latest_only.py
[2022-01-03 20:44:17,108] {logging_mixin.py:104} INFO - [2022-01-03 20:44:17,108] {dag.py:1832} INFO - Sync 1 DAGs
[2022-01-03 20:44:17,306] {logging_mixin.py:104} INFO - [2022-01-03 20:44:17,306] {dag.py:2305} INFO - Setting next_dagrun for latest_only to 2022-01-01 00:00:00+00:00
[2022-01-03 20:44:17,346] {scheduler_job.py:190} INFO - Processing /home/airflow/sandbox/lib/python3.8/site-packages/airflow/example_dags/example_latest_only.py took 0.395 seconds
[2022-01-03 20:44:47,786] {scheduler_job.py:182} INFO - Started process (PID=16049) to work on /home/airflow/sandbox/lib/python3.8/site-packages/airflow/example_dags/example_latest_only.py
[2022-01-03 20:44:47,789] {scheduler_job.py:633} INFO - Processing file /home/airflow/sandbox/lib/python3.8/site-packages/airflow/example_dags/example_latest_only.py for tasks to queue
[2022-01-03 20:44:47,791] {logging_mixin.py:104} INFO - [2022-01-03 20:44:47,791] {dagbag.py:487} INFO - Filling up the DagBag from /home/airflow/sandbox/lib/python3.8/site-packages/airflow/example_dags/example_latest_only.py
[2022-01-03 20:44:47,847] {scheduler_job.py:643} INFO - DAG(s) dict_keys(['latest_only']) retrieved from /home/airflow/sandbox/lib/python3.8/site-packages/airflow/example_dags/example_latest_only.py
[2022-01-03 20:44:47,951] {logging_mixin.py:104} INFO - [2022-01-03 20:44:47,951] {dag.py:1832} INFO - Sync 1 DAGs
[2022-01-03 20:44:48,184] {logging_mixin.py:104} INFO - [2022-01-03 20:44:48,184] {dag.py:2305} INFO - Setting next_dagrun for latest_only to 2022-01-01 00:00:00+00:00
[2022-01-03 20:44:48,207] {scheduler_job.py:190} INFO - Processing /home/airflow/sandbox/lib/python3.8/site-packages/airflow/example_dags/example_latest_only.py took 0.452 seconds
