[2022-01-03 20:18:42,903] {scheduler_job.py:182} INFO - Started process (PID=2929) to work on /home/airflow/sandbox/lib/python3.8/site-packages/airflow/example_dags/example_trigger_controller_dag.py
[2022-01-03 20:18:42,906] {scheduler_job.py:633} INFO - Processing file /home/airflow/sandbox/lib/python3.8/site-packages/airflow/example_dags/example_trigger_controller_dag.py for tasks to queue
[2022-01-03 20:18:42,907] {logging_mixin.py:104} INFO - [2022-01-03 20:18:42,907] {dagbag.py:487} INFO - Filling up the DagBag from /home/airflow/sandbox/lib/python3.8/site-packages/airflow/example_dags/example_trigger_controller_dag.py
[2022-01-03 20:18:42,940] {scheduler_job.py:643} INFO - DAG(s) dict_keys(['example_trigger_controller_dag']) retrieved from /home/airflow/sandbox/lib/python3.8/site-packages/airflow/example_dags/example_trigger_controller_dag.py
[2022-01-03 20:18:43,549] {logging_mixin.py:104} INFO - [2022-01-03 20:18:43,549] {dag.py:1832} INFO - Sync 1 DAGs
[2022-01-03 20:18:43,558] {logging_mixin.py:104} INFO - [2022-01-03 20:18:43,558] {dag.py:2305} INFO - Setting next_dagrun for example_trigger_controller_dag to 2022-01-01 00:00:00+00:00
[2022-01-03 20:18:43,592] {scheduler_job.py:190} INFO - Processing /home/airflow/sandbox/lib/python3.8/site-packages/airflow/example_dags/example_trigger_controller_dag.py took 0.694 seconds
[2022-01-03 20:20:00,061] {scheduler_job.py:182} INFO - Started process (PID=3482) to work on /home/airflow/sandbox/lib/python3.8/site-packages/airflow/example_dags/example_trigger_controller_dag.py
[2022-01-03 20:20:00,063] {scheduler_job.py:633} INFO - Processing file /home/airflow/sandbox/lib/python3.8/site-packages/airflow/example_dags/example_trigger_controller_dag.py for tasks to queue
[2022-01-03 20:20:00,063] {logging_mixin.py:104} INFO - [2022-01-03 20:20:00,063] {dagbag.py:487} INFO - Filling up the DagBag from /home/airflow/sandbox/lib/python3.8/site-packages/airflow/example_dags/example_trigger_controller_dag.py
[2022-01-03 20:20:00,093] {scheduler_job.py:643} INFO - DAG(s) dict_keys(['example_trigger_controller_dag']) retrieved from /home/airflow/sandbox/lib/python3.8/site-packages/airflow/example_dags/example_trigger_controller_dag.py
[2022-01-03 20:20:00,111] {logging_mixin.py:104} INFO - [2022-01-03 20:20:00,111] {dag.py:1832} INFO - Sync 1 DAGs
[2022-01-03 20:20:00,145] {logging_mixin.py:104} INFO - [2022-01-03 20:20:00,145] {dag.py:2305} INFO - Setting next_dagrun for example_trigger_controller_dag to 2022-01-01 00:00:00+00:00
[2022-01-03 20:20:00,162] {scheduler_job.py:190} INFO - Processing /home/airflow/sandbox/lib/python3.8/site-packages/airflow/example_dags/example_trigger_controller_dag.py took 0.103 seconds
[2022-01-03 20:20:41,554] {scheduler_job.py:182} INFO - Started process (PID=3516) to work on /home/airflow/sandbox/lib/python3.8/site-packages/airflow/example_dags/example_trigger_controller_dag.py
[2022-01-03 20:20:41,556] {scheduler_job.py:633} INFO - Processing file /home/airflow/sandbox/lib/python3.8/site-packages/airflow/example_dags/example_trigger_controller_dag.py for tasks to queue
[2022-01-03 20:20:41,557] {logging_mixin.py:104} INFO - [2022-01-03 20:20:41,557] {dagbag.py:487} INFO - Filling up the DagBag from /home/airflow/sandbox/lib/python3.8/site-packages/airflow/example_dags/example_trigger_controller_dag.py
[2022-01-03 20:20:41,588] {scheduler_job.py:643} INFO - DAG(s) dict_keys(['example_trigger_controller_dag']) retrieved from /home/airflow/sandbox/lib/python3.8/site-packages/airflow/example_dags/example_trigger_controller_dag.py
[2022-01-03 20:20:41,605] {logging_mixin.py:104} INFO - [2022-01-03 20:20:41,605] {dag.py:1832} INFO - Sync 1 DAGs
[2022-01-03 20:20:41,637] {logging_mixin.py:104} INFO - [2022-01-03 20:20:41,637] {dag.py:2305} INFO - Setting next_dagrun for example_trigger_controller_dag to 2022-01-01 00:00:00+00:00
[2022-01-03 20:20:41,652] {scheduler_job.py:190} INFO - Processing /home/airflow/sandbox/lib/python3.8/site-packages/airflow/example_dags/example_trigger_controller_dag.py took 0.101 seconds
[2022-01-03 20:21:21,487] {scheduler_job.py:182} INFO - Started process (PID=3550) to work on /home/airflow/sandbox/lib/python3.8/site-packages/airflow/example_dags/example_trigger_controller_dag.py
[2022-01-03 20:21:21,488] {scheduler_job.py:633} INFO - Processing file /home/airflow/sandbox/lib/python3.8/site-packages/airflow/example_dags/example_trigger_controller_dag.py for tasks to queue
[2022-01-03 20:21:21,488] {logging_mixin.py:104} INFO - [2022-01-03 20:21:21,488] {dagbag.py:487} INFO - Filling up the DagBag from /home/airflow/sandbox/lib/python3.8/site-packages/airflow/example_dags/example_trigger_controller_dag.py
[2022-01-03 20:21:21,501] {scheduler_job.py:643} INFO - DAG(s) dict_keys(['example_trigger_controller_dag']) retrieved from /home/airflow/sandbox/lib/python3.8/site-packages/airflow/example_dags/example_trigger_controller_dag.py
[2022-01-03 20:21:21,534] {logging_mixin.py:104} INFO - [2022-01-03 20:21:21,534] {dag.py:1832} INFO - Sync 1 DAGs
[2022-01-03 20:21:21,556] {logging_mixin.py:104} INFO - [2022-01-03 20:21:21,556] {dag.py:2305} INFO - Setting next_dagrun for example_trigger_controller_dag to 2022-01-01 00:00:00+00:00
[2022-01-03 20:21:21,590] {scheduler_job.py:190} INFO - Processing /home/airflow/sandbox/lib/python3.8/site-packages/airflow/example_dags/example_trigger_controller_dag.py took 0.105 seconds
[2022-01-03 20:21:59,848] {scheduler_job.py:182} INFO - Started process (PID=3626) to work on /home/airflow/sandbox/lib/python3.8/site-packages/airflow/example_dags/example_trigger_controller_dag.py
[2022-01-03 20:21:59,851] {scheduler_job.py:633} INFO - Processing file /home/airflow/sandbox/lib/python3.8/site-packages/airflow/example_dags/example_trigger_controller_dag.py for tasks to queue
[2022-01-03 20:21:59,852] {logging_mixin.py:104} INFO - [2022-01-03 20:21:59,851] {dagbag.py:487} INFO - Filling up the DagBag from /home/airflow/sandbox/lib/python3.8/site-packages/airflow/example_dags/example_trigger_controller_dag.py
[2022-01-03 20:21:59,863] {scheduler_job.py:643} INFO - DAG(s) dict_keys(['example_trigger_controller_dag']) retrieved from /home/airflow/sandbox/lib/python3.8/site-packages/airflow/example_dags/example_trigger_controller_dag.py
[2022-01-03 20:21:59,896] {logging_mixin.py:104} INFO - [2022-01-03 20:21:59,896] {dag.py:1832} INFO - Sync 1 DAGs
[2022-01-03 20:21:59,930] {logging_mixin.py:104} INFO - [2022-01-03 20:21:59,929] {dag.py:2305} INFO - Setting next_dagrun for example_trigger_controller_dag to 2022-01-01 00:00:00+00:00
[2022-01-03 20:21:59,951] {scheduler_job.py:190} INFO - Processing /home/airflow/sandbox/lib/python3.8/site-packages/airflow/example_dags/example_trigger_controller_dag.py took 0.107 seconds
[2022-01-03 20:22:37,488] {scheduler_job.py:182} INFO - Started process (PID=3657) to work on /home/airflow/sandbox/lib/python3.8/site-packages/airflow/example_dags/example_trigger_controller_dag.py
[2022-01-03 20:22:37,490] {scheduler_job.py:633} INFO - Processing file /home/airflow/sandbox/lib/python3.8/site-packages/airflow/example_dags/example_trigger_controller_dag.py for tasks to queue
[2022-01-03 20:22:37,491] {logging_mixin.py:104} INFO - [2022-01-03 20:22:37,491] {dagbag.py:487} INFO - Filling up the DagBag from /home/airflow/sandbox/lib/python3.8/site-packages/airflow/example_dags/example_trigger_controller_dag.py
[2022-01-03 20:22:37,504] {scheduler_job.py:643} INFO - DAG(s) dict_keys(['example_trigger_controller_dag']) retrieved from /home/airflow/sandbox/lib/python3.8/site-packages/airflow/example_dags/example_trigger_controller_dag.py
[2022-01-03 20:22:37,528] {logging_mixin.py:104} INFO - [2022-01-03 20:22:37,528] {dag.py:1832} INFO - Sync 1 DAGs
[2022-01-03 20:22:37,538] {logging_mixin.py:104} INFO - [2022-01-03 20:22:37,538] {dag.py:2305} INFO - Setting next_dagrun for example_trigger_controller_dag to 2022-01-01 00:00:00+00:00
[2022-01-03 20:22:37,552] {scheduler_job.py:190} INFO - Processing /home/airflow/sandbox/lib/python3.8/site-packages/airflow/example_dags/example_trigger_controller_dag.py took 0.066 seconds
[2022-01-03 20:23:16,484] {scheduler_job.py:182} INFO - Started process (PID=3815) to work on /home/airflow/sandbox/lib/python3.8/site-packages/airflow/example_dags/example_trigger_controller_dag.py
[2022-01-03 20:23:16,485] {scheduler_job.py:633} INFO - Processing file /home/airflow/sandbox/lib/python3.8/site-packages/airflow/example_dags/example_trigger_controller_dag.py for tasks to queue
[2022-01-03 20:23:16,485] {logging_mixin.py:104} INFO - [2022-01-03 20:23:16,485] {dagbag.py:487} INFO - Filling up the DagBag from /home/airflow/sandbox/lib/python3.8/site-packages/airflow/example_dags/example_trigger_controller_dag.py
[2022-01-03 20:23:16,496] {scheduler_job.py:643} INFO - DAG(s) dict_keys(['example_trigger_controller_dag']) retrieved from /home/airflow/sandbox/lib/python3.8/site-packages/airflow/example_dags/example_trigger_controller_dag.py
[2022-01-03 20:23:16,538] {logging_mixin.py:104} INFO - [2022-01-03 20:23:16,538] {dag.py:1832} INFO - Sync 1 DAGs
[2022-01-03 20:23:16,583] {logging_mixin.py:104} INFO - [2022-01-03 20:23:16,583] {dag.py:2305} INFO - Setting next_dagrun for example_trigger_controller_dag to 2022-01-01 00:00:00+00:00
[2022-01-03 20:23:16,603] {scheduler_job.py:190} INFO - Processing /home/airflow/sandbox/lib/python3.8/site-packages/airflow/example_dags/example_trigger_controller_dag.py took 0.123 seconds
[2022-01-03 20:23:53,885] {scheduler_job.py:182} INFO - Started process (PID=4346) to work on /home/airflow/sandbox/lib/python3.8/site-packages/airflow/example_dags/example_trigger_controller_dag.py
[2022-01-03 20:23:53,886] {scheduler_job.py:633} INFO - Processing file /home/airflow/sandbox/lib/python3.8/site-packages/airflow/example_dags/example_trigger_controller_dag.py for tasks to queue
[2022-01-03 20:23:53,886] {logging_mixin.py:104} INFO - [2022-01-03 20:23:53,886] {dagbag.py:487} INFO - Filling up the DagBag from /home/airflow/sandbox/lib/python3.8/site-packages/airflow/example_dags/example_trigger_controller_dag.py
[2022-01-03 20:23:53,900] {scheduler_job.py:643} INFO - DAG(s) dict_keys(['example_trigger_controller_dag']) retrieved from /home/airflow/sandbox/lib/python3.8/site-packages/airflow/example_dags/example_trigger_controller_dag.py
[2022-01-03 20:23:53,941] {logging_mixin.py:104} INFO - [2022-01-03 20:23:53,941] {dag.py:1832} INFO - Sync 1 DAGs
[2022-01-03 20:23:53,976] {logging_mixin.py:104} INFO - [2022-01-03 20:23:53,963] {dag.py:2305} INFO - Setting next_dagrun for example_trigger_controller_dag to 2022-01-01 00:00:00+00:00
[2022-01-03 20:23:53,990] {scheduler_job.py:190} INFO - Processing /home/airflow/sandbox/lib/python3.8/site-packages/airflow/example_dags/example_trigger_controller_dag.py took 0.107 seconds
[2022-01-03 20:24:32,954] {scheduler_job.py:182} INFO - Started process (PID=4470) to work on /home/airflow/sandbox/lib/python3.8/site-packages/airflow/example_dags/example_trigger_controller_dag.py
[2022-01-03 20:24:32,955] {scheduler_job.py:633} INFO - Processing file /home/airflow/sandbox/lib/python3.8/site-packages/airflow/example_dags/example_trigger_controller_dag.py for tasks to queue
[2022-01-03 20:24:32,956] {logging_mixin.py:104} INFO - [2022-01-03 20:24:32,956] {dagbag.py:487} INFO - Filling up the DagBag from /home/airflow/sandbox/lib/python3.8/site-packages/airflow/example_dags/example_trigger_controller_dag.py
[2022-01-03 20:24:32,974] {scheduler_job.py:643} INFO - DAG(s) dict_keys(['example_trigger_controller_dag']) retrieved from /home/airflow/sandbox/lib/python3.8/site-packages/airflow/example_dags/example_trigger_controller_dag.py
[2022-01-03 20:24:32,995] {logging_mixin.py:104} INFO - [2022-01-03 20:24:32,995] {dag.py:1832} INFO - Sync 1 DAGs
[2022-01-03 20:24:33,010] {logging_mixin.py:104} INFO - [2022-01-03 20:24:33,010] {dag.py:2305} INFO - Setting next_dagrun for example_trigger_controller_dag to 2022-01-01 00:00:00+00:00
[2022-01-03 20:24:33,035] {scheduler_job.py:190} INFO - Processing /home/airflow/sandbox/lib/python3.8/site-packages/airflow/example_dags/example_trigger_controller_dag.py took 0.083 seconds
[2022-01-03 20:25:16,145] {scheduler_job.py:182} INFO - Started process (PID=5960) to work on /home/airflow/sandbox/lib/python3.8/site-packages/airflow/example_dags/example_trigger_controller_dag.py
[2022-01-03 20:25:16,148] {scheduler_job.py:633} INFO - Processing file /home/airflow/sandbox/lib/python3.8/site-packages/airflow/example_dags/example_trigger_controller_dag.py for tasks to queue
[2022-01-03 20:25:16,149] {logging_mixin.py:104} INFO - [2022-01-03 20:25:16,149] {dagbag.py:487} INFO - Filling up the DagBag from /home/airflow/sandbox/lib/python3.8/site-packages/airflow/example_dags/example_trigger_controller_dag.py
[2022-01-03 20:25:16,299] {scheduler_job.py:643} INFO - DAG(s) dict_keys(['example_trigger_controller_dag']) retrieved from /home/airflow/sandbox/lib/python3.8/site-packages/airflow/example_dags/example_trigger_controller_dag.py
[2022-01-03 20:25:16,342] {logging_mixin.py:104} INFO - [2022-01-03 20:25:16,342] {dag.py:1832} INFO - Sync 1 DAGs
[2022-01-03 20:25:16,384] {logging_mixin.py:104} INFO - [2022-01-03 20:25:16,384] {dag.py:2305} INFO - Setting next_dagrun for example_trigger_controller_dag to 2022-01-01 00:00:00+00:00
[2022-01-03 20:25:16,441] {scheduler_job.py:190} INFO - Processing /home/airflow/sandbox/lib/python3.8/site-packages/airflow/example_dags/example_trigger_controller_dag.py took 0.304 seconds
[2022-01-03 20:26:03,680] {scheduler_job.py:182} INFO - Started process (PID=8110) to work on /home/airflow/sandbox/lib/python3.8/site-packages/airflow/example_dags/example_trigger_controller_dag.py
[2022-01-03 20:26:03,681] {scheduler_job.py:633} INFO - Processing file /home/airflow/sandbox/lib/python3.8/site-packages/airflow/example_dags/example_trigger_controller_dag.py for tasks to queue
[2022-01-03 20:26:03,681] {logging_mixin.py:104} INFO - [2022-01-03 20:26:03,681] {dagbag.py:487} INFO - Filling up the DagBag from /home/airflow/sandbox/lib/python3.8/site-packages/airflow/example_dags/example_trigger_controller_dag.py
[2022-01-03 20:26:03,692] {scheduler_job.py:643} INFO - DAG(s) dict_keys(['example_trigger_controller_dag']) retrieved from /home/airflow/sandbox/lib/python3.8/site-packages/airflow/example_dags/example_trigger_controller_dag.py
[2022-01-03 20:26:03,707] {logging_mixin.py:104} INFO - [2022-01-03 20:26:03,707] {dag.py:1832} INFO - Sync 1 DAGs
[2022-01-03 20:26:03,729] {logging_mixin.py:104} INFO - [2022-01-03 20:26:03,729] {dag.py:2305} INFO - Setting next_dagrun for example_trigger_controller_dag to 2022-01-01 00:00:00+00:00
[2022-01-03 20:26:03,741] {scheduler_job.py:190} INFO - Processing /home/airflow/sandbox/lib/python3.8/site-packages/airflow/example_dags/example_trigger_controller_dag.py took 0.067 seconds
[2022-01-03 20:26:38,711] {scheduler_job.py:182} INFO - Started process (PID=8201) to work on /home/airflow/sandbox/lib/python3.8/site-packages/airflow/example_dags/example_trigger_controller_dag.py
[2022-01-03 20:26:38,713] {scheduler_job.py:633} INFO - Processing file /home/airflow/sandbox/lib/python3.8/site-packages/airflow/example_dags/example_trigger_controller_dag.py for tasks to queue
[2022-01-03 20:26:38,714] {logging_mixin.py:104} INFO - [2022-01-03 20:26:38,714] {dagbag.py:487} INFO - Filling up the DagBag from /home/airflow/sandbox/lib/python3.8/site-packages/airflow/example_dags/example_trigger_controller_dag.py
[2022-01-03 20:26:38,725] {scheduler_job.py:643} INFO - DAG(s) dict_keys(['example_trigger_controller_dag']) retrieved from /home/airflow/sandbox/lib/python3.8/site-packages/airflow/example_dags/example_trigger_controller_dag.py
[2022-01-03 20:26:38,737] {logging_mixin.py:104} INFO - [2022-01-03 20:26:38,737] {dag.py:1832} INFO - Sync 1 DAGs
[2022-01-03 20:26:38,744] {logging_mixin.py:104} INFO - [2022-01-03 20:26:38,744] {dag.py:2305} INFO - Setting next_dagrun for example_trigger_controller_dag to 2022-01-01 00:00:00+00:00
[2022-01-03 20:26:38,754] {scheduler_job.py:190} INFO - Processing /home/airflow/sandbox/lib/python3.8/site-packages/airflow/example_dags/example_trigger_controller_dag.py took 0.046 seconds
[2022-01-03 20:27:17,778] {scheduler_job.py:182} INFO - Started process (PID=8418) to work on /home/airflow/sandbox/lib/python3.8/site-packages/airflow/example_dags/example_trigger_controller_dag.py
[2022-01-03 20:27:17,779] {scheduler_job.py:633} INFO - Processing file /home/airflow/sandbox/lib/python3.8/site-packages/airflow/example_dags/example_trigger_controller_dag.py for tasks to queue
[2022-01-03 20:27:17,780] {logging_mixin.py:104} INFO - [2022-01-03 20:27:17,780] {dagbag.py:487} INFO - Filling up the DagBag from /home/airflow/sandbox/lib/python3.8/site-packages/airflow/example_dags/example_trigger_controller_dag.py
[2022-01-03 20:27:17,794] {scheduler_job.py:643} INFO - DAG(s) dict_keys(['example_trigger_controller_dag']) retrieved from /home/airflow/sandbox/lib/python3.8/site-packages/airflow/example_dags/example_trigger_controller_dag.py
[2022-01-03 20:27:17,821] {logging_mixin.py:104} INFO - [2022-01-03 20:27:17,821] {dag.py:1832} INFO - Sync 1 DAGs
[2022-01-03 20:27:17,835] {logging_mixin.py:104} INFO - [2022-01-03 20:27:17,835] {dag.py:2305} INFO - Setting next_dagrun for example_trigger_controller_dag to 2022-01-01 00:00:00+00:00
[2022-01-03 20:27:17,853] {scheduler_job.py:190} INFO - Processing /home/airflow/sandbox/lib/python3.8/site-packages/airflow/example_dags/example_trigger_controller_dag.py took 0.078 seconds
[2022-01-03 20:28:04,335] {scheduler_job.py:182} INFO - Started process (PID=8610) to work on /home/airflow/sandbox/lib/python3.8/site-packages/airflow/example_dags/example_trigger_controller_dag.py
[2022-01-03 20:28:04,336] {scheduler_job.py:633} INFO - Processing file /home/airflow/sandbox/lib/python3.8/site-packages/airflow/example_dags/example_trigger_controller_dag.py for tasks to queue
[2022-01-03 20:28:04,337] {logging_mixin.py:104} INFO - [2022-01-03 20:28:04,336] {dagbag.py:487} INFO - Filling up the DagBag from /home/airflow/sandbox/lib/python3.8/site-packages/airflow/example_dags/example_trigger_controller_dag.py
[2022-01-03 20:28:04,355] {scheduler_job.py:643} INFO - DAG(s) dict_keys(['example_trigger_controller_dag']) retrieved from /home/airflow/sandbox/lib/python3.8/site-packages/airflow/example_dags/example_trigger_controller_dag.py
[2022-01-03 20:28:04,385] {logging_mixin.py:104} INFO - [2022-01-03 20:28:04,385] {dag.py:1832} INFO - Sync 1 DAGs
[2022-01-03 20:28:04,420] {logging_mixin.py:104} INFO - [2022-01-03 20:28:04,407] {dag.py:2305} INFO - Setting next_dagrun for example_trigger_controller_dag to 2022-01-01 00:00:00+00:00
[2022-01-03 20:28:04,439] {scheduler_job.py:190} INFO - Processing /home/airflow/sandbox/lib/python3.8/site-packages/airflow/example_dags/example_trigger_controller_dag.py took 0.106 seconds
[2022-01-03 20:28:44,824] {scheduler_job.py:182} INFO - Started process (PID=8700) to work on /home/airflow/sandbox/lib/python3.8/site-packages/airflow/example_dags/example_trigger_controller_dag.py
[2022-01-03 20:28:44,825] {scheduler_job.py:633} INFO - Processing file /home/airflow/sandbox/lib/python3.8/site-packages/airflow/example_dags/example_trigger_controller_dag.py for tasks to queue
[2022-01-03 20:28:44,825] {logging_mixin.py:104} INFO - [2022-01-03 20:28:44,825] {dagbag.py:487} INFO - Filling up the DagBag from /home/airflow/sandbox/lib/python3.8/site-packages/airflow/example_dags/example_trigger_controller_dag.py
[2022-01-03 20:28:44,837] {scheduler_job.py:643} INFO - DAG(s) dict_keys(['example_trigger_controller_dag']) retrieved from /home/airflow/sandbox/lib/python3.8/site-packages/airflow/example_dags/example_trigger_controller_dag.py
[2022-01-03 20:28:44,853] {logging_mixin.py:104} INFO - [2022-01-03 20:28:44,853] {dag.py:1832} INFO - Sync 1 DAGs
[2022-01-03 20:28:44,886] {logging_mixin.py:104} INFO - [2022-01-03 20:28:44,885] {dag.py:2305} INFO - Setting next_dagrun for example_trigger_controller_dag to 2022-01-01 00:00:00+00:00
[2022-01-03 20:28:44,905] {scheduler_job.py:190} INFO - Processing /home/airflow/sandbox/lib/python3.8/site-packages/airflow/example_dags/example_trigger_controller_dag.py took 0.101 seconds
[2022-01-03 20:29:22,651] {scheduler_job.py:182} INFO - Started process (PID=8732) to work on /home/airflow/sandbox/lib/python3.8/site-packages/airflow/example_dags/example_trigger_controller_dag.py
[2022-01-03 20:29:22,652] {scheduler_job.py:633} INFO - Processing file /home/airflow/sandbox/lib/python3.8/site-packages/airflow/example_dags/example_trigger_controller_dag.py for tasks to queue
[2022-01-03 20:29:22,653] {logging_mixin.py:104} INFO - [2022-01-03 20:29:22,653] {dagbag.py:487} INFO - Filling up the DagBag from /home/airflow/sandbox/lib/python3.8/site-packages/airflow/example_dags/example_trigger_controller_dag.py
[2022-01-03 20:29:22,678] {scheduler_job.py:643} INFO - DAG(s) dict_keys(['example_trigger_controller_dag']) retrieved from /home/airflow/sandbox/lib/python3.8/site-packages/airflow/example_dags/example_trigger_controller_dag.py
[2022-01-03 20:29:22,695] {logging_mixin.py:104} INFO - [2022-01-03 20:29:22,695] {dag.py:1832} INFO - Sync 1 DAGs
[2022-01-03 20:29:22,731] {logging_mixin.py:104} INFO - [2022-01-03 20:29:22,731] {dag.py:2305} INFO - Setting next_dagrun for example_trigger_controller_dag to 2022-01-01 00:00:00+00:00
[2022-01-03 20:29:22,747] {scheduler_job.py:190} INFO - Processing /home/airflow/sandbox/lib/python3.8/site-packages/airflow/example_dags/example_trigger_controller_dag.py took 0.099 seconds
[2022-01-03 20:29:58,019] {scheduler_job.py:182} INFO - Started process (PID=8832) to work on /home/airflow/sandbox/lib/python3.8/site-packages/airflow/example_dags/example_trigger_controller_dag.py
[2022-01-03 20:29:58,020] {scheduler_job.py:633} INFO - Processing file /home/airflow/sandbox/lib/python3.8/site-packages/airflow/example_dags/example_trigger_controller_dag.py for tasks to queue
[2022-01-03 20:29:58,021] {logging_mixin.py:104} INFO - [2022-01-03 20:29:58,021] {dagbag.py:487} INFO - Filling up the DagBag from /home/airflow/sandbox/lib/python3.8/site-packages/airflow/example_dags/example_trigger_controller_dag.py
[2022-01-03 20:29:58,031] {scheduler_job.py:643} INFO - DAG(s) dict_keys(['example_trigger_controller_dag']) retrieved from /home/airflow/sandbox/lib/python3.8/site-packages/airflow/example_dags/example_trigger_controller_dag.py
[2022-01-03 20:29:58,070] {logging_mixin.py:104} INFO - [2022-01-03 20:29:58,069] {dag.py:1832} INFO - Sync 1 DAGs
[2022-01-03 20:29:58,085] {logging_mixin.py:104} INFO - [2022-01-03 20:29:58,085] {dag.py:2305} INFO - Setting next_dagrun for example_trigger_controller_dag to 2022-01-01 00:00:00+00:00
[2022-01-03 20:29:58,119] {scheduler_job.py:190} INFO - Processing /home/airflow/sandbox/lib/python3.8/site-packages/airflow/example_dags/example_trigger_controller_dag.py took 0.119 seconds
[2022-01-03 20:32:50,228] {scheduler_job.py:182} INFO - Started process (PID=9691) to work on /home/airflow/sandbox/lib/python3.8/site-packages/airflow/example_dags/example_trigger_controller_dag.py
[2022-01-03 20:32:50,229] {scheduler_job.py:633} INFO - Processing file /home/airflow/sandbox/lib/python3.8/site-packages/airflow/example_dags/example_trigger_controller_dag.py for tasks to queue
[2022-01-03 20:32:50,234] {logging_mixin.py:104} INFO - [2022-01-03 20:32:50,233] {dagbag.py:487} INFO - Filling up the DagBag from /home/airflow/sandbox/lib/python3.8/site-packages/airflow/example_dags/example_trigger_controller_dag.py
[2022-01-03 20:32:50,341] {scheduler_job.py:643} INFO - DAG(s) dict_keys(['example_trigger_controller_dag']) retrieved from /home/airflow/sandbox/lib/python3.8/site-packages/airflow/example_dags/example_trigger_controller_dag.py
[2022-01-03 20:32:50,727] {logging_mixin.py:104} INFO - [2022-01-03 20:32:50,727] {dag.py:1832} INFO - Sync 1 DAGs
[2022-01-03 20:32:50,841] {logging_mixin.py:104} INFO - [2022-01-03 20:32:50,841] {dag.py:2305} INFO - Setting next_dagrun for example_trigger_controller_dag to 2022-01-01 00:00:00+00:00
[2022-01-03 20:32:50,927] {scheduler_job.py:190} INFO - Processing /home/airflow/sandbox/lib/python3.8/site-packages/airflow/example_dags/example_trigger_controller_dag.py took 0.740 seconds
[2022-01-03 20:33:22,122] {scheduler_job.py:182} INFO - Started process (PID=9905) to work on /home/airflow/sandbox/lib/python3.8/site-packages/airflow/example_dags/example_trigger_controller_dag.py
[2022-01-03 20:33:22,123] {scheduler_job.py:633} INFO - Processing file /home/airflow/sandbox/lib/python3.8/site-packages/airflow/example_dags/example_trigger_controller_dag.py for tasks to queue
[2022-01-03 20:33:22,124] {logging_mixin.py:104} INFO - [2022-01-03 20:33:22,123] {dagbag.py:487} INFO - Filling up the DagBag from /home/airflow/sandbox/lib/python3.8/site-packages/airflow/example_dags/example_trigger_controller_dag.py
[2022-01-03 20:33:22,137] {scheduler_job.py:643} INFO - DAG(s) dict_keys(['example_trigger_controller_dag']) retrieved from /home/airflow/sandbox/lib/python3.8/site-packages/airflow/example_dags/example_trigger_controller_dag.py
[2022-01-03 20:33:22,238] {logging_mixin.py:104} INFO - [2022-01-03 20:33:22,238] {dag.py:1832} INFO - Sync 1 DAGs
[2022-01-03 20:33:22,330] {logging_mixin.py:104} INFO - [2022-01-03 20:33:22,330] {dag.py:2305} INFO - Setting next_dagrun for example_trigger_controller_dag to 2022-01-01 00:00:00+00:00
[2022-01-03 20:33:22,380] {scheduler_job.py:190} INFO - Processing /home/airflow/sandbox/lib/python3.8/site-packages/airflow/example_dags/example_trigger_controller_dag.py took 0.264 seconds
[2022-01-03 20:33:53,738] {scheduler_job.py:182} INFO - Started process (PID=10239) to work on /home/airflow/sandbox/lib/python3.8/site-packages/airflow/example_dags/example_trigger_controller_dag.py
[2022-01-03 20:33:53,741] {scheduler_job.py:633} INFO - Processing file /home/airflow/sandbox/lib/python3.8/site-packages/airflow/example_dags/example_trigger_controller_dag.py for tasks to queue
[2022-01-03 20:33:53,741] {logging_mixin.py:104} INFO - [2022-01-03 20:33:53,741] {dagbag.py:487} INFO - Filling up the DagBag from /home/airflow/sandbox/lib/python3.8/site-packages/airflow/example_dags/example_trigger_controller_dag.py
[2022-01-03 20:33:53,866] {scheduler_job.py:643} INFO - DAG(s) dict_keys(['example_trigger_controller_dag']) retrieved from /home/airflow/sandbox/lib/python3.8/site-packages/airflow/example_dags/example_trigger_controller_dag.py
[2022-01-03 20:33:53,965] {logging_mixin.py:104} INFO - [2022-01-03 20:33:53,965] {dag.py:1832} INFO - Sync 1 DAGs
[2022-01-03 20:33:54,015] {logging_mixin.py:104} INFO - [2022-01-03 20:33:54,015] {dag.py:2305} INFO - Setting next_dagrun for example_trigger_controller_dag to 2022-01-01 00:00:00+00:00
[2022-01-03 20:33:54,030] {scheduler_job.py:190} INFO - Processing /home/airflow/sandbox/lib/python3.8/site-packages/airflow/example_dags/example_trigger_controller_dag.py took 0.337 seconds
[2022-01-03 20:34:26,830] {scheduler_job.py:182} INFO - Started process (PID=11258) to work on /home/airflow/sandbox/lib/python3.8/site-packages/airflow/example_dags/example_trigger_controller_dag.py
[2022-01-03 20:34:26,865] {scheduler_job.py:633} INFO - Processing file /home/airflow/sandbox/lib/python3.8/site-packages/airflow/example_dags/example_trigger_controller_dag.py for tasks to queue
[2022-01-03 20:34:26,866] {logging_mixin.py:104} INFO - [2022-01-03 20:34:26,866] {dagbag.py:487} INFO - Filling up the DagBag from /home/airflow/sandbox/lib/python3.8/site-packages/airflow/example_dags/example_trigger_controller_dag.py
[2022-01-03 20:34:26,914] {scheduler_job.py:643} INFO - DAG(s) dict_keys(['example_trigger_controller_dag']) retrieved from /home/airflow/sandbox/lib/python3.8/site-packages/airflow/example_dags/example_trigger_controller_dag.py
[2022-01-03 20:34:27,173] {logging_mixin.py:104} INFO - [2022-01-03 20:34:27,173] {dag.py:1832} INFO - Sync 1 DAGs
[2022-01-03 20:34:27,464] {logging_mixin.py:104} INFO - [2022-01-03 20:34:27,464] {dag.py:2305} INFO - Setting next_dagrun for example_trigger_controller_dag to 2022-01-01 00:00:00+00:00
[2022-01-03 20:34:27,618] {scheduler_job.py:190} INFO - Processing /home/airflow/sandbox/lib/python3.8/site-packages/airflow/example_dags/example_trigger_controller_dag.py took 0.831 seconds
[2022-01-03 20:34:58,279] {scheduler_job.py:182} INFO - Started process (PID=11751) to work on /home/airflow/sandbox/lib/python3.8/site-packages/airflow/example_dags/example_trigger_controller_dag.py
[2022-01-03 20:34:58,281] {scheduler_job.py:633} INFO - Processing file /home/airflow/sandbox/lib/python3.8/site-packages/airflow/example_dags/example_trigger_controller_dag.py for tasks to queue
[2022-01-03 20:34:58,281] {logging_mixin.py:104} INFO - [2022-01-03 20:34:58,281] {dagbag.py:487} INFO - Filling up the DagBag from /home/airflow/sandbox/lib/python3.8/site-packages/airflow/example_dags/example_trigger_controller_dag.py
[2022-01-03 20:34:58,321] {scheduler_job.py:643} INFO - DAG(s) dict_keys(['example_trigger_controller_dag']) retrieved from /home/airflow/sandbox/lib/python3.8/site-packages/airflow/example_dags/example_trigger_controller_dag.py
[2022-01-03 20:34:58,469] {logging_mixin.py:104} INFO - [2022-01-03 20:34:58,469] {dag.py:1832} INFO - Sync 1 DAGs
[2022-01-03 20:34:58,484] {logging_mixin.py:104} INFO - [2022-01-03 20:34:58,484] {dag.py:2305} INFO - Setting next_dagrun for example_trigger_controller_dag to 2022-01-01 00:00:00+00:00
[2022-01-03 20:34:58,521] {scheduler_job.py:190} INFO - Processing /home/airflow/sandbox/lib/python3.8/site-packages/airflow/example_dags/example_trigger_controller_dag.py took 0.249 seconds
[2022-01-03 20:35:28,778] {scheduler_job.py:182} INFO - Started process (PID=11948) to work on /home/airflow/sandbox/lib/python3.8/site-packages/airflow/example_dags/example_trigger_controller_dag.py
[2022-01-03 20:35:28,782] {scheduler_job.py:633} INFO - Processing file /home/airflow/sandbox/lib/python3.8/site-packages/airflow/example_dags/example_trigger_controller_dag.py for tasks to queue
[2022-01-03 20:35:28,784] {logging_mixin.py:104} INFO - [2022-01-03 20:35:28,784] {dagbag.py:487} INFO - Filling up the DagBag from /home/airflow/sandbox/lib/python3.8/site-packages/airflow/example_dags/example_trigger_controller_dag.py
[2022-01-03 20:35:28,830] {scheduler_job.py:643} INFO - DAG(s) dict_keys(['example_trigger_controller_dag']) retrieved from /home/airflow/sandbox/lib/python3.8/site-packages/airflow/example_dags/example_trigger_controller_dag.py
[2022-01-03 20:35:28,960] {logging_mixin.py:104} INFO - [2022-01-03 20:35:28,960] {dag.py:1832} INFO - Sync 1 DAGs
[2022-01-03 20:35:29,031] {logging_mixin.py:104} INFO - [2022-01-03 20:35:29,030] {dag.py:2305} INFO - Setting next_dagrun for example_trigger_controller_dag to 2022-01-01 00:00:00+00:00
[2022-01-03 20:35:29,080] {scheduler_job.py:190} INFO - Processing /home/airflow/sandbox/lib/python3.8/site-packages/airflow/example_dags/example_trigger_controller_dag.py took 0.316 seconds
[2022-01-03 20:35:59,714] {scheduler_job.py:182} INFO - Started process (PID=12147) to work on /home/airflow/sandbox/lib/python3.8/site-packages/airflow/example_dags/example_trigger_controller_dag.py
[2022-01-03 20:35:59,720] {scheduler_job.py:633} INFO - Processing file /home/airflow/sandbox/lib/python3.8/site-packages/airflow/example_dags/example_trigger_controller_dag.py for tasks to queue
[2022-01-03 20:35:59,721] {logging_mixin.py:104} INFO - [2022-01-03 20:35:59,721] {dagbag.py:487} INFO - Filling up the DagBag from /home/airflow/sandbox/lib/python3.8/site-packages/airflow/example_dags/example_trigger_controller_dag.py
[2022-01-03 20:35:59,738] {scheduler_job.py:643} INFO - DAG(s) dict_keys(['example_trigger_controller_dag']) retrieved from /home/airflow/sandbox/lib/python3.8/site-packages/airflow/example_dags/example_trigger_controller_dag.py
[2022-01-03 20:35:59,823] {logging_mixin.py:104} INFO - [2022-01-03 20:35:59,823] {dag.py:1832} INFO - Sync 1 DAGs
[2022-01-03 20:35:59,926] {logging_mixin.py:104} INFO - [2022-01-03 20:35:59,920] {dag.py:2305} INFO - Setting next_dagrun for example_trigger_controller_dag to 2022-01-01 00:00:00+00:00
[2022-01-03 20:35:59,959] {scheduler_job.py:190} INFO - Processing /home/airflow/sandbox/lib/python3.8/site-packages/airflow/example_dags/example_trigger_controller_dag.py took 0.319 seconds
[2022-01-03 20:36:30,173] {scheduler_job.py:182} INFO - Started process (PID=12338) to work on /home/airflow/sandbox/lib/python3.8/site-packages/airflow/example_dags/example_trigger_controller_dag.py
[2022-01-03 20:36:30,177] {scheduler_job.py:633} INFO - Processing file /home/airflow/sandbox/lib/python3.8/site-packages/airflow/example_dags/example_trigger_controller_dag.py for tasks to queue
[2022-01-03 20:36:30,180] {logging_mixin.py:104} INFO - [2022-01-03 20:36:30,180] {dagbag.py:487} INFO - Filling up the DagBag from /home/airflow/sandbox/lib/python3.8/site-packages/airflow/example_dags/example_trigger_controller_dag.py
[2022-01-03 20:36:30,285] {scheduler_job.py:643} INFO - DAG(s) dict_keys(['example_trigger_controller_dag']) retrieved from /home/airflow/sandbox/lib/python3.8/site-packages/airflow/example_dags/example_trigger_controller_dag.py
[2022-01-03 20:36:30,418] {logging_mixin.py:104} INFO - [2022-01-03 20:36:30,418] {dag.py:1832} INFO - Sync 1 DAGs
[2022-01-03 20:36:30,520] {logging_mixin.py:104} INFO - [2022-01-03 20:36:30,520] {dag.py:2305} INFO - Setting next_dagrun for example_trigger_controller_dag to 2022-01-01 00:00:00+00:00
[2022-01-03 20:36:30,572] {scheduler_job.py:190} INFO - Processing /home/airflow/sandbox/lib/python3.8/site-packages/airflow/example_dags/example_trigger_controller_dag.py took 0.413 seconds
[2022-01-03 20:37:00,664] {scheduler_job.py:182} INFO - Started process (PID=12542) to work on /home/airflow/sandbox/lib/python3.8/site-packages/airflow/example_dags/example_trigger_controller_dag.py
[2022-01-03 20:37:00,666] {scheduler_job.py:633} INFO - Processing file /home/airflow/sandbox/lib/python3.8/site-packages/airflow/example_dags/example_trigger_controller_dag.py for tasks to queue
[2022-01-03 20:37:00,667] {logging_mixin.py:104} INFO - [2022-01-03 20:37:00,667] {dagbag.py:487} INFO - Filling up the DagBag from /home/airflow/sandbox/lib/python3.8/site-packages/airflow/example_dags/example_trigger_controller_dag.py
[2022-01-03 20:37:00,681] {scheduler_job.py:643} INFO - DAG(s) dict_keys(['example_trigger_controller_dag']) retrieved from /home/airflow/sandbox/lib/python3.8/site-packages/airflow/example_dags/example_trigger_controller_dag.py
[2022-01-03 20:37:00,731] {logging_mixin.py:104} INFO - [2022-01-03 20:37:00,731] {dag.py:1832} INFO - Sync 1 DAGs
[2022-01-03 20:37:00,769] {logging_mixin.py:104} INFO - [2022-01-03 20:37:00,769] {dag.py:2305} INFO - Setting next_dagrun for example_trigger_controller_dag to 2022-01-01 00:00:00+00:00
[2022-01-03 20:37:00,781] {scheduler_job.py:190} INFO - Processing /home/airflow/sandbox/lib/python3.8/site-packages/airflow/example_dags/example_trigger_controller_dag.py took 0.122 seconds
[2022-01-03 20:37:31,469] {scheduler_job.py:182} INFO - Started process (PID=12739) to work on /home/airflow/sandbox/lib/python3.8/site-packages/airflow/example_dags/example_trigger_controller_dag.py
[2022-01-03 20:37:31,470] {scheduler_job.py:633} INFO - Processing file /home/airflow/sandbox/lib/python3.8/site-packages/airflow/example_dags/example_trigger_controller_dag.py for tasks to queue
[2022-01-03 20:37:31,472] {logging_mixin.py:104} INFO - [2022-01-03 20:37:31,472] {dagbag.py:487} INFO - Filling up the DagBag from /home/airflow/sandbox/lib/python3.8/site-packages/airflow/example_dags/example_trigger_controller_dag.py
[2022-01-03 20:37:31,501] {scheduler_job.py:643} INFO - DAG(s) dict_keys(['example_trigger_controller_dag']) retrieved from /home/airflow/sandbox/lib/python3.8/site-packages/airflow/example_dags/example_trigger_controller_dag.py
[2022-01-03 20:37:31,573] {logging_mixin.py:104} INFO - [2022-01-03 20:37:31,572] {dag.py:1832} INFO - Sync 1 DAGs
[2022-01-03 20:37:31,626] {logging_mixin.py:104} INFO - [2022-01-03 20:37:31,626] {dag.py:2305} INFO - Setting next_dagrun for example_trigger_controller_dag to 2022-01-01 00:00:00+00:00
[2022-01-03 20:37:31,705] {scheduler_job.py:190} INFO - Processing /home/airflow/sandbox/lib/python3.8/site-packages/airflow/example_dags/example_trigger_controller_dag.py took 0.270 seconds
[2022-01-03 20:38:01,820] {scheduler_job.py:182} INFO - Started process (PID=13176) to work on /home/airflow/sandbox/lib/python3.8/site-packages/airflow/example_dags/example_trigger_controller_dag.py
[2022-01-03 20:38:01,823] {scheduler_job.py:633} INFO - Processing file /home/airflow/sandbox/lib/python3.8/site-packages/airflow/example_dags/example_trigger_controller_dag.py for tasks to queue
[2022-01-03 20:38:01,827] {logging_mixin.py:104} INFO - [2022-01-03 20:38:01,827] {dagbag.py:487} INFO - Filling up the DagBag from /home/airflow/sandbox/lib/python3.8/site-packages/airflow/example_dags/example_trigger_controller_dag.py
[2022-01-03 20:38:01,874] {scheduler_job.py:643} INFO - DAG(s) dict_keys(['example_trigger_controller_dag']) retrieved from /home/airflow/sandbox/lib/python3.8/site-packages/airflow/example_dags/example_trigger_controller_dag.py
[2022-01-03 20:38:01,922] {logging_mixin.py:104} INFO - [2022-01-03 20:38:01,922] {dag.py:1832} INFO - Sync 1 DAGs
[2022-01-03 20:38:01,953] {logging_mixin.py:104} INFO - [2022-01-03 20:38:01,952] {dag.py:2305} INFO - Setting next_dagrun for example_trigger_controller_dag to 2022-01-01 00:00:00+00:00
[2022-01-03 20:38:01,965] {scheduler_job.py:190} INFO - Processing /home/airflow/sandbox/lib/python3.8/site-packages/airflow/example_dags/example_trigger_controller_dag.py took 0.158 seconds
[2022-01-03 20:38:32,474] {scheduler_job.py:182} INFO - Started process (PID=13376) to work on /home/airflow/sandbox/lib/python3.8/site-packages/airflow/example_dags/example_trigger_controller_dag.py
[2022-01-03 20:38:32,478] {scheduler_job.py:633} INFO - Processing file /home/airflow/sandbox/lib/python3.8/site-packages/airflow/example_dags/example_trigger_controller_dag.py for tasks to queue
[2022-01-03 20:38:32,483] {logging_mixin.py:104} INFO - [2022-01-03 20:38:32,483] {dagbag.py:487} INFO - Filling up the DagBag from /home/airflow/sandbox/lib/python3.8/site-packages/airflow/example_dags/example_trigger_controller_dag.py
[2022-01-03 20:38:32,521] {scheduler_job.py:643} INFO - DAG(s) dict_keys(['example_trigger_controller_dag']) retrieved from /home/airflow/sandbox/lib/python3.8/site-packages/airflow/example_dags/example_trigger_controller_dag.py
[2022-01-03 20:38:32,567] {logging_mixin.py:104} INFO - [2022-01-03 20:38:32,566] {dag.py:1832} INFO - Sync 1 DAGs
[2022-01-03 20:38:32,582] {logging_mixin.py:104} INFO - [2022-01-03 20:38:32,581] {dag.py:2305} INFO - Setting next_dagrun for example_trigger_controller_dag to 2022-01-01 00:00:00+00:00
[2022-01-03 20:38:32,602] {scheduler_job.py:190} INFO - Processing /home/airflow/sandbox/lib/python3.8/site-packages/airflow/example_dags/example_trigger_controller_dag.py took 0.132 seconds
[2022-01-03 20:39:02,812] {scheduler_job.py:182} INFO - Started process (PID=13575) to work on /home/airflow/sandbox/lib/python3.8/site-packages/airflow/example_dags/example_trigger_controller_dag.py
[2022-01-03 20:39:02,815] {scheduler_job.py:633} INFO - Processing file /home/airflow/sandbox/lib/python3.8/site-packages/airflow/example_dags/example_trigger_controller_dag.py for tasks to queue
[2022-01-03 20:39:02,819] {logging_mixin.py:104} INFO - [2022-01-03 20:39:02,819] {dagbag.py:487} INFO - Filling up the DagBag from /home/airflow/sandbox/lib/python3.8/site-packages/airflow/example_dags/example_trigger_controller_dag.py
[2022-01-03 20:39:02,844] {scheduler_job.py:643} INFO - DAG(s) dict_keys(['example_trigger_controller_dag']) retrieved from /home/airflow/sandbox/lib/python3.8/site-packages/airflow/example_dags/example_trigger_controller_dag.py
[2022-01-03 20:39:02,894] {logging_mixin.py:104} INFO - [2022-01-03 20:39:02,894] {dag.py:1832} INFO - Sync 1 DAGs
[2022-01-03 20:39:02,918] {logging_mixin.py:104} INFO - [2022-01-03 20:39:02,917] {dag.py:2305} INFO - Setting next_dagrun for example_trigger_controller_dag to 2022-01-01 00:00:00+00:00
[2022-01-03 20:39:02,929] {scheduler_job.py:190} INFO - Processing /home/airflow/sandbox/lib/python3.8/site-packages/airflow/example_dags/example_trigger_controller_dag.py took 0.132 seconds
[2022-01-03 20:39:33,296] {scheduler_job.py:182} INFO - Started process (PID=13774) to work on /home/airflow/sandbox/lib/python3.8/site-packages/airflow/example_dags/example_trigger_controller_dag.py
[2022-01-03 20:39:33,299] {scheduler_job.py:633} INFO - Processing file /home/airflow/sandbox/lib/python3.8/site-packages/airflow/example_dags/example_trigger_controller_dag.py for tasks to queue
[2022-01-03 20:39:33,300] {logging_mixin.py:104} INFO - [2022-01-03 20:39:33,300] {dagbag.py:487} INFO - Filling up the DagBag from /home/airflow/sandbox/lib/python3.8/site-packages/airflow/example_dags/example_trigger_controller_dag.py
[2022-01-03 20:39:33,350] {scheduler_job.py:643} INFO - DAG(s) dict_keys(['example_trigger_controller_dag']) retrieved from /home/airflow/sandbox/lib/python3.8/site-packages/airflow/example_dags/example_trigger_controller_dag.py
[2022-01-03 20:39:33,409] {logging_mixin.py:104} INFO - [2022-01-03 20:39:33,409] {dag.py:1832} INFO - Sync 1 DAGs
[2022-01-03 20:39:33,426] {logging_mixin.py:104} INFO - [2022-01-03 20:39:33,426] {dag.py:2305} INFO - Setting next_dagrun for example_trigger_controller_dag to 2022-01-01 00:00:00+00:00
[2022-01-03 20:39:33,456] {scheduler_job.py:190} INFO - Processing /home/airflow/sandbox/lib/python3.8/site-packages/airflow/example_dags/example_trigger_controller_dag.py took 0.177 seconds
[2022-01-03 20:40:04,411] {scheduler_job.py:182} INFO - Started process (PID=13973) to work on /home/airflow/sandbox/lib/python3.8/site-packages/airflow/example_dags/example_trigger_controller_dag.py
[2022-01-03 20:40:04,413] {scheduler_job.py:633} INFO - Processing file /home/airflow/sandbox/lib/python3.8/site-packages/airflow/example_dags/example_trigger_controller_dag.py for tasks to queue
[2022-01-03 20:40:04,414] {logging_mixin.py:104} INFO - [2022-01-03 20:40:04,413] {dagbag.py:487} INFO - Filling up the DagBag from /home/airflow/sandbox/lib/python3.8/site-packages/airflow/example_dags/example_trigger_controller_dag.py
[2022-01-03 20:40:04,451] {scheduler_job.py:643} INFO - DAG(s) dict_keys(['example_trigger_controller_dag']) retrieved from /home/airflow/sandbox/lib/python3.8/site-packages/airflow/example_dags/example_trigger_controller_dag.py
[2022-01-03 20:40:04,504] {logging_mixin.py:104} INFO - [2022-01-03 20:40:04,504] {dag.py:1832} INFO - Sync 1 DAGs
[2022-01-03 20:40:04,521] {logging_mixin.py:104} INFO - [2022-01-03 20:40:04,521] {dag.py:2305} INFO - Setting next_dagrun for example_trigger_controller_dag to 2022-01-01 00:00:00+00:00
[2022-01-03 20:40:04,551] {scheduler_job.py:190} INFO - Processing /home/airflow/sandbox/lib/python3.8/site-packages/airflow/example_dags/example_trigger_controller_dag.py took 0.154 seconds
[2022-01-03 20:40:34,717] {scheduler_job.py:182} INFO - Started process (PID=14174) to work on /home/airflow/sandbox/lib/python3.8/site-packages/airflow/example_dags/example_trigger_controller_dag.py
[2022-01-03 20:40:34,719] {scheduler_job.py:633} INFO - Processing file /home/airflow/sandbox/lib/python3.8/site-packages/airflow/example_dags/example_trigger_controller_dag.py for tasks to queue
[2022-01-03 20:40:34,721] {logging_mixin.py:104} INFO - [2022-01-03 20:40:34,721] {dagbag.py:487} INFO - Filling up the DagBag from /home/airflow/sandbox/lib/python3.8/site-packages/airflow/example_dags/example_trigger_controller_dag.py
[2022-01-03 20:40:34,747] {scheduler_job.py:643} INFO - DAG(s) dict_keys(['example_trigger_controller_dag']) retrieved from /home/airflow/sandbox/lib/python3.8/site-packages/airflow/example_dags/example_trigger_controller_dag.py
[2022-01-03 20:40:34,778] {logging_mixin.py:104} INFO - [2022-01-03 20:40:34,778] {dag.py:1832} INFO - Sync 1 DAGs
[2022-01-03 20:40:34,814] {logging_mixin.py:104} INFO - [2022-01-03 20:40:34,813] {dag.py:2305} INFO - Setting next_dagrun for example_trigger_controller_dag to 2022-01-01 00:00:00+00:00
[2022-01-03 20:40:34,847] {scheduler_job.py:190} INFO - Processing /home/airflow/sandbox/lib/python3.8/site-packages/airflow/example_dags/example_trigger_controller_dag.py took 0.138 seconds
[2022-01-03 20:41:05,217] {scheduler_job.py:182} INFO - Started process (PID=14371) to work on /home/airflow/sandbox/lib/python3.8/site-packages/airflow/example_dags/example_trigger_controller_dag.py
[2022-01-03 20:41:05,218] {scheduler_job.py:633} INFO - Processing file /home/airflow/sandbox/lib/python3.8/site-packages/airflow/example_dags/example_trigger_controller_dag.py for tasks to queue
[2022-01-03 20:41:05,219] {logging_mixin.py:104} INFO - [2022-01-03 20:41:05,218] {dagbag.py:487} INFO - Filling up the DagBag from /home/airflow/sandbox/lib/python3.8/site-packages/airflow/example_dags/example_trigger_controller_dag.py
[2022-01-03 20:41:05,257] {scheduler_job.py:643} INFO - DAG(s) dict_keys(['example_trigger_controller_dag']) retrieved from /home/airflow/sandbox/lib/python3.8/site-packages/airflow/example_dags/example_trigger_controller_dag.py
[2022-01-03 20:41:05,306] {logging_mixin.py:104} INFO - [2022-01-03 20:41:05,306] {dag.py:1832} INFO - Sync 1 DAGs
[2022-01-03 20:41:05,320] {logging_mixin.py:104} INFO - [2022-01-03 20:41:05,319] {dag.py:2305} INFO - Setting next_dagrun for example_trigger_controller_dag to 2022-01-01 00:00:00+00:00
[2022-01-03 20:41:05,347] {scheduler_job.py:190} INFO - Processing /home/airflow/sandbox/lib/python3.8/site-packages/airflow/example_dags/example_trigger_controller_dag.py took 0.142 seconds
[2022-01-03 20:41:35,451] {scheduler_job.py:182} INFO - Started process (PID=14568) to work on /home/airflow/sandbox/lib/python3.8/site-packages/airflow/example_dags/example_trigger_controller_dag.py
[2022-01-03 20:41:35,453] {scheduler_job.py:633} INFO - Processing file /home/airflow/sandbox/lib/python3.8/site-packages/airflow/example_dags/example_trigger_controller_dag.py for tasks to queue
[2022-01-03 20:41:35,454] {logging_mixin.py:104} INFO - [2022-01-03 20:41:35,454] {dagbag.py:487} INFO - Filling up the DagBag from /home/airflow/sandbox/lib/python3.8/site-packages/airflow/example_dags/example_trigger_controller_dag.py
[2022-01-03 20:41:35,471] {scheduler_job.py:643} INFO - DAG(s) dict_keys(['example_trigger_controller_dag']) retrieved from /home/airflow/sandbox/lib/python3.8/site-packages/airflow/example_dags/example_trigger_controller_dag.py
[2022-01-03 20:41:35,592] {logging_mixin.py:104} INFO - [2022-01-03 20:41:35,592] {dag.py:1832} INFO - Sync 1 DAGs
[2022-01-03 20:41:35,641] {logging_mixin.py:104} INFO - [2022-01-03 20:41:35,640] {dag.py:2305} INFO - Setting next_dagrun for example_trigger_controller_dag to 2022-01-01 00:00:00+00:00
[2022-01-03 20:41:35,660] {scheduler_job.py:190} INFO - Processing /home/airflow/sandbox/lib/python3.8/site-packages/airflow/example_dags/example_trigger_controller_dag.py took 0.215 seconds
[2022-01-03 20:42:06,654] {scheduler_job.py:182} INFO - Started process (PID=14770) to work on /home/airflow/sandbox/lib/python3.8/site-packages/airflow/example_dags/example_trigger_controller_dag.py
[2022-01-03 20:42:06,655] {scheduler_job.py:633} INFO - Processing file /home/airflow/sandbox/lib/python3.8/site-packages/airflow/example_dags/example_trigger_controller_dag.py for tasks to queue
[2022-01-03 20:42:06,655] {logging_mixin.py:104} INFO - [2022-01-03 20:42:06,655] {dagbag.py:487} INFO - Filling up the DagBag from /home/airflow/sandbox/lib/python3.8/site-packages/airflow/example_dags/example_trigger_controller_dag.py
[2022-01-03 20:42:06,724] {scheduler_job.py:643} INFO - DAG(s) dict_keys(['example_trigger_controller_dag']) retrieved from /home/airflow/sandbox/lib/python3.8/site-packages/airflow/example_dags/example_trigger_controller_dag.py
[2022-01-03 20:42:06,818] {logging_mixin.py:104} INFO - [2022-01-03 20:42:06,818] {dag.py:1832} INFO - Sync 1 DAGs
[2022-01-03 20:42:06,848] {logging_mixin.py:104} INFO - [2022-01-03 20:42:06,847] {dag.py:2305} INFO - Setting next_dagrun for example_trigger_controller_dag to 2022-01-01 00:00:00+00:00
[2022-01-03 20:42:06,862] {scheduler_job.py:190} INFO - Processing /home/airflow/sandbox/lib/python3.8/site-packages/airflow/example_dags/example_trigger_controller_dag.py took 0.219 seconds
[2022-01-03 20:42:36,985] {scheduler_job.py:182} INFO - Started process (PID=14967) to work on /home/airflow/sandbox/lib/python3.8/site-packages/airflow/example_dags/example_trigger_controller_dag.py
[2022-01-03 20:42:36,987] {scheduler_job.py:633} INFO - Processing file /home/airflow/sandbox/lib/python3.8/site-packages/airflow/example_dags/example_trigger_controller_dag.py for tasks to queue
[2022-01-03 20:42:36,988] {logging_mixin.py:104} INFO - [2022-01-03 20:42:36,988] {dagbag.py:487} INFO - Filling up the DagBag from /home/airflow/sandbox/lib/python3.8/site-packages/airflow/example_dags/example_trigger_controller_dag.py
[2022-01-03 20:42:37,041] {scheduler_job.py:643} INFO - DAG(s) dict_keys(['example_trigger_controller_dag']) retrieved from /home/airflow/sandbox/lib/python3.8/site-packages/airflow/example_dags/example_trigger_controller_dag.py
[2022-01-03 20:42:37,095] {logging_mixin.py:104} INFO - [2022-01-03 20:42:37,095] {dag.py:1832} INFO - Sync 1 DAGs
[2022-01-03 20:42:37,144] {logging_mixin.py:104} INFO - [2022-01-03 20:42:37,144] {dag.py:2305} INFO - Setting next_dagrun for example_trigger_controller_dag to 2022-01-01 00:00:00+00:00
[2022-01-03 20:42:37,170] {scheduler_job.py:190} INFO - Processing /home/airflow/sandbox/lib/python3.8/site-packages/airflow/example_dags/example_trigger_controller_dag.py took 0.201 seconds
[2022-01-03 20:43:07,445] {scheduler_job.py:182} INFO - Started process (PID=15407) to work on /home/airflow/sandbox/lib/python3.8/site-packages/airflow/example_dags/example_trigger_controller_dag.py
[2022-01-03 20:43:07,448] {scheduler_job.py:633} INFO - Processing file /home/airflow/sandbox/lib/python3.8/site-packages/airflow/example_dags/example_trigger_controller_dag.py for tasks to queue
[2022-01-03 20:43:07,449] {logging_mixin.py:104} INFO - [2022-01-03 20:43:07,449] {dagbag.py:487} INFO - Filling up the DagBag from /home/airflow/sandbox/lib/python3.8/site-packages/airflow/example_dags/example_trigger_controller_dag.py
[2022-01-03 20:43:07,495] {scheduler_job.py:643} INFO - DAG(s) dict_keys(['example_trigger_controller_dag']) retrieved from /home/airflow/sandbox/lib/python3.8/site-packages/airflow/example_dags/example_trigger_controller_dag.py
[2022-01-03 20:43:07,586] {logging_mixin.py:104} INFO - [2022-01-03 20:43:07,586] {dag.py:1832} INFO - Sync 1 DAGs
[2022-01-03 20:43:07,893] {logging_mixin.py:104} INFO - [2022-01-03 20:43:07,893] {dag.py:2305} INFO - Setting next_dagrun for example_trigger_controller_dag to 2022-01-01 00:00:00+00:00
[2022-01-03 20:43:07,952] {scheduler_job.py:190} INFO - Processing /home/airflow/sandbox/lib/python3.8/site-packages/airflow/example_dags/example_trigger_controller_dag.py took 0.512 seconds
[2022-01-03 20:43:38,690] {scheduler_job.py:182} INFO - Started process (PID=15607) to work on /home/airflow/sandbox/lib/python3.8/site-packages/airflow/example_dags/example_trigger_controller_dag.py
[2022-01-03 20:43:38,691] {scheduler_job.py:633} INFO - Processing file /home/airflow/sandbox/lib/python3.8/site-packages/airflow/example_dags/example_trigger_controller_dag.py for tasks to queue
[2022-01-03 20:43:38,691] {logging_mixin.py:104} INFO - [2022-01-03 20:43:38,691] {dagbag.py:487} INFO - Filling up the DagBag from /home/airflow/sandbox/lib/python3.8/site-packages/airflow/example_dags/example_trigger_controller_dag.py
[2022-01-03 20:43:38,711] {scheduler_job.py:643} INFO - DAG(s) dict_keys(['example_trigger_controller_dag']) retrieved from /home/airflow/sandbox/lib/python3.8/site-packages/airflow/example_dags/example_trigger_controller_dag.py
[2022-01-03 20:43:38,832] {logging_mixin.py:104} INFO - [2022-01-03 20:43:38,832] {dag.py:1832} INFO - Sync 1 DAGs
[2022-01-03 20:43:39,120] {logging_mixin.py:104} INFO - [2022-01-03 20:43:39,120] {dag.py:2305} INFO - Setting next_dagrun for example_trigger_controller_dag to 2022-01-01 00:00:00+00:00
[2022-01-03 20:43:39,182] {scheduler_job.py:190} INFO - Processing /home/airflow/sandbox/lib/python3.8/site-packages/airflow/example_dags/example_trigger_controller_dag.py took 0.500 seconds
[2022-01-03 20:44:09,380] {scheduler_job.py:182} INFO - Started process (PID=15806) to work on /home/airflow/sandbox/lib/python3.8/site-packages/airflow/example_dags/example_trigger_controller_dag.py
[2022-01-03 20:44:09,381] {scheduler_job.py:633} INFO - Processing file /home/airflow/sandbox/lib/python3.8/site-packages/airflow/example_dags/example_trigger_controller_dag.py for tasks to queue
[2022-01-03 20:44:09,381] {logging_mixin.py:104} INFO - [2022-01-03 20:44:09,381] {dagbag.py:487} INFO - Filling up the DagBag from /home/airflow/sandbox/lib/python3.8/site-packages/airflow/example_dags/example_trigger_controller_dag.py
[2022-01-03 20:44:09,402] {scheduler_job.py:643} INFO - DAG(s) dict_keys(['example_trigger_controller_dag']) retrieved from /home/airflow/sandbox/lib/python3.8/site-packages/airflow/example_dags/example_trigger_controller_dag.py
[2022-01-03 20:44:09,596] {logging_mixin.py:104} INFO - [2022-01-03 20:44:09,595] {dag.py:1832} INFO - Sync 1 DAGs
[2022-01-03 20:44:09,810] {logging_mixin.py:104} INFO - [2022-01-03 20:44:09,809] {dag.py:2305} INFO - Setting next_dagrun for example_trigger_controller_dag to 2022-01-01 00:00:00+00:00
[2022-01-03 20:44:09,835] {scheduler_job.py:190} INFO - Processing /home/airflow/sandbox/lib/python3.8/site-packages/airflow/example_dags/example_trigger_controller_dag.py took 0.469 seconds
[2022-01-03 20:44:40,315] {scheduler_job.py:182} INFO - Started process (PID=16008) to work on /home/airflow/sandbox/lib/python3.8/site-packages/airflow/example_dags/example_trigger_controller_dag.py
[2022-01-03 20:44:40,333] {scheduler_job.py:633} INFO - Processing file /home/airflow/sandbox/lib/python3.8/site-packages/airflow/example_dags/example_trigger_controller_dag.py for tasks to queue
[2022-01-03 20:44:40,334] {logging_mixin.py:104} INFO - [2022-01-03 20:44:40,334] {dagbag.py:487} INFO - Filling up the DagBag from /home/airflow/sandbox/lib/python3.8/site-packages/airflow/example_dags/example_trigger_controller_dag.py
[2022-01-03 20:44:40,343] {scheduler_job.py:643} INFO - DAG(s) dict_keys(['example_trigger_controller_dag']) retrieved from /home/airflow/sandbox/lib/python3.8/site-packages/airflow/example_dags/example_trigger_controller_dag.py
[2022-01-03 20:44:40,450] {logging_mixin.py:104} INFO - [2022-01-03 20:44:40,450] {dag.py:1832} INFO - Sync 1 DAGs
[2022-01-03 20:44:40,690] {logging_mixin.py:104} INFO - [2022-01-03 20:44:40,690] {dag.py:2305} INFO - Setting next_dagrun for example_trigger_controller_dag to 2022-01-01 00:00:00+00:00
[2022-01-03 20:44:40,709] {scheduler_job.py:190} INFO - Processing /home/airflow/sandbox/lib/python3.8/site-packages/airflow/example_dags/example_trigger_controller_dag.py took 0.397 seconds
