[2022-01-03 20:19:38,496] {scheduler_job.py:182} INFO - Started process (PID=3367) to work on /home/airflow/sandbox/lib/python3.8/site-packages/airflow/example_dags/example_dag_decorator.py
[2022-01-03 20:19:38,498] {scheduler_job.py:633} INFO - Processing file /home/airflow/sandbox/lib/python3.8/site-packages/airflow/example_dags/example_dag_decorator.py for tasks to queue
[2022-01-03 20:19:38,500] {logging_mixin.py:104} INFO - [2022-01-03 20:19:38,499] {dagbag.py:487} INFO - Filling up the DagBag from /home/airflow/sandbox/lib/python3.8/site-packages/airflow/example_dags/example_dag_decorator.py
[2022-01-03 20:19:38,538] {scheduler_job.py:643} INFO - DAG(s) dict_keys(['example_dag_decorator']) retrieved from /home/airflow/sandbox/lib/python3.8/site-packages/airflow/example_dags/example_dag_decorator.py
[2022-01-03 20:19:39,191] {logging_mixin.py:104} INFO - [2022-01-03 20:19:39,191] {dag.py:1832} INFO - Sync 1 DAGs
[2022-01-03 20:19:39,199] {logging_mixin.py:104} INFO - [2022-01-03 20:19:39,199] {dag.py:2305} INFO - Setting next_dagrun for example_dag_decorator to None
[2022-01-03 20:19:39,233] {scheduler_job.py:190} INFO - Processing /home/airflow/sandbox/lib/python3.8/site-packages/airflow/example_dags/example_dag_decorator.py took 0.725 seconds
[2022-01-03 20:20:20,636] {scheduler_job.py:182} INFO - Started process (PID=3501) to work on /home/airflow/sandbox/lib/python3.8/site-packages/airflow/example_dags/example_dag_decorator.py
[2022-01-03 20:20:20,638] {scheduler_job.py:633} INFO - Processing file /home/airflow/sandbox/lib/python3.8/site-packages/airflow/example_dags/example_dag_decorator.py for tasks to queue
[2022-01-03 20:20:20,639] {logging_mixin.py:104} INFO - [2022-01-03 20:20:20,639] {dagbag.py:487} INFO - Filling up the DagBag from /home/airflow/sandbox/lib/python3.8/site-packages/airflow/example_dags/example_dag_decorator.py
[2022-01-03 20:20:20,685] {scheduler_job.py:643} INFO - DAG(s) dict_keys(['example_dag_decorator']) retrieved from /home/airflow/sandbox/lib/python3.8/site-packages/airflow/example_dags/example_dag_decorator.py
[2022-01-03 20:20:21,246] {logging_mixin.py:104} INFO - [2022-01-03 20:20:21,245] {dag.py:1832} INFO - Sync 1 DAGs
[2022-01-03 20:20:21,257] {logging_mixin.py:104} INFO - [2022-01-03 20:20:21,257] {dag.py:2305} INFO - Setting next_dagrun for example_dag_decorator to None
[2022-01-03 20:20:21,289] {scheduler_job.py:190} INFO - Processing /home/airflow/sandbox/lib/python3.8/site-packages/airflow/example_dags/example_dag_decorator.py took 0.672 seconds
[2022-01-03 20:21:05,412] {scheduler_job.py:182} INFO - Started process (PID=3537) to work on /home/airflow/sandbox/lib/python3.8/site-packages/airflow/example_dags/example_dag_decorator.py
[2022-01-03 20:21:05,413] {scheduler_job.py:633} INFO - Processing file /home/airflow/sandbox/lib/python3.8/site-packages/airflow/example_dags/example_dag_decorator.py for tasks to queue
[2022-01-03 20:21:05,414] {logging_mixin.py:104} INFO - [2022-01-03 20:21:05,414] {dagbag.py:487} INFO - Filling up the DagBag from /home/airflow/sandbox/lib/python3.8/site-packages/airflow/example_dags/example_dag_decorator.py
[2022-01-03 20:21:05,455] {scheduler_job.py:643} INFO - DAG(s) dict_keys(['example_dag_decorator']) retrieved from /home/airflow/sandbox/lib/python3.8/site-packages/airflow/example_dags/example_dag_decorator.py
[2022-01-03 20:21:06,047] {logging_mixin.py:104} INFO - [2022-01-03 20:21:06,047] {dag.py:1832} INFO - Sync 1 DAGs
[2022-01-03 20:21:06,057] {logging_mixin.py:104} INFO - [2022-01-03 20:21:06,057] {dag.py:2305} INFO - Setting next_dagrun for example_dag_decorator to None
[2022-01-03 20:21:06,091] {scheduler_job.py:190} INFO - Processing /home/airflow/sandbox/lib/python3.8/site-packages/airflow/example_dags/example_dag_decorator.py took 0.683 seconds
[2022-01-03 20:21:44,156] {scheduler_job.py:182} INFO - Started process (PID=3571) to work on /home/airflow/sandbox/lib/python3.8/site-packages/airflow/example_dags/example_dag_decorator.py
[2022-01-03 20:21:44,158] {scheduler_job.py:633} INFO - Processing file /home/airflow/sandbox/lib/python3.8/site-packages/airflow/example_dags/example_dag_decorator.py for tasks to queue
[2022-01-03 20:21:44,159] {logging_mixin.py:104} INFO - [2022-01-03 20:21:44,158] {dagbag.py:487} INFO - Filling up the DagBag from /home/airflow/sandbox/lib/python3.8/site-packages/airflow/example_dags/example_dag_decorator.py
[2022-01-03 20:21:44,192] {scheduler_job.py:643} INFO - DAG(s) dict_keys(['example_dag_decorator']) retrieved from /home/airflow/sandbox/lib/python3.8/site-packages/airflow/example_dags/example_dag_decorator.py
[2022-01-03 20:21:44,689] {logging_mixin.py:104} INFO - [2022-01-03 20:21:44,688] {dag.py:1832} INFO - Sync 1 DAGs
[2022-01-03 20:21:44,699] {logging_mixin.py:104} INFO - [2022-01-03 20:21:44,699] {dag.py:2305} INFO - Setting next_dagrun for example_dag_decorator to None
[2022-01-03 20:21:44,715] {scheduler_job.py:190} INFO - Processing /home/airflow/sandbox/lib/python3.8/site-packages/airflow/example_dags/example_dag_decorator.py took 0.570 seconds
[2022-01-03 20:22:30,328] {scheduler_job.py:182} INFO - Started process (PID=3651) to work on /home/airflow/sandbox/lib/python3.8/site-packages/airflow/example_dags/example_dag_decorator.py
[2022-01-03 20:22:30,329] {scheduler_job.py:633} INFO - Processing file /home/airflow/sandbox/lib/python3.8/site-packages/airflow/example_dags/example_dag_decorator.py for tasks to queue
[2022-01-03 20:22:30,329] {logging_mixin.py:104} INFO - [2022-01-03 20:22:30,329] {dagbag.py:487} INFO - Filling up the DagBag from /home/airflow/sandbox/lib/python3.8/site-packages/airflow/example_dags/example_dag_decorator.py
[2022-01-03 20:22:30,354] {scheduler_job.py:643} INFO - DAG(s) dict_keys(['example_dag_decorator']) retrieved from /home/airflow/sandbox/lib/python3.8/site-packages/airflow/example_dags/example_dag_decorator.py
[2022-01-03 20:22:30,804] {logging_mixin.py:104} INFO - [2022-01-03 20:22:30,803] {dag.py:1832} INFO - Sync 1 DAGs
[2022-01-03 20:22:30,830] {logging_mixin.py:104} INFO - [2022-01-03 20:22:30,830] {dag.py:2305} INFO - Setting next_dagrun for example_dag_decorator to None
[2022-01-03 20:22:30,845] {scheduler_job.py:190} INFO - Processing /home/airflow/sandbox/lib/python3.8/site-packages/airflow/example_dags/example_dag_decorator.py took 0.532 seconds
[2022-01-03 20:23:10,579] {scheduler_job.py:182} INFO - Started process (PID=3789) to work on /home/airflow/sandbox/lib/python3.8/site-packages/airflow/example_dags/example_dag_decorator.py
[2022-01-03 20:23:10,582] {scheduler_job.py:633} INFO - Processing file /home/airflow/sandbox/lib/python3.8/site-packages/airflow/example_dags/example_dag_decorator.py for tasks to queue
[2022-01-03 20:23:10,584] {logging_mixin.py:104} INFO - [2022-01-03 20:23:10,584] {dagbag.py:487} INFO - Filling up the DagBag from /home/airflow/sandbox/lib/python3.8/site-packages/airflow/example_dags/example_dag_decorator.py
[2022-01-03 20:23:10,609] {scheduler_job.py:643} INFO - DAG(s) dict_keys(['example_dag_decorator']) retrieved from /home/airflow/sandbox/lib/python3.8/site-packages/airflow/example_dags/example_dag_decorator.py
[2022-01-03 20:23:11,101] {logging_mixin.py:104} INFO - [2022-01-03 20:23:11,100] {dag.py:1832} INFO - Sync 1 DAGs
[2022-01-03 20:23:11,128] {logging_mixin.py:104} INFO - [2022-01-03 20:23:11,128] {dag.py:2305} INFO - Setting next_dagrun for example_dag_decorator to None
[2022-01-03 20:23:11,151] {scheduler_job.py:190} INFO - Processing /home/airflow/sandbox/lib/python3.8/site-packages/airflow/example_dags/example_dag_decorator.py took 0.592 seconds
[2022-01-03 20:23:57,578] {scheduler_job.py:182} INFO - Started process (PID=4349) to work on /home/airflow/sandbox/lib/python3.8/site-packages/airflow/example_dags/example_dag_decorator.py
[2022-01-03 20:23:57,580] {scheduler_job.py:633} INFO - Processing file /home/airflow/sandbox/lib/python3.8/site-packages/airflow/example_dags/example_dag_decorator.py for tasks to queue
[2022-01-03 20:23:57,581] {logging_mixin.py:104} INFO - [2022-01-03 20:23:57,581] {dagbag.py:487} INFO - Filling up the DagBag from /home/airflow/sandbox/lib/python3.8/site-packages/airflow/example_dags/example_dag_decorator.py
[2022-01-03 20:23:57,603] {scheduler_job.py:643} INFO - DAG(s) dict_keys(['example_dag_decorator']) retrieved from /home/airflow/sandbox/lib/python3.8/site-packages/airflow/example_dags/example_dag_decorator.py
[2022-01-03 20:23:58,061] {logging_mixin.py:104} INFO - [2022-01-03 20:23:58,061] {dag.py:1832} INFO - Sync 1 DAGs
[2022-01-03 20:23:58,083] {logging_mixin.py:104} INFO - [2022-01-03 20:23:58,083] {dag.py:2305} INFO - Setting next_dagrun for example_dag_decorator to None
[2022-01-03 20:23:58,094] {scheduler_job.py:190} INFO - Processing /home/airflow/sandbox/lib/python3.8/site-packages/airflow/example_dags/example_dag_decorator.py took 0.531 seconds
[2022-01-03 20:24:36,635] {scheduler_job.py:182} INFO - Started process (PID=4494) to work on /home/airflow/sandbox/lib/python3.8/site-packages/airflow/example_dags/example_dag_decorator.py
[2022-01-03 20:24:36,636] {scheduler_job.py:633} INFO - Processing file /home/airflow/sandbox/lib/python3.8/site-packages/airflow/example_dags/example_dag_decorator.py for tasks to queue
[2022-01-03 20:24:36,637] {logging_mixin.py:104} INFO - [2022-01-03 20:24:36,637] {dagbag.py:487} INFO - Filling up the DagBag from /home/airflow/sandbox/lib/python3.8/site-packages/airflow/example_dags/example_dag_decorator.py
[2022-01-03 20:24:36,653] {scheduler_job.py:643} INFO - DAG(s) dict_keys(['example_dag_decorator']) retrieved from /home/airflow/sandbox/lib/python3.8/site-packages/airflow/example_dags/example_dag_decorator.py
[2022-01-03 20:24:37,084] {logging_mixin.py:104} INFO - [2022-01-03 20:24:37,084] {dag.py:1832} INFO - Sync 1 DAGs
[2022-01-03 20:24:37,094] {logging_mixin.py:104} INFO - [2022-01-03 20:24:37,094] {dag.py:2305} INFO - Setting next_dagrun for example_dag_decorator to None
[2022-01-03 20:24:37,124] {scheduler_job.py:190} INFO - Processing /home/airflow/sandbox/lib/python3.8/site-packages/airflow/example_dags/example_dag_decorator.py took 0.492 seconds
[2022-01-03 20:25:23,207] {scheduler_job.py:182} INFO - Started process (PID=6232) to work on /home/airflow/sandbox/lib/python3.8/site-packages/airflow/example_dags/example_dag_decorator.py
[2022-01-03 20:25:23,231] {scheduler_job.py:633} INFO - Processing file /home/airflow/sandbox/lib/python3.8/site-packages/airflow/example_dags/example_dag_decorator.py for tasks to queue
[2022-01-03 20:25:23,232] {logging_mixin.py:104} INFO - [2022-01-03 20:25:23,232] {dagbag.py:487} INFO - Filling up the DagBag from /home/airflow/sandbox/lib/python3.8/site-packages/airflow/example_dags/example_dag_decorator.py
[2022-01-03 20:25:23,283] {scheduler_job.py:643} INFO - DAG(s) dict_keys(['example_dag_decorator']) retrieved from /home/airflow/sandbox/lib/python3.8/site-packages/airflow/example_dags/example_dag_decorator.py
[2022-01-03 20:25:24,038] {logging_mixin.py:104} INFO - [2022-01-03 20:25:24,037] {dag.py:1832} INFO - Sync 1 DAGs
[2022-01-03 20:25:24,091] {logging_mixin.py:104} INFO - [2022-01-03 20:25:24,091] {dag.py:2305} INFO - Setting next_dagrun for example_dag_decorator to None
[2022-01-03 20:25:24,152] {scheduler_job.py:190} INFO - Processing /home/airflow/sandbox/lib/python3.8/site-packages/airflow/example_dags/example_dag_decorator.py took 0.956 seconds
[2022-01-03 20:26:09,932] {scheduler_job.py:182} INFO - Started process (PID=8118) to work on /home/airflow/sandbox/lib/python3.8/site-packages/airflow/example_dags/example_dag_decorator.py
[2022-01-03 20:26:09,933] {scheduler_job.py:633} INFO - Processing file /home/airflow/sandbox/lib/python3.8/site-packages/airflow/example_dags/example_dag_decorator.py for tasks to queue
[2022-01-03 20:26:09,933] {logging_mixin.py:104} INFO - [2022-01-03 20:26:09,933] {dagbag.py:487} INFO - Filling up the DagBag from /home/airflow/sandbox/lib/python3.8/site-packages/airflow/example_dags/example_dag_decorator.py
[2022-01-03 20:26:09,951] {scheduler_job.py:643} INFO - DAG(s) dict_keys(['example_dag_decorator']) retrieved from /home/airflow/sandbox/lib/python3.8/site-packages/airflow/example_dags/example_dag_decorator.py
[2022-01-03 20:26:10,529] {logging_mixin.py:104} INFO - [2022-01-03 20:26:10,529] {dag.py:1832} INFO - Sync 1 DAGs
[2022-01-03 20:26:10,542] {logging_mixin.py:104} INFO - [2022-01-03 20:26:10,542] {dag.py:2305} INFO - Setting next_dagrun for example_dag_decorator to None
[2022-01-03 20:26:10,558] {scheduler_job.py:190} INFO - Processing /home/airflow/sandbox/lib/python3.8/site-packages/airflow/example_dags/example_dag_decorator.py took 0.629 seconds
[2022-01-03 20:26:52,638] {scheduler_job.py:182} INFO - Started process (PID=8296) to work on /home/airflow/sandbox/lib/python3.8/site-packages/airflow/example_dags/example_dag_decorator.py
[2022-01-03 20:26:52,639] {scheduler_job.py:633} INFO - Processing file /home/airflow/sandbox/lib/python3.8/site-packages/airflow/example_dags/example_dag_decorator.py for tasks to queue
[2022-01-03 20:26:52,640] {logging_mixin.py:104} INFO - [2022-01-03 20:26:52,640] {dagbag.py:487} INFO - Filling up the DagBag from /home/airflow/sandbox/lib/python3.8/site-packages/airflow/example_dags/example_dag_decorator.py
[2022-01-03 20:26:52,681] {scheduler_job.py:643} INFO - DAG(s) dict_keys(['example_dag_decorator']) retrieved from /home/airflow/sandbox/lib/python3.8/site-packages/airflow/example_dags/example_dag_decorator.py
[2022-01-03 20:26:53,153] {logging_mixin.py:104} INFO - [2022-01-03 20:26:53,153] {dag.py:1832} INFO - Sync 1 DAGs
[2022-01-03 20:26:53,181] {logging_mixin.py:104} INFO - [2022-01-03 20:26:53,181] {dag.py:2305} INFO - Setting next_dagrun for example_dag_decorator to None
[2022-01-03 20:26:53,206] {scheduler_job.py:190} INFO - Processing /home/airflow/sandbox/lib/python3.8/site-packages/airflow/example_dags/example_dag_decorator.py took 0.573 seconds
[2022-01-03 20:27:31,252] {scheduler_job.py:182} INFO - Started process (PID=8467) to work on /home/airflow/sandbox/lib/python3.8/site-packages/airflow/example_dags/example_dag_decorator.py
[2022-01-03 20:27:31,252] {scheduler_job.py:633} INFO - Processing file /home/airflow/sandbox/lib/python3.8/site-packages/airflow/example_dags/example_dag_decorator.py for tasks to queue
[2022-01-03 20:27:31,253] {logging_mixin.py:104} INFO - [2022-01-03 20:27:31,253] {dagbag.py:487} INFO - Filling up the DagBag from /home/airflow/sandbox/lib/python3.8/site-packages/airflow/example_dags/example_dag_decorator.py
[2022-01-03 20:27:31,289] {scheduler_job.py:643} INFO - DAG(s) dict_keys(['example_dag_decorator']) retrieved from /home/airflow/sandbox/lib/python3.8/site-packages/airflow/example_dags/example_dag_decorator.py
[2022-01-03 20:27:31,330] {logging_mixin.py:104} INFO - [2022-01-03 20:27:31,330] {dag.py:1832} INFO - Sync 1 DAGs
[2022-01-03 20:27:31,347] {logging_mixin.py:104} INFO - [2022-01-03 20:27:31,347] {dag.py:2305} INFO - Setting next_dagrun for example_dag_decorator to None
[2022-01-03 20:27:31,387] {scheduler_job.py:190} INFO - Processing /home/airflow/sandbox/lib/python3.8/site-packages/airflow/example_dags/example_dag_decorator.py took 0.138 seconds
[2022-01-03 20:28:24,347] {scheduler_job.py:182} INFO - Started process (PID=8684) to work on /home/airflow/sandbox/lib/python3.8/site-packages/airflow/example_dags/example_dag_decorator.py
[2022-01-03 20:28:24,347] {scheduler_job.py:633} INFO - Processing file /home/airflow/sandbox/lib/python3.8/site-packages/airflow/example_dags/example_dag_decorator.py for tasks to queue
[2022-01-03 20:28:24,348] {logging_mixin.py:104} INFO - [2022-01-03 20:28:24,348] {dagbag.py:487} INFO - Filling up the DagBag from /home/airflow/sandbox/lib/python3.8/site-packages/airflow/example_dags/example_dag_decorator.py
[2022-01-03 20:28:24,383] {scheduler_job.py:643} INFO - DAG(s) dict_keys(['example_dag_decorator']) retrieved from /home/airflow/sandbox/lib/python3.8/site-packages/airflow/example_dags/example_dag_decorator.py
[2022-01-03 20:28:24,882] {logging_mixin.py:104} INFO - [2022-01-03 20:28:24,882] {dag.py:1832} INFO - Sync 1 DAGs
[2022-01-03 20:28:24,892] {logging_mixin.py:104} INFO - [2022-01-03 20:28:24,892] {dag.py:2305} INFO - Setting next_dagrun for example_dag_decorator to None
[2022-01-03 20:28:24,920] {scheduler_job.py:190} INFO - Processing /home/airflow/sandbox/lib/python3.8/site-packages/airflow/example_dags/example_dag_decorator.py took 0.576 seconds
[2022-01-03 20:29:14,103] {scheduler_job.py:182} INFO - Started process (PID=8725) to work on /home/airflow/sandbox/lib/python3.8/site-packages/airflow/example_dags/example_dag_decorator.py
[2022-01-03 20:29:14,119] {scheduler_job.py:633} INFO - Processing file /home/airflow/sandbox/lib/python3.8/site-packages/airflow/example_dags/example_dag_decorator.py for tasks to queue
[2022-01-03 20:29:14,119] {logging_mixin.py:104} INFO - [2022-01-03 20:29:14,119] {dagbag.py:487} INFO - Filling up the DagBag from /home/airflow/sandbox/lib/python3.8/site-packages/airflow/example_dags/example_dag_decorator.py
[2022-01-03 20:29:14,144] {scheduler_job.py:643} INFO - DAG(s) dict_keys(['example_dag_decorator']) retrieved from /home/airflow/sandbox/lib/python3.8/site-packages/airflow/example_dags/example_dag_decorator.py
[2022-01-03 20:29:14,692] {logging_mixin.py:104} INFO - [2022-01-03 20:29:14,692] {dag.py:1832} INFO - Sync 1 DAGs
[2022-01-03 20:29:14,698] {logging_mixin.py:104} INFO - [2022-01-03 20:29:14,698] {dag.py:2305} INFO - Setting next_dagrun for example_dag_decorator to None
[2022-01-03 20:29:14,731] {scheduler_job.py:190} INFO - Processing /home/airflow/sandbox/lib/python3.8/site-packages/airflow/example_dags/example_dag_decorator.py took 0.635 seconds
[2022-01-03 20:29:59,339] {scheduler_job.py:182} INFO - Started process (PID=8833) to work on /home/airflow/sandbox/lib/python3.8/site-packages/airflow/example_dags/example_dag_decorator.py
[2022-01-03 20:29:59,342] {scheduler_job.py:633} INFO - Processing file /home/airflow/sandbox/lib/python3.8/site-packages/airflow/example_dags/example_dag_decorator.py for tasks to queue
[2022-01-03 20:29:59,343] {logging_mixin.py:104} INFO - [2022-01-03 20:29:59,343] {dagbag.py:487} INFO - Filling up the DagBag from /home/airflow/sandbox/lib/python3.8/site-packages/airflow/example_dags/example_dag_decorator.py
[2022-01-03 20:29:59,382] {scheduler_job.py:643} INFO - DAG(s) dict_keys(['example_dag_decorator']) retrieved from /home/airflow/sandbox/lib/python3.8/site-packages/airflow/example_dags/example_dag_decorator.py
[2022-01-03 20:29:59,816] {logging_mixin.py:104} INFO - [2022-01-03 20:29:59,816] {dag.py:1832} INFO - Sync 1 DAGs
[2022-01-03 20:29:59,824] {logging_mixin.py:104} INFO - [2022-01-03 20:29:59,824] {dag.py:2305} INFO - Setting next_dagrun for example_dag_decorator to None
[2022-01-03 20:29:59,833] {scheduler_job.py:190} INFO - Processing /home/airflow/sandbox/lib/python3.8/site-packages/airflow/example_dags/example_dag_decorator.py took 0.497 seconds
[2022-01-03 20:33:01,934] {scheduler_job.py:182} INFO - Started process (PID=9794) to work on /home/airflow/sandbox/lib/python3.8/site-packages/airflow/example_dags/example_dag_decorator.py
[2022-01-03 20:33:01,938] {scheduler_job.py:633} INFO - Processing file /home/airflow/sandbox/lib/python3.8/site-packages/airflow/example_dags/example_dag_decorator.py for tasks to queue
[2022-01-03 20:33:01,944] {logging_mixin.py:104} INFO - [2022-01-03 20:33:01,944] {dagbag.py:487} INFO - Filling up the DagBag from /home/airflow/sandbox/lib/python3.8/site-packages/airflow/example_dags/example_dag_decorator.py
[2022-01-03 20:33:02,286] {scheduler_job.py:643} INFO - DAG(s) dict_keys(['example_dag_decorator']) retrieved from /home/airflow/sandbox/lib/python3.8/site-packages/airflow/example_dags/example_dag_decorator.py
[2022-01-03 20:33:05,563] {logging_mixin.py:104} INFO - [2022-01-03 20:33:05,563] {dag.py:1832} INFO - Sync 1 DAGs
[2022-01-03 20:33:05,641] {logging_mixin.py:104} INFO - [2022-01-03 20:33:05,641] {dag.py:2305} INFO - Setting next_dagrun for example_dag_decorator to None
[2022-01-03 20:33:05,732] {scheduler_job.py:190} INFO - Processing /home/airflow/sandbox/lib/python3.8/site-packages/airflow/example_dags/example_dag_decorator.py took 3.964 seconds
[2022-01-03 20:33:36,219] {scheduler_job.py:182} INFO - Started process (PID=10103) to work on /home/airflow/sandbox/lib/python3.8/site-packages/airflow/example_dags/example_dag_decorator.py
[2022-01-03 20:33:36,220] {scheduler_job.py:633} INFO - Processing file /home/airflow/sandbox/lib/python3.8/site-packages/airflow/example_dags/example_dag_decorator.py for tasks to queue
[2022-01-03 20:33:36,220] {logging_mixin.py:104} INFO - [2022-01-03 20:33:36,220] {dagbag.py:487} INFO - Filling up the DagBag from /home/airflow/sandbox/lib/python3.8/site-packages/airflow/example_dags/example_dag_decorator.py
[2022-01-03 20:33:36,235] {scheduler_job.py:643} INFO - DAG(s) dict_keys(['example_dag_decorator']) retrieved from /home/airflow/sandbox/lib/python3.8/site-packages/airflow/example_dags/example_dag_decorator.py
[2022-01-03 20:33:37,935] {logging_mixin.py:104} INFO - [2022-01-03 20:33:37,935] {dag.py:1832} INFO - Sync 1 DAGs
[2022-01-03 20:33:37,981] {logging_mixin.py:104} INFO - [2022-01-03 20:33:37,980] {dag.py:2305} INFO - Setting next_dagrun for example_dag_decorator to None
[2022-01-03 20:33:38,081] {scheduler_job.py:190} INFO - Processing /home/airflow/sandbox/lib/python3.8/site-packages/airflow/example_dags/example_dag_decorator.py took 1.864 seconds
[2022-01-03 20:34:08,543] {scheduler_job.py:182} INFO - Started process (PID=10479) to work on /home/airflow/sandbox/lib/python3.8/site-packages/airflow/example_dags/example_dag_decorator.py
[2022-01-03 20:34:08,565] {scheduler_job.py:633} INFO - Processing file /home/airflow/sandbox/lib/python3.8/site-packages/airflow/example_dags/example_dag_decorator.py for tasks to queue
[2022-01-03 20:34:08,571] {logging_mixin.py:104} INFO - [2022-01-03 20:34:08,571] {dagbag.py:487} INFO - Filling up the DagBag from /home/airflow/sandbox/lib/python3.8/site-packages/airflow/example_dags/example_dag_decorator.py
[2022-01-03 20:34:08,675] {scheduler_job.py:643} INFO - DAG(s) dict_keys(['example_dag_decorator']) retrieved from /home/airflow/sandbox/lib/python3.8/site-packages/airflow/example_dags/example_dag_decorator.py
[2022-01-03 20:34:09,794] {logging_mixin.py:104} INFO - [2022-01-03 20:34:09,793] {dag.py:1832} INFO - Sync 1 DAGs
[2022-01-03 20:34:09,835] {logging_mixin.py:104} INFO - [2022-01-03 20:34:09,835] {dag.py:2305} INFO - Setting next_dagrun for example_dag_decorator to None
[2022-01-03 20:34:09,913] {scheduler_job.py:190} INFO - Processing /home/airflow/sandbox/lib/python3.8/site-packages/airflow/example_dags/example_dag_decorator.py took 1.373 seconds
[2022-01-03 20:34:40,524] {scheduler_job.py:182} INFO - Started process (PID=11687) to work on /home/airflow/sandbox/lib/python3.8/site-packages/airflow/example_dags/example_dag_decorator.py
[2022-01-03 20:34:40,528] {scheduler_job.py:633} INFO - Processing file /home/airflow/sandbox/lib/python3.8/site-packages/airflow/example_dags/example_dag_decorator.py for tasks to queue
[2022-01-03 20:34:40,529] {logging_mixin.py:104} INFO - [2022-01-03 20:34:40,529] {dagbag.py:487} INFO - Filling up the DagBag from /home/airflow/sandbox/lib/python3.8/site-packages/airflow/example_dags/example_dag_decorator.py
[2022-01-03 20:34:40,590] {scheduler_job.py:643} INFO - DAG(s) dict_keys(['example_dag_decorator']) retrieved from /home/airflow/sandbox/lib/python3.8/site-packages/airflow/example_dags/example_dag_decorator.py
[2022-01-03 20:34:41,575] {logging_mixin.py:104} INFO - [2022-01-03 20:34:41,574] {dag.py:1832} INFO - Sync 1 DAGs
[2022-01-03 20:34:41,586] {logging_mixin.py:104} INFO - [2022-01-03 20:34:41,586] {dag.py:2305} INFO - Setting next_dagrun for example_dag_decorator to None
[2022-01-03 20:34:41,623] {scheduler_job.py:190} INFO - Processing /home/airflow/sandbox/lib/python3.8/site-packages/airflow/example_dags/example_dag_decorator.py took 1.106 seconds
[2022-01-03 20:35:12,286] {scheduler_job.py:182} INFO - Started process (PID=11894) to work on /home/airflow/sandbox/lib/python3.8/site-packages/airflow/example_dags/example_dag_decorator.py
[2022-01-03 20:35:12,289] {scheduler_job.py:633} INFO - Processing file /home/airflow/sandbox/lib/python3.8/site-packages/airflow/example_dags/example_dag_decorator.py for tasks to queue
[2022-01-03 20:35:12,290] {logging_mixin.py:104} INFO - [2022-01-03 20:35:12,290] {dagbag.py:487} INFO - Filling up the DagBag from /home/airflow/sandbox/lib/python3.8/site-packages/airflow/example_dags/example_dag_decorator.py
[2022-01-03 20:35:12,330] {scheduler_job.py:643} INFO - DAG(s) dict_keys(['example_dag_decorator']) retrieved from /home/airflow/sandbox/lib/python3.8/site-packages/airflow/example_dags/example_dag_decorator.py
[2022-01-03 20:35:13,017] {logging_mixin.py:104} INFO - [2022-01-03 20:35:13,016] {dag.py:1832} INFO - Sync 1 DAGs
[2022-01-03 20:35:13,040] {logging_mixin.py:104} INFO - [2022-01-03 20:35:13,038] {dag.py:2305} INFO - Setting next_dagrun for example_dag_decorator to None
[2022-01-03 20:35:13,075] {scheduler_job.py:190} INFO - Processing /home/airflow/sandbox/lib/python3.8/site-packages/airflow/example_dags/example_dag_decorator.py took 0.794 seconds
[2022-01-03 20:35:43,422] {scheduler_job.py:182} INFO - Started process (PID=12094) to work on /home/airflow/sandbox/lib/python3.8/site-packages/airflow/example_dags/example_dag_decorator.py
[2022-01-03 20:35:43,423] {scheduler_job.py:633} INFO - Processing file /home/airflow/sandbox/lib/python3.8/site-packages/airflow/example_dags/example_dag_decorator.py for tasks to queue
[2022-01-03 20:35:43,423] {logging_mixin.py:104} INFO - [2022-01-03 20:35:43,423] {dagbag.py:487} INFO - Filling up the DagBag from /home/airflow/sandbox/lib/python3.8/site-packages/airflow/example_dags/example_dag_decorator.py
[2022-01-03 20:35:43,469] {scheduler_job.py:643} INFO - DAG(s) dict_keys(['example_dag_decorator']) retrieved from /home/airflow/sandbox/lib/python3.8/site-packages/airflow/example_dags/example_dag_decorator.py
[2022-01-03 20:35:44,169] {logging_mixin.py:104} INFO - [2022-01-03 20:35:44,169] {dag.py:1832} INFO - Sync 1 DAGs
[2022-01-03 20:35:44,179] {logging_mixin.py:104} INFO - [2022-01-03 20:35:44,179] {dag.py:2305} INFO - Setting next_dagrun for example_dag_decorator to None
[2022-01-03 20:35:44,214] {scheduler_job.py:190} INFO - Processing /home/airflow/sandbox/lib/python3.8/site-packages/airflow/example_dags/example_dag_decorator.py took 0.795 seconds
[2022-01-03 20:36:14,635] {scheduler_job.py:182} INFO - Started process (PID=12294) to work on /home/airflow/sandbox/lib/python3.8/site-packages/airflow/example_dags/example_dag_decorator.py
[2022-01-03 20:36:14,637] {scheduler_job.py:633} INFO - Processing file /home/airflow/sandbox/lib/python3.8/site-packages/airflow/example_dags/example_dag_decorator.py for tasks to queue
[2022-01-03 20:36:14,637] {logging_mixin.py:104} INFO - [2022-01-03 20:36:14,637] {dagbag.py:487} INFO - Filling up the DagBag from /home/airflow/sandbox/lib/python3.8/site-packages/airflow/example_dags/example_dag_decorator.py
[2022-01-03 20:36:14,683] {scheduler_job.py:643} INFO - DAG(s) dict_keys(['example_dag_decorator']) retrieved from /home/airflow/sandbox/lib/python3.8/site-packages/airflow/example_dags/example_dag_decorator.py
[2022-01-03 20:36:15,383] {logging_mixin.py:104} INFO - [2022-01-03 20:36:15,383] {dag.py:1832} INFO - Sync 1 DAGs
[2022-01-03 20:36:15,410] {logging_mixin.py:104} INFO - [2022-01-03 20:36:15,410] {dag.py:2305} INFO - Setting next_dagrun for example_dag_decorator to None
[2022-01-03 20:36:15,427] {scheduler_job.py:190} INFO - Processing /home/airflow/sandbox/lib/python3.8/site-packages/airflow/example_dags/example_dag_decorator.py took 0.796 seconds
[2022-01-03 20:36:46,085] {scheduler_job.py:182} INFO - Started process (PID=12493) to work on /home/airflow/sandbox/lib/python3.8/site-packages/airflow/example_dags/example_dag_decorator.py
[2022-01-03 20:36:46,087] {scheduler_job.py:633} INFO - Processing file /home/airflow/sandbox/lib/python3.8/site-packages/airflow/example_dags/example_dag_decorator.py for tasks to queue
[2022-01-03 20:36:46,087] {logging_mixin.py:104} INFO - [2022-01-03 20:36:46,087] {dagbag.py:487} INFO - Filling up the DagBag from /home/airflow/sandbox/lib/python3.8/site-packages/airflow/example_dags/example_dag_decorator.py
[2022-01-03 20:36:46,166] {scheduler_job.py:643} INFO - DAG(s) dict_keys(['example_dag_decorator']) retrieved from /home/airflow/sandbox/lib/python3.8/site-packages/airflow/example_dags/example_dag_decorator.py
[2022-01-03 20:36:46,757] {logging_mixin.py:104} INFO - [2022-01-03 20:36:46,757] {dag.py:1832} INFO - Sync 1 DAGs
[2022-01-03 20:36:46,775] {logging_mixin.py:104} INFO - [2022-01-03 20:36:46,775] {dag.py:2305} INFO - Setting next_dagrun for example_dag_decorator to None
[2022-01-03 20:36:46,806] {scheduler_job.py:190} INFO - Processing /home/airflow/sandbox/lib/python3.8/site-packages/airflow/example_dags/example_dag_decorator.py took 0.725 seconds
[2022-01-03 20:37:17,486] {scheduler_job.py:182} INFO - Started process (PID=12692) to work on /home/airflow/sandbox/lib/python3.8/site-packages/airflow/example_dags/example_dag_decorator.py
[2022-01-03 20:37:17,505] {scheduler_job.py:633} INFO - Processing file /home/airflow/sandbox/lib/python3.8/site-packages/airflow/example_dags/example_dag_decorator.py for tasks to queue
[2022-01-03 20:37:17,509] {logging_mixin.py:104} INFO - [2022-01-03 20:37:17,509] {dagbag.py:487} INFO - Filling up the DagBag from /home/airflow/sandbox/lib/python3.8/site-packages/airflow/example_dags/example_dag_decorator.py
[2022-01-03 20:37:17,534] {scheduler_job.py:643} INFO - DAG(s) dict_keys(['example_dag_decorator']) retrieved from /home/airflow/sandbox/lib/python3.8/site-packages/airflow/example_dags/example_dag_decorator.py
[2022-01-03 20:37:18,125] {logging_mixin.py:104} INFO - [2022-01-03 20:37:18,125] {dag.py:1832} INFO - Sync 1 DAGs
[2022-01-03 20:37:18,135] {logging_mixin.py:104} INFO - [2022-01-03 20:37:18,135] {dag.py:2305} INFO - Setting next_dagrun for example_dag_decorator to None
[2022-01-03 20:37:18,162] {scheduler_job.py:190} INFO - Processing /home/airflow/sandbox/lib/python3.8/site-packages/airflow/example_dags/example_dag_decorator.py took 0.686 seconds
[2022-01-03 20:37:48,963] {scheduler_job.py:182} INFO - Started process (PID=13135) to work on /home/airflow/sandbox/lib/python3.8/site-packages/airflow/example_dags/example_dag_decorator.py
[2022-01-03 20:37:48,969] {scheduler_job.py:633} INFO - Processing file /home/airflow/sandbox/lib/python3.8/site-packages/airflow/example_dags/example_dag_decorator.py for tasks to queue
[2022-01-03 20:37:48,971] {logging_mixin.py:104} INFO - [2022-01-03 20:37:48,971] {dagbag.py:487} INFO - Filling up the DagBag from /home/airflow/sandbox/lib/python3.8/site-packages/airflow/example_dags/example_dag_decorator.py
[2022-01-03 20:37:49,003] {scheduler_job.py:643} INFO - DAG(s) dict_keys(['example_dag_decorator']) retrieved from /home/airflow/sandbox/lib/python3.8/site-packages/airflow/example_dags/example_dag_decorator.py
[2022-01-03 20:37:49,530] {logging_mixin.py:104} INFO - [2022-01-03 20:37:49,530] {dag.py:1832} INFO - Sync 1 DAGs
[2022-01-03 20:37:49,554] {logging_mixin.py:104} INFO - [2022-01-03 20:37:49,554] {dag.py:2305} INFO - Setting next_dagrun for example_dag_decorator to None
[2022-01-03 20:37:49,566] {scheduler_job.py:190} INFO - Processing /home/airflow/sandbox/lib/python3.8/site-packages/airflow/example_dags/example_dag_decorator.py took 0.611 seconds
[2022-01-03 20:38:19,920] {scheduler_job.py:182} INFO - Started process (PID=13334) to work on /home/airflow/sandbox/lib/python3.8/site-packages/airflow/example_dags/example_dag_decorator.py
[2022-01-03 20:38:19,922] {scheduler_job.py:633} INFO - Processing file /home/airflow/sandbox/lib/python3.8/site-packages/airflow/example_dags/example_dag_decorator.py for tasks to queue
[2022-01-03 20:38:19,923] {logging_mixin.py:104} INFO - [2022-01-03 20:38:19,923] {dagbag.py:487} INFO - Filling up the DagBag from /home/airflow/sandbox/lib/python3.8/site-packages/airflow/example_dags/example_dag_decorator.py
[2022-01-03 20:38:19,948] {scheduler_job.py:643} INFO - DAG(s) dict_keys(['example_dag_decorator']) retrieved from /home/airflow/sandbox/lib/python3.8/site-packages/airflow/example_dags/example_dag_decorator.py
[2022-01-03 20:38:19,976] {logging_mixin.py:104} INFO - [2022-01-03 20:38:19,975] {dag.py:1832} INFO - Sync 1 DAGs
[2022-01-03 20:38:20,013] {logging_mixin.py:104} INFO - [2022-01-03 20:38:20,012] {dag.py:2305} INFO - Setting next_dagrun for example_dag_decorator to None
[2022-01-03 20:38:20,116] {scheduler_job.py:190} INFO - Processing /home/airflow/sandbox/lib/python3.8/site-packages/airflow/example_dags/example_dag_decorator.py took 0.201 seconds
[2022-01-03 20:38:50,377] {scheduler_job.py:182} INFO - Started process (PID=13534) to work on /home/airflow/sandbox/lib/python3.8/site-packages/airflow/example_dags/example_dag_decorator.py
[2022-01-03 20:38:50,379] {scheduler_job.py:633} INFO - Processing file /home/airflow/sandbox/lib/python3.8/site-packages/airflow/example_dags/example_dag_decorator.py for tasks to queue
[2022-01-03 20:38:50,379] {logging_mixin.py:104} INFO - [2022-01-03 20:38:50,379] {dagbag.py:487} INFO - Filling up the DagBag from /home/airflow/sandbox/lib/python3.8/site-packages/airflow/example_dags/example_dag_decorator.py
[2022-01-03 20:38:50,402] {scheduler_job.py:643} INFO - DAG(s) dict_keys(['example_dag_decorator']) retrieved from /home/airflow/sandbox/lib/python3.8/site-packages/airflow/example_dags/example_dag_decorator.py
[2022-01-03 20:38:50,829] {logging_mixin.py:104} INFO - [2022-01-03 20:38:50,829] {dag.py:1832} INFO - Sync 1 DAGs
[2022-01-03 20:38:50,857] {logging_mixin.py:104} INFO - [2022-01-03 20:38:50,856] {dag.py:2305} INFO - Setting next_dagrun for example_dag_decorator to None
[2022-01-03 20:38:50,871] {scheduler_job.py:190} INFO - Processing /home/airflow/sandbox/lib/python3.8/site-packages/airflow/example_dags/example_dag_decorator.py took 0.501 seconds
[2022-01-03 20:39:21,378] {scheduler_job.py:182} INFO - Started process (PID=13733) to work on /home/airflow/sandbox/lib/python3.8/site-packages/airflow/example_dags/example_dag_decorator.py
[2022-01-03 20:39:21,380] {scheduler_job.py:633} INFO - Processing file /home/airflow/sandbox/lib/python3.8/site-packages/airflow/example_dags/example_dag_decorator.py for tasks to queue
[2022-01-03 20:39:21,380] {logging_mixin.py:104} INFO - [2022-01-03 20:39:21,380] {dagbag.py:487} INFO - Filling up the DagBag from /home/airflow/sandbox/lib/python3.8/site-packages/airflow/example_dags/example_dag_decorator.py
[2022-01-03 20:39:21,414] {scheduler_job.py:643} INFO - DAG(s) dict_keys(['example_dag_decorator']) retrieved from /home/airflow/sandbox/lib/python3.8/site-packages/airflow/example_dags/example_dag_decorator.py
[2022-01-03 20:39:21,927] {logging_mixin.py:104} INFO - [2022-01-03 20:39:21,926] {dag.py:1832} INFO - Sync 1 DAGs
[2022-01-03 20:39:21,951] {logging_mixin.py:104} INFO - [2022-01-03 20:39:21,951] {dag.py:2305} INFO - Setting next_dagrun for example_dag_decorator to None
[2022-01-03 20:39:21,963] {scheduler_job.py:190} INFO - Processing /home/airflow/sandbox/lib/python3.8/site-packages/airflow/example_dags/example_dag_decorator.py took 0.589 seconds
[2022-01-03 20:39:52,345] {scheduler_job.py:182} INFO - Started process (PID=13932) to work on /home/airflow/sandbox/lib/python3.8/site-packages/airflow/example_dags/example_dag_decorator.py
[2022-01-03 20:39:52,348] {scheduler_job.py:633} INFO - Processing file /home/airflow/sandbox/lib/python3.8/site-packages/airflow/example_dags/example_dag_decorator.py for tasks to queue
[2022-01-03 20:39:52,350] {logging_mixin.py:104} INFO - [2022-01-03 20:39:52,349] {dagbag.py:487} INFO - Filling up the DagBag from /home/airflow/sandbox/lib/python3.8/site-packages/airflow/example_dags/example_dag_decorator.py
[2022-01-03 20:39:52,368] {scheduler_job.py:643} INFO - DAG(s) dict_keys(['example_dag_decorator']) retrieved from /home/airflow/sandbox/lib/python3.8/site-packages/airflow/example_dags/example_dag_decorator.py
[2022-01-03 20:39:52,914] {logging_mixin.py:104} INFO - [2022-01-03 20:39:52,913] {dag.py:1832} INFO - Sync 1 DAGs
[2022-01-03 20:39:52,949] {logging_mixin.py:104} INFO - [2022-01-03 20:39:52,949] {dag.py:2305} INFO - Setting next_dagrun for example_dag_decorator to None
[2022-01-03 20:39:52,973] {scheduler_job.py:190} INFO - Processing /home/airflow/sandbox/lib/python3.8/site-packages/airflow/example_dags/example_dag_decorator.py took 0.649 seconds
[2022-01-03 20:40:23,171] {scheduler_job.py:182} INFO - Started process (PID=14131) to work on /home/airflow/sandbox/lib/python3.8/site-packages/airflow/example_dags/example_dag_decorator.py
[2022-01-03 20:40:23,172] {scheduler_job.py:633} INFO - Processing file /home/airflow/sandbox/lib/python3.8/site-packages/airflow/example_dags/example_dag_decorator.py for tasks to queue
[2022-01-03 20:40:23,174] {logging_mixin.py:104} INFO - [2022-01-03 20:40:23,174] {dagbag.py:487} INFO - Filling up the DagBag from /home/airflow/sandbox/lib/python3.8/site-packages/airflow/example_dags/example_dag_decorator.py
[2022-01-03 20:40:23,207] {scheduler_job.py:643} INFO - DAG(s) dict_keys(['example_dag_decorator']) retrieved from /home/airflow/sandbox/lib/python3.8/site-packages/airflow/example_dags/example_dag_decorator.py
[2022-01-03 20:40:23,744] {logging_mixin.py:104} INFO - [2022-01-03 20:40:23,743] {dag.py:1832} INFO - Sync 1 DAGs
[2022-01-03 20:40:23,763] {logging_mixin.py:104} INFO - [2022-01-03 20:40:23,763] {dag.py:2305} INFO - Setting next_dagrun for example_dag_decorator to None
[2022-01-03 20:40:23,792] {scheduler_job.py:190} INFO - Processing /home/airflow/sandbox/lib/python3.8/site-packages/airflow/example_dags/example_dag_decorator.py took 0.624 seconds
[2022-01-03 20:40:54,249] {scheduler_job.py:182} INFO - Started process (PID=14330) to work on /home/airflow/sandbox/lib/python3.8/site-packages/airflow/example_dags/example_dag_decorator.py
[2022-01-03 20:40:54,250] {scheduler_job.py:633} INFO - Processing file /home/airflow/sandbox/lib/python3.8/site-packages/airflow/example_dags/example_dag_decorator.py for tasks to queue
[2022-01-03 20:40:54,250] {logging_mixin.py:104} INFO - [2022-01-03 20:40:54,250] {dagbag.py:487} INFO - Filling up the DagBag from /home/airflow/sandbox/lib/python3.8/site-packages/airflow/example_dags/example_dag_decorator.py
[2022-01-03 20:40:54,276] {scheduler_job.py:643} INFO - DAG(s) dict_keys(['example_dag_decorator']) retrieved from /home/airflow/sandbox/lib/python3.8/site-packages/airflow/example_dags/example_dag_decorator.py
[2022-01-03 20:40:54,875] {logging_mixin.py:104} INFO - [2022-01-03 20:40:54,875] {dag.py:1832} INFO - Sync 1 DAGs
[2022-01-03 20:40:54,900] {logging_mixin.py:104} INFO - [2022-01-03 20:40:54,899] {dag.py:2305} INFO - Setting next_dagrun for example_dag_decorator to None
[2022-01-03 20:40:54,910] {scheduler_job.py:190} INFO - Processing /home/airflow/sandbox/lib/python3.8/site-packages/airflow/example_dags/example_dag_decorator.py took 0.665 seconds
[2022-01-03 20:41:25,094] {scheduler_job.py:182} INFO - Started process (PID=14530) to work on /home/airflow/sandbox/lib/python3.8/site-packages/airflow/example_dags/example_dag_decorator.py
[2022-01-03 20:41:25,096] {scheduler_job.py:633} INFO - Processing file /home/airflow/sandbox/lib/python3.8/site-packages/airflow/example_dags/example_dag_decorator.py for tasks to queue
[2022-01-03 20:41:25,097] {logging_mixin.py:104} INFO - [2022-01-03 20:41:25,097] {dagbag.py:487} INFO - Filling up the DagBag from /home/airflow/sandbox/lib/python3.8/site-packages/airflow/example_dags/example_dag_decorator.py
[2022-01-03 20:41:25,112] {scheduler_job.py:643} INFO - DAG(s) dict_keys(['example_dag_decorator']) retrieved from /home/airflow/sandbox/lib/python3.8/site-packages/airflow/example_dags/example_dag_decorator.py
[2022-01-03 20:41:25,648] {logging_mixin.py:104} INFO - [2022-01-03 20:41:25,648] {dag.py:1832} INFO - Sync 1 DAGs
[2022-01-03 20:41:25,668] {logging_mixin.py:104} INFO - [2022-01-03 20:41:25,668] {dag.py:2305} INFO - Setting next_dagrun for example_dag_decorator to None
[2022-01-03 20:41:25,705] {scheduler_job.py:190} INFO - Processing /home/airflow/sandbox/lib/python3.8/site-packages/airflow/example_dags/example_dag_decorator.py took 0.630 seconds
[2022-01-03 20:41:55,957] {scheduler_job.py:182} INFO - Started process (PID=14729) to work on /home/airflow/sandbox/lib/python3.8/site-packages/airflow/example_dags/example_dag_decorator.py
[2022-01-03 20:41:55,958] {scheduler_job.py:633} INFO - Processing file /home/airflow/sandbox/lib/python3.8/site-packages/airflow/example_dags/example_dag_decorator.py for tasks to queue
[2022-01-03 20:41:55,959] {logging_mixin.py:104} INFO - [2022-01-03 20:41:55,959] {dagbag.py:487} INFO - Filling up the DagBag from /home/airflow/sandbox/lib/python3.8/site-packages/airflow/example_dags/example_dag_decorator.py
[2022-01-03 20:41:55,995] {scheduler_job.py:643} INFO - DAG(s) dict_keys(['example_dag_decorator']) retrieved from /home/airflow/sandbox/lib/python3.8/site-packages/airflow/example_dags/example_dag_decorator.py
[2022-01-03 20:41:56,516] {logging_mixin.py:104} INFO - [2022-01-03 20:41:56,516] {dag.py:1832} INFO - Sync 1 DAGs
[2022-01-03 20:41:56,547] {logging_mixin.py:104} INFO - [2022-01-03 20:41:56,546] {dag.py:2305} INFO - Setting next_dagrun for example_dag_decorator to None
[2022-01-03 20:41:56,566] {scheduler_job.py:190} INFO - Processing /home/airflow/sandbox/lib/python3.8/site-packages/airflow/example_dags/example_dag_decorator.py took 0.612 seconds
[2022-01-03 20:42:27,041] {scheduler_job.py:182} INFO - Started process (PID=14929) to work on /home/airflow/sandbox/lib/python3.8/site-packages/airflow/example_dags/example_dag_decorator.py
[2022-01-03 20:42:27,043] {scheduler_job.py:633} INFO - Processing file /home/airflow/sandbox/lib/python3.8/site-packages/airflow/example_dags/example_dag_decorator.py for tasks to queue
[2022-01-03 20:42:27,043] {logging_mixin.py:104} INFO - [2022-01-03 20:42:27,043] {dagbag.py:487} INFO - Filling up the DagBag from /home/airflow/sandbox/lib/python3.8/site-packages/airflow/example_dags/example_dag_decorator.py
[2022-01-03 20:42:27,088] {scheduler_job.py:643} INFO - DAG(s) dict_keys(['example_dag_decorator']) retrieved from /home/airflow/sandbox/lib/python3.8/site-packages/airflow/example_dags/example_dag_decorator.py
[2022-01-03 20:42:27,120] {logging_mixin.py:104} INFO - [2022-01-03 20:42:27,120] {dag.py:1832} INFO - Sync 1 DAGs
[2022-01-03 20:42:27,219] {logging_mixin.py:104} INFO - [2022-01-03 20:42:27,219] {dag.py:2305} INFO - Setting next_dagrun for example_dag_decorator to None
[2022-01-03 20:42:27,241] {scheduler_job.py:190} INFO - Processing /home/airflow/sandbox/lib/python3.8/site-packages/airflow/example_dags/example_dag_decorator.py took 0.222 seconds
[2022-01-03 20:42:57,398] {scheduler_job.py:182} INFO - Started process (PID=15370) to work on /home/airflow/sandbox/lib/python3.8/site-packages/airflow/example_dags/example_dag_decorator.py
[2022-01-03 20:42:57,399] {scheduler_job.py:633} INFO - Processing file /home/airflow/sandbox/lib/python3.8/site-packages/airflow/example_dags/example_dag_decorator.py for tasks to queue
[2022-01-03 20:42:57,399] {logging_mixin.py:104} INFO - [2022-01-03 20:42:57,399] {dagbag.py:487} INFO - Filling up the DagBag from /home/airflow/sandbox/lib/python3.8/site-packages/airflow/example_dags/example_dag_decorator.py
[2022-01-03 20:42:57,442] {scheduler_job.py:643} INFO - DAG(s) dict_keys(['example_dag_decorator']) retrieved from /home/airflow/sandbox/lib/python3.8/site-packages/airflow/example_dags/example_dag_decorator.py
[2022-01-03 20:42:57,988] {logging_mixin.py:104} INFO - [2022-01-03 20:42:57,987] {dag.py:1832} INFO - Sync 1 DAGs
[2022-01-03 20:42:58,008] {logging_mixin.py:104} INFO - [2022-01-03 20:42:58,008] {dag.py:2305} INFO - Setting next_dagrun for example_dag_decorator to None
[2022-01-03 20:42:58,036] {scheduler_job.py:190} INFO - Processing /home/airflow/sandbox/lib/python3.8/site-packages/airflow/example_dags/example_dag_decorator.py took 0.642 seconds
[2022-01-03 20:43:28,192] {scheduler_job.py:182} INFO - Started process (PID=15570) to work on /home/airflow/sandbox/lib/python3.8/site-packages/airflow/example_dags/example_dag_decorator.py
[2022-01-03 20:43:28,193] {scheduler_job.py:633} INFO - Processing file /home/airflow/sandbox/lib/python3.8/site-packages/airflow/example_dags/example_dag_decorator.py for tasks to queue
[2022-01-03 20:43:28,194] {logging_mixin.py:104} INFO - [2022-01-03 20:43:28,193] {dagbag.py:487} INFO - Filling up the DagBag from /home/airflow/sandbox/lib/python3.8/site-packages/airflow/example_dags/example_dag_decorator.py
[2022-01-03 20:43:28,220] {scheduler_job.py:643} INFO - DAG(s) dict_keys(['example_dag_decorator']) retrieved from /home/airflow/sandbox/lib/python3.8/site-packages/airflow/example_dags/example_dag_decorator.py
[2022-01-03 20:43:28,696] {logging_mixin.py:104} INFO - [2022-01-03 20:43:28,696] {dag.py:1832} INFO - Sync 1 DAGs
[2022-01-03 20:43:28,718] {logging_mixin.py:104} INFO - [2022-01-03 20:43:28,718] {dag.py:2305} INFO - Setting next_dagrun for example_dag_decorator to None
[2022-01-03 20:43:28,745] {scheduler_job.py:190} INFO - Processing /home/airflow/sandbox/lib/python3.8/site-packages/airflow/example_dags/example_dag_decorator.py took 0.555 seconds
[2022-01-03 20:43:59,667] {scheduler_job.py:182} INFO - Started process (PID=15766) to work on /home/airflow/sandbox/lib/python3.8/site-packages/airflow/example_dags/example_dag_decorator.py
[2022-01-03 20:43:59,679] {scheduler_job.py:633} INFO - Processing file /home/airflow/sandbox/lib/python3.8/site-packages/airflow/example_dags/example_dag_decorator.py for tasks to queue
[2022-01-03 20:43:59,679] {logging_mixin.py:104} INFO - [2022-01-03 20:43:59,679] {dagbag.py:487} INFO - Filling up the DagBag from /home/airflow/sandbox/lib/python3.8/site-packages/airflow/example_dags/example_dag_decorator.py
[2022-01-03 20:43:59,731] {scheduler_job.py:643} INFO - DAG(s) dict_keys(['example_dag_decorator']) retrieved from /home/airflow/sandbox/lib/python3.8/site-packages/airflow/example_dags/example_dag_decorator.py
[2022-01-03 20:44:00,236] {logging_mixin.py:104} INFO - [2022-01-03 20:44:00,235] {dag.py:1832} INFO - Sync 1 DAGs
[2022-01-03 20:44:00,251] {logging_mixin.py:104} INFO - [2022-01-03 20:44:00,251] {dag.py:2305} INFO - Setting next_dagrun for example_dag_decorator to None
[2022-01-03 20:44:00,263] {scheduler_job.py:190} INFO - Processing /home/airflow/sandbox/lib/python3.8/site-packages/airflow/example_dags/example_dag_decorator.py took 0.600 seconds
[2022-01-03 20:44:31,538] {scheduler_job.py:182} INFO - Started process (PID=15966) to work on /home/airflow/sandbox/lib/python3.8/site-packages/airflow/example_dags/example_dag_decorator.py
[2022-01-03 20:44:31,539] {scheduler_job.py:633} INFO - Processing file /home/airflow/sandbox/lib/python3.8/site-packages/airflow/example_dags/example_dag_decorator.py for tasks to queue
[2022-01-03 20:44:31,540] {logging_mixin.py:104} INFO - [2022-01-03 20:44:31,540] {dagbag.py:487} INFO - Filling up the DagBag from /home/airflow/sandbox/lib/python3.8/site-packages/airflow/example_dags/example_dag_decorator.py
[2022-01-03 20:44:31,615] {scheduler_job.py:643} INFO - DAG(s) dict_keys(['example_dag_decorator']) retrieved from /home/airflow/sandbox/lib/python3.8/site-packages/airflow/example_dags/example_dag_decorator.py
[2022-01-03 20:44:32,409] {logging_mixin.py:104} INFO - [2022-01-03 20:44:32,409] {dag.py:1832} INFO - Sync 1 DAGs
[2022-01-03 20:44:32,436] {logging_mixin.py:104} INFO - [2022-01-03 20:44:32,436] {dag.py:2305} INFO - Setting next_dagrun for example_dag_decorator to None
[2022-01-03 20:44:32,445] {scheduler_job.py:190} INFO - Processing /home/airflow/sandbox/lib/python3.8/site-packages/airflow/example_dags/example_dag_decorator.py took 0.912 seconds
[2022-01-03 20:45:02,866] {scheduler_job.py:182} INFO - Started process (PID=16228) to work on /home/airflow/sandbox/lib/python3.8/site-packages/airflow/example_dags/example_dag_decorator.py
[2022-01-03 20:45:02,882] {scheduler_job.py:633} INFO - Processing file /home/airflow/sandbox/lib/python3.8/site-packages/airflow/example_dags/example_dag_decorator.py for tasks to queue
[2022-01-03 20:45:02,882] {logging_mixin.py:104} INFO - [2022-01-03 20:45:02,882] {dagbag.py:487} INFO - Filling up the DagBag from /home/airflow/sandbox/lib/python3.8/site-packages/airflow/example_dags/example_dag_decorator.py
[2022-01-03 20:45:03,098] {scheduler_job.py:643} INFO - DAG(s) dict_keys(['example_dag_decorator']) retrieved from /home/airflow/sandbox/lib/python3.8/site-packages/airflow/example_dags/example_dag_decorator.py
[2022-01-03 20:45:03,851] {logging_mixin.py:104} INFO - [2022-01-03 20:45:03,850] {dag.py:1832} INFO - Sync 1 DAGs
[2022-01-03 20:45:03,886] {logging_mixin.py:104} INFO - [2022-01-03 20:45:03,886] {dag.py:2305} INFO - Setting next_dagrun for example_dag_decorator to None
[2022-01-03 20:45:03,908] {scheduler_job.py:190} INFO - Processing /home/airflow/sandbox/lib/python3.8/site-packages/airflow/example_dags/example_dag_decorator.py took 1.046 seconds
