[2022-01-03 20:19:00,488] {scheduler_job.py:182} INFO - Started process (PID=2940) to work on /home/airflow/sandbox/lib/python3.8/site-packages/airflow/example_dags/example_branch_datetime_operator.py
[2022-01-03 20:19:00,490] {scheduler_job.py:633} INFO - Processing file /home/airflow/sandbox/lib/python3.8/site-packages/airflow/example_dags/example_branch_datetime_operator.py for tasks to queue
[2022-01-03 20:19:00,492] {logging_mixin.py:104} INFO - [2022-01-03 20:19:00,492] {dagbag.py:487} INFO - Filling up the DagBag from /home/airflow/sandbox/lib/python3.8/site-packages/airflow/example_dags/example_branch_datetime_operator.py
[2022-01-03 20:19:00,507] {scheduler_job.py:643} INFO - DAG(s) dict_keys(['example_branch_datetime_operator_2']) retrieved from /home/airflow/sandbox/lib/python3.8/site-packages/airflow/example_dags/example_branch_datetime_operator.py
[2022-01-03 20:19:01,088] {logging_mixin.py:104} INFO - [2022-01-03 20:19:01,088] {dag.py:1832} INFO - Sync 1 DAGs
[2022-01-03 20:19:01,109] {logging_mixin.py:104} INFO - [2022-01-03 20:19:01,109] {dag.py:2305} INFO - Setting next_dagrun for example_branch_datetime_operator_2 to 2022-01-01 00:00:00+00:00
[2022-01-03 20:19:01,145] {scheduler_job.py:190} INFO - Processing /home/airflow/sandbox/lib/python3.8/site-packages/airflow/example_dags/example_branch_datetime_operator.py took 0.679 seconds
[2022-01-03 20:20:12,805] {scheduler_job.py:182} INFO - Started process (PID=3493) to work on /home/airflow/sandbox/lib/python3.8/site-packages/airflow/example_dags/example_branch_datetime_operator.py
[2022-01-03 20:20:12,807] {scheduler_job.py:633} INFO - Processing file /home/airflow/sandbox/lib/python3.8/site-packages/airflow/example_dags/example_branch_datetime_operator.py for tasks to queue
[2022-01-03 20:20:12,808] {logging_mixin.py:104} INFO - [2022-01-03 20:20:12,808] {dagbag.py:487} INFO - Filling up the DagBag from /home/airflow/sandbox/lib/python3.8/site-packages/airflow/example_dags/example_branch_datetime_operator.py
[2022-01-03 20:20:12,840] {scheduler_job.py:643} INFO - DAG(s) dict_keys(['example_branch_datetime_operator_2']) retrieved from /home/airflow/sandbox/lib/python3.8/site-packages/airflow/example_dags/example_branch_datetime_operator.py
[2022-01-03 20:20:12,859] {logging_mixin.py:104} INFO - [2022-01-03 20:20:12,858] {dag.py:1832} INFO - Sync 1 DAGs
[2022-01-03 20:20:12,891] {logging_mixin.py:104} INFO - [2022-01-03 20:20:12,891] {dag.py:2305} INFO - Setting next_dagrun for example_branch_datetime_operator_2 to 2022-01-01 00:00:00+00:00
[2022-01-03 20:20:12,901] {scheduler_job.py:190} INFO - Processing /home/airflow/sandbox/lib/python3.8/site-packages/airflow/example_dags/example_branch_datetime_operator.py took 0.100 seconds
[2022-01-03 20:20:54,850] {scheduler_job.py:182} INFO - Started process (PID=3528) to work on /home/airflow/sandbox/lib/python3.8/site-packages/airflow/example_dags/example_branch_datetime_operator.py
[2022-01-03 20:20:54,851] {scheduler_job.py:633} INFO - Processing file /home/airflow/sandbox/lib/python3.8/site-packages/airflow/example_dags/example_branch_datetime_operator.py for tasks to queue
[2022-01-03 20:20:54,852] {logging_mixin.py:104} INFO - [2022-01-03 20:20:54,852] {dagbag.py:487} INFO - Filling up the DagBag from /home/airflow/sandbox/lib/python3.8/site-packages/airflow/example_dags/example_branch_datetime_operator.py
[2022-01-03 20:20:54,884] {scheduler_job.py:643} INFO - DAG(s) dict_keys(['example_branch_datetime_operator_2']) retrieved from /home/airflow/sandbox/lib/python3.8/site-packages/airflow/example_dags/example_branch_datetime_operator.py
[2022-01-03 20:20:54,905] {logging_mixin.py:104} INFO - [2022-01-03 20:20:54,905] {dag.py:1832} INFO - Sync 1 DAGs
[2022-01-03 20:20:54,938] {logging_mixin.py:104} INFO - [2022-01-03 20:20:54,938] {dag.py:2305} INFO - Setting next_dagrun for example_branch_datetime_operator_2 to 2022-01-01 00:00:00+00:00
[2022-01-03 20:20:54,957] {scheduler_job.py:190} INFO - Processing /home/airflow/sandbox/lib/python3.8/site-packages/airflow/example_dags/example_branch_datetime_operator.py took 0.108 seconds
[2022-01-03 20:21:33,660] {scheduler_job.py:182} INFO - Started process (PID=3562) to work on /home/airflow/sandbox/lib/python3.8/site-packages/airflow/example_dags/example_branch_datetime_operator.py
[2022-01-03 20:21:33,662] {scheduler_job.py:633} INFO - Processing file /home/airflow/sandbox/lib/python3.8/site-packages/airflow/example_dags/example_branch_datetime_operator.py for tasks to queue
[2022-01-03 20:21:33,664] {logging_mixin.py:104} INFO - [2022-01-03 20:21:33,664] {dagbag.py:487} INFO - Filling up the DagBag from /home/airflow/sandbox/lib/python3.8/site-packages/airflow/example_dags/example_branch_datetime_operator.py
[2022-01-03 20:21:33,695] {scheduler_job.py:643} INFO - DAG(s) dict_keys(['example_branch_datetime_operator_2']) retrieved from /home/airflow/sandbox/lib/python3.8/site-packages/airflow/example_dags/example_branch_datetime_operator.py
[2022-01-03 20:21:33,710] {logging_mixin.py:104} INFO - [2022-01-03 20:21:33,710] {dag.py:1832} INFO - Sync 1 DAGs
[2022-01-03 20:21:33,739] {logging_mixin.py:104} INFO - [2022-01-03 20:21:33,739] {dag.py:2305} INFO - Setting next_dagrun for example_branch_datetime_operator_2 to 2022-01-01 00:00:00+00:00
[2022-01-03 20:21:33,761] {scheduler_job.py:190} INFO - Processing /home/airflow/sandbox/lib/python3.8/site-packages/airflow/example_dags/example_branch_datetime_operator.py took 0.104 seconds
[2022-01-03 20:22:13,103] {scheduler_job.py:182} INFO - Started process (PID=3637) to work on /home/airflow/sandbox/lib/python3.8/site-packages/airflow/example_dags/example_branch_datetime_operator.py
[2022-01-03 20:22:13,104] {scheduler_job.py:633} INFO - Processing file /home/airflow/sandbox/lib/python3.8/site-packages/airflow/example_dags/example_branch_datetime_operator.py for tasks to queue
[2022-01-03 20:22:13,105] {logging_mixin.py:104} INFO - [2022-01-03 20:22:13,105] {dagbag.py:487} INFO - Filling up the DagBag from /home/airflow/sandbox/lib/python3.8/site-packages/airflow/example_dags/example_branch_datetime_operator.py
[2022-01-03 20:22:13,138] {scheduler_job.py:643} INFO - DAG(s) dict_keys(['example_branch_datetime_operator_2']) retrieved from /home/airflow/sandbox/lib/python3.8/site-packages/airflow/example_dags/example_branch_datetime_operator.py
[2022-01-03 20:22:13,155] {logging_mixin.py:104} INFO - [2022-01-03 20:22:13,155] {dag.py:1832} INFO - Sync 1 DAGs
[2022-01-03 20:22:13,193] {logging_mixin.py:104} INFO - [2022-01-03 20:22:13,193] {dag.py:2305} INFO - Setting next_dagrun for example_branch_datetime_operator_2 to 2022-01-01 00:00:00+00:00
[2022-01-03 20:22:13,207] {scheduler_job.py:190} INFO - Processing /home/airflow/sandbox/lib/python3.8/site-packages/airflow/example_dags/example_branch_datetime_operator.py took 0.111 seconds
[2022-01-03 20:22:57,046] {scheduler_job.py:182} INFO - Started process (PID=3727) to work on /home/airflow/sandbox/lib/python3.8/site-packages/airflow/example_dags/example_branch_datetime_operator.py
[2022-01-03 20:22:57,047] {scheduler_job.py:633} INFO - Processing file /home/airflow/sandbox/lib/python3.8/site-packages/airflow/example_dags/example_branch_datetime_operator.py for tasks to queue
[2022-01-03 20:22:57,048] {logging_mixin.py:104} INFO - [2022-01-03 20:22:57,048] {dagbag.py:487} INFO - Filling up the DagBag from /home/airflow/sandbox/lib/python3.8/site-packages/airflow/example_dags/example_branch_datetime_operator.py
[2022-01-03 20:22:57,057] {scheduler_job.py:643} INFO - DAG(s) dict_keys(['example_branch_datetime_operator_2']) retrieved from /home/airflow/sandbox/lib/python3.8/site-packages/airflow/example_dags/example_branch_datetime_operator.py
[2022-01-03 20:22:57,087] {logging_mixin.py:104} INFO - [2022-01-03 20:22:57,087] {dag.py:1832} INFO - Sync 1 DAGs
[2022-01-03 20:22:57,106] {logging_mixin.py:104} INFO - [2022-01-03 20:22:57,106] {dag.py:2305} INFO - Setting next_dagrun for example_branch_datetime_operator_2 to 2022-01-01 00:00:00+00:00
[2022-01-03 20:22:57,142] {scheduler_job.py:190} INFO - Processing /home/airflow/sandbox/lib/python3.8/site-packages/airflow/example_dags/example_branch_datetime_operator.py took 0.100 seconds
[2022-01-03 20:23:43,329] {scheduler_job.py:182} INFO - Started process (PID=4333) to work on /home/airflow/sandbox/lib/python3.8/site-packages/airflow/example_dags/example_branch_datetime_operator.py
[2022-01-03 20:23:43,331] {scheduler_job.py:633} INFO - Processing file /home/airflow/sandbox/lib/python3.8/site-packages/airflow/example_dags/example_branch_datetime_operator.py for tasks to queue
[2022-01-03 20:23:43,333] {logging_mixin.py:104} INFO - [2022-01-03 20:23:43,333] {dagbag.py:487} INFO - Filling up the DagBag from /home/airflow/sandbox/lib/python3.8/site-packages/airflow/example_dags/example_branch_datetime_operator.py
[2022-01-03 20:23:43,353] {scheduler_job.py:643} INFO - DAG(s) dict_keys(['example_branch_datetime_operator_2']) retrieved from /home/airflow/sandbox/lib/python3.8/site-packages/airflow/example_dags/example_branch_datetime_operator.py
[2022-01-03 20:23:43,388] {logging_mixin.py:104} INFO - [2022-01-03 20:23:43,388] {dag.py:1832} INFO - Sync 1 DAGs
[2022-01-03 20:23:43,409] {logging_mixin.py:104} INFO - [2022-01-03 20:23:43,409] {dag.py:2305} INFO - Setting next_dagrun for example_branch_datetime_operator_2 to 2022-01-01 00:00:00+00:00
[2022-01-03 20:23:43,436] {scheduler_job.py:190} INFO - Processing /home/airflow/sandbox/lib/python3.8/site-packages/airflow/example_dags/example_branch_datetime_operator.py took 0.124 seconds
[2022-01-03 20:24:25,120] {scheduler_job.py:182} INFO - Started process (PID=4405) to work on /home/airflow/sandbox/lib/python3.8/site-packages/airflow/example_dags/example_branch_datetime_operator.py
[2022-01-03 20:24:25,123] {scheduler_job.py:633} INFO - Processing file /home/airflow/sandbox/lib/python3.8/site-packages/airflow/example_dags/example_branch_datetime_operator.py for tasks to queue
[2022-01-03 20:24:25,125] {logging_mixin.py:104} INFO - [2022-01-03 20:24:25,125] {dagbag.py:487} INFO - Filling up the DagBag from /home/airflow/sandbox/lib/python3.8/site-packages/airflow/example_dags/example_branch_datetime_operator.py
[2022-01-03 20:24:25,143] {scheduler_job.py:643} INFO - DAG(s) dict_keys(['example_branch_datetime_operator_2']) retrieved from /home/airflow/sandbox/lib/python3.8/site-packages/airflow/example_dags/example_branch_datetime_operator.py
[2022-01-03 20:24:25,158] {logging_mixin.py:104} INFO - [2022-01-03 20:24:25,158] {dag.py:1832} INFO - Sync 1 DAGs
[2022-01-03 20:24:25,174] {logging_mixin.py:104} INFO - [2022-01-03 20:24:25,174] {dag.py:2305} INFO - Setting next_dagrun for example_branch_datetime_operator_2 to 2022-01-01 00:00:00+00:00
[2022-01-03 20:24:25,188] {scheduler_job.py:190} INFO - Processing /home/airflow/sandbox/lib/python3.8/site-packages/airflow/example_dags/example_branch_datetime_operator.py took 0.071 seconds
[2022-01-03 20:25:06,235] {scheduler_job.py:182} INFO - Started process (PID=4800) to work on /home/airflow/sandbox/lib/python3.8/site-packages/airflow/example_dags/example_branch_datetime_operator.py
[2022-01-03 20:25:06,243] {scheduler_job.py:633} INFO - Processing file /home/airflow/sandbox/lib/python3.8/site-packages/airflow/example_dags/example_branch_datetime_operator.py for tasks to queue
[2022-01-03 20:25:06,245] {logging_mixin.py:104} INFO - [2022-01-03 20:25:06,244] {dagbag.py:487} INFO - Filling up the DagBag from /home/airflow/sandbox/lib/python3.8/site-packages/airflow/example_dags/example_branch_datetime_operator.py
[2022-01-03 20:25:06,328] {scheduler_job.py:643} INFO - DAG(s) dict_keys(['example_branch_datetime_operator_2']) retrieved from /home/airflow/sandbox/lib/python3.8/site-packages/airflow/example_dags/example_branch_datetime_operator.py
[2022-01-03 20:25:06,481] {logging_mixin.py:104} INFO - [2022-01-03 20:25:06,481] {dag.py:1832} INFO - Sync 1 DAGs
[2022-01-03 20:25:06,559] {logging_mixin.py:104} INFO - [2022-01-03 20:25:06,559] {dag.py:2305} INFO - Setting next_dagrun for example_branch_datetime_operator_2 to 2022-01-01 00:00:00+00:00
[2022-01-03 20:25:06,599] {scheduler_job.py:190} INFO - Processing /home/airflow/sandbox/lib/python3.8/site-packages/airflow/example_dags/example_branch_datetime_operator.py took 0.370 seconds
[2022-01-03 20:25:54,341] {scheduler_job.py:182} INFO - Started process (PID=8009) to work on /home/airflow/sandbox/lib/python3.8/site-packages/airflow/example_dags/example_branch_datetime_operator.py
[2022-01-03 20:25:54,341] {scheduler_job.py:633} INFO - Processing file /home/airflow/sandbox/lib/python3.8/site-packages/airflow/example_dags/example_branch_datetime_operator.py for tasks to queue
[2022-01-03 20:25:54,342] {logging_mixin.py:104} INFO - [2022-01-03 20:25:54,342] {dagbag.py:487} INFO - Filling up the DagBag from /home/airflow/sandbox/lib/python3.8/site-packages/airflow/example_dags/example_branch_datetime_operator.py
[2022-01-03 20:25:54,353] {scheduler_job.py:643} INFO - DAG(s) dict_keys(['example_branch_datetime_operator_2']) retrieved from /home/airflow/sandbox/lib/python3.8/site-packages/airflow/example_dags/example_branch_datetime_operator.py
[2022-01-03 20:25:54,384] {logging_mixin.py:104} INFO - [2022-01-03 20:25:54,384] {dag.py:1832} INFO - Sync 1 DAGs
[2022-01-03 20:25:54,398] {logging_mixin.py:104} INFO - [2022-01-03 20:25:54,398] {dag.py:2305} INFO - Setting next_dagrun for example_branch_datetime_operator_2 to 2022-01-01 00:00:00+00:00
[2022-01-03 20:25:54,429] {scheduler_job.py:190} INFO - Processing /home/airflow/sandbox/lib/python3.8/site-packages/airflow/example_dags/example_branch_datetime_operator.py took 0.092 seconds
[2022-01-03 20:26:41,133] {scheduler_job.py:182} INFO - Started process (PID=8203) to work on /home/airflow/sandbox/lib/python3.8/site-packages/airflow/example_dags/example_branch_datetime_operator.py
[2022-01-03 20:26:41,134] {scheduler_job.py:633} INFO - Processing file /home/airflow/sandbox/lib/python3.8/site-packages/airflow/example_dags/example_branch_datetime_operator.py for tasks to queue
[2022-01-03 20:26:41,135] {logging_mixin.py:104} INFO - [2022-01-03 20:26:41,135] {dagbag.py:487} INFO - Filling up the DagBag from /home/airflow/sandbox/lib/python3.8/site-packages/airflow/example_dags/example_branch_datetime_operator.py
[2022-01-03 20:26:41,154] {scheduler_job.py:643} INFO - DAG(s) dict_keys(['example_branch_datetime_operator_2']) retrieved from /home/airflow/sandbox/lib/python3.8/site-packages/airflow/example_dags/example_branch_datetime_operator.py
[2022-01-03 20:26:41,229] {logging_mixin.py:104} INFO - [2022-01-03 20:26:41,229] {dag.py:1832} INFO - Sync 1 DAGs
[2022-01-03 20:26:41,247] {logging_mixin.py:104} INFO - [2022-01-03 20:26:41,247] {dag.py:2305} INFO - Setting next_dagrun for example_branch_datetime_operator_2 to 2022-01-01 00:00:00+00:00
[2022-01-03 20:26:41,276] {scheduler_job.py:190} INFO - Processing /home/airflow/sandbox/lib/python3.8/site-packages/airflow/example_dags/example_branch_datetime_operator.py took 0.145 seconds
[2022-01-03 20:27:20,182] {scheduler_job.py:182} INFO - Started process (PID=8429) to work on /home/airflow/sandbox/lib/python3.8/site-packages/airflow/example_dags/example_branch_datetime_operator.py
[2022-01-03 20:27:20,185] {scheduler_job.py:633} INFO - Processing file /home/airflow/sandbox/lib/python3.8/site-packages/airflow/example_dags/example_branch_datetime_operator.py for tasks to queue
[2022-01-03 20:27:20,185] {logging_mixin.py:104} INFO - [2022-01-03 20:27:20,185] {dagbag.py:487} INFO - Filling up the DagBag from /home/airflow/sandbox/lib/python3.8/site-packages/airflow/example_dags/example_branch_datetime_operator.py
[2022-01-03 20:27:20,203] {scheduler_job.py:643} INFO - DAG(s) dict_keys(['example_branch_datetime_operator_2']) retrieved from /home/airflow/sandbox/lib/python3.8/site-packages/airflow/example_dags/example_branch_datetime_operator.py
[2022-01-03 20:27:20,235] {logging_mixin.py:104} INFO - [2022-01-03 20:27:20,235] {dag.py:1832} INFO - Sync 1 DAGs
[2022-01-03 20:27:20,277] {logging_mixin.py:104} INFO - [2022-01-03 20:27:20,277] {dag.py:2305} INFO - Setting next_dagrun for example_branch_datetime_operator_2 to 2022-01-01 00:00:00+00:00
[2022-01-03 20:27:20,297] {scheduler_job.py:190} INFO - Processing /home/airflow/sandbox/lib/python3.8/site-packages/airflow/example_dags/example_branch_datetime_operator.py took 0.118 seconds
[2022-01-03 20:28:07,823] {scheduler_job.py:182} INFO - Started process (PID=8618) to work on /home/airflow/sandbox/lib/python3.8/site-packages/airflow/example_dags/example_branch_datetime_operator.py
[2022-01-03 20:28:07,823] {scheduler_job.py:633} INFO - Processing file /home/airflow/sandbox/lib/python3.8/site-packages/airflow/example_dags/example_branch_datetime_operator.py for tasks to queue
[2022-01-03 20:28:07,824] {logging_mixin.py:104} INFO - [2022-01-03 20:28:07,824] {dagbag.py:487} INFO - Filling up the DagBag from /home/airflow/sandbox/lib/python3.8/site-packages/airflow/example_dags/example_branch_datetime_operator.py
[2022-01-03 20:28:07,842] {scheduler_job.py:643} INFO - DAG(s) dict_keys(['example_branch_datetime_operator_2']) retrieved from /home/airflow/sandbox/lib/python3.8/site-packages/airflow/example_dags/example_branch_datetime_operator.py
[2022-01-03 20:28:07,855] {logging_mixin.py:104} INFO - [2022-01-03 20:28:07,855] {dag.py:1832} INFO - Sync 1 DAGs
[2022-01-03 20:28:07,886] {logging_mixin.py:104} INFO - [2022-01-03 20:28:07,886] {dag.py:2305} INFO - Setting next_dagrun for example_branch_datetime_operator_2 to 2022-01-01 00:00:00+00:00
[2022-01-03 20:28:07,922] {scheduler_job.py:190} INFO - Processing /home/airflow/sandbox/lib/python3.8/site-packages/airflow/example_dags/example_branch_datetime_operator.py took 0.100 seconds
[2022-01-03 20:28:49,493] {scheduler_job.py:182} INFO - Started process (PID=8704) to work on /home/airflow/sandbox/lib/python3.8/site-packages/airflow/example_dags/example_branch_datetime_operator.py
[2022-01-03 20:28:49,494] {scheduler_job.py:633} INFO - Processing file /home/airflow/sandbox/lib/python3.8/site-packages/airflow/example_dags/example_branch_datetime_operator.py for tasks to queue
[2022-01-03 20:28:49,495] {logging_mixin.py:104} INFO - [2022-01-03 20:28:49,495] {dagbag.py:487} INFO - Filling up the DagBag from /home/airflow/sandbox/lib/python3.8/site-packages/airflow/example_dags/example_branch_datetime_operator.py
[2022-01-03 20:28:49,528] {scheduler_job.py:643} INFO - DAG(s) dict_keys(['example_branch_datetime_operator_2']) retrieved from /home/airflow/sandbox/lib/python3.8/site-packages/airflow/example_dags/example_branch_datetime_operator.py
[2022-01-03 20:28:49,549] {logging_mixin.py:104} INFO - [2022-01-03 20:28:49,549] {dag.py:1832} INFO - Sync 1 DAGs
[2022-01-03 20:28:49,582] {logging_mixin.py:104} INFO - [2022-01-03 20:28:49,581] {dag.py:2305} INFO - Setting next_dagrun for example_branch_datetime_operator_2 to 2022-01-01 00:00:00+00:00
[2022-01-03 20:28:49,601] {scheduler_job.py:190} INFO - Processing /home/airflow/sandbox/lib/python3.8/site-packages/airflow/example_dags/example_branch_datetime_operator.py took 0.115 seconds
[2022-01-03 20:29:36,776] {scheduler_job.py:182} INFO - Started process (PID=8784) to work on /home/airflow/sandbox/lib/python3.8/site-packages/airflow/example_dags/example_branch_datetime_operator.py
[2022-01-03 20:29:36,777] {scheduler_job.py:633} INFO - Processing file /home/airflow/sandbox/lib/python3.8/site-packages/airflow/example_dags/example_branch_datetime_operator.py for tasks to queue
[2022-01-03 20:29:36,779] {logging_mixin.py:104} INFO - [2022-01-03 20:29:36,779] {dagbag.py:487} INFO - Filling up the DagBag from /home/airflow/sandbox/lib/python3.8/site-packages/airflow/example_dags/example_branch_datetime_operator.py
[2022-01-03 20:29:36,802] {scheduler_job.py:643} INFO - DAG(s) dict_keys(['example_branch_datetime_operator_2']) retrieved from /home/airflow/sandbox/lib/python3.8/site-packages/airflow/example_dags/example_branch_datetime_operator.py
[2022-01-03 20:29:36,838] {logging_mixin.py:104} INFO - [2022-01-03 20:29:36,837] {dag.py:1832} INFO - Sync 1 DAGs
[2022-01-03 20:29:36,871] {logging_mixin.py:104} INFO - [2022-01-03 20:29:36,871] {dag.py:2305} INFO - Setting next_dagrun for example_branch_datetime_operator_2 to 2022-01-01 00:00:00+00:00
[2022-01-03 20:29:36,889] {scheduler_job.py:190} INFO - Processing /home/airflow/sandbox/lib/python3.8/site-packages/airflow/example_dags/example_branch_datetime_operator.py took 0.116 seconds
[2022-01-03 20:32:58,733] {scheduler_job.py:182} INFO - Started process (PID=9758) to work on /home/airflow/sandbox/lib/python3.8/site-packages/airflow/example_dags/example_branch_datetime_operator.py
[2022-01-03 20:32:58,734] {scheduler_job.py:633} INFO - Processing file /home/airflow/sandbox/lib/python3.8/site-packages/airflow/example_dags/example_branch_datetime_operator.py for tasks to queue
[2022-01-03 20:32:58,736] {logging_mixin.py:104} INFO - [2022-01-03 20:32:58,736] {dagbag.py:487} INFO - Filling up the DagBag from /home/airflow/sandbox/lib/python3.8/site-packages/airflow/example_dags/example_branch_datetime_operator.py
[2022-01-03 20:32:58,977] {scheduler_job.py:643} INFO - DAG(s) dict_keys(['example_branch_datetime_operator_2']) retrieved from /home/airflow/sandbox/lib/python3.8/site-packages/airflow/example_dags/example_branch_datetime_operator.py
[2022-01-03 20:32:59,177] {logging_mixin.py:104} INFO - [2022-01-03 20:32:59,177] {dag.py:1832} INFO - Sync 1 DAGs
[2022-01-03 20:32:59,425] {logging_mixin.py:104} INFO - [2022-01-03 20:32:59,425] {dag.py:2305} INFO - Setting next_dagrun for example_branch_datetime_operator_2 to 2022-01-01 00:00:00+00:00
[2022-01-03 20:32:59,637] {scheduler_job.py:190} INFO - Processing /home/airflow/sandbox/lib/python3.8/site-packages/airflow/example_dags/example_branch_datetime_operator.py took 0.955 seconds
[2022-01-03 20:33:29,977] {scheduler_job.py:182} INFO - Started process (PID=10019) to work on /home/airflow/sandbox/lib/python3.8/site-packages/airflow/example_dags/example_branch_datetime_operator.py
[2022-01-03 20:33:29,990] {scheduler_job.py:633} INFO - Processing file /home/airflow/sandbox/lib/python3.8/site-packages/airflow/example_dags/example_branch_datetime_operator.py for tasks to queue
[2022-01-03 20:33:29,991] {logging_mixin.py:104} INFO - [2022-01-03 20:33:29,991] {dagbag.py:487} INFO - Filling up the DagBag from /home/airflow/sandbox/lib/python3.8/site-packages/airflow/example_dags/example_branch_datetime_operator.py
[2022-01-03 20:33:30,075] {scheduler_job.py:643} INFO - DAG(s) dict_keys(['example_branch_datetime_operator_2']) retrieved from /home/airflow/sandbox/lib/python3.8/site-packages/airflow/example_dags/example_branch_datetime_operator.py
[2022-01-03 20:33:30,171] {logging_mixin.py:104} INFO - [2022-01-03 20:33:30,171] {dag.py:1832} INFO - Sync 1 DAGs
[2022-01-03 20:33:30,235] {logging_mixin.py:104} INFO - [2022-01-03 20:33:30,235] {dag.py:2305} INFO - Setting next_dagrun for example_branch_datetime_operator_2 to 2022-01-01 00:00:00+00:00
[2022-01-03 20:33:30,314] {scheduler_job.py:190} INFO - Processing /home/airflow/sandbox/lib/python3.8/site-packages/airflow/example_dags/example_branch_datetime_operator.py took 0.349 seconds
[2022-01-03 20:34:00,491] {scheduler_job.py:182} INFO - Started process (PID=10308) to work on /home/airflow/sandbox/lib/python3.8/site-packages/airflow/example_dags/example_branch_datetime_operator.py
[2022-01-03 20:34:00,567] {scheduler_job.py:633} INFO - Processing file /home/airflow/sandbox/lib/python3.8/site-packages/airflow/example_dags/example_branch_datetime_operator.py for tasks to queue
[2022-01-03 20:34:00,571] {logging_mixin.py:104} INFO - [2022-01-03 20:34:00,571] {dagbag.py:487} INFO - Filling up the DagBag from /home/airflow/sandbox/lib/python3.8/site-packages/airflow/example_dags/example_branch_datetime_operator.py
[2022-01-03 20:34:00,686] {scheduler_job.py:643} INFO - DAG(s) dict_keys(['example_branch_datetime_operator_2']) retrieved from /home/airflow/sandbox/lib/python3.8/site-packages/airflow/example_dags/example_branch_datetime_operator.py
[2022-01-03 20:34:00,841] {logging_mixin.py:104} INFO - [2022-01-03 20:34:00,841] {dag.py:1832} INFO - Sync 1 DAGs
[2022-01-03 20:34:01,335] {logging_mixin.py:104} INFO - [2022-01-03 20:34:01,335] {dag.py:2305} INFO - Setting next_dagrun for example_branch_datetime_operator_2 to 2022-01-01 00:00:00+00:00
[2022-01-03 20:34:01,386] {scheduler_job.py:190} INFO - Processing /home/airflow/sandbox/lib/python3.8/site-packages/airflow/example_dags/example_branch_datetime_operator.py took 0.909 seconds
[2022-01-03 20:34:33,272] {scheduler_job.py:182} INFO - Started process (PID=11505) to work on /home/airflow/sandbox/lib/python3.8/site-packages/airflow/example_dags/example_branch_datetime_operator.py
[2022-01-03 20:34:33,273] {scheduler_job.py:633} INFO - Processing file /home/airflow/sandbox/lib/python3.8/site-packages/airflow/example_dags/example_branch_datetime_operator.py for tasks to queue
[2022-01-03 20:34:33,276] {logging_mixin.py:104} INFO - [2022-01-03 20:34:33,276] {dagbag.py:487} INFO - Filling up the DagBag from /home/airflow/sandbox/lib/python3.8/site-packages/airflow/example_dags/example_branch_datetime_operator.py
[2022-01-03 20:34:33,342] {scheduler_job.py:643} INFO - DAG(s) dict_keys(['example_branch_datetime_operator_2']) retrieved from /home/airflow/sandbox/lib/python3.8/site-packages/airflow/example_dags/example_branch_datetime_operator.py
[2022-01-03 20:34:33,469] {logging_mixin.py:104} INFO - [2022-01-03 20:34:33,469] {dag.py:1832} INFO - Sync 1 DAGs
[2022-01-03 20:34:33,589] {logging_mixin.py:104} INFO - [2022-01-03 20:34:33,589] {dag.py:2305} INFO - Setting next_dagrun for example_branch_datetime_operator_2 to 2022-01-01 00:00:00+00:00
[2022-01-03 20:34:33,715] {scheduler_job.py:190} INFO - Processing /home/airflow/sandbox/lib/python3.8/site-packages/airflow/example_dags/example_branch_datetime_operator.py took 0.573 seconds
[2022-01-03 20:35:04,626] {scheduler_job.py:182} INFO - Started process (PID=11823) to work on /home/airflow/sandbox/lib/python3.8/site-packages/airflow/example_dags/example_branch_datetime_operator.py
[2022-01-03 20:35:04,632] {scheduler_job.py:633} INFO - Processing file /home/airflow/sandbox/lib/python3.8/site-packages/airflow/example_dags/example_branch_datetime_operator.py for tasks to queue
[2022-01-03 20:35:04,633] {logging_mixin.py:104} INFO - [2022-01-03 20:35:04,633] {dagbag.py:487} INFO - Filling up the DagBag from /home/airflow/sandbox/lib/python3.8/site-packages/airflow/example_dags/example_branch_datetime_operator.py
[2022-01-03 20:35:04,720] {scheduler_job.py:643} INFO - DAG(s) dict_keys(['example_branch_datetime_operator_2']) retrieved from /home/airflow/sandbox/lib/python3.8/site-packages/airflow/example_dags/example_branch_datetime_operator.py
[2022-01-03 20:35:04,838] {logging_mixin.py:104} INFO - [2022-01-03 20:35:04,838] {dag.py:1832} INFO - Sync 1 DAGs
[2022-01-03 20:35:04,922] {logging_mixin.py:104} INFO - [2022-01-03 20:35:04,922] {dag.py:2305} INFO - Setting next_dagrun for example_branch_datetime_operator_2 to 2022-01-01 00:00:00+00:00
[2022-01-03 20:35:04,937] {scheduler_job.py:190} INFO - Processing /home/airflow/sandbox/lib/python3.8/site-packages/airflow/example_dags/example_branch_datetime_operator.py took 0.315 seconds
[2022-01-03 20:35:35,060] {scheduler_job.py:182} INFO - Started process (PID=12022) to work on /home/airflow/sandbox/lib/python3.8/site-packages/airflow/example_dags/example_branch_datetime_operator.py
[2022-01-03 20:35:35,061] {scheduler_job.py:633} INFO - Processing file /home/airflow/sandbox/lib/python3.8/site-packages/airflow/example_dags/example_branch_datetime_operator.py for tasks to queue
[2022-01-03 20:35:35,061] {logging_mixin.py:104} INFO - [2022-01-03 20:35:35,061] {dagbag.py:487} INFO - Filling up the DagBag from /home/airflow/sandbox/lib/python3.8/site-packages/airflow/example_dags/example_branch_datetime_operator.py
[2022-01-03 20:35:35,075] {scheduler_job.py:643} INFO - DAG(s) dict_keys(['example_branch_datetime_operator_2']) retrieved from /home/airflow/sandbox/lib/python3.8/site-packages/airflow/example_dags/example_branch_datetime_operator.py
[2022-01-03 20:35:35,116] {logging_mixin.py:104} INFO - [2022-01-03 20:35:35,116] {dag.py:1832} INFO - Sync 1 DAGs
[2022-01-03 20:35:35,135] {logging_mixin.py:104} INFO - [2022-01-03 20:35:35,135] {dag.py:2305} INFO - Setting next_dagrun for example_branch_datetime_operator_2 to 2022-01-01 00:00:00+00:00
[2022-01-03 20:35:35,171] {scheduler_job.py:190} INFO - Processing /home/airflow/sandbox/lib/python3.8/site-packages/airflow/example_dags/example_branch_datetime_operator.py took 0.133 seconds
[2022-01-03 20:36:05,662] {scheduler_job.py:182} INFO - Started process (PID=12220) to work on /home/airflow/sandbox/lib/python3.8/site-packages/airflow/example_dags/example_branch_datetime_operator.py
[2022-01-03 20:36:05,664] {scheduler_job.py:633} INFO - Processing file /home/airflow/sandbox/lib/python3.8/site-packages/airflow/example_dags/example_branch_datetime_operator.py for tasks to queue
[2022-01-03 20:36:05,665] {logging_mixin.py:104} INFO - [2022-01-03 20:36:05,665] {dagbag.py:487} INFO - Filling up the DagBag from /home/airflow/sandbox/lib/python3.8/site-packages/airflow/example_dags/example_branch_datetime_operator.py
[2022-01-03 20:36:05,679] {scheduler_job.py:643} INFO - DAG(s) dict_keys(['example_branch_datetime_operator_2']) retrieved from /home/airflow/sandbox/lib/python3.8/site-packages/airflow/example_dags/example_branch_datetime_operator.py
[2022-01-03 20:36:05,760] {logging_mixin.py:104} INFO - [2022-01-03 20:36:05,760] {dag.py:1832} INFO - Sync 1 DAGs
[2022-01-03 20:36:05,787] {logging_mixin.py:104} INFO - [2022-01-03 20:36:05,786] {dag.py:2305} INFO - Setting next_dagrun for example_branch_datetime_operator_2 to 2022-01-01 00:00:00+00:00
[2022-01-03 20:36:05,819] {scheduler_job.py:190} INFO - Processing /home/airflow/sandbox/lib/python3.8/site-packages/airflow/example_dags/example_branch_datetime_operator.py took 0.185 seconds
[2022-01-03 20:36:36,977] {scheduler_job.py:182} INFO - Started process (PID=12419) to work on /home/airflow/sandbox/lib/python3.8/site-packages/airflow/example_dags/example_branch_datetime_operator.py
[2022-01-03 20:36:36,978] {scheduler_job.py:633} INFO - Processing file /home/airflow/sandbox/lib/python3.8/site-packages/airflow/example_dags/example_branch_datetime_operator.py for tasks to queue
[2022-01-03 20:36:36,978] {logging_mixin.py:104} INFO - [2022-01-03 20:36:36,978] {dagbag.py:487} INFO - Filling up the DagBag from /home/airflow/sandbox/lib/python3.8/site-packages/airflow/example_dags/example_branch_datetime_operator.py
[2022-01-03 20:36:37,015] {scheduler_job.py:643} INFO - DAG(s) dict_keys(['example_branch_datetime_operator_2']) retrieved from /home/airflow/sandbox/lib/python3.8/site-packages/airflow/example_dags/example_branch_datetime_operator.py
[2022-01-03 20:36:37,108] {logging_mixin.py:104} INFO - [2022-01-03 20:36:37,108] {dag.py:1832} INFO - Sync 1 DAGs
[2022-01-03 20:36:37,138] {logging_mixin.py:104} INFO - [2022-01-03 20:36:37,138] {dag.py:2305} INFO - Setting next_dagrun for example_branch_datetime_operator_2 to 2022-01-01 00:00:00+00:00
[2022-01-03 20:36:37,273] {scheduler_job.py:190} INFO - Processing /home/airflow/sandbox/lib/python3.8/site-packages/airflow/example_dags/example_branch_datetime_operator.py took 0.346 seconds
[2022-01-03 20:37:07,432] {scheduler_job.py:182} INFO - Started process (PID=12609) to work on /home/airflow/sandbox/lib/python3.8/site-packages/airflow/example_dags/example_branch_datetime_operator.py
[2022-01-03 20:37:07,462] {scheduler_job.py:633} INFO - Processing file /home/airflow/sandbox/lib/python3.8/site-packages/airflow/example_dags/example_branch_datetime_operator.py for tasks to queue
[2022-01-03 20:37:07,467] {logging_mixin.py:104} INFO - [2022-01-03 20:37:07,466] {dagbag.py:487} INFO - Filling up the DagBag from /home/airflow/sandbox/lib/python3.8/site-packages/airflow/example_dags/example_branch_datetime_operator.py
[2022-01-03 20:37:07,509] {scheduler_job.py:643} INFO - DAG(s) dict_keys(['example_branch_datetime_operator_2']) retrieved from /home/airflow/sandbox/lib/python3.8/site-packages/airflow/example_dags/example_branch_datetime_operator.py
[2022-01-03 20:37:07,616] {logging_mixin.py:104} INFO - [2022-01-03 20:37:07,616] {dag.py:1832} INFO - Sync 1 DAGs
[2022-01-03 20:37:07,658] {logging_mixin.py:104} INFO - [2022-01-03 20:37:07,658] {dag.py:2305} INFO - Setting next_dagrun for example_branch_datetime_operator_2 to 2022-01-01 00:00:00+00:00
[2022-01-03 20:37:07,676] {scheduler_job.py:190} INFO - Processing /home/airflow/sandbox/lib/python3.8/site-packages/airflow/example_dags/example_branch_datetime_operator.py took 0.289 seconds
[2022-01-03 20:37:38,333] {scheduler_job.py:182} INFO - Started process (PID=12836) to work on /home/airflow/sandbox/lib/python3.8/site-packages/airflow/example_dags/example_branch_datetime_operator.py
[2022-01-03 20:37:38,370] {scheduler_job.py:633} INFO - Processing file /home/airflow/sandbox/lib/python3.8/site-packages/airflow/example_dags/example_branch_datetime_operator.py for tasks to queue
[2022-01-03 20:37:38,371] {logging_mixin.py:104} INFO - [2022-01-03 20:37:38,371] {dagbag.py:487} INFO - Filling up the DagBag from /home/airflow/sandbox/lib/python3.8/site-packages/airflow/example_dags/example_branch_datetime_operator.py
[2022-01-03 20:37:38,483] {scheduler_job.py:643} INFO - DAG(s) dict_keys(['example_branch_datetime_operator_2']) retrieved from /home/airflow/sandbox/lib/python3.8/site-packages/airflow/example_dags/example_branch_datetime_operator.py
[2022-01-03 20:37:38,585] {logging_mixin.py:104} INFO - [2022-01-03 20:37:38,584] {dag.py:1832} INFO - Sync 1 DAGs
[2022-01-03 20:37:38,671] {logging_mixin.py:104} INFO - [2022-01-03 20:37:38,671] {dag.py:2305} INFO - Setting next_dagrun for example_branch_datetime_operator_2 to 2022-01-01 00:00:00+00:00
[2022-01-03 20:37:38,716] {scheduler_job.py:190} INFO - Processing /home/airflow/sandbox/lib/python3.8/site-packages/airflow/example_dags/example_branch_datetime_operator.py took 0.390 seconds
[2022-01-03 20:38:08,903] {scheduler_job.py:182} INFO - Started process (PID=13246) to work on /home/airflow/sandbox/lib/python3.8/site-packages/airflow/example_dags/example_branch_datetime_operator.py
[2022-01-03 20:38:08,904] {scheduler_job.py:633} INFO - Processing file /home/airflow/sandbox/lib/python3.8/site-packages/airflow/example_dags/example_branch_datetime_operator.py for tasks to queue
[2022-01-03 20:38:08,906] {logging_mixin.py:104} INFO - [2022-01-03 20:38:08,906] {dagbag.py:487} INFO - Filling up the DagBag from /home/airflow/sandbox/lib/python3.8/site-packages/airflow/example_dags/example_branch_datetime_operator.py
[2022-01-03 20:38:08,934] {scheduler_job.py:643} INFO - DAG(s) dict_keys(['example_branch_datetime_operator_2']) retrieved from /home/airflow/sandbox/lib/python3.8/site-packages/airflow/example_dags/example_branch_datetime_operator.py
[2022-01-03 20:38:09,058] {logging_mixin.py:104} INFO - [2022-01-03 20:38:09,058] {dag.py:1832} INFO - Sync 1 DAGs
[2022-01-03 20:38:09,118] {logging_mixin.py:104} INFO - [2022-01-03 20:38:09,118] {dag.py:2305} INFO - Setting next_dagrun for example_branch_datetime_operator_2 to 2022-01-01 00:00:00+00:00
[2022-01-03 20:38:09,164] {scheduler_job.py:190} INFO - Processing /home/airflow/sandbox/lib/python3.8/site-packages/airflow/example_dags/example_branch_datetime_operator.py took 0.270 seconds
[2022-01-03 20:38:40,268] {scheduler_job.py:182} INFO - Started process (PID=13447) to work on /home/airflow/sandbox/lib/python3.8/site-packages/airflow/example_dags/example_branch_datetime_operator.py
[2022-01-03 20:38:40,274] {scheduler_job.py:633} INFO - Processing file /home/airflow/sandbox/lib/python3.8/site-packages/airflow/example_dags/example_branch_datetime_operator.py for tasks to queue
[2022-01-03 20:38:40,281] {logging_mixin.py:104} INFO - [2022-01-03 20:38:40,281] {dagbag.py:487} INFO - Filling up the DagBag from /home/airflow/sandbox/lib/python3.8/site-packages/airflow/example_dags/example_branch_datetime_operator.py
[2022-01-03 20:38:40,326] {scheduler_job.py:643} INFO - DAG(s) dict_keys(['example_branch_datetime_operator_2']) retrieved from /home/airflow/sandbox/lib/python3.8/site-packages/airflow/example_dags/example_branch_datetime_operator.py
[2022-01-03 20:38:40,393] {logging_mixin.py:104} INFO - [2022-01-03 20:38:40,393] {dag.py:1832} INFO - Sync 1 DAGs
[2022-01-03 20:38:40,441] {logging_mixin.py:104} INFO - [2022-01-03 20:38:40,432] {dag.py:2305} INFO - Setting next_dagrun for example_branch_datetime_operator_2 to 2022-01-01 00:00:00+00:00
[2022-01-03 20:38:40,469] {scheduler_job.py:190} INFO - Processing /home/airflow/sandbox/lib/python3.8/site-packages/airflow/example_dags/example_branch_datetime_operator.py took 0.207 seconds
[2022-01-03 20:39:10,659] {scheduler_job.py:182} INFO - Started process (PID=13641) to work on /home/airflow/sandbox/lib/python3.8/site-packages/airflow/example_dags/example_branch_datetime_operator.py
[2022-01-03 20:39:10,673] {scheduler_job.py:633} INFO - Processing file /home/airflow/sandbox/lib/python3.8/site-packages/airflow/example_dags/example_branch_datetime_operator.py for tasks to queue
[2022-01-03 20:39:10,674] {logging_mixin.py:104} INFO - [2022-01-03 20:39:10,674] {dagbag.py:487} INFO - Filling up the DagBag from /home/airflow/sandbox/lib/python3.8/site-packages/airflow/example_dags/example_branch_datetime_operator.py
[2022-01-03 20:39:10,724] {scheduler_job.py:643} INFO - DAG(s) dict_keys(['example_branch_datetime_operator_2']) retrieved from /home/airflow/sandbox/lib/python3.8/site-packages/airflow/example_dags/example_branch_datetime_operator.py
[2022-01-03 20:39:10,793] {logging_mixin.py:104} INFO - [2022-01-03 20:39:10,792] {dag.py:1832} INFO - Sync 1 DAGs
[2022-01-03 20:39:10,850] {logging_mixin.py:104} INFO - [2022-01-03 20:39:10,850] {dag.py:2305} INFO - Setting next_dagrun for example_branch_datetime_operator_2 to 2022-01-01 00:00:00+00:00
[2022-01-03 20:39:10,877] {scheduler_job.py:190} INFO - Processing /home/airflow/sandbox/lib/python3.8/site-packages/airflow/example_dags/example_branch_datetime_operator.py took 0.247 seconds
[2022-01-03 20:39:41,105] {scheduler_job.py:182} INFO - Started process (PID=13831) to work on /home/airflow/sandbox/lib/python3.8/site-packages/airflow/example_dags/example_branch_datetime_operator.py
[2022-01-03 20:39:41,109] {scheduler_job.py:633} INFO - Processing file /home/airflow/sandbox/lib/python3.8/site-packages/airflow/example_dags/example_branch_datetime_operator.py for tasks to queue
[2022-01-03 20:39:41,112] {logging_mixin.py:104} INFO - [2022-01-03 20:39:41,112] {dagbag.py:487} INFO - Filling up the DagBag from /home/airflow/sandbox/lib/python3.8/site-packages/airflow/example_dags/example_branch_datetime_operator.py
[2022-01-03 20:39:41,130] {scheduler_job.py:643} INFO - DAG(s) dict_keys(['example_branch_datetime_operator_2']) retrieved from /home/airflow/sandbox/lib/python3.8/site-packages/airflow/example_dags/example_branch_datetime_operator.py
[2022-01-03 20:39:41,307] {logging_mixin.py:104} INFO - [2022-01-03 20:39:41,307] {dag.py:1832} INFO - Sync 1 DAGs
[2022-01-03 20:39:41,415] {logging_mixin.py:104} INFO - [2022-01-03 20:39:41,415] {dag.py:2305} INFO - Setting next_dagrun for example_branch_datetime_operator_2 to 2022-01-01 00:00:00+00:00
[2022-01-03 20:39:41,459] {scheduler_job.py:190} INFO - Processing /home/airflow/sandbox/lib/python3.8/site-packages/airflow/example_dags/example_branch_datetime_operator.py took 0.359 seconds
[2022-01-03 20:40:12,714] {scheduler_job.py:182} INFO - Started process (PID=14039) to work on /home/airflow/sandbox/lib/python3.8/site-packages/airflow/example_dags/example_branch_datetime_operator.py
[2022-01-03 20:40:12,717] {scheduler_job.py:633} INFO - Processing file /home/airflow/sandbox/lib/python3.8/site-packages/airflow/example_dags/example_branch_datetime_operator.py for tasks to queue
[2022-01-03 20:40:12,721] {logging_mixin.py:104} INFO - [2022-01-03 20:40:12,721] {dagbag.py:487} INFO - Filling up the DagBag from /home/airflow/sandbox/lib/python3.8/site-packages/airflow/example_dags/example_branch_datetime_operator.py
[2022-01-03 20:40:12,754] {scheduler_job.py:643} INFO - DAG(s) dict_keys(['example_branch_datetime_operator_2']) retrieved from /home/airflow/sandbox/lib/python3.8/site-packages/airflow/example_dags/example_branch_datetime_operator.py
[2022-01-03 20:40:12,858] {logging_mixin.py:104} INFO - [2022-01-03 20:40:12,858] {dag.py:1832} INFO - Sync 1 DAGs
[2022-01-03 20:40:12,926] {logging_mixin.py:104} INFO - [2022-01-03 20:40:12,926] {dag.py:2305} INFO - Setting next_dagrun for example_branch_datetime_operator_2 to 2022-01-01 00:00:00+00:00
[2022-01-03 20:40:12,955] {scheduler_job.py:190} INFO - Processing /home/airflow/sandbox/lib/python3.8/site-packages/airflow/example_dags/example_branch_datetime_operator.py took 0.245 seconds
[2022-01-03 20:40:43,825] {scheduler_job.py:182} INFO - Started process (PID=14235) to work on /home/airflow/sandbox/lib/python3.8/site-packages/airflow/example_dags/example_branch_datetime_operator.py
[2022-01-03 20:40:43,841] {scheduler_job.py:633} INFO - Processing file /home/airflow/sandbox/lib/python3.8/site-packages/airflow/example_dags/example_branch_datetime_operator.py for tasks to queue
[2022-01-03 20:40:43,842] {logging_mixin.py:104} INFO - [2022-01-03 20:40:43,842] {dagbag.py:487} INFO - Filling up the DagBag from /home/airflow/sandbox/lib/python3.8/site-packages/airflow/example_dags/example_branch_datetime_operator.py
[2022-01-03 20:40:43,851] {scheduler_job.py:643} INFO - DAG(s) dict_keys(['example_branch_datetime_operator_2']) retrieved from /home/airflow/sandbox/lib/python3.8/site-packages/airflow/example_dags/example_branch_datetime_operator.py
[2022-01-03 20:40:43,912] {logging_mixin.py:104} INFO - [2022-01-03 20:40:43,912] {dag.py:1832} INFO - Sync 1 DAGs
[2022-01-03 20:40:43,958] {logging_mixin.py:104} INFO - [2022-01-03 20:40:43,958] {dag.py:2305} INFO - Setting next_dagrun for example_branch_datetime_operator_2 to 2022-01-01 00:00:00+00:00
[2022-01-03 20:40:44,019] {scheduler_job.py:190} INFO - Processing /home/airflow/sandbox/lib/python3.8/site-packages/airflow/example_dags/example_branch_datetime_operator.py took 0.204 seconds
[2022-01-03 20:41:14,317] {scheduler_job.py:182} INFO - Started process (PID=14433) to work on /home/airflow/sandbox/lib/python3.8/site-packages/airflow/example_dags/example_branch_datetime_operator.py
[2022-01-03 20:41:14,317] {scheduler_job.py:633} INFO - Processing file /home/airflow/sandbox/lib/python3.8/site-packages/airflow/example_dags/example_branch_datetime_operator.py for tasks to queue
[2022-01-03 20:41:14,318] {logging_mixin.py:104} INFO - [2022-01-03 20:41:14,318] {dagbag.py:487} INFO - Filling up the DagBag from /home/airflow/sandbox/lib/python3.8/site-packages/airflow/example_dags/example_branch_datetime_operator.py
[2022-01-03 20:41:14,357] {scheduler_job.py:643} INFO - DAG(s) dict_keys(['example_branch_datetime_operator_2']) retrieved from /home/airflow/sandbox/lib/python3.8/site-packages/airflow/example_dags/example_branch_datetime_operator.py
[2022-01-03 20:41:14,410] {logging_mixin.py:104} INFO - [2022-01-03 20:41:14,410] {dag.py:1832} INFO - Sync 1 DAGs
[2022-01-03 20:41:14,451] {logging_mixin.py:104} INFO - [2022-01-03 20:41:14,451] {dag.py:2305} INFO - Setting next_dagrun for example_branch_datetime_operator_2 to 2022-01-01 00:00:00+00:00
[2022-01-03 20:41:14,475] {scheduler_job.py:190} INFO - Processing /home/airflow/sandbox/lib/python3.8/site-packages/airflow/example_dags/example_branch_datetime_operator.py took 0.167 seconds
[2022-01-03 20:41:44,967] {scheduler_job.py:182} INFO - Started process (PID=14633) to work on /home/airflow/sandbox/lib/python3.8/site-packages/airflow/example_dags/example_branch_datetime_operator.py
[2022-01-03 20:41:44,969] {scheduler_job.py:633} INFO - Processing file /home/airflow/sandbox/lib/python3.8/site-packages/airflow/example_dags/example_branch_datetime_operator.py for tasks to queue
[2022-01-03 20:41:44,970] {logging_mixin.py:104} INFO - [2022-01-03 20:41:44,970] {dagbag.py:487} INFO - Filling up the DagBag from /home/airflow/sandbox/lib/python3.8/site-packages/airflow/example_dags/example_branch_datetime_operator.py
[2022-01-03 20:41:44,999] {scheduler_job.py:643} INFO - DAG(s) dict_keys(['example_branch_datetime_operator_2']) retrieved from /home/airflow/sandbox/lib/python3.8/site-packages/airflow/example_dags/example_branch_datetime_operator.py
[2022-01-03 20:41:45,052] {logging_mixin.py:104} INFO - [2022-01-03 20:41:45,052] {dag.py:1832} INFO - Sync 1 DAGs
[2022-01-03 20:41:45,094] {logging_mixin.py:104} INFO - [2022-01-03 20:41:45,094] {dag.py:2305} INFO - Setting next_dagrun for example_branch_datetime_operator_2 to 2022-01-01 00:00:00+00:00
[2022-01-03 20:41:45,210] {scheduler_job.py:190} INFO - Processing /home/airflow/sandbox/lib/python3.8/site-packages/airflow/example_dags/example_branch_datetime_operator.py took 0.245 seconds
[2022-01-03 20:42:15,809] {scheduler_job.py:182} INFO - Started process (PID=14832) to work on /home/airflow/sandbox/lib/python3.8/site-packages/airflow/example_dags/example_branch_datetime_operator.py
[2022-01-03 20:42:15,812] {scheduler_job.py:633} INFO - Processing file /home/airflow/sandbox/lib/python3.8/site-packages/airflow/example_dags/example_branch_datetime_operator.py for tasks to queue
[2022-01-03 20:42:15,813] {logging_mixin.py:104} INFO - [2022-01-03 20:42:15,813] {dagbag.py:487} INFO - Filling up the DagBag from /home/airflow/sandbox/lib/python3.8/site-packages/airflow/example_dags/example_branch_datetime_operator.py
[2022-01-03 20:42:15,844] {scheduler_job.py:643} INFO - DAG(s) dict_keys(['example_branch_datetime_operator_2']) retrieved from /home/airflow/sandbox/lib/python3.8/site-packages/airflow/example_dags/example_branch_datetime_operator.py
[2022-01-03 20:42:15,891] {logging_mixin.py:104} INFO - [2022-01-03 20:42:15,891] {dag.py:1832} INFO - Sync 1 DAGs
[2022-01-03 20:42:15,908] {logging_mixin.py:104} INFO - [2022-01-03 20:42:15,908] {dag.py:2305} INFO - Setting next_dagrun for example_branch_datetime_operator_2 to 2022-01-01 00:00:00+00:00
[2022-01-03 20:42:16,023] {scheduler_job.py:190} INFO - Processing /home/airflow/sandbox/lib/python3.8/site-packages/airflow/example_dags/example_branch_datetime_operator.py took 0.218 seconds
[2022-01-03 20:42:46,293] {scheduler_job.py:182} INFO - Started process (PID=15273) to work on /home/airflow/sandbox/lib/python3.8/site-packages/airflow/example_dags/example_branch_datetime_operator.py
[2022-01-03 20:42:46,294] {scheduler_job.py:633} INFO - Processing file /home/airflow/sandbox/lib/python3.8/site-packages/airflow/example_dags/example_branch_datetime_operator.py for tasks to queue
[2022-01-03 20:42:46,294] {logging_mixin.py:104} INFO - [2022-01-03 20:42:46,294] {dagbag.py:487} INFO - Filling up the DagBag from /home/airflow/sandbox/lib/python3.8/site-packages/airflow/example_dags/example_branch_datetime_operator.py
[2022-01-03 20:42:46,314] {scheduler_job.py:643} INFO - DAG(s) dict_keys(['example_branch_datetime_operator_2']) retrieved from /home/airflow/sandbox/lib/python3.8/site-packages/airflow/example_dags/example_branch_datetime_operator.py
[2022-01-03 20:42:46,359] {logging_mixin.py:104} INFO - [2022-01-03 20:42:46,358] {dag.py:1832} INFO - Sync 1 DAGs
[2022-01-03 20:42:46,536] {logging_mixin.py:104} INFO - [2022-01-03 20:42:46,536] {dag.py:2305} INFO - Setting next_dagrun for example_branch_datetime_operator_2 to 2022-01-01 00:00:00+00:00
[2022-01-03 20:42:46,552] {scheduler_job.py:190} INFO - Processing /home/airflow/sandbox/lib/python3.8/site-packages/airflow/example_dags/example_branch_datetime_operator.py took 0.264 seconds
[2022-01-03 20:43:17,101] {scheduler_job.py:182} INFO - Started process (PID=15472) to work on /home/airflow/sandbox/lib/python3.8/site-packages/airflow/example_dags/example_branch_datetime_operator.py
[2022-01-03 20:43:17,102] {scheduler_job.py:633} INFO - Processing file /home/airflow/sandbox/lib/python3.8/site-packages/airflow/example_dags/example_branch_datetime_operator.py for tasks to queue
[2022-01-03 20:43:17,102] {logging_mixin.py:104} INFO - [2022-01-03 20:43:17,102] {dagbag.py:487} INFO - Filling up the DagBag from /home/airflow/sandbox/lib/python3.8/site-packages/airflow/example_dags/example_branch_datetime_operator.py
[2022-01-03 20:43:17,115] {scheduler_job.py:643} INFO - DAG(s) dict_keys(['example_branch_datetime_operator_2']) retrieved from /home/airflow/sandbox/lib/python3.8/site-packages/airflow/example_dags/example_branch_datetime_operator.py
[2022-01-03 20:43:17,160] {logging_mixin.py:104} INFO - [2022-01-03 20:43:17,160] {dag.py:1832} INFO - Sync 1 DAGs
[2022-01-03 20:43:17,253] {logging_mixin.py:104} INFO - [2022-01-03 20:43:17,253] {dag.py:2305} INFO - Setting next_dagrun for example_branch_datetime_operator_2 to 2022-01-01 00:00:00+00:00
[2022-01-03 20:43:17,293] {scheduler_job.py:190} INFO - Processing /home/airflow/sandbox/lib/python3.8/site-packages/airflow/example_dags/example_branch_datetime_operator.py took 0.199 seconds
[2022-01-03 20:43:47,545] {scheduler_job.py:182} INFO - Started process (PID=15672) to work on /home/airflow/sandbox/lib/python3.8/site-packages/airflow/example_dags/example_branch_datetime_operator.py
[2022-01-03 20:43:47,546] {scheduler_job.py:633} INFO - Processing file /home/airflow/sandbox/lib/python3.8/site-packages/airflow/example_dags/example_branch_datetime_operator.py for tasks to queue
[2022-01-03 20:43:47,547] {logging_mixin.py:104} INFO - [2022-01-03 20:43:47,547] {dagbag.py:487} INFO - Filling up the DagBag from /home/airflow/sandbox/lib/python3.8/site-packages/airflow/example_dags/example_branch_datetime_operator.py
[2022-01-03 20:43:47,556] {scheduler_job.py:643} INFO - DAG(s) dict_keys(['example_branch_datetime_operator_2']) retrieved from /home/airflow/sandbox/lib/python3.8/site-packages/airflow/example_dags/example_branch_datetime_operator.py
[2022-01-03 20:43:47,600] {logging_mixin.py:104} INFO - [2022-01-03 20:43:47,600] {dag.py:1832} INFO - Sync 1 DAGs
[2022-01-03 20:43:47,718] {logging_mixin.py:104} INFO - [2022-01-03 20:43:47,718] {dag.py:2305} INFO - Setting next_dagrun for example_branch_datetime_operator_2 to 2022-01-01 00:00:00+00:00
[2022-01-03 20:43:47,742] {scheduler_job.py:190} INFO - Processing /home/airflow/sandbox/lib/python3.8/site-packages/airflow/example_dags/example_branch_datetime_operator.py took 0.202 seconds
[2022-01-03 20:44:18,342] {scheduler_job.py:182} INFO - Started process (PID=15871) to work on /home/airflow/sandbox/lib/python3.8/site-packages/airflow/example_dags/example_branch_datetime_operator.py
[2022-01-03 20:44:18,344] {scheduler_job.py:633} INFO - Processing file /home/airflow/sandbox/lib/python3.8/site-packages/airflow/example_dags/example_branch_datetime_operator.py for tasks to queue
[2022-01-03 20:44:18,345] {logging_mixin.py:104} INFO - [2022-01-03 20:44:18,345] {dagbag.py:487} INFO - Filling up the DagBag from /home/airflow/sandbox/lib/python3.8/site-packages/airflow/example_dags/example_branch_datetime_operator.py
[2022-01-03 20:44:18,354] {scheduler_job.py:643} INFO - DAG(s) dict_keys(['example_branch_datetime_operator_2']) retrieved from /home/airflow/sandbox/lib/python3.8/site-packages/airflow/example_dags/example_branch_datetime_operator.py
[2022-01-03 20:44:18,391] {logging_mixin.py:104} INFO - [2022-01-03 20:44:18,391] {dag.py:1832} INFO - Sync 1 DAGs
[2022-01-03 20:44:18,497] {logging_mixin.py:104} INFO - [2022-01-03 20:44:18,497] {dag.py:2305} INFO - Setting next_dagrun for example_branch_datetime_operator_2 to 2022-01-01 00:00:00+00:00
[2022-01-03 20:44:18,517] {scheduler_job.py:190} INFO - Processing /home/airflow/sandbox/lib/python3.8/site-packages/airflow/example_dags/example_branch_datetime_operator.py took 0.180 seconds
[2022-01-03 20:44:49,088] {scheduler_job.py:182} INFO - Started process (PID=16071) to work on /home/airflow/sandbox/lib/python3.8/site-packages/airflow/example_dags/example_branch_datetime_operator.py
[2022-01-03 20:44:49,089] {scheduler_job.py:633} INFO - Processing file /home/airflow/sandbox/lib/python3.8/site-packages/airflow/example_dags/example_branch_datetime_operator.py for tasks to queue
[2022-01-03 20:44:49,090] {logging_mixin.py:104} INFO - [2022-01-03 20:44:49,089] {dagbag.py:487} INFO - Filling up the DagBag from /home/airflow/sandbox/lib/python3.8/site-packages/airflow/example_dags/example_branch_datetime_operator.py
[2022-01-03 20:44:49,100] {scheduler_job.py:643} INFO - DAG(s) dict_keys(['example_branch_datetime_operator_2']) retrieved from /home/airflow/sandbox/lib/python3.8/site-packages/airflow/example_dags/example_branch_datetime_operator.py
[2022-01-03 20:44:49,144] {logging_mixin.py:104} INFO - [2022-01-03 20:44:49,143] {dag.py:1832} INFO - Sync 1 DAGs
[2022-01-03 20:44:49,257] {logging_mixin.py:104} INFO - [2022-01-03 20:44:49,256] {dag.py:2305} INFO - Setting next_dagrun for example_branch_datetime_operator_2 to 2022-01-01 00:00:00+00:00
[2022-01-03 20:44:49,266] {scheduler_job.py:190} INFO - Processing /home/airflow/sandbox/lib/python3.8/site-packages/airflow/example_dags/example_branch_datetime_operator.py took 0.183 seconds
