[2022-01-03 20:18:01,514] {scheduler_job.py:182} INFO - Started process (PID=2703) to work on /home/airflow/sandbox/lib/python3.8/site-packages/airflow/example_dags/example_short_circuit_operator.py
[2022-01-03 20:18:01,515] {scheduler_job.py:633} INFO - Processing file /home/airflow/sandbox/lib/python3.8/site-packages/airflow/example_dags/example_short_circuit_operator.py for tasks to queue
[2022-01-03 20:18:01,517] {logging_mixin.py:104} INFO - [2022-01-03 20:18:01,517] {dagbag.py:487} INFO - Filling up the DagBag from /home/airflow/sandbox/lib/python3.8/site-packages/airflow/example_dags/example_short_circuit_operator.py
[2022-01-03 20:18:01,552] {scheduler_job.py:643} INFO - DAG(s) dict_keys(['example_short_circuit_operator']) retrieved from /home/airflow/sandbox/lib/python3.8/site-packages/airflow/example_dags/example_short_circuit_operator.py
[2022-01-03 20:18:02,103] {logging_mixin.py:104} INFO - [2022-01-03 20:18:02,103] {dag.py:1832} INFO - Sync 1 DAGs
[2022-01-03 20:18:02,115] {logging_mixin.py:104} INFO - [2022-01-03 20:18:02,115] {dag.py:2305} INFO - Setting next_dagrun for example_short_circuit_operator to 2022-01-01 00:00:00+00:00
[2022-01-03 20:18:02,151] {scheduler_job.py:190} INFO - Processing /home/airflow/sandbox/lib/python3.8/site-packages/airflow/example_dags/example_short_circuit_operator.py took 0.641 seconds
[2022-01-03 20:19:50,499] {scheduler_job.py:182} INFO - Started process (PID=3474) to work on /home/airflow/sandbox/lib/python3.8/site-packages/airflow/example_dags/example_short_circuit_operator.py
[2022-01-03 20:19:50,502] {scheduler_job.py:633} INFO - Processing file /home/airflow/sandbox/lib/python3.8/site-packages/airflow/example_dags/example_short_circuit_operator.py for tasks to queue
[2022-01-03 20:19:50,504] {logging_mixin.py:104} INFO - [2022-01-03 20:19:50,503] {dagbag.py:487} INFO - Filling up the DagBag from /home/airflow/sandbox/lib/python3.8/site-packages/airflow/example_dags/example_short_circuit_operator.py
[2022-01-03 20:19:50,540] {scheduler_job.py:643} INFO - DAG(s) dict_keys(['example_short_circuit_operator']) retrieved from /home/airflow/sandbox/lib/python3.8/site-packages/airflow/example_dags/example_short_circuit_operator.py
[2022-01-03 20:19:50,558] {logging_mixin.py:104} INFO - [2022-01-03 20:19:50,558] {dag.py:1832} INFO - Sync 1 DAGs
[2022-01-03 20:19:50,588] {logging_mixin.py:104} INFO - [2022-01-03 20:19:50,588] {dag.py:2305} INFO - Setting next_dagrun for example_short_circuit_operator to 2022-01-01 00:00:00+00:00
[2022-01-03 20:19:50,602] {scheduler_job.py:190} INFO - Processing /home/airflow/sandbox/lib/python3.8/site-packages/airflow/example_dags/example_short_circuit_operator.py took 0.107 seconds
[2022-01-03 20:20:31,041] {scheduler_job.py:182} INFO - Started process (PID=3508) to work on /home/airflow/sandbox/lib/python3.8/site-packages/airflow/example_dags/example_short_circuit_operator.py
[2022-01-03 20:20:31,044] {scheduler_job.py:633} INFO - Processing file /home/airflow/sandbox/lib/python3.8/site-packages/airflow/example_dags/example_short_circuit_operator.py for tasks to queue
[2022-01-03 20:20:31,046] {logging_mixin.py:104} INFO - [2022-01-03 20:20:31,046] {dagbag.py:487} INFO - Filling up the DagBag from /home/airflow/sandbox/lib/python3.8/site-packages/airflow/example_dags/example_short_circuit_operator.py
[2022-01-03 20:20:31,063] {scheduler_job.py:643} INFO - DAG(s) dict_keys(['example_short_circuit_operator']) retrieved from /home/airflow/sandbox/lib/python3.8/site-packages/airflow/example_dags/example_short_circuit_operator.py
[2022-01-03 20:20:31,095] {logging_mixin.py:104} INFO - [2022-01-03 20:20:31,095] {dag.py:1832} INFO - Sync 1 DAGs
[2022-01-03 20:20:31,106] {logging_mixin.py:104} INFO - [2022-01-03 20:20:31,106] {dag.py:2305} INFO - Setting next_dagrun for example_short_circuit_operator to 2022-01-01 00:00:00+00:00
[2022-01-03 20:20:31,149] {scheduler_job.py:190} INFO - Processing /home/airflow/sandbox/lib/python3.8/site-packages/airflow/example_dags/example_short_circuit_operator.py took 0.114 seconds
[2022-01-03 20:21:05,241] {scheduler_job.py:182} INFO - Started process (PID=3536) to work on /home/airflow/sandbox/lib/python3.8/site-packages/airflow/example_dags/example_short_circuit_operator.py
[2022-01-03 20:21:05,242] {scheduler_job.py:633} INFO - Processing file /home/airflow/sandbox/lib/python3.8/site-packages/airflow/example_dags/example_short_circuit_operator.py for tasks to queue
[2022-01-03 20:21:05,242] {logging_mixin.py:104} INFO - [2022-01-03 20:21:05,242] {dagbag.py:487} INFO - Filling up the DagBag from /home/airflow/sandbox/lib/python3.8/site-packages/airflow/example_dags/example_short_circuit_operator.py
[2022-01-03 20:21:05,255] {scheduler_job.py:643} INFO - DAG(s) dict_keys(['example_short_circuit_operator']) retrieved from /home/airflow/sandbox/lib/python3.8/site-packages/airflow/example_dags/example_short_circuit_operator.py
[2022-01-03 20:21:05,288] {logging_mixin.py:104} INFO - [2022-01-03 20:21:05,287] {dag.py:1832} INFO - Sync 1 DAGs
[2022-01-03 20:21:05,301] {logging_mixin.py:104} INFO - [2022-01-03 20:21:05,301] {dag.py:2305} INFO - Setting next_dagrun for example_short_circuit_operator to 2022-01-01 00:00:00+00:00
[2022-01-03 20:21:05,315] {scheduler_job.py:190} INFO - Processing /home/airflow/sandbox/lib/python3.8/site-packages/airflow/example_dags/example_short_circuit_operator.py took 0.077 seconds
[2022-01-03 20:21:41,455] {scheduler_job.py:182} INFO - Started process (PID=3568) to work on /home/airflow/sandbox/lib/python3.8/site-packages/airflow/example_dags/example_short_circuit_operator.py
[2022-01-03 20:21:41,455] {scheduler_job.py:633} INFO - Processing file /home/airflow/sandbox/lib/python3.8/site-packages/airflow/example_dags/example_short_circuit_operator.py for tasks to queue
[2022-01-03 20:21:41,456] {logging_mixin.py:104} INFO - [2022-01-03 20:21:41,456] {dagbag.py:487} INFO - Filling up the DagBag from /home/airflow/sandbox/lib/python3.8/site-packages/airflow/example_dags/example_short_circuit_operator.py
[2022-01-03 20:21:41,491] {scheduler_job.py:643} INFO - DAG(s) dict_keys(['example_short_circuit_operator']) retrieved from /home/airflow/sandbox/lib/python3.8/site-packages/airflow/example_dags/example_short_circuit_operator.py
[2022-01-03 20:21:41,513] {logging_mixin.py:104} INFO - [2022-01-03 20:21:41,513] {dag.py:1832} INFO - Sync 1 DAGs
[2022-01-03 20:21:41,546] {logging_mixin.py:104} INFO - [2022-01-03 20:21:41,545] {dag.py:2305} INFO - Setting next_dagrun for example_short_circuit_operator to 2022-01-01 00:00:00+00:00
[2022-01-03 20:21:41,564] {scheduler_job.py:190} INFO - Processing /home/airflow/sandbox/lib/python3.8/site-packages/airflow/example_dags/example_short_circuit_operator.py took 0.116 seconds
[2022-01-03 20:22:17,608] {scheduler_job.py:182} INFO - Started process (PID=3640) to work on /home/airflow/sandbox/lib/python3.8/site-packages/airflow/example_dags/example_short_circuit_operator.py
[2022-01-03 20:22:17,611] {scheduler_job.py:633} INFO - Processing file /home/airflow/sandbox/lib/python3.8/site-packages/airflow/example_dags/example_short_circuit_operator.py for tasks to queue
[2022-01-03 20:22:17,612] {logging_mixin.py:104} INFO - [2022-01-03 20:22:17,612] {dagbag.py:487} INFO - Filling up the DagBag from /home/airflow/sandbox/lib/python3.8/site-packages/airflow/example_dags/example_short_circuit_operator.py
[2022-01-03 20:22:17,644] {scheduler_job.py:643} INFO - DAG(s) dict_keys(['example_short_circuit_operator']) retrieved from /home/airflow/sandbox/lib/python3.8/site-packages/airflow/example_dags/example_short_circuit_operator.py
[2022-01-03 20:22:17,661] {logging_mixin.py:104} INFO - [2022-01-03 20:22:17,661] {dag.py:1832} INFO - Sync 1 DAGs
[2022-01-03 20:22:17,689] {logging_mixin.py:104} INFO - [2022-01-03 20:22:17,689] {dag.py:2305} INFO - Setting next_dagrun for example_short_circuit_operator to 2022-01-01 00:00:00+00:00
[2022-01-03 20:22:17,708] {scheduler_job.py:190} INFO - Processing /home/airflow/sandbox/lib/python3.8/site-packages/airflow/example_dags/example_short_circuit_operator.py took 0.103 seconds
[2022-01-03 20:22:55,886] {scheduler_job.py:182} INFO - Started process (PID=3714) to work on /home/airflow/sandbox/lib/python3.8/site-packages/airflow/example_dags/example_short_circuit_operator.py
[2022-01-03 20:22:55,888] {scheduler_job.py:633} INFO - Processing file /home/airflow/sandbox/lib/python3.8/site-packages/airflow/example_dags/example_short_circuit_operator.py for tasks to queue
[2022-01-03 20:22:55,889] {logging_mixin.py:104} INFO - [2022-01-03 20:22:55,889] {dagbag.py:487} INFO - Filling up the DagBag from /home/airflow/sandbox/lib/python3.8/site-packages/airflow/example_dags/example_short_circuit_operator.py
[2022-01-03 20:22:55,902] {scheduler_job.py:643} INFO - DAG(s) dict_keys(['example_short_circuit_operator']) retrieved from /home/airflow/sandbox/lib/python3.8/site-packages/airflow/example_dags/example_short_circuit_operator.py
[2022-01-03 20:22:55,933] {logging_mixin.py:104} INFO - [2022-01-03 20:22:55,933] {dag.py:1832} INFO - Sync 1 DAGs
[2022-01-03 20:22:55,944] {logging_mixin.py:104} INFO - [2022-01-03 20:22:55,944] {dag.py:2305} INFO - Setting next_dagrun for example_short_circuit_operator to 2022-01-01 00:00:00+00:00
[2022-01-03 20:22:55,956] {scheduler_job.py:190} INFO - Processing /home/airflow/sandbox/lib/python3.8/site-packages/airflow/example_dags/example_short_circuit_operator.py took 0.073 seconds
[2022-01-03 20:23:36,478] {scheduler_job.py:182} INFO - Started process (PID=4301) to work on /home/airflow/sandbox/lib/python3.8/site-packages/airflow/example_dags/example_short_circuit_operator.py
[2022-01-03 20:23:36,478] {scheduler_job.py:633} INFO - Processing file /home/airflow/sandbox/lib/python3.8/site-packages/airflow/example_dags/example_short_circuit_operator.py for tasks to queue
[2022-01-03 20:23:36,479] {logging_mixin.py:104} INFO - [2022-01-03 20:23:36,479] {dagbag.py:487} INFO - Filling up the DagBag from /home/airflow/sandbox/lib/python3.8/site-packages/airflow/example_dags/example_short_circuit_operator.py
[2022-01-03 20:23:36,495] {scheduler_job.py:643} INFO - DAG(s) dict_keys(['example_short_circuit_operator']) retrieved from /home/airflow/sandbox/lib/python3.8/site-packages/airflow/example_dags/example_short_circuit_operator.py
[2022-01-03 20:23:36,562] {logging_mixin.py:104} INFO - [2022-01-03 20:23:36,562] {dag.py:1832} INFO - Sync 1 DAGs
[2022-01-03 20:23:36,651] {logging_mixin.py:104} INFO - [2022-01-03 20:23:36,651] {dag.py:2305} INFO - Setting next_dagrun for example_short_circuit_operator to 2022-01-01 00:00:00+00:00
[2022-01-03 20:23:36,698] {scheduler_job.py:190} INFO - Processing /home/airflow/sandbox/lib/python3.8/site-packages/airflow/example_dags/example_short_circuit_operator.py took 0.246 seconds
[2022-01-03 20:24:11,948] {scheduler_job.py:182} INFO - Started process (PID=4372) to work on /home/airflow/sandbox/lib/python3.8/site-packages/airflow/example_dags/example_short_circuit_operator.py
[2022-01-03 20:24:11,949] {scheduler_job.py:633} INFO - Processing file /home/airflow/sandbox/lib/python3.8/site-packages/airflow/example_dags/example_short_circuit_operator.py for tasks to queue
[2022-01-03 20:24:11,950] {logging_mixin.py:104} INFO - [2022-01-03 20:24:11,950] {dagbag.py:487} INFO - Filling up the DagBag from /home/airflow/sandbox/lib/python3.8/site-packages/airflow/example_dags/example_short_circuit_operator.py
[2022-01-03 20:24:11,975] {scheduler_job.py:643} INFO - DAG(s) dict_keys(['example_short_circuit_operator']) retrieved from /home/airflow/sandbox/lib/python3.8/site-packages/airflow/example_dags/example_short_circuit_operator.py
[2022-01-03 20:24:12,005] {logging_mixin.py:104} INFO - [2022-01-03 20:24:12,005] {dag.py:1832} INFO - Sync 1 DAGs
[2022-01-03 20:24:12,027] {logging_mixin.py:104} INFO - [2022-01-03 20:24:12,027] {dag.py:2305} INFO - Setting next_dagrun for example_short_circuit_operator to 2022-01-01 00:00:00+00:00
[2022-01-03 20:24:12,042] {scheduler_job.py:190} INFO - Processing /home/airflow/sandbox/lib/python3.8/site-packages/airflow/example_dags/example_short_circuit_operator.py took 0.099 seconds
[2022-01-03 20:24:48,122] {scheduler_job.py:182} INFO - Started process (PID=4545) to work on /home/airflow/sandbox/lib/python3.8/site-packages/airflow/example_dags/example_short_circuit_operator.py
[2022-01-03 20:24:48,123] {scheduler_job.py:633} INFO - Processing file /home/airflow/sandbox/lib/python3.8/site-packages/airflow/example_dags/example_short_circuit_operator.py for tasks to queue
[2022-01-03 20:24:48,124] {logging_mixin.py:104} INFO - [2022-01-03 20:24:48,124] {dagbag.py:487} INFO - Filling up the DagBag from /home/airflow/sandbox/lib/python3.8/site-packages/airflow/example_dags/example_short_circuit_operator.py
[2022-01-03 20:24:48,147] {scheduler_job.py:643} INFO - DAG(s) dict_keys(['example_short_circuit_operator']) retrieved from /home/airflow/sandbox/lib/python3.8/site-packages/airflow/example_dags/example_short_circuit_operator.py
[2022-01-03 20:24:48,191] {logging_mixin.py:104} INFO - [2022-01-03 20:24:48,191] {dag.py:1832} INFO - Sync 1 DAGs
[2022-01-03 20:24:48,205] {logging_mixin.py:104} INFO - [2022-01-03 20:24:48,205] {dag.py:2305} INFO - Setting next_dagrun for example_short_circuit_operator to 2022-01-01 00:00:00+00:00
[2022-01-03 20:24:48,234] {scheduler_job.py:190} INFO - Processing /home/airflow/sandbox/lib/python3.8/site-packages/airflow/example_dags/example_short_circuit_operator.py took 0.125 seconds
[2022-01-03 20:25:28,856] {scheduler_job.py:182} INFO - Started process (PID=6489) to work on /home/airflow/sandbox/lib/python3.8/site-packages/airflow/example_dags/example_short_circuit_operator.py
[2022-01-03 20:25:28,857] {scheduler_job.py:633} INFO - Processing file /home/airflow/sandbox/lib/python3.8/site-packages/airflow/example_dags/example_short_circuit_operator.py for tasks to queue
[2022-01-03 20:25:28,857] {logging_mixin.py:104} INFO - [2022-01-03 20:25:28,857] {dagbag.py:487} INFO - Filling up the DagBag from /home/airflow/sandbox/lib/python3.8/site-packages/airflow/example_dags/example_short_circuit_operator.py
[2022-01-03 20:25:28,885] {scheduler_job.py:643} INFO - DAG(s) dict_keys(['example_short_circuit_operator']) retrieved from /home/airflow/sandbox/lib/python3.8/site-packages/airflow/example_dags/example_short_circuit_operator.py
[2022-01-03 20:25:28,953] {logging_mixin.py:104} INFO - [2022-01-03 20:25:28,953] {dag.py:1832} INFO - Sync 1 DAGs
[2022-01-03 20:25:28,981] {logging_mixin.py:104} INFO - [2022-01-03 20:25:28,981] {dag.py:2305} INFO - Setting next_dagrun for example_short_circuit_operator to 2022-01-01 00:00:00+00:00
[2022-01-03 20:25:29,003] {scheduler_job.py:190} INFO - Processing /home/airflow/sandbox/lib/python3.8/site-packages/airflow/example_dags/example_short_circuit_operator.py took 0.159 seconds
[2022-01-03 20:26:01,441] {scheduler_job.py:182} INFO - Started process (PID=8079) to work on /home/airflow/sandbox/lib/python3.8/site-packages/airflow/example_dags/example_short_circuit_operator.py
[2022-01-03 20:26:01,442] {scheduler_job.py:633} INFO - Processing file /home/airflow/sandbox/lib/python3.8/site-packages/airflow/example_dags/example_short_circuit_operator.py for tasks to queue
[2022-01-03 20:26:01,443] {logging_mixin.py:104} INFO - [2022-01-03 20:26:01,442] {dagbag.py:487} INFO - Filling up the DagBag from /home/airflow/sandbox/lib/python3.8/site-packages/airflow/example_dags/example_short_circuit_operator.py
[2022-01-03 20:26:01,481] {scheduler_job.py:643} INFO - DAG(s) dict_keys(['example_short_circuit_operator']) retrieved from /home/airflow/sandbox/lib/python3.8/site-packages/airflow/example_dags/example_short_circuit_operator.py
[2022-01-03 20:26:01,491] {logging_mixin.py:104} INFO - [2022-01-03 20:26:01,491] {dag.py:1832} INFO - Sync 1 DAGs
[2022-01-03 20:26:01,499] {logging_mixin.py:104} INFO - [2022-01-03 20:26:01,499] {dag.py:2305} INFO - Setting next_dagrun for example_short_circuit_operator to 2022-01-01 00:00:00+00:00
[2022-01-03 20:26:01,540] {scheduler_job.py:190} INFO - Processing /home/airflow/sandbox/lib/python3.8/site-packages/airflow/example_dags/example_short_circuit_operator.py took 0.106 seconds
[2022-01-03 20:26:36,190] {scheduler_job.py:182} INFO - Started process (PID=8199) to work on /home/airflow/sandbox/lib/python3.8/site-packages/airflow/example_dags/example_short_circuit_operator.py
[2022-01-03 20:26:36,193] {scheduler_job.py:633} INFO - Processing file /home/airflow/sandbox/lib/python3.8/site-packages/airflow/example_dags/example_short_circuit_operator.py for tasks to queue
[2022-01-03 20:26:36,194] {logging_mixin.py:104} INFO - [2022-01-03 20:26:36,194] {dagbag.py:487} INFO - Filling up the DagBag from /home/airflow/sandbox/lib/python3.8/site-packages/airflow/example_dags/example_short_circuit_operator.py
[2022-01-03 20:26:36,230] {scheduler_job.py:643} INFO - DAG(s) dict_keys(['example_short_circuit_operator']) retrieved from /home/airflow/sandbox/lib/python3.8/site-packages/airflow/example_dags/example_short_circuit_operator.py
[2022-01-03 20:26:36,246] {logging_mixin.py:104} INFO - [2022-01-03 20:26:36,246] {dag.py:1832} INFO - Sync 1 DAGs
[2022-01-03 20:26:36,274] {logging_mixin.py:104} INFO - [2022-01-03 20:26:36,274] {dag.py:2305} INFO - Setting next_dagrun for example_short_circuit_operator to 2022-01-01 00:00:00+00:00
[2022-01-03 20:26:36,286] {scheduler_job.py:190} INFO - Processing /home/airflow/sandbox/lib/python3.8/site-packages/airflow/example_dags/example_short_circuit_operator.py took 0.101 seconds
[2022-01-03 20:27:15,341] {scheduler_job.py:182} INFO - Started process (PID=8413) to work on /home/airflow/sandbox/lib/python3.8/site-packages/airflow/example_dags/example_short_circuit_operator.py
[2022-01-03 20:27:15,342] {scheduler_job.py:633} INFO - Processing file /home/airflow/sandbox/lib/python3.8/site-packages/airflow/example_dags/example_short_circuit_operator.py for tasks to queue
[2022-01-03 20:27:15,344] {logging_mixin.py:104} INFO - [2022-01-03 20:27:15,343] {dagbag.py:487} INFO - Filling up the DagBag from /home/airflow/sandbox/lib/python3.8/site-packages/airflow/example_dags/example_short_circuit_operator.py
[2022-01-03 20:27:15,373] {scheduler_job.py:643} INFO - DAG(s) dict_keys(['example_short_circuit_operator']) retrieved from /home/airflow/sandbox/lib/python3.8/site-packages/airflow/example_dags/example_short_circuit_operator.py
[2022-01-03 20:27:15,394] {logging_mixin.py:104} INFO - [2022-01-03 20:27:15,393] {dag.py:1832} INFO - Sync 1 DAGs
[2022-01-03 20:27:15,421] {logging_mixin.py:104} INFO - [2022-01-03 20:27:15,408] {dag.py:2305} INFO - Setting next_dagrun for example_short_circuit_operator to 2022-01-01 00:00:00+00:00
[2022-01-03 20:27:15,446] {scheduler_job.py:190} INFO - Processing /home/airflow/sandbox/lib/python3.8/site-packages/airflow/example_dags/example_short_circuit_operator.py took 0.108 seconds
[2022-01-03 20:27:49,602] {scheduler_job.py:182} INFO - Started process (PID=8530) to work on /home/airflow/sandbox/lib/python3.8/site-packages/airflow/example_dags/example_short_circuit_operator.py
[2022-01-03 20:27:49,603] {scheduler_job.py:633} INFO - Processing file /home/airflow/sandbox/lib/python3.8/site-packages/airflow/example_dags/example_short_circuit_operator.py for tasks to queue
[2022-01-03 20:27:49,603] {logging_mixin.py:104} INFO - [2022-01-03 20:27:49,603] {dagbag.py:487} INFO - Filling up the DagBag from /home/airflow/sandbox/lib/python3.8/site-packages/airflow/example_dags/example_short_circuit_operator.py
[2022-01-03 20:27:49,637] {scheduler_job.py:643} INFO - DAG(s) dict_keys(['example_short_circuit_operator']) retrieved from /home/airflow/sandbox/lib/python3.8/site-packages/airflow/example_dags/example_short_circuit_operator.py
[2022-01-03 20:27:49,677] {logging_mixin.py:104} INFO - [2022-01-03 20:27:49,677] {dag.py:1832} INFO - Sync 1 DAGs
[2022-01-03 20:27:49,694] {logging_mixin.py:104} INFO - [2022-01-03 20:27:49,693] {dag.py:2305} INFO - Setting next_dagrun for example_short_circuit_operator to 2022-01-01 00:00:00+00:00
[2022-01-03 20:27:49,706] {scheduler_job.py:190} INFO - Processing /home/airflow/sandbox/lib/python3.8/site-packages/airflow/example_dags/example_short_circuit_operator.py took 0.106 seconds
[2022-01-03 20:28:29,834] {scheduler_job.py:182} INFO - Started process (PID=8689) to work on /home/airflow/sandbox/lib/python3.8/site-packages/airflow/example_dags/example_short_circuit_operator.py
[2022-01-03 20:28:29,835] {scheduler_job.py:633} INFO - Processing file /home/airflow/sandbox/lib/python3.8/site-packages/airflow/example_dags/example_short_circuit_operator.py for tasks to queue
[2022-01-03 20:28:29,836] {logging_mixin.py:104} INFO - [2022-01-03 20:28:29,836] {dagbag.py:487} INFO - Filling up the DagBag from /home/airflow/sandbox/lib/python3.8/site-packages/airflow/example_dags/example_short_circuit_operator.py
[2022-01-03 20:28:29,849] {scheduler_job.py:643} INFO - DAG(s) dict_keys(['example_short_circuit_operator']) retrieved from /home/airflow/sandbox/lib/python3.8/site-packages/airflow/example_dags/example_short_circuit_operator.py
[2022-01-03 20:28:29,889] {logging_mixin.py:104} INFO - [2022-01-03 20:28:29,889] {dag.py:1832} INFO - Sync 1 DAGs
[2022-01-03 20:28:29,927] {logging_mixin.py:104} INFO - [2022-01-03 20:28:29,927] {dag.py:2305} INFO - Setting next_dagrun for example_short_circuit_operator to 2022-01-01 00:00:00+00:00
[2022-01-03 20:28:29,943] {scheduler_job.py:190} INFO - Processing /home/airflow/sandbox/lib/python3.8/site-packages/airflow/example_dags/example_short_circuit_operator.py took 0.112 seconds
[2022-01-03 20:29:07,435] {scheduler_job.py:182} INFO - Started process (PID=8720) to work on /home/airflow/sandbox/lib/python3.8/site-packages/airflow/example_dags/example_short_circuit_operator.py
[2022-01-03 20:29:07,437] {scheduler_job.py:633} INFO - Processing file /home/airflow/sandbox/lib/python3.8/site-packages/airflow/example_dags/example_short_circuit_operator.py for tasks to queue
[2022-01-03 20:29:07,439] {logging_mixin.py:104} INFO - [2022-01-03 20:29:07,439] {dagbag.py:487} INFO - Filling up the DagBag from /home/airflow/sandbox/lib/python3.8/site-packages/airflow/example_dags/example_short_circuit_operator.py
[2022-01-03 20:29:07,454] {scheduler_job.py:643} INFO - DAG(s) dict_keys(['example_short_circuit_operator']) retrieved from /home/airflow/sandbox/lib/python3.8/site-packages/airflow/example_dags/example_short_circuit_operator.py
[2022-01-03 20:29:07,486] {logging_mixin.py:104} INFO - [2022-01-03 20:29:07,486] {dag.py:1832} INFO - Sync 1 DAGs
[2022-01-03 20:29:07,498] {logging_mixin.py:104} INFO - [2022-01-03 20:29:07,498] {dag.py:2305} INFO - Setting next_dagrun for example_short_circuit_operator to 2022-01-01 00:00:00+00:00
[2022-01-03 20:29:07,532] {scheduler_job.py:190} INFO - Processing /home/airflow/sandbox/lib/python3.8/site-packages/airflow/example_dags/example_short_circuit_operator.py took 0.102 seconds
[2022-01-03 20:29:43,649] {scheduler_job.py:182} INFO - Started process (PID=8816) to work on /home/airflow/sandbox/lib/python3.8/site-packages/airflow/example_dags/example_short_circuit_operator.py
[2022-01-03 20:29:43,652] {scheduler_job.py:633} INFO - Processing file /home/airflow/sandbox/lib/python3.8/site-packages/airflow/example_dags/example_short_circuit_operator.py for tasks to queue
[2022-01-03 20:29:43,652] {logging_mixin.py:104} INFO - [2022-01-03 20:29:43,652] {dagbag.py:487} INFO - Filling up the DagBag from /home/airflow/sandbox/lib/python3.8/site-packages/airflow/example_dags/example_short_circuit_operator.py
[2022-01-03 20:29:43,677] {scheduler_job.py:643} INFO - DAG(s) dict_keys(['example_short_circuit_operator']) retrieved from /home/airflow/sandbox/lib/python3.8/site-packages/airflow/example_dags/example_short_circuit_operator.py
[2022-01-03 20:29:43,694] {logging_mixin.py:104} INFO - [2022-01-03 20:29:43,693] {dag.py:1832} INFO - Sync 1 DAGs
[2022-01-03 20:29:43,719] {logging_mixin.py:104} INFO - [2022-01-03 20:29:43,719] {dag.py:2305} INFO - Setting next_dagrun for example_short_circuit_operator to 2022-01-01 00:00:00+00:00
[2022-01-03 20:29:43,742] {scheduler_job.py:190} INFO - Processing /home/airflow/sandbox/lib/python3.8/site-packages/airflow/example_dags/example_short_circuit_operator.py took 0.096 seconds
[2022-01-03 20:32:42,774] {scheduler_job.py:182} INFO - Started process (PID=9610) to work on /home/airflow/sandbox/lib/python3.8/site-packages/airflow/example_dags/example_short_circuit_operator.py
[2022-01-03 20:32:42,777] {scheduler_job.py:633} INFO - Processing file /home/airflow/sandbox/lib/python3.8/site-packages/airflow/example_dags/example_short_circuit_operator.py for tasks to queue
[2022-01-03 20:32:42,777] {logging_mixin.py:104} INFO - [2022-01-03 20:32:42,777] {dagbag.py:487} INFO - Filling up the DagBag from /home/airflow/sandbox/lib/python3.8/site-packages/airflow/example_dags/example_short_circuit_operator.py
[2022-01-03 20:32:42,879] {scheduler_job.py:643} INFO - DAG(s) dict_keys(['example_short_circuit_operator']) retrieved from /home/airflow/sandbox/lib/python3.8/site-packages/airflow/example_dags/example_short_circuit_operator.py
[2022-01-03 20:32:43,314] {logging_mixin.py:104} INFO - [2022-01-03 20:32:43,313] {dag.py:1832} INFO - Sync 1 DAGs
[2022-01-03 20:32:43,441] {logging_mixin.py:104} INFO - [2022-01-03 20:32:43,441] {dag.py:2305} INFO - Setting next_dagrun for example_short_circuit_operator to 2022-01-01 00:00:00+00:00
[2022-01-03 20:32:43,532] {scheduler_job.py:190} INFO - Processing /home/airflow/sandbox/lib/python3.8/site-packages/airflow/example_dags/example_short_circuit_operator.py took 0.798 seconds
[2022-01-03 20:33:17,487] {scheduler_job.py:182} INFO - Started process (PID=9841) to work on /home/airflow/sandbox/lib/python3.8/site-packages/airflow/example_dags/example_short_circuit_operator.py
[2022-01-03 20:33:17,491] {scheduler_job.py:633} INFO - Processing file /home/airflow/sandbox/lib/python3.8/site-packages/airflow/example_dags/example_short_circuit_operator.py for tasks to queue
[2022-01-03 20:33:17,516] {logging_mixin.py:104} INFO - [2022-01-03 20:33:17,515] {dagbag.py:487} INFO - Filling up the DagBag from /home/airflow/sandbox/lib/python3.8/site-packages/airflow/example_dags/example_short_circuit_operator.py
[2022-01-03 20:33:17,569] {scheduler_job.py:643} INFO - DAG(s) dict_keys(['example_short_circuit_operator']) retrieved from /home/airflow/sandbox/lib/python3.8/site-packages/airflow/example_dags/example_short_circuit_operator.py
[2022-01-03 20:33:17,724] {logging_mixin.py:104} INFO - [2022-01-03 20:33:17,724] {dag.py:1832} INFO - Sync 1 DAGs
[2022-01-03 20:33:17,788] {logging_mixin.py:104} INFO - [2022-01-03 20:33:17,788] {dag.py:2305} INFO - Setting next_dagrun for example_short_circuit_operator to 2022-01-01 00:00:00+00:00
[2022-01-03 20:33:17,862] {scheduler_job.py:190} INFO - Processing /home/airflow/sandbox/lib/python3.8/site-packages/airflow/example_dags/example_short_circuit_operator.py took 0.390 seconds
[2022-01-03 20:33:49,592] {scheduler_job.py:182} INFO - Started process (PID=10190) to work on /home/airflow/sandbox/lib/python3.8/site-packages/airflow/example_dags/example_short_circuit_operator.py
[2022-01-03 20:33:49,593] {scheduler_job.py:633} INFO - Processing file /home/airflow/sandbox/lib/python3.8/site-packages/airflow/example_dags/example_short_circuit_operator.py for tasks to queue
[2022-01-03 20:33:49,594] {logging_mixin.py:104} INFO - [2022-01-03 20:33:49,594] {dagbag.py:487} INFO - Filling up the DagBag from /home/airflow/sandbox/lib/python3.8/site-packages/airflow/example_dags/example_short_circuit_operator.py
[2022-01-03 20:33:49,682] {scheduler_job.py:643} INFO - DAG(s) dict_keys(['example_short_circuit_operator']) retrieved from /home/airflow/sandbox/lib/python3.8/site-packages/airflow/example_dags/example_short_circuit_operator.py
[2022-01-03 20:33:49,844] {logging_mixin.py:104} INFO - [2022-01-03 20:33:49,844] {dag.py:1832} INFO - Sync 1 DAGs
[2022-01-03 20:33:49,989] {logging_mixin.py:104} INFO - [2022-01-03 20:33:49,989] {dag.py:2305} INFO - Setting next_dagrun for example_short_circuit_operator to 2022-01-01 00:00:00+00:00
[2022-01-03 20:33:50,029] {scheduler_job.py:190} INFO - Processing /home/airflow/sandbox/lib/python3.8/site-packages/airflow/example_dags/example_short_circuit_operator.py took 0.452 seconds
[2022-01-03 20:34:23,419] {scheduler_job.py:182} INFO - Started process (PID=11099) to work on /home/airflow/sandbox/lib/python3.8/site-packages/airflow/example_dags/example_short_circuit_operator.py
[2022-01-03 20:34:23,422] {scheduler_job.py:633} INFO - Processing file /home/airflow/sandbox/lib/python3.8/site-packages/airflow/example_dags/example_short_circuit_operator.py for tasks to queue
[2022-01-03 20:34:23,425] {logging_mixin.py:104} INFO - [2022-01-03 20:34:23,425] {dagbag.py:487} INFO - Filling up the DagBag from /home/airflow/sandbox/lib/python3.8/site-packages/airflow/example_dags/example_short_circuit_operator.py
[2022-01-03 20:34:23,583] {scheduler_job.py:643} INFO - DAG(s) dict_keys(['example_short_circuit_operator']) retrieved from /home/airflow/sandbox/lib/python3.8/site-packages/airflow/example_dags/example_short_circuit_operator.py
[2022-01-03 20:34:23,918] {logging_mixin.py:104} INFO - [2022-01-03 20:34:23,917] {dag.py:1832} INFO - Sync 1 DAGs
[2022-01-03 20:34:23,989] {logging_mixin.py:104} INFO - [2022-01-03 20:34:23,984] {dag.py:2305} INFO - Setting next_dagrun for example_short_circuit_operator to 2022-01-01 00:00:00+00:00
[2022-01-03 20:34:24,093] {scheduler_job.py:190} INFO - Processing /home/airflow/sandbox/lib/python3.8/site-packages/airflow/example_dags/example_short_circuit_operator.py took 0.706 seconds
[2022-01-03 20:34:54,739] {scheduler_job.py:182} INFO - Started process (PID=11705) to work on /home/airflow/sandbox/lib/python3.8/site-packages/airflow/example_dags/example_short_circuit_operator.py
[2022-01-03 20:34:54,739] {scheduler_job.py:633} INFO - Processing file /home/airflow/sandbox/lib/python3.8/site-packages/airflow/example_dags/example_short_circuit_operator.py for tasks to queue
[2022-01-03 20:34:54,763] {logging_mixin.py:104} INFO - [2022-01-03 20:34:54,763] {dagbag.py:487} INFO - Filling up the DagBag from /home/airflow/sandbox/lib/python3.8/site-packages/airflow/example_dags/example_short_circuit_operator.py
[2022-01-03 20:34:54,781] {scheduler_job.py:643} INFO - DAG(s) dict_keys(['example_short_circuit_operator']) retrieved from /home/airflow/sandbox/lib/python3.8/site-packages/airflow/example_dags/example_short_circuit_operator.py
[2022-01-03 20:34:54,983] {logging_mixin.py:104} INFO - [2022-01-03 20:34:54,983] {dag.py:1832} INFO - Sync 1 DAGs
[2022-01-03 20:34:55,027] {logging_mixin.py:104} INFO - [2022-01-03 20:34:55,026] {dag.py:2305} INFO - Setting next_dagrun for example_short_circuit_operator to 2022-01-01 00:00:00+00:00
[2022-01-03 20:34:55,064] {scheduler_job.py:190} INFO - Processing /home/airflow/sandbox/lib/python3.8/site-packages/airflow/example_dags/example_short_circuit_operator.py took 0.327 seconds
[2022-01-03 20:35:25,182] {scheduler_job.py:182} INFO - Started process (PID=11902) to work on /home/airflow/sandbox/lib/python3.8/site-packages/airflow/example_dags/example_short_circuit_operator.py
[2022-01-03 20:35:25,210] {scheduler_job.py:633} INFO - Processing file /home/airflow/sandbox/lib/python3.8/site-packages/airflow/example_dags/example_short_circuit_operator.py for tasks to queue
[2022-01-03 20:35:25,211] {logging_mixin.py:104} INFO - [2022-01-03 20:35:25,210] {dagbag.py:487} INFO - Filling up the DagBag from /home/airflow/sandbox/lib/python3.8/site-packages/airflow/example_dags/example_short_circuit_operator.py
[2022-01-03 20:35:25,222] {scheduler_job.py:643} INFO - DAG(s) dict_keys(['example_short_circuit_operator']) retrieved from /home/airflow/sandbox/lib/python3.8/site-packages/airflow/example_dags/example_short_circuit_operator.py
[2022-01-03 20:35:25,364] {logging_mixin.py:104} INFO - [2022-01-03 20:35:25,364] {dag.py:1832} INFO - Sync 1 DAGs
[2022-01-03 20:35:25,459] {logging_mixin.py:104} INFO - [2022-01-03 20:35:25,459] {dag.py:2305} INFO - Setting next_dagrun for example_short_circuit_operator to 2022-01-01 00:00:00+00:00
[2022-01-03 20:35:25,471] {scheduler_job.py:190} INFO - Processing /home/airflow/sandbox/lib/python3.8/site-packages/airflow/example_dags/example_short_circuit_operator.py took 0.292 seconds
[2022-01-03 20:35:55,525] {scheduler_job.py:182} INFO - Started process (PID=12101) to work on /home/airflow/sandbox/lib/python3.8/site-packages/airflow/example_dags/example_short_circuit_operator.py
[2022-01-03 20:35:55,527] {scheduler_job.py:633} INFO - Processing file /home/airflow/sandbox/lib/python3.8/site-packages/airflow/example_dags/example_short_circuit_operator.py for tasks to queue
[2022-01-03 20:35:55,529] {logging_mixin.py:104} INFO - [2022-01-03 20:35:55,529] {dagbag.py:487} INFO - Filling up the DagBag from /home/airflow/sandbox/lib/python3.8/site-packages/airflow/example_dags/example_short_circuit_operator.py
[2022-01-03 20:35:55,539] {scheduler_job.py:643} INFO - DAG(s) dict_keys(['example_short_circuit_operator']) retrieved from /home/airflow/sandbox/lib/python3.8/site-packages/airflow/example_dags/example_short_circuit_operator.py
[2022-01-03 20:35:55,583] {logging_mixin.py:104} INFO - [2022-01-03 20:35:55,582] {dag.py:1832} INFO - Sync 1 DAGs
[2022-01-03 20:35:55,619] {logging_mixin.py:104} INFO - [2022-01-03 20:35:55,619] {dag.py:2305} INFO - Setting next_dagrun for example_short_circuit_operator to 2022-01-01 00:00:00+00:00
[2022-01-03 20:35:55,635] {scheduler_job.py:190} INFO - Processing /home/airflow/sandbox/lib/python3.8/site-packages/airflow/example_dags/example_short_circuit_operator.py took 0.117 seconds
[2022-01-03 20:36:25,858] {scheduler_job.py:182} INFO - Started process (PID=12300) to work on /home/airflow/sandbox/lib/python3.8/site-packages/airflow/example_dags/example_short_circuit_operator.py
[2022-01-03 20:36:25,860] {scheduler_job.py:633} INFO - Processing file /home/airflow/sandbox/lib/python3.8/site-packages/airflow/example_dags/example_short_circuit_operator.py for tasks to queue
[2022-01-03 20:36:25,861] {logging_mixin.py:104} INFO - [2022-01-03 20:36:25,861] {dagbag.py:487} INFO - Filling up the DagBag from /home/airflow/sandbox/lib/python3.8/site-packages/airflow/example_dags/example_short_circuit_operator.py
[2022-01-03 20:36:25,886] {scheduler_job.py:643} INFO - DAG(s) dict_keys(['example_short_circuit_operator']) retrieved from /home/airflow/sandbox/lib/python3.8/site-packages/airflow/example_dags/example_short_circuit_operator.py
[2022-01-03 20:36:25,935] {logging_mixin.py:104} INFO - [2022-01-03 20:36:25,935] {dag.py:1832} INFO - Sync 1 DAGs
[2022-01-03 20:36:25,967] {logging_mixin.py:104} INFO - [2022-01-03 20:36:25,967] {dag.py:2305} INFO - Setting next_dagrun for example_short_circuit_operator to 2022-01-01 00:00:00+00:00
[2022-01-03 20:36:25,984] {scheduler_job.py:190} INFO - Processing /home/airflow/sandbox/lib/python3.8/site-packages/airflow/example_dags/example_short_circuit_operator.py took 0.148 seconds
[2022-01-03 20:36:56,317] {scheduler_job.py:182} INFO - Started process (PID=12499) to work on /home/airflow/sandbox/lib/python3.8/site-packages/airflow/example_dags/example_short_circuit_operator.py
[2022-01-03 20:36:56,318] {scheduler_job.py:633} INFO - Processing file /home/airflow/sandbox/lib/python3.8/site-packages/airflow/example_dags/example_short_circuit_operator.py for tasks to queue
[2022-01-03 20:36:56,318] {logging_mixin.py:104} INFO - [2022-01-03 20:36:56,318] {dagbag.py:487} INFO - Filling up the DagBag from /home/airflow/sandbox/lib/python3.8/site-packages/airflow/example_dags/example_short_circuit_operator.py
[2022-01-03 20:36:56,331] {scheduler_job.py:643} INFO - DAG(s) dict_keys(['example_short_circuit_operator']) retrieved from /home/airflow/sandbox/lib/python3.8/site-packages/airflow/example_dags/example_short_circuit_operator.py
[2022-01-03 20:36:56,406] {logging_mixin.py:104} INFO - [2022-01-03 20:36:56,405] {dag.py:1832} INFO - Sync 1 DAGs
[2022-01-03 20:36:56,426] {logging_mixin.py:104} INFO - [2022-01-03 20:36:56,425] {dag.py:2305} INFO - Setting next_dagrun for example_short_circuit_operator to 2022-01-01 00:00:00+00:00
[2022-01-03 20:36:56,457] {scheduler_job.py:190} INFO - Processing /home/airflow/sandbox/lib/python3.8/site-packages/airflow/example_dags/example_short_circuit_operator.py took 0.145 seconds
[2022-01-03 20:37:26,713] {scheduler_job.py:182} INFO - Started process (PID=12698) to work on /home/airflow/sandbox/lib/python3.8/site-packages/airflow/example_dags/example_short_circuit_operator.py
[2022-01-03 20:37:26,715] {scheduler_job.py:633} INFO - Processing file /home/airflow/sandbox/lib/python3.8/site-packages/airflow/example_dags/example_short_circuit_operator.py for tasks to queue
[2022-01-03 20:37:26,715] {logging_mixin.py:104} INFO - [2022-01-03 20:37:26,715] {dagbag.py:487} INFO - Filling up the DagBag from /home/airflow/sandbox/lib/python3.8/site-packages/airflow/example_dags/example_short_circuit_operator.py
[2022-01-03 20:37:26,733] {scheduler_job.py:643} INFO - DAG(s) dict_keys(['example_short_circuit_operator']) retrieved from /home/airflow/sandbox/lib/python3.8/site-packages/airflow/example_dags/example_short_circuit_operator.py
[2022-01-03 20:37:26,773] {logging_mixin.py:104} INFO - [2022-01-03 20:37:26,772] {dag.py:1832} INFO - Sync 1 DAGs
[2022-01-03 20:37:26,809] {logging_mixin.py:104} INFO - [2022-01-03 20:37:26,809] {dag.py:2305} INFO - Setting next_dagrun for example_short_circuit_operator to 2022-01-01 00:00:00+00:00
[2022-01-03 20:37:26,827] {scheduler_job.py:190} INFO - Processing /home/airflow/sandbox/lib/python3.8/site-packages/airflow/example_dags/example_short_circuit_operator.py took 0.120 seconds
[2022-01-03 20:37:57,173] {scheduler_job.py:182} INFO - Started process (PID=13142) to work on /home/airflow/sandbox/lib/python3.8/site-packages/airflow/example_dags/example_short_circuit_operator.py
[2022-01-03 20:37:57,174] {scheduler_job.py:633} INFO - Processing file /home/airflow/sandbox/lib/python3.8/site-packages/airflow/example_dags/example_short_circuit_operator.py for tasks to queue
[2022-01-03 20:37:57,174] {logging_mixin.py:104} INFO - [2022-01-03 20:37:57,174] {dagbag.py:487} INFO - Filling up the DagBag from /home/airflow/sandbox/lib/python3.8/site-packages/airflow/example_dags/example_short_circuit_operator.py
[2022-01-03 20:37:57,199] {scheduler_job.py:643} INFO - DAG(s) dict_keys(['example_short_circuit_operator']) retrieved from /home/airflow/sandbox/lib/python3.8/site-packages/airflow/example_dags/example_short_circuit_operator.py
[2022-01-03 20:37:57,299] {logging_mixin.py:104} INFO - [2022-01-03 20:37:57,299] {dag.py:1832} INFO - Sync 1 DAGs
[2022-01-03 20:37:57,313] {logging_mixin.py:104} INFO - [2022-01-03 20:37:57,313] {dag.py:2305} INFO - Setting next_dagrun for example_short_circuit_operator to 2022-01-01 00:00:00+00:00
[2022-01-03 20:37:57,332] {scheduler_job.py:190} INFO - Processing /home/airflow/sandbox/lib/python3.8/site-packages/airflow/example_dags/example_short_circuit_operator.py took 0.164 seconds
[2022-01-03 20:38:27,954] {scheduler_job.py:182} INFO - Started process (PID=13342) to work on /home/airflow/sandbox/lib/python3.8/site-packages/airflow/example_dags/example_short_circuit_operator.py
[2022-01-03 20:38:27,954] {scheduler_job.py:633} INFO - Processing file /home/airflow/sandbox/lib/python3.8/site-packages/airflow/example_dags/example_short_circuit_operator.py for tasks to queue
[2022-01-03 20:38:27,955] {logging_mixin.py:104} INFO - [2022-01-03 20:38:27,955] {dagbag.py:487} INFO - Filling up the DagBag from /home/airflow/sandbox/lib/python3.8/site-packages/airflow/example_dags/example_short_circuit_operator.py
[2022-01-03 20:38:27,966] {scheduler_job.py:643} INFO - DAG(s) dict_keys(['example_short_circuit_operator']) retrieved from /home/airflow/sandbox/lib/python3.8/site-packages/airflow/example_dags/example_short_circuit_operator.py
[2022-01-03 20:38:28,004] {logging_mixin.py:104} INFO - [2022-01-03 20:38:28,004] {dag.py:1832} INFO - Sync 1 DAGs
[2022-01-03 20:38:28,016] {logging_mixin.py:104} INFO - [2022-01-03 20:38:28,015] {dag.py:2305} INFO - Setting next_dagrun for example_short_circuit_operator to 2022-01-01 00:00:00+00:00
[2022-01-03 20:38:28,042] {scheduler_job.py:190} INFO - Processing /home/airflow/sandbox/lib/python3.8/site-packages/airflow/example_dags/example_short_circuit_operator.py took 0.095 seconds
[2022-01-03 20:38:58,411] {scheduler_job.py:182} INFO - Started process (PID=13541) to work on /home/airflow/sandbox/lib/python3.8/site-packages/airflow/example_dags/example_short_circuit_operator.py
[2022-01-03 20:38:58,412] {scheduler_job.py:633} INFO - Processing file /home/airflow/sandbox/lib/python3.8/site-packages/airflow/example_dags/example_short_circuit_operator.py for tasks to queue
[2022-01-03 20:38:58,413] {logging_mixin.py:104} INFO - [2022-01-03 20:38:58,413] {dagbag.py:487} INFO - Filling up the DagBag from /home/airflow/sandbox/lib/python3.8/site-packages/airflow/example_dags/example_short_circuit_operator.py
[2022-01-03 20:38:58,421] {scheduler_job.py:643} INFO - DAG(s) dict_keys(['example_short_circuit_operator']) retrieved from /home/airflow/sandbox/lib/python3.8/site-packages/airflow/example_dags/example_short_circuit_operator.py
[2022-01-03 20:38:58,453] {logging_mixin.py:104} INFO - [2022-01-03 20:38:58,453] {dag.py:1832} INFO - Sync 1 DAGs
[2022-01-03 20:38:58,465] {logging_mixin.py:104} INFO - [2022-01-03 20:38:58,465] {dag.py:2305} INFO - Setting next_dagrun for example_short_circuit_operator to 2022-01-01 00:00:00+00:00
[2022-01-03 20:38:58,472] {scheduler_job.py:190} INFO - Processing /home/airflow/sandbox/lib/python3.8/site-packages/airflow/example_dags/example_short_circuit_operator.py took 0.064 seconds
[2022-01-03 20:39:28,909] {scheduler_job.py:182} INFO - Started process (PID=13740) to work on /home/airflow/sandbox/lib/python3.8/site-packages/airflow/example_dags/example_short_circuit_operator.py
[2022-01-03 20:39:28,910] {scheduler_job.py:633} INFO - Processing file /home/airflow/sandbox/lib/python3.8/site-packages/airflow/example_dags/example_short_circuit_operator.py for tasks to queue
[2022-01-03 20:39:28,911] {logging_mixin.py:104} INFO - [2022-01-03 20:39:28,911] {dagbag.py:487} INFO - Filling up the DagBag from /home/airflow/sandbox/lib/python3.8/site-packages/airflow/example_dags/example_short_circuit_operator.py
[2022-01-03 20:39:28,921] {scheduler_job.py:643} INFO - DAG(s) dict_keys(['example_short_circuit_operator']) retrieved from /home/airflow/sandbox/lib/python3.8/site-packages/airflow/example_dags/example_short_circuit_operator.py
[2022-01-03 20:39:28,960] {logging_mixin.py:104} INFO - [2022-01-03 20:39:28,960] {dag.py:1832} INFO - Sync 1 DAGs
[2022-01-03 20:39:28,977] {logging_mixin.py:104} INFO - [2022-01-03 20:39:28,976] {dag.py:2305} INFO - Setting next_dagrun for example_short_circuit_operator to 2022-01-01 00:00:00+00:00
[2022-01-03 20:39:29,002] {scheduler_job.py:190} INFO - Processing /home/airflow/sandbox/lib/python3.8/site-packages/airflow/example_dags/example_short_circuit_operator.py took 0.098 seconds
[2022-01-03 20:39:59,667] {scheduler_job.py:182} INFO - Started process (PID=13939) to work on /home/airflow/sandbox/lib/python3.8/site-packages/airflow/example_dags/example_short_circuit_operator.py
[2022-01-03 20:39:59,669] {scheduler_job.py:633} INFO - Processing file /home/airflow/sandbox/lib/python3.8/site-packages/airflow/example_dags/example_short_circuit_operator.py for tasks to queue
[2022-01-03 20:39:59,669] {logging_mixin.py:104} INFO - [2022-01-03 20:39:59,669] {dagbag.py:487} INFO - Filling up the DagBag from /home/airflow/sandbox/lib/python3.8/site-packages/airflow/example_dags/example_short_circuit_operator.py
[2022-01-03 20:39:59,698] {scheduler_job.py:643} INFO - DAG(s) dict_keys(['example_short_circuit_operator']) retrieved from /home/airflow/sandbox/lib/python3.8/site-packages/airflow/example_dags/example_short_circuit_operator.py
[2022-01-03 20:39:59,748] {logging_mixin.py:104} INFO - [2022-01-03 20:39:59,748] {dag.py:1832} INFO - Sync 1 DAGs
[2022-01-03 20:39:59,769] {logging_mixin.py:104} INFO - [2022-01-03 20:39:59,769] {dag.py:2305} INFO - Setting next_dagrun for example_short_circuit_operator to 2022-01-01 00:00:00+00:00
[2022-01-03 20:39:59,799] {scheduler_job.py:190} INFO - Processing /home/airflow/sandbox/lib/python3.8/site-packages/airflow/example_dags/example_short_circuit_operator.py took 0.139 seconds
[2022-01-03 20:40:29,858] {scheduler_job.py:182} INFO - Started process (PID=14138) to work on /home/airflow/sandbox/lib/python3.8/site-packages/airflow/example_dags/example_short_circuit_operator.py
[2022-01-03 20:40:29,861] {scheduler_job.py:633} INFO - Processing file /home/airflow/sandbox/lib/python3.8/site-packages/airflow/example_dags/example_short_circuit_operator.py for tasks to queue
[2022-01-03 20:40:29,861] {logging_mixin.py:104} INFO - [2022-01-03 20:40:29,861] {dagbag.py:487} INFO - Filling up the DagBag from /home/airflow/sandbox/lib/python3.8/site-packages/airflow/example_dags/example_short_circuit_operator.py
[2022-01-03 20:40:29,892] {scheduler_job.py:643} INFO - DAG(s) dict_keys(['example_short_circuit_operator']) retrieved from /home/airflow/sandbox/lib/python3.8/site-packages/airflow/example_dags/example_short_circuit_operator.py
[2022-01-03 20:40:29,927] {logging_mixin.py:104} INFO - [2022-01-03 20:40:29,926] {dag.py:1832} INFO - Sync 1 DAGs
[2022-01-03 20:40:29,992] {logging_mixin.py:104} INFO - [2022-01-03 20:40:29,978] {dag.py:2305} INFO - Setting next_dagrun for example_short_circuit_operator to 2022-01-01 00:00:00+00:00
[2022-01-03 20:40:30,017] {scheduler_job.py:190} INFO - Processing /home/airflow/sandbox/lib/python3.8/site-packages/airflow/example_dags/example_short_circuit_operator.py took 0.163 seconds
[2022-01-03 20:41:00,525] {scheduler_job.py:182} INFO - Started process (PID=14337) to work on /home/airflow/sandbox/lib/python3.8/site-packages/airflow/example_dags/example_short_circuit_operator.py
[2022-01-03 20:41:00,540] {scheduler_job.py:633} INFO - Processing file /home/airflow/sandbox/lib/python3.8/site-packages/airflow/example_dags/example_short_circuit_operator.py for tasks to queue
[2022-01-03 20:41:00,540] {logging_mixin.py:104} INFO - [2022-01-03 20:41:00,540] {dagbag.py:487} INFO - Filling up the DagBag from /home/airflow/sandbox/lib/python3.8/site-packages/airflow/example_dags/example_short_circuit_operator.py
[2022-01-03 20:41:00,551] {scheduler_job.py:643} INFO - DAG(s) dict_keys(['example_short_circuit_operator']) retrieved from /home/airflow/sandbox/lib/python3.8/site-packages/airflow/example_dags/example_short_circuit_operator.py
[2022-01-03 20:41:00,592] {logging_mixin.py:104} INFO - [2022-01-03 20:41:00,592] {dag.py:1832} INFO - Sync 1 DAGs
[2022-01-03 20:41:00,617] {logging_mixin.py:104} INFO - [2022-01-03 20:41:00,617] {dag.py:2305} INFO - Setting next_dagrun for example_short_circuit_operator to 2022-01-01 00:00:00+00:00
[2022-01-03 20:41:00,750] {scheduler_job.py:190} INFO - Processing /home/airflow/sandbox/lib/python3.8/site-packages/airflow/example_dags/example_short_circuit_operator.py took 0.233 seconds
[2022-01-03 20:41:31,739] {scheduler_job.py:182} INFO - Started process (PID=14537) to work on /home/airflow/sandbox/lib/python3.8/site-packages/airflow/example_dags/example_short_circuit_operator.py
[2022-01-03 20:41:31,741] {scheduler_job.py:633} INFO - Processing file /home/airflow/sandbox/lib/python3.8/site-packages/airflow/example_dags/example_short_circuit_operator.py for tasks to queue
[2022-01-03 20:41:31,741] {logging_mixin.py:104} INFO - [2022-01-03 20:41:31,741] {dagbag.py:487} INFO - Filling up the DagBag from /home/airflow/sandbox/lib/python3.8/site-packages/airflow/example_dags/example_short_circuit_operator.py
[2022-01-03 20:41:31,771] {scheduler_job.py:643} INFO - DAG(s) dict_keys(['example_short_circuit_operator']) retrieved from /home/airflow/sandbox/lib/python3.8/site-packages/airflow/example_dags/example_short_circuit_operator.py
[2022-01-03 20:41:31,849] {logging_mixin.py:104} INFO - [2022-01-03 20:41:31,849] {dag.py:1832} INFO - Sync 1 DAGs
[2022-01-03 20:41:31,899] {logging_mixin.py:104} INFO - [2022-01-03 20:41:31,898] {dag.py:2305} INFO - Setting next_dagrun for example_short_circuit_operator to 2022-01-01 00:00:00+00:00
[2022-01-03 20:41:32,055] {scheduler_job.py:190} INFO - Processing /home/airflow/sandbox/lib/python3.8/site-packages/airflow/example_dags/example_short_circuit_operator.py took 0.338 seconds
[2022-01-03 20:42:02,648] {scheduler_job.py:182} INFO - Started process (PID=14736) to work on /home/airflow/sandbox/lib/python3.8/site-packages/airflow/example_dags/example_short_circuit_operator.py
[2022-01-03 20:42:02,654] {scheduler_job.py:633} INFO - Processing file /home/airflow/sandbox/lib/python3.8/site-packages/airflow/example_dags/example_short_circuit_operator.py for tasks to queue
[2022-01-03 20:42:02,656] {logging_mixin.py:104} INFO - [2022-01-03 20:42:02,656] {dagbag.py:487} INFO - Filling up the DagBag from /home/airflow/sandbox/lib/python3.8/site-packages/airflow/example_dags/example_short_circuit_operator.py
[2022-01-03 20:42:02,736] {scheduler_job.py:643} INFO - DAG(s) dict_keys(['example_short_circuit_operator']) retrieved from /home/airflow/sandbox/lib/python3.8/site-packages/airflow/example_dags/example_short_circuit_operator.py
[2022-01-03 20:42:02,812] {logging_mixin.py:104} INFO - [2022-01-03 20:42:02,811] {dag.py:1832} INFO - Sync 1 DAGs
[2022-01-03 20:42:02,869] {logging_mixin.py:104} INFO - [2022-01-03 20:42:02,869] {dag.py:2305} INFO - Setting next_dagrun for example_short_circuit_operator to 2022-01-01 00:00:00+00:00
[2022-01-03 20:42:03,092] {scheduler_job.py:190} INFO - Processing /home/airflow/sandbox/lib/python3.8/site-packages/airflow/example_dags/example_short_circuit_operator.py took 0.450 seconds
[2022-01-03 20:42:33,209] {scheduler_job.py:182} INFO - Started process (PID=14941) to work on /home/airflow/sandbox/lib/python3.8/site-packages/airflow/example_dags/example_short_circuit_operator.py
[2022-01-03 20:42:33,210] {scheduler_job.py:633} INFO - Processing file /home/airflow/sandbox/lib/python3.8/site-packages/airflow/example_dags/example_short_circuit_operator.py for tasks to queue
[2022-01-03 20:42:33,211] {logging_mixin.py:104} INFO - [2022-01-03 20:42:33,211] {dagbag.py:487} INFO - Filling up the DagBag from /home/airflow/sandbox/lib/python3.8/site-packages/airflow/example_dags/example_short_circuit_operator.py
[2022-01-03 20:42:33,235] {scheduler_job.py:643} INFO - DAG(s) dict_keys(['example_short_circuit_operator']) retrieved from /home/airflow/sandbox/lib/python3.8/site-packages/airflow/example_dags/example_short_circuit_operator.py
[2022-01-03 20:42:33,286] {logging_mixin.py:104} INFO - [2022-01-03 20:42:33,286] {dag.py:1832} INFO - Sync 1 DAGs
[2022-01-03 20:42:33,390] {logging_mixin.py:104} INFO - [2022-01-03 20:42:33,390] {dag.py:2305} INFO - Setting next_dagrun for example_short_circuit_operator to 2022-01-01 00:00:00+00:00
[2022-01-03 20:42:33,406] {scheduler_job.py:190} INFO - Processing /home/airflow/sandbox/lib/python3.8/site-packages/airflow/example_dags/example_short_circuit_operator.py took 0.203 seconds
[2022-01-03 20:43:04,066] {scheduler_job.py:182} INFO - Started process (PID=15376) to work on /home/airflow/sandbox/lib/python3.8/site-packages/airflow/example_dags/example_short_circuit_operator.py
[2022-01-03 20:43:04,085] {scheduler_job.py:633} INFO - Processing file /home/airflow/sandbox/lib/python3.8/site-packages/airflow/example_dags/example_short_circuit_operator.py for tasks to queue
[2022-01-03 20:43:04,086] {logging_mixin.py:104} INFO - [2022-01-03 20:43:04,086] {dagbag.py:487} INFO - Filling up the DagBag from /home/airflow/sandbox/lib/python3.8/site-packages/airflow/example_dags/example_short_circuit_operator.py
[2022-01-03 20:43:04,108] {scheduler_job.py:643} INFO - DAG(s) dict_keys(['example_short_circuit_operator']) retrieved from /home/airflow/sandbox/lib/python3.8/site-packages/airflow/example_dags/example_short_circuit_operator.py
[2022-01-03 20:43:04,206] {logging_mixin.py:104} INFO - [2022-01-03 20:43:04,206] {dag.py:1832} INFO - Sync 1 DAGs
[2022-01-03 20:43:04,461] {logging_mixin.py:104} INFO - [2022-01-03 20:43:04,461] {dag.py:2305} INFO - Setting next_dagrun for example_short_circuit_operator to 2022-01-01 00:00:00+00:00
[2022-01-03 20:43:04,541] {scheduler_job.py:190} INFO - Processing /home/airflow/sandbox/lib/python3.8/site-packages/airflow/example_dags/example_short_circuit_operator.py took 0.479 seconds
[2022-01-03 20:43:34,838] {scheduler_job.py:182} INFO - Started process (PID=15576) to work on /home/airflow/sandbox/lib/python3.8/site-packages/airflow/example_dags/example_short_circuit_operator.py
[2022-01-03 20:43:34,841] {scheduler_job.py:633} INFO - Processing file /home/airflow/sandbox/lib/python3.8/site-packages/airflow/example_dags/example_short_circuit_operator.py for tasks to queue
[2022-01-03 20:43:34,842] {logging_mixin.py:104} INFO - [2022-01-03 20:43:34,841] {dagbag.py:487} INFO - Filling up the DagBag from /home/airflow/sandbox/lib/python3.8/site-packages/airflow/example_dags/example_short_circuit_operator.py
[2022-01-03 20:43:34,889] {scheduler_job.py:643} INFO - DAG(s) dict_keys(['example_short_circuit_operator']) retrieved from /home/airflow/sandbox/lib/python3.8/site-packages/airflow/example_dags/example_short_circuit_operator.py
[2022-01-03 20:43:35,039] {logging_mixin.py:104} INFO - [2022-01-03 20:43:35,038] {dag.py:1832} INFO - Sync 1 DAGs
[2022-01-03 20:43:35,339] {logging_mixin.py:104} INFO - [2022-01-03 20:43:35,338] {dag.py:2305} INFO - Setting next_dagrun for example_short_circuit_operator to 2022-01-01 00:00:00+00:00
[2022-01-03 20:43:35,356] {scheduler_job.py:190} INFO - Processing /home/airflow/sandbox/lib/python3.8/site-packages/airflow/example_dags/example_short_circuit_operator.py took 0.552 seconds
[2022-01-03 20:44:05,865] {scheduler_job.py:182} INFO - Started process (PID=15775) to work on /home/airflow/sandbox/lib/python3.8/site-packages/airflow/example_dags/example_short_circuit_operator.py
[2022-01-03 20:44:05,878] {scheduler_job.py:633} INFO - Processing file /home/airflow/sandbox/lib/python3.8/site-packages/airflow/example_dags/example_short_circuit_operator.py for tasks to queue
[2022-01-03 20:44:05,879] {logging_mixin.py:104} INFO - [2022-01-03 20:44:05,879] {dagbag.py:487} INFO - Filling up the DagBag from /home/airflow/sandbox/lib/python3.8/site-packages/airflow/example_dags/example_short_circuit_operator.py
[2022-01-03 20:44:05,911] {scheduler_job.py:643} INFO - DAG(s) dict_keys(['example_short_circuit_operator']) retrieved from /home/airflow/sandbox/lib/python3.8/site-packages/airflow/example_dags/example_short_circuit_operator.py
[2022-01-03 20:44:06,019] {logging_mixin.py:104} INFO - [2022-01-03 20:44:06,019] {dag.py:1832} INFO - Sync 1 DAGs
[2022-01-03 20:44:06,231] {logging_mixin.py:104} INFO - [2022-01-03 20:44:06,231] {dag.py:2305} INFO - Setting next_dagrun for example_short_circuit_operator to 2022-01-01 00:00:00+00:00
[2022-01-03 20:44:06,256] {scheduler_job.py:190} INFO - Processing /home/airflow/sandbox/lib/python3.8/site-packages/airflow/example_dags/example_short_circuit_operator.py took 0.395 seconds
[2022-01-03 20:44:36,495] {scheduler_job.py:182} INFO - Started process (PID=15975) to work on /home/airflow/sandbox/lib/python3.8/site-packages/airflow/example_dags/example_short_circuit_operator.py
[2022-01-03 20:44:36,499] {scheduler_job.py:633} INFO - Processing file /home/airflow/sandbox/lib/python3.8/site-packages/airflow/example_dags/example_short_circuit_operator.py for tasks to queue
[2022-01-03 20:44:36,500] {logging_mixin.py:104} INFO - [2022-01-03 20:44:36,500] {dagbag.py:487} INFO - Filling up the DagBag from /home/airflow/sandbox/lib/python3.8/site-packages/airflow/example_dags/example_short_circuit_operator.py
[2022-01-03 20:44:36,552] {scheduler_job.py:643} INFO - DAG(s) dict_keys(['example_short_circuit_operator']) retrieved from /home/airflow/sandbox/lib/python3.8/site-packages/airflow/example_dags/example_short_circuit_operator.py
[2022-01-03 20:44:36,657] {logging_mixin.py:104} INFO - [2022-01-03 20:44:36,657] {dag.py:1832} INFO - Sync 1 DAGs
[2022-01-03 20:44:36,841] {logging_mixin.py:104} INFO - [2022-01-03 20:44:36,841] {dag.py:2305} INFO - Setting next_dagrun for example_short_circuit_operator to 2022-01-01 00:00:00+00:00
[2022-01-03 20:44:36,858] {scheduler_job.py:190} INFO - Processing /home/airflow/sandbox/lib/python3.8/site-packages/airflow/example_dags/example_short_circuit_operator.py took 0.366 seconds
[2022-01-03 20:45:07,005] {scheduler_job.py:182} INFO - Started process (PID=16252) to work on /home/airflow/sandbox/lib/python3.8/site-packages/airflow/example_dags/example_short_circuit_operator.py
[2022-01-03 20:45:07,013] {scheduler_job.py:633} INFO - Processing file /home/airflow/sandbox/lib/python3.8/site-packages/airflow/example_dags/example_short_circuit_operator.py for tasks to queue
[2022-01-03 20:45:07,033] {logging_mixin.py:104} INFO - [2022-01-03 20:45:07,033] {dagbag.py:487} INFO - Filling up the DagBag from /home/airflow/sandbox/lib/python3.8/site-packages/airflow/example_dags/example_short_circuit_operator.py
[2022-01-03 20:45:07,185] {scheduler_job.py:643} INFO - DAG(s) dict_keys(['example_short_circuit_operator']) retrieved from /home/airflow/sandbox/lib/python3.8/site-packages/airflow/example_dags/example_short_circuit_operator.py
[2022-01-03 20:45:07,960] {logging_mixin.py:104} INFO - [2022-01-03 20:45:07,960] {dag.py:1832} INFO - Sync 1 DAGs
[2022-01-03 20:45:08,058] {logging_mixin.py:104} INFO - [2022-01-03 20:45:08,058] {dag.py:2305} INFO - Setting next_dagrun for example_short_circuit_operator to 2022-01-01 00:00:00+00:00
[2022-01-03 20:45:08,249] {scheduler_job.py:190} INFO - Processing /home/airflow/sandbox/lib/python3.8/site-packages/airflow/example_dags/example_short_circuit_operator.py took 1.262 seconds
