[2022-01-03 20:19:36,811] {scheduler_job.py:182} INFO - Started process (PID=3351) to work on /home/airflow/sandbox/lib/python3.8/site-packages/airflow/example_dags/example_branch_operator.py
[2022-01-03 20:19:36,812] {scheduler_job.py:633} INFO - Processing file /home/airflow/sandbox/lib/python3.8/site-packages/airflow/example_dags/example_branch_operator.py for tasks to queue
[2022-01-03 20:19:36,813] {logging_mixin.py:104} INFO - [2022-01-03 20:19:36,813] {dagbag.py:487} INFO - Filling up the DagBag from /home/airflow/sandbox/lib/python3.8/site-packages/airflow/example_dags/example_branch_operator.py
[2022-01-03 20:19:36,846] {scheduler_job.py:643} INFO - DAG(s) dict_keys(['example_branch_operator']) retrieved from /home/airflow/sandbox/lib/python3.8/site-packages/airflow/example_dags/example_branch_operator.py
[2022-01-03 20:19:37,336] {logging_mixin.py:104} INFO - [2022-01-03 20:19:37,336] {dag.py:1832} INFO - Sync 1 DAGs
[2022-01-03 20:19:37,348] {logging_mixin.py:104} INFO - [2022-01-03 20:19:37,348] {dag.py:2305} INFO - Setting next_dagrun for example_branch_operator to 2022-01-01 00:00:00+00:00
[2022-01-03 20:19:37,363] {scheduler_job.py:190} INFO - Processing /home/airflow/sandbox/lib/python3.8/site-packages/airflow/example_dags/example_branch_operator.py took 0.554 seconds
[2022-01-03 20:20:19,340] {scheduler_job.py:182} INFO - Started process (PID=3499) to work on /home/airflow/sandbox/lib/python3.8/site-packages/airflow/example_dags/example_branch_operator.py
[2022-01-03 20:20:19,342] {scheduler_job.py:633} INFO - Processing file /home/airflow/sandbox/lib/python3.8/site-packages/airflow/example_dags/example_branch_operator.py for tasks to queue
[2022-01-03 20:20:19,343] {logging_mixin.py:104} INFO - [2022-01-03 20:20:19,343] {dagbag.py:487} INFO - Filling up the DagBag from /home/airflow/sandbox/lib/python3.8/site-packages/airflow/example_dags/example_branch_operator.py
[2022-01-03 20:20:19,390] {scheduler_job.py:643} INFO - DAG(s) dict_keys(['example_branch_operator']) retrieved from /home/airflow/sandbox/lib/python3.8/site-packages/airflow/example_dags/example_branch_operator.py
[2022-01-03 20:20:19,410] {logging_mixin.py:104} INFO - [2022-01-03 20:20:19,410] {dag.py:1832} INFO - Sync 1 DAGs
[2022-01-03 20:20:19,443] {logging_mixin.py:104} INFO - [2022-01-03 20:20:19,443] {dag.py:2305} INFO - Setting next_dagrun for example_branch_operator to 2022-01-01 00:00:00+00:00
[2022-01-03 20:20:19,458] {scheduler_job.py:190} INFO - Processing /home/airflow/sandbox/lib/python3.8/site-packages/airflow/example_dags/example_branch_operator.py took 0.120 seconds
[2022-01-03 20:21:00,151] {scheduler_job.py:182} INFO - Started process (PID=3533) to work on /home/airflow/sandbox/lib/python3.8/site-packages/airflow/example_dags/example_branch_operator.py
[2022-01-03 20:21:00,153] {scheduler_job.py:633} INFO - Processing file /home/airflow/sandbox/lib/python3.8/site-packages/airflow/example_dags/example_branch_operator.py for tasks to queue
[2022-01-03 20:21:00,153] {logging_mixin.py:104} INFO - [2022-01-03 20:21:00,153] {dagbag.py:487} INFO - Filling up the DagBag from /home/airflow/sandbox/lib/python3.8/site-packages/airflow/example_dags/example_branch_operator.py
[2022-01-03 20:21:00,188] {scheduler_job.py:643} INFO - DAG(s) dict_keys(['example_branch_operator']) retrieved from /home/airflow/sandbox/lib/python3.8/site-packages/airflow/example_dags/example_branch_operator.py
[2022-01-03 20:21:00,205] {logging_mixin.py:104} INFO - [2022-01-03 20:21:00,205] {dag.py:1832} INFO - Sync 1 DAGs
[2022-01-03 20:21:00,246] {logging_mixin.py:104} INFO - [2022-01-03 20:21:00,246] {dag.py:2305} INFO - Setting next_dagrun for example_branch_operator to 2022-01-01 00:00:00+00:00
[2022-01-03 20:21:00,266] {scheduler_job.py:190} INFO - Processing /home/airflow/sandbox/lib/python3.8/site-packages/airflow/example_dags/example_branch_operator.py took 0.120 seconds
[2022-01-03 20:21:43,760] {scheduler_job.py:182} INFO - Started process (PID=3570) to work on /home/airflow/sandbox/lib/python3.8/site-packages/airflow/example_dags/example_branch_operator.py
[2022-01-03 20:21:43,761] {scheduler_job.py:633} INFO - Processing file /home/airflow/sandbox/lib/python3.8/site-packages/airflow/example_dags/example_branch_operator.py for tasks to queue
[2022-01-03 20:21:43,762] {logging_mixin.py:104} INFO - [2022-01-03 20:21:43,761] {dagbag.py:487} INFO - Filling up the DagBag from /home/airflow/sandbox/lib/python3.8/site-packages/airflow/example_dags/example_branch_operator.py
[2022-01-03 20:21:43,804] {scheduler_job.py:643} INFO - DAG(s) dict_keys(['example_branch_operator']) retrieved from /home/airflow/sandbox/lib/python3.8/site-packages/airflow/example_dags/example_branch_operator.py
[2022-01-03 20:21:43,849] {logging_mixin.py:104} INFO - [2022-01-03 20:21:43,849] {dag.py:1832} INFO - Sync 1 DAGs
[2022-01-03 20:21:43,863] {logging_mixin.py:104} INFO - [2022-01-03 20:21:43,863] {dag.py:2305} INFO - Setting next_dagrun for example_branch_operator to 2022-01-01 00:00:00+00:00
[2022-01-03 20:21:43,894] {scheduler_job.py:190} INFO - Processing /home/airflow/sandbox/lib/python3.8/site-packages/airflow/example_dags/example_branch_operator.py took 0.138 seconds
[2022-01-03 20:22:22,893] {scheduler_job.py:182} INFO - Started process (PID=3645) to work on /home/airflow/sandbox/lib/python3.8/site-packages/airflow/example_dags/example_branch_operator.py
[2022-01-03 20:22:22,894] {scheduler_job.py:633} INFO - Processing file /home/airflow/sandbox/lib/python3.8/site-packages/airflow/example_dags/example_branch_operator.py for tasks to queue
[2022-01-03 20:22:22,895] {logging_mixin.py:104} INFO - [2022-01-03 20:22:22,895] {dagbag.py:487} INFO - Filling up the DagBag from /home/airflow/sandbox/lib/python3.8/site-packages/airflow/example_dags/example_branch_operator.py
[2022-01-03 20:22:22,929] {scheduler_job.py:643} INFO - DAG(s) dict_keys(['example_branch_operator']) retrieved from /home/airflow/sandbox/lib/python3.8/site-packages/airflow/example_dags/example_branch_operator.py
[2022-01-03 20:22:22,947] {logging_mixin.py:104} INFO - [2022-01-03 20:22:22,947] {dag.py:1832} INFO - Sync 1 DAGs
[2022-01-03 20:22:22,977] {logging_mixin.py:104} INFO - [2022-01-03 20:22:22,965] {dag.py:2305} INFO - Setting next_dagrun for example_branch_operator to 2022-01-01 00:00:00+00:00
[2022-01-03 20:22:22,996] {scheduler_job.py:190} INFO - Processing /home/airflow/sandbox/lib/python3.8/site-packages/airflow/example_dags/example_branch_operator.py took 0.110 seconds
[2022-01-03 20:23:09,311] {scheduler_job.py:182} INFO - Started process (PID=3788) to work on /home/airflow/sandbox/lib/python3.8/site-packages/airflow/example_dags/example_branch_operator.py
[2022-01-03 20:23:09,313] {scheduler_job.py:633} INFO - Processing file /home/airflow/sandbox/lib/python3.8/site-packages/airflow/example_dags/example_branch_operator.py for tasks to queue
[2022-01-03 20:23:09,313] {logging_mixin.py:104} INFO - [2022-01-03 20:23:09,313] {dagbag.py:487} INFO - Filling up the DagBag from /home/airflow/sandbox/lib/python3.8/site-packages/airflow/example_dags/example_branch_operator.py
[2022-01-03 20:23:09,349] {scheduler_job.py:643} INFO - DAG(s) dict_keys(['example_branch_operator']) retrieved from /home/airflow/sandbox/lib/python3.8/site-packages/airflow/example_dags/example_branch_operator.py
[2022-01-03 20:23:09,396] {logging_mixin.py:104} INFO - [2022-01-03 20:23:09,396] {dag.py:1832} INFO - Sync 1 DAGs
[2022-01-03 20:23:09,434] {logging_mixin.py:104} INFO - [2022-01-03 20:23:09,434] {dag.py:2305} INFO - Setting next_dagrun for example_branch_operator to 2022-01-01 00:00:00+00:00
[2022-01-03 20:23:09,453] {scheduler_job.py:190} INFO - Processing /home/airflow/sandbox/lib/python3.8/site-packages/airflow/example_dags/example_branch_operator.py took 0.146 seconds
[2022-01-03 20:23:56,433] {scheduler_job.py:182} INFO - Started process (PID=4348) to work on /home/airflow/sandbox/lib/python3.8/site-packages/airflow/example_dags/example_branch_operator.py
[2022-01-03 20:23:56,435] {scheduler_job.py:633} INFO - Processing file /home/airflow/sandbox/lib/python3.8/site-packages/airflow/example_dags/example_branch_operator.py for tasks to queue
[2022-01-03 20:23:56,436] {logging_mixin.py:104} INFO - [2022-01-03 20:23:56,436] {dagbag.py:487} INFO - Filling up the DagBag from /home/airflow/sandbox/lib/python3.8/site-packages/airflow/example_dags/example_branch_operator.py
[2022-01-03 20:23:56,450] {scheduler_job.py:643} INFO - DAG(s) dict_keys(['example_branch_operator']) retrieved from /home/airflow/sandbox/lib/python3.8/site-packages/airflow/example_dags/example_branch_operator.py
[2022-01-03 20:23:56,476] {logging_mixin.py:104} INFO - [2022-01-03 20:23:56,475] {dag.py:1832} INFO - Sync 1 DAGs
[2022-01-03 20:23:56,486] {logging_mixin.py:104} INFO - [2022-01-03 20:23:56,485] {dag.py:2305} INFO - Setting next_dagrun for example_branch_operator to 2022-01-01 00:00:00+00:00
[2022-01-03 20:23:56,499] {scheduler_job.py:190} INFO - Processing /home/airflow/sandbox/lib/python3.8/site-packages/airflow/example_dags/example_branch_operator.py took 0.068 seconds
[2022-01-03 20:24:35,376] {scheduler_job.py:182} INFO - Started process (PID=4493) to work on /home/airflow/sandbox/lib/python3.8/site-packages/airflow/example_dags/example_branch_operator.py
[2022-01-03 20:24:35,379] {scheduler_job.py:633} INFO - Processing file /home/airflow/sandbox/lib/python3.8/site-packages/airflow/example_dags/example_branch_operator.py for tasks to queue
[2022-01-03 20:24:35,380] {logging_mixin.py:104} INFO - [2022-01-03 20:24:35,380] {dagbag.py:487} INFO - Filling up the DagBag from /home/airflow/sandbox/lib/python3.8/site-packages/airflow/example_dags/example_branch_operator.py
[2022-01-03 20:24:35,409] {scheduler_job.py:643} INFO - DAG(s) dict_keys(['example_branch_operator']) retrieved from /home/airflow/sandbox/lib/python3.8/site-packages/airflow/example_dags/example_branch_operator.py
[2022-01-03 20:24:35,433] {logging_mixin.py:104} INFO - [2022-01-03 20:24:35,433] {dag.py:1832} INFO - Sync 1 DAGs
[2022-01-03 20:24:35,454] {logging_mixin.py:104} INFO - [2022-01-03 20:24:35,453] {dag.py:2305} INFO - Setting next_dagrun for example_branch_operator to 2022-01-01 00:00:00+00:00
[2022-01-03 20:24:35,477] {scheduler_job.py:190} INFO - Processing /home/airflow/sandbox/lib/python3.8/site-packages/airflow/example_dags/example_branch_operator.py took 0.106 seconds
[2022-01-03 20:25:21,653] {scheduler_job.py:182} INFO - Started process (PID=6180) to work on /home/airflow/sandbox/lib/python3.8/site-packages/airflow/example_dags/example_branch_operator.py
[2022-01-03 20:25:21,654] {scheduler_job.py:633} INFO - Processing file /home/airflow/sandbox/lib/python3.8/site-packages/airflow/example_dags/example_branch_operator.py for tasks to queue
[2022-01-03 20:25:21,655] {logging_mixin.py:104} INFO - [2022-01-03 20:25:21,655] {dagbag.py:487} INFO - Filling up the DagBag from /home/airflow/sandbox/lib/python3.8/site-packages/airflow/example_dags/example_branch_operator.py
[2022-01-03 20:25:21,683] {scheduler_job.py:643} INFO - DAG(s) dict_keys(['example_branch_operator']) retrieved from /home/airflow/sandbox/lib/python3.8/site-packages/airflow/example_dags/example_branch_operator.py
[2022-01-03 20:25:21,753] {logging_mixin.py:104} INFO - [2022-01-03 20:25:21,753] {dag.py:1832} INFO - Sync 1 DAGs
[2022-01-03 20:25:21,836] {logging_mixin.py:104} INFO - [2022-01-03 20:25:21,835] {dag.py:2305} INFO - Setting next_dagrun for example_branch_operator to 2022-01-01 00:00:00+00:00
[2022-01-03 20:25:22,045] {scheduler_job.py:190} INFO - Processing /home/airflow/sandbox/lib/python3.8/site-packages/airflow/example_dags/example_branch_operator.py took 0.403 seconds
[2022-01-03 20:26:08,655] {scheduler_job.py:182} INFO - Started process (PID=8117) to work on /home/airflow/sandbox/lib/python3.8/site-packages/airflow/example_dags/example_branch_operator.py
[2022-01-03 20:26:08,677] {scheduler_job.py:633} INFO - Processing file /home/airflow/sandbox/lib/python3.8/site-packages/airflow/example_dags/example_branch_operator.py for tasks to queue
[2022-01-03 20:26:08,678] {logging_mixin.py:104} INFO - [2022-01-03 20:26:08,677] {dagbag.py:487} INFO - Filling up the DagBag from /home/airflow/sandbox/lib/python3.8/site-packages/airflow/example_dags/example_branch_operator.py
[2022-01-03 20:26:08,705] {scheduler_job.py:643} INFO - DAG(s) dict_keys(['example_branch_operator']) retrieved from /home/airflow/sandbox/lib/python3.8/site-packages/airflow/example_dags/example_branch_operator.py
[2022-01-03 20:26:08,734] {logging_mixin.py:104} INFO - [2022-01-03 20:26:08,734] {dag.py:1832} INFO - Sync 1 DAGs
[2022-01-03 20:26:08,747] {logging_mixin.py:104} INFO - [2022-01-03 20:26:08,747] {dag.py:2305} INFO - Setting next_dagrun for example_branch_operator to 2022-01-01 00:00:00+00:00
[2022-01-03 20:26:08,778] {scheduler_job.py:190} INFO - Processing /home/airflow/sandbox/lib/python3.8/site-packages/airflow/example_dags/example_branch_operator.py took 0.124 seconds
[2022-01-03 20:26:52,317] {scheduler_job.py:182} INFO - Started process (PID=8295) to work on /home/airflow/sandbox/lib/python3.8/site-packages/airflow/example_dags/example_branch_operator.py
[2022-01-03 20:26:52,318] {scheduler_job.py:633} INFO - Processing file /home/airflow/sandbox/lib/python3.8/site-packages/airflow/example_dags/example_branch_operator.py for tasks to queue
[2022-01-03 20:26:52,319] {logging_mixin.py:104} INFO - [2022-01-03 20:26:52,319] {dagbag.py:487} INFO - Filling up the DagBag from /home/airflow/sandbox/lib/python3.8/site-packages/airflow/example_dags/example_branch_operator.py
[2022-01-03 20:26:52,332] {scheduler_job.py:643} INFO - DAG(s) dict_keys(['example_branch_operator']) retrieved from /home/airflow/sandbox/lib/python3.8/site-packages/airflow/example_dags/example_branch_operator.py
[2022-01-03 20:26:52,342] {logging_mixin.py:104} INFO - [2022-01-03 20:26:52,342] {dag.py:1832} INFO - Sync 1 DAGs
[2022-01-03 20:26:52,350] {logging_mixin.py:104} INFO - [2022-01-03 20:26:52,350] {dag.py:2305} INFO - Setting next_dagrun for example_branch_operator to 2022-01-01 00:00:00+00:00
[2022-01-03 20:26:52,361] {scheduler_job.py:190} INFO - Processing /home/airflow/sandbox/lib/python3.8/site-packages/airflow/example_dags/example_branch_operator.py took 0.047 seconds
[2022-01-03 20:27:30,936] {scheduler_job.py:182} INFO - Started process (PID=8466) to work on /home/airflow/sandbox/lib/python3.8/site-packages/airflow/example_dags/example_branch_operator.py
[2022-01-03 20:27:30,938] {scheduler_job.py:633} INFO - Processing file /home/airflow/sandbox/lib/python3.8/site-packages/airflow/example_dags/example_branch_operator.py for tasks to queue
[2022-01-03 20:27:30,938] {logging_mixin.py:104} INFO - [2022-01-03 20:27:30,938] {dagbag.py:487} INFO - Filling up the DagBag from /home/airflow/sandbox/lib/python3.8/site-packages/airflow/example_dags/example_branch_operator.py
[2022-01-03 20:27:30,953] {scheduler_job.py:643} INFO - DAG(s) dict_keys(['example_branch_operator']) retrieved from /home/airflow/sandbox/lib/python3.8/site-packages/airflow/example_dags/example_branch_operator.py
[2022-01-03 20:27:30,985] {logging_mixin.py:104} INFO - [2022-01-03 20:27:30,985] {dag.py:1832} INFO - Sync 1 DAGs
[2022-01-03 20:27:31,022] {logging_mixin.py:104} INFO - [2022-01-03 20:27:31,022] {dag.py:2305} INFO - Setting next_dagrun for example_branch_operator to 2022-01-01 00:00:00+00:00
[2022-01-03 20:27:31,057] {scheduler_job.py:190} INFO - Processing /home/airflow/sandbox/lib/python3.8/site-packages/airflow/example_dags/example_branch_operator.py took 0.126 seconds
[2022-01-03 20:28:23,078] {scheduler_job.py:182} INFO - Started process (PID=8683) to work on /home/airflow/sandbox/lib/python3.8/site-packages/airflow/example_dags/example_branch_operator.py
[2022-01-03 20:28:23,079] {scheduler_job.py:633} INFO - Processing file /home/airflow/sandbox/lib/python3.8/site-packages/airflow/example_dags/example_branch_operator.py for tasks to queue
[2022-01-03 20:28:23,079] {logging_mixin.py:104} INFO - [2022-01-03 20:28:23,079] {dagbag.py:487} INFO - Filling up the DagBag from /home/airflow/sandbox/lib/python3.8/site-packages/airflow/example_dags/example_branch_operator.py
[2022-01-03 20:28:23,102] {scheduler_job.py:643} INFO - DAG(s) dict_keys(['example_branch_operator']) retrieved from /home/airflow/sandbox/lib/python3.8/site-packages/airflow/example_dags/example_branch_operator.py
[2022-01-03 20:28:23,143] {logging_mixin.py:104} INFO - [2022-01-03 20:28:23,143] {dag.py:1832} INFO - Sync 1 DAGs
[2022-01-03 20:28:23,176] {logging_mixin.py:104} INFO - [2022-01-03 20:28:23,176] {dag.py:2305} INFO - Setting next_dagrun for example_branch_operator to 2022-01-01 00:00:00+00:00
[2022-01-03 20:28:23,190] {scheduler_job.py:190} INFO - Processing /home/airflow/sandbox/lib/python3.8/site-packages/airflow/example_dags/example_branch_operator.py took 0.114 seconds
[2022-01-03 20:29:03,250] {scheduler_job.py:182} INFO - Started process (PID=8717) to work on /home/airflow/sandbox/lib/python3.8/site-packages/airflow/example_dags/example_branch_operator.py
[2022-01-03 20:29:03,253] {scheduler_job.py:633} INFO - Processing file /home/airflow/sandbox/lib/python3.8/site-packages/airflow/example_dags/example_branch_operator.py for tasks to queue
[2022-01-03 20:29:03,254] {logging_mixin.py:104} INFO - [2022-01-03 20:29:03,254] {dagbag.py:487} INFO - Filling up the DagBag from /home/airflow/sandbox/lib/python3.8/site-packages/airflow/example_dags/example_branch_operator.py
[2022-01-03 20:29:03,289] {scheduler_job.py:643} INFO - DAG(s) dict_keys(['example_branch_operator']) retrieved from /home/airflow/sandbox/lib/python3.8/site-packages/airflow/example_dags/example_branch_operator.py
[2022-01-03 20:29:03,326] {logging_mixin.py:104} INFO - [2022-01-03 20:29:03,326] {dag.py:1832} INFO - Sync 1 DAGs
[2022-01-03 20:29:03,345] {logging_mixin.py:104} INFO - [2022-01-03 20:29:03,345] {dag.py:2305} INFO - Setting next_dagrun for example_branch_operator to 2022-01-01 00:00:00+00:00
[2022-01-03 20:29:03,373] {scheduler_job.py:190} INFO - Processing /home/airflow/sandbox/lib/python3.8/site-packages/airflow/example_dags/example_branch_operator.py took 0.126 seconds
[2022-01-03 20:29:52,383] {scheduler_job.py:182} INFO - Started process (PID=8825) to work on /home/airflow/sandbox/lib/python3.8/site-packages/airflow/example_dags/example_branch_operator.py
[2022-01-03 20:29:52,383] {scheduler_job.py:633} INFO - Processing file /home/airflow/sandbox/lib/python3.8/site-packages/airflow/example_dags/example_branch_operator.py for tasks to queue
[2022-01-03 20:29:52,384] {logging_mixin.py:104} INFO - [2022-01-03 20:29:52,384] {dagbag.py:487} INFO - Filling up the DagBag from /home/airflow/sandbox/lib/python3.8/site-packages/airflow/example_dags/example_branch_operator.py
[2022-01-03 20:29:52,397] {scheduler_job.py:643} INFO - DAG(s) dict_keys(['example_branch_operator']) retrieved from /home/airflow/sandbox/lib/python3.8/site-packages/airflow/example_dags/example_branch_operator.py
[2022-01-03 20:29:52,426] {logging_mixin.py:104} INFO - [2022-01-03 20:29:52,426] {dag.py:1832} INFO - Sync 1 DAGs
[2022-01-03 20:29:52,437] {logging_mixin.py:104} INFO - [2022-01-03 20:29:52,437] {dag.py:2305} INFO - Setting next_dagrun for example_branch_operator to 2022-01-01 00:00:00+00:00
[2022-01-03 20:29:52,450] {scheduler_job.py:190} INFO - Processing /home/airflow/sandbox/lib/python3.8/site-packages/airflow/example_dags/example_branch_operator.py took 0.071 seconds
[2022-01-03 20:33:01,065] {scheduler_job.py:182} INFO - Started process (PID=9787) to work on /home/airflow/sandbox/lib/python3.8/site-packages/airflow/example_dags/example_branch_operator.py
[2022-01-03 20:33:01,069] {scheduler_job.py:633} INFO - Processing file /home/airflow/sandbox/lib/python3.8/site-packages/airflow/example_dags/example_branch_operator.py for tasks to queue
[2022-01-03 20:33:01,075] {logging_mixin.py:104} INFO - [2022-01-03 20:33:01,074] {dagbag.py:487} INFO - Filling up the DagBag from /home/airflow/sandbox/lib/python3.8/site-packages/airflow/example_dags/example_branch_operator.py
[2022-01-03 20:33:01,188] {scheduler_job.py:643} INFO - DAG(s) dict_keys(['example_branch_operator']) retrieved from /home/airflow/sandbox/lib/python3.8/site-packages/airflow/example_dags/example_branch_operator.py
[2022-01-03 20:33:01,686] {logging_mixin.py:104} INFO - [2022-01-03 20:33:01,685] {dag.py:1832} INFO - Sync 1 DAGs
[2022-01-03 20:33:01,975] {logging_mixin.py:104} INFO - [2022-01-03 20:33:01,975] {dag.py:2305} INFO - Setting next_dagrun for example_branch_operator to 2022-01-01 00:00:00+00:00
[2022-01-03 20:33:02,082] {scheduler_job.py:190} INFO - Processing /home/airflow/sandbox/lib/python3.8/site-packages/airflow/example_dags/example_branch_operator.py took 1.064 seconds
[2022-01-03 20:33:32,416] {scheduler_job.py:182} INFO - Started process (PID=10055) to work on /home/airflow/sandbox/lib/python3.8/site-packages/airflow/example_dags/example_branch_operator.py
[2022-01-03 20:33:32,420] {scheduler_job.py:633} INFO - Processing file /home/airflow/sandbox/lib/python3.8/site-packages/airflow/example_dags/example_branch_operator.py for tasks to queue
[2022-01-03 20:33:32,422] {logging_mixin.py:104} INFO - [2022-01-03 20:33:32,422] {dagbag.py:487} INFO - Filling up the DagBag from /home/airflow/sandbox/lib/python3.8/site-packages/airflow/example_dags/example_branch_operator.py
[2022-01-03 20:33:32,439] {scheduler_job.py:643} INFO - DAG(s) dict_keys(['example_branch_operator']) retrieved from /home/airflow/sandbox/lib/python3.8/site-packages/airflow/example_dags/example_branch_operator.py
[2022-01-03 20:33:32,663] {logging_mixin.py:104} INFO - [2022-01-03 20:33:32,663] {dag.py:1832} INFO - Sync 1 DAGs
[2022-01-03 20:33:32,868] {logging_mixin.py:104} INFO - [2022-01-03 20:33:32,867] {dag.py:2305} INFO - Setting next_dagrun for example_branch_operator to 2022-01-01 00:00:00+00:00
[2022-01-03 20:33:32,880] {scheduler_job.py:190} INFO - Processing /home/airflow/sandbox/lib/python3.8/site-packages/airflow/example_dags/example_branch_operator.py took 0.587 seconds
[2022-01-03 20:34:03,323] {scheduler_job.py:182} INFO - Started process (PID=10368) to work on /home/airflow/sandbox/lib/python3.8/site-packages/airflow/example_dags/example_branch_operator.py
[2022-01-03 20:34:03,327] {scheduler_job.py:633} INFO - Processing file /home/airflow/sandbox/lib/python3.8/site-packages/airflow/example_dags/example_branch_operator.py for tasks to queue
[2022-01-03 20:34:03,333] {logging_mixin.py:104} INFO - [2022-01-03 20:34:03,332] {dagbag.py:487} INFO - Filling up the DagBag from /home/airflow/sandbox/lib/python3.8/site-packages/airflow/example_dags/example_branch_operator.py
[2022-01-03 20:34:03,416] {scheduler_job.py:643} INFO - DAG(s) dict_keys(['example_branch_operator']) retrieved from /home/airflow/sandbox/lib/python3.8/site-packages/airflow/example_dags/example_branch_operator.py
[2022-01-03 20:34:03,472] {logging_mixin.py:104} INFO - [2022-01-03 20:34:03,471] {dag.py:1832} INFO - Sync 1 DAGs
[2022-01-03 20:34:03,525] {logging_mixin.py:104} INFO - [2022-01-03 20:34:03,525] {dag.py:2305} INFO - Setting next_dagrun for example_branch_operator to 2022-01-01 00:00:00+00:00
[2022-01-03 20:34:03,540] {scheduler_job.py:190} INFO - Processing /home/airflow/sandbox/lib/python3.8/site-packages/airflow/example_dags/example_branch_operator.py took 0.220 seconds
[2022-01-03 20:34:34,668] {scheduler_job.py:182} INFO - Started process (PID=11624) to work on /home/airflow/sandbox/lib/python3.8/site-packages/airflow/example_dags/example_branch_operator.py
[2022-01-03 20:34:34,669] {scheduler_job.py:633} INFO - Processing file /home/airflow/sandbox/lib/python3.8/site-packages/airflow/example_dags/example_branch_operator.py for tasks to queue
[2022-01-03 20:34:34,669] {logging_mixin.py:104} INFO - [2022-01-03 20:34:34,669] {dagbag.py:487} INFO - Filling up the DagBag from /home/airflow/sandbox/lib/python3.8/site-packages/airflow/example_dags/example_branch_operator.py
[2022-01-03 20:34:34,834] {scheduler_job.py:643} INFO - DAG(s) dict_keys(['example_branch_operator']) retrieved from /home/airflow/sandbox/lib/python3.8/site-packages/airflow/example_dags/example_branch_operator.py
[2022-01-03 20:34:34,935] {logging_mixin.py:104} INFO - [2022-01-03 20:34:34,935] {dag.py:1832} INFO - Sync 1 DAGs
[2022-01-03 20:34:34,983] {logging_mixin.py:104} INFO - [2022-01-03 20:34:34,982] {dag.py:2305} INFO - Setting next_dagrun for example_branch_operator to 2022-01-01 00:00:00+00:00
[2022-01-03 20:34:35,029] {scheduler_job.py:190} INFO - Processing /home/airflow/sandbox/lib/python3.8/site-packages/airflow/example_dags/example_branch_operator.py took 0.393 seconds
[2022-01-03 20:35:06,433] {scheduler_job.py:182} INFO - Started process (PID=11856) to work on /home/airflow/sandbox/lib/python3.8/site-packages/airflow/example_dags/example_branch_operator.py
[2022-01-03 20:35:06,433] {scheduler_job.py:633} INFO - Processing file /home/airflow/sandbox/lib/python3.8/site-packages/airflow/example_dags/example_branch_operator.py for tasks to queue
[2022-01-03 20:35:06,434] {logging_mixin.py:104} INFO - [2022-01-03 20:35:06,434] {dagbag.py:487} INFO - Filling up the DagBag from /home/airflow/sandbox/lib/python3.8/site-packages/airflow/example_dags/example_branch_operator.py
[2022-01-03 20:35:06,467] {scheduler_job.py:643} INFO - DAG(s) dict_keys(['example_branch_operator']) retrieved from /home/airflow/sandbox/lib/python3.8/site-packages/airflow/example_dags/example_branch_operator.py
[2022-01-03 20:35:06,675] {logging_mixin.py:104} INFO - [2022-01-03 20:35:06,675] {dag.py:1832} INFO - Sync 1 DAGs
[2022-01-03 20:35:06,817] {logging_mixin.py:104} INFO - [2022-01-03 20:35:06,816] {dag.py:2305} INFO - Setting next_dagrun for example_branch_operator to 2022-01-01 00:00:00+00:00
[2022-01-03 20:35:06,885] {scheduler_job.py:190} INFO - Processing /home/airflow/sandbox/lib/python3.8/site-packages/airflow/example_dags/example_branch_operator.py took 0.455 seconds
[2022-01-03 20:35:37,029] {scheduler_job.py:182} INFO - Started process (PID=12056) to work on /home/airflow/sandbox/lib/python3.8/site-packages/airflow/example_dags/example_branch_operator.py
[2022-01-03 20:35:37,030] {scheduler_job.py:633} INFO - Processing file /home/airflow/sandbox/lib/python3.8/site-packages/airflow/example_dags/example_branch_operator.py for tasks to queue
[2022-01-03 20:35:37,030] {logging_mixin.py:104} INFO - [2022-01-03 20:35:37,030] {dagbag.py:487} INFO - Filling up the DagBag from /home/airflow/sandbox/lib/python3.8/site-packages/airflow/example_dags/example_branch_operator.py
[2022-01-03 20:35:37,129] {scheduler_job.py:643} INFO - DAG(s) dict_keys(['example_branch_operator']) retrieved from /home/airflow/sandbox/lib/python3.8/site-packages/airflow/example_dags/example_branch_operator.py
[2022-01-03 20:35:37,261] {logging_mixin.py:104} INFO - [2022-01-03 20:35:37,261] {dag.py:1832} INFO - Sync 1 DAGs
[2022-01-03 20:35:37,278] {logging_mixin.py:104} INFO - [2022-01-03 20:35:37,277] {dag.py:2305} INFO - Setting next_dagrun for example_branch_operator to 2022-01-01 00:00:00+00:00
[2022-01-03 20:35:37,336] {scheduler_job.py:190} INFO - Processing /home/airflow/sandbox/lib/python3.8/site-packages/airflow/example_dags/example_branch_operator.py took 0.313 seconds
[2022-01-03 20:36:07,525] {scheduler_job.py:182} INFO - Started process (PID=12250) to work on /home/airflow/sandbox/lib/python3.8/site-packages/airflow/example_dags/example_branch_operator.py
[2022-01-03 20:36:07,526] {scheduler_job.py:633} INFO - Processing file /home/airflow/sandbox/lib/python3.8/site-packages/airflow/example_dags/example_branch_operator.py for tasks to queue
[2022-01-03 20:36:07,527] {logging_mixin.py:104} INFO - [2022-01-03 20:36:07,527] {dagbag.py:487} INFO - Filling up the DagBag from /home/airflow/sandbox/lib/python3.8/site-packages/airflow/example_dags/example_branch_operator.py
[2022-01-03 20:36:07,572] {scheduler_job.py:643} INFO - DAG(s) dict_keys(['example_branch_operator']) retrieved from /home/airflow/sandbox/lib/python3.8/site-packages/airflow/example_dags/example_branch_operator.py
[2022-01-03 20:36:07,625] {logging_mixin.py:104} INFO - [2022-01-03 20:36:07,625] {dag.py:1832} INFO - Sync 1 DAGs
[2022-01-03 20:36:07,670] {logging_mixin.py:104} INFO - [2022-01-03 20:36:07,669] {dag.py:2305} INFO - Setting next_dagrun for example_branch_operator to 2022-01-01 00:00:00+00:00
[2022-01-03 20:36:07,681] {scheduler_job.py:190} INFO - Processing /home/airflow/sandbox/lib/python3.8/site-packages/airflow/example_dags/example_branch_operator.py took 0.160 seconds
[2022-01-03 20:36:38,325] {scheduler_job.py:182} INFO - Started process (PID=12448) to work on /home/airflow/sandbox/lib/python3.8/site-packages/airflow/example_dags/example_branch_operator.py
[2022-01-03 20:36:38,325] {scheduler_job.py:633} INFO - Processing file /home/airflow/sandbox/lib/python3.8/site-packages/airflow/example_dags/example_branch_operator.py for tasks to queue
[2022-01-03 20:36:38,326] {logging_mixin.py:104} INFO - [2022-01-03 20:36:38,326] {dagbag.py:487} INFO - Filling up the DagBag from /home/airflow/sandbox/lib/python3.8/site-packages/airflow/example_dags/example_branch_operator.py
[2022-01-03 20:36:38,368] {scheduler_job.py:643} INFO - DAG(s) dict_keys(['example_branch_operator']) retrieved from /home/airflow/sandbox/lib/python3.8/site-packages/airflow/example_dags/example_branch_operator.py
[2022-01-03 20:36:38,487] {logging_mixin.py:104} INFO - [2022-01-03 20:36:38,486] {dag.py:1832} INFO - Sync 1 DAGs
[2022-01-03 20:36:38,628] {logging_mixin.py:104} INFO - [2022-01-03 20:36:38,628] {dag.py:2305} INFO - Setting next_dagrun for example_branch_operator to 2022-01-01 00:00:00+00:00
[2022-01-03 20:36:38,676] {scheduler_job.py:190} INFO - Processing /home/airflow/sandbox/lib/python3.8/site-packages/airflow/example_dags/example_branch_operator.py took 0.354 seconds
[2022-01-03 20:37:09,815] {scheduler_job.py:182} INFO - Started process (PID=12648) to work on /home/airflow/sandbox/lib/python3.8/site-packages/airflow/example_dags/example_branch_operator.py
[2022-01-03 20:37:09,822] {scheduler_job.py:633} INFO - Processing file /home/airflow/sandbox/lib/python3.8/site-packages/airflow/example_dags/example_branch_operator.py for tasks to queue
[2022-01-03 20:37:09,823] {logging_mixin.py:104} INFO - [2022-01-03 20:37:09,823] {dagbag.py:487} INFO - Filling up the DagBag from /home/airflow/sandbox/lib/python3.8/site-packages/airflow/example_dags/example_branch_operator.py
[2022-01-03 20:37:09,879] {scheduler_job.py:643} INFO - DAG(s) dict_keys(['example_branch_operator']) retrieved from /home/airflow/sandbox/lib/python3.8/site-packages/airflow/example_dags/example_branch_operator.py
[2022-01-03 20:37:10,006] {logging_mixin.py:104} INFO - [2022-01-03 20:37:10,006] {dag.py:1832} INFO - Sync 1 DAGs
[2022-01-03 20:37:10,083] {logging_mixin.py:104} INFO - [2022-01-03 20:37:10,083] {dag.py:2305} INFO - Setting next_dagrun for example_branch_operator to 2022-01-01 00:00:00+00:00
[2022-01-03 20:37:10,116] {scheduler_job.py:190} INFO - Processing /home/airflow/sandbox/lib/python3.8/site-packages/airflow/example_dags/example_branch_operator.py took 0.304 seconds
[2022-01-03 20:37:41,031] {scheduler_job.py:182} INFO - Started process (PID=12970) to work on /home/airflow/sandbox/lib/python3.8/site-packages/airflow/example_dags/example_branch_operator.py
[2022-01-03 20:37:41,048] {scheduler_job.py:633} INFO - Processing file /home/airflow/sandbox/lib/python3.8/site-packages/airflow/example_dags/example_branch_operator.py for tasks to queue
[2022-01-03 20:37:41,050] {logging_mixin.py:104} INFO - [2022-01-03 20:37:41,050] {dagbag.py:487} INFO - Filling up the DagBag from /home/airflow/sandbox/lib/python3.8/site-packages/airflow/example_dags/example_branch_operator.py
[2022-01-03 20:37:41,078] {scheduler_job.py:643} INFO - DAG(s) dict_keys(['example_branch_operator']) retrieved from /home/airflow/sandbox/lib/python3.8/site-packages/airflow/example_dags/example_branch_operator.py
[2022-01-03 20:37:41,157] {logging_mixin.py:104} INFO - [2022-01-03 20:37:41,157] {dag.py:1832} INFO - Sync 1 DAGs
[2022-01-03 20:37:41,199] {logging_mixin.py:104} INFO - [2022-01-03 20:37:41,198] {dag.py:2305} INFO - Setting next_dagrun for example_branch_operator to 2022-01-01 00:00:00+00:00
[2022-01-03 20:37:41,221] {scheduler_job.py:190} INFO - Processing /home/airflow/sandbox/lib/python3.8/site-packages/airflow/example_dags/example_branch_operator.py took 0.199 seconds
[2022-01-03 20:38:12,155] {scheduler_job.py:182} INFO - Started process (PID=13288) to work on /home/airflow/sandbox/lib/python3.8/site-packages/airflow/example_dags/example_branch_operator.py
[2022-01-03 20:38:12,164] {scheduler_job.py:633} INFO - Processing file /home/airflow/sandbox/lib/python3.8/site-packages/airflow/example_dags/example_branch_operator.py for tasks to queue
[2022-01-03 20:38:12,165] {logging_mixin.py:104} INFO - [2022-01-03 20:38:12,165] {dagbag.py:487} INFO - Filling up the DagBag from /home/airflow/sandbox/lib/python3.8/site-packages/airflow/example_dags/example_branch_operator.py
[2022-01-03 20:38:12,227] {scheduler_job.py:643} INFO - DAG(s) dict_keys(['example_branch_operator']) retrieved from /home/airflow/sandbox/lib/python3.8/site-packages/airflow/example_dags/example_branch_operator.py
[2022-01-03 20:38:12,294] {logging_mixin.py:104} INFO - [2022-01-03 20:38:12,294] {dag.py:1832} INFO - Sync 1 DAGs
[2022-01-03 20:38:12,354] {logging_mixin.py:104} INFO - [2022-01-03 20:38:12,354] {dag.py:2305} INFO - Setting next_dagrun for example_branch_operator to 2022-01-01 00:00:00+00:00
[2022-01-03 20:38:12,398] {scheduler_job.py:190} INFO - Processing /home/airflow/sandbox/lib/python3.8/site-packages/airflow/example_dags/example_branch_operator.py took 0.245 seconds
[2022-01-03 20:38:43,098] {scheduler_job.py:182} INFO - Started process (PID=13486) to work on /home/airflow/sandbox/lib/python3.8/site-packages/airflow/example_dags/example_branch_operator.py
[2022-01-03 20:38:43,102] {scheduler_job.py:633} INFO - Processing file /home/airflow/sandbox/lib/python3.8/site-packages/airflow/example_dags/example_branch_operator.py for tasks to queue
[2022-01-03 20:38:43,110] {logging_mixin.py:104} INFO - [2022-01-03 20:38:43,109] {dagbag.py:487} INFO - Filling up the DagBag from /home/airflow/sandbox/lib/python3.8/site-packages/airflow/example_dags/example_branch_operator.py
[2022-01-03 20:38:43,175] {scheduler_job.py:643} INFO - DAG(s) dict_keys(['example_branch_operator']) retrieved from /home/airflow/sandbox/lib/python3.8/site-packages/airflow/example_dags/example_branch_operator.py
[2022-01-03 20:38:43,276] {logging_mixin.py:104} INFO - [2022-01-03 20:38:43,276] {dag.py:1832} INFO - Sync 1 DAGs
[2022-01-03 20:38:43,333] {logging_mixin.py:104} INFO - [2022-01-03 20:38:43,333] {dag.py:2305} INFO - Setting next_dagrun for example_branch_operator to 2022-01-01 00:00:00+00:00
[2022-01-03 20:38:43,363] {scheduler_job.py:190} INFO - Processing /home/airflow/sandbox/lib/python3.8/site-packages/airflow/example_dags/example_branch_operator.py took 0.269 seconds
[2022-01-03 20:39:13,827] {scheduler_job.py:182} INFO - Started process (PID=13685) to work on /home/airflow/sandbox/lib/python3.8/site-packages/airflow/example_dags/example_branch_operator.py
[2022-01-03 20:39:13,843] {scheduler_job.py:633} INFO - Processing file /home/airflow/sandbox/lib/python3.8/site-packages/airflow/example_dags/example_branch_operator.py for tasks to queue
[2022-01-03 20:39:13,844] {logging_mixin.py:104} INFO - [2022-01-03 20:39:13,844] {dagbag.py:487} INFO - Filling up the DagBag from /home/airflow/sandbox/lib/python3.8/site-packages/airflow/example_dags/example_branch_operator.py
[2022-01-03 20:39:13,867] {scheduler_job.py:643} INFO - DAG(s) dict_keys(['example_branch_operator']) retrieved from /home/airflow/sandbox/lib/python3.8/site-packages/airflow/example_dags/example_branch_operator.py
[2022-01-03 20:39:13,980] {logging_mixin.py:104} INFO - [2022-01-03 20:39:13,980] {dag.py:1832} INFO - Sync 1 DAGs
[2022-01-03 20:39:14,053] {logging_mixin.py:104} INFO - [2022-01-03 20:39:14,053] {dag.py:2305} INFO - Setting next_dagrun for example_branch_operator to 2022-01-01 00:00:00+00:00
[2022-01-03 20:39:14,077] {scheduler_job.py:190} INFO - Processing /home/airflow/sandbox/lib/python3.8/site-packages/airflow/example_dags/example_branch_operator.py took 0.254 seconds
[2022-01-03 20:39:44,617] {scheduler_job.py:182} INFO - Started process (PID=13882) to work on /home/airflow/sandbox/lib/python3.8/site-packages/airflow/example_dags/example_branch_operator.py
[2022-01-03 20:39:44,620] {scheduler_job.py:633} INFO - Processing file /home/airflow/sandbox/lib/python3.8/site-packages/airflow/example_dags/example_branch_operator.py for tasks to queue
[2022-01-03 20:39:44,624] {logging_mixin.py:104} INFO - [2022-01-03 20:39:44,624] {dagbag.py:487} INFO - Filling up the DagBag from /home/airflow/sandbox/lib/python3.8/site-packages/airflow/example_dags/example_branch_operator.py
[2022-01-03 20:39:44,707] {scheduler_job.py:643} INFO - DAG(s) dict_keys(['example_branch_operator']) retrieved from /home/airflow/sandbox/lib/python3.8/site-packages/airflow/example_dags/example_branch_operator.py
[2022-01-03 20:39:44,845] {logging_mixin.py:104} INFO - [2022-01-03 20:39:44,845] {dag.py:1832} INFO - Sync 1 DAGs
[2022-01-03 20:39:44,913] {logging_mixin.py:104} INFO - [2022-01-03 20:39:44,913] {dag.py:2305} INFO - Setting next_dagrun for example_branch_operator to 2022-01-01 00:00:00+00:00
[2022-01-03 20:39:44,968] {scheduler_job.py:190} INFO - Processing /home/airflow/sandbox/lib/python3.8/site-packages/airflow/example_dags/example_branch_operator.py took 0.360 seconds
[2022-01-03 20:40:16,545] {scheduler_job.py:182} INFO - Started process (PID=14081) to work on /home/airflow/sandbox/lib/python3.8/site-packages/airflow/example_dags/example_branch_operator.py
[2022-01-03 20:40:16,547] {scheduler_job.py:633} INFO - Processing file /home/airflow/sandbox/lib/python3.8/site-packages/airflow/example_dags/example_branch_operator.py for tasks to queue
[2022-01-03 20:40:16,548] {logging_mixin.py:104} INFO - [2022-01-03 20:40:16,548] {dagbag.py:487} INFO - Filling up the DagBag from /home/airflow/sandbox/lib/python3.8/site-packages/airflow/example_dags/example_branch_operator.py
[2022-01-03 20:40:16,599] {scheduler_job.py:643} INFO - DAG(s) dict_keys(['example_branch_operator']) retrieved from /home/airflow/sandbox/lib/python3.8/site-packages/airflow/example_dags/example_branch_operator.py
[2022-01-03 20:40:16,698] {logging_mixin.py:104} INFO - [2022-01-03 20:40:16,698] {dag.py:1832} INFO - Sync 1 DAGs
[2022-01-03 20:40:16,714] {logging_mixin.py:104} INFO - [2022-01-03 20:40:16,714] {dag.py:2305} INFO - Setting next_dagrun for example_branch_operator to 2022-01-01 00:00:00+00:00
[2022-01-03 20:40:17,052] {scheduler_job.py:190} INFO - Processing /home/airflow/sandbox/lib/python3.8/site-packages/airflow/example_dags/example_branch_operator.py took 0.539 seconds
[2022-01-03 20:40:48,826] {scheduler_job.py:182} INFO - Started process (PID=14292) to work on /home/airflow/sandbox/lib/python3.8/site-packages/airflow/example_dags/example_branch_operator.py
[2022-01-03 20:40:48,827] {scheduler_job.py:633} INFO - Processing file /home/airflow/sandbox/lib/python3.8/site-packages/airflow/example_dags/example_branch_operator.py for tasks to queue
[2022-01-03 20:40:48,846] {logging_mixin.py:104} INFO - [2022-01-03 20:40:48,846] {dagbag.py:487} INFO - Filling up the DagBag from /home/airflow/sandbox/lib/python3.8/site-packages/airflow/example_dags/example_branch_operator.py
[2022-01-03 20:40:48,925] {scheduler_job.py:643} INFO - DAG(s) dict_keys(['example_branch_operator']) retrieved from /home/airflow/sandbox/lib/python3.8/site-packages/airflow/example_dags/example_branch_operator.py
[2022-01-03 20:40:49,012] {logging_mixin.py:104} INFO - [2022-01-03 20:40:49,012] {dag.py:1832} INFO - Sync 1 DAGs
[2022-01-03 20:40:49,069] {logging_mixin.py:104} INFO - [2022-01-03 20:40:49,069] {dag.py:2305} INFO - Setting next_dagrun for example_branch_operator to 2022-01-01 00:00:00+00:00
[2022-01-03 20:40:49,327] {scheduler_job.py:190} INFO - Processing /home/airflow/sandbox/lib/python3.8/site-packages/airflow/example_dags/example_branch_operator.py took 0.561 seconds
[2022-01-03 20:41:19,918] {scheduler_job.py:182} INFO - Started process (PID=14484) to work on /home/airflow/sandbox/lib/python3.8/site-packages/airflow/example_dags/example_branch_operator.py
[2022-01-03 20:41:19,918] {scheduler_job.py:633} INFO - Processing file /home/airflow/sandbox/lib/python3.8/site-packages/airflow/example_dags/example_branch_operator.py for tasks to queue
[2022-01-03 20:41:19,923] {logging_mixin.py:104} INFO - [2022-01-03 20:41:19,920] {dagbag.py:487} INFO - Filling up the DagBag from /home/airflow/sandbox/lib/python3.8/site-packages/airflow/example_dags/example_branch_operator.py
[2022-01-03 20:41:19,954] {scheduler_job.py:643} INFO - DAG(s) dict_keys(['example_branch_operator']) retrieved from /home/airflow/sandbox/lib/python3.8/site-packages/airflow/example_dags/example_branch_operator.py
[2022-01-03 20:41:20,116] {logging_mixin.py:104} INFO - [2022-01-03 20:41:20,116] {dag.py:1832} INFO - Sync 1 DAGs
[2022-01-03 20:41:20,392] {logging_mixin.py:104} INFO - [2022-01-03 20:41:20,392] {dag.py:2305} INFO - Setting next_dagrun for example_branch_operator to 2022-01-01 00:00:00+00:00
[2022-01-03 20:41:20,417] {scheduler_job.py:190} INFO - Processing /home/airflow/sandbox/lib/python3.8/site-packages/airflow/example_dags/example_branch_operator.py took 0.507 seconds
[2022-01-03 20:41:51,260] {scheduler_job.py:182} INFO - Started process (PID=14687) to work on /home/airflow/sandbox/lib/python3.8/site-packages/airflow/example_dags/example_branch_operator.py
[2022-01-03 20:41:51,262] {scheduler_job.py:633} INFO - Processing file /home/airflow/sandbox/lib/python3.8/site-packages/airflow/example_dags/example_branch_operator.py for tasks to queue
[2022-01-03 20:41:51,270] {logging_mixin.py:104} INFO - [2022-01-03 20:41:51,269] {dagbag.py:487} INFO - Filling up the DagBag from /home/airflow/sandbox/lib/python3.8/site-packages/airflow/example_dags/example_branch_operator.py
[2022-01-03 20:41:51,362] {scheduler_job.py:643} INFO - DAG(s) dict_keys(['example_branch_operator']) retrieved from /home/airflow/sandbox/lib/python3.8/site-packages/airflow/example_dags/example_branch_operator.py
[2022-01-03 20:41:51,469] {logging_mixin.py:104} INFO - [2022-01-03 20:41:51,469] {dag.py:1832} INFO - Sync 1 DAGs
[2022-01-03 20:41:51,792] {logging_mixin.py:104} INFO - [2022-01-03 20:41:51,792] {dag.py:2305} INFO - Setting next_dagrun for example_branch_operator to 2022-01-01 00:00:00+00:00
[2022-01-03 20:41:51,801] {scheduler_job.py:190} INFO - Processing /home/airflow/sandbox/lib/python3.8/site-packages/airflow/example_dags/example_branch_operator.py took 0.543 seconds
[2022-01-03 20:42:22,214] {scheduler_job.py:182} INFO - Started process (PID=14886) to work on /home/airflow/sandbox/lib/python3.8/site-packages/airflow/example_dags/example_branch_operator.py
[2022-01-03 20:42:22,216] {scheduler_job.py:633} INFO - Processing file /home/airflow/sandbox/lib/python3.8/site-packages/airflow/example_dags/example_branch_operator.py for tasks to queue
[2022-01-03 20:42:22,221] {logging_mixin.py:104} INFO - [2022-01-03 20:42:22,221] {dagbag.py:487} INFO - Filling up the DagBag from /home/airflow/sandbox/lib/python3.8/site-packages/airflow/example_dags/example_branch_operator.py
[2022-01-03 20:42:22,259] {scheduler_job.py:643} INFO - DAG(s) dict_keys(['example_branch_operator']) retrieved from /home/airflow/sandbox/lib/python3.8/site-packages/airflow/example_dags/example_branch_operator.py
[2022-01-03 20:42:22,343] {logging_mixin.py:104} INFO - [2022-01-03 20:42:22,343] {dag.py:1832} INFO - Sync 1 DAGs
[2022-01-03 20:42:22,749] {logging_mixin.py:104} INFO - [2022-01-03 20:42:22,749] {dag.py:2305} INFO - Setting next_dagrun for example_branch_operator to 2022-01-01 00:00:00+00:00
[2022-01-03 20:42:22,787] {scheduler_job.py:190} INFO - Processing /home/airflow/sandbox/lib/python3.8/site-packages/airflow/example_dags/example_branch_operator.py took 0.577 seconds
[2022-01-03 20:42:52,954] {scheduler_job.py:182} INFO - Started process (PID=15322) to work on /home/airflow/sandbox/lib/python3.8/site-packages/airflow/example_dags/example_branch_operator.py
[2022-01-03 20:42:52,960] {scheduler_job.py:633} INFO - Processing file /home/airflow/sandbox/lib/python3.8/site-packages/airflow/example_dags/example_branch_operator.py for tasks to queue
[2022-01-03 20:42:52,961] {logging_mixin.py:104} INFO - [2022-01-03 20:42:52,961] {dagbag.py:487} INFO - Filling up the DagBag from /home/airflow/sandbox/lib/python3.8/site-packages/airflow/example_dags/example_branch_operator.py
[2022-01-03 20:42:52,994] {scheduler_job.py:643} INFO - DAG(s) dict_keys(['example_branch_operator']) retrieved from /home/airflow/sandbox/lib/python3.8/site-packages/airflow/example_dags/example_branch_operator.py
[2022-01-03 20:42:53,068] {logging_mixin.py:104} INFO - [2022-01-03 20:42:53,068] {dag.py:1832} INFO - Sync 1 DAGs
[2022-01-03 20:42:53,387] {logging_mixin.py:104} INFO - [2022-01-03 20:42:53,387] {dag.py:2305} INFO - Setting next_dagrun for example_branch_operator to 2022-01-01 00:00:00+00:00
[2022-01-03 20:42:53,421] {scheduler_job.py:190} INFO - Processing /home/airflow/sandbox/lib/python3.8/site-packages/airflow/example_dags/example_branch_operator.py took 0.482 seconds
[2022-01-03 20:43:24,145] {scheduler_job.py:182} INFO - Started process (PID=15521) to work on /home/airflow/sandbox/lib/python3.8/site-packages/airflow/example_dags/example_branch_operator.py
[2022-01-03 20:43:24,148] {scheduler_job.py:633} INFO - Processing file /home/airflow/sandbox/lib/python3.8/site-packages/airflow/example_dags/example_branch_operator.py for tasks to queue
[2022-01-03 20:43:24,149] {logging_mixin.py:104} INFO - [2022-01-03 20:43:24,149] {dagbag.py:487} INFO - Filling up the DagBag from /home/airflow/sandbox/lib/python3.8/site-packages/airflow/example_dags/example_branch_operator.py
[2022-01-03 20:43:24,188] {scheduler_job.py:643} INFO - DAG(s) dict_keys(['example_branch_operator']) retrieved from /home/airflow/sandbox/lib/python3.8/site-packages/airflow/example_dags/example_branch_operator.py
[2022-01-03 20:43:24,257] {logging_mixin.py:104} INFO - [2022-01-03 20:43:24,257] {dag.py:1832} INFO - Sync 1 DAGs
[2022-01-03 20:43:24,519] {logging_mixin.py:104} INFO - [2022-01-03 20:43:24,519] {dag.py:2305} INFO - Setting next_dagrun for example_branch_operator to 2022-01-01 00:00:00+00:00
[2022-01-03 20:43:24,597] {scheduler_job.py:190} INFO - Processing /home/airflow/sandbox/lib/python3.8/site-packages/airflow/example_dags/example_branch_operator.py took 0.490 seconds
[2022-01-03 20:43:54,704] {scheduler_job.py:182} INFO - Started process (PID=15720) to work on /home/airflow/sandbox/lib/python3.8/site-packages/airflow/example_dags/example_branch_operator.py
[2022-01-03 20:43:54,715] {scheduler_job.py:633} INFO - Processing file /home/airflow/sandbox/lib/python3.8/site-packages/airflow/example_dags/example_branch_operator.py for tasks to queue
[2022-01-03 20:43:54,716] {logging_mixin.py:104} INFO - [2022-01-03 20:43:54,716] {dagbag.py:487} INFO - Filling up the DagBag from /home/airflow/sandbox/lib/python3.8/site-packages/airflow/example_dags/example_branch_operator.py
[2022-01-03 20:43:54,746] {scheduler_job.py:643} INFO - DAG(s) dict_keys(['example_branch_operator']) retrieved from /home/airflow/sandbox/lib/python3.8/site-packages/airflow/example_dags/example_branch_operator.py
[2022-01-03 20:43:54,812] {logging_mixin.py:104} INFO - [2022-01-03 20:43:54,812] {dag.py:1832} INFO - Sync 1 DAGs
[2022-01-03 20:43:55,081] {logging_mixin.py:104} INFO - [2022-01-03 20:43:55,081] {dag.py:2305} INFO - Setting next_dagrun for example_branch_operator to 2022-01-01 00:00:00+00:00
[2022-01-03 20:43:55,097] {scheduler_job.py:190} INFO - Processing /home/airflow/sandbox/lib/python3.8/site-packages/airflow/example_dags/example_branch_operator.py took 0.396 seconds
[2022-01-03 20:44:25,242] {scheduler_job.py:182} INFO - Started process (PID=15920) to work on /home/airflow/sandbox/lib/python3.8/site-packages/airflow/example_dags/example_branch_operator.py
[2022-01-03 20:44:25,245] {scheduler_job.py:633} INFO - Processing file /home/airflow/sandbox/lib/python3.8/site-packages/airflow/example_dags/example_branch_operator.py for tasks to queue
[2022-01-03 20:44:25,248] {logging_mixin.py:104} INFO - [2022-01-03 20:44:25,247] {dagbag.py:487} INFO - Filling up the DagBag from /home/airflow/sandbox/lib/python3.8/site-packages/airflow/example_dags/example_branch_operator.py
[2022-01-03 20:44:25,287] {scheduler_job.py:643} INFO - DAG(s) dict_keys(['example_branch_operator']) retrieved from /home/airflow/sandbox/lib/python3.8/site-packages/airflow/example_dags/example_branch_operator.py
[2022-01-03 20:44:25,537] {logging_mixin.py:104} INFO - [2022-01-03 20:44:25,537] {dag.py:1832} INFO - Sync 1 DAGs
[2022-01-03 20:44:25,591] {logging_mixin.py:104} INFO - [2022-01-03 20:44:25,590] {dag.py:2305} INFO - Setting next_dagrun for example_branch_operator to 2022-01-01 00:00:00+00:00
[2022-01-03 20:44:25,641] {scheduler_job.py:190} INFO - Processing /home/airflow/sandbox/lib/python3.8/site-packages/airflow/example_dags/example_branch_operator.py took 0.407 seconds
[2022-01-03 20:44:56,960] {scheduler_job.py:182} INFO - Started process (PID=16147) to work on /home/airflow/sandbox/lib/python3.8/site-packages/airflow/example_dags/example_branch_operator.py
[2022-01-03 20:44:56,967] {scheduler_job.py:633} INFO - Processing file /home/airflow/sandbox/lib/python3.8/site-packages/airflow/example_dags/example_branch_operator.py for tasks to queue
[2022-01-03 20:44:56,982] {logging_mixin.py:104} INFO - [2022-01-03 20:44:56,982] {dagbag.py:487} INFO - Filling up the DagBag from /home/airflow/sandbox/lib/python3.8/site-packages/airflow/example_dags/example_branch_operator.py
[2022-01-03 20:44:57,007] {scheduler_job.py:643} INFO - DAG(s) dict_keys(['example_branch_operator']) retrieved from /home/airflow/sandbox/lib/python3.8/site-packages/airflow/example_dags/example_branch_operator.py
[2022-01-03 20:44:57,239] {logging_mixin.py:104} INFO - [2022-01-03 20:44:57,239] {dag.py:1832} INFO - Sync 1 DAGs
[2022-01-03 20:44:57,305] {logging_mixin.py:104} INFO - [2022-01-03 20:44:57,305] {dag.py:2305} INFO - Setting next_dagrun for example_branch_operator to 2022-01-01 00:00:00+00:00
[2022-01-03 20:44:57,363] {scheduler_job.py:190} INFO - Processing /home/airflow/sandbox/lib/python3.8/site-packages/airflow/example_dags/example_branch_operator.py took 0.405 seconds
