[2022-01-03 20:18:47,566] {scheduler_job.py:182} INFO - Started process (PID=2932) to work on /home/airflow/sandbox/lib/python3.8/site-packages/airflow/example_dags/example_subdag_operator.py
[2022-01-03 20:18:47,567] {scheduler_job.py:633} INFO - Processing file /home/airflow/sandbox/lib/python3.8/site-packages/airflow/example_dags/example_subdag_operator.py for tasks to queue
[2022-01-03 20:18:47,585] {logging_mixin.py:104} INFO - [2022-01-03 20:18:47,585] {dagbag.py:487} INFO - Filling up the DagBag from /home/airflow/sandbox/lib/python3.8/site-packages/airflow/example_dags/example_subdag_operator.py
[2022-01-03 20:18:47,648] {scheduler_job.py:643} INFO - DAG(s) dict_keys(['example_subdag_operator.section-1', 'example_subdag_operator.section-2', 'example_subdag_operator']) retrieved from /home/airflow/sandbox/lib/python3.8/site-packages/airflow/example_dags/example_subdag_operator.py
[2022-01-03 20:18:48,295] {logging_mixin.py:104} INFO - [2022-01-03 20:18:48,295] {dag.py:1832} INFO - Sync 3 DAGs
[2022-01-03 20:18:48,305] {logging_mixin.py:104} INFO - [2022-01-03 20:18:48,305] {dag.py:2305} INFO - Setting next_dagrun for example_subdag_operator to 2022-01-01 00:00:00+00:00
[2022-01-03 20:18:48,306] {logging_mixin.py:104} INFO - [2022-01-03 20:18:48,306] {dag.py:2305} INFO - Setting next_dagrun for example_subdag_operator.section-1 to None
[2022-01-03 20:18:48,306] {logging_mixin.py:104} INFO - [2022-01-03 20:18:48,306] {dag.py:2305} INFO - Setting next_dagrun for example_subdag_operator.section-2 to None
[2022-01-03 20:18:48,336] {logging_mixin.py:104} INFO - [2022-01-03 20:18:48,336] {dag.py:1832} INFO - Sync 2 DAGs
[2022-01-03 20:18:48,341] {logging_mixin.py:104} INFO - [2022-01-03 20:18:48,341] {dag.py:2305} INFO - Setting next_dagrun for example_subdag_operator.section-1 to None
[2022-01-03 20:18:48,342] {logging_mixin.py:104} INFO - [2022-01-03 20:18:48,342] {dag.py:2305} INFO - Setting next_dagrun for example_subdag_operator.section-2 to None
[2022-01-03 20:18:48,351] {scheduler_job.py:190} INFO - Processing /home/airflow/sandbox/lib/python3.8/site-packages/airflow/example_dags/example_subdag_operator.py took 0.788 seconds
[2022-01-03 20:20:03,604] {scheduler_job.py:182} INFO - Started process (PID=3485) to work on /home/airflow/sandbox/lib/python3.8/site-packages/airflow/example_dags/example_subdag_operator.py
[2022-01-03 20:20:03,606] {scheduler_job.py:633} INFO - Processing file /home/airflow/sandbox/lib/python3.8/site-packages/airflow/example_dags/example_subdag_operator.py for tasks to queue
[2022-01-03 20:20:03,607] {logging_mixin.py:104} INFO - [2022-01-03 20:20:03,607] {dagbag.py:487} INFO - Filling up the DagBag from /home/airflow/sandbox/lib/python3.8/site-packages/airflow/example_dags/example_subdag_operator.py
[2022-01-03 20:20:03,649] {scheduler_job.py:643} INFO - DAG(s) dict_keys(['example_subdag_operator.section-1', 'example_subdag_operator.section-2', 'example_subdag_operator']) retrieved from /home/airflow/sandbox/lib/python3.8/site-packages/airflow/example_dags/example_subdag_operator.py
[2022-01-03 20:20:03,664] {logging_mixin.py:104} INFO - [2022-01-03 20:20:03,664] {dag.py:1832} INFO - Sync 3 DAGs
[2022-01-03 20:20:03,689] {logging_mixin.py:104} INFO - [2022-01-03 20:20:03,689] {dag.py:2305} INFO - Setting next_dagrun for example_subdag_operator to 2022-01-01 00:00:00+00:00
[2022-01-03 20:20:03,690] {logging_mixin.py:104} INFO - [2022-01-03 20:20:03,690] {dag.py:2305} INFO - Setting next_dagrun for example_subdag_operator.section-1 to None
[2022-01-03 20:20:03,690] {logging_mixin.py:104} INFO - [2022-01-03 20:20:03,690] {dag.py:2305} INFO - Setting next_dagrun for example_subdag_operator.section-2 to None
[2022-01-03 20:20:03,702] {logging_mixin.py:104} INFO - [2022-01-03 20:20:03,702] {dag.py:1832} INFO - Sync 2 DAGs
[2022-01-03 20:20:03,711] {logging_mixin.py:104} INFO - [2022-01-03 20:20:03,711] {dag.py:2305} INFO - Setting next_dagrun for example_subdag_operator.section-1 to None
[2022-01-03 20:20:03,712] {logging_mixin.py:104} INFO - [2022-01-03 20:20:03,711] {dag.py:2305} INFO - Setting next_dagrun for example_subdag_operator.section-2 to None
[2022-01-03 20:20:03,742] {scheduler_job.py:190} INFO - Processing /home/airflow/sandbox/lib/python3.8/site-packages/airflow/example_dags/example_subdag_operator.py took 0.143 seconds
[2022-01-03 20:20:44,296] {scheduler_job.py:182} INFO - Started process (PID=3519) to work on /home/airflow/sandbox/lib/python3.8/site-packages/airflow/example_dags/example_subdag_operator.py
[2022-01-03 20:20:44,297] {scheduler_job.py:633} INFO - Processing file /home/airflow/sandbox/lib/python3.8/site-packages/airflow/example_dags/example_subdag_operator.py for tasks to queue
[2022-01-03 20:20:44,298] {logging_mixin.py:104} INFO - [2022-01-03 20:20:44,297] {dagbag.py:487} INFO - Filling up the DagBag from /home/airflow/sandbox/lib/python3.8/site-packages/airflow/example_dags/example_subdag_operator.py
[2022-01-03 20:20:44,350] {scheduler_job.py:643} INFO - DAG(s) dict_keys(['example_subdag_operator.section-1', 'example_subdag_operator.section-2', 'example_subdag_operator']) retrieved from /home/airflow/sandbox/lib/python3.8/site-packages/airflow/example_dags/example_subdag_operator.py
[2022-01-03 20:20:44,385] {logging_mixin.py:104} INFO - [2022-01-03 20:20:44,385] {dag.py:1832} INFO - Sync 3 DAGs
[2022-01-03 20:20:44,397] {logging_mixin.py:104} INFO - [2022-01-03 20:20:44,396] {dag.py:2305} INFO - Setting next_dagrun for example_subdag_operator to 2022-01-01 00:00:00+00:00
[2022-01-03 20:20:44,398] {logging_mixin.py:104} INFO - [2022-01-03 20:20:44,398] {dag.py:2305} INFO - Setting next_dagrun for example_subdag_operator.section-1 to None
[2022-01-03 20:20:44,399] {logging_mixin.py:104} INFO - [2022-01-03 20:20:44,399] {dag.py:2305} INFO - Setting next_dagrun for example_subdag_operator.section-2 to None
[2022-01-03 20:20:44,437] {logging_mixin.py:104} INFO - [2022-01-03 20:20:44,436] {dag.py:1832} INFO - Sync 2 DAGs
[2022-01-03 20:20:44,447] {logging_mixin.py:104} INFO - [2022-01-03 20:20:44,447] {dag.py:2305} INFO - Setting next_dagrun for example_subdag_operator.section-1 to None
[2022-01-03 20:20:44,448] {logging_mixin.py:104} INFO - [2022-01-03 20:20:44,448] {dag.py:2305} INFO - Setting next_dagrun for example_subdag_operator.section-2 to None
[2022-01-03 20:20:44,460] {scheduler_job.py:190} INFO - Processing /home/airflow/sandbox/lib/python3.8/site-packages/airflow/example_dags/example_subdag_operator.py took 0.168 seconds
[2022-01-03 20:21:24,351] {scheduler_job.py:182} INFO - Started process (PID=3553) to work on /home/airflow/sandbox/lib/python3.8/site-packages/airflow/example_dags/example_subdag_operator.py
[2022-01-03 20:21:24,352] {scheduler_job.py:633} INFO - Processing file /home/airflow/sandbox/lib/python3.8/site-packages/airflow/example_dags/example_subdag_operator.py for tasks to queue
[2022-01-03 20:21:24,352] {logging_mixin.py:104} INFO - [2022-01-03 20:21:24,352] {dagbag.py:487} INFO - Filling up the DagBag from /home/airflow/sandbox/lib/python3.8/site-packages/airflow/example_dags/example_subdag_operator.py
[2022-01-03 20:21:24,394] {scheduler_job.py:643} INFO - DAG(s) dict_keys(['example_subdag_operator.section-1', 'example_subdag_operator.section-2', 'example_subdag_operator']) retrieved from /home/airflow/sandbox/lib/python3.8/site-packages/airflow/example_dags/example_subdag_operator.py
[2022-01-03 20:21:24,409] {logging_mixin.py:104} INFO - [2022-01-03 20:21:24,409] {dag.py:1832} INFO - Sync 3 DAGs
[2022-01-03 20:21:24,437] {logging_mixin.py:104} INFO - [2022-01-03 20:21:24,437] {dag.py:2305} INFO - Setting next_dagrun for example_subdag_operator to 2022-01-01 00:00:00+00:00
[2022-01-03 20:21:24,438] {logging_mixin.py:104} INFO - [2022-01-03 20:21:24,438] {dag.py:2305} INFO - Setting next_dagrun for example_subdag_operator.section-1 to None
[2022-01-03 20:21:24,438] {logging_mixin.py:104} INFO - [2022-01-03 20:21:24,438] {dag.py:2305} INFO - Setting next_dagrun for example_subdag_operator.section-2 to None
[2022-01-03 20:21:24,462] {logging_mixin.py:104} INFO - [2022-01-03 20:21:24,462] {dag.py:1832} INFO - Sync 2 DAGs
[2022-01-03 20:21:24,494] {logging_mixin.py:104} INFO - [2022-01-03 20:21:24,493] {dag.py:2305} INFO - Setting next_dagrun for example_subdag_operator.section-1 to None
[2022-01-03 20:21:24,494] {logging_mixin.py:104} INFO - [2022-01-03 20:21:24,494] {dag.py:2305} INFO - Setting next_dagrun for example_subdag_operator.section-2 to None
[2022-01-03 20:21:24,504] {scheduler_job.py:190} INFO - Processing /home/airflow/sandbox/lib/python3.8/site-packages/airflow/example_dags/example_subdag_operator.py took 0.157 seconds
[2022-01-03 20:22:03,665] {scheduler_job.py:182} INFO - Started process (PID=3629) to work on /home/airflow/sandbox/lib/python3.8/site-packages/airflow/example_dags/example_subdag_operator.py
[2022-01-03 20:22:03,680] {scheduler_job.py:633} INFO - Processing file /home/airflow/sandbox/lib/python3.8/site-packages/airflow/example_dags/example_subdag_operator.py for tasks to queue
[2022-01-03 20:22:03,682] {logging_mixin.py:104} INFO - [2022-01-03 20:22:03,682] {dagbag.py:487} INFO - Filling up the DagBag from /home/airflow/sandbox/lib/python3.8/site-packages/airflow/example_dags/example_subdag_operator.py
[2022-01-03 20:22:03,712] {scheduler_job.py:643} INFO - DAG(s) dict_keys(['example_subdag_operator.section-1', 'example_subdag_operator.section-2', 'example_subdag_operator']) retrieved from /home/airflow/sandbox/lib/python3.8/site-packages/airflow/example_dags/example_subdag_operator.py
[2022-01-03 20:22:03,747] {logging_mixin.py:104} INFO - [2022-01-03 20:22:03,747] {dag.py:1832} INFO - Sync 3 DAGs
[2022-01-03 20:22:03,781] {logging_mixin.py:104} INFO - [2022-01-03 20:22:03,781] {dag.py:2305} INFO - Setting next_dagrun for example_subdag_operator to 2022-01-01 00:00:00+00:00
[2022-01-03 20:22:03,782] {logging_mixin.py:104} INFO - [2022-01-03 20:22:03,782] {dag.py:2305} INFO - Setting next_dagrun for example_subdag_operator.section-1 to None
[2022-01-03 20:22:03,782] {logging_mixin.py:104} INFO - [2022-01-03 20:22:03,782] {dag.py:2305} INFO - Setting next_dagrun for example_subdag_operator.section-2 to None
[2022-01-03 20:22:03,795] {logging_mixin.py:104} INFO - [2022-01-03 20:22:03,795] {dag.py:1832} INFO - Sync 2 DAGs
[2022-01-03 20:22:03,809] {logging_mixin.py:104} INFO - [2022-01-03 20:22:03,808] {dag.py:2305} INFO - Setting next_dagrun for example_subdag_operator.section-1 to None
[2022-01-03 20:22:03,810] {logging_mixin.py:104} INFO - [2022-01-03 20:22:03,809] {dag.py:2305} INFO - Setting next_dagrun for example_subdag_operator.section-2 to None
[2022-01-03 20:22:03,839] {scheduler_job.py:190} INFO - Processing /home/airflow/sandbox/lib/python3.8/site-packages/airflow/example_dags/example_subdag_operator.py took 0.176 seconds
[2022-01-03 20:22:42,699] {scheduler_job.py:182} INFO - Started process (PID=3662) to work on /home/airflow/sandbox/lib/python3.8/site-packages/airflow/example_dags/example_subdag_operator.py
[2022-01-03 20:22:42,699] {scheduler_job.py:633} INFO - Processing file /home/airflow/sandbox/lib/python3.8/site-packages/airflow/example_dags/example_subdag_operator.py for tasks to queue
[2022-01-03 20:22:42,700] {logging_mixin.py:104} INFO - [2022-01-03 20:22:42,700] {dagbag.py:487} INFO - Filling up the DagBag from /home/airflow/sandbox/lib/python3.8/site-packages/airflow/example_dags/example_subdag_operator.py
[2022-01-03 20:22:42,740] {scheduler_job.py:643} INFO - DAG(s) dict_keys(['example_subdag_operator.section-1', 'example_subdag_operator.section-2', 'example_subdag_operator']) retrieved from /home/airflow/sandbox/lib/python3.8/site-packages/airflow/example_dags/example_subdag_operator.py
[2022-01-03 20:22:42,755] {logging_mixin.py:104} INFO - [2022-01-03 20:22:42,755] {dag.py:1832} INFO - Sync 3 DAGs
[2022-01-03 20:22:42,785] {logging_mixin.py:104} INFO - [2022-01-03 20:22:42,785] {dag.py:2305} INFO - Setting next_dagrun for example_subdag_operator to 2022-01-01 00:00:00+00:00
[2022-01-03 20:22:42,788] {logging_mixin.py:104} INFO - [2022-01-03 20:22:42,788] {dag.py:2305} INFO - Setting next_dagrun for example_subdag_operator.section-1 to None
[2022-01-03 20:22:42,789] {logging_mixin.py:104} INFO - [2022-01-03 20:22:42,789] {dag.py:2305} INFO - Setting next_dagrun for example_subdag_operator.section-2 to None
[2022-01-03 20:22:42,803] {logging_mixin.py:104} INFO - [2022-01-03 20:22:42,802] {dag.py:1832} INFO - Sync 2 DAGs
[2022-01-03 20:22:42,811] {logging_mixin.py:104} INFO - [2022-01-03 20:22:42,811] {dag.py:2305} INFO - Setting next_dagrun for example_subdag_operator.section-1 to None
[2022-01-03 20:22:42,811] {logging_mixin.py:104} INFO - [2022-01-03 20:22:42,811] {dag.py:2305} INFO - Setting next_dagrun for example_subdag_operator.section-2 to None
[2022-01-03 20:22:42,834] {scheduler_job.py:190} INFO - Processing /home/airflow/sandbox/lib/python3.8/site-packages/airflow/example_dags/example_subdag_operator.py took 0.140 seconds
[2022-01-03 20:23:20,199] {scheduler_job.py:182} INFO - Started process (PID=4119) to work on /home/airflow/sandbox/lib/python3.8/site-packages/airflow/example_dags/example_subdag_operator.py
[2022-01-03 20:23:20,201] {scheduler_job.py:633} INFO - Processing file /home/airflow/sandbox/lib/python3.8/site-packages/airflow/example_dags/example_subdag_operator.py for tasks to queue
[2022-01-03 20:23:20,201] {logging_mixin.py:104} INFO - [2022-01-03 20:23:20,201] {dagbag.py:487} INFO - Filling up the DagBag from /home/airflow/sandbox/lib/python3.8/site-packages/airflow/example_dags/example_subdag_operator.py
[2022-01-03 20:23:20,239] {scheduler_job.py:643} INFO - DAG(s) dict_keys(['example_subdag_operator.section-1', 'example_subdag_operator.section-2', 'example_subdag_operator']) retrieved from /home/airflow/sandbox/lib/python3.8/site-packages/airflow/example_dags/example_subdag_operator.py
[2022-01-03 20:23:20,253] {logging_mixin.py:104} INFO - [2022-01-03 20:23:20,253] {dag.py:1832} INFO - Sync 3 DAGs
[2022-01-03 20:23:20,262] {logging_mixin.py:104} INFO - [2022-01-03 20:23:20,262] {dag.py:2305} INFO - Setting next_dagrun for example_subdag_operator to 2022-01-01 00:00:00+00:00
[2022-01-03 20:23:20,263] {logging_mixin.py:104} INFO - [2022-01-03 20:23:20,263] {dag.py:2305} INFO - Setting next_dagrun for example_subdag_operator.section-1 to None
[2022-01-03 20:23:20,263] {logging_mixin.py:104} INFO - [2022-01-03 20:23:20,263] {dag.py:2305} INFO - Setting next_dagrun for example_subdag_operator.section-2 to None
[2022-01-03 20:23:20,291] {logging_mixin.py:104} INFO - [2022-01-03 20:23:20,291] {dag.py:1832} INFO - Sync 2 DAGs
[2022-01-03 20:23:20,300] {logging_mixin.py:104} INFO - [2022-01-03 20:23:20,300] {dag.py:2305} INFO - Setting next_dagrun for example_subdag_operator.section-1 to None
[2022-01-03 20:23:20,301] {logging_mixin.py:104} INFO - [2022-01-03 20:23:20,300] {dag.py:2305} INFO - Setting next_dagrun for example_subdag_operator.section-2 to None
[2022-01-03 20:23:20,331] {scheduler_job.py:190} INFO - Processing /home/airflow/sandbox/lib/python3.8/site-packages/airflow/example_dags/example_subdag_operator.py took 0.135 seconds
[2022-01-03 20:24:04,354] {scheduler_job.py:182} INFO - Started process (PID=4354) to work on /home/airflow/sandbox/lib/python3.8/site-packages/airflow/example_dags/example_subdag_operator.py
[2022-01-03 20:24:04,355] {scheduler_job.py:633} INFO - Processing file /home/airflow/sandbox/lib/python3.8/site-packages/airflow/example_dags/example_subdag_operator.py for tasks to queue
[2022-01-03 20:24:04,356] {logging_mixin.py:104} INFO - [2022-01-03 20:24:04,356] {dagbag.py:487} INFO - Filling up the DagBag from /home/airflow/sandbox/lib/python3.8/site-packages/airflow/example_dags/example_subdag_operator.py
[2022-01-03 20:24:04,393] {scheduler_job.py:643} INFO - DAG(s) dict_keys(['example_subdag_operator.section-1', 'example_subdag_operator.section-2', 'example_subdag_operator']) retrieved from /home/airflow/sandbox/lib/python3.8/site-packages/airflow/example_dags/example_subdag_operator.py
[2022-01-03 20:24:04,412] {logging_mixin.py:104} INFO - [2022-01-03 20:24:04,412] {dag.py:1832} INFO - Sync 3 DAGs
[2022-01-03 20:24:04,454] {logging_mixin.py:104} INFO - [2022-01-03 20:24:04,454] {dag.py:2305} INFO - Setting next_dagrun for example_subdag_operator to 2022-01-01 00:00:00+00:00
[2022-01-03 20:24:04,454] {logging_mixin.py:104} INFO - [2022-01-03 20:24:04,454] {dag.py:2305} INFO - Setting next_dagrun for example_subdag_operator.section-1 to None
[2022-01-03 20:24:04,454] {logging_mixin.py:104} INFO - [2022-01-03 20:24:04,454] {dag.py:2305} INFO - Setting next_dagrun for example_subdag_operator.section-2 to None
[2022-01-03 20:24:04,475] {logging_mixin.py:104} INFO - [2022-01-03 20:24:04,475] {dag.py:1832} INFO - Sync 2 DAGs
[2022-01-03 20:24:04,488] {logging_mixin.py:104} INFO - [2022-01-03 20:24:04,488] {dag.py:2305} INFO - Setting next_dagrun for example_subdag_operator.section-1 to None
[2022-01-03 20:24:04,489] {logging_mixin.py:104} INFO - [2022-01-03 20:24:04,489] {dag.py:2305} INFO - Setting next_dagrun for example_subdag_operator.section-2 to None
[2022-01-03 20:24:04,504] {scheduler_job.py:190} INFO - Processing /home/airflow/sandbox/lib/python3.8/site-packages/airflow/example_dags/example_subdag_operator.py took 0.151 seconds
[2022-01-03 20:24:43,444] {scheduler_job.py:182} INFO - Started process (PID=4520) to work on /home/airflow/sandbox/lib/python3.8/site-packages/airflow/example_dags/example_subdag_operator.py
[2022-01-03 20:24:43,445] {scheduler_job.py:633} INFO - Processing file /home/airflow/sandbox/lib/python3.8/site-packages/airflow/example_dags/example_subdag_operator.py for tasks to queue
[2022-01-03 20:24:43,445] {logging_mixin.py:104} INFO - [2022-01-03 20:24:43,445] {dagbag.py:487} INFO - Filling up the DagBag from /home/airflow/sandbox/lib/python3.8/site-packages/airflow/example_dags/example_subdag_operator.py
[2022-01-03 20:24:43,485] {scheduler_job.py:643} INFO - DAG(s) dict_keys(['example_subdag_operator.section-1', 'example_subdag_operator.section-2', 'example_subdag_operator']) retrieved from /home/airflow/sandbox/lib/python3.8/site-packages/airflow/example_dags/example_subdag_operator.py
[2022-01-03 20:24:43,506] {logging_mixin.py:104} INFO - [2022-01-03 20:24:43,505] {dag.py:1832} INFO - Sync 3 DAGs
[2022-01-03 20:24:43,530] {logging_mixin.py:104} INFO - [2022-01-03 20:24:43,530] {dag.py:2305} INFO - Setting next_dagrun for example_subdag_operator to 2022-01-01 00:00:00+00:00
[2022-01-03 20:24:43,533] {logging_mixin.py:104} INFO - [2022-01-03 20:24:43,532] {dag.py:2305} INFO - Setting next_dagrun for example_subdag_operator.section-1 to None
[2022-01-03 20:24:43,533] {logging_mixin.py:104} INFO - [2022-01-03 20:24:43,533] {dag.py:2305} INFO - Setting next_dagrun for example_subdag_operator.section-2 to None
[2022-01-03 20:24:43,545] {logging_mixin.py:104} INFO - [2022-01-03 20:24:43,545] {dag.py:1832} INFO - Sync 2 DAGs
[2022-01-03 20:24:43,550] {logging_mixin.py:104} INFO - [2022-01-03 20:24:43,550] {dag.py:2305} INFO - Setting next_dagrun for example_subdag_operator.section-1 to None
[2022-01-03 20:24:43,550] {logging_mixin.py:104} INFO - [2022-01-03 20:24:43,550] {dag.py:2305} INFO - Setting next_dagrun for example_subdag_operator.section-2 to None
[2022-01-03 20:24:43,560] {scheduler_job.py:190} INFO - Processing /home/airflow/sandbox/lib/python3.8/site-packages/airflow/example_dags/example_subdag_operator.py took 0.118 seconds
[2022-01-03 20:25:34,338] {scheduler_job.py:182} INFO - Started process (PID=6908) to work on /home/airflow/sandbox/lib/python3.8/site-packages/airflow/example_dags/example_subdag_operator.py
[2022-01-03 20:25:34,340] {scheduler_job.py:633} INFO - Processing file /home/airflow/sandbox/lib/python3.8/site-packages/airflow/example_dags/example_subdag_operator.py for tasks to queue
[2022-01-03 20:25:34,340] {logging_mixin.py:104} INFO - [2022-01-03 20:25:34,340] {dagbag.py:487} INFO - Filling up the DagBag from /home/airflow/sandbox/lib/python3.8/site-packages/airflow/example_dags/example_subdag_operator.py
[2022-01-03 20:25:34,432] {scheduler_job.py:643} INFO - DAG(s) dict_keys(['example_subdag_operator.section-1', 'example_subdag_operator.section-2', 'example_subdag_operator']) retrieved from /home/airflow/sandbox/lib/python3.8/site-packages/airflow/example_dags/example_subdag_operator.py
[2022-01-03 20:25:34,451] {logging_mixin.py:104} INFO - [2022-01-03 20:25:34,451] {dag.py:1832} INFO - Sync 3 DAGs
[2022-01-03 20:25:34,490] {logging_mixin.py:104} INFO - [2022-01-03 20:25:34,490] {dag.py:2305} INFO - Setting next_dagrun for example_subdag_operator to 2022-01-01 00:00:00+00:00
[2022-01-03 20:25:34,494] {logging_mixin.py:104} INFO - [2022-01-03 20:25:34,494] {dag.py:2305} INFO - Setting next_dagrun for example_subdag_operator.section-1 to None
[2022-01-03 20:25:34,500] {logging_mixin.py:104} INFO - [2022-01-03 20:25:34,500] {dag.py:2305} INFO - Setting next_dagrun for example_subdag_operator.section-2 to None
[2022-01-03 20:25:34,542] {logging_mixin.py:104} INFO - [2022-01-03 20:25:34,542] {dag.py:1832} INFO - Sync 2 DAGs
[2022-01-03 20:25:34,575] {logging_mixin.py:104} INFO - [2022-01-03 20:25:34,575] {dag.py:2305} INFO - Setting next_dagrun for example_subdag_operator.section-1 to None
[2022-01-03 20:25:34,576] {logging_mixin.py:104} INFO - [2022-01-03 20:25:34,576] {dag.py:2305} INFO - Setting next_dagrun for example_subdag_operator.section-2 to None
[2022-01-03 20:25:34,588] {scheduler_job.py:190} INFO - Processing /home/airflow/sandbox/lib/python3.8/site-packages/airflow/example_dags/example_subdag_operator.py took 0.253 seconds
[2022-01-03 20:26:16,753] {scheduler_job.py:182} INFO - Started process (PID=8135) to work on /home/airflow/sandbox/lib/python3.8/site-packages/airflow/example_dags/example_subdag_operator.py
[2022-01-03 20:26:16,754] {scheduler_job.py:633} INFO - Processing file /home/airflow/sandbox/lib/python3.8/site-packages/airflow/example_dags/example_subdag_operator.py for tasks to queue
[2022-01-03 20:26:16,755] {logging_mixin.py:104} INFO - [2022-01-03 20:26:16,755] {dagbag.py:487} INFO - Filling up the DagBag from /home/airflow/sandbox/lib/python3.8/site-packages/airflow/example_dags/example_subdag_operator.py
[2022-01-03 20:26:16,800] {scheduler_job.py:643} INFO - DAG(s) dict_keys(['example_subdag_operator.section-1', 'example_subdag_operator.section-2', 'example_subdag_operator']) retrieved from /home/airflow/sandbox/lib/python3.8/site-packages/airflow/example_dags/example_subdag_operator.py
[2022-01-03 20:26:16,826] {logging_mixin.py:104} INFO - [2022-01-03 20:26:16,826] {dag.py:1832} INFO - Sync 3 DAGs
[2022-01-03 20:26:16,845] {logging_mixin.py:104} INFO - [2022-01-03 20:26:16,845] {dag.py:2305} INFO - Setting next_dagrun for example_subdag_operator to 2022-01-01 00:00:00+00:00
[2022-01-03 20:26:16,846] {logging_mixin.py:104} INFO - [2022-01-03 20:26:16,846] {dag.py:2305} INFO - Setting next_dagrun for example_subdag_operator.section-1 to None
[2022-01-03 20:26:16,846] {logging_mixin.py:104} INFO - [2022-01-03 20:26:16,846] {dag.py:2305} INFO - Setting next_dagrun for example_subdag_operator.section-2 to None
[2022-01-03 20:26:16,859] {logging_mixin.py:104} INFO - [2022-01-03 20:26:16,859] {dag.py:1832} INFO - Sync 2 DAGs
[2022-01-03 20:26:16,884] {logging_mixin.py:104} INFO - [2022-01-03 20:26:16,884] {dag.py:2305} INFO - Setting next_dagrun for example_subdag_operator.section-1 to None
[2022-01-03 20:26:16,884] {logging_mixin.py:104} INFO - [2022-01-03 20:26:16,884] {dag.py:2305} INFO - Setting next_dagrun for example_subdag_operator.section-2 to None
[2022-01-03 20:26:16,894] {scheduler_job.py:190} INFO - Processing /home/airflow/sandbox/lib/python3.8/site-packages/airflow/example_dags/example_subdag_operator.py took 0.145 seconds
[2022-01-03 20:26:56,699] {scheduler_job.py:182} INFO - Started process (PID=8318) to work on /home/airflow/sandbox/lib/python3.8/site-packages/airflow/example_dags/example_subdag_operator.py
[2022-01-03 20:26:56,701] {scheduler_job.py:633} INFO - Processing file /home/airflow/sandbox/lib/python3.8/site-packages/airflow/example_dags/example_subdag_operator.py for tasks to queue
[2022-01-03 20:26:56,703] {logging_mixin.py:104} INFO - [2022-01-03 20:26:56,702] {dagbag.py:487} INFO - Filling up the DagBag from /home/airflow/sandbox/lib/python3.8/site-packages/airflow/example_dags/example_subdag_operator.py
[2022-01-03 20:26:56,788] {scheduler_job.py:643} INFO - DAG(s) dict_keys(['example_subdag_operator.section-1', 'example_subdag_operator.section-2', 'example_subdag_operator']) retrieved from /home/airflow/sandbox/lib/python3.8/site-packages/airflow/example_dags/example_subdag_operator.py
[2022-01-03 20:26:56,805] {logging_mixin.py:104} INFO - [2022-01-03 20:26:56,805] {dag.py:1832} INFO - Sync 3 DAGs
[2022-01-03 20:26:56,839] {logging_mixin.py:104} INFO - [2022-01-03 20:26:56,839] {dag.py:2305} INFO - Setting next_dagrun for example_subdag_operator to 2022-01-01 00:00:00+00:00
[2022-01-03 20:26:56,841] {logging_mixin.py:104} INFO - [2022-01-03 20:26:56,840] {dag.py:2305} INFO - Setting next_dagrun for example_subdag_operator.section-1 to None
[2022-01-03 20:26:56,841] {logging_mixin.py:104} INFO - [2022-01-03 20:26:56,841] {dag.py:2305} INFO - Setting next_dagrun for example_subdag_operator.section-2 to None
[2022-01-03 20:26:56,852] {logging_mixin.py:104} INFO - [2022-01-03 20:26:56,852] {dag.py:1832} INFO - Sync 2 DAGs
[2022-01-03 20:26:56,878] {logging_mixin.py:104} INFO - [2022-01-03 20:26:56,877] {dag.py:2305} INFO - Setting next_dagrun for example_subdag_operator.section-1 to None
[2022-01-03 20:26:56,878] {logging_mixin.py:104} INFO - [2022-01-03 20:26:56,878] {dag.py:2305} INFO - Setting next_dagrun for example_subdag_operator.section-2 to None
[2022-01-03 20:26:56,900] {scheduler_job.py:190} INFO - Processing /home/airflow/sandbox/lib/python3.8/site-packages/airflow/example_dags/example_subdag_operator.py took 0.204 seconds
[2022-01-03 20:27:38,540] {scheduler_job.py:182} INFO - Started process (PID=8496) to work on /home/airflow/sandbox/lib/python3.8/site-packages/airflow/example_dags/example_subdag_operator.py
[2022-01-03 20:27:38,542] {scheduler_job.py:633} INFO - Processing file /home/airflow/sandbox/lib/python3.8/site-packages/airflow/example_dags/example_subdag_operator.py for tasks to queue
[2022-01-03 20:27:38,544] {logging_mixin.py:104} INFO - [2022-01-03 20:27:38,544] {dagbag.py:487} INFO - Filling up the DagBag from /home/airflow/sandbox/lib/python3.8/site-packages/airflow/example_dags/example_subdag_operator.py
[2022-01-03 20:27:38,592] {scheduler_job.py:643} INFO - DAG(s) dict_keys(['example_subdag_operator.section-1', 'example_subdag_operator.section-2', 'example_subdag_operator']) retrieved from /home/airflow/sandbox/lib/python3.8/site-packages/airflow/example_dags/example_subdag_operator.py
[2022-01-03 20:27:38,623] {logging_mixin.py:104} INFO - [2022-01-03 20:27:38,623] {dag.py:1832} INFO - Sync 3 DAGs
[2022-01-03 20:27:38,638] {logging_mixin.py:104} INFO - [2022-01-03 20:27:38,638] {dag.py:2305} INFO - Setting next_dagrun for example_subdag_operator to 2022-01-01 00:00:00+00:00
[2022-01-03 20:27:38,640] {logging_mixin.py:104} INFO - [2022-01-03 20:27:38,640] {dag.py:2305} INFO - Setting next_dagrun for example_subdag_operator.section-1 to None
[2022-01-03 20:27:38,640] {logging_mixin.py:104} INFO - [2022-01-03 20:27:38,640] {dag.py:2305} INFO - Setting next_dagrun for example_subdag_operator.section-2 to None
[2022-01-03 20:27:38,653] {logging_mixin.py:104} INFO - [2022-01-03 20:27:38,653] {dag.py:1832} INFO - Sync 2 DAGs
[2022-01-03 20:27:38,675] {logging_mixin.py:104} INFO - [2022-01-03 20:27:38,675] {dag.py:2305} INFO - Setting next_dagrun for example_subdag_operator.section-1 to None
[2022-01-03 20:27:38,676] {logging_mixin.py:104} INFO - [2022-01-03 20:27:38,676] {dag.py:2305} INFO - Setting next_dagrun for example_subdag_operator.section-2 to None
[2022-01-03 20:27:38,691] {scheduler_job.py:190} INFO - Processing /home/airflow/sandbox/lib/python3.8/site-packages/airflow/example_dags/example_subdag_operator.py took 0.153 seconds
[2022-01-03 20:28:18,227] {scheduler_job.py:182} INFO - Started process (PID=8662) to work on /home/airflow/sandbox/lib/python3.8/site-packages/airflow/example_dags/example_subdag_operator.py
[2022-01-03 20:28:18,229] {scheduler_job.py:633} INFO - Processing file /home/airflow/sandbox/lib/python3.8/site-packages/airflow/example_dags/example_subdag_operator.py for tasks to queue
[2022-01-03 20:28:18,229] {logging_mixin.py:104} INFO - [2022-01-03 20:28:18,229] {dagbag.py:487} INFO - Filling up the DagBag from /home/airflow/sandbox/lib/python3.8/site-packages/airflow/example_dags/example_subdag_operator.py
[2022-01-03 20:28:18,253] {scheduler_job.py:643} INFO - DAG(s) dict_keys(['example_subdag_operator.section-1', 'example_subdag_operator.section-2', 'example_subdag_operator']) retrieved from /home/airflow/sandbox/lib/python3.8/site-packages/airflow/example_dags/example_subdag_operator.py
[2022-01-03 20:28:18,279] {logging_mixin.py:104} INFO - [2022-01-03 20:28:18,278] {dag.py:1832} INFO - Sync 3 DAGs
[2022-01-03 20:28:18,290] {logging_mixin.py:104} INFO - [2022-01-03 20:28:18,290] {dag.py:2305} INFO - Setting next_dagrun for example_subdag_operator to 2022-01-01 00:00:00+00:00
[2022-01-03 20:28:18,290] {logging_mixin.py:104} INFO - [2022-01-03 20:28:18,290] {dag.py:2305} INFO - Setting next_dagrun for example_subdag_operator.section-1 to None
[2022-01-03 20:28:18,291] {logging_mixin.py:104} INFO - [2022-01-03 20:28:18,291] {dag.py:2305} INFO - Setting next_dagrun for example_subdag_operator.section-2 to None
[2022-01-03 20:28:18,300] {logging_mixin.py:104} INFO - [2022-01-03 20:28:18,299] {dag.py:1832} INFO - Sync 2 DAGs
[2022-01-03 20:28:18,305] {logging_mixin.py:104} INFO - [2022-01-03 20:28:18,305] {dag.py:2305} INFO - Setting next_dagrun for example_subdag_operator.section-1 to None
[2022-01-03 20:28:18,305] {logging_mixin.py:104} INFO - [2022-01-03 20:28:18,305] {dag.py:2305} INFO - Setting next_dagrun for example_subdag_operator.section-2 to None
[2022-01-03 20:28:18,329] {scheduler_job.py:190} INFO - Processing /home/airflow/sandbox/lib/python3.8/site-packages/airflow/example_dags/example_subdag_operator.py took 0.107 seconds
[2022-01-03 20:28:56,770] {scheduler_job.py:182} INFO - Started process (PID=8711) to work on /home/airflow/sandbox/lib/python3.8/site-packages/airflow/example_dags/example_subdag_operator.py
[2022-01-03 20:28:56,775] {scheduler_job.py:633} INFO - Processing file /home/airflow/sandbox/lib/python3.8/site-packages/airflow/example_dags/example_subdag_operator.py for tasks to queue
[2022-01-03 20:28:56,776] {logging_mixin.py:104} INFO - [2022-01-03 20:28:56,775] {dagbag.py:487} INFO - Filling up the DagBag from /home/airflow/sandbox/lib/python3.8/site-packages/airflow/example_dags/example_subdag_operator.py
[2022-01-03 20:28:56,821] {scheduler_job.py:643} INFO - DAG(s) dict_keys(['example_subdag_operator.section-1', 'example_subdag_operator.section-2', 'example_subdag_operator']) retrieved from /home/airflow/sandbox/lib/python3.8/site-packages/airflow/example_dags/example_subdag_operator.py
[2022-01-03 20:28:56,837] {logging_mixin.py:104} INFO - [2022-01-03 20:28:56,837] {dag.py:1832} INFO - Sync 3 DAGs
[2022-01-03 20:28:56,874] {logging_mixin.py:104} INFO - [2022-01-03 20:28:56,874] {dag.py:2305} INFO - Setting next_dagrun for example_subdag_operator to 2022-01-01 00:00:00+00:00
[2022-01-03 20:28:56,875] {logging_mixin.py:104} INFO - [2022-01-03 20:28:56,875] {dag.py:2305} INFO - Setting next_dagrun for example_subdag_operator.section-1 to None
[2022-01-03 20:28:56,876] {logging_mixin.py:104} INFO - [2022-01-03 20:28:56,875] {dag.py:2305} INFO - Setting next_dagrun for example_subdag_operator.section-2 to None
[2022-01-03 20:28:56,892] {logging_mixin.py:104} INFO - [2022-01-03 20:28:56,891] {dag.py:1832} INFO - Sync 2 DAGs
[2022-01-03 20:28:56,921] {logging_mixin.py:104} INFO - [2022-01-03 20:28:56,921] {dag.py:2305} INFO - Setting next_dagrun for example_subdag_operator.section-1 to None
[2022-01-03 20:28:56,922] {logging_mixin.py:104} INFO - [2022-01-03 20:28:56,921] {dag.py:2305} INFO - Setting next_dagrun for example_subdag_operator.section-2 to None
[2022-01-03 20:28:56,932] {scheduler_job.py:190} INFO - Processing /home/airflow/sandbox/lib/python3.8/site-packages/airflow/example_dags/example_subdag_operator.py took 0.179 seconds
[2022-01-03 20:29:32,794] {scheduler_job.py:182} INFO - Started process (PID=8756) to work on /home/airflow/sandbox/lib/python3.8/site-packages/airflow/example_dags/example_subdag_operator.py
[2022-01-03 20:29:32,803] {scheduler_job.py:633} INFO - Processing file /home/airflow/sandbox/lib/python3.8/site-packages/airflow/example_dags/example_subdag_operator.py for tasks to queue
[2022-01-03 20:29:32,832] {logging_mixin.py:104} INFO - [2022-01-03 20:29:32,832] {dagbag.py:487} INFO - Filling up the DagBag from /home/airflow/sandbox/lib/python3.8/site-packages/airflow/example_dags/example_subdag_operator.py
[2022-01-03 20:29:32,924] {scheduler_job.py:643} INFO - DAG(s) dict_keys(['example_subdag_operator.section-1', 'example_subdag_operator.section-2', 'example_subdag_operator']) retrieved from /home/airflow/sandbox/lib/python3.8/site-packages/airflow/example_dags/example_subdag_operator.py
[2022-01-03 20:29:32,943] {logging_mixin.py:104} INFO - [2022-01-03 20:29:32,943] {dag.py:1832} INFO - Sync 3 DAGs
[2022-01-03 20:29:32,990] {logging_mixin.py:104} INFO - [2022-01-03 20:29:32,989] {dag.py:2305} INFO - Setting next_dagrun for example_subdag_operator to 2022-01-01 00:00:00+00:00
[2022-01-03 20:29:32,992] {logging_mixin.py:104} INFO - [2022-01-03 20:29:32,992] {dag.py:2305} INFO - Setting next_dagrun for example_subdag_operator.section-1 to None
[2022-01-03 20:29:32,992] {logging_mixin.py:104} INFO - [2022-01-03 20:29:32,992] {dag.py:2305} INFO - Setting next_dagrun for example_subdag_operator.section-2 to None
[2022-01-03 20:29:33,021] {logging_mixin.py:104} INFO - [2022-01-03 20:29:33,021] {dag.py:1832} INFO - Sync 2 DAGs
[2022-01-03 20:29:33,042] {logging_mixin.py:104} INFO - [2022-01-03 20:29:33,042] {dag.py:2305} INFO - Setting next_dagrun for example_subdag_operator.section-1 to None
[2022-01-03 20:29:33,048] {logging_mixin.py:104} INFO - [2022-01-03 20:29:33,048] {dag.py:2305} INFO - Setting next_dagrun for example_subdag_operator.section-2 to None
[2022-01-03 20:29:33,137] {scheduler_job.py:190} INFO - Processing /home/airflow/sandbox/lib/python3.8/site-packages/airflow/example_dags/example_subdag_operator.py took 0.352 seconds
[2022-01-03 20:30:08,620] {scheduler_job.py:182} INFO - Started process (PID=8840) to work on /home/airflow/sandbox/lib/python3.8/site-packages/airflow/example_dags/example_subdag_operator.py
[2022-01-03 20:30:08,621] {scheduler_job.py:633} INFO - Processing file /home/airflow/sandbox/lib/python3.8/site-packages/airflow/example_dags/example_subdag_operator.py for tasks to queue
[2022-01-03 20:30:08,622] {logging_mixin.py:104} INFO - [2022-01-03 20:30:08,622] {dagbag.py:487} INFO - Filling up the DagBag from /home/airflow/sandbox/lib/python3.8/site-packages/airflow/example_dags/example_subdag_operator.py
[2022-01-03 20:30:08,648] {scheduler_job.py:643} INFO - DAG(s) dict_keys(['example_subdag_operator.section-1', 'example_subdag_operator.section-2', 'example_subdag_operator']) retrieved from /home/airflow/sandbox/lib/python3.8/site-packages/airflow/example_dags/example_subdag_operator.py
[2022-01-03 20:30:08,675] {logging_mixin.py:104} INFO - [2022-01-03 20:30:08,675] {dag.py:1832} INFO - Sync 3 DAGs
[2022-01-03 20:30:08,685] {logging_mixin.py:104} INFO - [2022-01-03 20:30:08,685] {dag.py:2305} INFO - Setting next_dagrun for example_subdag_operator to 2022-01-01 00:00:00+00:00
[2022-01-03 20:30:08,686] {logging_mixin.py:104} INFO - [2022-01-03 20:30:08,686] {dag.py:2305} INFO - Setting next_dagrun for example_subdag_operator.section-1 to None
[2022-01-03 20:30:08,686] {logging_mixin.py:104} INFO - [2022-01-03 20:30:08,686] {dag.py:2305} INFO - Setting next_dagrun for example_subdag_operator.section-2 to None
[2022-01-03 20:30:08,694] {logging_mixin.py:104} INFO - [2022-01-03 20:30:08,694] {dag.py:1832} INFO - Sync 2 DAGs
[2022-01-03 20:30:08,699] {logging_mixin.py:104} INFO - [2022-01-03 20:30:08,699] {dag.py:2305} INFO - Setting next_dagrun for example_subdag_operator.section-1 to None
[2022-01-03 20:30:08,700] {logging_mixin.py:104} INFO - [2022-01-03 20:30:08,700] {dag.py:2305} INFO - Setting next_dagrun for example_subdag_operator.section-2 to None
[2022-01-03 20:30:08,725] {scheduler_job.py:190} INFO - Processing /home/airflow/sandbox/lib/python3.8/site-packages/airflow/example_dags/example_subdag_operator.py took 0.124 seconds
[2022-01-03 20:32:51,296] {scheduler_job.py:182} INFO - Started process (PID=9708) to work on /home/airflow/sandbox/lib/python3.8/site-packages/airflow/example_dags/example_subdag_operator.py
[2022-01-03 20:32:51,323] {scheduler_job.py:633} INFO - Processing file /home/airflow/sandbox/lib/python3.8/site-packages/airflow/example_dags/example_subdag_operator.py for tasks to queue
[2022-01-03 20:32:51,327] {logging_mixin.py:104} INFO - [2022-01-03 20:32:51,327] {dagbag.py:487} INFO - Filling up the DagBag from /home/airflow/sandbox/lib/python3.8/site-packages/airflow/example_dags/example_subdag_operator.py
[2022-01-03 20:32:51,731] {scheduler_job.py:643} INFO - DAG(s) dict_keys(['example_subdag_operator.section-1', 'example_subdag_operator.section-2', 'example_subdag_operator']) retrieved from /home/airflow/sandbox/lib/python3.8/site-packages/airflow/example_dags/example_subdag_operator.py
[2022-01-03 20:32:51,932] {logging_mixin.py:104} INFO - [2022-01-03 20:32:51,932] {dag.py:1832} INFO - Sync 3 DAGs
[2022-01-03 20:32:52,045] {logging_mixin.py:104} INFO - [2022-01-03 20:32:52,045] {dag.py:2305} INFO - Setting next_dagrun for example_subdag_operator to 2022-01-01 00:00:00+00:00
[2022-01-03 20:32:52,069] {logging_mixin.py:104} INFO - [2022-01-03 20:32:52,069] {dag.py:2305} INFO - Setting next_dagrun for example_subdag_operator.section-1 to None
[2022-01-03 20:32:52,069] {logging_mixin.py:104} INFO - [2022-01-03 20:32:52,069] {dag.py:2305} INFO - Setting next_dagrun for example_subdag_operator.section-2 to None
[2022-01-03 20:32:52,129] {logging_mixin.py:104} INFO - [2022-01-03 20:32:52,128] {dag.py:1832} INFO - Sync 2 DAGs
[2022-01-03 20:32:52,228] {logging_mixin.py:104} INFO - [2022-01-03 20:32:52,228] {dag.py:2305} INFO - Setting next_dagrun for example_subdag_operator.section-1 to None
[2022-01-03 20:32:52,229] {logging_mixin.py:104} INFO - [2022-01-03 20:32:52,229] {dag.py:2305} INFO - Setting next_dagrun for example_subdag_operator.section-2 to None
[2022-01-03 20:32:52,278] {scheduler_job.py:190} INFO - Processing /home/airflow/sandbox/lib/python3.8/site-packages/airflow/example_dags/example_subdag_operator.py took 0.984 seconds
[2022-01-03 20:33:22,778] {scheduler_job.py:182} INFO - Started process (PID=9938) to work on /home/airflow/sandbox/lib/python3.8/site-packages/airflow/example_dags/example_subdag_operator.py
[2022-01-03 20:33:22,782] {scheduler_job.py:633} INFO - Processing file /home/airflow/sandbox/lib/python3.8/site-packages/airflow/example_dags/example_subdag_operator.py for tasks to queue
[2022-01-03 20:33:22,784] {logging_mixin.py:104} INFO - [2022-01-03 20:33:22,784] {dagbag.py:487} INFO - Filling up the DagBag from /home/airflow/sandbox/lib/python3.8/site-packages/airflow/example_dags/example_subdag_operator.py
[2022-01-03 20:33:22,886] {scheduler_job.py:643} INFO - DAG(s) dict_keys(['example_subdag_operator.section-1', 'example_subdag_operator.section-2', 'example_subdag_operator']) retrieved from /home/airflow/sandbox/lib/python3.8/site-packages/airflow/example_dags/example_subdag_operator.py
[2022-01-03 20:33:22,923] {logging_mixin.py:104} INFO - [2022-01-03 20:33:22,923] {dag.py:1832} INFO - Sync 3 DAGs
[2022-01-03 20:33:22,938] {logging_mixin.py:104} INFO - [2022-01-03 20:33:22,938] {dag.py:2305} INFO - Setting next_dagrun for example_subdag_operator to 2022-01-01 00:00:00+00:00
[2022-01-03 20:33:22,939] {logging_mixin.py:104} INFO - [2022-01-03 20:33:22,939] {dag.py:2305} INFO - Setting next_dagrun for example_subdag_operator.section-1 to None
[2022-01-03 20:33:22,939] {logging_mixin.py:104} INFO - [2022-01-03 20:33:22,939] {dag.py:2305} INFO - Setting next_dagrun for example_subdag_operator.section-2 to None
[2022-01-03 20:33:22,968] {logging_mixin.py:104} INFO - [2022-01-03 20:33:22,967] {dag.py:1832} INFO - Sync 2 DAGs
[2022-01-03 20:33:22,976] {logging_mixin.py:104} INFO - [2022-01-03 20:33:22,976] {dag.py:2305} INFO - Setting next_dagrun for example_subdag_operator.section-1 to None
[2022-01-03 20:33:22,976] {logging_mixin.py:104} INFO - [2022-01-03 20:33:22,976] {dag.py:2305} INFO - Setting next_dagrun for example_subdag_operator.section-2 to None
[2022-01-03 20:33:22,984] {scheduler_job.py:190} INFO - Processing /home/airflow/sandbox/lib/python3.8/site-packages/airflow/example_dags/example_subdag_operator.py took 0.217 seconds
[2022-01-03 20:33:54,570] {scheduler_job.py:182} INFO - Started process (PID=10257) to work on /home/airflow/sandbox/lib/python3.8/site-packages/airflow/example_dags/example_subdag_operator.py
[2022-01-03 20:33:54,571] {scheduler_job.py:633} INFO - Processing file /home/airflow/sandbox/lib/python3.8/site-packages/airflow/example_dags/example_subdag_operator.py for tasks to queue
[2022-01-03 20:33:54,571] {logging_mixin.py:104} INFO - [2022-01-03 20:33:54,571] {dagbag.py:487} INFO - Filling up the DagBag from /home/airflow/sandbox/lib/python3.8/site-packages/airflow/example_dags/example_subdag_operator.py
[2022-01-03 20:33:54,744] {scheduler_job.py:643} INFO - DAG(s) dict_keys(['example_subdag_operator.section-1', 'example_subdag_operator.section-2', 'example_subdag_operator']) retrieved from /home/airflow/sandbox/lib/python3.8/site-packages/airflow/example_dags/example_subdag_operator.py
[2022-01-03 20:33:54,875] {logging_mixin.py:104} INFO - [2022-01-03 20:33:54,875] {dag.py:1832} INFO - Sync 3 DAGs
[2022-01-03 20:33:54,924] {logging_mixin.py:104} INFO - [2022-01-03 20:33:54,924] {dag.py:2305} INFO - Setting next_dagrun for example_subdag_operator to 2022-01-01 00:00:00+00:00
[2022-01-03 20:33:54,925] {logging_mixin.py:104} INFO - [2022-01-03 20:33:54,925] {dag.py:2305} INFO - Setting next_dagrun for example_subdag_operator.section-1 to None
[2022-01-03 20:33:54,925] {logging_mixin.py:104} INFO - [2022-01-03 20:33:54,925] {dag.py:2305} INFO - Setting next_dagrun for example_subdag_operator.section-2 to None
[2022-01-03 20:33:54,934] {logging_mixin.py:104} INFO - [2022-01-03 20:33:54,934] {dag.py:1832} INFO - Sync 2 DAGs
[2022-01-03 20:33:54,967] {logging_mixin.py:104} INFO - [2022-01-03 20:33:54,967] {dag.py:2305} INFO - Setting next_dagrun for example_subdag_operator.section-1 to None
[2022-01-03 20:33:54,968] {logging_mixin.py:104} INFO - [2022-01-03 20:33:54,968] {dag.py:2305} INFO - Setting next_dagrun for example_subdag_operator.section-2 to None
[2022-01-03 20:33:54,982] {scheduler_job.py:190} INFO - Processing /home/airflow/sandbox/lib/python3.8/site-packages/airflow/example_dags/example_subdag_operator.py took 0.500 seconds
[2022-01-03 20:34:29,117] {scheduler_job.py:182} INFO - Started process (PID=11383) to work on /home/airflow/sandbox/lib/python3.8/site-packages/airflow/example_dags/example_subdag_operator.py
[2022-01-03 20:34:29,119] {scheduler_job.py:633} INFO - Processing file /home/airflow/sandbox/lib/python3.8/site-packages/airflow/example_dags/example_subdag_operator.py for tasks to queue
[2022-01-03 20:34:29,121] {logging_mixin.py:104} INFO - [2022-01-03 20:34:29,121] {dagbag.py:487} INFO - Filling up the DagBag from /home/airflow/sandbox/lib/python3.8/site-packages/airflow/example_dags/example_subdag_operator.py
[2022-01-03 20:34:29,467] {scheduler_job.py:643} INFO - DAG(s) dict_keys(['example_subdag_operator.section-1', 'example_subdag_operator.section-2', 'example_subdag_operator']) retrieved from /home/airflow/sandbox/lib/python3.8/site-packages/airflow/example_dags/example_subdag_operator.py
[2022-01-03 20:34:29,575] {logging_mixin.py:104} INFO - [2022-01-03 20:34:29,575] {dag.py:1832} INFO - Sync 3 DAGs
[2022-01-03 20:34:29,642] {logging_mixin.py:104} INFO - [2022-01-03 20:34:29,642] {dag.py:2305} INFO - Setting next_dagrun for example_subdag_operator to 2022-01-01 00:00:00+00:00
[2022-01-03 20:34:29,675] {logging_mixin.py:104} INFO - [2022-01-03 20:34:29,675] {dag.py:2305} INFO - Setting next_dagrun for example_subdag_operator.section-1 to None
[2022-01-03 20:34:29,677] {logging_mixin.py:104} INFO - [2022-01-03 20:34:29,676] {dag.py:2305} INFO - Setting next_dagrun for example_subdag_operator.section-2 to None
[2022-01-03 20:34:29,768] {logging_mixin.py:104} INFO - [2022-01-03 20:34:29,768] {dag.py:1832} INFO - Sync 2 DAGs
[2022-01-03 20:34:29,834] {logging_mixin.py:104} INFO - [2022-01-03 20:34:29,834] {dag.py:2305} INFO - Setting next_dagrun for example_subdag_operator.section-1 to None
[2022-01-03 20:34:29,837] {logging_mixin.py:104} INFO - [2022-01-03 20:34:29,837] {dag.py:2305} INFO - Setting next_dagrun for example_subdag_operator.section-2 to None
[2022-01-03 20:34:29,883] {scheduler_job.py:190} INFO - Processing /home/airflow/sandbox/lib/python3.8/site-packages/airflow/example_dags/example_subdag_operator.py took 0.791 seconds
[2022-01-03 20:34:59,964] {scheduler_job.py:182} INFO - Started process (PID=11771) to work on /home/airflow/sandbox/lib/python3.8/site-packages/airflow/example_dags/example_subdag_operator.py
[2022-01-03 20:34:59,966] {scheduler_job.py:633} INFO - Processing file /home/airflow/sandbox/lib/python3.8/site-packages/airflow/example_dags/example_subdag_operator.py for tasks to queue
[2022-01-03 20:34:59,967] {logging_mixin.py:104} INFO - [2022-01-03 20:34:59,967] {dagbag.py:487} INFO - Filling up the DagBag from /home/airflow/sandbox/lib/python3.8/site-packages/airflow/example_dags/example_subdag_operator.py
[2022-01-03 20:35:00,136] {scheduler_job.py:643} INFO - DAG(s) dict_keys(['example_subdag_operator.section-1', 'example_subdag_operator.section-2', 'example_subdag_operator']) retrieved from /home/airflow/sandbox/lib/python3.8/site-packages/airflow/example_dags/example_subdag_operator.py
[2022-01-03 20:35:00,175] {logging_mixin.py:104} INFO - [2022-01-03 20:35:00,175] {dag.py:1832} INFO - Sync 3 DAGs
[2022-01-03 20:35:00,222] {logging_mixin.py:104} INFO - [2022-01-03 20:35:00,222] {dag.py:2305} INFO - Setting next_dagrun for example_subdag_operator to 2022-01-01 00:00:00+00:00
[2022-01-03 20:35:00,223] {logging_mixin.py:104} INFO - [2022-01-03 20:35:00,223] {dag.py:2305} INFO - Setting next_dagrun for example_subdag_operator.section-1 to None
[2022-01-03 20:35:00,223] {logging_mixin.py:104} INFO - [2022-01-03 20:35:00,223] {dag.py:2305} INFO - Setting next_dagrun for example_subdag_operator.section-2 to None
[2022-01-03 20:35:00,231] {logging_mixin.py:104} INFO - [2022-01-03 20:35:00,231] {dag.py:1832} INFO - Sync 2 DAGs
[2022-01-03 20:35:00,262] {logging_mixin.py:104} INFO - [2022-01-03 20:35:00,242] {dag.py:2305} INFO - Setting next_dagrun for example_subdag_operator.section-1 to None
[2022-01-03 20:35:00,263] {logging_mixin.py:104} INFO - [2022-01-03 20:35:00,263] {dag.py:2305} INFO - Setting next_dagrun for example_subdag_operator.section-2 to None
[2022-01-03 20:35:00,273] {scheduler_job.py:190} INFO - Processing /home/airflow/sandbox/lib/python3.8/site-packages/airflow/example_dags/example_subdag_operator.py took 0.332 seconds
[2022-01-03 20:35:30,381] {scheduler_job.py:182} INFO - Started process (PID=11974) to work on /home/airflow/sandbox/lib/python3.8/site-packages/airflow/example_dags/example_subdag_operator.py
[2022-01-03 20:35:30,383] {scheduler_job.py:633} INFO - Processing file /home/airflow/sandbox/lib/python3.8/site-packages/airflow/example_dags/example_subdag_operator.py for tasks to queue
[2022-01-03 20:35:30,385] {logging_mixin.py:104} INFO - [2022-01-03 20:35:30,384] {dagbag.py:487} INFO - Filling up the DagBag from /home/airflow/sandbox/lib/python3.8/site-packages/airflow/example_dags/example_subdag_operator.py
[2022-01-03 20:35:30,428] {scheduler_job.py:643} INFO - DAG(s) dict_keys(['example_subdag_operator.section-1', 'example_subdag_operator.section-2', 'example_subdag_operator']) retrieved from /home/airflow/sandbox/lib/python3.8/site-packages/airflow/example_dags/example_subdag_operator.py
[2022-01-03 20:35:30,435] {logging_mixin.py:104} INFO - [2022-01-03 20:35:30,435] {dag.py:1832} INFO - Sync 3 DAGs
[2022-01-03 20:35:30,464] {logging_mixin.py:104} INFO - [2022-01-03 20:35:30,464] {dag.py:2305} INFO - Setting next_dagrun for example_subdag_operator to 2022-01-01 00:00:00+00:00
[2022-01-03 20:35:30,465] {logging_mixin.py:104} INFO - [2022-01-03 20:35:30,465] {dag.py:2305} INFO - Setting next_dagrun for example_subdag_operator.section-1 to None
[2022-01-03 20:35:30,466] {logging_mixin.py:104} INFO - [2022-01-03 20:35:30,465] {dag.py:2305} INFO - Setting next_dagrun for example_subdag_operator.section-2 to None
[2022-01-03 20:35:30,476] {logging_mixin.py:104} INFO - [2022-01-03 20:35:30,476] {dag.py:1832} INFO - Sync 2 DAGs
[2022-01-03 20:35:30,485] {logging_mixin.py:104} INFO - [2022-01-03 20:35:30,485] {dag.py:2305} INFO - Setting next_dagrun for example_subdag_operator.section-1 to None
[2022-01-03 20:35:30,485] {logging_mixin.py:104} INFO - [2022-01-03 20:35:30,485] {dag.py:2305} INFO - Setting next_dagrun for example_subdag_operator.section-2 to None
[2022-01-03 20:35:30,511] {scheduler_job.py:190} INFO - Processing /home/airflow/sandbox/lib/python3.8/site-packages/airflow/example_dags/example_subdag_operator.py took 0.133 seconds
[2022-01-03 20:36:01,681] {scheduler_job.py:182} INFO - Started process (PID=12172) to work on /home/airflow/sandbox/lib/python3.8/site-packages/airflow/example_dags/example_subdag_operator.py
[2022-01-03 20:36:01,682] {scheduler_job.py:633} INFO - Processing file /home/airflow/sandbox/lib/python3.8/site-packages/airflow/example_dags/example_subdag_operator.py for tasks to queue
[2022-01-03 20:36:01,682] {logging_mixin.py:104} INFO - [2022-01-03 20:36:01,682] {dagbag.py:487} INFO - Filling up the DagBag from /home/airflow/sandbox/lib/python3.8/site-packages/airflow/example_dags/example_subdag_operator.py
[2022-01-03 20:36:01,836] {scheduler_job.py:643} INFO - DAG(s) dict_keys(['example_subdag_operator.section-1', 'example_subdag_operator.section-2', 'example_subdag_operator']) retrieved from /home/airflow/sandbox/lib/python3.8/site-packages/airflow/example_dags/example_subdag_operator.py
[2022-01-03 20:36:01,915] {logging_mixin.py:104} INFO - [2022-01-03 20:36:01,915] {dag.py:1832} INFO - Sync 3 DAGs
[2022-01-03 20:36:01,986] {logging_mixin.py:104} INFO - [2022-01-03 20:36:01,986] {dag.py:2305} INFO - Setting next_dagrun for example_subdag_operator to 2022-01-01 00:00:00+00:00
[2022-01-03 20:36:01,987] {logging_mixin.py:104} INFO - [2022-01-03 20:36:01,987] {dag.py:2305} INFO - Setting next_dagrun for example_subdag_operator.section-1 to None
[2022-01-03 20:36:01,988] {logging_mixin.py:104} INFO - [2022-01-03 20:36:01,988] {dag.py:2305} INFO - Setting next_dagrun for example_subdag_operator.section-2 to None
[2022-01-03 20:36:02,017] {logging_mixin.py:104} INFO - [2022-01-03 20:36:02,017] {dag.py:1832} INFO - Sync 2 DAGs
[2022-01-03 20:36:02,035] {logging_mixin.py:104} INFO - [2022-01-03 20:36:02,034] {dag.py:2305} INFO - Setting next_dagrun for example_subdag_operator.section-1 to None
[2022-01-03 20:36:02,035] {logging_mixin.py:104} INFO - [2022-01-03 20:36:02,035] {dag.py:2305} INFO - Setting next_dagrun for example_subdag_operator.section-2 to None
[2022-01-03 20:36:02,086] {scheduler_job.py:190} INFO - Processing /home/airflow/sandbox/lib/python3.8/site-packages/airflow/example_dags/example_subdag_operator.py took 0.407 seconds
[2022-01-03 20:36:33,676] {scheduler_job.py:182} INFO - Started process (PID=12371) to work on /home/airflow/sandbox/lib/python3.8/site-packages/airflow/example_dags/example_subdag_operator.py
[2022-01-03 20:36:33,684] {scheduler_job.py:633} INFO - Processing file /home/airflow/sandbox/lib/python3.8/site-packages/airflow/example_dags/example_subdag_operator.py for tasks to queue
[2022-01-03 20:36:33,686] {logging_mixin.py:104} INFO - [2022-01-03 20:36:33,685] {dagbag.py:487} INFO - Filling up the DagBag from /home/airflow/sandbox/lib/python3.8/site-packages/airflow/example_dags/example_subdag_operator.py
[2022-01-03 20:36:33,865] {scheduler_job.py:643} INFO - DAG(s) dict_keys(['example_subdag_operator.section-1', 'example_subdag_operator.section-2', 'example_subdag_operator']) retrieved from /home/airflow/sandbox/lib/python3.8/site-packages/airflow/example_dags/example_subdag_operator.py
[2022-01-03 20:36:33,921] {logging_mixin.py:104} INFO - [2022-01-03 20:36:33,921] {dag.py:1832} INFO - Sync 3 DAGs
[2022-01-03 20:36:34,028] {logging_mixin.py:104} INFO - [2022-01-03 20:36:34,028] {dag.py:2305} INFO - Setting next_dagrun for example_subdag_operator to 2022-01-01 00:00:00+00:00
[2022-01-03 20:36:34,033] {logging_mixin.py:104} INFO - [2022-01-03 20:36:34,033] {dag.py:2305} INFO - Setting next_dagrun for example_subdag_operator.section-1 to None
[2022-01-03 20:36:34,055] {logging_mixin.py:104} INFO - [2022-01-03 20:36:34,055] {dag.py:2305} INFO - Setting next_dagrun for example_subdag_operator.section-2 to None
[2022-01-03 20:36:34,064] {logging_mixin.py:104} INFO - [2022-01-03 20:36:34,064] {dag.py:1832} INFO - Sync 2 DAGs
[2022-01-03 20:36:34,079] {logging_mixin.py:104} INFO - [2022-01-03 20:36:34,079] {dag.py:2305} INFO - Setting next_dagrun for example_subdag_operator.section-1 to None
[2022-01-03 20:36:34,080] {logging_mixin.py:104} INFO - [2022-01-03 20:36:34,080] {dag.py:2305} INFO - Setting next_dagrun for example_subdag_operator.section-2 to None
[2022-01-03 20:36:34,109] {scheduler_job.py:190} INFO - Processing /home/airflow/sandbox/lib/python3.8/site-packages/airflow/example_dags/example_subdag_operator.py took 0.484 seconds
[2022-01-03 20:37:05,270] {scheduler_job.py:182} INFO - Started process (PID=12569) to work on /home/airflow/sandbox/lib/python3.8/site-packages/airflow/example_dags/example_subdag_operator.py
[2022-01-03 20:37:05,274] {scheduler_job.py:633} INFO - Processing file /home/airflow/sandbox/lib/python3.8/site-packages/airflow/example_dags/example_subdag_operator.py for tasks to queue
[2022-01-03 20:37:05,281] {logging_mixin.py:104} INFO - [2022-01-03 20:37:05,281] {dagbag.py:487} INFO - Filling up the DagBag from /home/airflow/sandbox/lib/python3.8/site-packages/airflow/example_dags/example_subdag_operator.py
[2022-01-03 20:37:05,380] {scheduler_job.py:643} INFO - DAG(s) dict_keys(['example_subdag_operator.section-1', 'example_subdag_operator.section-2', 'example_subdag_operator']) retrieved from /home/airflow/sandbox/lib/python3.8/site-packages/airflow/example_dags/example_subdag_operator.py
[2022-01-03 20:37:05,503] {logging_mixin.py:104} INFO - [2022-01-03 20:37:05,503] {dag.py:1832} INFO - Sync 3 DAGs
[2022-01-03 20:37:05,520] {logging_mixin.py:104} INFO - [2022-01-03 20:37:05,520] {dag.py:2305} INFO - Setting next_dagrun for example_subdag_operator to 2022-01-01 00:00:00+00:00
[2022-01-03 20:37:05,522] {logging_mixin.py:104} INFO - [2022-01-03 20:37:05,522] {dag.py:2305} INFO - Setting next_dagrun for example_subdag_operator.section-1 to None
[2022-01-03 20:37:05,523] {logging_mixin.py:104} INFO - [2022-01-03 20:37:05,523] {dag.py:2305} INFO - Setting next_dagrun for example_subdag_operator.section-2 to None
[2022-01-03 20:37:05,557] {logging_mixin.py:104} INFO - [2022-01-03 20:37:05,557] {dag.py:1832} INFO - Sync 2 DAGs
[2022-01-03 20:37:05,605] {logging_mixin.py:104} INFO - [2022-01-03 20:37:05,604] {dag.py:2305} INFO - Setting next_dagrun for example_subdag_operator.section-1 to None
[2022-01-03 20:37:05,605] {logging_mixin.py:104} INFO - [2022-01-03 20:37:05,605] {dag.py:2305} INFO - Setting next_dagrun for example_subdag_operator.section-2 to None
[2022-01-03 20:37:05,628] {scheduler_job.py:190} INFO - Processing /home/airflow/sandbox/lib/python3.8/site-packages/airflow/example_dags/example_subdag_operator.py took 0.363 seconds
[2022-01-03 20:37:35,965] {scheduler_job.py:182} INFO - Started process (PID=12765) to work on /home/airflow/sandbox/lib/python3.8/site-packages/airflow/example_dags/example_subdag_operator.py
[2022-01-03 20:37:35,971] {scheduler_job.py:633} INFO - Processing file /home/airflow/sandbox/lib/python3.8/site-packages/airflow/example_dags/example_subdag_operator.py for tasks to queue
[2022-01-03 20:37:35,972] {logging_mixin.py:104} INFO - [2022-01-03 20:37:35,972] {dagbag.py:487} INFO - Filling up the DagBag from /home/airflow/sandbox/lib/python3.8/site-packages/airflow/example_dags/example_subdag_operator.py
[2022-01-03 20:37:36,083] {scheduler_job.py:643} INFO - DAG(s) dict_keys(['example_subdag_operator.section-1', 'example_subdag_operator.section-2', 'example_subdag_operator']) retrieved from /home/airflow/sandbox/lib/python3.8/site-packages/airflow/example_dags/example_subdag_operator.py
[2022-01-03 20:37:36,116] {logging_mixin.py:104} INFO - [2022-01-03 20:37:36,116] {dag.py:1832} INFO - Sync 3 DAGs
[2022-01-03 20:37:36,129] {logging_mixin.py:104} INFO - [2022-01-03 20:37:36,129] {dag.py:2305} INFO - Setting next_dagrun for example_subdag_operator to 2022-01-01 00:00:00+00:00
[2022-01-03 20:37:36,133] {logging_mixin.py:104} INFO - [2022-01-03 20:37:36,133] {dag.py:2305} INFO - Setting next_dagrun for example_subdag_operator.section-1 to None
[2022-01-03 20:37:36,134] {logging_mixin.py:104} INFO - [2022-01-03 20:37:36,133] {dag.py:2305} INFO - Setting next_dagrun for example_subdag_operator.section-2 to None
[2022-01-03 20:37:36,158] {logging_mixin.py:104} INFO - [2022-01-03 20:37:36,158] {dag.py:1832} INFO - Sync 2 DAGs
[2022-01-03 20:37:36,174] {logging_mixin.py:104} INFO - [2022-01-03 20:37:36,174] {dag.py:2305} INFO - Setting next_dagrun for example_subdag_operator.section-1 to None
[2022-01-03 20:37:36,174] {logging_mixin.py:104} INFO - [2022-01-03 20:37:36,174] {dag.py:2305} INFO - Setting next_dagrun for example_subdag_operator.section-2 to None
[2022-01-03 20:37:36,185] {scheduler_job.py:190} INFO - Processing /home/airflow/sandbox/lib/python3.8/site-packages/airflow/example_dags/example_subdag_operator.py took 0.227 seconds
[2022-01-03 20:38:06,720] {scheduler_job.py:182} INFO - Started process (PID=13203) to work on /home/airflow/sandbox/lib/python3.8/site-packages/airflow/example_dags/example_subdag_operator.py
[2022-01-03 20:38:06,721] {scheduler_job.py:633} INFO - Processing file /home/airflow/sandbox/lib/python3.8/site-packages/airflow/example_dags/example_subdag_operator.py for tasks to queue
[2022-01-03 20:38:06,726] {logging_mixin.py:104} INFO - [2022-01-03 20:38:06,725] {dagbag.py:487} INFO - Filling up the DagBag from /home/airflow/sandbox/lib/python3.8/site-packages/airflow/example_dags/example_subdag_operator.py
[2022-01-03 20:38:06,859] {scheduler_job.py:643} INFO - DAG(s) dict_keys(['example_subdag_operator.section-1', 'example_subdag_operator.section-2', 'example_subdag_operator']) retrieved from /home/airflow/sandbox/lib/python3.8/site-packages/airflow/example_dags/example_subdag_operator.py
[2022-01-03 20:38:06,882] {logging_mixin.py:104} INFO - [2022-01-03 20:38:06,881] {dag.py:1832} INFO - Sync 3 DAGs
[2022-01-03 20:38:06,933] {logging_mixin.py:104} INFO - [2022-01-03 20:38:06,933] {dag.py:2305} INFO - Setting next_dagrun for example_subdag_operator to 2022-01-01 00:00:00+00:00
[2022-01-03 20:38:06,959] {logging_mixin.py:104} INFO - [2022-01-03 20:38:06,959] {dag.py:2305} INFO - Setting next_dagrun for example_subdag_operator.section-1 to None
[2022-01-03 20:38:06,959] {logging_mixin.py:104} INFO - [2022-01-03 20:38:06,959] {dag.py:2305} INFO - Setting next_dagrun for example_subdag_operator.section-2 to None
[2022-01-03 20:38:06,982] {logging_mixin.py:104} INFO - [2022-01-03 20:38:06,982] {dag.py:1832} INFO - Sync 2 DAGs
[2022-01-03 20:38:07,005] {logging_mixin.py:104} INFO - [2022-01-03 20:38:07,004] {dag.py:2305} INFO - Setting next_dagrun for example_subdag_operator.section-1 to None
[2022-01-03 20:38:07,009] {logging_mixin.py:104} INFO - [2022-01-03 20:38:07,008] {dag.py:2305} INFO - Setting next_dagrun for example_subdag_operator.section-2 to None
[2022-01-03 20:38:07,029] {scheduler_job.py:190} INFO - Processing /home/airflow/sandbox/lib/python3.8/site-packages/airflow/example_dags/example_subdag_operator.py took 0.326 seconds
[2022-01-03 20:38:37,329] {scheduler_job.py:182} INFO - Started process (PID=13402) to work on /home/airflow/sandbox/lib/python3.8/site-packages/airflow/example_dags/example_subdag_operator.py
[2022-01-03 20:38:37,343] {scheduler_job.py:633} INFO - Processing file /home/airflow/sandbox/lib/python3.8/site-packages/airflow/example_dags/example_subdag_operator.py for tasks to queue
[2022-01-03 20:38:37,343] {logging_mixin.py:104} INFO - [2022-01-03 20:38:37,343] {dagbag.py:487} INFO - Filling up the DagBag from /home/airflow/sandbox/lib/python3.8/site-packages/airflow/example_dags/example_subdag_operator.py
[2022-01-03 20:38:37,459] {scheduler_job.py:643} INFO - DAG(s) dict_keys(['example_subdag_operator.section-1', 'example_subdag_operator.section-2', 'example_subdag_operator']) retrieved from /home/airflow/sandbox/lib/python3.8/site-packages/airflow/example_dags/example_subdag_operator.py
[2022-01-03 20:38:37,478] {logging_mixin.py:104} INFO - [2022-01-03 20:38:37,478] {dag.py:1832} INFO - Sync 3 DAGs
[2022-01-03 20:38:37,514] {logging_mixin.py:104} INFO - [2022-01-03 20:38:37,514] {dag.py:2305} INFO - Setting next_dagrun for example_subdag_operator to 2022-01-01 00:00:00+00:00
[2022-01-03 20:38:37,517] {logging_mixin.py:104} INFO - [2022-01-03 20:38:37,517] {dag.py:2305} INFO - Setting next_dagrun for example_subdag_operator.section-1 to None
[2022-01-03 20:38:37,521] {logging_mixin.py:104} INFO - [2022-01-03 20:38:37,521] {dag.py:2305} INFO - Setting next_dagrun for example_subdag_operator.section-2 to None
[2022-01-03 20:38:37,552] {logging_mixin.py:104} INFO - [2022-01-03 20:38:37,552] {dag.py:1832} INFO - Sync 2 DAGs
[2022-01-03 20:38:37,572] {logging_mixin.py:104} INFO - [2022-01-03 20:38:37,571] {dag.py:2305} INFO - Setting next_dagrun for example_subdag_operator.section-1 to None
[2022-01-03 20:38:37,572] {logging_mixin.py:104} INFO - [2022-01-03 20:38:37,572] {dag.py:2305} INFO - Setting next_dagrun for example_subdag_operator.section-2 to None
[2022-01-03 20:38:37,598] {scheduler_job.py:190} INFO - Processing /home/airflow/sandbox/lib/python3.8/site-packages/airflow/example_dags/example_subdag_operator.py took 0.272 seconds
[2022-01-03 20:39:07,801] {scheduler_job.py:182} INFO - Started process (PID=13601) to work on /home/airflow/sandbox/lib/python3.8/site-packages/airflow/example_dags/example_subdag_operator.py
[2022-01-03 20:39:07,802] {scheduler_job.py:633} INFO - Processing file /home/airflow/sandbox/lib/python3.8/site-packages/airflow/example_dags/example_subdag_operator.py for tasks to queue
[2022-01-03 20:39:07,802] {logging_mixin.py:104} INFO - [2022-01-03 20:39:07,802] {dagbag.py:487} INFO - Filling up the DagBag from /home/airflow/sandbox/lib/python3.8/site-packages/airflow/example_dags/example_subdag_operator.py
[2022-01-03 20:39:07,959] {scheduler_job.py:643} INFO - DAG(s) dict_keys(['example_subdag_operator.section-1', 'example_subdag_operator.section-2', 'example_subdag_operator']) retrieved from /home/airflow/sandbox/lib/python3.8/site-packages/airflow/example_dags/example_subdag_operator.py
[2022-01-03 20:39:07,982] {logging_mixin.py:104} INFO - [2022-01-03 20:39:07,982] {dag.py:1832} INFO - Sync 3 DAGs
[2022-01-03 20:39:08,051] {logging_mixin.py:104} INFO - [2022-01-03 20:39:08,051] {dag.py:2305} INFO - Setting next_dagrun for example_subdag_operator to 2022-01-01 00:00:00+00:00
[2022-01-03 20:39:08,052] {logging_mixin.py:104} INFO - [2022-01-03 20:39:08,052] {dag.py:2305} INFO - Setting next_dagrun for example_subdag_operator.section-1 to None
[2022-01-03 20:39:08,057] {logging_mixin.py:104} INFO - [2022-01-03 20:39:08,056] {dag.py:2305} INFO - Setting next_dagrun for example_subdag_operator.section-2 to None
[2022-01-03 20:39:08,075] {logging_mixin.py:104} INFO - [2022-01-03 20:39:08,075] {dag.py:1832} INFO - Sync 2 DAGs
[2022-01-03 20:39:08,096] {logging_mixin.py:104} INFO - [2022-01-03 20:39:08,095] {dag.py:2305} INFO - Setting next_dagrun for example_subdag_operator.section-1 to None
[2022-01-03 20:39:08,097] {logging_mixin.py:104} INFO - [2022-01-03 20:39:08,097] {dag.py:2305} INFO - Setting next_dagrun for example_subdag_operator.section-2 to None
[2022-01-03 20:39:08,199] {scheduler_job.py:190} INFO - Processing /home/airflow/sandbox/lib/python3.8/site-packages/airflow/example_dags/example_subdag_operator.py took 0.402 seconds
[2022-01-03 20:39:38,375] {scheduler_job.py:182} INFO - Started process (PID=13800) to work on /home/airflow/sandbox/lib/python3.8/site-packages/airflow/example_dags/example_subdag_operator.py
[2022-01-03 20:39:38,396] {scheduler_job.py:633} INFO - Processing file /home/airflow/sandbox/lib/python3.8/site-packages/airflow/example_dags/example_subdag_operator.py for tasks to queue
[2022-01-03 20:39:38,397] {logging_mixin.py:104} INFO - [2022-01-03 20:39:38,397] {dagbag.py:487} INFO - Filling up the DagBag from /home/airflow/sandbox/lib/python3.8/site-packages/airflow/example_dags/example_subdag_operator.py
[2022-01-03 20:39:38,517] {scheduler_job.py:643} INFO - DAG(s) dict_keys(['example_subdag_operator.section-1', 'example_subdag_operator.section-2', 'example_subdag_operator']) retrieved from /home/airflow/sandbox/lib/python3.8/site-packages/airflow/example_dags/example_subdag_operator.py
[2022-01-03 20:39:38,560] {logging_mixin.py:104} INFO - [2022-01-03 20:39:38,560] {dag.py:1832} INFO - Sync 3 DAGs
[2022-01-03 20:39:38,630] {logging_mixin.py:104} INFO - [2022-01-03 20:39:38,629] {dag.py:2305} INFO - Setting next_dagrun for example_subdag_operator to 2022-01-01 00:00:00+00:00
[2022-01-03 20:39:38,647] {logging_mixin.py:104} INFO - [2022-01-03 20:39:38,646] {dag.py:2305} INFO - Setting next_dagrun for example_subdag_operator.section-1 to None
[2022-01-03 20:39:38,647] {logging_mixin.py:104} INFO - [2022-01-03 20:39:38,647] {dag.py:2305} INFO - Setting next_dagrun for example_subdag_operator.section-2 to None
[2022-01-03 20:39:38,664] {logging_mixin.py:104} INFO - [2022-01-03 20:39:38,663] {dag.py:1832} INFO - Sync 2 DAGs
[2022-01-03 20:39:38,714] {logging_mixin.py:104} INFO - [2022-01-03 20:39:38,714] {dag.py:2305} INFO - Setting next_dagrun for example_subdag_operator.section-1 to None
[2022-01-03 20:39:38,714] {logging_mixin.py:104} INFO - [2022-01-03 20:39:38,714] {dag.py:2305} INFO - Setting next_dagrun for example_subdag_operator.section-2 to None
[2022-01-03 20:39:38,878] {scheduler_job.py:190} INFO - Processing /home/airflow/sandbox/lib/python3.8/site-packages/airflow/example_dags/example_subdag_operator.py took 0.506 seconds
[2022-01-03 20:40:09,025] {scheduler_job.py:182} INFO - Started process (PID=14005) to work on /home/airflow/sandbox/lib/python3.8/site-packages/airflow/example_dags/example_subdag_operator.py
[2022-01-03 20:40:09,027] {scheduler_job.py:633} INFO - Processing file /home/airflow/sandbox/lib/python3.8/site-packages/airflow/example_dags/example_subdag_operator.py for tasks to queue
[2022-01-03 20:40:09,029] {logging_mixin.py:104} INFO - [2022-01-03 20:40:09,029] {dagbag.py:487} INFO - Filling up the DagBag from /home/airflow/sandbox/lib/python3.8/site-packages/airflow/example_dags/example_subdag_operator.py
[2022-01-03 20:40:09,104] {scheduler_job.py:643} INFO - DAG(s) dict_keys(['example_subdag_operator.section-1', 'example_subdag_operator.section-2', 'example_subdag_operator']) retrieved from /home/airflow/sandbox/lib/python3.8/site-packages/airflow/example_dags/example_subdag_operator.py
[2022-01-03 20:40:09,121] {logging_mixin.py:104} INFO - [2022-01-03 20:40:09,120] {dag.py:1832} INFO - Sync 3 DAGs
[2022-01-03 20:40:09,151] {logging_mixin.py:104} INFO - [2022-01-03 20:40:09,151] {dag.py:2305} INFO - Setting next_dagrun for example_subdag_operator to 2022-01-01 00:00:00+00:00
[2022-01-03 20:40:09,153] {logging_mixin.py:104} INFO - [2022-01-03 20:40:09,153] {dag.py:2305} INFO - Setting next_dagrun for example_subdag_operator.section-1 to None
[2022-01-03 20:40:09,153] {logging_mixin.py:104} INFO - [2022-01-03 20:40:09,153] {dag.py:2305} INFO - Setting next_dagrun for example_subdag_operator.section-2 to None
[2022-01-03 20:40:09,163] {logging_mixin.py:104} INFO - [2022-01-03 20:40:09,163] {dag.py:1832} INFO - Sync 2 DAGs
[2022-01-03 20:40:09,253] {logging_mixin.py:104} INFO - [2022-01-03 20:40:09,253] {dag.py:2305} INFO - Setting next_dagrun for example_subdag_operator.section-1 to None
[2022-01-03 20:40:09,254] {logging_mixin.py:104} INFO - [2022-01-03 20:40:09,254] {dag.py:2305} INFO - Setting next_dagrun for example_subdag_operator.section-2 to None
[2022-01-03 20:40:09,266] {scheduler_job.py:190} INFO - Processing /home/airflow/sandbox/lib/python3.8/site-packages/airflow/example_dags/example_subdag_operator.py took 0.248 seconds
[2022-01-03 20:40:39,749] {scheduler_job.py:182} INFO - Started process (PID=14202) to work on /home/airflow/sandbox/lib/python3.8/site-packages/airflow/example_dags/example_subdag_operator.py
[2022-01-03 20:40:39,750] {scheduler_job.py:633} INFO - Processing file /home/airflow/sandbox/lib/python3.8/site-packages/airflow/example_dags/example_subdag_operator.py for tasks to queue
[2022-01-03 20:40:39,751] {logging_mixin.py:104} INFO - [2022-01-03 20:40:39,751] {dagbag.py:487} INFO - Filling up the DagBag from /home/airflow/sandbox/lib/python3.8/site-packages/airflow/example_dags/example_subdag_operator.py
[2022-01-03 20:40:39,857] {scheduler_job.py:643} INFO - DAG(s) dict_keys(['example_subdag_operator.section-1', 'example_subdag_operator.section-2', 'example_subdag_operator']) retrieved from /home/airflow/sandbox/lib/python3.8/site-packages/airflow/example_dags/example_subdag_operator.py
[2022-01-03 20:40:39,894] {logging_mixin.py:104} INFO - [2022-01-03 20:40:39,893] {dag.py:1832} INFO - Sync 3 DAGs
[2022-01-03 20:40:39,926] {logging_mixin.py:104} INFO - [2022-01-03 20:40:39,925] {dag.py:2305} INFO - Setting next_dagrun for example_subdag_operator to 2022-01-01 00:00:00+00:00
[2022-01-03 20:40:39,928] {logging_mixin.py:104} INFO - [2022-01-03 20:40:39,927] {dag.py:2305} INFO - Setting next_dagrun for example_subdag_operator.section-1 to None
[2022-01-03 20:40:39,942] {logging_mixin.py:104} INFO - [2022-01-03 20:40:39,942] {dag.py:2305} INFO - Setting next_dagrun for example_subdag_operator.section-2 to None
[2022-01-03 20:40:40,115] {logging_mixin.py:104} INFO - [2022-01-03 20:40:40,115] {dag.py:1832} INFO - Sync 2 DAGs
[2022-01-03 20:40:40,153] {logging_mixin.py:104} INFO - [2022-01-03 20:40:40,153] {dag.py:2305} INFO - Setting next_dagrun for example_subdag_operator.section-1 to None
[2022-01-03 20:40:40,153] {logging_mixin.py:104} INFO - [2022-01-03 20:40:40,153] {dag.py:2305} INFO - Setting next_dagrun for example_subdag_operator.section-2 to None
[2022-01-03 20:40:40,168] {scheduler_job.py:190} INFO - Processing /home/airflow/sandbox/lib/python3.8/site-packages/airflow/example_dags/example_subdag_operator.py took 0.425 seconds
[2022-01-03 20:41:10,558] {scheduler_job.py:182} INFO - Started process (PID=14391) to work on /home/airflow/sandbox/lib/python3.8/site-packages/airflow/example_dags/example_subdag_operator.py
[2022-01-03 20:41:10,559] {scheduler_job.py:633} INFO - Processing file /home/airflow/sandbox/lib/python3.8/site-packages/airflow/example_dags/example_subdag_operator.py for tasks to queue
[2022-01-03 20:41:10,560] {logging_mixin.py:104} INFO - [2022-01-03 20:41:10,559] {dagbag.py:487} INFO - Filling up the DagBag from /home/airflow/sandbox/lib/python3.8/site-packages/airflow/example_dags/example_subdag_operator.py
[2022-01-03 20:41:10,673] {scheduler_job.py:643} INFO - DAG(s) dict_keys(['example_subdag_operator.section-1', 'example_subdag_operator.section-2', 'example_subdag_operator']) retrieved from /home/airflow/sandbox/lib/python3.8/site-packages/airflow/example_dags/example_subdag_operator.py
[2022-01-03 20:41:10,703] {logging_mixin.py:104} INFO - [2022-01-03 20:41:10,703] {dag.py:1832} INFO - Sync 3 DAGs
[2022-01-03 20:41:10,757] {logging_mixin.py:104} INFO - [2022-01-03 20:41:10,756] {dag.py:2305} INFO - Setting next_dagrun for example_subdag_operator to 2022-01-01 00:00:00+00:00
[2022-01-03 20:41:10,758] {logging_mixin.py:104} INFO - [2022-01-03 20:41:10,758] {dag.py:2305} INFO - Setting next_dagrun for example_subdag_operator.section-1 to None
[2022-01-03 20:41:10,758] {logging_mixin.py:104} INFO - [2022-01-03 20:41:10,758] {dag.py:2305} INFO - Setting next_dagrun for example_subdag_operator.section-2 to None
[2022-01-03 20:41:10,899] {logging_mixin.py:104} INFO - [2022-01-03 20:41:10,898] {dag.py:1832} INFO - Sync 2 DAGs
[2022-01-03 20:41:10,925] {logging_mixin.py:104} INFO - [2022-01-03 20:41:10,925] {dag.py:2305} INFO - Setting next_dagrun for example_subdag_operator.section-1 to None
[2022-01-03 20:41:10,926] {logging_mixin.py:104} INFO - [2022-01-03 20:41:10,926] {dag.py:2305} INFO - Setting next_dagrun for example_subdag_operator.section-2 to None
[2022-01-03 20:41:11,014] {scheduler_job.py:190} INFO - Processing /home/airflow/sandbox/lib/python3.8/site-packages/airflow/example_dags/example_subdag_operator.py took 0.469 seconds
[2022-01-03 20:41:41,172] {scheduler_job.py:182} INFO - Started process (PID=14591) to work on /home/airflow/sandbox/lib/python3.8/site-packages/airflow/example_dags/example_subdag_operator.py
[2022-01-03 20:41:41,175] {scheduler_job.py:633} INFO - Processing file /home/airflow/sandbox/lib/python3.8/site-packages/airflow/example_dags/example_subdag_operator.py for tasks to queue
[2022-01-03 20:41:41,175] {logging_mixin.py:104} INFO - [2022-01-03 20:41:41,175] {dagbag.py:487} INFO - Filling up the DagBag from /home/airflow/sandbox/lib/python3.8/site-packages/airflow/example_dags/example_subdag_operator.py
[2022-01-03 20:41:41,298] {scheduler_job.py:643} INFO - DAG(s) dict_keys(['example_subdag_operator.section-1', 'example_subdag_operator.section-2', 'example_subdag_operator']) retrieved from /home/airflow/sandbox/lib/python3.8/site-packages/airflow/example_dags/example_subdag_operator.py
[2022-01-03 20:41:41,339] {logging_mixin.py:104} INFO - [2022-01-03 20:41:41,339] {dag.py:1832} INFO - Sync 3 DAGs
[2022-01-03 20:41:41,419] {logging_mixin.py:104} INFO - [2022-01-03 20:41:41,419] {dag.py:2305} INFO - Setting next_dagrun for example_subdag_operator to 2022-01-01 00:00:00+00:00
[2022-01-03 20:41:41,425] {logging_mixin.py:104} INFO - [2022-01-03 20:41:41,425] {dag.py:2305} INFO - Setting next_dagrun for example_subdag_operator.section-1 to None
[2022-01-03 20:41:41,425] {logging_mixin.py:104} INFO - [2022-01-03 20:41:41,425] {dag.py:2305} INFO - Setting next_dagrun for example_subdag_operator.section-2 to None
[2022-01-03 20:41:41,691] {logging_mixin.py:104} INFO - [2022-01-03 20:41:41,690] {dag.py:1832} INFO - Sync 2 DAGs
[2022-01-03 20:41:41,715] {logging_mixin.py:104} INFO - [2022-01-03 20:41:41,714] {dag.py:2305} INFO - Setting next_dagrun for example_subdag_operator.section-1 to None
[2022-01-03 20:41:41,715] {logging_mixin.py:104} INFO - [2022-01-03 20:41:41,715] {dag.py:2305} INFO - Setting next_dagrun for example_subdag_operator.section-2 to None
[2022-01-03 20:41:41,753] {scheduler_job.py:190} INFO - Processing /home/airflow/sandbox/lib/python3.8/site-packages/airflow/example_dags/example_subdag_operator.py took 0.584 seconds
[2022-01-03 20:42:12,063] {scheduler_job.py:182} INFO - Started process (PID=14790) to work on /home/airflow/sandbox/lib/python3.8/site-packages/airflow/example_dags/example_subdag_operator.py
[2022-01-03 20:42:12,065] {scheduler_job.py:633} INFO - Processing file /home/airflow/sandbox/lib/python3.8/site-packages/airflow/example_dags/example_subdag_operator.py for tasks to queue
[2022-01-03 20:42:12,066] {logging_mixin.py:104} INFO - [2022-01-03 20:42:12,065] {dagbag.py:487} INFO - Filling up the DagBag from /home/airflow/sandbox/lib/python3.8/site-packages/airflow/example_dags/example_subdag_operator.py
[2022-01-03 20:42:12,215] {scheduler_job.py:643} INFO - DAG(s) dict_keys(['example_subdag_operator.section-1', 'example_subdag_operator.section-2', 'example_subdag_operator']) retrieved from /home/airflow/sandbox/lib/python3.8/site-packages/airflow/example_dags/example_subdag_operator.py
[2022-01-03 20:42:12,241] {logging_mixin.py:104} INFO - [2022-01-03 20:42:12,241] {dag.py:1832} INFO - Sync 3 DAGs
[2022-01-03 20:42:12,540] {logging_mixin.py:104} INFO - [2022-01-03 20:42:12,540] {dag.py:2305} INFO - Setting next_dagrun for example_subdag_operator to 2022-01-01 00:00:00+00:00
[2022-01-03 20:42:12,541] {logging_mixin.py:104} INFO - [2022-01-03 20:42:12,541] {dag.py:2305} INFO - Setting next_dagrun for example_subdag_operator.section-1 to None
[2022-01-03 20:42:12,542] {logging_mixin.py:104} INFO - [2022-01-03 20:42:12,542] {dag.py:2305} INFO - Setting next_dagrun for example_subdag_operator.section-2 to None
[2022-01-03 20:42:12,551] {logging_mixin.py:104} INFO - [2022-01-03 20:42:12,551] {dag.py:1832} INFO - Sync 2 DAGs
[2022-01-03 20:42:12,565] {logging_mixin.py:104} INFO - [2022-01-03 20:42:12,565] {dag.py:2305} INFO - Setting next_dagrun for example_subdag_operator.section-1 to None
[2022-01-03 20:42:12,565] {logging_mixin.py:104} INFO - [2022-01-03 20:42:12,565] {dag.py:2305} INFO - Setting next_dagrun for example_subdag_operator.section-2 to None
[2022-01-03 20:42:12,589] {scheduler_job.py:190} INFO - Processing /home/airflow/sandbox/lib/python3.8/site-packages/airflow/example_dags/example_subdag_operator.py took 0.528 seconds
[2022-01-03 20:42:42,712] {scheduler_job.py:182} INFO - Started process (PID=15109) to work on /home/airflow/sandbox/lib/python3.8/site-packages/airflow/example_dags/example_subdag_operator.py
[2022-01-03 20:42:42,713] {scheduler_job.py:633} INFO - Processing file /home/airflow/sandbox/lib/python3.8/site-packages/airflow/example_dags/example_subdag_operator.py for tasks to queue
[2022-01-03 20:42:42,714] {logging_mixin.py:104} INFO - [2022-01-03 20:42:42,713] {dagbag.py:487} INFO - Filling up the DagBag from /home/airflow/sandbox/lib/python3.8/site-packages/airflow/example_dags/example_subdag_operator.py
[2022-01-03 20:42:42,799] {scheduler_job.py:643} INFO - DAG(s) dict_keys(['example_subdag_operator.section-1', 'example_subdag_operator.section-2', 'example_subdag_operator']) retrieved from /home/airflow/sandbox/lib/python3.8/site-packages/airflow/example_dags/example_subdag_operator.py
[2022-01-03 20:42:42,851] {logging_mixin.py:104} INFO - [2022-01-03 20:42:42,850] {dag.py:1832} INFO - Sync 3 DAGs
[2022-01-03 20:42:43,166] {logging_mixin.py:104} INFO - [2022-01-03 20:42:43,166] {dag.py:2305} INFO - Setting next_dagrun for example_subdag_operator to 2022-01-01 00:00:00+00:00
[2022-01-03 20:42:43,167] {logging_mixin.py:104} INFO - [2022-01-03 20:42:43,167] {dag.py:2305} INFO - Setting next_dagrun for example_subdag_operator.section-1 to None
[2022-01-03 20:42:43,172] {logging_mixin.py:104} INFO - [2022-01-03 20:42:43,172] {dag.py:2305} INFO - Setting next_dagrun for example_subdag_operator.section-2 to None
[2022-01-03 20:42:43,201] {logging_mixin.py:104} INFO - [2022-01-03 20:42:43,201] {dag.py:1832} INFO - Sync 2 DAGs
[2022-01-03 20:42:43,263] {logging_mixin.py:104} INFO - [2022-01-03 20:42:43,262] {dag.py:2305} INFO - Setting next_dagrun for example_subdag_operator.section-1 to None
[2022-01-03 20:42:43,264] {logging_mixin.py:104} INFO - [2022-01-03 20:42:43,264] {dag.py:2305} INFO - Setting next_dagrun for example_subdag_operator.section-2 to None
[2022-01-03 20:42:43,293] {scheduler_job.py:190} INFO - Processing /home/airflow/sandbox/lib/python3.8/site-packages/airflow/example_dags/example_subdag_operator.py took 0.593 seconds
[2022-01-03 20:43:14,350] {scheduler_job.py:182} INFO - Started process (PID=15430) to work on /home/airflow/sandbox/lib/python3.8/site-packages/airflow/example_dags/example_subdag_operator.py
[2022-01-03 20:43:14,351] {scheduler_job.py:633} INFO - Processing file /home/airflow/sandbox/lib/python3.8/site-packages/airflow/example_dags/example_subdag_operator.py for tasks to queue
[2022-01-03 20:43:14,352] {logging_mixin.py:104} INFO - [2022-01-03 20:43:14,352] {dagbag.py:487} INFO - Filling up the DagBag from /home/airflow/sandbox/lib/python3.8/site-packages/airflow/example_dags/example_subdag_operator.py
[2022-01-03 20:43:14,489] {scheduler_job.py:643} INFO - DAG(s) dict_keys(['example_subdag_operator.section-1', 'example_subdag_operator.section-2', 'example_subdag_operator']) retrieved from /home/airflow/sandbox/lib/python3.8/site-packages/airflow/example_dags/example_subdag_operator.py
[2022-01-03 20:43:14,542] {logging_mixin.py:104} INFO - [2022-01-03 20:43:14,542] {dag.py:1832} INFO - Sync 3 DAGs
[2022-01-03 20:43:14,790] {logging_mixin.py:104} INFO - [2022-01-03 20:43:14,790] {dag.py:2305} INFO - Setting next_dagrun for example_subdag_operator to 2022-01-01 00:00:00+00:00
[2022-01-03 20:43:14,791] {logging_mixin.py:104} INFO - [2022-01-03 20:43:14,791] {dag.py:2305} INFO - Setting next_dagrun for example_subdag_operator.section-1 to None
[2022-01-03 20:43:14,791] {logging_mixin.py:104} INFO - [2022-01-03 20:43:14,791] {dag.py:2305} INFO - Setting next_dagrun for example_subdag_operator.section-2 to None
[2022-01-03 20:43:14,814] {logging_mixin.py:104} INFO - [2022-01-03 20:43:14,813] {dag.py:1832} INFO - Sync 2 DAGs
[2022-01-03 20:43:14,864] {logging_mixin.py:104} INFO - [2022-01-03 20:43:14,863] {dag.py:2305} INFO - Setting next_dagrun for example_subdag_operator.section-1 to None
[2022-01-03 20:43:14,864] {logging_mixin.py:104} INFO - [2022-01-03 20:43:14,864] {dag.py:2305} INFO - Setting next_dagrun for example_subdag_operator.section-2 to None
[2022-01-03 20:43:14,883] {scheduler_job.py:190} INFO - Processing /home/airflow/sandbox/lib/python3.8/site-packages/airflow/example_dags/example_subdag_operator.py took 0.542 seconds
[2022-01-03 20:43:45,590] {scheduler_job.py:182} INFO - Started process (PID=15630) to work on /home/airflow/sandbox/lib/python3.8/site-packages/airflow/example_dags/example_subdag_operator.py
[2022-01-03 20:43:45,593] {scheduler_job.py:633} INFO - Processing file /home/airflow/sandbox/lib/python3.8/site-packages/airflow/example_dags/example_subdag_operator.py for tasks to queue
[2022-01-03 20:43:45,594] {logging_mixin.py:104} INFO - [2022-01-03 20:43:45,594] {dagbag.py:487} INFO - Filling up the DagBag from /home/airflow/sandbox/lib/python3.8/site-packages/airflow/example_dags/example_subdag_operator.py
[2022-01-03 20:43:45,734] {scheduler_job.py:643} INFO - DAG(s) dict_keys(['example_subdag_operator.section-1', 'example_subdag_operator.section-2', 'example_subdag_operator']) retrieved from /home/airflow/sandbox/lib/python3.8/site-packages/airflow/example_dags/example_subdag_operator.py
[2022-01-03 20:43:45,747] {logging_mixin.py:104} INFO - [2022-01-03 20:43:45,747] {dag.py:1832} INFO - Sync 3 DAGs
[2022-01-03 20:43:45,946] {logging_mixin.py:104} INFO - [2022-01-03 20:43:45,945] {dag.py:2305} INFO - Setting next_dagrun for example_subdag_operator to 2022-01-01 00:00:00+00:00
[2022-01-03 20:43:45,948] {logging_mixin.py:104} INFO - [2022-01-03 20:43:45,948] {dag.py:2305} INFO - Setting next_dagrun for example_subdag_operator.section-1 to None
[2022-01-03 20:43:45,951] {logging_mixin.py:104} INFO - [2022-01-03 20:43:45,951] {dag.py:2305} INFO - Setting next_dagrun for example_subdag_operator.section-2 to None
[2022-01-03 20:43:45,966] {logging_mixin.py:104} INFO - [2022-01-03 20:43:45,966] {dag.py:1832} INFO - Sync 2 DAGs
[2022-01-03 20:43:45,984] {logging_mixin.py:104} INFO - [2022-01-03 20:43:45,984] {dag.py:2305} INFO - Setting next_dagrun for example_subdag_operator.section-1 to None
[2022-01-03 20:43:45,984] {logging_mixin.py:104} INFO - [2022-01-03 20:43:45,984] {dag.py:2305} INFO - Setting next_dagrun for example_subdag_operator.section-2 to None
[2022-01-03 20:43:46,000] {scheduler_job.py:190} INFO - Processing /home/airflow/sandbox/lib/python3.8/site-packages/airflow/example_dags/example_subdag_operator.py took 0.430 seconds
[2022-01-03 20:44:16,396] {scheduler_job.py:182} INFO - Started process (PID=15829) to work on /home/airflow/sandbox/lib/python3.8/site-packages/airflow/example_dags/example_subdag_operator.py
[2022-01-03 20:44:16,400] {scheduler_job.py:633} INFO - Processing file /home/airflow/sandbox/lib/python3.8/site-packages/airflow/example_dags/example_subdag_operator.py for tasks to queue
[2022-01-03 20:44:16,401] {logging_mixin.py:104} INFO - [2022-01-03 20:44:16,401] {dagbag.py:487} INFO - Filling up the DagBag from /home/airflow/sandbox/lib/python3.8/site-packages/airflow/example_dags/example_subdag_operator.py
[2022-01-03 20:44:16,517] {scheduler_job.py:643} INFO - DAG(s) dict_keys(['example_subdag_operator.section-1', 'example_subdag_operator.section-2', 'example_subdag_operator']) retrieved from /home/airflow/sandbox/lib/python3.8/site-packages/airflow/example_dags/example_subdag_operator.py
[2022-01-03 20:44:16,700] {logging_mixin.py:104} INFO - [2022-01-03 20:44:16,700] {dag.py:1832} INFO - Sync 3 DAGs
[2022-01-03 20:44:16,738] {logging_mixin.py:104} INFO - [2022-01-03 20:44:16,738] {dag.py:2305} INFO - Setting next_dagrun for example_subdag_operator to 2022-01-01 00:00:00+00:00
[2022-01-03 20:44:16,747] {logging_mixin.py:104} INFO - [2022-01-03 20:44:16,747] {dag.py:2305} INFO - Setting next_dagrun for example_subdag_operator.section-1 to None
[2022-01-03 20:44:16,751] {logging_mixin.py:104} INFO - [2022-01-03 20:44:16,751] {dag.py:2305} INFO - Setting next_dagrun for example_subdag_operator.section-2 to None
[2022-01-03 20:44:16,789] {logging_mixin.py:104} INFO - [2022-01-03 20:44:16,789] {dag.py:1832} INFO - Sync 2 DAGs
[2022-01-03 20:44:16,834] {logging_mixin.py:104} INFO - [2022-01-03 20:44:16,834] {dag.py:2305} INFO - Setting next_dagrun for example_subdag_operator.section-1 to None
[2022-01-03 20:44:16,836] {logging_mixin.py:104} INFO - [2022-01-03 20:44:16,836] {dag.py:2305} INFO - Setting next_dagrun for example_subdag_operator.section-2 to None
[2022-01-03 20:44:16,868] {scheduler_job.py:190} INFO - Processing /home/airflow/sandbox/lib/python3.8/site-packages/airflow/example_dags/example_subdag_operator.py took 0.501 seconds
[2022-01-03 20:44:47,004] {scheduler_job.py:182} INFO - Started process (PID=16029) to work on /home/airflow/sandbox/lib/python3.8/site-packages/airflow/example_dags/example_subdag_operator.py
[2022-01-03 20:44:47,006] {scheduler_job.py:633} INFO - Processing file /home/airflow/sandbox/lib/python3.8/site-packages/airflow/example_dags/example_subdag_operator.py for tasks to queue
[2022-01-03 20:44:47,013] {logging_mixin.py:104} INFO - [2022-01-03 20:44:47,013] {dagbag.py:487} INFO - Filling up the DagBag from /home/airflow/sandbox/lib/python3.8/site-packages/airflow/example_dags/example_subdag_operator.py
[2022-01-03 20:44:47,199] {scheduler_job.py:643} INFO - DAG(s) dict_keys(['example_subdag_operator.section-1', 'example_subdag_operator.section-2', 'example_subdag_operator']) retrieved from /home/airflow/sandbox/lib/python3.8/site-packages/airflow/example_dags/example_subdag_operator.py
[2022-01-03 20:44:47,449] {logging_mixin.py:104} INFO - [2022-01-03 20:44:47,448] {dag.py:1832} INFO - Sync 3 DAGs
[2022-01-03 20:44:47,553] {logging_mixin.py:104} INFO - [2022-01-03 20:44:47,553] {dag.py:2305} INFO - Setting next_dagrun for example_subdag_operator to 2022-01-01 00:00:00+00:00
[2022-01-03 20:44:47,558] {logging_mixin.py:104} INFO - [2022-01-03 20:44:47,557] {dag.py:2305} INFO - Setting next_dagrun for example_subdag_operator.section-1 to None
[2022-01-03 20:44:47,560] {logging_mixin.py:104} INFO - [2022-01-03 20:44:47,560] {dag.py:2305} INFO - Setting next_dagrun for example_subdag_operator.section-2 to None
[2022-01-03 20:44:47,586] {logging_mixin.py:104} INFO - [2022-01-03 20:44:47,586] {dag.py:1832} INFO - Sync 2 DAGs
[2022-01-03 20:44:47,617] {logging_mixin.py:104} INFO - [2022-01-03 20:44:47,616] {dag.py:2305} INFO - Setting next_dagrun for example_subdag_operator.section-1 to None
[2022-01-03 20:44:47,631] {logging_mixin.py:104} INFO - [2022-01-03 20:44:47,631] {dag.py:2305} INFO - Setting next_dagrun for example_subdag_operator.section-2 to None
[2022-01-03 20:44:47,652] {scheduler_job.py:190} INFO - Processing /home/airflow/sandbox/lib/python3.8/site-packages/airflow/example_dags/example_subdag_operator.py took 0.650 seconds
