[2022-01-03 20:19:41,788] {scheduler_job.py:182} INFO - Started process (PID=3408) to work on /home/airflow/sandbox/lib/python3.8/site-packages/airflow/example_dags/example_complex.py
[2022-01-03 20:19:41,791] {scheduler_job.py:633} INFO - Processing file /home/airflow/sandbox/lib/python3.8/site-packages/airflow/example_dags/example_complex.py for tasks to queue
[2022-01-03 20:19:41,793] {logging_mixin.py:104} INFO - [2022-01-03 20:19:41,792] {dagbag.py:487} INFO - Filling up the DagBag from /home/airflow/sandbox/lib/python3.8/site-packages/airflow/example_dags/example_complex.py
[2022-01-03 20:19:41,816] {scheduler_job.py:643} INFO - DAG(s) dict_keys(['example_complex']) retrieved from /home/airflow/sandbox/lib/python3.8/site-packages/airflow/example_dags/example_complex.py
[2022-01-03 20:19:42,386] {logging_mixin.py:104} INFO - [2022-01-03 20:19:42,386] {dag.py:1832} INFO - Sync 1 DAGs
[2022-01-03 20:19:42,403] {logging_mixin.py:104} INFO - [2022-01-03 20:19:42,403] {dag.py:2305} INFO - Setting next_dagrun for example_complex to None
[2022-01-03 20:19:42,444] {scheduler_job.py:190} INFO - Processing /home/airflow/sandbox/lib/python3.8/site-packages/airflow/example_dags/example_complex.py took 0.660 seconds
[2022-01-03 20:20:24,612] {scheduler_job.py:182} INFO - Started process (PID=3504) to work on /home/airflow/sandbox/lib/python3.8/site-packages/airflow/example_dags/example_complex.py
[2022-01-03 20:20:24,613] {scheduler_job.py:633} INFO - Processing file /home/airflow/sandbox/lib/python3.8/site-packages/airflow/example_dags/example_complex.py for tasks to queue
[2022-01-03 20:20:24,614] {logging_mixin.py:104} INFO - [2022-01-03 20:20:24,614] {dagbag.py:487} INFO - Filling up the DagBag from /home/airflow/sandbox/lib/python3.8/site-packages/airflow/example_dags/example_complex.py
[2022-01-03 20:20:24,654] {scheduler_job.py:643} INFO - DAG(s) dict_keys(['example_complex']) retrieved from /home/airflow/sandbox/lib/python3.8/site-packages/airflow/example_dags/example_complex.py
[2022-01-03 20:20:24,691] {logging_mixin.py:104} INFO - [2022-01-03 20:20:24,691] {dag.py:1832} INFO - Sync 1 DAGs
[2022-01-03 20:20:24,702] {logging_mixin.py:104} INFO - [2022-01-03 20:20:24,702] {dag.py:2305} INFO - Setting next_dagrun for example_complex to None
[2022-01-03 20:20:24,737] {scheduler_job.py:190} INFO - Processing /home/airflow/sandbox/lib/python3.8/site-packages/airflow/example_dags/example_complex.py took 0.128 seconds
[2022-01-03 20:21:09,656] {scheduler_job.py:182} INFO - Started process (PID=3540) to work on /home/airflow/sandbox/lib/python3.8/site-packages/airflow/example_dags/example_complex.py
[2022-01-03 20:21:09,657] {scheduler_job.py:633} INFO - Processing file /home/airflow/sandbox/lib/python3.8/site-packages/airflow/example_dags/example_complex.py for tasks to queue
[2022-01-03 20:21:09,658] {logging_mixin.py:104} INFO - [2022-01-03 20:21:09,658] {dagbag.py:487} INFO - Filling up the DagBag from /home/airflow/sandbox/lib/python3.8/site-packages/airflow/example_dags/example_complex.py
[2022-01-03 20:21:09,700] {scheduler_job.py:643} INFO - DAG(s) dict_keys(['example_complex']) retrieved from /home/airflow/sandbox/lib/python3.8/site-packages/airflow/example_dags/example_complex.py
[2022-01-03 20:21:09,738] {logging_mixin.py:104} INFO - [2022-01-03 20:21:09,738] {dag.py:1832} INFO - Sync 1 DAGs
[2022-01-03 20:21:09,748] {logging_mixin.py:104} INFO - [2022-01-03 20:21:09,748] {dag.py:2305} INFO - Setting next_dagrun for example_complex to None
[2022-01-03 20:21:09,786] {scheduler_job.py:190} INFO - Processing /home/airflow/sandbox/lib/python3.8/site-packages/airflow/example_dags/example_complex.py took 0.131 seconds
[2022-01-03 20:21:54,515] {scheduler_job.py:182} INFO - Started process (PID=3621) to work on /home/airflow/sandbox/lib/python3.8/site-packages/airflow/example_dags/example_complex.py
[2022-01-03 20:21:54,530] {scheduler_job.py:633} INFO - Processing file /home/airflow/sandbox/lib/python3.8/site-packages/airflow/example_dags/example_complex.py for tasks to queue
[2022-01-03 20:21:54,530] {logging_mixin.py:104} INFO - [2022-01-03 20:21:54,530] {dagbag.py:487} INFO - Filling up the DagBag from /home/airflow/sandbox/lib/python3.8/site-packages/airflow/example_dags/example_complex.py
[2022-01-03 20:21:54,552] {scheduler_job.py:643} INFO - DAG(s) dict_keys(['example_complex']) retrieved from /home/airflow/sandbox/lib/python3.8/site-packages/airflow/example_dags/example_complex.py
[2022-01-03 20:21:54,590] {logging_mixin.py:104} INFO - [2022-01-03 20:21:54,590] {dag.py:1832} INFO - Sync 1 DAGs
[2022-01-03 20:21:54,600] {logging_mixin.py:104} INFO - [2022-01-03 20:21:54,600] {dag.py:2305} INFO - Setting next_dagrun for example_complex to None
[2022-01-03 20:21:54,630] {scheduler_job.py:190} INFO - Processing /home/airflow/sandbox/lib/python3.8/site-packages/airflow/example_dags/example_complex.py took 0.121 seconds
[2022-01-03 20:22:40,195] {scheduler_job.py:182} INFO - Started process (PID=3660) to work on /home/airflow/sandbox/lib/python3.8/site-packages/airflow/example_dags/example_complex.py
[2022-01-03 20:22:40,196] {scheduler_job.py:633} INFO - Processing file /home/airflow/sandbox/lib/python3.8/site-packages/airflow/example_dags/example_complex.py for tasks to queue
[2022-01-03 20:22:40,196] {logging_mixin.py:104} INFO - [2022-01-03 20:22:40,196] {dagbag.py:487} INFO - Filling up the DagBag from /home/airflow/sandbox/lib/python3.8/site-packages/airflow/example_dags/example_complex.py
[2022-01-03 20:22:40,230] {scheduler_job.py:643} INFO - DAG(s) dict_keys(['example_complex']) retrieved from /home/airflow/sandbox/lib/python3.8/site-packages/airflow/example_dags/example_complex.py
[2022-01-03 20:22:40,257] {logging_mixin.py:104} INFO - [2022-01-03 20:22:40,257] {dag.py:1832} INFO - Sync 1 DAGs
[2022-01-03 20:22:40,278] {logging_mixin.py:104} INFO - [2022-01-03 20:22:40,278] {dag.py:2305} INFO - Setting next_dagrun for example_complex to None
[2022-01-03 20:22:40,294] {scheduler_job.py:190} INFO - Processing /home/airflow/sandbox/lib/python3.8/site-packages/airflow/example_dags/example_complex.py took 0.103 seconds
[2022-01-03 20:23:22,512] {scheduler_job.py:182} INFO - Started process (PID=4158) to work on /home/airflow/sandbox/lib/python3.8/site-packages/airflow/example_dags/example_complex.py
[2022-01-03 20:23:22,513] {scheduler_job.py:633} INFO - Processing file /home/airflow/sandbox/lib/python3.8/site-packages/airflow/example_dags/example_complex.py for tasks to queue
[2022-01-03 20:23:22,513] {logging_mixin.py:104} INFO - [2022-01-03 20:23:22,513] {dagbag.py:487} INFO - Filling up the DagBag from /home/airflow/sandbox/lib/python3.8/site-packages/airflow/example_dags/example_complex.py
[2022-01-03 20:23:22,547] {scheduler_job.py:643} INFO - DAG(s) dict_keys(['example_complex']) retrieved from /home/airflow/sandbox/lib/python3.8/site-packages/airflow/example_dags/example_complex.py
[2022-01-03 20:23:22,580] {logging_mixin.py:104} INFO - [2022-01-03 20:23:22,579] {dag.py:1832} INFO - Sync 1 DAGs
[2022-01-03 20:23:22,593] {logging_mixin.py:104} INFO - [2022-01-03 20:23:22,593] {dag.py:2305} INFO - Setting next_dagrun for example_complex to None
[2022-01-03 20:23:22,605] {scheduler_job.py:190} INFO - Processing /home/airflow/sandbox/lib/python3.8/site-packages/airflow/example_dags/example_complex.py took 0.097 seconds
[2022-01-03 20:24:09,631] {scheduler_job.py:182} INFO - Started process (PID=4367) to work on /home/airflow/sandbox/lib/python3.8/site-packages/airflow/example_dags/example_complex.py
[2022-01-03 20:24:09,632] {scheduler_job.py:633} INFO - Processing file /home/airflow/sandbox/lib/python3.8/site-packages/airflow/example_dags/example_complex.py for tasks to queue
[2022-01-03 20:24:09,632] {logging_mixin.py:104} INFO - [2022-01-03 20:24:09,632] {dagbag.py:487} INFO - Filling up the DagBag from /home/airflow/sandbox/lib/python3.8/site-packages/airflow/example_dags/example_complex.py
[2022-01-03 20:24:09,652] {scheduler_job.py:643} INFO - DAG(s) dict_keys(['example_complex']) retrieved from /home/airflow/sandbox/lib/python3.8/site-packages/airflow/example_dags/example_complex.py
[2022-01-03 20:24:09,681] {logging_mixin.py:104} INFO - [2022-01-03 20:24:09,680] {dag.py:1832} INFO - Sync 1 DAGs
[2022-01-03 20:24:09,688] {logging_mixin.py:104} INFO - [2022-01-03 20:24:09,688] {dag.py:2305} INFO - Setting next_dagrun for example_complex to None
[2022-01-03 20:24:09,700] {scheduler_job.py:190} INFO - Processing /home/airflow/sandbox/lib/python3.8/site-packages/airflow/example_dags/example_complex.py took 0.072 seconds
[2022-01-03 20:24:56,390] {scheduler_job.py:182} INFO - Started process (PID=4619) to work on /home/airflow/sandbox/lib/python3.8/site-packages/airflow/example_dags/example_complex.py
[2022-01-03 20:24:56,395] {scheduler_job.py:633} INFO - Processing file /home/airflow/sandbox/lib/python3.8/site-packages/airflow/example_dags/example_complex.py for tasks to queue
[2022-01-03 20:24:56,397] {logging_mixin.py:104} INFO - [2022-01-03 20:24:56,397] {dagbag.py:487} INFO - Filling up the DagBag from /home/airflow/sandbox/lib/python3.8/site-packages/airflow/example_dags/example_complex.py
[2022-01-03 20:24:56,481] {scheduler_job.py:643} INFO - DAG(s) dict_keys(['example_complex']) retrieved from /home/airflow/sandbox/lib/python3.8/site-packages/airflow/example_dags/example_complex.py
[2022-01-03 20:24:56,581] {logging_mixin.py:104} INFO - [2022-01-03 20:24:56,581] {dag.py:1832} INFO - Sync 1 DAGs
[2022-01-03 20:24:56,650] {logging_mixin.py:104} INFO - [2022-01-03 20:24:56,650] {dag.py:2305} INFO - Setting next_dagrun for example_complex to None
[2022-01-03 20:24:56,709] {scheduler_job.py:190} INFO - Processing /home/airflow/sandbox/lib/python3.8/site-packages/airflow/example_dags/example_complex.py took 0.355 seconds
[2022-01-03 20:25:57,925] {scheduler_job.py:182} INFO - Started process (PID=8050) to work on /home/airflow/sandbox/lib/python3.8/site-packages/airflow/example_dags/example_complex.py
[2022-01-03 20:25:57,928] {scheduler_job.py:633} INFO - Processing file /home/airflow/sandbox/lib/python3.8/site-packages/airflow/example_dags/example_complex.py for tasks to queue
[2022-01-03 20:25:57,929] {logging_mixin.py:104} INFO - [2022-01-03 20:25:57,929] {dagbag.py:487} INFO - Filling up the DagBag from /home/airflow/sandbox/lib/python3.8/site-packages/airflow/example_dags/example_complex.py
[2022-01-03 20:25:57,953] {scheduler_job.py:643} INFO - DAG(s) dict_keys(['example_complex']) retrieved from /home/airflow/sandbox/lib/python3.8/site-packages/airflow/example_dags/example_complex.py
[2022-01-03 20:25:57,997] {logging_mixin.py:104} INFO - [2022-01-03 20:25:57,997] {dag.py:1832} INFO - Sync 1 DAGs
[2022-01-03 20:25:58,010] {logging_mixin.py:104} INFO - [2022-01-03 20:25:58,010] {dag.py:2305} INFO - Setting next_dagrun for example_complex to None
[2022-01-03 20:25:58,037] {scheduler_job.py:190} INFO - Processing /home/airflow/sandbox/lib/python3.8/site-packages/airflow/example_dags/example_complex.py took 0.130 seconds
[2022-01-03 20:26:43,984] {scheduler_job.py:182} INFO - Started process (PID=8242) to work on /home/airflow/sandbox/lib/python3.8/site-packages/airflow/example_dags/example_complex.py
[2022-01-03 20:26:43,986] {scheduler_job.py:633} INFO - Processing file /home/airflow/sandbox/lib/python3.8/site-packages/airflow/example_dags/example_complex.py for tasks to queue
[2022-01-03 20:26:43,987] {logging_mixin.py:104} INFO - [2022-01-03 20:26:43,987] {dagbag.py:487} INFO - Filling up the DagBag from /home/airflow/sandbox/lib/python3.8/site-packages/airflow/example_dags/example_complex.py
[2022-01-03 20:26:44,035] {scheduler_job.py:643} INFO - DAG(s) dict_keys(['example_complex']) retrieved from /home/airflow/sandbox/lib/python3.8/site-packages/airflow/example_dags/example_complex.py
[2022-01-03 20:26:44,087] {logging_mixin.py:104} INFO - [2022-01-03 20:26:44,087] {dag.py:1832} INFO - Sync 1 DAGs
[2022-01-03 20:26:44,106] {logging_mixin.py:104} INFO - [2022-01-03 20:26:44,106] {dag.py:2305} INFO - Setting next_dagrun for example_complex to None
[2022-01-03 20:26:44,138] {scheduler_job.py:190} INFO - Processing /home/airflow/sandbox/lib/python3.8/site-packages/airflow/example_dags/example_complex.py took 0.156 seconds
[2022-01-03 20:27:32,546] {scheduler_job.py:182} INFO - Started process (PID=8480) to work on /home/airflow/sandbox/lib/python3.8/site-packages/airflow/example_dags/example_complex.py
[2022-01-03 20:27:32,547] {scheduler_job.py:633} INFO - Processing file /home/airflow/sandbox/lib/python3.8/site-packages/airflow/example_dags/example_complex.py for tasks to queue
[2022-01-03 20:27:32,548] {logging_mixin.py:104} INFO - [2022-01-03 20:27:32,547] {dagbag.py:487} INFO - Filling up the DagBag from /home/airflow/sandbox/lib/python3.8/site-packages/airflow/example_dags/example_complex.py
[2022-01-03 20:27:32,589] {scheduler_job.py:643} INFO - DAG(s) dict_keys(['example_complex']) retrieved from /home/airflow/sandbox/lib/python3.8/site-packages/airflow/example_dags/example_complex.py
[2022-01-03 20:27:32,622] {logging_mixin.py:104} INFO - [2022-01-03 20:27:32,622] {dag.py:1832} INFO - Sync 1 DAGs
[2022-01-03 20:27:32,636] {logging_mixin.py:104} INFO - [2022-01-03 20:27:32,635] {dag.py:2305} INFO - Setting next_dagrun for example_complex to None
[2022-01-03 20:27:32,653] {scheduler_job.py:190} INFO - Processing /home/airflow/sandbox/lib/python3.8/site-packages/airflow/example_dags/example_complex.py took 0.113 seconds
[2022-01-03 20:28:25,539] {scheduler_job.py:182} INFO - Started process (PID=8685) to work on /home/airflow/sandbox/lib/python3.8/site-packages/airflow/example_dags/example_complex.py
[2022-01-03 20:28:25,540] {scheduler_job.py:633} INFO - Processing file /home/airflow/sandbox/lib/python3.8/site-packages/airflow/example_dags/example_complex.py for tasks to queue
[2022-01-03 20:28:25,540] {logging_mixin.py:104} INFO - [2022-01-03 20:28:25,540] {dagbag.py:487} INFO - Filling up the DagBag from /home/airflow/sandbox/lib/python3.8/site-packages/airflow/example_dags/example_complex.py
[2022-01-03 20:28:25,585] {scheduler_job.py:643} INFO - DAG(s) dict_keys(['example_complex']) retrieved from /home/airflow/sandbox/lib/python3.8/site-packages/airflow/example_dags/example_complex.py
[2022-01-03 20:28:25,625] {logging_mixin.py:104} INFO - [2022-01-03 20:28:25,625] {dag.py:1832} INFO - Sync 1 DAGs
[2022-01-03 20:28:25,639] {logging_mixin.py:104} INFO - [2022-01-03 20:28:25,639] {dag.py:2305} INFO - Setting next_dagrun for example_complex to None
[2022-01-03 20:28:25,654] {scheduler_job.py:190} INFO - Processing /home/airflow/sandbox/lib/python3.8/site-packages/airflow/example_dags/example_complex.py took 0.118 seconds
[2022-01-03 20:29:15,923] {scheduler_job.py:182} INFO - Started process (PID=8726) to work on /home/airflow/sandbox/lib/python3.8/site-packages/airflow/example_dags/example_complex.py
[2022-01-03 20:29:15,924] {scheduler_job.py:633} INFO - Processing file /home/airflow/sandbox/lib/python3.8/site-packages/airflow/example_dags/example_complex.py for tasks to queue
[2022-01-03 20:29:15,924] {logging_mixin.py:104} INFO - [2022-01-03 20:29:15,924] {dagbag.py:487} INFO - Filling up the DagBag from /home/airflow/sandbox/lib/python3.8/site-packages/airflow/example_dags/example_complex.py
[2022-01-03 20:29:15,946] {scheduler_job.py:643} INFO - DAG(s) dict_keys(['example_complex']) retrieved from /home/airflow/sandbox/lib/python3.8/site-packages/airflow/example_dags/example_complex.py
[2022-01-03 20:29:15,981] {logging_mixin.py:104} INFO - [2022-01-03 20:29:15,981] {dag.py:1832} INFO - Sync 1 DAGs
[2022-01-03 20:29:15,993] {logging_mixin.py:104} INFO - [2022-01-03 20:29:15,992] {dag.py:2305} INFO - Setting next_dagrun for example_complex to None
[2022-01-03 20:29:16,025] {scheduler_job.py:190} INFO - Processing /home/airflow/sandbox/lib/python3.8/site-packages/airflow/example_dags/example_complex.py took 0.122 seconds
[2022-01-03 20:30:00,977] {scheduler_job.py:182} INFO - Started process (PID=8834) to work on /home/airflow/sandbox/lib/python3.8/site-packages/airflow/example_dags/example_complex.py
[2022-01-03 20:30:00,978] {scheduler_job.py:633} INFO - Processing file /home/airflow/sandbox/lib/python3.8/site-packages/airflow/example_dags/example_complex.py for tasks to queue
[2022-01-03 20:30:00,978] {logging_mixin.py:104} INFO - [2022-01-03 20:30:00,978] {dagbag.py:487} INFO - Filling up the DagBag from /home/airflow/sandbox/lib/python3.8/site-packages/airflow/example_dags/example_complex.py
[2022-01-03 20:30:00,999] {scheduler_job.py:643} INFO - DAG(s) dict_keys(['example_complex']) retrieved from /home/airflow/sandbox/lib/python3.8/site-packages/airflow/example_dags/example_complex.py
[2022-01-03 20:30:01,038] {logging_mixin.py:104} INFO - [2022-01-03 20:30:01,038] {dag.py:1832} INFO - Sync 1 DAGs
[2022-01-03 20:30:01,052] {logging_mixin.py:104} INFO - [2022-01-03 20:30:01,052] {dag.py:2305} INFO - Setting next_dagrun for example_complex to None
[2022-01-03 20:30:01,085] {scheduler_job.py:190} INFO - Processing /home/airflow/sandbox/lib/python3.8/site-packages/airflow/example_dags/example_complex.py took 0.111 seconds
[2022-01-03 20:33:03,926] {scheduler_job.py:182} INFO - Started process (PID=9812) to work on /home/airflow/sandbox/lib/python3.8/site-packages/airflow/example_dags/example_complex.py
[2022-01-03 20:33:03,934] {scheduler_job.py:633} INFO - Processing file /home/airflow/sandbox/lib/python3.8/site-packages/airflow/example_dags/example_complex.py for tasks to queue
[2022-01-03 20:33:03,945] {logging_mixin.py:104} INFO - [2022-01-03 20:33:03,945] {dagbag.py:487} INFO - Filling up the DagBag from /home/airflow/sandbox/lib/python3.8/site-packages/airflow/example_dags/example_complex.py
[2022-01-03 20:33:04,216] {scheduler_job.py:643} INFO - DAG(s) dict_keys(['example_complex']) retrieved from /home/airflow/sandbox/lib/python3.8/site-packages/airflow/example_dags/example_complex.py
[2022-01-03 20:33:04,373] {logging_mixin.py:104} INFO - [2022-01-03 20:33:04,373] {dag.py:1832} INFO - Sync 1 DAGs
[2022-01-03 20:33:04,464] {logging_mixin.py:104} INFO - [2022-01-03 20:33:04,464] {dag.py:2305} INFO - Setting next_dagrun for example_complex to None
[2022-01-03 20:33:04,540] {scheduler_job.py:190} INFO - Processing /home/airflow/sandbox/lib/python3.8/site-packages/airflow/example_dags/example_complex.py took 0.854 seconds
[2022-01-03 20:33:35,135] {scheduler_job.py:182} INFO - Started process (PID=10097) to work on /home/airflow/sandbox/lib/python3.8/site-packages/airflow/example_dags/example_complex.py
[2022-01-03 20:33:35,135] {scheduler_job.py:633} INFO - Processing file /home/airflow/sandbox/lib/python3.8/site-packages/airflow/example_dags/example_complex.py for tasks to queue
[2022-01-03 20:33:35,136] {logging_mixin.py:104} INFO - [2022-01-03 20:33:35,136] {dagbag.py:487} INFO - Filling up the DagBag from /home/airflow/sandbox/lib/python3.8/site-packages/airflow/example_dags/example_complex.py
[2022-01-03 20:33:35,219] {scheduler_job.py:643} INFO - DAG(s) dict_keys(['example_complex']) retrieved from /home/airflow/sandbox/lib/python3.8/site-packages/airflow/example_dags/example_complex.py
[2022-01-03 20:33:35,285] {logging_mixin.py:104} INFO - [2022-01-03 20:33:35,284] {dag.py:1832} INFO - Sync 1 DAGs
[2022-01-03 20:33:35,320] {logging_mixin.py:104} INFO - [2022-01-03 20:33:35,320] {dag.py:2305} INFO - Setting next_dagrun for example_complex to None
[2022-01-03 20:33:35,334] {scheduler_job.py:190} INFO - Processing /home/airflow/sandbox/lib/python3.8/site-packages/airflow/example_dags/example_complex.py took 0.209 seconds
[2022-01-03 20:34:05,867] {scheduler_job.py:182} INFO - Started process (PID=10390) to work on /home/airflow/sandbox/lib/python3.8/site-packages/airflow/example_dags/example_complex.py
[2022-01-03 20:34:05,873] {scheduler_job.py:633} INFO - Processing file /home/airflow/sandbox/lib/python3.8/site-packages/airflow/example_dags/example_complex.py for tasks to queue
[2022-01-03 20:34:05,874] {logging_mixin.py:104} INFO - [2022-01-03 20:34:05,874] {dagbag.py:487} INFO - Filling up the DagBag from /home/airflow/sandbox/lib/python3.8/site-packages/airflow/example_dags/example_complex.py
[2022-01-03 20:34:06,076] {scheduler_job.py:643} INFO - DAG(s) dict_keys(['example_complex']) retrieved from /home/airflow/sandbox/lib/python3.8/site-packages/airflow/example_dags/example_complex.py
[2022-01-03 20:34:06,136] {logging_mixin.py:104} INFO - [2022-01-03 20:34:06,136] {dag.py:1832} INFO - Sync 1 DAGs
[2022-01-03 20:34:06,229] {logging_mixin.py:104} INFO - [2022-01-03 20:34:06,229] {dag.py:2305} INFO - Setting next_dagrun for example_complex to None
[2022-01-03 20:34:06,387] {scheduler_job.py:190} INFO - Processing /home/airflow/sandbox/lib/python3.8/site-packages/airflow/example_dags/example_complex.py took 0.549 seconds
[2022-01-03 20:34:37,183] {scheduler_job.py:182} INFO - Started process (PID=11659) to work on /home/airflow/sandbox/lib/python3.8/site-packages/airflow/example_dags/example_complex.py
[2022-01-03 20:34:37,184] {scheduler_job.py:633} INFO - Processing file /home/airflow/sandbox/lib/python3.8/site-packages/airflow/example_dags/example_complex.py for tasks to queue
[2022-01-03 20:34:37,184] {logging_mixin.py:104} INFO - [2022-01-03 20:34:37,184] {dagbag.py:487} INFO - Filling up the DagBag from /home/airflow/sandbox/lib/python3.8/site-packages/airflow/example_dags/example_complex.py
[2022-01-03 20:34:37,223] {scheduler_job.py:643} INFO - DAG(s) dict_keys(['example_complex']) retrieved from /home/airflow/sandbox/lib/python3.8/site-packages/airflow/example_dags/example_complex.py
[2022-01-03 20:34:37,284] {logging_mixin.py:104} INFO - [2022-01-03 20:34:37,284] {dag.py:1832} INFO - Sync 1 DAGs
[2022-01-03 20:34:37,333] {logging_mixin.py:104} INFO - [2022-01-03 20:34:37,332] {dag.py:2305} INFO - Setting next_dagrun for example_complex to None
[2022-01-03 20:34:37,422] {scheduler_job.py:190} INFO - Processing /home/airflow/sandbox/lib/python3.8/site-packages/airflow/example_dags/example_complex.py took 0.244 seconds
[2022-01-03 20:35:08,021] {scheduler_job.py:182} INFO - Started process (PID=11876) to work on /home/airflow/sandbox/lib/python3.8/site-packages/airflow/example_dags/example_complex.py
[2022-01-03 20:35:08,026] {scheduler_job.py:633} INFO - Processing file /home/airflow/sandbox/lib/python3.8/site-packages/airflow/example_dags/example_complex.py for tasks to queue
[2022-01-03 20:35:08,026] {logging_mixin.py:104} INFO - [2022-01-03 20:35:08,026] {dagbag.py:487} INFO - Filling up the DagBag from /home/airflow/sandbox/lib/python3.8/site-packages/airflow/example_dags/example_complex.py
[2022-01-03 20:35:08,071] {scheduler_job.py:643} INFO - DAG(s) dict_keys(['example_complex']) retrieved from /home/airflow/sandbox/lib/python3.8/site-packages/airflow/example_dags/example_complex.py
[2022-01-03 20:35:08,122] {logging_mixin.py:104} INFO - [2022-01-03 20:35:08,122] {dag.py:1832} INFO - Sync 1 DAGs
[2022-01-03 20:35:08,164] {logging_mixin.py:104} INFO - [2022-01-03 20:35:08,163] {dag.py:2305} INFO - Setting next_dagrun for example_complex to None
[2022-01-03 20:35:08,180] {scheduler_job.py:190} INFO - Processing /home/airflow/sandbox/lib/python3.8/site-packages/airflow/example_dags/example_complex.py took 0.163 seconds
[2022-01-03 20:35:38,222] {scheduler_job.py:182} INFO - Started process (PID=12076) to work on /home/airflow/sandbox/lib/python3.8/site-packages/airflow/example_dags/example_complex.py
[2022-01-03 20:35:38,224] {scheduler_job.py:633} INFO - Processing file /home/airflow/sandbox/lib/python3.8/site-packages/airflow/example_dags/example_complex.py for tasks to queue
[2022-01-03 20:35:38,225] {logging_mixin.py:104} INFO - [2022-01-03 20:35:38,225] {dagbag.py:487} INFO - Filling up the DagBag from /home/airflow/sandbox/lib/python3.8/site-packages/airflow/example_dags/example_complex.py
[2022-01-03 20:35:38,271] {scheduler_job.py:643} INFO - DAG(s) dict_keys(['example_complex']) retrieved from /home/airflow/sandbox/lib/python3.8/site-packages/airflow/example_dags/example_complex.py
[2022-01-03 20:35:38,323] {logging_mixin.py:104} INFO - [2022-01-03 20:35:38,323] {dag.py:1832} INFO - Sync 1 DAGs
[2022-01-03 20:35:38,368] {logging_mixin.py:104} INFO - [2022-01-03 20:35:38,368] {dag.py:2305} INFO - Setting next_dagrun for example_complex to None
[2022-01-03 20:35:38,386] {scheduler_job.py:190} INFO - Processing /home/airflow/sandbox/lib/python3.8/site-packages/airflow/example_dags/example_complex.py took 0.168 seconds
[2022-01-03 20:36:09,189] {scheduler_job.py:182} INFO - Started process (PID=12274) to work on /home/airflow/sandbox/lib/python3.8/site-packages/airflow/example_dags/example_complex.py
[2022-01-03 20:36:09,225] {scheduler_job.py:633} INFO - Processing file /home/airflow/sandbox/lib/python3.8/site-packages/airflow/example_dags/example_complex.py for tasks to queue
[2022-01-03 20:36:09,226] {logging_mixin.py:104} INFO - [2022-01-03 20:36:09,226] {dagbag.py:487} INFO - Filling up the DagBag from /home/airflow/sandbox/lib/python3.8/site-packages/airflow/example_dags/example_complex.py
[2022-01-03 20:36:09,328] {scheduler_job.py:643} INFO - DAG(s) dict_keys(['example_complex']) retrieved from /home/airflow/sandbox/lib/python3.8/site-packages/airflow/example_dags/example_complex.py
[2022-01-03 20:36:09,482] {logging_mixin.py:104} INFO - [2022-01-03 20:36:09,482] {dag.py:1832} INFO - Sync 1 DAGs
[2022-01-03 20:36:09,516] {logging_mixin.py:104} INFO - [2022-01-03 20:36:09,516] {dag.py:2305} INFO - Setting next_dagrun for example_complex to None
[2022-01-03 20:36:09,532] {scheduler_job.py:190} INFO - Processing /home/airflow/sandbox/lib/python3.8/site-packages/airflow/example_dags/example_complex.py took 0.353 seconds
[2022-01-03 20:36:39,778] {scheduler_job.py:182} INFO - Started process (PID=12464) to work on /home/airflow/sandbox/lib/python3.8/site-packages/airflow/example_dags/example_complex.py
[2022-01-03 20:36:39,781] {scheduler_job.py:633} INFO - Processing file /home/airflow/sandbox/lib/python3.8/site-packages/airflow/example_dags/example_complex.py for tasks to queue
[2022-01-03 20:36:39,783] {logging_mixin.py:104} INFO - [2022-01-03 20:36:39,782] {dagbag.py:487} INFO - Filling up the DagBag from /home/airflow/sandbox/lib/python3.8/site-packages/airflow/example_dags/example_complex.py
[2022-01-03 20:36:39,873] {scheduler_job.py:643} INFO - DAG(s) dict_keys(['example_complex']) retrieved from /home/airflow/sandbox/lib/python3.8/site-packages/airflow/example_dags/example_complex.py
[2022-01-03 20:36:40,038] {logging_mixin.py:104} INFO - [2022-01-03 20:36:40,038] {dag.py:1832} INFO - Sync 1 DAGs
[2022-01-03 20:36:40,215] {logging_mixin.py:104} INFO - [2022-01-03 20:36:40,215] {dag.py:2305} INFO - Setting next_dagrun for example_complex to None
[2022-01-03 20:36:40,278] {scheduler_job.py:190} INFO - Processing /home/airflow/sandbox/lib/python3.8/site-packages/airflow/example_dags/example_complex.py took 0.540 seconds
[2022-01-03 20:37:10,527] {scheduler_job.py:182} INFO - Started process (PID=12668) to work on /home/airflow/sandbox/lib/python3.8/site-packages/airflow/example_dags/example_complex.py
[2022-01-03 20:37:10,527] {scheduler_job.py:633} INFO - Processing file /home/airflow/sandbox/lib/python3.8/site-packages/airflow/example_dags/example_complex.py for tasks to queue
[2022-01-03 20:37:10,528] {logging_mixin.py:104} INFO - [2022-01-03 20:37:10,528] {dagbag.py:487} INFO - Filling up the DagBag from /home/airflow/sandbox/lib/python3.8/site-packages/airflow/example_dags/example_complex.py
[2022-01-03 20:37:10,568] {scheduler_job.py:643} INFO - DAG(s) dict_keys(['example_complex']) retrieved from /home/airflow/sandbox/lib/python3.8/site-packages/airflow/example_dags/example_complex.py
[2022-01-03 20:37:10,622] {logging_mixin.py:104} INFO - [2022-01-03 20:37:10,622] {dag.py:1832} INFO - Sync 1 DAGs
[2022-01-03 20:37:10,662] {logging_mixin.py:104} INFO - [2022-01-03 20:37:10,662] {dag.py:2305} INFO - Setting next_dagrun for example_complex to None
[2022-01-03 20:37:10,678] {scheduler_job.py:190} INFO - Processing /home/airflow/sandbox/lib/python3.8/site-packages/airflow/example_dags/example_complex.py took 0.154 seconds
[2022-01-03 20:37:41,833] {scheduler_job.py:182} INFO - Started process (PID=12988) to work on /home/airflow/sandbox/lib/python3.8/site-packages/airflow/example_dags/example_complex.py
[2022-01-03 20:37:41,834] {scheduler_job.py:633} INFO - Processing file /home/airflow/sandbox/lib/python3.8/site-packages/airflow/example_dags/example_complex.py for tasks to queue
[2022-01-03 20:37:41,863] {logging_mixin.py:104} INFO - [2022-01-03 20:37:41,835] {dagbag.py:487} INFO - Filling up the DagBag from /home/airflow/sandbox/lib/python3.8/site-packages/airflow/example_dags/example_complex.py
[2022-01-03 20:37:42,004] {scheduler_job.py:643} INFO - DAG(s) dict_keys(['example_complex']) retrieved from /home/airflow/sandbox/lib/python3.8/site-packages/airflow/example_dags/example_complex.py
[2022-01-03 20:37:42,077] {logging_mixin.py:104} INFO - [2022-01-03 20:37:42,077] {dag.py:1832} INFO - Sync 1 DAGs
[2022-01-03 20:37:42,356] {logging_mixin.py:104} INFO - [2022-01-03 20:37:42,356] {dag.py:2305} INFO - Setting next_dagrun for example_complex to None
[2022-01-03 20:37:42,369] {scheduler_job.py:190} INFO - Processing /home/airflow/sandbox/lib/python3.8/site-packages/airflow/example_dags/example_complex.py took 0.547 seconds
[2022-01-03 20:38:12,945] {scheduler_job.py:182} INFO - Started process (PID=13308) to work on /home/airflow/sandbox/lib/python3.8/site-packages/airflow/example_dags/example_complex.py
[2022-01-03 20:38:12,947] {scheduler_job.py:633} INFO - Processing file /home/airflow/sandbox/lib/python3.8/site-packages/airflow/example_dags/example_complex.py for tasks to queue
[2022-01-03 20:38:12,949] {logging_mixin.py:104} INFO - [2022-01-03 20:38:12,948] {dagbag.py:487} INFO - Filling up the DagBag from /home/airflow/sandbox/lib/python3.8/site-packages/airflow/example_dags/example_complex.py
[2022-01-03 20:38:12,997] {scheduler_job.py:643} INFO - DAG(s) dict_keys(['example_complex']) retrieved from /home/airflow/sandbox/lib/python3.8/site-packages/airflow/example_dags/example_complex.py
[2022-01-03 20:38:13,081] {logging_mixin.py:104} INFO - [2022-01-03 20:38:13,081] {dag.py:1832} INFO - Sync 1 DAGs
[2022-01-03 20:38:13,265] {logging_mixin.py:104} INFO - [2022-01-03 20:38:13,265] {dag.py:2305} INFO - Setting next_dagrun for example_complex to None
[2022-01-03 20:38:13,301] {scheduler_job.py:190} INFO - Processing /home/airflow/sandbox/lib/python3.8/site-packages/airflow/example_dags/example_complex.py took 0.378 seconds
[2022-01-03 20:38:43,463] {scheduler_job.py:182} INFO - Started process (PID=13501) to work on /home/airflow/sandbox/lib/python3.8/site-packages/airflow/example_dags/example_complex.py
[2022-01-03 20:38:43,467] {scheduler_job.py:633} INFO - Processing file /home/airflow/sandbox/lib/python3.8/site-packages/airflow/example_dags/example_complex.py for tasks to queue
[2022-01-03 20:38:43,474] {logging_mixin.py:104} INFO - [2022-01-03 20:38:43,472] {dagbag.py:487} INFO - Filling up the DagBag from /home/airflow/sandbox/lib/python3.8/site-packages/airflow/example_dags/example_complex.py
[2022-01-03 20:38:43,542] {scheduler_job.py:643} INFO - DAG(s) dict_keys(['example_complex']) retrieved from /home/airflow/sandbox/lib/python3.8/site-packages/airflow/example_dags/example_complex.py
[2022-01-03 20:38:43,608] {logging_mixin.py:104} INFO - [2022-01-03 20:38:43,608] {dag.py:1832} INFO - Sync 1 DAGs
[2022-01-03 20:38:43,708] {logging_mixin.py:104} INFO - [2022-01-03 20:38:43,708] {dag.py:2305} INFO - Setting next_dagrun for example_complex to None
[2022-01-03 20:38:43,732] {scheduler_job.py:190} INFO - Processing /home/airflow/sandbox/lib/python3.8/site-packages/airflow/example_dags/example_complex.py took 0.271 seconds
[2022-01-03 20:39:14,153] {scheduler_job.py:182} INFO - Started process (PID=13700) to work on /home/airflow/sandbox/lib/python3.8/site-packages/airflow/example_dags/example_complex.py
[2022-01-03 20:39:14,158] {scheduler_job.py:633} INFO - Processing file /home/airflow/sandbox/lib/python3.8/site-packages/airflow/example_dags/example_complex.py for tasks to queue
[2022-01-03 20:39:14,160] {logging_mixin.py:104} INFO - [2022-01-03 20:39:14,160] {dagbag.py:487} INFO - Filling up the DagBag from /home/airflow/sandbox/lib/python3.8/site-packages/airflow/example_dags/example_complex.py
[2022-01-03 20:39:14,202] {scheduler_job.py:643} INFO - DAG(s) dict_keys(['example_complex']) retrieved from /home/airflow/sandbox/lib/python3.8/site-packages/airflow/example_dags/example_complex.py
[2022-01-03 20:39:14,344] {logging_mixin.py:104} INFO - [2022-01-03 20:39:14,344] {dag.py:1832} INFO - Sync 1 DAGs
[2022-01-03 20:39:14,605] {logging_mixin.py:104} INFO - [2022-01-03 20:39:14,605] {dag.py:2305} INFO - Setting next_dagrun for example_complex to None
[2022-01-03 20:39:14,663] {scheduler_job.py:190} INFO - Processing /home/airflow/sandbox/lib/python3.8/site-packages/airflow/example_dags/example_complex.py took 0.512 seconds
[2022-01-03 20:39:45,167] {scheduler_job.py:182} INFO - Started process (PID=13903) to work on /home/airflow/sandbox/lib/python3.8/site-packages/airflow/example_dags/example_complex.py
[2022-01-03 20:39:45,171] {scheduler_job.py:633} INFO - Processing file /home/airflow/sandbox/lib/python3.8/site-packages/airflow/example_dags/example_complex.py for tasks to queue
[2022-01-03 20:39:45,176] {logging_mixin.py:104} INFO - [2022-01-03 20:39:45,176] {dagbag.py:487} INFO - Filling up the DagBag from /home/airflow/sandbox/lib/python3.8/site-packages/airflow/example_dags/example_complex.py
[2022-01-03 20:39:45,219] {scheduler_job.py:643} INFO - DAG(s) dict_keys(['example_complex']) retrieved from /home/airflow/sandbox/lib/python3.8/site-packages/airflow/example_dags/example_complex.py
[2022-01-03 20:39:45,367] {logging_mixin.py:104} INFO - [2022-01-03 20:39:45,367] {dag.py:1832} INFO - Sync 1 DAGs
[2022-01-03 20:39:45,607] {logging_mixin.py:104} INFO - [2022-01-03 20:39:45,607] {dag.py:2305} INFO - Setting next_dagrun for example_complex to None
[2022-01-03 20:39:45,660] {scheduler_job.py:190} INFO - Processing /home/airflow/sandbox/lib/python3.8/site-packages/airflow/example_dags/example_complex.py took 0.502 seconds
[2022-01-03 20:40:17,318] {scheduler_job.py:182} INFO - Started process (PID=14099) to work on /home/airflow/sandbox/lib/python3.8/site-packages/airflow/example_dags/example_complex.py
[2022-01-03 20:40:17,318] {scheduler_job.py:633} INFO - Processing file /home/airflow/sandbox/lib/python3.8/site-packages/airflow/example_dags/example_complex.py for tasks to queue
[2022-01-03 20:40:17,321] {logging_mixin.py:104} INFO - [2022-01-03 20:40:17,321] {dagbag.py:487} INFO - Filling up the DagBag from /home/airflow/sandbox/lib/python3.8/site-packages/airflow/example_dags/example_complex.py
[2022-01-03 20:40:17,371] {scheduler_job.py:643} INFO - DAG(s) dict_keys(['example_complex']) retrieved from /home/airflow/sandbox/lib/python3.8/site-packages/airflow/example_dags/example_complex.py
[2022-01-03 20:40:17,652] {logging_mixin.py:104} INFO - [2022-01-03 20:40:17,652] {dag.py:1832} INFO - Sync 1 DAGs
[2022-01-03 20:40:17,699] {logging_mixin.py:104} INFO - [2022-01-03 20:40:17,699] {dag.py:2305} INFO - Setting next_dagrun for example_complex to None
[2022-01-03 20:40:17,708] {scheduler_job.py:190} INFO - Processing /home/airflow/sandbox/lib/python3.8/site-packages/airflow/example_dags/example_complex.py took 0.440 seconds
[2022-01-03 20:40:50,110] {scheduler_job.py:182} INFO - Started process (PID=14310) to work on /home/airflow/sandbox/lib/python3.8/site-packages/airflow/example_dags/example_complex.py
[2022-01-03 20:40:50,117] {scheduler_job.py:633} INFO - Processing file /home/airflow/sandbox/lib/python3.8/site-packages/airflow/example_dags/example_complex.py for tasks to queue
[2022-01-03 20:40:50,118] {logging_mixin.py:104} INFO - [2022-01-03 20:40:50,118] {dagbag.py:487} INFO - Filling up the DagBag from /home/airflow/sandbox/lib/python3.8/site-packages/airflow/example_dags/example_complex.py
[2022-01-03 20:40:50,217] {scheduler_job.py:643} INFO - DAG(s) dict_keys(['example_complex']) retrieved from /home/airflow/sandbox/lib/python3.8/site-packages/airflow/example_dags/example_complex.py
[2022-01-03 20:40:50,607] {logging_mixin.py:104} INFO - [2022-01-03 20:40:50,607] {dag.py:1832} INFO - Sync 1 DAGs
[2022-01-03 20:40:50,650] {logging_mixin.py:104} INFO - [2022-01-03 20:40:50,650] {dag.py:2305} INFO - Setting next_dagrun for example_complex to None
[2022-01-03 20:40:50,664] {scheduler_job.py:190} INFO - Processing /home/airflow/sandbox/lib/python3.8/site-packages/airflow/example_dags/example_complex.py took 0.561 seconds
[2022-01-03 20:41:20,939] {scheduler_job.py:182} INFO - Started process (PID=14510) to work on /home/airflow/sandbox/lib/python3.8/site-packages/airflow/example_dags/example_complex.py
[2022-01-03 20:41:20,941] {scheduler_job.py:633} INFO - Processing file /home/airflow/sandbox/lib/python3.8/site-packages/airflow/example_dags/example_complex.py for tasks to queue
[2022-01-03 20:41:20,942] {logging_mixin.py:104} INFO - [2022-01-03 20:41:20,942] {dagbag.py:487} INFO - Filling up the DagBag from /home/airflow/sandbox/lib/python3.8/site-packages/airflow/example_dags/example_complex.py
[2022-01-03 20:41:20,976] {scheduler_job.py:643} INFO - DAG(s) dict_keys(['example_complex']) retrieved from /home/airflow/sandbox/lib/python3.8/site-packages/airflow/example_dags/example_complex.py
[2022-01-03 20:41:21,346] {logging_mixin.py:104} INFO - [2022-01-03 20:41:21,346] {dag.py:1832} INFO - Sync 1 DAGs
[2022-01-03 20:41:21,376] {logging_mixin.py:104} INFO - [2022-01-03 20:41:21,375] {dag.py:2305} INFO - Setting next_dagrun for example_complex to None
[2022-01-03 20:41:21,406] {scheduler_job.py:190} INFO - Processing /home/airflow/sandbox/lib/python3.8/site-packages/airflow/example_dags/example_complex.py took 0.486 seconds
[2022-01-03 20:41:51,853] {scheduler_job.py:182} INFO - Started process (PID=14703) to work on /home/airflow/sandbox/lib/python3.8/site-packages/airflow/example_dags/example_complex.py
[2022-01-03 20:41:51,859] {scheduler_job.py:633} INFO - Processing file /home/airflow/sandbox/lib/python3.8/site-packages/airflow/example_dags/example_complex.py for tasks to queue
[2022-01-03 20:41:51,863] {logging_mixin.py:104} INFO - [2022-01-03 20:41:51,863] {dagbag.py:487} INFO - Filling up the DagBag from /home/airflow/sandbox/lib/python3.8/site-packages/airflow/example_dags/example_complex.py
[2022-01-03 20:41:51,909] {scheduler_job.py:643} INFO - DAG(s) dict_keys(['example_complex']) retrieved from /home/airflow/sandbox/lib/python3.8/site-packages/airflow/example_dags/example_complex.py
[2022-01-03 20:41:52,115] {logging_mixin.py:104} INFO - [2022-01-03 20:41:52,115] {dag.py:1832} INFO - Sync 1 DAGs
[2022-01-03 20:41:52,145] {logging_mixin.py:104} INFO - [2022-01-03 20:41:52,145] {dag.py:2305} INFO - Setting next_dagrun for example_complex to None
[2022-01-03 20:41:52,159] {scheduler_job.py:190} INFO - Processing /home/airflow/sandbox/lib/python3.8/site-packages/airflow/example_dags/example_complex.py took 0.316 seconds
[2022-01-03 20:42:22,854] {scheduler_job.py:182} INFO - Started process (PID=14902) to work on /home/airflow/sandbox/lib/python3.8/site-packages/airflow/example_dags/example_complex.py
[2022-01-03 20:42:22,862] {scheduler_job.py:633} INFO - Processing file /home/airflow/sandbox/lib/python3.8/site-packages/airflow/example_dags/example_complex.py for tasks to queue
[2022-01-03 20:42:22,866] {logging_mixin.py:104} INFO - [2022-01-03 20:42:22,866] {dagbag.py:487} INFO - Filling up the DagBag from /home/airflow/sandbox/lib/python3.8/site-packages/airflow/example_dags/example_complex.py
[2022-01-03 20:42:22,939] {scheduler_job.py:643} INFO - DAG(s) dict_keys(['example_complex']) retrieved from /home/airflow/sandbox/lib/python3.8/site-packages/airflow/example_dags/example_complex.py
[2022-01-03 20:42:23,206] {logging_mixin.py:104} INFO - [2022-01-03 20:42:23,205] {dag.py:1832} INFO - Sync 1 DAGs
[2022-01-03 20:42:23,273] {logging_mixin.py:104} INFO - [2022-01-03 20:42:23,273] {dag.py:2305} INFO - Setting next_dagrun for example_complex to None
[2022-01-03 20:42:23,318] {scheduler_job.py:190} INFO - Processing /home/airflow/sandbox/lib/python3.8/site-packages/airflow/example_dags/example_complex.py took 0.480 seconds
[2022-01-03 20:42:54,161] {scheduler_job.py:182} INFO - Started process (PID=15342) to work on /home/airflow/sandbox/lib/python3.8/site-packages/airflow/example_dags/example_complex.py
[2022-01-03 20:42:54,164] {scheduler_job.py:633} INFO - Processing file /home/airflow/sandbox/lib/python3.8/site-packages/airflow/example_dags/example_complex.py for tasks to queue
[2022-01-03 20:42:54,168] {logging_mixin.py:104} INFO - [2022-01-03 20:42:54,168] {dagbag.py:487} INFO - Filling up the DagBag from /home/airflow/sandbox/lib/python3.8/site-packages/airflow/example_dags/example_complex.py
[2022-01-03 20:42:54,512] {scheduler_job.py:643} INFO - DAG(s) dict_keys(['example_complex']) retrieved from /home/airflow/sandbox/lib/python3.8/site-packages/airflow/example_dags/example_complex.py
[2022-01-03 20:42:54,592] {logging_mixin.py:104} INFO - [2022-01-03 20:42:54,592] {dag.py:1832} INFO - Sync 1 DAGs
[2022-01-03 20:42:54,617] {logging_mixin.py:104} INFO - [2022-01-03 20:42:54,617] {dag.py:2305} INFO - Setting next_dagrun for example_complex to None
[2022-01-03 20:42:54,665] {scheduler_job.py:190} INFO - Processing /home/airflow/sandbox/lib/python3.8/site-packages/airflow/example_dags/example_complex.py took 0.510 seconds
[2022-01-03 20:43:26,141] {scheduler_job.py:182} INFO - Started process (PID=15548) to work on /home/airflow/sandbox/lib/python3.8/site-packages/airflow/example_dags/example_complex.py
[2022-01-03 20:43:26,143] {scheduler_job.py:633} INFO - Processing file /home/airflow/sandbox/lib/python3.8/site-packages/airflow/example_dags/example_complex.py for tasks to queue
[2022-01-03 20:43:26,144] {logging_mixin.py:104} INFO - [2022-01-03 20:43:26,144] {dagbag.py:487} INFO - Filling up the DagBag from /home/airflow/sandbox/lib/python3.8/site-packages/airflow/example_dags/example_complex.py
[2022-01-03 20:43:26,364] {scheduler_job.py:643} INFO - DAG(s) dict_keys(['example_complex']) retrieved from /home/airflow/sandbox/lib/python3.8/site-packages/airflow/example_dags/example_complex.py
[2022-01-03 20:43:26,482] {logging_mixin.py:104} INFO - [2022-01-03 20:43:26,482] {dag.py:1832} INFO - Sync 1 DAGs
[2022-01-03 20:43:26,516] {logging_mixin.py:104} INFO - [2022-01-03 20:43:26,516] {dag.py:2305} INFO - Setting next_dagrun for example_complex to None
[2022-01-03 20:43:26,595] {scheduler_job.py:190} INFO - Processing /home/airflow/sandbox/lib/python3.8/site-packages/airflow/example_dags/example_complex.py took 0.456 seconds
[2022-01-03 20:43:56,861] {scheduler_job.py:182} INFO - Started process (PID=15744) to work on /home/airflow/sandbox/lib/python3.8/site-packages/airflow/example_dags/example_complex.py
[2022-01-03 20:43:56,863] {scheduler_job.py:633} INFO - Processing file /home/airflow/sandbox/lib/python3.8/site-packages/airflow/example_dags/example_complex.py for tasks to queue
[2022-01-03 20:43:56,866] {logging_mixin.py:104} INFO - [2022-01-03 20:43:56,865] {dagbag.py:487} INFO - Filling up the DagBag from /home/airflow/sandbox/lib/python3.8/site-packages/airflow/example_dags/example_complex.py
[2022-01-03 20:43:57,000] {scheduler_job.py:643} INFO - DAG(s) dict_keys(['example_complex']) retrieved from /home/airflow/sandbox/lib/python3.8/site-packages/airflow/example_dags/example_complex.py
[2022-01-03 20:43:57,053] {logging_mixin.py:104} INFO - [2022-01-03 20:43:57,053] {dag.py:1832} INFO - Sync 1 DAGs
[2022-01-03 20:43:57,086] {logging_mixin.py:104} INFO - [2022-01-03 20:43:57,086] {dag.py:2305} INFO - Setting next_dagrun for example_complex to None
[2022-01-03 20:43:57,109] {scheduler_job.py:190} INFO - Processing /home/airflow/sandbox/lib/python3.8/site-packages/airflow/example_dags/example_complex.py took 0.251 seconds
[2022-01-03 20:44:27,744] {scheduler_job.py:182} INFO - Started process (PID=15940) to work on /home/airflow/sandbox/lib/python3.8/site-packages/airflow/example_dags/example_complex.py
[2022-01-03 20:44:27,745] {scheduler_job.py:633} INFO - Processing file /home/airflow/sandbox/lib/python3.8/site-packages/airflow/example_dags/example_complex.py for tasks to queue
[2022-01-03 20:44:27,746] {logging_mixin.py:104} INFO - [2022-01-03 20:44:27,746] {dagbag.py:487} INFO - Filling up the DagBag from /home/airflow/sandbox/lib/python3.8/site-packages/airflow/example_dags/example_complex.py
[2022-01-03 20:44:27,936] {scheduler_job.py:643} INFO - DAG(s) dict_keys(['example_complex']) retrieved from /home/airflow/sandbox/lib/python3.8/site-packages/airflow/example_dags/example_complex.py
[2022-01-03 20:44:27,991] {logging_mixin.py:104} INFO - [2022-01-03 20:44:27,991] {dag.py:1832} INFO - Sync 1 DAGs
[2022-01-03 20:44:28,056] {logging_mixin.py:104} INFO - [2022-01-03 20:44:28,056] {dag.py:2305} INFO - Setting next_dagrun for example_complex to None
[2022-01-03 20:44:28,104] {scheduler_job.py:190} INFO - Processing /home/airflow/sandbox/lib/python3.8/site-packages/airflow/example_dags/example_complex.py took 0.368 seconds
[2022-01-03 20:44:58,552] {scheduler_job.py:182} INFO - Started process (PID=16169) to work on /home/airflow/sandbox/lib/python3.8/site-packages/airflow/example_dags/example_complex.py
[2022-01-03 20:44:58,554] {scheduler_job.py:633} INFO - Processing file /home/airflow/sandbox/lib/python3.8/site-packages/airflow/example_dags/example_complex.py for tasks to queue
[2022-01-03 20:44:58,556] {logging_mixin.py:104} INFO - [2022-01-03 20:44:58,556] {dagbag.py:487} INFO - Filling up the DagBag from /home/airflow/sandbox/lib/python3.8/site-packages/airflow/example_dags/example_complex.py
[2022-01-03 20:44:58,839] {scheduler_job.py:643} INFO - DAG(s) dict_keys(['example_complex']) retrieved from /home/airflow/sandbox/lib/python3.8/site-packages/airflow/example_dags/example_complex.py
[2022-01-03 20:44:58,909] {logging_mixin.py:104} INFO - [2022-01-03 20:44:58,909] {dag.py:1832} INFO - Sync 1 DAGs
[2022-01-03 20:44:58,937] {logging_mixin.py:104} INFO - [2022-01-03 20:44:58,937] {dag.py:2305} INFO - Setting next_dagrun for example_complex to None
[2022-01-03 20:44:58,948] {scheduler_job.py:190} INFO - Processing /home/airflow/sandbox/lib/python3.8/site-packages/airflow/example_dags/example_complex.py took 0.399 seconds
