[2022-01-03 20:17:37,137] {scheduler_job.py:182} INFO - Started process (PID=2555) to work on /home/airflow/sandbox/lib/python3.8/site-packages/airflow/example_dags/example_task_group_decorator.py
[2022-01-03 20:17:37,141] {scheduler_job.py:633} INFO - Processing file /home/airflow/sandbox/lib/python3.8/site-packages/airflow/example_dags/example_task_group_decorator.py for tasks to queue
[2022-01-03 20:17:37,143] {logging_mixin.py:104} INFO - [2022-01-03 20:17:37,142] {dagbag.py:487} INFO - Filling up the DagBag from /home/airflow/sandbox/lib/python3.8/site-packages/airflow/example_dags/example_task_group_decorator.py
[2022-01-03 20:17:37,188] {scheduler_job.py:643} INFO - DAG(s) dict_keys(['example_task_group_decorator']) retrieved from /home/airflow/sandbox/lib/python3.8/site-packages/airflow/example_dags/example_task_group_decorator.py
[2022-01-03 20:17:37,732] {logging_mixin.py:104} INFO - [2022-01-03 20:17:37,732] {dag.py:1832} INFO - Sync 1 DAGs
[2022-01-03 20:17:37,741] {logging_mixin.py:104} INFO - [2022-01-03 20:17:37,740] {dag.py:2305} INFO - Setting next_dagrun for example_task_group_decorator to 2022-01-01 00:00:00+00:00
[2022-01-03 20:17:37,762] {scheduler_job.py:190} INFO - Processing /home/airflow/sandbox/lib/python3.8/site-packages/airflow/example_dags/example_task_group_decorator.py took 0.648 seconds
[2022-01-03 20:19:48,650] {scheduler_job.py:182} INFO - Started process (PID=3443) to work on /home/airflow/sandbox/lib/python3.8/site-packages/airflow/example_dags/example_task_group_decorator.py
[2022-01-03 20:19:48,651] {scheduler_job.py:633} INFO - Processing file /home/airflow/sandbox/lib/python3.8/site-packages/airflow/example_dags/example_task_group_decorator.py for tasks to queue
[2022-01-03 20:19:48,652] {logging_mixin.py:104} INFO - [2022-01-03 20:19:48,652] {dagbag.py:487} INFO - Filling up the DagBag from /home/airflow/sandbox/lib/python3.8/site-packages/airflow/example_dags/example_task_group_decorator.py
[2022-01-03 20:19:48,696] {scheduler_job.py:643} INFO - DAG(s) dict_keys(['example_task_group_decorator']) retrieved from /home/airflow/sandbox/lib/python3.8/site-packages/airflow/example_dags/example_task_group_decorator.py
[2022-01-03 20:19:49,391] {logging_mixin.py:104} INFO - [2022-01-03 20:19:49,391] {dag.py:1832} INFO - Sync 1 DAGs
[2022-01-03 20:19:49,404] {logging_mixin.py:104} INFO - [2022-01-03 20:19:49,404] {dag.py:2305} INFO - Setting next_dagrun for example_task_group_decorator to 2022-01-01 00:00:00+00:00
[2022-01-03 20:19:49,436] {scheduler_job.py:190} INFO - Processing /home/airflow/sandbox/lib/python3.8/site-packages/airflow/example_dags/example_task_group_decorator.py took 0.790 seconds
[2022-01-03 20:20:29,237] {scheduler_job.py:182} INFO - Started process (PID=3507) to work on /home/airflow/sandbox/lib/python3.8/site-packages/airflow/example_dags/example_task_group_decorator.py
[2022-01-03 20:20:29,237] {scheduler_job.py:633} INFO - Processing file /home/airflow/sandbox/lib/python3.8/site-packages/airflow/example_dags/example_task_group_decorator.py for tasks to queue
[2022-01-03 20:20:29,238] {logging_mixin.py:104} INFO - [2022-01-03 20:20:29,238] {dagbag.py:487} INFO - Filling up the DagBag from /home/airflow/sandbox/lib/python3.8/site-packages/airflow/example_dags/example_task_group_decorator.py
[2022-01-03 20:20:29,265] {scheduler_job.py:643} INFO - DAG(s) dict_keys(['example_task_group_decorator']) retrieved from /home/airflow/sandbox/lib/python3.8/site-packages/airflow/example_dags/example_task_group_decorator.py
[2022-01-03 20:20:29,857] {logging_mixin.py:104} INFO - [2022-01-03 20:20:29,857] {dag.py:1832} INFO - Sync 1 DAGs
[2022-01-03 20:20:29,887] {logging_mixin.py:104} INFO - [2022-01-03 20:20:29,886] {dag.py:2305} INFO - Setting next_dagrun for example_task_group_decorator to 2022-01-01 00:00:00+00:00
[2022-01-03 20:20:29,935] {scheduler_job.py:190} INFO - Processing /home/airflow/sandbox/lib/python3.8/site-packages/airflow/example_dags/example_task_group_decorator.py took 0.701 seconds
[2022-01-03 20:21:03,500] {scheduler_job.py:182} INFO - Started process (PID=3535) to work on /home/airflow/sandbox/lib/python3.8/site-packages/airflow/example_dags/example_task_group_decorator.py
[2022-01-03 20:21:03,502] {scheduler_job.py:633} INFO - Processing file /home/airflow/sandbox/lib/python3.8/site-packages/airflow/example_dags/example_task_group_decorator.py for tasks to queue
[2022-01-03 20:21:03,504] {logging_mixin.py:104} INFO - [2022-01-03 20:21:03,504] {dagbag.py:487} INFO - Filling up the DagBag from /home/airflow/sandbox/lib/python3.8/site-packages/airflow/example_dags/example_task_group_decorator.py
[2022-01-03 20:21:03,540] {scheduler_job.py:643} INFO - DAG(s) dict_keys(['example_task_group_decorator']) retrieved from /home/airflow/sandbox/lib/python3.8/site-packages/airflow/example_dags/example_task_group_decorator.py
[2022-01-03 20:21:04,057] {logging_mixin.py:104} INFO - [2022-01-03 20:21:04,057] {dag.py:1832} INFO - Sync 1 DAGs
[2022-01-03 20:21:04,090] {logging_mixin.py:104} INFO - [2022-01-03 20:21:04,090] {dag.py:2305} INFO - Setting next_dagrun for example_task_group_decorator to 2022-01-01 00:00:00+00:00
[2022-01-03 20:21:04,114] {scheduler_job.py:190} INFO - Processing /home/airflow/sandbox/lib/python3.8/site-packages/airflow/example_dags/example_task_group_decorator.py took 0.617 seconds
[2022-01-03 20:21:39,758] {scheduler_job.py:182} INFO - Started process (PID=3567) to work on /home/airflow/sandbox/lib/python3.8/site-packages/airflow/example_dags/example_task_group_decorator.py
[2022-01-03 20:21:39,763] {scheduler_job.py:633} INFO - Processing file /home/airflow/sandbox/lib/python3.8/site-packages/airflow/example_dags/example_task_group_decorator.py for tasks to queue
[2022-01-03 20:21:39,765] {logging_mixin.py:104} INFO - [2022-01-03 20:21:39,765] {dagbag.py:487} INFO - Filling up the DagBag from /home/airflow/sandbox/lib/python3.8/site-packages/airflow/example_dags/example_task_group_decorator.py
[2022-01-03 20:21:39,797] {scheduler_job.py:643} INFO - DAG(s) dict_keys(['example_task_group_decorator']) retrieved from /home/airflow/sandbox/lib/python3.8/site-packages/airflow/example_dags/example_task_group_decorator.py
[2022-01-03 20:21:40,291] {logging_mixin.py:104} INFO - [2022-01-03 20:21:40,291] {dag.py:1832} INFO - Sync 1 DAGs
[2022-01-03 20:21:40,304] {logging_mixin.py:104} INFO - [2022-01-03 20:21:40,304] {dag.py:2305} INFO - Setting next_dagrun for example_task_group_decorator to 2022-01-01 00:00:00+00:00
[2022-01-03 20:21:40,335] {scheduler_job.py:190} INFO - Processing /home/airflow/sandbox/lib/python3.8/site-packages/airflow/example_dags/example_task_group_decorator.py took 0.579 seconds
[2022-01-03 20:22:15,844] {scheduler_job.py:182} INFO - Started process (PID=3639) to work on /home/airflow/sandbox/lib/python3.8/site-packages/airflow/example_dags/example_task_group_decorator.py
[2022-01-03 20:22:15,846] {scheduler_job.py:633} INFO - Processing file /home/airflow/sandbox/lib/python3.8/site-packages/airflow/example_dags/example_task_group_decorator.py for tasks to queue
[2022-01-03 20:22:15,847] {logging_mixin.py:104} INFO - [2022-01-03 20:22:15,847] {dagbag.py:487} INFO - Filling up the DagBag from /home/airflow/sandbox/lib/python3.8/site-packages/airflow/example_dags/example_task_group_decorator.py
[2022-01-03 20:22:15,891] {scheduler_job.py:643} INFO - DAG(s) dict_keys(['example_task_group_decorator']) retrieved from /home/airflow/sandbox/lib/python3.8/site-packages/airflow/example_dags/example_task_group_decorator.py
[2022-01-03 20:22:16,397] {logging_mixin.py:104} INFO - [2022-01-03 20:22:16,397] {dag.py:1832} INFO - Sync 1 DAGs
[2022-01-03 20:22:16,407] {logging_mixin.py:104} INFO - [2022-01-03 20:22:16,407] {dag.py:2305} INFO - Setting next_dagrun for example_task_group_decorator to 2022-01-01 00:00:00+00:00
[2022-01-03 20:22:16,432] {scheduler_job.py:190} INFO - Processing /home/airflow/sandbox/lib/python3.8/site-packages/airflow/example_dags/example_task_group_decorator.py took 0.593 seconds
[2022-01-03 20:22:54,204] {scheduler_job.py:182} INFO - Started process (PID=3713) to work on /home/airflow/sandbox/lib/python3.8/site-packages/airflow/example_dags/example_task_group_decorator.py
[2022-01-03 20:22:54,205] {scheduler_job.py:633} INFO - Processing file /home/airflow/sandbox/lib/python3.8/site-packages/airflow/example_dags/example_task_group_decorator.py for tasks to queue
[2022-01-03 20:22:54,206] {logging_mixin.py:104} INFO - [2022-01-03 20:22:54,205] {dagbag.py:487} INFO - Filling up the DagBag from /home/airflow/sandbox/lib/python3.8/site-packages/airflow/example_dags/example_task_group_decorator.py
[2022-01-03 20:22:54,250] {scheduler_job.py:643} INFO - DAG(s) dict_keys(['example_task_group_decorator']) retrieved from /home/airflow/sandbox/lib/python3.8/site-packages/airflow/example_dags/example_task_group_decorator.py
[2022-01-03 20:22:54,729] {logging_mixin.py:104} INFO - [2022-01-03 20:22:54,729] {dag.py:1832} INFO - Sync 1 DAGs
[2022-01-03 20:22:54,737] {logging_mixin.py:104} INFO - [2022-01-03 20:22:54,737] {dag.py:2305} INFO - Setting next_dagrun for example_task_group_decorator to 2022-01-01 00:00:00+00:00
[2022-01-03 20:22:54,750] {scheduler_job.py:190} INFO - Processing /home/airflow/sandbox/lib/python3.8/site-packages/airflow/example_dags/example_task_group_decorator.py took 0.555 seconds
[2022-01-03 20:23:26,498] {scheduler_job.py:182} INFO - Started process (PID=4208) to work on /home/airflow/sandbox/lib/python3.8/site-packages/airflow/example_dags/example_task_group_decorator.py
[2022-01-03 20:23:26,498] {scheduler_job.py:633} INFO - Processing file /home/airflow/sandbox/lib/python3.8/site-packages/airflow/example_dags/example_task_group_decorator.py for tasks to queue
[2022-01-03 20:23:26,499] {logging_mixin.py:104} INFO - [2022-01-03 20:23:26,499] {dagbag.py:487} INFO - Filling up the DagBag from /home/airflow/sandbox/lib/python3.8/site-packages/airflow/example_dags/example_task_group_decorator.py
[2022-01-03 20:23:26,545] {scheduler_job.py:643} INFO - DAG(s) dict_keys(['example_task_group_decorator']) retrieved from /home/airflow/sandbox/lib/python3.8/site-packages/airflow/example_dags/example_task_group_decorator.py
[2022-01-03 20:23:27,042] {logging_mixin.py:104} INFO - [2022-01-03 20:23:27,042] {dag.py:1832} INFO - Sync 1 DAGs
[2022-01-03 20:23:27,051] {logging_mixin.py:104} INFO - [2022-01-03 20:23:27,051] {dag.py:2305} INFO - Setting next_dagrun for example_task_group_decorator to 2022-01-01 00:00:00+00:00
[2022-01-03 20:23:27,084] {scheduler_job.py:190} INFO - Processing /home/airflow/sandbox/lib/python3.8/site-packages/airflow/example_dags/example_task_group_decorator.py took 0.588 seconds
[2022-01-03 20:24:02,133] {scheduler_job.py:182} INFO - Started process (PID=4352) to work on /home/airflow/sandbox/lib/python3.8/site-packages/airflow/example_dags/example_task_group_decorator.py
[2022-01-03 20:24:02,135] {scheduler_job.py:633} INFO - Processing file /home/airflow/sandbox/lib/python3.8/site-packages/airflow/example_dags/example_task_group_decorator.py for tasks to queue
[2022-01-03 20:24:02,135] {logging_mixin.py:104} INFO - [2022-01-03 20:24:02,135] {dagbag.py:487} INFO - Filling up the DagBag from /home/airflow/sandbox/lib/python3.8/site-packages/airflow/example_dags/example_task_group_decorator.py
[2022-01-03 20:24:02,183] {scheduler_job.py:643} INFO - DAG(s) dict_keys(['example_task_group_decorator']) retrieved from /home/airflow/sandbox/lib/python3.8/site-packages/airflow/example_dags/example_task_group_decorator.py
[2022-01-03 20:24:02,681] {logging_mixin.py:104} INFO - [2022-01-03 20:24:02,681] {dag.py:1832} INFO - Sync 1 DAGs
[2022-01-03 20:24:02,693] {logging_mixin.py:104} INFO - [2022-01-03 20:24:02,693] {dag.py:2305} INFO - Setting next_dagrun for example_task_group_decorator to 2022-01-01 00:00:00+00:00
[2022-01-03 20:24:02,728] {scheduler_job.py:190} INFO - Processing /home/airflow/sandbox/lib/python3.8/site-packages/airflow/example_dags/example_task_group_decorator.py took 0.601 seconds
[2022-01-03 20:24:40,636] {scheduler_job.py:182} INFO - Started process (PID=4518) to work on /home/airflow/sandbox/lib/python3.8/site-packages/airflow/example_dags/example_task_group_decorator.py
[2022-01-03 20:24:40,638] {scheduler_job.py:633} INFO - Processing file /home/airflow/sandbox/lib/python3.8/site-packages/airflow/example_dags/example_task_group_decorator.py for tasks to queue
[2022-01-03 20:24:40,638] {logging_mixin.py:104} INFO - [2022-01-03 20:24:40,638] {dagbag.py:487} INFO - Filling up the DagBag from /home/airflow/sandbox/lib/python3.8/site-packages/airflow/example_dags/example_task_group_decorator.py
[2022-01-03 20:24:40,679] {scheduler_job.py:643} INFO - DAG(s) dict_keys(['example_task_group_decorator']) retrieved from /home/airflow/sandbox/lib/python3.8/site-packages/airflow/example_dags/example_task_group_decorator.py
[2022-01-03 20:24:41,151] {logging_mixin.py:104} INFO - [2022-01-03 20:24:41,151] {dag.py:1832} INFO - Sync 1 DAGs
[2022-01-03 20:24:41,161] {logging_mixin.py:104} INFO - [2022-01-03 20:24:41,161] {dag.py:2305} INFO - Setting next_dagrun for example_task_group_decorator to 2022-01-01 00:00:00+00:00
[2022-01-03 20:24:41,181] {scheduler_job.py:190} INFO - Processing /home/airflow/sandbox/lib/python3.8/site-packages/airflow/example_dags/example_task_group_decorator.py took 0.552 seconds
[2022-01-03 20:25:26,758] {scheduler_job.py:182} INFO - Started process (PID=6471) to work on /home/airflow/sandbox/lib/python3.8/site-packages/airflow/example_dags/example_task_group_decorator.py
[2022-01-03 20:25:26,758] {scheduler_job.py:633} INFO - Processing file /home/airflow/sandbox/lib/python3.8/site-packages/airflow/example_dags/example_task_group_decorator.py for tasks to queue
[2022-01-03 20:25:26,759] {logging_mixin.py:104} INFO - [2022-01-03 20:25:26,759] {dagbag.py:487} INFO - Filling up the DagBag from /home/airflow/sandbox/lib/python3.8/site-packages/airflow/example_dags/example_task_group_decorator.py
[2022-01-03 20:25:26,811] {scheduler_job.py:643} INFO - DAG(s) dict_keys(['example_task_group_decorator']) retrieved from /home/airflow/sandbox/lib/python3.8/site-packages/airflow/example_dags/example_task_group_decorator.py
[2022-01-03 20:25:27,698] {logging_mixin.py:104} INFO - [2022-01-03 20:25:27,698] {dag.py:1832} INFO - Sync 1 DAGs
[2022-01-03 20:25:27,706] {logging_mixin.py:104} INFO - [2022-01-03 20:25:27,706] {dag.py:2305} INFO - Setting next_dagrun for example_task_group_decorator to 2022-01-01 00:00:00+00:00
[2022-01-03 20:25:27,733] {scheduler_job.py:190} INFO - Processing /home/airflow/sandbox/lib/python3.8/site-packages/airflow/example_dags/example_task_group_decorator.py took 0.982 seconds
[2022-01-03 20:25:59,657] {scheduler_job.py:182} INFO - Started process (PID=8066) to work on /home/airflow/sandbox/lib/python3.8/site-packages/airflow/example_dags/example_task_group_decorator.py
[2022-01-03 20:25:59,658] {scheduler_job.py:633} INFO - Processing file /home/airflow/sandbox/lib/python3.8/site-packages/airflow/example_dags/example_task_group_decorator.py for tasks to queue
[2022-01-03 20:25:59,659] {logging_mixin.py:104} INFO - [2022-01-03 20:25:59,659] {dagbag.py:487} INFO - Filling up the DagBag from /home/airflow/sandbox/lib/python3.8/site-packages/airflow/example_dags/example_task_group_decorator.py
[2022-01-03 20:25:59,703] {scheduler_job.py:643} INFO - DAG(s) dict_keys(['example_task_group_decorator']) retrieved from /home/airflow/sandbox/lib/python3.8/site-packages/airflow/example_dags/example_task_group_decorator.py
[2022-01-03 20:26:00,232] {logging_mixin.py:104} INFO - [2022-01-03 20:26:00,232] {dag.py:1832} INFO - Sync 1 DAGs
[2022-01-03 20:26:00,244] {logging_mixin.py:104} INFO - [2022-01-03 20:26:00,244] {dag.py:2305} INFO - Setting next_dagrun for example_task_group_decorator to 2022-01-01 00:00:00+00:00
[2022-01-03 20:26:00,259] {scheduler_job.py:190} INFO - Processing /home/airflow/sandbox/lib/python3.8/site-packages/airflow/example_dags/example_task_group_decorator.py took 0.606 seconds
[2022-01-03 20:26:35,380] {scheduler_job.py:182} INFO - Started process (PID=8198) to work on /home/airflow/sandbox/lib/python3.8/site-packages/airflow/example_dags/example_task_group_decorator.py
[2022-01-03 20:26:35,381] {scheduler_job.py:633} INFO - Processing file /home/airflow/sandbox/lib/python3.8/site-packages/airflow/example_dags/example_task_group_decorator.py for tasks to queue
[2022-01-03 20:26:35,381] {logging_mixin.py:104} INFO - [2022-01-03 20:26:35,381] {dagbag.py:487} INFO - Filling up the DagBag from /home/airflow/sandbox/lib/python3.8/site-packages/airflow/example_dags/example_task_group_decorator.py
[2022-01-03 20:26:35,406] {scheduler_job.py:643} INFO - DAG(s) dict_keys(['example_task_group_decorator']) retrieved from /home/airflow/sandbox/lib/python3.8/site-packages/airflow/example_dags/example_task_group_decorator.py
[2022-01-03 20:26:35,894] {logging_mixin.py:104} INFO - [2022-01-03 20:26:35,894] {dag.py:1832} INFO - Sync 1 DAGs
[2022-01-03 20:26:35,907] {logging_mixin.py:104} INFO - [2022-01-03 20:26:35,906] {dag.py:2305} INFO - Setting next_dagrun for example_task_group_decorator to 2022-01-01 00:00:00+00:00
[2022-01-03 20:26:35,934] {scheduler_job.py:190} INFO - Processing /home/airflow/sandbox/lib/python3.8/site-packages/airflow/example_dags/example_task_group_decorator.py took 0.557 seconds
[2022-01-03 20:27:13,777] {scheduler_job.py:182} INFO - Started process (PID=8403) to work on /home/airflow/sandbox/lib/python3.8/site-packages/airflow/example_dags/example_task_group_decorator.py
[2022-01-03 20:27:13,778] {scheduler_job.py:633} INFO - Processing file /home/airflow/sandbox/lib/python3.8/site-packages/airflow/example_dags/example_task_group_decorator.py for tasks to queue
[2022-01-03 20:27:13,779] {logging_mixin.py:104} INFO - [2022-01-03 20:27:13,779] {dagbag.py:487} INFO - Filling up the DagBag from /home/airflow/sandbox/lib/python3.8/site-packages/airflow/example_dags/example_task_group_decorator.py
[2022-01-03 20:27:13,846] {scheduler_job.py:643} INFO - DAG(s) dict_keys(['example_task_group_decorator']) retrieved from /home/airflow/sandbox/lib/python3.8/site-packages/airflow/example_dags/example_task_group_decorator.py
[2022-01-03 20:27:14,395] {logging_mixin.py:104} INFO - [2022-01-03 20:27:14,395] {dag.py:1832} INFO - Sync 1 DAGs
[2022-01-03 20:27:14,407] {logging_mixin.py:104} INFO - [2022-01-03 20:27:14,407] {dag.py:2305} INFO - Setting next_dagrun for example_task_group_decorator to 2022-01-01 00:00:00+00:00
[2022-01-03 20:27:14,435] {scheduler_job.py:190} INFO - Processing /home/airflow/sandbox/lib/python3.8/site-packages/airflow/example_dags/example_task_group_decorator.py took 0.678 seconds
[2022-01-03 20:27:47,824] {scheduler_job.py:182} INFO - Started process (PID=8527) to work on /home/airflow/sandbox/lib/python3.8/site-packages/airflow/example_dags/example_task_group_decorator.py
[2022-01-03 20:27:47,826] {scheduler_job.py:633} INFO - Processing file /home/airflow/sandbox/lib/python3.8/site-packages/airflow/example_dags/example_task_group_decorator.py for tasks to queue
[2022-01-03 20:27:47,826] {logging_mixin.py:104} INFO - [2022-01-03 20:27:47,826] {dagbag.py:487} INFO - Filling up the DagBag from /home/airflow/sandbox/lib/python3.8/site-packages/airflow/example_dags/example_task_group_decorator.py
[2022-01-03 20:27:47,882] {scheduler_job.py:643} INFO - DAG(s) dict_keys(['example_task_group_decorator']) retrieved from /home/airflow/sandbox/lib/python3.8/site-packages/airflow/example_dags/example_task_group_decorator.py
[2022-01-03 20:27:48,435] {logging_mixin.py:104} INFO - [2022-01-03 20:27:48,435] {dag.py:1832} INFO - Sync 1 DAGs
[2022-01-03 20:27:48,442] {logging_mixin.py:104} INFO - [2022-01-03 20:27:48,442] {dag.py:2305} INFO - Setting next_dagrun for example_task_group_decorator to 2022-01-01 00:00:00+00:00
[2022-01-03 20:27:48,474] {scheduler_job.py:190} INFO - Processing /home/airflow/sandbox/lib/python3.8/site-packages/airflow/example_dags/example_task_group_decorator.py took 0.669 seconds
[2022-01-03 20:28:28,080] {scheduler_job.py:182} INFO - Started process (PID=8688) to work on /home/airflow/sandbox/lib/python3.8/site-packages/airflow/example_dags/example_task_group_decorator.py
[2022-01-03 20:28:28,081] {scheduler_job.py:633} INFO - Processing file /home/airflow/sandbox/lib/python3.8/site-packages/airflow/example_dags/example_task_group_decorator.py for tasks to queue
[2022-01-03 20:28:28,082] {logging_mixin.py:104} INFO - [2022-01-03 20:28:28,082] {dagbag.py:487} INFO - Filling up the DagBag from /home/airflow/sandbox/lib/python3.8/site-packages/airflow/example_dags/example_task_group_decorator.py
[2022-01-03 20:28:28,124] {scheduler_job.py:643} INFO - DAG(s) dict_keys(['example_task_group_decorator']) retrieved from /home/airflow/sandbox/lib/python3.8/site-packages/airflow/example_dags/example_task_group_decorator.py
[2022-01-03 20:28:28,723] {logging_mixin.py:104} INFO - [2022-01-03 20:28:28,722] {dag.py:1832} INFO - Sync 1 DAGs
[2022-01-03 20:28:28,737] {logging_mixin.py:104} INFO - [2022-01-03 20:28:28,737] {dag.py:2305} INFO - Setting next_dagrun for example_task_group_decorator to 2022-01-01 00:00:00+00:00
[2022-01-03 20:28:28,754] {scheduler_job.py:190} INFO - Processing /home/airflow/sandbox/lib/python3.8/site-packages/airflow/example_dags/example_task_group_decorator.py took 0.676 seconds
[2022-01-03 20:29:05,684] {scheduler_job.py:182} INFO - Started process (PID=8719) to work on /home/airflow/sandbox/lib/python3.8/site-packages/airflow/example_dags/example_task_group_decorator.py
[2022-01-03 20:29:05,685] {scheduler_job.py:633} INFO - Processing file /home/airflow/sandbox/lib/python3.8/site-packages/airflow/example_dags/example_task_group_decorator.py for tasks to queue
[2022-01-03 20:29:05,686] {logging_mixin.py:104} INFO - [2022-01-03 20:29:05,685] {dagbag.py:487} INFO - Filling up the DagBag from /home/airflow/sandbox/lib/python3.8/site-packages/airflow/example_dags/example_task_group_decorator.py
[2022-01-03 20:29:05,725] {scheduler_job.py:643} INFO - DAG(s) dict_keys(['example_task_group_decorator']) retrieved from /home/airflow/sandbox/lib/python3.8/site-packages/airflow/example_dags/example_task_group_decorator.py
[2022-01-03 20:29:06,329] {logging_mixin.py:104} INFO - [2022-01-03 20:29:06,328] {dag.py:1832} INFO - Sync 1 DAGs
[2022-01-03 20:29:06,338] {logging_mixin.py:104} INFO - [2022-01-03 20:29:06,338] {dag.py:2305} INFO - Setting next_dagrun for example_task_group_decorator to 2022-01-01 00:00:00+00:00
[2022-01-03 20:29:06,372] {scheduler_job.py:190} INFO - Processing /home/airflow/sandbox/lib/python3.8/site-packages/airflow/example_dags/example_task_group_decorator.py took 0.690 seconds
[2022-01-03 20:29:41,893] {scheduler_job.py:182} INFO - Started process (PID=8812) to work on /home/airflow/sandbox/lib/python3.8/site-packages/airflow/example_dags/example_task_group_decorator.py
[2022-01-03 20:29:41,895] {scheduler_job.py:633} INFO - Processing file /home/airflow/sandbox/lib/python3.8/site-packages/airflow/example_dags/example_task_group_decorator.py for tasks to queue
[2022-01-03 20:29:41,896] {logging_mixin.py:104} INFO - [2022-01-03 20:29:41,895] {dagbag.py:487} INFO - Filling up the DagBag from /home/airflow/sandbox/lib/python3.8/site-packages/airflow/example_dags/example_task_group_decorator.py
[2022-01-03 20:29:41,938] {scheduler_job.py:643} INFO - DAG(s) dict_keys(['example_task_group_decorator']) retrieved from /home/airflow/sandbox/lib/python3.8/site-packages/airflow/example_dags/example_task_group_decorator.py
[2022-01-03 20:29:42,449] {logging_mixin.py:104} INFO - [2022-01-03 20:29:42,449] {dag.py:1832} INFO - Sync 1 DAGs
[2022-01-03 20:29:42,476] {logging_mixin.py:104} INFO - [2022-01-03 20:29:42,476] {dag.py:2305} INFO - Setting next_dagrun for example_task_group_decorator to 2022-01-01 00:00:00+00:00
[2022-01-03 20:29:42,493] {scheduler_job.py:190} INFO - Processing /home/airflow/sandbox/lib/python3.8/site-packages/airflow/example_dags/example_task_group_decorator.py took 0.603 seconds
[2022-01-03 20:32:38,322] {scheduler_job.py:182} INFO - Started process (PID=9508) to work on /home/airflow/sandbox/lib/python3.8/site-packages/airflow/example_dags/example_task_group_decorator.py
[2022-01-03 20:32:38,338] {scheduler_job.py:633} INFO - Processing file /home/airflow/sandbox/lib/python3.8/site-packages/airflow/example_dags/example_task_group_decorator.py for tasks to queue
[2022-01-03 20:32:38,345] {logging_mixin.py:104} INFO - [2022-01-03 20:32:38,340] {dagbag.py:487} INFO - Filling up the DagBag from /home/airflow/sandbox/lib/python3.8/site-packages/airflow/example_dags/example_task_group_decorator.py
[2022-01-03 20:32:38,515] {scheduler_job.py:643} INFO - DAG(s) dict_keys(['example_task_group_decorator']) retrieved from /home/airflow/sandbox/lib/python3.8/site-packages/airflow/example_dags/example_task_group_decorator.py
[2022-01-03 20:32:42,479] {logging_mixin.py:104} INFO - [2022-01-03 20:32:42,479] {dag.py:1832} INFO - Sync 1 DAGs
[2022-01-03 20:32:42,569] {logging_mixin.py:104} INFO - [2022-01-03 20:32:42,569] {dag.py:2305} INFO - Setting next_dagrun for example_task_group_decorator to 2022-01-01 00:00:00+00:00
[2022-01-03 20:32:42,636] {scheduler_job.py:190} INFO - Processing /home/airflow/sandbox/lib/python3.8/site-packages/airflow/example_dags/example_task_group_decorator.py took 4.344 seconds
[2022-01-03 20:33:13,188] {scheduler_job.py:182} INFO - Started process (PID=9833) to work on /home/airflow/sandbox/lib/python3.8/site-packages/airflow/example_dags/example_task_group_decorator.py
[2022-01-03 20:33:13,189] {scheduler_job.py:633} INFO - Processing file /home/airflow/sandbox/lib/python3.8/site-packages/airflow/example_dags/example_task_group_decorator.py for tasks to queue
[2022-01-03 20:33:13,189] {logging_mixin.py:104} INFO - [2022-01-03 20:33:13,189] {dagbag.py:487} INFO - Filling up the DagBag from /home/airflow/sandbox/lib/python3.8/site-packages/airflow/example_dags/example_task_group_decorator.py
[2022-01-03 20:33:13,417] {scheduler_job.py:643} INFO - DAG(s) dict_keys(['example_task_group_decorator']) retrieved from /home/airflow/sandbox/lib/python3.8/site-packages/airflow/example_dags/example_task_group_decorator.py
[2022-01-03 20:33:17,063] {logging_mixin.py:104} INFO - [2022-01-03 20:33:17,063] {dag.py:1832} INFO - Sync 1 DAGs
[2022-01-03 20:33:17,125] {logging_mixin.py:104} INFO - [2022-01-03 20:33:17,125] {dag.py:2305} INFO - Setting next_dagrun for example_task_group_decorator to 2022-01-01 00:00:00+00:00
[2022-01-03 20:33:17,287] {scheduler_job.py:190} INFO - Processing /home/airflow/sandbox/lib/python3.8/site-packages/airflow/example_dags/example_task_group_decorator.py took 4.149 seconds
[2022-01-03 20:33:47,823] {scheduler_job.py:182} INFO - Started process (PID=10181) to work on /home/airflow/sandbox/lib/python3.8/site-packages/airflow/example_dags/example_task_group_decorator.py
[2022-01-03 20:33:47,824] {scheduler_job.py:633} INFO - Processing file /home/airflow/sandbox/lib/python3.8/site-packages/airflow/example_dags/example_task_group_decorator.py for tasks to queue
[2022-01-03 20:33:47,825] {logging_mixin.py:104} INFO - [2022-01-03 20:33:47,825] {dagbag.py:487} INFO - Filling up the DagBag from /home/airflow/sandbox/lib/python3.8/site-packages/airflow/example_dags/example_task_group_decorator.py
[2022-01-03 20:33:47,874] {scheduler_job.py:643} INFO - DAG(s) dict_keys(['example_task_group_decorator']) retrieved from /home/airflow/sandbox/lib/python3.8/site-packages/airflow/example_dags/example_task_group_decorator.py
[2022-01-03 20:33:49,318] {logging_mixin.py:104} INFO - [2022-01-03 20:33:49,317] {dag.py:1832} INFO - Sync 1 DAGs
[2022-01-03 20:33:49,368] {logging_mixin.py:104} INFO - [2022-01-03 20:33:49,368] {dag.py:2305} INFO - Setting next_dagrun for example_task_group_decorator to 2022-01-01 00:00:00+00:00
[2022-01-03 20:33:49,487] {scheduler_job.py:190} INFO - Processing /home/airflow/sandbox/lib/python3.8/site-packages/airflow/example_dags/example_task_group_decorator.py took 1.669 seconds
[2022-01-03 20:34:20,022] {scheduler_job.py:182} INFO - Started process (PID=10974) to work on /home/airflow/sandbox/lib/python3.8/site-packages/airflow/example_dags/example_task_group_decorator.py
[2022-01-03 20:34:20,023] {scheduler_job.py:633} INFO - Processing file /home/airflow/sandbox/lib/python3.8/site-packages/airflow/example_dags/example_task_group_decorator.py for tasks to queue
[2022-01-03 20:34:20,024] {logging_mixin.py:104} INFO - [2022-01-03 20:34:20,024] {dagbag.py:487} INFO - Filling up the DagBag from /home/airflow/sandbox/lib/python3.8/site-packages/airflow/example_dags/example_task_group_decorator.py
[2022-01-03 20:34:20,115] {scheduler_job.py:643} INFO - DAG(s) dict_keys(['example_task_group_decorator']) retrieved from /home/airflow/sandbox/lib/python3.8/site-packages/airflow/example_dags/example_task_group_decorator.py
[2022-01-03 20:34:22,873] {logging_mixin.py:104} INFO - [2022-01-03 20:34:22,872] {dag.py:1832} INFO - Sync 1 DAGs
[2022-01-03 20:34:23,016] {logging_mixin.py:104} INFO - [2022-01-03 20:34:23,016] {dag.py:2305} INFO - Setting next_dagrun for example_task_group_decorator to 2022-01-01 00:00:00+00:00
[2022-01-03 20:34:23,085] {scheduler_job.py:190} INFO - Processing /home/airflow/sandbox/lib/python3.8/site-packages/airflow/example_dags/example_task_group_decorator.py took 3.068 seconds
[2022-01-03 20:34:53,815] {scheduler_job.py:182} INFO - Started process (PID=11698) to work on /home/airflow/sandbox/lib/python3.8/site-packages/airflow/example_dags/example_task_group_decorator.py
[2022-01-03 20:34:53,816] {scheduler_job.py:633} INFO - Processing file /home/airflow/sandbox/lib/python3.8/site-packages/airflow/example_dags/example_task_group_decorator.py for tasks to queue
[2022-01-03 20:34:53,817] {logging_mixin.py:104} INFO - [2022-01-03 20:34:53,817] {dagbag.py:487} INFO - Filling up the DagBag from /home/airflow/sandbox/lib/python3.8/site-packages/airflow/example_dags/example_task_group_decorator.py
[2022-01-03 20:34:53,840] {scheduler_job.py:643} INFO - DAG(s) dict_keys(['example_task_group_decorator']) retrieved from /home/airflow/sandbox/lib/python3.8/site-packages/airflow/example_dags/example_task_group_decorator.py
[2022-01-03 20:34:54,637] {logging_mixin.py:104} INFO - [2022-01-03 20:34:54,637] {dag.py:1832} INFO - Sync 1 DAGs
[2022-01-03 20:34:54,674] {logging_mixin.py:104} INFO - [2022-01-03 20:34:54,674] {dag.py:2305} INFO - Setting next_dagrun for example_task_group_decorator to 2022-01-01 00:00:00+00:00
[2022-01-03 20:34:54,692] {scheduler_job.py:190} INFO - Processing /home/airflow/sandbox/lib/python3.8/site-packages/airflow/example_dags/example_task_group_decorator.py took 0.901 seconds
[2022-01-03 20:35:25,183] {scheduler_job.py:182} INFO - Started process (PID=11901) to work on /home/airflow/sandbox/lib/python3.8/site-packages/airflow/example_dags/example_task_group_decorator.py
[2022-01-03 20:35:25,185] {scheduler_job.py:633} INFO - Processing file /home/airflow/sandbox/lib/python3.8/site-packages/airflow/example_dags/example_task_group_decorator.py for tasks to queue
[2022-01-03 20:35:25,189] {logging_mixin.py:104} INFO - [2022-01-03 20:35:25,189] {dagbag.py:487} INFO - Filling up the DagBag from /home/airflow/sandbox/lib/python3.8/site-packages/airflow/example_dags/example_task_group_decorator.py
[2022-01-03 20:35:25,315] {scheduler_job.py:643} INFO - DAG(s) dict_keys(['example_task_group_decorator']) retrieved from /home/airflow/sandbox/lib/python3.8/site-packages/airflow/example_dags/example_task_group_decorator.py
[2022-01-03 20:35:26,039] {logging_mixin.py:104} INFO - [2022-01-03 20:35:26,039] {dag.py:1832} INFO - Sync 1 DAGs
[2022-01-03 20:35:26,071] {logging_mixin.py:104} INFO - [2022-01-03 20:35:26,071] {dag.py:2305} INFO - Setting next_dagrun for example_task_group_decorator to 2022-01-01 00:00:00+00:00
[2022-01-03 20:35:26,090] {scheduler_job.py:190} INFO - Processing /home/airflow/sandbox/lib/python3.8/site-packages/airflow/example_dags/example_task_group_decorator.py took 0.917 seconds
[2022-01-03 20:35:56,584] {scheduler_job.py:182} INFO - Started process (PID=12107) to work on /home/airflow/sandbox/lib/python3.8/site-packages/airflow/example_dags/example_task_group_decorator.py
[2022-01-03 20:35:56,590] {scheduler_job.py:633} INFO - Processing file /home/airflow/sandbox/lib/python3.8/site-packages/airflow/example_dags/example_task_group_decorator.py for tasks to queue
[2022-01-03 20:35:56,609] {logging_mixin.py:104} INFO - [2022-01-03 20:35:56,609] {dagbag.py:487} INFO - Filling up the DagBag from /home/airflow/sandbox/lib/python3.8/site-packages/airflow/example_dags/example_task_group_decorator.py
[2022-01-03 20:35:56,668] {scheduler_job.py:643} INFO - DAG(s) dict_keys(['example_task_group_decorator']) retrieved from /home/airflow/sandbox/lib/python3.8/site-packages/airflow/example_dags/example_task_group_decorator.py
[2022-01-03 20:35:57,883] {logging_mixin.py:104} INFO - [2022-01-03 20:35:57,882] {dag.py:1832} INFO - Sync 1 DAGs
[2022-01-03 20:35:57,909] {logging_mixin.py:104} INFO - [2022-01-03 20:35:57,909] {dag.py:2305} INFO - Setting next_dagrun for example_task_group_decorator to 2022-01-01 00:00:00+00:00
[2022-01-03 20:35:57,929] {scheduler_job.py:190} INFO - Processing /home/airflow/sandbox/lib/python3.8/site-packages/airflow/example_dags/example_task_group_decorator.py took 1.348 seconds
[2022-01-03 20:36:28,060] {scheduler_job.py:182} INFO - Started process (PID=12313) to work on /home/airflow/sandbox/lib/python3.8/site-packages/airflow/example_dags/example_task_group_decorator.py
[2022-01-03 20:36:28,065] {scheduler_job.py:633} INFO - Processing file /home/airflow/sandbox/lib/python3.8/site-packages/airflow/example_dags/example_task_group_decorator.py for tasks to queue
[2022-01-03 20:36:28,074] {logging_mixin.py:104} INFO - [2022-01-03 20:36:28,074] {dagbag.py:487} INFO - Filling up the DagBag from /home/airflow/sandbox/lib/python3.8/site-packages/airflow/example_dags/example_task_group_decorator.py
[2022-01-03 20:36:28,188] {scheduler_job.py:643} INFO - DAG(s) dict_keys(['example_task_group_decorator']) retrieved from /home/airflow/sandbox/lib/python3.8/site-packages/airflow/example_dags/example_task_group_decorator.py
[2022-01-03 20:36:29,372] {logging_mixin.py:104} INFO - [2022-01-03 20:36:29,372] {dag.py:1832} INFO - Sync 1 DAGs
[2022-01-03 20:36:29,383] {logging_mixin.py:104} INFO - [2022-01-03 20:36:29,383] {dag.py:2305} INFO - Setting next_dagrun for example_task_group_decorator to 2022-01-01 00:00:00+00:00
[2022-01-03 20:36:29,417] {scheduler_job.py:190} INFO - Processing /home/airflow/sandbox/lib/python3.8/site-packages/airflow/example_dags/example_task_group_decorator.py took 1.360 seconds
[2022-01-03 20:36:59,529] {scheduler_job.py:182} INFO - Started process (PID=12518) to work on /home/airflow/sandbox/lib/python3.8/site-packages/airflow/example_dags/example_task_group_decorator.py
[2022-01-03 20:36:59,531] {scheduler_job.py:633} INFO - Processing file /home/airflow/sandbox/lib/python3.8/site-packages/airflow/example_dags/example_task_group_decorator.py for tasks to queue
[2022-01-03 20:36:59,534] {logging_mixin.py:104} INFO - [2022-01-03 20:36:59,534] {dagbag.py:487} INFO - Filling up the DagBag from /home/airflow/sandbox/lib/python3.8/site-packages/airflow/example_dags/example_task_group_decorator.py
[2022-01-03 20:36:59,662] {scheduler_job.py:643} INFO - DAG(s) dict_keys(['example_task_group_decorator']) retrieved from /home/airflow/sandbox/lib/python3.8/site-packages/airflow/example_dags/example_task_group_decorator.py
[2022-01-03 20:37:00,431] {logging_mixin.py:104} INFO - [2022-01-03 20:37:00,431] {dag.py:1832} INFO - Sync 1 DAGs
[2022-01-03 20:37:00,459] {logging_mixin.py:104} INFO - [2022-01-03 20:37:00,459] {dag.py:2305} INFO - Setting next_dagrun for example_task_group_decorator to 2022-01-01 00:00:00+00:00
[2022-01-03 20:37:00,475] {scheduler_job.py:190} INFO - Processing /home/airflow/sandbox/lib/python3.8/site-packages/airflow/example_dags/example_task_group_decorator.py took 0.948 seconds
[2022-01-03 20:37:30,911] {scheduler_job.py:182} INFO - Started process (PID=12723) to work on /home/airflow/sandbox/lib/python3.8/site-packages/airflow/example_dags/example_task_group_decorator.py
[2022-01-03 20:37:30,915] {scheduler_job.py:633} INFO - Processing file /home/airflow/sandbox/lib/python3.8/site-packages/airflow/example_dags/example_task_group_decorator.py for tasks to queue
[2022-01-03 20:37:30,916] {logging_mixin.py:104} INFO - [2022-01-03 20:37:30,916] {dagbag.py:487} INFO - Filling up the DagBag from /home/airflow/sandbox/lib/python3.8/site-packages/airflow/example_dags/example_task_group_decorator.py
[2022-01-03 20:37:30,977] {scheduler_job.py:643} INFO - DAG(s) dict_keys(['example_task_group_decorator']) retrieved from /home/airflow/sandbox/lib/python3.8/site-packages/airflow/example_dags/example_task_group_decorator.py
[2022-01-03 20:37:32,022] {logging_mixin.py:104} INFO - [2022-01-03 20:37:32,022] {dag.py:1832} INFO - Sync 1 DAGs
[2022-01-03 20:37:32,034] {logging_mixin.py:104} INFO - [2022-01-03 20:37:32,034] {dag.py:2305} INFO - Setting next_dagrun for example_task_group_decorator to 2022-01-01 00:00:00+00:00
[2022-01-03 20:37:32,070] {scheduler_job.py:190} INFO - Processing /home/airflow/sandbox/lib/python3.8/site-packages/airflow/example_dags/example_task_group_decorator.py took 1.165 seconds
[2022-01-03 20:38:02,913] {scheduler_job.py:182} INFO - Started process (PID=13184) to work on /home/airflow/sandbox/lib/python3.8/site-packages/airflow/example_dags/example_task_group_decorator.py
[2022-01-03 20:38:02,914] {scheduler_job.py:633} INFO - Processing file /home/airflow/sandbox/lib/python3.8/site-packages/airflow/example_dags/example_task_group_decorator.py for tasks to queue
[2022-01-03 20:38:02,921] {logging_mixin.py:104} INFO - [2022-01-03 20:38:02,921] {dagbag.py:487} INFO - Filling up the DagBag from /home/airflow/sandbox/lib/python3.8/site-packages/airflow/example_dags/example_task_group_decorator.py
[2022-01-03 20:38:03,058] {scheduler_job.py:643} INFO - DAG(s) dict_keys(['example_task_group_decorator']) retrieved from /home/airflow/sandbox/lib/python3.8/site-packages/airflow/example_dags/example_task_group_decorator.py
[2022-01-03 20:38:03,600] {logging_mixin.py:104} INFO - [2022-01-03 20:38:03,599] {dag.py:1832} INFO - Sync 1 DAGs
[2022-01-03 20:38:03,614] {logging_mixin.py:104} INFO - [2022-01-03 20:38:03,614] {dag.py:2305} INFO - Setting next_dagrun for example_task_group_decorator to 2022-01-01 00:00:00+00:00
[2022-01-03 20:38:03,631] {scheduler_job.py:190} INFO - Processing /home/airflow/sandbox/lib/python3.8/site-packages/airflow/example_dags/example_task_group_decorator.py took 0.730 seconds
[2022-01-03 20:38:33,678] {scheduler_job.py:182} INFO - Started process (PID=13390) to work on /home/airflow/sandbox/lib/python3.8/site-packages/airflow/example_dags/example_task_group_decorator.py
[2022-01-03 20:38:33,679] {scheduler_job.py:633} INFO - Processing file /home/airflow/sandbox/lib/python3.8/site-packages/airflow/example_dags/example_task_group_decorator.py for tasks to queue
[2022-01-03 20:38:33,680] {logging_mixin.py:104} INFO - [2022-01-03 20:38:33,679] {dagbag.py:487} INFO - Filling up the DagBag from /home/airflow/sandbox/lib/python3.8/site-packages/airflow/example_dags/example_task_group_decorator.py
[2022-01-03 20:38:33,719] {scheduler_job.py:643} INFO - DAG(s) dict_keys(['example_task_group_decorator']) retrieved from /home/airflow/sandbox/lib/python3.8/site-packages/airflow/example_dags/example_task_group_decorator.py
[2022-01-03 20:38:34,233] {logging_mixin.py:104} INFO - [2022-01-03 20:38:34,232] {dag.py:1832} INFO - Sync 1 DAGs
[2022-01-03 20:38:34,254] {logging_mixin.py:104} INFO - [2022-01-03 20:38:34,254] {dag.py:2305} INFO - Setting next_dagrun for example_task_group_decorator to 2022-01-01 00:00:00+00:00
[2022-01-03 20:38:34,274] {scheduler_job.py:190} INFO - Processing /home/airflow/sandbox/lib/python3.8/site-packages/airflow/example_dags/example_task_group_decorator.py took 0.599 seconds
[2022-01-03 20:39:04,976] {scheduler_job.py:182} INFO - Started process (PID=13589) to work on /home/airflow/sandbox/lib/python3.8/site-packages/airflow/example_dags/example_task_group_decorator.py
[2022-01-03 20:39:04,981] {scheduler_job.py:633} INFO - Processing file /home/airflow/sandbox/lib/python3.8/site-packages/airflow/example_dags/example_task_group_decorator.py for tasks to queue
[2022-01-03 20:39:04,981] {logging_mixin.py:104} INFO - [2022-01-03 20:39:04,981] {dagbag.py:487} INFO - Filling up the DagBag from /home/airflow/sandbox/lib/python3.8/site-packages/airflow/example_dags/example_task_group_decorator.py
[2022-01-03 20:39:05,115] {scheduler_job.py:643} INFO - DAG(s) dict_keys(['example_task_group_decorator']) retrieved from /home/airflow/sandbox/lib/python3.8/site-packages/airflow/example_dags/example_task_group_decorator.py
[2022-01-03 20:39:05,712] {logging_mixin.py:104} INFO - [2022-01-03 20:39:05,712] {dag.py:1832} INFO - Sync 1 DAGs
[2022-01-03 20:39:05,724] {logging_mixin.py:104} INFO - [2022-01-03 20:39:05,724] {dag.py:2305} INFO - Setting next_dagrun for example_task_group_decorator to 2022-01-01 00:00:00+00:00
[2022-01-03 20:39:05,747] {scheduler_job.py:190} INFO - Processing /home/airflow/sandbox/lib/python3.8/site-packages/airflow/example_dags/example_task_group_decorator.py took 0.773 seconds
[2022-01-03 20:39:36,608] {scheduler_job.py:182} INFO - Started process (PID=13794) to work on /home/airflow/sandbox/lib/python3.8/site-packages/airflow/example_dags/example_task_group_decorator.py
[2022-01-03 20:39:36,610] {scheduler_job.py:633} INFO - Processing file /home/airflow/sandbox/lib/python3.8/site-packages/airflow/example_dags/example_task_group_decorator.py for tasks to queue
[2022-01-03 20:39:36,610] {logging_mixin.py:104} INFO - [2022-01-03 20:39:36,610] {dagbag.py:487} INFO - Filling up the DagBag from /home/airflow/sandbox/lib/python3.8/site-packages/airflow/example_dags/example_task_group_decorator.py
[2022-01-03 20:39:36,654] {scheduler_job.py:643} INFO - DAG(s) dict_keys(['example_task_group_decorator']) retrieved from /home/airflow/sandbox/lib/python3.8/site-packages/airflow/example_dags/example_task_group_decorator.py
[2022-01-03 20:39:37,259] {logging_mixin.py:104} INFO - [2022-01-03 20:39:37,258] {dag.py:1832} INFO - Sync 1 DAGs
[2022-01-03 20:39:37,273] {logging_mixin.py:104} INFO - [2022-01-03 20:39:37,273] {dag.py:2305} INFO - Setting next_dagrun for example_task_group_decorator to 2022-01-01 00:00:00+00:00
[2022-01-03 20:39:37,307] {scheduler_job.py:190} INFO - Processing /home/airflow/sandbox/lib/python3.8/site-packages/airflow/example_dags/example_task_group_decorator.py took 0.706 seconds
[2022-01-03 20:40:07,705] {scheduler_job.py:182} INFO - Started process (PID=13993) to work on /home/airflow/sandbox/lib/python3.8/site-packages/airflow/example_dags/example_task_group_decorator.py
[2022-01-03 20:40:07,709] {scheduler_job.py:633} INFO - Processing file /home/airflow/sandbox/lib/python3.8/site-packages/airflow/example_dags/example_task_group_decorator.py for tasks to queue
[2022-01-03 20:40:07,710] {logging_mixin.py:104} INFO - [2022-01-03 20:40:07,709] {dagbag.py:487} INFO - Filling up the DagBag from /home/airflow/sandbox/lib/python3.8/site-packages/airflow/example_dags/example_task_group_decorator.py
[2022-01-03 20:40:07,724] {scheduler_job.py:643} INFO - DAG(s) dict_keys(['example_task_group_decorator']) retrieved from /home/airflow/sandbox/lib/python3.8/site-packages/airflow/example_dags/example_task_group_decorator.py
[2022-01-03 20:40:08,292] {logging_mixin.py:104} INFO - [2022-01-03 20:40:08,279] {dag.py:1832} INFO - Sync 1 DAGs
[2022-01-03 20:40:08,306] {logging_mixin.py:104} INFO - [2022-01-03 20:40:08,306] {dag.py:2305} INFO - Setting next_dagrun for example_task_group_decorator to 2022-01-01 00:00:00+00:00
[2022-01-03 20:40:08,318] {scheduler_job.py:190} INFO - Processing /home/airflow/sandbox/lib/python3.8/site-packages/airflow/example_dags/example_task_group_decorator.py took 0.620 seconds
[2022-01-03 20:40:39,009] {scheduler_job.py:182} INFO - Started process (PID=14192) to work on /home/airflow/sandbox/lib/python3.8/site-packages/airflow/example_dags/example_task_group_decorator.py
[2022-01-03 20:40:39,010] {scheduler_job.py:633} INFO - Processing file /home/airflow/sandbox/lib/python3.8/site-packages/airflow/example_dags/example_task_group_decorator.py for tasks to queue
[2022-01-03 20:40:39,010] {logging_mixin.py:104} INFO - [2022-01-03 20:40:39,010] {dagbag.py:487} INFO - Filling up the DagBag from /home/airflow/sandbox/lib/python3.8/site-packages/airflow/example_dags/example_task_group_decorator.py
[2022-01-03 20:40:39,059] {scheduler_job.py:643} INFO - DAG(s) dict_keys(['example_task_group_decorator']) retrieved from /home/airflow/sandbox/lib/python3.8/site-packages/airflow/example_dags/example_task_group_decorator.py
[2022-01-03 20:40:40,393] {logging_mixin.py:104} INFO - [2022-01-03 20:40:40,393] {dag.py:1832} INFO - Sync 1 DAGs
[2022-01-03 20:40:40,428] {logging_mixin.py:104} INFO - [2022-01-03 20:40:40,428] {dag.py:2305} INFO - Setting next_dagrun for example_task_group_decorator to 2022-01-01 00:00:00+00:00
[2022-01-03 20:40:40,512] {scheduler_job.py:190} INFO - Processing /home/airflow/sandbox/lib/python3.8/site-packages/airflow/example_dags/example_task_group_decorator.py took 1.507 seconds
[2022-01-03 20:41:11,195] {scheduler_job.py:182} INFO - Started process (PID=14409) to work on /home/airflow/sandbox/lib/python3.8/site-packages/airflow/example_dags/example_task_group_decorator.py
[2022-01-03 20:41:11,198] {scheduler_job.py:633} INFO - Processing file /home/airflow/sandbox/lib/python3.8/site-packages/airflow/example_dags/example_task_group_decorator.py for tasks to queue
[2022-01-03 20:41:11,198] {logging_mixin.py:104} INFO - [2022-01-03 20:41:11,198] {dagbag.py:487} INFO - Filling up the DagBag from /home/airflow/sandbox/lib/python3.8/site-packages/airflow/example_dags/example_task_group_decorator.py
[2022-01-03 20:41:11,326] {scheduler_job.py:643} INFO - DAG(s) dict_keys(['example_task_group_decorator']) retrieved from /home/airflow/sandbox/lib/python3.8/site-packages/airflow/example_dags/example_task_group_decorator.py
[2022-01-03 20:41:12,214] {logging_mixin.py:104} INFO - [2022-01-03 20:41:12,214] {dag.py:1832} INFO - Sync 1 DAGs
[2022-01-03 20:41:12,227] {logging_mixin.py:104} INFO - [2022-01-03 20:41:12,227] {dag.py:2305} INFO - Setting next_dagrun for example_task_group_decorator to 2022-01-01 00:00:00+00:00
[2022-01-03 20:41:12,258] {scheduler_job.py:190} INFO - Processing /home/airflow/sandbox/lib/python3.8/site-packages/airflow/example_dags/example_task_group_decorator.py took 1.069 seconds
[2022-01-03 20:41:42,303] {scheduler_job.py:182} INFO - Started process (PID=14621) to work on /home/airflow/sandbox/lib/python3.8/site-packages/airflow/example_dags/example_task_group_decorator.py
[2022-01-03 20:41:42,304] {scheduler_job.py:633} INFO - Processing file /home/airflow/sandbox/lib/python3.8/site-packages/airflow/example_dags/example_task_group_decorator.py for tasks to queue
[2022-01-03 20:41:42,306] {logging_mixin.py:104} INFO - [2022-01-03 20:41:42,305] {dagbag.py:487} INFO - Filling up the DagBag from /home/airflow/sandbox/lib/python3.8/site-packages/airflow/example_dags/example_task_group_decorator.py
[2022-01-03 20:41:42,352] {scheduler_job.py:643} INFO - DAG(s) dict_keys(['example_task_group_decorator']) retrieved from /home/airflow/sandbox/lib/python3.8/site-packages/airflow/example_dags/example_task_group_decorator.py
[2022-01-03 20:41:42,875] {logging_mixin.py:104} INFO - [2022-01-03 20:41:42,875] {dag.py:1832} INFO - Sync 1 DAGs
[2022-01-03 20:41:42,898] {logging_mixin.py:104} INFO - [2022-01-03 20:41:42,897] {dag.py:2305} INFO - Setting next_dagrun for example_task_group_decorator to 2022-01-01 00:00:00+00:00
[2022-01-03 20:41:42,915] {scheduler_job.py:190} INFO - Processing /home/airflow/sandbox/lib/python3.8/site-packages/airflow/example_dags/example_task_group_decorator.py took 0.616 seconds
[2022-01-03 20:42:13,094] {scheduler_job.py:182} INFO - Started process (PID=14818) to work on /home/airflow/sandbox/lib/python3.8/site-packages/airflow/example_dags/example_task_group_decorator.py
[2022-01-03 20:42:13,097] {scheduler_job.py:633} INFO - Processing file /home/airflow/sandbox/lib/python3.8/site-packages/airflow/example_dags/example_task_group_decorator.py for tasks to queue
[2022-01-03 20:42:13,098] {logging_mixin.py:104} INFO - [2022-01-03 20:42:13,098] {dagbag.py:487} INFO - Filling up the DagBag from /home/airflow/sandbox/lib/python3.8/site-packages/airflow/example_dags/example_task_group_decorator.py
[2022-01-03 20:42:13,142] {scheduler_job.py:643} INFO - DAG(s) dict_keys(['example_task_group_decorator']) retrieved from /home/airflow/sandbox/lib/python3.8/site-packages/airflow/example_dags/example_task_group_decorator.py
[2022-01-03 20:42:13,709] {logging_mixin.py:104} INFO - [2022-01-03 20:42:13,709] {dag.py:1832} INFO - Sync 1 DAGs
[2022-01-03 20:42:13,724] {logging_mixin.py:104} INFO - [2022-01-03 20:42:13,724] {dag.py:2305} INFO - Setting next_dagrun for example_task_group_decorator to 2022-01-01 00:00:00+00:00
[2022-01-03 20:42:13,756] {scheduler_job.py:190} INFO - Processing /home/airflow/sandbox/lib/python3.8/site-packages/airflow/example_dags/example_task_group_decorator.py took 0.669 seconds
[2022-01-03 20:42:43,955] {scheduler_job.py:182} INFO - Started process (PID=15182) to work on /home/airflow/sandbox/lib/python3.8/site-packages/airflow/example_dags/example_task_group_decorator.py
[2022-01-03 20:42:43,963] {scheduler_job.py:633} INFO - Processing file /home/airflow/sandbox/lib/python3.8/site-packages/airflow/example_dags/example_task_group_decorator.py for tasks to queue
[2022-01-03 20:42:43,963] {logging_mixin.py:104} INFO - [2022-01-03 20:42:43,963] {dagbag.py:487} INFO - Filling up the DagBag from /home/airflow/sandbox/lib/python3.8/site-packages/airflow/example_dags/example_task_group_decorator.py
[2022-01-03 20:42:44,048] {scheduler_job.py:643} INFO - DAG(s) dict_keys(['example_task_group_decorator']) retrieved from /home/airflow/sandbox/lib/python3.8/site-packages/airflow/example_dags/example_task_group_decorator.py
[2022-01-03 20:42:44,694] {logging_mixin.py:104} INFO - [2022-01-03 20:42:44,693] {dag.py:1832} INFO - Sync 1 DAGs
[2022-01-03 20:42:44,714] {logging_mixin.py:104} INFO - [2022-01-03 20:42:44,714] {dag.py:2305} INFO - Setting next_dagrun for example_task_group_decorator to 2022-01-01 00:00:00+00:00
[2022-01-03 20:42:44,744] {scheduler_job.py:190} INFO - Processing /home/airflow/sandbox/lib/python3.8/site-packages/airflow/example_dags/example_task_group_decorator.py took 0.794 seconds
[2022-01-03 20:43:15,470] {scheduler_job.py:182} INFO - Started process (PID=15458) to work on /home/airflow/sandbox/lib/python3.8/site-packages/airflow/example_dags/example_task_group_decorator.py
[2022-01-03 20:43:15,483] {scheduler_job.py:633} INFO - Processing file /home/airflow/sandbox/lib/python3.8/site-packages/airflow/example_dags/example_task_group_decorator.py for tasks to queue
[2022-01-03 20:43:15,483] {logging_mixin.py:104} INFO - [2022-01-03 20:43:15,483] {dagbag.py:487} INFO - Filling up the DagBag from /home/airflow/sandbox/lib/python3.8/site-packages/airflow/example_dags/example_task_group_decorator.py
[2022-01-03 20:43:15,705] {scheduler_job.py:643} INFO - DAG(s) dict_keys(['example_task_group_decorator']) retrieved from /home/airflow/sandbox/lib/python3.8/site-packages/airflow/example_dags/example_task_group_decorator.py
[2022-01-03 20:43:16,396] {logging_mixin.py:104} INFO - [2022-01-03 20:43:16,396] {dag.py:1832} INFO - Sync 1 DAGs
[2022-01-03 20:43:16,411] {logging_mixin.py:104} INFO - [2022-01-03 20:43:16,411] {dag.py:2305} INFO - Setting next_dagrun for example_task_group_decorator to 2022-01-01 00:00:00+00:00
[2022-01-03 20:43:16,436] {scheduler_job.py:190} INFO - Processing /home/airflow/sandbox/lib/python3.8/site-packages/airflow/example_dags/example_task_group_decorator.py took 0.968 seconds
[2022-01-03 20:43:46,780] {scheduler_job.py:182} INFO - Started process (PID=15664) to work on /home/airflow/sandbox/lib/python3.8/site-packages/airflow/example_dags/example_task_group_decorator.py
[2022-01-03 20:43:46,781] {scheduler_job.py:633} INFO - Processing file /home/airflow/sandbox/lib/python3.8/site-packages/airflow/example_dags/example_task_group_decorator.py for tasks to queue
[2022-01-03 20:43:46,782] {logging_mixin.py:104} INFO - [2022-01-03 20:43:46,782] {dagbag.py:487} INFO - Filling up the DagBag from /home/airflow/sandbox/lib/python3.8/site-packages/airflow/example_dags/example_task_group_decorator.py
[2022-01-03 20:43:47,033] {scheduler_job.py:643} INFO - DAG(s) dict_keys(['example_task_group_decorator']) retrieved from /home/airflow/sandbox/lib/python3.8/site-packages/airflow/example_dags/example_task_group_decorator.py
[2022-01-03 20:43:47,459] {logging_mixin.py:104} INFO - [2022-01-03 20:43:47,459] {dag.py:1832} INFO - Sync 1 DAGs
[2022-01-03 20:43:47,489] {logging_mixin.py:104} INFO - [2022-01-03 20:43:47,489] {dag.py:2305} INFO - Setting next_dagrun for example_task_group_decorator to 2022-01-01 00:00:00+00:00
[2022-01-03 20:43:47,501] {scheduler_job.py:190} INFO - Processing /home/airflow/sandbox/lib/python3.8/site-packages/airflow/example_dags/example_task_group_decorator.py took 0.746 seconds
[2022-01-03 20:44:17,660] {scheduler_job.py:182} INFO - Started process (PID=15865) to work on /home/airflow/sandbox/lib/python3.8/site-packages/airflow/example_dags/example_task_group_decorator.py
[2022-01-03 20:44:17,663] {scheduler_job.py:633} INFO - Processing file /home/airflow/sandbox/lib/python3.8/site-packages/airflow/example_dags/example_task_group_decorator.py for tasks to queue
[2022-01-03 20:44:17,663] {logging_mixin.py:104} INFO - [2022-01-03 20:44:17,663] {dagbag.py:487} INFO - Filling up the DagBag from /home/airflow/sandbox/lib/python3.8/site-packages/airflow/example_dags/example_task_group_decorator.py
[2022-01-03 20:44:17,804] {scheduler_job.py:643} INFO - DAG(s) dict_keys(['example_task_group_decorator']) retrieved from /home/airflow/sandbox/lib/python3.8/site-packages/airflow/example_dags/example_task_group_decorator.py
[2022-01-03 20:44:18,248] {logging_mixin.py:104} INFO - [2022-01-03 20:44:18,247] {dag.py:1832} INFO - Sync 1 DAGs
[2022-01-03 20:44:18,278] {logging_mixin.py:104} INFO - [2022-01-03 20:44:18,278] {dag.py:2305} INFO - Setting next_dagrun for example_task_group_decorator to 2022-01-01 00:00:00+00:00
[2022-01-03 20:44:18,300] {scheduler_job.py:190} INFO - Processing /home/airflow/sandbox/lib/python3.8/site-packages/airflow/example_dags/example_task_group_decorator.py took 0.644 seconds
[2022-01-03 20:44:48,463] {scheduler_job.py:182} INFO - Started process (PID=16065) to work on /home/airflow/sandbox/lib/python3.8/site-packages/airflow/example_dags/example_task_group_decorator.py
[2022-01-03 20:44:48,485] {scheduler_job.py:633} INFO - Processing file /home/airflow/sandbox/lib/python3.8/site-packages/airflow/example_dags/example_task_group_decorator.py for tasks to queue
[2022-01-03 20:44:48,487] {logging_mixin.py:104} INFO - [2022-01-03 20:44:48,487] {dagbag.py:487} INFO - Filling up the DagBag from /home/airflow/sandbox/lib/python3.8/site-packages/airflow/example_dags/example_task_group_decorator.py
[2022-01-03 20:44:48,631] {scheduler_job.py:643} INFO - DAG(s) dict_keys(['example_task_group_decorator']) retrieved from /home/airflow/sandbox/lib/python3.8/site-packages/airflow/example_dags/example_task_group_decorator.py
[2022-01-03 20:44:49,002] {logging_mixin.py:104} INFO - [2022-01-03 20:44:49,002] {dag.py:1832} INFO - Sync 1 DAGs
[2022-01-03 20:44:49,015] {logging_mixin.py:104} INFO - [2022-01-03 20:44:49,014] {dag.py:2305} INFO - Setting next_dagrun for example_task_group_decorator to 2022-01-01 00:00:00+00:00
[2022-01-03 20:44:49,045] {scheduler_job.py:190} INFO - Processing /home/airflow/sandbox/lib/python3.8/site-packages/airflow/example_dags/example_task_group_decorator.py took 0.588 seconds
