[2022-01-03 20:19:34,564] {scheduler_job.py:182} INFO - Started process (PID=3339) to work on /home/airflow/sandbox/lib/python3.8/site-packages/airflow/example_dags/example_branch_labels.py
[2022-01-03 20:19:34,566] {scheduler_job.py:633} INFO - Processing file /home/airflow/sandbox/lib/python3.8/site-packages/airflow/example_dags/example_branch_labels.py for tasks to queue
[2022-01-03 20:19:34,567] {logging_mixin.py:104} INFO - [2022-01-03 20:19:34,567] {dagbag.py:487} INFO - Filling up the DagBag from /home/airflow/sandbox/lib/python3.8/site-packages/airflow/example_dags/example_branch_labels.py
[2022-01-03 20:19:34,596] {scheduler_job.py:643} INFO - DAG(s) dict_keys(['example_branch_labels']) retrieved from /home/airflow/sandbox/lib/python3.8/site-packages/airflow/example_dags/example_branch_labels.py
[2022-01-03 20:19:35,406] {logging_mixin.py:104} INFO - [2022-01-03 20:19:35,406] {dag.py:1832} INFO - Sync 1 DAGs
[2022-01-03 20:19:35,459] {logging_mixin.py:104} INFO - [2022-01-03 20:19:35,459] {dag.py:2305} INFO - Setting next_dagrun for example_branch_labels to 2022-01-01 00:00:00+00:00
[2022-01-03 20:19:35,502] {scheduler_job.py:190} INFO - Processing /home/airflow/sandbox/lib/python3.8/site-packages/airflow/example_dags/example_branch_labels.py took 0.944 seconds
[2022-01-03 20:20:18,162] {scheduler_job.py:182} INFO - Started process (PID=3498) to work on /home/airflow/sandbox/lib/python3.8/site-packages/airflow/example_dags/example_branch_labels.py
[2022-01-03 20:20:18,164] {scheduler_job.py:633} INFO - Processing file /home/airflow/sandbox/lib/python3.8/site-packages/airflow/example_dags/example_branch_labels.py for tasks to queue
[2022-01-03 20:20:18,166] {logging_mixin.py:104} INFO - [2022-01-03 20:20:18,166] {dagbag.py:487} INFO - Filling up the DagBag from /home/airflow/sandbox/lib/python3.8/site-packages/airflow/example_dags/example_branch_labels.py
[2022-01-03 20:20:18,190] {scheduler_job.py:643} INFO - DAG(s) dict_keys(['example_branch_labels']) retrieved from /home/airflow/sandbox/lib/python3.8/site-packages/airflow/example_dags/example_branch_labels.py
[2022-01-03 20:20:18,201] {logging_mixin.py:104} INFO - [2022-01-03 20:20:18,201] {dag.py:1832} INFO - Sync 1 DAGs
[2022-01-03 20:20:18,210] {logging_mixin.py:104} INFO - [2022-01-03 20:20:18,210] {dag.py:2305} INFO - Setting next_dagrun for example_branch_labels to 2022-01-01 00:00:00+00:00
[2022-01-03 20:20:18,238] {scheduler_job.py:190} INFO - Processing /home/airflow/sandbox/lib/python3.8/site-packages/airflow/example_dags/example_branch_labels.py took 0.081 seconds
[2022-01-03 20:20:59,643] {scheduler_job.py:182} INFO - Started process (PID=3532) to work on /home/airflow/sandbox/lib/python3.8/site-packages/airflow/example_dags/example_branch_labels.py
[2022-01-03 20:20:59,644] {scheduler_job.py:633} INFO - Processing file /home/airflow/sandbox/lib/python3.8/site-packages/airflow/example_dags/example_branch_labels.py for tasks to queue
[2022-01-03 20:20:59,644] {logging_mixin.py:104} INFO - [2022-01-03 20:20:59,644] {dagbag.py:487} INFO - Filling up the DagBag from /home/airflow/sandbox/lib/python3.8/site-packages/airflow/example_dags/example_branch_labels.py
[2022-01-03 20:20:59,654] {scheduler_job.py:643} INFO - DAG(s) dict_keys(['example_branch_labels']) retrieved from /home/airflow/sandbox/lib/python3.8/site-packages/airflow/example_dags/example_branch_labels.py
[2022-01-03 20:20:59,687] {logging_mixin.py:104} INFO - [2022-01-03 20:20:59,687] {dag.py:1832} INFO - Sync 1 DAGs
[2022-01-03 20:20:59,704] {logging_mixin.py:104} INFO - [2022-01-03 20:20:59,704] {dag.py:2305} INFO - Setting next_dagrun for example_branch_labels to 2022-01-01 00:00:00+00:00
[2022-01-03 20:20:59,734] {scheduler_job.py:190} INFO - Processing /home/airflow/sandbox/lib/python3.8/site-packages/airflow/example_dags/example_branch_labels.py took 0.094 seconds
[2022-01-03 20:21:42,702] {scheduler_job.py:182} INFO - Started process (PID=3569) to work on /home/airflow/sandbox/lib/python3.8/site-packages/airflow/example_dags/example_branch_labels.py
[2022-01-03 20:21:42,703] {scheduler_job.py:633} INFO - Processing file /home/airflow/sandbox/lib/python3.8/site-packages/airflow/example_dags/example_branch_labels.py for tasks to queue
[2022-01-03 20:21:42,704] {logging_mixin.py:104} INFO - [2022-01-03 20:21:42,704] {dagbag.py:487} INFO - Filling up the DagBag from /home/airflow/sandbox/lib/python3.8/site-packages/airflow/example_dags/example_branch_labels.py
[2022-01-03 20:21:42,730] {scheduler_job.py:643} INFO - DAG(s) dict_keys(['example_branch_labels']) retrieved from /home/airflow/sandbox/lib/python3.8/site-packages/airflow/example_dags/example_branch_labels.py
[2022-01-03 20:21:42,747] {logging_mixin.py:104} INFO - [2022-01-03 20:21:42,747] {dag.py:1832} INFO - Sync 1 DAGs
[2022-01-03 20:21:42,781] {logging_mixin.py:104} INFO - [2022-01-03 20:21:42,781] {dag.py:2305} INFO - Setting next_dagrun for example_branch_labels to 2022-01-01 00:00:00+00:00
[2022-01-03 20:21:42,797] {scheduler_job.py:190} INFO - Processing /home/airflow/sandbox/lib/python3.8/site-packages/airflow/example_dags/example_branch_labels.py took 0.097 seconds
[2022-01-03 20:22:21,591] {scheduler_job.py:182} INFO - Started process (PID=3644) to work on /home/airflow/sandbox/lib/python3.8/site-packages/airflow/example_dags/example_branch_labels.py
[2022-01-03 20:22:21,592] {scheduler_job.py:633} INFO - Processing file /home/airflow/sandbox/lib/python3.8/site-packages/airflow/example_dags/example_branch_labels.py for tasks to queue
[2022-01-03 20:22:21,593] {logging_mixin.py:104} INFO - [2022-01-03 20:22:21,593] {dagbag.py:487} INFO - Filling up the DagBag from /home/airflow/sandbox/lib/python3.8/site-packages/airflow/example_dags/example_branch_labels.py
[2022-01-03 20:22:21,607] {scheduler_job.py:643} INFO - DAG(s) dict_keys(['example_branch_labels']) retrieved from /home/airflow/sandbox/lib/python3.8/site-packages/airflow/example_dags/example_branch_labels.py
[2022-01-03 20:22:21,652] {logging_mixin.py:104} INFO - [2022-01-03 20:22:21,652] {dag.py:1832} INFO - Sync 1 DAGs
[2022-01-03 20:22:21,692] {logging_mixin.py:104} INFO - [2022-01-03 20:22:21,692] {dag.py:2305} INFO - Setting next_dagrun for example_branch_labels to 2022-01-01 00:00:00+00:00
[2022-01-03 20:22:21,706] {scheduler_job.py:190} INFO - Processing /home/airflow/sandbox/lib/python3.8/site-packages/airflow/example_dags/example_branch_labels.py took 0.117 seconds
[2022-01-03 20:23:01,193] {scheduler_job.py:182} INFO - Started process (PID=3740) to work on /home/airflow/sandbox/lib/python3.8/site-packages/airflow/example_dags/example_branch_labels.py
[2022-01-03 20:23:01,195] {scheduler_job.py:633} INFO - Processing file /home/airflow/sandbox/lib/python3.8/site-packages/airflow/example_dags/example_branch_labels.py for tasks to queue
[2022-01-03 20:23:01,197] {logging_mixin.py:104} INFO - [2022-01-03 20:23:01,197] {dagbag.py:487} INFO - Filling up the DagBag from /home/airflow/sandbox/lib/python3.8/site-packages/airflow/example_dags/example_branch_labels.py
[2022-01-03 20:23:01,232] {scheduler_job.py:643} INFO - DAG(s) dict_keys(['example_branch_labels']) retrieved from /home/airflow/sandbox/lib/python3.8/site-packages/airflow/example_dags/example_branch_labels.py
[2022-01-03 20:23:01,256] {logging_mixin.py:104} INFO - [2022-01-03 20:23:01,256] {dag.py:1832} INFO - Sync 1 DAGs
[2022-01-03 20:23:01,286] {logging_mixin.py:104} INFO - [2022-01-03 20:23:01,286] {dag.py:2305} INFO - Setting next_dagrun for example_branch_labels to 2022-01-01 00:00:00+00:00
[2022-01-03 20:23:01,298] {scheduler_job.py:190} INFO - Processing /home/airflow/sandbox/lib/python3.8/site-packages/airflow/example_dags/example_branch_labels.py took 0.111 seconds
[2022-01-03 20:23:48,135] {scheduler_job.py:182} INFO - Started process (PID=4340) to work on /home/airflow/sandbox/lib/python3.8/site-packages/airflow/example_dags/example_branch_labels.py
[2022-01-03 20:23:48,135] {scheduler_job.py:633} INFO - Processing file /home/airflow/sandbox/lib/python3.8/site-packages/airflow/example_dags/example_branch_labels.py for tasks to queue
[2022-01-03 20:23:48,136] {logging_mixin.py:104} INFO - [2022-01-03 20:23:48,136] {dagbag.py:487} INFO - Filling up the DagBag from /home/airflow/sandbox/lib/python3.8/site-packages/airflow/example_dags/example_branch_labels.py
[2022-01-03 20:23:48,150] {scheduler_job.py:643} INFO - DAG(s) dict_keys(['example_branch_labels']) retrieved from /home/airflow/sandbox/lib/python3.8/site-packages/airflow/example_dags/example_branch_labels.py
[2022-01-03 20:23:48,183] {logging_mixin.py:104} INFO - [2022-01-03 20:23:48,183] {dag.py:1832} INFO - Sync 1 DAGs
[2022-01-03 20:23:48,227] {logging_mixin.py:104} INFO - [2022-01-03 20:23:48,227] {dag.py:2305} INFO - Setting next_dagrun for example_branch_labels to 2022-01-01 00:00:00+00:00
[2022-01-03 20:23:48,241] {scheduler_job.py:190} INFO - Processing /home/airflow/sandbox/lib/python3.8/site-packages/airflow/example_dags/example_branch_labels.py took 0.109 seconds
[2022-01-03 20:24:29,855] {scheduler_job.py:182} INFO - Started process (PID=4438) to work on /home/airflow/sandbox/lib/python3.8/site-packages/airflow/example_dags/example_branch_labels.py
[2022-01-03 20:24:29,856] {scheduler_job.py:633} INFO - Processing file /home/airflow/sandbox/lib/python3.8/site-packages/airflow/example_dags/example_branch_labels.py for tasks to queue
[2022-01-03 20:24:29,858] {logging_mixin.py:104} INFO - [2022-01-03 20:24:29,858] {dagbag.py:487} INFO - Filling up the DagBag from /home/airflow/sandbox/lib/python3.8/site-packages/airflow/example_dags/example_branch_labels.py
[2022-01-03 20:24:29,872] {scheduler_job.py:643} INFO - DAG(s) dict_keys(['example_branch_labels']) retrieved from /home/airflow/sandbox/lib/python3.8/site-packages/airflow/example_dags/example_branch_labels.py
[2022-01-03 20:24:29,899] {logging_mixin.py:104} INFO - [2022-01-03 20:24:29,898] {dag.py:1832} INFO - Sync 1 DAGs
[2022-01-03 20:24:29,928] {logging_mixin.py:104} INFO - [2022-01-03 20:24:29,927] {dag.py:2305} INFO - Setting next_dagrun for example_branch_labels to 2022-01-01 00:00:00+00:00
[2022-01-03 20:24:29,953] {scheduler_job.py:190} INFO - Processing /home/airflow/sandbox/lib/python3.8/site-packages/airflow/example_dags/example_branch_labels.py took 0.100 seconds
[2022-01-03 20:25:20,374] {scheduler_job.py:182} INFO - Started process (PID=6156) to work on /home/airflow/sandbox/lib/python3.8/site-packages/airflow/example_dags/example_branch_labels.py
[2022-01-03 20:25:20,375] {scheduler_job.py:633} INFO - Processing file /home/airflow/sandbox/lib/python3.8/site-packages/airflow/example_dags/example_branch_labels.py for tasks to queue
[2022-01-03 20:25:20,376] {logging_mixin.py:104} INFO - [2022-01-03 20:25:20,376] {dagbag.py:487} INFO - Filling up the DagBag from /home/airflow/sandbox/lib/python3.8/site-packages/airflow/example_dags/example_branch_labels.py
[2022-01-03 20:25:20,387] {scheduler_job.py:643} INFO - DAG(s) dict_keys(['example_branch_labels']) retrieved from /home/airflow/sandbox/lib/python3.8/site-packages/airflow/example_dags/example_branch_labels.py
[2022-01-03 20:25:20,457] {logging_mixin.py:104} INFO - [2022-01-03 20:25:20,457] {dag.py:1832} INFO - Sync 1 DAGs
[2022-01-03 20:25:20,487] {logging_mixin.py:104} INFO - [2022-01-03 20:25:20,487] {dag.py:2305} INFO - Setting next_dagrun for example_branch_labels to 2022-01-01 00:00:00+00:00
[2022-01-03 20:25:20,528] {scheduler_job.py:190} INFO - Processing /home/airflow/sandbox/lib/python3.8/site-packages/airflow/example_dags/example_branch_labels.py took 0.171 seconds
[2022-01-03 20:26:07,352] {scheduler_job.py:182} INFO - Started process (PID=8116) to work on /home/airflow/sandbox/lib/python3.8/site-packages/airflow/example_dags/example_branch_labels.py
[2022-01-03 20:26:07,353] {scheduler_job.py:633} INFO - Processing file /home/airflow/sandbox/lib/python3.8/site-packages/airflow/example_dags/example_branch_labels.py for tasks to queue
[2022-01-03 20:26:07,353] {logging_mixin.py:104} INFO - [2022-01-03 20:26:07,353] {dagbag.py:487} INFO - Filling up the DagBag from /home/airflow/sandbox/lib/python3.8/site-packages/airflow/example_dags/example_branch_labels.py
[2022-01-03 20:26:07,384] {scheduler_job.py:643} INFO - DAG(s) dict_keys(['example_branch_labels']) retrieved from /home/airflow/sandbox/lib/python3.8/site-packages/airflow/example_dags/example_branch_labels.py
[2022-01-03 20:26:07,409] {logging_mixin.py:104} INFO - [2022-01-03 20:26:07,408] {dag.py:1832} INFO - Sync 1 DAGs
[2022-01-03 20:26:07,452] {logging_mixin.py:104} INFO - [2022-01-03 20:26:07,451] {dag.py:2305} INFO - Setting next_dagrun for example_branch_labels to 2022-01-01 00:00:00+00:00
[2022-01-03 20:26:07,485] {scheduler_job.py:190} INFO - Processing /home/airflow/sandbox/lib/python3.8/site-packages/airflow/example_dags/example_branch_labels.py took 0.135 seconds
[2022-01-03 20:26:51,040] {scheduler_job.py:182} INFO - Started process (PID=8271) to work on /home/airflow/sandbox/lib/python3.8/site-packages/airflow/example_dags/example_branch_labels.py
[2022-01-03 20:26:51,040] {scheduler_job.py:633} INFO - Processing file /home/airflow/sandbox/lib/python3.8/site-packages/airflow/example_dags/example_branch_labels.py for tasks to queue
[2022-01-03 20:26:51,041] {logging_mixin.py:104} INFO - [2022-01-03 20:26:51,041] {dagbag.py:487} INFO - Filling up the DagBag from /home/airflow/sandbox/lib/python3.8/site-packages/airflow/example_dags/example_branch_labels.py
[2022-01-03 20:26:51,052] {scheduler_job.py:643} INFO - DAG(s) dict_keys(['example_branch_labels']) retrieved from /home/airflow/sandbox/lib/python3.8/site-packages/airflow/example_dags/example_branch_labels.py
[2022-01-03 20:26:51,087] {logging_mixin.py:104} INFO - [2022-01-03 20:26:51,086] {dag.py:1832} INFO - Sync 1 DAGs
[2022-01-03 20:26:51,130] {logging_mixin.py:104} INFO - [2022-01-03 20:26:51,130] {dag.py:2305} INFO - Setting next_dagrun for example_branch_labels to 2022-01-01 00:00:00+00:00
[2022-01-03 20:26:51,156] {scheduler_job.py:190} INFO - Processing /home/airflow/sandbox/lib/python3.8/site-packages/airflow/example_dags/example_branch_labels.py took 0.120 seconds
[2022-01-03 20:27:29,786] {scheduler_job.py:182} INFO - Started process (PID=8462) to work on /home/airflow/sandbox/lib/python3.8/site-packages/airflow/example_dags/example_branch_labels.py
[2022-01-03 20:27:29,787] {scheduler_job.py:633} INFO - Processing file /home/airflow/sandbox/lib/python3.8/site-packages/airflow/example_dags/example_branch_labels.py for tasks to queue
[2022-01-03 20:27:29,789] {logging_mixin.py:104} INFO - [2022-01-03 20:27:29,789] {dagbag.py:487} INFO - Filling up the DagBag from /home/airflow/sandbox/lib/python3.8/site-packages/airflow/example_dags/example_branch_labels.py
[2022-01-03 20:27:29,802] {scheduler_job.py:643} INFO - DAG(s) dict_keys(['example_branch_labels']) retrieved from /home/airflow/sandbox/lib/python3.8/site-packages/airflow/example_dags/example_branch_labels.py
[2022-01-03 20:27:29,827] {logging_mixin.py:104} INFO - [2022-01-03 20:27:29,827] {dag.py:1832} INFO - Sync 1 DAGs
[2022-01-03 20:27:29,846] {logging_mixin.py:104} INFO - [2022-01-03 20:27:29,846] {dag.py:2305} INFO - Setting next_dagrun for example_branch_labels to 2022-01-01 00:00:00+00:00
[2022-01-03 20:27:29,857] {scheduler_job.py:190} INFO - Processing /home/airflow/sandbox/lib/python3.8/site-packages/airflow/example_dags/example_branch_labels.py took 0.076 seconds
[2022-01-03 20:28:12,476] {scheduler_job.py:182} INFO - Started process (PID=8637) to work on /home/airflow/sandbox/lib/python3.8/site-packages/airflow/example_dags/example_branch_labels.py
[2022-01-03 20:28:12,482] {scheduler_job.py:633} INFO - Processing file /home/airflow/sandbox/lib/python3.8/site-packages/airflow/example_dags/example_branch_labels.py for tasks to queue
[2022-01-03 20:28:12,486] {logging_mixin.py:104} INFO - [2022-01-03 20:28:12,486] {dagbag.py:487} INFO - Filling up the DagBag from /home/airflow/sandbox/lib/python3.8/site-packages/airflow/example_dags/example_branch_labels.py
[2022-01-03 20:28:12,530] {scheduler_job.py:643} INFO - DAG(s) dict_keys(['example_branch_labels']) retrieved from /home/airflow/sandbox/lib/python3.8/site-packages/airflow/example_dags/example_branch_labels.py
[2022-01-03 20:28:12,634] {logging_mixin.py:104} INFO - [2022-01-03 20:28:12,634] {dag.py:1832} INFO - Sync 1 DAGs
[2022-01-03 20:28:12,723] {logging_mixin.py:104} INFO - [2022-01-03 20:28:12,723] {dag.py:2305} INFO - Setting next_dagrun for example_branch_labels to 2022-01-01 00:00:00+00:00
[2022-01-03 20:28:12,744] {scheduler_job.py:190} INFO - Processing /home/airflow/sandbox/lib/python3.8/site-packages/airflow/example_dags/example_branch_labels.py took 0.295 seconds
[2022-01-03 20:29:02,831] {scheduler_job.py:182} INFO - Started process (PID=8716) to work on /home/airflow/sandbox/lib/python3.8/site-packages/airflow/example_dags/example_branch_labels.py
[2022-01-03 20:29:02,835] {scheduler_job.py:633} INFO - Processing file /home/airflow/sandbox/lib/python3.8/site-packages/airflow/example_dags/example_branch_labels.py for tasks to queue
[2022-01-03 20:29:02,836] {logging_mixin.py:104} INFO - [2022-01-03 20:29:02,836] {dagbag.py:487} INFO - Filling up the DagBag from /home/airflow/sandbox/lib/python3.8/site-packages/airflow/example_dags/example_branch_labels.py
[2022-01-03 20:29:02,843] {scheduler_job.py:643} INFO - DAG(s) dict_keys(['example_branch_labels']) retrieved from /home/airflow/sandbox/lib/python3.8/site-packages/airflow/example_dags/example_branch_labels.py
[2022-01-03 20:29:02,876] {logging_mixin.py:104} INFO - [2022-01-03 20:29:02,875] {dag.py:1832} INFO - Sync 1 DAGs
[2022-01-03 20:29:02,889] {logging_mixin.py:104} INFO - [2022-01-03 20:29:02,888] {dag.py:2305} INFO - Setting next_dagrun for example_branch_labels to 2022-01-01 00:00:00+00:00
[2022-01-03 20:29:02,899] {scheduler_job.py:190} INFO - Processing /home/airflow/sandbox/lib/python3.8/site-packages/airflow/example_dags/example_branch_labels.py took 0.072 seconds
[2022-01-03 20:29:51,231] {scheduler_job.py:182} INFO - Started process (PID=8824) to work on /home/airflow/sandbox/lib/python3.8/site-packages/airflow/example_dags/example_branch_labels.py
[2022-01-03 20:29:51,232] {scheduler_job.py:633} INFO - Processing file /home/airflow/sandbox/lib/python3.8/site-packages/airflow/example_dags/example_branch_labels.py for tasks to queue
[2022-01-03 20:29:51,232] {logging_mixin.py:104} INFO - [2022-01-03 20:29:51,232] {dagbag.py:487} INFO - Filling up the DagBag from /home/airflow/sandbox/lib/python3.8/site-packages/airflow/example_dags/example_branch_labels.py
[2022-01-03 20:29:51,242] {scheduler_job.py:643} INFO - DAG(s) dict_keys(['example_branch_labels']) retrieved from /home/airflow/sandbox/lib/python3.8/site-packages/airflow/example_dags/example_branch_labels.py
[2022-01-03 20:29:51,279] {logging_mixin.py:104} INFO - [2022-01-03 20:29:51,279] {dag.py:1832} INFO - Sync 1 DAGs
[2022-01-03 20:29:51,293] {logging_mixin.py:104} INFO - [2022-01-03 20:29:51,293] {dag.py:2305} INFO - Setting next_dagrun for example_branch_labels to 2022-01-01 00:00:00+00:00
[2022-01-03 20:29:51,319] {scheduler_job.py:190} INFO - Processing /home/airflow/sandbox/lib/python3.8/site-packages/airflow/example_dags/example_branch_labels.py took 0.091 seconds
[2022-01-03 20:33:00,686] {scheduler_job.py:182} INFO - Started process (PID=9782) to work on /home/airflow/sandbox/lib/python3.8/site-packages/airflow/example_dags/example_branch_labels.py
[2022-01-03 20:33:00,824] {scheduler_job.py:633} INFO - Processing file /home/airflow/sandbox/lib/python3.8/site-packages/airflow/example_dags/example_branch_labels.py for tasks to queue
[2022-01-03 20:33:00,827] {logging_mixin.py:104} INFO - [2022-01-03 20:33:00,827] {dagbag.py:487} INFO - Filling up the DagBag from /home/airflow/sandbox/lib/python3.8/site-packages/airflow/example_dags/example_branch_labels.py
[2022-01-03 20:33:00,928] {scheduler_job.py:643} INFO - DAG(s) dict_keys(['example_branch_labels']) retrieved from /home/airflow/sandbox/lib/python3.8/site-packages/airflow/example_dags/example_branch_labels.py
[2022-01-03 20:33:01,385] {logging_mixin.py:104} INFO - [2022-01-03 20:33:01,385] {dag.py:1832} INFO - Sync 1 DAGs
[2022-01-03 20:33:01,534] {logging_mixin.py:104} INFO - [2022-01-03 20:33:01,534] {dag.py:2305} INFO - Setting next_dagrun for example_branch_labels to 2022-01-01 00:00:00+00:00
[2022-01-03 20:33:01,621] {scheduler_job.py:190} INFO - Processing /home/airflow/sandbox/lib/python3.8/site-packages/airflow/example_dags/example_branch_labels.py took 0.937 seconds
[2022-01-03 20:33:31,816] {scheduler_job.py:182} INFO - Started process (PID=10041) to work on /home/airflow/sandbox/lib/python3.8/site-packages/airflow/example_dags/example_branch_labels.py
[2022-01-03 20:33:31,818] {scheduler_job.py:633} INFO - Processing file /home/airflow/sandbox/lib/python3.8/site-packages/airflow/example_dags/example_branch_labels.py for tasks to queue
[2022-01-03 20:33:31,824] {logging_mixin.py:104} INFO - [2022-01-03 20:33:31,819] {dagbag.py:487} INFO - Filling up the DagBag from /home/airflow/sandbox/lib/python3.8/site-packages/airflow/example_dags/example_branch_labels.py
[2022-01-03 20:33:31,871] {scheduler_job.py:643} INFO - DAG(s) dict_keys(['example_branch_labels']) retrieved from /home/airflow/sandbox/lib/python3.8/site-packages/airflow/example_dags/example_branch_labels.py
[2022-01-03 20:33:31,989] {logging_mixin.py:104} INFO - [2022-01-03 20:33:31,989] {dag.py:1832} INFO - Sync 1 DAGs
[2022-01-03 20:33:32,141] {logging_mixin.py:104} INFO - [2022-01-03 20:33:32,140] {dag.py:2305} INFO - Setting next_dagrun for example_branch_labels to 2022-01-01 00:00:00+00:00
[2022-01-03 20:33:32,228] {scheduler_job.py:190} INFO - Processing /home/airflow/sandbox/lib/python3.8/site-packages/airflow/example_dags/example_branch_labels.py took 0.415 seconds
[2022-01-03 20:34:02,930] {scheduler_job.py:182} INFO - Started process (PID=10347) to work on /home/airflow/sandbox/lib/python3.8/site-packages/airflow/example_dags/example_branch_labels.py
[2022-01-03 20:34:02,933] {scheduler_job.py:633} INFO - Processing file /home/airflow/sandbox/lib/python3.8/site-packages/airflow/example_dags/example_branch_labels.py for tasks to queue
[2022-01-03 20:34:02,933] {logging_mixin.py:104} INFO - [2022-01-03 20:34:02,933] {dagbag.py:487} INFO - Filling up the DagBag from /home/airflow/sandbox/lib/python3.8/site-packages/airflow/example_dags/example_branch_labels.py
[2022-01-03 20:34:02,980] {scheduler_job.py:643} INFO - DAG(s) dict_keys(['example_branch_labels']) retrieved from /home/airflow/sandbox/lib/python3.8/site-packages/airflow/example_dags/example_branch_labels.py
[2022-01-03 20:34:03,088] {logging_mixin.py:104} INFO - [2022-01-03 20:34:03,088] {dag.py:1832} INFO - Sync 1 DAGs
[2022-01-03 20:34:03,191] {logging_mixin.py:104} INFO - [2022-01-03 20:34:03,191] {dag.py:2305} INFO - Setting next_dagrun for example_branch_labels to 2022-01-01 00:00:00+00:00
[2022-01-03 20:34:03,240] {scheduler_job.py:190} INFO - Processing /home/airflow/sandbox/lib/python3.8/site-packages/airflow/example_dags/example_branch_labels.py took 0.317 seconds
[2022-01-03 20:34:34,370] {scheduler_job.py:182} INFO - Started process (PID=11617) to work on /home/airflow/sandbox/lib/python3.8/site-packages/airflow/example_dags/example_branch_labels.py
[2022-01-03 20:34:34,371] {scheduler_job.py:633} INFO - Processing file /home/airflow/sandbox/lib/python3.8/site-packages/airflow/example_dags/example_branch_labels.py for tasks to queue
[2022-01-03 20:34:34,371] {logging_mixin.py:104} INFO - [2022-01-03 20:34:34,371] {dagbag.py:487} INFO - Filling up the DagBag from /home/airflow/sandbox/lib/python3.8/site-packages/airflow/example_dags/example_branch_labels.py
[2022-01-03 20:34:34,385] {scheduler_job.py:643} INFO - DAG(s) dict_keys(['example_branch_labels']) retrieved from /home/airflow/sandbox/lib/python3.8/site-packages/airflow/example_dags/example_branch_labels.py
[2022-01-03 20:34:34,734] {logging_mixin.py:104} INFO - [2022-01-03 20:34:34,734] {dag.py:1832} INFO - Sync 1 DAGs
[2022-01-03 20:34:34,782] {logging_mixin.py:104} INFO - [2022-01-03 20:34:34,782] {dag.py:2305} INFO - Setting next_dagrun for example_branch_labels to 2022-01-01 00:00:00+00:00
[2022-01-03 20:34:34,824] {scheduler_job.py:190} INFO - Processing /home/airflow/sandbox/lib/python3.8/site-packages/airflow/example_dags/example_branch_labels.py took 0.458 seconds
[2022-01-03 20:35:06,188] {scheduler_job.py:182} INFO - Started process (PID=11850) to work on /home/airflow/sandbox/lib/python3.8/site-packages/airflow/example_dags/example_branch_labels.py
[2022-01-03 20:35:06,189] {scheduler_job.py:633} INFO - Processing file /home/airflow/sandbox/lib/python3.8/site-packages/airflow/example_dags/example_branch_labels.py for tasks to queue
[2022-01-03 20:35:06,191] {logging_mixin.py:104} INFO - [2022-01-03 20:35:06,191] {dagbag.py:487} INFO - Filling up the DagBag from /home/airflow/sandbox/lib/python3.8/site-packages/airflow/example_dags/example_branch_labels.py
[2022-01-03 20:35:06,290] {scheduler_job.py:643} INFO - DAG(s) dict_keys(['example_branch_labels']) retrieved from /home/airflow/sandbox/lib/python3.8/site-packages/airflow/example_dags/example_branch_labels.py
[2022-01-03 20:35:06,386] {logging_mixin.py:104} INFO - [2022-01-03 20:35:06,385] {dag.py:1832} INFO - Sync 1 DAGs
[2022-01-03 20:35:06,525] {logging_mixin.py:104} INFO - [2022-01-03 20:35:06,525] {dag.py:2305} INFO - Setting next_dagrun for example_branch_labels to 2022-01-01 00:00:00+00:00
[2022-01-03 20:35:06,539] {scheduler_job.py:190} INFO - Processing /home/airflow/sandbox/lib/python3.8/site-packages/airflow/example_dags/example_branch_labels.py took 0.354 seconds
[2022-01-03 20:35:36,731] {scheduler_job.py:182} INFO - Started process (PID=12047) to work on /home/airflow/sandbox/lib/python3.8/site-packages/airflow/example_dags/example_branch_labels.py
[2022-01-03 20:35:36,736] {scheduler_job.py:633} INFO - Processing file /home/airflow/sandbox/lib/python3.8/site-packages/airflow/example_dags/example_branch_labels.py for tasks to queue
[2022-01-03 20:35:36,737] {logging_mixin.py:104} INFO - [2022-01-03 20:35:36,737] {dagbag.py:487} INFO - Filling up the DagBag from /home/airflow/sandbox/lib/python3.8/site-packages/airflow/example_dags/example_branch_labels.py
[2022-01-03 20:35:36,771] {scheduler_job.py:643} INFO - DAG(s) dict_keys(['example_branch_labels']) retrieved from /home/airflow/sandbox/lib/python3.8/site-packages/airflow/example_dags/example_branch_labels.py
[2022-01-03 20:35:36,908] {logging_mixin.py:104} INFO - [2022-01-03 20:35:36,908] {dag.py:1832} INFO - Sync 1 DAGs
[2022-01-03 20:35:36,937] {logging_mixin.py:104} INFO - [2022-01-03 20:35:36,937] {dag.py:2305} INFO - Setting next_dagrun for example_branch_labels to 2022-01-01 00:00:00+00:00
[2022-01-03 20:35:36,981] {scheduler_job.py:190} INFO - Processing /home/airflow/sandbox/lib/python3.8/site-packages/airflow/example_dags/example_branch_labels.py took 0.259 seconds
[2022-01-03 20:36:07,215] {scheduler_job.py:182} INFO - Started process (PID=12243) to work on /home/airflow/sandbox/lib/python3.8/site-packages/airflow/example_dags/example_branch_labels.py
[2022-01-03 20:36:07,216] {scheduler_job.py:633} INFO - Processing file /home/airflow/sandbox/lib/python3.8/site-packages/airflow/example_dags/example_branch_labels.py for tasks to queue
[2022-01-03 20:36:07,216] {logging_mixin.py:104} INFO - [2022-01-03 20:36:07,216] {dagbag.py:487} INFO - Filling up the DagBag from /home/airflow/sandbox/lib/python3.8/site-packages/airflow/example_dags/example_branch_labels.py
[2022-01-03 20:36:07,261] {scheduler_job.py:643} INFO - DAG(s) dict_keys(['example_branch_labels']) retrieved from /home/airflow/sandbox/lib/python3.8/site-packages/airflow/example_dags/example_branch_labels.py
[2022-01-03 20:36:07,385] {logging_mixin.py:104} INFO - [2022-01-03 20:36:07,385] {dag.py:1832} INFO - Sync 1 DAGs
[2022-01-03 20:36:07,425] {logging_mixin.py:104} INFO - [2022-01-03 20:36:07,424] {dag.py:2305} INFO - Setting next_dagrun for example_branch_labels to 2022-01-01 00:00:00+00:00
[2022-01-03 20:36:07,482] {scheduler_job.py:190} INFO - Processing /home/airflow/sandbox/lib/python3.8/site-packages/airflow/example_dags/example_branch_labels.py took 0.271 seconds
[2022-01-03 20:36:38,228] {scheduler_job.py:182} INFO - Started process (PID=12442) to work on /home/airflow/sandbox/lib/python3.8/site-packages/airflow/example_dags/example_branch_labels.py
[2022-01-03 20:36:38,230] {scheduler_job.py:633} INFO - Processing file /home/airflow/sandbox/lib/python3.8/site-packages/airflow/example_dags/example_branch_labels.py for tasks to queue
[2022-01-03 20:36:38,231] {logging_mixin.py:104} INFO - [2022-01-03 20:36:38,231] {dagbag.py:487} INFO - Filling up the DagBag from /home/airflow/sandbox/lib/python3.8/site-packages/airflow/example_dags/example_branch_labels.py
[2022-01-03 20:36:38,405] {scheduler_job.py:643} INFO - DAG(s) dict_keys(['example_branch_labels']) retrieved from /home/airflow/sandbox/lib/python3.8/site-packages/airflow/example_dags/example_branch_labels.py
[2022-01-03 20:36:38,506] {logging_mixin.py:104} INFO - [2022-01-03 20:36:38,506] {dag.py:1832} INFO - Sync 1 DAGs
[2022-01-03 20:36:38,555] {logging_mixin.py:104} INFO - [2022-01-03 20:36:38,555] {dag.py:2305} INFO - Setting next_dagrun for example_branch_labels to 2022-01-01 00:00:00+00:00
[2022-01-03 20:36:38,564] {scheduler_job.py:190} INFO - Processing /home/airflow/sandbox/lib/python3.8/site-packages/airflow/example_dags/example_branch_labels.py took 0.378 seconds
[2022-01-03 20:37:09,567] {scheduler_job.py:182} INFO - Started process (PID=12642) to work on /home/airflow/sandbox/lib/python3.8/site-packages/airflow/example_dags/example_branch_labels.py
[2022-01-03 20:37:09,574] {scheduler_job.py:633} INFO - Processing file /home/airflow/sandbox/lib/python3.8/site-packages/airflow/example_dags/example_branch_labels.py for tasks to queue
[2022-01-03 20:37:09,575] {logging_mixin.py:104} INFO - [2022-01-03 20:37:09,575] {dagbag.py:487} INFO - Filling up the DagBag from /home/airflow/sandbox/lib/python3.8/site-packages/airflow/example_dags/example_branch_labels.py
[2022-01-03 20:37:09,608] {scheduler_job.py:643} INFO - DAG(s) dict_keys(['example_branch_labels']) retrieved from /home/airflow/sandbox/lib/python3.8/site-packages/airflow/example_dags/example_branch_labels.py
[2022-01-03 20:37:09,665] {logging_mixin.py:104} INFO - [2022-01-03 20:37:09,665] {dag.py:1832} INFO - Sync 1 DAGs
[2022-01-03 20:37:09,705] {logging_mixin.py:104} INFO - [2022-01-03 20:37:09,705] {dag.py:2305} INFO - Setting next_dagrun for example_branch_labels to 2022-01-01 00:00:00+00:00
[2022-01-03 20:37:09,717] {scheduler_job.py:190} INFO - Processing /home/airflow/sandbox/lib/python3.8/site-packages/airflow/example_dags/example_branch_labels.py took 0.181 seconds
[2022-01-03 20:37:40,784] {scheduler_job.py:182} INFO - Started process (PID=12964) to work on /home/airflow/sandbox/lib/python3.8/site-packages/airflow/example_dags/example_branch_labels.py
[2022-01-03 20:37:40,785] {scheduler_job.py:633} INFO - Processing file /home/airflow/sandbox/lib/python3.8/site-packages/airflow/example_dags/example_branch_labels.py for tasks to queue
[2022-01-03 20:37:40,785] {logging_mixin.py:104} INFO - [2022-01-03 20:37:40,785] {dagbag.py:487} INFO - Filling up the DagBag from /home/airflow/sandbox/lib/python3.8/site-packages/airflow/example_dags/example_branch_labels.py
[2022-01-03 20:37:40,825] {scheduler_job.py:643} INFO - DAG(s) dict_keys(['example_branch_labels']) retrieved from /home/airflow/sandbox/lib/python3.8/site-packages/airflow/example_dags/example_branch_labels.py
[2022-01-03 20:37:40,903] {logging_mixin.py:104} INFO - [2022-01-03 20:37:40,903] {dag.py:1832} INFO - Sync 1 DAGs
[2022-01-03 20:37:40,935] {logging_mixin.py:104} INFO - [2022-01-03 20:37:40,935] {dag.py:2305} INFO - Setting next_dagrun for example_branch_labels to 2022-01-01 00:00:00+00:00
[2022-01-03 20:37:40,960] {scheduler_job.py:190} INFO - Processing /home/airflow/sandbox/lib/python3.8/site-packages/airflow/example_dags/example_branch_labels.py took 0.184 seconds
[2022-01-03 20:38:11,110] {scheduler_job.py:182} INFO - Started process (PID=13278) to work on /home/airflow/sandbox/lib/python3.8/site-packages/airflow/example_dags/example_branch_labels.py
[2022-01-03 20:38:11,111] {scheduler_job.py:633} INFO - Processing file /home/airflow/sandbox/lib/python3.8/site-packages/airflow/example_dags/example_branch_labels.py for tasks to queue
[2022-01-03 20:38:11,112] {logging_mixin.py:104} INFO - [2022-01-03 20:38:11,111] {dagbag.py:487} INFO - Filling up the DagBag from /home/airflow/sandbox/lib/python3.8/site-packages/airflow/example_dags/example_branch_labels.py
[2022-01-03 20:38:11,130] {scheduler_job.py:643} INFO - DAG(s) dict_keys(['example_branch_labels']) retrieved from /home/airflow/sandbox/lib/python3.8/site-packages/airflow/example_dags/example_branch_labels.py
[2022-01-03 20:38:11,174] {logging_mixin.py:104} INFO - [2022-01-03 20:38:11,174] {dag.py:1832} INFO - Sync 1 DAGs
[2022-01-03 20:38:11,204] {logging_mixin.py:104} INFO - [2022-01-03 20:38:11,204] {dag.py:2305} INFO - Setting next_dagrun for example_branch_labels to 2022-01-01 00:00:00+00:00
[2022-01-03 20:38:11,214] {scheduler_job.py:190} INFO - Processing /home/airflow/sandbox/lib/python3.8/site-packages/airflow/example_dags/example_branch_labels.py took 0.109 seconds
[2022-01-03 20:38:41,932] {scheduler_job.py:182} INFO - Started process (PID=13478) to work on /home/airflow/sandbox/lib/python3.8/site-packages/airflow/example_dags/example_branch_labels.py
[2022-01-03 20:38:41,942] {scheduler_job.py:633} INFO - Processing file /home/airflow/sandbox/lib/python3.8/site-packages/airflow/example_dags/example_branch_labels.py for tasks to queue
[2022-01-03 20:38:41,943] {logging_mixin.py:104} INFO - [2022-01-03 20:38:41,943] {dagbag.py:487} INFO - Filling up the DagBag from /home/airflow/sandbox/lib/python3.8/site-packages/airflow/example_dags/example_branch_labels.py
[2022-01-03 20:38:42,007] {scheduler_job.py:643} INFO - DAG(s) dict_keys(['example_branch_labels']) retrieved from /home/airflow/sandbox/lib/python3.8/site-packages/airflow/example_dags/example_branch_labels.py
[2022-01-03 20:38:42,081] {logging_mixin.py:104} INFO - [2022-01-03 20:38:42,081] {dag.py:1832} INFO - Sync 1 DAGs
[2022-01-03 20:38:42,106] {logging_mixin.py:104} INFO - [2022-01-03 20:38:42,106] {dag.py:2305} INFO - Setting next_dagrun for example_branch_labels to 2022-01-01 00:00:00+00:00
[2022-01-03 20:38:42,124] {scheduler_job.py:190} INFO - Processing /home/airflow/sandbox/lib/python3.8/site-packages/airflow/example_dags/example_branch_labels.py took 0.196 seconds
[2022-01-03 20:39:12,627] {scheduler_job.py:182} INFO - Started process (PID=13676) to work on /home/airflow/sandbox/lib/python3.8/site-packages/airflow/example_dags/example_branch_labels.py
[2022-01-03 20:39:12,631] {scheduler_job.py:633} INFO - Processing file /home/airflow/sandbox/lib/python3.8/site-packages/airflow/example_dags/example_branch_labels.py for tasks to queue
[2022-01-03 20:39:12,641] {logging_mixin.py:104} INFO - [2022-01-03 20:39:12,641] {dagbag.py:487} INFO - Filling up the DagBag from /home/airflow/sandbox/lib/python3.8/site-packages/airflow/example_dags/example_branch_labels.py
[2022-01-03 20:39:12,658] {scheduler_job.py:643} INFO - DAG(s) dict_keys(['example_branch_labels']) retrieved from /home/airflow/sandbox/lib/python3.8/site-packages/airflow/example_dags/example_branch_labels.py
[2022-01-03 20:39:12,712] {logging_mixin.py:104} INFO - [2022-01-03 20:39:12,712] {dag.py:1832} INFO - Sync 1 DAGs
[2022-01-03 20:39:12,761] {logging_mixin.py:104} INFO - [2022-01-03 20:39:12,761] {dag.py:2305} INFO - Setting next_dagrun for example_branch_labels to 2022-01-01 00:00:00+00:00
[2022-01-03 20:39:12,804] {scheduler_job.py:190} INFO - Processing /home/airflow/sandbox/lib/python3.8/site-packages/airflow/example_dags/example_branch_labels.py took 0.187 seconds
[2022-01-03 20:39:44,422] {scheduler_job.py:182} INFO - Started process (PID=13876) to work on /home/airflow/sandbox/lib/python3.8/site-packages/airflow/example_dags/example_branch_labels.py
[2022-01-03 20:39:44,460] {scheduler_job.py:633} INFO - Processing file /home/airflow/sandbox/lib/python3.8/site-packages/airflow/example_dags/example_branch_labels.py for tasks to queue
[2022-01-03 20:39:44,460] {logging_mixin.py:104} INFO - [2022-01-03 20:39:44,460] {dagbag.py:487} INFO - Filling up the DagBag from /home/airflow/sandbox/lib/python3.8/site-packages/airflow/example_dags/example_branch_labels.py
[2022-01-03 20:39:44,495] {scheduler_job.py:643} INFO - DAG(s) dict_keys(['example_branch_labels']) retrieved from /home/airflow/sandbox/lib/python3.8/site-packages/airflow/example_dags/example_branch_labels.py
[2022-01-03 20:39:44,595] {logging_mixin.py:104} INFO - [2022-01-03 20:39:44,594] {dag.py:1832} INFO - Sync 1 DAGs
[2022-01-03 20:39:44,617] {logging_mixin.py:104} INFO - [2022-01-03 20:39:44,616] {dag.py:2305} INFO - Setting next_dagrun for example_branch_labels to 2022-01-01 00:00:00+00:00
[2022-01-03 20:39:44,660] {scheduler_job.py:190} INFO - Processing /home/airflow/sandbox/lib/python3.8/site-packages/airflow/example_dags/example_branch_labels.py took 0.240 seconds
[2022-01-03 20:40:16,444] {scheduler_job.py:182} INFO - Started process (PID=14075) to work on /home/airflow/sandbox/lib/python3.8/site-packages/airflow/example_dags/example_branch_labels.py
[2022-01-03 20:40:16,445] {scheduler_job.py:633} INFO - Processing file /home/airflow/sandbox/lib/python3.8/site-packages/airflow/example_dags/example_branch_labels.py for tasks to queue
[2022-01-03 20:40:16,445] {logging_mixin.py:104} INFO - [2022-01-03 20:40:16,445] {dagbag.py:487} INFO - Filling up the DagBag from /home/airflow/sandbox/lib/python3.8/site-packages/airflow/example_dags/example_branch_labels.py
[2022-01-03 20:40:16,469] {scheduler_job.py:643} INFO - DAG(s) dict_keys(['example_branch_labels']) retrieved from /home/airflow/sandbox/lib/python3.8/site-packages/airflow/example_dags/example_branch_labels.py
[2022-01-03 20:40:16,619] {logging_mixin.py:104} INFO - [2022-01-03 20:40:16,619] {dag.py:1832} INFO - Sync 1 DAGs
[2022-01-03 20:40:16,711] {logging_mixin.py:104} INFO - [2022-01-03 20:40:16,711] {dag.py:2305} INFO - Setting next_dagrun for example_branch_labels to 2022-01-01 00:00:00+00:00
[2022-01-03 20:40:16,754] {scheduler_job.py:190} INFO - Processing /home/airflow/sandbox/lib/python3.8/site-packages/airflow/example_dags/example_branch_labels.py took 0.340 seconds
[2022-01-03 20:40:47,872] {scheduler_job.py:182} INFO - Started process (PID=14273) to work on /home/airflow/sandbox/lib/python3.8/site-packages/airflow/example_dags/example_branch_labels.py
[2022-01-03 20:40:47,875] {scheduler_job.py:633} INFO - Processing file /home/airflow/sandbox/lib/python3.8/site-packages/airflow/example_dags/example_branch_labels.py for tasks to queue
[2022-01-03 20:40:47,893] {logging_mixin.py:104} INFO - [2022-01-03 20:40:47,893] {dagbag.py:487} INFO - Filling up the DagBag from /home/airflow/sandbox/lib/python3.8/site-packages/airflow/example_dags/example_branch_labels.py
[2022-01-03 20:40:47,907] {scheduler_job.py:643} INFO - DAG(s) dict_keys(['example_branch_labels']) retrieved from /home/airflow/sandbox/lib/python3.8/site-packages/airflow/example_dags/example_branch_labels.py
[2022-01-03 20:40:48,000] {logging_mixin.py:104} INFO - [2022-01-03 20:40:48,000] {dag.py:1832} INFO - Sync 1 DAGs
[2022-01-03 20:40:48,069] {logging_mixin.py:104} INFO - [2022-01-03 20:40:48,069] {dag.py:2305} INFO - Setting next_dagrun for example_branch_labels to 2022-01-01 00:00:00+00:00
[2022-01-03 20:40:48,119] {scheduler_job.py:190} INFO - Processing /home/airflow/sandbox/lib/python3.8/site-packages/airflow/example_dags/example_branch_labels.py took 0.264 seconds
[2022-01-03 20:41:18,870] {scheduler_job.py:182} INFO - Started process (PID=14473) to work on /home/airflow/sandbox/lib/python3.8/site-packages/airflow/example_dags/example_branch_labels.py
[2022-01-03 20:41:18,872] {scheduler_job.py:633} INFO - Processing file /home/airflow/sandbox/lib/python3.8/site-packages/airflow/example_dags/example_branch_labels.py for tasks to queue
[2022-01-03 20:41:18,875] {logging_mixin.py:104} INFO - [2022-01-03 20:41:18,875] {dagbag.py:487} INFO - Filling up the DagBag from /home/airflow/sandbox/lib/python3.8/site-packages/airflow/example_dags/example_branch_labels.py
[2022-01-03 20:41:18,923] {scheduler_job.py:643} INFO - DAG(s) dict_keys(['example_branch_labels']) retrieved from /home/airflow/sandbox/lib/python3.8/site-packages/airflow/example_dags/example_branch_labels.py
[2022-01-03 20:41:19,006] {logging_mixin.py:104} INFO - [2022-01-03 20:41:19,006] {dag.py:1832} INFO - Sync 1 DAGs
[2022-01-03 20:41:19,090] {logging_mixin.py:104} INFO - [2022-01-03 20:41:19,089] {dag.py:2305} INFO - Setting next_dagrun for example_branch_labels to 2022-01-01 00:00:00+00:00
[2022-01-03 20:41:19,105] {scheduler_job.py:190} INFO - Processing /home/airflow/sandbox/lib/python3.8/site-packages/airflow/example_dags/example_branch_labels.py took 0.279 seconds
[2022-01-03 20:41:49,222] {scheduler_job.py:182} INFO - Started process (PID=14675) to work on /home/airflow/sandbox/lib/python3.8/site-packages/airflow/example_dags/example_branch_labels.py
[2022-01-03 20:41:49,223] {scheduler_job.py:633} INFO - Processing file /home/airflow/sandbox/lib/python3.8/site-packages/airflow/example_dags/example_branch_labels.py for tasks to queue
[2022-01-03 20:41:49,223] {logging_mixin.py:104} INFO - [2022-01-03 20:41:49,223] {dagbag.py:487} INFO - Filling up the DagBag from /home/airflow/sandbox/lib/python3.8/site-packages/airflow/example_dags/example_branch_labels.py
[2022-01-03 20:41:49,246] {scheduler_job.py:643} INFO - DAG(s) dict_keys(['example_branch_labels']) retrieved from /home/airflow/sandbox/lib/python3.8/site-packages/airflow/example_dags/example_branch_labels.py
[2022-01-03 20:41:49,290] {logging_mixin.py:104} INFO - [2022-01-03 20:41:49,290] {dag.py:1832} INFO - Sync 1 DAGs
[2022-01-03 20:41:49,311] {logging_mixin.py:104} INFO - [2022-01-03 20:41:49,311] {dag.py:2305} INFO - Setting next_dagrun for example_branch_labels to 2022-01-01 00:00:00+00:00
[2022-01-03 20:41:49,322] {scheduler_job.py:190} INFO - Processing /home/airflow/sandbox/lib/python3.8/site-packages/airflow/example_dags/example_branch_labels.py took 0.103 seconds
[2022-01-03 20:42:20,047] {scheduler_job.py:182} INFO - Started process (PID=14872) to work on /home/airflow/sandbox/lib/python3.8/site-packages/airflow/example_dags/example_branch_labels.py
[2022-01-03 20:42:20,055] {scheduler_job.py:633} INFO - Processing file /home/airflow/sandbox/lib/python3.8/site-packages/airflow/example_dags/example_branch_labels.py for tasks to queue
[2022-01-03 20:42:20,061] {logging_mixin.py:104} INFO - [2022-01-03 20:42:20,061] {dagbag.py:487} INFO - Filling up the DagBag from /home/airflow/sandbox/lib/python3.8/site-packages/airflow/example_dags/example_branch_labels.py
[2022-01-03 20:42:20,091] {scheduler_job.py:643} INFO - DAG(s) dict_keys(['example_branch_labels']) retrieved from /home/airflow/sandbox/lib/python3.8/site-packages/airflow/example_dags/example_branch_labels.py
[2022-01-03 20:42:20,169] {logging_mixin.py:104} INFO - [2022-01-03 20:42:20,169] {dag.py:1832} INFO - Sync 1 DAGs
[2022-01-03 20:42:20,206] {logging_mixin.py:104} INFO - [2022-01-03 20:42:20,205] {dag.py:2305} INFO - Setting next_dagrun for example_branch_labels to 2022-01-01 00:00:00+00:00
[2022-01-03 20:42:20,249] {scheduler_job.py:190} INFO - Processing /home/airflow/sandbox/lib/python3.8/site-packages/airflow/example_dags/example_branch_labels.py took 0.204 seconds
[2022-01-03 20:42:50,622] {scheduler_job.py:182} INFO - Started process (PID=15313) to work on /home/airflow/sandbox/lib/python3.8/site-packages/airflow/example_dags/example_branch_labels.py
[2022-01-03 20:42:50,642] {scheduler_job.py:633} INFO - Processing file /home/airflow/sandbox/lib/python3.8/site-packages/airflow/example_dags/example_branch_labels.py for tasks to queue
[2022-01-03 20:42:50,643] {logging_mixin.py:104} INFO - [2022-01-03 20:42:50,643] {dagbag.py:487} INFO - Filling up the DagBag from /home/airflow/sandbox/lib/python3.8/site-packages/airflow/example_dags/example_branch_labels.py
[2022-01-03 20:42:50,699] {scheduler_job.py:643} INFO - DAG(s) dict_keys(['example_branch_labels']) retrieved from /home/airflow/sandbox/lib/python3.8/site-packages/airflow/example_dags/example_branch_labels.py
[2022-01-03 20:42:50,785] {logging_mixin.py:104} INFO - [2022-01-03 20:42:50,785] {dag.py:1832} INFO - Sync 1 DAGs
[2022-01-03 20:42:50,944] {logging_mixin.py:104} INFO - [2022-01-03 20:42:50,944] {dag.py:2305} INFO - Setting next_dagrun for example_branch_labels to 2022-01-01 00:00:00+00:00
[2022-01-03 20:42:50,958] {scheduler_job.py:190} INFO - Processing /home/airflow/sandbox/lib/python3.8/site-packages/airflow/example_dags/example_branch_labels.py took 0.348 seconds
[2022-01-03 20:43:21,608] {scheduler_job.py:182} INFO - Started process (PID=15512) to work on /home/airflow/sandbox/lib/python3.8/site-packages/airflow/example_dags/example_branch_labels.py
[2022-01-03 20:43:21,612] {scheduler_job.py:633} INFO - Processing file /home/airflow/sandbox/lib/python3.8/site-packages/airflow/example_dags/example_branch_labels.py for tasks to queue
[2022-01-03 20:43:21,613] {logging_mixin.py:104} INFO - [2022-01-03 20:43:21,613] {dagbag.py:487} INFO - Filling up the DagBag from /home/airflow/sandbox/lib/python3.8/site-packages/airflow/example_dags/example_branch_labels.py
[2022-01-03 20:43:21,681] {scheduler_job.py:643} INFO - DAG(s) dict_keys(['example_branch_labels']) retrieved from /home/airflow/sandbox/lib/python3.8/site-packages/airflow/example_dags/example_branch_labels.py
[2022-01-03 20:43:21,739] {logging_mixin.py:104} INFO - [2022-01-03 20:43:21,738] {dag.py:1832} INFO - Sync 1 DAGs
[2022-01-03 20:43:22,038] {logging_mixin.py:104} INFO - [2022-01-03 20:43:22,038] {dag.py:2305} INFO - Setting next_dagrun for example_branch_labels to 2022-01-01 00:00:00+00:00
[2022-01-03 20:43:22,045] {scheduler_job.py:190} INFO - Processing /home/airflow/sandbox/lib/python3.8/site-packages/airflow/example_dags/example_branch_labels.py took 0.439 seconds
[2022-01-03 20:43:53,587] {scheduler_job.py:182} INFO - Started process (PID=15712) to work on /home/airflow/sandbox/lib/python3.8/site-packages/airflow/example_dags/example_branch_labels.py
[2022-01-03 20:43:53,588] {scheduler_job.py:633} INFO - Processing file /home/airflow/sandbox/lib/python3.8/site-packages/airflow/example_dags/example_branch_labels.py for tasks to queue
[2022-01-03 20:43:53,592] {logging_mixin.py:104} INFO - [2022-01-03 20:43:53,592] {dagbag.py:487} INFO - Filling up the DagBag from /home/airflow/sandbox/lib/python3.8/site-packages/airflow/example_dags/example_branch_labels.py
[2022-01-03 20:43:53,619] {scheduler_job.py:643} INFO - DAG(s) dict_keys(['example_branch_labels']) retrieved from /home/airflow/sandbox/lib/python3.8/site-packages/airflow/example_dags/example_branch_labels.py
[2022-01-03 20:43:53,710] {logging_mixin.py:104} INFO - [2022-01-03 20:43:53,710] {dag.py:1832} INFO - Sync 1 DAGs
[2022-01-03 20:43:53,831] {logging_mixin.py:104} INFO - [2022-01-03 20:43:53,831] {dag.py:2305} INFO - Setting next_dagrun for example_branch_labels to 2022-01-01 00:00:00+00:00
[2022-01-03 20:43:53,843] {scheduler_job.py:190} INFO - Processing /home/airflow/sandbox/lib/python3.8/site-packages/airflow/example_dags/example_branch_labels.py took 0.262 seconds
[2022-01-03 20:44:25,036] {scheduler_job.py:182} INFO - Started process (PID=15912) to work on /home/airflow/sandbox/lib/python3.8/site-packages/airflow/example_dags/example_branch_labels.py
[2022-01-03 20:44:25,037] {scheduler_job.py:633} INFO - Processing file /home/airflow/sandbox/lib/python3.8/site-packages/airflow/example_dags/example_branch_labels.py for tasks to queue
[2022-01-03 20:44:25,046] {logging_mixin.py:104} INFO - [2022-01-03 20:44:25,046] {dagbag.py:487} INFO - Filling up the DagBag from /home/airflow/sandbox/lib/python3.8/site-packages/airflow/example_dags/example_branch_labels.py
[2022-01-03 20:44:25,099] {scheduler_job.py:643} INFO - DAG(s) dict_keys(['example_branch_labels']) retrieved from /home/airflow/sandbox/lib/python3.8/site-packages/airflow/example_dags/example_branch_labels.py
[2022-01-03 20:44:25,134] {logging_mixin.py:104} INFO - [2022-01-03 20:44:25,134] {dag.py:1832} INFO - Sync 1 DAGs
[2022-01-03 20:44:25,199] {logging_mixin.py:104} INFO - [2022-01-03 20:44:25,199] {dag.py:2305} INFO - Setting next_dagrun for example_branch_labels to 2022-01-01 00:00:00+00:00
[2022-01-03 20:44:25,208] {scheduler_job.py:190} INFO - Processing /home/airflow/sandbox/lib/python3.8/site-packages/airflow/example_dags/example_branch_labels.py took 0.190 seconds
[2022-01-03 20:44:56,588] {scheduler_job.py:182} INFO - Started process (PID=16126) to work on /home/airflow/sandbox/lib/python3.8/site-packages/airflow/example_dags/example_branch_labels.py
[2022-01-03 20:44:56,599] {scheduler_job.py:633} INFO - Processing file /home/airflow/sandbox/lib/python3.8/site-packages/airflow/example_dags/example_branch_labels.py for tasks to queue
[2022-01-03 20:44:56,605] {logging_mixin.py:104} INFO - [2022-01-03 20:44:56,605] {dagbag.py:487} INFO - Filling up the DagBag from /home/airflow/sandbox/lib/python3.8/site-packages/airflow/example_dags/example_branch_labels.py
[2022-01-03 20:44:56,640] {scheduler_job.py:643} INFO - DAG(s) dict_keys(['example_branch_labels']) retrieved from /home/airflow/sandbox/lib/python3.8/site-packages/airflow/example_dags/example_branch_labels.py
[2022-01-03 20:44:56,764] {logging_mixin.py:104} INFO - [2022-01-03 20:44:56,764] {dag.py:1832} INFO - Sync 1 DAGs
[2022-01-03 20:44:57,032] {logging_mixin.py:104} INFO - [2022-01-03 20:44:57,032] {dag.py:2305} INFO - Setting next_dagrun for example_branch_labels to 2022-01-01 00:00:00+00:00
[2022-01-03 20:44:57,052] {scheduler_job.py:190} INFO - Processing /home/airflow/sandbox/lib/python3.8/site-packages/airflow/example_dags/example_branch_labels.py took 0.493 seconds
