[2022-01-03 20:18:45,791] {scheduler_job.py:182} INFO - Started process (PID=2931) to work on /home/airflow/sandbox/lib/python3.8/site-packages/airflow/example_dags/example_python_operator.py
[2022-01-03 20:18:45,793] {scheduler_job.py:633} INFO - Processing file /home/airflow/sandbox/lib/python3.8/site-packages/airflow/example_dags/example_python_operator.py for tasks to queue
[2022-01-03 20:18:45,793] {logging_mixin.py:104} INFO - [2022-01-03 20:18:45,793] {dagbag.py:487} INFO - Filling up the DagBag from /home/airflow/sandbox/lib/python3.8/site-packages/airflow/example_dags/example_python_operator.py
[2022-01-03 20:18:45,808] {scheduler_job.py:643} INFO - DAG(s) dict_keys(['example_python_operator']) retrieved from /home/airflow/sandbox/lib/python3.8/site-packages/airflow/example_dags/example_python_operator.py
[2022-01-03 20:18:46,409] {logging_mixin.py:104} INFO - [2022-01-03 20:18:46,409] {dag.py:1832} INFO - Sync 1 DAGs
[2022-01-03 20:18:46,435] {logging_mixin.py:104} INFO - [2022-01-03 20:18:46,435] {dag.py:2305} INFO - Setting next_dagrun for example_python_operator to None
[2022-01-03 20:18:46,450] {scheduler_job.py:190} INFO - Processing /home/airflow/sandbox/lib/python3.8/site-packages/airflow/example_dags/example_python_operator.py took 0.665 seconds
[2022-01-03 20:20:02,356] {scheduler_job.py:182} INFO - Started process (PID=3484) to work on /home/airflow/sandbox/lib/python3.8/site-packages/airflow/example_dags/example_python_operator.py
[2022-01-03 20:20:02,357] {scheduler_job.py:633} INFO - Processing file /home/airflow/sandbox/lib/python3.8/site-packages/airflow/example_dags/example_python_operator.py for tasks to queue
[2022-01-03 20:20:02,357] {logging_mixin.py:104} INFO - [2022-01-03 20:20:02,357] {dagbag.py:487} INFO - Filling up the DagBag from /home/airflow/sandbox/lib/python3.8/site-packages/airflow/example_dags/example_python_operator.py
[2022-01-03 20:20:02,400] {scheduler_job.py:643} INFO - DAG(s) dict_keys(['example_python_operator']) retrieved from /home/airflow/sandbox/lib/python3.8/site-packages/airflow/example_dags/example_python_operator.py
[2022-01-03 20:20:02,436] {logging_mixin.py:104} INFO - [2022-01-03 20:20:02,436] {dag.py:1832} INFO - Sync 1 DAGs
[2022-01-03 20:20:02,446] {logging_mixin.py:104} INFO - [2022-01-03 20:20:02,446] {dag.py:2305} INFO - Setting next_dagrun for example_python_operator to None
[2022-01-03 20:20:02,460] {scheduler_job.py:190} INFO - Processing /home/airflow/sandbox/lib/python3.8/site-packages/airflow/example_dags/example_python_operator.py took 0.108 seconds
[2022-01-03 20:20:43,214] {scheduler_job.py:182} INFO - Started process (PID=3518) to work on /home/airflow/sandbox/lib/python3.8/site-packages/airflow/example_dags/example_python_operator.py
[2022-01-03 20:20:43,215] {scheduler_job.py:633} INFO - Processing file /home/airflow/sandbox/lib/python3.8/site-packages/airflow/example_dags/example_python_operator.py for tasks to queue
[2022-01-03 20:20:43,216] {logging_mixin.py:104} INFO - [2022-01-03 20:20:43,216] {dagbag.py:487} INFO - Filling up the DagBag from /home/airflow/sandbox/lib/python3.8/site-packages/airflow/example_dags/example_python_operator.py
[2022-01-03 20:20:43,224] {scheduler_job.py:643} INFO - DAG(s) dict_keys(['example_python_operator']) retrieved from /home/airflow/sandbox/lib/python3.8/site-packages/airflow/example_dags/example_python_operator.py
[2022-01-03 20:20:43,233] {logging_mixin.py:104} INFO - [2022-01-03 20:20:43,233] {dag.py:1832} INFO - Sync 1 DAGs
[2022-01-03 20:20:43,242] {logging_mixin.py:104} INFO - [2022-01-03 20:20:43,242] {dag.py:2305} INFO - Setting next_dagrun for example_python_operator to None
[2022-01-03 20:20:43,256] {scheduler_job.py:190} INFO - Processing /home/airflow/sandbox/lib/python3.8/site-packages/airflow/example_dags/example_python_operator.py took 0.045 seconds
[2022-01-03 20:21:23,086] {scheduler_job.py:182} INFO - Started process (PID=3552) to work on /home/airflow/sandbox/lib/python3.8/site-packages/airflow/example_dags/example_python_operator.py
[2022-01-03 20:21:23,088] {scheduler_job.py:633} INFO - Processing file /home/airflow/sandbox/lib/python3.8/site-packages/airflow/example_dags/example_python_operator.py for tasks to queue
[2022-01-03 20:21:23,088] {logging_mixin.py:104} INFO - [2022-01-03 20:21:23,088] {dagbag.py:487} INFO - Filling up the DagBag from /home/airflow/sandbox/lib/python3.8/site-packages/airflow/example_dags/example_python_operator.py
[2022-01-03 20:21:23,102] {scheduler_job.py:643} INFO - DAG(s) dict_keys(['example_python_operator']) retrieved from /home/airflow/sandbox/lib/python3.8/site-packages/airflow/example_dags/example_python_operator.py
[2022-01-03 20:21:23,132] {logging_mixin.py:104} INFO - [2022-01-03 20:21:23,131] {dag.py:1832} INFO - Sync 1 DAGs
[2022-01-03 20:21:23,146] {logging_mixin.py:104} INFO - [2022-01-03 20:21:23,146] {dag.py:2305} INFO - Setting next_dagrun for example_python_operator to None
[2022-01-03 20:21:23,165] {scheduler_job.py:190} INFO - Processing /home/airflow/sandbox/lib/python3.8/site-packages/airflow/example_dags/example_python_operator.py took 0.084 seconds
[2022-01-03 20:22:02,407] {scheduler_job.py:182} INFO - Started process (PID=3628) to work on /home/airflow/sandbox/lib/python3.8/site-packages/airflow/example_dags/example_python_operator.py
[2022-01-03 20:22:02,410] {scheduler_job.py:633} INFO - Processing file /home/airflow/sandbox/lib/python3.8/site-packages/airflow/example_dags/example_python_operator.py for tasks to queue
[2022-01-03 20:22:02,411] {logging_mixin.py:104} INFO - [2022-01-03 20:22:02,411] {dagbag.py:487} INFO - Filling up the DagBag from /home/airflow/sandbox/lib/python3.8/site-packages/airflow/example_dags/example_python_operator.py
[2022-01-03 20:22:02,445] {scheduler_job.py:643} INFO - DAG(s) dict_keys(['example_python_operator']) retrieved from /home/airflow/sandbox/lib/python3.8/site-packages/airflow/example_dags/example_python_operator.py
[2022-01-03 20:22:02,484] {logging_mixin.py:104} INFO - [2022-01-03 20:22:02,484] {dag.py:1832} INFO - Sync 1 DAGs
[2022-01-03 20:22:02,497] {logging_mixin.py:104} INFO - [2022-01-03 20:22:02,497] {dag.py:2305} INFO - Setting next_dagrun for example_python_operator to None
[2022-01-03 20:22:02,513] {scheduler_job.py:190} INFO - Processing /home/airflow/sandbox/lib/python3.8/site-packages/airflow/example_dags/example_python_operator.py took 0.108 seconds
[2022-01-03 20:22:39,046] {scheduler_job.py:182} INFO - Started process (PID=3659) to work on /home/airflow/sandbox/lib/python3.8/site-packages/airflow/example_dags/example_python_operator.py
[2022-01-03 20:22:39,047] {scheduler_job.py:633} INFO - Processing file /home/airflow/sandbox/lib/python3.8/site-packages/airflow/example_dags/example_python_operator.py for tasks to queue
[2022-01-03 20:22:39,047] {logging_mixin.py:104} INFO - [2022-01-03 20:22:39,047] {dagbag.py:487} INFO - Filling up the DagBag from /home/airflow/sandbox/lib/python3.8/site-packages/airflow/example_dags/example_python_operator.py
[2022-01-03 20:22:39,060] {scheduler_job.py:643} INFO - DAG(s) dict_keys(['example_python_operator']) retrieved from /home/airflow/sandbox/lib/python3.8/site-packages/airflow/example_dags/example_python_operator.py
[2022-01-03 20:22:39,085] {logging_mixin.py:104} INFO - [2022-01-03 20:22:39,085] {dag.py:1832} INFO - Sync 1 DAGs
[2022-01-03 20:22:39,101] {logging_mixin.py:104} INFO - [2022-01-03 20:22:39,101] {dag.py:2305} INFO - Setting next_dagrun for example_python_operator to None
[2022-01-03 20:22:39,134] {scheduler_job.py:190} INFO - Processing /home/airflow/sandbox/lib/python3.8/site-packages/airflow/example_dags/example_python_operator.py took 0.091 seconds
[2022-01-03 20:23:19,043] {scheduler_job.py:182} INFO - Started process (PID=4117) to work on /home/airflow/sandbox/lib/python3.8/site-packages/airflow/example_dags/example_python_operator.py
[2022-01-03 20:23:19,044] {scheduler_job.py:633} INFO - Processing file /home/airflow/sandbox/lib/python3.8/site-packages/airflow/example_dags/example_python_operator.py for tasks to queue
[2022-01-03 20:23:19,046] {logging_mixin.py:104} INFO - [2022-01-03 20:23:19,046] {dagbag.py:487} INFO - Filling up the DagBag from /home/airflow/sandbox/lib/python3.8/site-packages/airflow/example_dags/example_python_operator.py
[2022-01-03 20:23:19,057] {scheduler_job.py:643} INFO - DAG(s) dict_keys(['example_python_operator']) retrieved from /home/airflow/sandbox/lib/python3.8/site-packages/airflow/example_dags/example_python_operator.py
[2022-01-03 20:23:19,085] {logging_mixin.py:104} INFO - [2022-01-03 20:23:19,085] {dag.py:1832} INFO - Sync 1 DAGs
[2022-01-03 20:23:19,101] {logging_mixin.py:104} INFO - [2022-01-03 20:23:19,101] {dag.py:2305} INFO - Setting next_dagrun for example_python_operator to None
[2022-01-03 20:23:19,134] {scheduler_job.py:190} INFO - Processing /home/airflow/sandbox/lib/python3.8/site-packages/airflow/example_dags/example_python_operator.py took 0.097 seconds
[2022-01-03 20:24:03,800] {scheduler_job.py:182} INFO - Started process (PID=4353) to work on /home/airflow/sandbox/lib/python3.8/site-packages/airflow/example_dags/example_python_operator.py
[2022-01-03 20:24:03,803] {scheduler_job.py:633} INFO - Processing file /home/airflow/sandbox/lib/python3.8/site-packages/airflow/example_dags/example_python_operator.py for tasks to queue
[2022-01-03 20:24:03,803] {logging_mixin.py:104} INFO - [2022-01-03 20:24:03,803] {dagbag.py:487} INFO - Filling up the DagBag from /home/airflow/sandbox/lib/python3.8/site-packages/airflow/example_dags/example_python_operator.py
[2022-01-03 20:24:03,831] {scheduler_job.py:643} INFO - DAG(s) dict_keys(['example_python_operator']) retrieved from /home/airflow/sandbox/lib/python3.8/site-packages/airflow/example_dags/example_python_operator.py
[2022-01-03 20:24:03,846] {logging_mixin.py:104} INFO - [2022-01-03 20:24:03,846] {dag.py:1832} INFO - Sync 1 DAGs
[2022-01-03 20:24:03,856] {logging_mixin.py:104} INFO - [2022-01-03 20:24:03,856] {dag.py:2305} INFO - Setting next_dagrun for example_python_operator to None
[2022-01-03 20:24:03,883] {scheduler_job.py:190} INFO - Processing /home/airflow/sandbox/lib/python3.8/site-packages/airflow/example_dags/example_python_operator.py took 0.089 seconds
[2022-01-03 20:24:42,301] {scheduler_job.py:182} INFO - Started process (PID=4519) to work on /home/airflow/sandbox/lib/python3.8/site-packages/airflow/example_dags/example_python_operator.py
[2022-01-03 20:24:42,302] {scheduler_job.py:633} INFO - Processing file /home/airflow/sandbox/lib/python3.8/site-packages/airflow/example_dags/example_python_operator.py for tasks to queue
[2022-01-03 20:24:42,303] {logging_mixin.py:104} INFO - [2022-01-03 20:24:42,303] {dagbag.py:487} INFO - Filling up the DagBag from /home/airflow/sandbox/lib/python3.8/site-packages/airflow/example_dags/example_python_operator.py
[2022-01-03 20:24:42,326] {scheduler_job.py:643} INFO - DAG(s) dict_keys(['example_python_operator']) retrieved from /home/airflow/sandbox/lib/python3.8/site-packages/airflow/example_dags/example_python_operator.py
[2022-01-03 20:24:42,343] {logging_mixin.py:104} INFO - [2022-01-03 20:24:42,343] {dag.py:1832} INFO - Sync 1 DAGs
[2022-01-03 20:24:42,353] {logging_mixin.py:104} INFO - [2022-01-03 20:24:42,353] {dag.py:2305} INFO - Setting next_dagrun for example_python_operator to None
[2022-01-03 20:24:42,392] {scheduler_job.py:190} INFO - Processing /home/airflow/sandbox/lib/python3.8/site-packages/airflow/example_dags/example_python_operator.py took 0.094 seconds
[2022-01-03 20:25:33,182] {scheduler_job.py:182} INFO - Started process (PID=6776) to work on /home/airflow/sandbox/lib/python3.8/site-packages/airflow/example_dags/example_python_operator.py
[2022-01-03 20:25:33,187] {scheduler_job.py:633} INFO - Processing file /home/airflow/sandbox/lib/python3.8/site-packages/airflow/example_dags/example_python_operator.py for tasks to queue
[2022-01-03 20:25:33,188] {logging_mixin.py:104} INFO - [2022-01-03 20:25:33,188] {dagbag.py:487} INFO - Filling up the DagBag from /home/airflow/sandbox/lib/python3.8/site-packages/airflow/example_dags/example_python_operator.py
[2022-01-03 20:25:33,232] {scheduler_job.py:643} INFO - DAG(s) dict_keys(['example_python_operator']) retrieved from /home/airflow/sandbox/lib/python3.8/site-packages/airflow/example_dags/example_python_operator.py
[2022-01-03 20:25:33,294] {logging_mixin.py:104} INFO - [2022-01-03 20:25:33,293] {dag.py:1832} INFO - Sync 1 DAGs
[2022-01-03 20:25:33,355] {logging_mixin.py:104} INFO - [2022-01-03 20:25:33,355] {dag.py:2305} INFO - Setting next_dagrun for example_python_operator to None
[2022-01-03 20:25:33,390] {scheduler_job.py:190} INFO - Processing /home/airflow/sandbox/lib/python3.8/site-packages/airflow/example_dags/example_python_operator.py took 0.211 seconds
[2022-01-03 20:26:15,603] {scheduler_job.py:182} INFO - Started process (PID=8134) to work on /home/airflow/sandbox/lib/python3.8/site-packages/airflow/example_dags/example_python_operator.py
[2022-01-03 20:26:15,606] {scheduler_job.py:633} INFO - Processing file /home/airflow/sandbox/lib/python3.8/site-packages/airflow/example_dags/example_python_operator.py for tasks to queue
[2022-01-03 20:26:15,607] {logging_mixin.py:104} INFO - [2022-01-03 20:26:15,607] {dagbag.py:487} INFO - Filling up the DagBag from /home/airflow/sandbox/lib/python3.8/site-packages/airflow/example_dags/example_python_operator.py
[2022-01-03 20:26:15,637] {scheduler_job.py:643} INFO - DAG(s) dict_keys(['example_python_operator']) retrieved from /home/airflow/sandbox/lib/python3.8/site-packages/airflow/example_dags/example_python_operator.py
[2022-01-03 20:26:15,650] {logging_mixin.py:104} INFO - [2022-01-03 20:26:15,650] {dag.py:1832} INFO - Sync 1 DAGs
[2022-01-03 20:26:15,658] {logging_mixin.py:104} INFO - [2022-01-03 20:26:15,658] {dag.py:2305} INFO - Setting next_dagrun for example_python_operator to None
[2022-01-03 20:26:15,693] {scheduler_job.py:190} INFO - Processing /home/airflow/sandbox/lib/python3.8/site-packages/airflow/example_dags/example_python_operator.py took 0.093 seconds
[2022-01-03 20:26:48,632] {scheduler_job.py:182} INFO - Started process (PID=8269) to work on /home/airflow/sandbox/lib/python3.8/site-packages/airflow/example_dags/example_python_operator.py
[2022-01-03 20:26:48,633] {scheduler_job.py:633} INFO - Processing file /home/airflow/sandbox/lib/python3.8/site-packages/airflow/example_dags/example_python_operator.py for tasks to queue
[2022-01-03 20:26:48,633] {logging_mixin.py:104} INFO - [2022-01-03 20:26:48,633] {dagbag.py:487} INFO - Filling up the DagBag from /home/airflow/sandbox/lib/python3.8/site-packages/airflow/example_dags/example_python_operator.py
[2022-01-03 20:26:48,651] {scheduler_job.py:643} INFO - DAG(s) dict_keys(['example_python_operator']) retrieved from /home/airflow/sandbox/lib/python3.8/site-packages/airflow/example_dags/example_python_operator.py
[2022-01-03 20:26:48,725] {logging_mixin.py:104} INFO - [2022-01-03 20:26:48,709] {dag.py:1832} INFO - Sync 1 DAGs
[2022-01-03 20:26:48,745] {logging_mixin.py:104} INFO - [2022-01-03 20:26:48,745] {dag.py:2305} INFO - Setting next_dagrun for example_python_operator to None
[2022-01-03 20:26:48,779] {scheduler_job.py:190} INFO - Processing /home/airflow/sandbox/lib/python3.8/site-packages/airflow/example_dags/example_python_operator.py took 0.149 seconds
[2022-01-03 20:27:27,286] {scheduler_job.py:182} INFO - Started process (PID=8451) to work on /home/airflow/sandbox/lib/python3.8/site-packages/airflow/example_dags/example_python_operator.py
[2022-01-03 20:27:27,287] {scheduler_job.py:633} INFO - Processing file /home/airflow/sandbox/lib/python3.8/site-packages/airflow/example_dags/example_python_operator.py for tasks to queue
[2022-01-03 20:27:27,287] {logging_mixin.py:104} INFO - [2022-01-03 20:27:27,287] {dagbag.py:487} INFO - Filling up the DagBag from /home/airflow/sandbox/lib/python3.8/site-packages/airflow/example_dags/example_python_operator.py
[2022-01-03 20:27:27,298] {scheduler_job.py:643} INFO - DAG(s) dict_keys(['example_python_operator']) retrieved from /home/airflow/sandbox/lib/python3.8/site-packages/airflow/example_dags/example_python_operator.py
[2022-01-03 20:27:27,333] {logging_mixin.py:104} INFO - [2022-01-03 20:27:27,332] {dag.py:1832} INFO - Sync 1 DAGs
[2022-01-03 20:27:27,347] {logging_mixin.py:104} INFO - [2022-01-03 20:27:27,347] {dag.py:2305} INFO - Setting next_dagrun for example_python_operator to None
[2022-01-03 20:27:27,377] {scheduler_job.py:190} INFO - Processing /home/airflow/sandbox/lib/python3.8/site-packages/airflow/example_dags/example_python_operator.py took 0.095 seconds
[2022-01-03 20:28:06,856] {scheduler_job.py:182} INFO - Started process (PID=8617) to work on /home/airflow/sandbox/lib/python3.8/site-packages/airflow/example_dags/example_python_operator.py
[2022-01-03 20:28:06,871] {scheduler_job.py:633} INFO - Processing file /home/airflow/sandbox/lib/python3.8/site-packages/airflow/example_dags/example_python_operator.py for tasks to queue
[2022-01-03 20:28:06,873] {logging_mixin.py:104} INFO - [2022-01-03 20:28:06,873] {dagbag.py:487} INFO - Filling up the DagBag from /home/airflow/sandbox/lib/python3.8/site-packages/airflow/example_dags/example_python_operator.py
[2022-01-03 20:28:06,895] {scheduler_job.py:643} INFO - DAG(s) dict_keys(['example_python_operator']) retrieved from /home/airflow/sandbox/lib/python3.8/site-packages/airflow/example_dags/example_python_operator.py
[2022-01-03 20:28:06,929] {logging_mixin.py:104} INFO - [2022-01-03 20:28:06,928] {dag.py:1832} INFO - Sync 1 DAGs
[2022-01-03 20:28:06,945] {logging_mixin.py:104} INFO - [2022-01-03 20:28:06,945] {dag.py:2305} INFO - Setting next_dagrun for example_python_operator to None
[2022-01-03 20:28:06,972] {scheduler_job.py:190} INFO - Processing /home/airflow/sandbox/lib/python3.8/site-packages/airflow/example_dags/example_python_operator.py took 0.121 seconds
[2022-01-03 20:28:46,936] {scheduler_job.py:182} INFO - Started process (PID=8702) to work on /home/airflow/sandbox/lib/python3.8/site-packages/airflow/example_dags/example_python_operator.py
[2022-01-03 20:28:46,938] {scheduler_job.py:633} INFO - Processing file /home/airflow/sandbox/lib/python3.8/site-packages/airflow/example_dags/example_python_operator.py for tasks to queue
[2022-01-03 20:28:46,939] {logging_mixin.py:104} INFO - [2022-01-03 20:28:46,939] {dagbag.py:487} INFO - Filling up the DagBag from /home/airflow/sandbox/lib/python3.8/site-packages/airflow/example_dags/example_python_operator.py
[2022-01-03 20:28:46,976] {scheduler_job.py:643} INFO - DAG(s) dict_keys(['example_python_operator']) retrieved from /home/airflow/sandbox/lib/python3.8/site-packages/airflow/example_dags/example_python_operator.py
[2022-01-03 20:28:46,995] {logging_mixin.py:104} INFO - [2022-01-03 20:28:46,994] {dag.py:1832} INFO - Sync 1 DAGs
[2022-01-03 20:28:47,021] {logging_mixin.py:104} INFO - [2022-01-03 20:28:47,021] {dag.py:2305} INFO - Setting next_dagrun for example_python_operator to None
[2022-01-03 20:28:47,043] {scheduler_job.py:190} INFO - Processing /home/airflow/sandbox/lib/python3.8/site-packages/airflow/example_dags/example_python_operator.py took 0.110 seconds
[2022-01-03 20:29:24,334] {scheduler_job.py:182} INFO - Started process (PID=8734) to work on /home/airflow/sandbox/lib/python3.8/site-packages/airflow/example_dags/example_python_operator.py
[2022-01-03 20:29:24,335] {scheduler_job.py:633} INFO - Processing file /home/airflow/sandbox/lib/python3.8/site-packages/airflow/example_dags/example_python_operator.py for tasks to queue
[2022-01-03 20:29:24,335] {logging_mixin.py:104} INFO - [2022-01-03 20:29:24,335] {dagbag.py:487} INFO - Filling up the DagBag from /home/airflow/sandbox/lib/python3.8/site-packages/airflow/example_dags/example_python_operator.py
[2022-01-03 20:29:24,349] {scheduler_job.py:643} INFO - DAG(s) dict_keys(['example_python_operator']) retrieved from /home/airflow/sandbox/lib/python3.8/site-packages/airflow/example_dags/example_python_operator.py
[2022-01-03 20:29:24,381] {logging_mixin.py:104} INFO - [2022-01-03 20:29:24,381] {dag.py:1832} INFO - Sync 1 DAGs
[2022-01-03 20:29:24,422] {logging_mixin.py:104} INFO - [2022-01-03 20:29:24,422] {dag.py:2305} INFO - Setting next_dagrun for example_python_operator to None
[2022-01-03 20:29:24,440] {scheduler_job.py:190} INFO - Processing /home/airflow/sandbox/lib/python3.8/site-packages/airflow/example_dags/example_python_operator.py took 0.110 seconds
[2022-01-03 20:30:07,826] {scheduler_job.py:182} INFO - Started process (PID=8839) to work on /home/airflow/sandbox/lib/python3.8/site-packages/airflow/example_dags/example_python_operator.py
[2022-01-03 20:30:07,827] {scheduler_job.py:633} INFO - Processing file /home/airflow/sandbox/lib/python3.8/site-packages/airflow/example_dags/example_python_operator.py for tasks to queue
[2022-01-03 20:30:07,828] {logging_mixin.py:104} INFO - [2022-01-03 20:30:07,828] {dagbag.py:487} INFO - Filling up the DagBag from /home/airflow/sandbox/lib/python3.8/site-packages/airflow/example_dags/example_python_operator.py
[2022-01-03 20:30:07,841] {scheduler_job.py:643} INFO - DAG(s) dict_keys(['example_python_operator']) retrieved from /home/airflow/sandbox/lib/python3.8/site-packages/airflow/example_dags/example_python_operator.py
[2022-01-03 20:30:07,870] {logging_mixin.py:104} INFO - [2022-01-03 20:30:07,870] {dag.py:1832} INFO - Sync 1 DAGs
[2022-01-03 20:30:07,884] {logging_mixin.py:104} INFO - [2022-01-03 20:30:07,884] {dag.py:2305} INFO - Setting next_dagrun for example_python_operator to None
[2022-01-03 20:30:07,899] {scheduler_job.py:190} INFO - Processing /home/airflow/sandbox/lib/python3.8/site-packages/airflow/example_dags/example_python_operator.py took 0.076 seconds
[2022-01-03 20:32:51,116] {scheduler_job.py:182} INFO - Started process (PID=9703) to work on /home/airflow/sandbox/lib/python3.8/site-packages/airflow/example_dags/example_python_operator.py
[2022-01-03 20:32:51,131] {scheduler_job.py:633} INFO - Processing file /home/airflow/sandbox/lib/python3.8/site-packages/airflow/example_dags/example_python_operator.py for tasks to queue
[2022-01-03 20:32:51,135] {logging_mixin.py:104} INFO - [2022-01-03 20:32:51,135] {dagbag.py:487} INFO - Filling up the DagBag from /home/airflow/sandbox/lib/python3.8/site-packages/airflow/example_dags/example_python_operator.py
[2022-01-03 20:32:51,417] {scheduler_job.py:643} INFO - DAG(s) dict_keys(['example_python_operator']) retrieved from /home/airflow/sandbox/lib/python3.8/site-packages/airflow/example_dags/example_python_operator.py
[2022-01-03 20:32:51,883] {logging_mixin.py:104} INFO - [2022-01-03 20:32:51,883] {dag.py:1832} INFO - Sync 1 DAGs
[2022-01-03 20:32:52,135] {logging_mixin.py:104} INFO - [2022-01-03 20:32:52,128] {dag.py:2305} INFO - Setting next_dagrun for example_python_operator to None
[2022-01-03 20:32:52,232] {scheduler_job.py:190} INFO - Processing /home/airflow/sandbox/lib/python3.8/site-packages/airflow/example_dags/example_python_operator.py took 1.135 seconds
[2022-01-03 20:33:22,470] {scheduler_job.py:182} INFO - Started process (PID=9931) to work on /home/airflow/sandbox/lib/python3.8/site-packages/airflow/example_dags/example_python_operator.py
[2022-01-03 20:33:22,471] {scheduler_job.py:633} INFO - Processing file /home/airflow/sandbox/lib/python3.8/site-packages/airflow/example_dags/example_python_operator.py for tasks to queue
[2022-01-03 20:33:22,477] {logging_mixin.py:104} INFO - [2022-01-03 20:33:22,477] {dagbag.py:487} INFO - Filling up the DagBag from /home/airflow/sandbox/lib/python3.8/site-packages/airflow/example_dags/example_python_operator.py
[2022-01-03 20:33:22,541] {scheduler_job.py:643} INFO - DAG(s) dict_keys(['example_python_operator']) retrieved from /home/airflow/sandbox/lib/python3.8/site-packages/airflow/example_dags/example_python_operator.py
[2022-01-03 20:33:22,640] {logging_mixin.py:104} INFO - [2022-01-03 20:33:22,640] {dag.py:1832} INFO - Sync 1 DAGs
[2022-01-03 20:33:22,687] {logging_mixin.py:104} INFO - [2022-01-03 20:33:22,687] {dag.py:2305} INFO - Setting next_dagrun for example_python_operator to None
[2022-01-03 20:33:22,732] {scheduler_job.py:190} INFO - Processing /home/airflow/sandbox/lib/python3.8/site-packages/airflow/example_dags/example_python_operator.py took 0.294 seconds
[2022-01-03 20:33:54,077] {scheduler_job.py:182} INFO - Started process (PID=10248) to work on /home/airflow/sandbox/lib/python3.8/site-packages/airflow/example_dags/example_python_operator.py
[2022-01-03 20:33:54,078] {scheduler_job.py:633} INFO - Processing file /home/airflow/sandbox/lib/python3.8/site-packages/airflow/example_dags/example_python_operator.py for tasks to queue
[2022-01-03 20:33:54,078] {logging_mixin.py:104} INFO - [2022-01-03 20:33:54,078] {dagbag.py:487} INFO - Filling up the DagBag from /home/airflow/sandbox/lib/python3.8/site-packages/airflow/example_dags/example_python_operator.py
[2022-01-03 20:33:54,177] {scheduler_job.py:643} INFO - DAG(s) dict_keys(['example_python_operator']) retrieved from /home/airflow/sandbox/lib/python3.8/site-packages/airflow/example_dags/example_python_operator.py
[2022-01-03 20:33:54,342] {logging_mixin.py:104} INFO - [2022-01-03 20:33:54,342] {dag.py:1832} INFO - Sync 1 DAGs
[2022-01-03 20:33:54,429] {logging_mixin.py:104} INFO - [2022-01-03 20:33:54,429] {dag.py:2305} INFO - Setting next_dagrun for example_python_operator to None
[2022-01-03 20:33:54,471] {scheduler_job.py:190} INFO - Processing /home/airflow/sandbox/lib/python3.8/site-packages/airflow/example_dags/example_python_operator.py took 0.397 seconds
[2022-01-03 20:34:28,691] {scheduler_job.py:182} INFO - Started process (PID=11348) to work on /home/airflow/sandbox/lib/python3.8/site-packages/airflow/example_dags/example_python_operator.py
[2022-01-03 20:34:28,714] {scheduler_job.py:633} INFO - Processing file /home/airflow/sandbox/lib/python3.8/site-packages/airflow/example_dags/example_python_operator.py for tasks to queue
[2022-01-03 20:34:28,716] {logging_mixin.py:104} INFO - [2022-01-03 20:34:28,716] {dagbag.py:487} INFO - Filling up the DagBag from /home/airflow/sandbox/lib/python3.8/site-packages/airflow/example_dags/example_python_operator.py
[2022-01-03 20:34:28,771] {scheduler_job.py:643} INFO - DAG(s) dict_keys(['example_python_operator']) retrieved from /home/airflow/sandbox/lib/python3.8/site-packages/airflow/example_dags/example_python_operator.py
[2022-01-03 20:34:28,916] {logging_mixin.py:104} INFO - [2022-01-03 20:34:28,916] {dag.py:1832} INFO - Sync 1 DAGs
[2022-01-03 20:34:28,985] {logging_mixin.py:104} INFO - [2022-01-03 20:34:28,985] {dag.py:2305} INFO - Setting next_dagrun for example_python_operator to None
[2022-01-03 20:34:29,035] {scheduler_job.py:190} INFO - Processing /home/airflow/sandbox/lib/python3.8/site-packages/airflow/example_dags/example_python_operator.py took 0.353 seconds
[2022-01-03 20:34:59,738] {scheduler_job.py:182} INFO - Started process (PID=11765) to work on /home/airflow/sandbox/lib/python3.8/site-packages/airflow/example_dags/example_python_operator.py
[2022-01-03 20:34:59,740] {scheduler_job.py:633} INFO - Processing file /home/airflow/sandbox/lib/python3.8/site-packages/airflow/example_dags/example_python_operator.py for tasks to queue
[2022-01-03 20:34:59,741] {logging_mixin.py:104} INFO - [2022-01-03 20:34:59,741] {dagbag.py:487} INFO - Filling up the DagBag from /home/airflow/sandbox/lib/python3.8/site-packages/airflow/example_dags/example_python_operator.py
[2022-01-03 20:34:59,783] {scheduler_job.py:643} INFO - DAG(s) dict_keys(['example_python_operator']) retrieved from /home/airflow/sandbox/lib/python3.8/site-packages/airflow/example_dags/example_python_operator.py
[2022-01-03 20:34:59,864] {logging_mixin.py:104} INFO - [2022-01-03 20:34:59,863] {dag.py:1832} INFO - Sync 1 DAGs
[2022-01-03 20:34:59,883] {logging_mixin.py:104} INFO - [2022-01-03 20:34:59,882] {dag.py:2305} INFO - Setting next_dagrun for example_python_operator to None
[2022-01-03 20:34:59,921] {scheduler_job.py:190} INFO - Processing /home/airflow/sandbox/lib/python3.8/site-packages/airflow/example_dags/example_python_operator.py took 0.190 seconds
[2022-01-03 20:35:30,128] {scheduler_job.py:182} INFO - Started process (PID=11968) to work on /home/airflow/sandbox/lib/python3.8/site-packages/airflow/example_dags/example_python_operator.py
[2022-01-03 20:35:30,130] {scheduler_job.py:633} INFO - Processing file /home/airflow/sandbox/lib/python3.8/site-packages/airflow/example_dags/example_python_operator.py for tasks to queue
[2022-01-03 20:35:30,134] {logging_mixin.py:104} INFO - [2022-01-03 20:35:30,134] {dagbag.py:487} INFO - Filling up the DagBag from /home/airflow/sandbox/lib/python3.8/site-packages/airflow/example_dags/example_python_operator.py
[2022-01-03 20:35:30,180] {scheduler_job.py:643} INFO - DAG(s) dict_keys(['example_python_operator']) retrieved from /home/airflow/sandbox/lib/python3.8/site-packages/airflow/example_dags/example_python_operator.py
[2022-01-03 20:35:30,279] {logging_mixin.py:104} INFO - [2022-01-03 20:35:30,279] {dag.py:1832} INFO - Sync 1 DAGs
[2022-01-03 20:35:30,311] {logging_mixin.py:104} INFO - [2022-01-03 20:35:30,311] {dag.py:2305} INFO - Setting next_dagrun for example_python_operator to None
[2022-01-03 20:35:30,340] {scheduler_job.py:190} INFO - Processing /home/airflow/sandbox/lib/python3.8/site-packages/airflow/example_dags/example_python_operator.py took 0.217 seconds
[2022-01-03 20:36:01,386] {scheduler_job.py:182} INFO - Started process (PID=12166) to work on /home/airflow/sandbox/lib/python3.8/site-packages/airflow/example_dags/example_python_operator.py
[2022-01-03 20:36:01,387] {scheduler_job.py:633} INFO - Processing file /home/airflow/sandbox/lib/python3.8/site-packages/airflow/example_dags/example_python_operator.py for tasks to queue
[2022-01-03 20:36:01,389] {logging_mixin.py:104} INFO - [2022-01-03 20:36:01,389] {dagbag.py:487} INFO - Filling up the DagBag from /home/airflow/sandbox/lib/python3.8/site-packages/airflow/example_dags/example_python_operator.py
[2022-01-03 20:36:01,421] {scheduler_job.py:643} INFO - DAG(s) dict_keys(['example_python_operator']) retrieved from /home/airflow/sandbox/lib/python3.8/site-packages/airflow/example_dags/example_python_operator.py
[2022-01-03 20:36:01,587] {logging_mixin.py:104} INFO - [2022-01-03 20:36:01,586] {dag.py:1832} INFO - Sync 1 DAGs
[2022-01-03 20:36:01,619] {logging_mixin.py:104} INFO - [2022-01-03 20:36:01,619] {dag.py:2305} INFO - Setting next_dagrun for example_python_operator to None
[2022-01-03 20:36:01,659] {scheduler_job.py:190} INFO - Processing /home/airflow/sandbox/lib/python3.8/site-packages/airflow/example_dags/example_python_operator.py took 0.282 seconds
[2022-01-03 20:36:31,838] {scheduler_job.py:182} INFO - Started process (PID=12358) to work on /home/airflow/sandbox/lib/python3.8/site-packages/airflow/example_dags/example_python_operator.py
[2022-01-03 20:36:31,871] {scheduler_job.py:633} INFO - Processing file /home/airflow/sandbox/lib/python3.8/site-packages/airflow/example_dags/example_python_operator.py for tasks to queue
[2022-01-03 20:36:31,878] {logging_mixin.py:104} INFO - [2022-01-03 20:36:31,878] {dagbag.py:487} INFO - Filling up the DagBag from /home/airflow/sandbox/lib/python3.8/site-packages/airflow/example_dags/example_python_operator.py
[2022-01-03 20:36:31,979] {scheduler_job.py:643} INFO - DAG(s) dict_keys(['example_python_operator']) retrieved from /home/airflow/sandbox/lib/python3.8/site-packages/airflow/example_dags/example_python_operator.py
[2022-01-03 20:36:32,075] {logging_mixin.py:104} INFO - [2022-01-03 20:36:32,074] {dag.py:1832} INFO - Sync 1 DAGs
[2022-01-03 20:36:32,179] {logging_mixin.py:104} INFO - [2022-01-03 20:36:32,179] {dag.py:2305} INFO - Setting next_dagrun for example_python_operator to None
[2022-01-03 20:36:32,274] {scheduler_job.py:190} INFO - Processing /home/airflow/sandbox/lib/python3.8/site-packages/airflow/example_dags/example_python_operator.py took 0.438 seconds
[2022-01-03 20:37:02,822] {scheduler_job.py:182} INFO - Started process (PID=12554) to work on /home/airflow/sandbox/lib/python3.8/site-packages/airflow/example_dags/example_python_operator.py
[2022-01-03 20:37:02,823] {scheduler_job.py:633} INFO - Processing file /home/airflow/sandbox/lib/python3.8/site-packages/airflow/example_dags/example_python_operator.py for tasks to queue
[2022-01-03 20:37:02,824] {logging_mixin.py:104} INFO - [2022-01-03 20:37:02,823] {dagbag.py:487} INFO - Filling up the DagBag from /home/airflow/sandbox/lib/python3.8/site-packages/airflow/example_dags/example_python_operator.py
[2022-01-03 20:37:02,835] {scheduler_job.py:643} INFO - DAG(s) dict_keys(['example_python_operator']) retrieved from /home/airflow/sandbox/lib/python3.8/site-packages/airflow/example_dags/example_python_operator.py
[2022-01-03 20:37:02,887] {logging_mixin.py:104} INFO - [2022-01-03 20:37:02,887] {dag.py:1832} INFO - Sync 1 DAGs
[2022-01-03 20:37:02,917] {logging_mixin.py:104} INFO - [2022-01-03 20:37:02,917] {dag.py:2305} INFO - Setting next_dagrun for example_python_operator to None
[2022-01-03 20:37:02,927] {scheduler_job.py:190} INFO - Processing /home/airflow/sandbox/lib/python3.8/site-packages/airflow/example_dags/example_python_operator.py took 0.110 seconds
[2022-01-03 20:37:33,153] {scheduler_job.py:182} INFO - Started process (PID=12753) to work on /home/airflow/sandbox/lib/python3.8/site-packages/airflow/example_dags/example_python_operator.py
[2022-01-03 20:37:33,155] {scheduler_job.py:633} INFO - Processing file /home/airflow/sandbox/lib/python3.8/site-packages/airflow/example_dags/example_python_operator.py for tasks to queue
[2022-01-03 20:37:33,157] {logging_mixin.py:104} INFO - [2022-01-03 20:37:33,157] {dagbag.py:487} INFO - Filling up the DagBag from /home/airflow/sandbox/lib/python3.8/site-packages/airflow/example_dags/example_python_operator.py
[2022-01-03 20:37:33,174] {scheduler_job.py:643} INFO - DAG(s) dict_keys(['example_python_operator']) retrieved from /home/airflow/sandbox/lib/python3.8/site-packages/airflow/example_dags/example_python_operator.py
[2022-01-03 20:37:33,224] {logging_mixin.py:104} INFO - [2022-01-03 20:37:33,224] {dag.py:1832} INFO - Sync 1 DAGs
[2022-01-03 20:37:33,249] {logging_mixin.py:104} INFO - [2022-01-03 20:37:33,249] {dag.py:2305} INFO - Setting next_dagrun for example_python_operator to None
[2022-01-03 20:37:33,264] {scheduler_job.py:190} INFO - Processing /home/airflow/sandbox/lib/python3.8/site-packages/airflow/example_dags/example_python_operator.py took 0.130 seconds
[2022-01-03 20:38:03,674] {scheduler_job.py:182} INFO - Started process (PID=13196) to work on /home/airflow/sandbox/lib/python3.8/site-packages/airflow/example_dags/example_python_operator.py
[2022-01-03 20:38:03,675] {scheduler_job.py:633} INFO - Processing file /home/airflow/sandbox/lib/python3.8/site-packages/airflow/example_dags/example_python_operator.py for tasks to queue
[2022-01-03 20:38:03,676] {logging_mixin.py:104} INFO - [2022-01-03 20:38:03,676] {dagbag.py:487} INFO - Filling up the DagBag from /home/airflow/sandbox/lib/python3.8/site-packages/airflow/example_dags/example_python_operator.py
[2022-01-03 20:38:03,697] {scheduler_job.py:643} INFO - DAG(s) dict_keys(['example_python_operator']) retrieved from /home/airflow/sandbox/lib/python3.8/site-packages/airflow/example_dags/example_python_operator.py
[2022-01-03 20:38:03,733] {logging_mixin.py:104} INFO - [2022-01-03 20:38:03,733] {dag.py:1832} INFO - Sync 1 DAGs
[2022-01-03 20:38:03,762] {logging_mixin.py:104} INFO - [2022-01-03 20:38:03,762] {dag.py:2305} INFO - Setting next_dagrun for example_python_operator to None
[2022-01-03 20:38:03,777] {scheduler_job.py:190} INFO - Processing /home/airflow/sandbox/lib/python3.8/site-packages/airflow/example_dags/example_python_operator.py took 0.110 seconds
[2022-01-03 20:38:34,315] {scheduler_job.py:182} INFO - Started process (PID=13396) to work on /home/airflow/sandbox/lib/python3.8/site-packages/airflow/example_dags/example_python_operator.py
[2022-01-03 20:38:34,318] {scheduler_job.py:633} INFO - Processing file /home/airflow/sandbox/lib/python3.8/site-packages/airflow/example_dags/example_python_operator.py for tasks to queue
[2022-01-03 20:38:34,319] {logging_mixin.py:104} INFO - [2022-01-03 20:38:34,319] {dagbag.py:487} INFO - Filling up the DagBag from /home/airflow/sandbox/lib/python3.8/site-packages/airflow/example_dags/example_python_operator.py
[2022-01-03 20:38:34,351] {scheduler_job.py:643} INFO - DAG(s) dict_keys(['example_python_operator']) retrieved from /home/airflow/sandbox/lib/python3.8/site-packages/airflow/example_dags/example_python_operator.py
[2022-01-03 20:38:34,382] {logging_mixin.py:104} INFO - [2022-01-03 20:38:34,382] {dag.py:1832} INFO - Sync 1 DAGs
[2022-01-03 20:38:34,403] {logging_mixin.py:104} INFO - [2022-01-03 20:38:34,403] {dag.py:2305} INFO - Setting next_dagrun for example_python_operator to None
[2022-01-03 20:38:34,416] {scheduler_job.py:190} INFO - Processing /home/airflow/sandbox/lib/python3.8/site-packages/airflow/example_dags/example_python_operator.py took 0.110 seconds
[2022-01-03 20:39:04,992] {scheduler_job.py:182} INFO - Started process (PID=13590) to work on /home/airflow/sandbox/lib/python3.8/site-packages/airflow/example_dags/example_python_operator.py
[2022-01-03 20:39:04,994] {scheduler_job.py:633} INFO - Processing file /home/airflow/sandbox/lib/python3.8/site-packages/airflow/example_dags/example_python_operator.py for tasks to queue
[2022-01-03 20:39:04,996] {logging_mixin.py:104} INFO - [2022-01-03 20:39:04,996] {dagbag.py:487} INFO - Filling up the DagBag from /home/airflow/sandbox/lib/python3.8/site-packages/airflow/example_dags/example_python_operator.py
[2022-01-03 20:39:05,029] {scheduler_job.py:643} INFO - DAG(s) dict_keys(['example_python_operator']) retrieved from /home/airflow/sandbox/lib/python3.8/site-packages/airflow/example_dags/example_python_operator.py
[2022-01-03 20:39:05,098] {logging_mixin.py:104} INFO - [2022-01-03 20:39:05,097] {dag.py:1832} INFO - Sync 1 DAGs
[2022-01-03 20:39:05,147] {logging_mixin.py:104} INFO - [2022-01-03 20:39:05,147] {dag.py:2305} INFO - Setting next_dagrun for example_python_operator to None
[2022-01-03 20:39:05,179] {scheduler_job.py:190} INFO - Processing /home/airflow/sandbox/lib/python3.8/site-packages/airflow/example_dags/example_python_operator.py took 0.209 seconds
[2022-01-03 20:39:35,510] {scheduler_job.py:182} INFO - Started process (PID=13788) to work on /home/airflow/sandbox/lib/python3.8/site-packages/airflow/example_dags/example_python_operator.py
[2022-01-03 20:39:35,511] {scheduler_job.py:633} INFO - Processing file /home/airflow/sandbox/lib/python3.8/site-packages/airflow/example_dags/example_python_operator.py for tasks to queue
[2022-01-03 20:39:35,512] {logging_mixin.py:104} INFO - [2022-01-03 20:39:35,512] {dagbag.py:487} INFO - Filling up the DagBag from /home/airflow/sandbox/lib/python3.8/site-packages/airflow/example_dags/example_python_operator.py
[2022-01-03 20:39:35,544] {scheduler_job.py:643} INFO - DAG(s) dict_keys(['example_python_operator']) retrieved from /home/airflow/sandbox/lib/python3.8/site-packages/airflow/example_dags/example_python_operator.py
[2022-01-03 20:39:35,611] {logging_mixin.py:104} INFO - [2022-01-03 20:39:35,611] {dag.py:1832} INFO - Sync 1 DAGs
[2022-01-03 20:39:35,627] {logging_mixin.py:104} INFO - [2022-01-03 20:39:35,627] {dag.py:2305} INFO - Setting next_dagrun for example_python_operator to None
[2022-01-03 20:39:35,659] {scheduler_job.py:190} INFO - Processing /home/airflow/sandbox/lib/python3.8/site-packages/airflow/example_dags/example_python_operator.py took 0.153 seconds
[2022-01-03 20:40:06,615] {scheduler_job.py:182} INFO - Started process (PID=13987) to work on /home/airflow/sandbox/lib/python3.8/site-packages/airflow/example_dags/example_python_operator.py
[2022-01-03 20:40:06,616] {scheduler_job.py:633} INFO - Processing file /home/airflow/sandbox/lib/python3.8/site-packages/airflow/example_dags/example_python_operator.py for tasks to queue
[2022-01-03 20:40:06,617] {logging_mixin.py:104} INFO - [2022-01-03 20:40:06,617] {dagbag.py:487} INFO - Filling up the DagBag from /home/airflow/sandbox/lib/python3.8/site-packages/airflow/example_dags/example_python_operator.py
[2022-01-03 20:40:06,647] {scheduler_job.py:643} INFO - DAG(s) dict_keys(['example_python_operator']) retrieved from /home/airflow/sandbox/lib/python3.8/site-packages/airflow/example_dags/example_python_operator.py
[2022-01-03 20:40:06,678] {logging_mixin.py:104} INFO - [2022-01-03 20:40:06,678] {dag.py:1832} INFO - Sync 1 DAGs
[2022-01-03 20:40:06,710] {logging_mixin.py:104} INFO - [2022-01-03 20:40:06,710] {dag.py:2305} INFO - Setting next_dagrun for example_python_operator to None
[2022-01-03 20:40:06,729] {scheduler_job.py:190} INFO - Processing /home/airflow/sandbox/lib/python3.8/site-packages/airflow/example_dags/example_python_operator.py took 0.151 seconds
[2022-01-03 20:40:36,899] {scheduler_job.py:182} INFO - Started process (PID=14186) to work on /home/airflow/sandbox/lib/python3.8/site-packages/airflow/example_dags/example_python_operator.py
[2022-01-03 20:40:36,903] {scheduler_job.py:633} INFO - Processing file /home/airflow/sandbox/lib/python3.8/site-packages/airflow/example_dags/example_python_operator.py for tasks to queue
[2022-01-03 20:40:36,905] {logging_mixin.py:104} INFO - [2022-01-03 20:40:36,904] {dagbag.py:487} INFO - Filling up the DagBag from /home/airflow/sandbox/lib/python3.8/site-packages/airflow/example_dags/example_python_operator.py
[2022-01-03 20:40:36,921] {scheduler_job.py:643} INFO - DAG(s) dict_keys(['example_python_operator']) retrieved from /home/airflow/sandbox/lib/python3.8/site-packages/airflow/example_dags/example_python_operator.py
[2022-01-03 20:40:36,973] {logging_mixin.py:104} INFO - [2022-01-03 20:40:36,973] {dag.py:1832} INFO - Sync 1 DAGs
[2022-01-03 20:40:37,007] {logging_mixin.py:104} INFO - [2022-01-03 20:40:37,007] {dag.py:2305} INFO - Setting next_dagrun for example_python_operator to None
[2022-01-03 20:40:37,022] {scheduler_job.py:190} INFO - Processing /home/airflow/sandbox/lib/python3.8/site-packages/airflow/example_dags/example_python_operator.py took 0.127 seconds
[2022-01-03 20:41:07,377] {scheduler_job.py:182} INFO - Started process (PID=14385) to work on /home/airflow/sandbox/lib/python3.8/site-packages/airflow/example_dags/example_python_operator.py
[2022-01-03 20:41:07,389] {scheduler_job.py:633} INFO - Processing file /home/airflow/sandbox/lib/python3.8/site-packages/airflow/example_dags/example_python_operator.py for tasks to queue
[2022-01-03 20:41:07,390] {logging_mixin.py:104} INFO - [2022-01-03 20:41:07,390] {dagbag.py:487} INFO - Filling up the DagBag from /home/airflow/sandbox/lib/python3.8/site-packages/airflow/example_dags/example_python_operator.py
[2022-01-03 20:41:07,409] {scheduler_job.py:643} INFO - DAG(s) dict_keys(['example_python_operator']) retrieved from /home/airflow/sandbox/lib/python3.8/site-packages/airflow/example_dags/example_python_operator.py
[2022-01-03 20:41:07,459] {logging_mixin.py:104} INFO - [2022-01-03 20:41:07,458] {dag.py:1832} INFO - Sync 1 DAGs
[2022-01-03 20:41:07,476] {logging_mixin.py:104} INFO - [2022-01-03 20:41:07,476] {dag.py:2305} INFO - Setting next_dagrun for example_python_operator to None
[2022-01-03 20:41:07,593] {scheduler_job.py:190} INFO - Processing /home/airflow/sandbox/lib/python3.8/site-packages/airflow/example_dags/example_python_operator.py took 0.222 seconds
[2022-01-03 20:41:37,894] {scheduler_job.py:182} INFO - Started process (PID=14585) to work on /home/airflow/sandbox/lib/python3.8/site-packages/airflow/example_dags/example_python_operator.py
[2022-01-03 20:41:37,894] {scheduler_job.py:633} INFO - Processing file /home/airflow/sandbox/lib/python3.8/site-packages/airflow/example_dags/example_python_operator.py for tasks to queue
[2022-01-03 20:41:37,895] {logging_mixin.py:104} INFO - [2022-01-03 20:41:37,895] {dagbag.py:487} INFO - Filling up the DagBag from /home/airflow/sandbox/lib/python3.8/site-packages/airflow/example_dags/example_python_operator.py
[2022-01-03 20:41:37,907] {scheduler_job.py:643} INFO - DAG(s) dict_keys(['example_python_operator']) retrieved from /home/airflow/sandbox/lib/python3.8/site-packages/airflow/example_dags/example_python_operator.py
[2022-01-03 20:41:37,959] {logging_mixin.py:104} INFO - [2022-01-03 20:41:37,959] {dag.py:1832} INFO - Sync 1 DAGs
[2022-01-03 20:41:38,006] {logging_mixin.py:104} INFO - [2022-01-03 20:41:38,005] {dag.py:2305} INFO - Setting next_dagrun for example_python_operator to None
[2022-01-03 20:41:38,113] {scheduler_job.py:190} INFO - Processing /home/airflow/sandbox/lib/python3.8/site-packages/airflow/example_dags/example_python_operator.py took 0.238 seconds
[2022-01-03 20:42:08,909] {scheduler_job.py:182} INFO - Started process (PID=14784) to work on /home/airflow/sandbox/lib/python3.8/site-packages/airflow/example_dags/example_python_operator.py
[2022-01-03 20:42:08,910] {scheduler_job.py:633} INFO - Processing file /home/airflow/sandbox/lib/python3.8/site-packages/airflow/example_dags/example_python_operator.py for tasks to queue
[2022-01-03 20:42:08,911] {logging_mixin.py:104} INFO - [2022-01-03 20:42:08,911] {dagbag.py:487} INFO - Filling up the DagBag from /home/airflow/sandbox/lib/python3.8/site-packages/airflow/example_dags/example_python_operator.py
[2022-01-03 20:42:08,921] {scheduler_job.py:643} INFO - DAG(s) dict_keys(['example_python_operator']) retrieved from /home/airflow/sandbox/lib/python3.8/site-packages/airflow/example_dags/example_python_operator.py
[2022-01-03 20:42:08,973] {logging_mixin.py:104} INFO - [2022-01-03 20:42:08,972] {dag.py:1832} INFO - Sync 1 DAGs
[2022-01-03 20:42:09,011] {logging_mixin.py:104} INFO - [2022-01-03 20:42:09,011] {dag.py:2305} INFO - Setting next_dagrun for example_python_operator to None
[2022-01-03 20:42:09,145] {scheduler_job.py:190} INFO - Processing /home/airflow/sandbox/lib/python3.8/site-packages/airflow/example_dags/example_python_operator.py took 0.239 seconds
[2022-01-03 20:42:39,442] {scheduler_job.py:182} INFO - Started process (PID=15103) to work on /home/airflow/sandbox/lib/python3.8/site-packages/airflow/example_dags/example_python_operator.py
[2022-01-03 20:42:39,445] {scheduler_job.py:633} INFO - Processing file /home/airflow/sandbox/lib/python3.8/site-packages/airflow/example_dags/example_python_operator.py for tasks to queue
[2022-01-03 20:42:39,446] {logging_mixin.py:104} INFO - [2022-01-03 20:42:39,446] {dagbag.py:487} INFO - Filling up the DagBag from /home/airflow/sandbox/lib/python3.8/site-packages/airflow/example_dags/example_python_operator.py
[2022-01-03 20:42:39,468] {scheduler_job.py:643} INFO - DAG(s) dict_keys(['example_python_operator']) retrieved from /home/airflow/sandbox/lib/python3.8/site-packages/airflow/example_dags/example_python_operator.py
[2022-01-03 20:42:39,520] {logging_mixin.py:104} INFO - [2022-01-03 20:42:39,519] {dag.py:1832} INFO - Sync 1 DAGs
[2022-01-03 20:42:39,643] {logging_mixin.py:104} INFO - [2022-01-03 20:42:39,643] {dag.py:2305} INFO - Setting next_dagrun for example_python_operator to None
[2022-01-03 20:42:39,660] {scheduler_job.py:190} INFO - Processing /home/airflow/sandbox/lib/python3.8/site-packages/airflow/example_dags/example_python_operator.py took 0.226 seconds
[2022-01-03 20:43:10,048] {scheduler_job.py:182} INFO - Started process (PID=15424) to work on /home/airflow/sandbox/lib/python3.8/site-packages/airflow/example_dags/example_python_operator.py
[2022-01-03 20:43:10,050] {scheduler_job.py:633} INFO - Processing file /home/airflow/sandbox/lib/python3.8/site-packages/airflow/example_dags/example_python_operator.py for tasks to queue
[2022-01-03 20:43:10,051] {logging_mixin.py:104} INFO - [2022-01-03 20:43:10,051] {dagbag.py:487} INFO - Filling up the DagBag from /home/airflow/sandbox/lib/python3.8/site-packages/airflow/example_dags/example_python_operator.py
[2022-01-03 20:43:10,065] {scheduler_job.py:643} INFO - DAG(s) dict_keys(['example_python_operator']) retrieved from /home/airflow/sandbox/lib/python3.8/site-packages/airflow/example_dags/example_python_operator.py
[2022-01-03 20:43:10,121] {logging_mixin.py:104} INFO - [2022-01-03 20:43:10,120] {dag.py:1832} INFO - Sync 1 DAGs
[2022-01-03 20:43:10,258] {logging_mixin.py:104} INFO - [2022-01-03 20:43:10,258] {dag.py:2305} INFO - Setting next_dagrun for example_python_operator to None
[2022-01-03 20:43:10,284] {scheduler_job.py:190} INFO - Processing /home/airflow/sandbox/lib/python3.8/site-packages/airflow/example_dags/example_python_operator.py took 0.240 seconds
[2022-01-03 20:43:40,515] {scheduler_job.py:182} INFO - Started process (PID=15624) to work on /home/airflow/sandbox/lib/python3.8/site-packages/airflow/example_dags/example_python_operator.py
[2022-01-03 20:43:40,515] {scheduler_job.py:633} INFO - Processing file /home/airflow/sandbox/lib/python3.8/site-packages/airflow/example_dags/example_python_operator.py for tasks to queue
[2022-01-03 20:43:40,516] {logging_mixin.py:104} INFO - [2022-01-03 20:43:40,516] {dagbag.py:487} INFO - Filling up the DagBag from /home/airflow/sandbox/lib/python3.8/site-packages/airflow/example_dags/example_python_operator.py
[2022-01-03 20:43:40,537] {scheduler_job.py:643} INFO - DAG(s) dict_keys(['example_python_operator']) retrieved from /home/airflow/sandbox/lib/python3.8/site-packages/airflow/example_dags/example_python_operator.py
[2022-01-03 20:43:40,586] {logging_mixin.py:104} INFO - [2022-01-03 20:43:40,586] {dag.py:1832} INFO - Sync 1 DAGs
[2022-01-03 20:43:40,733] {logging_mixin.py:104} INFO - [2022-01-03 20:43:40,733] {dag.py:2305} INFO - Setting next_dagrun for example_python_operator to None
[2022-01-03 20:43:40,750] {scheduler_job.py:190} INFO - Processing /home/airflow/sandbox/lib/python3.8/site-packages/airflow/example_dags/example_python_operator.py took 0.239 seconds
[2022-01-03 20:44:10,910] {scheduler_job.py:182} INFO - Started process (PID=15818) to work on /home/airflow/sandbox/lib/python3.8/site-packages/airflow/example_dags/example_python_operator.py
[2022-01-03 20:44:10,913] {scheduler_job.py:633} INFO - Processing file /home/airflow/sandbox/lib/python3.8/site-packages/airflow/example_dags/example_python_operator.py for tasks to queue
[2022-01-03 20:44:10,916] {logging_mixin.py:104} INFO - [2022-01-03 20:44:10,916] {dagbag.py:487} INFO - Filling up the DagBag from /home/airflow/sandbox/lib/python3.8/site-packages/airflow/example_dags/example_python_operator.py
[2022-01-03 20:44:10,998] {scheduler_job.py:643} INFO - DAG(s) dict_keys(['example_python_operator']) retrieved from /home/airflow/sandbox/lib/python3.8/site-packages/airflow/example_dags/example_python_operator.py
[2022-01-03 20:44:11,098] {logging_mixin.py:104} INFO - [2022-01-03 20:44:11,098] {dag.py:1832} INFO - Sync 1 DAGs
[2022-01-03 20:44:11,313] {logging_mixin.py:104} INFO - [2022-01-03 20:44:11,313] {dag.py:2305} INFO - Setting next_dagrun for example_python_operator to None
[2022-01-03 20:44:11,334] {scheduler_job.py:190} INFO - Processing /home/airflow/sandbox/lib/python3.8/site-packages/airflow/example_dags/example_python_operator.py took 0.429 seconds
[2022-01-03 20:44:41,591] {scheduler_job.py:182} INFO - Started process (PID=16018) to work on /home/airflow/sandbox/lib/python3.8/site-packages/airflow/example_dags/example_python_operator.py
[2022-01-03 20:44:41,593] {scheduler_job.py:633} INFO - Processing file /home/airflow/sandbox/lib/python3.8/site-packages/airflow/example_dags/example_python_operator.py for tasks to queue
[2022-01-03 20:44:41,595] {logging_mixin.py:104} INFO - [2022-01-03 20:44:41,594] {dagbag.py:487} INFO - Filling up the DagBag from /home/airflow/sandbox/lib/python3.8/site-packages/airflow/example_dags/example_python_operator.py
[2022-01-03 20:44:41,635] {scheduler_job.py:643} INFO - DAG(s) dict_keys(['example_python_operator']) retrieved from /home/airflow/sandbox/lib/python3.8/site-packages/airflow/example_dags/example_python_operator.py
[2022-01-03 20:44:41,865] {logging_mixin.py:104} INFO - [2022-01-03 20:44:41,864] {dag.py:1832} INFO - Sync 1 DAGs
[2022-01-03 20:44:41,895] {logging_mixin.py:104} INFO - [2022-01-03 20:44:41,895] {dag.py:2305} INFO - Setting next_dagrun for example_python_operator to None
[2022-01-03 20:44:41,934] {scheduler_job.py:190} INFO - Processing /home/airflow/sandbox/lib/python3.8/site-packages/airflow/example_dags/example_python_operator.py took 0.349 seconds
