[2022-01-03 20:18:55,356] {scheduler_job.py:182} INFO - Started process (PID=2937) to work on /home/airflow/sandbox/lib/python3.8/site-packages/airflow/example_dags/example_external_task_marker_dag.py
[2022-01-03 20:18:55,357] {scheduler_job.py:633} INFO - Processing file /home/airflow/sandbox/lib/python3.8/site-packages/airflow/example_dags/example_external_task_marker_dag.py for tasks to queue
[2022-01-03 20:18:55,358] {logging_mixin.py:104} INFO - [2022-01-03 20:18:55,357] {dagbag.py:487} INFO - Filling up the DagBag from /home/airflow/sandbox/lib/python3.8/site-packages/airflow/example_dags/example_external_task_marker_dag.py
[2022-01-03 20:18:55,393] {scheduler_job.py:643} INFO - DAG(s) dict_keys(['example_external_task_marker_parent', 'example_external_task_marker_child']) retrieved from /home/airflow/sandbox/lib/python3.8/site-packages/airflow/example_dags/example_external_task_marker_dag.py
[2022-01-03 20:18:55,904] {logging_mixin.py:104} INFO - [2022-01-03 20:18:55,904] {dag.py:1832} INFO - Sync 2 DAGs
[2022-01-03 20:18:55,913] {logging_mixin.py:104} INFO - [2022-01-03 20:18:55,913] {dag.py:2305} INFO - Setting next_dagrun for example_external_task_marker_child to None
[2022-01-03 20:18:55,914] {logging_mixin.py:104} INFO - [2022-01-03 20:18:55,913] {dag.py:2305} INFO - Setting next_dagrun for example_external_task_marker_parent to None
[2022-01-03 20:18:55,946] {scheduler_job.py:190} INFO - Processing /home/airflow/sandbox/lib/python3.8/site-packages/airflow/example_dags/example_external_task_marker_dag.py took 0.592 seconds
[2022-01-03 20:20:10,110] {scheduler_job.py:182} INFO - Started process (PID=3490) to work on /home/airflow/sandbox/lib/python3.8/site-packages/airflow/example_dags/example_external_task_marker_dag.py
[2022-01-03 20:20:10,111] {scheduler_job.py:633} INFO - Processing file /home/airflow/sandbox/lib/python3.8/site-packages/airflow/example_dags/example_external_task_marker_dag.py for tasks to queue
[2022-01-03 20:20:10,111] {logging_mixin.py:104} INFO - [2022-01-03 20:20:10,111] {dagbag.py:487} INFO - Filling up the DagBag from /home/airflow/sandbox/lib/python3.8/site-packages/airflow/example_dags/example_external_task_marker_dag.py
[2022-01-03 20:20:10,142] {scheduler_job.py:643} INFO - DAG(s) dict_keys(['example_external_task_marker_parent', 'example_external_task_marker_child']) retrieved from /home/airflow/sandbox/lib/python3.8/site-packages/airflow/example_dags/example_external_task_marker_dag.py
[2022-01-03 20:20:10,164] {logging_mixin.py:104} INFO - [2022-01-03 20:20:10,164] {dag.py:1832} INFO - Sync 2 DAGs
[2022-01-03 20:20:10,211] {logging_mixin.py:104} INFO - [2022-01-03 20:20:10,211] {dag.py:2305} INFO - Setting next_dagrun for example_external_task_marker_child to None
[2022-01-03 20:20:10,212] {logging_mixin.py:104} INFO - [2022-01-03 20:20:10,212] {dag.py:2305} INFO - Setting next_dagrun for example_external_task_marker_parent to None
[2022-01-03 20:20:10,238] {scheduler_job.py:190} INFO - Processing /home/airflow/sandbox/lib/python3.8/site-packages/airflow/example_dags/example_external_task_marker_dag.py took 0.130 seconds
[2022-01-03 20:20:52,011] {scheduler_job.py:182} INFO - Started process (PID=3525) to work on /home/airflow/sandbox/lib/python3.8/site-packages/airflow/example_dags/example_external_task_marker_dag.py
[2022-01-03 20:20:52,014] {scheduler_job.py:633} INFO - Processing file /home/airflow/sandbox/lib/python3.8/site-packages/airflow/example_dags/example_external_task_marker_dag.py for tasks to queue
[2022-01-03 20:20:52,015] {logging_mixin.py:104} INFO - [2022-01-03 20:20:52,015] {dagbag.py:487} INFO - Filling up the DagBag from /home/airflow/sandbox/lib/python3.8/site-packages/airflow/example_dags/example_external_task_marker_dag.py
[2022-01-03 20:20:52,042] {scheduler_job.py:643} INFO - DAG(s) dict_keys(['example_external_task_marker_parent', 'example_external_task_marker_child']) retrieved from /home/airflow/sandbox/lib/python3.8/site-packages/airflow/example_dags/example_external_task_marker_dag.py
[2022-01-03 20:20:52,062] {logging_mixin.py:104} INFO - [2022-01-03 20:20:52,062] {dag.py:1832} INFO - Sync 2 DAGs
[2022-01-03 20:20:52,095] {logging_mixin.py:104} INFO - [2022-01-03 20:20:52,094] {dag.py:2305} INFO - Setting next_dagrun for example_external_task_marker_child to None
[2022-01-03 20:20:52,096] {logging_mixin.py:104} INFO - [2022-01-03 20:20:52,096] {dag.py:2305} INFO - Setting next_dagrun for example_external_task_marker_parent to None
[2022-01-03 20:20:52,135] {scheduler_job.py:190} INFO - Processing /home/airflow/sandbox/lib/python3.8/site-packages/airflow/example_dags/example_external_task_marker_dag.py took 0.127 seconds
[2022-01-03 20:21:30,450] {scheduler_job.py:182} INFO - Started process (PID=3558) to work on /home/airflow/sandbox/lib/python3.8/site-packages/airflow/example_dags/example_external_task_marker_dag.py
[2022-01-03 20:21:30,452] {scheduler_job.py:633} INFO - Processing file /home/airflow/sandbox/lib/python3.8/site-packages/airflow/example_dags/example_external_task_marker_dag.py for tasks to queue
[2022-01-03 20:21:30,452] {logging_mixin.py:104} INFO - [2022-01-03 20:21:30,452] {dagbag.py:487} INFO - Filling up the DagBag from /home/airflow/sandbox/lib/python3.8/site-packages/airflow/example_dags/example_external_task_marker_dag.py
[2022-01-03 20:21:30,460] {scheduler_job.py:643} INFO - DAG(s) dict_keys(['example_external_task_marker_parent', 'example_external_task_marker_child']) retrieved from /home/airflow/sandbox/lib/python3.8/site-packages/airflow/example_dags/example_external_task_marker_dag.py
[2022-01-03 20:21:30,494] {logging_mixin.py:104} INFO - [2022-01-03 20:21:30,493] {dag.py:1832} INFO - Sync 2 DAGs
[2022-01-03 20:21:30,512] {logging_mixin.py:104} INFO - [2022-01-03 20:21:30,511] {dag.py:2305} INFO - Setting next_dagrun for example_external_task_marker_child to None
[2022-01-03 20:21:30,514] {logging_mixin.py:104} INFO - [2022-01-03 20:21:30,514] {dag.py:2305} INFO - Setting next_dagrun for example_external_task_marker_parent to None
[2022-01-03 20:21:30,565] {scheduler_job.py:190} INFO - Processing /home/airflow/sandbox/lib/python3.8/site-packages/airflow/example_dags/example_external_task_marker_dag.py took 0.119 seconds
[2022-01-03 20:22:10,341] {scheduler_job.py:182} INFO - Started process (PID=3634) to work on /home/airflow/sandbox/lib/python3.8/site-packages/airflow/example_dags/example_external_task_marker_dag.py
[2022-01-03 20:22:10,342] {scheduler_job.py:633} INFO - Processing file /home/airflow/sandbox/lib/python3.8/site-packages/airflow/example_dags/example_external_task_marker_dag.py for tasks to queue
[2022-01-03 20:22:10,342] {logging_mixin.py:104} INFO - [2022-01-03 20:22:10,342] {dagbag.py:487} INFO - Filling up the DagBag from /home/airflow/sandbox/lib/python3.8/site-packages/airflow/example_dags/example_external_task_marker_dag.py
[2022-01-03 20:22:10,354] {scheduler_job.py:643} INFO - DAG(s) dict_keys(['example_external_task_marker_parent', 'example_external_task_marker_child']) retrieved from /home/airflow/sandbox/lib/python3.8/site-packages/airflow/example_dags/example_external_task_marker_dag.py
[2022-01-03 20:22:10,405] {logging_mixin.py:104} INFO - [2022-01-03 20:22:10,405] {dag.py:1832} INFO - Sync 2 DAGs
[2022-01-03 20:22:10,445] {logging_mixin.py:104} INFO - [2022-01-03 20:22:10,445] {dag.py:2305} INFO - Setting next_dagrun for example_external_task_marker_child to None
[2022-01-03 20:22:10,448] {logging_mixin.py:104} INFO - [2022-01-03 20:22:10,447] {dag.py:2305} INFO - Setting next_dagrun for example_external_task_marker_parent to None
[2022-01-03 20:22:10,482] {scheduler_job.py:190} INFO - Processing /home/airflow/sandbox/lib/python3.8/site-packages/airflow/example_dags/example_external_task_marker_dag.py took 0.146 seconds
[2022-01-03 20:22:48,390] {scheduler_job.py:182} INFO - Started process (PID=3667) to work on /home/airflow/sandbox/lib/python3.8/site-packages/airflow/example_dags/example_external_task_marker_dag.py
[2022-01-03 20:22:48,391] {scheduler_job.py:633} INFO - Processing file /home/airflow/sandbox/lib/python3.8/site-packages/airflow/example_dags/example_external_task_marker_dag.py for tasks to queue
[2022-01-03 20:22:48,392] {logging_mixin.py:104} INFO - [2022-01-03 20:22:48,392] {dagbag.py:487} INFO - Filling up the DagBag from /home/airflow/sandbox/lib/python3.8/site-packages/airflow/example_dags/example_external_task_marker_dag.py
[2022-01-03 20:22:48,411] {scheduler_job.py:643} INFO - DAG(s) dict_keys(['example_external_task_marker_parent', 'example_external_task_marker_child']) retrieved from /home/airflow/sandbox/lib/python3.8/site-packages/airflow/example_dags/example_external_task_marker_dag.py
[2022-01-03 20:22:48,952] {logging_mixin.py:104} INFO - [2022-01-03 20:22:48,952] {dag.py:1832} INFO - Sync 2 DAGs
[2022-01-03 20:22:48,977] {logging_mixin.py:104} INFO - [2022-01-03 20:22:48,977] {dag.py:2305} INFO - Setting next_dagrun for example_external_task_marker_child to None
[2022-01-03 20:22:48,978] {logging_mixin.py:104} INFO - [2022-01-03 20:22:48,978] {dag.py:2305} INFO - Setting next_dagrun for example_external_task_marker_parent to None
[2022-01-03 20:22:48,993] {scheduler_job.py:190} INFO - Processing /home/airflow/sandbox/lib/python3.8/site-packages/airflow/example_dags/example_external_task_marker_dag.py took 0.606 seconds
[2022-01-03 20:23:32,195] {scheduler_job.py:182} INFO - Started process (PID=4259) to work on /home/airflow/sandbox/lib/python3.8/site-packages/airflow/example_dags/example_external_task_marker_dag.py
[2022-01-03 20:23:32,197] {scheduler_job.py:633} INFO - Processing file /home/airflow/sandbox/lib/python3.8/site-packages/airflow/example_dags/example_external_task_marker_dag.py for tasks to queue
[2022-01-03 20:23:32,199] {logging_mixin.py:104} INFO - [2022-01-03 20:23:32,199] {dagbag.py:487} INFO - Filling up the DagBag from /home/airflow/sandbox/lib/python3.8/site-packages/airflow/example_dags/example_external_task_marker_dag.py
[2022-01-03 20:23:32,213] {scheduler_job.py:643} INFO - DAG(s) dict_keys(['example_external_task_marker_parent', 'example_external_task_marker_child']) retrieved from /home/airflow/sandbox/lib/python3.8/site-packages/airflow/example_dags/example_external_task_marker_dag.py
[2022-01-03 20:23:32,707] {logging_mixin.py:104} INFO - [2022-01-03 20:23:32,707] {dag.py:1832} INFO - Sync 2 DAGs
[2022-01-03 20:23:32,736] {logging_mixin.py:104} INFO - [2022-01-03 20:23:32,736] {dag.py:2305} INFO - Setting next_dagrun for example_external_task_marker_child to None
[2022-01-03 20:23:32,738] {logging_mixin.py:104} INFO - [2022-01-03 20:23:32,738] {dag.py:2305} INFO - Setting next_dagrun for example_external_task_marker_parent to None
[2022-01-03 20:23:32,753] {scheduler_job.py:190} INFO - Processing /home/airflow/sandbox/lib/python3.8/site-packages/airflow/example_dags/example_external_task_marker_dag.py took 0.560 seconds
[2022-01-03 20:24:17,792] {scheduler_job.py:182} INFO - Started process (PID=4377) to work on /home/airflow/sandbox/lib/python3.8/site-packages/airflow/example_dags/example_external_task_marker_dag.py
[2022-01-03 20:24:17,793] {scheduler_job.py:633} INFO - Processing file /home/airflow/sandbox/lib/python3.8/site-packages/airflow/example_dags/example_external_task_marker_dag.py for tasks to queue
[2022-01-03 20:24:17,793] {logging_mixin.py:104} INFO - [2022-01-03 20:24:17,793] {dagbag.py:487} INFO - Filling up the DagBag from /home/airflow/sandbox/lib/python3.8/site-packages/airflow/example_dags/example_external_task_marker_dag.py
[2022-01-03 20:24:17,809] {scheduler_job.py:643} INFO - DAG(s) dict_keys(['example_external_task_marker_parent', 'example_external_task_marker_child']) retrieved from /home/airflow/sandbox/lib/python3.8/site-packages/airflow/example_dags/example_external_task_marker_dag.py
[2022-01-03 20:24:17,839] {logging_mixin.py:104} INFO - [2022-01-03 20:24:17,839] {dag.py:1832} INFO - Sync 2 DAGs
[2022-01-03 20:24:17,853] {logging_mixin.py:104} INFO - [2022-01-03 20:24:17,853] {dag.py:2305} INFO - Setting next_dagrun for example_external_task_marker_child to None
[2022-01-03 20:24:17,855] {logging_mixin.py:104} INFO - [2022-01-03 20:24:17,855] {dag.py:2305} INFO - Setting next_dagrun for example_external_task_marker_parent to None
[2022-01-03 20:24:17,874] {scheduler_job.py:190} INFO - Processing /home/airflow/sandbox/lib/python3.8/site-packages/airflow/example_dags/example_external_task_marker_dag.py took 0.086 seconds
[2022-01-03 20:24:54,103] {scheduler_job.py:182} INFO - Started process (PID=4573) to work on /home/airflow/sandbox/lib/python3.8/site-packages/airflow/example_dags/example_external_task_marker_dag.py
[2022-01-03 20:24:54,105] {scheduler_job.py:633} INFO - Processing file /home/airflow/sandbox/lib/python3.8/site-packages/airflow/example_dags/example_external_task_marker_dag.py for tasks to queue
[2022-01-03 20:24:54,108] {logging_mixin.py:104} INFO - [2022-01-03 20:24:54,107] {dagbag.py:487} INFO - Filling up the DagBag from /home/airflow/sandbox/lib/python3.8/site-packages/airflow/example_dags/example_external_task_marker_dag.py
[2022-01-03 20:24:54,147] {scheduler_job.py:643} INFO - DAG(s) dict_keys(['example_external_task_marker_parent', 'example_external_task_marker_child']) retrieved from /home/airflow/sandbox/lib/python3.8/site-packages/airflow/example_dags/example_external_task_marker_dag.py
[2022-01-03 20:24:55,127] {logging_mixin.py:104} INFO - [2022-01-03 20:24:55,127] {dag.py:1832} INFO - Sync 2 DAGs
[2022-01-03 20:24:55,145] {logging_mixin.py:104} INFO - [2022-01-03 20:24:55,145] {dag.py:2305} INFO - Setting next_dagrun for example_external_task_marker_child to None
[2022-01-03 20:24:55,146] {logging_mixin.py:104} INFO - [2022-01-03 20:24:55,145] {dag.py:2305} INFO - Setting next_dagrun for example_external_task_marker_parent to None
[2022-01-03 20:24:55,193] {scheduler_job.py:190} INFO - Processing /home/airflow/sandbox/lib/python3.8/site-packages/airflow/example_dags/example_external_task_marker_dag.py took 1.099 seconds
[2022-01-03 20:25:41,007] {scheduler_job.py:182} INFO - Started process (PID=7565) to work on /home/airflow/sandbox/lib/python3.8/site-packages/airflow/example_dags/example_external_task_marker_dag.py
[2022-01-03 20:25:41,029] {scheduler_job.py:633} INFO - Processing file /home/airflow/sandbox/lib/python3.8/site-packages/airflow/example_dags/example_external_task_marker_dag.py for tasks to queue
[2022-01-03 20:25:41,030] {logging_mixin.py:104} INFO - [2022-01-03 20:25:41,030] {dagbag.py:487} INFO - Filling up the DagBag from /home/airflow/sandbox/lib/python3.8/site-packages/airflow/example_dags/example_external_task_marker_dag.py
[2022-01-03 20:25:41,076] {scheduler_job.py:643} INFO - DAG(s) dict_keys(['example_external_task_marker_parent', 'example_external_task_marker_child']) retrieved from /home/airflow/sandbox/lib/python3.8/site-packages/airflow/example_dags/example_external_task_marker_dag.py
[2022-01-03 20:25:42,161] {logging_mixin.py:104} INFO - [2022-01-03 20:25:42,160] {dag.py:1832} INFO - Sync 2 DAGs
[2022-01-03 20:25:42,203] {logging_mixin.py:104} INFO - [2022-01-03 20:25:42,203] {dag.py:2305} INFO - Setting next_dagrun for example_external_task_marker_child to None
[2022-01-03 20:25:42,225] {logging_mixin.py:104} INFO - [2022-01-03 20:25:42,225] {dag.py:2305} INFO - Setting next_dagrun for example_external_task_marker_parent to None
[2022-01-03 20:25:42,243] {scheduler_job.py:190} INFO - Processing /home/airflow/sandbox/lib/python3.8/site-packages/airflow/example_dags/example_external_task_marker_dag.py took 1.247 seconds
[2022-01-03 20:26:22,538] {scheduler_job.py:182} INFO - Started process (PID=8141) to work on /home/airflow/sandbox/lib/python3.8/site-packages/airflow/example_dags/example_external_task_marker_dag.py
[2022-01-03 20:26:22,539] {scheduler_job.py:633} INFO - Processing file /home/airflow/sandbox/lib/python3.8/site-packages/airflow/example_dags/example_external_task_marker_dag.py for tasks to queue
[2022-01-03 20:26:22,539] {logging_mixin.py:104} INFO - [2022-01-03 20:26:22,539] {dagbag.py:487} INFO - Filling up the DagBag from /home/airflow/sandbox/lib/python3.8/site-packages/airflow/example_dags/example_external_task_marker_dag.py
[2022-01-03 20:26:22,557] {scheduler_job.py:643} INFO - DAG(s) dict_keys(['example_external_task_marker_parent', 'example_external_task_marker_child']) retrieved from /home/airflow/sandbox/lib/python3.8/site-packages/airflow/example_dags/example_external_task_marker_dag.py
[2022-01-03 20:26:23,238] {logging_mixin.py:104} INFO - [2022-01-03 20:26:23,237] {dag.py:1832} INFO - Sync 2 DAGs
[2022-01-03 20:26:23,280] {logging_mixin.py:104} INFO - [2022-01-03 20:26:23,280] {dag.py:2305} INFO - Setting next_dagrun for example_external_task_marker_child to None
[2022-01-03 20:26:23,280] {logging_mixin.py:104} INFO - [2022-01-03 20:26:23,280] {dag.py:2305} INFO - Setting next_dagrun for example_external_task_marker_parent to None
[2022-01-03 20:26:23,309] {scheduler_job.py:190} INFO - Processing /home/airflow/sandbox/lib/python3.8/site-packages/airflow/example_dags/example_external_task_marker_dag.py took 0.775 seconds
[2022-01-03 20:27:03,441] {scheduler_job.py:182} INFO - Started process (PID=8352) to work on /home/airflow/sandbox/lib/python3.8/site-packages/airflow/example_dags/example_external_task_marker_dag.py
[2022-01-03 20:27:03,444] {scheduler_job.py:633} INFO - Processing file /home/airflow/sandbox/lib/python3.8/site-packages/airflow/example_dags/example_external_task_marker_dag.py for tasks to queue
[2022-01-03 20:27:03,446] {logging_mixin.py:104} INFO - [2022-01-03 20:27:03,446] {dagbag.py:487} INFO - Filling up the DagBag from /home/airflow/sandbox/lib/python3.8/site-packages/airflow/example_dags/example_external_task_marker_dag.py
[2022-01-03 20:27:03,481] {scheduler_job.py:643} INFO - DAG(s) dict_keys(['example_external_task_marker_parent', 'example_external_task_marker_child']) retrieved from /home/airflow/sandbox/lib/python3.8/site-packages/airflow/example_dags/example_external_task_marker_dag.py
[2022-01-03 20:27:03,494] {logging_mixin.py:104} INFO - [2022-01-03 20:27:03,494] {dag.py:1832} INFO - Sync 2 DAGs
[2022-01-03 20:27:03,503] {logging_mixin.py:104} INFO - [2022-01-03 20:27:03,503] {dag.py:2305} INFO - Setting next_dagrun for example_external_task_marker_child to None
[2022-01-03 20:27:03,504] {logging_mixin.py:104} INFO - [2022-01-03 20:27:03,504] {dag.py:2305} INFO - Setting next_dagrun for example_external_task_marker_parent to None
[2022-01-03 20:27:03,537] {scheduler_job.py:190} INFO - Processing /home/airflow/sandbox/lib/python3.8/site-packages/airflow/example_dags/example_external_task_marker_dag.py took 0.100 seconds
[2022-01-03 20:27:44,978] {scheduler_job.py:182} INFO - Started process (PID=8513) to work on /home/airflow/sandbox/lib/python3.8/site-packages/airflow/example_dags/example_external_task_marker_dag.py
[2022-01-03 20:27:44,980] {scheduler_job.py:633} INFO - Processing file /home/airflow/sandbox/lib/python3.8/site-packages/airflow/example_dags/example_external_task_marker_dag.py for tasks to queue
[2022-01-03 20:27:44,981] {logging_mixin.py:104} INFO - [2022-01-03 20:27:44,981] {dagbag.py:487} INFO - Filling up the DagBag from /home/airflow/sandbox/lib/python3.8/site-packages/airflow/example_dags/example_external_task_marker_dag.py
[2022-01-03 20:27:45,056] {scheduler_job.py:643} INFO - DAG(s) dict_keys(['example_external_task_marker_parent', 'example_external_task_marker_child']) retrieved from /home/airflow/sandbox/lib/python3.8/site-packages/airflow/example_dags/example_external_task_marker_dag.py
[2022-01-03 20:27:45,684] {logging_mixin.py:104} INFO - [2022-01-03 20:27:45,683] {dag.py:1832} INFO - Sync 2 DAGs
[2022-01-03 20:27:45,696] {logging_mixin.py:104} INFO - [2022-01-03 20:27:45,696] {dag.py:2305} INFO - Setting next_dagrun for example_external_task_marker_child to None
[2022-01-03 20:27:45,697] {logging_mixin.py:104} INFO - [2022-01-03 20:27:45,697] {dag.py:2305} INFO - Setting next_dagrun for example_external_task_marker_parent to None
[2022-01-03 20:27:45,727] {scheduler_job.py:190} INFO - Processing /home/airflow/sandbox/lib/python3.8/site-packages/airflow/example_dags/example_external_task_marker_dag.py took 0.756 seconds
[2022-01-03 20:28:37,653] {scheduler_job.py:182} INFO - Started process (PID=8695) to work on /home/airflow/sandbox/lib/python3.8/site-packages/airflow/example_dags/example_external_task_marker_dag.py
[2022-01-03 20:28:37,655] {scheduler_job.py:633} INFO - Processing file /home/airflow/sandbox/lib/python3.8/site-packages/airflow/example_dags/example_external_task_marker_dag.py for tasks to queue
[2022-01-03 20:28:37,655] {logging_mixin.py:104} INFO - [2022-01-03 20:28:37,655] {dagbag.py:487} INFO - Filling up the DagBag from /home/airflow/sandbox/lib/python3.8/site-packages/airflow/example_dags/example_external_task_marker_dag.py
[2022-01-03 20:28:37,731] {scheduler_job.py:643} INFO - DAG(s) dict_keys(['example_external_task_marker_parent', 'example_external_task_marker_child']) retrieved from /home/airflow/sandbox/lib/python3.8/site-packages/airflow/example_dags/example_external_task_marker_dag.py
[2022-01-03 20:28:38,305] {logging_mixin.py:104} INFO - [2022-01-03 20:28:38,305] {dag.py:1832} INFO - Sync 2 DAGs
[2022-01-03 20:28:38,334] {logging_mixin.py:104} INFO - [2022-01-03 20:28:38,334] {dag.py:2305} INFO - Setting next_dagrun for example_external_task_marker_child to None
[2022-01-03 20:28:38,335] {logging_mixin.py:104} INFO - [2022-01-03 20:28:38,335] {dag.py:2305} INFO - Setting next_dagrun for example_external_task_marker_parent to None
[2022-01-03 20:28:38,349] {scheduler_job.py:190} INFO - Processing /home/airflow/sandbox/lib/python3.8/site-packages/airflow/example_dags/example_external_task_marker_dag.py took 0.702 seconds
[2022-01-03 20:29:25,525] {scheduler_job.py:182} INFO - Started process (PID=8735) to work on /home/airflow/sandbox/lib/python3.8/site-packages/airflow/example_dags/example_external_task_marker_dag.py
[2022-01-03 20:29:25,527] {scheduler_job.py:633} INFO - Processing file /home/airflow/sandbox/lib/python3.8/site-packages/airflow/example_dags/example_external_task_marker_dag.py for tasks to queue
[2022-01-03 20:29:25,528] {logging_mixin.py:104} INFO - [2022-01-03 20:29:25,528] {dagbag.py:487} INFO - Filling up the DagBag from /home/airflow/sandbox/lib/python3.8/site-packages/airflow/example_dags/example_external_task_marker_dag.py
[2022-01-03 20:29:25,546] {scheduler_job.py:643} INFO - DAG(s) dict_keys(['example_external_task_marker_parent', 'example_external_task_marker_child']) retrieved from /home/airflow/sandbox/lib/python3.8/site-packages/airflow/example_dags/example_external_task_marker_dag.py
[2022-01-03 20:29:25,581] {logging_mixin.py:104} INFO - [2022-01-03 20:29:25,581] {dag.py:1832} INFO - Sync 2 DAGs
[2022-01-03 20:29:25,595] {logging_mixin.py:104} INFO - [2022-01-03 20:29:25,595] {dag.py:2305} INFO - Setting next_dagrun for example_external_task_marker_child to None
[2022-01-03 20:29:25,596] {logging_mixin.py:104} INFO - [2022-01-03 20:29:25,596] {dag.py:2305} INFO - Setting next_dagrun for example_external_task_marker_parent to None
[2022-01-03 20:29:25,624] {scheduler_job.py:190} INFO - Processing /home/airflow/sandbox/lib/python3.8/site-packages/airflow/example_dags/example_external_task_marker_dag.py took 0.127 seconds
[2022-01-03 20:30:09,897] {scheduler_job.py:182} INFO - Started process (PID=8841) to work on /home/airflow/sandbox/lib/python3.8/site-packages/airflow/example_dags/example_external_task_marker_dag.py
[2022-01-03 20:30:09,898] {scheduler_job.py:633} INFO - Processing file /home/airflow/sandbox/lib/python3.8/site-packages/airflow/example_dags/example_external_task_marker_dag.py for tasks to queue
[2022-01-03 20:30:09,898] {logging_mixin.py:104} INFO - [2022-01-03 20:30:09,898] {dagbag.py:487} INFO - Filling up the DagBag from /home/airflow/sandbox/lib/python3.8/site-packages/airflow/example_dags/example_external_task_marker_dag.py
[2022-01-03 20:30:09,933] {scheduler_job.py:643} INFO - DAG(s) dict_keys(['example_external_task_marker_parent', 'example_external_task_marker_child']) retrieved from /home/airflow/sandbox/lib/python3.8/site-packages/airflow/example_dags/example_external_task_marker_dag.py
[2022-01-03 20:30:10,449] {logging_mixin.py:104} INFO - [2022-01-03 20:30:10,449] {dag.py:1832} INFO - Sync 2 DAGs
[2022-01-03 20:30:10,473] {logging_mixin.py:104} INFO - [2022-01-03 20:30:10,473] {dag.py:2305} INFO - Setting next_dagrun for example_external_task_marker_child to None
[2022-01-03 20:30:10,473] {logging_mixin.py:104} INFO - [2022-01-03 20:30:10,473] {dag.py:2305} INFO - Setting next_dagrun for example_external_task_marker_parent to None
[2022-01-03 20:30:10,499] {scheduler_job.py:190} INFO - Processing /home/airflow/sandbox/lib/python3.8/site-packages/airflow/example_dags/example_external_task_marker_dag.py took 0.605 seconds
[2022-01-03 20:32:54,680] {scheduler_job.py:182} INFO - Started process (PID=9739) to work on /home/airflow/sandbox/lib/python3.8/site-packages/airflow/example_dags/example_external_task_marker_dag.py
[2022-01-03 20:32:54,692] {scheduler_job.py:633} INFO - Processing file /home/airflow/sandbox/lib/python3.8/site-packages/airflow/example_dags/example_external_task_marker_dag.py for tasks to queue
[2022-01-03 20:32:54,693] {logging_mixin.py:104} INFO - [2022-01-03 20:32:54,692] {dagbag.py:487} INFO - Filling up the DagBag from /home/airflow/sandbox/lib/python3.8/site-packages/airflow/example_dags/example_external_task_marker_dag.py
[2022-01-03 20:32:54,793] {scheduler_job.py:643} INFO - DAG(s) dict_keys(['example_external_task_marker_parent', 'example_external_task_marker_child']) retrieved from /home/airflow/sandbox/lib/python3.8/site-packages/airflow/example_dags/example_external_task_marker_dag.py
[2022-01-03 20:32:58,592] {logging_mixin.py:104} INFO - [2022-01-03 20:32:58,592] {dag.py:1832} INFO - Sync 2 DAGs
[2022-01-03 20:32:58,739] {logging_mixin.py:104} INFO - [2022-01-03 20:32:58,738] {dag.py:2305} INFO - Setting next_dagrun for example_external_task_marker_child to None
[2022-01-03 20:32:58,767] {logging_mixin.py:104} INFO - [2022-01-03 20:32:58,766] {dag.py:2305} INFO - Setting next_dagrun for example_external_task_marker_parent to None
[2022-01-03 20:32:58,888] {scheduler_job.py:190} INFO - Processing /home/airflow/sandbox/lib/python3.8/site-packages/airflow/example_dags/example_external_task_marker_dag.py took 4.225 seconds
[2022-01-03 20:33:29,086] {scheduler_job.py:182} INFO - Started process (PID=10007) to work on /home/airflow/sandbox/lib/python3.8/site-packages/airflow/example_dags/example_external_task_marker_dag.py
[2022-01-03 20:33:29,094] {scheduler_job.py:633} INFO - Processing file /home/airflow/sandbox/lib/python3.8/site-packages/airflow/example_dags/example_external_task_marker_dag.py for tasks to queue
[2022-01-03 20:33:29,095] {logging_mixin.py:104} INFO - [2022-01-03 20:33:29,095] {dagbag.py:487} INFO - Filling up the DagBag from /home/airflow/sandbox/lib/python3.8/site-packages/airflow/example_dags/example_external_task_marker_dag.py
[2022-01-03 20:33:29,163] {scheduler_job.py:643} INFO - DAG(s) dict_keys(['example_external_task_marker_parent', 'example_external_task_marker_child']) retrieved from /home/airflow/sandbox/lib/python3.8/site-packages/airflow/example_dags/example_external_task_marker_dag.py
[2022-01-03 20:33:29,833] {logging_mixin.py:104} INFO - [2022-01-03 20:33:29,833] {dag.py:1832} INFO - Sync 2 DAGs
[2022-01-03 20:33:29,864] {logging_mixin.py:104} INFO - [2022-01-03 20:33:29,864] {dag.py:2305} INFO - Setting next_dagrun for example_external_task_marker_child to None
[2022-01-03 20:33:29,865] {logging_mixin.py:104} INFO - [2022-01-03 20:33:29,865] {dag.py:2305} INFO - Setting next_dagrun for example_external_task_marker_parent to None
[2022-01-03 20:33:29,883] {scheduler_job.py:190} INFO - Processing /home/airflow/sandbox/lib/python3.8/site-packages/airflow/example_dags/example_external_task_marker_dag.py took 0.838 seconds
[2022-01-03 20:34:00,067] {scheduler_job.py:182} INFO - Started process (PID=10296) to work on /home/airflow/sandbox/lib/python3.8/site-packages/airflow/example_dags/example_external_task_marker_dag.py
[2022-01-03 20:34:00,072] {scheduler_job.py:633} INFO - Processing file /home/airflow/sandbox/lib/python3.8/site-packages/airflow/example_dags/example_external_task_marker_dag.py for tasks to queue
[2022-01-03 20:34:00,074] {logging_mixin.py:104} INFO - [2022-01-03 20:34:00,074] {dagbag.py:487} INFO - Filling up the DagBag from /home/airflow/sandbox/lib/python3.8/site-packages/airflow/example_dags/example_external_task_marker_dag.py
[2022-01-03 20:34:00,191] {scheduler_job.py:643} INFO - DAG(s) dict_keys(['example_external_task_marker_parent', 'example_external_task_marker_child']) retrieved from /home/airflow/sandbox/lib/python3.8/site-packages/airflow/example_dags/example_external_task_marker_dag.py
[2022-01-03 20:34:00,369] {logging_mixin.py:104} INFO - [2022-01-03 20:34:00,368] {dag.py:1832} INFO - Sync 2 DAGs
[2022-01-03 20:34:00,384] {logging_mixin.py:104} INFO - [2022-01-03 20:34:00,384] {dag.py:2305} INFO - Setting next_dagrun for example_external_task_marker_child to None
[2022-01-03 20:34:00,389] {logging_mixin.py:104} INFO - [2022-01-03 20:34:00,389] {dag.py:2305} INFO - Setting next_dagrun for example_external_task_marker_parent to None
[2022-01-03 20:34:00,420] {scheduler_job.py:190} INFO - Processing /home/airflow/sandbox/lib/python3.8/site-packages/airflow/example_dags/example_external_task_marker_dag.py took 0.426 seconds
[2022-01-03 20:34:31,275] {scheduler_job.py:182} INFO - Started process (PID=11428) to work on /home/airflow/sandbox/lib/python3.8/site-packages/airflow/example_dags/example_external_task_marker_dag.py
[2022-01-03 20:34:31,288] {scheduler_job.py:633} INFO - Processing file /home/airflow/sandbox/lib/python3.8/site-packages/airflow/example_dags/example_external_task_marker_dag.py for tasks to queue
[2022-01-03 20:34:31,289] {logging_mixin.py:104} INFO - [2022-01-03 20:34:31,289] {dagbag.py:487} INFO - Filling up the DagBag from /home/airflow/sandbox/lib/python3.8/site-packages/airflow/example_dags/example_external_task_marker_dag.py
[2022-01-03 20:34:31,827] {scheduler_job.py:643} INFO - DAG(s) dict_keys(['example_external_task_marker_parent', 'example_external_task_marker_child']) retrieved from /home/airflow/sandbox/lib/python3.8/site-packages/airflow/example_dags/example_external_task_marker_dag.py
[2022-01-03 20:34:32,275] {logging_mixin.py:104} INFO - [2022-01-03 20:34:32,275] {dag.py:1832} INFO - Sync 2 DAGs
[2022-01-03 20:34:32,367] {logging_mixin.py:104} INFO - [2022-01-03 20:34:32,367] {dag.py:2305} INFO - Setting next_dagrun for example_external_task_marker_child to None
[2022-01-03 20:34:32,368] {logging_mixin.py:104} INFO - [2022-01-03 20:34:32,368] {dag.py:2305} INFO - Setting next_dagrun for example_external_task_marker_parent to None
[2022-01-03 20:34:32,384] {scheduler_job.py:190} INFO - Processing /home/airflow/sandbox/lib/python3.8/site-packages/airflow/example_dags/example_external_task_marker_dag.py took 1.145 seconds
[2022-01-03 20:35:02,817] {scheduler_job.py:182} INFO - Started process (PID=11804) to work on /home/airflow/sandbox/lib/python3.8/site-packages/airflow/example_dags/example_external_task_marker_dag.py
[2022-01-03 20:35:02,818] {scheduler_job.py:633} INFO - Processing file /home/airflow/sandbox/lib/python3.8/site-packages/airflow/example_dags/example_external_task_marker_dag.py for tasks to queue
[2022-01-03 20:35:02,819] {logging_mixin.py:104} INFO - [2022-01-03 20:35:02,819] {dagbag.py:487} INFO - Filling up the DagBag from /home/airflow/sandbox/lib/python3.8/site-packages/airflow/example_dags/example_external_task_marker_dag.py
[2022-01-03 20:35:02,833] {scheduler_job.py:643} INFO - DAG(s) dict_keys(['example_external_task_marker_parent', 'example_external_task_marker_child']) retrieved from /home/airflow/sandbox/lib/python3.8/site-packages/airflow/example_dags/example_external_task_marker_dag.py
[2022-01-03 20:35:02,890] {logging_mixin.py:104} INFO - [2022-01-03 20:35:02,890] {dag.py:1832} INFO - Sync 2 DAGs
[2022-01-03 20:35:02,990] {logging_mixin.py:104} INFO - [2022-01-03 20:35:02,990] {dag.py:2305} INFO - Setting next_dagrun for example_external_task_marker_child to None
[2022-01-03 20:35:03,068] {logging_mixin.py:104} INFO - [2022-01-03 20:35:03,068] {dag.py:2305} INFO - Setting next_dagrun for example_external_task_marker_parent to None
[2022-01-03 20:35:03,091] {scheduler_job.py:190} INFO - Processing /home/airflow/sandbox/lib/python3.8/site-packages/airflow/example_dags/example_external_task_marker_dag.py took 0.301 seconds
[2022-01-03 20:35:33,788] {scheduler_job.py:182} INFO - Started process (PID=12004) to work on /home/airflow/sandbox/lib/python3.8/site-packages/airflow/example_dags/example_external_task_marker_dag.py
[2022-01-03 20:35:33,809] {scheduler_job.py:633} INFO - Processing file /home/airflow/sandbox/lib/python3.8/site-packages/airflow/example_dags/example_external_task_marker_dag.py for tasks to queue
[2022-01-03 20:35:33,810] {logging_mixin.py:104} INFO - [2022-01-03 20:35:33,809] {dagbag.py:487} INFO - Filling up the DagBag from /home/airflow/sandbox/lib/python3.8/site-packages/airflow/example_dags/example_external_task_marker_dag.py
[2022-01-03 20:35:33,822] {scheduler_job.py:643} INFO - DAG(s) dict_keys(['example_external_task_marker_parent', 'example_external_task_marker_child']) retrieved from /home/airflow/sandbox/lib/python3.8/site-packages/airflow/example_dags/example_external_task_marker_dag.py
[2022-01-03 20:35:34,958] {logging_mixin.py:104} INFO - [2022-01-03 20:35:34,940] {dag.py:1832} INFO - Sync 2 DAGs
[2022-01-03 20:35:34,981] {logging_mixin.py:104} INFO - [2022-01-03 20:35:34,981] {dag.py:2305} INFO - Setting next_dagrun for example_external_task_marker_child to None
[2022-01-03 20:35:34,982] {logging_mixin.py:104} INFO - [2022-01-03 20:35:34,982] {dag.py:2305} INFO - Setting next_dagrun for example_external_task_marker_parent to None
[2022-01-03 20:35:35,011] {scheduler_job.py:190} INFO - Processing /home/airflow/sandbox/lib/python3.8/site-packages/airflow/example_dags/example_external_task_marker_dag.py took 1.228 seconds
[2022-01-03 20:36:05,262] {scheduler_job.py:182} INFO - Started process (PID=12210) to work on /home/airflow/sandbox/lib/python3.8/site-packages/airflow/example_dags/example_external_task_marker_dag.py
[2022-01-03 20:36:05,264] {scheduler_job.py:633} INFO - Processing file /home/airflow/sandbox/lib/python3.8/site-packages/airflow/example_dags/example_external_task_marker_dag.py for tasks to queue
[2022-01-03 20:36:05,265] {logging_mixin.py:104} INFO - [2022-01-03 20:36:05,265] {dagbag.py:487} INFO - Filling up the DagBag from /home/airflow/sandbox/lib/python3.8/site-packages/airflow/example_dags/example_external_task_marker_dag.py
[2022-01-03 20:36:05,280] {scheduler_job.py:643} INFO - DAG(s) dict_keys(['example_external_task_marker_parent', 'example_external_task_marker_child']) retrieved from /home/airflow/sandbox/lib/python3.8/site-packages/airflow/example_dags/example_external_task_marker_dag.py
[2022-01-03 20:36:05,468] {logging_mixin.py:104} INFO - [2022-01-03 20:36:05,468] {dag.py:1832} INFO - Sync 2 DAGs
[2022-01-03 20:36:05,512] {logging_mixin.py:104} INFO - [2022-01-03 20:36:05,512] {dag.py:2305} INFO - Setting next_dagrun for example_external_task_marker_child to None
[2022-01-03 20:36:05,514] {logging_mixin.py:104} INFO - [2022-01-03 20:36:05,514] {dag.py:2305} INFO - Setting next_dagrun for example_external_task_marker_parent to None
[2022-01-03 20:36:05,526] {scheduler_job.py:190} INFO - Processing /home/airflow/sandbox/lib/python3.8/site-packages/airflow/example_dags/example_external_task_marker_dag.py took 0.266 seconds
[2022-01-03 20:36:36,480] {scheduler_job.py:182} INFO - Started process (PID=12409) to work on /home/airflow/sandbox/lib/python3.8/site-packages/airflow/example_dags/example_external_task_marker_dag.py
[2022-01-03 20:36:36,482] {scheduler_job.py:633} INFO - Processing file /home/airflow/sandbox/lib/python3.8/site-packages/airflow/example_dags/example_external_task_marker_dag.py for tasks to queue
[2022-01-03 20:36:36,488] {logging_mixin.py:104} INFO - [2022-01-03 20:36:36,488] {dagbag.py:487} INFO - Filling up the DagBag from /home/airflow/sandbox/lib/python3.8/site-packages/airflow/example_dags/example_external_task_marker_dag.py
[2022-01-03 20:36:36,517] {scheduler_job.py:643} INFO - DAG(s) dict_keys(['example_external_task_marker_parent', 'example_external_task_marker_child']) retrieved from /home/airflow/sandbox/lib/python3.8/site-packages/airflow/example_dags/example_external_task_marker_dag.py
[2022-01-03 20:36:37,764] {logging_mixin.py:104} INFO - [2022-01-03 20:36:37,764] {dag.py:1832} INFO - Sync 2 DAGs
[2022-01-03 20:36:37,829] {logging_mixin.py:104} INFO - [2022-01-03 20:36:37,828] {dag.py:2305} INFO - Setting next_dagrun for example_external_task_marker_child to None
[2022-01-03 20:36:37,829] {logging_mixin.py:104} INFO - [2022-01-03 20:36:37,829] {dag.py:2305} INFO - Setting next_dagrun for example_external_task_marker_parent to None
[2022-01-03 20:36:37,920] {scheduler_job.py:190} INFO - Processing /home/airflow/sandbox/lib/python3.8/site-packages/airflow/example_dags/example_external_task_marker_dag.py took 1.443 seconds
[2022-01-03 20:37:08,733] {scheduler_job.py:182} INFO - Started process (PID=12626) to work on /home/airflow/sandbox/lib/python3.8/site-packages/airflow/example_dags/example_external_task_marker_dag.py
[2022-01-03 20:37:08,737] {scheduler_job.py:633} INFO - Processing file /home/airflow/sandbox/lib/python3.8/site-packages/airflow/example_dags/example_external_task_marker_dag.py for tasks to queue
[2022-01-03 20:37:08,751] {logging_mixin.py:104} INFO - [2022-01-03 20:37:08,750] {dagbag.py:487} INFO - Filling up the DagBag from /home/airflow/sandbox/lib/python3.8/site-packages/airflow/example_dags/example_external_task_marker_dag.py
[2022-01-03 20:37:08,778] {scheduler_job.py:643} INFO - DAG(s) dict_keys(['example_external_task_marker_parent', 'example_external_task_marker_child']) retrieved from /home/airflow/sandbox/lib/python3.8/site-packages/airflow/example_dags/example_external_task_marker_dag.py
[2022-01-03 20:37:10,084] {logging_mixin.py:104} INFO - [2022-01-03 20:37:10,084] {dag.py:1832} INFO - Sync 2 DAGs
[2022-01-03 20:37:10,186] {logging_mixin.py:104} INFO - [2022-01-03 20:37:10,186] {dag.py:2305} INFO - Setting next_dagrun for example_external_task_marker_child to None
[2022-01-03 20:37:10,201] {logging_mixin.py:104} INFO - [2022-01-03 20:37:10,200] {dag.py:2305} INFO - Setting next_dagrun for example_external_task_marker_parent to None
[2022-01-03 20:37:10,219] {scheduler_job.py:190} INFO - Processing /home/airflow/sandbox/lib/python3.8/site-packages/airflow/example_dags/example_external_task_marker_dag.py took 1.495 seconds
[2022-01-03 20:37:40,319] {scheduler_job.py:182} INFO - Started process (PID=12954) to work on /home/airflow/sandbox/lib/python3.8/site-packages/airflow/example_dags/example_external_task_marker_dag.py
[2022-01-03 20:37:40,328] {scheduler_job.py:633} INFO - Processing file /home/airflow/sandbox/lib/python3.8/site-packages/airflow/example_dags/example_external_task_marker_dag.py for tasks to queue
[2022-01-03 20:37:40,332] {logging_mixin.py:104} INFO - [2022-01-03 20:37:40,332] {dagbag.py:487} INFO - Filling up the DagBag from /home/airflow/sandbox/lib/python3.8/site-packages/airflow/example_dags/example_external_task_marker_dag.py
[2022-01-03 20:37:40,367] {scheduler_job.py:643} INFO - DAG(s) dict_keys(['example_external_task_marker_parent', 'example_external_task_marker_child']) retrieved from /home/airflow/sandbox/lib/python3.8/site-packages/airflow/example_dags/example_external_task_marker_dag.py
[2022-01-03 20:37:41,822] {logging_mixin.py:104} INFO - [2022-01-03 20:37:41,822] {dag.py:1832} INFO - Sync 2 DAGs
[2022-01-03 20:37:41,855] {logging_mixin.py:104} INFO - [2022-01-03 20:37:41,855] {dag.py:2305} INFO - Setting next_dagrun for example_external_task_marker_child to None
[2022-01-03 20:37:41,856] {logging_mixin.py:104} INFO - [2022-01-03 20:37:41,856] {dag.py:2305} INFO - Setting next_dagrun for example_external_task_marker_parent to None
[2022-01-03 20:37:41,897] {scheduler_job.py:190} INFO - Processing /home/airflow/sandbox/lib/python3.8/site-packages/airflow/example_dags/example_external_task_marker_dag.py took 1.580 seconds
[2022-01-03 20:38:12,143] {scheduler_job.py:182} INFO - Started process (PID=13286) to work on /home/airflow/sandbox/lib/python3.8/site-packages/airflow/example_dags/example_external_task_marker_dag.py
[2022-01-03 20:38:12,144] {scheduler_job.py:633} INFO - Processing file /home/airflow/sandbox/lib/python3.8/site-packages/airflow/example_dags/example_external_task_marker_dag.py for tasks to queue
[2022-01-03 20:38:12,145] {logging_mixin.py:104} INFO - [2022-01-03 20:38:12,145] {dagbag.py:487} INFO - Filling up the DagBag from /home/airflow/sandbox/lib/python3.8/site-packages/airflow/example_dags/example_external_task_marker_dag.py
[2022-01-03 20:38:12,177] {scheduler_job.py:643} INFO - DAG(s) dict_keys(['example_external_task_marker_parent', 'example_external_task_marker_child']) retrieved from /home/airflow/sandbox/lib/python3.8/site-packages/airflow/example_dags/example_external_task_marker_dag.py
[2022-01-03 20:38:13,476] {logging_mixin.py:104} INFO - [2022-01-03 20:38:13,476] {dag.py:1832} INFO - Sync 2 DAGs
[2022-01-03 20:38:13,520] {logging_mixin.py:104} INFO - [2022-01-03 20:38:13,516] {dag.py:2305} INFO - Setting next_dagrun for example_external_task_marker_child to None
[2022-01-03 20:38:13,522] {logging_mixin.py:104} INFO - [2022-01-03 20:38:13,522] {dag.py:2305} INFO - Setting next_dagrun for example_external_task_marker_parent to None
[2022-01-03 20:38:13,550] {scheduler_job.py:190} INFO - Processing /home/airflow/sandbox/lib/python3.8/site-packages/airflow/example_dags/example_external_task_marker_dag.py took 1.422 seconds
[2022-01-03 20:38:43,781] {scheduler_job.py:182} INFO - Started process (PID=13510) to work on /home/airflow/sandbox/lib/python3.8/site-packages/airflow/example_dags/example_external_task_marker_dag.py
[2022-01-03 20:38:43,792] {scheduler_job.py:633} INFO - Processing file /home/airflow/sandbox/lib/python3.8/site-packages/airflow/example_dags/example_external_task_marker_dag.py for tasks to queue
[2022-01-03 20:38:43,793] {logging_mixin.py:104} INFO - [2022-01-03 20:38:43,793] {dagbag.py:487} INFO - Filling up the DagBag from /home/airflow/sandbox/lib/python3.8/site-packages/airflow/example_dags/example_external_task_marker_dag.py
[2022-01-03 20:38:43,832] {scheduler_job.py:643} INFO - DAG(s) dict_keys(['example_external_task_marker_parent', 'example_external_task_marker_child']) retrieved from /home/airflow/sandbox/lib/python3.8/site-packages/airflow/example_dags/example_external_task_marker_dag.py
[2022-01-03 20:38:44,523] {logging_mixin.py:104} INFO - [2022-01-03 20:38:44,523] {dag.py:1832} INFO - Sync 2 DAGs
[2022-01-03 20:38:44,545] {logging_mixin.py:104} INFO - [2022-01-03 20:38:44,545] {dag.py:2305} INFO - Setting next_dagrun for example_external_task_marker_child to None
[2022-01-03 20:38:44,546] {logging_mixin.py:104} INFO - [2022-01-03 20:38:44,546] {dag.py:2305} INFO - Setting next_dagrun for example_external_task_marker_parent to None
[2022-01-03 20:38:44,569] {scheduler_job.py:190} INFO - Processing /home/airflow/sandbox/lib/python3.8/site-packages/airflow/example_dags/example_external_task_marker_dag.py took 0.793 seconds
[2022-01-03 20:39:14,631] {scheduler_job.py:182} INFO - Started process (PID=13713) to work on /home/airflow/sandbox/lib/python3.8/site-packages/airflow/example_dags/example_external_task_marker_dag.py
[2022-01-03 20:39:14,643] {scheduler_job.py:633} INFO - Processing file /home/airflow/sandbox/lib/python3.8/site-packages/airflow/example_dags/example_external_task_marker_dag.py for tasks to queue
[2022-01-03 20:39:14,644] {logging_mixin.py:104} INFO - [2022-01-03 20:39:14,644] {dagbag.py:487} INFO - Filling up the DagBag from /home/airflow/sandbox/lib/python3.8/site-packages/airflow/example_dags/example_external_task_marker_dag.py
[2022-01-03 20:39:14,674] {scheduler_job.py:643} INFO - DAG(s) dict_keys(['example_external_task_marker_parent', 'example_external_task_marker_child']) retrieved from /home/airflow/sandbox/lib/python3.8/site-packages/airflow/example_dags/example_external_task_marker_dag.py
[2022-01-03 20:39:14,719] {logging_mixin.py:104} INFO - [2022-01-03 20:39:14,719] {dag.py:1832} INFO - Sync 2 DAGs
[2022-01-03 20:39:14,754] {logging_mixin.py:104} INFO - [2022-01-03 20:39:14,753] {dag.py:2305} INFO - Setting next_dagrun for example_external_task_marker_child to None
[2022-01-03 20:39:14,756] {logging_mixin.py:104} INFO - [2022-01-03 20:39:14,756] {dag.py:2305} INFO - Setting next_dagrun for example_external_task_marker_parent to None
[2022-01-03 20:39:14,767] {scheduler_job.py:190} INFO - Processing /home/airflow/sandbox/lib/python3.8/site-packages/airflow/example_dags/example_external_task_marker_dag.py took 0.141 seconds
[2022-01-03 20:39:45,209] {scheduler_job.py:182} INFO - Started process (PID=13902) to work on /home/airflow/sandbox/lib/python3.8/site-packages/airflow/example_dags/example_external_task_marker_dag.py
[2022-01-03 20:39:45,213] {scheduler_job.py:633} INFO - Processing file /home/airflow/sandbox/lib/python3.8/site-packages/airflow/example_dags/example_external_task_marker_dag.py for tasks to queue
[2022-01-03 20:39:45,214] {logging_mixin.py:104} INFO - [2022-01-03 20:39:45,214] {dagbag.py:487} INFO - Filling up the DagBag from /home/airflow/sandbox/lib/python3.8/site-packages/airflow/example_dags/example_external_task_marker_dag.py
[2022-01-03 20:39:45,247] {scheduler_job.py:643} INFO - DAG(s) dict_keys(['example_external_task_marker_parent', 'example_external_task_marker_child']) retrieved from /home/airflow/sandbox/lib/python3.8/site-packages/airflow/example_dags/example_external_task_marker_dag.py
[2022-01-03 20:39:46,455] {logging_mixin.py:104} INFO - [2022-01-03 20:39:46,455] {dag.py:1832} INFO - Sync 2 DAGs
[2022-01-03 20:39:46,495] {logging_mixin.py:104} INFO - [2022-01-03 20:39:46,495] {dag.py:2305} INFO - Setting next_dagrun for example_external_task_marker_child to None
[2022-01-03 20:39:46,497] {logging_mixin.py:104} INFO - [2022-01-03 20:39:46,497] {dag.py:2305} INFO - Setting next_dagrun for example_external_task_marker_parent to None
[2022-01-03 20:39:46,544] {scheduler_job.py:190} INFO - Processing /home/airflow/sandbox/lib/python3.8/site-packages/airflow/example_dags/example_external_task_marker_dag.py took 1.364 seconds
[2022-01-03 20:40:17,612] {scheduler_job.py:182} INFO - Started process (PID=14111) to work on /home/airflow/sandbox/lib/python3.8/site-packages/airflow/example_dags/example_external_task_marker_dag.py
[2022-01-03 20:40:17,617] {scheduler_job.py:633} INFO - Processing file /home/airflow/sandbox/lib/python3.8/site-packages/airflow/example_dags/example_external_task_marker_dag.py for tasks to queue
[2022-01-03 20:40:17,618] {logging_mixin.py:104} INFO - [2022-01-03 20:40:17,618] {dagbag.py:487} INFO - Filling up the DagBag from /home/airflow/sandbox/lib/python3.8/site-packages/airflow/example_dags/example_external_task_marker_dag.py
[2022-01-03 20:40:17,711] {scheduler_job.py:643} INFO - DAG(s) dict_keys(['example_external_task_marker_parent', 'example_external_task_marker_child']) retrieved from /home/airflow/sandbox/lib/python3.8/site-packages/airflow/example_dags/example_external_task_marker_dag.py
[2022-01-03 20:40:17,896] {logging_mixin.py:104} INFO - [2022-01-03 20:40:17,895] {dag.py:1832} INFO - Sync 2 DAGs
[2022-01-03 20:40:18,001] {logging_mixin.py:104} INFO - [2022-01-03 20:40:18,001] {dag.py:2305} INFO - Setting next_dagrun for example_external_task_marker_child to None
[2022-01-03 20:40:18,019] {logging_mixin.py:104} INFO - [2022-01-03 20:40:18,019] {dag.py:2305} INFO - Setting next_dagrun for example_external_task_marker_parent to None
[2022-01-03 20:40:18,059] {scheduler_job.py:190} INFO - Processing /home/airflow/sandbox/lib/python3.8/site-packages/airflow/example_dags/example_external_task_marker_dag.py took 0.449 seconds
[2022-01-03 20:40:48,506] {scheduler_job.py:182} INFO - Started process (PID=14285) to work on /home/airflow/sandbox/lib/python3.8/site-packages/airflow/example_dags/example_external_task_marker_dag.py
[2022-01-03 20:40:48,507] {scheduler_job.py:633} INFO - Processing file /home/airflow/sandbox/lib/python3.8/site-packages/airflow/example_dags/example_external_task_marker_dag.py for tasks to queue
[2022-01-03 20:40:48,507] {logging_mixin.py:104} INFO - [2022-01-03 20:40:48,507] {dagbag.py:487} INFO - Filling up the DagBag from /home/airflow/sandbox/lib/python3.8/site-packages/airflow/example_dags/example_external_task_marker_dag.py
[2022-01-03 20:40:48,542] {scheduler_job.py:643} INFO - DAG(s) dict_keys(['example_external_task_marker_parent', 'example_external_task_marker_child']) retrieved from /home/airflow/sandbox/lib/python3.8/site-packages/airflow/example_dags/example_external_task_marker_dag.py
[2022-01-03 20:40:49,974] {logging_mixin.py:104} INFO - [2022-01-03 20:40:49,974] {dag.py:1832} INFO - Sync 2 DAGs
[2022-01-03 20:40:50,070] {logging_mixin.py:104} INFO - [2022-01-03 20:40:50,070] {dag.py:2305} INFO - Setting next_dagrun for example_external_task_marker_child to None
[2022-01-03 20:40:50,076] {logging_mixin.py:104} INFO - [2022-01-03 20:40:50,076] {dag.py:2305} INFO - Setting next_dagrun for example_external_task_marker_parent to None
[2022-01-03 20:40:50,153] {scheduler_job.py:190} INFO - Processing /home/airflow/sandbox/lib/python3.8/site-packages/airflow/example_dags/example_external_task_marker_dag.py took 1.651 seconds
[2022-01-03 20:41:20,515] {scheduler_job.py:182} INFO - Started process (PID=14497) to work on /home/airflow/sandbox/lib/python3.8/site-packages/airflow/example_dags/example_external_task_marker_dag.py
[2022-01-03 20:41:20,525] {scheduler_job.py:633} INFO - Processing file /home/airflow/sandbox/lib/python3.8/site-packages/airflow/example_dags/example_external_task_marker_dag.py for tasks to queue
[2022-01-03 20:41:20,539] {logging_mixin.py:104} INFO - [2022-01-03 20:41:20,539] {dagbag.py:487} INFO - Filling up the DagBag from /home/airflow/sandbox/lib/python3.8/site-packages/airflow/example_dags/example_external_task_marker_dag.py
[2022-01-03 20:41:20,576] {scheduler_job.py:643} INFO - DAG(s) dict_keys(['example_external_task_marker_parent', 'example_external_task_marker_child']) retrieved from /home/airflow/sandbox/lib/python3.8/site-packages/airflow/example_dags/example_external_task_marker_dag.py
[2022-01-03 20:41:21,912] {logging_mixin.py:104} INFO - [2022-01-03 20:41:21,912] {dag.py:1832} INFO - Sync 2 DAGs
[2022-01-03 20:41:21,948] {logging_mixin.py:104} INFO - [2022-01-03 20:41:21,947] {dag.py:2305} INFO - Setting next_dagrun for example_external_task_marker_child to None
[2022-01-03 20:41:21,948] {logging_mixin.py:104} INFO - [2022-01-03 20:41:21,948] {dag.py:2305} INFO - Setting next_dagrun for example_external_task_marker_parent to None
[2022-01-03 20:41:22,010] {scheduler_job.py:190} INFO - Processing /home/airflow/sandbox/lib/python3.8/site-packages/airflow/example_dags/example_external_task_marker_dag.py took 1.503 seconds
[2022-01-03 20:41:52,204] {scheduler_job.py:182} INFO - Started process (PID=14711) to work on /home/airflow/sandbox/lib/python3.8/site-packages/airflow/example_dags/example_external_task_marker_dag.py
[2022-01-03 20:41:52,213] {scheduler_job.py:633} INFO - Processing file /home/airflow/sandbox/lib/python3.8/site-packages/airflow/example_dags/example_external_task_marker_dag.py for tasks to queue
[2022-01-03 20:41:52,214] {logging_mixin.py:104} INFO - [2022-01-03 20:41:52,214] {dagbag.py:487} INFO - Filling up the DagBag from /home/airflow/sandbox/lib/python3.8/site-packages/airflow/example_dags/example_external_task_marker_dag.py
[2022-01-03 20:41:52,263] {scheduler_job.py:643} INFO - DAG(s) dict_keys(['example_external_task_marker_parent', 'example_external_task_marker_child']) retrieved from /home/airflow/sandbox/lib/python3.8/site-packages/airflow/example_dags/example_external_task_marker_dag.py
[2022-01-03 20:41:53,568] {logging_mixin.py:104} INFO - [2022-01-03 20:41:53,568] {dag.py:1832} INFO - Sync 2 DAGs
[2022-01-03 20:41:53,601] {logging_mixin.py:104} INFO - [2022-01-03 20:41:53,601] {dag.py:2305} INFO - Setting next_dagrun for example_external_task_marker_child to None
[2022-01-03 20:41:53,602] {logging_mixin.py:104} INFO - [2022-01-03 20:41:53,602] {dag.py:2305} INFO - Setting next_dagrun for example_external_task_marker_parent to None
[2022-01-03 20:41:53,674] {scheduler_job.py:190} INFO - Processing /home/airflow/sandbox/lib/python3.8/site-packages/airflow/example_dags/example_external_task_marker_dag.py took 1.475 seconds
[2022-01-03 20:42:24,398] {scheduler_job.py:182} INFO - Started process (PID=14917) to work on /home/airflow/sandbox/lib/python3.8/site-packages/airflow/example_dags/example_external_task_marker_dag.py
[2022-01-03 20:42:24,399] {scheduler_job.py:633} INFO - Processing file /home/airflow/sandbox/lib/python3.8/site-packages/airflow/example_dags/example_external_task_marker_dag.py for tasks to queue
[2022-01-03 20:42:24,402] {logging_mixin.py:104} INFO - [2022-01-03 20:42:24,401] {dagbag.py:487} INFO - Filling up the DagBag from /home/airflow/sandbox/lib/python3.8/site-packages/airflow/example_dags/example_external_task_marker_dag.py
[2022-01-03 20:42:24,454] {scheduler_job.py:643} INFO - DAG(s) dict_keys(['example_external_task_marker_parent', 'example_external_task_marker_child']) retrieved from /home/airflow/sandbox/lib/python3.8/site-packages/airflow/example_dags/example_external_task_marker_dag.py
[2022-01-03 20:42:24,564] {logging_mixin.py:104} INFO - [2022-01-03 20:42:24,564] {dag.py:1832} INFO - Sync 2 DAGs
[2022-01-03 20:42:24,623] {logging_mixin.py:104} INFO - [2022-01-03 20:42:24,619] {dag.py:2305} INFO - Setting next_dagrun for example_external_task_marker_child to None
[2022-01-03 20:42:24,650] {logging_mixin.py:104} INFO - [2022-01-03 20:42:24,649] {dag.py:2305} INFO - Setting next_dagrun for example_external_task_marker_parent to None
[2022-01-03 20:42:24,964] {scheduler_job.py:190} INFO - Processing /home/airflow/sandbox/lib/python3.8/site-packages/airflow/example_dags/example_external_task_marker_dag.py took 0.572 seconds
[2022-01-03 20:42:55,138] {scheduler_job.py:182} INFO - Started process (PID=15357) to work on /home/airflow/sandbox/lib/python3.8/site-packages/airflow/example_dags/example_external_task_marker_dag.py
[2022-01-03 20:42:55,139] {scheduler_job.py:633} INFO - Processing file /home/airflow/sandbox/lib/python3.8/site-packages/airflow/example_dags/example_external_task_marker_dag.py for tasks to queue
[2022-01-03 20:42:55,141] {logging_mixin.py:104} INFO - [2022-01-03 20:42:55,141] {dagbag.py:487} INFO - Filling up the DagBag from /home/airflow/sandbox/lib/python3.8/site-packages/airflow/example_dags/example_external_task_marker_dag.py
[2022-01-03 20:42:55,153] {scheduler_job.py:643} INFO - DAG(s) dict_keys(['example_external_task_marker_parent', 'example_external_task_marker_child']) retrieved from /home/airflow/sandbox/lib/python3.8/site-packages/airflow/example_dags/example_external_task_marker_dag.py
[2022-01-03 20:42:55,203] {logging_mixin.py:104} INFO - [2022-01-03 20:42:55,203] {dag.py:1832} INFO - Sync 2 DAGs
[2022-01-03 20:42:55,341] {logging_mixin.py:104} INFO - [2022-01-03 20:42:55,341] {dag.py:2305} INFO - Setting next_dagrun for example_external_task_marker_child to None
[2022-01-03 20:42:55,342] {logging_mixin.py:104} INFO - [2022-01-03 20:42:55,342] {dag.py:2305} INFO - Setting next_dagrun for example_external_task_marker_parent to None
[2022-01-03 20:42:55,358] {scheduler_job.py:190} INFO - Processing /home/airflow/sandbox/lib/python3.8/site-packages/airflow/example_dags/example_external_task_marker_dag.py took 0.236 seconds
[2022-01-03 20:43:25,702] {scheduler_job.py:182} INFO - Started process (PID=15541) to work on /home/airflow/sandbox/lib/python3.8/site-packages/airflow/example_dags/example_external_task_marker_dag.py
[2022-01-03 20:43:25,708] {scheduler_job.py:633} INFO - Processing file /home/airflow/sandbox/lib/python3.8/site-packages/airflow/example_dags/example_external_task_marker_dag.py for tasks to queue
[2022-01-03 20:43:25,709] {logging_mixin.py:104} INFO - [2022-01-03 20:43:25,709] {dagbag.py:487} INFO - Filling up the DagBag from /home/airflow/sandbox/lib/python3.8/site-packages/airflow/example_dags/example_external_task_marker_dag.py
[2022-01-03 20:43:25,743] {scheduler_job.py:643} INFO - DAG(s) dict_keys(['example_external_task_marker_parent', 'example_external_task_marker_child']) retrieved from /home/airflow/sandbox/lib/python3.8/site-packages/airflow/example_dags/example_external_task_marker_dag.py
[2022-01-03 20:43:25,838] {logging_mixin.py:104} INFO - [2022-01-03 20:43:25,838] {dag.py:1832} INFO - Sync 2 DAGs
[2022-01-03 20:43:26,061] {logging_mixin.py:104} INFO - [2022-01-03 20:43:26,061] {dag.py:2305} INFO - Setting next_dagrun for example_external_task_marker_child to None
[2022-01-03 20:43:26,062] {logging_mixin.py:104} INFO - [2022-01-03 20:43:26,062] {dag.py:2305} INFO - Setting next_dagrun for example_external_task_marker_parent to None
[2022-01-03 20:43:26,100] {scheduler_job.py:190} INFO - Processing /home/airflow/sandbox/lib/python3.8/site-packages/airflow/example_dags/example_external_task_marker_dag.py took 0.406 seconds
[2022-01-03 20:43:56,209] {scheduler_job.py:182} INFO - Started process (PID=15738) to work on /home/airflow/sandbox/lib/python3.8/site-packages/airflow/example_dags/example_external_task_marker_dag.py
[2022-01-03 20:43:56,210] {scheduler_job.py:633} INFO - Processing file /home/airflow/sandbox/lib/python3.8/site-packages/airflow/example_dags/example_external_task_marker_dag.py for tasks to queue
[2022-01-03 20:43:56,210] {logging_mixin.py:104} INFO - [2022-01-03 20:43:56,210] {dagbag.py:487} INFO - Filling up the DagBag from /home/airflow/sandbox/lib/python3.8/site-packages/airflow/example_dags/example_external_task_marker_dag.py
[2022-01-03 20:43:56,237] {scheduler_job.py:643} INFO - DAG(s) dict_keys(['example_external_task_marker_parent', 'example_external_task_marker_child']) retrieved from /home/airflow/sandbox/lib/python3.8/site-packages/airflow/example_dags/example_external_task_marker_dag.py
[2022-01-03 20:43:56,788] {logging_mixin.py:104} INFO - [2022-01-03 20:43:56,788] {dag.py:1832} INFO - Sync 2 DAGs
[2022-01-03 20:43:56,803] {logging_mixin.py:104} INFO - [2022-01-03 20:43:56,803] {dag.py:2305} INFO - Setting next_dagrun for example_external_task_marker_child to None
[2022-01-03 20:43:56,804] {logging_mixin.py:104} INFO - [2022-01-03 20:43:56,804] {dag.py:2305} INFO - Setting next_dagrun for example_external_task_marker_parent to None
[2022-01-03 20:43:56,836] {scheduler_job.py:190} INFO - Processing /home/airflow/sandbox/lib/python3.8/site-packages/airflow/example_dags/example_external_task_marker_dag.py took 0.632 seconds
[2022-01-03 20:44:27,749] {scheduler_job.py:182} INFO - Started process (PID=15939) to work on /home/airflow/sandbox/lib/python3.8/site-packages/airflow/example_dags/example_external_task_marker_dag.py
[2022-01-03 20:44:27,753] {scheduler_job.py:633} INFO - Processing file /home/airflow/sandbox/lib/python3.8/site-packages/airflow/example_dags/example_external_task_marker_dag.py for tasks to queue
[2022-01-03 20:44:27,753] {logging_mixin.py:104} INFO - [2022-01-03 20:44:27,753] {dagbag.py:487} INFO - Filling up the DagBag from /home/airflow/sandbox/lib/python3.8/site-packages/airflow/example_dags/example_external_task_marker_dag.py
[2022-01-03 20:44:27,800] {scheduler_job.py:643} INFO - DAG(s) dict_keys(['example_external_task_marker_parent', 'example_external_task_marker_child']) retrieved from /home/airflow/sandbox/lib/python3.8/site-packages/airflow/example_dags/example_external_task_marker_dag.py
[2022-01-03 20:44:27,916] {logging_mixin.py:104} INFO - [2022-01-03 20:44:27,916] {dag.py:1832} INFO - Sync 2 DAGs
[2022-01-03 20:44:28,156] {logging_mixin.py:104} INFO - [2022-01-03 20:44:28,155] {dag.py:2305} INFO - Setting next_dagrun for example_external_task_marker_child to None
[2022-01-03 20:44:28,179] {logging_mixin.py:104} INFO - [2022-01-03 20:44:28,159] {dag.py:2305} INFO - Setting next_dagrun for example_external_task_marker_parent to None
[2022-01-03 20:44:28,237] {scheduler_job.py:190} INFO - Processing /home/airflow/sandbox/lib/python3.8/site-packages/airflow/example_dags/example_external_task_marker_dag.py took 0.495 seconds
[2022-01-03 20:44:58,547] {scheduler_job.py:182} INFO - Started process (PID=16168) to work on /home/airflow/sandbox/lib/python3.8/site-packages/airflow/example_dags/example_external_task_marker_dag.py
[2022-01-03 20:44:58,553] {scheduler_job.py:633} INFO - Processing file /home/airflow/sandbox/lib/python3.8/site-packages/airflow/example_dags/example_external_task_marker_dag.py for tasks to queue
[2022-01-03 20:44:58,555] {logging_mixin.py:104} INFO - [2022-01-03 20:44:58,555] {dagbag.py:487} INFO - Filling up the DagBag from /home/airflow/sandbox/lib/python3.8/site-packages/airflow/example_dags/example_external_task_marker_dag.py
[2022-01-03 20:44:58,638] {scheduler_job.py:643} INFO - DAG(s) dict_keys(['example_external_task_marker_parent', 'example_external_task_marker_child']) retrieved from /home/airflow/sandbox/lib/python3.8/site-packages/airflow/example_dags/example_external_task_marker_dag.py
[2022-01-03 20:44:59,762] {logging_mixin.py:104} INFO - [2022-01-03 20:44:59,762] {dag.py:1832} INFO - Sync 2 DAGs
[2022-01-03 20:44:59,790] {logging_mixin.py:104} INFO - [2022-01-03 20:44:59,790] {dag.py:2305} INFO - Setting next_dagrun for example_external_task_marker_child to None
[2022-01-03 20:44:59,791] {logging_mixin.py:104} INFO - [2022-01-03 20:44:59,791] {dag.py:2305} INFO - Setting next_dagrun for example_external_task_marker_parent to None
[2022-01-03 20:44:59,804] {scheduler_job.py:190} INFO - Processing /home/airflow/sandbox/lib/python3.8/site-packages/airflow/example_dags/example_external_task_marker_dag.py took 1.261 seconds
