[2022-01-03 20:18:36,641] {scheduler_job.py:182} INFO - Started process (PID=2904) to work on /home/airflow/sandbox/lib/python3.8/site-packages/airflow/example_dags/tutorial.py
[2022-01-03 20:18:36,642] {scheduler_job.py:633} INFO - Processing file /home/airflow/sandbox/lib/python3.8/site-packages/airflow/example_dags/tutorial.py for tasks to queue
[2022-01-03 20:18:36,643] {logging_mixin.py:104} INFO - [2022-01-03 20:18:36,643] {dagbag.py:487} INFO - Filling up the DagBag from /home/airflow/sandbox/lib/python3.8/site-packages/airflow/example_dags/tutorial.py
[2022-01-03 20:18:36,655] {scheduler_job.py:643} INFO - DAG(s) dict_keys(['tutorial']) retrieved from /home/airflow/sandbox/lib/python3.8/site-packages/airflow/example_dags/tutorial.py
[2022-01-03 20:18:37,241] {logging_mixin.py:104} INFO - [2022-01-03 20:18:37,241] {dag.py:1832} INFO - Sync 1 DAGs
[2022-01-03 20:18:37,247] {logging_mixin.py:104} INFO - [2022-01-03 20:18:37,247] {dag.py:2305} INFO - Setting next_dagrun for tutorial to 2022-01-01 00:00:00+00:00
[2022-01-03 20:18:37,262] {scheduler_job.py:190} INFO - Processing /home/airflow/sandbox/lib/python3.8/site-packages/airflow/example_dags/tutorial.py took 0.626 seconds
[2022-01-03 20:19:55,792] {scheduler_job.py:182} INFO - Started process (PID=3478) to work on /home/airflow/sandbox/lib/python3.8/site-packages/airflow/example_dags/tutorial.py
[2022-01-03 20:19:55,793] {scheduler_job.py:633} INFO - Processing file /home/airflow/sandbox/lib/python3.8/site-packages/airflow/example_dags/tutorial.py for tasks to queue
[2022-01-03 20:19:55,794] {logging_mixin.py:104} INFO - [2022-01-03 20:19:55,794] {dagbag.py:487} INFO - Filling up the DagBag from /home/airflow/sandbox/lib/python3.8/site-packages/airflow/example_dags/tutorial.py
[2022-01-03 20:19:55,809] {scheduler_job.py:643} INFO - DAG(s) dict_keys(['tutorial']) retrieved from /home/airflow/sandbox/lib/python3.8/site-packages/airflow/example_dags/tutorial.py
[2022-01-03 20:19:55,846] {logging_mixin.py:104} INFO - [2022-01-03 20:19:55,846] {dag.py:1832} INFO - Sync 1 DAGs
[2022-01-03 20:19:55,858] {logging_mixin.py:104} INFO - [2022-01-03 20:19:55,857] {dag.py:2305} INFO - Setting next_dagrun for tutorial to 2022-01-01 00:00:00+00:00
[2022-01-03 20:19:55,890] {scheduler_job.py:190} INFO - Processing /home/airflow/sandbox/lib/python3.8/site-packages/airflow/example_dags/tutorial.py took 0.102 seconds
[2022-01-03 20:20:36,685] {scheduler_job.py:182} INFO - Started process (PID=3512) to work on /home/airflow/sandbox/lib/python3.8/site-packages/airflow/example_dags/tutorial.py
[2022-01-03 20:20:36,687] {scheduler_job.py:633} INFO - Processing file /home/airflow/sandbox/lib/python3.8/site-packages/airflow/example_dags/tutorial.py for tasks to queue
[2022-01-03 20:20:36,688] {logging_mixin.py:104} INFO - [2022-01-03 20:20:36,688] {dagbag.py:487} INFO - Filling up the DagBag from /home/airflow/sandbox/lib/python3.8/site-packages/airflow/example_dags/tutorial.py
[2022-01-03 20:20:36,702] {scheduler_job.py:643} INFO - DAG(s) dict_keys(['tutorial']) retrieved from /home/airflow/sandbox/lib/python3.8/site-packages/airflow/example_dags/tutorial.py
[2022-01-03 20:20:36,741] {logging_mixin.py:104} INFO - [2022-01-03 20:20:36,741] {dag.py:1832} INFO - Sync 1 DAGs
[2022-01-03 20:20:36,751] {logging_mixin.py:104} INFO - [2022-01-03 20:20:36,751] {dag.py:2305} INFO - Setting next_dagrun for tutorial to 2022-01-01 00:00:00+00:00
[2022-01-03 20:20:36,763] {scheduler_job.py:190} INFO - Processing /home/airflow/sandbox/lib/python3.8/site-packages/airflow/example_dags/tutorial.py took 0.098 seconds
[2022-01-03 20:21:15,314] {scheduler_job.py:182} INFO - Started process (PID=3545) to work on /home/airflow/sandbox/lib/python3.8/site-packages/airflow/example_dags/tutorial.py
[2022-01-03 20:21:15,330] {scheduler_job.py:633} INFO - Processing file /home/airflow/sandbox/lib/python3.8/site-packages/airflow/example_dags/tutorial.py for tasks to queue
[2022-01-03 20:21:15,331] {logging_mixin.py:104} INFO - [2022-01-03 20:21:15,331] {dagbag.py:487} INFO - Filling up the DagBag from /home/airflow/sandbox/lib/python3.8/site-packages/airflow/example_dags/tutorial.py
[2022-01-03 20:21:15,346] {scheduler_job.py:643} INFO - DAG(s) dict_keys(['tutorial']) retrieved from /home/airflow/sandbox/lib/python3.8/site-packages/airflow/example_dags/tutorial.py
[2022-01-03 20:21:15,364] {logging_mixin.py:104} INFO - [2022-01-03 20:21:15,364] {dag.py:1832} INFO - Sync 1 DAGs
[2022-01-03 20:21:15,388] {logging_mixin.py:104} INFO - [2022-01-03 20:21:15,388] {dag.py:2305} INFO - Setting next_dagrun for tutorial to 2022-01-01 00:00:00+00:00
[2022-01-03 20:21:15,402] {scheduler_job.py:190} INFO - Processing /home/airflow/sandbox/lib/python3.8/site-packages/airflow/example_dags/tutorial.py took 0.100 seconds
[2022-01-03 20:21:50,854] {scheduler_job.py:182} INFO - Started process (PID=3601) to work on /home/airflow/sandbox/lib/python3.8/site-packages/airflow/example_dags/tutorial.py
[2022-01-03 20:21:50,857] {scheduler_job.py:633} INFO - Processing file /home/airflow/sandbox/lib/python3.8/site-packages/airflow/example_dags/tutorial.py for tasks to queue
[2022-01-03 20:21:50,857] {logging_mixin.py:104} INFO - [2022-01-03 20:21:50,857] {dagbag.py:487} INFO - Filling up the DagBag from /home/airflow/sandbox/lib/python3.8/site-packages/airflow/example_dags/tutorial.py
[2022-01-03 20:21:50,902] {scheduler_job.py:643} INFO - DAG(s) dict_keys(['tutorial']) retrieved from /home/airflow/sandbox/lib/python3.8/site-packages/airflow/example_dags/tutorial.py
[2022-01-03 20:21:50,935] {logging_mixin.py:104} INFO - [2022-01-03 20:21:50,935] {dag.py:1832} INFO - Sync 1 DAGs
[2022-01-03 20:21:50,948] {logging_mixin.py:104} INFO - [2022-01-03 20:21:50,948] {dag.py:2305} INFO - Setting next_dagrun for tutorial to 2022-01-01 00:00:00+00:00
[2022-01-03 20:21:50,964] {scheduler_job.py:190} INFO - Processing /home/airflow/sandbox/lib/python3.8/site-packages/airflow/example_dags/tutorial.py took 0.124 seconds
[2022-01-03 20:22:28,590] {scheduler_job.py:182} INFO - Started process (PID=3649) to work on /home/airflow/sandbox/lib/python3.8/site-packages/airflow/example_dags/tutorial.py
[2022-01-03 20:22:28,591] {scheduler_job.py:633} INFO - Processing file /home/airflow/sandbox/lib/python3.8/site-packages/airflow/example_dags/tutorial.py for tasks to queue
[2022-01-03 20:22:28,592] {logging_mixin.py:104} INFO - [2022-01-03 20:22:28,592] {dagbag.py:487} INFO - Filling up the DagBag from /home/airflow/sandbox/lib/python3.8/site-packages/airflow/example_dags/tutorial.py
[2022-01-03 20:22:28,607] {scheduler_job.py:643} INFO - DAG(s) dict_keys(['tutorial']) retrieved from /home/airflow/sandbox/lib/python3.8/site-packages/airflow/example_dags/tutorial.py
[2022-01-03 20:22:28,636] {logging_mixin.py:104} INFO - [2022-01-03 20:22:28,636] {dag.py:1832} INFO - Sync 1 DAGs
[2022-01-03 20:22:28,658] {logging_mixin.py:104} INFO - [2022-01-03 20:22:28,658] {dag.py:2305} INFO - Setting next_dagrun for tutorial to 2022-01-01 00:00:00+00:00
[2022-01-03 20:22:28,701] {scheduler_job.py:190} INFO - Processing /home/airflow/sandbox/lib/python3.8/site-packages/airflow/example_dags/tutorial.py took 0.114 seconds
[2022-01-03 20:23:06,884] {scheduler_job.py:182} INFO - Started process (PID=3765) to work on /home/airflow/sandbox/lib/python3.8/site-packages/airflow/example_dags/tutorial.py
[2022-01-03 20:23:06,885] {scheduler_job.py:633} INFO - Processing file /home/airflow/sandbox/lib/python3.8/site-packages/airflow/example_dags/tutorial.py for tasks to queue
[2022-01-03 20:23:06,885] {logging_mixin.py:104} INFO - [2022-01-03 20:23:06,885] {dagbag.py:487} INFO - Filling up the DagBag from /home/airflow/sandbox/lib/python3.8/site-packages/airflow/example_dags/tutorial.py
[2022-01-03 20:23:06,905] {scheduler_job.py:643} INFO - DAG(s) dict_keys(['tutorial']) retrieved from /home/airflow/sandbox/lib/python3.8/site-packages/airflow/example_dags/tutorial.py
[2022-01-03 20:23:06,962] {logging_mixin.py:104} INFO - [2022-01-03 20:23:06,962] {dag.py:1832} INFO - Sync 1 DAGs
[2022-01-03 20:23:07,002] {logging_mixin.py:104} INFO - [2022-01-03 20:23:07,002] {dag.py:2305} INFO - Setting next_dagrun for tutorial to 2022-01-01 00:00:00+00:00
[2022-01-03 20:23:07,034] {scheduler_job.py:190} INFO - Processing /home/airflow/sandbox/lib/python3.8/site-packages/airflow/example_dags/tutorial.py took 0.151 seconds
[2022-01-03 20:23:49,889] {scheduler_job.py:182} INFO - Started process (PID=4342) to work on /home/airflow/sandbox/lib/python3.8/site-packages/airflow/example_dags/tutorial.py
[2022-01-03 20:23:49,891] {scheduler_job.py:633} INFO - Processing file /home/airflow/sandbox/lib/python3.8/site-packages/airflow/example_dags/tutorial.py for tasks to queue
[2022-01-03 20:23:49,893] {logging_mixin.py:104} INFO - [2022-01-03 20:23:49,892] {dagbag.py:487} INFO - Filling up the DagBag from /home/airflow/sandbox/lib/python3.8/site-packages/airflow/example_dags/tutorial.py
[2022-01-03 20:23:49,900] {scheduler_job.py:643} INFO - DAG(s) dict_keys(['tutorial']) retrieved from /home/airflow/sandbox/lib/python3.8/site-packages/airflow/example_dags/tutorial.py
[2022-01-03 20:23:49,940] {logging_mixin.py:104} INFO - [2022-01-03 20:23:49,940] {dag.py:1832} INFO - Sync 1 DAGs
[2022-01-03 20:23:49,957] {logging_mixin.py:104} INFO - [2022-01-03 20:23:49,957] {dag.py:2305} INFO - Setting next_dagrun for tutorial to 2022-01-01 00:00:00+00:00
[2022-01-03 20:23:49,994] {scheduler_job.py:190} INFO - Processing /home/airflow/sandbox/lib/python3.8/site-packages/airflow/example_dags/tutorial.py took 0.108 seconds
[2022-01-03 20:24:23,960] {scheduler_job.py:182} INFO - Started process (PID=4394) to work on /home/airflow/sandbox/lib/python3.8/site-packages/airflow/example_dags/tutorial.py
[2022-01-03 20:24:23,961] {scheduler_job.py:633} INFO - Processing file /home/airflow/sandbox/lib/python3.8/site-packages/airflow/example_dags/tutorial.py for tasks to queue
[2022-01-03 20:24:23,961] {logging_mixin.py:104} INFO - [2022-01-03 20:24:23,961] {dagbag.py:487} INFO - Filling up the DagBag from /home/airflow/sandbox/lib/python3.8/site-packages/airflow/example_dags/tutorial.py
[2022-01-03 20:24:23,982] {scheduler_job.py:643} INFO - DAG(s) dict_keys(['tutorial']) retrieved from /home/airflow/sandbox/lib/python3.8/site-packages/airflow/example_dags/tutorial.py
[2022-01-03 20:24:24,005] {logging_mixin.py:104} INFO - [2022-01-03 20:24:24,004] {dag.py:1832} INFO - Sync 1 DAGs
[2022-01-03 20:24:24,025] {logging_mixin.py:104} INFO - [2022-01-03 20:24:24,025] {dag.py:2305} INFO - Setting next_dagrun for tutorial to 2022-01-01 00:00:00+00:00
[2022-01-03 20:24:24,042] {scheduler_job.py:190} INFO - Processing /home/airflow/sandbox/lib/python3.8/site-packages/airflow/example_dags/tutorial.py took 0.085 seconds
[2022-01-03 20:25:02,335] {scheduler_job.py:182} INFO - Started process (PID=4656) to work on /home/airflow/sandbox/lib/python3.8/site-packages/airflow/example_dags/tutorial.py
[2022-01-03 20:25:02,337] {scheduler_job.py:633} INFO - Processing file /home/airflow/sandbox/lib/python3.8/site-packages/airflow/example_dags/tutorial.py for tasks to queue
[2022-01-03 20:25:02,339] {logging_mixin.py:104} INFO - [2022-01-03 20:25:02,339] {dagbag.py:487} INFO - Filling up the DagBag from /home/airflow/sandbox/lib/python3.8/site-packages/airflow/example_dags/tutorial.py
[2022-01-03 20:25:02,382] {scheduler_job.py:643} INFO - DAG(s) dict_keys(['tutorial']) retrieved from /home/airflow/sandbox/lib/python3.8/site-packages/airflow/example_dags/tutorial.py
[2022-01-03 20:25:02,440] {logging_mixin.py:104} INFO - [2022-01-03 20:25:02,440] {dag.py:1832} INFO - Sync 1 DAGs
[2022-01-03 20:25:02,483] {logging_mixin.py:104} INFO - [2022-01-03 20:25:02,483] {dag.py:2305} INFO - Setting next_dagrun for tutorial to 2022-01-01 00:00:00+00:00
[2022-01-03 20:25:02,540] {scheduler_job.py:190} INFO - Processing /home/airflow/sandbox/lib/python3.8/site-packages/airflow/example_dags/tutorial.py took 0.210 seconds
[2022-01-03 20:25:49,142] {scheduler_job.py:182} INFO - Started process (PID=7919) to work on /home/airflow/sandbox/lib/python3.8/site-packages/airflow/example_dags/tutorial.py
[2022-01-03 20:25:49,143] {scheduler_job.py:633} INFO - Processing file /home/airflow/sandbox/lib/python3.8/site-packages/airflow/example_dags/tutorial.py for tasks to queue
[2022-01-03 20:25:49,144] {logging_mixin.py:104} INFO - [2022-01-03 20:25:49,144] {dagbag.py:487} INFO - Filling up the DagBag from /home/airflow/sandbox/lib/python3.8/site-packages/airflow/example_dags/tutorial.py
[2022-01-03 20:25:49,158] {scheduler_job.py:643} INFO - DAG(s) dict_keys(['tutorial']) retrieved from /home/airflow/sandbox/lib/python3.8/site-packages/airflow/example_dags/tutorial.py
[2022-01-03 20:25:49,193] {logging_mixin.py:104} INFO - [2022-01-03 20:25:49,193] {dag.py:1832} INFO - Sync 1 DAGs
[2022-01-03 20:25:49,202] {logging_mixin.py:104} INFO - [2022-01-03 20:25:49,202] {dag.py:2305} INFO - Setting next_dagrun for tutorial to 2022-01-01 00:00:00+00:00
[2022-01-03 20:25:49,234] {scheduler_job.py:190} INFO - Processing /home/airflow/sandbox/lib/python3.8/site-packages/airflow/example_dags/tutorial.py took 0.095 seconds
[2022-01-03 20:26:28,681] {scheduler_job.py:182} INFO - Started process (PID=8174) to work on /home/airflow/sandbox/lib/python3.8/site-packages/airflow/example_dags/tutorial.py
[2022-01-03 20:26:28,683] {scheduler_job.py:633} INFO - Processing file /home/airflow/sandbox/lib/python3.8/site-packages/airflow/example_dags/tutorial.py for tasks to queue
[2022-01-03 20:26:28,684] {logging_mixin.py:104} INFO - [2022-01-03 20:26:28,684] {dagbag.py:487} INFO - Filling up the DagBag from /home/airflow/sandbox/lib/python3.8/site-packages/airflow/example_dags/tutorial.py
[2022-01-03 20:26:28,702] {scheduler_job.py:643} INFO - DAG(s) dict_keys(['tutorial']) retrieved from /home/airflow/sandbox/lib/python3.8/site-packages/airflow/example_dags/tutorial.py
[2022-01-03 20:26:28,734] {logging_mixin.py:104} INFO - [2022-01-03 20:26:28,734] {dag.py:1832} INFO - Sync 1 DAGs
[2022-01-03 20:26:28,750] {logging_mixin.py:104} INFO - [2022-01-03 20:26:28,750] {dag.py:2305} INFO - Setting next_dagrun for tutorial to 2022-01-01 00:00:00+00:00
[2022-01-03 20:26:28,779] {scheduler_job.py:190} INFO - Processing /home/airflow/sandbox/lib/python3.8/site-packages/airflow/example_dags/tutorial.py took 0.101 seconds
[2022-01-03 20:27:07,831] {scheduler_job.py:182} INFO - Started process (PID=8391) to work on /home/airflow/sandbox/lib/python3.8/site-packages/airflow/example_dags/tutorial.py
[2022-01-03 20:27:07,832] {scheduler_job.py:633} INFO - Processing file /home/airflow/sandbox/lib/python3.8/site-packages/airflow/example_dags/tutorial.py for tasks to queue
[2022-01-03 20:27:07,833] {logging_mixin.py:104} INFO - [2022-01-03 20:27:07,833] {dagbag.py:487} INFO - Filling up the DagBag from /home/airflow/sandbox/lib/python3.8/site-packages/airflow/example_dags/tutorial.py
[2022-01-03 20:27:07,856] {scheduler_job.py:643} INFO - DAG(s) dict_keys(['tutorial']) retrieved from /home/airflow/sandbox/lib/python3.8/site-packages/airflow/example_dags/tutorial.py
[2022-01-03 20:27:07,893] {logging_mixin.py:104} INFO - [2022-01-03 20:27:07,892] {dag.py:1832} INFO - Sync 1 DAGs
[2022-01-03 20:27:07,904] {logging_mixin.py:104} INFO - [2022-01-03 20:27:07,904] {dag.py:2305} INFO - Setting next_dagrun for tutorial to 2022-01-01 00:00:00+00:00
[2022-01-03 20:27:07,938] {scheduler_job.py:190} INFO - Processing /home/airflow/sandbox/lib/python3.8/site-packages/airflow/example_dags/tutorial.py took 0.109 seconds
[2022-01-03 20:27:52,538] {scheduler_job.py:182} INFO - Started process (PID=8553) to work on /home/airflow/sandbox/lib/python3.8/site-packages/airflow/example_dags/tutorial.py
[2022-01-03 20:27:52,540] {scheduler_job.py:633} INFO - Processing file /home/airflow/sandbox/lib/python3.8/site-packages/airflow/example_dags/tutorial.py for tasks to queue
[2022-01-03 20:27:52,541] {logging_mixin.py:104} INFO - [2022-01-03 20:27:52,541] {dagbag.py:487} INFO - Filling up the DagBag from /home/airflow/sandbox/lib/python3.8/site-packages/airflow/example_dags/tutorial.py
[2022-01-03 20:27:52,579] {scheduler_job.py:643} INFO - DAG(s) dict_keys(['tutorial']) retrieved from /home/airflow/sandbox/lib/python3.8/site-packages/airflow/example_dags/tutorial.py
[2022-01-03 20:27:52,598] {logging_mixin.py:104} INFO - [2022-01-03 20:27:52,598] {dag.py:1832} INFO - Sync 1 DAGs
[2022-01-03 20:27:52,628] {logging_mixin.py:104} INFO - [2022-01-03 20:27:52,628] {dag.py:2305} INFO - Setting next_dagrun for tutorial to 2022-01-01 00:00:00+00:00
[2022-01-03 20:27:52,651] {scheduler_job.py:190} INFO - Processing /home/airflow/sandbox/lib/python3.8/site-packages/airflow/example_dags/tutorial.py took 0.123 seconds
[2022-01-03 20:28:32,621] {scheduler_job.py:182} INFO - Started process (PID=8691) to work on /home/airflow/sandbox/lib/python3.8/site-packages/airflow/example_dags/tutorial.py
[2022-01-03 20:28:32,622] {scheduler_job.py:633} INFO - Processing file /home/airflow/sandbox/lib/python3.8/site-packages/airflow/example_dags/tutorial.py for tasks to queue
[2022-01-03 20:28:32,623] {logging_mixin.py:104} INFO - [2022-01-03 20:28:32,623] {dagbag.py:487} INFO - Filling up the DagBag from /home/airflow/sandbox/lib/python3.8/site-packages/airflow/example_dags/tutorial.py
[2022-01-03 20:28:32,642] {scheduler_job.py:643} INFO - DAG(s) dict_keys(['tutorial']) retrieved from /home/airflow/sandbox/lib/python3.8/site-packages/airflow/example_dags/tutorial.py
[2022-01-03 20:28:32,674] {logging_mixin.py:104} INFO - [2022-01-03 20:28:32,674] {dag.py:1832} INFO - Sync 1 DAGs
[2022-01-03 20:28:32,691] {logging_mixin.py:104} INFO - [2022-01-03 20:28:32,691] {dag.py:2305} INFO - Setting next_dagrun for tutorial to 2022-01-01 00:00:00+00:00
[2022-01-03 20:28:32,727] {scheduler_job.py:190} INFO - Processing /home/airflow/sandbox/lib/python3.8/site-packages/airflow/example_dags/tutorial.py took 0.123 seconds
[2022-01-03 20:29:10,336] {scheduler_job.py:182} INFO - Started process (PID=8722) to work on /home/airflow/sandbox/lib/python3.8/site-packages/airflow/example_dags/tutorial.py
[2022-01-03 20:29:10,338] {scheduler_job.py:633} INFO - Processing file /home/airflow/sandbox/lib/python3.8/site-packages/airflow/example_dags/tutorial.py for tasks to queue
[2022-01-03 20:29:10,338] {logging_mixin.py:104} INFO - [2022-01-03 20:29:10,338] {dagbag.py:487} INFO - Filling up the DagBag from /home/airflow/sandbox/lib/python3.8/site-packages/airflow/example_dags/tutorial.py
[2022-01-03 20:29:10,351] {scheduler_job.py:643} INFO - DAG(s) dict_keys(['tutorial']) retrieved from /home/airflow/sandbox/lib/python3.8/site-packages/airflow/example_dags/tutorial.py
[2022-01-03 20:29:10,389] {logging_mixin.py:104} INFO - [2022-01-03 20:29:10,389] {dag.py:1832} INFO - Sync 1 DAGs
[2022-01-03 20:29:10,433] {logging_mixin.py:104} INFO - [2022-01-03 20:29:10,433] {dag.py:2305} INFO - Setting next_dagrun for tutorial to 2022-01-01 00:00:00+00:00
[2022-01-03 20:29:10,451] {scheduler_job.py:190} INFO - Processing /home/airflow/sandbox/lib/python3.8/site-packages/airflow/example_dags/tutorial.py took 0.118 seconds
[2022-01-03 20:29:46,633] {scheduler_job.py:182} INFO - Started process (PID=8819) to work on /home/airflow/sandbox/lib/python3.8/site-packages/airflow/example_dags/tutorial.py
[2022-01-03 20:29:46,634] {scheduler_job.py:633} INFO - Processing file /home/airflow/sandbox/lib/python3.8/site-packages/airflow/example_dags/tutorial.py for tasks to queue
[2022-01-03 20:29:46,635] {logging_mixin.py:104} INFO - [2022-01-03 20:29:46,635] {dagbag.py:487} INFO - Filling up the DagBag from /home/airflow/sandbox/lib/python3.8/site-packages/airflow/example_dags/tutorial.py
[2022-01-03 20:29:46,652] {scheduler_job.py:643} INFO - DAG(s) dict_keys(['tutorial']) retrieved from /home/airflow/sandbox/lib/python3.8/site-packages/airflow/example_dags/tutorial.py
[2022-01-03 20:29:46,689] {logging_mixin.py:104} INFO - [2022-01-03 20:29:46,688] {dag.py:1832} INFO - Sync 1 DAGs
[2022-01-03 20:29:46,699] {logging_mixin.py:104} INFO - [2022-01-03 20:29:46,699] {dag.py:2305} INFO - Setting next_dagrun for tutorial to 2022-01-01 00:00:00+00:00
[2022-01-03 20:29:46,726] {scheduler_job.py:190} INFO - Processing /home/airflow/sandbox/lib/python3.8/site-packages/airflow/example_dags/tutorial.py took 0.099 seconds
[2022-01-03 20:32:47,430] {scheduler_job.py:182} INFO - Started process (PID=9665) to work on /home/airflow/sandbox/lib/python3.8/site-packages/airflow/example_dags/tutorial.py
[2022-01-03 20:32:47,438] {scheduler_job.py:633} INFO - Processing file /home/airflow/sandbox/lib/python3.8/site-packages/airflow/example_dags/tutorial.py for tasks to queue
[2022-01-03 20:32:47,468] {logging_mixin.py:104} INFO - [2022-01-03 20:32:47,468] {dagbag.py:487} INFO - Filling up the DagBag from /home/airflow/sandbox/lib/python3.8/site-packages/airflow/example_dags/tutorial.py
[2022-01-03 20:32:47,539] {scheduler_job.py:643} INFO - DAG(s) dict_keys(['tutorial']) retrieved from /home/airflow/sandbox/lib/python3.8/site-packages/airflow/example_dags/tutorial.py
[2022-01-03 20:32:47,841] {logging_mixin.py:104} INFO - [2022-01-03 20:32:47,840] {dag.py:1832} INFO - Sync 1 DAGs
[2022-01-03 20:32:48,117] {logging_mixin.py:104} INFO - [2022-01-03 20:32:48,117] {dag.py:2305} INFO - Setting next_dagrun for tutorial to 2022-01-01 00:00:00+00:00
[2022-01-03 20:32:48,339] {scheduler_job.py:190} INFO - Processing /home/airflow/sandbox/lib/python3.8/site-packages/airflow/example_dags/tutorial.py took 0.971 seconds
[2022-01-03 20:33:18,617] {scheduler_job.py:182} INFO - Started process (PID=9860) to work on /home/airflow/sandbox/lib/python3.8/site-packages/airflow/example_dags/tutorial.py
[2022-01-03 20:33:18,625] {scheduler_job.py:633} INFO - Processing file /home/airflow/sandbox/lib/python3.8/site-packages/airflow/example_dags/tutorial.py for tasks to queue
[2022-01-03 20:33:18,626] {logging_mixin.py:104} INFO - [2022-01-03 20:33:18,626] {dagbag.py:487} INFO - Filling up the DagBag from /home/airflow/sandbox/lib/python3.8/site-packages/airflow/example_dags/tutorial.py
[2022-01-03 20:33:18,782] {scheduler_job.py:643} INFO - DAG(s) dict_keys(['tutorial']) retrieved from /home/airflow/sandbox/lib/python3.8/site-packages/airflow/example_dags/tutorial.py
[2022-01-03 20:33:18,986] {logging_mixin.py:104} INFO - [2022-01-03 20:33:18,985] {dag.py:1832} INFO - Sync 1 DAGs
[2022-01-03 20:33:19,130] {logging_mixin.py:104} INFO - [2022-01-03 20:33:19,130] {dag.py:2305} INFO - Setting next_dagrun for tutorial to 2022-01-01 00:00:00+00:00
[2022-01-03 20:33:19,186] {scheduler_job.py:190} INFO - Processing /home/airflow/sandbox/lib/python3.8/site-packages/airflow/example_dags/tutorial.py took 0.591 seconds
[2022-01-03 20:33:50,086] {scheduler_job.py:182} INFO - Started process (PID=10200) to work on /home/airflow/sandbox/lib/python3.8/site-packages/airflow/example_dags/tutorial.py
[2022-01-03 20:33:50,088] {scheduler_job.py:633} INFO - Processing file /home/airflow/sandbox/lib/python3.8/site-packages/airflow/example_dags/tutorial.py for tasks to queue
[2022-01-03 20:33:50,089] {logging_mixin.py:104} INFO - [2022-01-03 20:33:50,089] {dagbag.py:487} INFO - Filling up the DagBag from /home/airflow/sandbox/lib/python3.8/site-packages/airflow/example_dags/tutorial.py
[2022-01-03 20:33:50,170] {scheduler_job.py:643} INFO - DAG(s) dict_keys(['tutorial']) retrieved from /home/airflow/sandbox/lib/python3.8/site-packages/airflow/example_dags/tutorial.py
[2022-01-03 20:33:50,271] {logging_mixin.py:104} INFO - [2022-01-03 20:33:50,271] {dag.py:1832} INFO - Sync 1 DAGs
[2022-01-03 20:33:50,321] {logging_mixin.py:104} INFO - [2022-01-03 20:33:50,321] {dag.py:2305} INFO - Setting next_dagrun for tutorial to 2022-01-01 00:00:00+00:00
[2022-01-03 20:33:50,441] {scheduler_job.py:190} INFO - Processing /home/airflow/sandbox/lib/python3.8/site-packages/airflow/example_dags/tutorial.py took 0.362 seconds
[2022-01-03 20:34:24,688] {scheduler_job.py:182} INFO - Started process (PID=11178) to work on /home/airflow/sandbox/lib/python3.8/site-packages/airflow/example_dags/tutorial.py
[2022-01-03 20:34:24,689] {scheduler_job.py:633} INFO - Processing file /home/airflow/sandbox/lib/python3.8/site-packages/airflow/example_dags/tutorial.py for tasks to queue
[2022-01-03 20:34:24,693] {logging_mixin.py:104} INFO - [2022-01-03 20:34:24,692] {dagbag.py:487} INFO - Filling up the DagBag from /home/airflow/sandbox/lib/python3.8/site-packages/airflow/example_dags/tutorial.py
[2022-01-03 20:34:24,792] {scheduler_job.py:643} INFO - DAG(s) dict_keys(['tutorial']) retrieved from /home/airflow/sandbox/lib/python3.8/site-packages/airflow/example_dags/tutorial.py
[2022-01-03 20:34:24,980] {logging_mixin.py:104} INFO - [2022-01-03 20:34:24,980] {dag.py:1832} INFO - Sync 1 DAGs
[2022-01-03 20:34:25,091] {logging_mixin.py:104} INFO - [2022-01-03 20:34:25,091] {dag.py:2305} INFO - Setting next_dagrun for tutorial to 2022-01-01 00:00:00+00:00
[2022-01-03 20:34:25,133] {scheduler_job.py:190} INFO - Processing /home/airflow/sandbox/lib/python3.8/site-packages/airflow/example_dags/tutorial.py took 0.502 seconds
[2022-01-03 20:34:55,532] {scheduler_job.py:182} INFO - Started process (PID=11719) to work on /home/airflow/sandbox/lib/python3.8/site-packages/airflow/example_dags/tutorial.py
[2022-01-03 20:34:55,539] {scheduler_job.py:633} INFO - Processing file /home/airflow/sandbox/lib/python3.8/site-packages/airflow/example_dags/tutorial.py for tasks to queue
[2022-01-03 20:34:55,539] {logging_mixin.py:104} INFO - [2022-01-03 20:34:55,539] {dagbag.py:487} INFO - Filling up the DagBag from /home/airflow/sandbox/lib/python3.8/site-packages/airflow/example_dags/tutorial.py
[2022-01-03 20:34:55,669] {scheduler_job.py:643} INFO - DAG(s) dict_keys(['tutorial']) retrieved from /home/airflow/sandbox/lib/python3.8/site-packages/airflow/example_dags/tutorial.py
[2022-01-03 20:34:55,813] {logging_mixin.py:104} INFO - [2022-01-03 20:34:55,813] {dag.py:1832} INFO - Sync 1 DAGs
[2022-01-03 20:34:55,834] {logging_mixin.py:104} INFO - [2022-01-03 20:34:55,834] {dag.py:2305} INFO - Setting next_dagrun for tutorial to 2022-01-01 00:00:00+00:00
[2022-01-03 20:34:55,874] {scheduler_job.py:190} INFO - Processing /home/airflow/sandbox/lib/python3.8/site-packages/airflow/example_dags/tutorial.py took 0.347 seconds
[2022-01-03 20:35:26,232] {scheduler_job.py:182} INFO - Started process (PID=11915) to work on /home/airflow/sandbox/lib/python3.8/site-packages/airflow/example_dags/tutorial.py
[2022-01-03 20:35:26,236] {scheduler_job.py:633} INFO - Processing file /home/airflow/sandbox/lib/python3.8/site-packages/airflow/example_dags/tutorial.py for tasks to queue
[2022-01-03 20:35:26,237] {logging_mixin.py:104} INFO - [2022-01-03 20:35:26,237] {dagbag.py:487} INFO - Filling up the DagBag from /home/airflow/sandbox/lib/python3.8/site-packages/airflow/example_dags/tutorial.py
[2022-01-03 20:35:26,266] {scheduler_job.py:643} INFO - DAG(s) dict_keys(['tutorial']) retrieved from /home/airflow/sandbox/lib/python3.8/site-packages/airflow/example_dags/tutorial.py
[2022-01-03 20:35:26,365] {logging_mixin.py:104} INFO - [2022-01-03 20:35:26,365] {dag.py:1832} INFO - Sync 1 DAGs
[2022-01-03 20:35:26,381] {logging_mixin.py:104} INFO - [2022-01-03 20:35:26,381] {dag.py:2305} INFO - Setting next_dagrun for tutorial to 2022-01-01 00:00:00+00:00
[2022-01-03 20:35:26,436] {scheduler_job.py:190} INFO - Processing /home/airflow/sandbox/lib/python3.8/site-packages/airflow/example_dags/tutorial.py took 0.211 seconds
[2022-01-03 20:35:56,865] {scheduler_job.py:182} INFO - Started process (PID=12117) to work on /home/airflow/sandbox/lib/python3.8/site-packages/airflow/example_dags/tutorial.py
[2022-01-03 20:35:56,867] {scheduler_job.py:633} INFO - Processing file /home/airflow/sandbox/lib/python3.8/site-packages/airflow/example_dags/tutorial.py for tasks to queue
[2022-01-03 20:35:56,881] {logging_mixin.py:104} INFO - [2022-01-03 20:35:56,881] {dagbag.py:487} INFO - Filling up the DagBag from /home/airflow/sandbox/lib/python3.8/site-packages/airflow/example_dags/tutorial.py
[2022-01-03 20:35:56,973] {scheduler_job.py:643} INFO - DAG(s) dict_keys(['tutorial']) retrieved from /home/airflow/sandbox/lib/python3.8/site-packages/airflow/example_dags/tutorial.py
[2022-01-03 20:35:57,137] {logging_mixin.py:104} INFO - [2022-01-03 20:35:57,137] {dag.py:1832} INFO - Sync 1 DAGs
[2022-01-03 20:35:57,171] {logging_mixin.py:104} INFO - [2022-01-03 20:35:57,171] {dag.py:2305} INFO - Setting next_dagrun for tutorial to 2022-01-01 00:00:00+00:00
[2022-01-03 20:35:57,230] {scheduler_job.py:190} INFO - Processing /home/airflow/sandbox/lib/python3.8/site-packages/airflow/example_dags/tutorial.py took 0.366 seconds
[2022-01-03 20:36:28,078] {scheduler_job.py:182} INFO - Started process (PID=12315) to work on /home/airflow/sandbox/lib/python3.8/site-packages/airflow/example_dags/tutorial.py
[2022-01-03 20:36:28,082] {scheduler_job.py:633} INFO - Processing file /home/airflow/sandbox/lib/python3.8/site-packages/airflow/example_dags/tutorial.py for tasks to queue
[2022-01-03 20:36:28,088] {logging_mixin.py:104} INFO - [2022-01-03 20:36:28,088] {dagbag.py:487} INFO - Filling up the DagBag from /home/airflow/sandbox/lib/python3.8/site-packages/airflow/example_dags/tutorial.py
[2022-01-03 20:36:28,172] {scheduler_job.py:643} INFO - DAG(s) dict_keys(['tutorial']) retrieved from /home/airflow/sandbox/lib/python3.8/site-packages/airflow/example_dags/tutorial.py
[2022-01-03 20:36:28,260] {logging_mixin.py:104} INFO - [2022-01-03 20:36:28,260] {dag.py:1832} INFO - Sync 1 DAGs
[2022-01-03 20:36:28,307] {logging_mixin.py:104} INFO - [2022-01-03 20:36:28,307] {dag.py:2305} INFO - Setting next_dagrun for tutorial to 2022-01-01 00:00:00+00:00
[2022-01-03 20:36:28,319] {scheduler_job.py:190} INFO - Processing /home/airflow/sandbox/lib/python3.8/site-packages/airflow/example_dags/tutorial.py took 0.249 seconds
[2022-01-03 20:36:58,513] {scheduler_job.py:182} INFO - Started process (PID=12512) to work on /home/airflow/sandbox/lib/python3.8/site-packages/airflow/example_dags/tutorial.py
[2022-01-03 20:36:58,515] {scheduler_job.py:633} INFO - Processing file /home/airflow/sandbox/lib/python3.8/site-packages/airflow/example_dags/tutorial.py for tasks to queue
[2022-01-03 20:36:58,516] {logging_mixin.py:104} INFO - [2022-01-03 20:36:58,516] {dagbag.py:487} INFO - Filling up the DagBag from /home/airflow/sandbox/lib/python3.8/site-packages/airflow/example_dags/tutorial.py
[2022-01-03 20:36:58,530] {scheduler_job.py:643} INFO - DAG(s) dict_keys(['tutorial']) retrieved from /home/airflow/sandbox/lib/python3.8/site-packages/airflow/example_dags/tutorial.py
[2022-01-03 20:36:58,583] {logging_mixin.py:104} INFO - [2022-01-03 20:36:58,583] {dag.py:1832} INFO - Sync 1 DAGs
[2022-01-03 20:36:58,658] {logging_mixin.py:104} INFO - [2022-01-03 20:36:58,657] {dag.py:2305} INFO - Setting next_dagrun for tutorial to 2022-01-01 00:00:00+00:00
[2022-01-03 20:36:58,673] {scheduler_job.py:190} INFO - Processing /home/airflow/sandbox/lib/python3.8/site-packages/airflow/example_dags/tutorial.py took 0.166 seconds
[2022-01-03 20:37:28,870] {scheduler_job.py:182} INFO - Started process (PID=12711) to work on /home/airflow/sandbox/lib/python3.8/site-packages/airflow/example_dags/tutorial.py
[2022-01-03 20:37:28,872] {scheduler_job.py:633} INFO - Processing file /home/airflow/sandbox/lib/python3.8/site-packages/airflow/example_dags/tutorial.py for tasks to queue
[2022-01-03 20:37:28,874] {logging_mixin.py:104} INFO - [2022-01-03 20:37:28,873] {dagbag.py:487} INFO - Filling up the DagBag from /home/airflow/sandbox/lib/python3.8/site-packages/airflow/example_dags/tutorial.py
[2022-01-03 20:37:28,907] {scheduler_job.py:643} INFO - DAG(s) dict_keys(['tutorial']) retrieved from /home/airflow/sandbox/lib/python3.8/site-packages/airflow/example_dags/tutorial.py
[2022-01-03 20:37:28,956] {logging_mixin.py:104} INFO - [2022-01-03 20:37:28,956] {dag.py:1832} INFO - Sync 1 DAGs
[2022-01-03 20:37:28,970] {logging_mixin.py:104} INFO - [2022-01-03 20:37:28,970] {dag.py:2305} INFO - Setting next_dagrun for tutorial to 2022-01-01 00:00:00+00:00
[2022-01-03 20:37:28,985] {scheduler_job.py:190} INFO - Processing /home/airflow/sandbox/lib/python3.8/site-packages/airflow/example_dags/tutorial.py took 0.125 seconds
[2022-01-03 20:37:59,381] {scheduler_job.py:182} INFO - Started process (PID=13154) to work on /home/airflow/sandbox/lib/python3.8/site-packages/airflow/example_dags/tutorial.py
[2022-01-03 20:37:59,385] {scheduler_job.py:633} INFO - Processing file /home/airflow/sandbox/lib/python3.8/site-packages/airflow/example_dags/tutorial.py for tasks to queue
[2022-01-03 20:37:59,394] {logging_mixin.py:104} INFO - [2022-01-03 20:37:59,394] {dagbag.py:487} INFO - Filling up the DagBag from /home/airflow/sandbox/lib/python3.8/site-packages/airflow/example_dags/tutorial.py
[2022-01-03 20:37:59,403] {scheduler_job.py:643} INFO - DAG(s) dict_keys(['tutorial']) retrieved from /home/airflow/sandbox/lib/python3.8/site-packages/airflow/example_dags/tutorial.py
[2022-01-03 20:37:59,479] {logging_mixin.py:104} INFO - [2022-01-03 20:37:59,479] {dag.py:1832} INFO - Sync 1 DAGs
[2022-01-03 20:37:59,501] {logging_mixin.py:104} INFO - [2022-01-03 20:37:59,501] {dag.py:2305} INFO - Setting next_dagrun for tutorial to 2022-01-01 00:00:00+00:00
[2022-01-03 20:37:59,515] {scheduler_job.py:190} INFO - Processing /home/airflow/sandbox/lib/python3.8/site-packages/airflow/example_dags/tutorial.py took 0.144 seconds
[2022-01-03 20:38:30,080] {scheduler_job.py:182} INFO - Started process (PID=13354) to work on /home/airflow/sandbox/lib/python3.8/site-packages/airflow/example_dags/tutorial.py
[2022-01-03 20:38:30,081] {scheduler_job.py:633} INFO - Processing file /home/airflow/sandbox/lib/python3.8/site-packages/airflow/example_dags/tutorial.py for tasks to queue
[2022-01-03 20:38:30,083] {logging_mixin.py:104} INFO - [2022-01-03 20:38:30,082] {dagbag.py:487} INFO - Filling up the DagBag from /home/airflow/sandbox/lib/python3.8/site-packages/airflow/example_dags/tutorial.py
[2022-01-03 20:38:30,114] {scheduler_job.py:643} INFO - DAG(s) dict_keys(['tutorial']) retrieved from /home/airflow/sandbox/lib/python3.8/site-packages/airflow/example_dags/tutorial.py
[2022-01-03 20:38:30,150] {logging_mixin.py:104} INFO - [2022-01-03 20:38:30,150] {dag.py:1832} INFO - Sync 1 DAGs
[2022-01-03 20:38:30,167] {logging_mixin.py:104} INFO - [2022-01-03 20:38:30,167] {dag.py:2305} INFO - Setting next_dagrun for tutorial to 2022-01-01 00:00:00+00:00
[2022-01-03 20:38:30,182] {scheduler_job.py:190} INFO - Processing /home/airflow/sandbox/lib/python3.8/site-packages/airflow/example_dags/tutorial.py took 0.106 seconds
[2022-01-03 20:39:00,424] {scheduler_job.py:182} INFO - Started process (PID=13553) to work on /home/airflow/sandbox/lib/python3.8/site-packages/airflow/example_dags/tutorial.py
[2022-01-03 20:39:00,425] {scheduler_job.py:633} INFO - Processing file /home/airflow/sandbox/lib/python3.8/site-packages/airflow/example_dags/tutorial.py for tasks to queue
[2022-01-03 20:39:00,426] {logging_mixin.py:104} INFO - [2022-01-03 20:39:00,425] {dagbag.py:487} INFO - Filling up the DagBag from /home/airflow/sandbox/lib/python3.8/site-packages/airflow/example_dags/tutorial.py
[2022-01-03 20:39:00,444] {scheduler_job.py:643} INFO - DAG(s) dict_keys(['tutorial']) retrieved from /home/airflow/sandbox/lib/python3.8/site-packages/airflow/example_dags/tutorial.py
[2022-01-03 20:39:00,496] {logging_mixin.py:104} INFO - [2022-01-03 20:39:00,496] {dag.py:1832} INFO - Sync 1 DAGs
[2022-01-03 20:39:00,510] {logging_mixin.py:104} INFO - [2022-01-03 20:39:00,510] {dag.py:2305} INFO - Setting next_dagrun for tutorial to 2022-01-01 00:00:00+00:00
[2022-01-03 20:39:00,522] {scheduler_job.py:190} INFO - Processing /home/airflow/sandbox/lib/python3.8/site-packages/airflow/example_dags/tutorial.py took 0.101 seconds
[2022-01-03 20:39:30,958] {scheduler_job.py:182} INFO - Started process (PID=13752) to work on /home/airflow/sandbox/lib/python3.8/site-packages/airflow/example_dags/tutorial.py
[2022-01-03 20:39:30,961] {scheduler_job.py:633} INFO - Processing file /home/airflow/sandbox/lib/python3.8/site-packages/airflow/example_dags/tutorial.py for tasks to queue
[2022-01-03 20:39:30,963] {logging_mixin.py:104} INFO - [2022-01-03 20:39:30,963] {dagbag.py:487} INFO - Filling up the DagBag from /home/airflow/sandbox/lib/python3.8/site-packages/airflow/example_dags/tutorial.py
[2022-01-03 20:39:31,029] {scheduler_job.py:643} INFO - DAG(s) dict_keys(['tutorial']) retrieved from /home/airflow/sandbox/lib/python3.8/site-packages/airflow/example_dags/tutorial.py
[2022-01-03 20:39:31,209] {logging_mixin.py:104} INFO - [2022-01-03 20:39:31,208] {dag.py:1832} INFO - Sync 1 DAGs
[2022-01-03 20:39:31,313] {logging_mixin.py:104} INFO - [2022-01-03 20:39:31,313] {dag.py:2305} INFO - Setting next_dagrun for tutorial to 2022-01-01 00:00:00+00:00
[2022-01-03 20:39:31,349] {scheduler_job.py:190} INFO - Processing /home/airflow/sandbox/lib/python3.8/site-packages/airflow/example_dags/tutorial.py took 0.403 seconds
[2022-01-03 20:40:01,855] {scheduler_job.py:182} INFO - Started process (PID=13951) to work on /home/airflow/sandbox/lib/python3.8/site-packages/airflow/example_dags/tutorial.py
[2022-01-03 20:40:01,857] {scheduler_job.py:633} INFO - Processing file /home/airflow/sandbox/lib/python3.8/site-packages/airflow/example_dags/tutorial.py for tasks to queue
[2022-01-03 20:40:01,857] {logging_mixin.py:104} INFO - [2022-01-03 20:40:01,857] {dagbag.py:487} INFO - Filling up the DagBag from /home/airflow/sandbox/lib/python3.8/site-packages/airflow/example_dags/tutorial.py
[2022-01-03 20:40:01,876] {scheduler_job.py:643} INFO - DAG(s) dict_keys(['tutorial']) retrieved from /home/airflow/sandbox/lib/python3.8/site-packages/airflow/example_dags/tutorial.py
[2022-01-03 20:40:01,922] {logging_mixin.py:104} INFO - [2022-01-03 20:40:01,922] {dag.py:1832} INFO - Sync 1 DAGs
[2022-01-03 20:40:01,956] {logging_mixin.py:104} INFO - [2022-01-03 20:40:01,956] {dag.py:2305} INFO - Setting next_dagrun for tutorial to 2022-01-01 00:00:00+00:00
[2022-01-03 20:40:01,965] {scheduler_job.py:190} INFO - Processing /home/airflow/sandbox/lib/python3.8/site-packages/airflow/example_dags/tutorial.py took 0.113 seconds
[2022-01-03 20:40:32,017] {scheduler_job.py:182} INFO - Started process (PID=14150) to work on /home/airflow/sandbox/lib/python3.8/site-packages/airflow/example_dags/tutorial.py
[2022-01-03 20:40:32,017] {scheduler_job.py:633} INFO - Processing file /home/airflow/sandbox/lib/python3.8/site-packages/airflow/example_dags/tutorial.py for tasks to queue
[2022-01-03 20:40:32,018] {logging_mixin.py:104} INFO - [2022-01-03 20:40:32,018] {dagbag.py:487} INFO - Filling up the DagBag from /home/airflow/sandbox/lib/python3.8/site-packages/airflow/example_dags/tutorial.py
[2022-01-03 20:40:32,028] {scheduler_job.py:643} INFO - DAG(s) dict_keys(['tutorial']) retrieved from /home/airflow/sandbox/lib/python3.8/site-packages/airflow/example_dags/tutorial.py
[2022-01-03 20:40:32,064] {logging_mixin.py:104} INFO - [2022-01-03 20:40:32,064] {dag.py:1832} INFO - Sync 1 DAGs
[2022-01-03 20:40:32,098] {logging_mixin.py:104} INFO - [2022-01-03 20:40:32,098] {dag.py:2305} INFO - Setting next_dagrun for tutorial to 2022-01-01 00:00:00+00:00
[2022-01-03 20:40:32,117] {scheduler_job.py:190} INFO - Processing /home/airflow/sandbox/lib/python3.8/site-packages/airflow/example_dags/tutorial.py took 0.103 seconds
[2022-01-03 20:41:02,551] {scheduler_job.py:182} INFO - Started process (PID=14349) to work on /home/airflow/sandbox/lib/python3.8/site-packages/airflow/example_dags/tutorial.py
[2022-01-03 20:41:02,553] {scheduler_job.py:633} INFO - Processing file /home/airflow/sandbox/lib/python3.8/site-packages/airflow/example_dags/tutorial.py for tasks to queue
[2022-01-03 20:41:02,554] {logging_mixin.py:104} INFO - [2022-01-03 20:41:02,554] {dagbag.py:487} INFO - Filling up the DagBag from /home/airflow/sandbox/lib/python3.8/site-packages/airflow/example_dags/tutorial.py
[2022-01-03 20:41:02,572] {scheduler_job.py:643} INFO - DAG(s) dict_keys(['tutorial']) retrieved from /home/airflow/sandbox/lib/python3.8/site-packages/airflow/example_dags/tutorial.py
[2022-01-03 20:41:02,619] {logging_mixin.py:104} INFO - [2022-01-03 20:41:02,619] {dag.py:1832} INFO - Sync 1 DAGs
[2022-01-03 20:41:02,671] {logging_mixin.py:104} INFO - [2022-01-03 20:41:02,671] {dag.py:2305} INFO - Setting next_dagrun for tutorial to 2022-01-01 00:00:00+00:00
[2022-01-03 20:41:02,698] {scheduler_job.py:190} INFO - Processing /home/airflow/sandbox/lib/python3.8/site-packages/airflow/example_dags/tutorial.py took 0.157 seconds
[2022-01-03 20:41:33,040] {scheduler_job.py:182} INFO - Started process (PID=14549) to work on /home/airflow/sandbox/lib/python3.8/site-packages/airflow/example_dags/tutorial.py
[2022-01-03 20:41:33,042] {scheduler_job.py:633} INFO - Processing file /home/airflow/sandbox/lib/python3.8/site-packages/airflow/example_dags/tutorial.py for tasks to queue
[2022-01-03 20:41:33,043] {logging_mixin.py:104} INFO - [2022-01-03 20:41:33,042] {dagbag.py:487} INFO - Filling up the DagBag from /home/airflow/sandbox/lib/python3.8/site-packages/airflow/example_dags/tutorial.py
[2022-01-03 20:41:33,058] {scheduler_job.py:643} INFO - DAG(s) dict_keys(['tutorial']) retrieved from /home/airflow/sandbox/lib/python3.8/site-packages/airflow/example_dags/tutorial.py
[2022-01-03 20:41:33,099] {logging_mixin.py:104} INFO - [2022-01-03 20:41:33,099] {dag.py:1832} INFO - Sync 1 DAGs
[2022-01-03 20:41:33,115] {logging_mixin.py:104} INFO - [2022-01-03 20:41:33,115] {dag.py:2305} INFO - Setting next_dagrun for tutorial to 2022-01-01 00:00:00+00:00
[2022-01-03 20:41:33,144] {scheduler_job.py:190} INFO - Processing /home/airflow/sandbox/lib/python3.8/site-packages/airflow/example_dags/tutorial.py took 0.122 seconds
[2022-01-03 20:42:04,053] {scheduler_job.py:182} INFO - Started process (PID=14748) to work on /home/airflow/sandbox/lib/python3.8/site-packages/airflow/example_dags/tutorial.py
[2022-01-03 20:42:04,054] {scheduler_job.py:633} INFO - Processing file /home/airflow/sandbox/lib/python3.8/site-packages/airflow/example_dags/tutorial.py for tasks to queue
[2022-01-03 20:42:04,054] {logging_mixin.py:104} INFO - [2022-01-03 20:42:04,054] {dagbag.py:487} INFO - Filling up the DagBag from /home/airflow/sandbox/lib/python3.8/site-packages/airflow/example_dags/tutorial.py
[2022-01-03 20:42:04,064] {scheduler_job.py:643} INFO - DAG(s) dict_keys(['tutorial']) retrieved from /home/airflow/sandbox/lib/python3.8/site-packages/airflow/example_dags/tutorial.py
[2022-01-03 20:42:04,107] {logging_mixin.py:104} INFO - [2022-01-03 20:42:04,107] {dag.py:1832} INFO - Sync 1 DAGs
[2022-01-03 20:42:04,149] {logging_mixin.py:104} INFO - [2022-01-03 20:42:04,149] {dag.py:2305} INFO - Setting next_dagrun for tutorial to 2022-01-01 00:00:00+00:00
[2022-01-03 20:42:04,167] {scheduler_job.py:190} INFO - Processing /home/airflow/sandbox/lib/python3.8/site-packages/airflow/example_dags/tutorial.py took 0.122 seconds
[2022-01-03 20:42:34,218] {scheduler_job.py:182} INFO - Started process (PID=14947) to work on /home/airflow/sandbox/lib/python3.8/site-packages/airflow/example_dags/tutorial.py
[2022-01-03 20:42:34,220] {scheduler_job.py:633} INFO - Processing file /home/airflow/sandbox/lib/python3.8/site-packages/airflow/example_dags/tutorial.py for tasks to queue
[2022-01-03 20:42:34,221] {logging_mixin.py:104} INFO - [2022-01-03 20:42:34,221] {dagbag.py:487} INFO - Filling up the DagBag from /home/airflow/sandbox/lib/python3.8/site-packages/airflow/example_dags/tutorial.py
[2022-01-03 20:42:34,256] {scheduler_job.py:643} INFO - DAG(s) dict_keys(['tutorial']) retrieved from /home/airflow/sandbox/lib/python3.8/site-packages/airflow/example_dags/tutorial.py
[2022-01-03 20:42:34,303] {logging_mixin.py:104} INFO - [2022-01-03 20:42:34,303] {dag.py:1832} INFO - Sync 1 DAGs
[2022-01-03 20:42:34,336] {logging_mixin.py:104} INFO - [2022-01-03 20:42:34,336] {dag.py:2305} INFO - Setting next_dagrun for tutorial to 2022-01-01 00:00:00+00:00
[2022-01-03 20:42:34,437] {scheduler_job.py:190} INFO - Processing /home/airflow/sandbox/lib/python3.8/site-packages/airflow/example_dags/tutorial.py took 0.226 seconds
[2022-01-03 20:43:04,615] {scheduler_job.py:182} INFO - Started process (PID=15387) to work on /home/airflow/sandbox/lib/python3.8/site-packages/airflow/example_dags/tutorial.py
[2022-01-03 20:43:04,617] {scheduler_job.py:633} INFO - Processing file /home/airflow/sandbox/lib/python3.8/site-packages/airflow/example_dags/tutorial.py for tasks to queue
[2022-01-03 20:43:04,618] {logging_mixin.py:104} INFO - [2022-01-03 20:43:04,618] {dagbag.py:487} INFO - Filling up the DagBag from /home/airflow/sandbox/lib/python3.8/site-packages/airflow/example_dags/tutorial.py
[2022-01-03 20:43:04,641] {scheduler_job.py:643} INFO - DAG(s) dict_keys(['tutorial']) retrieved from /home/airflow/sandbox/lib/python3.8/site-packages/airflow/example_dags/tutorial.py
[2022-01-03 20:43:04,710] {logging_mixin.py:104} INFO - [2022-01-03 20:43:04,710] {dag.py:1832} INFO - Sync 1 DAGs
[2022-01-03 20:43:04,861] {logging_mixin.py:104} INFO - [2022-01-03 20:43:04,861] {dag.py:2305} INFO - Setting next_dagrun for tutorial to 2022-01-01 00:00:00+00:00
[2022-01-03 20:43:04,886] {scheduler_job.py:190} INFO - Processing /home/airflow/sandbox/lib/python3.8/site-packages/airflow/example_dags/tutorial.py took 0.282 seconds
[2022-01-03 20:43:35,355] {scheduler_job.py:182} INFO - Started process (PID=15586) to work on /home/airflow/sandbox/lib/python3.8/site-packages/airflow/example_dags/tutorial.py
[2022-01-03 20:43:35,360] {scheduler_job.py:633} INFO - Processing file /home/airflow/sandbox/lib/python3.8/site-packages/airflow/example_dags/tutorial.py for tasks to queue
[2022-01-03 20:43:35,363] {logging_mixin.py:104} INFO - [2022-01-03 20:43:35,362] {dagbag.py:487} INFO - Filling up the DagBag from /home/airflow/sandbox/lib/python3.8/site-packages/airflow/example_dags/tutorial.py
[2022-01-03 20:43:35,405] {scheduler_job.py:643} INFO - DAG(s) dict_keys(['tutorial']) retrieved from /home/airflow/sandbox/lib/python3.8/site-packages/airflow/example_dags/tutorial.py
[2022-01-03 20:43:35,452] {logging_mixin.py:104} INFO - [2022-01-03 20:43:35,452] {dag.py:1832} INFO - Sync 1 DAGs
[2022-01-03 20:43:35,590] {logging_mixin.py:104} INFO - [2022-01-03 20:43:35,590] {dag.py:2305} INFO - Setting next_dagrun for tutorial to 2022-01-01 00:00:00+00:00
[2022-01-03 20:43:35,605] {scheduler_job.py:190} INFO - Processing /home/airflow/sandbox/lib/python3.8/site-packages/airflow/example_dags/tutorial.py took 0.256 seconds
[2022-01-03 20:44:06,335] {scheduler_job.py:182} INFO - Started process (PID=15786) to work on /home/airflow/sandbox/lib/python3.8/site-packages/airflow/example_dags/tutorial.py
[2022-01-03 20:44:06,337] {scheduler_job.py:633} INFO - Processing file /home/airflow/sandbox/lib/python3.8/site-packages/airflow/example_dags/tutorial.py for tasks to queue
[2022-01-03 20:44:06,338] {logging_mixin.py:104} INFO - [2022-01-03 20:44:06,338] {dagbag.py:487} INFO - Filling up the DagBag from /home/airflow/sandbox/lib/python3.8/site-packages/airflow/example_dags/tutorial.py
[2022-01-03 20:44:06,352] {scheduler_job.py:643} INFO - DAG(s) dict_keys(['tutorial']) retrieved from /home/airflow/sandbox/lib/python3.8/site-packages/airflow/example_dags/tutorial.py
[2022-01-03 20:44:06,388] {logging_mixin.py:104} INFO - [2022-01-03 20:44:06,388] {dag.py:1832} INFO - Sync 1 DAGs
[2022-01-03 20:44:06,536] {logging_mixin.py:104} INFO - [2022-01-03 20:44:06,536] {dag.py:2305} INFO - Setting next_dagrun for tutorial to 2022-01-01 00:00:00+00:00
[2022-01-03 20:44:06,550] {scheduler_job.py:190} INFO - Processing /home/airflow/sandbox/lib/python3.8/site-packages/airflow/example_dags/tutorial.py took 0.221 seconds
[2022-01-03 20:44:36,913] {scheduler_job.py:182} INFO - Started process (PID=15985) to work on /home/airflow/sandbox/lib/python3.8/site-packages/airflow/example_dags/tutorial.py
[2022-01-03 20:44:36,917] {scheduler_job.py:633} INFO - Processing file /home/airflow/sandbox/lib/python3.8/site-packages/airflow/example_dags/tutorial.py for tasks to queue
[2022-01-03 20:44:36,918] {logging_mixin.py:104} INFO - [2022-01-03 20:44:36,918] {dagbag.py:487} INFO - Filling up the DagBag from /home/airflow/sandbox/lib/python3.8/site-packages/airflow/example_dags/tutorial.py
[2022-01-03 20:44:36,960] {scheduler_job.py:643} INFO - DAG(s) dict_keys(['tutorial']) retrieved from /home/airflow/sandbox/lib/python3.8/site-packages/airflow/example_dags/tutorial.py
[2022-01-03 20:44:37,007] {logging_mixin.py:104} INFO - [2022-01-03 20:44:37,007] {dag.py:1832} INFO - Sync 1 DAGs
[2022-01-03 20:44:37,185] {logging_mixin.py:104} INFO - [2022-01-03 20:44:37,184] {dag.py:2305} INFO - Setting next_dagrun for tutorial to 2022-01-01 00:00:00+00:00
[2022-01-03 20:44:37,198] {scheduler_job.py:190} INFO - Processing /home/airflow/sandbox/lib/python3.8/site-packages/airflow/example_dags/tutorial.py took 0.288 seconds
[2022-01-03 20:45:08,499] {scheduler_job.py:182} INFO - Started process (PID=16277) to work on /home/airflow/sandbox/lib/python3.8/site-packages/airflow/example_dags/tutorial.py
[2022-01-03 20:45:08,500] {scheduler_job.py:633} INFO - Processing file /home/airflow/sandbox/lib/python3.8/site-packages/airflow/example_dags/tutorial.py for tasks to queue
[2022-01-03 20:45:08,500] {logging_mixin.py:104} INFO - [2022-01-03 20:45:08,500] {dagbag.py:487} INFO - Filling up the DagBag from /home/airflow/sandbox/lib/python3.8/site-packages/airflow/example_dags/tutorial.py
[2022-01-03 20:45:08,559] {scheduler_job.py:643} INFO - DAG(s) dict_keys(['tutorial']) retrieved from /home/airflow/sandbox/lib/python3.8/site-packages/airflow/example_dags/tutorial.py
[2022-01-03 20:45:08,963] {logging_mixin.py:104} INFO - [2022-01-03 20:45:08,963] {dag.py:1832} INFO - Sync 1 DAGs
[2022-01-03 20:45:09,134] {logging_mixin.py:104} INFO - [2022-01-03 20:45:09,134] {dag.py:2305} INFO - Setting next_dagrun for tutorial to 2022-01-01 00:00:00+00:00
[2022-01-03 20:45:09,165] {scheduler_job.py:190} INFO - Processing /home/airflow/sandbox/lib/python3.8/site-packages/airflow/example_dags/tutorial.py took 0.678 seconds
