[2022-01-03 20:18:37,957] {scheduler_job.py:182} INFO - Started process (PID=2905) to work on /home/airflow/sandbox/lib/python3.8/site-packages/airflow/example_dags/tutorial_etl_dag.py
[2022-01-03 20:18:37,958] {scheduler_job.py:633} INFO - Processing file /home/airflow/sandbox/lib/python3.8/site-packages/airflow/example_dags/tutorial_etl_dag.py for tasks to queue
[2022-01-03 20:18:37,958] {logging_mixin.py:104} INFO - [2022-01-03 20:18:37,958] {dagbag.py:487} INFO - Filling up the DagBag from /home/airflow/sandbox/lib/python3.8/site-packages/airflow/example_dags/tutorial_etl_dag.py
[2022-01-03 20:18:37,988] {scheduler_job.py:643} INFO - DAG(s) dict_keys(['tutorial_etl_dag']) retrieved from /home/airflow/sandbox/lib/python3.8/site-packages/airflow/example_dags/tutorial_etl_dag.py
[2022-01-03 20:18:38,645] {logging_mixin.py:104} INFO - [2022-01-03 20:18:38,645] {dag.py:1832} INFO - Sync 1 DAGs
[2022-01-03 20:18:38,661] {logging_mixin.py:104} INFO - [2022-01-03 20:18:38,661] {dag.py:2305} INFO - Setting next_dagrun for tutorial_etl_dag to None
[2022-01-03 20:18:38,710] {scheduler_job.py:190} INFO - Processing /home/airflow/sandbox/lib/python3.8/site-packages/airflow/example_dags/tutorial_etl_dag.py took 0.756 seconds
[2022-01-03 20:19:57,085] {scheduler_job.py:182} INFO - Started process (PID=3479) to work on /home/airflow/sandbox/lib/python3.8/site-packages/airflow/example_dags/tutorial_etl_dag.py
[2022-01-03 20:19:57,085] {scheduler_job.py:633} INFO - Processing file /home/airflow/sandbox/lib/python3.8/site-packages/airflow/example_dags/tutorial_etl_dag.py for tasks to queue
[2022-01-03 20:19:57,086] {logging_mixin.py:104} INFO - [2022-01-03 20:19:57,086] {dagbag.py:487} INFO - Filling up the DagBag from /home/airflow/sandbox/lib/python3.8/site-packages/airflow/example_dags/tutorial_etl_dag.py
[2022-01-03 20:19:57,106] {scheduler_job.py:643} INFO - DAG(s) dict_keys(['tutorial_etl_dag']) retrieved from /home/airflow/sandbox/lib/python3.8/site-packages/airflow/example_dags/tutorial_etl_dag.py
[2022-01-03 20:19:57,152] {logging_mixin.py:104} INFO - [2022-01-03 20:19:57,152] {dag.py:1832} INFO - Sync 1 DAGs
[2022-01-03 20:19:57,190] {logging_mixin.py:104} INFO - [2022-01-03 20:19:57,190] {dag.py:2305} INFO - Setting next_dagrun for tutorial_etl_dag to None
[2022-01-03 20:19:57,204] {scheduler_job.py:190} INFO - Processing /home/airflow/sandbox/lib/python3.8/site-packages/airflow/example_dags/tutorial_etl_dag.py took 0.139 seconds
[2022-01-03 20:20:37,949] {scheduler_job.py:182} INFO - Started process (PID=3513) to work on /home/airflow/sandbox/lib/python3.8/site-packages/airflow/example_dags/tutorial_etl_dag.py
[2022-01-03 20:20:37,950] {scheduler_job.py:633} INFO - Processing file /home/airflow/sandbox/lib/python3.8/site-packages/airflow/example_dags/tutorial_etl_dag.py for tasks to queue
[2022-01-03 20:20:37,951] {logging_mixin.py:104} INFO - [2022-01-03 20:20:37,951] {dagbag.py:487} INFO - Filling up the DagBag from /home/airflow/sandbox/lib/python3.8/site-packages/airflow/example_dags/tutorial_etl_dag.py
[2022-01-03 20:20:37,964] {scheduler_job.py:643} INFO - DAG(s) dict_keys(['tutorial_etl_dag']) retrieved from /home/airflow/sandbox/lib/python3.8/site-packages/airflow/example_dags/tutorial_etl_dag.py
[2022-01-03 20:20:38,006] {logging_mixin.py:104} INFO - [2022-01-03 20:20:38,006] {dag.py:1832} INFO - Sync 1 DAGs
[2022-01-03 20:20:38,042] {logging_mixin.py:104} INFO - [2022-01-03 20:20:38,042] {dag.py:2305} INFO - Setting next_dagrun for tutorial_etl_dag to None
[2022-01-03 20:20:38,059] {scheduler_job.py:190} INFO - Processing /home/airflow/sandbox/lib/python3.8/site-packages/airflow/example_dags/tutorial_etl_dag.py took 0.114 seconds
[2022-01-03 20:21:16,508] {scheduler_job.py:182} INFO - Started process (PID=3546) to work on /home/airflow/sandbox/lib/python3.8/site-packages/airflow/example_dags/tutorial_etl_dag.py
[2022-01-03 20:21:16,510] {scheduler_job.py:633} INFO - Processing file /home/airflow/sandbox/lib/python3.8/site-packages/airflow/example_dags/tutorial_etl_dag.py for tasks to queue
[2022-01-03 20:21:16,510] {logging_mixin.py:104} INFO - [2022-01-03 20:21:16,510] {dagbag.py:487} INFO - Filling up the DagBag from /home/airflow/sandbox/lib/python3.8/site-packages/airflow/example_dags/tutorial_etl_dag.py
[2022-01-03 20:21:16,539] {scheduler_job.py:643} INFO - DAG(s) dict_keys(['tutorial_etl_dag']) retrieved from /home/airflow/sandbox/lib/python3.8/site-packages/airflow/example_dags/tutorial_etl_dag.py
[2022-01-03 20:21:16,554] {logging_mixin.py:104} INFO - [2022-01-03 20:21:16,554] {dag.py:1832} INFO - Sync 1 DAGs
[2022-01-03 20:21:16,563] {logging_mixin.py:104} INFO - [2022-01-03 20:21:16,563] {dag.py:2305} INFO - Setting next_dagrun for tutorial_etl_dag to None
[2022-01-03 20:21:16,599] {scheduler_job.py:190} INFO - Processing /home/airflow/sandbox/lib/python3.8/site-packages/airflow/example_dags/tutorial_etl_dag.py took 0.096 seconds
[2022-01-03 20:21:52,094] {scheduler_job.py:182} INFO - Started process (PID=3619) to work on /home/airflow/sandbox/lib/python3.8/site-packages/airflow/example_dags/tutorial_etl_dag.py
[2022-01-03 20:21:52,095] {scheduler_job.py:633} INFO - Processing file /home/airflow/sandbox/lib/python3.8/site-packages/airflow/example_dags/tutorial_etl_dag.py for tasks to queue
[2022-01-03 20:21:52,096] {logging_mixin.py:104} INFO - [2022-01-03 20:21:52,096] {dagbag.py:487} INFO - Filling up the DagBag from /home/airflow/sandbox/lib/python3.8/site-packages/airflow/example_dags/tutorial_etl_dag.py
[2022-01-03 20:21:52,131] {scheduler_job.py:643} INFO - DAG(s) dict_keys(['tutorial_etl_dag']) retrieved from /home/airflow/sandbox/lib/python3.8/site-packages/airflow/example_dags/tutorial_etl_dag.py
[2022-01-03 20:21:52,150] {logging_mixin.py:104} INFO - [2022-01-03 20:21:52,150] {dag.py:1832} INFO - Sync 1 DAGs
[2022-01-03 20:21:52,190] {logging_mixin.py:104} INFO - [2022-01-03 20:21:52,190] {dag.py:2305} INFO - Setting next_dagrun for tutorial_etl_dag to None
[2022-01-03 20:21:52,214] {scheduler_job.py:190} INFO - Processing /home/airflow/sandbox/lib/python3.8/site-packages/airflow/example_dags/tutorial_etl_dag.py took 0.126 seconds
[2022-01-03 20:22:29,841] {scheduler_job.py:182} INFO - Started process (PID=3650) to work on /home/airflow/sandbox/lib/python3.8/site-packages/airflow/example_dags/tutorial_etl_dag.py
[2022-01-03 20:22:29,843] {scheduler_job.py:633} INFO - Processing file /home/airflow/sandbox/lib/python3.8/site-packages/airflow/example_dags/tutorial_etl_dag.py for tasks to queue
[2022-01-03 20:22:29,843] {logging_mixin.py:104} INFO - [2022-01-03 20:22:29,843] {dagbag.py:487} INFO - Filling up the DagBag from /home/airflow/sandbox/lib/python3.8/site-packages/airflow/example_dags/tutorial_etl_dag.py
[2022-01-03 20:22:29,854] {scheduler_job.py:643} INFO - DAG(s) dict_keys(['tutorial_etl_dag']) retrieved from /home/airflow/sandbox/lib/python3.8/site-packages/airflow/example_dags/tutorial_etl_dag.py
[2022-01-03 20:22:29,882] {logging_mixin.py:104} INFO - [2022-01-03 20:22:29,882] {dag.py:1832} INFO - Sync 1 DAGs
[2022-01-03 20:22:29,895] {logging_mixin.py:104} INFO - [2022-01-03 20:22:29,895] {dag.py:2305} INFO - Setting next_dagrun for tutorial_etl_dag to None
[2022-01-03 20:22:29,914] {scheduler_job.py:190} INFO - Processing /home/airflow/sandbox/lib/python3.8/site-packages/airflow/example_dags/tutorial_etl_dag.py took 0.080 seconds
[2022-01-03 20:23:08,156] {scheduler_job.py:182} INFO - Started process (PID=3787) to work on /home/airflow/sandbox/lib/python3.8/site-packages/airflow/example_dags/tutorial_etl_dag.py
[2022-01-03 20:23:08,157] {scheduler_job.py:633} INFO - Processing file /home/airflow/sandbox/lib/python3.8/site-packages/airflow/example_dags/tutorial_etl_dag.py for tasks to queue
[2022-01-03 20:23:08,158] {logging_mixin.py:104} INFO - [2022-01-03 20:23:08,158] {dagbag.py:487} INFO - Filling up the DagBag from /home/airflow/sandbox/lib/python3.8/site-packages/airflow/example_dags/tutorial_etl_dag.py
[2022-01-03 20:23:08,185] {scheduler_job.py:643} INFO - DAG(s) dict_keys(['tutorial_etl_dag']) retrieved from /home/airflow/sandbox/lib/python3.8/site-packages/airflow/example_dags/tutorial_etl_dag.py
[2022-01-03 20:23:08,204] {logging_mixin.py:104} INFO - [2022-01-03 20:23:08,204] {dag.py:1832} INFO - Sync 1 DAGs
[2022-01-03 20:23:08,237] {logging_mixin.py:104} INFO - [2022-01-03 20:23:08,237] {dag.py:2305} INFO - Setting next_dagrun for tutorial_etl_dag to None
[2022-01-03 20:23:08,250] {scheduler_job.py:190} INFO - Processing /home/airflow/sandbox/lib/python3.8/site-packages/airflow/example_dags/tutorial_etl_dag.py took 0.097 seconds
[2022-01-03 20:23:51,136] {scheduler_job.py:182} INFO - Started process (PID=4343) to work on /home/airflow/sandbox/lib/python3.8/site-packages/airflow/example_dags/tutorial_etl_dag.py
[2022-01-03 20:23:51,137] {scheduler_job.py:633} INFO - Processing file /home/airflow/sandbox/lib/python3.8/site-packages/airflow/example_dags/tutorial_etl_dag.py for tasks to queue
[2022-01-03 20:23:51,137] {logging_mixin.py:104} INFO - [2022-01-03 20:23:51,137] {dagbag.py:487} INFO - Filling up the DagBag from /home/airflow/sandbox/lib/python3.8/site-packages/airflow/example_dags/tutorial_etl_dag.py
[2022-01-03 20:23:51,147] {scheduler_job.py:643} INFO - DAG(s) dict_keys(['tutorial_etl_dag']) retrieved from /home/airflow/sandbox/lib/python3.8/site-packages/airflow/example_dags/tutorial_etl_dag.py
[2022-01-03 20:23:51,181] {logging_mixin.py:104} INFO - [2022-01-03 20:23:51,181] {dag.py:1832} INFO - Sync 1 DAGs
[2022-01-03 20:23:51,204] {logging_mixin.py:104} INFO - [2022-01-03 20:23:51,204] {dag.py:2305} INFO - Setting next_dagrun for tutorial_etl_dag to None
[2022-01-03 20:23:51,232] {scheduler_job.py:190} INFO - Processing /home/airflow/sandbox/lib/python3.8/site-packages/airflow/example_dags/tutorial_etl_dag.py took 0.098 seconds
[2022-01-03 20:24:30,272] {scheduler_job.py:182} INFO - Started process (PID=4446) to work on /home/airflow/sandbox/lib/python3.8/site-packages/airflow/example_dags/tutorial_etl_dag.py
[2022-01-03 20:24:30,272] {scheduler_job.py:633} INFO - Processing file /home/airflow/sandbox/lib/python3.8/site-packages/airflow/example_dags/tutorial_etl_dag.py for tasks to queue
[2022-01-03 20:24:30,273] {logging_mixin.py:104} INFO - [2022-01-03 20:24:30,273] {dagbag.py:487} INFO - Filling up the DagBag from /home/airflow/sandbox/lib/python3.8/site-packages/airflow/example_dags/tutorial_etl_dag.py
[2022-01-03 20:24:30,289] {scheduler_job.py:643} INFO - DAG(s) dict_keys(['tutorial_etl_dag']) retrieved from /home/airflow/sandbox/lib/python3.8/site-packages/airflow/example_dags/tutorial_etl_dag.py
[2022-01-03 20:24:30,307] {logging_mixin.py:104} INFO - [2022-01-03 20:24:30,307] {dag.py:1832} INFO - Sync 1 DAGs
[2022-01-03 20:24:30,318] {logging_mixin.py:104} INFO - [2022-01-03 20:24:30,318] {dag.py:2305} INFO - Setting next_dagrun for tutorial_etl_dag to None
[2022-01-03 20:24:30,336] {scheduler_job.py:190} INFO - Processing /home/airflow/sandbox/lib/python3.8/site-packages/airflow/example_dags/tutorial_etl_dag.py took 0.068 seconds
[2022-01-03 20:25:13,155] {scheduler_job.py:182} INFO - Started process (PID=5668) to work on /home/airflow/sandbox/lib/python3.8/site-packages/airflow/example_dags/tutorial_etl_dag.py
[2022-01-03 20:25:13,157] {scheduler_job.py:633} INFO - Processing file /home/airflow/sandbox/lib/python3.8/site-packages/airflow/example_dags/tutorial_etl_dag.py for tasks to queue
[2022-01-03 20:25:13,158] {logging_mixin.py:104} INFO - [2022-01-03 20:25:13,158] {dagbag.py:487} INFO - Filling up the DagBag from /home/airflow/sandbox/lib/python3.8/site-packages/airflow/example_dags/tutorial_etl_dag.py
[2022-01-03 20:25:13,194] {scheduler_job.py:643} INFO - DAG(s) dict_keys(['tutorial_etl_dag']) retrieved from /home/airflow/sandbox/lib/python3.8/site-packages/airflow/example_dags/tutorial_etl_dag.py
[2022-01-03 20:25:13,229] {logging_mixin.py:104} INFO - [2022-01-03 20:25:13,229] {dag.py:1832} INFO - Sync 1 DAGs
[2022-01-03 20:25:13,236] {logging_mixin.py:104} INFO - [2022-01-03 20:25:13,236] {dag.py:2305} INFO - Setting next_dagrun for tutorial_etl_dag to None
[2022-01-03 20:25:13,252] {scheduler_job.py:190} INFO - Processing /home/airflow/sandbox/lib/python3.8/site-packages/airflow/example_dags/tutorial_etl_dag.py took 0.104 seconds
[2022-01-03 20:25:49,747] {scheduler_job.py:182} INFO - Started process (PID=7927) to work on /home/airflow/sandbox/lib/python3.8/site-packages/airflow/example_dags/tutorial_etl_dag.py
[2022-01-03 20:25:49,748] {scheduler_job.py:633} INFO - Processing file /home/airflow/sandbox/lib/python3.8/site-packages/airflow/example_dags/tutorial_etl_dag.py for tasks to queue
[2022-01-03 20:25:49,749] {logging_mixin.py:104} INFO - [2022-01-03 20:25:49,749] {dagbag.py:487} INFO - Filling up the DagBag from /home/airflow/sandbox/lib/python3.8/site-packages/airflow/example_dags/tutorial_etl_dag.py
[2022-01-03 20:25:49,777] {scheduler_job.py:643} INFO - DAG(s) dict_keys(['tutorial_etl_dag']) retrieved from /home/airflow/sandbox/lib/python3.8/site-packages/airflow/example_dags/tutorial_etl_dag.py
[2022-01-03 20:25:49,797] {logging_mixin.py:104} INFO - [2022-01-03 20:25:49,796] {dag.py:1832} INFO - Sync 1 DAGs
[2022-01-03 20:25:49,804] {logging_mixin.py:104} INFO - [2022-01-03 20:25:49,803] {dag.py:2305} INFO - Setting next_dagrun for tutorial_etl_dag to None
[2022-01-03 20:25:49,835] {scheduler_job.py:190} INFO - Processing /home/airflow/sandbox/lib/python3.8/site-packages/airflow/example_dags/tutorial_etl_dag.py took 0.092 seconds
[2022-01-03 20:26:29,932] {scheduler_job.py:182} INFO - Started process (PID=8186) to work on /home/airflow/sandbox/lib/python3.8/site-packages/airflow/example_dags/tutorial_etl_dag.py
[2022-01-03 20:26:29,934] {scheduler_job.py:633} INFO - Processing file /home/airflow/sandbox/lib/python3.8/site-packages/airflow/example_dags/tutorial_etl_dag.py for tasks to queue
[2022-01-03 20:26:29,934] {logging_mixin.py:104} INFO - [2022-01-03 20:26:29,934] {dagbag.py:487} INFO - Filling up the DagBag from /home/airflow/sandbox/lib/python3.8/site-packages/airflow/example_dags/tutorial_etl_dag.py
[2022-01-03 20:26:29,948] {scheduler_job.py:643} INFO - DAG(s) dict_keys(['tutorial_etl_dag']) retrieved from /home/airflow/sandbox/lib/python3.8/site-packages/airflow/example_dags/tutorial_etl_dag.py
[2022-01-03 20:26:29,983] {logging_mixin.py:104} INFO - [2022-01-03 20:26:29,983] {dag.py:1832} INFO - Sync 1 DAGs
[2022-01-03 20:26:30,005] {logging_mixin.py:104} INFO - [2022-01-03 20:26:30,005] {dag.py:2305} INFO - Setting next_dagrun for tutorial_etl_dag to None
[2022-01-03 20:26:30,043] {scheduler_job.py:190} INFO - Processing /home/airflow/sandbox/lib/python3.8/site-packages/airflow/example_dags/tutorial_etl_dag.py took 0.114 seconds
[2022-01-03 20:27:09,089] {scheduler_job.py:182} INFO - Started process (PID=8399) to work on /home/airflow/sandbox/lib/python3.8/site-packages/airflow/example_dags/tutorial_etl_dag.py
[2022-01-03 20:27:09,091] {scheduler_job.py:633} INFO - Processing file /home/airflow/sandbox/lib/python3.8/site-packages/airflow/example_dags/tutorial_etl_dag.py for tasks to queue
[2022-01-03 20:27:09,092] {logging_mixin.py:104} INFO - [2022-01-03 20:27:09,091] {dagbag.py:487} INFO - Filling up the DagBag from /home/airflow/sandbox/lib/python3.8/site-packages/airflow/example_dags/tutorial_etl_dag.py
[2022-01-03 20:27:09,127] {scheduler_job.py:643} INFO - DAG(s) dict_keys(['tutorial_etl_dag']) retrieved from /home/airflow/sandbox/lib/python3.8/site-packages/airflow/example_dags/tutorial_etl_dag.py
[2022-01-03 20:27:09,145] {logging_mixin.py:104} INFO - [2022-01-03 20:27:09,145] {dag.py:1832} INFO - Sync 1 DAGs
[2022-01-03 20:27:09,157] {logging_mixin.py:104} INFO - [2022-01-03 20:27:09,157] {dag.py:2305} INFO - Setting next_dagrun for tutorial_etl_dag to None
[2022-01-03 20:27:09,198] {scheduler_job.py:190} INFO - Processing /home/airflow/sandbox/lib/python3.8/site-packages/airflow/example_dags/tutorial_etl_dag.py took 0.113 seconds
[2022-01-03 20:27:53,631] {scheduler_job.py:182} INFO - Started process (PID=8558) to work on /home/airflow/sandbox/lib/python3.8/site-packages/airflow/example_dags/tutorial_etl_dag.py
[2022-01-03 20:27:53,637] {scheduler_job.py:633} INFO - Processing file /home/airflow/sandbox/lib/python3.8/site-packages/airflow/example_dags/tutorial_etl_dag.py for tasks to queue
[2022-01-03 20:27:53,638] {logging_mixin.py:104} INFO - [2022-01-03 20:27:53,638] {dagbag.py:487} INFO - Filling up the DagBag from /home/airflow/sandbox/lib/python3.8/site-packages/airflow/example_dags/tutorial_etl_dag.py
[2022-01-03 20:27:53,696] {scheduler_job.py:643} INFO - DAG(s) dict_keys(['tutorial_etl_dag']) retrieved from /home/airflow/sandbox/lib/python3.8/site-packages/airflow/example_dags/tutorial_etl_dag.py
[2022-01-03 20:27:53,754] {logging_mixin.py:104} INFO - [2022-01-03 20:27:53,753] {dag.py:1832} INFO - Sync 1 DAGs
[2022-01-03 20:27:53,780] {logging_mixin.py:104} INFO - [2022-01-03 20:27:53,780] {dag.py:2305} INFO - Setting next_dagrun for tutorial_etl_dag to None
[2022-01-03 20:27:53,798] {scheduler_job.py:190} INFO - Processing /home/airflow/sandbox/lib/python3.8/site-packages/airflow/example_dags/tutorial_etl_dag.py took 0.174 seconds
[2022-01-03 20:28:33,872] {scheduler_job.py:182} INFO - Started process (PID=8692) to work on /home/airflow/sandbox/lib/python3.8/site-packages/airflow/example_dags/tutorial_etl_dag.py
[2022-01-03 20:28:33,873] {scheduler_job.py:633} INFO - Processing file /home/airflow/sandbox/lib/python3.8/site-packages/airflow/example_dags/tutorial_etl_dag.py for tasks to queue
[2022-01-03 20:28:33,874] {logging_mixin.py:104} INFO - [2022-01-03 20:28:33,874] {dagbag.py:487} INFO - Filling up the DagBag from /home/airflow/sandbox/lib/python3.8/site-packages/airflow/example_dags/tutorial_etl_dag.py
[2022-01-03 20:28:33,887] {scheduler_job.py:643} INFO - DAG(s) dict_keys(['tutorial_etl_dag']) retrieved from /home/airflow/sandbox/lib/python3.8/site-packages/airflow/example_dags/tutorial_etl_dag.py
[2022-01-03 20:28:33,924] {logging_mixin.py:104} INFO - [2022-01-03 20:28:33,924] {dag.py:1832} INFO - Sync 1 DAGs
[2022-01-03 20:28:33,945] {logging_mixin.py:104} INFO - [2022-01-03 20:28:33,945] {dag.py:2305} INFO - Setting next_dagrun for tutorial_etl_dag to None
[2022-01-03 20:28:33,978] {scheduler_job.py:190} INFO - Processing /home/airflow/sandbox/lib/python3.8/site-packages/airflow/example_dags/tutorial_etl_dag.py took 0.108 seconds
[2022-01-03 20:29:11,581] {scheduler_job.py:182} INFO - Started process (PID=8723) to work on /home/airflow/sandbox/lib/python3.8/site-packages/airflow/example_dags/tutorial_etl_dag.py
[2022-01-03 20:29:11,582] {scheduler_job.py:633} INFO - Processing file /home/airflow/sandbox/lib/python3.8/site-packages/airflow/example_dags/tutorial_etl_dag.py for tasks to queue
[2022-01-03 20:29:11,583] {logging_mixin.py:104} INFO - [2022-01-03 20:29:11,583] {dagbag.py:487} INFO - Filling up the DagBag from /home/airflow/sandbox/lib/python3.8/site-packages/airflow/example_dags/tutorial_etl_dag.py
[2022-01-03 20:29:11,596] {scheduler_job.py:643} INFO - DAG(s) dict_keys(['tutorial_etl_dag']) retrieved from /home/airflow/sandbox/lib/python3.8/site-packages/airflow/example_dags/tutorial_etl_dag.py
[2022-01-03 20:29:11,640] {logging_mixin.py:104} INFO - [2022-01-03 20:29:11,640] {dag.py:1832} INFO - Sync 1 DAGs
[2022-01-03 20:29:11,650] {logging_mixin.py:104} INFO - [2022-01-03 20:29:11,649] {dag.py:2305} INFO - Setting next_dagrun for tutorial_etl_dag to None
[2022-01-03 20:29:11,680] {scheduler_job.py:190} INFO - Processing /home/airflow/sandbox/lib/python3.8/site-packages/airflow/example_dags/tutorial_etl_dag.py took 0.101 seconds
[2022-01-03 20:29:47,643] {scheduler_job.py:182} INFO - Started process (PID=8820) to work on /home/airflow/sandbox/lib/python3.8/site-packages/airflow/example_dags/tutorial_etl_dag.py
[2022-01-03 20:29:47,644] {scheduler_job.py:633} INFO - Processing file /home/airflow/sandbox/lib/python3.8/site-packages/airflow/example_dags/tutorial_etl_dag.py for tasks to queue
[2022-01-03 20:29:47,645] {logging_mixin.py:104} INFO - [2022-01-03 20:29:47,644] {dagbag.py:487} INFO - Filling up the DagBag from /home/airflow/sandbox/lib/python3.8/site-packages/airflow/example_dags/tutorial_etl_dag.py
[2022-01-03 20:29:47,671] {scheduler_job.py:643} INFO - DAG(s) dict_keys(['tutorial_etl_dag']) retrieved from /home/airflow/sandbox/lib/python3.8/site-packages/airflow/example_dags/tutorial_etl_dag.py
[2022-01-03 20:29:47,686] {logging_mixin.py:104} INFO - [2022-01-03 20:29:47,686] {dag.py:1832} INFO - Sync 1 DAGs
[2022-01-03 20:29:47,697] {logging_mixin.py:104} INFO - [2022-01-03 20:29:47,697] {dag.py:2305} INFO - Setting next_dagrun for tutorial_etl_dag to None
[2022-01-03 20:29:47,725] {scheduler_job.py:190} INFO - Processing /home/airflow/sandbox/lib/python3.8/site-packages/airflow/example_dags/tutorial_etl_dag.py took 0.083 seconds
[2022-01-03 20:32:48,438] {scheduler_job.py:182} INFO - Started process (PID=9671) to work on /home/airflow/sandbox/lib/python3.8/site-packages/airflow/example_dags/tutorial_etl_dag.py
[2022-01-03 20:32:48,447] {scheduler_job.py:633} INFO - Processing file /home/airflow/sandbox/lib/python3.8/site-packages/airflow/example_dags/tutorial_etl_dag.py for tasks to queue
[2022-01-03 20:32:48,569] {logging_mixin.py:104} INFO - [2022-01-03 20:32:48,569] {dagbag.py:487} INFO - Filling up the DagBag from /home/airflow/sandbox/lib/python3.8/site-packages/airflow/example_dags/tutorial_etl_dag.py
[2022-01-03 20:32:48,694] {scheduler_job.py:643} INFO - DAG(s) dict_keys(['tutorial_etl_dag']) retrieved from /home/airflow/sandbox/lib/python3.8/site-packages/airflow/example_dags/tutorial_etl_dag.py
[2022-01-03 20:32:49,042] {logging_mixin.py:104} INFO - [2022-01-03 20:32:49,035] {dag.py:1832} INFO - Sync 1 DAGs
[2022-01-03 20:32:49,212] {logging_mixin.py:104} INFO - [2022-01-03 20:32:49,212] {dag.py:2305} INFO - Setting next_dagrun for tutorial_etl_dag to None
[2022-01-03 20:32:49,297] {scheduler_job.py:190} INFO - Processing /home/airflow/sandbox/lib/python3.8/site-packages/airflow/example_dags/tutorial_etl_dag.py took 0.870 seconds
[2022-01-03 20:33:21,434] {scheduler_job.py:182} INFO - Started process (PID=9887) to work on /home/airflow/sandbox/lib/python3.8/site-packages/airflow/example_dags/tutorial_etl_dag.py
[2022-01-03 20:33:21,435] {scheduler_job.py:633} INFO - Processing file /home/airflow/sandbox/lib/python3.8/site-packages/airflow/example_dags/tutorial_etl_dag.py for tasks to queue
[2022-01-03 20:33:21,436] {logging_mixin.py:104} INFO - [2022-01-03 20:33:21,436] {dagbag.py:487} INFO - Filling up the DagBag from /home/airflow/sandbox/lib/python3.8/site-packages/airflow/example_dags/tutorial_etl_dag.py
[2022-01-03 20:33:21,494] {scheduler_job.py:643} INFO - DAG(s) dict_keys(['tutorial_etl_dag']) retrieved from /home/airflow/sandbox/lib/python3.8/site-packages/airflow/example_dags/tutorial_etl_dag.py
[2022-01-03 20:33:21,618] {logging_mixin.py:104} INFO - [2022-01-03 20:33:21,618] {dag.py:1832} INFO - Sync 1 DAGs
[2022-01-03 20:33:21,645] {logging_mixin.py:104} INFO - [2022-01-03 20:33:21,645] {dag.py:2305} INFO - Setting next_dagrun for tutorial_etl_dag to None
[2022-01-03 20:33:21,766] {scheduler_job.py:190} INFO - Processing /home/airflow/sandbox/lib/python3.8/site-packages/airflow/example_dags/tutorial_etl_dag.py took 0.339 seconds
[2022-01-03 20:33:52,328] {scheduler_job.py:182} INFO - Started process (PID=10219) to work on /home/airflow/sandbox/lib/python3.8/site-packages/airflow/example_dags/tutorial_etl_dag.py
[2022-01-03 20:33:52,329] {scheduler_job.py:633} INFO - Processing file /home/airflow/sandbox/lib/python3.8/site-packages/airflow/example_dags/tutorial_etl_dag.py for tasks to queue
[2022-01-03 20:33:52,330] {logging_mixin.py:104} INFO - [2022-01-03 20:33:52,330] {dagbag.py:487} INFO - Filling up the DagBag from /home/airflow/sandbox/lib/python3.8/site-packages/airflow/example_dags/tutorial_etl_dag.py
[2022-01-03 20:33:52,367] {scheduler_job.py:643} INFO - DAG(s) dict_keys(['tutorial_etl_dag']) retrieved from /home/airflow/sandbox/lib/python3.8/site-packages/airflow/example_dags/tutorial_etl_dag.py
[2022-01-03 20:33:52,516] {logging_mixin.py:104} INFO - [2022-01-03 20:33:52,516] {dag.py:1832} INFO - Sync 1 DAGs
[2022-01-03 20:33:52,618] {logging_mixin.py:104} INFO - [2022-01-03 20:33:52,618] {dag.py:2305} INFO - Setting next_dagrun for tutorial_etl_dag to None
[2022-01-03 20:33:52,644] {scheduler_job.py:190} INFO - Processing /home/airflow/sandbox/lib/python3.8/site-packages/airflow/example_dags/tutorial_etl_dag.py took 0.322 seconds
[2022-01-03 20:34:25,242] {scheduler_job.py:182} INFO - Started process (PID=11184) to work on /home/airflow/sandbox/lib/python3.8/site-packages/airflow/example_dags/tutorial_etl_dag.py
[2022-01-03 20:34:25,264] {scheduler_job.py:633} INFO - Processing file /home/airflow/sandbox/lib/python3.8/site-packages/airflow/example_dags/tutorial_etl_dag.py for tasks to queue
[2022-01-03 20:34:25,265] {logging_mixin.py:104} INFO - [2022-01-03 20:34:25,265] {dagbag.py:487} INFO - Filling up the DagBag from /home/airflow/sandbox/lib/python3.8/site-packages/airflow/example_dags/tutorial_etl_dag.py
[2022-01-03 20:34:25,277] {scheduler_job.py:643} INFO - DAG(s) dict_keys(['tutorial_etl_dag']) retrieved from /home/airflow/sandbox/lib/python3.8/site-packages/airflow/example_dags/tutorial_etl_dag.py
[2022-01-03 20:34:25,373] {logging_mixin.py:104} INFO - [2022-01-03 20:34:25,373] {dag.py:1832} INFO - Sync 1 DAGs
[2022-01-03 20:34:25,386] {logging_mixin.py:104} INFO - [2022-01-03 20:34:25,386] {dag.py:2305} INFO - Setting next_dagrun for tutorial_etl_dag to None
[2022-01-03 20:34:25,418] {scheduler_job.py:190} INFO - Processing /home/airflow/sandbox/lib/python3.8/site-packages/airflow/example_dags/tutorial_etl_dag.py took 0.225 seconds
[2022-01-03 20:34:56,085] {scheduler_job.py:182} INFO - Started process (PID=11725) to work on /home/airflow/sandbox/lib/python3.8/site-packages/airflow/example_dags/tutorial_etl_dag.py
[2022-01-03 20:34:56,085] {scheduler_job.py:633} INFO - Processing file /home/airflow/sandbox/lib/python3.8/site-packages/airflow/example_dags/tutorial_etl_dag.py for tasks to queue
[2022-01-03 20:34:56,089] {logging_mixin.py:104} INFO - [2022-01-03 20:34:56,089] {dagbag.py:487} INFO - Filling up the DagBag from /home/airflow/sandbox/lib/python3.8/site-packages/airflow/example_dags/tutorial_etl_dag.py
[2022-01-03 20:34:56,124] {scheduler_job.py:643} INFO - DAG(s) dict_keys(['tutorial_etl_dag']) retrieved from /home/airflow/sandbox/lib/python3.8/site-packages/airflow/example_dags/tutorial_etl_dag.py
[2022-01-03 20:34:56,213] {logging_mixin.py:104} INFO - [2022-01-03 20:34:56,213] {dag.py:1832} INFO - Sync 1 DAGs
[2022-01-03 20:34:56,233] {logging_mixin.py:104} INFO - [2022-01-03 20:34:56,233] {dag.py:2305} INFO - Setting next_dagrun for tutorial_etl_dag to None
[2022-01-03 20:34:56,281] {scheduler_job.py:190} INFO - Processing /home/airflow/sandbox/lib/python3.8/site-packages/airflow/example_dags/tutorial_etl_dag.py took 0.245 seconds
[2022-01-03 20:35:26,485] {scheduler_job.py:182} INFO - Started process (PID=11924) to work on /home/airflow/sandbox/lib/python3.8/site-packages/airflow/example_dags/tutorial_etl_dag.py
[2022-01-03 20:35:26,489] {scheduler_job.py:633} INFO - Processing file /home/airflow/sandbox/lib/python3.8/site-packages/airflow/example_dags/tutorial_etl_dag.py for tasks to queue
[2022-01-03 20:35:26,490] {logging_mixin.py:104} INFO - [2022-01-03 20:35:26,490] {dagbag.py:487} INFO - Filling up the DagBag from /home/airflow/sandbox/lib/python3.8/site-packages/airflow/example_dags/tutorial_etl_dag.py
[2022-01-03 20:35:26,522] {scheduler_job.py:643} INFO - DAG(s) dict_keys(['tutorial_etl_dag']) retrieved from /home/airflow/sandbox/lib/python3.8/site-packages/airflow/example_dags/tutorial_etl_dag.py
[2022-01-03 20:35:26,566] {logging_mixin.py:104} INFO - [2022-01-03 20:35:26,566] {dag.py:1832} INFO - Sync 1 DAGs
[2022-01-03 20:35:26,582] {logging_mixin.py:104} INFO - [2022-01-03 20:35:26,582] {dag.py:2305} INFO - Setting next_dagrun for tutorial_etl_dag to None
[2022-01-03 20:35:26,617] {scheduler_job.py:190} INFO - Processing /home/airflow/sandbox/lib/python3.8/site-packages/airflow/example_dags/tutorial_etl_dag.py took 0.135 seconds
[2022-01-03 20:35:57,272] {scheduler_job.py:182} INFO - Started process (PID=12124) to work on /home/airflow/sandbox/lib/python3.8/site-packages/airflow/example_dags/tutorial_etl_dag.py
[2022-01-03 20:35:57,273] {scheduler_job.py:633} INFO - Processing file /home/airflow/sandbox/lib/python3.8/site-packages/airflow/example_dags/tutorial_etl_dag.py for tasks to queue
[2022-01-03 20:35:57,274] {logging_mixin.py:104} INFO - [2022-01-03 20:35:57,274] {dagbag.py:487} INFO - Filling up the DagBag from /home/airflow/sandbox/lib/python3.8/site-packages/airflow/example_dags/tutorial_etl_dag.py
[2022-01-03 20:35:57,325] {scheduler_job.py:643} INFO - DAG(s) dict_keys(['tutorial_etl_dag']) retrieved from /home/airflow/sandbox/lib/python3.8/site-packages/airflow/example_dags/tutorial_etl_dag.py
[2022-01-03 20:35:57,519] {logging_mixin.py:104} INFO - [2022-01-03 20:35:57,519] {dag.py:1832} INFO - Sync 1 DAGs
[2022-01-03 20:35:57,585] {logging_mixin.py:104} INFO - [2022-01-03 20:35:57,584] {dag.py:2305} INFO - Setting next_dagrun for tutorial_etl_dag to None
[2022-01-03 20:35:57,662] {scheduler_job.py:190} INFO - Processing /home/airflow/sandbox/lib/python3.8/site-packages/airflow/example_dags/tutorial_etl_dag.py took 0.392 seconds
[2022-01-03 20:36:28,383] {scheduler_job.py:182} INFO - Started process (PID=12323) to work on /home/airflow/sandbox/lib/python3.8/site-packages/airflow/example_dags/tutorial_etl_dag.py
[2022-01-03 20:36:28,389] {scheduler_job.py:633} INFO - Processing file /home/airflow/sandbox/lib/python3.8/site-packages/airflow/example_dags/tutorial_etl_dag.py for tasks to queue
[2022-01-03 20:36:28,480] {logging_mixin.py:104} INFO - [2022-01-03 20:36:28,480] {dagbag.py:487} INFO - Filling up the DagBag from /home/airflow/sandbox/lib/python3.8/site-packages/airflow/example_dags/tutorial_etl_dag.py
[2022-01-03 20:36:28,576] {scheduler_job.py:643} INFO - DAG(s) dict_keys(['tutorial_etl_dag']) retrieved from /home/airflow/sandbox/lib/python3.8/site-packages/airflow/example_dags/tutorial_etl_dag.py
[2022-01-03 20:36:28,760] {logging_mixin.py:104} INFO - [2022-01-03 20:36:28,760] {dag.py:1832} INFO - Sync 1 DAGs
[2022-01-03 20:36:28,776] {logging_mixin.py:104} INFO - [2022-01-03 20:36:28,775] {dag.py:2305} INFO - Setting next_dagrun for tutorial_etl_dag to None
[2022-01-03 20:36:28,813] {scheduler_job.py:190} INFO - Processing /home/airflow/sandbox/lib/python3.8/site-packages/airflow/example_dags/tutorial_etl_dag.py took 0.432 seconds
[2022-01-03 20:36:59,534] {scheduler_job.py:182} INFO - Started process (PID=12519) to work on /home/airflow/sandbox/lib/python3.8/site-packages/airflow/example_dags/tutorial_etl_dag.py
[2022-01-03 20:36:59,552] {scheduler_job.py:633} INFO - Processing file /home/airflow/sandbox/lib/python3.8/site-packages/airflow/example_dags/tutorial_etl_dag.py for tasks to queue
[2022-01-03 20:36:59,554] {logging_mixin.py:104} INFO - [2022-01-03 20:36:59,554] {dagbag.py:487} INFO - Filling up the DagBag from /home/airflow/sandbox/lib/python3.8/site-packages/airflow/example_dags/tutorial_etl_dag.py
[2022-01-03 20:36:59,605] {scheduler_job.py:643} INFO - DAG(s) dict_keys(['tutorial_etl_dag']) retrieved from /home/airflow/sandbox/lib/python3.8/site-packages/airflow/example_dags/tutorial_etl_dag.py
[2022-01-03 20:36:59,714] {logging_mixin.py:104} INFO - [2022-01-03 20:36:59,714] {dag.py:1832} INFO - Sync 1 DAGs
[2022-01-03 20:36:59,756] {logging_mixin.py:104} INFO - [2022-01-03 20:36:59,756] {dag.py:2305} INFO - Setting next_dagrun for tutorial_etl_dag to None
[2022-01-03 20:36:59,769] {scheduler_job.py:190} INFO - Processing /home/airflow/sandbox/lib/python3.8/site-packages/airflow/example_dags/tutorial_etl_dag.py took 0.248 seconds
[2022-01-03 20:37:29,882] {scheduler_job.py:182} INFO - Started process (PID=12717) to work on /home/airflow/sandbox/lib/python3.8/site-packages/airflow/example_dags/tutorial_etl_dag.py
[2022-01-03 20:37:29,883] {scheduler_job.py:633} INFO - Processing file /home/airflow/sandbox/lib/python3.8/site-packages/airflow/example_dags/tutorial_etl_dag.py for tasks to queue
[2022-01-03 20:37:29,884] {logging_mixin.py:104} INFO - [2022-01-03 20:37:29,884] {dagbag.py:487} INFO - Filling up the DagBag from /home/airflow/sandbox/lib/python3.8/site-packages/airflow/example_dags/tutorial_etl_dag.py
[2022-01-03 20:37:29,908] {scheduler_job.py:643} INFO - DAG(s) dict_keys(['tutorial_etl_dag']) retrieved from /home/airflow/sandbox/lib/python3.8/site-packages/airflow/example_dags/tutorial_etl_dag.py
[2022-01-03 20:37:29,928] {logging_mixin.py:104} INFO - [2022-01-03 20:37:29,928] {dag.py:1832} INFO - Sync 1 DAGs
[2022-01-03 20:37:29,953] {logging_mixin.py:104} INFO - [2022-01-03 20:37:29,953] {dag.py:2305} INFO - Setting next_dagrun for tutorial_etl_dag to None
[2022-01-03 20:37:29,970] {scheduler_job.py:190} INFO - Processing /home/airflow/sandbox/lib/python3.8/site-packages/airflow/example_dags/tutorial_etl_dag.py took 0.090 seconds
[2022-01-03 20:38:00,383] {scheduler_job.py:182} INFO - Started process (PID=13160) to work on /home/airflow/sandbox/lib/python3.8/site-packages/airflow/example_dags/tutorial_etl_dag.py
[2022-01-03 20:38:00,394] {scheduler_job.py:633} INFO - Processing file /home/airflow/sandbox/lib/python3.8/site-packages/airflow/example_dags/tutorial_etl_dag.py for tasks to queue
[2022-01-03 20:38:00,394] {logging_mixin.py:104} INFO - [2022-01-03 20:38:00,394] {dagbag.py:487} INFO - Filling up the DagBag from /home/airflow/sandbox/lib/python3.8/site-packages/airflow/example_dags/tutorial_etl_dag.py
[2022-01-03 20:38:00,412] {scheduler_job.py:643} INFO - DAG(s) dict_keys(['tutorial_etl_dag']) retrieved from /home/airflow/sandbox/lib/python3.8/site-packages/airflow/example_dags/tutorial_etl_dag.py
[2022-01-03 20:38:00,455] {logging_mixin.py:104} INFO - [2022-01-03 20:38:00,455] {dag.py:1832} INFO - Sync 1 DAGs
[2022-01-03 20:38:00,508] {logging_mixin.py:104} INFO - [2022-01-03 20:38:00,508] {dag.py:2305} INFO - Setting next_dagrun for tutorial_etl_dag to None
[2022-01-03 20:38:00,526] {scheduler_job.py:190} INFO - Processing /home/airflow/sandbox/lib/python3.8/site-packages/airflow/example_dags/tutorial_etl_dag.py took 0.148 seconds
[2022-01-03 20:38:31,121] {scheduler_job.py:182} INFO - Started process (PID=13360) to work on /home/airflow/sandbox/lib/python3.8/site-packages/airflow/example_dags/tutorial_etl_dag.py
[2022-01-03 20:38:31,122] {scheduler_job.py:633} INFO - Processing file /home/airflow/sandbox/lib/python3.8/site-packages/airflow/example_dags/tutorial_etl_dag.py for tasks to queue
[2022-01-03 20:38:31,122] {logging_mixin.py:104} INFO - [2022-01-03 20:38:31,122] {dagbag.py:487} INFO - Filling up the DagBag from /home/airflow/sandbox/lib/python3.8/site-packages/airflow/example_dags/tutorial_etl_dag.py
[2022-01-03 20:38:31,146] {scheduler_job.py:643} INFO - DAG(s) dict_keys(['tutorial_etl_dag']) retrieved from /home/airflow/sandbox/lib/python3.8/site-packages/airflow/example_dags/tutorial_etl_dag.py
[2022-01-03 20:38:31,178] {logging_mixin.py:104} INFO - [2022-01-03 20:38:31,178] {dag.py:1832} INFO - Sync 1 DAGs
[2022-01-03 20:38:31,212] {logging_mixin.py:104} INFO - [2022-01-03 20:38:31,212] {dag.py:2305} INFO - Setting next_dagrun for tutorial_etl_dag to None
[2022-01-03 20:38:31,233] {scheduler_job.py:190} INFO - Processing /home/airflow/sandbox/lib/python3.8/site-packages/airflow/example_dags/tutorial_etl_dag.py took 0.116 seconds
[2022-01-03 20:39:01,517] {scheduler_job.py:182} INFO - Started process (PID=13559) to work on /home/airflow/sandbox/lib/python3.8/site-packages/airflow/example_dags/tutorial_etl_dag.py
[2022-01-03 20:39:01,518] {scheduler_job.py:633} INFO - Processing file /home/airflow/sandbox/lib/python3.8/site-packages/airflow/example_dags/tutorial_etl_dag.py for tasks to queue
[2022-01-03 20:39:01,519] {logging_mixin.py:104} INFO - [2022-01-03 20:39:01,519] {dagbag.py:487} INFO - Filling up the DagBag from /home/airflow/sandbox/lib/python3.8/site-packages/airflow/example_dags/tutorial_etl_dag.py
[2022-01-03 20:39:01,532] {scheduler_job.py:643} INFO - DAG(s) dict_keys(['tutorial_etl_dag']) retrieved from /home/airflow/sandbox/lib/python3.8/site-packages/airflow/example_dags/tutorial_etl_dag.py
[2022-01-03 20:39:01,580] {logging_mixin.py:104} INFO - [2022-01-03 20:39:01,579] {dag.py:1832} INFO - Sync 1 DAGs
[2022-01-03 20:39:01,608] {logging_mixin.py:104} INFO - [2022-01-03 20:39:01,607] {dag.py:2305} INFO - Setting next_dagrun for tutorial_etl_dag to None
[2022-01-03 20:39:01,631] {scheduler_job.py:190} INFO - Processing /home/airflow/sandbox/lib/python3.8/site-packages/airflow/example_dags/tutorial_etl_dag.py took 0.118 seconds
[2022-01-03 20:39:32,012] {scheduler_job.py:182} INFO - Started process (PID=13758) to work on /home/airflow/sandbox/lib/python3.8/site-packages/airflow/example_dags/tutorial_etl_dag.py
[2022-01-03 20:39:32,012] {scheduler_job.py:633} INFO - Processing file /home/airflow/sandbox/lib/python3.8/site-packages/airflow/example_dags/tutorial_etl_dag.py for tasks to queue
[2022-01-03 20:39:32,013] {logging_mixin.py:104} INFO - [2022-01-03 20:39:32,013] {dagbag.py:487} INFO - Filling up the DagBag from /home/airflow/sandbox/lib/python3.8/site-packages/airflow/example_dags/tutorial_etl_dag.py
[2022-01-03 20:39:32,022] {scheduler_job.py:643} INFO - DAG(s) dict_keys(['tutorial_etl_dag']) retrieved from /home/airflow/sandbox/lib/python3.8/site-packages/airflow/example_dags/tutorial_etl_dag.py
[2022-01-03 20:39:32,065] {logging_mixin.py:104} INFO - [2022-01-03 20:39:32,065] {dag.py:1832} INFO - Sync 1 DAGs
[2022-01-03 20:39:32,102] {logging_mixin.py:104} INFO - [2022-01-03 20:39:32,102] {dag.py:2305} INFO - Setting next_dagrun for tutorial_etl_dag to None
[2022-01-03 20:39:32,116] {scheduler_job.py:190} INFO - Processing /home/airflow/sandbox/lib/python3.8/site-packages/airflow/example_dags/tutorial_etl_dag.py took 0.107 seconds
[2022-01-03 20:40:02,869] {scheduler_job.py:182} INFO - Started process (PID=13957) to work on /home/airflow/sandbox/lib/python3.8/site-packages/airflow/example_dags/tutorial_etl_dag.py
[2022-01-03 20:40:02,871] {scheduler_job.py:633} INFO - Processing file /home/airflow/sandbox/lib/python3.8/site-packages/airflow/example_dags/tutorial_etl_dag.py for tasks to queue
[2022-01-03 20:40:02,874] {logging_mixin.py:104} INFO - [2022-01-03 20:40:02,874] {dagbag.py:487} INFO - Filling up the DagBag from /home/airflow/sandbox/lib/python3.8/site-packages/airflow/example_dags/tutorial_etl_dag.py
[2022-01-03 20:40:02,913] {scheduler_job.py:643} INFO - DAG(s) dict_keys(['tutorial_etl_dag']) retrieved from /home/airflow/sandbox/lib/python3.8/site-packages/airflow/example_dags/tutorial_etl_dag.py
[2022-01-03 20:40:02,965] {logging_mixin.py:104} INFO - [2022-01-03 20:40:02,965] {dag.py:1832} INFO - Sync 1 DAGs
[2022-01-03 20:40:02,996] {logging_mixin.py:104} INFO - [2022-01-03 20:40:02,996] {dag.py:2305} INFO - Setting next_dagrun for tutorial_etl_dag to None
[2022-01-03 20:40:03,015] {scheduler_job.py:190} INFO - Processing /home/airflow/sandbox/lib/python3.8/site-packages/airflow/example_dags/tutorial_etl_dag.py took 0.150 seconds
[2022-01-03 20:40:33,212] {scheduler_job.py:182} INFO - Started process (PID=14156) to work on /home/airflow/sandbox/lib/python3.8/site-packages/airflow/example_dags/tutorial_etl_dag.py
[2022-01-03 20:40:33,214] {scheduler_job.py:633} INFO - Processing file /home/airflow/sandbox/lib/python3.8/site-packages/airflow/example_dags/tutorial_etl_dag.py for tasks to queue
[2022-01-03 20:40:33,215] {logging_mixin.py:104} INFO - [2022-01-03 20:40:33,215] {dagbag.py:487} INFO - Filling up the DagBag from /home/airflow/sandbox/lib/python3.8/site-packages/airflow/example_dags/tutorial_etl_dag.py
[2022-01-03 20:40:33,262] {scheduler_job.py:643} INFO - DAG(s) dict_keys(['tutorial_etl_dag']) retrieved from /home/airflow/sandbox/lib/python3.8/site-packages/airflow/example_dags/tutorial_etl_dag.py
[2022-01-03 20:40:33,349] {logging_mixin.py:104} INFO - [2022-01-03 20:40:33,349] {dag.py:1832} INFO - Sync 1 DAGs
[2022-01-03 20:40:33,362] {logging_mixin.py:104} INFO - [2022-01-03 20:40:33,362] {dag.py:2305} INFO - Setting next_dagrun for tutorial_etl_dag to None
[2022-01-03 20:40:33,374] {scheduler_job.py:190} INFO - Processing /home/airflow/sandbox/lib/python3.8/site-packages/airflow/example_dags/tutorial_etl_dag.py took 0.180 seconds
[2022-01-03 20:41:03,697] {scheduler_job.py:182} INFO - Started process (PID=14355) to work on /home/airflow/sandbox/lib/python3.8/site-packages/airflow/example_dags/tutorial_etl_dag.py
[2022-01-03 20:41:03,698] {scheduler_job.py:633} INFO - Processing file /home/airflow/sandbox/lib/python3.8/site-packages/airflow/example_dags/tutorial_etl_dag.py for tasks to queue
[2022-01-03 20:41:03,699] {logging_mixin.py:104} INFO - [2022-01-03 20:41:03,699] {dagbag.py:487} INFO - Filling up the DagBag from /home/airflow/sandbox/lib/python3.8/site-packages/airflow/example_dags/tutorial_etl_dag.py
[2022-01-03 20:41:03,711] {scheduler_job.py:643} INFO - DAG(s) dict_keys(['tutorial_etl_dag']) retrieved from /home/airflow/sandbox/lib/python3.8/site-packages/airflow/example_dags/tutorial_etl_dag.py
[2022-01-03 20:41:03,758] {logging_mixin.py:104} INFO - [2022-01-03 20:41:03,758] {dag.py:1832} INFO - Sync 1 DAGs
[2022-01-03 20:41:03,791] {logging_mixin.py:104} INFO - [2022-01-03 20:41:03,791] {dag.py:2305} INFO - Setting next_dagrun for tutorial_etl_dag to None
[2022-01-03 20:41:03,807] {scheduler_job.py:190} INFO - Processing /home/airflow/sandbox/lib/python3.8/site-packages/airflow/example_dags/tutorial_etl_dag.py took 0.115 seconds
[2022-01-03 20:41:34,092] {scheduler_job.py:182} INFO - Started process (PID=14555) to work on /home/airflow/sandbox/lib/python3.8/site-packages/airflow/example_dags/tutorial_etl_dag.py
[2022-01-03 20:41:34,094] {scheduler_job.py:633} INFO - Processing file /home/airflow/sandbox/lib/python3.8/site-packages/airflow/example_dags/tutorial_etl_dag.py for tasks to queue
[2022-01-03 20:41:34,095] {logging_mixin.py:104} INFO - [2022-01-03 20:41:34,095] {dagbag.py:487} INFO - Filling up the DagBag from /home/airflow/sandbox/lib/python3.8/site-packages/airflow/example_dags/tutorial_etl_dag.py
[2022-01-03 20:41:34,105] {scheduler_job.py:643} INFO - DAG(s) dict_keys(['tutorial_etl_dag']) retrieved from /home/airflow/sandbox/lib/python3.8/site-packages/airflow/example_dags/tutorial_etl_dag.py
[2022-01-03 20:41:34,145] {logging_mixin.py:104} INFO - [2022-01-03 20:41:34,145] {dag.py:1832} INFO - Sync 1 DAGs
[2022-01-03 20:41:34,164] {logging_mixin.py:104} INFO - [2022-01-03 20:41:34,164] {dag.py:2305} INFO - Setting next_dagrun for tutorial_etl_dag to None
[2022-01-03 20:41:34,194] {scheduler_job.py:190} INFO - Processing /home/airflow/sandbox/lib/python3.8/site-packages/airflow/example_dags/tutorial_etl_dag.py took 0.119 seconds
[2022-01-03 20:42:05,121] {scheduler_job.py:182} INFO - Started process (PID=14754) to work on /home/airflow/sandbox/lib/python3.8/site-packages/airflow/example_dags/tutorial_etl_dag.py
[2022-01-03 20:42:05,123] {scheduler_job.py:633} INFO - Processing file /home/airflow/sandbox/lib/python3.8/site-packages/airflow/example_dags/tutorial_etl_dag.py for tasks to queue
[2022-01-03 20:42:05,136] {logging_mixin.py:104} INFO - [2022-01-03 20:42:05,136] {dagbag.py:487} INFO - Filling up the DagBag from /home/airflow/sandbox/lib/python3.8/site-packages/airflow/example_dags/tutorial_etl_dag.py
[2022-01-03 20:42:05,148] {scheduler_job.py:643} INFO - DAG(s) dict_keys(['tutorial_etl_dag']) retrieved from /home/airflow/sandbox/lib/python3.8/site-packages/airflow/example_dags/tutorial_etl_dag.py
[2022-01-03 20:42:05,191] {logging_mixin.py:104} INFO - [2022-01-03 20:42:05,191] {dag.py:1832} INFO - Sync 1 DAGs
[2022-01-03 20:42:05,209] {logging_mixin.py:104} INFO - [2022-01-03 20:42:05,209] {dag.py:2305} INFO - Setting next_dagrun for tutorial_etl_dag to None
[2022-01-03 20:42:05,316] {scheduler_job.py:190} INFO - Processing /home/airflow/sandbox/lib/python3.8/site-packages/airflow/example_dags/tutorial_etl_dag.py took 0.197 seconds
[2022-01-03 20:42:35,452] {scheduler_job.py:182} INFO - Started process (PID=14953) to work on /home/airflow/sandbox/lib/python3.8/site-packages/airflow/example_dags/tutorial_etl_dag.py
[2022-01-03 20:42:35,453] {scheduler_job.py:633} INFO - Processing file /home/airflow/sandbox/lib/python3.8/site-packages/airflow/example_dags/tutorial_etl_dag.py for tasks to queue
[2022-01-03 20:42:35,454] {logging_mixin.py:104} INFO - [2022-01-03 20:42:35,454] {dagbag.py:487} INFO - Filling up the DagBag from /home/airflow/sandbox/lib/python3.8/site-packages/airflow/example_dags/tutorial_etl_dag.py
[2022-01-03 20:42:35,470] {scheduler_job.py:643} INFO - DAG(s) dict_keys(['tutorial_etl_dag']) retrieved from /home/airflow/sandbox/lib/python3.8/site-packages/airflow/example_dags/tutorial_etl_dag.py
[2022-01-03 20:42:35,523] {logging_mixin.py:104} INFO - [2022-01-03 20:42:35,523] {dag.py:1832} INFO - Sync 1 DAGs
[2022-01-03 20:42:35,553] {logging_mixin.py:104} INFO - [2022-01-03 20:42:35,553] {dag.py:2305} INFO - Setting next_dagrun for tutorial_etl_dag to None
[2022-01-03 20:42:35,648] {scheduler_job.py:190} INFO - Processing /home/airflow/sandbox/lib/python3.8/site-packages/airflow/example_dags/tutorial_etl_dag.py took 0.203 seconds
[2022-01-03 20:43:05,916] {scheduler_job.py:182} INFO - Started process (PID=15394) to work on /home/airflow/sandbox/lib/python3.8/site-packages/airflow/example_dags/tutorial_etl_dag.py
[2022-01-03 20:43:05,918] {scheduler_job.py:633} INFO - Processing file /home/airflow/sandbox/lib/python3.8/site-packages/airflow/example_dags/tutorial_etl_dag.py for tasks to queue
[2022-01-03 20:43:05,920] {logging_mixin.py:104} INFO - [2022-01-03 20:43:05,920] {dagbag.py:487} INFO - Filling up the DagBag from /home/airflow/sandbox/lib/python3.8/site-packages/airflow/example_dags/tutorial_etl_dag.py
[2022-01-03 20:43:05,943] {scheduler_job.py:643} INFO - DAG(s) dict_keys(['tutorial_etl_dag']) retrieved from /home/airflow/sandbox/lib/python3.8/site-packages/airflow/example_dags/tutorial_etl_dag.py
[2022-01-03 20:43:05,992] {logging_mixin.py:104} INFO - [2022-01-03 20:43:05,992] {dag.py:1832} INFO - Sync 1 DAGs
[2022-01-03 20:43:06,107] {logging_mixin.py:104} INFO - [2022-01-03 20:43:06,107] {dag.py:2305} INFO - Setting next_dagrun for tutorial_etl_dag to None
[2022-01-03 20:43:06,134] {scheduler_job.py:190} INFO - Processing /home/airflow/sandbox/lib/python3.8/site-packages/airflow/example_dags/tutorial_etl_dag.py took 0.222 seconds
[2022-01-03 20:43:36,411] {scheduler_job.py:182} INFO - Started process (PID=15594) to work on /home/airflow/sandbox/lib/python3.8/site-packages/airflow/example_dags/tutorial_etl_dag.py
[2022-01-03 20:43:36,412] {scheduler_job.py:633} INFO - Processing file /home/airflow/sandbox/lib/python3.8/site-packages/airflow/example_dags/tutorial_etl_dag.py for tasks to queue
[2022-01-03 20:43:36,412] {logging_mixin.py:104} INFO - [2022-01-03 20:43:36,412] {dagbag.py:487} INFO - Filling up the DagBag from /home/airflow/sandbox/lib/python3.8/site-packages/airflow/example_dags/tutorial_etl_dag.py
[2022-01-03 20:43:36,439] {scheduler_job.py:643} INFO - DAG(s) dict_keys(['tutorial_etl_dag']) retrieved from /home/airflow/sandbox/lib/python3.8/site-packages/airflow/example_dags/tutorial_etl_dag.py
[2022-01-03 20:43:36,485] {logging_mixin.py:104} INFO - [2022-01-03 20:43:36,485] {dag.py:1832} INFO - Sync 1 DAGs
[2022-01-03 20:43:36,600] {logging_mixin.py:104} INFO - [2022-01-03 20:43:36,600] {dag.py:2305} INFO - Setting next_dagrun for tutorial_etl_dag to None
[2022-01-03 20:43:36,620] {scheduler_job.py:190} INFO - Processing /home/airflow/sandbox/lib/python3.8/site-packages/airflow/example_dags/tutorial_etl_dag.py took 0.213 seconds
[2022-01-03 20:44:07,338] {scheduler_job.py:182} INFO - Started process (PID=15793) to work on /home/airflow/sandbox/lib/python3.8/site-packages/airflow/example_dags/tutorial_etl_dag.py
[2022-01-03 20:44:07,339] {scheduler_job.py:633} INFO - Processing file /home/airflow/sandbox/lib/python3.8/site-packages/airflow/example_dags/tutorial_etl_dag.py for tasks to queue
[2022-01-03 20:44:07,340] {logging_mixin.py:104} INFO - [2022-01-03 20:44:07,339] {dagbag.py:487} INFO - Filling up the DagBag from /home/airflow/sandbox/lib/python3.8/site-packages/airflow/example_dags/tutorial_etl_dag.py
[2022-01-03 20:44:07,358] {scheduler_job.py:643} INFO - DAG(s) dict_keys(['tutorial_etl_dag']) retrieved from /home/airflow/sandbox/lib/python3.8/site-packages/airflow/example_dags/tutorial_etl_dag.py
[2022-01-03 20:44:07,404] {logging_mixin.py:104} INFO - [2022-01-03 20:44:07,404] {dag.py:1832} INFO - Sync 1 DAGs
[2022-01-03 20:44:07,499] {logging_mixin.py:104} INFO - [2022-01-03 20:44:07,499] {dag.py:2305} INFO - Setting next_dagrun for tutorial_etl_dag to None
[2022-01-03 20:44:07,518] {scheduler_job.py:190} INFO - Processing /home/airflow/sandbox/lib/python3.8/site-packages/airflow/example_dags/tutorial_etl_dag.py took 0.186 seconds
[2022-01-03 20:44:37,987] {scheduler_job.py:182} INFO - Started process (PID=15993) to work on /home/airflow/sandbox/lib/python3.8/site-packages/airflow/example_dags/tutorial_etl_dag.py
[2022-01-03 20:44:37,989] {scheduler_job.py:633} INFO - Processing file /home/airflow/sandbox/lib/python3.8/site-packages/airflow/example_dags/tutorial_etl_dag.py for tasks to queue
[2022-01-03 20:44:37,989] {logging_mixin.py:104} INFO - [2022-01-03 20:44:37,989] {dagbag.py:487} INFO - Filling up the DagBag from /home/airflow/sandbox/lib/python3.8/site-packages/airflow/example_dags/tutorial_etl_dag.py
[2022-01-03 20:44:38,012] {scheduler_job.py:643} INFO - DAG(s) dict_keys(['tutorial_etl_dag']) retrieved from /home/airflow/sandbox/lib/python3.8/site-packages/airflow/example_dags/tutorial_etl_dag.py
[2022-01-03 20:44:38,053] {logging_mixin.py:104} INFO - [2022-01-03 20:44:38,053] {dag.py:1832} INFO - Sync 1 DAGs
[2022-01-03 20:44:38,184] {logging_mixin.py:104} INFO - [2022-01-03 20:44:38,184] {dag.py:2305} INFO - Setting next_dagrun for tutorial_etl_dag to None
[2022-01-03 20:44:38,200] {scheduler_job.py:190} INFO - Processing /home/airflow/sandbox/lib/python3.8/site-packages/airflow/example_dags/tutorial_etl_dag.py took 0.216 seconds
[2022-01-03 20:45:09,045] {scheduler_job.py:182} INFO - Started process (PID=16283) to work on /home/airflow/sandbox/lib/python3.8/site-packages/airflow/example_dags/tutorial_etl_dag.py
[2022-01-03 20:45:09,048] {scheduler_job.py:633} INFO - Processing file /home/airflow/sandbox/lib/python3.8/site-packages/airflow/example_dags/tutorial_etl_dag.py for tasks to queue
[2022-01-03 20:45:09,051] {logging_mixin.py:104} INFO - [2022-01-03 20:45:09,051] {dagbag.py:487} INFO - Filling up the DagBag from /home/airflow/sandbox/lib/python3.8/site-packages/airflow/example_dags/tutorial_etl_dag.py
[2022-01-03 20:45:09,200] {scheduler_job.py:643} INFO - DAG(s) dict_keys(['tutorial_etl_dag']) retrieved from /home/airflow/sandbox/lib/python3.8/site-packages/airflow/example_dags/tutorial_etl_dag.py
[2022-01-03 20:45:09,509] {logging_mixin.py:104} INFO - [2022-01-03 20:45:09,509] {dag.py:1832} INFO - Sync 1 DAGs
[2022-01-03 20:45:09,547] {logging_mixin.py:104} INFO - [2022-01-03 20:45:09,547] {dag.py:2305} INFO - Setting next_dagrun for tutorial_etl_dag to None
[2022-01-03 20:45:09,566] {scheduler_job.py:190} INFO - Processing /home/airflow/sandbox/lib/python3.8/site-packages/airflow/example_dags/tutorial_etl_dag.py took 0.557 seconds
