[2022-03-14 19:23:15,757] {taskinstance.py:1032} INFO - Dependencies all met for <TaskInstance: xcom_dag.processing_tasks.training_model_c scheduled__2022-03-13T00:00:00+00:00 [queued]>
[2022-03-14 19:23:16,065] {taskinstance.py:1032} INFO - Dependencies all met for <TaskInstance: xcom_dag.processing_tasks.training_model_c scheduled__2022-03-13T00:00:00+00:00 [queued]>
[2022-03-14 19:23:16,118] {taskinstance.py:1238} INFO - 
--------------------------------------------------------------------------------
[2022-03-14 19:23:16,119] {taskinstance.py:1239} INFO - Starting attempt 1 of 1
[2022-03-14 19:23:16,119] {taskinstance.py:1240} INFO - 
--------------------------------------------------------------------------------
[2022-03-14 19:23:16,406] {taskinstance.py:1259} INFO - Executing <Task(PythonOperator): processing_tasks.training_model_c> on 2022-03-13 00:00:00+00:00
[2022-03-14 19:23:16,466] {standard_task_runner.py:52} INFO - Started process 3243 to run task
[2022-03-14 19:23:17,009] {standard_task_runner.py:76} INFO - Running: ['airflow', 'tasks', 'run', 'xcom_dag', 'processing_tasks.training_model_c', 'scheduled__2022-03-13T00:00:00+00:00', '--job-id', '107', '--raw', '--subdir', 'DAGS_FOLDER/xcom_dag.py', '--cfg-path', '/tmp/tmpa1tcq148', '--error-file', '/tmp/tmpy2j1j4ky']
[2022-03-14 19:23:17,118] {standard_task_runner.py:77} INFO - Job 107: Subtask processing_tasks.training_model_c
[2022-03-14 19:23:24,962] {logging_mixin.py:109} INFO - Running <TaskInstance: xcom_dag.processing_tasks.training_model_c scheduled__2022-03-13T00:00:00+00:00 [running]> on host airflowvm
[2022-03-14 19:23:28,069] {taskinstance.py:1424} INFO - Exporting the following env vars:
AIRFLOW_CTX_DAG_OWNER=airflow
AIRFLOW_CTX_DAG_ID=xcom_dag
AIRFLOW_CTX_TASK_ID=processing_tasks.training_model_c
AIRFLOW_CTX_EXECUTION_DATE=2022-03-13T00:00:00+00:00
AIRFLOW_CTX_DAG_RUN_ID=scheduled__2022-03-13T00:00:00+00:00
[2022-03-14 19:23:28,069] {logging_mixin.py:109} INFO - model's accuracy: 2.66260708455323
[2022-03-14 19:23:28,229] {python.py:175} INFO - Done. Returned value was: None
[2022-03-14 19:23:29,066] {taskinstance.py:1267} INFO - Marking task as SUCCESS. dag_id=xcom_dag, task_id=processing_tasks.training_model_c, execution_date=20220313T000000, start_date=20220314T192315, end_date=20220314T192329
[2022-03-14 19:23:31,270] {local_task_job.py:154} INFO - Task exited with return code 0
[2022-03-14 19:23:32,681] {local_task_job.py:264} INFO - 1 downstream tasks scheduled from follow-on schedule check
