[2022-01-03 20:18:18,966] {taskinstance.py:876} INFO - Dependencies all met for <TaskInstance: example_bash_operator.run_after_loop 2022-01-01T00:00:00+00:00 [queued]>
[2022-01-03 20:18:18,991] {taskinstance.py:876} INFO - Dependencies all met for <TaskInstance: example_bash_operator.run_after_loop 2022-01-01T00:00:00+00:00 [queued]>
[2022-01-03 20:18:18,992] {taskinstance.py:1067} INFO - 
--------------------------------------------------------------------------------
[2022-01-03 20:18:18,992] {taskinstance.py:1068} INFO - Starting attempt 1 of 1
[2022-01-03 20:18:18,992] {taskinstance.py:1069} INFO - 
--------------------------------------------------------------------------------
[2022-01-03 20:18:19,003] {taskinstance.py:1087} INFO - Executing <Task(BashOperator): run_after_loop> on 2022-01-01T00:00:00+00:00
[2022-01-03 20:18:19,004] {standard_task_runner.py:52} INFO - Started process 2793 to run task
[2022-01-03 20:18:19,012] {standard_task_runner.py:76} INFO - Running: ['airflow', 'tasks', 'run', 'example_bash_operator', 'run_after_loop', '2022-01-01T00:00:00+00:00', '--job-id', '85', '--pool', 'default_pool', '--raw', '--subdir', '/home/airflow/sandbox/lib/python3.8/site-packages/airflow/example_dags/example_bash_operator.py', '--cfg-path', '/tmp/tmprhc52cbr', '--error-file', '/tmp/tmpv6izxs96']
[2022-01-03 20:18:19,013] {standard_task_runner.py:77} INFO - Job 85: Subtask run_after_loop
[2022-01-03 20:18:19,206] {logging_mixin.py:104} INFO - Running <TaskInstance: example_bash_operator.run_after_loop 2022-01-01T00:00:00+00:00 [running]> on host airflowvm
[2022-01-03 20:18:19,551] {taskinstance.py:1280} INFO - Exporting the following env vars:
AIRFLOW_CTX_DAG_OWNER=airflow
AIRFLOW_CTX_DAG_ID=example_bash_operator
AIRFLOW_CTX_TASK_ID=run_after_loop
AIRFLOW_CTX_EXECUTION_DATE=2022-01-01T00:00:00+00:00
AIRFLOW_CTX_DAG_RUN_ID=scheduled__2022-01-01T00:00:00+00:00
[2022-01-03 20:18:19,553] {subprocess.py:52} INFO - Tmp dir root location: 
 /tmp
[2022-01-03 20:18:19,554] {subprocess.py:63} INFO - Running command: ['bash', '-c', 'echo 1']
[2022-01-03 20:18:19,559] {subprocess.py:75} INFO - Output:
[2022-01-03 20:18:19,560] {subprocess.py:79} INFO - 1
[2022-01-03 20:18:19,560] {subprocess.py:83} INFO - Command exited with return code 0
[2022-01-03 20:18:19,608] {taskinstance.py:1184} INFO - Marking task as SUCCESS. dag_id=example_bash_operator, task_id=run_after_loop, execution_date=20220101T000000, start_date=20220103T201818, end_date=20220103T201819
[2022-01-03 20:18:19,663] {taskinstance.py:1245} INFO - 0 downstream tasks scheduled from follow-on schedule check
[2022-01-03 20:18:19,735] {local_task_job.py:151} INFO - Task exited with return code 0
