[2022-03-15 19:30:14,143] {processor.py:163} INFO - Started process (PID=9276) to work on /home/airflow/airflow/dags/trigger_rule.py
[2022-03-15 19:30:14,147] {processor.py:642} INFO - Processing file /home/airflow/airflow/dags/trigger_rule.py for tasks to queue
[2022-03-15 19:30:14,149] {logging_mixin.py:109} INFO - [2022-03-15 19:30:14,148] {dagbag.py:500} INFO - Filling up the DagBag from /home/airflow/airflow/dags/trigger_rule.py
[2022-03-15 19:30:14,239] {processor.py:654} INFO - DAG(s) dict_keys(['trigger_rule']) retrieved from /home/airflow/airflow/dags/trigger_rule.py
[2022-03-15 19:30:15,780] {logging_mixin.py:109} WARNING - /home/airflow/sandbox/lib/python3.8/site-packages/airflow/providers_manager.py:519 DeprecationWarning: The provider apache-airflow-providers-ftp uses `hook-class-names` property in provider-info and has no `connection-types` one. The 'hook-class-names' property has been deprecated in favour of 'connection-types' in Airflow 2.2. Use **both** in case you want to have backwards compatibility with Airflow < 2.2
[2022-03-15 19:30:15,783] {logging_mixin.py:109} WARNING - /home/airflow/sandbox/lib/python3.8/site-packages/airflow/providers_manager.py:519 DeprecationWarning: The provider apache-airflow-providers-http uses `hook-class-names` property in provider-info and has no `connection-types` one. The 'hook-class-names' property has been deprecated in favour of 'connection-types' in Airflow 2.2. Use **both** in case you want to have backwards compatibility with Airflow < 2.2
[2022-03-15 19:30:15,792] {logging_mixin.py:109} WARNING - /home/airflow/sandbox/lib/python3.8/site-packages/airflow/providers_manager.py:519 DeprecationWarning: The provider apache-airflow-providers-imap uses `hook-class-names` property in provider-info and has no `connection-types` one. The 'hook-class-names' property has been deprecated in favour of 'connection-types' in Airflow 2.2. Use **both** in case you want to have backwards compatibility with Airflow < 2.2
[2022-03-15 19:30:15,799] {logging_mixin.py:109} WARNING - /home/airflow/sandbox/lib/python3.8/site-packages/airflow/providers_manager.py:519 DeprecationWarning: The provider apache-airflow-providers-sqlite uses `hook-class-names` property in provider-info and has no `connection-types` one. The 'hook-class-names' property has been deprecated in favour of 'connection-types' in Airflow 2.2. Use **both** in case you want to have backwards compatibility with Airflow < 2.2
[2022-03-15 19:30:15,950] {logging_mixin.py:109} INFO - [2022-03-15 19:30:15,950] {manager.py:496} INFO - Created Permission View: can edit on DAG:trigger_rule
[2022-03-15 19:30:15,980] {logging_mixin.py:109} INFO - [2022-03-15 19:30:15,980] {manager.py:496} INFO - Created Permission View: can read on DAG:trigger_rule
[2022-03-15 19:30:15,980] {logging_mixin.py:109} INFO - [2022-03-15 19:30:15,980] {dag.py:2396} INFO - Sync 1 DAGs
[2022-03-15 19:30:15,992] {logging_mixin.py:109} WARNING - /home/airflow/sandbox/lib/python3.8/site-packages/airflow/configuration.py:361 DeprecationWarning: The dag_concurrency option in [core] has been renamed to max_active_tasks_per_dag - the old setting has been used, but please update your config.
[2022-03-15 19:30:15,993] {logging_mixin.py:109} INFO - [2022-03-15 19:30:15,993] {dag.py:2415} INFO - Creating ORM DAG for trigger_rule
[2022-03-15 19:30:16,001] {logging_mixin.py:109} INFO - [2022-03-15 19:30:16,001] {dag.py:2935} INFO - Setting next_dagrun for trigger_rule to 2022-03-14 00:00:00+00:00
[2022-03-15 19:30:16,032] {processor.py:171} INFO - Processing /home/airflow/airflow/dags/trigger_rule.py took 1.893 seconds
[2022-03-15 19:30:46,539] {processor.py:163} INFO - Started process (PID=9706) to work on /home/airflow/airflow/dags/trigger_rule.py
[2022-03-15 19:30:46,542] {processor.py:642} INFO - Processing file /home/airflow/airflow/dags/trigger_rule.py for tasks to queue
[2022-03-15 19:30:46,543] {logging_mixin.py:109} INFO - [2022-03-15 19:30:46,543] {dagbag.py:500} INFO - Filling up the DagBag from /home/airflow/airflow/dags/trigger_rule.py
[2022-03-15 19:30:46,834] {processor.py:654} INFO - DAG(s) dict_keys(['trigger_rule']) retrieved from /home/airflow/airflow/dags/trigger_rule.py
[2022-03-15 19:30:46,844] {logging_mixin.py:109} INFO - [2022-03-15 19:30:46,844] {dag.py:2396} INFO - Sync 1 DAGs
[2022-03-15 19:30:46,881] {logging_mixin.py:109} INFO - [2022-03-15 19:30:46,881] {dag.py:2935} INFO - Setting next_dagrun for trigger_rule to 2022-03-14 00:00:00+00:00
[2022-03-15 19:30:46,895] {processor.py:171} INFO - Processing /home/airflow/airflow/dags/trigger_rule.py took 0.403 seconds
[2022-03-15 19:31:17,183] {processor.py:163} INFO - Started process (PID=10643) to work on /home/airflow/airflow/dags/trigger_rule.py
[2022-03-15 19:31:17,186] {processor.py:642} INFO - Processing file /home/airflow/airflow/dags/trigger_rule.py for tasks to queue
[2022-03-15 19:31:17,186] {logging_mixin.py:109} INFO - [2022-03-15 19:31:17,186] {dagbag.py:500} INFO - Filling up the DagBag from /home/airflow/airflow/dags/trigger_rule.py
[2022-03-15 19:31:17,272] {processor.py:654} INFO - DAG(s) dict_keys(['trigger_rule']) retrieved from /home/airflow/airflow/dags/trigger_rule.py
[2022-03-15 19:31:17,284] {logging_mixin.py:109} INFO - [2022-03-15 19:31:17,284] {dag.py:2396} INFO - Sync 1 DAGs
[2022-03-15 19:31:17,329] {logging_mixin.py:109} INFO - [2022-03-15 19:31:17,328] {dag.py:2935} INFO - Setting next_dagrun for trigger_rule to 2022-03-15T00:00:00+00:00
[2022-03-15 19:31:17,341] {processor.py:171} INFO - Processing /home/airflow/airflow/dags/trigger_rule.py took 0.163 seconds
[2022-03-15 19:31:48,041] {processor.py:163} INFO - Started process (PID=10858) to work on /home/airflow/airflow/dags/trigger_rule.py
[2022-03-15 19:31:48,044] {processor.py:642} INFO - Processing file /home/airflow/airflow/dags/trigger_rule.py for tasks to queue
[2022-03-15 19:31:48,044] {logging_mixin.py:109} INFO - [2022-03-15 19:31:48,044] {dagbag.py:500} INFO - Filling up the DagBag from /home/airflow/airflow/dags/trigger_rule.py
[2022-03-15 19:31:48,172] {processor.py:654} INFO - DAG(s) dict_keys(['trigger_rule']) retrieved from /home/airflow/airflow/dags/trigger_rule.py
[2022-03-15 19:31:48,188] {logging_mixin.py:109} INFO - [2022-03-15 19:31:48,188] {dag.py:2396} INFO - Sync 1 DAGs
[2022-03-15 19:31:48,234] {logging_mixin.py:109} INFO - [2022-03-15 19:31:48,233] {dag.py:2935} INFO - Setting next_dagrun for trigger_rule to 2022-03-15T00:00:00+00:00
[2022-03-15 19:31:48,246] {processor.py:171} INFO - Processing /home/airflow/airflow/dags/trigger_rule.py took 0.208 seconds
[2022-03-15 19:32:00,185] {processor.py:163} INFO - Started process (PID=10921) to work on /home/airflow/airflow/dags/trigger_rule.py
[2022-03-15 19:32:00,187] {processor.py:642} INFO - Processing file /home/airflow/airflow/dags/trigger_rule.py for tasks to queue
[2022-03-15 19:32:00,187] {logging_mixin.py:109} INFO - [2022-03-15 19:32:00,187] {dagbag.py:500} INFO - Filling up the DagBag from /home/airflow/airflow/dags/trigger_rule.py
[2022-03-15 19:32:00,321] {processor.py:654} INFO - DAG(s) dict_keys(['trigger_rule']) retrieved from /home/airflow/airflow/dags/trigger_rule.py
[2022-03-15 19:32:00,920] {logging_mixin.py:109} INFO - [2022-03-15 19:32:00,920] {dag.py:2396} INFO - Sync 1 DAGs
[2022-03-15 19:32:00,947] {logging_mixin.py:109} INFO - [2022-03-15 19:32:00,947] {dag.py:2935} INFO - Setting next_dagrun for trigger_rule to 2022-03-15T00:00:00+00:00
[2022-03-15 19:32:00,984] {processor.py:171} INFO - Processing /home/airflow/airflow/dags/trigger_rule.py took 0.810 seconds
[2022-03-15 19:32:31,447] {processor.py:163} INFO - Started process (PID=11851) to work on /home/airflow/airflow/dags/trigger_rule.py
[2022-03-15 19:32:31,451] {processor.py:642} INFO - Processing file /home/airflow/airflow/dags/trigger_rule.py for tasks to queue
[2022-03-15 19:32:31,485] {logging_mixin.py:109} INFO - [2022-03-15 19:32:31,484] {dagbag.py:500} INFO - Filling up the DagBag from /home/airflow/airflow/dags/trigger_rule.py
[2022-03-15 19:32:31,583] {processor.py:654} INFO - DAG(s) dict_keys(['trigger_rule']) retrieved from /home/airflow/airflow/dags/trigger_rule.py
[2022-03-15 19:32:31,595] {logging_mixin.py:109} INFO - [2022-03-15 19:32:31,595] {dag.py:2396} INFO - Sync 1 DAGs
[2022-03-15 19:32:31,642] {logging_mixin.py:109} INFO - [2022-03-15 19:32:31,642] {dag.py:2935} INFO - Setting next_dagrun for trigger_rule to 2022-03-15T00:00:00+00:00
[2022-03-15 19:32:31,677] {processor.py:171} INFO - Processing /home/airflow/airflow/dags/trigger_rule.py took 0.242 seconds
[2022-03-15 19:32:43,985] {processor.py:163} INFO - Started process (PID=11888) to work on /home/airflow/airflow/dags/trigger_rule.py
[2022-03-15 19:32:43,986] {processor.py:642} INFO - Processing file /home/airflow/airflow/dags/trigger_rule.py for tasks to queue
[2022-03-15 19:32:43,987] {logging_mixin.py:109} INFO - [2022-03-15 19:32:43,987] {dagbag.py:500} INFO - Filling up the DagBag from /home/airflow/airflow/dags/trigger_rule.py
[2022-03-15 19:32:44,091] {processor.py:654} INFO - DAG(s) dict_keys(['trigger_rule']) retrieved from /home/airflow/airflow/dags/trigger_rule.py
[2022-03-15 19:32:44,685] {logging_mixin.py:109} INFO - [2022-03-15 19:32:44,685] {dag.py:2396} INFO - Sync 1 DAGs
[2022-03-15 19:32:44,732] {logging_mixin.py:109} INFO - [2022-03-15 19:32:44,732] {dag.py:2935} INFO - Setting next_dagrun for trigger_rule to 2022-03-15T00:00:00+00:00
[2022-03-15 19:32:44,779] {processor.py:171} INFO - Processing /home/airflow/airflow/dags/trigger_rule.py took 0.800 seconds
[2022-03-15 19:32:50,928] {processor.py:163} INFO - Started process (PID=11900) to work on /home/airflow/airflow/dags/trigger_rule.py
[2022-03-15 19:32:50,930] {processor.py:642} INFO - Processing file /home/airflow/airflow/dags/trigger_rule.py for tasks to queue
[2022-03-15 19:32:50,934] {logging_mixin.py:109} INFO - [2022-03-15 19:32:50,932] {dagbag.py:500} INFO - Filling up the DagBag from /home/airflow/airflow/dags/trigger_rule.py
[2022-03-15 19:32:51,343] {processor.py:654} INFO - DAG(s) dict_keys(['trigger_rule']) retrieved from /home/airflow/airflow/dags/trigger_rule.py
[2022-03-15 19:32:51,397] {logging_mixin.py:109} INFO - [2022-03-15 19:32:51,396] {dag.py:2396} INFO - Sync 1 DAGs
[2022-03-15 19:32:51,576] {logging_mixin.py:109} INFO - [2022-03-15 19:32:51,575] {dag.py:2935} INFO - Setting next_dagrun for trigger_rule to 2022-03-15T00:00:00+00:00
[2022-03-15 19:32:51,596] {processor.py:171} INFO - Processing /home/airflow/airflow/dags/trigger_rule.py took 0.671 seconds
[2022-03-15 19:33:22,101] {processor.py:163} INFO - Started process (PID=12646) to work on /home/airflow/airflow/dags/trigger_rule.py
[2022-03-15 19:33:22,120] {processor.py:642} INFO - Processing file /home/airflow/airflow/dags/trigger_rule.py for tasks to queue
[2022-03-15 19:33:22,121] {logging_mixin.py:109} INFO - [2022-03-15 19:33:22,121] {dagbag.py:500} INFO - Filling up the DagBag from /home/airflow/airflow/dags/trigger_rule.py
[2022-03-15 19:33:22,224] {processor.py:654} INFO - DAG(s) dict_keys(['trigger_rule']) retrieved from /home/airflow/airflow/dags/trigger_rule.py
[2022-03-15 19:33:22,679] {logging_mixin.py:109} INFO - [2022-03-15 19:33:22,679] {dag.py:2396} INFO - Sync 1 DAGs
[2022-03-15 19:33:22,723] {logging_mixin.py:109} INFO - [2022-03-15 19:33:22,723] {dag.py:2935} INFO - Setting next_dagrun for trigger_rule to 2022-03-15T00:00:00+00:00
[2022-03-15 19:33:22,773] {processor.py:171} INFO - Processing /home/airflow/airflow/dags/trigger_rule.py took 0.679 seconds
[2022-03-15 19:33:31,873] {processor.py:163} INFO - Started process (PID=12658) to work on /home/airflow/airflow/dags/trigger_rule.py
[2022-03-15 19:33:31,873] {processor.py:642} INFO - Processing file /home/airflow/airflow/dags/trigger_rule.py for tasks to queue
[2022-03-15 19:33:31,874] {logging_mixin.py:109} INFO - [2022-03-15 19:33:31,874] {dagbag.py:500} INFO - Filling up the DagBag from /home/airflow/airflow/dags/trigger_rule.py
[2022-03-15 19:33:31,970] {processor.py:654} INFO - DAG(s) dict_keys(['trigger_rule']) retrieved from /home/airflow/airflow/dags/trigger_rule.py
[2022-03-15 19:33:31,981] {logging_mixin.py:109} INFO - [2022-03-15 19:33:31,980] {dag.py:2396} INFO - Sync 1 DAGs
[2022-03-15 19:33:32,025] {logging_mixin.py:109} INFO - [2022-03-15 19:33:32,025] {dag.py:2935} INFO - Setting next_dagrun for trigger_rule to 2022-03-15T00:00:00+00:00
[2022-03-15 19:33:32,046] {processor.py:171} INFO - Processing /home/airflow/airflow/dags/trigger_rule.py took 0.196 seconds
[2022-03-15 19:33:44,744] {processor.py:163} INFO - Started process (PID=12689) to work on /home/airflow/airflow/dags/trigger_rule.py
[2022-03-15 19:33:44,746] {processor.py:642} INFO - Processing file /home/airflow/airflow/dags/trigger_rule.py for tasks to queue
[2022-03-15 19:33:44,747] {logging_mixin.py:109} INFO - [2022-03-15 19:33:44,747] {dagbag.py:500} INFO - Filling up the DagBag from /home/airflow/airflow/dags/trigger_rule.py
[2022-03-15 19:33:44,849] {processor.py:654} INFO - DAG(s) dict_keys(['trigger_rule']) retrieved from /home/airflow/airflow/dags/trigger_rule.py
[2022-03-15 19:33:44,872] {logging_mixin.py:109} INFO - [2022-03-15 19:33:44,872] {dag.py:2396} INFO - Sync 1 DAGs
[2022-03-15 19:33:44,894] {logging_mixin.py:109} INFO - [2022-03-15 19:33:44,893] {dag.py:2935} INFO - Setting next_dagrun for trigger_rule to 2022-03-15T00:00:00+00:00
[2022-03-15 19:33:44,927] {processor.py:171} INFO - Processing /home/airflow/airflow/dags/trigger_rule.py took 0.190 seconds
[2022-03-15 19:34:15,440] {processor.py:163} INFO - Started process (PID=13492) to work on /home/airflow/airflow/dags/trigger_rule.py
[2022-03-15 19:34:15,443] {processor.py:642} INFO - Processing file /home/airflow/airflow/dags/trigger_rule.py for tasks to queue
[2022-03-15 19:34:15,445] {logging_mixin.py:109} INFO - [2022-03-15 19:34:15,444] {dagbag.py:500} INFO - Filling up the DagBag from /home/airflow/airflow/dags/trigger_rule.py
[2022-03-15 19:34:15,541] {processor.py:654} INFO - DAG(s) dict_keys(['trigger_rule']) retrieved from /home/airflow/airflow/dags/trigger_rule.py
[2022-03-15 19:34:16,339] {logging_mixin.py:109} INFO - [2022-03-15 19:34:16,339] {dag.py:2396} INFO - Sync 1 DAGs
[2022-03-15 19:34:16,444] {logging_mixin.py:109} INFO - [2022-03-15 19:34:16,442] {dag.py:2935} INFO - Setting next_dagrun for trigger_rule to 2022-03-15T00:00:00+00:00
[2022-03-15 19:34:16,549] {processor.py:171} INFO - Processing /home/airflow/airflow/dags/trigger_rule.py took 1.116 seconds
[2022-03-15 19:34:46,774] {processor.py:163} INFO - Started process (PID=14086) to work on /home/airflow/airflow/dags/trigger_rule.py
[2022-03-15 19:34:46,776] {processor.py:642} INFO - Processing file /home/airflow/airflow/dags/trigger_rule.py for tasks to queue
[2022-03-15 19:34:46,778] {logging_mixin.py:109} INFO - [2022-03-15 19:34:46,777] {dagbag.py:500} INFO - Filling up the DagBag from /home/airflow/airflow/dags/trigger_rule.py
[2022-03-15 19:34:46,878] {processor.py:654} INFO - DAG(s) dict_keys(['trigger_rule']) retrieved from /home/airflow/airflow/dags/trigger_rule.py
[2022-03-15 19:34:46,893] {logging_mixin.py:109} INFO - [2022-03-15 19:34:46,892] {dag.py:2396} INFO - Sync 1 DAGs
[2022-03-15 19:34:46,941] {logging_mixin.py:109} INFO - [2022-03-15 19:34:46,941] {dag.py:2935} INFO - Setting next_dagrun for trigger_rule to 2022-03-15T00:00:00+00:00
[2022-03-15 19:34:46,979] {processor.py:171} INFO - Processing /home/airflow/airflow/dags/trigger_rule.py took 0.231 seconds
[2022-03-15 19:35:17,326] {processor.py:163} INFO - Started process (PID=14354) to work on /home/airflow/airflow/dags/trigger_rule.py
[2022-03-15 19:35:17,339] {processor.py:642} INFO - Processing file /home/airflow/airflow/dags/trigger_rule.py for tasks to queue
[2022-03-15 19:35:17,339] {logging_mixin.py:109} INFO - [2022-03-15 19:35:17,339] {dagbag.py:500} INFO - Filling up the DagBag from /home/airflow/airflow/dags/trigger_rule.py
[2022-03-15 19:35:17,787] {processor.py:654} INFO - DAG(s) dict_keys(['trigger_rule']) retrieved from /home/airflow/airflow/dags/trigger_rule.py
[2022-03-15 19:35:18,182] {logging_mixin.py:109} INFO - [2022-03-15 19:35:18,176] {dag.py:2396} INFO - Sync 1 DAGs
[2022-03-15 19:35:18,518] {logging_mixin.py:109} INFO - [2022-03-15 19:35:18,518] {dag.py:2935} INFO - Setting next_dagrun for trigger_rule to 2022-03-15T00:00:00+00:00
[2022-03-15 19:35:18,547] {processor.py:171} INFO - Processing /home/airflow/airflow/dags/trigger_rule.py took 1.254 seconds
[2022-03-15 19:35:49,381] {processor.py:163} INFO - Started process (PID=15388) to work on /home/airflow/airflow/dags/trigger_rule.py
[2022-03-15 19:35:49,384] {processor.py:642} INFO - Processing file /home/airflow/airflow/dags/trigger_rule.py for tasks to queue
[2022-03-15 19:35:49,385] {logging_mixin.py:109} INFO - [2022-03-15 19:35:49,385] {dagbag.py:500} INFO - Filling up the DagBag from /home/airflow/airflow/dags/trigger_rule.py
[2022-03-15 19:35:49,566] {processor.py:654} INFO - DAG(s) dict_keys(['trigger_rule']) retrieved from /home/airflow/airflow/dags/trigger_rule.py
[2022-03-15 19:35:49,584] {logging_mixin.py:109} INFO - [2022-03-15 19:35:49,584] {dag.py:2396} INFO - Sync 1 DAGs
[2022-03-15 19:35:49,637] {logging_mixin.py:109} INFO - [2022-03-15 19:35:49,636] {dag.py:2935} INFO - Setting next_dagrun for trigger_rule to 2022-03-15T00:00:00+00:00
[2022-03-15 19:35:49,682] {processor.py:171} INFO - Processing /home/airflow/airflow/dags/trigger_rule.py took 0.303 seconds
[2022-03-15 19:36:20,188] {processor.py:163} INFO - Started process (PID=15499) to work on /home/airflow/airflow/dags/trigger_rule.py
[2022-03-15 19:36:20,190] {processor.py:642} INFO - Processing file /home/airflow/airflow/dags/trigger_rule.py for tasks to queue
[2022-03-15 19:36:20,191] {logging_mixin.py:109} INFO - [2022-03-15 19:36:20,190] {dagbag.py:500} INFO - Filling up the DagBag from /home/airflow/airflow/dags/trigger_rule.py
[2022-03-15 19:36:20,280] {processor.py:654} INFO - DAG(s) dict_keys(['trigger_rule']) retrieved from /home/airflow/airflow/dags/trigger_rule.py
[2022-03-15 19:36:20,292] {logging_mixin.py:109} INFO - [2022-03-15 19:36:20,291] {dag.py:2396} INFO - Sync 1 DAGs
[2022-03-15 19:36:20,335] {logging_mixin.py:109} INFO - [2022-03-15 19:36:20,334] {dag.py:2935} INFO - Setting next_dagrun for trigger_rule to 2022-03-15T00:00:00+00:00
[2022-03-15 19:36:20,372] {processor.py:171} INFO - Processing /home/airflow/airflow/dags/trigger_rule.py took 0.190 seconds
[2022-03-15 19:36:50,821] {processor.py:163} INFO - Started process (PID=15549) to work on /home/airflow/airflow/dags/trigger_rule.py
[2022-03-15 19:36:50,822] {processor.py:642} INFO - Processing file /home/airflow/airflow/dags/trigger_rule.py for tasks to queue
[2022-03-15 19:36:50,822] {logging_mixin.py:109} INFO - [2022-03-15 19:36:50,822] {dagbag.py:500} INFO - Filling up the DagBag from /home/airflow/airflow/dags/trigger_rule.py
[2022-03-15 19:36:50,937] {processor.py:654} INFO - DAG(s) dict_keys(['trigger_rule']) retrieved from /home/airflow/airflow/dags/trigger_rule.py
[2022-03-15 19:36:50,962] {logging_mixin.py:109} INFO - [2022-03-15 19:36:50,962] {dag.py:2396} INFO - Sync 1 DAGs
[2022-03-15 19:36:50,990] {logging_mixin.py:109} INFO - [2022-03-15 19:36:50,989] {dag.py:2935} INFO - Setting next_dagrun for trigger_rule to 2022-03-15T00:00:00+00:00
[2022-03-15 19:36:51,016] {processor.py:171} INFO - Processing /home/airflow/airflow/dags/trigger_rule.py took 0.202 seconds
[2022-03-15 19:37:21,319] {processor.py:163} INFO - Started process (PID=15604) to work on /home/airflow/airflow/dags/trigger_rule.py
[2022-03-15 19:37:21,321] {processor.py:642} INFO - Processing file /home/airflow/airflow/dags/trigger_rule.py for tasks to queue
[2022-03-15 19:37:21,321] {logging_mixin.py:109} INFO - [2022-03-15 19:37:21,321] {dagbag.py:500} INFO - Filling up the DagBag from /home/airflow/airflow/dags/trigger_rule.py
[2022-03-15 19:37:21,417] {processor.py:654} INFO - DAG(s) dict_keys(['trigger_rule']) retrieved from /home/airflow/airflow/dags/trigger_rule.py
[2022-03-15 19:37:21,434] {logging_mixin.py:109} INFO - [2022-03-15 19:37:21,433] {dag.py:2396} INFO - Sync 1 DAGs
[2022-03-15 19:37:21,472] {logging_mixin.py:109} INFO - [2022-03-15 19:37:21,472] {dag.py:2935} INFO - Setting next_dagrun for trigger_rule to 2022-03-15T00:00:00+00:00
[2022-03-15 19:37:21,487] {processor.py:171} INFO - Processing /home/airflow/airflow/dags/trigger_rule.py took 0.171 seconds
[2022-03-15 19:37:51,910] {processor.py:163} INFO - Started process (PID=15653) to work on /home/airflow/airflow/dags/trigger_rule.py
[2022-03-15 19:37:51,913] {processor.py:642} INFO - Processing file /home/airflow/airflow/dags/trigger_rule.py for tasks to queue
[2022-03-15 19:37:51,914] {logging_mixin.py:109} INFO - [2022-03-15 19:37:51,914] {dagbag.py:500} INFO - Filling up the DagBag from /home/airflow/airflow/dags/trigger_rule.py
[2022-03-15 19:37:52,016] {processor.py:654} INFO - DAG(s) dict_keys(['trigger_rule']) retrieved from /home/airflow/airflow/dags/trigger_rule.py
[2022-03-15 19:37:52,043] {logging_mixin.py:109} INFO - [2022-03-15 19:37:52,043] {dag.py:2396} INFO - Sync 1 DAGs
[2022-03-15 19:37:52,085] {logging_mixin.py:109} INFO - [2022-03-15 19:37:52,084] {dag.py:2935} INFO - Setting next_dagrun for trigger_rule to 2022-03-15T00:00:00+00:00
[2022-03-15 19:37:52,105] {processor.py:171} INFO - Processing /home/airflow/airflow/dags/trigger_rule.py took 0.199 seconds
[2022-03-15 19:38:22,459] {processor.py:163} INFO - Started process (PID=15702) to work on /home/airflow/airflow/dags/trigger_rule.py
[2022-03-15 19:38:22,461] {processor.py:642} INFO - Processing file /home/airflow/airflow/dags/trigger_rule.py for tasks to queue
[2022-03-15 19:38:22,462] {logging_mixin.py:109} INFO - [2022-03-15 19:38:22,462] {dagbag.py:500} INFO - Filling up the DagBag from /home/airflow/airflow/dags/trigger_rule.py
[2022-03-15 19:38:22,566] {processor.py:654} INFO - DAG(s) dict_keys(['trigger_rule']) retrieved from /home/airflow/airflow/dags/trigger_rule.py
[2022-03-15 19:38:22,586] {logging_mixin.py:109} INFO - [2022-03-15 19:38:22,586] {dag.py:2396} INFO - Sync 1 DAGs
[2022-03-15 19:38:22,624] {logging_mixin.py:109} INFO - [2022-03-15 19:38:22,624] {dag.py:2935} INFO - Setting next_dagrun for trigger_rule to 2022-03-15T00:00:00+00:00
[2022-03-15 19:38:22,638] {processor.py:171} INFO - Processing /home/airflow/airflow/dags/trigger_rule.py took 0.185 seconds
[2022-03-15 19:38:52,875] {processor.py:163} INFO - Started process (PID=15757) to work on /home/airflow/airflow/dags/trigger_rule.py
[2022-03-15 19:38:52,878] {processor.py:642} INFO - Processing file /home/airflow/airflow/dags/trigger_rule.py for tasks to queue
[2022-03-15 19:38:52,884] {logging_mixin.py:109} INFO - [2022-03-15 19:38:52,884] {dagbag.py:500} INFO - Filling up the DagBag from /home/airflow/airflow/dags/trigger_rule.py
[2022-03-15 19:38:52,982] {processor.py:654} INFO - DAG(s) dict_keys(['trigger_rule']) retrieved from /home/airflow/airflow/dags/trigger_rule.py
[2022-03-15 19:38:53,008] {logging_mixin.py:109} INFO - [2022-03-15 19:38:53,007] {dag.py:2396} INFO - Sync 1 DAGs
[2022-03-15 19:38:53,035] {logging_mixin.py:109} INFO - [2022-03-15 19:38:53,035] {dag.py:2935} INFO - Setting next_dagrun for trigger_rule to 2022-03-15T00:00:00+00:00
[2022-03-15 19:38:53,062] {processor.py:171} INFO - Processing /home/airflow/airflow/dags/trigger_rule.py took 0.205 seconds
[2022-03-15 19:39:23,953] {processor.py:163} INFO - Started process (PID=15812) to work on /home/airflow/airflow/dags/trigger_rule.py
[2022-03-15 19:39:23,954] {processor.py:642} INFO - Processing file /home/airflow/airflow/dags/trigger_rule.py for tasks to queue
[2022-03-15 19:39:23,955] {logging_mixin.py:109} INFO - [2022-03-15 19:39:23,954] {dagbag.py:500} INFO - Filling up the DagBag from /home/airflow/airflow/dags/trigger_rule.py
[2022-03-15 19:39:24,012] {processor.py:654} INFO - DAG(s) dict_keys(['trigger_rule']) retrieved from /home/airflow/airflow/dags/trigger_rule.py
[2022-03-15 19:39:24,033] {logging_mixin.py:109} INFO - [2022-03-15 19:39:24,033] {dag.py:2396} INFO - Sync 1 DAGs
[2022-03-15 19:39:24,066] {logging_mixin.py:109} INFO - [2022-03-15 19:39:24,066] {dag.py:2935} INFO - Setting next_dagrun for trigger_rule to 2022-03-15T00:00:00+00:00
[2022-03-15 19:39:24,080] {processor.py:171} INFO - Processing /home/airflow/airflow/dags/trigger_rule.py took 0.135 seconds
[2022-03-15 19:39:54,162] {processor.py:163} INFO - Started process (PID=15862) to work on /home/airflow/airflow/dags/trigger_rule.py
[2022-03-15 19:39:54,163] {processor.py:642} INFO - Processing file /home/airflow/airflow/dags/trigger_rule.py for tasks to queue
[2022-03-15 19:39:54,163] {logging_mixin.py:109} INFO - [2022-03-15 19:39:54,163] {dagbag.py:500} INFO - Filling up the DagBag from /home/airflow/airflow/dags/trigger_rule.py
[2022-03-15 19:39:54,214] {processor.py:654} INFO - DAG(s) dict_keys(['trigger_rule']) retrieved from /home/airflow/airflow/dags/trigger_rule.py
[2022-03-15 19:39:54,244] {logging_mixin.py:109} INFO - [2022-03-15 19:39:54,244] {dag.py:2396} INFO - Sync 1 DAGs
[2022-03-15 19:39:54,287] {logging_mixin.py:109} INFO - [2022-03-15 19:39:54,286] {dag.py:2935} INFO - Setting next_dagrun for trigger_rule to 2022-03-15T00:00:00+00:00
[2022-03-15 19:39:54,301] {processor.py:171} INFO - Processing /home/airflow/airflow/dags/trigger_rule.py took 0.144 seconds
[2022-03-15 19:40:25,192] {processor.py:163} INFO - Started process (PID=16310) to work on /home/airflow/airflow/dags/trigger_rule.py
[2022-03-15 19:40:25,196] {processor.py:642} INFO - Processing file /home/airflow/airflow/dags/trigger_rule.py for tasks to queue
[2022-03-15 19:40:25,197] {logging_mixin.py:109} INFO - [2022-03-15 19:40:25,197] {dagbag.py:500} INFO - Filling up the DagBag from /home/airflow/airflow/dags/trigger_rule.py
[2022-03-15 19:40:25,280] {processor.py:654} INFO - DAG(s) dict_keys(['trigger_rule']) retrieved from /home/airflow/airflow/dags/trigger_rule.py
[2022-03-15 19:40:25,293] {logging_mixin.py:109} INFO - [2022-03-15 19:40:25,293] {dag.py:2396} INFO - Sync 1 DAGs
[2022-03-15 19:40:25,319] {logging_mixin.py:109} INFO - [2022-03-15 19:40:25,319] {dag.py:2935} INFO - Setting next_dagrun for trigger_rule to 2022-03-15T00:00:00+00:00
[2022-03-15 19:40:25,351] {processor.py:171} INFO - Processing /home/airflow/airflow/dags/trigger_rule.py took 0.163 seconds
[2022-03-15 19:40:55,639] {processor.py:163} INFO - Started process (PID=16464) to work on /home/airflow/airflow/dags/trigger_rule.py
[2022-03-15 19:40:55,641] {processor.py:642} INFO - Processing file /home/airflow/airflow/dags/trigger_rule.py for tasks to queue
[2022-03-15 19:40:55,643] {logging_mixin.py:109} INFO - [2022-03-15 19:40:55,643] {dagbag.py:500} INFO - Filling up the DagBag from /home/airflow/airflow/dags/trigger_rule.py
[2022-03-15 19:40:55,740] {processor.py:654} INFO - DAG(s) dict_keys(['trigger_rule']) retrieved from /home/airflow/airflow/dags/trigger_rule.py
[2022-03-15 19:40:55,756] {logging_mixin.py:109} INFO - [2022-03-15 19:40:55,756] {dag.py:2396} INFO - Sync 1 DAGs
[2022-03-15 19:40:55,799] {logging_mixin.py:109} INFO - [2022-03-15 19:40:55,799] {dag.py:2935} INFO - Setting next_dagrun for trigger_rule to 2022-03-15T00:00:00+00:00
[2022-03-15 19:40:55,811] {processor.py:171} INFO - Processing /home/airflow/airflow/dags/trigger_rule.py took 0.192 seconds
[2022-03-15 19:41:26,261] {processor.py:163} INFO - Started process (PID=17117) to work on /home/airflow/airflow/dags/trigger_rule.py
[2022-03-15 19:41:26,389] {processor.py:642} INFO - Processing file /home/airflow/airflow/dags/trigger_rule.py for tasks to queue
[2022-03-15 19:41:26,390] {logging_mixin.py:109} INFO - [2022-03-15 19:41:26,390] {dagbag.py:500} INFO - Filling up the DagBag from /home/airflow/airflow/dags/trigger_rule.py
[2022-03-15 19:41:26,664] {processor.py:654} INFO - DAG(s) dict_keys(['trigger_rule']) retrieved from /home/airflow/airflow/dags/trigger_rule.py
[2022-03-15 19:41:26,888] {logging_mixin.py:109} INFO - [2022-03-15 19:41:26,888] {dag.py:2396} INFO - Sync 1 DAGs
[2022-03-15 19:41:27,007] {logging_mixin.py:109} INFO - [2022-03-15 19:41:27,006] {dag.py:2935} INFO - Setting next_dagrun for trigger_rule to 2022-03-15T00:00:00+00:00
[2022-03-15 19:41:27,109] {processor.py:171} INFO - Processing /home/airflow/airflow/dags/trigger_rule.py took 0.859 seconds
[2022-03-15 19:41:57,887] {processor.py:163} INFO - Started process (PID=17489) to work on /home/airflow/airflow/dags/trigger_rule.py
[2022-03-15 19:41:57,888] {processor.py:642} INFO - Processing file /home/airflow/airflow/dags/trigger_rule.py for tasks to queue
[2022-03-15 19:41:57,890] {logging_mixin.py:109} INFO - [2022-03-15 19:41:57,890] {dagbag.py:500} INFO - Filling up the DagBag from /home/airflow/airflow/dags/trigger_rule.py
[2022-03-15 19:41:57,958] {processor.py:654} INFO - DAG(s) dict_keys(['trigger_rule']) retrieved from /home/airflow/airflow/dags/trigger_rule.py
[2022-03-15 19:41:57,992] {logging_mixin.py:109} INFO - [2022-03-15 19:41:57,992] {dag.py:2396} INFO - Sync 1 DAGs
[2022-03-15 19:41:58,057] {logging_mixin.py:109} INFO - [2022-03-15 19:41:58,056] {dag.py:2935} INFO - Setting next_dagrun for trigger_rule to 2022-03-15T00:00:00+00:00
[2022-03-15 19:41:58,088] {processor.py:171} INFO - Processing /home/airflow/airflow/dags/trigger_rule.py took 0.228 seconds
[2022-03-15 19:42:28,812] {processor.py:163} INFO - Started process (PID=18031) to work on /home/airflow/airflow/dags/trigger_rule.py
[2022-03-15 19:42:28,993] {processor.py:642} INFO - Processing file /home/airflow/airflow/dags/trigger_rule.py for tasks to queue
[2022-03-15 19:42:29,010] {logging_mixin.py:109} INFO - [2022-03-15 19:42:29,009] {dagbag.py:500} INFO - Filling up the DagBag from /home/airflow/airflow/dags/trigger_rule.py
[2022-03-15 19:42:30,132] {processor.py:654} INFO - DAG(s) dict_keys(['trigger_rule']) retrieved from /home/airflow/airflow/dags/trigger_rule.py
[2022-03-15 19:42:30,348] {logging_mixin.py:109} INFO - [2022-03-15 19:42:30,347] {dag.py:2396} INFO - Sync 1 DAGs
[2022-03-15 19:42:30,537] {logging_mixin.py:109} INFO - [2022-03-15 19:42:30,537] {dag.py:2935} INFO - Setting next_dagrun for trigger_rule to 2022-03-15T00:00:00+00:00
[2022-03-15 19:42:30,660] {processor.py:171} INFO - Processing /home/airflow/airflow/dags/trigger_rule.py took 1.872 seconds
[2022-03-15 19:43:01,308] {processor.py:163} INFO - Started process (PID=18707) to work on /home/airflow/airflow/dags/trigger_rule.py
[2022-03-15 19:43:01,309] {processor.py:642} INFO - Processing file /home/airflow/airflow/dags/trigger_rule.py for tasks to queue
[2022-03-15 19:43:01,310] {logging_mixin.py:109} INFO - [2022-03-15 19:43:01,310] {dagbag.py:500} INFO - Filling up the DagBag from /home/airflow/airflow/dags/trigger_rule.py
[2022-03-15 19:43:01,442] {processor.py:654} INFO - DAG(s) dict_keys(['trigger_rule']) retrieved from /home/airflow/airflow/dags/trigger_rule.py
[2022-03-15 19:43:01,456] {logging_mixin.py:109} INFO - [2022-03-15 19:43:01,456] {dag.py:2396} INFO - Sync 1 DAGs
[2022-03-15 19:43:01,505] {logging_mixin.py:109} INFO - [2022-03-15 19:43:01,505] {dag.py:2935} INFO - Setting next_dagrun for trigger_rule to 2022-03-15T00:00:00+00:00
[2022-03-15 19:43:01,541] {processor.py:171} INFO - Processing /home/airflow/airflow/dags/trigger_rule.py took 0.240 seconds
[2022-03-15 19:43:32,082] {processor.py:163} INFO - Started process (PID=18756) to work on /home/airflow/airflow/dags/trigger_rule.py
[2022-03-15 19:43:32,085] {processor.py:642} INFO - Processing file /home/airflow/airflow/dags/trigger_rule.py for tasks to queue
[2022-03-15 19:43:32,086] {logging_mixin.py:109} INFO - [2022-03-15 19:43:32,085] {dagbag.py:500} INFO - Filling up the DagBag from /home/airflow/airflow/dags/trigger_rule.py
[2022-03-15 19:43:32,137] {processor.py:654} INFO - DAG(s) dict_keys(['trigger_rule']) retrieved from /home/airflow/airflow/dags/trigger_rule.py
[2022-03-15 19:43:32,159] {logging_mixin.py:109} INFO - [2022-03-15 19:43:32,159] {dag.py:2396} INFO - Sync 1 DAGs
[2022-03-15 19:43:32,206] {logging_mixin.py:109} INFO - [2022-03-15 19:43:32,206] {dag.py:2935} INFO - Setting next_dagrun for trigger_rule to 2022-03-15T00:00:00+00:00
[2022-03-15 19:43:32,249] {processor.py:171} INFO - Processing /home/airflow/airflow/dags/trigger_rule.py took 0.191 seconds
[2022-03-15 19:44:02,855] {processor.py:163} INFO - Started process (PID=18812) to work on /home/airflow/airflow/dags/trigger_rule.py
[2022-03-15 19:44:02,858] {processor.py:642} INFO - Processing file /home/airflow/airflow/dags/trigger_rule.py for tasks to queue
[2022-03-15 19:44:02,860] {logging_mixin.py:109} INFO - [2022-03-15 19:44:02,859] {dagbag.py:500} INFO - Filling up the DagBag from /home/airflow/airflow/dags/trigger_rule.py
[2022-03-15 19:44:02,905] {processor.py:654} INFO - DAG(s) dict_keys(['trigger_rule']) retrieved from /home/airflow/airflow/dags/trigger_rule.py
[2022-03-15 19:44:02,935] {logging_mixin.py:109} INFO - [2022-03-15 19:44:02,935] {dag.py:2396} INFO - Sync 1 DAGs
[2022-03-15 19:44:02,957] {logging_mixin.py:109} INFO - [2022-03-15 19:44:02,956] {dag.py:2935} INFO - Setting next_dagrun for trigger_rule to 2022-03-15T00:00:00+00:00
[2022-03-15 19:44:02,983] {processor.py:171} INFO - Processing /home/airflow/airflow/dags/trigger_rule.py took 0.133 seconds
[2022-03-15 19:44:33,084] {processor.py:163} INFO - Started process (PID=18866) to work on /home/airflow/airflow/dags/trigger_rule.py
[2022-03-15 19:44:33,085] {processor.py:642} INFO - Processing file /home/airflow/airflow/dags/trigger_rule.py for tasks to queue
[2022-03-15 19:44:33,085] {logging_mixin.py:109} INFO - [2022-03-15 19:44:33,085] {dagbag.py:500} INFO - Filling up the DagBag from /home/airflow/airflow/dags/trigger_rule.py
[2022-03-15 19:44:33,149] {processor.py:654} INFO - DAG(s) dict_keys(['trigger_rule']) retrieved from /home/airflow/airflow/dags/trigger_rule.py
[2022-03-15 19:44:33,165] {logging_mixin.py:109} INFO - [2022-03-15 19:44:33,163] {dag.py:2396} INFO - Sync 1 DAGs
[2022-03-15 19:44:33,188] {logging_mixin.py:109} INFO - [2022-03-15 19:44:33,188] {dag.py:2935} INFO - Setting next_dagrun for trigger_rule to 2022-03-15T00:00:00+00:00
[2022-03-15 19:44:33,202] {processor.py:171} INFO - Processing /home/airflow/airflow/dags/trigger_rule.py took 0.124 seconds
[2022-03-15 19:45:03,501] {processor.py:163} INFO - Started process (PID=18919) to work on /home/airflow/airflow/dags/trigger_rule.py
[2022-03-15 19:45:03,503] {processor.py:642} INFO - Processing file /home/airflow/airflow/dags/trigger_rule.py for tasks to queue
[2022-03-15 19:45:03,503] {logging_mixin.py:109} INFO - [2022-03-15 19:45:03,503] {dagbag.py:500} INFO - Filling up the DagBag from /home/airflow/airflow/dags/trigger_rule.py
[2022-03-15 19:45:03,539] {processor.py:654} INFO - DAG(s) dict_keys(['trigger_rule']) retrieved from /home/airflow/airflow/dags/trigger_rule.py
[2022-03-15 19:45:03,552] {logging_mixin.py:109} INFO - [2022-03-15 19:45:03,552] {dag.py:2396} INFO - Sync 1 DAGs
[2022-03-15 19:45:03,574] {logging_mixin.py:109} INFO - [2022-03-15 19:45:03,574] {dag.py:2935} INFO - Setting next_dagrun for trigger_rule to 2022-03-15T00:00:00+00:00
[2022-03-15 19:45:03,589] {processor.py:171} INFO - Processing /home/airflow/airflow/dags/trigger_rule.py took 0.091 seconds
[2022-03-15 19:45:33,883] {processor.py:163} INFO - Started process (PID=19227) to work on /home/airflow/airflow/dags/trigger_rule.py
[2022-03-15 19:45:33,885] {processor.py:642} INFO - Processing file /home/airflow/airflow/dags/trigger_rule.py for tasks to queue
[2022-03-15 19:45:33,885] {logging_mixin.py:109} INFO - [2022-03-15 19:45:33,885] {dagbag.py:500} INFO - Filling up the DagBag from /home/airflow/airflow/dags/trigger_rule.py
[2022-03-15 19:45:33,940] {processor.py:654} INFO - DAG(s) dict_keys(['trigger_rule']) retrieved from /home/airflow/airflow/dags/trigger_rule.py
[2022-03-15 19:45:33,981] {logging_mixin.py:109} INFO - [2022-03-15 19:45:33,981] {dag.py:2396} INFO - Sync 1 DAGs
[2022-03-15 19:45:34,015] {logging_mixin.py:109} INFO - [2022-03-15 19:45:34,015] {dag.py:2935} INFO - Setting next_dagrun for trigger_rule to 2022-03-15T00:00:00+00:00
[2022-03-15 19:45:34,026] {processor.py:171} INFO - Processing /home/airflow/airflow/dags/trigger_rule.py took 0.147 seconds
[2022-03-15 19:46:04,331] {processor.py:163} INFO - Started process (PID=19283) to work on /home/airflow/airflow/dags/trigger_rule.py
[2022-03-15 19:46:04,333] {processor.py:642} INFO - Processing file /home/airflow/airflow/dags/trigger_rule.py for tasks to queue
[2022-03-15 19:46:04,335] {logging_mixin.py:109} INFO - [2022-03-15 19:46:04,334] {dagbag.py:500} INFO - Filling up the DagBag from /home/airflow/airflow/dags/trigger_rule.py
[2022-03-15 19:46:04,429] {processor.py:654} INFO - DAG(s) dict_keys(['trigger_rule']) retrieved from /home/airflow/airflow/dags/trigger_rule.py
[2022-03-15 19:46:04,440] {logging_mixin.py:109} INFO - [2022-03-15 19:46:04,440] {dag.py:2396} INFO - Sync 1 DAGs
[2022-03-15 19:46:04,467] {logging_mixin.py:109} INFO - [2022-03-15 19:46:04,466] {dag.py:2935} INFO - Setting next_dagrun for trigger_rule to 2022-03-15T00:00:00+00:00
[2022-03-15 19:46:04,486] {processor.py:171} INFO - Processing /home/airflow/airflow/dags/trigger_rule.py took 0.159 seconds
[2022-03-15 19:46:34,852] {processor.py:163} INFO - Started process (PID=19338) to work on /home/airflow/airflow/dags/trigger_rule.py
[2022-03-15 19:46:34,855] {processor.py:642} INFO - Processing file /home/airflow/airflow/dags/trigger_rule.py for tasks to queue
[2022-03-15 19:46:34,855] {logging_mixin.py:109} INFO - [2022-03-15 19:46:34,855] {dagbag.py:500} INFO - Filling up the DagBag from /home/airflow/airflow/dags/trigger_rule.py
[2022-03-15 19:46:34,919] {processor.py:654} INFO - DAG(s) dict_keys(['trigger_rule']) retrieved from /home/airflow/airflow/dags/trigger_rule.py
[2022-03-15 19:46:34,929] {logging_mixin.py:109} INFO - [2022-03-15 19:46:34,929] {dag.py:2396} INFO - Sync 1 DAGs
[2022-03-15 19:46:34,953] {logging_mixin.py:109} INFO - [2022-03-15 19:46:34,952] {dag.py:2935} INFO - Setting next_dagrun for trigger_rule to 2022-03-15T00:00:00+00:00
[2022-03-15 19:46:34,970] {processor.py:171} INFO - Processing /home/airflow/airflow/dags/trigger_rule.py took 0.125 seconds
[2022-03-15 19:47:05,205] {processor.py:163} INFO - Started process (PID=19393) to work on /home/airflow/airflow/dags/trigger_rule.py
[2022-03-15 19:47:05,206] {processor.py:642} INFO - Processing file /home/airflow/airflow/dags/trigger_rule.py for tasks to queue
[2022-03-15 19:47:05,206] {logging_mixin.py:109} INFO - [2022-03-15 19:47:05,206] {dagbag.py:500} INFO - Filling up the DagBag from /home/airflow/airflow/dags/trigger_rule.py
[2022-03-15 19:47:05,242] {processor.py:654} INFO - DAG(s) dict_keys(['trigger_rule']) retrieved from /home/airflow/airflow/dags/trigger_rule.py
[2022-03-15 19:47:05,250] {logging_mixin.py:109} INFO - [2022-03-15 19:47:05,250] {dag.py:2396} INFO - Sync 1 DAGs
[2022-03-15 19:47:05,282] {logging_mixin.py:109} INFO - [2022-03-15 19:47:05,282] {dag.py:2935} INFO - Setting next_dagrun for trigger_rule to 2022-03-15T00:00:00+00:00
[2022-03-15 19:47:05,304] {processor.py:171} INFO - Processing /home/airflow/airflow/dags/trigger_rule.py took 0.105 seconds
[2022-03-15 19:47:35,535] {processor.py:163} INFO - Started process (PID=19442) to work on /home/airflow/airflow/dags/trigger_rule.py
[2022-03-15 19:47:35,537] {processor.py:642} INFO - Processing file /home/airflow/airflow/dags/trigger_rule.py for tasks to queue
[2022-03-15 19:47:35,537] {logging_mixin.py:109} INFO - [2022-03-15 19:47:35,537] {dagbag.py:500} INFO - Filling up the DagBag from /home/airflow/airflow/dags/trigger_rule.py
[2022-03-15 19:47:35,593] {processor.py:654} INFO - DAG(s) dict_keys(['trigger_rule']) retrieved from /home/airflow/airflow/dags/trigger_rule.py
[2022-03-15 19:47:35,616] {logging_mixin.py:109} INFO - [2022-03-15 19:47:35,616] {dag.py:2396} INFO - Sync 1 DAGs
[2022-03-15 19:47:35,640] {logging_mixin.py:109} INFO - [2022-03-15 19:47:35,640] {dag.py:2935} INFO - Setting next_dagrun for trigger_rule to 2022-03-15T00:00:00+00:00
[2022-03-15 19:47:35,655] {processor.py:171} INFO - Processing /home/airflow/airflow/dags/trigger_rule.py took 0.123 seconds
[2022-03-15 19:48:05,876] {processor.py:163} INFO - Started process (PID=19498) to work on /home/airflow/airflow/dags/trigger_rule.py
[2022-03-15 19:48:05,880] {processor.py:642} INFO - Processing file /home/airflow/airflow/dags/trigger_rule.py for tasks to queue
[2022-03-15 19:48:05,881] {logging_mixin.py:109} INFO - [2022-03-15 19:48:05,881] {dagbag.py:500} INFO - Filling up the DagBag from /home/airflow/airflow/dags/trigger_rule.py
[2022-03-15 19:48:05,920] {processor.py:654} INFO - DAG(s) dict_keys(['trigger_rule']) retrieved from /home/airflow/airflow/dags/trigger_rule.py
[2022-03-15 19:48:05,933] {logging_mixin.py:109} INFO - [2022-03-15 19:48:05,933] {dag.py:2396} INFO - Sync 1 DAGs
[2022-03-15 19:48:05,955] {logging_mixin.py:109} INFO - [2022-03-15 19:48:05,954] {dag.py:2935} INFO - Setting next_dagrun for trigger_rule to 2022-03-15T00:00:00+00:00
[2022-03-15 19:48:05,970] {processor.py:171} INFO - Processing /home/airflow/airflow/dags/trigger_rule.py took 0.098 seconds
[2022-03-15 19:48:36,337] {processor.py:163} INFO - Started process (PID=19553) to work on /home/airflow/airflow/dags/trigger_rule.py
[2022-03-15 19:48:36,341] {processor.py:642} INFO - Processing file /home/airflow/airflow/dags/trigger_rule.py for tasks to queue
[2022-03-15 19:48:36,342] {logging_mixin.py:109} INFO - [2022-03-15 19:48:36,342] {dagbag.py:500} INFO - Filling up the DagBag from /home/airflow/airflow/dags/trigger_rule.py
[2022-03-15 19:48:36,388] {processor.py:654} INFO - DAG(s) dict_keys(['trigger_rule']) retrieved from /home/airflow/airflow/dags/trigger_rule.py
[2022-03-15 19:48:36,404] {logging_mixin.py:109} INFO - [2022-03-15 19:48:36,404] {dag.py:2396} INFO - Sync 1 DAGs
[2022-03-15 19:48:36,420] {logging_mixin.py:109} INFO - [2022-03-15 19:48:36,420] {dag.py:2935} INFO - Setting next_dagrun for trigger_rule to 2022-03-15T00:00:00+00:00
[2022-03-15 19:48:36,429] {processor.py:171} INFO - Processing /home/airflow/airflow/dags/trigger_rule.py took 0.099 seconds
[2022-03-15 19:49:06,729] {processor.py:163} INFO - Started process (PID=19608) to work on /home/airflow/airflow/dags/trigger_rule.py
[2022-03-15 19:49:06,730] {processor.py:642} INFO - Processing file /home/airflow/airflow/dags/trigger_rule.py for tasks to queue
[2022-03-15 19:49:06,730] {logging_mixin.py:109} INFO - [2022-03-15 19:49:06,730] {dagbag.py:500} INFO - Filling up the DagBag from /home/airflow/airflow/dags/trigger_rule.py
[2022-03-15 19:49:06,778] {processor.py:654} INFO - DAG(s) dict_keys(['trigger_rule']) retrieved from /home/airflow/airflow/dags/trigger_rule.py
[2022-03-15 19:49:06,794] {logging_mixin.py:109} INFO - [2022-03-15 19:49:06,794] {dag.py:2396} INFO - Sync 1 DAGs
[2022-03-15 19:49:06,823] {logging_mixin.py:109} INFO - [2022-03-15 19:49:06,823] {dag.py:2935} INFO - Setting next_dagrun for trigger_rule to 2022-03-15T00:00:00+00:00
[2022-03-15 19:49:06,835] {processor.py:171} INFO - Processing /home/airflow/airflow/dags/trigger_rule.py took 0.109 seconds
[2022-03-15 19:49:37,082] {processor.py:163} INFO - Started process (PID=19663) to work on /home/airflow/airflow/dags/trigger_rule.py
[2022-03-15 19:49:37,084] {processor.py:642} INFO - Processing file /home/airflow/airflow/dags/trigger_rule.py for tasks to queue
[2022-03-15 19:49:37,084] {logging_mixin.py:109} INFO - [2022-03-15 19:49:37,084] {dagbag.py:500} INFO - Filling up the DagBag from /home/airflow/airflow/dags/trigger_rule.py
[2022-03-15 19:49:37,127] {processor.py:654} INFO - DAG(s) dict_keys(['trigger_rule']) retrieved from /home/airflow/airflow/dags/trigger_rule.py
[2022-03-15 19:49:37,138] {logging_mixin.py:109} INFO - [2022-03-15 19:49:37,138] {dag.py:2396} INFO - Sync 1 DAGs
[2022-03-15 19:49:37,155] {logging_mixin.py:109} INFO - [2022-03-15 19:49:37,155] {dag.py:2935} INFO - Setting next_dagrun for trigger_rule to 2022-03-15T00:00:00+00:00
[2022-03-15 19:49:37,165] {processor.py:171} INFO - Processing /home/airflow/airflow/dags/trigger_rule.py took 0.091 seconds
[2022-03-15 19:50:07,526] {processor.py:163} INFO - Started process (PID=19725) to work on /home/airflow/airflow/dags/trigger_rule.py
[2022-03-15 19:50:07,527] {processor.py:642} INFO - Processing file /home/airflow/airflow/dags/trigger_rule.py for tasks to queue
[2022-03-15 19:50:07,528] {logging_mixin.py:109} INFO - [2022-03-15 19:50:07,528] {dagbag.py:500} INFO - Filling up the DagBag from /home/airflow/airflow/dags/trigger_rule.py
[2022-03-15 19:50:07,564] {processor.py:654} INFO - DAG(s) dict_keys(['trigger_rule']) retrieved from /home/airflow/airflow/dags/trigger_rule.py
[2022-03-15 19:50:07,574] {logging_mixin.py:109} INFO - [2022-03-15 19:50:07,574] {dag.py:2396} INFO - Sync 1 DAGs
[2022-03-15 19:50:07,591] {logging_mixin.py:109} INFO - [2022-03-15 19:50:07,591] {dag.py:2935} INFO - Setting next_dagrun for trigger_rule to 2022-03-15T00:00:00+00:00
[2022-03-15 19:50:07,607] {processor.py:171} INFO - Processing /home/airflow/airflow/dags/trigger_rule.py took 0.083 seconds
[2022-03-15 19:50:37,865] {processor.py:163} INFO - Started process (PID=20032) to work on /home/airflow/airflow/dags/trigger_rule.py
[2022-03-15 19:50:37,867] {processor.py:642} INFO - Processing file /home/airflow/airflow/dags/trigger_rule.py for tasks to queue
[2022-03-15 19:50:37,867] {logging_mixin.py:109} INFO - [2022-03-15 19:50:37,867] {dagbag.py:500} INFO - Filling up the DagBag from /home/airflow/airflow/dags/trigger_rule.py
[2022-03-15 19:50:37,938] {processor.py:654} INFO - DAG(s) dict_keys(['trigger_rule']) retrieved from /home/airflow/airflow/dags/trigger_rule.py
[2022-03-15 19:50:37,974] {logging_mixin.py:109} INFO - [2022-03-15 19:50:37,974] {dag.py:2396} INFO - Sync 1 DAGs
[2022-03-15 19:50:37,999] {logging_mixin.py:109} INFO - [2022-03-15 19:50:37,999] {dag.py:2935} INFO - Setting next_dagrun for trigger_rule to 2022-03-15T00:00:00+00:00
[2022-03-15 19:50:38,011] {processor.py:171} INFO - Processing /home/airflow/airflow/dags/trigger_rule.py took 0.150 seconds
[2022-03-15 19:51:08,188] {processor.py:163} INFO - Started process (PID=20087) to work on /home/airflow/airflow/dags/trigger_rule.py
[2022-03-15 19:51:08,191] {processor.py:642} INFO - Processing file /home/airflow/airflow/dags/trigger_rule.py for tasks to queue
[2022-03-15 19:51:08,192] {logging_mixin.py:109} INFO - [2022-03-15 19:51:08,192] {dagbag.py:500} INFO - Filling up the DagBag from /home/airflow/airflow/dags/trigger_rule.py
[2022-03-15 19:51:08,235] {processor.py:654} INFO - DAG(s) dict_keys(['trigger_rule']) retrieved from /home/airflow/airflow/dags/trigger_rule.py
[2022-03-15 19:51:08,245] {logging_mixin.py:109} INFO - [2022-03-15 19:51:08,245] {dag.py:2396} INFO - Sync 1 DAGs
[2022-03-15 19:51:08,266] {logging_mixin.py:109} INFO - [2022-03-15 19:51:08,266] {dag.py:2935} INFO - Setting next_dagrun for trigger_rule to 2022-03-15T00:00:00+00:00
[2022-03-15 19:51:08,275] {processor.py:171} INFO - Processing /home/airflow/airflow/dags/trigger_rule.py took 0.093 seconds
[2022-03-15 19:51:38,473] {processor.py:163} INFO - Started process (PID=20142) to work on /home/airflow/airflow/dags/trigger_rule.py
[2022-03-15 19:51:38,474] {processor.py:642} INFO - Processing file /home/airflow/airflow/dags/trigger_rule.py for tasks to queue
[2022-03-15 19:51:38,475] {logging_mixin.py:109} INFO - [2022-03-15 19:51:38,475] {dagbag.py:500} INFO - Filling up the DagBag from /home/airflow/airflow/dags/trigger_rule.py
[2022-03-15 19:51:38,517] {processor.py:654} INFO - DAG(s) dict_keys(['trigger_rule']) retrieved from /home/airflow/airflow/dags/trigger_rule.py
[2022-03-15 19:51:38,526] {logging_mixin.py:109} INFO - [2022-03-15 19:51:38,526] {dag.py:2396} INFO - Sync 1 DAGs
[2022-03-15 19:51:38,541] {logging_mixin.py:109} INFO - [2022-03-15 19:51:38,541] {dag.py:2935} INFO - Setting next_dagrun for trigger_rule to 2022-03-15T00:00:00+00:00
[2022-03-15 19:51:38,560] {processor.py:171} INFO - Processing /home/airflow/airflow/dags/trigger_rule.py took 0.093 seconds
[2022-03-15 19:52:08,775] {processor.py:163} INFO - Started process (PID=20197) to work on /home/airflow/airflow/dags/trigger_rule.py
[2022-03-15 19:52:08,776] {processor.py:642} INFO - Processing file /home/airflow/airflow/dags/trigger_rule.py for tasks to queue
[2022-03-15 19:52:08,776] {logging_mixin.py:109} INFO - [2022-03-15 19:52:08,776] {dagbag.py:500} INFO - Filling up the DagBag from /home/airflow/airflow/dags/trigger_rule.py
[2022-03-15 19:52:08,807] {processor.py:654} INFO - DAG(s) dict_keys(['trigger_rule']) retrieved from /home/airflow/airflow/dags/trigger_rule.py
[2022-03-15 19:52:08,833] {logging_mixin.py:109} INFO - [2022-03-15 19:52:08,833] {dag.py:2396} INFO - Sync 1 DAGs
[2022-03-15 19:52:08,862] {logging_mixin.py:109} INFO - [2022-03-15 19:52:08,862] {dag.py:2935} INFO - Setting next_dagrun for trigger_rule to 2022-03-15T00:00:00+00:00
[2022-03-15 19:52:08,881] {processor.py:171} INFO - Processing /home/airflow/airflow/dags/trigger_rule.py took 0.109 seconds
[2022-03-15 19:52:39,133] {processor.py:163} INFO - Started process (PID=20258) to work on /home/airflow/airflow/dags/trigger_rule.py
[2022-03-15 19:52:39,134] {processor.py:642} INFO - Processing file /home/airflow/airflow/dags/trigger_rule.py for tasks to queue
[2022-03-15 19:52:39,134] {logging_mixin.py:109} INFO - [2022-03-15 19:52:39,134] {dagbag.py:500} INFO - Filling up the DagBag from /home/airflow/airflow/dags/trigger_rule.py
[2022-03-15 19:52:39,175] {processor.py:654} INFO - DAG(s) dict_keys(['trigger_rule']) retrieved from /home/airflow/airflow/dags/trigger_rule.py
[2022-03-15 19:52:39,191] {logging_mixin.py:109} INFO - [2022-03-15 19:52:39,191] {dag.py:2396} INFO - Sync 1 DAGs
[2022-03-15 19:52:39,227] {logging_mixin.py:109} INFO - [2022-03-15 19:52:39,227] {dag.py:2935} INFO - Setting next_dagrun for trigger_rule to 2022-03-15T00:00:00+00:00
[2022-03-15 19:52:39,243] {processor.py:171} INFO - Processing /home/airflow/airflow/dags/trigger_rule.py took 0.116 seconds
[2022-03-15 19:53:09,468] {processor.py:163} INFO - Started process (PID=20313) to work on /home/airflow/airflow/dags/trigger_rule.py
[2022-03-15 19:53:09,471] {processor.py:642} INFO - Processing file /home/airflow/airflow/dags/trigger_rule.py for tasks to queue
[2022-03-15 19:53:09,471] {logging_mixin.py:109} INFO - [2022-03-15 19:53:09,471] {dagbag.py:500} INFO - Filling up the DagBag from /home/airflow/airflow/dags/trigger_rule.py
[2022-03-15 19:53:09,526] {processor.py:654} INFO - DAG(s) dict_keys(['trigger_rule']) retrieved from /home/airflow/airflow/dags/trigger_rule.py
[2022-03-15 19:53:09,545] {logging_mixin.py:109} INFO - [2022-03-15 19:53:09,545] {dag.py:2396} INFO - Sync 1 DAGs
[2022-03-15 19:53:09,564] {logging_mixin.py:109} INFO - [2022-03-15 19:53:09,564] {dag.py:2935} INFO - Setting next_dagrun for trigger_rule to 2022-03-15T00:00:00+00:00
[2022-03-15 19:53:09,581] {processor.py:171} INFO - Processing /home/airflow/airflow/dags/trigger_rule.py took 0.119 seconds
[2022-03-15 19:53:39,763] {processor.py:163} INFO - Started process (PID=20365) to work on /home/airflow/airflow/dags/trigger_rule.py
[2022-03-15 19:53:39,767] {processor.py:642} INFO - Processing file /home/airflow/airflow/dags/trigger_rule.py for tasks to queue
[2022-03-15 19:53:39,768] {logging_mixin.py:109} INFO - [2022-03-15 19:53:39,767] {dagbag.py:500} INFO - Filling up the DagBag from /home/airflow/airflow/dags/trigger_rule.py
[2022-03-15 19:53:39,904] {processor.py:654} INFO - DAG(s) dict_keys(['trigger_rule']) retrieved from /home/airflow/airflow/dags/trigger_rule.py
[2022-03-15 19:53:39,991] {logging_mixin.py:109} INFO - [2022-03-15 19:53:39,991] {dag.py:2396} INFO - Sync 1 DAGs
[2022-03-15 19:53:40,137] {logging_mixin.py:109} INFO - [2022-03-15 19:53:40,137] {dag.py:2935} INFO - Setting next_dagrun for trigger_rule to 2022-03-15T00:00:00+00:00
[2022-03-15 19:53:40,211] {processor.py:171} INFO - Processing /home/airflow/airflow/dags/trigger_rule.py took 0.462 seconds
[2022-03-15 19:54:11,227] {processor.py:163} INFO - Started process (PID=20424) to work on /home/airflow/airflow/dags/trigger_rule.py
[2022-03-15 19:54:11,232] {processor.py:642} INFO - Processing file /home/airflow/airflow/dags/trigger_rule.py for tasks to queue
[2022-03-15 19:54:11,232] {logging_mixin.py:109} INFO - [2022-03-15 19:54:11,232] {dagbag.py:500} INFO - Filling up the DagBag from /home/airflow/airflow/dags/trigger_rule.py
[2022-03-15 19:54:11,350] {processor.py:654} INFO - DAG(s) dict_keys(['trigger_rule']) retrieved from /home/airflow/airflow/dags/trigger_rule.py
[2022-03-15 19:54:11,377] {logging_mixin.py:109} INFO - [2022-03-15 19:54:11,376] {dag.py:2396} INFO - Sync 1 DAGs
[2022-03-15 19:54:11,427] {logging_mixin.py:109} INFO - [2022-03-15 19:54:11,427] {dag.py:2935} INFO - Setting next_dagrun for trigger_rule to 2022-03-15T00:00:00+00:00
[2022-03-15 19:54:11,460] {processor.py:171} INFO - Processing /home/airflow/airflow/dags/trigger_rule.py took 0.235 seconds
[2022-03-15 19:54:42,360] {processor.py:163} INFO - Started process (PID=20486) to work on /home/airflow/airflow/dags/trigger_rule.py
[2022-03-15 19:54:42,361] {processor.py:642} INFO - Processing file /home/airflow/airflow/dags/trigger_rule.py for tasks to queue
[2022-03-15 19:54:42,361] {logging_mixin.py:109} INFO - [2022-03-15 19:54:42,361] {dagbag.py:500} INFO - Filling up the DagBag from /home/airflow/airflow/dags/trigger_rule.py
[2022-03-15 19:54:42,454] {processor.py:654} INFO - DAG(s) dict_keys(['trigger_rule']) retrieved from /home/airflow/airflow/dags/trigger_rule.py
[2022-03-15 19:54:42,506] {logging_mixin.py:109} INFO - [2022-03-15 19:54:42,505] {dag.py:2396} INFO - Sync 1 DAGs
[2022-03-15 19:54:42,593] {logging_mixin.py:109} INFO - [2022-03-15 19:54:42,593] {dag.py:2935} INFO - Setting next_dagrun for trigger_rule to 2022-03-15T00:00:00+00:00
[2022-03-15 19:54:42,614] {processor.py:171} INFO - Processing /home/airflow/airflow/dags/trigger_rule.py took 0.269 seconds
[2022-03-15 19:55:13,564] {processor.py:163} INFO - Started process (PID=20544) to work on /home/airflow/airflow/dags/trigger_rule.py
[2022-03-15 19:55:13,565] {processor.py:642} INFO - Processing file /home/airflow/airflow/dags/trigger_rule.py for tasks to queue
[2022-03-15 19:55:13,567] {logging_mixin.py:109} INFO - [2022-03-15 19:55:13,566] {dagbag.py:500} INFO - Filling up the DagBag from /home/airflow/airflow/dags/trigger_rule.py
[2022-03-15 19:55:13,687] {processor.py:654} INFO - DAG(s) dict_keys(['trigger_rule']) retrieved from /home/airflow/airflow/dags/trigger_rule.py
[2022-03-15 19:55:13,709] {logging_mixin.py:109} INFO - [2022-03-15 19:55:13,709] {dag.py:2396} INFO - Sync 1 DAGs
[2022-03-15 19:55:13,735] {logging_mixin.py:109} INFO - [2022-03-15 19:55:13,735] {dag.py:2935} INFO - Setting next_dagrun for trigger_rule to 2022-03-15T00:00:00+00:00
[2022-03-15 19:55:13,759] {processor.py:171} INFO - Processing /home/airflow/airflow/dags/trigger_rule.py took 0.206 seconds
[2022-03-15 19:55:43,833] {processor.py:163} INFO - Started process (PID=20856) to work on /home/airflow/airflow/dags/trigger_rule.py
[2022-03-15 19:55:43,834] {processor.py:642} INFO - Processing file /home/airflow/airflow/dags/trigger_rule.py for tasks to queue
[2022-03-15 19:55:43,836] {logging_mixin.py:109} INFO - [2022-03-15 19:55:43,835] {dagbag.py:500} INFO - Filling up the DagBag from /home/airflow/airflow/dags/trigger_rule.py
[2022-03-15 19:55:43,921] {processor.py:654} INFO - DAG(s) dict_keys(['trigger_rule']) retrieved from /home/airflow/airflow/dags/trigger_rule.py
[2022-03-15 19:55:43,947] {logging_mixin.py:109} INFO - [2022-03-15 19:55:43,947] {dag.py:2396} INFO - Sync 1 DAGs
[2022-03-15 19:55:44,020] {logging_mixin.py:109} INFO - [2022-03-15 19:55:44,019] {dag.py:2935} INFO - Setting next_dagrun for trigger_rule to 2022-03-15T00:00:00+00:00
[2022-03-15 19:55:44,050] {processor.py:171} INFO - Processing /home/airflow/airflow/dags/trigger_rule.py took 0.222 seconds
[2022-03-15 19:56:14,104] {processor.py:163} INFO - Started process (PID=20911) to work on /home/airflow/airflow/dags/trigger_rule.py
[2022-03-15 19:56:14,107] {processor.py:642} INFO - Processing file /home/airflow/airflow/dags/trigger_rule.py for tasks to queue
[2022-03-15 19:56:14,109] {logging_mixin.py:109} INFO - [2022-03-15 19:56:14,109] {dagbag.py:500} INFO - Filling up the DagBag from /home/airflow/airflow/dags/trigger_rule.py
[2022-03-15 19:56:14,182] {processor.py:654} INFO - DAG(s) dict_keys(['trigger_rule']) retrieved from /home/airflow/airflow/dags/trigger_rule.py
[2022-03-15 19:56:14,199] {logging_mixin.py:109} INFO - [2022-03-15 19:56:14,199] {dag.py:2396} INFO - Sync 1 DAGs
[2022-03-15 19:56:14,226] {logging_mixin.py:109} INFO - [2022-03-15 19:56:14,226] {dag.py:2935} INFO - Setting next_dagrun for trigger_rule to 2022-03-15T00:00:00+00:00
[2022-03-15 19:56:14,237] {processor.py:171} INFO - Processing /home/airflow/airflow/dags/trigger_rule.py took 0.144 seconds
[2022-03-15 19:56:44,630] {processor.py:163} INFO - Started process (PID=20972) to work on /home/airflow/airflow/dags/trigger_rule.py
[2022-03-15 19:56:44,632] {processor.py:642} INFO - Processing file /home/airflow/airflow/dags/trigger_rule.py for tasks to queue
[2022-03-15 19:56:44,633] {logging_mixin.py:109} INFO - [2022-03-15 19:56:44,633] {dagbag.py:500} INFO - Filling up the DagBag from /home/airflow/airflow/dags/trigger_rule.py
[2022-03-15 19:56:44,700] {processor.py:654} INFO - DAG(s) dict_keys(['trigger_rule']) retrieved from /home/airflow/airflow/dags/trigger_rule.py
[2022-03-15 19:56:44,725] {logging_mixin.py:109} INFO - [2022-03-15 19:56:44,725] {dag.py:2396} INFO - Sync 1 DAGs
[2022-03-15 19:56:44,758] {logging_mixin.py:109} INFO - [2022-03-15 19:56:44,758] {dag.py:2935} INFO - Setting next_dagrun for trigger_rule to 2022-03-15T00:00:00+00:00
[2022-03-15 19:56:44,773] {processor.py:171} INFO - Processing /home/airflow/airflow/dags/trigger_rule.py took 0.146 seconds
[2022-03-15 19:57:14,965] {processor.py:163} INFO - Started process (PID=21033) to work on /home/airflow/airflow/dags/trigger_rule.py
[2022-03-15 19:57:14,966] {processor.py:642} INFO - Processing file /home/airflow/airflow/dags/trigger_rule.py for tasks to queue
[2022-03-15 19:57:14,967] {logging_mixin.py:109} INFO - [2022-03-15 19:57:14,967] {dagbag.py:500} INFO - Filling up the DagBag from /home/airflow/airflow/dags/trigger_rule.py
[2022-03-15 19:57:15,033] {processor.py:654} INFO - DAG(s) dict_keys(['trigger_rule']) retrieved from /home/airflow/airflow/dags/trigger_rule.py
[2022-03-15 19:57:15,055] {logging_mixin.py:109} INFO - [2022-03-15 19:57:15,055] {dag.py:2396} INFO - Sync 1 DAGs
[2022-03-15 19:57:15,089] {logging_mixin.py:109} INFO - [2022-03-15 19:57:15,088] {dag.py:2935} INFO - Setting next_dagrun for trigger_rule to 2022-03-15T00:00:00+00:00
[2022-03-15 19:57:15,102] {processor.py:171} INFO - Processing /home/airflow/airflow/dags/trigger_rule.py took 0.141 seconds
[2022-03-15 19:57:45,364] {processor.py:163} INFO - Started process (PID=21088) to work on /home/airflow/airflow/dags/trigger_rule.py
[2022-03-15 19:57:45,366] {processor.py:642} INFO - Processing file /home/airflow/airflow/dags/trigger_rule.py for tasks to queue
[2022-03-15 19:57:45,366] {logging_mixin.py:109} INFO - [2022-03-15 19:57:45,366] {dagbag.py:500} INFO - Filling up the DagBag from /home/airflow/airflow/dags/trigger_rule.py
[2022-03-15 19:57:45,418] {processor.py:654} INFO - DAG(s) dict_keys(['trigger_rule']) retrieved from /home/airflow/airflow/dags/trigger_rule.py
[2022-03-15 19:57:45,437] {logging_mixin.py:109} INFO - [2022-03-15 19:57:45,437] {dag.py:2396} INFO - Sync 1 DAGs
[2022-03-15 19:57:45,470] {logging_mixin.py:109} INFO - [2022-03-15 19:57:45,470] {dag.py:2935} INFO - Setting next_dagrun for trigger_rule to 2022-03-15T00:00:00+00:00
[2022-03-15 19:57:45,534] {processor.py:171} INFO - Processing /home/airflow/airflow/dags/trigger_rule.py took 0.182 seconds
[2022-03-15 19:58:15,738] {processor.py:163} INFO - Started process (PID=21149) to work on /home/airflow/airflow/dags/trigger_rule.py
[2022-03-15 19:58:15,742] {processor.py:642} INFO - Processing file /home/airflow/airflow/dags/trigger_rule.py for tasks to queue
[2022-03-15 19:58:15,744] {logging_mixin.py:109} INFO - [2022-03-15 19:58:15,743] {dagbag.py:500} INFO - Filling up the DagBag from /home/airflow/airflow/dags/trigger_rule.py
[2022-03-15 19:58:15,824] {processor.py:654} INFO - DAG(s) dict_keys(['trigger_rule']) retrieved from /home/airflow/airflow/dags/trigger_rule.py
[2022-03-15 19:58:15,835] {logging_mixin.py:109} INFO - [2022-03-15 19:58:15,835] {dag.py:2396} INFO - Sync 1 DAGs
[2022-03-15 19:58:15,851] {logging_mixin.py:109} INFO - [2022-03-15 19:58:15,851] {dag.py:2935} INFO - Setting next_dagrun for trigger_rule to 2022-03-15T00:00:00+00:00
[2022-03-15 19:58:15,870] {processor.py:171} INFO - Processing /home/airflow/airflow/dags/trigger_rule.py took 0.141 seconds
[2022-03-15 19:58:45,989] {processor.py:163} INFO - Started process (PID=21210) to work on /home/airflow/airflow/dags/trigger_rule.py
[2022-03-15 19:58:45,991] {processor.py:642} INFO - Processing file /home/airflow/airflow/dags/trigger_rule.py for tasks to queue
[2022-03-15 19:58:45,992] {logging_mixin.py:109} INFO - [2022-03-15 19:58:45,991] {dagbag.py:500} INFO - Filling up the DagBag from /home/airflow/airflow/dags/trigger_rule.py
[2022-03-15 19:58:46,042] {processor.py:654} INFO - DAG(s) dict_keys(['trigger_rule']) retrieved from /home/airflow/airflow/dags/trigger_rule.py
[2022-03-15 19:58:46,060] {logging_mixin.py:109} INFO - [2022-03-15 19:58:46,060] {dag.py:2396} INFO - Sync 1 DAGs
[2022-03-15 19:58:46,086] {logging_mixin.py:109} INFO - [2022-03-15 19:58:46,086] {dag.py:2935} INFO - Setting next_dagrun for trigger_rule to 2022-03-15T00:00:00+00:00
[2022-03-15 19:58:46,104] {processor.py:171} INFO - Processing /home/airflow/airflow/dags/trigger_rule.py took 0.119 seconds
[2022-03-15 19:59:16,444] {processor.py:163} INFO - Started process (PID=21265) to work on /home/airflow/airflow/dags/trigger_rule.py
[2022-03-15 19:59:16,446] {processor.py:642} INFO - Processing file /home/airflow/airflow/dags/trigger_rule.py for tasks to queue
[2022-03-15 19:59:16,447] {logging_mixin.py:109} INFO - [2022-03-15 19:59:16,447] {dagbag.py:500} INFO - Filling up the DagBag from /home/airflow/airflow/dags/trigger_rule.py
[2022-03-15 19:59:16,525] {processor.py:654} INFO - DAG(s) dict_keys(['trigger_rule']) retrieved from /home/airflow/airflow/dags/trigger_rule.py
[2022-03-15 19:59:16,545] {logging_mixin.py:109} INFO - [2022-03-15 19:59:16,544] {dag.py:2396} INFO - Sync 1 DAGs
[2022-03-15 19:59:16,573] {logging_mixin.py:109} INFO - [2022-03-15 19:59:16,573] {dag.py:2935} INFO - Setting next_dagrun for trigger_rule to 2022-03-15T00:00:00+00:00
[2022-03-15 19:59:16,589] {processor.py:171} INFO - Processing /home/airflow/airflow/dags/trigger_rule.py took 0.151 seconds
[2022-03-15 19:59:46,668] {processor.py:163} INFO - Started process (PID=21326) to work on /home/airflow/airflow/dags/trigger_rule.py
[2022-03-15 19:59:46,672] {processor.py:642} INFO - Processing file /home/airflow/airflow/dags/trigger_rule.py for tasks to queue
[2022-03-15 19:59:46,673] {logging_mixin.py:109} INFO - [2022-03-15 19:59:46,673] {dagbag.py:500} INFO - Filling up the DagBag from /home/airflow/airflow/dags/trigger_rule.py
[2022-03-15 19:59:46,711] {processor.py:654} INFO - DAG(s) dict_keys(['trigger_rule']) retrieved from /home/airflow/airflow/dags/trigger_rule.py
[2022-03-15 19:59:46,724] {logging_mixin.py:109} INFO - [2022-03-15 19:59:46,724] {dag.py:2396} INFO - Sync 1 DAGs
[2022-03-15 19:59:46,760] {logging_mixin.py:109} INFO - [2022-03-15 19:59:46,759] {dag.py:2935} INFO - Setting next_dagrun for trigger_rule to 2022-03-15T00:00:00+00:00
[2022-03-15 19:59:46,773] {processor.py:171} INFO - Processing /home/airflow/airflow/dags/trigger_rule.py took 0.109 seconds
[2022-03-15 20:00:16,817] {processor.py:163} INFO - Started process (PID=21503) to work on /home/airflow/airflow/dags/trigger_rule.py
[2022-03-15 20:00:16,823] {processor.py:642} INFO - Processing file /home/airflow/airflow/dags/trigger_rule.py for tasks to queue
[2022-03-15 20:00:16,828] {logging_mixin.py:109} INFO - [2022-03-15 20:00:16,827] {dagbag.py:500} INFO - Filling up the DagBag from /home/airflow/airflow/dags/trigger_rule.py
[2022-03-15 20:00:16,879] {processor.py:654} INFO - DAG(s) dict_keys(['trigger_rule']) retrieved from /home/airflow/airflow/dags/trigger_rule.py
[2022-03-15 20:00:16,894] {logging_mixin.py:109} INFO - [2022-03-15 20:00:16,894] {dag.py:2396} INFO - Sync 1 DAGs
[2022-03-15 20:00:16,917] {logging_mixin.py:109} INFO - [2022-03-15 20:00:16,917] {dag.py:2935} INFO - Setting next_dagrun for trigger_rule to 2022-03-15T00:00:00+00:00
[2022-03-15 20:00:16,929] {processor.py:171} INFO - Processing /home/airflow/airflow/dags/trigger_rule.py took 0.122 seconds
[2022-03-15 20:00:47,014] {processor.py:163} INFO - Started process (PID=21702) to work on /home/airflow/airflow/dags/trigger_rule.py
[2022-03-15 20:00:47,021] {processor.py:642} INFO - Processing file /home/airflow/airflow/dags/trigger_rule.py for tasks to queue
[2022-03-15 20:00:47,022] {logging_mixin.py:109} INFO - [2022-03-15 20:00:47,021] {dagbag.py:500} INFO - Filling up the DagBag from /home/airflow/airflow/dags/trigger_rule.py
[2022-03-15 20:00:47,103] {processor.py:654} INFO - DAG(s) dict_keys(['trigger_rule']) retrieved from /home/airflow/airflow/dags/trigger_rule.py
[2022-03-15 20:00:47,116] {logging_mixin.py:109} INFO - [2022-03-15 20:00:47,115] {dag.py:2396} INFO - Sync 1 DAGs
[2022-03-15 20:00:47,151] {logging_mixin.py:109} INFO - [2022-03-15 20:00:47,151] {dag.py:2935} INFO - Setting next_dagrun for trigger_rule to 2022-03-15T00:00:00+00:00
[2022-03-15 20:00:47,170] {processor.py:171} INFO - Processing /home/airflow/airflow/dags/trigger_rule.py took 0.186 seconds
[2022-03-15 20:01:18,132] {processor.py:163} INFO - Started process (PID=21763) to work on /home/airflow/airflow/dags/trigger_rule.py
[2022-03-15 20:01:18,133] {processor.py:642} INFO - Processing file /home/airflow/airflow/dags/trigger_rule.py for tasks to queue
[2022-03-15 20:01:18,133] {logging_mixin.py:109} INFO - [2022-03-15 20:01:18,133] {dagbag.py:500} INFO - Filling up the DagBag from /home/airflow/airflow/dags/trigger_rule.py
[2022-03-15 20:01:18,169] {processor.py:654} INFO - DAG(s) dict_keys(['trigger_rule']) retrieved from /home/airflow/airflow/dags/trigger_rule.py
[2022-03-15 20:01:18,179] {logging_mixin.py:109} INFO - [2022-03-15 20:01:18,179] {dag.py:2396} INFO - Sync 1 DAGs
[2022-03-15 20:01:18,212] {logging_mixin.py:109} INFO - [2022-03-15 20:01:18,212] {dag.py:2935} INFO - Setting next_dagrun for trigger_rule to 2022-03-15T00:00:00+00:00
[2022-03-15 20:01:18,229] {processor.py:171} INFO - Processing /home/airflow/airflow/dags/trigger_rule.py took 0.100 seconds
[2022-03-15 20:01:49,206] {processor.py:163} INFO - Started process (PID=21824) to work on /home/airflow/airflow/dags/trigger_rule.py
[2022-03-15 20:01:49,209] {processor.py:642} INFO - Processing file /home/airflow/airflow/dags/trigger_rule.py for tasks to queue
[2022-03-15 20:01:49,210] {logging_mixin.py:109} INFO - [2022-03-15 20:01:49,210] {dagbag.py:500} INFO - Filling up the DagBag from /home/airflow/airflow/dags/trigger_rule.py
[2022-03-15 20:01:49,253] {processor.py:654} INFO - DAG(s) dict_keys(['trigger_rule']) retrieved from /home/airflow/airflow/dags/trigger_rule.py
[2022-03-15 20:01:49,266] {logging_mixin.py:109} INFO - [2022-03-15 20:01:49,266] {dag.py:2396} INFO - Sync 1 DAGs
[2022-03-15 20:01:49,297] {logging_mixin.py:109} INFO - [2022-03-15 20:01:49,296] {dag.py:2935} INFO - Setting next_dagrun for trigger_rule to 2022-03-15T00:00:00+00:00
[2022-03-15 20:01:49,308] {processor.py:171} INFO - Processing /home/airflow/airflow/dags/trigger_rule.py took 0.107 seconds
[2022-03-15 20:02:19,450] {processor.py:163} INFO - Started process (PID=21885) to work on /home/airflow/airflow/dags/trigger_rule.py
[2022-03-15 20:02:19,451] {processor.py:642} INFO - Processing file /home/airflow/airflow/dags/trigger_rule.py for tasks to queue
[2022-03-15 20:02:19,454] {logging_mixin.py:109} INFO - [2022-03-15 20:02:19,453] {dagbag.py:500} INFO - Filling up the DagBag from /home/airflow/airflow/dags/trigger_rule.py
[2022-03-15 20:02:19,507] {processor.py:654} INFO - DAG(s) dict_keys(['trigger_rule']) retrieved from /home/airflow/airflow/dags/trigger_rule.py
[2022-03-15 20:02:19,521] {logging_mixin.py:109} INFO - [2022-03-15 20:02:19,521] {dag.py:2396} INFO - Sync 1 DAGs
[2022-03-15 20:02:19,541] {logging_mixin.py:109} INFO - [2022-03-15 20:02:19,541] {dag.py:2935} INFO - Setting next_dagrun for trigger_rule to 2022-03-15T00:00:00+00:00
[2022-03-15 20:02:19,551] {processor.py:171} INFO - Processing /home/airflow/airflow/dags/trigger_rule.py took 0.111 seconds
[2022-03-15 20:02:49,642] {processor.py:163} INFO - Started process (PID=21950) to work on /home/airflow/airflow/dags/trigger_rule.py
[2022-03-15 20:02:49,646] {processor.py:642} INFO - Processing file /home/airflow/airflow/dags/trigger_rule.py for tasks to queue
[2022-03-15 20:02:49,647] {logging_mixin.py:109} INFO - [2022-03-15 20:02:49,647] {dagbag.py:500} INFO - Filling up the DagBag from /home/airflow/airflow/dags/trigger_rule.py
[2022-03-15 20:02:49,697] {processor.py:654} INFO - DAG(s) dict_keys(['trigger_rule']) retrieved from /home/airflow/airflow/dags/trigger_rule.py
[2022-03-15 20:02:49,711] {logging_mixin.py:109} INFO - [2022-03-15 20:02:49,711] {dag.py:2396} INFO - Sync 1 DAGs
[2022-03-15 20:02:49,736] {logging_mixin.py:109} INFO - [2022-03-15 20:02:49,736] {dag.py:2935} INFO - Setting next_dagrun for trigger_rule to 2022-03-15T00:00:00+00:00
[2022-03-15 20:02:49,749] {processor.py:171} INFO - Processing /home/airflow/airflow/dags/trigger_rule.py took 0.112 seconds
[2022-03-15 20:03:20,104] {processor.py:163} INFO - Started process (PID=22478) to work on /home/airflow/airflow/dags/trigger_rule.py
[2022-03-15 20:03:20,105] {processor.py:642} INFO - Processing file /home/airflow/airflow/dags/trigger_rule.py for tasks to queue
[2022-03-15 20:03:20,106] {logging_mixin.py:109} INFO - [2022-03-15 20:03:20,106] {dagbag.py:500} INFO - Filling up the DagBag from /home/airflow/airflow/dags/trigger_rule.py
[2022-03-15 20:03:20,151] {processor.py:654} INFO - DAG(s) dict_keys(['trigger_rule']) retrieved from /home/airflow/airflow/dags/trigger_rule.py
[2022-03-15 20:03:20,168] {logging_mixin.py:109} INFO - [2022-03-15 20:03:20,168] {dag.py:2396} INFO - Sync 1 DAGs
[2022-03-15 20:03:20,196] {logging_mixin.py:109} INFO - [2022-03-15 20:03:20,196] {dag.py:2935} INFO - Setting next_dagrun for trigger_rule to 2022-03-15T00:00:00+00:00
[2022-03-15 20:03:20,207] {processor.py:171} INFO - Processing /home/airflow/airflow/dags/trigger_rule.py took 0.109 seconds
[2022-03-15 20:03:50,428] {processor.py:163} INFO - Started process (PID=22666) to work on /home/airflow/airflow/dags/trigger_rule.py
[2022-03-15 20:03:50,430] {processor.py:642} INFO - Processing file /home/airflow/airflow/dags/trigger_rule.py for tasks to queue
[2022-03-15 20:03:50,431] {logging_mixin.py:109} INFO - [2022-03-15 20:03:50,431] {dagbag.py:500} INFO - Filling up the DagBag from /home/airflow/airflow/dags/trigger_rule.py
[2022-03-15 20:03:50,468] {processor.py:654} INFO - DAG(s) dict_keys(['trigger_rule']) retrieved from /home/airflow/airflow/dags/trigger_rule.py
[2022-03-15 20:03:50,482] {logging_mixin.py:109} INFO - [2022-03-15 20:03:50,481] {dag.py:2396} INFO - Sync 1 DAGs
[2022-03-15 20:03:50,507] {logging_mixin.py:109} INFO - [2022-03-15 20:03:50,506] {dag.py:2935} INFO - Setting next_dagrun for trigger_rule to 2022-03-15T00:00:00+00:00
[2022-03-15 20:03:50,523] {processor.py:171} INFO - Processing /home/airflow/airflow/dags/trigger_rule.py took 0.099 seconds
[2022-03-15 20:04:20,763] {processor.py:163} INFO - Started process (PID=23227) to work on /home/airflow/airflow/dags/trigger_rule.py
[2022-03-15 20:04:20,764] {processor.py:642} INFO - Processing file /home/airflow/airflow/dags/trigger_rule.py for tasks to queue
[2022-03-15 20:04:20,768] {logging_mixin.py:109} INFO - [2022-03-15 20:04:20,767] {dagbag.py:500} INFO - Filling up the DagBag from /home/airflow/airflow/dags/trigger_rule.py
[2022-03-15 20:04:20,877] {processor.py:654} INFO - DAG(s) dict_keys(['trigger_rule']) retrieved from /home/airflow/airflow/dags/trigger_rule.py
[2022-03-15 20:04:20,892] {logging_mixin.py:109} INFO - [2022-03-15 20:04:20,891] {dag.py:2396} INFO - Sync 1 DAGs
[2022-03-15 20:04:20,920] {logging_mixin.py:109} INFO - [2022-03-15 20:04:20,920] {dag.py:2935} INFO - Setting next_dagrun for trigger_rule to 2022-03-15T00:00:00+00:00
[2022-03-15 20:04:20,949] {processor.py:171} INFO - Processing /home/airflow/airflow/dags/trigger_rule.py took 0.189 seconds
[2022-03-15 20:04:51,536] {processor.py:163} INFO - Started process (PID=23528) to work on /home/airflow/airflow/dags/trigger_rule.py
[2022-03-15 20:04:51,546] {processor.py:642} INFO - Processing file /home/airflow/airflow/dags/trigger_rule.py for tasks to queue
[2022-03-15 20:04:51,550] {logging_mixin.py:109} INFO - [2022-03-15 20:04:51,550] {dagbag.py:500} INFO - Filling up the DagBag from /home/airflow/airflow/dags/trigger_rule.py
[2022-03-15 20:04:51,697] {processor.py:654} INFO - DAG(s) dict_keys(['trigger_rule']) retrieved from /home/airflow/airflow/dags/trigger_rule.py
[2022-03-15 20:04:51,728] {logging_mixin.py:109} INFO - [2022-03-15 20:04:51,728] {dag.py:2396} INFO - Sync 1 DAGs
[2022-03-15 20:04:51,773] {logging_mixin.py:109} INFO - [2022-03-15 20:04:51,773] {dag.py:2935} INFO - Setting next_dagrun for trigger_rule to 2022-03-15T00:00:00+00:00
[2022-03-15 20:04:51,793] {processor.py:171} INFO - Processing /home/airflow/airflow/dags/trigger_rule.py took 0.266 seconds
[2022-03-15 20:05:22,579] {processor.py:163} INFO - Started process (PID=23756) to work on /home/airflow/airflow/dags/trigger_rule.py
[2022-03-15 20:05:22,588] {processor.py:642} INFO - Processing file /home/airflow/airflow/dags/trigger_rule.py for tasks to queue
[2022-03-15 20:05:22,591] {logging_mixin.py:109} INFO - [2022-03-15 20:05:22,591] {dagbag.py:500} INFO - Filling up the DagBag from /home/airflow/airflow/dags/trigger_rule.py
[2022-03-15 20:05:22,770] {processor.py:654} INFO - DAG(s) dict_keys(['trigger_rule']) retrieved from /home/airflow/airflow/dags/trigger_rule.py
[2022-03-15 20:05:22,812] {logging_mixin.py:109} INFO - [2022-03-15 20:05:22,812] {dag.py:2396} INFO - Sync 1 DAGs
[2022-03-15 20:05:22,884] {logging_mixin.py:109} INFO - [2022-03-15 20:05:22,884] {dag.py:2935} INFO - Setting next_dagrun for trigger_rule to 2022-03-15T00:00:00+00:00
[2022-03-15 20:05:22,916] {processor.py:171} INFO - Processing /home/airflow/airflow/dags/trigger_rule.py took 0.366 seconds
[2022-03-15 20:05:53,372] {processor.py:163} INFO - Started process (PID=24326) to work on /home/airflow/airflow/dags/trigger_rule.py
[2022-03-15 20:05:53,373] {processor.py:642} INFO - Processing file /home/airflow/airflow/dags/trigger_rule.py for tasks to queue
[2022-03-15 20:05:53,373] {logging_mixin.py:109} INFO - [2022-03-15 20:05:53,373] {dagbag.py:500} INFO - Filling up the DagBag from /home/airflow/airflow/dags/trigger_rule.py
[2022-03-15 20:05:53,442] {processor.py:654} INFO - DAG(s) dict_keys(['trigger_rule']) retrieved from /home/airflow/airflow/dags/trigger_rule.py
[2022-03-15 20:05:53,485] {logging_mixin.py:109} INFO - [2022-03-15 20:05:53,485] {dag.py:2396} INFO - Sync 1 DAGs
[2022-03-15 20:05:53,553] {logging_mixin.py:109} INFO - [2022-03-15 20:05:53,553] {dag.py:2935} INFO - Setting next_dagrun for trigger_rule to 2022-03-15T00:00:00+00:00
[2022-03-15 20:05:53,580] {processor.py:171} INFO - Processing /home/airflow/airflow/dags/trigger_rule.py took 0.212 seconds
[2022-03-15 20:06:23,875] {processor.py:163} INFO - Started process (PID=24583) to work on /home/airflow/airflow/dags/trigger_rule.py
[2022-03-15 20:06:23,879] {processor.py:642} INFO - Processing file /home/airflow/airflow/dags/trigger_rule.py for tasks to queue
[2022-03-15 20:06:23,880] {logging_mixin.py:109} INFO - [2022-03-15 20:06:23,880] {dagbag.py:500} INFO - Filling up the DagBag from /home/airflow/airflow/dags/trigger_rule.py
[2022-03-15 20:06:23,926] {processor.py:654} INFO - DAG(s) dict_keys(['trigger_rule']) retrieved from /home/airflow/airflow/dags/trigger_rule.py
[2022-03-15 20:06:23,938] {logging_mixin.py:109} INFO - [2022-03-15 20:06:23,938] {dag.py:2396} INFO - Sync 1 DAGs
[2022-03-15 20:06:23,973] {logging_mixin.py:109} INFO - [2022-03-15 20:06:23,973] {dag.py:2935} INFO - Setting next_dagrun for trigger_rule to 2022-03-15T00:00:00+00:00
[2022-03-15 20:06:23,996] {processor.py:171} INFO - Processing /home/airflow/airflow/dags/trigger_rule.py took 0.124 seconds
[2022-03-15 20:06:54,185] {processor.py:163} INFO - Started process (PID=24661) to work on /home/airflow/airflow/dags/trigger_rule.py
[2022-03-15 20:06:54,188] {processor.py:642} INFO - Processing file /home/airflow/airflow/dags/trigger_rule.py for tasks to queue
[2022-03-15 20:06:54,195] {logging_mixin.py:109} INFO - [2022-03-15 20:06:54,195] {dagbag.py:500} INFO - Filling up the DagBag from /home/airflow/airflow/dags/trigger_rule.py
[2022-03-15 20:06:54,294] {processor.py:654} INFO - DAG(s) dict_keys(['trigger_rule']) retrieved from /home/airflow/airflow/dags/trigger_rule.py
[2022-03-15 20:06:54,341] {logging_mixin.py:109} INFO - [2022-03-15 20:06:54,341] {dag.py:2396} INFO - Sync 1 DAGs
[2022-03-15 20:06:54,405] {logging_mixin.py:109} INFO - [2022-03-15 20:06:54,405] {dag.py:2935} INFO - Setting next_dagrun for trigger_rule to 2022-03-15T00:00:00+00:00
[2022-03-15 20:06:54,425] {processor.py:171} INFO - Processing /home/airflow/airflow/dags/trigger_rule.py took 0.257 seconds
[2022-03-15 20:07:24,706] {processor.py:163} INFO - Started process (PID=24795) to work on /home/airflow/airflow/dags/trigger_rule.py
[2022-03-15 20:07:24,707] {processor.py:642} INFO - Processing file /home/airflow/airflow/dags/trigger_rule.py for tasks to queue
[2022-03-15 20:07:24,713] {logging_mixin.py:109} INFO - [2022-03-15 20:07:24,713] {dagbag.py:500} INFO - Filling up the DagBag from /home/airflow/airflow/dags/trigger_rule.py
[2022-03-15 20:07:24,763] {processor.py:654} INFO - DAG(s) dict_keys(['trigger_rule']) retrieved from /home/airflow/airflow/dags/trigger_rule.py
[2022-03-15 20:07:24,783] {logging_mixin.py:109} INFO - [2022-03-15 20:07:24,783] {dag.py:2396} INFO - Sync 1 DAGs
[2022-03-15 20:07:24,804] {logging_mixin.py:109} INFO - [2022-03-15 20:07:24,803] {dag.py:2935} INFO - Setting next_dagrun for trigger_rule to 2022-03-15T00:00:00+00:00
[2022-03-15 20:07:24,820] {processor.py:171} INFO - Processing /home/airflow/airflow/dags/trigger_rule.py took 0.123 seconds
[2022-03-15 20:07:54,943] {processor.py:163} INFO - Started process (PID=25101) to work on /home/airflow/airflow/dags/trigger_rule.py
[2022-03-15 20:07:54,947] {processor.py:642} INFO - Processing file /home/airflow/airflow/dags/trigger_rule.py for tasks to queue
[2022-03-15 20:07:54,947] {logging_mixin.py:109} INFO - [2022-03-15 20:07:54,947] {dagbag.py:500} INFO - Filling up the DagBag from /home/airflow/airflow/dags/trigger_rule.py
[2022-03-15 20:07:55,075] {processor.py:654} INFO - DAG(s) dict_keys(['trigger_rule']) retrieved from /home/airflow/airflow/dags/trigger_rule.py
[2022-03-15 20:07:55,099] {logging_mixin.py:109} INFO - [2022-03-15 20:07:55,099] {dag.py:2396} INFO - Sync 1 DAGs
[2022-03-15 20:07:55,166] {logging_mixin.py:109} INFO - [2022-03-15 20:07:55,166] {dag.py:2935} INFO - Setting next_dagrun for trigger_rule to 2022-03-15T00:00:00+00:00
[2022-03-15 20:07:55,227] {processor.py:171} INFO - Processing /home/airflow/airflow/dags/trigger_rule.py took 0.298 seconds
[2022-03-15 20:08:25,612] {processor.py:163} INFO - Started process (PID=25171) to work on /home/airflow/airflow/dags/trigger_rule.py
[2022-03-15 20:08:25,616] {processor.py:642} INFO - Processing file /home/airflow/airflow/dags/trigger_rule.py for tasks to queue
[2022-03-15 20:08:25,619] {logging_mixin.py:109} INFO - [2022-03-15 20:08:25,619] {dagbag.py:500} INFO - Filling up the DagBag from /home/airflow/airflow/dags/trigger_rule.py
[2022-03-15 20:08:25,731] {processor.py:654} INFO - DAG(s) dict_keys(['trigger_rule']) retrieved from /home/airflow/airflow/dags/trigger_rule.py
[2022-03-15 20:08:25,747] {logging_mixin.py:109} INFO - [2022-03-15 20:08:25,747] {dag.py:2396} INFO - Sync 1 DAGs
[2022-03-15 20:08:25,821] {logging_mixin.py:109} INFO - [2022-03-15 20:08:25,821] {dag.py:2935} INFO - Setting next_dagrun for trigger_rule to 2022-03-15T00:00:00+00:00
[2022-03-15 20:08:25,843] {processor.py:171} INFO - Processing /home/airflow/airflow/dags/trigger_rule.py took 0.247 seconds
[2022-03-15 20:08:56,339] {processor.py:163} INFO - Started process (PID=25274) to work on /home/airflow/airflow/dags/trigger_rule.py
[2022-03-15 20:08:56,341] {processor.py:642} INFO - Processing file /home/airflow/airflow/dags/trigger_rule.py for tasks to queue
[2022-03-15 20:08:56,344] {logging_mixin.py:109} INFO - [2022-03-15 20:08:56,343] {dagbag.py:500} INFO - Filling up the DagBag from /home/airflow/airflow/dags/trigger_rule.py
[2022-03-15 20:08:56,443] {processor.py:654} INFO - DAG(s) dict_keys(['trigger_rule']) retrieved from /home/airflow/airflow/dags/trigger_rule.py
[2022-03-15 20:08:56,463] {logging_mixin.py:109} INFO - [2022-03-15 20:08:56,463] {dag.py:2396} INFO - Sync 1 DAGs
[2022-03-15 20:08:56,494] {logging_mixin.py:109} INFO - [2022-03-15 20:08:56,494] {dag.py:2935} INFO - Setting next_dagrun for trigger_rule to 2022-03-15T00:00:00+00:00
[2022-03-15 20:08:56,548] {processor.py:171} INFO - Processing /home/airflow/airflow/dags/trigger_rule.py took 0.243 seconds
[2022-03-15 20:09:26,804] {processor.py:163} INFO - Started process (PID=25443) to work on /home/airflow/airflow/dags/trigger_rule.py
[2022-03-15 20:09:26,820] {processor.py:642} INFO - Processing file /home/airflow/airflow/dags/trigger_rule.py for tasks to queue
[2022-03-15 20:09:26,836] {logging_mixin.py:109} INFO - [2022-03-15 20:09:26,835] {dagbag.py:500} INFO - Filling up the DagBag from /home/airflow/airflow/dags/trigger_rule.py
[2022-03-15 20:09:27,343] {processor.py:654} INFO - DAG(s) dict_keys(['trigger_rule']) retrieved from /home/airflow/airflow/dags/trigger_rule.py
[2022-03-15 20:09:27,472] {logging_mixin.py:109} INFO - [2022-03-15 20:09:27,471] {dag.py:2396} INFO - Sync 1 DAGs
[2022-03-15 20:09:27,701] {logging_mixin.py:109} INFO - [2022-03-15 20:09:27,701] {dag.py:2935} INFO - Setting next_dagrun for trigger_rule to 2022-03-15T00:00:00+00:00
[2022-03-15 20:09:27,792] {processor.py:171} INFO - Processing /home/airflow/airflow/dags/trigger_rule.py took 1.037 seconds
[2022-03-15 20:09:57,982] {processor.py:163} INFO - Started process (PID=25560) to work on /home/airflow/airflow/dags/trigger_rule.py
[2022-03-15 20:09:57,987] {processor.py:642} INFO - Processing file /home/airflow/airflow/dags/trigger_rule.py for tasks to queue
[2022-03-15 20:09:57,988] {logging_mixin.py:109} INFO - [2022-03-15 20:09:57,988] {dagbag.py:500} INFO - Filling up the DagBag from /home/airflow/airflow/dags/trigger_rule.py
[2022-03-15 20:09:58,033] {processor.py:654} INFO - DAG(s) dict_keys(['trigger_rule']) retrieved from /home/airflow/airflow/dags/trigger_rule.py
[2022-03-15 20:09:58,048] {logging_mixin.py:109} INFO - [2022-03-15 20:09:58,048] {dag.py:2396} INFO - Sync 1 DAGs
[2022-03-15 20:09:58,079] {logging_mixin.py:109} INFO - [2022-03-15 20:09:58,079] {dag.py:2935} INFO - Setting next_dagrun for trigger_rule to 2022-03-15T00:00:00+00:00
[2022-03-15 20:09:58,094] {processor.py:171} INFO - Processing /home/airflow/airflow/dags/trigger_rule.py took 0.115 seconds
[2022-03-15 20:10:28,157] {processor.py:163} INFO - Started process (PID=25968) to work on /home/airflow/airflow/dags/trigger_rule.py
[2022-03-15 20:10:28,158] {processor.py:642} INFO - Processing file /home/airflow/airflow/dags/trigger_rule.py for tasks to queue
[2022-03-15 20:10:28,159] {logging_mixin.py:109} INFO - [2022-03-15 20:10:28,159] {dagbag.py:500} INFO - Filling up the DagBag from /home/airflow/airflow/dags/trigger_rule.py
[2022-03-15 20:10:28,224] {processor.py:654} INFO - DAG(s) dict_keys(['trigger_rule']) retrieved from /home/airflow/airflow/dags/trigger_rule.py
[2022-03-15 20:10:28,246] {logging_mixin.py:109} INFO - [2022-03-15 20:10:28,246] {dag.py:2396} INFO - Sync 1 DAGs
[2022-03-15 20:10:28,265] {logging_mixin.py:109} INFO - [2022-03-15 20:10:28,264] {dag.py:2935} INFO - Setting next_dagrun for trigger_rule to 2022-03-15T00:00:00+00:00
[2022-03-15 20:10:28,276] {processor.py:171} INFO - Processing /home/airflow/airflow/dags/trigger_rule.py took 0.124 seconds
