[2022-03-11 18:55:52,888] {taskinstance.py:1032} INFO - Dependencies all met for <TaskInstance: xcom_dag.downloading_data scheduled__2022-03-10T00:00:00+00:00 [queued]>
[2022-03-11 18:55:52,993] {taskinstance.py:1032} INFO - Dependencies all met for <TaskInstance: xcom_dag.downloading_data scheduled__2022-03-10T00:00:00+00:00 [queued]>
[2022-03-11 18:55:52,994] {taskinstance.py:1238} INFO - 
--------------------------------------------------------------------------------
[2022-03-11 18:55:52,994] {taskinstance.py:1239} INFO - Starting attempt 1 of 1
[2022-03-11 18:55:52,994] {taskinstance.py:1240} INFO - 
--------------------------------------------------------------------------------
[2022-03-11 18:55:53,194] {taskinstance.py:1259} INFO - Executing <Task(BashOperator): downloading_data> on 2022-03-10 00:00:00+00:00
[2022-03-11 18:55:53,197] {standard_task_runner.py:52} INFO - Started process 7957 to run task
[2022-03-11 18:55:53,237] {standard_task_runner.py:76} INFO - Running: ['airflow', 'tasks', 'run', 'xcom_dag', 'downloading_data', 'scheduled__2022-03-10T00:00:00+00:00', '--job-id', '80', '--raw', '--subdir', 'DAGS_FOLDER/xcom_dag.py', '--cfg-path', '/tmp/tmp9z38fd00', '--error-file', '/tmp/tmp4molph7s']
[2022-03-11 18:55:53,238] {standard_task_runner.py:77} INFO - Job 80: Subtask downloading_data
[2022-03-11 18:55:55,235] {logging_mixin.py:109} INFO - Running <TaskInstance: xcom_dag.downloading_data scheduled__2022-03-10T00:00:00+00:00 [running]> on host airflowvm
[2022-03-11 18:55:55,952] {taskinstance.py:1424} INFO - Exporting the following env vars:
AIRFLOW_CTX_DAG_OWNER=airflow
AIRFLOW_CTX_DAG_ID=xcom_dag
AIRFLOW_CTX_TASK_ID=downloading_data
AIRFLOW_CTX_EXECUTION_DATE=2022-03-10T00:00:00+00:00
AIRFLOW_CTX_DAG_RUN_ID=scheduled__2022-03-10T00:00:00+00:00
[2022-03-11 18:55:55,955] {subprocess.py:62} INFO - Tmp dir root location: 
 /tmp
[2022-03-11 18:55:55,987] {subprocess.py:74} INFO - Running command: ['bash', '-c', 'sleep 3']
[2022-03-11 18:55:56,003] {subprocess.py:85} INFO - Output:
[2022-03-11 18:55:59,041] {subprocess.py:93} INFO - Command exited with return code 0
[2022-03-11 18:56:00,339] {taskinstance.py:1267} INFO - Marking task as SUCCESS. dag_id=xcom_dag, task_id=downloading_data, execution_date=20220310T000000, start_date=20220311T185552, end_date=20220311T185600
[2022-03-11 18:56:00,584] {local_task_job.py:154} INFO - Task exited with return code 0
[2022-03-11 18:56:01,635] {local_task_job.py:264} INFO - 3 downstream tasks scheduled from follow-on schedule check
