[2022-03-11 19:04:57,086] {taskinstance.py:1032} INFO - Dependencies all met for <TaskInstance: xcom_dag.processing_tasks.training_model_a manual__2022-03-11T19:04:39.194491+00:00 [queued]>
[2022-03-11 19:04:57,842] {taskinstance.py:1032} INFO - Dependencies all met for <TaskInstance: xcom_dag.processing_tasks.training_model_a manual__2022-03-11T19:04:39.194491+00:00 [queued]>
[2022-03-11 19:04:57,842] {taskinstance.py:1238} INFO - 
--------------------------------------------------------------------------------
[2022-03-11 19:04:57,842] {taskinstance.py:1239} INFO - Starting attempt 1 of 1
[2022-03-11 19:04:57,843] {taskinstance.py:1240} INFO - 
--------------------------------------------------------------------------------
[2022-03-11 19:04:58,048] {taskinstance.py:1259} INFO - Executing <Task(PythonOperator): processing_tasks.training_model_a> on 2022-03-11 19:04:39.194491+00:00
[2022-03-11 19:04:58,090] {standard_task_runner.py:52} INFO - Started process 11511 to run task
[2022-03-11 19:04:58,547] {standard_task_runner.py:76} INFO - Running: ['airflow', 'tasks', 'run', 'xcom_dag', 'processing_tasks.training_model_a', 'manual__2022-03-11T19:04:39.194491+00:00', '--job-id', '88', '--raw', '--subdir', 'DAGS_FOLDER/xcom_dag.py', '--cfg-path', '/tmp/tmp8ok1t236', '--error-file', '/tmp/tmpz4j2oikg']
[2022-03-11 19:04:58,589] {standard_task_runner.py:77} INFO - Job 88: Subtask processing_tasks.training_model_a
[2022-03-11 19:04:59,984] {logging_mixin.py:109} INFO - Running <TaskInstance: xcom_dag.processing_tasks.training_model_a manual__2022-03-11T19:04:39.194491+00:00 [running]> on host airflowvm
[2022-03-11 19:05:03,399] {taskinstance.py:1424} INFO - Exporting the following env vars:
AIRFLOW_CTX_DAG_OWNER=airflow
AIRFLOW_CTX_DAG_ID=xcom_dag
AIRFLOW_CTX_TASK_ID=processing_tasks.training_model_a
AIRFLOW_CTX_EXECUTION_DATE=2022-03-11T19:04:39.194491+00:00
AIRFLOW_CTX_DAG_RUN_ID=manual__2022-03-11T19:04:39.194491+00:00
[2022-03-11 19:05:03,435] {logging_mixin.py:109} INFO - model's accuracy: 5.184940878747338
[2022-03-11 19:05:04,194] {python.py:175} INFO - Done. Returned value was: None
[2022-03-11 19:05:04,589] {taskinstance.py:1267} INFO - Marking task as SUCCESS. dag_id=xcom_dag, task_id=processing_tasks.training_model_a, execution_date=20220311T190439, start_date=20220311T190457, end_date=20220311T190504
[2022-03-11 19:05:05,895] {local_task_job.py:154} INFO - Task exited with return code 0
[2022-03-11 19:05:06,446] {local_task_job.py:264} INFO - 0 downstream tasks scheduled from follow-on schedule check
