[2022-03-15 19:35:25,523] {taskinstance.py:1032} INFO - Dependencies all met for <TaskInstance: xcom_dag.processing_tasks.training_model_b manual__2022-03-15T19:35:13.372124+00:00 [queued]>
[2022-03-15 19:35:25,646] {taskinstance.py:1032} INFO - Dependencies all met for <TaskInstance: xcom_dag.processing_tasks.training_model_b manual__2022-03-15T19:35:13.372124+00:00 [queued]>
[2022-03-15 19:35:25,647] {taskinstance.py:1238} INFO - 
--------------------------------------------------------------------------------
[2022-03-15 19:35:25,647] {taskinstance.py:1239} INFO - Starting attempt 1 of 1
[2022-03-15 19:35:25,647] {taskinstance.py:1240} INFO - 
--------------------------------------------------------------------------------
[2022-03-15 19:35:25,691] {taskinstance.py:1259} INFO - Executing <Task(PythonOperator): processing_tasks.training_model_b> on 2022-03-15 19:35:13.372124+00:00
[2022-03-15 19:35:25,693] {standard_task_runner.py:52} INFO - Started process 14689 to run task
[2022-03-15 19:35:25,726] {standard_task_runner.py:76} INFO - Running: ['airflow', 'tasks', 'run', 'xcom_dag', 'processing_tasks.training_model_b', 'manual__2022-03-15T19:35:13.372124+00:00', '--job-id', '163', '--raw', '--subdir', 'DAGS_FOLDER/xcom_dag.py', '--cfg-path', '/tmp/tmpjqh23j_x', '--error-file', '/tmp/tmp7ruo3c33']
[2022-03-15 19:35:25,727] {standard_task_runner.py:77} INFO - Job 163: Subtask processing_tasks.training_model_b
[2022-03-15 19:35:26,719] {logging_mixin.py:109} INFO - Running <TaskInstance: xcom_dag.processing_tasks.training_model_b manual__2022-03-15T19:35:13.372124+00:00 [running]> on host airflowvm
[2022-03-15 19:35:27,745] {taskinstance.py:1424} INFO - Exporting the following env vars:
AIRFLOW_CTX_DAG_OWNER=airflow
AIRFLOW_CTX_DAG_ID=xcom_dag
AIRFLOW_CTX_TASK_ID=processing_tasks.training_model_b
AIRFLOW_CTX_EXECUTION_DATE=2022-03-15T19:35:13.372124+00:00
AIRFLOW_CTX_DAG_RUN_ID=manual__2022-03-15T19:35:13.372124+00:00
[2022-03-15 19:35:27,747] {logging_mixin.py:109} INFO - model's accuracy: 7.217828575564445
[2022-03-15 19:35:27,880] {python.py:175} INFO - Done. Returned value was: None
[2022-03-15 19:35:28,418] {taskinstance.py:1267} INFO - Marking task as SUCCESS. dag_id=xcom_dag, task_id=processing_tasks.training_model_b, execution_date=20220315T193513, start_date=20220315T193525, end_date=20220315T193528
[2022-03-15 19:35:28,617] {local_task_job.py:154} INFO - Task exited with return code 0
[2022-03-15 19:35:29,226] {local_task_job.py:264} INFO - 0 downstream tasks scheduled from follow-on schedule check
