[2022-03-11 19:08:16,627] {taskinstance.py:1032} INFO - Dependencies all met for <TaskInstance: xcom_dag.processing_tasks.training_model_c manual__2022-03-11T19:07:59.787580+00:00 [queued]>
[2022-03-11 19:08:16,845] {taskinstance.py:1032} INFO - Dependencies all met for <TaskInstance: xcom_dag.processing_tasks.training_model_c manual__2022-03-11T19:07:59.787580+00:00 [queued]>
[2022-03-11 19:08:16,845] {taskinstance.py:1238} INFO - 
--------------------------------------------------------------------------------
[2022-03-11 19:08:16,845] {taskinstance.py:1239} INFO - Starting attempt 1 of 1
[2022-03-11 19:08:16,845] {taskinstance.py:1240} INFO - 
--------------------------------------------------------------------------------
[2022-03-11 19:08:17,326] {taskinstance.py:1259} INFO - Executing <Task(PythonOperator): processing_tasks.training_model_c> on 2022-03-11 19:07:59.787580+00:00
[2022-03-11 19:08:17,345] {standard_task_runner.py:52} INFO - Started process 13696 to run task
[2022-03-11 19:08:17,429] {standard_task_runner.py:76} INFO - Running: ['airflow', 'tasks', 'run', 'xcom_dag', 'processing_tasks.training_model_c', 'manual__2022-03-11T19:07:59.787580+00:00', '--job-id', '91', '--raw', '--subdir', 'DAGS_FOLDER/xcom_dag.py', '--cfg-path', '/tmp/tmpm4na7k3v', '--error-file', '/tmp/tmp7y1jiyy8']
[2022-03-11 19:08:17,491] {standard_task_runner.py:77} INFO - Job 91: Subtask processing_tasks.training_model_c
[2022-03-11 19:08:19,778] {logging_mixin.py:109} INFO - Running <TaskInstance: xcom_dag.processing_tasks.training_model_c manual__2022-03-11T19:07:59.787580+00:00 [running]> on host airflowvm
[2022-03-11 19:08:21,239] {taskinstance.py:1424} INFO - Exporting the following env vars:
AIRFLOW_CTX_DAG_OWNER=airflow
AIRFLOW_CTX_DAG_ID=xcom_dag
AIRFLOW_CTX_TASK_ID=processing_tasks.training_model_c
AIRFLOW_CTX_EXECUTION_DATE=2022-03-11T19:07:59.787580+00:00
AIRFLOW_CTX_DAG_RUN_ID=manual__2022-03-11T19:07:59.787580+00:00
[2022-03-11 19:08:21,275] {logging_mixin.py:109} INFO - model's accuracy: 0.8989561512150823
[2022-03-11 19:08:21,387] {python.py:175} INFO - Done. Returned value was: None
[2022-03-11 19:08:21,532] {taskinstance.py:1267} INFO - Marking task as SUCCESS. dag_id=xcom_dag, task_id=processing_tasks.training_model_c, execution_date=20220311T190759, start_date=20220311T190816, end_date=20220311T190821
[2022-03-11 19:08:22,034] {local_task_job.py:154} INFO - Task exited with return code 0
[2022-03-11 19:08:22,642] {local_task_job.py:264} INFO - 1 downstream tasks scheduled from follow-on schedule check
