[2022-01-05 20:07:04,683] {processor.py:163} INFO - Started process (PID=2417) to work on /home/airflow/sandbox/lib/python3.8/site-packages/airflow/example_dags/plugins/workday.py
[2022-01-05 20:07:04,694] {processor.py:642} INFO - Processing file /home/airflow/sandbox/lib/python3.8/site-packages/airflow/example_dags/plugins/workday.py for tasks to queue
[2022-01-05 20:07:04,695] {logging_mixin.py:109} INFO - [2022-01-05 20:07:04,695] {dagbag.py:500} INFO - Filling up the DagBag from /home/airflow/sandbox/lib/python3.8/site-packages/airflow/example_dags/plugins/workday.py
[2022-01-05 20:07:04,919] {processor.py:656} WARNING - No viable dags retrieved from /home/airflow/sandbox/lib/python3.8/site-packages/airflow/example_dags/plugins/workday.py
[2022-01-05 20:07:04,949] {processor.py:171} INFO - Processing /home/airflow/sandbox/lib/python3.8/site-packages/airflow/example_dags/plugins/workday.py took 0.369 seconds
[2022-01-05 20:07:37,075] {processor.py:163} INFO - Started process (PID=2665) to work on /home/airflow/sandbox/lib/python3.8/site-packages/airflow/example_dags/plugins/workday.py
[2022-01-05 20:07:37,078] {processor.py:642} INFO - Processing file /home/airflow/sandbox/lib/python3.8/site-packages/airflow/example_dags/plugins/workday.py for tasks to queue
[2022-01-05 20:07:37,081] {logging_mixin.py:109} INFO - [2022-01-05 20:07:37,081] {dagbag.py:500} INFO - Filling up the DagBag from /home/airflow/sandbox/lib/python3.8/site-packages/airflow/example_dags/plugins/workday.py
[2022-01-05 20:07:37,138] {processor.py:656} WARNING - No viable dags retrieved from /home/airflow/sandbox/lib/python3.8/site-packages/airflow/example_dags/plugins/workday.py
[2022-01-05 20:07:37,146] {processor.py:171} INFO - Processing /home/airflow/sandbox/lib/python3.8/site-packages/airflow/example_dags/plugins/workday.py took 0.090 seconds
[2022-01-05 20:08:07,586] {processor.py:163} INFO - Started process (PID=2864) to work on /home/airflow/sandbox/lib/python3.8/site-packages/airflow/example_dags/plugins/workday.py
[2022-01-05 20:08:07,587] {processor.py:642} INFO - Processing file /home/airflow/sandbox/lib/python3.8/site-packages/airflow/example_dags/plugins/workday.py for tasks to queue
[2022-01-05 20:08:07,588] {logging_mixin.py:109} INFO - [2022-01-05 20:08:07,588] {dagbag.py:500} INFO - Filling up the DagBag from /home/airflow/sandbox/lib/python3.8/site-packages/airflow/example_dags/plugins/workday.py
[2022-01-05 20:08:07,647] {processor.py:656} WARNING - No viable dags retrieved from /home/airflow/sandbox/lib/python3.8/site-packages/airflow/example_dags/plugins/workday.py
[2022-01-05 20:08:07,716] {processor.py:171} INFO - Processing /home/airflow/sandbox/lib/python3.8/site-packages/airflow/example_dags/plugins/workday.py took 0.133 seconds
[2022-01-05 20:08:38,079] {processor.py:163} INFO - Started process (PID=3208) to work on /home/airflow/sandbox/lib/python3.8/site-packages/airflow/example_dags/plugins/workday.py
[2022-01-05 20:08:38,081] {processor.py:642} INFO - Processing file /home/airflow/sandbox/lib/python3.8/site-packages/airflow/example_dags/plugins/workday.py for tasks to queue
[2022-01-05 20:08:38,083] {logging_mixin.py:109} INFO - [2022-01-05 20:08:38,082] {dagbag.py:500} INFO - Filling up the DagBag from /home/airflow/sandbox/lib/python3.8/site-packages/airflow/example_dags/plugins/workday.py
[2022-01-05 20:08:38,230] {processor.py:656} WARNING - No viable dags retrieved from /home/airflow/sandbox/lib/python3.8/site-packages/airflow/example_dags/plugins/workday.py
[2022-01-05 20:08:38,240] {processor.py:171} INFO - Processing /home/airflow/sandbox/lib/python3.8/site-packages/airflow/example_dags/plugins/workday.py took 0.165 seconds
[2022-01-05 20:09:08,798] {processor.py:163} INFO - Started process (PID=3458) to work on /home/airflow/sandbox/lib/python3.8/site-packages/airflow/example_dags/plugins/workday.py
[2022-01-05 20:09:08,808] {processor.py:642} INFO - Processing file /home/airflow/sandbox/lib/python3.8/site-packages/airflow/example_dags/plugins/workday.py for tasks to queue
[2022-01-05 20:09:08,812] {logging_mixin.py:109} INFO - [2022-01-05 20:09:08,812] {dagbag.py:500} INFO - Filling up the DagBag from /home/airflow/sandbox/lib/python3.8/site-packages/airflow/example_dags/plugins/workday.py
[2022-01-05 20:09:08,986] {processor.py:656} WARNING - No viable dags retrieved from /home/airflow/sandbox/lib/python3.8/site-packages/airflow/example_dags/plugins/workday.py
[2022-01-05 20:09:08,995] {processor.py:171} INFO - Processing /home/airflow/sandbox/lib/python3.8/site-packages/airflow/example_dags/plugins/workday.py took 0.211 seconds
[2022-01-05 20:09:39,208] {processor.py:163} INFO - Started process (PID=4423) to work on /home/airflow/sandbox/lib/python3.8/site-packages/airflow/example_dags/plugins/workday.py
[2022-01-05 20:09:39,211] {processor.py:642} INFO - Processing file /home/airflow/sandbox/lib/python3.8/site-packages/airflow/example_dags/plugins/workday.py for tasks to queue
[2022-01-05 20:09:39,214] {logging_mixin.py:109} INFO - [2022-01-05 20:09:39,214] {dagbag.py:500} INFO - Filling up the DagBag from /home/airflow/sandbox/lib/python3.8/site-packages/airflow/example_dags/plugins/workday.py
[2022-01-05 20:09:39,310] {processor.py:656} WARNING - No viable dags retrieved from /home/airflow/sandbox/lib/python3.8/site-packages/airflow/example_dags/plugins/workday.py
[2022-01-05 20:09:39,312] {processor.py:171} INFO - Processing /home/airflow/sandbox/lib/python3.8/site-packages/airflow/example_dags/plugins/workday.py took 0.129 seconds
[2022-01-05 20:10:09,850] {processor.py:163} INFO - Started process (PID=4773) to work on /home/airflow/sandbox/lib/python3.8/site-packages/airflow/example_dags/plugins/workday.py
[2022-01-05 20:10:09,855] {processor.py:642} INFO - Processing file /home/airflow/sandbox/lib/python3.8/site-packages/airflow/example_dags/plugins/workday.py for tasks to queue
[2022-01-05 20:10:09,856] {logging_mixin.py:109} INFO - [2022-01-05 20:10:09,856] {dagbag.py:500} INFO - Filling up the DagBag from /home/airflow/sandbox/lib/python3.8/site-packages/airflow/example_dags/plugins/workday.py
[2022-01-05 20:10:09,940] {processor.py:656} WARNING - No viable dags retrieved from /home/airflow/sandbox/lib/python3.8/site-packages/airflow/example_dags/plugins/workday.py
[2022-01-05 20:10:09,950] {processor.py:171} INFO - Processing /home/airflow/sandbox/lib/python3.8/site-packages/airflow/example_dags/plugins/workday.py took 0.134 seconds
[2022-01-05 20:10:41,204] {processor.py:163} INFO - Started process (PID=4893) to work on /home/airflow/sandbox/lib/python3.8/site-packages/airflow/example_dags/plugins/workday.py
[2022-01-05 20:10:41,205] {processor.py:642} INFO - Processing file /home/airflow/sandbox/lib/python3.8/site-packages/airflow/example_dags/plugins/workday.py for tasks to queue
[2022-01-05 20:10:41,207] {logging_mixin.py:109} INFO - [2022-01-05 20:10:41,206] {dagbag.py:500} INFO - Filling up the DagBag from /home/airflow/sandbox/lib/python3.8/site-packages/airflow/example_dags/plugins/workday.py
[2022-01-05 20:10:41,294] {processor.py:656} WARNING - No viable dags retrieved from /home/airflow/sandbox/lib/python3.8/site-packages/airflow/example_dags/plugins/workday.py
[2022-01-05 20:10:41,304] {processor.py:171} INFO - Processing /home/airflow/sandbox/lib/python3.8/site-packages/airflow/example_dags/plugins/workday.py took 0.114 seconds
[2022-01-05 20:11:11,840] {processor.py:163} INFO - Started process (PID=5036) to work on /home/airflow/sandbox/lib/python3.8/site-packages/airflow/example_dags/plugins/workday.py
[2022-01-05 20:11:11,843] {processor.py:642} INFO - Processing file /home/airflow/sandbox/lib/python3.8/site-packages/airflow/example_dags/plugins/workday.py for tasks to queue
[2022-01-05 20:11:11,844] {logging_mixin.py:109} INFO - [2022-01-05 20:11:11,844] {dagbag.py:500} INFO - Filling up the DagBag from /home/airflow/sandbox/lib/python3.8/site-packages/airflow/example_dags/plugins/workday.py
[2022-01-05 20:11:12,051] {processor.py:656} WARNING - No viable dags retrieved from /home/airflow/sandbox/lib/python3.8/site-packages/airflow/example_dags/plugins/workday.py
[2022-01-05 20:11:12,077] {processor.py:171} INFO - Processing /home/airflow/sandbox/lib/python3.8/site-packages/airflow/example_dags/plugins/workday.py took 0.245 seconds
[2022-01-05 20:11:42,838] {processor.py:163} INFO - Started process (PID=5129) to work on /home/airflow/sandbox/lib/python3.8/site-packages/airflow/example_dags/plugins/workday.py
[2022-01-05 20:11:42,841] {processor.py:642} INFO - Processing file /home/airflow/sandbox/lib/python3.8/site-packages/airflow/example_dags/plugins/workday.py for tasks to queue
[2022-01-05 20:11:42,847] {logging_mixin.py:109} INFO - [2022-01-05 20:11:42,847] {dagbag.py:500} INFO - Filling up the DagBag from /home/airflow/sandbox/lib/python3.8/site-packages/airflow/example_dags/plugins/workday.py
[2022-01-05 20:11:42,934] {processor.py:656} WARNING - No viable dags retrieved from /home/airflow/sandbox/lib/python3.8/site-packages/airflow/example_dags/plugins/workday.py
[2022-01-05 20:11:42,941] {processor.py:171} INFO - Processing /home/airflow/sandbox/lib/python3.8/site-packages/airflow/example_dags/plugins/workday.py took 0.146 seconds
[2022-01-05 20:12:13,074] {processor.py:163} INFO - Started process (PID=5260) to work on /home/airflow/sandbox/lib/python3.8/site-packages/airflow/example_dags/plugins/workday.py
[2022-01-05 20:12:13,077] {processor.py:642} INFO - Processing file /home/airflow/sandbox/lib/python3.8/site-packages/airflow/example_dags/plugins/workday.py for tasks to queue
[2022-01-05 20:12:13,078] {logging_mixin.py:109} INFO - [2022-01-05 20:12:13,078] {dagbag.py:500} INFO - Filling up the DagBag from /home/airflow/sandbox/lib/python3.8/site-packages/airflow/example_dags/plugins/workday.py
[2022-01-05 20:12:13,115] {processor.py:656} WARNING - No viable dags retrieved from /home/airflow/sandbox/lib/python3.8/site-packages/airflow/example_dags/plugins/workday.py
[2022-01-05 20:12:13,118] {processor.py:171} INFO - Processing /home/airflow/sandbox/lib/python3.8/site-packages/airflow/example_dags/plugins/workday.py took 0.052 seconds
[2022-01-05 20:12:43,821] {processor.py:163} INFO - Started process (PID=5350) to work on /home/airflow/sandbox/lib/python3.8/site-packages/airflow/example_dags/plugins/workday.py
[2022-01-05 20:12:43,822] {processor.py:642} INFO - Processing file /home/airflow/sandbox/lib/python3.8/site-packages/airflow/example_dags/plugins/workday.py for tasks to queue
[2022-01-05 20:12:43,823] {logging_mixin.py:109} INFO - [2022-01-05 20:12:43,822] {dagbag.py:500} INFO - Filling up the DagBag from /home/airflow/sandbox/lib/python3.8/site-packages/airflow/example_dags/plugins/workday.py
[2022-01-05 20:12:43,939] {processor.py:656} WARNING - No viable dags retrieved from /home/airflow/sandbox/lib/python3.8/site-packages/airflow/example_dags/plugins/workday.py
[2022-01-05 20:12:43,957] {processor.py:171} INFO - Processing /home/airflow/sandbox/lib/python3.8/site-packages/airflow/example_dags/plugins/workday.py took 0.162 seconds
[2022-01-05 20:28:09,502] {processor.py:163} INFO - Started process (PID=6950) to work on /home/airflow/sandbox/lib/python3.8/site-packages/airflow/example_dags/plugins/workday.py
[2022-01-05 20:28:09,507] {processor.py:642} INFO - Processing file /home/airflow/sandbox/lib/python3.8/site-packages/airflow/example_dags/plugins/workday.py for tasks to queue
[2022-01-05 20:28:09,526] {logging_mixin.py:109} INFO - [2022-01-05 20:28:09,526] {dagbag.py:500} INFO - Filling up the DagBag from /home/airflow/sandbox/lib/python3.8/site-packages/airflow/example_dags/plugins/workday.py
[2022-01-05 20:28:09,707] {processor.py:656} WARNING - No viable dags retrieved from /home/airflow/sandbox/lib/python3.8/site-packages/airflow/example_dags/plugins/workday.py
[2022-01-05 20:28:09,752] {processor.py:171} INFO - Processing /home/airflow/sandbox/lib/python3.8/site-packages/airflow/example_dags/plugins/workday.py took 0.263 seconds
[2022-01-05 20:28:40,544] {processor.py:163} INFO - Started process (PID=7399) to work on /home/airflow/sandbox/lib/python3.8/site-packages/airflow/example_dags/plugins/workday.py
[2022-01-05 20:28:40,546] {processor.py:642} INFO - Processing file /home/airflow/sandbox/lib/python3.8/site-packages/airflow/example_dags/plugins/workday.py for tasks to queue
[2022-01-05 20:28:40,552] {logging_mixin.py:109} INFO - [2022-01-05 20:28:40,552] {dagbag.py:500} INFO - Filling up the DagBag from /home/airflow/sandbox/lib/python3.8/site-packages/airflow/example_dags/plugins/workday.py
[2022-01-05 20:28:41,298] {processor.py:656} WARNING - No viable dags retrieved from /home/airflow/sandbox/lib/python3.8/site-packages/airflow/example_dags/plugins/workday.py
[2022-01-05 20:28:41,309] {processor.py:171} INFO - Processing /home/airflow/sandbox/lib/python3.8/site-packages/airflow/example_dags/plugins/workday.py took 0.808 seconds
[2022-01-05 20:29:20,437] {processor.py:163} INFO - Started process (PID=7707) to work on /home/airflow/sandbox/lib/python3.8/site-packages/airflow/example_dags/plugins/workday.py
[2022-01-05 20:29:20,439] {processor.py:642} INFO - Processing file /home/airflow/sandbox/lib/python3.8/site-packages/airflow/example_dags/plugins/workday.py for tasks to queue
[2022-01-05 20:29:20,440] {logging_mixin.py:109} INFO - [2022-01-05 20:29:20,440] {dagbag.py:500} INFO - Filling up the DagBag from /home/airflow/sandbox/lib/python3.8/site-packages/airflow/example_dags/plugins/workday.py
[2022-01-05 20:29:20,690] {processor.py:656} WARNING - No viable dags retrieved from /home/airflow/sandbox/lib/python3.8/site-packages/airflow/example_dags/plugins/workday.py
[2022-01-05 20:29:20,741] {processor.py:171} INFO - Processing /home/airflow/sandbox/lib/python3.8/site-packages/airflow/example_dags/plugins/workday.py took 0.355 seconds
[2022-01-05 20:29:51,296] {processor.py:163} INFO - Started process (PID=7944) to work on /home/airflow/sandbox/lib/python3.8/site-packages/airflow/example_dags/plugins/workday.py
[2022-01-05 20:29:51,302] {processor.py:642} INFO - Processing file /home/airflow/sandbox/lib/python3.8/site-packages/airflow/example_dags/plugins/workday.py for tasks to queue
[2022-01-05 20:29:51,311] {logging_mixin.py:109} INFO - [2022-01-05 20:29:51,306] {dagbag.py:500} INFO - Filling up the DagBag from /home/airflow/sandbox/lib/python3.8/site-packages/airflow/example_dags/plugins/workday.py
[2022-01-05 20:29:51,428] {processor.py:656} WARNING - No viable dags retrieved from /home/airflow/sandbox/lib/python3.8/site-packages/airflow/example_dags/plugins/workday.py
[2022-01-05 20:29:51,434] {processor.py:171} INFO - Processing /home/airflow/sandbox/lib/python3.8/site-packages/airflow/example_dags/plugins/workday.py took 0.151 seconds
[2022-01-05 20:30:21,500] {processor.py:163} INFO - Started process (PID=8305) to work on /home/airflow/sandbox/lib/python3.8/site-packages/airflow/example_dags/plugins/workday.py
[2022-01-05 20:30:21,501] {processor.py:642} INFO - Processing file /home/airflow/sandbox/lib/python3.8/site-packages/airflow/example_dags/plugins/workday.py for tasks to queue
[2022-01-05 20:30:21,502] {logging_mixin.py:109} INFO - [2022-01-05 20:30:21,502] {dagbag.py:500} INFO - Filling up the DagBag from /home/airflow/sandbox/lib/python3.8/site-packages/airflow/example_dags/plugins/workday.py
[2022-01-05 20:30:21,539] {processor.py:656} WARNING - No viable dags retrieved from /home/airflow/sandbox/lib/python3.8/site-packages/airflow/example_dags/plugins/workday.py
[2022-01-05 20:30:21,543] {processor.py:171} INFO - Processing /home/airflow/sandbox/lib/python3.8/site-packages/airflow/example_dags/plugins/workday.py took 0.046 seconds
[2022-01-05 20:30:52,289] {processor.py:163} INFO - Started process (PID=8631) to work on /home/airflow/sandbox/lib/python3.8/site-packages/airflow/example_dags/plugins/workday.py
[2022-01-05 20:30:52,291] {processor.py:642} INFO - Processing file /home/airflow/sandbox/lib/python3.8/site-packages/airflow/example_dags/plugins/workday.py for tasks to queue
[2022-01-05 20:30:52,292] {logging_mixin.py:109} INFO - [2022-01-05 20:30:52,292] {dagbag.py:500} INFO - Filling up the DagBag from /home/airflow/sandbox/lib/python3.8/site-packages/airflow/example_dags/plugins/workday.py
[2022-01-05 20:30:52,383] {processor.py:656} WARNING - No viable dags retrieved from /home/airflow/sandbox/lib/python3.8/site-packages/airflow/example_dags/plugins/workday.py
[2022-01-05 20:30:52,390] {processor.py:171} INFO - Processing /home/airflow/sandbox/lib/python3.8/site-packages/airflow/example_dags/plugins/workday.py took 0.112 seconds
[2022-01-05 20:31:22,886] {processor.py:163} INFO - Started process (PID=9052) to work on /home/airflow/sandbox/lib/python3.8/site-packages/airflow/example_dags/plugins/workday.py
[2022-01-05 20:31:22,889] {processor.py:642} INFO - Processing file /home/airflow/sandbox/lib/python3.8/site-packages/airflow/example_dags/plugins/workday.py for tasks to queue
[2022-01-05 20:31:22,916] {logging_mixin.py:109} INFO - [2022-01-05 20:31:22,916] {dagbag.py:500} INFO - Filling up the DagBag from /home/airflow/sandbox/lib/python3.8/site-packages/airflow/example_dags/plugins/workday.py
[2022-01-05 20:31:23,036] {processor.py:656} WARNING - No viable dags retrieved from /home/airflow/sandbox/lib/python3.8/site-packages/airflow/example_dags/plugins/workday.py
[2022-01-05 20:31:23,066] {processor.py:171} INFO - Processing /home/airflow/sandbox/lib/python3.8/site-packages/airflow/example_dags/plugins/workday.py took 0.183 seconds
[2022-01-05 20:31:56,912] {processor.py:163} INFO - Started process (PID=9452) to work on /home/airflow/sandbox/lib/python3.8/site-packages/airflow/example_dags/plugins/workday.py
[2022-01-05 20:31:56,916] {processor.py:642} INFO - Processing file /home/airflow/sandbox/lib/python3.8/site-packages/airflow/example_dags/plugins/workday.py for tasks to queue
[2022-01-05 20:31:56,920] {logging_mixin.py:109} INFO - [2022-01-05 20:31:56,920] {dagbag.py:500} INFO - Filling up the DagBag from /home/airflow/sandbox/lib/python3.8/site-packages/airflow/example_dags/plugins/workday.py
[2022-01-05 20:31:57,338] {processor.py:656} WARNING - No viable dags retrieved from /home/airflow/sandbox/lib/python3.8/site-packages/airflow/example_dags/plugins/workday.py
[2022-01-05 20:31:57,412] {processor.py:171} INFO - Processing /home/airflow/sandbox/lib/python3.8/site-packages/airflow/example_dags/plugins/workday.py took 0.536 seconds
[2022-01-05 20:32:28,312] {processor.py:163} INFO - Started process (PID=10155) to work on /home/airflow/sandbox/lib/python3.8/site-packages/airflow/example_dags/plugins/workday.py
[2022-01-05 20:32:28,313] {processor.py:642} INFO - Processing file /home/airflow/sandbox/lib/python3.8/site-packages/airflow/example_dags/plugins/workday.py for tasks to queue
[2022-01-05 20:32:28,325] {logging_mixin.py:109} INFO - [2022-01-05 20:32:28,325] {dagbag.py:500} INFO - Filling up the DagBag from /home/airflow/sandbox/lib/python3.8/site-packages/airflow/example_dags/plugins/workday.py
[2022-01-05 20:32:28,466] {processor.py:656} WARNING - No viable dags retrieved from /home/airflow/sandbox/lib/python3.8/site-packages/airflow/example_dags/plugins/workday.py
[2022-01-05 20:32:28,510] {processor.py:171} INFO - Processing /home/airflow/sandbox/lib/python3.8/site-packages/airflow/example_dags/plugins/workday.py took 0.333 seconds
[2022-01-05 20:33:00,325] {processor.py:163} INFO - Started process (PID=10884) to work on /home/airflow/sandbox/lib/python3.8/site-packages/airflow/example_dags/plugins/workday.py
[2022-01-05 20:33:00,327] {processor.py:642} INFO - Processing file /home/airflow/sandbox/lib/python3.8/site-packages/airflow/example_dags/plugins/workday.py for tasks to queue
[2022-01-05 20:33:00,330] {logging_mixin.py:109} INFO - [2022-01-05 20:33:00,329] {dagbag.py:500} INFO - Filling up the DagBag from /home/airflow/sandbox/lib/python3.8/site-packages/airflow/example_dags/plugins/workday.py
[2022-01-05 20:33:00,762] {processor.py:656} WARNING - No viable dags retrieved from /home/airflow/sandbox/lib/python3.8/site-packages/airflow/example_dags/plugins/workday.py
[2022-01-05 20:33:00,776] {processor.py:171} INFO - Processing /home/airflow/sandbox/lib/python3.8/site-packages/airflow/example_dags/plugins/workday.py took 0.464 seconds
[2022-01-05 20:33:31,307] {processor.py:163} INFO - Started process (PID=11457) to work on /home/airflow/sandbox/lib/python3.8/site-packages/airflow/example_dags/plugins/workday.py
[2022-01-05 20:33:31,311] {processor.py:642} INFO - Processing file /home/airflow/sandbox/lib/python3.8/site-packages/airflow/example_dags/plugins/workday.py for tasks to queue
[2022-01-05 20:33:31,314] {logging_mixin.py:109} INFO - [2022-01-05 20:33:31,314] {dagbag.py:500} INFO - Filling up the DagBag from /home/airflow/sandbox/lib/python3.8/site-packages/airflow/example_dags/plugins/workday.py
[2022-01-05 20:33:31,660] {processor.py:656} WARNING - No viable dags retrieved from /home/airflow/sandbox/lib/python3.8/site-packages/airflow/example_dags/plugins/workday.py
[2022-01-05 20:33:31,667] {processor.py:171} INFO - Processing /home/airflow/sandbox/lib/python3.8/site-packages/airflow/example_dags/plugins/workday.py took 0.396 seconds
[2022-01-05 20:34:02,425] {processor.py:163} INFO - Started process (PID=11751) to work on /home/airflow/sandbox/lib/python3.8/site-packages/airflow/example_dags/plugins/workday.py
[2022-01-05 20:34:02,453] {processor.py:642} INFO - Processing file /home/airflow/sandbox/lib/python3.8/site-packages/airflow/example_dags/plugins/workday.py for tasks to queue
[2022-01-05 20:34:02,454] {logging_mixin.py:109} INFO - [2022-01-05 20:34:02,454] {dagbag.py:500} INFO - Filling up the DagBag from /home/airflow/sandbox/lib/python3.8/site-packages/airflow/example_dags/plugins/workday.py
[2022-01-05 20:34:02,604] {processor.py:656} WARNING - No viable dags retrieved from /home/airflow/sandbox/lib/python3.8/site-packages/airflow/example_dags/plugins/workday.py
[2022-01-05 20:34:02,606] {processor.py:171} INFO - Processing /home/airflow/sandbox/lib/python3.8/site-packages/airflow/example_dags/plugins/workday.py took 0.192 seconds
[2022-01-05 20:34:33,221] {processor.py:163} INFO - Started process (PID=11990) to work on /home/airflow/sandbox/lib/python3.8/site-packages/airflow/example_dags/plugins/workday.py
[2022-01-05 20:34:33,223] {processor.py:642} INFO - Processing file /home/airflow/sandbox/lib/python3.8/site-packages/airflow/example_dags/plugins/workday.py for tasks to queue
[2022-01-05 20:34:33,225] {logging_mixin.py:109} INFO - [2022-01-05 20:34:33,225] {dagbag.py:500} INFO - Filling up the DagBag from /home/airflow/sandbox/lib/python3.8/site-packages/airflow/example_dags/plugins/workday.py
[2022-01-05 20:34:33,358] {processor.py:656} WARNING - No viable dags retrieved from /home/airflow/sandbox/lib/python3.8/site-packages/airflow/example_dags/plugins/workday.py
[2022-01-05 20:34:33,367] {processor.py:171} INFO - Processing /home/airflow/sandbox/lib/python3.8/site-packages/airflow/example_dags/plugins/workday.py took 0.165 seconds
[2022-01-05 20:35:04,021] {processor.py:163} INFO - Started process (PID=12230) to work on /home/airflow/sandbox/lib/python3.8/site-packages/airflow/example_dags/plugins/workday.py
[2022-01-05 20:35:04,039] {processor.py:642} INFO - Processing file /home/airflow/sandbox/lib/python3.8/site-packages/airflow/example_dags/plugins/workday.py for tasks to queue
[2022-01-05 20:35:04,045] {logging_mixin.py:109} INFO - [2022-01-05 20:35:04,045] {dagbag.py:500} INFO - Filling up the DagBag from /home/airflow/sandbox/lib/python3.8/site-packages/airflow/example_dags/plugins/workday.py
[2022-01-05 20:35:04,155] {processor.py:656} WARNING - No viable dags retrieved from /home/airflow/sandbox/lib/python3.8/site-packages/airflow/example_dags/plugins/workday.py
[2022-01-05 20:35:04,170] {processor.py:171} INFO - Processing /home/airflow/sandbox/lib/python3.8/site-packages/airflow/example_dags/plugins/workday.py took 0.160 seconds
[2022-01-05 20:35:34,465] {processor.py:163} INFO - Started process (PID=12471) to work on /home/airflow/sandbox/lib/python3.8/site-packages/airflow/example_dags/plugins/workday.py
[2022-01-05 20:35:34,471] {processor.py:642} INFO - Processing file /home/airflow/sandbox/lib/python3.8/site-packages/airflow/example_dags/plugins/workday.py for tasks to queue
[2022-01-05 20:35:34,499] {logging_mixin.py:109} INFO - [2022-01-05 20:35:34,499] {dagbag.py:500} INFO - Filling up the DagBag from /home/airflow/sandbox/lib/python3.8/site-packages/airflow/example_dags/plugins/workday.py
[2022-01-05 20:35:34,540] {processor.py:656} WARNING - No viable dags retrieved from /home/airflow/sandbox/lib/python3.8/site-packages/airflow/example_dags/plugins/workday.py
[2022-01-05 20:35:34,543] {processor.py:171} INFO - Processing /home/airflow/sandbox/lib/python3.8/site-packages/airflow/example_dags/plugins/workday.py took 0.095 seconds
[2022-01-05 20:36:05,019] {processor.py:163} INFO - Started process (PID=12706) to work on /home/airflow/sandbox/lib/python3.8/site-packages/airflow/example_dags/plugins/workday.py
[2022-01-05 20:36:05,088] {processor.py:642} INFO - Processing file /home/airflow/sandbox/lib/python3.8/site-packages/airflow/example_dags/plugins/workday.py for tasks to queue
[2022-01-05 20:36:05,093] {logging_mixin.py:109} INFO - [2022-01-05 20:36:05,093] {dagbag.py:500} INFO - Filling up the DagBag from /home/airflow/sandbox/lib/python3.8/site-packages/airflow/example_dags/plugins/workday.py
[2022-01-05 20:36:05,185] {processor.py:656} WARNING - No viable dags retrieved from /home/airflow/sandbox/lib/python3.8/site-packages/airflow/example_dags/plugins/workday.py
[2022-01-05 20:36:05,195] {processor.py:171} INFO - Processing /home/airflow/sandbox/lib/python3.8/site-packages/airflow/example_dags/plugins/workday.py took 0.192 seconds
[2022-01-05 20:36:35,605] {processor.py:163} INFO - Started process (PID=12947) to work on /home/airflow/sandbox/lib/python3.8/site-packages/airflow/example_dags/plugins/workday.py
[2022-01-05 20:36:35,606] {processor.py:642} INFO - Processing file /home/airflow/sandbox/lib/python3.8/site-packages/airflow/example_dags/plugins/workday.py for tasks to queue
[2022-01-05 20:36:35,606] {logging_mixin.py:109} INFO - [2022-01-05 20:36:35,606] {dagbag.py:500} INFO - Filling up the DagBag from /home/airflow/sandbox/lib/python3.8/site-packages/airflow/example_dags/plugins/workday.py
[2022-01-05 20:36:35,739] {processor.py:656} WARNING - No viable dags retrieved from /home/airflow/sandbox/lib/python3.8/site-packages/airflow/example_dags/plugins/workday.py
[2022-01-05 20:36:35,744] {processor.py:171} INFO - Processing /home/airflow/sandbox/lib/python3.8/site-packages/airflow/example_dags/plugins/workday.py took 0.150 seconds
[2022-01-05 20:37:06,105] {processor.py:163} INFO - Started process (PID=13189) to work on /home/airflow/sandbox/lib/python3.8/site-packages/airflow/example_dags/plugins/workday.py
[2022-01-05 20:37:06,106] {processor.py:642} INFO - Processing file /home/airflow/sandbox/lib/python3.8/site-packages/airflow/example_dags/plugins/workday.py for tasks to queue
[2022-01-05 20:37:06,112] {logging_mixin.py:109} INFO - [2022-01-05 20:37:06,112] {dagbag.py:500} INFO - Filling up the DagBag from /home/airflow/sandbox/lib/python3.8/site-packages/airflow/example_dags/plugins/workday.py
[2022-01-05 20:37:06,215] {processor.py:656} WARNING - No viable dags retrieved from /home/airflow/sandbox/lib/python3.8/site-packages/airflow/example_dags/plugins/workday.py
[2022-01-05 20:37:06,232] {processor.py:171} INFO - Processing /home/airflow/sandbox/lib/python3.8/site-packages/airflow/example_dags/plugins/workday.py took 0.129 seconds
[2022-01-05 20:37:36,379] {processor.py:163} INFO - Started process (PID=13428) to work on /home/airflow/sandbox/lib/python3.8/site-packages/airflow/example_dags/plugins/workday.py
[2022-01-05 20:37:36,382] {processor.py:642} INFO - Processing file /home/airflow/sandbox/lib/python3.8/site-packages/airflow/example_dags/plugins/workday.py for tasks to queue
[2022-01-05 20:37:36,384] {logging_mixin.py:109} INFO - [2022-01-05 20:37:36,384] {dagbag.py:500} INFO - Filling up the DagBag from /home/airflow/sandbox/lib/python3.8/site-packages/airflow/example_dags/plugins/workday.py
[2022-01-05 20:37:36,504] {processor.py:656} WARNING - No viable dags retrieved from /home/airflow/sandbox/lib/python3.8/site-packages/airflow/example_dags/plugins/workday.py
[2022-01-05 20:37:36,512] {processor.py:171} INFO - Processing /home/airflow/sandbox/lib/python3.8/site-packages/airflow/example_dags/plugins/workday.py took 0.152 seconds
[2022-01-05 20:38:06,956] {processor.py:163} INFO - Started process (PID=13659) to work on /home/airflow/sandbox/lib/python3.8/site-packages/airflow/example_dags/plugins/workday.py
[2022-01-05 20:38:06,957] {processor.py:642} INFO - Processing file /home/airflow/sandbox/lib/python3.8/site-packages/airflow/example_dags/plugins/workday.py for tasks to queue
[2022-01-05 20:38:06,959] {logging_mixin.py:109} INFO - [2022-01-05 20:38:06,958] {dagbag.py:500} INFO - Filling up the DagBag from /home/airflow/sandbox/lib/python3.8/site-packages/airflow/example_dags/plugins/workday.py
[2022-01-05 20:38:07,073] {processor.py:656} WARNING - No viable dags retrieved from /home/airflow/sandbox/lib/python3.8/site-packages/airflow/example_dags/plugins/workday.py
[2022-01-05 20:38:07,081] {processor.py:171} INFO - Processing /home/airflow/sandbox/lib/python3.8/site-packages/airflow/example_dags/plugins/workday.py took 0.174 seconds
[2022-01-05 20:38:37,557] {processor.py:163} INFO - Started process (PID=13970) to work on /home/airflow/sandbox/lib/python3.8/site-packages/airflow/example_dags/plugins/workday.py
[2022-01-05 20:38:37,567] {processor.py:642} INFO - Processing file /home/airflow/sandbox/lib/python3.8/site-packages/airflow/example_dags/plugins/workday.py for tasks to queue
[2022-01-05 20:38:37,575] {logging_mixin.py:109} INFO - [2022-01-05 20:38:37,575] {dagbag.py:500} INFO - Filling up the DagBag from /home/airflow/sandbox/lib/python3.8/site-packages/airflow/example_dags/plugins/workday.py
[2022-01-05 20:38:37,683] {processor.py:656} WARNING - No viable dags retrieved from /home/airflow/sandbox/lib/python3.8/site-packages/airflow/example_dags/plugins/workday.py
[2022-01-05 20:38:37,695] {processor.py:171} INFO - Processing /home/airflow/sandbox/lib/python3.8/site-packages/airflow/example_dags/plugins/workday.py took 0.141 seconds
[2022-01-05 20:39:08,052] {processor.py:163} INFO - Started process (PID=14217) to work on /home/airflow/sandbox/lib/python3.8/site-packages/airflow/example_dags/plugins/workday.py
[2022-01-05 20:39:08,061] {processor.py:642} INFO - Processing file /home/airflow/sandbox/lib/python3.8/site-packages/airflow/example_dags/plugins/workday.py for tasks to queue
[2022-01-05 20:39:08,063] {logging_mixin.py:109} INFO - [2022-01-05 20:39:08,062] {dagbag.py:500} INFO - Filling up the DagBag from /home/airflow/sandbox/lib/python3.8/site-packages/airflow/example_dags/plugins/workday.py
[2022-01-05 20:39:08,168] {processor.py:656} WARNING - No viable dags retrieved from /home/airflow/sandbox/lib/python3.8/site-packages/airflow/example_dags/plugins/workday.py
[2022-01-05 20:39:08,180] {processor.py:171} INFO - Processing /home/airflow/sandbox/lib/python3.8/site-packages/airflow/example_dags/plugins/workday.py took 0.163 seconds
[2022-01-05 20:39:38,748] {processor.py:163} INFO - Started process (PID=14458) to work on /home/airflow/sandbox/lib/python3.8/site-packages/airflow/example_dags/plugins/workday.py
[2022-01-05 20:39:38,750] {processor.py:642} INFO - Processing file /home/airflow/sandbox/lib/python3.8/site-packages/airflow/example_dags/plugins/workday.py for tasks to queue
[2022-01-05 20:39:38,752] {logging_mixin.py:109} INFO - [2022-01-05 20:39:38,752] {dagbag.py:500} INFO - Filling up the DagBag from /home/airflow/sandbox/lib/python3.8/site-packages/airflow/example_dags/plugins/workday.py
[2022-01-05 20:39:38,795] {processor.py:656} WARNING - No viable dags retrieved from /home/airflow/sandbox/lib/python3.8/site-packages/airflow/example_dags/plugins/workday.py
[2022-01-05 20:39:38,804] {processor.py:171} INFO - Processing /home/airflow/sandbox/lib/python3.8/site-packages/airflow/example_dags/plugins/workday.py took 0.067 seconds
[2022-01-05 20:40:09,231] {processor.py:163} INFO - Started process (PID=14702) to work on /home/airflow/sandbox/lib/python3.8/site-packages/airflow/example_dags/plugins/workday.py
[2022-01-05 20:40:09,232] {processor.py:642} INFO - Processing file /home/airflow/sandbox/lib/python3.8/site-packages/airflow/example_dags/plugins/workday.py for tasks to queue
[2022-01-05 20:40:09,234] {logging_mixin.py:109} INFO - [2022-01-05 20:40:09,234] {dagbag.py:500} INFO - Filling up the DagBag from /home/airflow/sandbox/lib/python3.8/site-packages/airflow/example_dags/plugins/workday.py
[2022-01-05 20:40:09,264] {processor.py:656} WARNING - No viable dags retrieved from /home/airflow/sandbox/lib/python3.8/site-packages/airflow/example_dags/plugins/workday.py
[2022-01-05 20:40:09,280] {processor.py:171} INFO - Processing /home/airflow/sandbox/lib/python3.8/site-packages/airflow/example_dags/plugins/workday.py took 0.063 seconds
[2022-01-05 20:40:39,679] {processor.py:163} INFO - Started process (PID=14943) to work on /home/airflow/sandbox/lib/python3.8/site-packages/airflow/example_dags/plugins/workday.py
[2022-01-05 20:40:39,681] {processor.py:642} INFO - Processing file /home/airflow/sandbox/lib/python3.8/site-packages/airflow/example_dags/plugins/workday.py for tasks to queue
[2022-01-05 20:40:39,683] {logging_mixin.py:109} INFO - [2022-01-05 20:40:39,683] {dagbag.py:500} INFO - Filling up the DagBag from /home/airflow/sandbox/lib/python3.8/site-packages/airflow/example_dags/plugins/workday.py
[2022-01-05 20:40:39,737] {processor.py:656} WARNING - No viable dags retrieved from /home/airflow/sandbox/lib/python3.8/site-packages/airflow/example_dags/plugins/workday.py
[2022-01-05 20:40:39,752] {processor.py:171} INFO - Processing /home/airflow/sandbox/lib/python3.8/site-packages/airflow/example_dags/plugins/workday.py took 0.081 seconds
[2022-01-05 20:41:10,352] {processor.py:163} INFO - Started process (PID=15190) to work on /home/airflow/sandbox/lib/python3.8/site-packages/airflow/example_dags/plugins/workday.py
[2022-01-05 20:41:10,359] {processor.py:642} INFO - Processing file /home/airflow/sandbox/lib/python3.8/site-packages/airflow/example_dags/plugins/workday.py for tasks to queue
[2022-01-05 20:41:10,361] {logging_mixin.py:109} INFO - [2022-01-05 20:41:10,361] {dagbag.py:500} INFO - Filling up the DagBag from /home/airflow/sandbox/lib/python3.8/site-packages/airflow/example_dags/plugins/workday.py
[2022-01-05 20:41:10,435] {processor.py:656} WARNING - No viable dags retrieved from /home/airflow/sandbox/lib/python3.8/site-packages/airflow/example_dags/plugins/workday.py
[2022-01-05 20:41:10,445] {processor.py:171} INFO - Processing /home/airflow/sandbox/lib/python3.8/site-packages/airflow/example_dags/plugins/workday.py took 0.097 seconds
[2022-01-05 20:41:40,914] {processor.py:163} INFO - Started process (PID=15431) to work on /home/airflow/sandbox/lib/python3.8/site-packages/airflow/example_dags/plugins/workday.py
[2022-01-05 20:41:40,922] {processor.py:642} INFO - Processing file /home/airflow/sandbox/lib/python3.8/site-packages/airflow/example_dags/plugins/workday.py for tasks to queue
[2022-01-05 20:41:40,925] {logging_mixin.py:109} INFO - [2022-01-05 20:41:40,924] {dagbag.py:500} INFO - Filling up the DagBag from /home/airflow/sandbox/lib/python3.8/site-packages/airflow/example_dags/plugins/workday.py
[2022-01-05 20:41:41,057] {processor.py:656} WARNING - No viable dags retrieved from /home/airflow/sandbox/lib/python3.8/site-packages/airflow/example_dags/plugins/workday.py
[2022-01-05 20:41:41,163] {processor.py:171} INFO - Processing /home/airflow/sandbox/lib/python3.8/site-packages/airflow/example_dags/plugins/workday.py took 0.253 seconds
[2022-01-05 20:42:11,416] {processor.py:163} INFO - Started process (PID=15672) to work on /home/airflow/sandbox/lib/python3.8/site-packages/airflow/example_dags/plugins/workday.py
[2022-01-05 20:42:11,417] {processor.py:642} INFO - Processing file /home/airflow/sandbox/lib/python3.8/site-packages/airflow/example_dags/plugins/workday.py for tasks to queue
[2022-01-05 20:42:11,419] {logging_mixin.py:109} INFO - [2022-01-05 20:42:11,419] {dagbag.py:500} INFO - Filling up the DagBag from /home/airflow/sandbox/lib/python3.8/site-packages/airflow/example_dags/plugins/workday.py
[2022-01-05 20:42:11,667] {processor.py:656} WARNING - No viable dags retrieved from /home/airflow/sandbox/lib/python3.8/site-packages/airflow/example_dags/plugins/workday.py
[2022-01-05 20:42:11,676] {processor.py:171} INFO - Processing /home/airflow/sandbox/lib/python3.8/site-packages/airflow/example_dags/plugins/workday.py took 0.263 seconds
[2022-01-05 20:42:42,007] {processor.py:163} INFO - Started process (PID=15910) to work on /home/airflow/sandbox/lib/python3.8/site-packages/airflow/example_dags/plugins/workday.py
[2022-01-05 20:42:42,009] {processor.py:642} INFO - Processing file /home/airflow/sandbox/lib/python3.8/site-packages/airflow/example_dags/plugins/workday.py for tasks to queue
[2022-01-05 20:42:42,009] {logging_mixin.py:109} INFO - [2022-01-05 20:42:42,009] {dagbag.py:500} INFO - Filling up the DagBag from /home/airflow/sandbox/lib/python3.8/site-packages/airflow/example_dags/plugins/workday.py
[2022-01-05 20:42:42,207] {processor.py:656} WARNING - No viable dags retrieved from /home/airflow/sandbox/lib/python3.8/site-packages/airflow/example_dags/plugins/workday.py
[2022-01-05 20:42:42,216] {processor.py:171} INFO - Processing /home/airflow/sandbox/lib/python3.8/site-packages/airflow/example_dags/plugins/workday.py took 0.283 seconds
[2022-01-05 20:43:12,865] {processor.py:163} INFO - Started process (PID=16190) to work on /home/airflow/sandbox/lib/python3.8/site-packages/airflow/example_dags/plugins/workday.py
[2022-01-05 20:43:12,871] {processor.py:642} INFO - Processing file /home/airflow/sandbox/lib/python3.8/site-packages/airflow/example_dags/plugins/workday.py for tasks to queue
[2022-01-05 20:43:12,872] {logging_mixin.py:109} INFO - [2022-01-05 20:43:12,872] {dagbag.py:500} INFO - Filling up the DagBag from /home/airflow/sandbox/lib/python3.8/site-packages/airflow/example_dags/plugins/workday.py
[2022-01-05 20:43:13,005] {processor.py:656} WARNING - No viable dags retrieved from /home/airflow/sandbox/lib/python3.8/site-packages/airflow/example_dags/plugins/workday.py
[2022-01-05 20:43:13,012] {processor.py:171} INFO - Processing /home/airflow/sandbox/lib/python3.8/site-packages/airflow/example_dags/plugins/workday.py took 0.150 seconds
[2022-01-05 20:43:43,437] {processor.py:163} INFO - Started process (PID=16462) to work on /home/airflow/sandbox/lib/python3.8/site-packages/airflow/example_dags/plugins/workday.py
[2022-01-05 20:43:43,441] {processor.py:642} INFO - Processing file /home/airflow/sandbox/lib/python3.8/site-packages/airflow/example_dags/plugins/workday.py for tasks to queue
[2022-01-05 20:43:43,451] {logging_mixin.py:109} INFO - [2022-01-05 20:43:43,450] {dagbag.py:500} INFO - Filling up the DagBag from /home/airflow/sandbox/lib/python3.8/site-packages/airflow/example_dags/plugins/workday.py
[2022-01-05 20:43:43,527] {processor.py:656} WARNING - No viable dags retrieved from /home/airflow/sandbox/lib/python3.8/site-packages/airflow/example_dags/plugins/workday.py
[2022-01-05 20:43:43,531] {processor.py:171} INFO - Processing /home/airflow/sandbox/lib/python3.8/site-packages/airflow/example_dags/plugins/workday.py took 0.103 seconds
[2022-01-05 20:44:14,266] {processor.py:163} INFO - Started process (PID=16693) to work on /home/airflow/sandbox/lib/python3.8/site-packages/airflow/example_dags/plugins/workday.py
[2022-01-05 20:44:14,274] {processor.py:642} INFO - Processing file /home/airflow/sandbox/lib/python3.8/site-packages/airflow/example_dags/plugins/workday.py for tasks to queue
[2022-01-05 20:44:14,277] {logging_mixin.py:109} INFO - [2022-01-05 20:44:14,277] {dagbag.py:500} INFO - Filling up the DagBag from /home/airflow/sandbox/lib/python3.8/site-packages/airflow/example_dags/plugins/workday.py
[2022-01-05 20:44:14,336] {processor.py:656} WARNING - No viable dags retrieved from /home/airflow/sandbox/lib/python3.8/site-packages/airflow/example_dags/plugins/workday.py
[2022-01-05 20:44:14,349] {processor.py:171} INFO - Processing /home/airflow/sandbox/lib/python3.8/site-packages/airflow/example_dags/plugins/workday.py took 0.090 seconds
[2022-01-05 20:44:44,832] {processor.py:163} INFO - Started process (PID=16940) to work on /home/airflow/sandbox/lib/python3.8/site-packages/airflow/example_dags/plugins/workday.py
[2022-01-05 20:44:44,835] {processor.py:642} INFO - Processing file /home/airflow/sandbox/lib/python3.8/site-packages/airflow/example_dags/plugins/workday.py for tasks to queue
[2022-01-05 20:44:44,838] {logging_mixin.py:109} INFO - [2022-01-05 20:44:44,838] {dagbag.py:500} INFO - Filling up the DagBag from /home/airflow/sandbox/lib/python3.8/site-packages/airflow/example_dags/plugins/workday.py
[2022-01-05 20:44:44,890] {processor.py:656} WARNING - No viable dags retrieved from /home/airflow/sandbox/lib/python3.8/site-packages/airflow/example_dags/plugins/workday.py
[2022-01-05 20:44:44,892] {processor.py:171} INFO - Processing /home/airflow/sandbox/lib/python3.8/site-packages/airflow/example_dags/plugins/workday.py took 0.063 seconds
[2022-01-05 20:45:15,032] {processor.py:163} INFO - Started process (PID=17184) to work on /home/airflow/sandbox/lib/python3.8/site-packages/airflow/example_dags/plugins/workday.py
[2022-01-05 20:45:15,039] {processor.py:642} INFO - Processing file /home/airflow/sandbox/lib/python3.8/site-packages/airflow/example_dags/plugins/workday.py for tasks to queue
[2022-01-05 20:45:15,041] {logging_mixin.py:109} INFO - [2022-01-05 20:45:15,041] {dagbag.py:500} INFO - Filling up the DagBag from /home/airflow/sandbox/lib/python3.8/site-packages/airflow/example_dags/plugins/workday.py
[2022-01-05 20:45:15,085] {processor.py:656} WARNING - No viable dags retrieved from /home/airflow/sandbox/lib/python3.8/site-packages/airflow/example_dags/plugins/workday.py
[2022-01-05 20:45:15,091] {processor.py:171} INFO - Processing /home/airflow/sandbox/lib/python3.8/site-packages/airflow/example_dags/plugins/workday.py took 0.069 seconds
[2022-01-05 20:45:45,371] {processor.py:163} INFO - Started process (PID=17431) to work on /home/airflow/sandbox/lib/python3.8/site-packages/airflow/example_dags/plugins/workday.py
[2022-01-05 20:45:45,372] {processor.py:642} INFO - Processing file /home/airflow/sandbox/lib/python3.8/site-packages/airflow/example_dags/plugins/workday.py for tasks to queue
[2022-01-05 20:45:45,372] {logging_mixin.py:109} INFO - [2022-01-05 20:45:45,372] {dagbag.py:500} INFO - Filling up the DagBag from /home/airflow/sandbox/lib/python3.8/site-packages/airflow/example_dags/plugins/workday.py
[2022-01-05 20:45:45,414] {processor.py:656} WARNING - No viable dags retrieved from /home/airflow/sandbox/lib/python3.8/site-packages/airflow/example_dags/plugins/workday.py
[2022-01-05 20:45:45,423] {processor.py:171} INFO - Processing /home/airflow/sandbox/lib/python3.8/site-packages/airflow/example_dags/plugins/workday.py took 0.055 seconds
[2022-01-05 20:46:16,326] {processor.py:163} INFO - Started process (PID=17679) to work on /home/airflow/sandbox/lib/python3.8/site-packages/airflow/example_dags/plugins/workday.py
[2022-01-05 20:46:16,333] {processor.py:642} INFO - Processing file /home/airflow/sandbox/lib/python3.8/site-packages/airflow/example_dags/plugins/workday.py for tasks to queue
[2022-01-05 20:46:16,335] {logging_mixin.py:109} INFO - [2022-01-05 20:46:16,335] {dagbag.py:500} INFO - Filling up the DagBag from /home/airflow/sandbox/lib/python3.8/site-packages/airflow/example_dags/plugins/workday.py
[2022-01-05 20:46:16,389] {processor.py:656} WARNING - No viable dags retrieved from /home/airflow/sandbox/lib/python3.8/site-packages/airflow/example_dags/plugins/workday.py
[2022-01-05 20:46:16,411] {processor.py:171} INFO - Processing /home/airflow/sandbox/lib/python3.8/site-packages/airflow/example_dags/plugins/workday.py took 0.096 seconds
[2022-01-05 20:46:46,817] {processor.py:163} INFO - Started process (PID=17920) to work on /home/airflow/sandbox/lib/python3.8/site-packages/airflow/example_dags/plugins/workday.py
[2022-01-05 20:46:46,827] {processor.py:642} INFO - Processing file /home/airflow/sandbox/lib/python3.8/site-packages/airflow/example_dags/plugins/workday.py for tasks to queue
[2022-01-05 20:46:46,827] {logging_mixin.py:109} INFO - [2022-01-05 20:46:46,827] {dagbag.py:500} INFO - Filling up the DagBag from /home/airflow/sandbox/lib/python3.8/site-packages/airflow/example_dags/plugins/workday.py
[2022-01-05 20:46:46,872] {processor.py:656} WARNING - No viable dags retrieved from /home/airflow/sandbox/lib/python3.8/site-packages/airflow/example_dags/plugins/workday.py
[2022-01-05 20:46:46,885] {processor.py:171} INFO - Processing /home/airflow/sandbox/lib/python3.8/site-packages/airflow/example_dags/plugins/workday.py took 0.071 seconds
[2022-01-05 20:47:17,851] {processor.py:163} INFO - Started process (PID=18167) to work on /home/airflow/sandbox/lib/python3.8/site-packages/airflow/example_dags/plugins/workday.py
[2022-01-05 20:47:17,851] {processor.py:642} INFO - Processing file /home/airflow/sandbox/lib/python3.8/site-packages/airflow/example_dags/plugins/workday.py for tasks to queue
[2022-01-05 20:47:17,853] {logging_mixin.py:109} INFO - [2022-01-05 20:47:17,853] {dagbag.py:500} INFO - Filling up the DagBag from /home/airflow/sandbox/lib/python3.8/site-packages/airflow/example_dags/plugins/workday.py
[2022-01-05 20:47:17,919] {processor.py:656} WARNING - No viable dags retrieved from /home/airflow/sandbox/lib/python3.8/site-packages/airflow/example_dags/plugins/workday.py
[2022-01-05 20:47:17,939] {processor.py:171} INFO - Processing /home/airflow/sandbox/lib/python3.8/site-packages/airflow/example_dags/plugins/workday.py took 0.098 seconds
[2022-01-05 20:47:48,042] {processor.py:163} INFO - Started process (PID=18414) to work on /home/airflow/sandbox/lib/python3.8/site-packages/airflow/example_dags/plugins/workday.py
[2022-01-05 20:47:48,049] {processor.py:642} INFO - Processing file /home/airflow/sandbox/lib/python3.8/site-packages/airflow/example_dags/plugins/workday.py for tasks to queue
[2022-01-05 20:47:48,051] {logging_mixin.py:109} INFO - [2022-01-05 20:47:48,051] {dagbag.py:500} INFO - Filling up the DagBag from /home/airflow/sandbox/lib/python3.8/site-packages/airflow/example_dags/plugins/workday.py
[2022-01-05 20:47:48,103] {processor.py:656} WARNING - No viable dags retrieved from /home/airflow/sandbox/lib/python3.8/site-packages/airflow/example_dags/plugins/workday.py
[2022-01-05 20:47:48,115] {processor.py:171} INFO - Processing /home/airflow/sandbox/lib/python3.8/site-packages/airflow/example_dags/plugins/workday.py took 0.076 seconds
[2022-01-05 20:48:18,284] {processor.py:163} INFO - Started process (PID=18721) to work on /home/airflow/sandbox/lib/python3.8/site-packages/airflow/example_dags/plugins/workday.py
[2022-01-05 20:48:18,285] {processor.py:642} INFO - Processing file /home/airflow/sandbox/lib/python3.8/site-packages/airflow/example_dags/plugins/workday.py for tasks to queue
[2022-01-05 20:48:18,285] {logging_mixin.py:109} INFO - [2022-01-05 20:48:18,285] {dagbag.py:500} INFO - Filling up the DagBag from /home/airflow/sandbox/lib/python3.8/site-packages/airflow/example_dags/plugins/workday.py
[2022-01-05 20:48:18,439] {processor.py:656} WARNING - No viable dags retrieved from /home/airflow/sandbox/lib/python3.8/site-packages/airflow/example_dags/plugins/workday.py
[2022-01-05 20:48:18,623] {processor.py:171} INFO - Processing /home/airflow/sandbox/lib/python3.8/site-packages/airflow/example_dags/plugins/workday.py took 0.343 seconds
[2022-01-05 20:48:49,223] {processor.py:163} INFO - Started process (PID=18970) to work on /home/airflow/sandbox/lib/python3.8/site-packages/airflow/example_dags/plugins/workday.py
[2022-01-05 20:48:49,251] {processor.py:642} INFO - Processing file /home/airflow/sandbox/lib/python3.8/site-packages/airflow/example_dags/plugins/workday.py for tasks to queue
[2022-01-05 20:48:49,252] {logging_mixin.py:109} INFO - [2022-01-05 20:48:49,251] {dagbag.py:500} INFO - Filling up the DagBag from /home/airflow/sandbox/lib/python3.8/site-packages/airflow/example_dags/plugins/workday.py
[2022-01-05 20:48:49,349] {processor.py:656} WARNING - No viable dags retrieved from /home/airflow/sandbox/lib/python3.8/site-packages/airflow/example_dags/plugins/workday.py
[2022-01-05 20:48:49,353] {processor.py:171} INFO - Processing /home/airflow/sandbox/lib/python3.8/site-packages/airflow/example_dags/plugins/workday.py took 0.147 seconds
[2022-01-05 20:49:19,890] {processor.py:163} INFO - Started process (PID=19211) to work on /home/airflow/sandbox/lib/python3.8/site-packages/airflow/example_dags/plugins/workday.py
[2022-01-05 20:49:19,893] {processor.py:642} INFO - Processing file /home/airflow/sandbox/lib/python3.8/site-packages/airflow/example_dags/plugins/workday.py for tasks to queue
[2022-01-05 20:49:19,895] {logging_mixin.py:109} INFO - [2022-01-05 20:49:19,895] {dagbag.py:500} INFO - Filling up the DagBag from /home/airflow/sandbox/lib/python3.8/site-packages/airflow/example_dags/plugins/workday.py
[2022-01-05 20:49:19,986] {processor.py:656} WARNING - No viable dags retrieved from /home/airflow/sandbox/lib/python3.8/site-packages/airflow/example_dags/plugins/workday.py
[2022-01-05 20:49:19,990] {processor.py:171} INFO - Processing /home/airflow/sandbox/lib/python3.8/site-packages/airflow/example_dags/plugins/workday.py took 0.102 seconds
[2022-01-05 20:49:50,369] {processor.py:163} INFO - Started process (PID=19455) to work on /home/airflow/sandbox/lib/python3.8/site-packages/airflow/example_dags/plugins/workday.py
[2022-01-05 20:49:50,371] {processor.py:642} INFO - Processing file /home/airflow/sandbox/lib/python3.8/site-packages/airflow/example_dags/plugins/workday.py for tasks to queue
[2022-01-05 20:49:50,374] {logging_mixin.py:109} INFO - [2022-01-05 20:49:50,372] {dagbag.py:500} INFO - Filling up the DagBag from /home/airflow/sandbox/lib/python3.8/site-packages/airflow/example_dags/plugins/workday.py
[2022-01-05 20:49:50,571] {processor.py:656} WARNING - No viable dags retrieved from /home/airflow/sandbox/lib/python3.8/site-packages/airflow/example_dags/plugins/workday.py
[2022-01-05 20:49:50,577] {processor.py:171} INFO - Processing /home/airflow/sandbox/lib/python3.8/site-packages/airflow/example_dags/plugins/workday.py took 0.278 seconds
[2022-01-05 20:50:20,716] {processor.py:163} INFO - Started process (PID=19694) to work on /home/airflow/sandbox/lib/python3.8/site-packages/airflow/example_dags/plugins/workday.py
[2022-01-05 20:50:20,719] {processor.py:642} INFO - Processing file /home/airflow/sandbox/lib/python3.8/site-packages/airflow/example_dags/plugins/workday.py for tasks to queue
[2022-01-05 20:50:20,720] {logging_mixin.py:109} INFO - [2022-01-05 20:50:20,720] {dagbag.py:500} INFO - Filling up the DagBag from /home/airflow/sandbox/lib/python3.8/site-packages/airflow/example_dags/plugins/workday.py
[2022-01-05 20:50:20,769] {processor.py:656} WARNING - No viable dags retrieved from /home/airflow/sandbox/lib/python3.8/site-packages/airflow/example_dags/plugins/workday.py
[2022-01-05 20:50:20,772] {processor.py:171} INFO - Processing /home/airflow/sandbox/lib/python3.8/site-packages/airflow/example_dags/plugins/workday.py took 0.061 seconds
[2022-01-05 20:50:51,634] {processor.py:163} INFO - Started process (PID=19941) to work on /home/airflow/sandbox/lib/python3.8/site-packages/airflow/example_dags/plugins/workday.py
[2022-01-05 20:50:51,637] {processor.py:642} INFO - Processing file /home/airflow/sandbox/lib/python3.8/site-packages/airflow/example_dags/plugins/workday.py for tasks to queue
[2022-01-05 20:50:51,654] {logging_mixin.py:109} INFO - [2022-01-05 20:50:51,654] {dagbag.py:500} INFO - Filling up the DagBag from /home/airflow/sandbox/lib/python3.8/site-packages/airflow/example_dags/plugins/workday.py
[2022-01-05 20:50:51,688] {processor.py:656} WARNING - No viable dags retrieved from /home/airflow/sandbox/lib/python3.8/site-packages/airflow/example_dags/plugins/workday.py
[2022-01-05 20:50:51,707] {processor.py:171} INFO - Processing /home/airflow/sandbox/lib/python3.8/site-packages/airflow/example_dags/plugins/workday.py took 0.087 seconds
[2022-01-05 20:51:21,806] {processor.py:163} INFO - Started process (PID=20182) to work on /home/airflow/sandbox/lib/python3.8/site-packages/airflow/example_dags/plugins/workday.py
[2022-01-05 20:51:21,807] {processor.py:642} INFO - Processing file /home/airflow/sandbox/lib/python3.8/site-packages/airflow/example_dags/plugins/workday.py for tasks to queue
[2022-01-05 20:51:21,808] {logging_mixin.py:109} INFO - [2022-01-05 20:51:21,808] {dagbag.py:500} INFO - Filling up the DagBag from /home/airflow/sandbox/lib/python3.8/site-packages/airflow/example_dags/plugins/workday.py
[2022-01-05 20:51:21,870] {processor.py:656} WARNING - No viable dags retrieved from /home/airflow/sandbox/lib/python3.8/site-packages/airflow/example_dags/plugins/workday.py
[2022-01-05 20:51:21,876] {processor.py:171} INFO - Processing /home/airflow/sandbox/lib/python3.8/site-packages/airflow/example_dags/plugins/workday.py took 0.074 seconds
[2022-01-05 20:51:52,323] {processor.py:163} INFO - Started process (PID=20430) to work on /home/airflow/sandbox/lib/python3.8/site-packages/airflow/example_dags/plugins/workday.py
[2022-01-05 20:51:52,327] {processor.py:642} INFO - Processing file /home/airflow/sandbox/lib/python3.8/site-packages/airflow/example_dags/plugins/workday.py for tasks to queue
[2022-01-05 20:51:52,340] {logging_mixin.py:109} INFO - [2022-01-05 20:51:52,340] {dagbag.py:500} INFO - Filling up the DagBag from /home/airflow/sandbox/lib/python3.8/site-packages/airflow/example_dags/plugins/workday.py
[2022-01-05 20:51:52,367] {processor.py:656} WARNING - No viable dags retrieved from /home/airflow/sandbox/lib/python3.8/site-packages/airflow/example_dags/plugins/workday.py
[2022-01-05 20:51:52,374] {processor.py:171} INFO - Processing /home/airflow/sandbox/lib/python3.8/site-packages/airflow/example_dags/plugins/workday.py took 0.064 seconds
[2022-01-05 20:52:23,785] {processor.py:163} INFO - Started process (PID=20675) to work on /home/airflow/sandbox/lib/python3.8/site-packages/airflow/example_dags/plugins/workday.py
[2022-01-05 20:52:23,790] {processor.py:642} INFO - Processing file /home/airflow/sandbox/lib/python3.8/site-packages/airflow/example_dags/plugins/workday.py for tasks to queue
[2022-01-05 20:52:23,790] {logging_mixin.py:109} INFO - [2022-01-05 20:52:23,790] {dagbag.py:500} INFO - Filling up the DagBag from /home/airflow/sandbox/lib/python3.8/site-packages/airflow/example_dags/plugins/workday.py
[2022-01-05 20:52:23,886] {processor.py:656} WARNING - No viable dags retrieved from /home/airflow/sandbox/lib/python3.8/site-packages/airflow/example_dags/plugins/workday.py
[2022-01-05 20:52:23,895] {processor.py:171} INFO - Processing /home/airflow/sandbox/lib/python3.8/site-packages/airflow/example_dags/plugins/workday.py took 0.138 seconds
[2022-01-05 20:52:54,134] {processor.py:163} INFO - Started process (PID=20912) to work on /home/airflow/sandbox/lib/python3.8/site-packages/airflow/example_dags/plugins/workday.py
[2022-01-05 20:52:54,135] {processor.py:642} INFO - Processing file /home/airflow/sandbox/lib/python3.8/site-packages/airflow/example_dags/plugins/workday.py for tasks to queue
[2022-01-05 20:52:54,135] {logging_mixin.py:109} INFO - [2022-01-05 20:52:54,135] {dagbag.py:500} INFO - Filling up the DagBag from /home/airflow/sandbox/lib/python3.8/site-packages/airflow/example_dags/plugins/workday.py
[2022-01-05 20:52:54,248] {processor.py:656} WARNING - No viable dags retrieved from /home/airflow/sandbox/lib/python3.8/site-packages/airflow/example_dags/plugins/workday.py
[2022-01-05 20:52:54,261] {processor.py:171} INFO - Processing /home/airflow/sandbox/lib/python3.8/site-packages/airflow/example_dags/plugins/workday.py took 0.144 seconds
[2022-01-05 20:53:25,199] {processor.py:163} INFO - Started process (PID=21228) to work on /home/airflow/sandbox/lib/python3.8/site-packages/airflow/example_dags/plugins/workday.py
[2022-01-05 20:53:25,201] {processor.py:642} INFO - Processing file /home/airflow/sandbox/lib/python3.8/site-packages/airflow/example_dags/plugins/workday.py for tasks to queue
[2022-01-05 20:53:25,202] {logging_mixin.py:109} INFO - [2022-01-05 20:53:25,202] {dagbag.py:500} INFO - Filling up the DagBag from /home/airflow/sandbox/lib/python3.8/site-packages/airflow/example_dags/plugins/workday.py
[2022-01-05 20:53:25,241] {processor.py:656} WARNING - No viable dags retrieved from /home/airflow/sandbox/lib/python3.8/site-packages/airflow/example_dags/plugins/workday.py
[2022-01-05 20:53:25,244] {processor.py:171} INFO - Processing /home/airflow/sandbox/lib/python3.8/site-packages/airflow/example_dags/plugins/workday.py took 0.054 seconds
[2022-01-05 20:53:56,032] {processor.py:163} INFO - Started process (PID=21475) to work on /home/airflow/sandbox/lib/python3.8/site-packages/airflow/example_dags/plugins/workday.py
[2022-01-05 20:53:56,036] {processor.py:642} INFO - Processing file /home/airflow/sandbox/lib/python3.8/site-packages/airflow/example_dags/plugins/workday.py for tasks to queue
[2022-01-05 20:53:56,038] {logging_mixin.py:109} INFO - [2022-01-05 20:53:56,037] {dagbag.py:500} INFO - Filling up the DagBag from /home/airflow/sandbox/lib/python3.8/site-packages/airflow/example_dags/plugins/workday.py
[2022-01-05 20:53:56,088] {processor.py:656} WARNING - No viable dags retrieved from /home/airflow/sandbox/lib/python3.8/site-packages/airflow/example_dags/plugins/workday.py
[2022-01-05 20:53:56,095] {processor.py:171} INFO - Processing /home/airflow/sandbox/lib/python3.8/site-packages/airflow/example_dags/plugins/workday.py took 0.084 seconds
[2022-01-05 20:54:26,481] {processor.py:163} INFO - Started process (PID=21716) to work on /home/airflow/sandbox/lib/python3.8/site-packages/airflow/example_dags/plugins/workday.py
[2022-01-05 20:54:26,482] {processor.py:642} INFO - Processing file /home/airflow/sandbox/lib/python3.8/site-packages/airflow/example_dags/plugins/workday.py for tasks to queue
[2022-01-05 20:54:26,483] {logging_mixin.py:109} INFO - [2022-01-05 20:54:26,483] {dagbag.py:500} INFO - Filling up the DagBag from /home/airflow/sandbox/lib/python3.8/site-packages/airflow/example_dags/plugins/workday.py
[2022-01-05 20:54:26,533] {processor.py:656} WARNING - No viable dags retrieved from /home/airflow/sandbox/lib/python3.8/site-packages/airflow/example_dags/plugins/workday.py
[2022-01-05 20:54:26,541] {processor.py:171} INFO - Processing /home/airflow/sandbox/lib/python3.8/site-packages/airflow/example_dags/plugins/workday.py took 0.065 seconds
[2022-01-05 20:54:57,231] {processor.py:163} INFO - Started process (PID=21964) to work on /home/airflow/sandbox/lib/python3.8/site-packages/airflow/example_dags/plugins/workday.py
[2022-01-05 20:54:57,232] {processor.py:642} INFO - Processing file /home/airflow/sandbox/lib/python3.8/site-packages/airflow/example_dags/plugins/workday.py for tasks to queue
[2022-01-05 20:54:57,233] {logging_mixin.py:109} INFO - [2022-01-05 20:54:57,233] {dagbag.py:500} INFO - Filling up the DagBag from /home/airflow/sandbox/lib/python3.8/site-packages/airflow/example_dags/plugins/workday.py
[2022-01-05 20:54:57,298] {processor.py:656} WARNING - No viable dags retrieved from /home/airflow/sandbox/lib/python3.8/site-packages/airflow/example_dags/plugins/workday.py
[2022-01-05 20:54:57,307] {processor.py:171} INFO - Processing /home/airflow/sandbox/lib/python3.8/site-packages/airflow/example_dags/plugins/workday.py took 0.080 seconds
[2022-01-05 20:55:27,799] {processor.py:163} INFO - Started process (PID=22212) to work on /home/airflow/sandbox/lib/python3.8/site-packages/airflow/example_dags/plugins/workday.py
[2022-01-05 20:55:27,802] {processor.py:642} INFO - Processing file /home/airflow/sandbox/lib/python3.8/site-packages/airflow/example_dags/plugins/workday.py for tasks to queue
[2022-01-05 20:55:27,803] {logging_mixin.py:109} INFO - [2022-01-05 20:55:27,803] {dagbag.py:500} INFO - Filling up the DagBag from /home/airflow/sandbox/lib/python3.8/site-packages/airflow/example_dags/plugins/workday.py
[2022-01-05 20:55:27,954] {processor.py:656} WARNING - No viable dags retrieved from /home/airflow/sandbox/lib/python3.8/site-packages/airflow/example_dags/plugins/workday.py
[2022-01-05 20:55:27,984] {processor.py:171} INFO - Processing /home/airflow/sandbox/lib/python3.8/site-packages/airflow/example_dags/plugins/workday.py took 0.188 seconds
[2022-01-05 20:55:58,092] {processor.py:163} INFO - Started process (PID=22444) to work on /home/airflow/sandbox/lib/python3.8/site-packages/airflow/example_dags/plugins/workday.py
[2022-01-05 20:55:58,095] {processor.py:642} INFO - Processing file /home/airflow/sandbox/lib/python3.8/site-packages/airflow/example_dags/plugins/workday.py for tasks to queue
[2022-01-05 20:55:58,098] {logging_mixin.py:109} INFO - [2022-01-05 20:55:58,098] {dagbag.py:500} INFO - Filling up the DagBag from /home/airflow/sandbox/lib/python3.8/site-packages/airflow/example_dags/plugins/workday.py
[2022-01-05 20:55:58,194] {processor.py:656} WARNING - No viable dags retrieved from /home/airflow/sandbox/lib/python3.8/site-packages/airflow/example_dags/plugins/workday.py
[2022-01-05 20:55:58,199] {processor.py:171} INFO - Processing /home/airflow/sandbox/lib/python3.8/site-packages/airflow/example_dags/plugins/workday.py took 0.109 seconds
[2022-01-05 20:56:28,383] {processor.py:163} INFO - Started process (PID=22679) to work on /home/airflow/sandbox/lib/python3.8/site-packages/airflow/example_dags/plugins/workday.py
[2022-01-05 20:56:28,386] {processor.py:642} INFO - Processing file /home/airflow/sandbox/lib/python3.8/site-packages/airflow/example_dags/plugins/workday.py for tasks to queue
[2022-01-05 20:56:28,387] {logging_mixin.py:109} INFO - [2022-01-05 20:56:28,387] {dagbag.py:500} INFO - Filling up the DagBag from /home/airflow/sandbox/lib/python3.8/site-packages/airflow/example_dags/plugins/workday.py
[2022-01-05 20:56:28,582] {processor.py:656} WARNING - No viable dags retrieved from /home/airflow/sandbox/lib/python3.8/site-packages/airflow/example_dags/plugins/workday.py
[2022-01-05 20:56:28,589] {processor.py:171} INFO - Processing /home/airflow/sandbox/lib/python3.8/site-packages/airflow/example_dags/plugins/workday.py took 0.241 seconds
[2022-01-05 20:56:59,181] {processor.py:163} INFO - Started process (PID=22921) to work on /home/airflow/sandbox/lib/python3.8/site-packages/airflow/example_dags/plugins/workday.py
[2022-01-05 20:56:59,183] {processor.py:642} INFO - Processing file /home/airflow/sandbox/lib/python3.8/site-packages/airflow/example_dags/plugins/workday.py for tasks to queue
[2022-01-05 20:56:59,184] {logging_mixin.py:109} INFO - [2022-01-05 20:56:59,184] {dagbag.py:500} INFO - Filling up the DagBag from /home/airflow/sandbox/lib/python3.8/site-packages/airflow/example_dags/plugins/workday.py
[2022-01-05 20:56:59,254] {processor.py:656} WARNING - No viable dags retrieved from /home/airflow/sandbox/lib/python3.8/site-packages/airflow/example_dags/plugins/workday.py
[2022-01-05 20:56:59,283] {processor.py:171} INFO - Processing /home/airflow/sandbox/lib/python3.8/site-packages/airflow/example_dags/plugins/workday.py took 0.135 seconds
[2022-01-05 20:57:29,590] {processor.py:163} INFO - Started process (PID=23161) to work on /home/airflow/sandbox/lib/python3.8/site-packages/airflow/example_dags/plugins/workday.py
[2022-01-05 20:57:29,594] {processor.py:642} INFO - Processing file /home/airflow/sandbox/lib/python3.8/site-packages/airflow/example_dags/plugins/workday.py for tasks to queue
[2022-01-05 20:57:29,594] {logging_mixin.py:109} INFO - [2022-01-05 20:57:29,594] {dagbag.py:500} INFO - Filling up the DagBag from /home/airflow/sandbox/lib/python3.8/site-packages/airflow/example_dags/plugins/workday.py
[2022-01-05 20:57:29,654] {processor.py:656} WARNING - No viable dags retrieved from /home/airflow/sandbox/lib/python3.8/site-packages/airflow/example_dags/plugins/workday.py
[2022-01-05 20:57:29,686] {processor.py:171} INFO - Processing /home/airflow/sandbox/lib/python3.8/site-packages/airflow/example_dags/plugins/workday.py took 0.103 seconds
[2022-01-05 20:58:00,035] {processor.py:163} INFO - Started process (PID=23405) to work on /home/airflow/sandbox/lib/python3.8/site-packages/airflow/example_dags/plugins/workday.py
[2022-01-05 20:58:00,042] {processor.py:642} INFO - Processing file /home/airflow/sandbox/lib/python3.8/site-packages/airflow/example_dags/plugins/workday.py for tasks to queue
[2022-01-05 20:58:00,043] {logging_mixin.py:109} INFO - [2022-01-05 20:58:00,043] {dagbag.py:500} INFO - Filling up the DagBag from /home/airflow/sandbox/lib/python3.8/site-packages/airflow/example_dags/plugins/workday.py
[2022-01-05 20:58:00,204] {processor.py:656} WARNING - No viable dags retrieved from /home/airflow/sandbox/lib/python3.8/site-packages/airflow/example_dags/plugins/workday.py
[2022-01-05 20:58:00,282] {processor.py:171} INFO - Processing /home/airflow/sandbox/lib/python3.8/site-packages/airflow/example_dags/plugins/workday.py took 0.342 seconds
[2022-01-05 20:58:30,834] {processor.py:163} INFO - Started process (PID=23714) to work on /home/airflow/sandbox/lib/python3.8/site-packages/airflow/example_dags/plugins/workday.py
[2022-01-05 20:58:30,835] {processor.py:642} INFO - Processing file /home/airflow/sandbox/lib/python3.8/site-packages/airflow/example_dags/plugins/workday.py for tasks to queue
[2022-01-05 20:58:30,836] {logging_mixin.py:109} INFO - [2022-01-05 20:58:30,836] {dagbag.py:500} INFO - Filling up the DagBag from /home/airflow/sandbox/lib/python3.8/site-packages/airflow/example_dags/plugins/workday.py
[2022-01-05 20:58:30,903] {processor.py:656} WARNING - No viable dags retrieved from /home/airflow/sandbox/lib/python3.8/site-packages/airflow/example_dags/plugins/workday.py
[2022-01-05 20:58:30,928] {processor.py:171} INFO - Processing /home/airflow/sandbox/lib/python3.8/site-packages/airflow/example_dags/plugins/workday.py took 0.099 seconds
[2022-01-05 20:59:01,883] {processor.py:163} INFO - Started process (PID=23955) to work on /home/airflow/sandbox/lib/python3.8/site-packages/airflow/example_dags/plugins/workday.py
[2022-01-05 20:59:01,884] {processor.py:642} INFO - Processing file /home/airflow/sandbox/lib/python3.8/site-packages/airflow/example_dags/plugins/workday.py for tasks to queue
[2022-01-05 20:59:01,886] {logging_mixin.py:109} INFO - [2022-01-05 20:59:01,886] {dagbag.py:500} INFO - Filling up the DagBag from /home/airflow/sandbox/lib/python3.8/site-packages/airflow/example_dags/plugins/workday.py
[2022-01-05 20:59:01,979] {processor.py:656} WARNING - No viable dags retrieved from /home/airflow/sandbox/lib/python3.8/site-packages/airflow/example_dags/plugins/workday.py
[2022-01-05 20:59:01,987] {processor.py:171} INFO - Processing /home/airflow/sandbox/lib/python3.8/site-packages/airflow/example_dags/plugins/workday.py took 0.107 seconds
[2022-01-05 20:59:32,502] {processor.py:163} INFO - Started process (PID=24188) to work on /home/airflow/sandbox/lib/python3.8/site-packages/airflow/example_dags/plugins/workday.py
[2022-01-05 20:59:32,531] {processor.py:642} INFO - Processing file /home/airflow/sandbox/lib/python3.8/site-packages/airflow/example_dags/plugins/workday.py for tasks to queue
[2022-01-05 20:59:32,533] {logging_mixin.py:109} INFO - [2022-01-05 20:59:32,532] {dagbag.py:500} INFO - Filling up the DagBag from /home/airflow/sandbox/lib/python3.8/site-packages/airflow/example_dags/plugins/workday.py
[2022-01-05 20:59:32,692] {processor.py:656} WARNING - No viable dags retrieved from /home/airflow/sandbox/lib/python3.8/site-packages/airflow/example_dags/plugins/workday.py
[2022-01-05 20:59:32,700] {processor.py:171} INFO - Processing /home/airflow/sandbox/lib/python3.8/site-packages/airflow/example_dags/plugins/workday.py took 0.203 seconds
[2022-01-05 21:00:03,075] {processor.py:163} INFO - Started process (PID=24432) to work on /home/airflow/sandbox/lib/python3.8/site-packages/airflow/example_dags/plugins/workday.py
[2022-01-05 21:00:03,076] {processor.py:642} INFO - Processing file /home/airflow/sandbox/lib/python3.8/site-packages/airflow/example_dags/plugins/workday.py for tasks to queue
[2022-01-05 21:00:03,076] {logging_mixin.py:109} INFO - [2022-01-05 21:00:03,076] {dagbag.py:500} INFO - Filling up the DagBag from /home/airflow/sandbox/lib/python3.8/site-packages/airflow/example_dags/plugins/workday.py
[2022-01-05 21:00:03,139] {processor.py:656} WARNING - No viable dags retrieved from /home/airflow/sandbox/lib/python3.8/site-packages/airflow/example_dags/plugins/workday.py
[2022-01-05 21:00:03,141] {processor.py:171} INFO - Processing /home/airflow/sandbox/lib/python3.8/site-packages/airflow/example_dags/plugins/workday.py took 0.095 seconds
