[2022-01-05 20:07:35,435] {processor.py:163} INFO - Started process (PID=2645) to work on /home/airflow/sandbox/lib/python3.8/site-packages/airflow/example_dags/example_branch_python_dop_operator_3.py
[2022-01-05 20:07:35,437] {processor.py:642} INFO - Processing file /home/airflow/sandbox/lib/python3.8/site-packages/airflow/example_dags/example_branch_python_dop_operator_3.py for tasks to queue
[2022-01-05 20:07:35,437] {logging_mixin.py:109} INFO - [2022-01-05 20:07:35,437] {dagbag.py:500} INFO - Filling up the DagBag from /home/airflow/sandbox/lib/python3.8/site-packages/airflow/example_dags/example_branch_python_dop_operator_3.py
[2022-01-05 20:07:35,839] {processor.py:654} INFO - DAG(s) dict_keys(['example_branch_dop_operator_v3']) retrieved from /home/airflow/sandbox/lib/python3.8/site-packages/airflow/example_dags/example_branch_python_dop_operator_3.py
[2022-01-05 20:07:35,972] {logging_mixin.py:109} INFO - [2022-01-05 20:07:35,972] {dag.py:2396} INFO - Sync 1 DAGs
[2022-01-05 20:07:36,106] {logging_mixin.py:109} INFO - [2022-01-05 20:07:36,104] {dag.py:2935} INFO - Setting next_dagrun for example_branch_dop_operator_v3 to 2022-01-05T20:06:00+00:00
[2022-01-05 20:07:36,225] {processor.py:171} INFO - Processing /home/airflow/sandbox/lib/python3.8/site-packages/airflow/example_dags/example_branch_python_dop_operator_3.py took 0.849 seconds
[2022-01-05 20:08:06,552] {processor.py:163} INFO - Started process (PID=2856) to work on /home/airflow/sandbox/lib/python3.8/site-packages/airflow/example_dags/example_branch_python_dop_operator_3.py
[2022-01-05 20:08:06,553] {processor.py:642} INFO - Processing file /home/airflow/sandbox/lib/python3.8/site-packages/airflow/example_dags/example_branch_python_dop_operator_3.py for tasks to queue
[2022-01-05 20:08:06,554] {logging_mixin.py:109} INFO - [2022-01-05 20:08:06,553] {dagbag.py:500} INFO - Filling up the DagBag from /home/airflow/sandbox/lib/python3.8/site-packages/airflow/example_dags/example_branch_python_dop_operator_3.py
[2022-01-05 20:08:06,651] {processor.py:654} INFO - DAG(s) dict_keys(['example_branch_dop_operator_v3']) retrieved from /home/airflow/sandbox/lib/python3.8/site-packages/airflow/example_dags/example_branch_python_dop_operator_3.py
[2022-01-05 20:08:06,666] {logging_mixin.py:109} INFO - [2022-01-05 20:08:06,666] {dag.py:2396} INFO - Sync 1 DAGs
[2022-01-05 20:08:06,716] {logging_mixin.py:109} INFO - [2022-01-05 20:08:06,716] {dag.py:2935} INFO - Setting next_dagrun for example_branch_dop_operator_v3 to 2022-01-05T20:07:00+00:00
[2022-01-05 20:08:06,740] {processor.py:171} INFO - Processing /home/airflow/sandbox/lib/python3.8/site-packages/airflow/example_dags/example_branch_python_dop_operator_3.py took 0.192 seconds
[2022-01-05 20:08:37,024] {processor.py:163} INFO - Started process (PID=3206) to work on /home/airflow/sandbox/lib/python3.8/site-packages/airflow/example_dags/example_branch_python_dop_operator_3.py
[2022-01-05 20:08:37,028] {processor.py:642} INFO - Processing file /home/airflow/sandbox/lib/python3.8/site-packages/airflow/example_dags/example_branch_python_dop_operator_3.py for tasks to queue
[2022-01-05 20:08:37,029] {logging_mixin.py:109} INFO - [2022-01-05 20:08:37,029] {dagbag.py:500} INFO - Filling up the DagBag from /home/airflow/sandbox/lib/python3.8/site-packages/airflow/example_dags/example_branch_python_dop_operator_3.py
[2022-01-05 20:08:37,088] {processor.py:654} INFO - DAG(s) dict_keys(['example_branch_dop_operator_v3']) retrieved from /home/airflow/sandbox/lib/python3.8/site-packages/airflow/example_dags/example_branch_python_dop_operator_3.py
[2022-01-05 20:08:37,098] {logging_mixin.py:109} INFO - [2022-01-05 20:08:37,098] {dag.py:2396} INFO - Sync 1 DAGs
[2022-01-05 20:08:37,138] {logging_mixin.py:109} INFO - [2022-01-05 20:08:37,138] {dag.py:2935} INFO - Setting next_dagrun for example_branch_dop_operator_v3 to 2022-01-05T20:07:00+00:00
[2022-01-05 20:08:37,151] {processor.py:171} INFO - Processing /home/airflow/sandbox/lib/python3.8/site-packages/airflow/example_dags/example_branch_python_dop_operator_3.py took 0.147 seconds
[2022-01-05 20:09:07,595] {processor.py:163} INFO - Started process (PID=3418) to work on /home/airflow/sandbox/lib/python3.8/site-packages/airflow/example_dags/example_branch_python_dop_operator_3.py
[2022-01-05 20:09:07,601] {processor.py:642} INFO - Processing file /home/airflow/sandbox/lib/python3.8/site-packages/airflow/example_dags/example_branch_python_dop_operator_3.py for tasks to queue
[2022-01-05 20:09:07,603] {logging_mixin.py:109} INFO - [2022-01-05 20:09:07,603] {dagbag.py:500} INFO - Filling up the DagBag from /home/airflow/sandbox/lib/python3.8/site-packages/airflow/example_dags/example_branch_python_dop_operator_3.py
[2022-01-05 20:09:08,100] {processor.py:654} INFO - DAG(s) dict_keys(['example_branch_dop_operator_v3']) retrieved from /home/airflow/sandbox/lib/python3.8/site-packages/airflow/example_dags/example_branch_python_dop_operator_3.py
[2022-01-05 20:09:08,158] {logging_mixin.py:109} INFO - [2022-01-05 20:09:08,158] {dag.py:2396} INFO - Sync 1 DAGs
[2022-01-05 20:09:08,343] {logging_mixin.py:109} INFO - [2022-01-05 20:09:08,343] {dag.py:2935} INFO - Setting next_dagrun for example_branch_dop_operator_v3 to 2022-01-05T20:08:00+00:00
[2022-01-05 20:09:08,407] {processor.py:171} INFO - Processing /home/airflow/sandbox/lib/python3.8/site-packages/airflow/example_dags/example_branch_python_dop_operator_3.py took 0.862 seconds
[2022-01-05 20:09:39,427] {processor.py:163} INFO - Started process (PID=4426) to work on /home/airflow/sandbox/lib/python3.8/site-packages/airflow/example_dags/example_branch_python_dop_operator_3.py
[2022-01-05 20:09:39,432] {processor.py:642} INFO - Processing file /home/airflow/sandbox/lib/python3.8/site-packages/airflow/example_dags/example_branch_python_dop_operator_3.py for tasks to queue
[2022-01-05 20:09:39,454] {logging_mixin.py:109} INFO - [2022-01-05 20:09:39,454] {dagbag.py:500} INFO - Filling up the DagBag from /home/airflow/sandbox/lib/python3.8/site-packages/airflow/example_dags/example_branch_python_dop_operator_3.py
[2022-01-05 20:09:39,683] {processor.py:654} INFO - DAG(s) dict_keys(['example_branch_dop_operator_v3']) retrieved from /home/airflow/sandbox/lib/python3.8/site-packages/airflow/example_dags/example_branch_python_dop_operator_3.py
[2022-01-05 20:09:39,733] {logging_mixin.py:109} INFO - [2022-01-05 20:09:39,733] {dag.py:2396} INFO - Sync 1 DAGs
[2022-01-05 20:09:39,906] {logging_mixin.py:109} INFO - [2022-01-05 20:09:39,906] {dag.py:2935} INFO - Setting next_dagrun for example_branch_dop_operator_v3 to 2022-01-05T20:08:00+00:00
[2022-01-05 20:09:39,976] {processor.py:171} INFO - Processing /home/airflow/sandbox/lib/python3.8/site-packages/airflow/example_dags/example_branch_python_dop_operator_3.py took 0.566 seconds
[2022-01-05 20:10:10,305] {processor.py:163} INFO - Started process (PID=4777) to work on /home/airflow/sandbox/lib/python3.8/site-packages/airflow/example_dags/example_branch_python_dop_operator_3.py
[2022-01-05 20:10:10,307] {processor.py:642} INFO - Processing file /home/airflow/sandbox/lib/python3.8/site-packages/airflow/example_dags/example_branch_python_dop_operator_3.py for tasks to queue
[2022-01-05 20:10:10,312] {logging_mixin.py:109} INFO - [2022-01-05 20:10:10,312] {dagbag.py:500} INFO - Filling up the DagBag from /home/airflow/sandbox/lib/python3.8/site-packages/airflow/example_dags/example_branch_python_dop_operator_3.py
[2022-01-05 20:10:10,403] {processor.py:654} INFO - DAG(s) dict_keys(['example_branch_dop_operator_v3']) retrieved from /home/airflow/sandbox/lib/python3.8/site-packages/airflow/example_dags/example_branch_python_dop_operator_3.py
[2022-01-05 20:10:10,440] {logging_mixin.py:109} INFO - [2022-01-05 20:10:10,440] {dag.py:2396} INFO - Sync 1 DAGs
[2022-01-05 20:10:10,512] {logging_mixin.py:109} INFO - [2022-01-05 20:10:10,512] {dag.py:2935} INFO - Setting next_dagrun for example_branch_dop_operator_v3 to 2022-01-05T20:09:00+00:00
[2022-01-05 20:10:10,549] {processor.py:171} INFO - Processing /home/airflow/sandbox/lib/python3.8/site-packages/airflow/example_dags/example_branch_python_dop_operator_3.py took 0.251 seconds
[2022-01-05 20:10:41,755] {processor.py:163} INFO - Started process (PID=4915) to work on /home/airflow/sandbox/lib/python3.8/site-packages/airflow/example_dags/example_branch_python_dop_operator_3.py
[2022-01-05 20:10:41,778] {processor.py:642} INFO - Processing file /home/airflow/sandbox/lib/python3.8/site-packages/airflow/example_dags/example_branch_python_dop_operator_3.py for tasks to queue
[2022-01-05 20:10:41,780] {logging_mixin.py:109} INFO - [2022-01-05 20:10:41,780] {dagbag.py:500} INFO - Filling up the DagBag from /home/airflow/sandbox/lib/python3.8/site-packages/airflow/example_dags/example_branch_python_dop_operator_3.py
[2022-01-05 20:10:41,899] {processor.py:654} INFO - DAG(s) dict_keys(['example_branch_dop_operator_v3']) retrieved from /home/airflow/sandbox/lib/python3.8/site-packages/airflow/example_dags/example_branch_python_dop_operator_3.py
[2022-01-05 20:10:41,948] {logging_mixin.py:109} INFO - [2022-01-05 20:10:41,947] {dag.py:2396} INFO - Sync 1 DAGs
[2022-01-05 20:10:42,082] {logging_mixin.py:109} INFO - [2022-01-05 20:10:42,081] {dag.py:2935} INFO - Setting next_dagrun for example_branch_dop_operator_v3 to 2022-01-05T20:09:00+00:00
[2022-01-05 20:10:42,096] {processor.py:171} INFO - Processing /home/airflow/sandbox/lib/python3.8/site-packages/airflow/example_dags/example_branch_python_dop_operator_3.py took 0.353 seconds
[2022-01-05 20:11:13,175] {processor.py:163} INFO - Started process (PID=5050) to work on /home/airflow/sandbox/lib/python3.8/site-packages/airflow/example_dags/example_branch_python_dop_operator_3.py
[2022-01-05 20:11:13,182] {processor.py:642} INFO - Processing file /home/airflow/sandbox/lib/python3.8/site-packages/airflow/example_dags/example_branch_python_dop_operator_3.py for tasks to queue
[2022-01-05 20:11:13,183] {logging_mixin.py:109} INFO - [2022-01-05 20:11:13,183] {dagbag.py:500} INFO - Filling up the DagBag from /home/airflow/sandbox/lib/python3.8/site-packages/airflow/example_dags/example_branch_python_dop_operator_3.py
[2022-01-05 20:11:13,380] {processor.py:654} INFO - DAG(s) dict_keys(['example_branch_dop_operator_v3']) retrieved from /home/airflow/sandbox/lib/python3.8/site-packages/airflow/example_dags/example_branch_python_dop_operator_3.py
[2022-01-05 20:11:13,422] {logging_mixin.py:109} INFO - [2022-01-05 20:11:13,422] {dag.py:2396} INFO - Sync 1 DAGs
[2022-01-05 20:11:13,538] {logging_mixin.py:109} INFO - [2022-01-05 20:11:13,538] {dag.py:2935} INFO - Setting next_dagrun for example_branch_dop_operator_v3 to 2022-01-05T20:10:00+00:00
[2022-01-05 20:11:13,601] {processor.py:171} INFO - Processing /home/airflow/sandbox/lib/python3.8/site-packages/airflow/example_dags/example_branch_python_dop_operator_3.py took 0.459 seconds
[2022-01-05 20:11:43,871] {processor.py:163} INFO - Started process (PID=5143) to work on /home/airflow/sandbox/lib/python3.8/site-packages/airflow/example_dags/example_branch_python_dop_operator_3.py
[2022-01-05 20:11:43,873] {processor.py:642} INFO - Processing file /home/airflow/sandbox/lib/python3.8/site-packages/airflow/example_dags/example_branch_python_dop_operator_3.py for tasks to queue
[2022-01-05 20:11:43,875] {logging_mixin.py:109} INFO - [2022-01-05 20:11:43,874] {dagbag.py:500} INFO - Filling up the DagBag from /home/airflow/sandbox/lib/python3.8/site-packages/airflow/example_dags/example_branch_python_dop_operator_3.py
[2022-01-05 20:11:44,066] {processor.py:654} INFO - DAG(s) dict_keys(['example_branch_dop_operator_v3']) retrieved from /home/airflow/sandbox/lib/python3.8/site-packages/airflow/example_dags/example_branch_python_dop_operator_3.py
[2022-01-05 20:11:44,074] {logging_mixin.py:109} INFO - [2022-01-05 20:11:44,074] {dag.py:2396} INFO - Sync 1 DAGs
[2022-01-05 20:11:44,135] {logging_mixin.py:109} INFO - [2022-01-05 20:11:44,135] {dag.py:2935} INFO - Setting next_dagrun for example_branch_dop_operator_v3 to 2022-01-05T20:10:00+00:00
[2022-01-05 20:11:44,189] {processor.py:171} INFO - Processing /home/airflow/sandbox/lib/python3.8/site-packages/airflow/example_dags/example_branch_python_dop_operator_3.py took 0.321 seconds
[2022-01-05 20:12:14,934] {processor.py:163} INFO - Started process (PID=5271) to work on /home/airflow/sandbox/lib/python3.8/site-packages/airflow/example_dags/example_branch_python_dop_operator_3.py
[2022-01-05 20:12:14,936] {processor.py:642} INFO - Processing file /home/airflow/sandbox/lib/python3.8/site-packages/airflow/example_dags/example_branch_python_dop_operator_3.py for tasks to queue
[2022-01-05 20:12:14,943] {logging_mixin.py:109} INFO - [2022-01-05 20:12:14,943] {dagbag.py:500} INFO - Filling up the DagBag from /home/airflow/sandbox/lib/python3.8/site-packages/airflow/example_dags/example_branch_python_dop_operator_3.py
[2022-01-05 20:12:15,061] {processor.py:654} INFO - DAG(s) dict_keys(['example_branch_dop_operator_v3']) retrieved from /home/airflow/sandbox/lib/python3.8/site-packages/airflow/example_dags/example_branch_python_dop_operator_3.py
[2022-01-05 20:12:15,094] {logging_mixin.py:109} INFO - [2022-01-05 20:12:15,094] {dag.py:2396} INFO - Sync 1 DAGs
[2022-01-05 20:12:15,166] {logging_mixin.py:109} INFO - [2022-01-05 20:12:15,166] {dag.py:2935} INFO - Setting next_dagrun for example_branch_dop_operator_v3 to 2022-01-05T20:11:00+00:00
[2022-01-05 20:12:15,215] {processor.py:171} INFO - Processing /home/airflow/sandbox/lib/python3.8/site-packages/airflow/example_dags/example_branch_python_dop_operator_3.py took 0.327 seconds
[2022-01-05 20:12:45,522] {processor.py:163} INFO - Started process (PID=5366) to work on /home/airflow/sandbox/lib/python3.8/site-packages/airflow/example_dags/example_branch_python_dop_operator_3.py
[2022-01-05 20:12:45,527] {processor.py:642} INFO - Processing file /home/airflow/sandbox/lib/python3.8/site-packages/airflow/example_dags/example_branch_python_dop_operator_3.py for tasks to queue
[2022-01-05 20:12:45,532] {logging_mixin.py:109} INFO - [2022-01-05 20:12:45,532] {dagbag.py:500} INFO - Filling up the DagBag from /home/airflow/sandbox/lib/python3.8/site-packages/airflow/example_dags/example_branch_python_dop_operator_3.py
[2022-01-05 20:12:45,779] {processor.py:654} INFO - DAG(s) dict_keys(['example_branch_dop_operator_v3']) retrieved from /home/airflow/sandbox/lib/python3.8/site-packages/airflow/example_dags/example_branch_python_dop_operator_3.py
[2022-01-05 20:12:45,867] {logging_mixin.py:109} INFO - [2022-01-05 20:12:45,867] {dag.py:2396} INFO - Sync 1 DAGs
[2022-01-05 20:12:45,923] {logging_mixin.py:109} INFO - [2022-01-05 20:12:45,923] {dag.py:2935} INFO - Setting next_dagrun for example_branch_dop_operator_v3 to 2022-01-05T20:11:00+00:00
[2022-01-05 20:12:45,968] {processor.py:171} INFO - Processing /home/airflow/sandbox/lib/python3.8/site-packages/airflow/example_dags/example_branch_python_dop_operator_3.py took 0.452 seconds
[2022-01-05 20:28:31,257] {processor.py:163} INFO - Started process (PID=7306) to work on /home/airflow/sandbox/lib/python3.8/site-packages/airflow/example_dags/example_branch_python_dop_operator_3.py
[2022-01-05 20:28:31,288] {processor.py:642} INFO - Processing file /home/airflow/sandbox/lib/python3.8/site-packages/airflow/example_dags/example_branch_python_dop_operator_3.py for tasks to queue
[2022-01-05 20:28:31,288] {logging_mixin.py:109} INFO - [2022-01-05 20:28:31,288] {dagbag.py:500} INFO - Filling up the DagBag from /home/airflow/sandbox/lib/python3.8/site-packages/airflow/example_dags/example_branch_python_dop_operator_3.py
[2022-01-05 20:28:31,960] {processor.py:654} INFO - DAG(s) dict_keys(['example_branch_dop_operator_v3']) retrieved from /home/airflow/sandbox/lib/python3.8/site-packages/airflow/example_dags/example_branch_python_dop_operator_3.py
[2022-01-05 20:28:32,104] {logging_mixin.py:109} INFO - [2022-01-05 20:28:32,104] {dag.py:2396} INFO - Sync 1 DAGs
[2022-01-05 20:28:32,292] {logging_mixin.py:109} INFO - [2022-01-05 20:28:32,291] {dag.py:2935} INFO - Setting next_dagrun for example_branch_dop_operator_v3 to 2022-01-05T20:27:00+00:00
[2022-01-05 20:28:32,743] {processor.py:171} INFO - Processing /home/airflow/sandbox/lib/python3.8/site-packages/airflow/example_dags/example_branch_python_dop_operator_3.py took 1.508 seconds
[2022-01-05 20:29:25,257] {processor.py:163} INFO - Started process (PID=7752) to work on /home/airflow/sandbox/lib/python3.8/site-packages/airflow/example_dags/example_branch_python_dop_operator_3.py
[2022-01-05 20:29:25,295] {processor.py:642} INFO - Processing file /home/airflow/sandbox/lib/python3.8/site-packages/airflow/example_dags/example_branch_python_dop_operator_3.py for tasks to queue
[2022-01-05 20:29:25,297] {logging_mixin.py:109} INFO - [2022-01-05 20:29:25,296] {dagbag.py:500} INFO - Filling up the DagBag from /home/airflow/sandbox/lib/python3.8/site-packages/airflow/example_dags/example_branch_python_dop_operator_3.py
[2022-01-05 20:29:25,799] {processor.py:654} INFO - DAG(s) dict_keys(['example_branch_dop_operator_v3']) retrieved from /home/airflow/sandbox/lib/python3.8/site-packages/airflow/example_dags/example_branch_python_dop_operator_3.py
[2022-01-05 20:29:25,895] {logging_mixin.py:109} INFO - [2022-01-05 20:29:25,891] {dag.py:2396} INFO - Sync 1 DAGs
[2022-01-05 20:29:25,999] {logging_mixin.py:109} INFO - [2022-01-05 20:29:25,999] {dag.py:2935} INFO - Setting next_dagrun for example_branch_dop_operator_v3 to 2022-01-05T20:28:00+00:00
[2022-01-05 20:29:26,255] {processor.py:171} INFO - Processing /home/airflow/sandbox/lib/python3.8/site-packages/airflow/example_dags/example_branch_python_dop_operator_3.py took 1.019 seconds
[2022-01-05 20:29:57,141] {processor.py:163} INFO - Started process (PID=7992) to work on /home/airflow/sandbox/lib/python3.8/site-packages/airflow/example_dags/example_branch_python_dop_operator_3.py
[2022-01-05 20:29:57,144] {processor.py:642} INFO - Processing file /home/airflow/sandbox/lib/python3.8/site-packages/airflow/example_dags/example_branch_python_dop_operator_3.py for tasks to queue
[2022-01-05 20:29:57,145] {logging_mixin.py:109} INFO - [2022-01-05 20:29:57,145] {dagbag.py:500} INFO - Filling up the DagBag from /home/airflow/sandbox/lib/python3.8/site-packages/airflow/example_dags/example_branch_python_dop_operator_3.py
[2022-01-05 20:29:57,236] {processor.py:654} INFO - DAG(s) dict_keys(['example_branch_dop_operator_v3']) retrieved from /home/airflow/sandbox/lib/python3.8/site-packages/airflow/example_dags/example_branch_python_dop_operator_3.py
[2022-01-05 20:29:57,250] {logging_mixin.py:109} INFO - [2022-01-05 20:29:57,250] {dag.py:2396} INFO - Sync 1 DAGs
[2022-01-05 20:29:57,297] {logging_mixin.py:109} INFO - [2022-01-05 20:29:57,297] {dag.py:2935} INFO - Setting next_dagrun for example_branch_dop_operator_v3 to 2022-01-05T20:28:00+00:00
[2022-01-05 20:29:57,327] {processor.py:171} INFO - Processing /home/airflow/sandbox/lib/python3.8/site-packages/airflow/example_dags/example_branch_python_dop_operator_3.py took 0.190 seconds
[2022-01-05 20:30:27,479] {processor.py:163} INFO - Started process (PID=8353) to work on /home/airflow/sandbox/lib/python3.8/site-packages/airflow/example_dags/example_branch_python_dop_operator_3.py
[2022-01-05 20:30:27,480] {processor.py:642} INFO - Processing file /home/airflow/sandbox/lib/python3.8/site-packages/airflow/example_dags/example_branch_python_dop_operator_3.py for tasks to queue
[2022-01-05 20:30:27,481] {logging_mixin.py:109} INFO - [2022-01-05 20:30:27,481] {dagbag.py:500} INFO - Filling up the DagBag from /home/airflow/sandbox/lib/python3.8/site-packages/airflow/example_dags/example_branch_python_dop_operator_3.py
[2022-01-05 20:30:27,570] {processor.py:654} INFO - DAG(s) dict_keys(['example_branch_dop_operator_v3']) retrieved from /home/airflow/sandbox/lib/python3.8/site-packages/airflow/example_dags/example_branch_python_dop_operator_3.py
[2022-01-05 20:30:27,585] {logging_mixin.py:109} INFO - [2022-01-05 20:30:27,585] {dag.py:2396} INFO - Sync 1 DAGs
[2022-01-05 20:30:27,632] {logging_mixin.py:109} INFO - [2022-01-05 20:30:27,632] {dag.py:2935} INFO - Setting next_dagrun for example_branch_dop_operator_v3 to 2022-01-05T20:29:00+00:00
[2022-01-05 20:30:27,644] {processor.py:171} INFO - Processing /home/airflow/sandbox/lib/python3.8/site-packages/airflow/example_dags/example_branch_python_dop_operator_3.py took 0.170 seconds
[2022-01-05 20:30:57,926] {processor.py:163} INFO - Started process (PID=8715) to work on /home/airflow/sandbox/lib/python3.8/site-packages/airflow/example_dags/example_branch_python_dop_operator_3.py
[2022-01-05 20:30:57,929] {processor.py:642} INFO - Processing file /home/airflow/sandbox/lib/python3.8/site-packages/airflow/example_dags/example_branch_python_dop_operator_3.py for tasks to queue
[2022-01-05 20:30:57,930] {logging_mixin.py:109} INFO - [2022-01-05 20:30:57,930] {dagbag.py:500} INFO - Filling up the DagBag from /home/airflow/sandbox/lib/python3.8/site-packages/airflow/example_dags/example_branch_python_dop_operator_3.py
[2022-01-05 20:30:58,034] {processor.py:654} INFO - DAG(s) dict_keys(['example_branch_dop_operator_v3']) retrieved from /home/airflow/sandbox/lib/python3.8/site-packages/airflow/example_dags/example_branch_python_dop_operator_3.py
[2022-01-05 20:30:58,092] {logging_mixin.py:109} INFO - [2022-01-05 20:30:58,091] {dag.py:2396} INFO - Sync 1 DAGs
[2022-01-05 20:30:58,148] {logging_mixin.py:109} INFO - [2022-01-05 20:30:58,148] {dag.py:2935} INFO - Setting next_dagrun for example_branch_dop_operator_v3 to 2022-01-05T20:29:00+00:00
[2022-01-05 20:30:58,187] {processor.py:171} INFO - Processing /home/airflow/sandbox/lib/python3.8/site-packages/airflow/example_dags/example_branch_python_dop_operator_3.py took 0.264 seconds
[2022-01-05 20:31:28,328] {processor.py:163} INFO - Started process (PID=9106) to work on /home/airflow/sandbox/lib/python3.8/site-packages/airflow/example_dags/example_branch_python_dop_operator_3.py
[2022-01-05 20:31:28,336] {processor.py:642} INFO - Processing file /home/airflow/sandbox/lib/python3.8/site-packages/airflow/example_dags/example_branch_python_dop_operator_3.py for tasks to queue
[2022-01-05 20:31:28,337] {logging_mixin.py:109} INFO - [2022-01-05 20:31:28,337] {dagbag.py:500} INFO - Filling up the DagBag from /home/airflow/sandbox/lib/python3.8/site-packages/airflow/example_dags/example_branch_python_dop_operator_3.py
[2022-01-05 20:31:28,485] {processor.py:654} INFO - DAG(s) dict_keys(['example_branch_dop_operator_v3']) retrieved from /home/airflow/sandbox/lib/python3.8/site-packages/airflow/example_dags/example_branch_python_dop_operator_3.py
[2022-01-05 20:31:28,523] {logging_mixin.py:109} INFO - [2022-01-05 20:31:28,522] {dag.py:2396} INFO - Sync 1 DAGs
[2022-01-05 20:31:28,644] {logging_mixin.py:109} INFO - [2022-01-05 20:31:28,644] {dag.py:2935} INFO - Setting next_dagrun for example_branch_dop_operator_v3 to 2022-01-05T20:30:00+00:00
[2022-01-05 20:31:28,738] {processor.py:171} INFO - Processing /home/airflow/sandbox/lib/python3.8/site-packages/airflow/example_dags/example_branch_python_dop_operator_3.py took 0.419 seconds
[2022-01-05 20:32:03,066] {processor.py:163} INFO - Started process (PID=9604) to work on /home/airflow/sandbox/lib/python3.8/site-packages/airflow/example_dags/example_branch_python_dop_operator_3.py
[2022-01-05 20:32:03,068] {processor.py:642} INFO - Processing file /home/airflow/sandbox/lib/python3.8/site-packages/airflow/example_dags/example_branch_python_dop_operator_3.py for tasks to queue
[2022-01-05 20:32:03,077] {logging_mixin.py:109} INFO - [2022-01-05 20:32:03,070] {dagbag.py:500} INFO - Filling up the DagBag from /home/airflow/sandbox/lib/python3.8/site-packages/airflow/example_dags/example_branch_python_dop_operator_3.py
[2022-01-05 20:32:03,488] {processor.py:654} INFO - DAG(s) dict_keys(['example_branch_dop_operator_v3']) retrieved from /home/airflow/sandbox/lib/python3.8/site-packages/airflow/example_dags/example_branch_python_dop_operator_3.py
[2022-01-05 20:32:03,539] {logging_mixin.py:109} INFO - [2022-01-05 20:32:03,539] {dag.py:2396} INFO - Sync 1 DAGs
[2022-01-05 20:32:03,588] {logging_mixin.py:109} INFO - [2022-01-05 20:32:03,588] {dag.py:2935} INFO - Setting next_dagrun for example_branch_dop_operator_v3 to 2022-01-05T20:31:00+00:00
[2022-01-05 20:32:03,663] {processor.py:171} INFO - Processing /home/airflow/sandbox/lib/python3.8/site-packages/airflow/example_dags/example_branch_python_dop_operator_3.py took 0.627 seconds
[2022-01-05 20:32:34,716] {processor.py:163} INFO - Started process (PID=10340) to work on /home/airflow/sandbox/lib/python3.8/site-packages/airflow/example_dags/example_branch_python_dop_operator_3.py
[2022-01-05 20:32:34,720] {processor.py:642} INFO - Processing file /home/airflow/sandbox/lib/python3.8/site-packages/airflow/example_dags/example_branch_python_dop_operator_3.py for tasks to queue
[2022-01-05 20:32:34,723] {logging_mixin.py:109} INFO - [2022-01-05 20:32:34,723] {dagbag.py:500} INFO - Filling up the DagBag from /home/airflow/sandbox/lib/python3.8/site-packages/airflow/example_dags/example_branch_python_dop_operator_3.py
[2022-01-05 20:32:35,285] {processor.py:654} INFO - DAG(s) dict_keys(['example_branch_dop_operator_v3']) retrieved from /home/airflow/sandbox/lib/python3.8/site-packages/airflow/example_dags/example_branch_python_dop_operator_3.py
[2022-01-05 20:32:35,626] {logging_mixin.py:109} INFO - [2022-01-05 20:32:35,626] {dag.py:2396} INFO - Sync 1 DAGs
[2022-01-05 20:32:35,731] {logging_mixin.py:109} INFO - [2022-01-05 20:32:35,731] {dag.py:2935} INFO - Setting next_dagrun for example_branch_dop_operator_v3 to 2022-01-05T20:31:00+00:00
[2022-01-05 20:32:35,870] {processor.py:171} INFO - Processing /home/airflow/sandbox/lib/python3.8/site-packages/airflow/example_dags/example_branch_python_dop_operator_3.py took 1.157 seconds
[2022-01-05 20:33:07,614] {processor.py:163} INFO - Started process (PID=11089) to work on /home/airflow/sandbox/lib/python3.8/site-packages/airflow/example_dags/example_branch_python_dop_operator_3.py
[2022-01-05 20:33:07,618] {processor.py:642} INFO - Processing file /home/airflow/sandbox/lib/python3.8/site-packages/airflow/example_dags/example_branch_python_dop_operator_3.py for tasks to queue
[2022-01-05 20:33:07,618] {logging_mixin.py:109} INFO - [2022-01-05 20:33:07,618] {dagbag.py:500} INFO - Filling up the DagBag from /home/airflow/sandbox/lib/python3.8/site-packages/airflow/example_dags/example_branch_python_dop_operator_3.py
[2022-01-05 20:33:08,427] {processor.py:654} INFO - DAG(s) dict_keys(['example_branch_dop_operator_v3']) retrieved from /home/airflow/sandbox/lib/python3.8/site-packages/airflow/example_dags/example_branch_python_dop_operator_3.py
[2022-01-05 20:33:08,524] {logging_mixin.py:109} INFO - [2022-01-05 20:33:08,524] {dag.py:2396} INFO - Sync 1 DAGs
[2022-01-05 20:33:08,872] {logging_mixin.py:109} INFO - [2022-01-05 20:33:08,872] {dag.py:2935} INFO - Setting next_dagrun for example_branch_dop_operator_v3 to 2022-01-05T20:32:00+00:00
[2022-01-05 20:33:08,928] {processor.py:171} INFO - Processing /home/airflow/sandbox/lib/python3.8/site-packages/airflow/example_dags/example_branch_python_dop_operator_3.py took 1.316 seconds
[2022-01-05 20:33:39,707] {processor.py:163} INFO - Started process (PID=11616) to work on /home/airflow/sandbox/lib/python3.8/site-packages/airflow/example_dags/example_branch_python_dop_operator_3.py
[2022-01-05 20:33:39,708] {processor.py:642} INFO - Processing file /home/airflow/sandbox/lib/python3.8/site-packages/airflow/example_dags/example_branch_python_dop_operator_3.py for tasks to queue
[2022-01-05 20:33:39,709] {logging_mixin.py:109} INFO - [2022-01-05 20:33:39,709] {dagbag.py:500} INFO - Filling up the DagBag from /home/airflow/sandbox/lib/python3.8/site-packages/airflow/example_dags/example_branch_python_dop_operator_3.py
[2022-01-05 20:33:39,865] {processor.py:654} INFO - DAG(s) dict_keys(['example_branch_dop_operator_v3']) retrieved from /home/airflow/sandbox/lib/python3.8/site-packages/airflow/example_dags/example_branch_python_dop_operator_3.py
[2022-01-05 20:33:39,957] {logging_mixin.py:109} INFO - [2022-01-05 20:33:39,957] {dag.py:2396} INFO - Sync 1 DAGs
[2022-01-05 20:33:40,060] {logging_mixin.py:109} INFO - [2022-01-05 20:33:40,060] {dag.py:2935} INFO - Setting next_dagrun for example_branch_dop_operator_v3 to 2022-01-05T20:32:00+00:00
[2022-01-05 20:33:40,128] {processor.py:171} INFO - Processing /home/airflow/sandbox/lib/python3.8/site-packages/airflow/example_dags/example_branch_python_dop_operator_3.py took 0.455 seconds
[2022-01-05 20:34:10,264] {processor.py:163} INFO - Started process (PID=11859) to work on /home/airflow/sandbox/lib/python3.8/site-packages/airflow/example_dags/example_branch_python_dop_operator_3.py
[2022-01-05 20:34:10,265] {processor.py:642} INFO - Processing file /home/airflow/sandbox/lib/python3.8/site-packages/airflow/example_dags/example_branch_python_dop_operator_3.py for tasks to queue
[2022-01-05 20:34:10,266] {logging_mixin.py:109} INFO - [2022-01-05 20:34:10,265] {dagbag.py:500} INFO - Filling up the DagBag from /home/airflow/sandbox/lib/python3.8/site-packages/airflow/example_dags/example_branch_python_dop_operator_3.py
[2022-01-05 20:34:10,455] {processor.py:654} INFO - DAG(s) dict_keys(['example_branch_dop_operator_v3']) retrieved from /home/airflow/sandbox/lib/python3.8/site-packages/airflow/example_dags/example_branch_python_dop_operator_3.py
[2022-01-05 20:34:10,524] {logging_mixin.py:109} INFO - [2022-01-05 20:34:10,524] {dag.py:2396} INFO - Sync 1 DAGs
[2022-01-05 20:34:10,719] {logging_mixin.py:109} INFO - [2022-01-05 20:34:10,719] {dag.py:2935} INFO - Setting next_dagrun for example_branch_dop_operator_v3 to 2022-01-05T20:33:00+00:00
[2022-01-05 20:34:10,765] {processor.py:171} INFO - Processing /home/airflow/sandbox/lib/python3.8/site-packages/airflow/example_dags/example_branch_python_dop_operator_3.py took 0.506 seconds
[2022-01-05 20:34:41,571] {processor.py:163} INFO - Started process (PID=12100) to work on /home/airflow/sandbox/lib/python3.8/site-packages/airflow/example_dags/example_branch_python_dop_operator_3.py
[2022-01-05 20:34:41,574] {processor.py:642} INFO - Processing file /home/airflow/sandbox/lib/python3.8/site-packages/airflow/example_dags/example_branch_python_dop_operator_3.py for tasks to queue
[2022-01-05 20:34:41,574] {logging_mixin.py:109} INFO - [2022-01-05 20:34:41,574] {dagbag.py:500} INFO - Filling up the DagBag from /home/airflow/sandbox/lib/python3.8/site-packages/airflow/example_dags/example_branch_python_dop_operator_3.py
[2022-01-05 20:34:41,698] {processor.py:654} INFO - DAG(s) dict_keys(['example_branch_dop_operator_v3']) retrieved from /home/airflow/sandbox/lib/python3.8/site-packages/airflow/example_dags/example_branch_python_dop_operator_3.py
[2022-01-05 20:34:41,719] {logging_mixin.py:109} INFO - [2022-01-05 20:34:41,719] {dag.py:2396} INFO - Sync 1 DAGs
[2022-01-05 20:34:41,872] {logging_mixin.py:109} INFO - [2022-01-05 20:34:41,872] {dag.py:2935} INFO - Setting next_dagrun for example_branch_dop_operator_v3 to 2022-01-05T20:33:00+00:00
[2022-01-05 20:34:41,918] {processor.py:171} INFO - Processing /home/airflow/sandbox/lib/python3.8/site-packages/airflow/example_dags/example_branch_python_dop_operator_3.py took 0.359 seconds
[2022-01-05 20:35:12,855] {processor.py:163} INFO - Started process (PID=12344) to work on /home/airflow/sandbox/lib/python3.8/site-packages/airflow/example_dags/example_branch_python_dop_operator_3.py
[2022-01-05 20:35:12,857] {processor.py:642} INFO - Processing file /home/airflow/sandbox/lib/python3.8/site-packages/airflow/example_dags/example_branch_python_dop_operator_3.py for tasks to queue
[2022-01-05 20:35:12,858] {logging_mixin.py:109} INFO - [2022-01-05 20:35:12,858] {dagbag.py:500} INFO - Filling up the DagBag from /home/airflow/sandbox/lib/python3.8/site-packages/airflow/example_dags/example_branch_python_dop_operator_3.py
[2022-01-05 20:35:13,016] {processor.py:654} INFO - DAG(s) dict_keys(['example_branch_dop_operator_v3']) retrieved from /home/airflow/sandbox/lib/python3.8/site-packages/airflow/example_dags/example_branch_python_dop_operator_3.py
[2022-01-05 20:35:13,067] {logging_mixin.py:109} INFO - [2022-01-05 20:35:13,067] {dag.py:2396} INFO - Sync 1 DAGs
[2022-01-05 20:35:13,145] {logging_mixin.py:109} INFO - [2022-01-05 20:35:13,145] {dag.py:2935} INFO - Setting next_dagrun for example_branch_dop_operator_v3 to 2022-01-05T20:34:00+00:00
[2022-01-05 20:35:13,157] {processor.py:171} INFO - Processing /home/airflow/sandbox/lib/python3.8/site-packages/airflow/example_dags/example_branch_python_dop_operator_3.py took 0.311 seconds
[2022-01-05 20:35:43,844] {processor.py:163} INFO - Started process (PID=12582) to work on /home/airflow/sandbox/lib/python3.8/site-packages/airflow/example_dags/example_branch_python_dop_operator_3.py
[2022-01-05 20:35:43,845] {processor.py:642} INFO - Processing file /home/airflow/sandbox/lib/python3.8/site-packages/airflow/example_dags/example_branch_python_dop_operator_3.py for tasks to queue
[2022-01-05 20:35:43,846] {logging_mixin.py:109} INFO - [2022-01-05 20:35:43,846] {dagbag.py:500} INFO - Filling up the DagBag from /home/airflow/sandbox/lib/python3.8/site-packages/airflow/example_dags/example_branch_python_dop_operator_3.py
[2022-01-05 20:35:44,067] {processor.py:654} INFO - DAG(s) dict_keys(['example_branch_dop_operator_v3']) retrieved from /home/airflow/sandbox/lib/python3.8/site-packages/airflow/example_dags/example_branch_python_dop_operator_3.py
[2022-01-05 20:35:44,135] {logging_mixin.py:109} INFO - [2022-01-05 20:35:44,135] {dag.py:2396} INFO - Sync 1 DAGs
[2022-01-05 20:35:44,249] {logging_mixin.py:109} INFO - [2022-01-05 20:35:44,242] {dag.py:2935} INFO - Setting next_dagrun for example_branch_dop_operator_v3 to 2022-01-05T20:34:00+00:00
[2022-01-05 20:35:44,443] {processor.py:171} INFO - Processing /home/airflow/sandbox/lib/python3.8/site-packages/airflow/example_dags/example_branch_python_dop_operator_3.py took 0.606 seconds
[2022-01-05 20:36:14,599] {processor.py:163} INFO - Started process (PID=12821) to work on /home/airflow/sandbox/lib/python3.8/site-packages/airflow/example_dags/example_branch_python_dop_operator_3.py
[2022-01-05 20:36:14,634] {processor.py:642} INFO - Processing file /home/airflow/sandbox/lib/python3.8/site-packages/airflow/example_dags/example_branch_python_dop_operator_3.py for tasks to queue
[2022-01-05 20:36:14,635] {logging_mixin.py:109} INFO - [2022-01-05 20:36:14,634] {dagbag.py:500} INFO - Filling up the DagBag from /home/airflow/sandbox/lib/python3.8/site-packages/airflow/example_dags/example_branch_python_dop_operator_3.py
[2022-01-05 20:36:14,845] {processor.py:654} INFO - DAG(s) dict_keys(['example_branch_dop_operator_v3']) retrieved from /home/airflow/sandbox/lib/python3.8/site-packages/airflow/example_dags/example_branch_python_dop_operator_3.py
[2022-01-05 20:36:14,865] {logging_mixin.py:109} INFO - [2022-01-05 20:36:14,865] {dag.py:2396} INFO - Sync 1 DAGs
[2022-01-05 20:36:14,958] {logging_mixin.py:109} INFO - [2022-01-05 20:36:14,958] {dag.py:2935} INFO - Setting next_dagrun for example_branch_dop_operator_v3 to 2022-01-05T20:35:00+00:00
[2022-01-05 20:36:15,015] {processor.py:171} INFO - Processing /home/airflow/sandbox/lib/python3.8/site-packages/airflow/example_dags/example_branch_python_dop_operator_3.py took 0.456 seconds
[2022-01-05 20:36:45,143] {processor.py:163} INFO - Started process (PID=13064) to work on /home/airflow/sandbox/lib/python3.8/site-packages/airflow/example_dags/example_branch_python_dop_operator_3.py
[2022-01-05 20:36:45,150] {processor.py:642} INFO - Processing file /home/airflow/sandbox/lib/python3.8/site-packages/airflow/example_dags/example_branch_python_dop_operator_3.py for tasks to queue
[2022-01-05 20:36:45,153] {logging_mixin.py:109} INFO - [2022-01-05 20:36:45,152] {dagbag.py:500} INFO - Filling up the DagBag from /home/airflow/sandbox/lib/python3.8/site-packages/airflow/example_dags/example_branch_python_dop_operator_3.py
[2022-01-05 20:36:45,363] {processor.py:654} INFO - DAG(s) dict_keys(['example_branch_dop_operator_v3']) retrieved from /home/airflow/sandbox/lib/python3.8/site-packages/airflow/example_dags/example_branch_python_dop_operator_3.py
[2022-01-05 20:36:45,486] {logging_mixin.py:109} INFO - [2022-01-05 20:36:45,485] {dag.py:2396} INFO - Sync 1 DAGs
[2022-01-05 20:36:45,603] {logging_mixin.py:109} INFO - [2022-01-05 20:36:45,603] {dag.py:2935} INFO - Setting next_dagrun for example_branch_dop_operator_v3 to 2022-01-05T20:35:00+00:00
[2022-01-05 20:36:45,640] {processor.py:171} INFO - Processing /home/airflow/sandbox/lib/python3.8/site-packages/airflow/example_dags/example_branch_python_dop_operator_3.py took 0.503 seconds
[2022-01-05 20:37:16,403] {processor.py:163} INFO - Started process (PID=13309) to work on /home/airflow/sandbox/lib/python3.8/site-packages/airflow/example_dags/example_branch_python_dop_operator_3.py
[2022-01-05 20:37:16,409] {processor.py:642} INFO - Processing file /home/airflow/sandbox/lib/python3.8/site-packages/airflow/example_dags/example_branch_python_dop_operator_3.py for tasks to queue
[2022-01-05 20:37:16,412] {logging_mixin.py:109} INFO - [2022-01-05 20:37:16,411] {dagbag.py:500} INFO - Filling up the DagBag from /home/airflow/sandbox/lib/python3.8/site-packages/airflow/example_dags/example_branch_python_dop_operator_3.py
[2022-01-05 20:37:16,545] {processor.py:654} INFO - DAG(s) dict_keys(['example_branch_dop_operator_v3']) retrieved from /home/airflow/sandbox/lib/python3.8/site-packages/airflow/example_dags/example_branch_python_dop_operator_3.py
[2022-01-05 20:37:16,607] {logging_mixin.py:109} INFO - [2022-01-05 20:37:16,607] {dag.py:2396} INFO - Sync 1 DAGs
[2022-01-05 20:37:16,647] {logging_mixin.py:109} INFO - [2022-01-05 20:37:16,647] {dag.py:2935} INFO - Setting next_dagrun for example_branch_dop_operator_v3 to 2022-01-05T20:36:00+00:00
[2022-01-05 20:37:16,692] {processor.py:171} INFO - Processing /home/airflow/sandbox/lib/python3.8/site-packages/airflow/example_dags/example_branch_python_dop_operator_3.py took 0.294 seconds
[2022-01-05 20:37:46,884] {processor.py:163} INFO - Started process (PID=13550) to work on /home/airflow/sandbox/lib/python3.8/site-packages/airflow/example_dags/example_branch_python_dop_operator_3.py
[2022-01-05 20:37:46,885] {processor.py:642} INFO - Processing file /home/airflow/sandbox/lib/python3.8/site-packages/airflow/example_dags/example_branch_python_dop_operator_3.py for tasks to queue
[2022-01-05 20:37:46,886] {logging_mixin.py:109} INFO - [2022-01-05 20:37:46,885] {dagbag.py:500} INFO - Filling up the DagBag from /home/airflow/sandbox/lib/python3.8/site-packages/airflow/example_dags/example_branch_python_dop_operator_3.py
[2022-01-05 20:37:46,985] {processor.py:654} INFO - DAG(s) dict_keys(['example_branch_dop_operator_v3']) retrieved from /home/airflow/sandbox/lib/python3.8/site-packages/airflow/example_dags/example_branch_python_dop_operator_3.py
[2022-01-05 20:37:47,005] {logging_mixin.py:109} INFO - [2022-01-05 20:37:47,005] {dag.py:2396} INFO - Sync 1 DAGs
[2022-01-05 20:37:47,048] {logging_mixin.py:109} INFO - [2022-01-05 20:37:47,048] {dag.py:2935} INFO - Setting next_dagrun for example_branch_dop_operator_v3 to 2022-01-05T20:36:00+00:00
[2022-01-05 20:37:47,077] {processor.py:171} INFO - Processing /home/airflow/sandbox/lib/python3.8/site-packages/airflow/example_dags/example_branch_python_dop_operator_3.py took 0.197 seconds
[2022-01-05 20:38:17,657] {processor.py:163} INFO - Started process (PID=13861) to work on /home/airflow/sandbox/lib/python3.8/site-packages/airflow/example_dags/example_branch_python_dop_operator_3.py
[2022-01-05 20:38:17,660] {processor.py:642} INFO - Processing file /home/airflow/sandbox/lib/python3.8/site-packages/airflow/example_dags/example_branch_python_dop_operator_3.py for tasks to queue
[2022-01-05 20:38:17,673] {logging_mixin.py:109} INFO - [2022-01-05 20:38:17,673] {dagbag.py:500} INFO - Filling up the DagBag from /home/airflow/sandbox/lib/python3.8/site-packages/airflow/example_dags/example_branch_python_dop_operator_3.py
[2022-01-05 20:38:17,775] {processor.py:654} INFO - DAG(s) dict_keys(['example_branch_dop_operator_v3']) retrieved from /home/airflow/sandbox/lib/python3.8/site-packages/airflow/example_dags/example_branch_python_dop_operator_3.py
[2022-01-05 20:38:17,800] {logging_mixin.py:109} INFO - [2022-01-05 20:38:17,800] {dag.py:2396} INFO - Sync 1 DAGs
[2022-01-05 20:38:17,925] {logging_mixin.py:109} INFO - [2022-01-05 20:38:17,925] {dag.py:2935} INFO - Setting next_dagrun for example_branch_dop_operator_v3 to 2022-01-05T20:37:00+00:00
[2022-01-05 20:38:18,009] {processor.py:171} INFO - Processing /home/airflow/sandbox/lib/python3.8/site-packages/airflow/example_dags/example_branch_python_dop_operator_3.py took 0.361 seconds
[2022-01-05 20:38:48,201] {processor.py:163} INFO - Started process (PID=14108) to work on /home/airflow/sandbox/lib/python3.8/site-packages/airflow/example_dags/example_branch_python_dop_operator_3.py
[2022-01-05 20:38:48,203] {processor.py:642} INFO - Processing file /home/airflow/sandbox/lib/python3.8/site-packages/airflow/example_dags/example_branch_python_dop_operator_3.py for tasks to queue
[2022-01-05 20:38:48,207] {logging_mixin.py:109} INFO - [2022-01-05 20:38:48,207] {dagbag.py:500} INFO - Filling up the DagBag from /home/airflow/sandbox/lib/python3.8/site-packages/airflow/example_dags/example_branch_python_dop_operator_3.py
[2022-01-05 20:38:48,327] {processor.py:654} INFO - DAG(s) dict_keys(['example_branch_dop_operator_v3']) retrieved from /home/airflow/sandbox/lib/python3.8/site-packages/airflow/example_dags/example_branch_python_dop_operator_3.py
[2022-01-05 20:38:48,375] {logging_mixin.py:109} INFO - [2022-01-05 20:38:48,375] {dag.py:2396} INFO - Sync 1 DAGs
[2022-01-05 20:38:48,483] {logging_mixin.py:109} INFO - [2022-01-05 20:38:48,464] {dag.py:2935} INFO - Setting next_dagrun for example_branch_dop_operator_v3 to 2022-01-05T20:37:00+00:00
[2022-01-05 20:38:48,511] {processor.py:171} INFO - Processing /home/airflow/sandbox/lib/python3.8/site-packages/airflow/example_dags/example_branch_python_dop_operator_3.py took 0.313 seconds
[2022-01-05 20:39:19,270] {processor.py:163} INFO - Started process (PID=14346) to work on /home/airflow/sandbox/lib/python3.8/site-packages/airflow/example_dags/example_branch_python_dop_operator_3.py
[2022-01-05 20:39:19,275] {processor.py:642} INFO - Processing file /home/airflow/sandbox/lib/python3.8/site-packages/airflow/example_dags/example_branch_python_dop_operator_3.py for tasks to queue
[2022-01-05 20:39:19,275] {logging_mixin.py:109} INFO - [2022-01-05 20:39:19,275] {dagbag.py:500} INFO - Filling up the DagBag from /home/airflow/sandbox/lib/python3.8/site-packages/airflow/example_dags/example_branch_python_dop_operator_3.py
[2022-01-05 20:39:19,379] {processor.py:654} INFO - DAG(s) dict_keys(['example_branch_dop_operator_v3']) retrieved from /home/airflow/sandbox/lib/python3.8/site-packages/airflow/example_dags/example_branch_python_dop_operator_3.py
[2022-01-05 20:39:19,416] {logging_mixin.py:109} INFO - [2022-01-05 20:39:19,416] {dag.py:2396} INFO - Sync 1 DAGs
[2022-01-05 20:39:19,478] {logging_mixin.py:109} INFO - [2022-01-05 20:39:19,478] {dag.py:2935} INFO - Setting next_dagrun for example_branch_dop_operator_v3 to 2022-01-05T20:38:00+00:00
[2022-01-05 20:39:19,513] {processor.py:171} INFO - Processing /home/airflow/sandbox/lib/python3.8/site-packages/airflow/example_dags/example_branch_python_dop_operator_3.py took 0.247 seconds
[2022-01-05 20:39:50,020] {processor.py:163} INFO - Started process (PID=14581) to work on /home/airflow/sandbox/lib/python3.8/site-packages/airflow/example_dags/example_branch_python_dop_operator_3.py
[2022-01-05 20:39:50,023] {processor.py:642} INFO - Processing file /home/airflow/sandbox/lib/python3.8/site-packages/airflow/example_dags/example_branch_python_dop_operator_3.py for tasks to queue
[2022-01-05 20:39:50,030] {logging_mixin.py:109} INFO - [2022-01-05 20:39:50,029] {dagbag.py:500} INFO - Filling up the DagBag from /home/airflow/sandbox/lib/python3.8/site-packages/airflow/example_dags/example_branch_python_dop_operator_3.py
[2022-01-05 20:39:50,138] {processor.py:654} INFO - DAG(s) dict_keys(['example_branch_dop_operator_v3']) retrieved from /home/airflow/sandbox/lib/python3.8/site-packages/airflow/example_dags/example_branch_python_dop_operator_3.py
[2022-01-05 20:39:50,165] {logging_mixin.py:109} INFO - [2022-01-05 20:39:50,164] {dag.py:2396} INFO - Sync 1 DAGs
[2022-01-05 20:39:50,219] {logging_mixin.py:109} INFO - [2022-01-05 20:39:50,219] {dag.py:2935} INFO - Setting next_dagrun for example_branch_dop_operator_v3 to 2022-01-05T20:38:00+00:00
[2022-01-05 20:39:50,252] {processor.py:171} INFO - Processing /home/airflow/sandbox/lib/python3.8/site-packages/airflow/example_dags/example_branch_python_dop_operator_3.py took 0.235 seconds
[2022-01-05 20:40:20,687] {processor.py:163} INFO - Started process (PID=14822) to work on /home/airflow/sandbox/lib/python3.8/site-packages/airflow/example_dags/example_branch_python_dop_operator_3.py
[2022-01-05 20:40:20,688] {processor.py:642} INFO - Processing file /home/airflow/sandbox/lib/python3.8/site-packages/airflow/example_dags/example_branch_python_dop_operator_3.py for tasks to queue
[2022-01-05 20:40:20,689] {logging_mixin.py:109} INFO - [2022-01-05 20:40:20,688] {dagbag.py:500} INFO - Filling up the DagBag from /home/airflow/sandbox/lib/python3.8/site-packages/airflow/example_dags/example_branch_python_dop_operator_3.py
[2022-01-05 20:40:20,773] {processor.py:654} INFO - DAG(s) dict_keys(['example_branch_dop_operator_v3']) retrieved from /home/airflow/sandbox/lib/python3.8/site-packages/airflow/example_dags/example_branch_python_dop_operator_3.py
[2022-01-05 20:40:20,796] {logging_mixin.py:109} INFO - [2022-01-05 20:40:20,795] {dag.py:2396} INFO - Sync 1 DAGs
[2022-01-05 20:40:20,841] {logging_mixin.py:109} INFO - [2022-01-05 20:40:20,841] {dag.py:2935} INFO - Setting next_dagrun for example_branch_dop_operator_v3 to 2022-01-05T20:39:00+00:00
[2022-01-05 20:40:20,875] {processor.py:171} INFO - Processing /home/airflow/sandbox/lib/python3.8/site-packages/airflow/example_dags/example_branch_python_dop_operator_3.py took 0.215 seconds
[2022-01-05 20:40:51,193] {processor.py:163} INFO - Started process (PID=15069) to work on /home/airflow/sandbox/lib/python3.8/site-packages/airflow/example_dags/example_branch_python_dop_operator_3.py
[2022-01-05 20:40:51,196] {processor.py:642} INFO - Processing file /home/airflow/sandbox/lib/python3.8/site-packages/airflow/example_dags/example_branch_python_dop_operator_3.py for tasks to queue
[2022-01-05 20:40:51,203] {logging_mixin.py:109} INFO - [2022-01-05 20:40:51,203] {dagbag.py:500} INFO - Filling up the DagBag from /home/airflow/sandbox/lib/python3.8/site-packages/airflow/example_dags/example_branch_python_dop_operator_3.py
[2022-01-05 20:40:51,357] {processor.py:654} INFO - DAG(s) dict_keys(['example_branch_dop_operator_v3']) retrieved from /home/airflow/sandbox/lib/python3.8/site-packages/airflow/example_dags/example_branch_python_dop_operator_3.py
[2022-01-05 20:40:51,407] {logging_mixin.py:109} INFO - [2022-01-05 20:40:51,407] {dag.py:2396} INFO - Sync 1 DAGs
[2022-01-05 20:40:51,476] {logging_mixin.py:109} INFO - [2022-01-05 20:40:51,476] {dag.py:2935} INFO - Setting next_dagrun for example_branch_dop_operator_v3 to 2022-01-05T20:39:00+00:00
[2022-01-05 20:40:51,487] {processor.py:171} INFO - Processing /home/airflow/sandbox/lib/python3.8/site-packages/airflow/example_dags/example_branch_python_dop_operator_3.py took 0.307 seconds
[2022-01-05 20:41:21,754] {processor.py:163} INFO - Started process (PID=15316) to work on /home/airflow/sandbox/lib/python3.8/site-packages/airflow/example_dags/example_branch_python_dop_operator_3.py
[2022-01-05 20:41:21,755] {processor.py:642} INFO - Processing file /home/airflow/sandbox/lib/python3.8/site-packages/airflow/example_dags/example_branch_python_dop_operator_3.py for tasks to queue
[2022-01-05 20:41:21,756] {logging_mixin.py:109} INFO - [2022-01-05 20:41:21,756] {dagbag.py:500} INFO - Filling up the DagBag from /home/airflow/sandbox/lib/python3.8/site-packages/airflow/example_dags/example_branch_python_dop_operator_3.py
[2022-01-05 20:41:21,819] {processor.py:654} INFO - DAG(s) dict_keys(['example_branch_dop_operator_v3']) retrieved from /home/airflow/sandbox/lib/python3.8/site-packages/airflow/example_dags/example_branch_python_dop_operator_3.py
[2022-01-05 20:41:21,847] {logging_mixin.py:109} INFO - [2022-01-05 20:41:21,846] {dag.py:2396} INFO - Sync 1 DAGs
[2022-01-05 20:41:21,865] {logging_mixin.py:109} INFO - [2022-01-05 20:41:21,865] {dag.py:2935} INFO - Setting next_dagrun for example_branch_dop_operator_v3 to 2022-01-05T20:40:00+00:00
[2022-01-05 20:41:21,893] {processor.py:171} INFO - Processing /home/airflow/sandbox/lib/python3.8/site-packages/airflow/example_dags/example_branch_python_dop_operator_3.py took 0.142 seconds
[2022-01-05 20:41:52,573] {processor.py:163} INFO - Started process (PID=15551) to work on /home/airflow/sandbox/lib/python3.8/site-packages/airflow/example_dags/example_branch_python_dop_operator_3.py
[2022-01-05 20:41:52,577] {processor.py:642} INFO - Processing file /home/airflow/sandbox/lib/python3.8/site-packages/airflow/example_dags/example_branch_python_dop_operator_3.py for tasks to queue
[2022-01-05 20:41:52,603] {logging_mixin.py:109} INFO - [2022-01-05 20:41:52,603] {dagbag.py:500} INFO - Filling up the DagBag from /home/airflow/sandbox/lib/python3.8/site-packages/airflow/example_dags/example_branch_python_dop_operator_3.py
[2022-01-05 20:41:52,861] {processor.py:654} INFO - DAG(s) dict_keys(['example_branch_dop_operator_v3']) retrieved from /home/airflow/sandbox/lib/python3.8/site-packages/airflow/example_dags/example_branch_python_dop_operator_3.py
[2022-01-05 20:41:53,003] {logging_mixin.py:109} INFO - [2022-01-05 20:41:53,003] {dag.py:2396} INFO - Sync 1 DAGs
[2022-01-05 20:41:53,109] {logging_mixin.py:109} INFO - [2022-01-05 20:41:53,109] {dag.py:2935} INFO - Setting next_dagrun for example_branch_dop_operator_v3 to 2022-01-05T20:40:00+00:00
[2022-01-05 20:41:53,168] {processor.py:171} INFO - Processing /home/airflow/sandbox/lib/python3.8/site-packages/airflow/example_dags/example_branch_python_dop_operator_3.py took 0.643 seconds
[2022-01-05 20:42:23,362] {processor.py:163} INFO - Started process (PID=15792) to work on /home/airflow/sandbox/lib/python3.8/site-packages/airflow/example_dags/example_branch_python_dop_operator_3.py
[2022-01-05 20:42:23,365] {processor.py:642} INFO - Processing file /home/airflow/sandbox/lib/python3.8/site-packages/airflow/example_dags/example_branch_python_dop_operator_3.py for tasks to queue
[2022-01-05 20:42:23,367] {logging_mixin.py:109} INFO - [2022-01-05 20:42:23,367] {dagbag.py:500} INFO - Filling up the DagBag from /home/airflow/sandbox/lib/python3.8/site-packages/airflow/example_dags/example_branch_python_dop_operator_3.py
[2022-01-05 20:42:23,476] {processor.py:654} INFO - DAG(s) dict_keys(['example_branch_dop_operator_v3']) retrieved from /home/airflow/sandbox/lib/python3.8/site-packages/airflow/example_dags/example_branch_python_dop_operator_3.py
[2022-01-05 20:42:23,510] {logging_mixin.py:109} INFO - [2022-01-05 20:42:23,509] {dag.py:2396} INFO - Sync 1 DAGs
[2022-01-05 20:42:23,569] {logging_mixin.py:109} INFO - [2022-01-05 20:42:23,569] {dag.py:2935} INFO - Setting next_dagrun for example_branch_dop_operator_v3 to 2022-01-05T20:41:00+00:00
[2022-01-05 20:42:23,581] {processor.py:171} INFO - Processing /home/airflow/sandbox/lib/python3.8/site-packages/airflow/example_dags/example_branch_python_dop_operator_3.py took 0.249 seconds
[2022-01-05 20:42:54,060] {processor.py:163} INFO - Started process (PID=16037) to work on /home/airflow/sandbox/lib/python3.8/site-packages/airflow/example_dags/example_branch_python_dop_operator_3.py
[2022-01-05 20:42:54,061] {processor.py:642} INFO - Processing file /home/airflow/sandbox/lib/python3.8/site-packages/airflow/example_dags/example_branch_python_dop_operator_3.py for tasks to queue
[2022-01-05 20:42:54,061] {logging_mixin.py:109} INFO - [2022-01-05 20:42:54,061] {dagbag.py:500} INFO - Filling up the DagBag from /home/airflow/sandbox/lib/python3.8/site-packages/airflow/example_dags/example_branch_python_dop_operator_3.py
[2022-01-05 20:42:54,211] {processor.py:654} INFO - DAG(s) dict_keys(['example_branch_dop_operator_v3']) retrieved from /home/airflow/sandbox/lib/python3.8/site-packages/airflow/example_dags/example_branch_python_dop_operator_3.py
[2022-01-05 20:42:54,276] {logging_mixin.py:109} INFO - [2022-01-05 20:42:54,275] {dag.py:2396} INFO - Sync 1 DAGs
[2022-01-05 20:42:54,330] {logging_mixin.py:109} INFO - [2022-01-05 20:42:54,330] {dag.py:2935} INFO - Setting next_dagrun for example_branch_dop_operator_v3 to 2022-01-05T20:41:00+00:00
[2022-01-05 20:42:54,437] {processor.py:171} INFO - Processing /home/airflow/sandbox/lib/python3.8/site-packages/airflow/example_dags/example_branch_python_dop_operator_3.py took 0.381 seconds
[2022-01-05 20:43:25,814] {processor.py:163} INFO - Started process (PID=16353) to work on /home/airflow/sandbox/lib/python3.8/site-packages/airflow/example_dags/example_branch_python_dop_operator_3.py
[2022-01-05 20:43:25,815] {processor.py:642} INFO - Processing file /home/airflow/sandbox/lib/python3.8/site-packages/airflow/example_dags/example_branch_python_dop_operator_3.py for tasks to queue
[2022-01-05 20:43:25,816] {logging_mixin.py:109} INFO - [2022-01-05 20:43:25,816] {dagbag.py:500} INFO - Filling up the DagBag from /home/airflow/sandbox/lib/python3.8/site-packages/airflow/example_dags/example_branch_python_dop_operator_3.py
[2022-01-05 20:43:25,974] {processor.py:654} INFO - DAG(s) dict_keys(['example_branch_dop_operator_v3']) retrieved from /home/airflow/sandbox/lib/python3.8/site-packages/airflow/example_dags/example_branch_python_dop_operator_3.py
[2022-01-05 20:43:26,017] {logging_mixin.py:109} INFO - [2022-01-05 20:43:26,017] {dag.py:2396} INFO - Sync 1 DAGs
[2022-01-05 20:43:26,121] {logging_mixin.py:109} INFO - [2022-01-05 20:43:26,121] {dag.py:2935} INFO - Setting next_dagrun for example_branch_dop_operator_v3 to 2022-01-05T20:42:00+00:00
[2022-01-05 20:43:26,140] {processor.py:171} INFO - Processing /home/airflow/sandbox/lib/python3.8/site-packages/airflow/example_dags/example_branch_python_dop_operator_3.py took 0.355 seconds
[2022-01-05 20:43:56,979] {processor.py:163} INFO - Started process (PID=16602) to work on /home/airflow/sandbox/lib/python3.8/site-packages/airflow/example_dags/example_branch_python_dop_operator_3.py
[2022-01-05 20:43:56,984] {processor.py:642} INFO - Processing file /home/airflow/sandbox/lib/python3.8/site-packages/airflow/example_dags/example_branch_python_dop_operator_3.py for tasks to queue
[2022-01-05 20:43:56,986] {logging_mixin.py:109} INFO - [2022-01-05 20:43:56,986] {dagbag.py:500} INFO - Filling up the DagBag from /home/airflow/sandbox/lib/python3.8/site-packages/airflow/example_dags/example_branch_python_dop_operator_3.py
[2022-01-05 20:43:57,088] {processor.py:654} INFO - DAG(s) dict_keys(['example_branch_dop_operator_v3']) retrieved from /home/airflow/sandbox/lib/python3.8/site-packages/airflow/example_dags/example_branch_python_dop_operator_3.py
[2022-01-05 20:43:57,136] {logging_mixin.py:109} INFO - [2022-01-05 20:43:57,135] {dag.py:2396} INFO - Sync 1 DAGs
[2022-01-05 20:43:57,170] {logging_mixin.py:109} INFO - [2022-01-05 20:43:57,170] {dag.py:2935} INFO - Setting next_dagrun for example_branch_dop_operator_v3 to 2022-01-05T20:42:00+00:00
[2022-01-05 20:43:57,206] {processor.py:171} INFO - Processing /home/airflow/sandbox/lib/python3.8/site-packages/airflow/example_dags/example_branch_python_dop_operator_3.py took 0.230 seconds
[2022-01-05 20:44:27,582] {processor.py:163} INFO - Started process (PID=16843) to work on /home/airflow/sandbox/lib/python3.8/site-packages/airflow/example_dags/example_branch_python_dop_operator_3.py
[2022-01-05 20:44:27,583] {processor.py:642} INFO - Processing file /home/airflow/sandbox/lib/python3.8/site-packages/airflow/example_dags/example_branch_python_dop_operator_3.py for tasks to queue
[2022-01-05 20:44:27,586] {logging_mixin.py:109} INFO - [2022-01-05 20:44:27,586] {dagbag.py:500} INFO - Filling up the DagBag from /home/airflow/sandbox/lib/python3.8/site-packages/airflow/example_dags/example_branch_python_dop_operator_3.py
[2022-01-05 20:44:27,680] {processor.py:654} INFO - DAG(s) dict_keys(['example_branch_dop_operator_v3']) retrieved from /home/airflow/sandbox/lib/python3.8/site-packages/airflow/example_dags/example_branch_python_dop_operator_3.py
[2022-01-05 20:44:27,716] {logging_mixin.py:109} INFO - [2022-01-05 20:44:27,715] {dag.py:2396} INFO - Sync 1 DAGs
[2022-01-05 20:44:27,780] {logging_mixin.py:109} INFO - [2022-01-05 20:44:27,780] {dag.py:2935} INFO - Setting next_dagrun for example_branch_dop_operator_v3 to 2022-01-05T20:43:00+00:00
[2022-01-05 20:44:27,811] {processor.py:171} INFO - Processing /home/airflow/sandbox/lib/python3.8/site-packages/airflow/example_dags/example_branch_python_dop_operator_3.py took 0.231 seconds
[2022-01-05 20:44:58,123] {processor.py:163} INFO - Started process (PID=17090) to work on /home/airflow/sandbox/lib/python3.8/site-packages/airflow/example_dags/example_branch_python_dop_operator_3.py
[2022-01-05 20:44:58,129] {processor.py:642} INFO - Processing file /home/airflow/sandbox/lib/python3.8/site-packages/airflow/example_dags/example_branch_python_dop_operator_3.py for tasks to queue
[2022-01-05 20:44:58,133] {logging_mixin.py:109} INFO - [2022-01-05 20:44:58,133] {dagbag.py:500} INFO - Filling up the DagBag from /home/airflow/sandbox/lib/python3.8/site-packages/airflow/example_dags/example_branch_python_dop_operator_3.py
[2022-01-05 20:44:58,239] {processor.py:654} INFO - DAG(s) dict_keys(['example_branch_dop_operator_v3']) retrieved from /home/airflow/sandbox/lib/python3.8/site-packages/airflow/example_dags/example_branch_python_dop_operator_3.py
[2022-01-05 20:44:58,277] {logging_mixin.py:109} INFO - [2022-01-05 20:44:58,277] {dag.py:2396} INFO - Sync 1 DAGs
[2022-01-05 20:44:58,331] {logging_mixin.py:109} INFO - [2022-01-05 20:44:58,326] {dag.py:2935} INFO - Setting next_dagrun for example_branch_dop_operator_v3 to 2022-01-05T20:43:00+00:00
[2022-01-05 20:44:58,352] {processor.py:171} INFO - Processing /home/airflow/sandbox/lib/python3.8/site-packages/airflow/example_dags/example_branch_python_dop_operator_3.py took 0.232 seconds
[2022-01-05 20:45:28,502] {processor.py:163} INFO - Started process (PID=17334) to work on /home/airflow/sandbox/lib/python3.8/site-packages/airflow/example_dags/example_branch_python_dop_operator_3.py
[2022-01-05 20:45:28,511] {processor.py:642} INFO - Processing file /home/airflow/sandbox/lib/python3.8/site-packages/airflow/example_dags/example_branch_python_dop_operator_3.py for tasks to queue
[2022-01-05 20:45:28,514] {logging_mixin.py:109} INFO - [2022-01-05 20:45:28,514] {dagbag.py:500} INFO - Filling up the DagBag from /home/airflow/sandbox/lib/python3.8/site-packages/airflow/example_dags/example_branch_python_dop_operator_3.py
[2022-01-05 20:45:28,593] {processor.py:654} INFO - DAG(s) dict_keys(['example_branch_dop_operator_v3']) retrieved from /home/airflow/sandbox/lib/python3.8/site-packages/airflow/example_dags/example_branch_python_dop_operator_3.py
[2022-01-05 20:45:28,617] {logging_mixin.py:109} INFO - [2022-01-05 20:45:28,617] {dag.py:2396} INFO - Sync 1 DAGs
[2022-01-05 20:45:28,663] {logging_mixin.py:109} INFO - [2022-01-05 20:45:28,663] {dag.py:2935} INFO - Setting next_dagrun for example_branch_dop_operator_v3 to 2022-01-05T20:44:00+00:00
[2022-01-05 20:45:28,694] {processor.py:171} INFO - Processing /home/airflow/sandbox/lib/python3.8/site-packages/airflow/example_dags/example_branch_python_dop_operator_3.py took 0.200 seconds
[2022-01-05 20:45:59,410] {processor.py:163} INFO - Started process (PID=17583) to work on /home/airflow/sandbox/lib/python3.8/site-packages/airflow/example_dags/example_branch_python_dop_operator_3.py
[2022-01-05 20:45:59,411] {processor.py:642} INFO - Processing file /home/airflow/sandbox/lib/python3.8/site-packages/airflow/example_dags/example_branch_python_dop_operator_3.py for tasks to queue
[2022-01-05 20:45:59,411] {logging_mixin.py:109} INFO - [2022-01-05 20:45:59,411] {dagbag.py:500} INFO - Filling up the DagBag from /home/airflow/sandbox/lib/python3.8/site-packages/airflow/example_dags/example_branch_python_dop_operator_3.py
[2022-01-05 20:45:59,464] {processor.py:654} INFO - DAG(s) dict_keys(['example_branch_dop_operator_v3']) retrieved from /home/airflow/sandbox/lib/python3.8/site-packages/airflow/example_dags/example_branch_python_dop_operator_3.py
[2022-01-05 20:45:59,484] {logging_mixin.py:109} INFO - [2022-01-05 20:45:59,484] {dag.py:2396} INFO - Sync 1 DAGs
[2022-01-05 20:45:59,506] {logging_mixin.py:109} INFO - [2022-01-05 20:45:59,506] {dag.py:2935} INFO - Setting next_dagrun for example_branch_dop_operator_v3 to 2022-01-05T20:44:00+00:00
[2022-01-05 20:45:59,523] {processor.py:171} INFO - Processing /home/airflow/sandbox/lib/python3.8/site-packages/airflow/example_dags/example_branch_python_dop_operator_3.py took 0.115 seconds
[2022-01-05 20:46:29,803] {processor.py:163} INFO - Started process (PID=17830) to work on /home/airflow/sandbox/lib/python3.8/site-packages/airflow/example_dags/example_branch_python_dop_operator_3.py
[2022-01-05 20:46:29,804] {processor.py:642} INFO - Processing file /home/airflow/sandbox/lib/python3.8/site-packages/airflow/example_dags/example_branch_python_dop_operator_3.py for tasks to queue
[2022-01-05 20:46:29,806] {logging_mixin.py:109} INFO - [2022-01-05 20:46:29,806] {dagbag.py:500} INFO - Filling up the DagBag from /home/airflow/sandbox/lib/python3.8/site-packages/airflow/example_dags/example_branch_python_dop_operator_3.py
[2022-01-05 20:46:29,909] {processor.py:654} INFO - DAG(s) dict_keys(['example_branch_dop_operator_v3']) retrieved from /home/airflow/sandbox/lib/python3.8/site-packages/airflow/example_dags/example_branch_python_dop_operator_3.py
[2022-01-05 20:46:29,953] {logging_mixin.py:109} INFO - [2022-01-05 20:46:29,953] {dag.py:2396} INFO - Sync 1 DAGs
[2022-01-05 20:46:30,010] {logging_mixin.py:109} INFO - [2022-01-05 20:46:30,010] {dag.py:2935} INFO - Setting next_dagrun for example_branch_dop_operator_v3 to 2022-01-05T20:45:00+00:00
[2022-01-05 20:46:30,048] {processor.py:171} INFO - Processing /home/airflow/sandbox/lib/python3.8/site-packages/airflow/example_dags/example_branch_python_dop_operator_3.py took 0.259 seconds
[2022-01-05 20:47:00,806] {processor.py:163} INFO - Started process (PID=18071) to work on /home/airflow/sandbox/lib/python3.8/site-packages/airflow/example_dags/example_branch_python_dop_operator_3.py
[2022-01-05 20:47:00,808] {processor.py:642} INFO - Processing file /home/airflow/sandbox/lib/python3.8/site-packages/airflow/example_dags/example_branch_python_dop_operator_3.py for tasks to queue
[2022-01-05 20:47:00,813] {logging_mixin.py:109} INFO - [2022-01-05 20:47:00,812] {dagbag.py:500} INFO - Filling up the DagBag from /home/airflow/sandbox/lib/python3.8/site-packages/airflow/example_dags/example_branch_python_dop_operator_3.py
[2022-01-05 20:47:00,962] {processor.py:654} INFO - DAG(s) dict_keys(['example_branch_dop_operator_v3']) retrieved from /home/airflow/sandbox/lib/python3.8/site-packages/airflow/example_dags/example_branch_python_dop_operator_3.py
[2022-01-05 20:47:00,999] {logging_mixin.py:109} INFO - [2022-01-05 20:47:00,999] {dag.py:2396} INFO - Sync 1 DAGs
[2022-01-05 20:47:01,039] {logging_mixin.py:109} INFO - [2022-01-05 20:47:01,039] {dag.py:2935} INFO - Setting next_dagrun for example_branch_dop_operator_v3 to 2022-01-05T20:46:00+00:00
[2022-01-05 20:47:01,060] {processor.py:171} INFO - Processing /home/airflow/sandbox/lib/python3.8/site-packages/airflow/example_dags/example_branch_python_dop_operator_3.py took 0.290 seconds
[2022-01-05 20:47:31,688] {processor.py:163} INFO - Started process (PID=18318) to work on /home/airflow/sandbox/lib/python3.8/site-packages/airflow/example_dags/example_branch_python_dop_operator_3.py
[2022-01-05 20:47:31,691] {processor.py:642} INFO - Processing file /home/airflow/sandbox/lib/python3.8/site-packages/airflow/example_dags/example_branch_python_dop_operator_3.py for tasks to queue
[2022-01-05 20:47:31,694] {logging_mixin.py:109} INFO - [2022-01-05 20:47:31,694] {dagbag.py:500} INFO - Filling up the DagBag from /home/airflow/sandbox/lib/python3.8/site-packages/airflow/example_dags/example_branch_python_dop_operator_3.py
[2022-01-05 20:47:31,856] {processor.py:654} INFO - DAG(s) dict_keys(['example_branch_dop_operator_v3']) retrieved from /home/airflow/sandbox/lib/python3.8/site-packages/airflow/example_dags/example_branch_python_dop_operator_3.py
[2022-01-05 20:47:31,895] {logging_mixin.py:109} INFO - [2022-01-05 20:47:31,895] {dag.py:2396} INFO - Sync 1 DAGs
[2022-01-05 20:47:31,921] {logging_mixin.py:109} INFO - [2022-01-05 20:47:31,921] {dag.py:2935} INFO - Setting next_dagrun for example_branch_dop_operator_v3 to 2022-01-05T20:46:00+00:00
[2022-01-05 20:47:32,005] {processor.py:171} INFO - Processing /home/airflow/sandbox/lib/python3.8/site-packages/airflow/example_dags/example_branch_python_dop_operator_3.py took 0.350 seconds
[2022-01-05 20:48:02,430] {processor.py:163} INFO - Started process (PID=18565) to work on /home/airflow/sandbox/lib/python3.8/site-packages/airflow/example_dags/example_branch_python_dop_operator_3.py
[2022-01-05 20:48:02,433] {processor.py:642} INFO - Processing file /home/airflow/sandbox/lib/python3.8/site-packages/airflow/example_dags/example_branch_python_dop_operator_3.py for tasks to queue
[2022-01-05 20:48:02,437] {logging_mixin.py:109} INFO - [2022-01-05 20:48:02,437] {dagbag.py:500} INFO - Filling up the DagBag from /home/airflow/sandbox/lib/python3.8/site-packages/airflow/example_dags/example_branch_python_dop_operator_3.py
[2022-01-05 20:48:02,490] {processor.py:654} INFO - DAG(s) dict_keys(['example_branch_dop_operator_v3']) retrieved from /home/airflow/sandbox/lib/python3.8/site-packages/airflow/example_dags/example_branch_python_dop_operator_3.py
[2022-01-05 20:48:02,509] {logging_mixin.py:109} INFO - [2022-01-05 20:48:02,509] {dag.py:2396} INFO - Sync 1 DAGs
[2022-01-05 20:48:02,543] {logging_mixin.py:109} INFO - [2022-01-05 20:48:02,543] {dag.py:2935} INFO - Setting next_dagrun for example_branch_dop_operator_v3 to 2022-01-05T20:47:00+00:00
[2022-01-05 20:48:02,562] {processor.py:171} INFO - Processing /home/airflow/sandbox/lib/python3.8/site-packages/airflow/example_dags/example_branch_python_dop_operator_3.py took 0.134 seconds
[2022-01-05 20:48:33,519] {processor.py:163} INFO - Started process (PID=18870) to work on /home/airflow/sandbox/lib/python3.8/site-packages/airflow/example_dags/example_branch_python_dop_operator_3.py
[2022-01-05 20:48:33,520] {processor.py:642} INFO - Processing file /home/airflow/sandbox/lib/python3.8/site-packages/airflow/example_dags/example_branch_python_dop_operator_3.py for tasks to queue
[2022-01-05 20:48:33,520] {logging_mixin.py:109} INFO - [2022-01-05 20:48:33,520] {dagbag.py:500} INFO - Filling up the DagBag from /home/airflow/sandbox/lib/python3.8/site-packages/airflow/example_dags/example_branch_python_dop_operator_3.py
[2022-01-05 20:48:33,679] {processor.py:654} INFO - DAG(s) dict_keys(['example_branch_dop_operator_v3']) retrieved from /home/airflow/sandbox/lib/python3.8/site-packages/airflow/example_dags/example_branch_python_dop_operator_3.py
[2022-01-05 20:48:33,817] {logging_mixin.py:109} INFO - [2022-01-05 20:48:33,817] {dag.py:2396} INFO - Sync 1 DAGs
[2022-01-05 20:48:33,966] {logging_mixin.py:109} INFO - [2022-01-05 20:48:33,966] {dag.py:2935} INFO - Setting next_dagrun for example_branch_dop_operator_v3 to 2022-01-05T20:47:00+00:00
[2022-01-05 20:48:34,179] {processor.py:171} INFO - Processing /home/airflow/sandbox/lib/python3.8/site-packages/airflow/example_dags/example_branch_python_dop_operator_3.py took 0.666 seconds
[2022-01-05 20:49:04,746] {processor.py:163} INFO - Started process (PID=19119) to work on /home/airflow/sandbox/lib/python3.8/site-packages/airflow/example_dags/example_branch_python_dop_operator_3.py
[2022-01-05 20:49:04,748] {processor.py:642} INFO - Processing file /home/airflow/sandbox/lib/python3.8/site-packages/airflow/example_dags/example_branch_python_dop_operator_3.py for tasks to queue
[2022-01-05 20:49:04,750] {logging_mixin.py:109} INFO - [2022-01-05 20:49:04,749] {dagbag.py:500} INFO - Filling up the DagBag from /home/airflow/sandbox/lib/python3.8/site-packages/airflow/example_dags/example_branch_python_dop_operator_3.py
[2022-01-05 20:49:04,861] {processor.py:654} INFO - DAG(s) dict_keys(['example_branch_dop_operator_v3']) retrieved from /home/airflow/sandbox/lib/python3.8/site-packages/airflow/example_dags/example_branch_python_dop_operator_3.py
[2022-01-05 20:49:04,904] {logging_mixin.py:109} INFO - [2022-01-05 20:49:04,903] {dag.py:2396} INFO - Sync 1 DAGs
[2022-01-05 20:49:05,014] {logging_mixin.py:109} INFO - [2022-01-05 20:49:05,014] {dag.py:2935} INFO - Setting next_dagrun for example_branch_dop_operator_v3 to 2022-01-05T20:48:00+00:00
[2022-01-05 20:49:05,193] {processor.py:171} INFO - Processing /home/airflow/sandbox/lib/python3.8/site-packages/airflow/example_dags/example_branch_python_dop_operator_3.py took 0.450 seconds
[2022-01-05 20:49:36,304] {processor.py:163} INFO - Started process (PID=19366) to work on /home/airflow/sandbox/lib/python3.8/site-packages/airflow/example_dags/example_branch_python_dop_operator_3.py
[2022-01-05 20:49:36,305] {processor.py:642} INFO - Processing file /home/airflow/sandbox/lib/python3.8/site-packages/airflow/example_dags/example_branch_python_dop_operator_3.py for tasks to queue
[2022-01-05 20:49:36,306] {logging_mixin.py:109} INFO - [2022-01-05 20:49:36,305] {dagbag.py:500} INFO - Filling up the DagBag from /home/airflow/sandbox/lib/python3.8/site-packages/airflow/example_dags/example_branch_python_dop_operator_3.py
[2022-01-05 20:49:36,475] {processor.py:654} INFO - DAG(s) dict_keys(['example_branch_dop_operator_v3']) retrieved from /home/airflow/sandbox/lib/python3.8/site-packages/airflow/example_dags/example_branch_python_dop_operator_3.py
[2022-01-05 20:49:36,544] {logging_mixin.py:109} INFO - [2022-01-05 20:49:36,544] {dag.py:2396} INFO - Sync 1 DAGs
[2022-01-05 20:49:36,655] {logging_mixin.py:109} INFO - [2022-01-05 20:49:36,655] {dag.py:2935} INFO - Setting next_dagrun for example_branch_dop_operator_v3 to 2022-01-05T20:48:00+00:00
[2022-01-05 20:49:36,755] {processor.py:171} INFO - Processing /home/airflow/sandbox/lib/python3.8/site-packages/airflow/example_dags/example_branch_python_dop_operator_3.py took 0.457 seconds
[2022-01-05 20:50:06,947] {processor.py:163} INFO - Started process (PID=19607) to work on /home/airflow/sandbox/lib/python3.8/site-packages/airflow/example_dags/example_branch_python_dop_operator_3.py
[2022-01-05 20:50:06,971] {processor.py:642} INFO - Processing file /home/airflow/sandbox/lib/python3.8/site-packages/airflow/example_dags/example_branch_python_dop_operator_3.py for tasks to queue
[2022-01-05 20:50:06,973] {logging_mixin.py:109} INFO - [2022-01-05 20:50:06,973] {dagbag.py:500} INFO - Filling up the DagBag from /home/airflow/sandbox/lib/python3.8/site-packages/airflow/example_dags/example_branch_python_dop_operator_3.py
[2022-01-05 20:50:07,176] {processor.py:654} INFO - DAG(s) dict_keys(['example_branch_dop_operator_v3']) retrieved from /home/airflow/sandbox/lib/python3.8/site-packages/airflow/example_dags/example_branch_python_dop_operator_3.py
[2022-01-05 20:50:07,236] {logging_mixin.py:109} INFO - [2022-01-05 20:50:07,236] {dag.py:2396} INFO - Sync 1 DAGs
[2022-01-05 20:50:07,315] {logging_mixin.py:109} INFO - [2022-01-05 20:50:07,314] {dag.py:2935} INFO - Setting next_dagrun for example_branch_dop_operator_v3 to 2022-01-05T20:49:00+00:00
[2022-01-05 20:50:07,331] {processor.py:171} INFO - Processing /home/airflow/sandbox/lib/python3.8/site-packages/airflow/example_dags/example_branch_python_dop_operator_3.py took 0.391 seconds
[2022-01-05 20:50:37,389] {processor.py:163} INFO - Started process (PID=19851) to work on /home/airflow/sandbox/lib/python3.8/site-packages/airflow/example_dags/example_branch_python_dop_operator_3.py
[2022-01-05 20:50:37,406] {processor.py:642} INFO - Processing file /home/airflow/sandbox/lib/python3.8/site-packages/airflow/example_dags/example_branch_python_dop_operator_3.py for tasks to queue
[2022-01-05 20:50:37,407] {logging_mixin.py:109} INFO - [2022-01-05 20:50:37,407] {dagbag.py:500} INFO - Filling up the DagBag from /home/airflow/sandbox/lib/python3.8/site-packages/airflow/example_dags/example_branch_python_dop_operator_3.py
[2022-01-05 20:50:37,505] {processor.py:654} INFO - DAG(s) dict_keys(['example_branch_dop_operator_v3']) retrieved from /home/airflow/sandbox/lib/python3.8/site-packages/airflow/example_dags/example_branch_python_dop_operator_3.py
[2022-01-05 20:50:37,529] {logging_mixin.py:109} INFO - [2022-01-05 20:50:37,529] {dag.py:2396} INFO - Sync 1 DAGs
[2022-01-05 20:50:37,568] {logging_mixin.py:109} INFO - [2022-01-05 20:50:37,567] {dag.py:2935} INFO - Setting next_dagrun for example_branch_dop_operator_v3 to 2022-01-05T20:49:00+00:00
[2022-01-05 20:50:37,579] {processor.py:171} INFO - Processing /home/airflow/sandbox/lib/python3.8/site-packages/airflow/example_dags/example_branch_python_dop_operator_3.py took 0.195 seconds
[2022-01-05 20:51:07,830] {processor.py:163} INFO - Started process (PID=20090) to work on /home/airflow/sandbox/lib/python3.8/site-packages/airflow/example_dags/example_branch_python_dop_operator_3.py
[2022-01-05 20:51:07,859] {processor.py:642} INFO - Processing file /home/airflow/sandbox/lib/python3.8/site-packages/airflow/example_dags/example_branch_python_dop_operator_3.py for tasks to queue
[2022-01-05 20:51:07,870] {logging_mixin.py:109} INFO - [2022-01-05 20:51:07,861] {dagbag.py:500} INFO - Filling up the DagBag from /home/airflow/sandbox/lib/python3.8/site-packages/airflow/example_dags/example_branch_python_dop_operator_3.py
[2022-01-05 20:51:08,025] {processor.py:654} INFO - DAG(s) dict_keys(['example_branch_dop_operator_v3']) retrieved from /home/airflow/sandbox/lib/python3.8/site-packages/airflow/example_dags/example_branch_python_dop_operator_3.py
[2022-01-05 20:51:08,047] {logging_mixin.py:109} INFO - [2022-01-05 20:51:08,035] {dag.py:2396} INFO - Sync 1 DAGs
[2022-01-05 20:51:08,074] {logging_mixin.py:109} INFO - [2022-01-05 20:51:08,073] {dag.py:2935} INFO - Setting next_dagrun for example_branch_dop_operator_v3 to 2022-01-05T20:50:00+00:00
[2022-01-05 20:51:08,105] {processor.py:171} INFO - Processing /home/airflow/sandbox/lib/python3.8/site-packages/airflow/example_dags/example_branch_python_dop_operator_3.py took 0.288 seconds
[2022-01-05 20:51:38,194] {processor.py:163} INFO - Started process (PID=20336) to work on /home/airflow/sandbox/lib/python3.8/site-packages/airflow/example_dags/example_branch_python_dop_operator_3.py
[2022-01-05 20:51:38,196] {processor.py:642} INFO - Processing file /home/airflow/sandbox/lib/python3.8/site-packages/airflow/example_dags/example_branch_python_dop_operator_3.py for tasks to queue
[2022-01-05 20:51:38,197] {logging_mixin.py:109} INFO - [2022-01-05 20:51:38,196] {dagbag.py:500} INFO - Filling up the DagBag from /home/airflow/sandbox/lib/python3.8/site-packages/airflow/example_dags/example_branch_python_dop_operator_3.py
[2022-01-05 20:51:38,367] {processor.py:654} INFO - DAG(s) dict_keys(['example_branch_dop_operator_v3']) retrieved from /home/airflow/sandbox/lib/python3.8/site-packages/airflow/example_dags/example_branch_python_dop_operator_3.py
[2022-01-05 20:51:38,408] {logging_mixin.py:109} INFO - [2022-01-05 20:51:38,408] {dag.py:2396} INFO - Sync 1 DAGs
[2022-01-05 20:51:38,501] {logging_mixin.py:109} INFO - [2022-01-05 20:51:38,501] {dag.py:2935} INFO - Setting next_dagrun for example_branch_dop_operator_v3 to 2022-01-05T20:50:00+00:00
[2022-01-05 20:51:38,554] {processor.py:171} INFO - Processing /home/airflow/sandbox/lib/python3.8/site-packages/airflow/example_dags/example_branch_python_dop_operator_3.py took 0.377 seconds
[2022-01-05 20:52:09,138] {processor.py:163} INFO - Started process (PID=20585) to work on /home/airflow/sandbox/lib/python3.8/site-packages/airflow/example_dags/example_branch_python_dop_operator_3.py
[2022-01-05 20:52:09,139] {processor.py:642} INFO - Processing file /home/airflow/sandbox/lib/python3.8/site-packages/airflow/example_dags/example_branch_python_dop_operator_3.py for tasks to queue
[2022-01-05 20:52:09,140] {logging_mixin.py:109} INFO - [2022-01-05 20:52:09,140] {dagbag.py:500} INFO - Filling up the DagBag from /home/airflow/sandbox/lib/python3.8/site-packages/airflow/example_dags/example_branch_python_dop_operator_3.py
[2022-01-05 20:52:09,221] {processor.py:654} INFO - DAG(s) dict_keys(['example_branch_dop_operator_v3']) retrieved from /home/airflow/sandbox/lib/python3.8/site-packages/airflow/example_dags/example_branch_python_dop_operator_3.py
[2022-01-05 20:52:09,247] {logging_mixin.py:109} INFO - [2022-01-05 20:52:09,246] {dag.py:2396} INFO - Sync 1 DAGs
[2022-01-05 20:52:09,291] {logging_mixin.py:109} INFO - [2022-01-05 20:52:09,290] {dag.py:2935} INFO - Setting next_dagrun for example_branch_dop_operator_v3 to 2022-01-05T20:51:00+00:00
[2022-01-05 20:52:09,310] {processor.py:171} INFO - Processing /home/airflow/sandbox/lib/python3.8/site-packages/airflow/example_dags/example_branch_python_dop_operator_3.py took 0.200 seconds
[2022-01-05 20:52:39,696] {processor.py:163} INFO - Started process (PID=20832) to work on /home/airflow/sandbox/lib/python3.8/site-packages/airflow/example_dags/example_branch_python_dop_operator_3.py
[2022-01-05 20:52:39,698] {processor.py:642} INFO - Processing file /home/airflow/sandbox/lib/python3.8/site-packages/airflow/example_dags/example_branch_python_dop_operator_3.py for tasks to queue
[2022-01-05 20:52:39,700] {logging_mixin.py:109} INFO - [2022-01-05 20:52:39,699] {dagbag.py:500} INFO - Filling up the DagBag from /home/airflow/sandbox/lib/python3.8/site-packages/airflow/example_dags/example_branch_python_dop_operator_3.py
[2022-01-05 20:52:39,767] {processor.py:654} INFO - DAG(s) dict_keys(['example_branch_dop_operator_v3']) retrieved from /home/airflow/sandbox/lib/python3.8/site-packages/airflow/example_dags/example_branch_python_dop_operator_3.py
[2022-01-05 20:52:39,794] {logging_mixin.py:109} INFO - [2022-01-05 20:52:39,794] {dag.py:2396} INFO - Sync 1 DAGs
[2022-01-05 20:52:39,864] {logging_mixin.py:109} INFO - [2022-01-05 20:52:39,863] {dag.py:2935} INFO - Setting next_dagrun for example_branch_dop_operator_v3 to 2022-01-05T20:51:00+00:00
[2022-01-05 20:52:39,887] {processor.py:171} INFO - Processing /home/airflow/sandbox/lib/python3.8/site-packages/airflow/example_dags/example_branch_python_dop_operator_3.py took 0.195 seconds
[2022-01-05 20:53:10,156] {processor.py:163} INFO - Started process (PID=21073) to work on /home/airflow/sandbox/lib/python3.8/site-packages/airflow/example_dags/example_branch_python_dop_operator_3.py
[2022-01-05 20:53:10,158] {processor.py:642} INFO - Processing file /home/airflow/sandbox/lib/python3.8/site-packages/airflow/example_dags/example_branch_python_dop_operator_3.py for tasks to queue
[2022-01-05 20:53:10,159] {logging_mixin.py:109} INFO - [2022-01-05 20:53:10,159] {dagbag.py:500} INFO - Filling up the DagBag from /home/airflow/sandbox/lib/python3.8/site-packages/airflow/example_dags/example_branch_python_dop_operator_3.py
[2022-01-05 20:53:10,243] {processor.py:654} INFO - DAG(s) dict_keys(['example_branch_dop_operator_v3']) retrieved from /home/airflow/sandbox/lib/python3.8/site-packages/airflow/example_dags/example_branch_python_dop_operator_3.py
[2022-01-05 20:53:10,255] {logging_mixin.py:109} INFO - [2022-01-05 20:53:10,255] {dag.py:2396} INFO - Sync 1 DAGs
[2022-01-05 20:53:10,300] {logging_mixin.py:109} INFO - [2022-01-05 20:53:10,299] {dag.py:2935} INFO - Setting next_dagrun for example_branch_dop_operator_v3 to 2022-01-05T20:52:00+00:00
[2022-01-05 20:53:10,333] {processor.py:171} INFO - Processing /home/airflow/sandbox/lib/python3.8/site-packages/airflow/example_dags/example_branch_python_dop_operator_3.py took 0.188 seconds
[2022-01-05 20:53:40,682] {processor.py:163} INFO - Started process (PID=21389) to work on /home/airflow/sandbox/lib/python3.8/site-packages/airflow/example_dags/example_branch_python_dop_operator_3.py
[2022-01-05 20:53:40,689] {processor.py:642} INFO - Processing file /home/airflow/sandbox/lib/python3.8/site-packages/airflow/example_dags/example_branch_python_dop_operator_3.py for tasks to queue
[2022-01-05 20:53:40,690] {logging_mixin.py:109} INFO - [2022-01-05 20:53:40,690] {dagbag.py:500} INFO - Filling up the DagBag from /home/airflow/sandbox/lib/python3.8/site-packages/airflow/example_dags/example_branch_python_dop_operator_3.py
[2022-01-05 20:53:40,801] {processor.py:654} INFO - DAG(s) dict_keys(['example_branch_dop_operator_v3']) retrieved from /home/airflow/sandbox/lib/python3.8/site-packages/airflow/example_dags/example_branch_python_dop_operator_3.py
[2022-01-05 20:53:40,811] {logging_mixin.py:109} INFO - [2022-01-05 20:53:40,811] {dag.py:2396} INFO - Sync 1 DAGs
[2022-01-05 20:53:40,862] {logging_mixin.py:109} INFO - [2022-01-05 20:53:40,862] {dag.py:2935} INFO - Setting next_dagrun for example_branch_dop_operator_v3 to 2022-01-05T20:52:00+00:00
[2022-01-05 20:53:40,888] {processor.py:171} INFO - Processing /home/airflow/sandbox/lib/python3.8/site-packages/airflow/example_dags/example_branch_python_dop_operator_3.py took 0.209 seconds
[2022-01-05 20:54:11,627] {processor.py:163} INFO - Started process (PID=21636) to work on /home/airflow/sandbox/lib/python3.8/site-packages/airflow/example_dags/example_branch_python_dop_operator_3.py
[2022-01-05 20:54:11,629] {processor.py:642} INFO - Processing file /home/airflow/sandbox/lib/python3.8/site-packages/airflow/example_dags/example_branch_python_dop_operator_3.py for tasks to queue
[2022-01-05 20:54:11,630] {logging_mixin.py:109} INFO - [2022-01-05 20:54:11,630] {dagbag.py:500} INFO - Filling up the DagBag from /home/airflow/sandbox/lib/python3.8/site-packages/airflow/example_dags/example_branch_python_dop_operator_3.py
[2022-01-05 20:54:11,692] {processor.py:654} INFO - DAG(s) dict_keys(['example_branch_dop_operator_v3']) retrieved from /home/airflow/sandbox/lib/python3.8/site-packages/airflow/example_dags/example_branch_python_dop_operator_3.py
[2022-01-05 20:54:11,702] {logging_mixin.py:109} INFO - [2022-01-05 20:54:11,702] {dag.py:2396} INFO - Sync 1 DAGs
[2022-01-05 20:54:11,746] {logging_mixin.py:109} INFO - [2022-01-05 20:54:11,746] {dag.py:2935} INFO - Setting next_dagrun for example_branch_dop_operator_v3 to 2022-01-05T20:53:00+00:00
[2022-01-05 20:54:11,755] {processor.py:171} INFO - Processing /home/airflow/sandbox/lib/python3.8/site-packages/airflow/example_dags/example_branch_python_dop_operator_3.py took 0.152 seconds
[2022-01-05 20:54:42,201] {processor.py:163} INFO - Started process (PID=21883) to work on /home/airflow/sandbox/lib/python3.8/site-packages/airflow/example_dags/example_branch_python_dop_operator_3.py
[2022-01-05 20:54:42,204] {processor.py:642} INFO - Processing file /home/airflow/sandbox/lib/python3.8/site-packages/airflow/example_dags/example_branch_python_dop_operator_3.py for tasks to queue
[2022-01-05 20:54:42,240] {logging_mixin.py:109} INFO - [2022-01-05 20:54:42,234] {dagbag.py:500} INFO - Filling up the DagBag from /home/airflow/sandbox/lib/python3.8/site-packages/airflow/example_dags/example_branch_python_dop_operator_3.py
[2022-01-05 20:54:42,334] {processor.py:654} INFO - DAG(s) dict_keys(['example_branch_dop_operator_v3']) retrieved from /home/airflow/sandbox/lib/python3.8/site-packages/airflow/example_dags/example_branch_python_dop_operator_3.py
[2022-01-05 20:54:42,391] {logging_mixin.py:109} INFO - [2022-01-05 20:54:42,391] {dag.py:2396} INFO - Sync 1 DAGs
[2022-01-05 20:54:42,440] {logging_mixin.py:109} INFO - [2022-01-05 20:54:42,440] {dag.py:2935} INFO - Setting next_dagrun for example_branch_dop_operator_v3 to 2022-01-05T20:53:00+00:00
[2022-01-05 20:54:42,455] {processor.py:171} INFO - Processing /home/airflow/sandbox/lib/python3.8/site-packages/airflow/example_dags/example_branch_python_dop_operator_3.py took 0.261 seconds
[2022-01-05 20:55:14,397] {processor.py:163} INFO - Started process (PID=22134) to work on /home/airflow/sandbox/lib/python3.8/site-packages/airflow/example_dags/example_branch_python_dop_operator_3.py
[2022-01-05 20:55:14,400] {processor.py:642} INFO - Processing file /home/airflow/sandbox/lib/python3.8/site-packages/airflow/example_dags/example_branch_python_dop_operator_3.py for tasks to queue
[2022-01-05 20:55:14,400] {logging_mixin.py:109} INFO - [2022-01-05 20:55:14,400] {dagbag.py:500} INFO - Filling up the DagBag from /home/airflow/sandbox/lib/python3.8/site-packages/airflow/example_dags/example_branch_python_dop_operator_3.py
[2022-01-05 20:55:14,699] {processor.py:654} INFO - DAG(s) dict_keys(['example_branch_dop_operator_v3']) retrieved from /home/airflow/sandbox/lib/python3.8/site-packages/airflow/example_dags/example_branch_python_dop_operator_3.py
[2022-01-05 20:55:14,740] {logging_mixin.py:109} INFO - [2022-01-05 20:55:14,740] {dag.py:2396} INFO - Sync 1 DAGs
[2022-01-05 20:55:14,804] {logging_mixin.py:109} INFO - [2022-01-05 20:55:14,804] {dag.py:2935} INFO - Setting next_dagrun for example_branch_dop_operator_v3 to 2022-01-05T20:54:00+00:00
[2022-01-05 20:55:14,948] {processor.py:171} INFO - Processing /home/airflow/sandbox/lib/python3.8/site-packages/airflow/example_dags/example_branch_python_dop_operator_3.py took 0.643 seconds
[2022-01-05 20:55:45,393] {processor.py:163} INFO - Started process (PID=22376) to work on /home/airflow/sandbox/lib/python3.8/site-packages/airflow/example_dags/example_branch_python_dop_operator_3.py
[2022-01-05 20:55:45,394] {processor.py:642} INFO - Processing file /home/airflow/sandbox/lib/python3.8/site-packages/airflow/example_dags/example_branch_python_dop_operator_3.py for tasks to queue
[2022-01-05 20:55:45,396] {logging_mixin.py:109} INFO - [2022-01-05 20:55:45,396] {dagbag.py:500} INFO - Filling up the DagBag from /home/airflow/sandbox/lib/python3.8/site-packages/airflow/example_dags/example_branch_python_dop_operator_3.py
[2022-01-05 20:55:45,699] {processor.py:654} INFO - DAG(s) dict_keys(['example_branch_dop_operator_v3']) retrieved from /home/airflow/sandbox/lib/python3.8/site-packages/airflow/example_dags/example_branch_python_dop_operator_3.py
[2022-01-05 20:55:45,746] {logging_mixin.py:109} INFO - [2022-01-05 20:55:45,746] {dag.py:2396} INFO - Sync 1 DAGs
[2022-01-05 20:55:45,853] {logging_mixin.py:109} INFO - [2022-01-05 20:55:45,853] {dag.py:2935} INFO - Setting next_dagrun for example_branch_dop_operator_v3 to 2022-01-05T20:54:00+00:00
[2022-01-05 20:55:46,085] {processor.py:171} INFO - Processing /home/airflow/sandbox/lib/python3.8/site-packages/airflow/example_dags/example_branch_python_dop_operator_3.py took 0.695 seconds
[2022-01-05 20:56:16,588] {processor.py:163} INFO - Started process (PID=22619) to work on /home/airflow/sandbox/lib/python3.8/site-packages/airflow/example_dags/example_branch_python_dop_operator_3.py
[2022-01-05 20:56:16,589] {processor.py:642} INFO - Processing file /home/airflow/sandbox/lib/python3.8/site-packages/airflow/example_dags/example_branch_python_dop_operator_3.py for tasks to queue
[2022-01-05 20:56:16,590] {logging_mixin.py:109} INFO - [2022-01-05 20:56:16,590] {dagbag.py:500} INFO - Filling up the DagBag from /home/airflow/sandbox/lib/python3.8/site-packages/airflow/example_dags/example_branch_python_dop_operator_3.py
[2022-01-05 20:56:16,734] {processor.py:654} INFO - DAG(s) dict_keys(['example_branch_dop_operator_v3']) retrieved from /home/airflow/sandbox/lib/python3.8/site-packages/airflow/example_dags/example_branch_python_dop_operator_3.py
[2022-01-05 20:56:16,752] {logging_mixin.py:109} INFO - [2022-01-05 20:56:16,751] {dag.py:2396} INFO - Sync 1 DAGs
[2022-01-05 20:56:16,883] {logging_mixin.py:109} INFO - [2022-01-05 20:56:16,883] {dag.py:2935} INFO - Setting next_dagrun for example_branch_dop_operator_v3 to 2022-01-05T20:55:00+00:00
[2022-01-05 20:56:16,896] {processor.py:171} INFO - Processing /home/airflow/sandbox/lib/python3.8/site-packages/airflow/example_dags/example_branch_python_dop_operator_3.py took 0.316 seconds
[2022-01-05 20:56:48,201] {processor.py:163} INFO - Started process (PID=22855) to work on /home/airflow/sandbox/lib/python3.8/site-packages/airflow/example_dags/example_branch_python_dop_operator_3.py
[2022-01-05 20:56:48,243] {processor.py:642} INFO - Processing file /home/airflow/sandbox/lib/python3.8/site-packages/airflow/example_dags/example_branch_python_dop_operator_3.py for tasks to queue
[2022-01-05 20:56:48,247] {logging_mixin.py:109} INFO - [2022-01-05 20:56:48,247] {dagbag.py:500} INFO - Filling up the DagBag from /home/airflow/sandbox/lib/python3.8/site-packages/airflow/example_dags/example_branch_python_dop_operator_3.py
[2022-01-05 20:56:48,544] {processor.py:654} INFO - DAG(s) dict_keys(['example_branch_dop_operator_v3']) retrieved from /home/airflow/sandbox/lib/python3.8/site-packages/airflow/example_dags/example_branch_python_dop_operator_3.py
[2022-01-05 20:56:48,685] {logging_mixin.py:109} INFO - [2022-01-05 20:56:48,685] {dag.py:2396} INFO - Sync 1 DAGs
[2022-01-05 20:56:48,803] {logging_mixin.py:109} INFO - [2022-01-05 20:56:48,802] {dag.py:2935} INFO - Setting next_dagrun for example_branch_dop_operator_v3 to 2022-01-05T20:55:00+00:00
[2022-01-05 20:56:48,897] {processor.py:171} INFO - Processing /home/airflow/sandbox/lib/python3.8/site-packages/airflow/example_dags/example_branch_python_dop_operator_3.py took 0.701 seconds
[2022-01-05 20:57:19,840] {processor.py:163} INFO - Started process (PID=23099) to work on /home/airflow/sandbox/lib/python3.8/site-packages/airflow/example_dags/example_branch_python_dop_operator_3.py
[2022-01-05 20:57:19,845] {processor.py:642} INFO - Processing file /home/airflow/sandbox/lib/python3.8/site-packages/airflow/example_dags/example_branch_python_dop_operator_3.py for tasks to queue
[2022-01-05 20:57:19,853] {logging_mixin.py:109} INFO - [2022-01-05 20:57:19,852] {dagbag.py:500} INFO - Filling up the DagBag from /home/airflow/sandbox/lib/python3.8/site-packages/airflow/example_dags/example_branch_python_dop_operator_3.py
[2022-01-05 20:57:20,094] {processor.py:654} INFO - DAG(s) dict_keys(['example_branch_dop_operator_v3']) retrieved from /home/airflow/sandbox/lib/python3.8/site-packages/airflow/example_dags/example_branch_python_dop_operator_3.py
[2022-01-05 20:57:20,389] {logging_mixin.py:109} INFO - [2022-01-05 20:57:20,304] {dag.py:2396} INFO - Sync 1 DAGs
[2022-01-05 20:57:20,453] {logging_mixin.py:109} INFO - [2022-01-05 20:57:20,453] {dag.py:2935} INFO - Setting next_dagrun for example_branch_dop_operator_v3 to 2022-01-05T20:56:00+00:00
[2022-01-05 20:57:20,503] {processor.py:171} INFO - Processing /home/airflow/sandbox/lib/python3.8/site-packages/airflow/example_dags/example_branch_python_dop_operator_3.py took 0.671 seconds
[2022-01-05 20:57:51,801] {processor.py:163} INFO - Started process (PID=23347) to work on /home/airflow/sandbox/lib/python3.8/site-packages/airflow/example_dags/example_branch_python_dop_operator_3.py
[2022-01-05 20:57:51,830] {processor.py:642} INFO - Processing file /home/airflow/sandbox/lib/python3.8/site-packages/airflow/example_dags/example_branch_python_dop_operator_3.py for tasks to queue
[2022-01-05 20:57:51,832] {logging_mixin.py:109} INFO - [2022-01-05 20:57:51,831] {dagbag.py:500} INFO - Filling up the DagBag from /home/airflow/sandbox/lib/python3.8/site-packages/airflow/example_dags/example_branch_python_dop_operator_3.py
[2022-01-05 20:57:52,129] {processor.py:654} INFO - DAG(s) dict_keys(['example_branch_dop_operator_v3']) retrieved from /home/airflow/sandbox/lib/python3.8/site-packages/airflow/example_dags/example_branch_python_dop_operator_3.py
[2022-01-05 20:57:52,142] {logging_mixin.py:109} INFO - [2022-01-05 20:57:52,142] {dag.py:2396} INFO - Sync 1 DAGs
[2022-01-05 20:57:52,331] {logging_mixin.py:109} INFO - [2022-01-05 20:57:52,331] {dag.py:2935} INFO - Setting next_dagrun for example_branch_dop_operator_v3 to 2022-01-05T20:56:00+00:00
[2022-01-05 20:57:52,351] {processor.py:171} INFO - Processing /home/airflow/sandbox/lib/python3.8/site-packages/airflow/example_dags/example_branch_python_dop_operator_3.py took 0.556 seconds
[2022-01-05 20:58:23,500] {processor.py:163} INFO - Started process (PID=23657) to work on /home/airflow/sandbox/lib/python3.8/site-packages/airflow/example_dags/example_branch_python_dop_operator_3.py
[2022-01-05 20:58:23,501] {processor.py:642} INFO - Processing file /home/airflow/sandbox/lib/python3.8/site-packages/airflow/example_dags/example_branch_python_dop_operator_3.py for tasks to queue
[2022-01-05 20:58:23,503] {logging_mixin.py:109} INFO - [2022-01-05 20:58:23,502] {dagbag.py:500} INFO - Filling up the DagBag from /home/airflow/sandbox/lib/python3.8/site-packages/airflow/example_dags/example_branch_python_dop_operator_3.py
[2022-01-05 20:58:23,840] {processor.py:654} INFO - DAG(s) dict_keys(['example_branch_dop_operator_v3']) retrieved from /home/airflow/sandbox/lib/python3.8/site-packages/airflow/example_dags/example_branch_python_dop_operator_3.py
[2022-01-05 20:58:23,853] {logging_mixin.py:109} INFO - [2022-01-05 20:58:23,853] {dag.py:2396} INFO - Sync 1 DAGs
[2022-01-05 20:58:24,001] {logging_mixin.py:109} INFO - [2022-01-05 20:58:24,000] {dag.py:2935} INFO - Setting next_dagrun for example_branch_dop_operator_v3 to 2022-01-05T20:57:00+00:00
[2022-01-05 20:58:24,253] {processor.py:171} INFO - Processing /home/airflow/sandbox/lib/python3.8/site-packages/airflow/example_dags/example_branch_python_dop_operator_3.py took 0.799 seconds
[2022-01-05 20:58:54,593] {processor.py:163} INFO - Started process (PID=23906) to work on /home/airflow/sandbox/lib/python3.8/site-packages/airflow/example_dags/example_branch_python_dop_operator_3.py
[2022-01-05 20:58:54,595] {processor.py:642} INFO - Processing file /home/airflow/sandbox/lib/python3.8/site-packages/airflow/example_dags/example_branch_python_dop_operator_3.py for tasks to queue
[2022-01-05 20:58:54,597] {logging_mixin.py:109} INFO - [2022-01-05 20:58:54,597] {dagbag.py:500} INFO - Filling up the DagBag from /home/airflow/sandbox/lib/python3.8/site-packages/airflow/example_dags/example_branch_python_dop_operator_3.py
[2022-01-05 20:58:54,732] {processor.py:654} INFO - DAG(s) dict_keys(['example_branch_dop_operator_v3']) retrieved from /home/airflow/sandbox/lib/python3.8/site-packages/airflow/example_dags/example_branch_python_dop_operator_3.py
[2022-01-05 20:58:54,751] {logging_mixin.py:109} INFO - [2022-01-05 20:58:54,751] {dag.py:2396} INFO - Sync 1 DAGs
[2022-01-05 20:58:54,844] {logging_mixin.py:109} INFO - [2022-01-05 20:58:54,843] {dag.py:2935} INFO - Setting next_dagrun for example_branch_dop_operator_v3 to 2022-01-05T20:57:00+00:00
[2022-01-05 20:58:54,889] {processor.py:171} INFO - Processing /home/airflow/sandbox/lib/python3.8/site-packages/airflow/example_dags/example_branch_python_dop_operator_3.py took 0.301 seconds
[2022-01-05 20:59:25,752] {processor.py:163} INFO - Started process (PID=24145) to work on /home/airflow/sandbox/lib/python3.8/site-packages/airflow/example_dags/example_branch_python_dop_operator_3.py
[2022-01-05 20:59:25,838] {processor.py:642} INFO - Processing file /home/airflow/sandbox/lib/python3.8/site-packages/airflow/example_dags/example_branch_python_dop_operator_3.py for tasks to queue
[2022-01-05 20:59:25,840] {logging_mixin.py:109} INFO - [2022-01-05 20:59:25,840] {dagbag.py:500} INFO - Filling up the DagBag from /home/airflow/sandbox/lib/python3.8/site-packages/airflow/example_dags/example_branch_python_dop_operator_3.py
[2022-01-05 20:59:26,132] {processor.py:654} INFO - DAG(s) dict_keys(['example_branch_dop_operator_v3']) retrieved from /home/airflow/sandbox/lib/python3.8/site-packages/airflow/example_dags/example_branch_python_dop_operator_3.py
[2022-01-05 20:59:26,145] {logging_mixin.py:109} INFO - [2022-01-05 20:59:26,145] {dag.py:2396} INFO - Sync 1 DAGs
[2022-01-05 20:59:26,289] {logging_mixin.py:109} INFO - [2022-01-05 20:59:26,289] {dag.py:2935} INFO - Setting next_dagrun for example_branch_dop_operator_v3 to 2022-01-05T20:58:00+00:00
[2022-01-05 20:59:26,330] {processor.py:171} INFO - Processing /home/airflow/sandbox/lib/python3.8/site-packages/airflow/example_dags/example_branch_python_dop_operator_3.py took 0.585 seconds
[2022-01-05 20:59:56,553] {processor.py:163} INFO - Started process (PID=24379) to work on /home/airflow/sandbox/lib/python3.8/site-packages/airflow/example_dags/example_branch_python_dop_operator_3.py
[2022-01-05 20:59:56,591] {processor.py:642} INFO - Processing file /home/airflow/sandbox/lib/python3.8/site-packages/airflow/example_dags/example_branch_python_dop_operator_3.py for tasks to queue
[2022-01-05 20:59:56,592] {logging_mixin.py:109} INFO - [2022-01-05 20:59:56,591] {dagbag.py:500} INFO - Filling up the DagBag from /home/airflow/sandbox/lib/python3.8/site-packages/airflow/example_dags/example_branch_python_dop_operator_3.py
[2022-01-05 20:59:56,794] {processor.py:654} INFO - DAG(s) dict_keys(['example_branch_dop_operator_v3']) retrieved from /home/airflow/sandbox/lib/python3.8/site-packages/airflow/example_dags/example_branch_python_dop_operator_3.py
[2022-01-05 20:59:56,834] {logging_mixin.py:109} INFO - [2022-01-05 20:59:56,834] {dag.py:2396} INFO - Sync 1 DAGs
[2022-01-05 20:59:56,951] {logging_mixin.py:109} INFO - [2022-01-05 20:59:56,951] {dag.py:2935} INFO - Setting next_dagrun for example_branch_dop_operator_v3 to 2022-01-05T20:58:00+00:00
[2022-01-05 20:59:57,079] {processor.py:171} INFO - Processing /home/airflow/sandbox/lib/python3.8/site-packages/airflow/example_dags/example_branch_python_dop_operator_3.py took 0.537 seconds
