[2022-01-05 20:07:11,136] {processor.py:163} INFO - Started process (PID=2491) to work on /home/airflow/sandbox/lib/python3.8/site-packages/airflow/example_dags/example_trigger_target_dag.py
[2022-01-05 20:07:11,166] {processor.py:642} INFO - Processing file /home/airflow/sandbox/lib/python3.8/site-packages/airflow/example_dags/example_trigger_target_dag.py for tasks to queue
[2022-01-05 20:07:11,168] {logging_mixin.py:109} INFO - [2022-01-05 20:07:11,168] {dagbag.py:500} INFO - Filling up the DagBag from /home/airflow/sandbox/lib/python3.8/site-packages/airflow/example_dags/example_trigger_target_dag.py
[2022-01-05 20:07:11,724] {processor.py:654} INFO - DAG(s) dict_keys(['example_trigger_target_dag']) retrieved from /home/airflow/sandbox/lib/python3.8/site-packages/airflow/example_dags/example_trigger_target_dag.py
[2022-01-05 20:07:11,823] {logging_mixin.py:109} INFO - [2022-01-05 20:07:11,823] {dag.py:2396} INFO - Sync 1 DAGs
[2022-01-05 20:07:11,999] {logging_mixin.py:109} INFO - [2022-01-05 20:07:11,999] {dag.py:2935} INFO - Setting next_dagrun for example_trigger_target_dag to None
[2022-01-05 20:07:12,101] {processor.py:171} INFO - Processing /home/airflow/sandbox/lib/python3.8/site-packages/airflow/example_dags/example_trigger_target_dag.py took 1.009 seconds
[2022-01-05 20:07:42,380] {processor.py:163} INFO - Started process (PID=2731) to work on /home/airflow/sandbox/lib/python3.8/site-packages/airflow/example_dags/example_trigger_target_dag.py
[2022-01-05 20:07:42,381] {processor.py:642} INFO - Processing file /home/airflow/sandbox/lib/python3.8/site-packages/airflow/example_dags/example_trigger_target_dag.py for tasks to queue
[2022-01-05 20:07:42,381] {logging_mixin.py:109} INFO - [2022-01-05 20:07:42,381] {dagbag.py:500} INFO - Filling up the DagBag from /home/airflow/sandbox/lib/python3.8/site-packages/airflow/example_dags/example_trigger_target_dag.py
[2022-01-05 20:07:42,604] {processor.py:654} INFO - DAG(s) dict_keys(['example_trigger_target_dag']) retrieved from /home/airflow/sandbox/lib/python3.8/site-packages/airflow/example_dags/example_trigger_target_dag.py
[2022-01-05 20:07:42,658] {logging_mixin.py:109} INFO - [2022-01-05 20:07:42,658] {dag.py:2396} INFO - Sync 1 DAGs
[2022-01-05 20:07:42,748] {logging_mixin.py:109} INFO - [2022-01-05 20:07:42,748] {dag.py:2935} INFO - Setting next_dagrun for example_trigger_target_dag to None
[2022-01-05 20:07:42,890] {processor.py:171} INFO - Processing /home/airflow/sandbox/lib/python3.8/site-packages/airflow/example_dags/example_trigger_target_dag.py took 0.544 seconds
[2022-01-05 20:08:13,265] {processor.py:163} INFO - Started process (PID=2899) to work on /home/airflow/sandbox/lib/python3.8/site-packages/airflow/example_dags/example_trigger_target_dag.py
[2022-01-05 20:08:13,268] {processor.py:642} INFO - Processing file /home/airflow/sandbox/lib/python3.8/site-packages/airflow/example_dags/example_trigger_target_dag.py for tasks to queue
[2022-01-05 20:08:13,284] {logging_mixin.py:109} INFO - [2022-01-05 20:08:13,284] {dagbag.py:500} INFO - Filling up the DagBag from /home/airflow/sandbox/lib/python3.8/site-packages/airflow/example_dags/example_trigger_target_dag.py
[2022-01-05 20:08:13,489] {processor.py:654} INFO - DAG(s) dict_keys(['example_trigger_target_dag']) retrieved from /home/airflow/sandbox/lib/python3.8/site-packages/airflow/example_dags/example_trigger_target_dag.py
[2022-01-05 20:08:13,589] {logging_mixin.py:109} INFO - [2022-01-05 20:08:13,589] {dag.py:2396} INFO - Sync 1 DAGs
[2022-01-05 20:08:13,740] {logging_mixin.py:109} INFO - [2022-01-05 20:08:13,740] {dag.py:2935} INFO - Setting next_dagrun for example_trigger_target_dag to None
[2022-01-05 20:08:13,800] {processor.py:171} INFO - Processing /home/airflow/sandbox/lib/python3.8/site-packages/airflow/example_dags/example_trigger_target_dag.py took 0.552 seconds
[2022-01-05 20:08:44,092] {processor.py:163} INFO - Started process (PID=3304) to work on /home/airflow/sandbox/lib/python3.8/site-packages/airflow/example_dags/example_trigger_target_dag.py
[2022-01-05 20:08:44,093] {processor.py:642} INFO - Processing file /home/airflow/sandbox/lib/python3.8/site-packages/airflow/example_dags/example_trigger_target_dag.py for tasks to queue
[2022-01-05 20:08:44,094] {logging_mixin.py:109} INFO - [2022-01-05 20:08:44,094] {dagbag.py:500} INFO - Filling up the DagBag from /home/airflow/sandbox/lib/python3.8/site-packages/airflow/example_dags/example_trigger_target_dag.py
[2022-01-05 20:08:44,146] {processor.py:654} INFO - DAG(s) dict_keys(['example_trigger_target_dag']) retrieved from /home/airflow/sandbox/lib/python3.8/site-packages/airflow/example_dags/example_trigger_target_dag.py
[2022-01-05 20:08:44,176] {logging_mixin.py:109} INFO - [2022-01-05 20:08:44,176] {dag.py:2396} INFO - Sync 1 DAGs
[2022-01-05 20:08:44,214] {logging_mixin.py:109} INFO - [2022-01-05 20:08:44,213] {dag.py:2935} INFO - Setting next_dagrun for example_trigger_target_dag to None
[2022-01-05 20:08:44,225] {processor.py:171} INFO - Processing /home/airflow/sandbox/lib/python3.8/site-packages/airflow/example_dags/example_trigger_target_dag.py took 0.135 seconds
[2022-01-05 20:09:14,528] {processor.py:163} INFO - Started process (PID=3637) to work on /home/airflow/sandbox/lib/python3.8/site-packages/airflow/example_dags/example_trigger_target_dag.py
[2022-01-05 20:09:14,540] {processor.py:642} INFO - Processing file /home/airflow/sandbox/lib/python3.8/site-packages/airflow/example_dags/example_trigger_target_dag.py for tasks to queue
[2022-01-05 20:09:14,542] {logging_mixin.py:109} INFO - [2022-01-05 20:09:14,542] {dagbag.py:500} INFO - Filling up the DagBag from /home/airflow/sandbox/lib/python3.8/site-packages/airflow/example_dags/example_trigger_target_dag.py
[2022-01-05 20:09:15,547] {processor.py:654} INFO - DAG(s) dict_keys(['example_trigger_target_dag']) retrieved from /home/airflow/sandbox/lib/python3.8/site-packages/airflow/example_dags/example_trigger_target_dag.py
[2022-01-05 20:09:15,744] {logging_mixin.py:109} INFO - [2022-01-05 20:09:15,744] {dag.py:2396} INFO - Sync 1 DAGs
[2022-01-05 20:09:16,136] {logging_mixin.py:109} INFO - [2022-01-05 20:09:16,136] {dag.py:2935} INFO - Setting next_dagrun for example_trigger_target_dag to None
[2022-01-05 20:09:16,225] {processor.py:171} INFO - Processing /home/airflow/sandbox/lib/python3.8/site-packages/airflow/example_dags/example_trigger_target_dag.py took 1.735 seconds
[2022-01-05 20:09:46,803] {processor.py:163} INFO - Started process (PID=4625) to work on /home/airflow/sandbox/lib/python3.8/site-packages/airflow/example_dags/example_trigger_target_dag.py
[2022-01-05 20:09:46,804] {processor.py:642} INFO - Processing file /home/airflow/sandbox/lib/python3.8/site-packages/airflow/example_dags/example_trigger_target_dag.py for tasks to queue
[2022-01-05 20:09:46,804] {logging_mixin.py:109} INFO - [2022-01-05 20:09:46,804] {dagbag.py:500} INFO - Filling up the DagBag from /home/airflow/sandbox/lib/python3.8/site-packages/airflow/example_dags/example_trigger_target_dag.py
[2022-01-05 20:09:46,954] {processor.py:654} INFO - DAG(s) dict_keys(['example_trigger_target_dag']) retrieved from /home/airflow/sandbox/lib/python3.8/site-packages/airflow/example_dags/example_trigger_target_dag.py
[2022-01-05 20:09:46,975] {logging_mixin.py:109} INFO - [2022-01-05 20:09:46,975] {dag.py:2396} INFO - Sync 1 DAGs
[2022-01-05 20:09:47,051] {logging_mixin.py:109} INFO - [2022-01-05 20:09:47,050] {dag.py:2935} INFO - Setting next_dagrun for example_trigger_target_dag to None
[2022-01-05 20:09:47,065] {processor.py:171} INFO - Processing /home/airflow/sandbox/lib/python3.8/site-packages/airflow/example_dags/example_trigger_target_dag.py took 0.289 seconds
[2022-01-05 20:10:17,347] {processor.py:163} INFO - Started process (PID=4797) to work on /home/airflow/sandbox/lib/python3.8/site-packages/airflow/example_dags/example_trigger_target_dag.py
[2022-01-05 20:10:17,347] {processor.py:642} INFO - Processing file /home/airflow/sandbox/lib/python3.8/site-packages/airflow/example_dags/example_trigger_target_dag.py for tasks to queue
[2022-01-05 20:10:17,348] {logging_mixin.py:109} INFO - [2022-01-05 20:10:17,348] {dagbag.py:500} INFO - Filling up the DagBag from /home/airflow/sandbox/lib/python3.8/site-packages/airflow/example_dags/example_trigger_target_dag.py
[2022-01-05 20:10:17,434] {processor.py:654} INFO - DAG(s) dict_keys(['example_trigger_target_dag']) retrieved from /home/airflow/sandbox/lib/python3.8/site-packages/airflow/example_dags/example_trigger_target_dag.py
[2022-01-05 20:10:17,444] {logging_mixin.py:109} INFO - [2022-01-05 20:10:17,444] {dag.py:2396} INFO - Sync 1 DAGs
[2022-01-05 20:10:17,534] {logging_mixin.py:109} INFO - [2022-01-05 20:10:17,534] {dag.py:2935} INFO - Setting next_dagrun for example_trigger_target_dag to None
[2022-01-05 20:10:17,599] {processor.py:171} INFO - Processing /home/airflow/sandbox/lib/python3.8/site-packages/airflow/example_dags/example_trigger_target_dag.py took 0.255 seconds
[2022-01-05 20:10:47,904] {processor.py:163} INFO - Started process (PID=4973) to work on /home/airflow/sandbox/lib/python3.8/site-packages/airflow/example_dags/example_trigger_target_dag.py
[2022-01-05 20:10:47,923] {processor.py:642} INFO - Processing file /home/airflow/sandbox/lib/python3.8/site-packages/airflow/example_dags/example_trigger_target_dag.py for tasks to queue
[2022-01-05 20:10:47,924] {logging_mixin.py:109} INFO - [2022-01-05 20:10:47,924] {dagbag.py:500} INFO - Filling up the DagBag from /home/airflow/sandbox/lib/python3.8/site-packages/airflow/example_dags/example_trigger_target_dag.py
[2022-01-05 20:10:48,053] {processor.py:654} INFO - DAG(s) dict_keys(['example_trigger_target_dag']) retrieved from /home/airflow/sandbox/lib/python3.8/site-packages/airflow/example_dags/example_trigger_target_dag.py
[2022-01-05 20:10:48,147] {logging_mixin.py:109} INFO - [2022-01-05 20:10:48,147] {dag.py:2396} INFO - Sync 1 DAGs
[2022-01-05 20:10:48,244] {logging_mixin.py:109} INFO - [2022-01-05 20:10:48,244] {dag.py:2935} INFO - Setting next_dagrun for example_trigger_target_dag to None
[2022-01-05 20:10:48,386] {processor.py:171} INFO - Processing /home/airflow/sandbox/lib/python3.8/site-packages/airflow/example_dags/example_trigger_target_dag.py took 0.487 seconds
[2022-01-05 20:11:19,179] {processor.py:163} INFO - Started process (PID=5066) to work on /home/airflow/sandbox/lib/python3.8/site-packages/airflow/example_dags/example_trigger_target_dag.py
[2022-01-05 20:11:19,180] {processor.py:642} INFO - Processing file /home/airflow/sandbox/lib/python3.8/site-packages/airflow/example_dags/example_trigger_target_dag.py for tasks to queue
[2022-01-05 20:11:19,181] {logging_mixin.py:109} INFO - [2022-01-05 20:11:19,181] {dagbag.py:500} INFO - Filling up the DagBag from /home/airflow/sandbox/lib/python3.8/site-packages/airflow/example_dags/example_trigger_target_dag.py
[2022-01-05 20:11:19,269] {processor.py:654} INFO - DAG(s) dict_keys(['example_trigger_target_dag']) retrieved from /home/airflow/sandbox/lib/python3.8/site-packages/airflow/example_dags/example_trigger_target_dag.py
[2022-01-05 20:11:19,296] {logging_mixin.py:109} INFO - [2022-01-05 20:11:19,296] {dag.py:2396} INFO - Sync 1 DAGs
[2022-01-05 20:11:19,333] {logging_mixin.py:109} INFO - [2022-01-05 20:11:19,332] {dag.py:2935} INFO - Setting next_dagrun for example_trigger_target_dag to None
[2022-01-05 20:11:19,369] {processor.py:171} INFO - Processing /home/airflow/sandbox/lib/python3.8/site-packages/airflow/example_dags/example_trigger_target_dag.py took 0.194 seconds
[2022-01-05 20:11:49,694] {processor.py:163} INFO - Started process (PID=5159) to work on /home/airflow/sandbox/lib/python3.8/site-packages/airflow/example_dags/example_trigger_target_dag.py
[2022-01-05 20:11:49,695] {processor.py:642} INFO - Processing file /home/airflow/sandbox/lib/python3.8/site-packages/airflow/example_dags/example_trigger_target_dag.py for tasks to queue
[2022-01-05 20:11:49,695] {logging_mixin.py:109} INFO - [2022-01-05 20:11:49,695] {dagbag.py:500} INFO - Filling up the DagBag from /home/airflow/sandbox/lib/python3.8/site-packages/airflow/example_dags/example_trigger_target_dag.py
[2022-01-05 20:11:49,790] {processor.py:654} INFO - DAG(s) dict_keys(['example_trigger_target_dag']) retrieved from /home/airflow/sandbox/lib/python3.8/site-packages/airflow/example_dags/example_trigger_target_dag.py
[2022-01-05 20:11:49,831] {logging_mixin.py:109} INFO - [2022-01-05 20:11:49,830] {dag.py:2396} INFO - Sync 1 DAGs
[2022-01-05 20:11:49,878] {logging_mixin.py:109} INFO - [2022-01-05 20:11:49,877] {dag.py:2935} INFO - Setting next_dagrun for example_trigger_target_dag to None
[2022-01-05 20:11:49,895] {processor.py:171} INFO - Processing /home/airflow/sandbox/lib/python3.8/site-packages/airflow/example_dags/example_trigger_target_dag.py took 0.204 seconds
[2022-01-05 20:12:20,683] {processor.py:163} INFO - Started process (PID=5288) to work on /home/airflow/sandbox/lib/python3.8/site-packages/airflow/example_dags/example_trigger_target_dag.py
[2022-01-05 20:12:20,684] {processor.py:642} INFO - Processing file /home/airflow/sandbox/lib/python3.8/site-packages/airflow/example_dags/example_trigger_target_dag.py for tasks to queue
[2022-01-05 20:12:20,685] {logging_mixin.py:109} INFO - [2022-01-05 20:12:20,684] {dagbag.py:500} INFO - Filling up the DagBag from /home/airflow/sandbox/lib/python3.8/site-packages/airflow/example_dags/example_trigger_target_dag.py
[2022-01-05 20:12:20,739] {processor.py:654} INFO - DAG(s) dict_keys(['example_trigger_target_dag']) retrieved from /home/airflow/sandbox/lib/python3.8/site-packages/airflow/example_dags/example_trigger_target_dag.py
[2022-01-05 20:12:20,764] {logging_mixin.py:109} INFO - [2022-01-05 20:12:20,764] {dag.py:2396} INFO - Sync 1 DAGs
[2022-01-05 20:12:20,789] {logging_mixin.py:109} INFO - [2022-01-05 20:12:20,789] {dag.py:2935} INFO - Setting next_dagrun for example_trigger_target_dag to None
[2022-01-05 20:12:20,826] {processor.py:171} INFO - Processing /home/airflow/sandbox/lib/python3.8/site-packages/airflow/example_dags/example_trigger_target_dag.py took 0.152 seconds
[2022-01-05 20:12:51,470] {processor.py:163} INFO - Started process (PID=5383) to work on /home/airflow/sandbox/lib/python3.8/site-packages/airflow/example_dags/example_trigger_target_dag.py
[2022-01-05 20:12:51,473] {processor.py:642} INFO - Processing file /home/airflow/sandbox/lib/python3.8/site-packages/airflow/example_dags/example_trigger_target_dag.py for tasks to queue
[2022-01-05 20:12:51,474] {logging_mixin.py:109} INFO - [2022-01-05 20:12:51,474] {dagbag.py:500} INFO - Filling up the DagBag from /home/airflow/sandbox/lib/python3.8/site-packages/airflow/example_dags/example_trigger_target_dag.py
[2022-01-05 20:12:51,574] {processor.py:654} INFO - DAG(s) dict_keys(['example_trigger_target_dag']) retrieved from /home/airflow/sandbox/lib/python3.8/site-packages/airflow/example_dags/example_trigger_target_dag.py
[2022-01-05 20:12:51,584] {logging_mixin.py:109} INFO - [2022-01-05 20:12:51,584] {dag.py:2396} INFO - Sync 1 DAGs
[2022-01-05 20:12:51,614] {logging_mixin.py:109} INFO - [2022-01-05 20:12:51,614] {dag.py:2935} INFO - Setting next_dagrun for example_trigger_target_dag to None
[2022-01-05 20:12:51,635] {processor.py:171} INFO - Processing /home/airflow/sandbox/lib/python3.8/site-packages/airflow/example_dags/example_trigger_target_dag.py took 0.170 seconds
[2022-01-05 20:28:12,905] {processor.py:163} INFO - Started process (PID=7020) to work on /home/airflow/sandbox/lib/python3.8/site-packages/airflow/example_dags/example_trigger_target_dag.py
[2022-01-05 20:28:13,003] {processor.py:642} INFO - Processing file /home/airflow/sandbox/lib/python3.8/site-packages/airflow/example_dags/example_trigger_target_dag.py for tasks to queue
[2022-01-05 20:28:13,028] {logging_mixin.py:109} INFO - [2022-01-05 20:28:13,027] {dagbag.py:500} INFO - Filling up the DagBag from /home/airflow/sandbox/lib/python3.8/site-packages/airflow/example_dags/example_trigger_target_dag.py
[2022-01-05 20:28:13,280] {processor.py:654} INFO - DAG(s) dict_keys(['example_trigger_target_dag']) retrieved from /home/airflow/sandbox/lib/python3.8/site-packages/airflow/example_dags/example_trigger_target_dag.py
[2022-01-05 20:28:13,328] {logging_mixin.py:109} INFO - [2022-01-05 20:28:13,328] {dag.py:2396} INFO - Sync 1 DAGs
[2022-01-05 20:28:13,439] {logging_mixin.py:109} INFO - [2022-01-05 20:28:13,439] {dag.py:2935} INFO - Setting next_dagrun for example_trigger_target_dag to None
[2022-01-05 20:28:13,555] {processor.py:171} INFO - Processing /home/airflow/sandbox/lib/python3.8/site-packages/airflow/example_dags/example_trigger_target_dag.py took 0.659 seconds
[2022-01-05 20:28:51,606] {processor.py:163} INFO - Started process (PID=7519) to work on /home/airflow/sandbox/lib/python3.8/site-packages/airflow/example_dags/example_trigger_target_dag.py
[2022-01-05 20:28:51,802] {processor.py:642} INFO - Processing file /home/airflow/sandbox/lib/python3.8/site-packages/airflow/example_dags/example_trigger_target_dag.py for tasks to queue
[2022-01-05 20:28:51,804] {logging_mixin.py:109} INFO - [2022-01-05 20:28:51,804] {dagbag.py:500} INFO - Filling up the DagBag from /home/airflow/sandbox/lib/python3.8/site-packages/airflow/example_dags/example_trigger_target_dag.py
[2022-01-05 20:28:52,992] {processor.py:654} INFO - DAG(s) dict_keys(['example_trigger_target_dag']) retrieved from /home/airflow/sandbox/lib/python3.8/site-packages/airflow/example_dags/example_trigger_target_dag.py
[2022-01-05 20:28:53,356] {logging_mixin.py:109} INFO - [2022-01-05 20:28:53,346] {dag.py:2396} INFO - Sync 1 DAGs
[2022-01-05 20:28:53,646] {logging_mixin.py:109} INFO - [2022-01-05 20:28:53,646] {dag.py:2935} INFO - Setting next_dagrun for example_trigger_target_dag to None
[2022-01-05 20:28:53,758] {processor.py:171} INFO - Processing /home/airflow/sandbox/lib/python3.8/site-packages/airflow/example_dags/example_trigger_target_dag.py took 2.201 seconds
[2022-01-05 20:29:32,833] {processor.py:163} INFO - Started process (PID=7794) to work on /home/airflow/sandbox/lib/python3.8/site-packages/airflow/example_dags/example_trigger_target_dag.py
[2022-01-05 20:29:32,836] {processor.py:642} INFO - Processing file /home/airflow/sandbox/lib/python3.8/site-packages/airflow/example_dags/example_trigger_target_dag.py for tasks to queue
[2022-01-05 20:29:32,837] {logging_mixin.py:109} INFO - [2022-01-05 20:29:32,837] {dagbag.py:500} INFO - Filling up the DagBag from /home/airflow/sandbox/lib/python3.8/site-packages/airflow/example_dags/example_trigger_target_dag.py
[2022-01-05 20:29:32,909] {processor.py:654} INFO - DAG(s) dict_keys(['example_trigger_target_dag']) retrieved from /home/airflow/sandbox/lib/python3.8/site-packages/airflow/example_dags/example_trigger_target_dag.py
[2022-01-05 20:29:32,948] {logging_mixin.py:109} INFO - [2022-01-05 20:29:32,948] {dag.py:2396} INFO - Sync 1 DAGs
[2022-01-05 20:29:32,990] {logging_mixin.py:109} INFO - [2022-01-05 20:29:32,990] {dag.py:2935} INFO - Setting next_dagrun for example_trigger_target_dag to None
[2022-01-05 20:29:33,008] {processor.py:171} INFO - Processing /home/airflow/sandbox/lib/python3.8/site-packages/airflow/example_dags/example_trigger_target_dag.py took 0.200 seconds
[2022-01-05 20:30:05,183] {processor.py:163} INFO - Started process (PID=8069) to work on /home/airflow/sandbox/lib/python3.8/site-packages/airflow/example_dags/example_trigger_target_dag.py
[2022-01-05 20:30:05,185] {processor.py:642} INFO - Processing file /home/airflow/sandbox/lib/python3.8/site-packages/airflow/example_dags/example_trigger_target_dag.py for tasks to queue
[2022-01-05 20:30:05,185] {logging_mixin.py:109} INFO - [2022-01-05 20:30:05,185] {dagbag.py:500} INFO - Filling up the DagBag from /home/airflow/sandbox/lib/python3.8/site-packages/airflow/example_dags/example_trigger_target_dag.py
[2022-01-05 20:30:05,340] {processor.py:654} INFO - DAG(s) dict_keys(['example_trigger_target_dag']) retrieved from /home/airflow/sandbox/lib/python3.8/site-packages/airflow/example_dags/example_trigger_target_dag.py
[2022-01-05 20:30:05,425] {logging_mixin.py:109} INFO - [2022-01-05 20:30:05,424] {dag.py:2396} INFO - Sync 1 DAGs
[2022-01-05 20:30:05,499] {logging_mixin.py:109} INFO - [2022-01-05 20:30:05,499] {dag.py:2935} INFO - Setting next_dagrun for example_trigger_target_dag to None
[2022-01-05 20:30:05,597] {processor.py:171} INFO - Processing /home/airflow/sandbox/lib/python3.8/site-packages/airflow/example_dags/example_trigger_target_dag.py took 0.419 seconds
[2022-01-05 20:30:37,100] {processor.py:163} INFO - Started process (PID=8399) to work on /home/airflow/sandbox/lib/python3.8/site-packages/airflow/example_dags/example_trigger_target_dag.py
[2022-01-05 20:30:37,121] {processor.py:642} INFO - Processing file /home/airflow/sandbox/lib/python3.8/site-packages/airflow/example_dags/example_trigger_target_dag.py for tasks to queue
[2022-01-05 20:30:37,124] {logging_mixin.py:109} INFO - [2022-01-05 20:30:37,124] {dagbag.py:500} INFO - Filling up the DagBag from /home/airflow/sandbox/lib/python3.8/site-packages/airflow/example_dags/example_trigger_target_dag.py
[2022-01-05 20:30:37,277] {processor.py:654} INFO - DAG(s) dict_keys(['example_trigger_target_dag']) retrieved from /home/airflow/sandbox/lib/python3.8/site-packages/airflow/example_dags/example_trigger_target_dag.py
[2022-01-05 20:30:37,327] {logging_mixin.py:109} INFO - [2022-01-05 20:30:37,327] {dag.py:2396} INFO - Sync 1 DAGs
[2022-01-05 20:30:37,478] {logging_mixin.py:109} INFO - [2022-01-05 20:30:37,478] {dag.py:2935} INFO - Setting next_dagrun for example_trigger_target_dag to None
[2022-01-05 20:30:37,570] {processor.py:171} INFO - Processing /home/airflow/sandbox/lib/python3.8/site-packages/airflow/example_dags/example_trigger_target_dag.py took 0.486 seconds
[2022-01-05 20:31:07,835] {processor.py:163} INFO - Started process (PID=8816) to work on /home/airflow/sandbox/lib/python3.8/site-packages/airflow/example_dags/example_trigger_target_dag.py
[2022-01-05 20:31:07,844] {processor.py:642} INFO - Processing file /home/airflow/sandbox/lib/python3.8/site-packages/airflow/example_dags/example_trigger_target_dag.py for tasks to queue
[2022-01-05 20:31:07,868] {logging_mixin.py:109} INFO - [2022-01-05 20:31:07,868] {dagbag.py:500} INFO - Filling up the DagBag from /home/airflow/sandbox/lib/python3.8/site-packages/airflow/example_dags/example_trigger_target_dag.py
[2022-01-05 20:31:08,183] {processor.py:654} INFO - DAG(s) dict_keys(['example_trigger_target_dag']) retrieved from /home/airflow/sandbox/lib/python3.8/site-packages/airflow/example_dags/example_trigger_target_dag.py
[2022-01-05 20:31:08,237] {logging_mixin.py:109} INFO - [2022-01-05 20:31:08,237] {dag.py:2396} INFO - Sync 1 DAGs
[2022-01-05 20:31:08,428] {logging_mixin.py:109} INFO - [2022-01-05 20:31:08,428] {dag.py:2935} INFO - Setting next_dagrun for example_trigger_target_dag to None
[2022-01-05 20:31:08,593] {processor.py:171} INFO - Processing /home/airflow/sandbox/lib/python3.8/site-packages/airflow/example_dags/example_trigger_target_dag.py took 0.852 seconds
[2022-01-05 20:31:39,223] {processor.py:163} INFO - Started process (PID=9145) to work on /home/airflow/sandbox/lib/python3.8/site-packages/airflow/example_dags/example_trigger_target_dag.py
[2022-01-05 20:31:39,226] {processor.py:642} INFO - Processing file /home/airflow/sandbox/lib/python3.8/site-packages/airflow/example_dags/example_trigger_target_dag.py for tasks to queue
[2022-01-05 20:31:39,228] {logging_mixin.py:109} INFO - [2022-01-05 20:31:39,228] {dagbag.py:500} INFO - Filling up the DagBag from /home/airflow/sandbox/lib/python3.8/site-packages/airflow/example_dags/example_trigger_target_dag.py
[2022-01-05 20:31:39,731] {processor.py:654} INFO - DAG(s) dict_keys(['example_trigger_target_dag']) retrieved from /home/airflow/sandbox/lib/python3.8/site-packages/airflow/example_dags/example_trigger_target_dag.py
[2022-01-05 20:31:39,778] {logging_mixin.py:109} INFO - [2022-01-05 20:31:39,778] {dag.py:2396} INFO - Sync 1 DAGs
[2022-01-05 20:31:39,830] {logging_mixin.py:109} INFO - [2022-01-05 20:31:39,830] {dag.py:2935} INFO - Setting next_dagrun for example_trigger_target_dag to None
[2022-01-05 20:31:39,933] {processor.py:171} INFO - Processing /home/airflow/sandbox/lib/python3.8/site-packages/airflow/example_dags/example_trigger_target_dag.py took 0.995 seconds
[2022-01-05 20:32:10,317] {processor.py:163} INFO - Started process (PID=9745) to work on /home/airflow/sandbox/lib/python3.8/site-packages/airflow/example_dags/example_trigger_target_dag.py
[2022-01-05 20:32:10,318] {processor.py:642} INFO - Processing file /home/airflow/sandbox/lib/python3.8/site-packages/airflow/example_dags/example_trigger_target_dag.py for tasks to queue
[2022-01-05 20:32:10,319] {logging_mixin.py:109} INFO - [2022-01-05 20:32:10,319] {dagbag.py:500} INFO - Filling up the DagBag from /home/airflow/sandbox/lib/python3.8/site-packages/airflow/example_dags/example_trigger_target_dag.py
[2022-01-05 20:32:10,436] {processor.py:654} INFO - DAG(s) dict_keys(['example_trigger_target_dag']) retrieved from /home/airflow/sandbox/lib/python3.8/site-packages/airflow/example_dags/example_trigger_target_dag.py
[2022-01-05 20:32:10,472] {logging_mixin.py:109} INFO - [2022-01-05 20:32:10,471] {dag.py:2396} INFO - Sync 1 DAGs
[2022-01-05 20:32:10,569] {logging_mixin.py:109} INFO - [2022-01-05 20:32:10,569] {dag.py:2935} INFO - Setting next_dagrun for example_trigger_target_dag to None
[2022-01-05 20:32:10,589] {processor.py:171} INFO - Processing /home/airflow/sandbox/lib/python3.8/site-packages/airflow/example_dags/example_trigger_target_dag.py took 0.276 seconds
[2022-01-05 20:32:41,067] {processor.py:163} INFO - Started process (PID=10479) to work on /home/airflow/sandbox/lib/python3.8/site-packages/airflow/example_dags/example_trigger_target_dag.py
[2022-01-05 20:32:41,068] {processor.py:642} INFO - Processing file /home/airflow/sandbox/lib/python3.8/site-packages/airflow/example_dags/example_trigger_target_dag.py for tasks to queue
[2022-01-05 20:32:41,069] {logging_mixin.py:109} INFO - [2022-01-05 20:32:41,068] {dagbag.py:500} INFO - Filling up the DagBag from /home/airflow/sandbox/lib/python3.8/site-packages/airflow/example_dags/example_trigger_target_dag.py
[2022-01-05 20:32:41,265] {processor.py:654} INFO - DAG(s) dict_keys(['example_trigger_target_dag']) retrieved from /home/airflow/sandbox/lib/python3.8/site-packages/airflow/example_dags/example_trigger_target_dag.py
[2022-01-05 20:32:41,275] {logging_mixin.py:109} INFO - [2022-01-05 20:32:41,275] {dag.py:2396} INFO - Sync 1 DAGs
[2022-01-05 20:32:41,318] {logging_mixin.py:109} INFO - [2022-01-05 20:32:41,318] {dag.py:2935} INFO - Setting next_dagrun for example_trigger_target_dag to None
[2022-01-05 20:32:41,332] {processor.py:171} INFO - Processing /home/airflow/sandbox/lib/python3.8/site-packages/airflow/example_dags/example_trigger_target_dag.py took 0.270 seconds
[2022-01-05 20:33:12,361] {processor.py:163} INFO - Started process (PID=11171) to work on /home/airflow/sandbox/lib/python3.8/site-packages/airflow/example_dags/example_trigger_target_dag.py
[2022-01-05 20:33:12,363] {processor.py:642} INFO - Processing file /home/airflow/sandbox/lib/python3.8/site-packages/airflow/example_dags/example_trigger_target_dag.py for tasks to queue
[2022-01-05 20:33:12,365] {logging_mixin.py:109} INFO - [2022-01-05 20:33:12,365] {dagbag.py:500} INFO - Filling up the DagBag from /home/airflow/sandbox/lib/python3.8/site-packages/airflow/example_dags/example_trigger_target_dag.py
[2022-01-05 20:33:12,759] {processor.py:654} INFO - DAG(s) dict_keys(['example_trigger_target_dag']) retrieved from /home/airflow/sandbox/lib/python3.8/site-packages/airflow/example_dags/example_trigger_target_dag.py
[2022-01-05 20:33:12,816] {logging_mixin.py:109} INFO - [2022-01-05 20:33:12,815] {dag.py:2396} INFO - Sync 1 DAGs
[2022-01-05 20:33:12,967] {logging_mixin.py:109} INFO - [2022-01-05 20:33:12,967] {dag.py:2935} INFO - Setting next_dagrun for example_trigger_target_dag to None
[2022-01-05 20:33:12,980] {processor.py:171} INFO - Processing /home/airflow/sandbox/lib/python3.8/site-packages/airflow/example_dags/example_trigger_target_dag.py took 0.656 seconds
[2022-01-05 20:33:43,625] {processor.py:163} INFO - Started process (PID=11646) to work on /home/airflow/sandbox/lib/python3.8/site-packages/airflow/example_dags/example_trigger_target_dag.py
[2022-01-05 20:33:43,655] {processor.py:642} INFO - Processing file /home/airflow/sandbox/lib/python3.8/site-packages/airflow/example_dags/example_trigger_target_dag.py for tasks to queue
[2022-01-05 20:33:43,657] {logging_mixin.py:109} INFO - [2022-01-05 20:33:43,656] {dagbag.py:500} INFO - Filling up the DagBag from /home/airflow/sandbox/lib/python3.8/site-packages/airflow/example_dags/example_trigger_target_dag.py
[2022-01-05 20:33:43,769] {processor.py:654} INFO - DAG(s) dict_keys(['example_trigger_target_dag']) retrieved from /home/airflow/sandbox/lib/python3.8/site-packages/airflow/example_dags/example_trigger_target_dag.py
[2022-01-05 20:33:43,808] {logging_mixin.py:109} INFO - [2022-01-05 20:33:43,808] {dag.py:2396} INFO - Sync 1 DAGs
[2022-01-05 20:33:43,825] {logging_mixin.py:109} INFO - [2022-01-05 20:33:43,825] {dag.py:2935} INFO - Setting next_dagrun for example_trigger_target_dag to None
[2022-01-05 20:33:43,860] {processor.py:171} INFO - Processing /home/airflow/sandbox/lib/python3.8/site-packages/airflow/example_dags/example_trigger_target_dag.py took 0.243 seconds
[2022-01-05 20:34:14,014] {processor.py:163} INFO - Started process (PID=11883) to work on /home/airflow/sandbox/lib/python3.8/site-packages/airflow/example_dags/example_trigger_target_dag.py
[2022-01-05 20:34:14,018] {processor.py:642} INFO - Processing file /home/airflow/sandbox/lib/python3.8/site-packages/airflow/example_dags/example_trigger_target_dag.py for tasks to queue
[2022-01-05 20:34:14,021] {logging_mixin.py:109} INFO - [2022-01-05 20:34:14,020] {dagbag.py:500} INFO - Filling up the DagBag from /home/airflow/sandbox/lib/python3.8/site-packages/airflow/example_dags/example_trigger_target_dag.py
[2022-01-05 20:34:14,122] {processor.py:654} INFO - DAG(s) dict_keys(['example_trigger_target_dag']) retrieved from /home/airflow/sandbox/lib/python3.8/site-packages/airflow/example_dags/example_trigger_target_dag.py
[2022-01-05 20:34:14,155] {logging_mixin.py:109} INFO - [2022-01-05 20:34:14,155] {dag.py:2396} INFO - Sync 1 DAGs
[2022-01-05 20:34:14,177] {logging_mixin.py:109} INFO - [2022-01-05 20:34:14,177] {dag.py:2935} INFO - Setting next_dagrun for example_trigger_target_dag to None
[2022-01-05 20:34:14,214] {processor.py:171} INFO - Processing /home/airflow/sandbox/lib/python3.8/site-packages/airflow/example_dags/example_trigger_target_dag.py took 0.205 seconds
[2022-01-05 20:34:44,768] {processor.py:163} INFO - Started process (PID=12124) to work on /home/airflow/sandbox/lib/python3.8/site-packages/airflow/example_dags/example_trigger_target_dag.py
[2022-01-05 20:34:44,771] {processor.py:642} INFO - Processing file /home/airflow/sandbox/lib/python3.8/site-packages/airflow/example_dags/example_trigger_target_dag.py for tasks to queue
[2022-01-05 20:34:44,772] {logging_mixin.py:109} INFO - [2022-01-05 20:34:44,772] {dagbag.py:500} INFO - Filling up the DagBag from /home/airflow/sandbox/lib/python3.8/site-packages/airflow/example_dags/example_trigger_target_dag.py
[2022-01-05 20:34:44,855] {processor.py:654} INFO - DAG(s) dict_keys(['example_trigger_target_dag']) retrieved from /home/airflow/sandbox/lib/python3.8/site-packages/airflow/example_dags/example_trigger_target_dag.py
[2022-01-05 20:34:44,867] {logging_mixin.py:109} INFO - [2022-01-05 20:34:44,866] {dag.py:2396} INFO - Sync 1 DAGs
[2022-01-05 20:34:44,916] {logging_mixin.py:109} INFO - [2022-01-05 20:34:44,915] {dag.py:2935} INFO - Setting next_dagrun for example_trigger_target_dag to None
[2022-01-05 20:34:44,950] {processor.py:171} INFO - Processing /home/airflow/sandbox/lib/python3.8/site-packages/airflow/example_dags/example_trigger_target_dag.py took 0.189 seconds
[2022-01-05 20:35:15,339] {processor.py:163} INFO - Started process (PID=12362) to work on /home/airflow/sandbox/lib/python3.8/site-packages/airflow/example_dags/example_trigger_target_dag.py
[2022-01-05 20:35:15,342] {processor.py:642} INFO - Processing file /home/airflow/sandbox/lib/python3.8/site-packages/airflow/example_dags/example_trigger_target_dag.py for tasks to queue
[2022-01-05 20:35:15,344] {logging_mixin.py:109} INFO - [2022-01-05 20:35:15,343] {dagbag.py:500} INFO - Filling up the DagBag from /home/airflow/sandbox/lib/python3.8/site-packages/airflow/example_dags/example_trigger_target_dag.py
[2022-01-05 20:35:15,495] {processor.py:654} INFO - DAG(s) dict_keys(['example_trigger_target_dag']) retrieved from /home/airflow/sandbox/lib/python3.8/site-packages/airflow/example_dags/example_trigger_target_dag.py
[2022-01-05 20:35:15,507] {logging_mixin.py:109} INFO - [2022-01-05 20:35:15,507] {dag.py:2396} INFO - Sync 1 DAGs
[2022-01-05 20:35:15,563] {logging_mixin.py:109} INFO - [2022-01-05 20:35:15,563] {dag.py:2935} INFO - Setting next_dagrun for example_trigger_target_dag to None
[2022-01-05 20:35:15,648] {processor.py:171} INFO - Processing /home/airflow/sandbox/lib/python3.8/site-packages/airflow/example_dags/example_trigger_target_dag.py took 0.330 seconds
[2022-01-05 20:35:46,636] {processor.py:163} INFO - Started process (PID=12603) to work on /home/airflow/sandbox/lib/python3.8/site-packages/airflow/example_dags/example_trigger_target_dag.py
[2022-01-05 20:35:46,639] {processor.py:642} INFO - Processing file /home/airflow/sandbox/lib/python3.8/site-packages/airflow/example_dags/example_trigger_target_dag.py for tasks to queue
[2022-01-05 20:35:46,643] {logging_mixin.py:109} INFO - [2022-01-05 20:35:46,640] {dagbag.py:500} INFO - Filling up the DagBag from /home/airflow/sandbox/lib/python3.8/site-packages/airflow/example_dags/example_trigger_target_dag.py
[2022-01-05 20:35:46,857] {processor.py:654} INFO - DAG(s) dict_keys(['example_trigger_target_dag']) retrieved from /home/airflow/sandbox/lib/python3.8/site-packages/airflow/example_dags/example_trigger_target_dag.py
[2022-01-05 20:35:46,920] {logging_mixin.py:109} INFO - [2022-01-05 20:35:46,919] {dag.py:2396} INFO - Sync 1 DAGs
[2022-01-05 20:35:47,010] {logging_mixin.py:109} INFO - [2022-01-05 20:35:47,009] {dag.py:2935} INFO - Setting next_dagrun for example_trigger_target_dag to None
[2022-01-05 20:35:47,048] {processor.py:171} INFO - Processing /home/airflow/sandbox/lib/python3.8/site-packages/airflow/example_dags/example_trigger_target_dag.py took 0.448 seconds
[2022-01-05 20:36:17,236] {processor.py:163} INFO - Started process (PID=12844) to work on /home/airflow/sandbox/lib/python3.8/site-packages/airflow/example_dags/example_trigger_target_dag.py
[2022-01-05 20:36:17,237] {processor.py:642} INFO - Processing file /home/airflow/sandbox/lib/python3.8/site-packages/airflow/example_dags/example_trigger_target_dag.py for tasks to queue
[2022-01-05 20:36:17,237] {logging_mixin.py:109} INFO - [2022-01-05 20:36:17,237] {dagbag.py:500} INFO - Filling up the DagBag from /home/airflow/sandbox/lib/python3.8/site-packages/airflow/example_dags/example_trigger_target_dag.py
[2022-01-05 20:36:17,358] {processor.py:654} INFO - DAG(s) dict_keys(['example_trigger_target_dag']) retrieved from /home/airflow/sandbox/lib/python3.8/site-packages/airflow/example_dags/example_trigger_target_dag.py
[2022-01-05 20:36:17,388] {logging_mixin.py:109} INFO - [2022-01-05 20:36:17,388] {dag.py:2396} INFO - Sync 1 DAGs
[2022-01-05 20:36:17,406] {logging_mixin.py:109} INFO - [2022-01-05 20:36:17,406] {dag.py:2935} INFO - Setting next_dagrun for example_trigger_target_dag to None
[2022-01-05 20:36:17,438] {processor.py:171} INFO - Processing /home/airflow/sandbox/lib/python3.8/site-packages/airflow/example_dags/example_trigger_target_dag.py took 0.221 seconds
[2022-01-05 20:36:47,697] {processor.py:163} INFO - Started process (PID=13086) to work on /home/airflow/sandbox/lib/python3.8/site-packages/airflow/example_dags/example_trigger_target_dag.py
[2022-01-05 20:36:47,701] {processor.py:642} INFO - Processing file /home/airflow/sandbox/lib/python3.8/site-packages/airflow/example_dags/example_trigger_target_dag.py for tasks to queue
[2022-01-05 20:36:47,702] {logging_mixin.py:109} INFO - [2022-01-05 20:36:47,702] {dagbag.py:500} INFO - Filling up the DagBag from /home/airflow/sandbox/lib/python3.8/site-packages/airflow/example_dags/example_trigger_target_dag.py
[2022-01-05 20:36:47,834] {processor.py:654} INFO - DAG(s) dict_keys(['example_trigger_target_dag']) retrieved from /home/airflow/sandbox/lib/python3.8/site-packages/airflow/example_dags/example_trigger_target_dag.py
[2022-01-05 20:36:47,883] {logging_mixin.py:109} INFO - [2022-01-05 20:36:47,882] {dag.py:2396} INFO - Sync 1 DAGs
[2022-01-05 20:36:47,913] {logging_mixin.py:109} INFO - [2022-01-05 20:36:47,913] {dag.py:2935} INFO - Setting next_dagrun for example_trigger_target_dag to None
[2022-01-05 20:36:47,947] {processor.py:171} INFO - Processing /home/airflow/sandbox/lib/python3.8/site-packages/airflow/example_dags/example_trigger_target_dag.py took 0.254 seconds
[2022-01-05 20:37:18,753] {processor.py:163} INFO - Started process (PID=13327) to work on /home/airflow/sandbox/lib/python3.8/site-packages/airflow/example_dags/example_trigger_target_dag.py
[2022-01-05 20:37:18,753] {processor.py:642} INFO - Processing file /home/airflow/sandbox/lib/python3.8/site-packages/airflow/example_dags/example_trigger_target_dag.py for tasks to queue
[2022-01-05 20:37:18,756] {logging_mixin.py:109} INFO - [2022-01-05 20:37:18,756] {dagbag.py:500} INFO - Filling up the DagBag from /home/airflow/sandbox/lib/python3.8/site-packages/airflow/example_dags/example_trigger_target_dag.py
[2022-01-05 20:37:18,860] {processor.py:654} INFO - DAG(s) dict_keys(['example_trigger_target_dag']) retrieved from /home/airflow/sandbox/lib/python3.8/site-packages/airflow/example_dags/example_trigger_target_dag.py
[2022-01-05 20:37:18,883] {logging_mixin.py:109} INFO - [2022-01-05 20:37:18,883] {dag.py:2396} INFO - Sync 1 DAGs
[2022-01-05 20:37:18,901] {logging_mixin.py:109} INFO - [2022-01-05 20:37:18,901] {dag.py:2935} INFO - Setting next_dagrun for example_trigger_target_dag to None
[2022-01-05 20:37:18,912] {processor.py:171} INFO - Processing /home/airflow/sandbox/lib/python3.8/site-packages/airflow/example_dags/example_trigger_target_dag.py took 0.162 seconds
[2022-01-05 20:37:49,151] {processor.py:163} INFO - Started process (PID=13568) to work on /home/airflow/sandbox/lib/python3.8/site-packages/airflow/example_dags/example_trigger_target_dag.py
[2022-01-05 20:37:49,152] {processor.py:642} INFO - Processing file /home/airflow/sandbox/lib/python3.8/site-packages/airflow/example_dags/example_trigger_target_dag.py for tasks to queue
[2022-01-05 20:37:49,153] {logging_mixin.py:109} INFO - [2022-01-05 20:37:49,153] {dagbag.py:500} INFO - Filling up the DagBag from /home/airflow/sandbox/lib/python3.8/site-packages/airflow/example_dags/example_trigger_target_dag.py
[2022-01-05 20:37:49,235] {processor.py:654} INFO - DAG(s) dict_keys(['example_trigger_target_dag']) retrieved from /home/airflow/sandbox/lib/python3.8/site-packages/airflow/example_dags/example_trigger_target_dag.py
[2022-01-05 20:37:49,247] {logging_mixin.py:109} INFO - [2022-01-05 20:37:49,247] {dag.py:2396} INFO - Sync 1 DAGs
[2022-01-05 20:37:49,278] {logging_mixin.py:109} INFO - [2022-01-05 20:37:49,278] {dag.py:2935} INFO - Setting next_dagrun for example_trigger_target_dag to None
[2022-01-05 20:37:49,288] {processor.py:171} INFO - Processing /home/airflow/sandbox/lib/python3.8/site-packages/airflow/example_dags/example_trigger_target_dag.py took 0.140 seconds
[2022-01-05 20:38:20,079] {processor.py:163} INFO - Started process (PID=13879) to work on /home/airflow/sandbox/lib/python3.8/site-packages/airflow/example_dags/example_trigger_target_dag.py
[2022-01-05 20:38:20,081] {processor.py:642} INFO - Processing file /home/airflow/sandbox/lib/python3.8/site-packages/airflow/example_dags/example_trigger_target_dag.py for tasks to queue
[2022-01-05 20:38:20,081] {logging_mixin.py:109} INFO - [2022-01-05 20:38:20,081] {dagbag.py:500} INFO - Filling up the DagBag from /home/airflow/sandbox/lib/python3.8/site-packages/airflow/example_dags/example_trigger_target_dag.py
[2022-01-05 20:38:20,153] {processor.py:654} INFO - DAG(s) dict_keys(['example_trigger_target_dag']) retrieved from /home/airflow/sandbox/lib/python3.8/site-packages/airflow/example_dags/example_trigger_target_dag.py
[2022-01-05 20:38:20,177] {logging_mixin.py:109} INFO - [2022-01-05 20:38:20,177] {dag.py:2396} INFO - Sync 1 DAGs
[2022-01-05 20:38:20,201] {logging_mixin.py:109} INFO - [2022-01-05 20:38:20,200] {dag.py:2935} INFO - Setting next_dagrun for example_trigger_target_dag to None
[2022-01-05 20:38:20,224] {processor.py:171} INFO - Processing /home/airflow/sandbox/lib/python3.8/site-packages/airflow/example_dags/example_trigger_target_dag.py took 0.148 seconds
[2022-01-05 20:38:50,575] {processor.py:163} INFO - Started process (PID=14120) to work on /home/airflow/sandbox/lib/python3.8/site-packages/airflow/example_dags/example_trigger_target_dag.py
[2022-01-05 20:38:50,576] {processor.py:642} INFO - Processing file /home/airflow/sandbox/lib/python3.8/site-packages/airflow/example_dags/example_trigger_target_dag.py for tasks to queue
[2022-01-05 20:38:50,586] {logging_mixin.py:109} INFO - [2022-01-05 20:38:50,586] {dagbag.py:500} INFO - Filling up the DagBag from /home/airflow/sandbox/lib/python3.8/site-packages/airflow/example_dags/example_trigger_target_dag.py
[2022-01-05 20:38:50,678] {processor.py:654} INFO - DAG(s) dict_keys(['example_trigger_target_dag']) retrieved from /home/airflow/sandbox/lib/python3.8/site-packages/airflow/example_dags/example_trigger_target_dag.py
[2022-01-05 20:38:50,698] {logging_mixin.py:109} INFO - [2022-01-05 20:38:50,698] {dag.py:2396} INFO - Sync 1 DAGs
[2022-01-05 20:38:50,711] {logging_mixin.py:109} INFO - [2022-01-05 20:38:50,711] {dag.py:2935} INFO - Setting next_dagrun for example_trigger_target_dag to None
[2022-01-05 20:38:50,726] {processor.py:171} INFO - Processing /home/airflow/sandbox/lib/python3.8/site-packages/airflow/example_dags/example_trigger_target_dag.py took 0.167 seconds
[2022-01-05 20:39:20,775] {processor.py:163} INFO - Started process (PID=14361) to work on /home/airflow/sandbox/lib/python3.8/site-packages/airflow/example_dags/example_trigger_target_dag.py
[2022-01-05 20:39:20,777] {processor.py:642} INFO - Processing file /home/airflow/sandbox/lib/python3.8/site-packages/airflow/example_dags/example_trigger_target_dag.py for tasks to queue
[2022-01-05 20:39:20,777] {logging_mixin.py:109} INFO - [2022-01-05 20:39:20,777] {dagbag.py:500} INFO - Filling up the DagBag from /home/airflow/sandbox/lib/python3.8/site-packages/airflow/example_dags/example_trigger_target_dag.py
[2022-01-05 20:39:20,825] {processor.py:654} INFO - DAG(s) dict_keys(['example_trigger_target_dag']) retrieved from /home/airflow/sandbox/lib/python3.8/site-packages/airflow/example_dags/example_trigger_target_dag.py
[2022-01-05 20:39:20,835] {logging_mixin.py:109} INFO - [2022-01-05 20:39:20,835] {dag.py:2396} INFO - Sync 1 DAGs
[2022-01-05 20:39:20,855] {logging_mixin.py:109} INFO - [2022-01-05 20:39:20,855] {dag.py:2935} INFO - Setting next_dagrun for example_trigger_target_dag to None
[2022-01-05 20:39:20,865] {processor.py:171} INFO - Processing /home/airflow/sandbox/lib/python3.8/site-packages/airflow/example_dags/example_trigger_target_dag.py took 0.094 seconds
[2022-01-05 20:39:50,984] {processor.py:163} INFO - Started process (PID=14601) to work on /home/airflow/sandbox/lib/python3.8/site-packages/airflow/example_dags/example_trigger_target_dag.py
[2022-01-05 20:39:50,986] {processor.py:642} INFO - Processing file /home/airflow/sandbox/lib/python3.8/site-packages/airflow/example_dags/example_trigger_target_dag.py for tasks to queue
[2022-01-05 20:39:50,986] {logging_mixin.py:109} INFO - [2022-01-05 20:39:50,986] {dagbag.py:500} INFO - Filling up the DagBag from /home/airflow/sandbox/lib/python3.8/site-packages/airflow/example_dags/example_trigger_target_dag.py
[2022-01-05 20:39:51,095] {processor.py:654} INFO - DAG(s) dict_keys(['example_trigger_target_dag']) retrieved from /home/airflow/sandbox/lib/python3.8/site-packages/airflow/example_dags/example_trigger_target_dag.py
[2022-01-05 20:39:51,120] {logging_mixin.py:109} INFO - [2022-01-05 20:39:51,120] {dag.py:2396} INFO - Sync 1 DAGs
[2022-01-05 20:39:51,155] {logging_mixin.py:109} INFO - [2022-01-05 20:39:51,155] {dag.py:2935} INFO - Setting next_dagrun for example_trigger_target_dag to None
[2022-01-05 20:39:51,172] {processor.py:171} INFO - Processing /home/airflow/sandbox/lib/python3.8/site-packages/airflow/example_dags/example_trigger_target_dag.py took 0.196 seconds
[2022-01-05 20:40:21,921] {processor.py:163} INFO - Started process (PID=14840) to work on /home/airflow/sandbox/lib/python3.8/site-packages/airflow/example_dags/example_trigger_target_dag.py
[2022-01-05 20:40:21,924] {processor.py:642} INFO - Processing file /home/airflow/sandbox/lib/python3.8/site-packages/airflow/example_dags/example_trigger_target_dag.py for tasks to queue
[2022-01-05 20:40:21,925] {logging_mixin.py:109} INFO - [2022-01-05 20:40:21,925] {dagbag.py:500} INFO - Filling up the DagBag from /home/airflow/sandbox/lib/python3.8/site-packages/airflow/example_dags/example_trigger_target_dag.py
[2022-01-05 20:40:22,017] {processor.py:654} INFO - DAG(s) dict_keys(['example_trigger_target_dag']) retrieved from /home/airflow/sandbox/lib/python3.8/site-packages/airflow/example_dags/example_trigger_target_dag.py
[2022-01-05 20:40:22,072] {logging_mixin.py:109} INFO - [2022-01-05 20:40:22,072] {dag.py:2396} INFO - Sync 1 DAGs
[2022-01-05 20:40:22,113] {logging_mixin.py:109} INFO - [2022-01-05 20:40:22,113] {dag.py:2935} INFO - Setting next_dagrun for example_trigger_target_dag to None
[2022-01-05 20:40:22,126] {processor.py:171} INFO - Processing /home/airflow/sandbox/lib/python3.8/site-packages/airflow/example_dags/example_trigger_target_dag.py took 0.209 seconds
[2022-01-05 20:40:52,488] {processor.py:163} INFO - Started process (PID=15081) to work on /home/airflow/sandbox/lib/python3.8/site-packages/airflow/example_dags/example_trigger_target_dag.py
[2022-01-05 20:40:52,489] {processor.py:642} INFO - Processing file /home/airflow/sandbox/lib/python3.8/site-packages/airflow/example_dags/example_trigger_target_dag.py for tasks to queue
[2022-01-05 20:40:52,491] {logging_mixin.py:109} INFO - [2022-01-05 20:40:52,491] {dagbag.py:500} INFO - Filling up the DagBag from /home/airflow/sandbox/lib/python3.8/site-packages/airflow/example_dags/example_trigger_target_dag.py
[2022-01-05 20:40:52,578] {processor.py:654} INFO - DAG(s) dict_keys(['example_trigger_target_dag']) retrieved from /home/airflow/sandbox/lib/python3.8/site-packages/airflow/example_dags/example_trigger_target_dag.py
[2022-01-05 20:40:52,594] {logging_mixin.py:109} INFO - [2022-01-05 20:40:52,594] {dag.py:2396} INFO - Sync 1 DAGs
[2022-01-05 20:40:52,628] {logging_mixin.py:109} INFO - [2022-01-05 20:40:52,628] {dag.py:2935} INFO - Setting next_dagrun for example_trigger_target_dag to None
[2022-01-05 20:40:52,645] {processor.py:171} INFO - Processing /home/airflow/sandbox/lib/python3.8/site-packages/airflow/example_dags/example_trigger_target_dag.py took 0.162 seconds
[2022-01-05 20:41:22,802] {processor.py:163} INFO - Started process (PID=15322) to work on /home/airflow/sandbox/lib/python3.8/site-packages/airflow/example_dags/example_trigger_target_dag.py
[2022-01-05 20:41:22,804] {processor.py:642} INFO - Processing file /home/airflow/sandbox/lib/python3.8/site-packages/airflow/example_dags/example_trigger_target_dag.py for tasks to queue
[2022-01-05 20:41:22,805] {logging_mixin.py:109} INFO - [2022-01-05 20:41:22,805] {dagbag.py:500} INFO - Filling up the DagBag from /home/airflow/sandbox/lib/python3.8/site-packages/airflow/example_dags/example_trigger_target_dag.py
[2022-01-05 20:41:22,920] {processor.py:654} INFO - DAG(s) dict_keys(['example_trigger_target_dag']) retrieved from /home/airflow/sandbox/lib/python3.8/site-packages/airflow/example_dags/example_trigger_target_dag.py
[2022-01-05 20:41:22,954] {logging_mixin.py:109} INFO - [2022-01-05 20:41:22,953] {dag.py:2396} INFO - Sync 1 DAGs
[2022-01-05 20:41:22,994] {logging_mixin.py:109} INFO - [2022-01-05 20:41:22,994] {dag.py:2935} INFO - Setting next_dagrun for example_trigger_target_dag to None
[2022-01-05 20:41:23,010] {processor.py:171} INFO - Processing /home/airflow/sandbox/lib/python3.8/site-packages/airflow/example_dags/example_trigger_target_dag.py took 0.214 seconds
[2022-01-05 20:41:53,357] {processor.py:163} INFO - Started process (PID=15561) to work on /home/airflow/sandbox/lib/python3.8/site-packages/airflow/example_dags/example_trigger_target_dag.py
[2022-01-05 20:41:53,359] {processor.py:642} INFO - Processing file /home/airflow/sandbox/lib/python3.8/site-packages/airflow/example_dags/example_trigger_target_dag.py for tasks to queue
[2022-01-05 20:41:53,360] {logging_mixin.py:109} INFO - [2022-01-05 20:41:53,360] {dagbag.py:500} INFO - Filling up the DagBag from /home/airflow/sandbox/lib/python3.8/site-packages/airflow/example_dags/example_trigger_target_dag.py
[2022-01-05 20:41:53,559] {processor.py:654} INFO - DAG(s) dict_keys(['example_trigger_target_dag']) retrieved from /home/airflow/sandbox/lib/python3.8/site-packages/airflow/example_dags/example_trigger_target_dag.py
[2022-01-05 20:41:53,568] {logging_mixin.py:109} INFO - [2022-01-05 20:41:53,568] {dag.py:2396} INFO - Sync 1 DAGs
[2022-01-05 20:41:53,611] {logging_mixin.py:109} INFO - [2022-01-05 20:41:53,611] {dag.py:2935} INFO - Setting next_dagrun for example_trigger_target_dag to None
[2022-01-05 20:41:53,623] {processor.py:171} INFO - Processing /home/airflow/sandbox/lib/python3.8/site-packages/airflow/example_dags/example_trigger_target_dag.py took 0.270 seconds
[2022-01-05 20:42:24,218] {processor.py:163} INFO - Started process (PID=15810) to work on /home/airflow/sandbox/lib/python3.8/site-packages/airflow/example_dags/example_trigger_target_dag.py
[2022-01-05 20:42:24,228] {processor.py:642} INFO - Processing file /home/airflow/sandbox/lib/python3.8/site-packages/airflow/example_dags/example_trigger_target_dag.py for tasks to queue
[2022-01-05 20:42:24,258] {logging_mixin.py:109} INFO - [2022-01-05 20:42:24,258] {dagbag.py:500} INFO - Filling up the DagBag from /home/airflow/sandbox/lib/python3.8/site-packages/airflow/example_dags/example_trigger_target_dag.py
[2022-01-05 20:42:24,364] {processor.py:654} INFO - DAG(s) dict_keys(['example_trigger_target_dag']) retrieved from /home/airflow/sandbox/lib/python3.8/site-packages/airflow/example_dags/example_trigger_target_dag.py
[2022-01-05 20:42:24,409] {logging_mixin.py:109} INFO - [2022-01-05 20:42:24,409] {dag.py:2396} INFO - Sync 1 DAGs
[2022-01-05 20:42:24,428] {logging_mixin.py:109} INFO - [2022-01-05 20:42:24,428] {dag.py:2935} INFO - Setting next_dagrun for example_trigger_target_dag to None
[2022-01-05 20:42:24,465] {processor.py:171} INFO - Processing /home/airflow/sandbox/lib/python3.8/site-packages/airflow/example_dags/example_trigger_target_dag.py took 0.254 seconds
[2022-01-05 20:42:54,769] {processor.py:163} INFO - Started process (PID=16052) to work on /home/airflow/sandbox/lib/python3.8/site-packages/airflow/example_dags/example_trigger_target_dag.py
[2022-01-05 20:42:54,770] {processor.py:642} INFO - Processing file /home/airflow/sandbox/lib/python3.8/site-packages/airflow/example_dags/example_trigger_target_dag.py for tasks to queue
[2022-01-05 20:42:54,771] {logging_mixin.py:109} INFO - [2022-01-05 20:42:54,771] {dagbag.py:500} INFO - Filling up the DagBag from /home/airflow/sandbox/lib/python3.8/site-packages/airflow/example_dags/example_trigger_target_dag.py
[2022-01-05 20:42:54,860] {processor.py:654} INFO - DAG(s) dict_keys(['example_trigger_target_dag']) retrieved from /home/airflow/sandbox/lib/python3.8/site-packages/airflow/example_dags/example_trigger_target_dag.py
[2022-01-05 20:42:54,873] {logging_mixin.py:109} INFO - [2022-01-05 20:42:54,873] {dag.py:2396} INFO - Sync 1 DAGs
[2022-01-05 20:42:54,912] {logging_mixin.py:109} INFO - [2022-01-05 20:42:54,912] {dag.py:2935} INFO - Setting next_dagrun for example_trigger_target_dag to None
[2022-01-05 20:42:54,921] {processor.py:171} INFO - Processing /home/airflow/sandbox/lib/python3.8/site-packages/airflow/example_dags/example_trigger_target_dag.py took 0.157 seconds
[2022-01-05 20:43:25,470] {processor.py:163} INFO - Started process (PID=16343) to work on /home/airflow/sandbox/lib/python3.8/site-packages/airflow/example_dags/example_trigger_target_dag.py
[2022-01-05 20:43:25,475] {processor.py:642} INFO - Processing file /home/airflow/sandbox/lib/python3.8/site-packages/airflow/example_dags/example_trigger_target_dag.py for tasks to queue
[2022-01-05 20:43:25,479] {logging_mixin.py:109} INFO - [2022-01-05 20:43:25,479] {dagbag.py:500} INFO - Filling up the DagBag from /home/airflow/sandbox/lib/python3.8/site-packages/airflow/example_dags/example_trigger_target_dag.py
[2022-01-05 20:43:25,578] {processor.py:654} INFO - DAG(s) dict_keys(['example_trigger_target_dag']) retrieved from /home/airflow/sandbox/lib/python3.8/site-packages/airflow/example_dags/example_trigger_target_dag.py
[2022-01-05 20:43:25,633] {logging_mixin.py:109} INFO - [2022-01-05 20:43:25,633] {dag.py:2396} INFO - Sync 1 DAGs
[2022-01-05 20:43:25,713] {logging_mixin.py:109} INFO - [2022-01-05 20:43:25,713] {dag.py:2935} INFO - Setting next_dagrun for example_trigger_target_dag to None
[2022-01-05 20:43:25,753] {processor.py:171} INFO - Processing /home/airflow/sandbox/lib/python3.8/site-packages/airflow/example_dags/example_trigger_target_dag.py took 0.296 seconds
[2022-01-05 20:43:55,828] {processor.py:163} INFO - Started process (PID=16584) to work on /home/airflow/sandbox/lib/python3.8/site-packages/airflow/example_dags/example_trigger_target_dag.py
[2022-01-05 20:43:55,831] {processor.py:642} INFO - Processing file /home/airflow/sandbox/lib/python3.8/site-packages/airflow/example_dags/example_trigger_target_dag.py for tasks to queue
[2022-01-05 20:43:55,832] {logging_mixin.py:109} INFO - [2022-01-05 20:43:55,832] {dagbag.py:500} INFO - Filling up the DagBag from /home/airflow/sandbox/lib/python3.8/site-packages/airflow/example_dags/example_trigger_target_dag.py
[2022-01-05 20:43:55,879] {processor.py:654} INFO - DAG(s) dict_keys(['example_trigger_target_dag']) retrieved from /home/airflow/sandbox/lib/python3.8/site-packages/airflow/example_dags/example_trigger_target_dag.py
[2022-01-05 20:43:55,890] {logging_mixin.py:109} INFO - [2022-01-05 20:43:55,890] {dag.py:2396} INFO - Sync 1 DAGs
[2022-01-05 20:43:55,910] {logging_mixin.py:109} INFO - [2022-01-05 20:43:55,910] {dag.py:2935} INFO - Setting next_dagrun for example_trigger_target_dag to None
[2022-01-05 20:43:55,926] {processor.py:171} INFO - Processing /home/airflow/sandbox/lib/python3.8/site-packages/airflow/example_dags/example_trigger_target_dag.py took 0.100 seconds
[2022-01-05 20:44:26,319] {processor.py:163} INFO - Started process (PID=16831) to work on /home/airflow/sandbox/lib/python3.8/site-packages/airflow/example_dags/example_trigger_target_dag.py
[2022-01-05 20:44:26,329] {processor.py:642} INFO - Processing file /home/airflow/sandbox/lib/python3.8/site-packages/airflow/example_dags/example_trigger_target_dag.py for tasks to queue
[2022-01-05 20:44:26,330] {logging_mixin.py:109} INFO - [2022-01-05 20:44:26,330] {dagbag.py:500} INFO - Filling up the DagBag from /home/airflow/sandbox/lib/python3.8/site-packages/airflow/example_dags/example_trigger_target_dag.py
[2022-01-05 20:44:26,450] {processor.py:654} INFO - DAG(s) dict_keys(['example_trigger_target_dag']) retrieved from /home/airflow/sandbox/lib/python3.8/site-packages/airflow/example_dags/example_trigger_target_dag.py
[2022-01-05 20:44:26,480] {logging_mixin.py:109} INFO - [2022-01-05 20:44:26,480] {dag.py:2396} INFO - Sync 1 DAGs
[2022-01-05 20:44:26,503] {logging_mixin.py:109} INFO - [2022-01-05 20:44:26,503] {dag.py:2935} INFO - Setting next_dagrun for example_trigger_target_dag to None
[2022-01-05 20:44:26,541] {processor.py:171} INFO - Processing /home/airflow/sandbox/lib/python3.8/site-packages/airflow/example_dags/example_trigger_target_dag.py took 0.227 seconds
[2022-01-05 20:44:56,862] {processor.py:163} INFO - Started process (PID=17072) to work on /home/airflow/sandbox/lib/python3.8/site-packages/airflow/example_dags/example_trigger_target_dag.py
[2022-01-05 20:44:56,864] {processor.py:642} INFO - Processing file /home/airflow/sandbox/lib/python3.8/site-packages/airflow/example_dags/example_trigger_target_dag.py for tasks to queue
[2022-01-05 20:44:56,864] {logging_mixin.py:109} INFO - [2022-01-05 20:44:56,864] {dagbag.py:500} INFO - Filling up the DagBag from /home/airflow/sandbox/lib/python3.8/site-packages/airflow/example_dags/example_trigger_target_dag.py
[2022-01-05 20:44:56,967] {processor.py:654} INFO - DAG(s) dict_keys(['example_trigger_target_dag']) retrieved from /home/airflow/sandbox/lib/python3.8/site-packages/airflow/example_dags/example_trigger_target_dag.py
[2022-01-05 20:44:57,000] {logging_mixin.py:109} INFO - [2022-01-05 20:44:57,000] {dag.py:2396} INFO - Sync 1 DAGs
[2022-01-05 20:44:57,044] {logging_mixin.py:109} INFO - [2022-01-05 20:44:57,043] {dag.py:2935} INFO - Setting next_dagrun for example_trigger_target_dag to None
[2022-01-05 20:44:57,070] {processor.py:171} INFO - Processing /home/airflow/sandbox/lib/python3.8/site-packages/airflow/example_dags/example_trigger_target_dag.py took 0.225 seconds
[2022-01-05 20:45:27,255] {processor.py:163} INFO - Started process (PID=17322) to work on /home/airflow/sandbox/lib/python3.8/site-packages/airflow/example_dags/example_trigger_target_dag.py
[2022-01-05 20:45:27,263] {processor.py:642} INFO - Processing file /home/airflow/sandbox/lib/python3.8/site-packages/airflow/example_dags/example_trigger_target_dag.py for tasks to queue
[2022-01-05 20:45:27,263] {logging_mixin.py:109} INFO - [2022-01-05 20:45:27,263] {dagbag.py:500} INFO - Filling up the DagBag from /home/airflow/sandbox/lib/python3.8/site-packages/airflow/example_dags/example_trigger_target_dag.py
[2022-01-05 20:45:27,337] {processor.py:654} INFO - DAG(s) dict_keys(['example_trigger_target_dag']) retrieved from /home/airflow/sandbox/lib/python3.8/site-packages/airflow/example_dags/example_trigger_target_dag.py
[2022-01-05 20:45:27,380] {logging_mixin.py:109} INFO - [2022-01-05 20:45:27,380] {dag.py:2396} INFO - Sync 1 DAGs
[2022-01-05 20:45:27,405] {logging_mixin.py:109} INFO - [2022-01-05 20:45:27,405] {dag.py:2935} INFO - Setting next_dagrun for example_trigger_target_dag to None
[2022-01-05 20:45:27,437] {processor.py:171} INFO - Processing /home/airflow/sandbox/lib/python3.8/site-packages/airflow/example_dags/example_trigger_target_dag.py took 0.184 seconds
[2022-01-05 20:45:58,263] {processor.py:163} INFO - Started process (PID=17570) to work on /home/airflow/sandbox/lib/python3.8/site-packages/airflow/example_dags/example_trigger_target_dag.py
[2022-01-05 20:45:58,266] {processor.py:642} INFO - Processing file /home/airflow/sandbox/lib/python3.8/site-packages/airflow/example_dags/example_trigger_target_dag.py for tasks to queue
[2022-01-05 20:45:58,267] {logging_mixin.py:109} INFO - [2022-01-05 20:45:58,267] {dagbag.py:500} INFO - Filling up the DagBag from /home/airflow/sandbox/lib/python3.8/site-packages/airflow/example_dags/example_trigger_target_dag.py
[2022-01-05 20:45:58,330] {processor.py:654} INFO - DAG(s) dict_keys(['example_trigger_target_dag']) retrieved from /home/airflow/sandbox/lib/python3.8/site-packages/airflow/example_dags/example_trigger_target_dag.py
[2022-01-05 20:45:58,342] {logging_mixin.py:109} INFO - [2022-01-05 20:45:58,342] {dag.py:2396} INFO - Sync 1 DAGs
[2022-01-05 20:45:58,365] {logging_mixin.py:109} INFO - [2022-01-05 20:45:58,364] {dag.py:2935} INFO - Setting next_dagrun for example_trigger_target_dag to None
[2022-01-05 20:45:58,378] {processor.py:171} INFO - Processing /home/airflow/sandbox/lib/python3.8/site-packages/airflow/example_dags/example_trigger_target_dag.py took 0.117 seconds
[2022-01-05 20:46:28,571] {processor.py:163} INFO - Started process (PID=17811) to work on /home/airflow/sandbox/lib/python3.8/site-packages/airflow/example_dags/example_trigger_target_dag.py
[2022-01-05 20:46:28,578] {processor.py:642} INFO - Processing file /home/airflow/sandbox/lib/python3.8/site-packages/airflow/example_dags/example_trigger_target_dag.py for tasks to queue
[2022-01-05 20:46:28,579] {logging_mixin.py:109} INFO - [2022-01-05 20:46:28,579] {dagbag.py:500} INFO - Filling up the DagBag from /home/airflow/sandbox/lib/python3.8/site-packages/airflow/example_dags/example_trigger_target_dag.py
[2022-01-05 20:46:28,651] {processor.py:654} INFO - DAG(s) dict_keys(['example_trigger_target_dag']) retrieved from /home/airflow/sandbox/lib/python3.8/site-packages/airflow/example_dags/example_trigger_target_dag.py
[2022-01-05 20:46:28,676] {logging_mixin.py:109} INFO - [2022-01-05 20:46:28,675] {dag.py:2396} INFO - Sync 1 DAGs
[2022-01-05 20:46:28,718] {logging_mixin.py:109} INFO - [2022-01-05 20:46:28,718] {dag.py:2935} INFO - Setting next_dagrun for example_trigger_target_dag to None
[2022-01-05 20:46:28,747] {processor.py:171} INFO - Processing /home/airflow/sandbox/lib/python3.8/site-packages/airflow/example_dags/example_trigger_target_dag.py took 0.181 seconds
[2022-01-05 20:46:59,449] {processor.py:163} INFO - Started process (PID=18059) to work on /home/airflow/sandbox/lib/python3.8/site-packages/airflow/example_dags/example_trigger_target_dag.py
[2022-01-05 20:46:59,451] {processor.py:642} INFO - Processing file /home/airflow/sandbox/lib/python3.8/site-packages/airflow/example_dags/example_trigger_target_dag.py for tasks to queue
[2022-01-05 20:46:59,451] {logging_mixin.py:109} INFO - [2022-01-05 20:46:59,451] {dagbag.py:500} INFO - Filling up the DagBag from /home/airflow/sandbox/lib/python3.8/site-packages/airflow/example_dags/example_trigger_target_dag.py
[2022-01-05 20:46:59,590] {processor.py:654} INFO - DAG(s) dict_keys(['example_trigger_target_dag']) retrieved from /home/airflow/sandbox/lib/python3.8/site-packages/airflow/example_dags/example_trigger_target_dag.py
[2022-01-05 20:46:59,612] {logging_mixin.py:109} INFO - [2022-01-05 20:46:59,612] {dag.py:2396} INFO - Sync 1 DAGs
[2022-01-05 20:46:59,658] {logging_mixin.py:109} INFO - [2022-01-05 20:46:59,658] {dag.py:2935} INFO - Setting next_dagrun for example_trigger_target_dag to None
[2022-01-05 20:46:59,693] {processor.py:171} INFO - Processing /home/airflow/sandbox/lib/python3.8/site-packages/airflow/example_dags/example_trigger_target_dag.py took 0.260 seconds
[2022-01-05 20:47:30,253] {processor.py:163} INFO - Started process (PID=18306) to work on /home/airflow/sandbox/lib/python3.8/site-packages/airflow/example_dags/example_trigger_target_dag.py
[2022-01-05 20:47:30,256] {processor.py:642} INFO - Processing file /home/airflow/sandbox/lib/python3.8/site-packages/airflow/example_dags/example_trigger_target_dag.py for tasks to queue
[2022-01-05 20:47:30,256] {logging_mixin.py:109} INFO - [2022-01-05 20:47:30,256] {dagbag.py:500} INFO - Filling up the DagBag from /home/airflow/sandbox/lib/python3.8/site-packages/airflow/example_dags/example_trigger_target_dag.py
[2022-01-05 20:47:30,372] {processor.py:654} INFO - DAG(s) dict_keys(['example_trigger_target_dag']) retrieved from /home/airflow/sandbox/lib/python3.8/site-packages/airflow/example_dags/example_trigger_target_dag.py
[2022-01-05 20:47:30,415] {logging_mixin.py:109} INFO - [2022-01-05 20:47:30,415] {dag.py:2396} INFO - Sync 1 DAGs
[2022-01-05 20:47:30,521] {logging_mixin.py:109} INFO - [2022-01-05 20:47:30,520] {dag.py:2935} INFO - Setting next_dagrun for example_trigger_target_dag to None
[2022-01-05 20:47:30,563] {processor.py:171} INFO - Processing /home/airflow/sandbox/lib/python3.8/site-packages/airflow/example_dags/example_trigger_target_dag.py took 0.316 seconds
[2022-01-05 20:48:01,233] {processor.py:163} INFO - Started process (PID=18553) to work on /home/airflow/sandbox/lib/python3.8/site-packages/airflow/example_dags/example_trigger_target_dag.py
[2022-01-05 20:48:01,241] {processor.py:642} INFO - Processing file /home/airflow/sandbox/lib/python3.8/site-packages/airflow/example_dags/example_trigger_target_dag.py for tasks to queue
[2022-01-05 20:48:01,242] {logging_mixin.py:109} INFO - [2022-01-05 20:48:01,242] {dagbag.py:500} INFO - Filling up the DagBag from /home/airflow/sandbox/lib/python3.8/site-packages/airflow/example_dags/example_trigger_target_dag.py
[2022-01-05 20:48:01,318] {processor.py:654} INFO - DAG(s) dict_keys(['example_trigger_target_dag']) retrieved from /home/airflow/sandbox/lib/python3.8/site-packages/airflow/example_dags/example_trigger_target_dag.py
[2022-01-05 20:48:01,338] {logging_mixin.py:109} INFO - [2022-01-05 20:48:01,338] {dag.py:2396} INFO - Sync 1 DAGs
[2022-01-05 20:48:01,372] {logging_mixin.py:109} INFO - [2022-01-05 20:48:01,372] {dag.py:2935} INFO - Setting next_dagrun for example_trigger_target_dag to None
[2022-01-05 20:48:01,390] {processor.py:171} INFO - Processing /home/airflow/sandbox/lib/python3.8/site-packages/airflow/example_dags/example_trigger_target_dag.py took 0.159 seconds
[2022-01-05 20:48:31,818] {processor.py:163} INFO - Started process (PID=18846) to work on /home/airflow/sandbox/lib/python3.8/site-packages/airflow/example_dags/example_trigger_target_dag.py
[2022-01-05 20:48:31,820] {processor.py:642} INFO - Processing file /home/airflow/sandbox/lib/python3.8/site-packages/airflow/example_dags/example_trigger_target_dag.py for tasks to queue
[2022-01-05 20:48:31,820] {logging_mixin.py:109} INFO - [2022-01-05 20:48:31,820] {dagbag.py:500} INFO - Filling up the DagBag from /home/airflow/sandbox/lib/python3.8/site-packages/airflow/example_dags/example_trigger_target_dag.py
[2022-01-05 20:48:32,366] {processor.py:654} INFO - DAG(s) dict_keys(['example_trigger_target_dag']) retrieved from /home/airflow/sandbox/lib/python3.8/site-packages/airflow/example_dags/example_trigger_target_dag.py
[2022-01-05 20:48:32,467] {logging_mixin.py:109} INFO - [2022-01-05 20:48:32,467] {dag.py:2396} INFO - Sync 1 DAGs
[2022-01-05 20:48:32,569] {logging_mixin.py:109} INFO - [2022-01-05 20:48:32,569] {dag.py:2935} INFO - Setting next_dagrun for example_trigger_target_dag to None
[2022-01-05 20:48:32,668] {processor.py:171} INFO - Processing /home/airflow/sandbox/lib/python3.8/site-packages/airflow/example_dags/example_trigger_target_dag.py took 0.855 seconds
[2022-01-05 20:49:03,001] {processor.py:163} INFO - Started process (PID=19095) to work on /home/airflow/sandbox/lib/python3.8/site-packages/airflow/example_dags/example_trigger_target_dag.py
[2022-01-05 20:49:03,003] {processor.py:642} INFO - Processing file /home/airflow/sandbox/lib/python3.8/site-packages/airflow/example_dags/example_trigger_target_dag.py for tasks to queue
[2022-01-05 20:49:03,004] {logging_mixin.py:109} INFO - [2022-01-05 20:49:03,004] {dagbag.py:500} INFO - Filling up the DagBag from /home/airflow/sandbox/lib/python3.8/site-packages/airflow/example_dags/example_trigger_target_dag.py
[2022-01-05 20:49:03,191] {processor.py:654} INFO - DAG(s) dict_keys(['example_trigger_target_dag']) retrieved from /home/airflow/sandbox/lib/python3.8/site-packages/airflow/example_dags/example_trigger_target_dag.py
[2022-01-05 20:49:03,202] {logging_mixin.py:109} INFO - [2022-01-05 20:49:03,202] {dag.py:2396} INFO - Sync 1 DAGs
[2022-01-05 20:49:03,266] {logging_mixin.py:109} INFO - [2022-01-05 20:49:03,265] {dag.py:2935} INFO - Setting next_dagrun for example_trigger_target_dag to None
[2022-01-05 20:49:03,314] {processor.py:171} INFO - Processing /home/airflow/sandbox/lib/python3.8/site-packages/airflow/example_dags/example_trigger_target_dag.py took 0.316 seconds
[2022-01-05 20:49:33,532] {processor.py:163} INFO - Started process (PID=19326) to work on /home/airflow/sandbox/lib/python3.8/site-packages/airflow/example_dags/example_trigger_target_dag.py
[2022-01-05 20:49:33,535] {processor.py:642} INFO - Processing file /home/airflow/sandbox/lib/python3.8/site-packages/airflow/example_dags/example_trigger_target_dag.py for tasks to queue
[2022-01-05 20:49:33,537] {logging_mixin.py:109} INFO - [2022-01-05 20:49:33,536] {dagbag.py:500} INFO - Filling up the DagBag from /home/airflow/sandbox/lib/python3.8/site-packages/airflow/example_dags/example_trigger_target_dag.py
[2022-01-05 20:49:33,690] {processor.py:654} INFO - DAG(s) dict_keys(['example_trigger_target_dag']) retrieved from /home/airflow/sandbox/lib/python3.8/site-packages/airflow/example_dags/example_trigger_target_dag.py
[2022-01-05 20:49:33,751] {logging_mixin.py:109} INFO - [2022-01-05 20:49:33,751] {dag.py:2396} INFO - Sync 1 DAGs
[2022-01-05 20:49:33,877] {logging_mixin.py:109} INFO - [2022-01-05 20:49:33,877] {dag.py:2935} INFO - Setting next_dagrun for example_trigger_target_dag to None
[2022-01-05 20:49:33,887] {processor.py:171} INFO - Processing /home/airflow/sandbox/lib/python3.8/site-packages/airflow/example_dags/example_trigger_target_dag.py took 0.359 seconds
[2022-01-05 20:50:04,127] {processor.py:163} INFO - Started process (PID=19574) to work on /home/airflow/sandbox/lib/python3.8/site-packages/airflow/example_dags/example_trigger_target_dag.py
[2022-01-05 20:50:04,129] {processor.py:642} INFO - Processing file /home/airflow/sandbox/lib/python3.8/site-packages/airflow/example_dags/example_trigger_target_dag.py for tasks to queue
[2022-01-05 20:50:04,131] {logging_mixin.py:109} INFO - [2022-01-05 20:50:04,131] {dagbag.py:500} INFO - Filling up the DagBag from /home/airflow/sandbox/lib/python3.8/site-packages/airflow/example_dags/example_trigger_target_dag.py
[2022-01-05 20:50:04,265] {processor.py:654} INFO - DAG(s) dict_keys(['example_trigger_target_dag']) retrieved from /home/airflow/sandbox/lib/python3.8/site-packages/airflow/example_dags/example_trigger_target_dag.py
[2022-01-05 20:50:04,315] {logging_mixin.py:109} INFO - [2022-01-05 20:50:04,314] {dag.py:2396} INFO - Sync 1 DAGs
[2022-01-05 20:50:04,366] {logging_mixin.py:109} INFO - [2022-01-05 20:50:04,366] {dag.py:2935} INFO - Setting next_dagrun for example_trigger_target_dag to None
[2022-01-05 20:50:04,391] {processor.py:171} INFO - Processing /home/airflow/sandbox/lib/python3.8/site-packages/airflow/example_dags/example_trigger_target_dag.py took 0.275 seconds
[2022-01-05 20:50:34,468] {processor.py:163} INFO - Started process (PID=19815) to work on /home/airflow/sandbox/lib/python3.8/site-packages/airflow/example_dags/example_trigger_target_dag.py
[2022-01-05 20:50:34,469] {processor.py:642} INFO - Processing file /home/airflow/sandbox/lib/python3.8/site-packages/airflow/example_dags/example_trigger_target_dag.py for tasks to queue
[2022-01-05 20:50:34,471] {logging_mixin.py:109} INFO - [2022-01-05 20:50:34,471] {dagbag.py:500} INFO - Filling up the DagBag from /home/airflow/sandbox/lib/python3.8/site-packages/airflow/example_dags/example_trigger_target_dag.py
[2022-01-05 20:50:34,537] {processor.py:654} INFO - DAG(s) dict_keys(['example_trigger_target_dag']) retrieved from /home/airflow/sandbox/lib/python3.8/site-packages/airflow/example_dags/example_trigger_target_dag.py
[2022-01-05 20:50:34,577] {logging_mixin.py:109} INFO - [2022-01-05 20:50:34,577] {dag.py:2396} INFO - Sync 1 DAGs
[2022-01-05 20:50:34,641] {logging_mixin.py:109} INFO - [2022-01-05 20:50:34,638] {dag.py:2935} INFO - Setting next_dagrun for example_trigger_target_dag to None
[2022-01-05 20:50:34,736] {processor.py:171} INFO - Processing /home/airflow/sandbox/lib/python3.8/site-packages/airflow/example_dags/example_trigger_target_dag.py took 0.272 seconds
[2022-01-05 20:51:04,863] {processor.py:163} INFO - Started process (PID=20062) to work on /home/airflow/sandbox/lib/python3.8/site-packages/airflow/example_dags/example_trigger_target_dag.py
[2022-01-05 20:51:04,865] {processor.py:642} INFO - Processing file /home/airflow/sandbox/lib/python3.8/site-packages/airflow/example_dags/example_trigger_target_dag.py for tasks to queue
[2022-01-05 20:51:04,867] {logging_mixin.py:109} INFO - [2022-01-05 20:51:04,867] {dagbag.py:500} INFO - Filling up the DagBag from /home/airflow/sandbox/lib/python3.8/site-packages/airflow/example_dags/example_trigger_target_dag.py
[2022-01-05 20:51:04,957] {processor.py:654} INFO - DAG(s) dict_keys(['example_trigger_target_dag']) retrieved from /home/airflow/sandbox/lib/python3.8/site-packages/airflow/example_dags/example_trigger_target_dag.py
[2022-01-05 20:51:04,979] {logging_mixin.py:109} INFO - [2022-01-05 20:51:04,979] {dag.py:2396} INFO - Sync 1 DAGs
[2022-01-05 20:51:05,005] {logging_mixin.py:109} INFO - [2022-01-05 20:51:05,005] {dag.py:2935} INFO - Setting next_dagrun for example_trigger_target_dag to None
[2022-01-05 20:51:05,021] {processor.py:171} INFO - Processing /home/airflow/sandbox/lib/python3.8/site-packages/airflow/example_dags/example_trigger_target_dag.py took 0.165 seconds
[2022-01-05 20:51:35,418] {processor.py:163} INFO - Started process (PID=20303) to work on /home/airflow/sandbox/lib/python3.8/site-packages/airflow/example_dags/example_trigger_target_dag.py
[2022-01-05 20:51:35,427] {processor.py:642} INFO - Processing file /home/airflow/sandbox/lib/python3.8/site-packages/airflow/example_dags/example_trigger_target_dag.py for tasks to queue
[2022-01-05 20:51:35,428] {logging_mixin.py:109} INFO - [2022-01-05 20:51:35,428] {dagbag.py:500} INFO - Filling up the DagBag from /home/airflow/sandbox/lib/python3.8/site-packages/airflow/example_dags/example_trigger_target_dag.py
[2022-01-05 20:51:35,647] {processor.py:654} INFO - DAG(s) dict_keys(['example_trigger_target_dag']) retrieved from /home/airflow/sandbox/lib/python3.8/site-packages/airflow/example_dags/example_trigger_target_dag.py
[2022-01-05 20:51:35,675] {logging_mixin.py:109} INFO - [2022-01-05 20:51:35,674] {dag.py:2396} INFO - Sync 1 DAGs
[2022-01-05 20:51:35,702] {logging_mixin.py:109} INFO - [2022-01-05 20:51:35,702] {dag.py:2935} INFO - Setting next_dagrun for example_trigger_target_dag to None
[2022-01-05 20:51:35,714] {processor.py:171} INFO - Processing /home/airflow/sandbox/lib/python3.8/site-packages/airflow/example_dags/example_trigger_target_dag.py took 0.306 seconds
[2022-01-05 20:52:06,460] {processor.py:163} INFO - Started process (PID=20551) to work on /home/airflow/sandbox/lib/python3.8/site-packages/airflow/example_dags/example_trigger_target_dag.py
[2022-01-05 20:52:06,463] {processor.py:642} INFO - Processing file /home/airflow/sandbox/lib/python3.8/site-packages/airflow/example_dags/example_trigger_target_dag.py for tasks to queue
[2022-01-05 20:52:06,463] {logging_mixin.py:109} INFO - [2022-01-05 20:52:06,463] {dagbag.py:500} INFO - Filling up the DagBag from /home/airflow/sandbox/lib/python3.8/site-packages/airflow/example_dags/example_trigger_target_dag.py
[2022-01-05 20:52:06,662] {processor.py:654} INFO - DAG(s) dict_keys(['example_trigger_target_dag']) retrieved from /home/airflow/sandbox/lib/python3.8/site-packages/airflow/example_dags/example_trigger_target_dag.py
[2022-01-05 20:52:06,701] {logging_mixin.py:109} INFO - [2022-01-05 20:52:06,700] {dag.py:2396} INFO - Sync 1 DAGs
[2022-01-05 20:52:06,722] {logging_mixin.py:109} INFO - [2022-01-05 20:52:06,722] {dag.py:2935} INFO - Setting next_dagrun for example_trigger_target_dag to None
[2022-01-05 20:52:06,750] {processor.py:171} INFO - Processing /home/airflow/sandbox/lib/python3.8/site-packages/airflow/example_dags/example_trigger_target_dag.py took 0.332 seconds
[2022-01-05 20:52:36,857] {processor.py:163} INFO - Started process (PID=20798) to work on /home/airflow/sandbox/lib/python3.8/site-packages/airflow/example_dags/example_trigger_target_dag.py
[2022-01-05 20:52:36,862] {processor.py:642} INFO - Processing file /home/airflow/sandbox/lib/python3.8/site-packages/airflow/example_dags/example_trigger_target_dag.py for tasks to queue
[2022-01-05 20:52:36,867] {logging_mixin.py:109} INFO - [2022-01-05 20:52:36,867] {dagbag.py:500} INFO - Filling up the DagBag from /home/airflow/sandbox/lib/python3.8/site-packages/airflow/example_dags/example_trigger_target_dag.py
[2022-01-05 20:52:37,090] {processor.py:654} INFO - DAG(s) dict_keys(['example_trigger_target_dag']) retrieved from /home/airflow/sandbox/lib/python3.8/site-packages/airflow/example_dags/example_trigger_target_dag.py
[2022-01-05 20:52:37,133] {logging_mixin.py:109} INFO - [2022-01-05 20:52:37,133] {dag.py:2396} INFO - Sync 1 DAGs
[2022-01-05 20:52:37,161] {logging_mixin.py:109} INFO - [2022-01-05 20:52:37,161] {dag.py:2935} INFO - Setting next_dagrun for example_trigger_target_dag to None
[2022-01-05 20:52:37,196] {processor.py:171} INFO - Processing /home/airflow/sandbox/lib/python3.8/site-packages/airflow/example_dags/example_trigger_target_dag.py took 0.348 seconds
[2022-01-05 20:53:07,583] {processor.py:163} INFO - Started process (PID=21043) to work on /home/airflow/sandbox/lib/python3.8/site-packages/airflow/example_dags/example_trigger_target_dag.py
[2022-01-05 20:53:07,586] {processor.py:642} INFO - Processing file /home/airflow/sandbox/lib/python3.8/site-packages/airflow/example_dags/example_trigger_target_dag.py for tasks to queue
[2022-01-05 20:53:07,587] {logging_mixin.py:109} INFO - [2022-01-05 20:53:07,586] {dagbag.py:500} INFO - Filling up the DagBag from /home/airflow/sandbox/lib/python3.8/site-packages/airflow/example_dags/example_trigger_target_dag.py
[2022-01-05 20:53:07,743] {processor.py:654} INFO - DAG(s) dict_keys(['example_trigger_target_dag']) retrieved from /home/airflow/sandbox/lib/python3.8/site-packages/airflow/example_dags/example_trigger_target_dag.py
[2022-01-05 20:53:07,780] {logging_mixin.py:109} INFO - [2022-01-05 20:53:07,780] {dag.py:2396} INFO - Sync 1 DAGs
[2022-01-05 20:53:07,834] {logging_mixin.py:109} INFO - [2022-01-05 20:53:07,833] {dag.py:2935} INFO - Setting next_dagrun for example_trigger_target_dag to None
[2022-01-05 20:53:07,847] {processor.py:171} INFO - Processing /home/airflow/sandbox/lib/python3.8/site-packages/airflow/example_dags/example_trigger_target_dag.py took 0.282 seconds
[2022-01-05 20:53:37,984] {processor.py:163} INFO - Started process (PID=21352) to work on /home/airflow/sandbox/lib/python3.8/site-packages/airflow/example_dags/example_trigger_target_dag.py
[2022-01-05 20:53:37,989] {processor.py:642} INFO - Processing file /home/airflow/sandbox/lib/python3.8/site-packages/airflow/example_dags/example_trigger_target_dag.py for tasks to queue
[2022-01-05 20:53:37,994] {logging_mixin.py:109} INFO - [2022-01-05 20:53:37,993] {dagbag.py:500} INFO - Filling up the DagBag from /home/airflow/sandbox/lib/python3.8/site-packages/airflow/example_dags/example_trigger_target_dag.py
[2022-01-05 20:53:38,197] {processor.py:654} INFO - DAG(s) dict_keys(['example_trigger_target_dag']) retrieved from /home/airflow/sandbox/lib/python3.8/site-packages/airflow/example_dags/example_trigger_target_dag.py
[2022-01-05 20:53:38,246] {logging_mixin.py:109} INFO - [2022-01-05 20:53:38,246] {dag.py:2396} INFO - Sync 1 DAGs
[2022-01-05 20:53:38,301] {logging_mixin.py:109} INFO - [2022-01-05 20:53:38,301] {dag.py:2935} INFO - Setting next_dagrun for example_trigger_target_dag to None
[2022-01-05 20:53:38,348] {processor.py:171} INFO - Processing /home/airflow/sandbox/lib/python3.8/site-packages/airflow/example_dags/example_trigger_target_dag.py took 0.386 seconds
[2022-01-05 20:54:08,576] {processor.py:163} INFO - Started process (PID=21578) to work on /home/airflow/sandbox/lib/python3.8/site-packages/airflow/example_dags/example_trigger_target_dag.py
[2022-01-05 20:54:08,577] {processor.py:642} INFO - Processing file /home/airflow/sandbox/lib/python3.8/site-packages/airflow/example_dags/example_trigger_target_dag.py for tasks to queue
[2022-01-05 20:54:08,578] {logging_mixin.py:109} INFO - [2022-01-05 20:54:08,578] {dagbag.py:500} INFO - Filling up the DagBag from /home/airflow/sandbox/lib/python3.8/site-packages/airflow/example_dags/example_trigger_target_dag.py
[2022-01-05 20:54:08,647] {processor.py:654} INFO - DAG(s) dict_keys(['example_trigger_target_dag']) retrieved from /home/airflow/sandbox/lib/python3.8/site-packages/airflow/example_dags/example_trigger_target_dag.py
[2022-01-05 20:54:08,730] {logging_mixin.py:109} INFO - [2022-01-05 20:54:08,730] {dag.py:2396} INFO - Sync 1 DAGs
[2022-01-05 20:54:08,787] {logging_mixin.py:109} INFO - [2022-01-05 20:54:08,787] {dag.py:2935} INFO - Setting next_dagrun for example_trigger_target_dag to None
[2022-01-05 20:54:08,853] {processor.py:171} INFO - Processing /home/airflow/sandbox/lib/python3.8/site-packages/airflow/example_dags/example_trigger_target_dag.py took 0.300 seconds
[2022-01-05 20:54:39,045] {processor.py:163} INFO - Started process (PID=21825) to work on /home/airflow/sandbox/lib/python3.8/site-packages/airflow/example_dags/example_trigger_target_dag.py
[2022-01-05 20:54:39,050] {processor.py:642} INFO - Processing file /home/airflow/sandbox/lib/python3.8/site-packages/airflow/example_dags/example_trigger_target_dag.py for tasks to queue
[2022-01-05 20:54:39,052] {logging_mixin.py:109} INFO - [2022-01-05 20:54:39,052] {dagbag.py:500} INFO - Filling up the DagBag from /home/airflow/sandbox/lib/python3.8/site-packages/airflow/example_dags/example_trigger_target_dag.py
[2022-01-05 20:54:39,144] {processor.py:654} INFO - DAG(s) dict_keys(['example_trigger_target_dag']) retrieved from /home/airflow/sandbox/lib/python3.8/site-packages/airflow/example_dags/example_trigger_target_dag.py
[2022-01-05 20:54:39,179] {logging_mixin.py:109} INFO - [2022-01-05 20:54:39,178] {dag.py:2396} INFO - Sync 1 DAGs
[2022-01-05 20:54:39,196] {logging_mixin.py:109} INFO - [2022-01-05 20:54:39,196] {dag.py:2935} INFO - Setting next_dagrun for example_trigger_target_dag to None
[2022-01-05 20:54:39,208] {processor.py:171} INFO - Processing /home/airflow/sandbox/lib/python3.8/site-packages/airflow/example_dags/example_trigger_target_dag.py took 0.204 seconds
[2022-01-05 20:55:09,978] {processor.py:163} INFO - Started process (PID=22076) to work on /home/airflow/sandbox/lib/python3.8/site-packages/airflow/example_dags/example_trigger_target_dag.py
[2022-01-05 20:55:09,979] {processor.py:642} INFO - Processing file /home/airflow/sandbox/lib/python3.8/site-packages/airflow/example_dags/example_trigger_target_dag.py for tasks to queue
[2022-01-05 20:55:09,980] {logging_mixin.py:109} INFO - [2022-01-05 20:55:09,979] {dagbag.py:500} INFO - Filling up the DagBag from /home/airflow/sandbox/lib/python3.8/site-packages/airflow/example_dags/example_trigger_target_dag.py
[2022-01-05 20:55:10,098] {processor.py:654} INFO - DAG(s) dict_keys(['example_trigger_target_dag']) retrieved from /home/airflow/sandbox/lib/python3.8/site-packages/airflow/example_dags/example_trigger_target_dag.py
[2022-01-05 20:55:10,141] {logging_mixin.py:109} INFO - [2022-01-05 20:55:10,141] {dag.py:2396} INFO - Sync 1 DAGs
[2022-01-05 20:55:10,199] {logging_mixin.py:109} INFO - [2022-01-05 20:55:10,199] {dag.py:2935} INFO - Setting next_dagrun for example_trigger_target_dag to None
[2022-01-05 20:55:10,233] {processor.py:171} INFO - Processing /home/airflow/sandbox/lib/python3.8/site-packages/airflow/example_dags/example_trigger_target_dag.py took 0.284 seconds
[2022-01-05 20:55:40,738] {processor.py:163} INFO - Started process (PID=22318) to work on /home/airflow/sandbox/lib/python3.8/site-packages/airflow/example_dags/example_trigger_target_dag.py
[2022-01-05 20:55:40,739] {processor.py:642} INFO - Processing file /home/airflow/sandbox/lib/python3.8/site-packages/airflow/example_dags/example_trigger_target_dag.py for tasks to queue
[2022-01-05 20:55:40,740] {logging_mixin.py:109} INFO - [2022-01-05 20:55:40,740] {dagbag.py:500} INFO - Filling up the DagBag from /home/airflow/sandbox/lib/python3.8/site-packages/airflow/example_dags/example_trigger_target_dag.py
[2022-01-05 20:55:41,135] {processor.py:654} INFO - DAG(s) dict_keys(['example_trigger_target_dag']) retrieved from /home/airflow/sandbox/lib/python3.8/site-packages/airflow/example_dags/example_trigger_target_dag.py
[2022-01-05 20:55:41,152] {logging_mixin.py:109} INFO - [2022-01-05 20:55:41,152] {dag.py:2396} INFO - Sync 1 DAGs
[2022-01-05 20:55:41,303] {logging_mixin.py:109} INFO - [2022-01-05 20:55:41,303] {dag.py:2935} INFO - Setting next_dagrun for example_trigger_target_dag to None
[2022-01-05 20:55:41,435] {processor.py:171} INFO - Processing /home/airflow/sandbox/lib/python3.8/site-packages/airflow/example_dags/example_trigger_target_dag.py took 0.700 seconds
[2022-01-05 20:56:12,150] {processor.py:163} INFO - Started process (PID=22562) to work on /home/airflow/sandbox/lib/python3.8/site-packages/airflow/example_dags/example_trigger_target_dag.py
[2022-01-05 20:56:12,182] {processor.py:642} INFO - Processing file /home/airflow/sandbox/lib/python3.8/site-packages/airflow/example_dags/example_trigger_target_dag.py for tasks to queue
[2022-01-05 20:56:12,182] {logging_mixin.py:109} INFO - [2022-01-05 20:56:12,182] {dagbag.py:500} INFO - Filling up the DagBag from /home/airflow/sandbox/lib/python3.8/site-packages/airflow/example_dags/example_trigger_target_dag.py
[2022-01-05 20:56:12,447] {processor.py:654} INFO - DAG(s) dict_keys(['example_trigger_target_dag']) retrieved from /home/airflow/sandbox/lib/python3.8/site-packages/airflow/example_dags/example_trigger_target_dag.py
[2022-01-05 20:56:12,547] {logging_mixin.py:109} INFO - [2022-01-05 20:56:12,547] {dag.py:2396} INFO - Sync 1 DAGs
[2022-01-05 20:56:12,638] {logging_mixin.py:109} INFO - [2022-01-05 20:56:12,637] {dag.py:2935} INFO - Setting next_dagrun for example_trigger_target_dag to None
[2022-01-05 20:56:12,679] {processor.py:171} INFO - Processing /home/airflow/sandbox/lib/python3.8/site-packages/airflow/example_dags/example_trigger_target_dag.py took 0.539 seconds
[2022-01-05 20:56:43,247] {processor.py:163} INFO - Started process (PID=22798) to work on /home/airflow/sandbox/lib/python3.8/site-packages/airflow/example_dags/example_trigger_target_dag.py
[2022-01-05 20:56:43,250] {processor.py:642} INFO - Processing file /home/airflow/sandbox/lib/python3.8/site-packages/airflow/example_dags/example_trigger_target_dag.py for tasks to queue
[2022-01-05 20:56:43,251] {logging_mixin.py:109} INFO - [2022-01-05 20:56:43,251] {dagbag.py:500} INFO - Filling up the DagBag from /home/airflow/sandbox/lib/python3.8/site-packages/airflow/example_dags/example_trigger_target_dag.py
[2022-01-05 20:56:43,550] {processor.py:654} INFO - DAG(s) dict_keys(['example_trigger_target_dag']) retrieved from /home/airflow/sandbox/lib/python3.8/site-packages/airflow/example_dags/example_trigger_target_dag.py
[2022-01-05 20:56:43,634] {logging_mixin.py:109} INFO - [2022-01-05 20:56:43,634] {dag.py:2396} INFO - Sync 1 DAGs
[2022-01-05 20:56:43,839] {logging_mixin.py:109} INFO - [2022-01-05 20:56:43,839] {dag.py:2935} INFO - Setting next_dagrun for example_trigger_target_dag to None
[2022-01-05 20:56:43,894] {processor.py:171} INFO - Processing /home/airflow/sandbox/lib/python3.8/site-packages/airflow/example_dags/example_trigger_target_dag.py took 0.651 seconds
[2022-01-05 20:57:14,743] {processor.py:163} INFO - Started process (PID=23035) to work on /home/airflow/sandbox/lib/python3.8/site-packages/airflow/example_dags/example_trigger_target_dag.py
[2022-01-05 20:57:14,745] {processor.py:642} INFO - Processing file /home/airflow/sandbox/lib/python3.8/site-packages/airflow/example_dags/example_trigger_target_dag.py for tasks to queue
[2022-01-05 20:57:14,747] {logging_mixin.py:109} INFO - [2022-01-05 20:57:14,747] {dagbag.py:500} INFO - Filling up the DagBag from /home/airflow/sandbox/lib/python3.8/site-packages/airflow/example_dags/example_trigger_target_dag.py
[2022-01-05 20:57:15,153] {processor.py:654} INFO - DAG(s) dict_keys(['example_trigger_target_dag']) retrieved from /home/airflow/sandbox/lib/python3.8/site-packages/airflow/example_dags/example_trigger_target_dag.py
[2022-01-05 20:57:15,285] {logging_mixin.py:109} INFO - [2022-01-05 20:57:15,285] {dag.py:2396} INFO - Sync 1 DAGs
[2022-01-05 20:57:15,429] {logging_mixin.py:109} INFO - [2022-01-05 20:57:15,428] {dag.py:2935} INFO - Setting next_dagrun for example_trigger_target_dag to None
[2022-01-05 20:57:15,448] {processor.py:171} INFO - Processing /home/airflow/sandbox/lib/python3.8/site-packages/airflow/example_dags/example_trigger_target_dag.py took 0.804 seconds
[2022-01-05 20:57:45,640] {processor.py:163} INFO - Started process (PID=23280) to work on /home/airflow/sandbox/lib/python3.8/site-packages/airflow/example_dags/example_trigger_target_dag.py
[2022-01-05 20:57:45,641] {processor.py:642} INFO - Processing file /home/airflow/sandbox/lib/python3.8/site-packages/airflow/example_dags/example_trigger_target_dag.py for tasks to queue
[2022-01-05 20:57:45,642] {logging_mixin.py:109} INFO - [2022-01-05 20:57:45,642] {dagbag.py:500} INFO - Filling up the DagBag from /home/airflow/sandbox/lib/python3.8/site-packages/airflow/example_dags/example_trigger_target_dag.py
[2022-01-05 20:57:46,133] {processor.py:654} INFO - DAG(s) dict_keys(['example_trigger_target_dag']) retrieved from /home/airflow/sandbox/lib/python3.8/site-packages/airflow/example_dags/example_trigger_target_dag.py
[2022-01-05 20:57:46,147] {logging_mixin.py:109} INFO - [2022-01-05 20:57:46,147] {dag.py:2396} INFO - Sync 1 DAGs
[2022-01-05 20:57:46,247] {logging_mixin.py:109} INFO - [2022-01-05 20:57:46,247] {dag.py:2935} INFO - Setting next_dagrun for example_trigger_target_dag to None
[2022-01-05 20:57:46,336] {processor.py:171} INFO - Processing /home/airflow/sandbox/lib/python3.8/site-packages/airflow/example_dags/example_trigger_target_dag.py took 0.702 seconds
[2022-01-05 20:58:17,354] {processor.py:163} INFO - Started process (PID=23571) to work on /home/airflow/sandbox/lib/python3.8/site-packages/airflow/example_dags/example_trigger_target_dag.py
[2022-01-05 20:58:17,379] {processor.py:642} INFO - Processing file /home/airflow/sandbox/lib/python3.8/site-packages/airflow/example_dags/example_trigger_target_dag.py for tasks to queue
[2022-01-05 20:58:17,381] {logging_mixin.py:109} INFO - [2022-01-05 20:58:17,381] {dagbag.py:500} INFO - Filling up the DagBag from /home/airflow/sandbox/lib/python3.8/site-packages/airflow/example_dags/example_trigger_target_dag.py
[2022-01-05 20:58:17,589] {processor.py:654} INFO - DAG(s) dict_keys(['example_trigger_target_dag']) retrieved from /home/airflow/sandbox/lib/python3.8/site-packages/airflow/example_dags/example_trigger_target_dag.py
[2022-01-05 20:58:17,640] {logging_mixin.py:109} INFO - [2022-01-05 20:58:17,640] {dag.py:2396} INFO - Sync 1 DAGs
[2022-01-05 20:58:17,694] {logging_mixin.py:109} INFO - [2022-01-05 20:58:17,693] {dag.py:2935} INFO - Setting next_dagrun for example_trigger_target_dag to None
[2022-01-05 20:58:17,789] {processor.py:171} INFO - Processing /home/airflow/sandbox/lib/python3.8/site-packages/airflow/example_dags/example_trigger_target_dag.py took 0.487 seconds
[2022-01-05 20:58:47,994] {processor.py:163} INFO - Started process (PID=23828) to work on /home/airflow/sandbox/lib/python3.8/site-packages/airflow/example_dags/example_trigger_target_dag.py
[2022-01-05 20:58:47,997] {processor.py:642} INFO - Processing file /home/airflow/sandbox/lib/python3.8/site-packages/airflow/example_dags/example_trigger_target_dag.py for tasks to queue
[2022-01-05 20:58:47,999] {logging_mixin.py:109} INFO - [2022-01-05 20:58:47,998] {dagbag.py:500} INFO - Filling up the DagBag from /home/airflow/sandbox/lib/python3.8/site-packages/airflow/example_dags/example_trigger_target_dag.py
[2022-01-05 20:58:48,178] {processor.py:654} INFO - DAG(s) dict_keys(['example_trigger_target_dag']) retrieved from /home/airflow/sandbox/lib/python3.8/site-packages/airflow/example_dags/example_trigger_target_dag.py
[2022-01-05 20:58:48,198] {logging_mixin.py:109} INFO - [2022-01-05 20:58:48,198] {dag.py:2396} INFO - Sync 1 DAGs
[2022-01-05 20:58:48,243] {logging_mixin.py:109} INFO - [2022-01-05 20:58:48,242] {dag.py:2935} INFO - Setting next_dagrun for example_trigger_target_dag to None
[2022-01-05 20:58:48,283] {processor.py:171} INFO - Processing /home/airflow/sandbox/lib/python3.8/site-packages/airflow/example_dags/example_trigger_target_dag.py took 0.297 seconds
[2022-01-05 20:59:18,350] {processor.py:163} INFO - Started process (PID=24075) to work on /home/airflow/sandbox/lib/python3.8/site-packages/airflow/example_dags/example_trigger_target_dag.py
[2022-01-05 20:59:18,351] {processor.py:642} INFO - Processing file /home/airflow/sandbox/lib/python3.8/site-packages/airflow/example_dags/example_trigger_target_dag.py for tasks to queue
[2022-01-05 20:59:18,352] {logging_mixin.py:109} INFO - [2022-01-05 20:59:18,352] {dagbag.py:500} INFO - Filling up the DagBag from /home/airflow/sandbox/lib/python3.8/site-packages/airflow/example_dags/example_trigger_target_dag.py
[2022-01-05 20:59:18,479] {processor.py:654} INFO - DAG(s) dict_keys(['example_trigger_target_dag']) retrieved from /home/airflow/sandbox/lib/python3.8/site-packages/airflow/example_dags/example_trigger_target_dag.py
[2022-01-05 20:59:18,495] {logging_mixin.py:109} INFO - [2022-01-05 20:59:18,494] {dag.py:2396} INFO - Sync 1 DAGs
[2022-01-05 20:59:18,553] {logging_mixin.py:109} INFO - [2022-01-05 20:59:18,553] {dag.py:2935} INFO - Setting next_dagrun for example_trigger_target_dag to None
[2022-01-05 20:59:18,592] {processor.py:171} INFO - Processing /home/airflow/sandbox/lib/python3.8/site-packages/airflow/example_dags/example_trigger_target_dag.py took 0.248 seconds
[2022-01-05 20:59:49,338] {processor.py:163} INFO - Started process (PID=24316) to work on /home/airflow/sandbox/lib/python3.8/site-packages/airflow/example_dags/example_trigger_target_dag.py
[2022-01-05 20:59:49,339] {processor.py:642} INFO - Processing file /home/airflow/sandbox/lib/python3.8/site-packages/airflow/example_dags/example_trigger_target_dag.py for tasks to queue
[2022-01-05 20:59:49,340] {logging_mixin.py:109} INFO - [2022-01-05 20:59:49,340] {dagbag.py:500} INFO - Filling up the DagBag from /home/airflow/sandbox/lib/python3.8/site-packages/airflow/example_dags/example_trigger_target_dag.py
[2022-01-05 20:59:49,444] {processor.py:654} INFO - DAG(s) dict_keys(['example_trigger_target_dag']) retrieved from /home/airflow/sandbox/lib/python3.8/site-packages/airflow/example_dags/example_trigger_target_dag.py
[2022-01-05 20:59:49,481] {logging_mixin.py:109} INFO - [2022-01-05 20:59:49,481] {dag.py:2396} INFO - Sync 1 DAGs
[2022-01-05 20:59:49,527] {logging_mixin.py:109} INFO - [2022-01-05 20:59:49,527] {dag.py:2935} INFO - Setting next_dagrun for example_trigger_target_dag to None
[2022-01-05 20:59:49,604] {processor.py:171} INFO - Processing /home/airflow/sandbox/lib/python3.8/site-packages/airflow/example_dags/example_trigger_target_dag.py took 0.270 seconds
[2022-01-05 21:00:19,659] {processor.py:163} INFO - Started process (PID=24558) to work on /home/airflow/sandbox/lib/python3.8/site-packages/airflow/example_dags/example_trigger_target_dag.py
[2022-01-05 21:00:19,660] {processor.py:642} INFO - Processing file /home/airflow/sandbox/lib/python3.8/site-packages/airflow/example_dags/example_trigger_target_dag.py for tasks to queue
[2022-01-05 21:00:19,660] {logging_mixin.py:109} INFO - [2022-01-05 21:00:19,660] {dagbag.py:500} INFO - Filling up the DagBag from /home/airflow/sandbox/lib/python3.8/site-packages/airflow/example_dags/example_trigger_target_dag.py
[2022-01-05 21:00:19,692] {processor.py:654} INFO - DAG(s) dict_keys(['example_trigger_target_dag']) retrieved from /home/airflow/sandbox/lib/python3.8/site-packages/airflow/example_dags/example_trigger_target_dag.py
[2022-01-05 21:00:19,701] {logging_mixin.py:109} INFO - [2022-01-05 21:00:19,700] {dag.py:2396} INFO - Sync 1 DAGs
[2022-01-05 21:00:19,716] {logging_mixin.py:109} INFO - [2022-01-05 21:00:19,716] {dag.py:2935} INFO - Setting next_dagrun for example_trigger_target_dag to None
[2022-01-05 21:00:19,725] {processor.py:171} INFO - Processing /home/airflow/sandbox/lib/python3.8/site-packages/airflow/example_dags/example_trigger_target_dag.py took 0.069 seconds
