[2022-01-05 20:07:18,584] {processor.py:163} INFO - Started process (PID=2506) to work on /home/airflow/sandbox/lib/python3.8/site-packages/airflow/example_dags/example_latest_only.py
[2022-01-05 20:07:18,589] {processor.py:642} INFO - Processing file /home/airflow/sandbox/lib/python3.8/site-packages/airflow/example_dags/example_latest_only.py for tasks to queue
[2022-01-05 20:07:18,625] {logging_mixin.py:109} INFO - [2022-01-05 20:07:18,625] {dagbag.py:500} INFO - Filling up the DagBag from /home/airflow/sandbox/lib/python3.8/site-packages/airflow/example_dags/example_latest_only.py
[2022-01-05 20:07:19,225] {processor.py:654} INFO - DAG(s) dict_keys(['latest_only']) retrieved from /home/airflow/sandbox/lib/python3.8/site-packages/airflow/example_dags/example_latest_only.py
[2022-01-05 20:07:19,343] {logging_mixin.py:109} INFO - [2022-01-05 20:07:19,343] {dag.py:2396} INFO - Sync 1 DAGs
[2022-01-05 20:07:19,550] {logging_mixin.py:109} INFO - [2022-01-05 20:07:19,550] {dag.py:2935} INFO - Setting next_dagrun for latest_only to 2022-01-05T16:07:19.537594+00:00
[2022-01-05 20:07:19,689] {processor.py:171} INFO - Processing /home/airflow/sandbox/lib/python3.8/site-packages/airflow/example_dags/example_latest_only.py took 1.116 seconds
[2022-01-05 20:07:50,180] {processor.py:163} INFO - Started process (PID=2794) to work on /home/airflow/sandbox/lib/python3.8/site-packages/airflow/example_dags/example_latest_only.py
[2022-01-05 20:07:50,181] {processor.py:642} INFO - Processing file /home/airflow/sandbox/lib/python3.8/site-packages/airflow/example_dags/example_latest_only.py for tasks to queue
[2022-01-05 20:07:50,181] {logging_mixin.py:109} INFO - [2022-01-05 20:07:50,181] {dagbag.py:500} INFO - Filling up the DagBag from /home/airflow/sandbox/lib/python3.8/site-packages/airflow/example_dags/example_latest_only.py
[2022-01-05 20:07:50,275] {processor.py:654} INFO - DAG(s) dict_keys(['latest_only']) retrieved from /home/airflow/sandbox/lib/python3.8/site-packages/airflow/example_dags/example_latest_only.py
[2022-01-05 20:07:50,298] {logging_mixin.py:109} INFO - [2022-01-05 20:07:50,298] {dag.py:2396} INFO - Sync 1 DAGs
[2022-01-05 20:07:50,344] {logging_mixin.py:109} INFO - [2022-01-05 20:07:50,343] {dag.py:2935} INFO - Setting next_dagrun for latest_only to 2022-01-05T16:07:50.343503+00:00
[2022-01-05 20:07:50,356] {processor.py:171} INFO - Processing /home/airflow/sandbox/lib/python3.8/site-packages/airflow/example_dags/example_latest_only.py took 0.179 seconds
[2022-01-05 20:08:21,044] {processor.py:163} INFO - Started process (PID=2978) to work on /home/airflow/sandbox/lib/python3.8/site-packages/airflow/example_dags/example_latest_only.py
[2022-01-05 20:08:21,048] {processor.py:642} INFO - Processing file /home/airflow/sandbox/lib/python3.8/site-packages/airflow/example_dags/example_latest_only.py for tasks to queue
[2022-01-05 20:08:21,048] {logging_mixin.py:109} INFO - [2022-01-05 20:08:21,048] {dagbag.py:500} INFO - Filling up the DagBag from /home/airflow/sandbox/lib/python3.8/site-packages/airflow/example_dags/example_latest_only.py
[2022-01-05 20:08:21,238] {processor.py:654} INFO - DAG(s) dict_keys(['latest_only']) retrieved from /home/airflow/sandbox/lib/python3.8/site-packages/airflow/example_dags/example_latest_only.py
[2022-01-05 20:08:21,304] {logging_mixin.py:109} INFO - [2022-01-05 20:08:21,304] {dag.py:2396} INFO - Sync 1 DAGs
[2022-01-05 20:08:21,449] {logging_mixin.py:109} INFO - [2022-01-05 20:08:21,449] {dag.py:2935} INFO - Setting next_dagrun for latest_only to 2022-01-05T16:08:21.448975+00:00
[2022-01-05 20:08:21,493] {processor.py:171} INFO - Processing /home/airflow/sandbox/lib/python3.8/site-packages/airflow/example_dags/example_latest_only.py took 0.476 seconds
[2022-01-05 20:08:52,263] {processor.py:163} INFO - Started process (PID=3318) to work on /home/airflow/sandbox/lib/python3.8/site-packages/airflow/example_dags/example_latest_only.py
[2022-01-05 20:08:52,264] {processor.py:642} INFO - Processing file /home/airflow/sandbox/lib/python3.8/site-packages/airflow/example_dags/example_latest_only.py for tasks to queue
[2022-01-05 20:08:52,264] {logging_mixin.py:109} INFO - [2022-01-05 20:08:52,264] {dagbag.py:500} INFO - Filling up the DagBag from /home/airflow/sandbox/lib/python3.8/site-packages/airflow/example_dags/example_latest_only.py
[2022-01-05 20:08:52,361] {processor.py:654} INFO - DAG(s) dict_keys(['latest_only']) retrieved from /home/airflow/sandbox/lib/python3.8/site-packages/airflow/example_dags/example_latest_only.py
[2022-01-05 20:08:52,381] {logging_mixin.py:109} INFO - [2022-01-05 20:08:52,381] {dag.py:2396} INFO - Sync 1 DAGs
[2022-01-05 20:08:52,460] {logging_mixin.py:109} INFO - [2022-01-05 20:08:52,459] {dag.py:2935} INFO - Setting next_dagrun for latest_only to 2022-01-05T16:08:52.459414+00:00
[2022-01-05 20:08:52,525] {processor.py:171} INFO - Processing /home/airflow/sandbox/lib/python3.8/site-packages/airflow/example_dags/example_latest_only.py took 0.270 seconds
[2022-01-05 20:09:28,070] {processor.py:163} INFO - Started process (PID=4060) to work on /home/airflow/sandbox/lib/python3.8/site-packages/airflow/example_dags/example_latest_only.py
[2022-01-05 20:09:28,072] {processor.py:642} INFO - Processing file /home/airflow/sandbox/lib/python3.8/site-packages/airflow/example_dags/example_latest_only.py for tasks to queue
[2022-01-05 20:09:28,073] {logging_mixin.py:109} INFO - [2022-01-05 20:09:28,073] {dagbag.py:500} INFO - Filling up the DagBag from /home/airflow/sandbox/lib/python3.8/site-packages/airflow/example_dags/example_latest_only.py
[2022-01-05 20:09:28,223] {processor.py:654} INFO - DAG(s) dict_keys(['latest_only']) retrieved from /home/airflow/sandbox/lib/python3.8/site-packages/airflow/example_dags/example_latest_only.py
[2022-01-05 20:09:28,271] {logging_mixin.py:109} INFO - [2022-01-05 20:09:28,271] {dag.py:2396} INFO - Sync 1 DAGs
[2022-01-05 20:09:28,387] {logging_mixin.py:109} INFO - [2022-01-05 20:09:28,387] {dag.py:2935} INFO - Setting next_dagrun for latest_only to 2022-01-05T16:09:28.386793+00:00
[2022-01-05 20:09:28,518] {processor.py:171} INFO - Processing /home/airflow/sandbox/lib/python3.8/site-packages/airflow/example_dags/example_latest_only.py took 0.455 seconds
[2022-01-05 20:10:00,204] {processor.py:163} INFO - Started process (PID=4728) to work on /home/airflow/sandbox/lib/python3.8/site-packages/airflow/example_dags/example_latest_only.py
[2022-01-05 20:10:00,206] {processor.py:642} INFO - Processing file /home/airflow/sandbox/lib/python3.8/site-packages/airflow/example_dags/example_latest_only.py for tasks to queue
[2022-01-05 20:10:00,208] {logging_mixin.py:109} INFO - [2022-01-05 20:10:00,207] {dagbag.py:500} INFO - Filling up the DagBag from /home/airflow/sandbox/lib/python3.8/site-packages/airflow/example_dags/example_latest_only.py
[2022-01-05 20:10:00,298] {processor.py:654} INFO - DAG(s) dict_keys(['latest_only']) retrieved from /home/airflow/sandbox/lib/python3.8/site-packages/airflow/example_dags/example_latest_only.py
[2022-01-05 20:10:00,314] {logging_mixin.py:109} INFO - [2022-01-05 20:10:00,314] {dag.py:2396} INFO - Sync 1 DAGs
[2022-01-05 20:10:00,362] {logging_mixin.py:109} INFO - [2022-01-05 20:10:00,362] {dag.py:2935} INFO - Setting next_dagrun for latest_only to 2022-01-05T16:10:00.361712+00:00
[2022-01-05 20:10:00,406] {processor.py:171} INFO - Processing /home/airflow/sandbox/lib/python3.8/site-packages/airflow/example_dags/example_latest_only.py took 0.207 seconds
[2022-01-05 20:10:31,037] {processor.py:163} INFO - Started process (PID=4814) to work on /home/airflow/sandbox/lib/python3.8/site-packages/airflow/example_dags/example_latest_only.py
[2022-01-05 20:10:31,043] {processor.py:642} INFO - Processing file /home/airflow/sandbox/lib/python3.8/site-packages/airflow/example_dags/example_latest_only.py for tasks to queue
[2022-01-05 20:10:31,046] {logging_mixin.py:109} INFO - [2022-01-05 20:10:31,046] {dagbag.py:500} INFO - Filling up the DagBag from /home/airflow/sandbox/lib/python3.8/site-packages/airflow/example_dags/example_latest_only.py
[2022-01-05 20:10:31,342] {processor.py:654} INFO - DAG(s) dict_keys(['latest_only']) retrieved from /home/airflow/sandbox/lib/python3.8/site-packages/airflow/example_dags/example_latest_only.py
[2022-01-05 20:10:31,460] {logging_mixin.py:109} INFO - [2022-01-05 20:10:31,460] {dag.py:2396} INFO - Sync 1 DAGs
[2022-01-05 20:10:31,591] {logging_mixin.py:109} INFO - [2022-01-05 20:10:31,591] {dag.py:2935} INFO - Setting next_dagrun for latest_only to 2022-01-05T16:10:31.591200+00:00
[2022-01-05 20:10:31,627] {processor.py:171} INFO - Processing /home/airflow/sandbox/lib/python3.8/site-packages/airflow/example_dags/example_latest_only.py took 0.597 seconds
[2022-01-05 20:11:02,394] {processor.py:163} INFO - Started process (PID=4998) to work on /home/airflow/sandbox/lib/python3.8/site-packages/airflow/example_dags/example_latest_only.py
[2022-01-05 20:11:02,395] {processor.py:642} INFO - Processing file /home/airflow/sandbox/lib/python3.8/site-packages/airflow/example_dags/example_latest_only.py for tasks to queue
[2022-01-05 20:11:02,396] {logging_mixin.py:109} INFO - [2022-01-05 20:11:02,396] {dagbag.py:500} INFO - Filling up the DagBag from /home/airflow/sandbox/lib/python3.8/site-packages/airflow/example_dags/example_latest_only.py
[2022-01-05 20:11:02,602] {processor.py:654} INFO - DAG(s) dict_keys(['latest_only']) retrieved from /home/airflow/sandbox/lib/python3.8/site-packages/airflow/example_dags/example_latest_only.py
[2022-01-05 20:11:02,643] {logging_mixin.py:109} INFO - [2022-01-05 20:11:02,643] {dag.py:2396} INFO - Sync 1 DAGs
[2022-01-05 20:11:02,801] {logging_mixin.py:109} INFO - [2022-01-05 20:11:02,801] {dag.py:2935} INFO - Setting next_dagrun for latest_only to 2022-01-05T16:11:02.801473+00:00
[2022-01-05 20:11:02,836] {processor.py:171} INFO - Processing /home/airflow/sandbox/lib/python3.8/site-packages/airflow/example_dags/example_latest_only.py took 0.449 seconds
[2022-01-05 20:11:33,093] {processor.py:163} INFO - Started process (PID=5089) to work on /home/airflow/sandbox/lib/python3.8/site-packages/airflow/example_dags/example_latest_only.py
[2022-01-05 20:11:33,096] {processor.py:642} INFO - Processing file /home/airflow/sandbox/lib/python3.8/site-packages/airflow/example_dags/example_latest_only.py for tasks to queue
[2022-01-05 20:11:33,097] {logging_mixin.py:109} INFO - [2022-01-05 20:11:33,097] {dagbag.py:500} INFO - Filling up the DagBag from /home/airflow/sandbox/lib/python3.8/site-packages/airflow/example_dags/example_latest_only.py
[2022-01-05 20:11:33,172] {processor.py:654} INFO - DAG(s) dict_keys(['latest_only']) retrieved from /home/airflow/sandbox/lib/python3.8/site-packages/airflow/example_dags/example_latest_only.py
[2022-01-05 20:11:33,193] {logging_mixin.py:109} INFO - [2022-01-05 20:11:33,193] {dag.py:2396} INFO - Sync 1 DAGs
[2022-01-05 20:11:33,231] {logging_mixin.py:109} INFO - [2022-01-05 20:11:33,231] {dag.py:2935} INFO - Setting next_dagrun for latest_only to 2022-01-05T16:11:33.230932+00:00
[2022-01-05 20:11:33,244] {processor.py:171} INFO - Processing /home/airflow/sandbox/lib/python3.8/site-packages/airflow/example_dags/example_latest_only.py took 0.155 seconds
[2022-01-05 20:12:03,342] {processor.py:163} INFO - Started process (PID=5180) to work on /home/airflow/sandbox/lib/python3.8/site-packages/airflow/example_dags/example_latest_only.py
[2022-01-05 20:12:03,361] {processor.py:642} INFO - Processing file /home/airflow/sandbox/lib/python3.8/site-packages/airflow/example_dags/example_latest_only.py for tasks to queue
[2022-01-05 20:12:03,362] {logging_mixin.py:109} INFO - [2022-01-05 20:12:03,362] {dagbag.py:500} INFO - Filling up the DagBag from /home/airflow/sandbox/lib/python3.8/site-packages/airflow/example_dags/example_latest_only.py
[2022-01-05 20:12:03,482] {processor.py:654} INFO - DAG(s) dict_keys(['latest_only']) retrieved from /home/airflow/sandbox/lib/python3.8/site-packages/airflow/example_dags/example_latest_only.py
[2022-01-05 20:12:03,531] {logging_mixin.py:109} INFO - [2022-01-05 20:12:03,531] {dag.py:2396} INFO - Sync 1 DAGs
[2022-01-05 20:12:03,615] {logging_mixin.py:109} INFO - [2022-01-05 20:12:03,615] {dag.py:2935} INFO - Setting next_dagrun for latest_only to 2022-01-05T16:12:03.615310+00:00
[2022-01-05 20:12:03,637] {processor.py:171} INFO - Processing /home/airflow/sandbox/lib/python3.8/site-packages/airflow/example_dags/example_latest_only.py took 0.307 seconds
[2022-01-05 20:12:33,725] {processor.py:163} INFO - Started process (PID=5308) to work on /home/airflow/sandbox/lib/python3.8/site-packages/airflow/example_dags/example_latest_only.py
[2022-01-05 20:12:33,726] {processor.py:642} INFO - Processing file /home/airflow/sandbox/lib/python3.8/site-packages/airflow/example_dags/example_latest_only.py for tasks to queue
[2022-01-05 20:12:33,727] {logging_mixin.py:109} INFO - [2022-01-05 20:12:33,727] {dagbag.py:500} INFO - Filling up the DagBag from /home/airflow/sandbox/lib/python3.8/site-packages/airflow/example_dags/example_latest_only.py
[2022-01-05 20:12:33,791] {processor.py:654} INFO - DAG(s) dict_keys(['latest_only']) retrieved from /home/airflow/sandbox/lib/python3.8/site-packages/airflow/example_dags/example_latest_only.py
[2022-01-05 20:12:33,813] {logging_mixin.py:109} INFO - [2022-01-05 20:12:33,813] {dag.py:2396} INFO - Sync 1 DAGs
[2022-01-05 20:12:33,863] {logging_mixin.py:109} INFO - [2022-01-05 20:12:33,862] {dag.py:2935} INFO - Setting next_dagrun for latest_only to 2022-01-05T16:12:33.862297+00:00
[2022-01-05 20:12:33,875] {processor.py:171} INFO - Processing /home/airflow/sandbox/lib/python3.8/site-packages/airflow/example_dags/example_latest_only.py took 0.155 seconds
[2022-01-05 20:13:04,233] {processor.py:163} INFO - Started process (PID=5468) to work on /home/airflow/sandbox/lib/python3.8/site-packages/airflow/example_dags/example_latest_only.py
[2022-01-05 20:13:04,235] {processor.py:642} INFO - Processing file /home/airflow/sandbox/lib/python3.8/site-packages/airflow/example_dags/example_latest_only.py for tasks to queue
[2022-01-05 20:13:04,238] {logging_mixin.py:109} INFO - [2022-01-05 20:13:04,238] {dagbag.py:500} INFO - Filling up the DagBag from /home/airflow/sandbox/lib/python3.8/site-packages/airflow/example_dags/example_latest_only.py
[2022-01-05 20:13:04,320] {processor.py:654} INFO - DAG(s) dict_keys(['latest_only']) retrieved from /home/airflow/sandbox/lib/python3.8/site-packages/airflow/example_dags/example_latest_only.py
[2022-01-05 20:13:04,391] {logging_mixin.py:109} INFO - [2022-01-05 20:13:04,391] {dag.py:2396} INFO - Sync 1 DAGs
[2022-01-05 20:13:04,477] {logging_mixin.py:109} INFO - [2022-01-05 20:13:04,477] {dag.py:2935} INFO - Setting next_dagrun for latest_only to 2022-01-05T16:13:04.476761+00:00
[2022-01-05 20:13:04,621] {processor.py:171} INFO - Processing /home/airflow/sandbox/lib/python3.8/site-packages/airflow/example_dags/example_latest_only.py took 0.397 seconds
[2022-01-05 20:28:17,303] {processor.py:163} INFO - Started process (PID=7101) to work on /home/airflow/sandbox/lib/python3.8/site-packages/airflow/example_dags/example_latest_only.py
[2022-01-05 20:28:17,305] {processor.py:642} INFO - Processing file /home/airflow/sandbox/lib/python3.8/site-packages/airflow/example_dags/example_latest_only.py for tasks to queue
[2022-01-05 20:28:17,329] {logging_mixin.py:109} INFO - [2022-01-05 20:28:17,328] {dagbag.py:500} INFO - Filling up the DagBag from /home/airflow/sandbox/lib/python3.8/site-packages/airflow/example_dags/example_latest_only.py
[2022-01-05 20:28:17,552] {processor.py:654} INFO - DAG(s) dict_keys(['latest_only']) retrieved from /home/airflow/sandbox/lib/python3.8/site-packages/airflow/example_dags/example_latest_only.py
[2022-01-05 20:28:17,685] {logging_mixin.py:109} INFO - [2022-01-05 20:28:17,685] {dag.py:2396} INFO - Sync 1 DAGs
[2022-01-05 20:28:17,790] {logging_mixin.py:109} INFO - [2022-01-05 20:28:17,790] {dag.py:2935} INFO - Setting next_dagrun for latest_only to 2022-01-05T16:28:17.788498+00:00
[2022-01-05 20:28:17,850] {processor.py:171} INFO - Processing /home/airflow/sandbox/lib/python3.8/site-packages/airflow/example_dags/example_latest_only.py took 0.555 seconds
[2022-01-05 20:29:03,058] {processor.py:163} INFO - Started process (PID=7584) to work on /home/airflow/sandbox/lib/python3.8/site-packages/airflow/example_dags/example_latest_only.py
[2022-01-05 20:29:03,059] {processor.py:642} INFO - Processing file /home/airflow/sandbox/lib/python3.8/site-packages/airflow/example_dags/example_latest_only.py for tasks to queue
[2022-01-05 20:29:03,059] {logging_mixin.py:109} INFO - [2022-01-05 20:29:03,059] {dagbag.py:500} INFO - Filling up the DagBag from /home/airflow/sandbox/lib/python3.8/site-packages/airflow/example_dags/example_latest_only.py
[2022-01-05 20:29:03,798] {processor.py:654} INFO - DAG(s) dict_keys(['latest_only']) retrieved from /home/airflow/sandbox/lib/python3.8/site-packages/airflow/example_dags/example_latest_only.py
[2022-01-05 20:29:04,010] {logging_mixin.py:109} INFO - [2022-01-05 20:29:04,009] {dag.py:2396} INFO - Sync 1 DAGs
[2022-01-05 20:29:04,198] {logging_mixin.py:109} INFO - [2022-01-05 20:29:04,198] {dag.py:2935} INFO - Setting next_dagrun for latest_only to 2022-01-05T16:29:04.198316+00:00
[2022-01-05 20:29:04,488] {processor.py:171} INFO - Processing /home/airflow/sandbox/lib/python3.8/site-packages/airflow/example_dags/example_latest_only.py took 1.449 seconds
[2022-01-05 20:29:34,757] {processor.py:163} INFO - Started process (PID=7816) to work on /home/airflow/sandbox/lib/python3.8/site-packages/airflow/example_dags/example_latest_only.py
[2022-01-05 20:29:34,758] {processor.py:642} INFO - Processing file /home/airflow/sandbox/lib/python3.8/site-packages/airflow/example_dags/example_latest_only.py for tasks to queue
[2022-01-05 20:29:34,781] {logging_mixin.py:109} INFO - [2022-01-05 20:29:34,781] {dagbag.py:500} INFO - Filling up the DagBag from /home/airflow/sandbox/lib/python3.8/site-packages/airflow/example_dags/example_latest_only.py
[2022-01-05 20:29:34,900] {processor.py:654} INFO - DAG(s) dict_keys(['latest_only']) retrieved from /home/airflow/sandbox/lib/python3.8/site-packages/airflow/example_dags/example_latest_only.py
[2022-01-05 20:29:34,934] {logging_mixin.py:109} INFO - [2022-01-05 20:29:34,933] {dag.py:2396} INFO - Sync 1 DAGs
[2022-01-05 20:29:34,950] {logging_mixin.py:109} INFO - [2022-01-05 20:29:34,950] {dag.py:2935} INFO - Setting next_dagrun for latest_only to 2022-01-05T16:29:34.950079+00:00
[2022-01-05 20:29:34,961] {processor.py:171} INFO - Processing /home/airflow/sandbox/lib/python3.8/site-packages/airflow/example_dags/example_latest_only.py took 0.299 seconds
[2022-01-05 20:30:07,544] {processor.py:163} INFO - Started process (PID=8093) to work on /home/airflow/sandbox/lib/python3.8/site-packages/airflow/example_dags/example_latest_only.py
[2022-01-05 20:30:07,545] {processor.py:642} INFO - Processing file /home/airflow/sandbox/lib/python3.8/site-packages/airflow/example_dags/example_latest_only.py for tasks to queue
[2022-01-05 20:30:07,546] {logging_mixin.py:109} INFO - [2022-01-05 20:30:07,546] {dagbag.py:500} INFO - Filling up the DagBag from /home/airflow/sandbox/lib/python3.8/site-packages/airflow/example_dags/example_latest_only.py
[2022-01-05 20:30:07,840] {processor.py:654} INFO - DAG(s) dict_keys(['latest_only']) retrieved from /home/airflow/sandbox/lib/python3.8/site-packages/airflow/example_dags/example_latest_only.py
[2022-01-05 20:30:07,931] {logging_mixin.py:109} INFO - [2022-01-05 20:30:07,931] {dag.py:2396} INFO - Sync 1 DAGs
[2022-01-05 20:30:08,145] {logging_mixin.py:109} INFO - [2022-01-05 20:30:08,145] {dag.py:2935} INFO - Setting next_dagrun for latest_only to 2022-01-05T16:30:08.144711+00:00
[2022-01-05 20:30:08,225] {processor.py:171} INFO - Processing /home/airflow/sandbox/lib/python3.8/site-packages/airflow/example_dags/example_latest_only.py took 0.693 seconds
[2022-01-05 20:30:41,587] {processor.py:163} INFO - Started process (PID=8466) to work on /home/airflow/sandbox/lib/python3.8/site-packages/airflow/example_dags/example_latest_only.py
[2022-01-05 20:30:41,592] {processor.py:642} INFO - Processing file /home/airflow/sandbox/lib/python3.8/site-packages/airflow/example_dags/example_latest_only.py for tasks to queue
[2022-01-05 20:30:41,599] {logging_mixin.py:109} INFO - [2022-01-05 20:30:41,599] {dagbag.py:500} INFO - Filling up the DagBag from /home/airflow/sandbox/lib/python3.8/site-packages/airflow/example_dags/example_latest_only.py
[2022-01-05 20:30:41,839] {processor.py:654} INFO - DAG(s) dict_keys(['latest_only']) retrieved from /home/airflow/sandbox/lib/python3.8/site-packages/airflow/example_dags/example_latest_only.py
[2022-01-05 20:30:41,894] {logging_mixin.py:109} INFO - [2022-01-05 20:30:41,894] {dag.py:2396} INFO - Sync 1 DAGs
[2022-01-05 20:30:42,000] {logging_mixin.py:109} INFO - [2022-01-05 20:30:42,000] {dag.py:2935} INFO - Setting next_dagrun for latest_only to 2022-01-05T16:30:41.999643+00:00
[2022-01-05 20:30:42,138] {processor.py:171} INFO - Processing /home/airflow/sandbox/lib/python3.8/site-packages/airflow/example_dags/example_latest_only.py took 0.591 seconds
[2022-01-05 20:31:17,124] {processor.py:163} INFO - Started process (PID=8909) to work on /home/airflow/sandbox/lib/python3.8/site-packages/airflow/example_dags/example_latest_only.py
[2022-01-05 20:31:17,125] {processor.py:642} INFO - Processing file /home/airflow/sandbox/lib/python3.8/site-packages/airflow/example_dags/example_latest_only.py for tasks to queue
[2022-01-05 20:31:17,125] {logging_mixin.py:109} INFO - [2022-01-05 20:31:17,125] {dagbag.py:500} INFO - Filling up the DagBag from /home/airflow/sandbox/lib/python3.8/site-packages/airflow/example_dags/example_latest_only.py
[2022-01-05 20:31:17,341] {processor.py:654} INFO - DAG(s) dict_keys(['latest_only']) retrieved from /home/airflow/sandbox/lib/python3.8/site-packages/airflow/example_dags/example_latest_only.py
[2022-01-05 20:31:17,494] {logging_mixin.py:109} INFO - [2022-01-05 20:31:17,494] {dag.py:2396} INFO - Sync 1 DAGs
[2022-01-05 20:31:17,589] {logging_mixin.py:109} INFO - [2022-01-05 20:31:17,588] {dag.py:2935} INFO - Setting next_dagrun for latest_only to 2022-01-05T16:31:17.588572+00:00
[2022-01-05 20:31:17,647] {processor.py:171} INFO - Processing /home/airflow/sandbox/lib/python3.8/site-packages/airflow/example_dags/example_latest_only.py took 0.526 seconds
[2022-01-05 20:31:48,676] {processor.py:163} INFO - Started process (PID=9254) to work on /home/airflow/sandbox/lib/python3.8/site-packages/airflow/example_dags/example_latest_only.py
[2022-01-05 20:31:48,687] {processor.py:642} INFO - Processing file /home/airflow/sandbox/lib/python3.8/site-packages/airflow/example_dags/example_latest_only.py for tasks to queue
[2022-01-05 20:31:48,691] {logging_mixin.py:109} INFO - [2022-01-05 20:31:48,691] {dagbag.py:500} INFO - Filling up the DagBag from /home/airflow/sandbox/lib/python3.8/site-packages/airflow/example_dags/example_latest_only.py
[2022-01-05 20:31:48,891] {processor.py:654} INFO - DAG(s) dict_keys(['latest_only']) retrieved from /home/airflow/sandbox/lib/python3.8/site-packages/airflow/example_dags/example_latest_only.py
[2022-01-05 20:31:48,941] {logging_mixin.py:109} INFO - [2022-01-05 20:31:48,940] {dag.py:2396} INFO - Sync 1 DAGs
[2022-01-05 20:31:49,029] {logging_mixin.py:109} INFO - [2022-01-05 20:31:49,029] {dag.py:2935} INFO - Setting next_dagrun for latest_only to 2022-01-05T16:31:49.028394+00:00
[2022-01-05 20:31:49,184] {processor.py:171} INFO - Processing /home/airflow/sandbox/lib/python3.8/site-packages/airflow/example_dags/example_latest_only.py took 0.600 seconds
[2022-01-05 20:32:20,380] {processor.py:163} INFO - Started process (PID=9939) to work on /home/airflow/sandbox/lib/python3.8/site-packages/airflow/example_dags/example_latest_only.py
[2022-01-05 20:32:20,385] {processor.py:642} INFO - Processing file /home/airflow/sandbox/lib/python3.8/site-packages/airflow/example_dags/example_latest_only.py for tasks to queue
[2022-01-05 20:32:20,411] {logging_mixin.py:109} INFO - [2022-01-05 20:32:20,411] {dagbag.py:500} INFO - Filling up the DagBag from /home/airflow/sandbox/lib/python3.8/site-packages/airflow/example_dags/example_latest_only.py
[2022-01-05 20:32:20,721] {processor.py:654} INFO - DAG(s) dict_keys(['latest_only']) retrieved from /home/airflow/sandbox/lib/python3.8/site-packages/airflow/example_dags/example_latest_only.py
[2022-01-05 20:32:20,815] {logging_mixin.py:109} INFO - [2022-01-05 20:32:20,815] {dag.py:2396} INFO - Sync 1 DAGs
[2022-01-05 20:32:20,829] {logging_mixin.py:109} INFO - [2022-01-05 20:32:20,829] {dag.py:2935} INFO - Setting next_dagrun for latest_only to 2022-01-05T16:32:20.828900+00:00
[2022-01-05 20:32:20,915] {processor.py:171} INFO - Processing /home/airflow/sandbox/lib/python3.8/site-packages/airflow/example_dags/example_latest_only.py took 0.629 seconds
[2022-01-05 20:32:51,611] {processor.py:163} INFO - Started process (PID=10684) to work on /home/airflow/sandbox/lib/python3.8/site-packages/airflow/example_dags/example_latest_only.py
[2022-01-05 20:32:51,612] {processor.py:642} INFO - Processing file /home/airflow/sandbox/lib/python3.8/site-packages/airflow/example_dags/example_latest_only.py for tasks to queue
[2022-01-05 20:32:51,613] {logging_mixin.py:109} INFO - [2022-01-05 20:32:51,613] {dagbag.py:500} INFO - Filling up the DagBag from /home/airflow/sandbox/lib/python3.8/site-packages/airflow/example_dags/example_latest_only.py
[2022-01-05 20:32:51,717] {processor.py:654} INFO - DAG(s) dict_keys(['latest_only']) retrieved from /home/airflow/sandbox/lib/python3.8/site-packages/airflow/example_dags/example_latest_only.py
[2022-01-05 20:32:51,731] {logging_mixin.py:109} INFO - [2022-01-05 20:32:51,731] {dag.py:2396} INFO - Sync 1 DAGs
[2022-01-05 20:32:51,913] {logging_mixin.py:109} INFO - [2022-01-05 20:32:51,912] {dag.py:2935} INFO - Setting next_dagrun for latest_only to 2022-01-05T16:32:51.912638+00:00
[2022-01-05 20:32:52,010] {processor.py:171} INFO - Processing /home/airflow/sandbox/lib/python3.8/site-packages/airflow/example_dags/example_latest_only.py took 0.430 seconds
[2022-01-05 20:33:22,372] {processor.py:163} INFO - Started process (PID=11359) to work on /home/airflow/sandbox/lib/python3.8/site-packages/airflow/example_dags/example_latest_only.py
[2022-01-05 20:33:22,375] {processor.py:642} INFO - Processing file /home/airflow/sandbox/lib/python3.8/site-packages/airflow/example_dags/example_latest_only.py for tasks to queue
[2022-01-05 20:33:22,377] {logging_mixin.py:109} INFO - [2022-01-05 20:33:22,377] {dagbag.py:500} INFO - Filling up the DagBag from /home/airflow/sandbox/lib/python3.8/site-packages/airflow/example_dags/example_latest_only.py
[2022-01-05 20:33:22,473] {processor.py:654} INFO - DAG(s) dict_keys(['latest_only']) retrieved from /home/airflow/sandbox/lib/python3.8/site-packages/airflow/example_dags/example_latest_only.py
[2022-01-05 20:33:22,514] {logging_mixin.py:109} INFO - [2022-01-05 20:33:22,514] {dag.py:2396} INFO - Sync 1 DAGs
[2022-01-05 20:33:22,627] {logging_mixin.py:109} INFO - [2022-01-05 20:33:22,627] {dag.py:2935} INFO - Setting next_dagrun for latest_only to 2022-01-05T16:33:22.627145+00:00
[2022-01-05 20:33:22,673] {processor.py:171} INFO - Processing /home/airflow/sandbox/lib/python3.8/site-packages/airflow/example_dags/example_latest_only.py took 0.343 seconds
[2022-01-05 20:33:53,053] {processor.py:163} INFO - Started process (PID=11677) to work on /home/airflow/sandbox/lib/python3.8/site-packages/airflow/example_dags/example_latest_only.py
[2022-01-05 20:33:53,054] {processor.py:642} INFO - Processing file /home/airflow/sandbox/lib/python3.8/site-packages/airflow/example_dags/example_latest_only.py for tasks to queue
[2022-01-05 20:33:53,055] {logging_mixin.py:109} INFO - [2022-01-05 20:33:53,055] {dagbag.py:500} INFO - Filling up the DagBag from /home/airflow/sandbox/lib/python3.8/site-packages/airflow/example_dags/example_latest_only.py
[2022-01-05 20:33:53,118] {processor.py:654} INFO - DAG(s) dict_keys(['latest_only']) retrieved from /home/airflow/sandbox/lib/python3.8/site-packages/airflow/example_dags/example_latest_only.py
[2022-01-05 20:33:53,158] {logging_mixin.py:109} INFO - [2022-01-05 20:33:53,158] {dag.py:2396} INFO - Sync 1 DAGs
[2022-01-05 20:33:53,205] {logging_mixin.py:109} INFO - [2022-01-05 20:33:53,205] {dag.py:2935} INFO - Setting next_dagrun for latest_only to 2022-01-05T16:33:53.204632+00:00
[2022-01-05 20:33:53,221] {processor.py:171} INFO - Processing /home/airflow/sandbox/lib/python3.8/site-packages/airflow/example_dags/example_latest_only.py took 0.194 seconds
[2022-01-05 20:34:23,546] {processor.py:163} INFO - Started process (PID=11919) to work on /home/airflow/sandbox/lib/python3.8/site-packages/airflow/example_dags/example_latest_only.py
[2022-01-05 20:34:23,559] {processor.py:642} INFO - Processing file /home/airflow/sandbox/lib/python3.8/site-packages/airflow/example_dags/example_latest_only.py for tasks to queue
[2022-01-05 20:34:23,561] {logging_mixin.py:109} INFO - [2022-01-05 20:34:23,561] {dagbag.py:500} INFO - Filling up the DagBag from /home/airflow/sandbox/lib/python3.8/site-packages/airflow/example_dags/example_latest_only.py
[2022-01-05 20:34:23,707] {processor.py:654} INFO - DAG(s) dict_keys(['latest_only']) retrieved from /home/airflow/sandbox/lib/python3.8/site-packages/airflow/example_dags/example_latest_only.py
[2022-01-05 20:34:23,724] {logging_mixin.py:109} INFO - [2022-01-05 20:34:23,724] {dag.py:2396} INFO - Sync 1 DAGs
[2022-01-05 20:34:23,760] {logging_mixin.py:109} INFO - [2022-01-05 20:34:23,760] {dag.py:2935} INFO - Setting next_dagrun for latest_only to 2022-01-05T16:34:23.759858+00:00
[2022-01-05 20:34:23,772] {processor.py:171} INFO - Processing /home/airflow/sandbox/lib/python3.8/site-packages/airflow/example_dags/example_latest_only.py took 0.260 seconds
[2022-01-05 20:34:54,101] {processor.py:163} INFO - Started process (PID=12160) to work on /home/airflow/sandbox/lib/python3.8/site-packages/airflow/example_dags/example_latest_only.py
[2022-01-05 20:34:54,102] {processor.py:642} INFO - Processing file /home/airflow/sandbox/lib/python3.8/site-packages/airflow/example_dags/example_latest_only.py for tasks to queue
[2022-01-05 20:34:54,102] {logging_mixin.py:109} INFO - [2022-01-05 20:34:54,102] {dagbag.py:500} INFO - Filling up the DagBag from /home/airflow/sandbox/lib/python3.8/site-packages/airflow/example_dags/example_latest_only.py
[2022-01-05 20:34:54,243] {processor.py:654} INFO - DAG(s) dict_keys(['latest_only']) retrieved from /home/airflow/sandbox/lib/python3.8/site-packages/airflow/example_dags/example_latest_only.py
[2022-01-05 20:34:54,253] {logging_mixin.py:109} INFO - [2022-01-05 20:34:54,253] {dag.py:2396} INFO - Sync 1 DAGs
[2022-01-05 20:34:54,271] {logging_mixin.py:109} INFO - [2022-01-05 20:34:54,271] {dag.py:2935} INFO - Setting next_dagrun for latest_only to 2022-01-05T16:34:54.271285+00:00
[2022-01-05 20:34:54,297] {processor.py:171} INFO - Processing /home/airflow/sandbox/lib/python3.8/site-packages/airflow/example_dags/example_latest_only.py took 0.200 seconds
[2022-01-05 20:35:24,717] {processor.py:163} INFO - Started process (PID=12402) to work on /home/airflow/sandbox/lib/python3.8/site-packages/airflow/example_dags/example_latest_only.py
[2022-01-05 20:35:24,720] {processor.py:642} INFO - Processing file /home/airflow/sandbox/lib/python3.8/site-packages/airflow/example_dags/example_latest_only.py for tasks to queue
[2022-01-05 20:35:24,736] {logging_mixin.py:109} INFO - [2022-01-05 20:35:24,736] {dagbag.py:500} INFO - Filling up the DagBag from /home/airflow/sandbox/lib/python3.8/site-packages/airflow/example_dags/example_latest_only.py
[2022-01-05 20:35:24,786] {processor.py:654} INFO - DAG(s) dict_keys(['latest_only']) retrieved from /home/airflow/sandbox/lib/python3.8/site-packages/airflow/example_dags/example_latest_only.py
[2022-01-05 20:35:24,802] {logging_mixin.py:109} INFO - [2022-01-05 20:35:24,802] {dag.py:2396} INFO - Sync 1 DAGs
[2022-01-05 20:35:24,838] {logging_mixin.py:109} INFO - [2022-01-05 20:35:24,838] {dag.py:2935} INFO - Setting next_dagrun for latest_only to 2022-01-05T16:35:24.838479+00:00
[2022-01-05 20:35:24,856] {processor.py:171} INFO - Processing /home/airflow/sandbox/lib/python3.8/site-packages/airflow/example_dags/example_latest_only.py took 0.148 seconds
[2022-01-05 20:35:55,349] {processor.py:163} INFO - Started process (PID=12640) to work on /home/airflow/sandbox/lib/python3.8/site-packages/airflow/example_dags/example_latest_only.py
[2022-01-05 20:35:55,350] {processor.py:642} INFO - Processing file /home/airflow/sandbox/lib/python3.8/site-packages/airflow/example_dags/example_latest_only.py for tasks to queue
[2022-01-05 20:35:55,351] {logging_mixin.py:109} INFO - [2022-01-05 20:35:55,350] {dagbag.py:500} INFO - Filling up the DagBag from /home/airflow/sandbox/lib/python3.8/site-packages/airflow/example_dags/example_latest_only.py
[2022-01-05 20:35:55,457] {processor.py:654} INFO - DAG(s) dict_keys(['latest_only']) retrieved from /home/airflow/sandbox/lib/python3.8/site-packages/airflow/example_dags/example_latest_only.py
[2022-01-05 20:35:55,492] {logging_mixin.py:109} INFO - [2022-01-05 20:35:55,492] {dag.py:2396} INFO - Sync 1 DAGs
[2022-01-05 20:35:55,549] {logging_mixin.py:109} INFO - [2022-01-05 20:35:55,549] {dag.py:2935} INFO - Setting next_dagrun for latest_only to 2022-01-05T16:35:55.548910+00:00
[2022-01-05 20:35:55,619] {processor.py:171} INFO - Processing /home/airflow/sandbox/lib/python3.8/site-packages/airflow/example_dags/example_latest_only.py took 0.273 seconds
[2022-01-05 20:36:26,010] {processor.py:163} INFO - Started process (PID=12880) to work on /home/airflow/sandbox/lib/python3.8/site-packages/airflow/example_dags/example_latest_only.py
[2022-01-05 20:36:26,013] {processor.py:642} INFO - Processing file /home/airflow/sandbox/lib/python3.8/site-packages/airflow/example_dags/example_latest_only.py for tasks to queue
[2022-01-05 20:36:26,014] {logging_mixin.py:109} INFO - [2022-01-05 20:36:26,014] {dagbag.py:500} INFO - Filling up the DagBag from /home/airflow/sandbox/lib/python3.8/site-packages/airflow/example_dags/example_latest_only.py
[2022-01-05 20:36:26,159] {processor.py:654} INFO - DAG(s) dict_keys(['latest_only']) retrieved from /home/airflow/sandbox/lib/python3.8/site-packages/airflow/example_dags/example_latest_only.py
[2022-01-05 20:36:26,191] {logging_mixin.py:109} INFO - [2022-01-05 20:36:26,190] {dag.py:2396} INFO - Sync 1 DAGs
[2022-01-05 20:36:26,207] {logging_mixin.py:109} INFO - [2022-01-05 20:36:26,207] {dag.py:2935} INFO - Setting next_dagrun for latest_only to 2022-01-05T16:36:26.207348+00:00
[2022-01-05 20:36:26,235] {processor.py:171} INFO - Processing /home/airflow/sandbox/lib/python3.8/site-packages/airflow/example_dags/example_latest_only.py took 0.230 seconds
[2022-01-05 20:36:56,366] {processor.py:163} INFO - Started process (PID=13116) to work on /home/airflow/sandbox/lib/python3.8/site-packages/airflow/example_dags/example_latest_only.py
[2022-01-05 20:36:56,381] {processor.py:642} INFO - Processing file /home/airflow/sandbox/lib/python3.8/site-packages/airflow/example_dags/example_latest_only.py for tasks to queue
[2022-01-05 20:36:56,382] {logging_mixin.py:109} INFO - [2022-01-05 20:36:56,382] {dagbag.py:500} INFO - Filling up the DagBag from /home/airflow/sandbox/lib/python3.8/site-packages/airflow/example_dags/example_latest_only.py
[2022-01-05 20:36:56,446] {processor.py:654} INFO - DAG(s) dict_keys(['latest_only']) retrieved from /home/airflow/sandbox/lib/python3.8/site-packages/airflow/example_dags/example_latest_only.py
[2022-01-05 20:36:56,453] {logging_mixin.py:109} INFO - [2022-01-05 20:36:56,453] {dag.py:2396} INFO - Sync 1 DAGs
[2022-01-05 20:36:56,485] {logging_mixin.py:109} INFO - [2022-01-05 20:36:56,485] {dag.py:2935} INFO - Setting next_dagrun for latest_only to 2022-01-05T16:36:56.484925+00:00
[2022-01-05 20:36:56,496] {processor.py:171} INFO - Processing /home/airflow/sandbox/lib/python3.8/site-packages/airflow/example_dags/example_latest_only.py took 0.136 seconds
[2022-01-05 20:37:26,588] {processor.py:163} INFO - Started process (PID=13357) to work on /home/airflow/sandbox/lib/python3.8/site-packages/airflow/example_dags/example_latest_only.py
[2022-01-05 20:37:26,590] {processor.py:642} INFO - Processing file /home/airflow/sandbox/lib/python3.8/site-packages/airflow/example_dags/example_latest_only.py for tasks to queue
[2022-01-05 20:37:26,591] {logging_mixin.py:109} INFO - [2022-01-05 20:37:26,591] {dagbag.py:500} INFO - Filling up the DagBag from /home/airflow/sandbox/lib/python3.8/site-packages/airflow/example_dags/example_latest_only.py
[2022-01-05 20:37:26,644] {processor.py:654} INFO - DAG(s) dict_keys(['latest_only']) retrieved from /home/airflow/sandbox/lib/python3.8/site-packages/airflow/example_dags/example_latest_only.py
[2022-01-05 20:37:26,662] {logging_mixin.py:109} INFO - [2022-01-05 20:37:26,661] {dag.py:2396} INFO - Sync 1 DAGs
[2022-01-05 20:37:26,696] {logging_mixin.py:109} INFO - [2022-01-05 20:37:26,695] {dag.py:2935} INFO - Setting next_dagrun for latest_only to 2022-01-05T16:37:26.694942+00:00
[2022-01-05 20:37:26,707] {processor.py:171} INFO - Processing /home/airflow/sandbox/lib/python3.8/site-packages/airflow/example_dags/example_latest_only.py took 0.128 seconds
[2022-01-05 20:37:57,051] {processor.py:163} INFO - Started process (PID=13598) to work on /home/airflow/sandbox/lib/python3.8/site-packages/airflow/example_dags/example_latest_only.py
[2022-01-05 20:37:57,052] {processor.py:642} INFO - Processing file /home/airflow/sandbox/lib/python3.8/site-packages/airflow/example_dags/example_latest_only.py for tasks to queue
[2022-01-05 20:37:57,053] {logging_mixin.py:109} INFO - [2022-01-05 20:37:57,053] {dagbag.py:500} INFO - Filling up the DagBag from /home/airflow/sandbox/lib/python3.8/site-packages/airflow/example_dags/example_latest_only.py
[2022-01-05 20:37:57,104] {processor.py:654} INFO - DAG(s) dict_keys(['latest_only']) retrieved from /home/airflow/sandbox/lib/python3.8/site-packages/airflow/example_dags/example_latest_only.py
[2022-01-05 20:37:57,135] {logging_mixin.py:109} INFO - [2022-01-05 20:37:57,134] {dag.py:2396} INFO - Sync 1 DAGs
[2022-01-05 20:37:57,191] {logging_mixin.py:109} INFO - [2022-01-05 20:37:57,191] {dag.py:2935} INFO - Setting next_dagrun for latest_only to 2022-01-05T16:37:57.188917+00:00
[2022-01-05 20:37:57,229] {processor.py:171} INFO - Processing /home/airflow/sandbox/lib/python3.8/site-packages/airflow/example_dags/example_latest_only.py took 0.188 seconds
[2022-01-05 20:38:27,407] {processor.py:163} INFO - Started process (PID=13909) to work on /home/airflow/sandbox/lib/python3.8/site-packages/airflow/example_dags/example_latest_only.py
[2022-01-05 20:38:27,408] {processor.py:642} INFO - Processing file /home/airflow/sandbox/lib/python3.8/site-packages/airflow/example_dags/example_latest_only.py for tasks to queue
[2022-01-05 20:38:27,409] {logging_mixin.py:109} INFO - [2022-01-05 20:38:27,409] {dagbag.py:500} INFO - Filling up the DagBag from /home/airflow/sandbox/lib/python3.8/site-packages/airflow/example_dags/example_latest_only.py
[2022-01-05 20:38:27,457] {processor.py:654} INFO - DAG(s) dict_keys(['latest_only']) retrieved from /home/airflow/sandbox/lib/python3.8/site-packages/airflow/example_dags/example_latest_only.py
[2022-01-05 20:38:27,472] {logging_mixin.py:109} INFO - [2022-01-05 20:38:27,472] {dag.py:2396} INFO - Sync 1 DAGs
[2022-01-05 20:38:27,488] {logging_mixin.py:109} INFO - [2022-01-05 20:38:27,487] {dag.py:2935} INFO - Setting next_dagrun for latest_only to 2022-01-05T16:38:27.487159+00:00
[2022-01-05 20:38:27,501] {processor.py:171} INFO - Processing /home/airflow/sandbox/lib/python3.8/site-packages/airflow/example_dags/example_latest_only.py took 0.098 seconds
[2022-01-05 20:38:57,570] {processor.py:163} INFO - Started process (PID=14150) to work on /home/airflow/sandbox/lib/python3.8/site-packages/airflow/example_dags/example_latest_only.py
[2022-01-05 20:38:57,571] {processor.py:642} INFO - Processing file /home/airflow/sandbox/lib/python3.8/site-packages/airflow/example_dags/example_latest_only.py for tasks to queue
[2022-01-05 20:38:57,571] {logging_mixin.py:109} INFO - [2022-01-05 20:38:57,571] {dagbag.py:500} INFO - Filling up the DagBag from /home/airflow/sandbox/lib/python3.8/site-packages/airflow/example_dags/example_latest_only.py
[2022-01-05 20:38:57,619] {processor.py:654} INFO - DAG(s) dict_keys(['latest_only']) retrieved from /home/airflow/sandbox/lib/python3.8/site-packages/airflow/example_dags/example_latest_only.py
[2022-01-05 20:38:57,629] {logging_mixin.py:109} INFO - [2022-01-05 20:38:57,629] {dag.py:2396} INFO - Sync 1 DAGs
[2022-01-05 20:38:57,668] {logging_mixin.py:109} INFO - [2022-01-05 20:38:57,668] {dag.py:2935} INFO - Setting next_dagrun for latest_only to 2022-01-05T16:38:57.667706+00:00
[2022-01-05 20:38:57,692] {processor.py:171} INFO - Processing /home/airflow/sandbox/lib/python3.8/site-packages/airflow/example_dags/example_latest_only.py took 0.125 seconds
[2022-01-05 20:39:27,746] {processor.py:163} INFO - Started process (PID=14397) to work on /home/airflow/sandbox/lib/python3.8/site-packages/airflow/example_dags/example_latest_only.py
[2022-01-05 20:39:27,747] {processor.py:642} INFO - Processing file /home/airflow/sandbox/lib/python3.8/site-packages/airflow/example_dags/example_latest_only.py for tasks to queue
[2022-01-05 20:39:27,747] {logging_mixin.py:109} INFO - [2022-01-05 20:39:27,747] {dagbag.py:500} INFO - Filling up the DagBag from /home/airflow/sandbox/lib/python3.8/site-packages/airflow/example_dags/example_latest_only.py
[2022-01-05 20:39:27,795] {processor.py:654} INFO - DAG(s) dict_keys(['latest_only']) retrieved from /home/airflow/sandbox/lib/python3.8/site-packages/airflow/example_dags/example_latest_only.py
[2022-01-05 20:39:27,817] {logging_mixin.py:109} INFO - [2022-01-05 20:39:27,817] {dag.py:2396} INFO - Sync 1 DAGs
[2022-01-05 20:39:27,839] {logging_mixin.py:109} INFO - [2022-01-05 20:39:27,839] {dag.py:2935} INFO - Setting next_dagrun for latest_only to 2022-01-05T16:39:27.838819+00:00
[2022-01-05 20:39:27,856] {processor.py:171} INFO - Processing /home/airflow/sandbox/lib/python3.8/site-packages/airflow/example_dags/example_latest_only.py took 0.117 seconds
[2022-01-05 20:39:58,573] {processor.py:163} INFO - Started process (PID=14636) to work on /home/airflow/sandbox/lib/python3.8/site-packages/airflow/example_dags/example_latest_only.py
[2022-01-05 20:39:58,578] {processor.py:642} INFO - Processing file /home/airflow/sandbox/lib/python3.8/site-packages/airflow/example_dags/example_latest_only.py for tasks to queue
[2022-01-05 20:39:58,579] {logging_mixin.py:109} INFO - [2022-01-05 20:39:58,579] {dagbag.py:500} INFO - Filling up the DagBag from /home/airflow/sandbox/lib/python3.8/site-packages/airflow/example_dags/example_latest_only.py
[2022-01-05 20:39:58,659] {processor.py:654} INFO - DAG(s) dict_keys(['latest_only']) retrieved from /home/airflow/sandbox/lib/python3.8/site-packages/airflow/example_dags/example_latest_only.py
[2022-01-05 20:39:58,681] {logging_mixin.py:109} INFO - [2022-01-05 20:39:58,681] {dag.py:2396} INFO - Sync 1 DAGs
[2022-01-05 20:39:58,770] {logging_mixin.py:109} INFO - [2022-01-05 20:39:58,769] {dag.py:2935} INFO - Setting next_dagrun for latest_only to 2022-01-05T16:39:58.765749+00:00
[2022-01-05 20:39:58,816] {processor.py:171} INFO - Processing /home/airflow/sandbox/lib/python3.8/site-packages/airflow/example_dags/example_latest_only.py took 0.255 seconds
[2022-01-05 20:40:29,063] {processor.py:163} INFO - Started process (PID=14876) to work on /home/airflow/sandbox/lib/python3.8/site-packages/airflow/example_dags/example_latest_only.py
[2022-01-05 20:40:29,064] {processor.py:642} INFO - Processing file /home/airflow/sandbox/lib/python3.8/site-packages/airflow/example_dags/example_latest_only.py for tasks to queue
[2022-01-05 20:40:29,068] {logging_mixin.py:109} INFO - [2022-01-05 20:40:29,067] {dagbag.py:500} INFO - Filling up the DagBag from /home/airflow/sandbox/lib/python3.8/site-packages/airflow/example_dags/example_latest_only.py
[2022-01-05 20:40:29,140] {processor.py:654} INFO - DAG(s) dict_keys(['latest_only']) retrieved from /home/airflow/sandbox/lib/python3.8/site-packages/airflow/example_dags/example_latest_only.py
[2022-01-05 20:40:29,149] {logging_mixin.py:109} INFO - [2022-01-05 20:40:29,149] {dag.py:2396} INFO - Sync 1 DAGs
[2022-01-05 20:40:29,164] {logging_mixin.py:109} INFO - [2022-01-05 20:40:29,164] {dag.py:2935} INFO - Setting next_dagrun for latest_only to 2022-01-05T16:40:29.163719+00:00
[2022-01-05 20:40:29,189] {processor.py:171} INFO - Processing /home/airflow/sandbox/lib/python3.8/site-packages/airflow/example_dags/example_latest_only.py took 0.129 seconds
[2022-01-05 20:40:59,311] {processor.py:163} INFO - Started process (PID=15118) to work on /home/airflow/sandbox/lib/python3.8/site-packages/airflow/example_dags/example_latest_only.py
[2022-01-05 20:40:59,315] {processor.py:642} INFO - Processing file /home/airflow/sandbox/lib/python3.8/site-packages/airflow/example_dags/example_latest_only.py for tasks to queue
[2022-01-05 20:40:59,329] {logging_mixin.py:109} INFO - [2022-01-05 20:40:59,317] {dagbag.py:500} INFO - Filling up the DagBag from /home/airflow/sandbox/lib/python3.8/site-packages/airflow/example_dags/example_latest_only.py
[2022-01-05 20:40:59,382] {processor.py:654} INFO - DAG(s) dict_keys(['latest_only']) retrieved from /home/airflow/sandbox/lib/python3.8/site-packages/airflow/example_dags/example_latest_only.py
[2022-01-05 20:40:59,399] {logging_mixin.py:109} INFO - [2022-01-05 20:40:59,399] {dag.py:2396} INFO - Sync 1 DAGs
[2022-01-05 20:40:59,429] {logging_mixin.py:109} INFO - [2022-01-05 20:40:59,417] {dag.py:2935} INFO - Setting next_dagrun for latest_only to 2022-01-05T16:40:59.416606+00:00
[2022-01-05 20:40:59,442] {processor.py:171} INFO - Processing /home/airflow/sandbox/lib/python3.8/site-packages/airflow/example_dags/example_latest_only.py took 0.138 seconds
[2022-01-05 20:41:29,550] {processor.py:163} INFO - Started process (PID=15359) to work on /home/airflow/sandbox/lib/python3.8/site-packages/airflow/example_dags/example_latest_only.py
[2022-01-05 20:41:29,552] {processor.py:642} INFO - Processing file /home/airflow/sandbox/lib/python3.8/site-packages/airflow/example_dags/example_latest_only.py for tasks to queue
[2022-01-05 20:41:29,552] {logging_mixin.py:109} INFO - [2022-01-05 20:41:29,552] {dagbag.py:500} INFO - Filling up the DagBag from /home/airflow/sandbox/lib/python3.8/site-packages/airflow/example_dags/example_latest_only.py
[2022-01-05 20:41:29,645] {processor.py:654} INFO - DAG(s) dict_keys(['latest_only']) retrieved from /home/airflow/sandbox/lib/python3.8/site-packages/airflow/example_dags/example_latest_only.py
[2022-01-05 20:41:29,661] {logging_mixin.py:109} INFO - [2022-01-05 20:41:29,661] {dag.py:2396} INFO - Sync 1 DAGs
[2022-01-05 20:41:29,710] {logging_mixin.py:109} INFO - [2022-01-05 20:41:29,709] {dag.py:2935} INFO - Setting next_dagrun for latest_only to 2022-01-05T16:41:29.709730+00:00
[2022-01-05 20:41:29,755] {processor.py:171} INFO - Processing /home/airflow/sandbox/lib/python3.8/site-packages/airflow/example_dags/example_latest_only.py took 0.209 seconds
[2022-01-05 20:42:00,328] {processor.py:163} INFO - Started process (PID=15606) to work on /home/airflow/sandbox/lib/python3.8/site-packages/airflow/example_dags/example_latest_only.py
[2022-01-05 20:42:00,356] {processor.py:642} INFO - Processing file /home/airflow/sandbox/lib/python3.8/site-packages/airflow/example_dags/example_latest_only.py for tasks to queue
[2022-01-05 20:42:00,357] {logging_mixin.py:109} INFO - [2022-01-05 20:42:00,357] {dagbag.py:500} INFO - Filling up the DagBag from /home/airflow/sandbox/lib/python3.8/site-packages/airflow/example_dags/example_latest_only.py
[2022-01-05 20:42:00,459] {processor.py:654} INFO - DAG(s) dict_keys(['latest_only']) retrieved from /home/airflow/sandbox/lib/python3.8/site-packages/airflow/example_dags/example_latest_only.py
[2022-01-05 20:42:00,473] {logging_mixin.py:109} INFO - [2022-01-05 20:42:00,473] {dag.py:2396} INFO - Sync 1 DAGs
[2022-01-05 20:42:00,518] {logging_mixin.py:109} INFO - [2022-01-05 20:42:00,517] {dag.py:2935} INFO - Setting next_dagrun for latest_only to 2022-01-05T16:42:00.516859+00:00
[2022-01-05 20:42:00,570] {processor.py:171} INFO - Processing /home/airflow/sandbox/lib/python3.8/site-packages/airflow/example_dags/example_latest_only.py took 0.244 seconds
[2022-01-05 20:42:31,168] {processor.py:163} INFO - Started process (PID=15847) to work on /home/airflow/sandbox/lib/python3.8/site-packages/airflow/example_dags/example_latest_only.py
[2022-01-05 20:42:31,170] {processor.py:642} INFO - Processing file /home/airflow/sandbox/lib/python3.8/site-packages/airflow/example_dags/example_latest_only.py for tasks to queue
[2022-01-05 20:42:31,171] {logging_mixin.py:109} INFO - [2022-01-05 20:42:31,171] {dagbag.py:500} INFO - Filling up the DagBag from /home/airflow/sandbox/lib/python3.8/site-packages/airflow/example_dags/example_latest_only.py
[2022-01-05 20:42:31,235] {processor.py:654} INFO - DAG(s) dict_keys(['latest_only']) retrieved from /home/airflow/sandbox/lib/python3.8/site-packages/airflow/example_dags/example_latest_only.py
[2022-01-05 20:42:31,273] {logging_mixin.py:109} INFO - [2022-01-05 20:42:31,272] {dag.py:2396} INFO - Sync 1 DAGs
[2022-01-05 20:42:31,317] {logging_mixin.py:109} INFO - [2022-01-05 20:42:31,317] {dag.py:2935} INFO - Setting next_dagrun for latest_only to 2022-01-05T16:42:31.316866+00:00
[2022-01-05 20:42:31,327] {processor.py:171} INFO - Processing /home/airflow/sandbox/lib/python3.8/site-packages/airflow/example_dags/example_latest_only.py took 0.169 seconds
[2022-01-05 20:43:01,825] {processor.py:163} INFO - Started process (PID=16083) to work on /home/airflow/sandbox/lib/python3.8/site-packages/airflow/example_dags/example_latest_only.py
[2022-01-05 20:43:01,833] {processor.py:642} INFO - Processing file /home/airflow/sandbox/lib/python3.8/site-packages/airflow/example_dags/example_latest_only.py for tasks to queue
[2022-01-05 20:43:01,854] {logging_mixin.py:109} INFO - [2022-01-05 20:43:01,838] {dagbag.py:500} INFO - Filling up the DagBag from /home/airflow/sandbox/lib/python3.8/site-packages/airflow/example_dags/example_latest_only.py
[2022-01-05 20:43:01,986] {processor.py:654} INFO - DAG(s) dict_keys(['latest_only']) retrieved from /home/airflow/sandbox/lib/python3.8/site-packages/airflow/example_dags/example_latest_only.py
[2022-01-05 20:43:02,066] {logging_mixin.py:109} INFO - [2022-01-05 20:43:02,065] {dag.py:2396} INFO - Sync 1 DAGs
[2022-01-05 20:43:02,179] {logging_mixin.py:109} INFO - [2022-01-05 20:43:02,179] {dag.py:2935} INFO - Setting next_dagrun for latest_only to 2022-01-05T16:43:02.179053+00:00
[2022-01-05 20:43:02,232] {processor.py:171} INFO - Processing /home/airflow/sandbox/lib/python3.8/site-packages/airflow/example_dags/example_latest_only.py took 0.409 seconds
[2022-01-05 20:43:32,440] {processor.py:163} INFO - Started process (PID=16398) to work on /home/airflow/sandbox/lib/python3.8/site-packages/airflow/example_dags/example_latest_only.py
[2022-01-05 20:43:32,441] {processor.py:642} INFO - Processing file /home/airflow/sandbox/lib/python3.8/site-packages/airflow/example_dags/example_latest_only.py for tasks to queue
[2022-01-05 20:43:32,442] {logging_mixin.py:109} INFO - [2022-01-05 20:43:32,442] {dagbag.py:500} INFO - Filling up the DagBag from /home/airflow/sandbox/lib/python3.8/site-packages/airflow/example_dags/example_latest_only.py
[2022-01-05 20:43:32,503] {processor.py:654} INFO - DAG(s) dict_keys(['latest_only']) retrieved from /home/airflow/sandbox/lib/python3.8/site-packages/airflow/example_dags/example_latest_only.py
[2022-01-05 20:43:32,517] {logging_mixin.py:109} INFO - [2022-01-05 20:43:32,517] {dag.py:2396} INFO - Sync 1 DAGs
[2022-01-05 20:43:32,537] {logging_mixin.py:109} INFO - [2022-01-05 20:43:32,537] {dag.py:2935} INFO - Setting next_dagrun for latest_only to 2022-01-05T16:43:32.537016+00:00
[2022-01-05 20:43:32,560] {processor.py:171} INFO - Processing /home/airflow/sandbox/lib/python3.8/site-packages/airflow/example_dags/example_latest_only.py took 0.126 seconds
[2022-01-05 20:44:02,742] {processor.py:163} INFO - Started process (PID=16633) to work on /home/airflow/sandbox/lib/python3.8/site-packages/airflow/example_dags/example_latest_only.py
[2022-01-05 20:44:02,746] {processor.py:642} INFO - Processing file /home/airflow/sandbox/lib/python3.8/site-packages/airflow/example_dags/example_latest_only.py for tasks to queue
[2022-01-05 20:44:02,747] {logging_mixin.py:109} INFO - [2022-01-05 20:44:02,747] {dagbag.py:500} INFO - Filling up the DagBag from /home/airflow/sandbox/lib/python3.8/site-packages/airflow/example_dags/example_latest_only.py
[2022-01-05 20:44:02,827] {processor.py:654} INFO - DAG(s) dict_keys(['latest_only']) retrieved from /home/airflow/sandbox/lib/python3.8/site-packages/airflow/example_dags/example_latest_only.py
[2022-01-05 20:44:02,856] {logging_mixin.py:109} INFO - [2022-01-05 20:44:02,856] {dag.py:2396} INFO - Sync 1 DAGs
[2022-01-05 20:44:02,899] {logging_mixin.py:109} INFO - [2022-01-05 20:44:02,898] {dag.py:2935} INFO - Setting next_dagrun for latest_only to 2022-01-05T16:44:02.898574+00:00
[2022-01-05 20:44:02,929] {processor.py:171} INFO - Processing /home/airflow/sandbox/lib/python3.8/site-packages/airflow/example_dags/example_latest_only.py took 0.190 seconds
[2022-01-05 20:44:33,289] {processor.py:163} INFO - Started process (PID=16874) to work on /home/airflow/sandbox/lib/python3.8/site-packages/airflow/example_dags/example_latest_only.py
[2022-01-05 20:44:33,290] {processor.py:642} INFO - Processing file /home/airflow/sandbox/lib/python3.8/site-packages/airflow/example_dags/example_latest_only.py for tasks to queue
[2022-01-05 20:44:33,291] {logging_mixin.py:109} INFO - [2022-01-05 20:44:33,291] {dagbag.py:500} INFO - Filling up the DagBag from /home/airflow/sandbox/lib/python3.8/site-packages/airflow/example_dags/example_latest_only.py
[2022-01-05 20:44:33,327] {processor.py:654} INFO - DAG(s) dict_keys(['latest_only']) retrieved from /home/airflow/sandbox/lib/python3.8/site-packages/airflow/example_dags/example_latest_only.py
[2022-01-05 20:44:33,339] {logging_mixin.py:109} INFO - [2022-01-05 20:44:33,339] {dag.py:2396} INFO - Sync 1 DAGs
[2022-01-05 20:44:33,354] {logging_mixin.py:109} INFO - [2022-01-05 20:44:33,354] {dag.py:2935} INFO - Setting next_dagrun for latest_only to 2022-01-05T16:44:33.354048+00:00
[2022-01-05 20:44:33,370] {processor.py:171} INFO - Processing /home/airflow/sandbox/lib/python3.8/site-packages/airflow/example_dags/example_latest_only.py took 0.087 seconds
[2022-01-05 20:45:03,870] {processor.py:163} INFO - Started process (PID=17124) to work on /home/airflow/sandbox/lib/python3.8/site-packages/airflow/example_dags/example_latest_only.py
[2022-01-05 20:45:03,871] {processor.py:642} INFO - Processing file /home/airflow/sandbox/lib/python3.8/site-packages/airflow/example_dags/example_latest_only.py for tasks to queue
[2022-01-05 20:45:03,872] {logging_mixin.py:109} INFO - [2022-01-05 20:45:03,871] {dagbag.py:500} INFO - Filling up the DagBag from /home/airflow/sandbox/lib/python3.8/site-packages/airflow/example_dags/example_latest_only.py
[2022-01-05 20:45:03,903] {processor.py:654} INFO - DAG(s) dict_keys(['latest_only']) retrieved from /home/airflow/sandbox/lib/python3.8/site-packages/airflow/example_dags/example_latest_only.py
[2022-01-05 20:45:03,917] {logging_mixin.py:109} INFO - [2022-01-05 20:45:03,916] {dag.py:2396} INFO - Sync 1 DAGs
[2022-01-05 20:45:03,933] {logging_mixin.py:109} INFO - [2022-01-05 20:45:03,933] {dag.py:2935} INFO - Setting next_dagrun for latest_only to 2022-01-05T16:45:03.933427+00:00
[2022-01-05 20:45:03,946] {processor.py:171} INFO - Processing /home/airflow/sandbox/lib/python3.8/site-packages/airflow/example_dags/example_latest_only.py took 0.083 seconds
[2022-01-05 20:45:34,017] {processor.py:163} INFO - Started process (PID=17365) to work on /home/airflow/sandbox/lib/python3.8/site-packages/airflow/example_dags/example_latest_only.py
[2022-01-05 20:45:34,019] {processor.py:642} INFO - Processing file /home/airflow/sandbox/lib/python3.8/site-packages/airflow/example_dags/example_latest_only.py for tasks to queue
[2022-01-05 20:45:34,021] {logging_mixin.py:109} INFO - [2022-01-05 20:45:34,021] {dagbag.py:500} INFO - Filling up the DagBag from /home/airflow/sandbox/lib/python3.8/site-packages/airflow/example_dags/example_latest_only.py
[2022-01-05 20:45:34,054] {processor.py:654} INFO - DAG(s) dict_keys(['latest_only']) retrieved from /home/airflow/sandbox/lib/python3.8/site-packages/airflow/example_dags/example_latest_only.py
[2022-01-05 20:45:34,070] {logging_mixin.py:109} INFO - [2022-01-05 20:45:34,069] {dag.py:2396} INFO - Sync 1 DAGs
[2022-01-05 20:45:34,092] {logging_mixin.py:109} INFO - [2022-01-05 20:45:34,092] {dag.py:2935} INFO - Setting next_dagrun for latest_only to 2022-01-05T16:45:34.091896+00:00
[2022-01-05 20:45:34,113] {processor.py:171} INFO - Processing /home/airflow/sandbox/lib/python3.8/site-packages/airflow/example_dags/example_latest_only.py took 0.101 seconds
[2022-01-05 20:46:04,169] {processor.py:163} INFO - Started process (PID=17613) to work on /home/airflow/sandbox/lib/python3.8/site-packages/airflow/example_dags/example_latest_only.py
[2022-01-05 20:46:04,170] {processor.py:642} INFO - Processing file /home/airflow/sandbox/lib/python3.8/site-packages/airflow/example_dags/example_latest_only.py for tasks to queue
[2022-01-05 20:46:04,171] {logging_mixin.py:109} INFO - [2022-01-05 20:46:04,170] {dagbag.py:500} INFO - Filling up the DagBag from /home/airflow/sandbox/lib/python3.8/site-packages/airflow/example_dags/example_latest_only.py
[2022-01-05 20:46:04,201] {processor.py:654} INFO - DAG(s) dict_keys(['latest_only']) retrieved from /home/airflow/sandbox/lib/python3.8/site-packages/airflow/example_dags/example_latest_only.py
[2022-01-05 20:46:04,210] {logging_mixin.py:109} INFO - [2022-01-05 20:46:04,210] {dag.py:2396} INFO - Sync 1 DAGs
[2022-01-05 20:46:04,223] {logging_mixin.py:109} INFO - [2022-01-05 20:46:04,223] {dag.py:2935} INFO - Setting next_dagrun for latest_only to 2022-01-05T16:46:04.223376+00:00
[2022-01-05 20:46:04,246] {processor.py:171} INFO - Processing /home/airflow/sandbox/lib/python3.8/site-packages/airflow/example_dags/example_latest_only.py took 0.080 seconds
[2022-01-05 20:46:34,554] {processor.py:163} INFO - Started process (PID=17860) to work on /home/airflow/sandbox/lib/python3.8/site-packages/airflow/example_dags/example_latest_only.py
[2022-01-05 20:46:34,557] {processor.py:642} INFO - Processing file /home/airflow/sandbox/lib/python3.8/site-packages/airflow/example_dags/example_latest_only.py for tasks to queue
[2022-01-05 20:46:34,557] {logging_mixin.py:109} INFO - [2022-01-05 20:46:34,557] {dagbag.py:500} INFO - Filling up the DagBag from /home/airflow/sandbox/lib/python3.8/site-packages/airflow/example_dags/example_latest_only.py
[2022-01-05 20:46:34,596] {processor.py:654} INFO - DAG(s) dict_keys(['latest_only']) retrieved from /home/airflow/sandbox/lib/python3.8/site-packages/airflow/example_dags/example_latest_only.py
[2022-01-05 20:46:34,607] {logging_mixin.py:109} INFO - [2022-01-05 20:46:34,606] {dag.py:2396} INFO - Sync 1 DAGs
[2022-01-05 20:46:34,623] {logging_mixin.py:109} INFO - [2022-01-05 20:46:34,623] {dag.py:2935} INFO - Setting next_dagrun for latest_only to 2022-01-05T16:46:34.623407+00:00
[2022-01-05 20:46:34,633] {processor.py:171} INFO - Processing /home/airflow/sandbox/lib/python3.8/site-packages/airflow/example_dags/example_latest_only.py took 0.088 seconds
[2022-01-05 20:47:05,412] {processor.py:163} INFO - Started process (PID=18099) to work on /home/airflow/sandbox/lib/python3.8/site-packages/airflow/example_dags/example_latest_only.py
[2022-01-05 20:47:05,416] {processor.py:642} INFO - Processing file /home/airflow/sandbox/lib/python3.8/site-packages/airflow/example_dags/example_latest_only.py for tasks to queue
[2022-01-05 20:47:05,421] {logging_mixin.py:109} INFO - [2022-01-05 20:47:05,420] {dagbag.py:500} INFO - Filling up the DagBag from /home/airflow/sandbox/lib/python3.8/site-packages/airflow/example_dags/example_latest_only.py
[2022-01-05 20:47:05,550] {processor.py:654} INFO - DAG(s) dict_keys(['latest_only']) retrieved from /home/airflow/sandbox/lib/python3.8/site-packages/airflow/example_dags/example_latest_only.py
[2022-01-05 20:47:05,572] {logging_mixin.py:109} INFO - [2022-01-05 20:47:05,572] {dag.py:2396} INFO - Sync 1 DAGs
[2022-01-05 20:47:05,684] {logging_mixin.py:109} INFO - [2022-01-05 20:47:05,684] {dag.py:2935} INFO - Setting next_dagrun for latest_only to 2022-01-05T16:47:05.683996+00:00
[2022-01-05 20:47:05,703] {processor.py:171} INFO - Processing /home/airflow/sandbox/lib/python3.8/site-packages/airflow/example_dags/example_latest_only.py took 0.295 seconds
[2022-01-05 20:47:36,500] {processor.py:163} INFO - Started process (PID=18346) to work on /home/airflow/sandbox/lib/python3.8/site-packages/airflow/example_dags/example_latest_only.py
[2022-01-05 20:47:36,501] {processor.py:642} INFO - Processing file /home/airflow/sandbox/lib/python3.8/site-packages/airflow/example_dags/example_latest_only.py for tasks to queue
[2022-01-05 20:47:36,503] {logging_mixin.py:109} INFO - [2022-01-05 20:47:36,503] {dagbag.py:500} INFO - Filling up the DagBag from /home/airflow/sandbox/lib/python3.8/site-packages/airflow/example_dags/example_latest_only.py
[2022-01-05 20:47:36,660] {processor.py:654} INFO - DAG(s) dict_keys(['latest_only']) retrieved from /home/airflow/sandbox/lib/python3.8/site-packages/airflow/example_dags/example_latest_only.py
[2022-01-05 20:47:36,739] {logging_mixin.py:109} INFO - [2022-01-05 20:47:36,739] {dag.py:2396} INFO - Sync 1 DAGs
[2022-01-05 20:47:36,808] {logging_mixin.py:109} INFO - [2022-01-05 20:47:36,808] {dag.py:2935} INFO - Setting next_dagrun for latest_only to 2022-01-05T16:47:36.807435+00:00
[2022-01-05 20:47:36,892] {processor.py:171} INFO - Processing /home/airflow/sandbox/lib/python3.8/site-packages/airflow/example_dags/example_latest_only.py took 0.397 seconds
[2022-01-05 20:48:07,624] {processor.py:163} INFO - Started process (PID=18590) to work on /home/airflow/sandbox/lib/python3.8/site-packages/airflow/example_dags/example_latest_only.py
[2022-01-05 20:48:07,628] {processor.py:642} INFO - Processing file /home/airflow/sandbox/lib/python3.8/site-packages/airflow/example_dags/example_latest_only.py for tasks to queue
[2022-01-05 20:48:07,629] {logging_mixin.py:109} INFO - [2022-01-05 20:48:07,629] {dagbag.py:500} INFO - Filling up the DagBag from /home/airflow/sandbox/lib/python3.8/site-packages/airflow/example_dags/example_latest_only.py
[2022-01-05 20:48:07,679] {processor.py:654} INFO - DAG(s) dict_keys(['latest_only']) retrieved from /home/airflow/sandbox/lib/python3.8/site-packages/airflow/example_dags/example_latest_only.py
[2022-01-05 20:48:07,706] {logging_mixin.py:109} INFO - [2022-01-05 20:48:07,706] {dag.py:2396} INFO - Sync 1 DAGs
[2022-01-05 20:48:07,733] {logging_mixin.py:109} INFO - [2022-01-05 20:48:07,733] {dag.py:2935} INFO - Setting next_dagrun for latest_only to 2022-01-05T16:48:07.732942+00:00
[2022-01-05 20:48:07,746] {processor.py:171} INFO - Processing /home/airflow/sandbox/lib/python3.8/site-packages/airflow/example_dags/example_latest_only.py took 0.125 seconds
[2022-01-05 20:48:38,556] {processor.py:163} INFO - Started process (PID=18897) to work on /home/airflow/sandbox/lib/python3.8/site-packages/airflow/example_dags/example_latest_only.py
[2022-01-05 20:48:38,560] {processor.py:642} INFO - Processing file /home/airflow/sandbox/lib/python3.8/site-packages/airflow/example_dags/example_latest_only.py for tasks to queue
[2022-01-05 20:48:38,564] {logging_mixin.py:109} INFO - [2022-01-05 20:48:38,562] {dagbag.py:500} INFO - Filling up the DagBag from /home/airflow/sandbox/lib/python3.8/site-packages/airflow/example_dags/example_latest_only.py
[2022-01-05 20:48:38,970] {processor.py:654} INFO - DAG(s) dict_keys(['latest_only']) retrieved from /home/airflow/sandbox/lib/python3.8/site-packages/airflow/example_dags/example_latest_only.py
[2022-01-05 20:48:39,056] {logging_mixin.py:109} INFO - [2022-01-05 20:48:39,056] {dag.py:2396} INFO - Sync 1 DAGs
[2022-01-05 20:48:39,112] {logging_mixin.py:109} INFO - [2022-01-05 20:48:39,112] {dag.py:2935} INFO - Setting next_dagrun for latest_only to 2022-01-05T16:48:39.111563+00:00
[2022-01-05 20:48:39,159] {processor.py:171} INFO - Processing /home/airflow/sandbox/lib/python3.8/site-packages/airflow/example_dags/example_latest_only.py took 0.636 seconds
[2022-01-05 20:49:09,416] {processor.py:163} INFO - Started process (PID=19145) to work on /home/airflow/sandbox/lib/python3.8/site-packages/airflow/example_dags/example_latest_only.py
[2022-01-05 20:49:09,439] {processor.py:642} INFO - Processing file /home/airflow/sandbox/lib/python3.8/site-packages/airflow/example_dags/example_latest_only.py for tasks to queue
[2022-01-05 20:49:09,441] {logging_mixin.py:109} INFO - [2022-01-05 20:49:09,441] {dagbag.py:500} INFO - Filling up the DagBag from /home/airflow/sandbox/lib/python3.8/site-packages/airflow/example_dags/example_latest_only.py
[2022-01-05 20:49:09,496] {processor.py:654} INFO - DAG(s) dict_keys(['latest_only']) retrieved from /home/airflow/sandbox/lib/python3.8/site-packages/airflow/example_dags/example_latest_only.py
[2022-01-05 20:49:09,543] {logging_mixin.py:109} INFO - [2022-01-05 20:49:09,542] {dag.py:2396} INFO - Sync 1 DAGs
[2022-01-05 20:49:09,563] {logging_mixin.py:109} INFO - [2022-01-05 20:49:09,563] {dag.py:2935} INFO - Setting next_dagrun for latest_only to 2022-01-05T16:49:09.562944+00:00
[2022-01-05 20:49:09,594] {processor.py:171} INFO - Processing /home/airflow/sandbox/lib/python3.8/site-packages/airflow/example_dags/example_latest_only.py took 0.181 seconds
[2022-01-05 20:49:39,902] {processor.py:163} INFO - Started process (PID=19386) to work on /home/airflow/sandbox/lib/python3.8/site-packages/airflow/example_dags/example_latest_only.py
[2022-01-05 20:49:39,903] {processor.py:642} INFO - Processing file /home/airflow/sandbox/lib/python3.8/site-packages/airflow/example_dags/example_latest_only.py for tasks to queue
[2022-01-05 20:49:39,904] {logging_mixin.py:109} INFO - [2022-01-05 20:49:39,903] {dagbag.py:500} INFO - Filling up the DagBag from /home/airflow/sandbox/lib/python3.8/site-packages/airflow/example_dags/example_latest_only.py
[2022-01-05 20:49:39,990] {processor.py:654} INFO - DAG(s) dict_keys(['latest_only']) retrieved from /home/airflow/sandbox/lib/python3.8/site-packages/airflow/example_dags/example_latest_only.py
[2022-01-05 20:49:40,026] {logging_mixin.py:109} INFO - [2022-01-05 20:49:40,026] {dag.py:2396} INFO - Sync 1 DAGs
[2022-01-05 20:49:40,042] {logging_mixin.py:109} INFO - [2022-01-05 20:49:40,042] {dag.py:2935} INFO - Setting next_dagrun for latest_only to 2022-01-05T16:49:40.042143+00:00
[2022-01-05 20:49:40,081] {processor.py:171} INFO - Processing /home/airflow/sandbox/lib/python3.8/site-packages/airflow/example_dags/example_latest_only.py took 0.186 seconds
[2022-01-05 20:50:10,916] {processor.py:163} INFO - Started process (PID=19634) to work on /home/airflow/sandbox/lib/python3.8/site-packages/airflow/example_dags/example_latest_only.py
[2022-01-05 20:50:10,919] {processor.py:642} INFO - Processing file /home/airflow/sandbox/lib/python3.8/site-packages/airflow/example_dags/example_latest_only.py for tasks to queue
[2022-01-05 20:50:10,919] {logging_mixin.py:109} INFO - [2022-01-05 20:50:10,919] {dagbag.py:500} INFO - Filling up the DagBag from /home/airflow/sandbox/lib/python3.8/site-packages/airflow/example_dags/example_latest_only.py
[2022-01-05 20:50:10,966] {processor.py:654} INFO - DAG(s) dict_keys(['latest_only']) retrieved from /home/airflow/sandbox/lib/python3.8/site-packages/airflow/example_dags/example_latest_only.py
[2022-01-05 20:50:10,983] {logging_mixin.py:109} INFO - [2022-01-05 20:50:10,983] {dag.py:2396} INFO - Sync 1 DAGs
[2022-01-05 20:50:11,011] {logging_mixin.py:109} INFO - [2022-01-05 20:50:11,011] {dag.py:2935} INFO - Setting next_dagrun for latest_only to 2022-01-05T16:50:10.998011+00:00
[2022-01-05 20:50:11,023] {processor.py:171} INFO - Processing /home/airflow/sandbox/lib/python3.8/site-packages/airflow/example_dags/example_latest_only.py took 0.112 seconds
[2022-01-05 20:50:41,405] {processor.py:163} INFO - Started process (PID=19881) to work on /home/airflow/sandbox/lib/python3.8/site-packages/airflow/example_dags/example_latest_only.py
[2022-01-05 20:50:41,406] {processor.py:642} INFO - Processing file /home/airflow/sandbox/lib/python3.8/site-packages/airflow/example_dags/example_latest_only.py for tasks to queue
[2022-01-05 20:50:41,407] {logging_mixin.py:109} INFO - [2022-01-05 20:50:41,407] {dagbag.py:500} INFO - Filling up the DagBag from /home/airflow/sandbox/lib/python3.8/site-packages/airflow/example_dags/example_latest_only.py
[2022-01-05 20:50:41,484] {processor.py:654} INFO - DAG(s) dict_keys(['latest_only']) retrieved from /home/airflow/sandbox/lib/python3.8/site-packages/airflow/example_dags/example_latest_only.py
[2022-01-05 20:50:41,515] {logging_mixin.py:109} INFO - [2022-01-05 20:50:41,515] {dag.py:2396} INFO - Sync 1 DAGs
[2022-01-05 20:50:41,536] {logging_mixin.py:109} INFO - [2022-01-05 20:50:41,536] {dag.py:2935} INFO - Setting next_dagrun for latest_only to 2022-01-05T16:50:41.536298+00:00
[2022-01-05 20:50:41,565] {processor.py:171} INFO - Processing /home/airflow/sandbox/lib/python3.8/site-packages/airflow/example_dags/example_latest_only.py took 0.177 seconds
[2022-01-05 20:51:11,808] {processor.py:163} INFO - Started process (PID=20122) to work on /home/airflow/sandbox/lib/python3.8/site-packages/airflow/example_dags/example_latest_only.py
[2022-01-05 20:51:11,809] {processor.py:642} INFO - Processing file /home/airflow/sandbox/lib/python3.8/site-packages/airflow/example_dags/example_latest_only.py for tasks to queue
[2022-01-05 20:51:11,810] {logging_mixin.py:109} INFO - [2022-01-05 20:51:11,810] {dagbag.py:500} INFO - Filling up the DagBag from /home/airflow/sandbox/lib/python3.8/site-packages/airflow/example_dags/example_latest_only.py
[2022-01-05 20:51:11,856] {processor.py:654} INFO - DAG(s) dict_keys(['latest_only']) retrieved from /home/airflow/sandbox/lib/python3.8/site-packages/airflow/example_dags/example_latest_only.py
[2022-01-05 20:51:11,872] {logging_mixin.py:109} INFO - [2022-01-05 20:51:11,871] {dag.py:2396} INFO - Sync 1 DAGs
[2022-01-05 20:51:11,919] {logging_mixin.py:109} INFO - [2022-01-05 20:51:11,919] {dag.py:2935} INFO - Setting next_dagrun for latest_only to 2022-01-05T16:51:11.919061+00:00
[2022-01-05 20:51:11,951] {processor.py:171} INFO - Processing /home/airflow/sandbox/lib/python3.8/site-packages/airflow/example_dags/example_latest_only.py took 0.148 seconds
[2022-01-05 20:51:42,520] {processor.py:163} INFO - Started process (PID=20369) to work on /home/airflow/sandbox/lib/python3.8/site-packages/airflow/example_dags/example_latest_only.py
[2022-01-05 20:51:42,522] {processor.py:642} INFO - Processing file /home/airflow/sandbox/lib/python3.8/site-packages/airflow/example_dags/example_latest_only.py for tasks to queue
[2022-01-05 20:51:42,523] {logging_mixin.py:109} INFO - [2022-01-05 20:51:42,522] {dagbag.py:500} INFO - Filling up the DagBag from /home/airflow/sandbox/lib/python3.8/site-packages/airflow/example_dags/example_latest_only.py
[2022-01-05 20:51:42,573] {processor.py:654} INFO - DAG(s) dict_keys(['latest_only']) retrieved from /home/airflow/sandbox/lib/python3.8/site-packages/airflow/example_dags/example_latest_only.py
[2022-01-05 20:51:42,612] {logging_mixin.py:109} INFO - [2022-01-05 20:51:42,612] {dag.py:2396} INFO - Sync 1 DAGs
[2022-01-05 20:51:42,643] {logging_mixin.py:109} INFO - [2022-01-05 20:51:42,643] {dag.py:2935} INFO - Setting next_dagrun for latest_only to 2022-01-05T16:51:42.643199+00:00
[2022-01-05 20:51:42,666] {processor.py:171} INFO - Processing /home/airflow/sandbox/lib/python3.8/site-packages/airflow/example_dags/example_latest_only.py took 0.149 seconds
[2022-01-05 20:52:12,860] {processor.py:163} INFO - Started process (PID=20615) to work on /home/airflow/sandbox/lib/python3.8/site-packages/airflow/example_dags/example_latest_only.py
[2022-01-05 20:52:12,861] {processor.py:642} INFO - Processing file /home/airflow/sandbox/lib/python3.8/site-packages/airflow/example_dags/example_latest_only.py for tasks to queue
[2022-01-05 20:52:12,863] {logging_mixin.py:109} INFO - [2022-01-05 20:52:12,863] {dagbag.py:500} INFO - Filling up the DagBag from /home/airflow/sandbox/lib/python3.8/site-packages/airflow/example_dags/example_latest_only.py
[2022-01-05 20:52:12,949] {processor.py:654} INFO - DAG(s) dict_keys(['latest_only']) retrieved from /home/airflow/sandbox/lib/python3.8/site-packages/airflow/example_dags/example_latest_only.py
[2022-01-05 20:52:12,971] {logging_mixin.py:109} INFO - [2022-01-05 20:52:12,970] {dag.py:2396} INFO - Sync 1 DAGs
[2022-01-05 20:52:13,020] {logging_mixin.py:109} INFO - [2022-01-05 20:52:13,020] {dag.py:2935} INFO - Setting next_dagrun for latest_only to 2022-01-05T16:52:13.020551+00:00
[2022-01-05 20:52:13,056] {processor.py:171} INFO - Processing /home/airflow/sandbox/lib/python3.8/site-packages/airflow/example_dags/example_latest_only.py took 0.205 seconds
[2022-01-05 20:52:43,112] {processor.py:163} INFO - Started process (PID=20852) to work on /home/airflow/sandbox/lib/python3.8/site-packages/airflow/example_dags/example_latest_only.py
[2022-01-05 20:52:43,115] {processor.py:642} INFO - Processing file /home/airflow/sandbox/lib/python3.8/site-packages/airflow/example_dags/example_latest_only.py for tasks to queue
[2022-01-05 20:52:43,116] {logging_mixin.py:109} INFO - [2022-01-05 20:52:43,116] {dagbag.py:500} INFO - Filling up the DagBag from /home/airflow/sandbox/lib/python3.8/site-packages/airflow/example_dags/example_latest_only.py
[2022-01-05 20:52:43,168] {processor.py:654} INFO - DAG(s) dict_keys(['latest_only']) retrieved from /home/airflow/sandbox/lib/python3.8/site-packages/airflow/example_dags/example_latest_only.py
[2022-01-05 20:52:43,201] {logging_mixin.py:109} INFO - [2022-01-05 20:52:43,201] {dag.py:2396} INFO - Sync 1 DAGs
[2022-01-05 20:52:43,237] {logging_mixin.py:109} INFO - [2022-01-05 20:52:43,237] {dag.py:2935} INFO - Setting next_dagrun for latest_only to 2022-01-05T16:52:43.236267+00:00
[2022-01-05 20:52:43,257] {processor.py:171} INFO - Processing /home/airflow/sandbox/lib/python3.8/site-packages/airflow/example_dags/example_latest_only.py took 0.149 seconds
[2022-01-05 20:53:13,448] {processor.py:163} INFO - Started process (PID=21127) to work on /home/airflow/sandbox/lib/python3.8/site-packages/airflow/example_dags/example_latest_only.py
[2022-01-05 20:53:13,450] {processor.py:642} INFO - Processing file /home/airflow/sandbox/lib/python3.8/site-packages/airflow/example_dags/example_latest_only.py for tasks to queue
[2022-01-05 20:53:13,452] {logging_mixin.py:109} INFO - [2022-01-05 20:53:13,452] {dagbag.py:500} INFO - Filling up the DagBag from /home/airflow/sandbox/lib/python3.8/site-packages/airflow/example_dags/example_latest_only.py
[2022-01-05 20:53:13,543] {processor.py:654} INFO - DAG(s) dict_keys(['latest_only']) retrieved from /home/airflow/sandbox/lib/python3.8/site-packages/airflow/example_dags/example_latest_only.py
[2022-01-05 20:53:13,601] {logging_mixin.py:109} INFO - [2022-01-05 20:53:13,600] {dag.py:2396} INFO - Sync 1 DAGs
[2022-01-05 20:53:13,666] {logging_mixin.py:109} INFO - [2022-01-05 20:53:13,666] {dag.py:2935} INFO - Setting next_dagrun for latest_only to 2022-01-05T16:53:13.665964+00:00
[2022-01-05 20:53:13,731] {processor.py:171} INFO - Processing /home/airflow/sandbox/lib/python3.8/site-packages/airflow/example_dags/example_latest_only.py took 0.286 seconds
[2022-01-05 20:53:43,944] {processor.py:163} INFO - Started process (PID=21410) to work on /home/airflow/sandbox/lib/python3.8/site-packages/airflow/example_dags/example_latest_only.py
[2022-01-05 20:53:43,952] {processor.py:642} INFO - Processing file /home/airflow/sandbox/lib/python3.8/site-packages/airflow/example_dags/example_latest_only.py for tasks to queue
[2022-01-05 20:53:43,955] {logging_mixin.py:109} INFO - [2022-01-05 20:53:43,954] {dagbag.py:500} INFO - Filling up the DagBag from /home/airflow/sandbox/lib/python3.8/site-packages/airflow/example_dags/example_latest_only.py
[2022-01-05 20:53:44,050] {processor.py:654} INFO - DAG(s) dict_keys(['latest_only']) retrieved from /home/airflow/sandbox/lib/python3.8/site-packages/airflow/example_dags/example_latest_only.py
[2022-01-05 20:53:44,085] {logging_mixin.py:109} INFO - [2022-01-05 20:53:44,085] {dag.py:2396} INFO - Sync 1 DAGs
[2022-01-05 20:53:44,147] {logging_mixin.py:109} INFO - [2022-01-05 20:53:44,147] {dag.py:2935} INFO - Setting next_dagrun for latest_only to 2022-01-05T16:53:44.147590+00:00
[2022-01-05 20:53:44,192] {processor.py:171} INFO - Processing /home/airflow/sandbox/lib/python3.8/site-packages/airflow/example_dags/example_latest_only.py took 0.251 seconds
[2022-01-05 20:54:14,841] {processor.py:163} INFO - Started process (PID=21657) to work on /home/airflow/sandbox/lib/python3.8/site-packages/airflow/example_dags/example_latest_only.py
[2022-01-05 20:54:14,843] {processor.py:642} INFO - Processing file /home/airflow/sandbox/lib/python3.8/site-packages/airflow/example_dags/example_latest_only.py for tasks to queue
[2022-01-05 20:54:14,845] {logging_mixin.py:109} INFO - [2022-01-05 20:54:14,844] {dagbag.py:500} INFO - Filling up the DagBag from /home/airflow/sandbox/lib/python3.8/site-packages/airflow/example_dags/example_latest_only.py
[2022-01-05 20:54:14,953] {processor.py:654} INFO - DAG(s) dict_keys(['latest_only']) retrieved from /home/airflow/sandbox/lib/python3.8/site-packages/airflow/example_dags/example_latest_only.py
[2022-01-05 20:54:15,001] {logging_mixin.py:109} INFO - [2022-01-05 20:54:15,001] {dag.py:2396} INFO - Sync 1 DAGs
[2022-01-05 20:54:15,183] {logging_mixin.py:109} INFO - [2022-01-05 20:54:15,183] {dag.py:2935} INFO - Setting next_dagrun for latest_only to 2022-01-05T16:54:15.182901+00:00
[2022-01-05 20:54:15,195] {processor.py:171} INFO - Processing /home/airflow/sandbox/lib/python3.8/site-packages/airflow/example_dags/example_latest_only.py took 0.387 seconds
[2022-01-05 20:54:45,333] {processor.py:163} INFO - Started process (PID=21898) to work on /home/airflow/sandbox/lib/python3.8/site-packages/airflow/example_dags/example_latest_only.py
[2022-01-05 20:54:45,335] {processor.py:642} INFO - Processing file /home/airflow/sandbox/lib/python3.8/site-packages/airflow/example_dags/example_latest_only.py for tasks to queue
[2022-01-05 20:54:45,336] {logging_mixin.py:109} INFO - [2022-01-05 20:54:45,336] {dagbag.py:500} INFO - Filling up the DagBag from /home/airflow/sandbox/lib/python3.8/site-packages/airflow/example_dags/example_latest_only.py
[2022-01-05 20:54:45,450] {processor.py:654} INFO - DAG(s) dict_keys(['latest_only']) retrieved from /home/airflow/sandbox/lib/python3.8/site-packages/airflow/example_dags/example_latest_only.py
[2022-01-05 20:54:45,507] {logging_mixin.py:109} INFO - [2022-01-05 20:54:45,507] {dag.py:2396} INFO - Sync 1 DAGs
[2022-01-05 20:54:45,625] {logging_mixin.py:109} INFO - [2022-01-05 20:54:45,625] {dag.py:2935} INFO - Setting next_dagrun for latest_only to 2022-01-05T16:54:45.605810+00:00
[2022-01-05 20:54:45,647] {processor.py:171} INFO - Processing /home/airflow/sandbox/lib/python3.8/site-packages/airflow/example_dags/example_latest_only.py took 0.319 seconds
[2022-01-05 20:55:16,087] {processor.py:163} INFO - Started process (PID=22149) to work on /home/airflow/sandbox/lib/python3.8/site-packages/airflow/example_dags/example_latest_only.py
[2022-01-05 20:55:16,090] {processor.py:642} INFO - Processing file /home/airflow/sandbox/lib/python3.8/site-packages/airflow/example_dags/example_latest_only.py for tasks to queue
[2022-01-05 20:55:16,093] {logging_mixin.py:109} INFO - [2022-01-05 20:55:16,093] {dagbag.py:500} INFO - Filling up the DagBag from /home/airflow/sandbox/lib/python3.8/site-packages/airflow/example_dags/example_latest_only.py
[2022-01-05 20:55:16,229] {processor.py:654} INFO - DAG(s) dict_keys(['latest_only']) retrieved from /home/airflow/sandbox/lib/python3.8/site-packages/airflow/example_dags/example_latest_only.py
[2022-01-05 20:55:16,243] {logging_mixin.py:109} INFO - [2022-01-05 20:55:16,243] {dag.py:2396} INFO - Sync 1 DAGs
[2022-01-05 20:55:16,333] {logging_mixin.py:109} INFO - [2022-01-05 20:55:16,333] {dag.py:2935} INFO - Setting next_dagrun for latest_only to 2022-01-05T16:55:16.333141+00:00
[2022-01-05 20:55:16,381] {processor.py:171} INFO - Processing /home/airflow/sandbox/lib/python3.8/site-packages/airflow/example_dags/example_latest_only.py took 0.300 seconds
[2022-01-05 20:55:47,698] {processor.py:163} INFO - Started process (PID=22400) to work on /home/airflow/sandbox/lib/python3.8/site-packages/airflow/example_dags/example_latest_only.py
[2022-01-05 20:55:47,782] {processor.py:642} INFO - Processing file /home/airflow/sandbox/lib/python3.8/site-packages/airflow/example_dags/example_latest_only.py for tasks to queue
[2022-01-05 20:55:47,784] {logging_mixin.py:109} INFO - [2022-01-05 20:55:47,784] {dagbag.py:500} INFO - Filling up the DagBag from /home/airflow/sandbox/lib/python3.8/site-packages/airflow/example_dags/example_latest_only.py
[2022-01-05 20:55:47,937] {processor.py:654} INFO - DAG(s) dict_keys(['latest_only']) retrieved from /home/airflow/sandbox/lib/python3.8/site-packages/airflow/example_dags/example_latest_only.py
[2022-01-05 20:55:47,985] {logging_mixin.py:109} INFO - [2022-01-05 20:55:47,985] {dag.py:2396} INFO - Sync 1 DAGs
[2022-01-05 20:55:48,087] {logging_mixin.py:109} INFO - [2022-01-05 20:55:48,087] {dag.py:2935} INFO - Setting next_dagrun for latest_only to 2022-01-05T16:55:48.087262+00:00
[2022-01-05 20:55:48,102] {processor.py:171} INFO - Processing /home/airflow/sandbox/lib/python3.8/site-packages/airflow/example_dags/example_latest_only.py took 0.413 seconds
[2022-01-05 20:56:18,799] {processor.py:163} INFO - Started process (PID=22641) to work on /home/airflow/sandbox/lib/python3.8/site-packages/airflow/example_dags/example_latest_only.py
[2022-01-05 20:56:18,801] {processor.py:642} INFO - Processing file /home/airflow/sandbox/lib/python3.8/site-packages/airflow/example_dags/example_latest_only.py for tasks to queue
[2022-01-05 20:56:18,802] {logging_mixin.py:109} INFO - [2022-01-05 20:56:18,802] {dagbag.py:500} INFO - Filling up the DagBag from /home/airflow/sandbox/lib/python3.8/site-packages/airflow/example_dags/example_latest_only.py
[2022-01-05 20:56:19,297] {processor.py:654} INFO - DAG(s) dict_keys(['latest_only']) retrieved from /home/airflow/sandbox/lib/python3.8/site-packages/airflow/example_dags/example_latest_only.py
[2022-01-05 20:56:19,347] {logging_mixin.py:109} INFO - [2022-01-05 20:56:19,347] {dag.py:2396} INFO - Sync 1 DAGs
[2022-01-05 20:56:19,452] {logging_mixin.py:109} INFO - [2022-01-05 20:56:19,451] {dag.py:2935} INFO - Setting next_dagrun for latest_only to 2022-01-05T16:56:19.451503+00:00
[2022-01-05 20:56:19,580] {processor.py:171} INFO - Processing /home/airflow/sandbox/lib/python3.8/site-packages/airflow/example_dags/example_latest_only.py took 0.786 seconds
[2022-01-05 20:56:49,836] {processor.py:163} INFO - Started process (PID=22878) to work on /home/airflow/sandbox/lib/python3.8/site-packages/airflow/example_dags/example_latest_only.py
[2022-01-05 20:56:49,839] {processor.py:642} INFO - Processing file /home/airflow/sandbox/lib/python3.8/site-packages/airflow/example_dags/example_latest_only.py for tasks to queue
[2022-01-05 20:56:49,839] {logging_mixin.py:109} INFO - [2022-01-05 20:56:49,839] {dagbag.py:500} INFO - Filling up the DagBag from /home/airflow/sandbox/lib/python3.8/site-packages/airflow/example_dags/example_latest_only.py
[2022-01-05 20:56:49,980] {processor.py:654} INFO - DAG(s) dict_keys(['latest_only']) retrieved from /home/airflow/sandbox/lib/python3.8/site-packages/airflow/example_dags/example_latest_only.py
[2022-01-05 20:56:50,003] {logging_mixin.py:109} INFO - [2022-01-05 20:56:50,003] {dag.py:2396} INFO - Sync 1 DAGs
[2022-01-05 20:56:50,050] {logging_mixin.py:109} INFO - [2022-01-05 20:56:50,050] {dag.py:2935} INFO - Setting next_dagrun for latest_only to 2022-01-05T16:56:50.050124+00:00
[2022-01-05 20:56:50,092] {processor.py:171} INFO - Processing /home/airflow/sandbox/lib/python3.8/site-packages/airflow/example_dags/example_latest_only.py took 0.259 seconds
[2022-01-05 20:57:21,997] {processor.py:163} INFO - Started process (PID=23125) to work on /home/airflow/sandbox/lib/python3.8/site-packages/airflow/example_dags/example_latest_only.py
[2022-01-05 20:57:22,000] {processor.py:642} INFO - Processing file /home/airflow/sandbox/lib/python3.8/site-packages/airflow/example_dags/example_latest_only.py for tasks to queue
[2022-01-05 20:57:22,002] {logging_mixin.py:109} INFO - [2022-01-05 20:57:22,002] {dagbag.py:500} INFO - Filling up the DagBag from /home/airflow/sandbox/lib/python3.8/site-packages/airflow/example_dags/example_latest_only.py
[2022-01-05 20:57:22,143] {processor.py:654} INFO - DAG(s) dict_keys(['latest_only']) retrieved from /home/airflow/sandbox/lib/python3.8/site-packages/airflow/example_dags/example_latest_only.py
[2022-01-05 20:57:22,190] {logging_mixin.py:109} INFO - [2022-01-05 20:57:22,189] {dag.py:2396} INFO - Sync 1 DAGs
[2022-01-05 20:57:22,580] {logging_mixin.py:109} INFO - [2022-01-05 20:57:22,580] {dag.py:2935} INFO - Setting next_dagrun for latest_only to 2022-01-05T16:57:22.580383+00:00
[2022-01-05 20:57:22,739] {processor.py:171} INFO - Processing /home/airflow/sandbox/lib/python3.8/site-packages/airflow/example_dags/example_latest_only.py took 0.747 seconds
[2022-01-05 20:57:53,535] {processor.py:163} INFO - Started process (PID=23364) to work on /home/airflow/sandbox/lib/python3.8/site-packages/airflow/example_dags/example_latest_only.py
[2022-01-05 20:57:53,538] {processor.py:642} INFO - Processing file /home/airflow/sandbox/lib/python3.8/site-packages/airflow/example_dags/example_latest_only.py for tasks to queue
[2022-01-05 20:57:53,539] {logging_mixin.py:109} INFO - [2022-01-05 20:57:53,539] {dagbag.py:500} INFO - Filling up the DagBag from /home/airflow/sandbox/lib/python3.8/site-packages/airflow/example_dags/example_latest_only.py
[2022-01-05 20:57:53,804] {processor.py:654} INFO - DAG(s) dict_keys(['latest_only']) retrieved from /home/airflow/sandbox/lib/python3.8/site-packages/airflow/example_dags/example_latest_only.py
[2022-01-05 20:57:53,897] {logging_mixin.py:109} INFO - [2022-01-05 20:57:53,897] {dag.py:2396} INFO - Sync 1 DAGs
[2022-01-05 20:57:54,096] {logging_mixin.py:109} INFO - [2022-01-05 20:57:54,096] {dag.py:2935} INFO - Setting next_dagrun for latest_only to 2022-01-05T16:57:54.095772+00:00
[2022-01-05 20:57:54,329] {processor.py:171} INFO - Processing /home/airflow/sandbox/lib/python3.8/site-packages/airflow/example_dags/example_latest_only.py took 0.800 seconds
[2022-01-05 20:58:24,783] {processor.py:163} INFO - Started process (PID=23674) to work on /home/airflow/sandbox/lib/python3.8/site-packages/airflow/example_dags/example_latest_only.py
[2022-01-05 20:58:24,784] {processor.py:642} INFO - Processing file /home/airflow/sandbox/lib/python3.8/site-packages/airflow/example_dags/example_latest_only.py for tasks to queue
[2022-01-05 20:58:24,785] {logging_mixin.py:109} INFO - [2022-01-05 20:58:24,785] {dagbag.py:500} INFO - Filling up the DagBag from /home/airflow/sandbox/lib/python3.8/site-packages/airflow/example_dags/example_latest_only.py
[2022-01-05 20:58:24,984] {processor.py:654} INFO - DAG(s) dict_keys(['latest_only']) retrieved from /home/airflow/sandbox/lib/python3.8/site-packages/airflow/example_dags/example_latest_only.py
[2022-01-05 20:58:24,999] {logging_mixin.py:109} INFO - [2022-01-05 20:58:24,999] {dag.py:2396} INFO - Sync 1 DAGs
[2022-01-05 20:58:25,047] {logging_mixin.py:109} INFO - [2022-01-05 20:58:25,046] {dag.py:2935} INFO - Setting next_dagrun for latest_only to 2022-01-05T16:58:25.046681+00:00
[2022-01-05 20:58:25,081] {processor.py:171} INFO - Processing /home/airflow/sandbox/lib/python3.8/site-packages/airflow/example_dags/example_latest_only.py took 0.301 seconds
[2022-01-05 20:58:55,330] {processor.py:163} INFO - Started process (PID=23918) to work on /home/airflow/sandbox/lib/python3.8/site-packages/airflow/example_dags/example_latest_only.py
[2022-01-05 20:58:55,335] {processor.py:642} INFO - Processing file /home/airflow/sandbox/lib/python3.8/site-packages/airflow/example_dags/example_latest_only.py for tasks to queue
[2022-01-05 20:58:55,337] {logging_mixin.py:109} INFO - [2022-01-05 20:58:55,337] {dagbag.py:500} INFO - Filling up the DagBag from /home/airflow/sandbox/lib/python3.8/site-packages/airflow/example_dags/example_latest_only.py
[2022-01-05 20:58:55,436] {processor.py:654} INFO - DAG(s) dict_keys(['latest_only']) retrieved from /home/airflow/sandbox/lib/python3.8/site-packages/airflow/example_dags/example_latest_only.py
[2022-01-05 20:58:55,452] {logging_mixin.py:109} INFO - [2022-01-05 20:58:55,452] {dag.py:2396} INFO - Sync 1 DAGs
[2022-01-05 20:58:55,535] {logging_mixin.py:109} INFO - [2022-01-05 20:58:55,535] {dag.py:2935} INFO - Setting next_dagrun for latest_only to 2022-01-05T16:58:55.534833+00:00
[2022-01-05 20:58:55,581] {processor.py:171} INFO - Processing /home/airflow/sandbox/lib/python3.8/site-packages/airflow/example_dags/example_latest_only.py took 0.281 seconds
[2022-01-05 20:59:26,399] {processor.py:163} INFO - Started process (PID=24151) to work on /home/airflow/sandbox/lib/python3.8/site-packages/airflow/example_dags/example_latest_only.py
[2022-01-05 20:59:26,401] {processor.py:642} INFO - Processing file /home/airflow/sandbox/lib/python3.8/site-packages/airflow/example_dags/example_latest_only.py for tasks to queue
[2022-01-05 20:59:26,403] {logging_mixin.py:109} INFO - [2022-01-05 20:59:26,402] {dagbag.py:500} INFO - Filling up the DagBag from /home/airflow/sandbox/lib/python3.8/site-packages/airflow/example_dags/example_latest_only.py
[2022-01-05 20:59:26,552] {processor.py:654} INFO - DAG(s) dict_keys(['latest_only']) retrieved from /home/airflow/sandbox/lib/python3.8/site-packages/airflow/example_dags/example_latest_only.py
[2022-01-05 20:59:26,650] {logging_mixin.py:109} INFO - [2022-01-05 20:59:26,649] {dag.py:2396} INFO - Sync 1 DAGs
[2022-01-05 20:59:26,788] {logging_mixin.py:109} INFO - [2022-01-05 20:59:26,787] {dag.py:2935} INFO - Setting next_dagrun for latest_only to 2022-01-05T16:59:26.787628+00:00
[2022-01-05 20:59:26,827] {processor.py:171} INFO - Processing /home/airflow/sandbox/lib/python3.8/site-packages/airflow/example_dags/example_latest_only.py took 0.449 seconds
[2022-01-05 20:59:56,993] {processor.py:163} INFO - Started process (PID=24386) to work on /home/airflow/sandbox/lib/python3.8/site-packages/airflow/example_dags/example_latest_only.py
[2022-01-05 20:59:56,994] {processor.py:642} INFO - Processing file /home/airflow/sandbox/lib/python3.8/site-packages/airflow/example_dags/example_latest_only.py for tasks to queue
[2022-01-05 20:59:56,995] {logging_mixin.py:109} INFO - [2022-01-05 20:59:56,995] {dagbag.py:500} INFO - Filling up the DagBag from /home/airflow/sandbox/lib/python3.8/site-packages/airflow/example_dags/example_latest_only.py
[2022-01-05 20:59:57,151] {processor.py:654} INFO - DAG(s) dict_keys(['latest_only']) retrieved from /home/airflow/sandbox/lib/python3.8/site-packages/airflow/example_dags/example_latest_only.py
[2022-01-05 20:59:57,190] {logging_mixin.py:109} INFO - [2022-01-05 20:59:57,189] {dag.py:2396} INFO - Sync 1 DAGs
[2022-01-05 20:59:57,239] {logging_mixin.py:109} INFO - [2022-01-05 20:59:57,238] {dag.py:2935} INFO - Setting next_dagrun for latest_only to 2022-01-05T16:59:57.238742+00:00
[2022-01-05 20:59:57,295] {processor.py:171} INFO - Processing /home/airflow/sandbox/lib/python3.8/site-packages/airflow/example_dags/example_latest_only.py took 0.306 seconds
