[2022-01-05 20:07:32,829] {processor.py:163} INFO - Started process (PID=2591) to work on /home/airflow/sandbox/lib/python3.8/site-packages/airflow/example_dags/example_dag_decorator.py
[2022-01-05 20:07:32,848] {processor.py:642} INFO - Processing file /home/airflow/sandbox/lib/python3.8/site-packages/airflow/example_dags/example_dag_decorator.py for tasks to queue
[2022-01-05 20:07:32,849] {logging_mixin.py:109} INFO - [2022-01-05 20:07:32,849] {dagbag.py:500} INFO - Filling up the DagBag from /home/airflow/sandbox/lib/python3.8/site-packages/airflow/example_dags/example_dag_decorator.py
[2022-01-05 20:07:33,637] {processor.py:654} INFO - DAG(s) dict_keys(['example_dag_decorator']) retrieved from /home/airflow/sandbox/lib/python3.8/site-packages/airflow/example_dags/example_dag_decorator.py
[2022-01-05 20:07:36,904] {logging_mixin.py:109} INFO - [2022-01-05 20:07:36,904] {dag.py:2396} INFO - Sync 1 DAGs
[2022-01-05 20:07:36,946] {logging_mixin.py:109} INFO - [2022-01-05 20:07:36,946] {dag.py:2935} INFO - Setting next_dagrun for example_dag_decorator to None
[2022-01-05 20:07:36,998] {processor.py:171} INFO - Processing /home/airflow/sandbox/lib/python3.8/site-packages/airflow/example_dags/example_dag_decorator.py took 4.210 seconds
[2022-01-05 20:08:07,793] {processor.py:163} INFO - Started process (PID=2869) to work on /home/airflow/sandbox/lib/python3.8/site-packages/airflow/example_dags/example_dag_decorator.py
[2022-01-05 20:08:07,795] {processor.py:642} INFO - Processing file /home/airflow/sandbox/lib/python3.8/site-packages/airflow/example_dags/example_dag_decorator.py for tasks to queue
[2022-01-05 20:08:07,796] {logging_mixin.py:109} INFO - [2022-01-05 20:08:07,796] {dagbag.py:500} INFO - Filling up the DagBag from /home/airflow/sandbox/lib/python3.8/site-packages/airflow/example_dags/example_dag_decorator.py
[2022-01-05 20:08:08,215] {processor.py:654} INFO - DAG(s) dict_keys(['example_dag_decorator']) retrieved from /home/airflow/sandbox/lib/python3.8/site-packages/airflow/example_dags/example_dag_decorator.py
[2022-01-05 20:08:09,965] {logging_mixin.py:109} INFO - [2022-01-05 20:08:09,965] {dag.py:2396} INFO - Sync 1 DAGs
[2022-01-05 20:08:10,007] {logging_mixin.py:109} INFO - [2022-01-05 20:08:10,007] {dag.py:2935} INFO - Setting next_dagrun for example_dag_decorator to None
[2022-01-05 20:08:10,054] {processor.py:171} INFO - Processing /home/airflow/sandbox/lib/python3.8/site-packages/airflow/example_dags/example_dag_decorator.py took 2.296 seconds
[2022-01-05 20:08:40,639] {processor.py:163} INFO - Started process (PID=3289) to work on /home/airflow/sandbox/lib/python3.8/site-packages/airflow/example_dags/example_dag_decorator.py
[2022-01-05 20:08:40,644] {processor.py:642} INFO - Processing file /home/airflow/sandbox/lib/python3.8/site-packages/airflow/example_dags/example_dag_decorator.py for tasks to queue
[2022-01-05 20:08:40,645] {logging_mixin.py:109} INFO - [2022-01-05 20:08:40,645] {dagbag.py:500} INFO - Filling up the DagBag from /home/airflow/sandbox/lib/python3.8/site-packages/airflow/example_dags/example_dag_decorator.py
[2022-01-05 20:08:40,933] {processor.py:654} INFO - DAG(s) dict_keys(['example_dag_decorator']) retrieved from /home/airflow/sandbox/lib/python3.8/site-packages/airflow/example_dags/example_dag_decorator.py
[2022-01-05 20:08:41,775] {logging_mixin.py:109} INFO - [2022-01-05 20:08:41,775] {dag.py:2396} INFO - Sync 1 DAGs
[2022-01-05 20:08:41,891] {logging_mixin.py:109} INFO - [2022-01-05 20:08:41,891] {dag.py:2935} INFO - Setting next_dagrun for example_dag_decorator to None
[2022-01-05 20:08:41,941] {processor.py:171} INFO - Processing /home/airflow/sandbox/lib/python3.8/site-packages/airflow/example_dags/example_dag_decorator.py took 1.395 seconds
[2022-01-05 20:09:12,157] {processor.py:163} INFO - Started process (PID=3552) to work on /home/airflow/sandbox/lib/python3.8/site-packages/airflow/example_dags/example_dag_decorator.py
[2022-01-05 20:09:12,181] {processor.py:642} INFO - Processing file /home/airflow/sandbox/lib/python3.8/site-packages/airflow/example_dags/example_dag_decorator.py for tasks to queue
[2022-01-05 20:09:12,182] {logging_mixin.py:109} INFO - [2022-01-05 20:09:12,182] {dagbag.py:500} INFO - Filling up the DagBag from /home/airflow/sandbox/lib/python3.8/site-packages/airflow/example_dags/example_dag_decorator.py
[2022-01-05 20:09:12,603] {processor.py:654} INFO - DAG(s) dict_keys(['example_dag_decorator']) retrieved from /home/airflow/sandbox/lib/python3.8/site-packages/airflow/example_dags/example_dag_decorator.py
[2022-01-05 20:09:13,684] {logging_mixin.py:109} INFO - [2022-01-05 20:09:13,684] {dag.py:2396} INFO - Sync 1 DAGs
[2022-01-05 20:09:13,706] {logging_mixin.py:109} INFO - [2022-01-05 20:09:13,702] {dag.py:2935} INFO - Setting next_dagrun for example_dag_decorator to None
[2022-01-05 20:09:13,787] {processor.py:171} INFO - Processing /home/airflow/sandbox/lib/python3.8/site-packages/airflow/example_dags/example_dag_decorator.py took 1.643 seconds
[2022-01-05 20:09:44,475] {processor.py:163} INFO - Started process (PID=4621) to work on /home/airflow/sandbox/lib/python3.8/site-packages/airflow/example_dags/example_dag_decorator.py
[2022-01-05 20:09:44,477] {processor.py:642} INFO - Processing file /home/airflow/sandbox/lib/python3.8/site-packages/airflow/example_dags/example_dag_decorator.py for tasks to queue
[2022-01-05 20:09:44,479] {logging_mixin.py:109} INFO - [2022-01-05 20:09:44,479] {dagbag.py:500} INFO - Filling up the DagBag from /home/airflow/sandbox/lib/python3.8/site-packages/airflow/example_dags/example_dag_decorator.py
[2022-01-05 20:09:44,777] {processor.py:654} INFO - DAG(s) dict_keys(['example_dag_decorator']) retrieved from /home/airflow/sandbox/lib/python3.8/site-packages/airflow/example_dags/example_dag_decorator.py
[2022-01-05 20:09:45,721] {logging_mixin.py:109} INFO - [2022-01-05 20:09:45,721] {dag.py:2396} INFO - Sync 1 DAGs
[2022-01-05 20:09:45,765] {logging_mixin.py:109} INFO - [2022-01-05 20:09:45,765] {dag.py:2935} INFO - Setting next_dagrun for example_dag_decorator to None
[2022-01-05 20:09:45,803] {processor.py:171} INFO - Processing /home/airflow/sandbox/lib/python3.8/site-packages/airflow/example_dags/example_dag_decorator.py took 1.335 seconds
[2022-01-05 20:10:16,341] {processor.py:163} INFO - Started process (PID=4795) to work on /home/airflow/sandbox/lib/python3.8/site-packages/airflow/example_dags/example_dag_decorator.py
[2022-01-05 20:10:16,343] {processor.py:642} INFO - Processing file /home/airflow/sandbox/lib/python3.8/site-packages/airflow/example_dags/example_dag_decorator.py for tasks to queue
[2022-01-05 20:10:16,343] {logging_mixin.py:109} INFO - [2022-01-05 20:10:16,343] {dagbag.py:500} INFO - Filling up the DagBag from /home/airflow/sandbox/lib/python3.8/site-packages/airflow/example_dags/example_dag_decorator.py
[2022-01-05 20:10:16,493] {processor.py:654} INFO - DAG(s) dict_keys(['example_dag_decorator']) retrieved from /home/airflow/sandbox/lib/python3.8/site-packages/airflow/example_dags/example_dag_decorator.py
[2022-01-05 20:10:17,253] {logging_mixin.py:109} INFO - [2022-01-05 20:10:17,253] {dag.py:2396} INFO - Sync 1 DAGs
[2022-01-05 20:10:17,291] {logging_mixin.py:109} INFO - [2022-01-05 20:10:17,291] {dag.py:2935} INFO - Setting next_dagrun for example_dag_decorator to None
[2022-01-05 20:10:17,302] {processor.py:171} INFO - Processing /home/airflow/sandbox/lib/python3.8/site-packages/airflow/example_dags/example_dag_decorator.py took 0.990 seconds
[2022-01-05 20:10:47,883] {processor.py:163} INFO - Started process (PID=4974) to work on /home/airflow/sandbox/lib/python3.8/site-packages/airflow/example_dags/example_dag_decorator.py
[2022-01-05 20:10:47,884] {processor.py:642} INFO - Processing file /home/airflow/sandbox/lib/python3.8/site-packages/airflow/example_dags/example_dag_decorator.py for tasks to queue
[2022-01-05 20:10:47,884] {logging_mixin.py:109} INFO - [2022-01-05 20:10:47,884] {dagbag.py:500} INFO - Filling up the DagBag from /home/airflow/sandbox/lib/python3.8/site-packages/airflow/example_dags/example_dag_decorator.py
[2022-01-05 20:10:48,046] {processor.py:654} INFO - DAG(s) dict_keys(['example_dag_decorator']) retrieved from /home/airflow/sandbox/lib/python3.8/site-packages/airflow/example_dags/example_dag_decorator.py
[2022-01-05 20:10:48,926] {logging_mixin.py:109} INFO - [2022-01-05 20:10:48,925] {dag.py:2396} INFO - Sync 1 DAGs
[2022-01-05 20:10:48,944] {logging_mixin.py:109} INFO - [2022-01-05 20:10:48,944] {dag.py:2935} INFO - Setting next_dagrun for example_dag_decorator to None
[2022-01-05 20:10:48,980] {processor.py:171} INFO - Processing /home/airflow/sandbox/lib/python3.8/site-packages/airflow/example_dags/example_dag_decorator.py took 1.103 seconds
[2022-01-05 20:11:19,340] {processor.py:163} INFO - Started process (PID=5067) to work on /home/airflow/sandbox/lib/python3.8/site-packages/airflow/example_dags/example_dag_decorator.py
[2022-01-05 20:11:19,342] {processor.py:642} INFO - Processing file /home/airflow/sandbox/lib/python3.8/site-packages/airflow/example_dags/example_dag_decorator.py for tasks to queue
[2022-01-05 20:11:19,349] {logging_mixin.py:109} INFO - [2022-01-05 20:11:19,349] {dagbag.py:500} INFO - Filling up the DagBag from /home/airflow/sandbox/lib/python3.8/site-packages/airflow/example_dags/example_dag_decorator.py
[2022-01-05 20:11:19,478] {processor.py:654} INFO - DAG(s) dict_keys(['example_dag_decorator']) retrieved from /home/airflow/sandbox/lib/python3.8/site-packages/airflow/example_dags/example_dag_decorator.py
[2022-01-05 20:11:20,028] {logging_mixin.py:109} INFO - [2022-01-05 20:11:20,028] {dag.py:2396} INFO - Sync 1 DAGs
[2022-01-05 20:11:20,047] {logging_mixin.py:109} INFO - [2022-01-05 20:11:20,047] {dag.py:2935} INFO - Setting next_dagrun for example_dag_decorator to None
[2022-01-05 20:11:20,077] {processor.py:171} INFO - Processing /home/airflow/sandbox/lib/python3.8/site-packages/airflow/example_dags/example_dag_decorator.py took 0.836 seconds
[2022-01-05 20:11:50,890] {processor.py:163} INFO - Started process (PID=5161) to work on /home/airflow/sandbox/lib/python3.8/site-packages/airflow/example_dags/example_dag_decorator.py
[2022-01-05 20:11:50,891] {processor.py:642} INFO - Processing file /home/airflow/sandbox/lib/python3.8/site-packages/airflow/example_dags/example_dag_decorator.py for tasks to queue
[2022-01-05 20:11:50,892] {logging_mixin.py:109} INFO - [2022-01-05 20:11:50,892] {dagbag.py:500} INFO - Filling up the DagBag from /home/airflow/sandbox/lib/python3.8/site-packages/airflow/example_dags/example_dag_decorator.py
[2022-01-05 20:11:50,988] {processor.py:654} INFO - DAG(s) dict_keys(['example_dag_decorator']) retrieved from /home/airflow/sandbox/lib/python3.8/site-packages/airflow/example_dags/example_dag_decorator.py
[2022-01-05 20:11:51,496] {logging_mixin.py:109} INFO - [2022-01-05 20:11:51,496] {dag.py:2396} INFO - Sync 1 DAGs
[2022-01-05 20:11:51,525] {logging_mixin.py:109} INFO - [2022-01-05 20:11:51,525] {dag.py:2935} INFO - Setting next_dagrun for example_dag_decorator to None
[2022-01-05 20:11:51,539] {processor.py:171} INFO - Processing /home/airflow/sandbox/lib/python3.8/site-packages/airflow/example_dags/example_dag_decorator.py took 0.654 seconds
[2022-01-05 20:12:21,844] {processor.py:163} INFO - Started process (PID=5290) to work on /home/airflow/sandbox/lib/python3.8/site-packages/airflow/example_dags/example_dag_decorator.py
[2022-01-05 20:12:21,845] {processor.py:642} INFO - Processing file /home/airflow/sandbox/lib/python3.8/site-packages/airflow/example_dags/example_dag_decorator.py for tasks to queue
[2022-01-05 20:12:21,847] {logging_mixin.py:109} INFO - [2022-01-05 20:12:21,846] {dagbag.py:500} INFO - Filling up the DagBag from /home/airflow/sandbox/lib/python3.8/site-packages/airflow/example_dags/example_dag_decorator.py
[2022-01-05 20:12:21,965] {processor.py:654} INFO - DAG(s) dict_keys(['example_dag_decorator']) retrieved from /home/airflow/sandbox/lib/python3.8/site-packages/airflow/example_dags/example_dag_decorator.py
[2022-01-05 20:12:22,396] {logging_mixin.py:109} INFO - [2022-01-05 20:12:22,396] {dag.py:2396} INFO - Sync 1 DAGs
[2022-01-05 20:12:22,427] {logging_mixin.py:109} INFO - [2022-01-05 20:12:22,427] {dag.py:2935} INFO - Setting next_dagrun for example_dag_decorator to None
[2022-01-05 20:12:22,444] {processor.py:171} INFO - Processing /home/airflow/sandbox/lib/python3.8/site-packages/airflow/example_dags/example_dag_decorator.py took 0.608 seconds
[2022-01-05 20:12:52,636] {processor.py:163} INFO - Started process (PID=5385) to work on /home/airflow/sandbox/lib/python3.8/site-packages/airflow/example_dags/example_dag_decorator.py
[2022-01-05 20:12:52,637] {processor.py:642} INFO - Processing file /home/airflow/sandbox/lib/python3.8/site-packages/airflow/example_dags/example_dag_decorator.py for tasks to queue
[2022-01-05 20:12:52,638] {logging_mixin.py:109} INFO - [2022-01-05 20:12:52,638] {dagbag.py:500} INFO - Filling up the DagBag from /home/airflow/sandbox/lib/python3.8/site-packages/airflow/example_dags/example_dag_decorator.py
[2022-01-05 20:12:52,717] {processor.py:654} INFO - DAG(s) dict_keys(['example_dag_decorator']) retrieved from /home/airflow/sandbox/lib/python3.8/site-packages/airflow/example_dags/example_dag_decorator.py
[2022-01-05 20:12:53,087] {logging_mixin.py:109} INFO - [2022-01-05 20:12:53,086] {dag.py:2396} INFO - Sync 1 DAGs
[2022-01-05 20:12:53,120] {logging_mixin.py:109} INFO - [2022-01-05 20:12:53,119] {dag.py:2935} INFO - Setting next_dagrun for example_dag_decorator to None
[2022-01-05 20:12:53,137] {processor.py:171} INFO - Processing /home/airflow/sandbox/lib/python3.8/site-packages/airflow/example_dags/example_dag_decorator.py took 0.507 seconds
[2022-01-05 20:28:27,633] {processor.py:163} INFO - Started process (PID=7261) to work on /home/airflow/sandbox/lib/python3.8/site-packages/airflow/example_dags/example_dag_decorator.py
[2022-01-05 20:28:27,642] {processor.py:642} INFO - Processing file /home/airflow/sandbox/lib/python3.8/site-packages/airflow/example_dags/example_dag_decorator.py for tasks to queue
[2022-01-05 20:28:27,647] {logging_mixin.py:109} INFO - [2022-01-05 20:28:27,646] {dagbag.py:500} INFO - Filling up the DagBag from /home/airflow/sandbox/lib/python3.8/site-packages/airflow/example_dags/example_dag_decorator.py
[2022-01-05 20:28:28,291] {processor.py:654} INFO - DAG(s) dict_keys(['example_dag_decorator']) retrieved from /home/airflow/sandbox/lib/python3.8/site-packages/airflow/example_dags/example_dag_decorator.py
[2022-01-05 20:28:32,960] {logging_mixin.py:109} INFO - [2022-01-05 20:28:32,960] {dag.py:2396} INFO - Sync 1 DAGs
[2022-01-05 20:28:33,136] {logging_mixin.py:109} INFO - [2022-01-05 20:28:33,136] {dag.py:2935} INFO - Setting next_dagrun for example_dag_decorator to None
[2022-01-05 20:28:33,555] {processor.py:171} INFO - Processing /home/airflow/sandbox/lib/python3.8/site-packages/airflow/example_dags/example_dag_decorator.py took 5.956 seconds
[2022-01-05 20:29:22,545] {processor.py:163} INFO - Started process (PID=7736) to work on /home/airflow/sandbox/lib/python3.8/site-packages/airflow/example_dags/example_dag_decorator.py
[2022-01-05 20:29:22,549] {processor.py:642} INFO - Processing file /home/airflow/sandbox/lib/python3.8/site-packages/airflow/example_dags/example_dag_decorator.py for tasks to queue
[2022-01-05 20:29:22,599] {logging_mixin.py:109} INFO - [2022-01-05 20:29:22,599] {dagbag.py:500} INFO - Filling up the DagBag from /home/airflow/sandbox/lib/python3.8/site-packages/airflow/example_dags/example_dag_decorator.py
[2022-01-05 20:29:23,606] {processor.py:654} INFO - DAG(s) dict_keys(['example_dag_decorator']) retrieved from /home/airflow/sandbox/lib/python3.8/site-packages/airflow/example_dags/example_dag_decorator.py
[2022-01-05 20:29:27,101] {logging_mixin.py:109} INFO - [2022-01-05 20:29:27,101] {dag.py:2396} INFO - Sync 1 DAGs
[2022-01-05 20:29:27,241] {logging_mixin.py:109} INFO - [2022-01-05 20:29:27,241] {dag.py:2935} INFO - Setting next_dagrun for example_dag_decorator to None
[2022-01-05 20:29:27,349] {processor.py:171} INFO - Processing /home/airflow/sandbox/lib/python3.8/site-packages/airflow/example_dags/example_dag_decorator.py took 4.807 seconds
[2022-01-05 20:29:58,295] {processor.py:163} INFO - Started process (PID=7999) to work on /home/airflow/sandbox/lib/python3.8/site-packages/airflow/example_dags/example_dag_decorator.py
[2022-01-05 20:29:58,304] {processor.py:642} INFO - Processing file /home/airflow/sandbox/lib/python3.8/site-packages/airflow/example_dags/example_dag_decorator.py for tasks to queue
[2022-01-05 20:29:58,305] {logging_mixin.py:109} INFO - [2022-01-05 20:29:58,305] {dagbag.py:500} INFO - Filling up the DagBag from /home/airflow/sandbox/lib/python3.8/site-packages/airflow/example_dags/example_dag_decorator.py
[2022-01-05 20:29:58,503] {processor.py:654} INFO - DAG(s) dict_keys(['example_dag_decorator']) retrieved from /home/airflow/sandbox/lib/python3.8/site-packages/airflow/example_dags/example_dag_decorator.py
[2022-01-05 20:29:59,228] {logging_mixin.py:109} INFO - [2022-01-05 20:29:59,228] {dag.py:2396} INFO - Sync 1 DAGs
[2022-01-05 20:29:59,249] {logging_mixin.py:109} INFO - [2022-01-05 20:29:59,249] {dag.py:2935} INFO - Setting next_dagrun for example_dag_decorator to None
[2022-01-05 20:29:59,280] {processor.py:171} INFO - Processing /home/airflow/sandbox/lib/python3.8/site-packages/airflow/example_dags/example_dag_decorator.py took 0.989 seconds
[2022-01-05 20:30:29,544] {processor.py:163} INFO - Started process (PID=8366) to work on /home/airflow/sandbox/lib/python3.8/site-packages/airflow/example_dags/example_dag_decorator.py
[2022-01-05 20:30:29,545] {processor.py:642} INFO - Processing file /home/airflow/sandbox/lib/python3.8/site-packages/airflow/example_dags/example_dag_decorator.py for tasks to queue
[2022-01-05 20:30:29,545] {logging_mixin.py:109} INFO - [2022-01-05 20:30:29,545] {dagbag.py:500} INFO - Filling up the DagBag from /home/airflow/sandbox/lib/python3.8/site-packages/airflow/example_dags/example_dag_decorator.py
[2022-01-05 20:30:29,699] {processor.py:654} INFO - DAG(s) dict_keys(['example_dag_decorator']) retrieved from /home/airflow/sandbox/lib/python3.8/site-packages/airflow/example_dags/example_dag_decorator.py
[2022-01-05 20:30:30,340] {logging_mixin.py:109} INFO - [2022-01-05 20:30:30,340] {dag.py:2396} INFO - Sync 1 DAGs
[2022-01-05 20:30:30,378] {logging_mixin.py:109} INFO - [2022-01-05 20:30:30,378] {dag.py:2935} INFO - Setting next_dagrun for example_dag_decorator to None
[2022-01-05 20:30:30,394] {processor.py:171} INFO - Processing /home/airflow/sandbox/lib/python3.8/site-packages/airflow/example_dags/example_dag_decorator.py took 0.891 seconds
[2022-01-05 20:31:00,641] {processor.py:163} INFO - Started process (PID=8734) to work on /home/airflow/sandbox/lib/python3.8/site-packages/airflow/example_dags/example_dag_decorator.py
[2022-01-05 20:31:00,643] {processor.py:642} INFO - Processing file /home/airflow/sandbox/lib/python3.8/site-packages/airflow/example_dags/example_dag_decorator.py for tasks to queue
[2022-01-05 20:31:00,645] {logging_mixin.py:109} INFO - [2022-01-05 20:31:00,645] {dagbag.py:500} INFO - Filling up the DagBag from /home/airflow/sandbox/lib/python3.8/site-packages/airflow/example_dags/example_dag_decorator.py
[2022-01-05 20:31:00,883] {processor.py:654} INFO - DAG(s) dict_keys(['example_dag_decorator']) retrieved from /home/airflow/sandbox/lib/python3.8/site-packages/airflow/example_dags/example_dag_decorator.py
[2022-01-05 20:31:01,337] {logging_mixin.py:109} INFO - [2022-01-05 20:31:01,337] {dag.py:2396} INFO - Sync 1 DAGs
[2022-01-05 20:31:01,376] {logging_mixin.py:109} INFO - [2022-01-05 20:31:01,375] {dag.py:2935} INFO - Setting next_dagrun for example_dag_decorator to None
[2022-01-05 20:31:01,418] {processor.py:171} INFO - Processing /home/airflow/sandbox/lib/python3.8/site-packages/airflow/example_dags/example_dag_decorator.py took 0.789 seconds
[2022-01-05 20:31:31,835] {processor.py:163} INFO - Started process (PID=9125) to work on /home/airflow/sandbox/lib/python3.8/site-packages/airflow/example_dags/example_dag_decorator.py
[2022-01-05 20:31:31,838] {processor.py:642} INFO - Processing file /home/airflow/sandbox/lib/python3.8/site-packages/airflow/example_dags/example_dag_decorator.py for tasks to queue
[2022-01-05 20:31:31,840] {logging_mixin.py:109} INFO - [2022-01-05 20:31:31,840] {dagbag.py:500} INFO - Filling up the DagBag from /home/airflow/sandbox/lib/python3.8/site-packages/airflow/example_dags/example_dag_decorator.py
[2022-01-05 20:31:31,971] {processor.py:654} INFO - DAG(s) dict_keys(['example_dag_decorator']) retrieved from /home/airflow/sandbox/lib/python3.8/site-packages/airflow/example_dags/example_dag_decorator.py
[2022-01-05 20:31:32,570] {logging_mixin.py:109} INFO - [2022-01-05 20:31:32,570] {dag.py:2396} INFO - Sync 1 DAGs
[2022-01-05 20:31:32,584] {logging_mixin.py:109} INFO - [2022-01-05 20:31:32,584] {dag.py:2935} INFO - Setting next_dagrun for example_dag_decorator to None
[2022-01-05 20:31:32,629] {processor.py:171} INFO - Processing /home/airflow/sandbox/lib/python3.8/site-packages/airflow/example_dags/example_dag_decorator.py took 0.800 seconds
[2022-01-05 20:32:03,878] {processor.py:163} INFO - Started process (PID=9621) to work on /home/airflow/sandbox/lib/python3.8/site-packages/airflow/example_dags/example_dag_decorator.py
[2022-01-05 20:32:03,879] {processor.py:642} INFO - Processing file /home/airflow/sandbox/lib/python3.8/site-packages/airflow/example_dags/example_dag_decorator.py for tasks to queue
[2022-01-05 20:32:03,883] {logging_mixin.py:109} INFO - [2022-01-05 20:32:03,883] {dagbag.py:500} INFO - Filling up the DagBag from /home/airflow/sandbox/lib/python3.8/site-packages/airflow/example_dags/example_dag_decorator.py
[2022-01-05 20:32:04,229] {processor.py:654} INFO - DAG(s) dict_keys(['example_dag_decorator']) retrieved from /home/airflow/sandbox/lib/python3.8/site-packages/airflow/example_dags/example_dag_decorator.py
[2022-01-05 20:32:04,926] {logging_mixin.py:109} INFO - [2022-01-05 20:32:04,926] {dag.py:2396} INFO - Sync 1 DAGs
[2022-01-05 20:32:05,019] {logging_mixin.py:109} INFO - [2022-01-05 20:32:05,019] {dag.py:2935} INFO - Setting next_dagrun for example_dag_decorator to None
[2022-01-05 20:32:05,036] {processor.py:171} INFO - Processing /home/airflow/sandbox/lib/python3.8/site-packages/airflow/example_dags/example_dag_decorator.py took 1.167 seconds
[2022-01-05 20:32:36,013] {processor.py:163} INFO - Started process (PID=10375) to work on /home/airflow/sandbox/lib/python3.8/site-packages/airflow/example_dags/example_dag_decorator.py
[2022-01-05 20:32:36,016] {processor.py:642} INFO - Processing file /home/airflow/sandbox/lib/python3.8/site-packages/airflow/example_dags/example_dag_decorator.py for tasks to queue
[2022-01-05 20:32:36,017] {logging_mixin.py:109} INFO - [2022-01-05 20:32:36,017] {dagbag.py:500} INFO - Filling up the DagBag from /home/airflow/sandbox/lib/python3.8/site-packages/airflow/example_dags/example_dag_decorator.py
[2022-01-05 20:32:36,322] {processor.py:654} INFO - DAG(s) dict_keys(['example_dag_decorator']) retrieved from /home/airflow/sandbox/lib/python3.8/site-packages/airflow/example_dags/example_dag_decorator.py
[2022-01-05 20:32:37,933] {logging_mixin.py:109} INFO - [2022-01-05 20:32:37,933] {dag.py:2396} INFO - Sync 1 DAGs
[2022-01-05 20:32:38,036] {logging_mixin.py:109} INFO - [2022-01-05 20:32:38,036] {dag.py:2935} INFO - Setting next_dagrun for example_dag_decorator to None
[2022-01-05 20:32:38,485] {processor.py:171} INFO - Processing /home/airflow/sandbox/lib/python3.8/site-packages/airflow/example_dags/example_dag_decorator.py took 2.504 seconds
[2022-01-05 20:33:09,511] {processor.py:163} INFO - Started process (PID=11134) to work on /home/airflow/sandbox/lib/python3.8/site-packages/airflow/example_dags/example_dag_decorator.py
[2022-01-05 20:33:09,514] {processor.py:642} INFO - Processing file /home/airflow/sandbox/lib/python3.8/site-packages/airflow/example_dags/example_dag_decorator.py for tasks to queue
[2022-01-05 20:33:09,515] {logging_mixin.py:109} INFO - [2022-01-05 20:33:09,515] {dagbag.py:500} INFO - Filling up the DagBag from /home/airflow/sandbox/lib/python3.8/site-packages/airflow/example_dags/example_dag_decorator.py
[2022-01-05 20:33:09,980] {processor.py:654} INFO - DAG(s) dict_keys(['example_dag_decorator']) retrieved from /home/airflow/sandbox/lib/python3.8/site-packages/airflow/example_dags/example_dag_decorator.py
[2022-01-05 20:33:11,217] {logging_mixin.py:109} INFO - [2022-01-05 20:33:11,217] {dag.py:2396} INFO - Sync 1 DAGs
[2022-01-05 20:33:11,263] {logging_mixin.py:109} INFO - [2022-01-05 20:33:11,262] {dag.py:2935} INFO - Setting next_dagrun for example_dag_decorator to None
[2022-01-05 20:33:11,311] {processor.py:171} INFO - Processing /home/airflow/sandbox/lib/python3.8/site-packages/airflow/example_dags/example_dag_decorator.py took 2.182 seconds
[2022-01-05 20:33:41,717] {processor.py:163} INFO - Started process (PID=11634) to work on /home/airflow/sandbox/lib/python3.8/site-packages/airflow/example_dags/example_dag_decorator.py
[2022-01-05 20:33:41,718] {processor.py:642} INFO - Processing file /home/airflow/sandbox/lib/python3.8/site-packages/airflow/example_dags/example_dag_decorator.py for tasks to queue
[2022-01-05 20:33:41,719] {logging_mixin.py:109} INFO - [2022-01-05 20:33:41,719] {dagbag.py:500} INFO - Filling up the DagBag from /home/airflow/sandbox/lib/python3.8/site-packages/airflow/example_dags/example_dag_decorator.py
[2022-01-05 20:33:41,817] {processor.py:654} INFO - DAG(s) dict_keys(['example_dag_decorator']) retrieved from /home/airflow/sandbox/lib/python3.8/site-packages/airflow/example_dags/example_dag_decorator.py
[2022-01-05 20:33:42,466] {logging_mixin.py:109} INFO - [2022-01-05 20:33:42,466] {dag.py:2396} INFO - Sync 1 DAGs
[2022-01-05 20:33:42,505] {logging_mixin.py:109} INFO - [2022-01-05 20:33:42,505] {dag.py:2935} INFO - Setting next_dagrun for example_dag_decorator to None
[2022-01-05 20:33:42,524] {processor.py:171} INFO - Processing /home/airflow/sandbox/lib/python3.8/site-packages/airflow/example_dags/example_dag_decorator.py took 0.811 seconds
[2022-01-05 20:34:12,849] {processor.py:163} INFO - Started process (PID=11877) to work on /home/airflow/sandbox/lib/python3.8/site-packages/airflow/example_dags/example_dag_decorator.py
[2022-01-05 20:34:12,852] {processor.py:642} INFO - Processing file /home/airflow/sandbox/lib/python3.8/site-packages/airflow/example_dags/example_dag_decorator.py for tasks to queue
[2022-01-05 20:34:12,853] {logging_mixin.py:109} INFO - [2022-01-05 20:34:12,853] {dagbag.py:500} INFO - Filling up the DagBag from /home/airflow/sandbox/lib/python3.8/site-packages/airflow/example_dags/example_dag_decorator.py
[2022-01-05 20:34:12,956] {processor.py:654} INFO - DAG(s) dict_keys(['example_dag_decorator']) retrieved from /home/airflow/sandbox/lib/python3.8/site-packages/airflow/example_dags/example_dag_decorator.py
[2022-01-05 20:34:13,554] {logging_mixin.py:109} INFO - [2022-01-05 20:34:13,554] {dag.py:2396} INFO - Sync 1 DAGs
[2022-01-05 20:34:13,568] {logging_mixin.py:109} INFO - [2022-01-05 20:34:13,568] {dag.py:2935} INFO - Setting next_dagrun for example_dag_decorator to None
[2022-01-05 20:34:13,605] {processor.py:171} INFO - Processing /home/airflow/sandbox/lib/python3.8/site-packages/airflow/example_dags/example_dag_decorator.py took 0.780 seconds
[2022-01-05 20:34:44,060] {processor.py:163} INFO - Started process (PID=12118) to work on /home/airflow/sandbox/lib/python3.8/site-packages/airflow/example_dags/example_dag_decorator.py
[2022-01-05 20:34:44,061] {processor.py:642} INFO - Processing file /home/airflow/sandbox/lib/python3.8/site-packages/airflow/example_dags/example_dag_decorator.py for tasks to queue
[2022-01-05 20:34:44,062] {logging_mixin.py:109} INFO - [2022-01-05 20:34:44,061] {dagbag.py:500} INFO - Filling up the DagBag from /home/airflow/sandbox/lib/python3.8/site-packages/airflow/example_dags/example_dag_decorator.py
[2022-01-05 20:34:44,209] {processor.py:654} INFO - DAG(s) dict_keys(['example_dag_decorator']) retrieved from /home/airflow/sandbox/lib/python3.8/site-packages/airflow/example_dags/example_dag_decorator.py
[2022-01-05 20:34:44,668] {logging_mixin.py:109} INFO - [2022-01-05 20:34:44,668] {dag.py:2396} INFO - Sync 1 DAGs
[2022-01-05 20:34:44,700] {logging_mixin.py:109} INFO - [2022-01-05 20:34:44,700] {dag.py:2935} INFO - Setting next_dagrun for example_dag_decorator to None
[2022-01-05 20:34:44,712] {processor.py:171} INFO - Processing /home/airflow/sandbox/lib/python3.8/site-packages/airflow/example_dags/example_dag_decorator.py took 0.662 seconds
[2022-01-05 20:35:15,362] {processor.py:163} INFO - Started process (PID=12363) to work on /home/airflow/sandbox/lib/python3.8/site-packages/airflow/example_dags/example_dag_decorator.py
[2022-01-05 20:35:15,368] {processor.py:642} INFO - Processing file /home/airflow/sandbox/lib/python3.8/site-packages/airflow/example_dags/example_dag_decorator.py for tasks to queue
[2022-01-05 20:35:15,369] {logging_mixin.py:109} INFO - [2022-01-05 20:35:15,368] {dagbag.py:500} INFO - Filling up the DagBag from /home/airflow/sandbox/lib/python3.8/site-packages/airflow/example_dags/example_dag_decorator.py
[2022-01-05 20:35:15,588] {processor.py:654} INFO - DAG(s) dict_keys(['example_dag_decorator']) retrieved from /home/airflow/sandbox/lib/python3.8/site-packages/airflow/example_dags/example_dag_decorator.py
[2022-01-05 20:35:16,071] {logging_mixin.py:109} INFO - [2022-01-05 20:35:16,071] {dag.py:2396} INFO - Sync 1 DAGs
[2022-01-05 20:35:16,102] {logging_mixin.py:109} INFO - [2022-01-05 20:35:16,102] {dag.py:2935} INFO - Setting next_dagrun for example_dag_decorator to None
[2022-01-05 20:35:16,119] {processor.py:171} INFO - Processing /home/airflow/sandbox/lib/python3.8/site-packages/airflow/example_dags/example_dag_decorator.py took 0.797 seconds
[2022-01-05 20:35:46,645] {processor.py:163} INFO - Started process (PID=12604) to work on /home/airflow/sandbox/lib/python3.8/site-packages/airflow/example_dags/example_dag_decorator.py
[2022-01-05 20:35:46,651] {processor.py:642} INFO - Processing file /home/airflow/sandbox/lib/python3.8/site-packages/airflow/example_dags/example_dag_decorator.py for tasks to queue
[2022-01-05 20:35:46,651] {logging_mixin.py:109} INFO - [2022-01-05 20:35:46,651] {dagbag.py:500} INFO - Filling up the DagBag from /home/airflow/sandbox/lib/python3.8/site-packages/airflow/example_dags/example_dag_decorator.py
[2022-01-05 20:35:46,885] {processor.py:654} INFO - DAG(s) dict_keys(['example_dag_decorator']) retrieved from /home/airflow/sandbox/lib/python3.8/site-packages/airflow/example_dags/example_dag_decorator.py
[2022-01-05 20:35:47,364] {logging_mixin.py:109} INFO - [2022-01-05 20:35:47,364] {dag.py:2396} INFO - Sync 1 DAGs
[2022-01-05 20:35:47,394] {logging_mixin.py:109} INFO - [2022-01-05 20:35:47,394] {dag.py:2935} INFO - Setting next_dagrun for example_dag_decorator to None
[2022-01-05 20:35:47,411] {processor.py:171} INFO - Processing /home/airflow/sandbox/lib/python3.8/site-packages/airflow/example_dags/example_dag_decorator.py took 0.794 seconds
[2022-01-05 20:36:17,490] {processor.py:163} INFO - Started process (PID=12850) to work on /home/airflow/sandbox/lib/python3.8/site-packages/airflow/example_dags/example_dag_decorator.py
[2022-01-05 20:36:17,493] {processor.py:642} INFO - Processing file /home/airflow/sandbox/lib/python3.8/site-packages/airflow/example_dags/example_dag_decorator.py for tasks to queue
[2022-01-05 20:36:17,495] {logging_mixin.py:109} INFO - [2022-01-05 20:36:17,495] {dagbag.py:500} INFO - Filling up the DagBag from /home/airflow/sandbox/lib/python3.8/site-packages/airflow/example_dags/example_dag_decorator.py
[2022-01-05 20:36:17,602] {processor.py:654} INFO - DAG(s) dict_keys(['example_dag_decorator']) retrieved from /home/airflow/sandbox/lib/python3.8/site-packages/airflow/example_dags/example_dag_decorator.py
[2022-01-05 20:36:18,040] {logging_mixin.py:109} INFO - [2022-01-05 20:36:18,040] {dag.py:2396} INFO - Sync 1 DAGs
[2022-01-05 20:36:18,056] {logging_mixin.py:109} INFO - [2022-01-05 20:36:18,056] {dag.py:2935} INFO - Setting next_dagrun for example_dag_decorator to None
[2022-01-05 20:36:18,089] {processor.py:171} INFO - Processing /home/airflow/sandbox/lib/python3.8/site-packages/airflow/example_dags/example_dag_decorator.py took 0.620 seconds
[2022-01-05 20:36:48,742] {processor.py:163} INFO - Started process (PID=13092) to work on /home/airflow/sandbox/lib/python3.8/site-packages/airflow/example_dags/example_dag_decorator.py
[2022-01-05 20:36:48,742] {processor.py:642} INFO - Processing file /home/airflow/sandbox/lib/python3.8/site-packages/airflow/example_dags/example_dag_decorator.py for tasks to queue
[2022-01-05 20:36:48,743] {logging_mixin.py:109} INFO - [2022-01-05 20:36:48,743] {dagbag.py:500} INFO - Filling up the DagBag from /home/airflow/sandbox/lib/python3.8/site-packages/airflow/example_dags/example_dag_decorator.py
[2022-01-05 20:36:48,800] {processor.py:654} INFO - DAG(s) dict_keys(['example_dag_decorator']) retrieved from /home/airflow/sandbox/lib/python3.8/site-packages/airflow/example_dags/example_dag_decorator.py
[2022-01-05 20:36:49,244] {logging_mixin.py:109} INFO - [2022-01-05 20:36:49,244] {dag.py:2396} INFO - Sync 1 DAGs
[2022-01-05 20:36:49,261] {logging_mixin.py:109} INFO - [2022-01-05 20:36:49,261] {dag.py:2935} INFO - Setting next_dagrun for example_dag_decorator to None
[2022-01-05 20:36:49,291] {processor.py:171} INFO - Processing /home/airflow/sandbox/lib/python3.8/site-packages/airflow/example_dags/example_dag_decorator.py took 0.557 seconds
[2022-01-05 20:37:19,781] {processor.py:163} INFO - Started process (PID=13333) to work on /home/airflow/sandbox/lib/python3.8/site-packages/airflow/example_dags/example_dag_decorator.py
[2022-01-05 20:37:19,784] {processor.py:642} INFO - Processing file /home/airflow/sandbox/lib/python3.8/site-packages/airflow/example_dags/example_dag_decorator.py for tasks to queue
[2022-01-05 20:37:19,786] {logging_mixin.py:109} INFO - [2022-01-05 20:37:19,786] {dagbag.py:500} INFO - Filling up the DagBag from /home/airflow/sandbox/lib/python3.8/site-packages/airflow/example_dags/example_dag_decorator.py
[2022-01-05 20:37:19,902] {processor.py:654} INFO - DAG(s) dict_keys(['example_dag_decorator']) retrieved from /home/airflow/sandbox/lib/python3.8/site-packages/airflow/example_dags/example_dag_decorator.py
[2022-01-05 20:37:20,249] {logging_mixin.py:109} INFO - [2022-01-05 20:37:20,249] {dag.py:2396} INFO - Sync 1 DAGs
[2022-01-05 20:37:20,284] {logging_mixin.py:109} INFO - [2022-01-05 20:37:20,284] {dag.py:2935} INFO - Setting next_dagrun for example_dag_decorator to None
[2022-01-05 20:37:20,308] {processor.py:171} INFO - Processing /home/airflow/sandbox/lib/python3.8/site-packages/airflow/example_dags/example_dag_decorator.py took 0.546 seconds
[2022-01-05 20:37:51,296] {processor.py:163} INFO - Started process (PID=13574) to work on /home/airflow/sandbox/lib/python3.8/site-packages/airflow/example_dags/example_dag_decorator.py
[2022-01-05 20:37:51,303] {processor.py:642} INFO - Processing file /home/airflow/sandbox/lib/python3.8/site-packages/airflow/example_dags/example_dag_decorator.py for tasks to queue
[2022-01-05 20:37:51,324] {logging_mixin.py:109} INFO - [2022-01-05 20:37:51,309] {dagbag.py:500} INFO - Filling up the DagBag from /home/airflow/sandbox/lib/python3.8/site-packages/airflow/example_dags/example_dag_decorator.py
[2022-01-05 20:37:51,396] {processor.py:654} INFO - DAG(s) dict_keys(['example_dag_decorator']) retrieved from /home/airflow/sandbox/lib/python3.8/site-packages/airflow/example_dags/example_dag_decorator.py
[2022-01-05 20:37:51,699] {logging_mixin.py:109} INFO - [2022-01-05 20:37:51,699] {dag.py:2396} INFO - Sync 1 DAGs
[2022-01-05 20:37:51,728] {logging_mixin.py:109} INFO - [2022-01-05 20:37:51,728] {dag.py:2935} INFO - Setting next_dagrun for example_dag_decorator to None
[2022-01-05 20:37:51,740] {processor.py:171} INFO - Processing /home/airflow/sandbox/lib/python3.8/site-packages/airflow/example_dags/example_dag_decorator.py took 0.480 seconds
[2022-01-05 20:38:22,160] {processor.py:163} INFO - Started process (PID=13885) to work on /home/airflow/sandbox/lib/python3.8/site-packages/airflow/example_dags/example_dag_decorator.py
[2022-01-05 20:38:22,170] {processor.py:642} INFO - Processing file /home/airflow/sandbox/lib/python3.8/site-packages/airflow/example_dags/example_dag_decorator.py for tasks to queue
[2022-01-05 20:38:22,170] {logging_mixin.py:109} INFO - [2022-01-05 20:38:22,170] {dagbag.py:500} INFO - Filling up the DagBag from /home/airflow/sandbox/lib/python3.8/site-packages/airflow/example_dags/example_dag_decorator.py
[2022-01-05 20:38:22,239] {processor.py:654} INFO - DAG(s) dict_keys(['example_dag_decorator']) retrieved from /home/airflow/sandbox/lib/python3.8/site-packages/airflow/example_dags/example_dag_decorator.py
[2022-01-05 20:38:22,637] {logging_mixin.py:109} INFO - [2022-01-05 20:38:22,636] {dag.py:2396} INFO - Sync 1 DAGs
[2022-01-05 20:38:22,656] {logging_mixin.py:109} INFO - [2022-01-05 20:38:22,656] {dag.py:2935} INFO - Setting next_dagrun for example_dag_decorator to None
[2022-01-05 20:38:22,677] {processor.py:171} INFO - Processing /home/airflow/sandbox/lib/python3.8/site-packages/airflow/example_dags/example_dag_decorator.py took 0.522 seconds
[2022-01-05 20:38:52,773] {processor.py:163} INFO - Started process (PID=14126) to work on /home/airflow/sandbox/lib/python3.8/site-packages/airflow/example_dags/example_dag_decorator.py
[2022-01-05 20:38:52,776] {processor.py:642} INFO - Processing file /home/airflow/sandbox/lib/python3.8/site-packages/airflow/example_dags/example_dag_decorator.py for tasks to queue
[2022-01-05 20:38:52,776] {logging_mixin.py:109} INFO - [2022-01-05 20:38:52,776] {dagbag.py:500} INFO - Filling up the DagBag from /home/airflow/sandbox/lib/python3.8/site-packages/airflow/example_dags/example_dag_decorator.py
[2022-01-05 20:38:52,840] {processor.py:654} INFO - DAG(s) dict_keys(['example_dag_decorator']) retrieved from /home/airflow/sandbox/lib/python3.8/site-packages/airflow/example_dags/example_dag_decorator.py
[2022-01-05 20:38:53,241] {logging_mixin.py:109} INFO - [2022-01-05 20:38:53,241] {dag.py:2396} INFO - Sync 1 DAGs
[2022-01-05 20:38:53,260] {logging_mixin.py:109} INFO - [2022-01-05 20:38:53,259] {dag.py:2935} INFO - Setting next_dagrun for example_dag_decorator to None
[2022-01-05 20:38:53,271] {processor.py:171} INFO - Processing /home/airflow/sandbox/lib/python3.8/site-packages/airflow/example_dags/example_dag_decorator.py took 0.507 seconds
[2022-01-05 20:39:23,793] {processor.py:163} INFO - Started process (PID=14373) to work on /home/airflow/sandbox/lib/python3.8/site-packages/airflow/example_dags/example_dag_decorator.py
[2022-01-05 20:39:23,794] {processor.py:642} INFO - Processing file /home/airflow/sandbox/lib/python3.8/site-packages/airflow/example_dags/example_dag_decorator.py for tasks to queue
[2022-01-05 20:39:23,795] {logging_mixin.py:109} INFO - [2022-01-05 20:39:23,795] {dagbag.py:500} INFO - Filling up the DagBag from /home/airflow/sandbox/lib/python3.8/site-packages/airflow/example_dags/example_dag_decorator.py
[2022-01-05 20:39:23,870] {processor.py:654} INFO - DAG(s) dict_keys(['example_dag_decorator']) retrieved from /home/airflow/sandbox/lib/python3.8/site-packages/airflow/example_dags/example_dag_decorator.py
[2022-01-05 20:39:24,196] {logging_mixin.py:109} INFO - [2022-01-05 20:39:24,196] {dag.py:2396} INFO - Sync 1 DAGs
[2022-01-05 20:39:24,218] {logging_mixin.py:109} INFO - [2022-01-05 20:39:24,218] {dag.py:2935} INFO - Setting next_dagrun for example_dag_decorator to None
[2022-01-05 20:39:24,234] {processor.py:171} INFO - Processing /home/airflow/sandbox/lib/python3.8/site-packages/airflow/example_dags/example_dag_decorator.py took 0.449 seconds
[2022-01-05 20:39:54,532] {processor.py:163} INFO - Started process (PID=14616) to work on /home/airflow/sandbox/lib/python3.8/site-packages/airflow/example_dags/example_dag_decorator.py
[2022-01-05 20:39:54,534] {processor.py:642} INFO - Processing file /home/airflow/sandbox/lib/python3.8/site-packages/airflow/example_dags/example_dag_decorator.py for tasks to queue
[2022-01-05 20:39:54,535] {logging_mixin.py:109} INFO - [2022-01-05 20:39:54,534] {dagbag.py:500} INFO - Filling up the DagBag from /home/airflow/sandbox/lib/python3.8/site-packages/airflow/example_dags/example_dag_decorator.py
[2022-01-05 20:39:54,597] {processor.py:654} INFO - DAG(s) dict_keys(['example_dag_decorator']) retrieved from /home/airflow/sandbox/lib/python3.8/site-packages/airflow/example_dags/example_dag_decorator.py
[2022-01-05 20:39:54,879] {logging_mixin.py:109} INFO - [2022-01-05 20:39:54,879] {dag.py:2396} INFO - Sync 1 DAGs
[2022-01-05 20:39:54,894] {logging_mixin.py:109} INFO - [2022-01-05 20:39:54,894] {dag.py:2935} INFO - Setting next_dagrun for example_dag_decorator to None
[2022-01-05 20:39:54,912] {processor.py:171} INFO - Processing /home/airflow/sandbox/lib/python3.8/site-packages/airflow/example_dags/example_dag_decorator.py took 0.384 seconds
[2022-01-05 20:40:25,616] {processor.py:163} INFO - Started process (PID=14858) to work on /home/airflow/sandbox/lib/python3.8/site-packages/airflow/example_dags/example_dag_decorator.py
[2022-01-05 20:40:25,619] {processor.py:642} INFO - Processing file /home/airflow/sandbox/lib/python3.8/site-packages/airflow/example_dags/example_dag_decorator.py for tasks to queue
[2022-01-05 20:40:25,622] {logging_mixin.py:109} INFO - [2022-01-05 20:40:25,622] {dagbag.py:500} INFO - Filling up the DagBag from /home/airflow/sandbox/lib/python3.8/site-packages/airflow/example_dags/example_dag_decorator.py
[2022-01-05 20:40:25,675] {processor.py:654} INFO - DAG(s) dict_keys(['example_dag_decorator']) retrieved from /home/airflow/sandbox/lib/python3.8/site-packages/airflow/example_dags/example_dag_decorator.py
[2022-01-05 20:40:25,963] {logging_mixin.py:109} INFO - [2022-01-05 20:40:25,963] {dag.py:2396} INFO - Sync 1 DAGs
[2022-01-05 20:40:26,006] {logging_mixin.py:109} INFO - [2022-01-05 20:40:26,006] {dag.py:2935} INFO - Setting next_dagrun for example_dag_decorator to None
[2022-01-05 20:40:26,025] {processor.py:171} INFO - Processing /home/airflow/sandbox/lib/python3.8/site-packages/airflow/example_dags/example_dag_decorator.py took 0.414 seconds
[2022-01-05 20:40:56,736] {processor.py:163} INFO - Started process (PID=15106) to work on /home/airflow/sandbox/lib/python3.8/site-packages/airflow/example_dags/example_dag_decorator.py
[2022-01-05 20:40:56,738] {processor.py:642} INFO - Processing file /home/airflow/sandbox/lib/python3.8/site-packages/airflow/example_dags/example_dag_decorator.py for tasks to queue
[2022-01-05 20:40:56,739] {logging_mixin.py:109} INFO - [2022-01-05 20:40:56,739] {dagbag.py:500} INFO - Filling up the DagBag from /home/airflow/sandbox/lib/python3.8/site-packages/airflow/example_dags/example_dag_decorator.py
[2022-01-05 20:40:56,838] {processor.py:654} INFO - DAG(s) dict_keys(['example_dag_decorator']) retrieved from /home/airflow/sandbox/lib/python3.8/site-packages/airflow/example_dags/example_dag_decorator.py
[2022-01-05 20:40:57,231] {logging_mixin.py:109} INFO - [2022-01-05 20:40:57,231] {dag.py:2396} INFO - Sync 1 DAGs
[2022-01-05 20:40:57,251] {logging_mixin.py:109} INFO - [2022-01-05 20:40:57,251] {dag.py:2935} INFO - Setting next_dagrun for example_dag_decorator to None
[2022-01-05 20:40:57,262] {processor.py:171} INFO - Processing /home/airflow/sandbox/lib/python3.8/site-packages/airflow/example_dags/example_dag_decorator.py took 0.529 seconds
[2022-01-05 20:41:27,510] {processor.py:163} INFO - Started process (PID=15352) to work on /home/airflow/sandbox/lib/python3.8/site-packages/airflow/example_dags/example_dag_decorator.py
[2022-01-05 20:41:27,512] {processor.py:642} INFO - Processing file /home/airflow/sandbox/lib/python3.8/site-packages/airflow/example_dags/example_dag_decorator.py for tasks to queue
[2022-01-05 20:41:27,513] {logging_mixin.py:109} INFO - [2022-01-05 20:41:27,513] {dagbag.py:500} INFO - Filling up the DagBag from /home/airflow/sandbox/lib/python3.8/site-packages/airflow/example_dags/example_dag_decorator.py
[2022-01-05 20:41:27,604] {processor.py:654} INFO - DAG(s) dict_keys(['example_dag_decorator']) retrieved from /home/airflow/sandbox/lib/python3.8/site-packages/airflow/example_dags/example_dag_decorator.py
[2022-01-05 20:41:28,117] {logging_mixin.py:109} INFO - [2022-01-05 20:41:28,116] {dag.py:2396} INFO - Sync 1 DAGs
[2022-01-05 20:41:28,149] {logging_mixin.py:109} INFO - [2022-01-05 20:41:28,149] {dag.py:2935} INFO - Setting next_dagrun for example_dag_decorator to None
[2022-01-05 20:41:28,161] {processor.py:171} INFO - Processing /home/airflow/sandbox/lib/python3.8/site-packages/airflow/example_dags/example_dag_decorator.py took 0.656 seconds
[2022-01-05 20:41:58,413] {processor.py:163} INFO - Started process (PID=15591) to work on /home/airflow/sandbox/lib/python3.8/site-packages/airflow/example_dags/example_dag_decorator.py
[2022-01-05 20:41:58,414] {processor.py:642} INFO - Processing file /home/airflow/sandbox/lib/python3.8/site-packages/airflow/example_dags/example_dag_decorator.py for tasks to queue
[2022-01-05 20:41:58,415] {logging_mixin.py:109} INFO - [2022-01-05 20:41:58,415] {dagbag.py:500} INFO - Filling up the DagBag from /home/airflow/sandbox/lib/python3.8/site-packages/airflow/example_dags/example_dag_decorator.py
[2022-01-05 20:41:58,611] {processor.py:654} INFO - DAG(s) dict_keys(['example_dag_decorator']) retrieved from /home/airflow/sandbox/lib/python3.8/site-packages/airflow/example_dags/example_dag_decorator.py
[2022-01-05 20:41:59,358] {logging_mixin.py:109} INFO - [2022-01-05 20:41:59,358] {dag.py:2396} INFO - Sync 1 DAGs
[2022-01-05 20:41:59,374] {logging_mixin.py:109} INFO - [2022-01-05 20:41:59,374] {dag.py:2935} INFO - Setting next_dagrun for example_dag_decorator to None
[2022-01-05 20:41:59,414] {processor.py:171} INFO - Processing /home/airflow/sandbox/lib/python3.8/site-packages/airflow/example_dags/example_dag_decorator.py took 1.007 seconds
[2022-01-05 20:42:30,358] {processor.py:163} INFO - Started process (PID=15841) to work on /home/airflow/sandbox/lib/python3.8/site-packages/airflow/example_dags/example_dag_decorator.py
[2022-01-05 20:42:30,359] {processor.py:642} INFO - Processing file /home/airflow/sandbox/lib/python3.8/site-packages/airflow/example_dags/example_dag_decorator.py for tasks to queue
[2022-01-05 20:42:30,359] {logging_mixin.py:109} INFO - [2022-01-05 20:42:30,359] {dagbag.py:500} INFO - Filling up the DagBag from /home/airflow/sandbox/lib/python3.8/site-packages/airflow/example_dags/example_dag_decorator.py
[2022-01-05 20:42:30,465] {processor.py:654} INFO - DAG(s) dict_keys(['example_dag_decorator']) retrieved from /home/airflow/sandbox/lib/python3.8/site-packages/airflow/example_dags/example_dag_decorator.py
[2022-01-05 20:42:31,009] {logging_mixin.py:109} INFO - [2022-01-05 20:42:31,009] {dag.py:2396} INFO - Sync 1 DAGs
[2022-01-05 20:42:31,026] {logging_mixin.py:109} INFO - [2022-01-05 20:42:31,026] {dag.py:2935} INFO - Setting next_dagrun for example_dag_decorator to None
[2022-01-05 20:42:31,071] {processor.py:171} INFO - Processing /home/airflow/sandbox/lib/python3.8/site-packages/airflow/example_dags/example_dag_decorator.py took 0.745 seconds
[2022-01-05 20:43:01,871] {processor.py:163} INFO - Started process (PID=16084) to work on /home/airflow/sandbox/lib/python3.8/site-packages/airflow/example_dags/example_dag_decorator.py
[2022-01-05 20:43:01,872] {processor.py:642} INFO - Processing file /home/airflow/sandbox/lib/python3.8/site-packages/airflow/example_dags/example_dag_decorator.py for tasks to queue
[2022-01-05 20:43:01,873] {logging_mixin.py:109} INFO - [2022-01-05 20:43:01,873] {dagbag.py:500} INFO - Filling up the DagBag from /home/airflow/sandbox/lib/python3.8/site-packages/airflow/example_dags/example_dag_decorator.py
[2022-01-05 20:43:02,075] {processor.py:654} INFO - DAG(s) dict_keys(['example_dag_decorator']) retrieved from /home/airflow/sandbox/lib/python3.8/site-packages/airflow/example_dags/example_dag_decorator.py
[2022-01-05 20:43:02,610] {logging_mixin.py:109} INFO - [2022-01-05 20:43:02,610] {dag.py:2396} INFO - Sync 1 DAGs
[2022-01-05 20:43:02,626] {logging_mixin.py:109} INFO - [2022-01-05 20:43:02,626] {dag.py:2935} INFO - Setting next_dagrun for example_dag_decorator to None
[2022-01-05 20:43:02,661] {processor.py:171} INFO - Processing /home/airflow/sandbox/lib/python3.8/site-packages/airflow/example_dags/example_dag_decorator.py took 0.832 seconds
[2022-01-05 20:43:33,441] {processor.py:163} INFO - Started process (PID=16404) to work on /home/airflow/sandbox/lib/python3.8/site-packages/airflow/example_dags/example_dag_decorator.py
[2022-01-05 20:43:33,442] {processor.py:642} INFO - Processing file /home/airflow/sandbox/lib/python3.8/site-packages/airflow/example_dags/example_dag_decorator.py for tasks to queue
[2022-01-05 20:43:33,451] {logging_mixin.py:109} INFO - [2022-01-05 20:43:33,451] {dagbag.py:500} INFO - Filling up the DagBag from /home/airflow/sandbox/lib/python3.8/site-packages/airflow/example_dags/example_dag_decorator.py
[2022-01-05 20:43:33,506] {processor.py:654} INFO - DAG(s) dict_keys(['example_dag_decorator']) retrieved from /home/airflow/sandbox/lib/python3.8/site-packages/airflow/example_dags/example_dag_decorator.py
[2022-01-05 20:43:33,912] {logging_mixin.py:109} INFO - [2022-01-05 20:43:33,912] {dag.py:2396} INFO - Sync 1 DAGs
[2022-01-05 20:43:33,928] {logging_mixin.py:109} INFO - [2022-01-05 20:43:33,928] {dag.py:2935} INFO - Setting next_dagrun for example_dag_decorator to None
[2022-01-05 20:43:33,941] {processor.py:171} INFO - Processing /home/airflow/sandbox/lib/python3.8/site-packages/airflow/example_dags/example_dag_decorator.py took 0.503 seconds
[2022-01-05 20:44:04,489] {processor.py:163} INFO - Started process (PID=16646) to work on /home/airflow/sandbox/lib/python3.8/site-packages/airflow/example_dags/example_dag_decorator.py
[2022-01-05 20:44:04,497] {processor.py:642} INFO - Processing file /home/airflow/sandbox/lib/python3.8/site-packages/airflow/example_dags/example_dag_decorator.py for tasks to queue
[2022-01-05 20:44:04,497] {logging_mixin.py:109} INFO - [2022-01-05 20:44:04,497] {dagbag.py:500} INFO - Filling up the DagBag from /home/airflow/sandbox/lib/python3.8/site-packages/airflow/example_dags/example_dag_decorator.py
[2022-01-05 20:44:04,617] {processor.py:654} INFO - DAG(s) dict_keys(['example_dag_decorator']) retrieved from /home/airflow/sandbox/lib/python3.8/site-packages/airflow/example_dags/example_dag_decorator.py
[2022-01-05 20:44:04,922] {logging_mixin.py:109} INFO - [2022-01-05 20:44:04,921] {dag.py:2396} INFO - Sync 1 DAGs
[2022-01-05 20:44:04,936] {logging_mixin.py:109} INFO - [2022-01-05 20:44:04,936] {dag.py:2935} INFO - Setting next_dagrun for example_dag_decorator to None
[2022-01-05 20:44:04,948] {processor.py:171} INFO - Processing /home/airflow/sandbox/lib/python3.8/site-packages/airflow/example_dags/example_dag_decorator.py took 0.462 seconds
[2022-01-05 20:44:35,068] {processor.py:163} INFO - Started process (PID=16898) to work on /home/airflow/sandbox/lib/python3.8/site-packages/airflow/example_dags/example_dag_decorator.py
[2022-01-05 20:44:35,073] {processor.py:642} INFO - Processing file /home/airflow/sandbox/lib/python3.8/site-packages/airflow/example_dags/example_dag_decorator.py for tasks to queue
[2022-01-05 20:44:35,079] {logging_mixin.py:109} INFO - [2022-01-05 20:44:35,079] {dagbag.py:500} INFO - Filling up the DagBag from /home/airflow/sandbox/lib/python3.8/site-packages/airflow/example_dags/example_dag_decorator.py
[2022-01-05 20:44:35,152] {processor.py:654} INFO - DAG(s) dict_keys(['example_dag_decorator']) retrieved from /home/airflow/sandbox/lib/python3.8/site-packages/airflow/example_dags/example_dag_decorator.py
[2022-01-05 20:44:35,421] {logging_mixin.py:109} INFO - [2022-01-05 20:44:35,420] {dag.py:2396} INFO - Sync 1 DAGs
[2022-01-05 20:44:35,434] {logging_mixin.py:109} INFO - [2022-01-05 20:44:35,433] {dag.py:2935} INFO - Setting next_dagrun for example_dag_decorator to None
[2022-01-05 20:44:35,458] {processor.py:171} INFO - Processing /home/airflow/sandbox/lib/python3.8/site-packages/airflow/example_dags/example_dag_decorator.py took 0.398 seconds
[2022-01-05 20:45:05,543] {processor.py:163} INFO - Started process (PID=17137) to work on /home/airflow/sandbox/lib/python3.8/site-packages/airflow/example_dags/example_dag_decorator.py
[2022-01-05 20:45:05,553] {processor.py:642} INFO - Processing file /home/airflow/sandbox/lib/python3.8/site-packages/airflow/example_dags/example_dag_decorator.py for tasks to queue
[2022-01-05 20:45:05,553] {logging_mixin.py:109} INFO - [2022-01-05 20:45:05,553] {dagbag.py:500} INFO - Filling up the DagBag from /home/airflow/sandbox/lib/python3.8/site-packages/airflow/example_dags/example_dag_decorator.py
[2022-01-05 20:45:05,715] {processor.py:654} INFO - DAG(s) dict_keys(['example_dag_decorator']) retrieved from /home/airflow/sandbox/lib/python3.8/site-packages/airflow/example_dags/example_dag_decorator.py
[2022-01-05 20:45:06,040] {logging_mixin.py:109} INFO - [2022-01-05 20:45:06,040] {dag.py:2396} INFO - Sync 1 DAGs
[2022-01-05 20:45:06,070] {logging_mixin.py:109} INFO - [2022-01-05 20:45:06,069] {dag.py:2935} INFO - Setting next_dagrun for example_dag_decorator to None
[2022-01-05 20:45:06,086] {processor.py:171} INFO - Processing /home/airflow/sandbox/lib/python3.8/site-packages/airflow/example_dags/example_dag_decorator.py took 0.546 seconds
[2022-01-05 20:45:36,383] {processor.py:163} INFO - Started process (PID=17386) to work on /home/airflow/sandbox/lib/python3.8/site-packages/airflow/example_dags/example_dag_decorator.py
[2022-01-05 20:45:36,387] {processor.py:642} INFO - Processing file /home/airflow/sandbox/lib/python3.8/site-packages/airflow/example_dags/example_dag_decorator.py for tasks to queue
[2022-01-05 20:45:36,389] {logging_mixin.py:109} INFO - [2022-01-05 20:45:36,389] {dagbag.py:500} INFO - Filling up the DagBag from /home/airflow/sandbox/lib/python3.8/site-packages/airflow/example_dags/example_dag_decorator.py
[2022-01-05 20:45:36,517] {processor.py:654} INFO - DAG(s) dict_keys(['example_dag_decorator']) retrieved from /home/airflow/sandbox/lib/python3.8/site-packages/airflow/example_dags/example_dag_decorator.py
[2022-01-05 20:45:37,075] {logging_mixin.py:109} INFO - [2022-01-05 20:45:37,074] {dag.py:2396} INFO - Sync 1 DAGs
[2022-01-05 20:45:37,113] {logging_mixin.py:109} INFO - [2022-01-05 20:45:37,111] {dag.py:2935} INFO - Setting next_dagrun for example_dag_decorator to None
[2022-01-05 20:45:37,155] {processor.py:171} INFO - Processing /home/airflow/sandbox/lib/python3.8/site-packages/airflow/example_dags/example_dag_decorator.py took 0.799 seconds
[2022-01-05 20:46:07,316] {processor.py:163} INFO - Started process (PID=17629) to work on /home/airflow/sandbox/lib/python3.8/site-packages/airflow/example_dags/example_dag_decorator.py
[2022-01-05 20:46:07,317] {processor.py:642} INFO - Processing file /home/airflow/sandbox/lib/python3.8/site-packages/airflow/example_dags/example_dag_decorator.py for tasks to queue
[2022-01-05 20:46:07,320] {logging_mixin.py:109} INFO - [2022-01-05 20:46:07,319] {dagbag.py:500} INFO - Filling up the DagBag from /home/airflow/sandbox/lib/python3.8/site-packages/airflow/example_dags/example_dag_decorator.py
[2022-01-05 20:46:07,408] {processor.py:654} INFO - DAG(s) dict_keys(['example_dag_decorator']) retrieved from /home/airflow/sandbox/lib/python3.8/site-packages/airflow/example_dags/example_dag_decorator.py
[2022-01-05 20:46:07,885] {logging_mixin.py:109} INFO - [2022-01-05 20:46:07,885] {dag.py:2396} INFO - Sync 1 DAGs
[2022-01-05 20:46:07,925] {logging_mixin.py:109} INFO - [2022-01-05 20:46:07,925] {dag.py:2935} INFO - Setting next_dagrun for example_dag_decorator to None
[2022-01-05 20:46:07,970] {processor.py:171} INFO - Processing /home/airflow/sandbox/lib/python3.8/site-packages/airflow/example_dags/example_dag_decorator.py took 0.672 seconds
[2022-01-05 20:46:38,596] {processor.py:163} INFO - Started process (PID=17878) to work on /home/airflow/sandbox/lib/python3.8/site-packages/airflow/example_dags/example_dag_decorator.py
[2022-01-05 20:46:38,600] {processor.py:642} INFO - Processing file /home/airflow/sandbox/lib/python3.8/site-packages/airflow/example_dags/example_dag_decorator.py for tasks to queue
[2022-01-05 20:46:38,605] {logging_mixin.py:109} INFO - [2022-01-05 20:46:38,605] {dagbag.py:500} INFO - Filling up the DagBag from /home/airflow/sandbox/lib/python3.8/site-packages/airflow/example_dags/example_dag_decorator.py
[2022-01-05 20:46:38,697] {processor.py:654} INFO - DAG(s) dict_keys(['example_dag_decorator']) retrieved from /home/airflow/sandbox/lib/python3.8/site-packages/airflow/example_dags/example_dag_decorator.py
[2022-01-05 20:46:39,213] {logging_mixin.py:109} INFO - [2022-01-05 20:46:39,213] {dag.py:2396} INFO - Sync 1 DAGs
[2022-01-05 20:46:39,237] {logging_mixin.py:109} INFO - [2022-01-05 20:46:39,237] {dag.py:2935} INFO - Setting next_dagrun for example_dag_decorator to None
[2022-01-05 20:46:39,285] {processor.py:171} INFO - Processing /home/airflow/sandbox/lib/python3.8/site-packages/airflow/example_dags/example_dag_decorator.py took 0.693 seconds
[2022-01-05 20:47:09,822] {processor.py:163} INFO - Started process (PID=18122) to work on /home/airflow/sandbox/lib/python3.8/site-packages/airflow/example_dags/example_dag_decorator.py
[2022-01-05 20:47:09,835] {processor.py:642} INFO - Processing file /home/airflow/sandbox/lib/python3.8/site-packages/airflow/example_dags/example_dag_decorator.py for tasks to queue
[2022-01-05 20:47:09,836] {logging_mixin.py:109} INFO - [2022-01-05 20:47:09,836] {dagbag.py:500} INFO - Filling up the DagBag from /home/airflow/sandbox/lib/python3.8/site-packages/airflow/example_dags/example_dag_decorator.py
[2022-01-05 20:47:09,959] {processor.py:654} INFO - DAG(s) dict_keys(['example_dag_decorator']) retrieved from /home/airflow/sandbox/lib/python3.8/site-packages/airflow/example_dags/example_dag_decorator.py
[2022-01-05 20:47:10,595] {logging_mixin.py:109} INFO - [2022-01-05 20:47:10,595] {dag.py:2396} INFO - Sync 1 DAGs
[2022-01-05 20:47:10,649] {logging_mixin.py:109} INFO - [2022-01-05 20:47:10,649] {dag.py:2935} INFO - Setting next_dagrun for example_dag_decorator to None
[2022-01-05 20:47:10,696] {processor.py:171} INFO - Processing /home/airflow/sandbox/lib/python3.8/site-packages/airflow/example_dags/example_dag_decorator.py took 0.878 seconds
[2022-01-05 20:47:41,461] {processor.py:163} INFO - Started process (PID=18372) to work on /home/airflow/sandbox/lib/python3.8/site-packages/airflow/example_dags/example_dag_decorator.py
[2022-01-05 20:47:41,464] {processor.py:642} INFO - Processing file /home/airflow/sandbox/lib/python3.8/site-packages/airflow/example_dags/example_dag_decorator.py for tasks to queue
[2022-01-05 20:47:41,484] {logging_mixin.py:109} INFO - [2022-01-05 20:47:41,484] {dagbag.py:500} INFO - Filling up the DagBag from /home/airflow/sandbox/lib/python3.8/site-packages/airflow/example_dags/example_dag_decorator.py
[2022-01-05 20:47:41,586] {processor.py:654} INFO - DAG(s) dict_keys(['example_dag_decorator']) retrieved from /home/airflow/sandbox/lib/python3.8/site-packages/airflow/example_dags/example_dag_decorator.py
[2022-01-05 20:47:42,085] {logging_mixin.py:109} INFO - [2022-01-05 20:47:42,085] {dag.py:2396} INFO - Sync 1 DAGs
[2022-01-05 20:47:42,103] {logging_mixin.py:109} INFO - [2022-01-05 20:47:42,102] {dag.py:2935} INFO - Setting next_dagrun for example_dag_decorator to None
[2022-01-05 20:47:42,138] {processor.py:171} INFO - Processing /home/airflow/sandbox/lib/python3.8/site-packages/airflow/example_dags/example_dag_decorator.py took 0.679 seconds
[2022-01-05 20:48:12,857] {processor.py:163} INFO - Started process (PID=18652) to work on /home/airflow/sandbox/lib/python3.8/site-packages/airflow/example_dags/example_dag_decorator.py
[2022-01-05 20:48:12,858] {processor.py:642} INFO - Processing file /home/airflow/sandbox/lib/python3.8/site-packages/airflow/example_dags/example_dag_decorator.py for tasks to queue
[2022-01-05 20:48:12,860] {logging_mixin.py:109} INFO - [2022-01-05 20:48:12,859] {dagbag.py:500} INFO - Filling up the DagBag from /home/airflow/sandbox/lib/python3.8/site-packages/airflow/example_dags/example_dag_decorator.py
[2022-01-05 20:48:12,893] {processor.py:654} INFO - DAG(s) dict_keys(['example_dag_decorator']) retrieved from /home/airflow/sandbox/lib/python3.8/site-packages/airflow/example_dags/example_dag_decorator.py
[2022-01-05 20:48:13,054] {logging_mixin.py:109} INFO - [2022-01-05 20:48:13,054] {dag.py:2396} INFO - Sync 1 DAGs
[2022-01-05 20:48:13,065] {logging_mixin.py:109} INFO - [2022-01-05 20:48:13,065] {dag.py:2935} INFO - Setting next_dagrun for example_dag_decorator to None
[2022-01-05 20:48:13,078] {processor.py:171} INFO - Processing /home/airflow/sandbox/lib/python3.8/site-packages/airflow/example_dags/example_dag_decorator.py took 0.224 seconds
[2022-01-05 20:48:43,273] {processor.py:163} INFO - Started process (PID=18926) to work on /home/airflow/sandbox/lib/python3.8/site-packages/airflow/example_dags/example_dag_decorator.py
[2022-01-05 20:48:43,276] {processor.py:642} INFO - Processing file /home/airflow/sandbox/lib/python3.8/site-packages/airflow/example_dags/example_dag_decorator.py for tasks to queue
[2022-01-05 20:48:43,278] {logging_mixin.py:109} INFO - [2022-01-05 20:48:43,278] {dagbag.py:500} INFO - Filling up the DagBag from /home/airflow/sandbox/lib/python3.8/site-packages/airflow/example_dags/example_dag_decorator.py
[2022-01-05 20:48:43,416] {processor.py:654} INFO - DAG(s) dict_keys(['example_dag_decorator']) retrieved from /home/airflow/sandbox/lib/python3.8/site-packages/airflow/example_dags/example_dag_decorator.py
[2022-01-05 20:48:44,256] {logging_mixin.py:109} INFO - [2022-01-05 20:48:44,256] {dag.py:2396} INFO - Sync 1 DAGs
[2022-01-05 20:48:44,412] {logging_mixin.py:109} INFO - [2022-01-05 20:48:44,412] {dag.py:2935} INFO - Setting next_dagrun for example_dag_decorator to None
[2022-01-05 20:48:44,502] {processor.py:171} INFO - Processing /home/airflow/sandbox/lib/python3.8/site-packages/airflow/example_dags/example_dag_decorator.py took 1.237 seconds
[2022-01-05 20:49:15,052] {processor.py:163} INFO - Started process (PID=19175) to work on /home/airflow/sandbox/lib/python3.8/site-packages/airflow/example_dags/example_dag_decorator.py
[2022-01-05 20:49:15,055] {processor.py:642} INFO - Processing file /home/airflow/sandbox/lib/python3.8/site-packages/airflow/example_dags/example_dag_decorator.py for tasks to queue
[2022-01-05 20:49:15,057] {logging_mixin.py:109} INFO - [2022-01-05 20:49:15,057] {dagbag.py:500} INFO - Filling up the DagBag from /home/airflow/sandbox/lib/python3.8/site-packages/airflow/example_dags/example_dag_decorator.py
[2022-01-05 20:49:15,163] {processor.py:654} INFO - DAG(s) dict_keys(['example_dag_decorator']) retrieved from /home/airflow/sandbox/lib/python3.8/site-packages/airflow/example_dags/example_dag_decorator.py
[2022-01-05 20:49:15,661] {logging_mixin.py:109} INFO - [2022-01-05 20:49:15,661] {dag.py:2396} INFO - Sync 1 DAGs
[2022-01-05 20:49:15,696] {logging_mixin.py:109} INFO - [2022-01-05 20:49:15,696] {dag.py:2935} INFO - Setting next_dagrun for example_dag_decorator to None
[2022-01-05 20:49:15,712] {processor.py:171} INFO - Processing /home/airflow/sandbox/lib/python3.8/site-packages/airflow/example_dags/example_dag_decorator.py took 0.664 seconds
[2022-01-05 20:49:46,054] {processor.py:163} INFO - Started process (PID=19422) to work on /home/airflow/sandbox/lib/python3.8/site-packages/airflow/example_dags/example_dag_decorator.py
[2022-01-05 20:49:46,072] {processor.py:642} INFO - Processing file /home/airflow/sandbox/lib/python3.8/site-packages/airflow/example_dags/example_dag_decorator.py for tasks to queue
[2022-01-05 20:49:46,074] {logging_mixin.py:109} INFO - [2022-01-05 20:49:46,073] {dagbag.py:500} INFO - Filling up the DagBag from /home/airflow/sandbox/lib/python3.8/site-packages/airflow/example_dags/example_dag_decorator.py
[2022-01-05 20:49:46,153] {processor.py:654} INFO - DAG(s) dict_keys(['example_dag_decorator']) retrieved from /home/airflow/sandbox/lib/python3.8/site-packages/airflow/example_dags/example_dag_decorator.py
[2022-01-05 20:49:46,523] {logging_mixin.py:109} INFO - [2022-01-05 20:49:46,523] {dag.py:2396} INFO - Sync 1 DAGs
[2022-01-05 20:49:46,537] {logging_mixin.py:109} INFO - [2022-01-05 20:49:46,537] {dag.py:2935} INFO - Setting next_dagrun for example_dag_decorator to None
[2022-01-05 20:49:46,577] {processor.py:171} INFO - Processing /home/airflow/sandbox/lib/python3.8/site-packages/airflow/example_dags/example_dag_decorator.py took 0.526 seconds
[2022-01-05 20:50:17,125] {processor.py:163} INFO - Started process (PID=19664) to work on /home/airflow/sandbox/lib/python3.8/site-packages/airflow/example_dags/example_dag_decorator.py
[2022-01-05 20:50:17,127] {processor.py:642} INFO - Processing file /home/airflow/sandbox/lib/python3.8/site-packages/airflow/example_dags/example_dag_decorator.py for tasks to queue
[2022-01-05 20:50:17,128] {logging_mixin.py:109} INFO - [2022-01-05 20:50:17,128] {dagbag.py:500} INFO - Filling up the DagBag from /home/airflow/sandbox/lib/python3.8/site-packages/airflow/example_dags/example_dag_decorator.py
[2022-01-05 20:50:17,218] {processor.py:654} INFO - DAG(s) dict_keys(['example_dag_decorator']) retrieved from /home/airflow/sandbox/lib/python3.8/site-packages/airflow/example_dags/example_dag_decorator.py
[2022-01-05 20:50:18,030] {logging_mixin.py:109} INFO - [2022-01-05 20:50:18,030] {dag.py:2396} INFO - Sync 1 DAGs
[2022-01-05 20:50:18,070] {logging_mixin.py:109} INFO - [2022-01-05 20:50:18,070] {dag.py:2935} INFO - Setting next_dagrun for example_dag_decorator to None
[2022-01-05 20:50:18,130] {processor.py:171} INFO - Processing /home/airflow/sandbox/lib/python3.8/site-packages/airflow/example_dags/example_dag_decorator.py took 1.012 seconds
[2022-01-05 20:50:48,420] {processor.py:163} INFO - Started process (PID=19911) to work on /home/airflow/sandbox/lib/python3.8/site-packages/airflow/example_dags/example_dag_decorator.py
[2022-01-05 20:50:48,421] {processor.py:642} INFO - Processing file /home/airflow/sandbox/lib/python3.8/site-packages/airflow/example_dags/example_dag_decorator.py for tasks to queue
[2022-01-05 20:50:48,422] {logging_mixin.py:109} INFO - [2022-01-05 20:50:48,422] {dagbag.py:500} INFO - Filling up the DagBag from /home/airflow/sandbox/lib/python3.8/site-packages/airflow/example_dags/example_dag_decorator.py
[2022-01-05 20:50:48,529] {processor.py:654} INFO - DAG(s) dict_keys(['example_dag_decorator']) retrieved from /home/airflow/sandbox/lib/python3.8/site-packages/airflow/example_dags/example_dag_decorator.py
[2022-01-05 20:50:49,174] {logging_mixin.py:109} INFO - [2022-01-05 20:50:49,173] {dag.py:2396} INFO - Sync 1 DAGs
[2022-01-05 20:50:49,236] {logging_mixin.py:109} INFO - [2022-01-05 20:50:49,235] {dag.py:2935} INFO - Setting next_dagrun for example_dag_decorator to None
[2022-01-05 20:50:49,555] {processor.py:171} INFO - Processing /home/airflow/sandbox/lib/python3.8/site-packages/airflow/example_dags/example_dag_decorator.py took 1.138 seconds
[2022-01-05 20:51:19,607] {processor.py:163} INFO - Started process (PID=20158) to work on /home/airflow/sandbox/lib/python3.8/site-packages/airflow/example_dags/example_dag_decorator.py
[2022-01-05 20:51:19,608] {processor.py:642} INFO - Processing file /home/airflow/sandbox/lib/python3.8/site-packages/airflow/example_dags/example_dag_decorator.py for tasks to queue
[2022-01-05 20:51:19,609] {logging_mixin.py:109} INFO - [2022-01-05 20:51:19,609] {dagbag.py:500} INFO - Filling up the DagBag from /home/airflow/sandbox/lib/python3.8/site-packages/airflow/example_dags/example_dag_decorator.py
[2022-01-05 20:51:19,698] {processor.py:654} INFO - DAG(s) dict_keys(['example_dag_decorator']) retrieved from /home/airflow/sandbox/lib/python3.8/site-packages/airflow/example_dags/example_dag_decorator.py
[2022-01-05 20:51:20,160] {logging_mixin.py:109} INFO - [2022-01-05 20:51:20,160] {dag.py:2396} INFO - Sync 1 DAGs
[2022-01-05 20:51:20,206] {logging_mixin.py:109} INFO - [2022-01-05 20:51:20,206] {dag.py:2935} INFO - Setting next_dagrun for example_dag_decorator to None
[2022-01-05 20:51:20,363] {processor.py:171} INFO - Processing /home/airflow/sandbox/lib/python3.8/site-packages/airflow/example_dags/example_dag_decorator.py took 0.764 seconds
[2022-01-05 20:51:50,451] {processor.py:163} INFO - Started process (PID=20406) to work on /home/airflow/sandbox/lib/python3.8/site-packages/airflow/example_dags/example_dag_decorator.py
[2022-01-05 20:51:50,453] {processor.py:642} INFO - Processing file /home/airflow/sandbox/lib/python3.8/site-packages/airflow/example_dags/example_dag_decorator.py for tasks to queue
[2022-01-05 20:51:50,454] {logging_mixin.py:109} INFO - [2022-01-05 20:51:50,454] {dagbag.py:500} INFO - Filling up the DagBag from /home/airflow/sandbox/lib/python3.8/site-packages/airflow/example_dags/example_dag_decorator.py
[2022-01-05 20:51:50,509] {processor.py:654} INFO - DAG(s) dict_keys(['example_dag_decorator']) retrieved from /home/airflow/sandbox/lib/python3.8/site-packages/airflow/example_dags/example_dag_decorator.py
[2022-01-05 20:51:51,064] {logging_mixin.py:109} INFO - [2022-01-05 20:51:51,064] {dag.py:2396} INFO - Sync 1 DAGs
[2022-01-05 20:51:51,372] {logging_mixin.py:109} INFO - [2022-01-05 20:51:51,372] {dag.py:2935} INFO - Setting next_dagrun for example_dag_decorator to None
[2022-01-05 20:51:51,420] {processor.py:171} INFO - Processing /home/airflow/sandbox/lib/python3.8/site-packages/airflow/example_dags/example_dag_decorator.py took 0.974 seconds
[2022-01-05 20:52:22,348] {processor.py:163} INFO - Started process (PID=20663) to work on /home/airflow/sandbox/lib/python3.8/site-packages/airflow/example_dags/example_dag_decorator.py
[2022-01-05 20:52:22,352] {processor.py:642} INFO - Processing file /home/airflow/sandbox/lib/python3.8/site-packages/airflow/example_dags/example_dag_decorator.py for tasks to queue
[2022-01-05 20:52:22,359] {logging_mixin.py:109} INFO - [2022-01-05 20:52:22,358] {dagbag.py:500} INFO - Filling up the DagBag from /home/airflow/sandbox/lib/python3.8/site-packages/airflow/example_dags/example_dag_decorator.py
[2022-01-05 20:52:22,517] {processor.py:654} INFO - DAG(s) dict_keys(['example_dag_decorator']) retrieved from /home/airflow/sandbox/lib/python3.8/site-packages/airflow/example_dags/example_dag_decorator.py
[2022-01-05 20:52:23,338] {logging_mixin.py:109} INFO - [2022-01-05 20:52:23,338] {dag.py:2396} INFO - Sync 1 DAGs
[2022-01-05 20:52:23,617] {logging_mixin.py:109} INFO - [2022-01-05 20:52:23,617] {dag.py:2935} INFO - Setting next_dagrun for example_dag_decorator to None
[2022-01-05 20:52:23,696] {processor.py:171} INFO - Processing /home/airflow/sandbox/lib/python3.8/site-packages/airflow/example_dags/example_dag_decorator.py took 1.359 seconds
[2022-01-05 20:52:54,316] {processor.py:163} INFO - Started process (PID=20921) to work on /home/airflow/sandbox/lib/python3.8/site-packages/airflow/example_dags/example_dag_decorator.py
[2022-01-05 20:52:54,334] {processor.py:642} INFO - Processing file /home/airflow/sandbox/lib/python3.8/site-packages/airflow/example_dags/example_dag_decorator.py for tasks to queue
[2022-01-05 20:52:54,339] {logging_mixin.py:109} INFO - [2022-01-05 20:52:54,339] {dagbag.py:500} INFO - Filling up the DagBag from /home/airflow/sandbox/lib/python3.8/site-packages/airflow/example_dags/example_dag_decorator.py
[2022-01-05 20:52:54,467] {processor.py:654} INFO - DAG(s) dict_keys(['example_dag_decorator']) retrieved from /home/airflow/sandbox/lib/python3.8/site-packages/airflow/example_dags/example_dag_decorator.py
[2022-01-05 20:52:55,348] {logging_mixin.py:109} INFO - [2022-01-05 20:52:55,347] {dag.py:2396} INFO - Sync 1 DAGs
[2022-01-05 20:52:55,743] {logging_mixin.py:109} INFO - [2022-01-05 20:52:55,742] {dag.py:2935} INFO - Setting next_dagrun for example_dag_decorator to None
[2022-01-05 20:52:55,765] {processor.py:171} INFO - Processing /home/airflow/sandbox/lib/python3.8/site-packages/airflow/example_dags/example_dag_decorator.py took 1.457 seconds
[2022-01-05 20:53:26,465] {processor.py:163} INFO - Started process (PID=21244) to work on /home/airflow/sandbox/lib/python3.8/site-packages/airflow/example_dags/example_dag_decorator.py
[2022-01-05 20:53:26,487] {processor.py:642} INFO - Processing file /home/airflow/sandbox/lib/python3.8/site-packages/airflow/example_dags/example_dag_decorator.py for tasks to queue
[2022-01-05 20:53:26,491] {logging_mixin.py:109} INFO - [2022-01-05 20:53:26,491] {dagbag.py:500} INFO - Filling up the DagBag from /home/airflow/sandbox/lib/python3.8/site-packages/airflow/example_dags/example_dag_decorator.py
[2022-01-05 20:53:26,684] {processor.py:654} INFO - DAG(s) dict_keys(['example_dag_decorator']) retrieved from /home/airflow/sandbox/lib/python3.8/site-packages/airflow/example_dags/example_dag_decorator.py
[2022-01-05 20:53:27,730] {logging_mixin.py:109} INFO - [2022-01-05 20:53:27,729] {dag.py:2396} INFO - Sync 1 DAGs
[2022-01-05 20:53:27,761] {logging_mixin.py:109} INFO - [2022-01-05 20:53:27,761] {dag.py:2935} INFO - Setting next_dagrun for example_dag_decorator to None
[2022-01-05 20:53:27,798] {processor.py:171} INFO - Processing /home/airflow/sandbox/lib/python3.8/site-packages/airflow/example_dags/example_dag_decorator.py took 1.340 seconds
[2022-01-05 20:53:58,351] {processor.py:163} INFO - Started process (PID=21496) to work on /home/airflow/sandbox/lib/python3.8/site-packages/airflow/example_dags/example_dag_decorator.py
[2022-01-05 20:53:58,362] {processor.py:642} INFO - Processing file /home/airflow/sandbox/lib/python3.8/site-packages/airflow/example_dags/example_dag_decorator.py for tasks to queue
[2022-01-05 20:53:58,407] {logging_mixin.py:109} INFO - [2022-01-05 20:53:58,407] {dagbag.py:500} INFO - Filling up the DagBag from /home/airflow/sandbox/lib/python3.8/site-packages/airflow/example_dags/example_dag_decorator.py
[2022-01-05 20:53:58,653] {processor.py:654} INFO - DAG(s) dict_keys(['example_dag_decorator']) retrieved from /home/airflow/sandbox/lib/python3.8/site-packages/airflow/example_dags/example_dag_decorator.py
[2022-01-05 20:53:59,946] {logging_mixin.py:109} INFO - [2022-01-05 20:53:59,946] {dag.py:2396} INFO - Sync 1 DAGs
[2022-01-05 20:54:00,058] {logging_mixin.py:109} INFO - [2022-01-05 20:54:00,057] {dag.py:2935} INFO - Setting next_dagrun for example_dag_decorator to None
[2022-01-05 20:54:00,136] {processor.py:171} INFO - Processing /home/airflow/sandbox/lib/python3.8/site-packages/airflow/example_dags/example_dag_decorator.py took 1.795 seconds
[2022-01-05 20:54:30,426] {processor.py:163} INFO - Started process (PID=21748) to work on /home/airflow/sandbox/lib/python3.8/site-packages/airflow/example_dags/example_dag_decorator.py
[2022-01-05 20:54:30,432] {processor.py:642} INFO - Processing file /home/airflow/sandbox/lib/python3.8/site-packages/airflow/example_dags/example_dag_decorator.py for tasks to queue
[2022-01-05 20:54:30,435] {logging_mixin.py:109} INFO - [2022-01-05 20:54:30,435] {dagbag.py:500} INFO - Filling up the DagBag from /home/airflow/sandbox/lib/python3.8/site-packages/airflow/example_dags/example_dag_decorator.py
[2022-01-05 20:54:30,577] {processor.py:654} INFO - DAG(s) dict_keys(['example_dag_decorator']) retrieved from /home/airflow/sandbox/lib/python3.8/site-packages/airflow/example_dags/example_dag_decorator.py
[2022-01-05 20:54:31,698] {logging_mixin.py:109} INFO - [2022-01-05 20:54:31,697] {dag.py:2396} INFO - Sync 1 DAGs
[2022-01-05 20:54:31,734] {logging_mixin.py:109} INFO - [2022-01-05 20:54:31,734] {dag.py:2935} INFO - Setting next_dagrun for example_dag_decorator to None
[2022-01-05 20:54:31,749] {processor.py:171} INFO - Processing /home/airflow/sandbox/lib/python3.8/site-packages/airflow/example_dags/example_dag_decorator.py took 1.344 seconds
[2022-01-05 20:55:02,230] {processor.py:163} INFO - Started process (PID=22014) to work on /home/airflow/sandbox/lib/python3.8/site-packages/airflow/example_dags/example_dag_decorator.py
[2022-01-05 20:55:02,232] {processor.py:642} INFO - Processing file /home/airflow/sandbox/lib/python3.8/site-packages/airflow/example_dags/example_dag_decorator.py for tasks to queue
[2022-01-05 20:55:02,233] {logging_mixin.py:109} INFO - [2022-01-05 20:55:02,233] {dagbag.py:500} INFO - Filling up the DagBag from /home/airflow/sandbox/lib/python3.8/site-packages/airflow/example_dags/example_dag_decorator.py
[2022-01-05 20:55:02,352] {processor.py:654} INFO - DAG(s) dict_keys(['example_dag_decorator']) retrieved from /home/airflow/sandbox/lib/python3.8/site-packages/airflow/example_dags/example_dag_decorator.py
[2022-01-05 20:55:05,030] {logging_mixin.py:109} INFO - [2022-01-05 20:55:05,030] {dag.py:2396} INFO - Sync 1 DAGs
[2022-01-05 20:55:05,044] {logging_mixin.py:109} INFO - [2022-01-05 20:55:05,044] {dag.py:2935} INFO - Setting next_dagrun for example_dag_decorator to None
[2022-01-05 20:55:05,078] {processor.py:171} INFO - Processing /home/airflow/sandbox/lib/python3.8/site-packages/airflow/example_dags/example_dag_decorator.py took 2.851 seconds
[2022-01-05 20:55:35,345] {processor.py:163} INFO - Started process (PID=22274) to work on /home/airflow/sandbox/lib/python3.8/site-packages/airflow/example_dags/example_dag_decorator.py
[2022-01-05 20:55:35,347] {processor.py:642} INFO - Processing file /home/airflow/sandbox/lib/python3.8/site-packages/airflow/example_dags/example_dag_decorator.py for tasks to queue
[2022-01-05 20:55:35,347] {logging_mixin.py:109} INFO - [2022-01-05 20:55:35,347] {dagbag.py:500} INFO - Filling up the DagBag from /home/airflow/sandbox/lib/python3.8/site-packages/airflow/example_dags/example_dag_decorator.py
[2022-01-05 20:55:35,636] {processor.py:654} INFO - DAG(s) dict_keys(['example_dag_decorator']) retrieved from /home/airflow/sandbox/lib/python3.8/site-packages/airflow/example_dags/example_dag_decorator.py
[2022-01-05 20:55:37,203] {logging_mixin.py:109} INFO - [2022-01-05 20:55:37,203] {dag.py:2396} INFO - Sync 1 DAGs
[2022-01-05 20:55:37,282] {logging_mixin.py:109} INFO - [2022-01-05 20:55:37,282] {dag.py:2935} INFO - Setting next_dagrun for example_dag_decorator to None
[2022-01-05 20:55:37,340] {processor.py:171} INFO - Processing /home/airflow/sandbox/lib/python3.8/site-packages/airflow/example_dags/example_dag_decorator.py took 2.000 seconds
[2022-01-05 20:56:07,645] {processor.py:163} INFO - Started process (PID=22521) to work on /home/airflow/sandbox/lib/python3.8/site-packages/airflow/example_dags/example_dag_decorator.py
[2022-01-05 20:56:07,648] {processor.py:642} INFO - Processing file /home/airflow/sandbox/lib/python3.8/site-packages/airflow/example_dags/example_dag_decorator.py for tasks to queue
[2022-01-05 20:56:07,649] {logging_mixin.py:109} INFO - [2022-01-05 20:56:07,648] {dagbag.py:500} INFO - Filling up the DagBag from /home/airflow/sandbox/lib/python3.8/site-packages/airflow/example_dags/example_dag_decorator.py
[2022-01-05 20:56:08,030] {processor.py:654} INFO - DAG(s) dict_keys(['example_dag_decorator']) retrieved from /home/airflow/sandbox/lib/python3.8/site-packages/airflow/example_dags/example_dag_decorator.py
[2022-01-05 20:56:09,250] {logging_mixin.py:109} INFO - [2022-01-05 20:56:09,250] {dag.py:2396} INFO - Sync 1 DAGs
[2022-01-05 20:56:09,347] {logging_mixin.py:109} INFO - [2022-01-05 20:56:09,347] {dag.py:2935} INFO - Setting next_dagrun for example_dag_decorator to None
[2022-01-05 20:56:09,486] {processor.py:171} INFO - Processing /home/airflow/sandbox/lib/python3.8/site-packages/airflow/example_dags/example_dag_decorator.py took 1.846 seconds
[2022-01-05 20:56:40,994] {processor.py:163} INFO - Started process (PID=22776) to work on /home/airflow/sandbox/lib/python3.8/site-packages/airflow/example_dags/example_dag_decorator.py
[2022-01-05 20:56:40,999] {processor.py:642} INFO - Processing file /home/airflow/sandbox/lib/python3.8/site-packages/airflow/example_dags/example_dag_decorator.py for tasks to queue
[2022-01-05 20:56:41,000] {logging_mixin.py:109} INFO - [2022-01-05 20:56:41,000] {dagbag.py:500} INFO - Filling up the DagBag from /home/airflow/sandbox/lib/python3.8/site-packages/airflow/example_dags/example_dag_decorator.py
[2022-01-05 20:56:41,286] {processor.py:654} INFO - DAG(s) dict_keys(['example_dag_decorator']) retrieved from /home/airflow/sandbox/lib/python3.8/site-packages/airflow/example_dags/example_dag_decorator.py
[2022-01-05 20:56:43,300] {logging_mixin.py:109} INFO - [2022-01-05 20:56:43,300] {dag.py:2396} INFO - Sync 1 DAGs
[2022-01-05 20:56:43,401] {logging_mixin.py:109} INFO - [2022-01-05 20:56:43,401] {dag.py:2935} INFO - Setting next_dagrun for example_dag_decorator to None
[2022-01-05 20:56:43,540] {processor.py:171} INFO - Processing /home/airflow/sandbox/lib/python3.8/site-packages/airflow/example_dags/example_dag_decorator.py took 2.637 seconds
[2022-01-05 20:57:15,534] {processor.py:163} INFO - Started process (PID=23051) to work on /home/airflow/sandbox/lib/python3.8/site-packages/airflow/example_dags/example_dag_decorator.py
[2022-01-05 20:57:15,540] {processor.py:642} INFO - Processing file /home/airflow/sandbox/lib/python3.8/site-packages/airflow/example_dags/example_dag_decorator.py for tasks to queue
[2022-01-05 20:57:15,544] {logging_mixin.py:109} INFO - [2022-01-05 20:57:15,544] {dagbag.py:500} INFO - Filling up the DagBag from /home/airflow/sandbox/lib/python3.8/site-packages/airflow/example_dags/example_dag_decorator.py
[2022-01-05 20:57:15,894] {processor.py:654} INFO - DAG(s) dict_keys(['example_dag_decorator']) retrieved from /home/airflow/sandbox/lib/python3.8/site-packages/airflow/example_dags/example_dag_decorator.py
[2022-01-05 20:57:17,697] {logging_mixin.py:109} INFO - [2022-01-05 20:57:17,697] {dag.py:2396} INFO - Sync 1 DAGs
[2022-01-05 20:57:17,782] {logging_mixin.py:109} INFO - [2022-01-05 20:57:17,782] {dag.py:2935} INFO - Setting next_dagrun for example_dag_decorator to None
[2022-01-05 20:57:17,829] {processor.py:171} INFO - Processing /home/airflow/sandbox/lib/python3.8/site-packages/airflow/example_dags/example_dag_decorator.py took 2.328 seconds
[2022-01-05 20:57:48,438] {processor.py:163} INFO - Started process (PID=23308) to work on /home/airflow/sandbox/lib/python3.8/site-packages/airflow/example_dags/example_dag_decorator.py
[2022-01-05 20:57:48,440] {processor.py:642} INFO - Processing file /home/airflow/sandbox/lib/python3.8/site-packages/airflow/example_dags/example_dag_decorator.py for tasks to queue
[2022-01-05 20:57:48,440] {logging_mixin.py:109} INFO - [2022-01-05 20:57:48,440] {dagbag.py:500} INFO - Filling up the DagBag from /home/airflow/sandbox/lib/python3.8/site-packages/airflow/example_dags/example_dag_decorator.py
[2022-01-05 20:57:48,788] {processor.py:654} INFO - DAG(s) dict_keys(['example_dag_decorator']) retrieved from /home/airflow/sandbox/lib/python3.8/site-packages/airflow/example_dags/example_dag_decorator.py
[2022-01-05 20:57:51,543] {logging_mixin.py:109} INFO - [2022-01-05 20:57:51,543] {dag.py:2396} INFO - Sync 1 DAGs
[2022-01-05 20:57:51,637] {logging_mixin.py:109} INFO - [2022-01-05 20:57:51,637] {dag.py:2935} INFO - Setting next_dagrun for example_dag_decorator to None
[2022-01-05 20:57:51,700] {processor.py:171} INFO - Processing /home/airflow/sandbox/lib/python3.8/site-packages/airflow/example_dags/example_dag_decorator.py took 3.268 seconds
[2022-01-05 20:58:22,093] {processor.py:163} INFO - Started process (PID=23644) to work on /home/airflow/sandbox/lib/python3.8/site-packages/airflow/example_dags/example_dag_decorator.py
[2022-01-05 20:58:22,096] {processor.py:642} INFO - Processing file /home/airflow/sandbox/lib/python3.8/site-packages/airflow/example_dags/example_dag_decorator.py for tasks to queue
[2022-01-05 20:58:22,100] {logging_mixin.py:109} INFO - [2022-01-05 20:58:22,100] {dagbag.py:500} INFO - Filling up the DagBag from /home/airflow/sandbox/lib/python3.8/site-packages/airflow/example_dags/example_dag_decorator.py
[2022-01-05 20:58:22,253] {processor.py:654} INFO - DAG(s) dict_keys(['example_dag_decorator']) retrieved from /home/airflow/sandbox/lib/python3.8/site-packages/airflow/example_dags/example_dag_decorator.py
[2022-01-05 20:58:23,798] {logging_mixin.py:109} INFO - [2022-01-05 20:58:23,797] {dag.py:2396} INFO - Sync 1 DAGs
[2022-01-05 20:58:23,894] {logging_mixin.py:109} INFO - [2022-01-05 20:58:23,893] {dag.py:2935} INFO - Setting next_dagrun for example_dag_decorator to None
[2022-01-05 20:58:23,993] {processor.py:171} INFO - Processing /home/airflow/sandbox/lib/python3.8/site-packages/airflow/example_dags/example_dag_decorator.py took 1.909 seconds
[2022-01-05 20:58:54,234] {processor.py:163} INFO - Started process (PID=23900) to work on /home/airflow/sandbox/lib/python3.8/site-packages/airflow/example_dags/example_dag_decorator.py
[2022-01-05 20:58:54,235] {processor.py:642} INFO - Processing file /home/airflow/sandbox/lib/python3.8/site-packages/airflow/example_dags/example_dag_decorator.py for tasks to queue
[2022-01-05 20:58:54,236] {logging_mixin.py:109} INFO - [2022-01-05 20:58:54,236] {dagbag.py:500} INFO - Filling up the DagBag from /home/airflow/sandbox/lib/python3.8/site-packages/airflow/example_dags/example_dag_decorator.py
[2022-01-05 20:58:54,340] {processor.py:654} INFO - DAG(s) dict_keys(['example_dag_decorator']) retrieved from /home/airflow/sandbox/lib/python3.8/site-packages/airflow/example_dags/example_dag_decorator.py
[2022-01-05 20:58:54,386] {logging_mixin.py:109} INFO - [2022-01-05 20:58:54,386] {dag.py:2396} INFO - Sync 1 DAGs
[2022-01-05 20:58:54,431] {logging_mixin.py:109} INFO - [2022-01-05 20:58:54,430] {dag.py:2935} INFO - Setting next_dagrun for example_dag_decorator to None
[2022-01-05 20:58:54,447] {processor.py:171} INFO - Processing /home/airflow/sandbox/lib/python3.8/site-packages/airflow/example_dags/example_dag_decorator.py took 0.218 seconds
[2022-01-05 20:59:25,238] {processor.py:163} INFO - Started process (PID=24138) to work on /home/airflow/sandbox/lib/python3.8/site-packages/airflow/example_dags/example_dag_decorator.py
[2022-01-05 20:59:25,240] {processor.py:642} INFO - Processing file /home/airflow/sandbox/lib/python3.8/site-packages/airflow/example_dags/example_dag_decorator.py for tasks to queue
[2022-01-05 20:59:25,241] {logging_mixin.py:109} INFO - [2022-01-05 20:59:25,241] {dagbag.py:500} INFO - Filling up the DagBag from /home/airflow/sandbox/lib/python3.8/site-packages/airflow/example_dags/example_dag_decorator.py
[2022-01-05 20:59:25,500] {processor.py:654} INFO - DAG(s) dict_keys(['example_dag_decorator']) retrieved from /home/airflow/sandbox/lib/python3.8/site-packages/airflow/example_dags/example_dag_decorator.py
[2022-01-05 20:59:27,349] {logging_mixin.py:109} INFO - [2022-01-05 20:59:27,349] {dag.py:2396} INFO - Sync 1 DAGs
[2022-01-05 20:59:27,437] {logging_mixin.py:109} INFO - [2022-01-05 20:59:27,437] {dag.py:2935} INFO - Setting next_dagrun for example_dag_decorator to None
[2022-01-05 20:59:27,488] {processor.py:171} INFO - Processing /home/airflow/sandbox/lib/python3.8/site-packages/airflow/example_dags/example_dag_decorator.py took 2.258 seconds
[2022-01-05 20:59:58,191] {processor.py:163} INFO - Started process (PID=24403) to work on /home/airflow/sandbox/lib/python3.8/site-packages/airflow/example_dags/example_dag_decorator.py
[2022-01-05 20:59:58,192] {processor.py:642} INFO - Processing file /home/airflow/sandbox/lib/python3.8/site-packages/airflow/example_dags/example_dag_decorator.py for tasks to queue
[2022-01-05 20:59:58,192] {logging_mixin.py:109} INFO - [2022-01-05 20:59:58,192] {dagbag.py:500} INFO - Filling up the DagBag from /home/airflow/sandbox/lib/python3.8/site-packages/airflow/example_dags/example_dag_decorator.py
[2022-01-05 20:59:58,536] {processor.py:654} INFO - DAG(s) dict_keys(['example_dag_decorator']) retrieved from /home/airflow/sandbox/lib/python3.8/site-packages/airflow/example_dags/example_dag_decorator.py
[2022-01-05 20:59:59,951] {logging_mixin.py:109} INFO - [2022-01-05 20:59:59,951] {dag.py:2396} INFO - Sync 1 DAGs
[2022-01-05 21:00:00,029] {logging_mixin.py:109} INFO - [2022-01-05 21:00:00,028] {dag.py:2935} INFO - Setting next_dagrun for example_dag_decorator to None
[2022-01-05 21:00:00,077] {processor.py:171} INFO - Processing /home/airflow/sandbox/lib/python3.8/site-packages/airflow/example_dags/example_dag_decorator.py took 1.891 seconds
