[2022-01-05 20:07:12,341] {processor.py:163} INFO - Started process (PID=2494) to work on /home/airflow/sandbox/lib/python3.8/site-packages/airflow/example_dags/example_xcom.py
[2022-01-05 20:07:12,348] {processor.py:642} INFO - Processing file /home/airflow/sandbox/lib/python3.8/site-packages/airflow/example_dags/example_xcom.py for tasks to queue
[2022-01-05 20:07:12,378] {logging_mixin.py:109} INFO - [2022-01-05 20:07:12,377] {dagbag.py:500} INFO - Filling up the DagBag from /home/airflow/sandbox/lib/python3.8/site-packages/airflow/example_dags/example_xcom.py
[2022-01-05 20:07:12,850] {processor.py:654} INFO - DAG(s) dict_keys(['example_xcom']) retrieved from /home/airflow/sandbox/lib/python3.8/site-packages/airflow/example_dags/example_xcom.py
[2022-01-05 20:07:16,982] {logging_mixin.py:109} INFO - [2022-01-05 20:07:16,982] {dag.py:2396} INFO - Sync 1 DAGs
[2022-01-05 20:07:17,124] {logging_mixin.py:109} INFO - [2022-01-05 20:07:17,123] {dag.py:2935} INFO - Setting next_dagrun for example_xcom to 2021-01-01T00:00:00+00:00
[2022-01-05 20:07:17,424] {processor.py:171} INFO - Processing /home/airflow/sandbox/lib/python3.8/site-packages/airflow/example_dags/example_xcom.py took 5.099 seconds
[2022-01-05 20:07:47,977] {processor.py:163} INFO - Started process (PID=2771) to work on /home/airflow/sandbox/lib/python3.8/site-packages/airflow/example_dags/example_xcom.py
[2022-01-05 20:07:47,980] {processor.py:642} INFO - Processing file /home/airflow/sandbox/lib/python3.8/site-packages/airflow/example_dags/example_xcom.py for tasks to queue
[2022-01-05 20:07:47,982] {logging_mixin.py:109} INFO - [2022-01-05 20:07:47,981] {dagbag.py:500} INFO - Filling up the DagBag from /home/airflow/sandbox/lib/python3.8/site-packages/airflow/example_dags/example_xcom.py
[2022-01-05 20:07:48,078] {processor.py:654} INFO - DAG(s) dict_keys(['example_xcom']) retrieved from /home/airflow/sandbox/lib/python3.8/site-packages/airflow/example_dags/example_xcom.py
[2022-01-05 20:07:48,609] {logging_mixin.py:109} INFO - [2022-01-05 20:07:48,608] {dag.py:2396} INFO - Sync 1 DAGs
[2022-01-05 20:07:48,645] {logging_mixin.py:109} INFO - [2022-01-05 20:07:48,645] {dag.py:2935} INFO - Setting next_dagrun for example_xcom to 2021-01-01T00:00:00+00:00
[2022-01-05 20:07:48,658] {processor.py:171} INFO - Processing /home/airflow/sandbox/lib/python3.8/site-packages/airflow/example_dags/example_xcom.py took 0.703 seconds
[2022-01-05 20:08:18,996] {processor.py:163} INFO - Started process (PID=2945) to work on /home/airflow/sandbox/lib/python3.8/site-packages/airflow/example_dags/example_xcom.py
[2022-01-05 20:08:18,998] {processor.py:642} INFO - Processing file /home/airflow/sandbox/lib/python3.8/site-packages/airflow/example_dags/example_xcom.py for tasks to queue
[2022-01-05 20:08:18,999] {logging_mixin.py:109} INFO - [2022-01-05 20:08:18,999] {dagbag.py:500} INFO - Filling up the DagBag from /home/airflow/sandbox/lib/python3.8/site-packages/airflow/example_dags/example_xcom.py
[2022-01-05 20:08:19,452] {processor.py:654} INFO - DAG(s) dict_keys(['example_xcom']) retrieved from /home/airflow/sandbox/lib/python3.8/site-packages/airflow/example_dags/example_xcom.py
[2022-01-05 20:08:22,156] {logging_mixin.py:109} INFO - [2022-01-05 20:08:22,155] {dag.py:2396} INFO - Sync 1 DAGs
[2022-01-05 20:08:22,312] {logging_mixin.py:109} INFO - [2022-01-05 20:08:22,312] {dag.py:2935} INFO - Setting next_dagrun for example_xcom to 2021-01-01T00:00:00+00:00
[2022-01-05 20:08:22,395] {processor.py:171} INFO - Processing /home/airflow/sandbox/lib/python3.8/site-packages/airflow/example_dags/example_xcom.py took 3.425 seconds
[2022-01-05 20:08:52,473] {processor.py:163} INFO - Started process (PID=3320) to work on /home/airflow/sandbox/lib/python3.8/site-packages/airflow/example_dags/example_xcom.py
[2022-01-05 20:08:52,477] {processor.py:642} INFO - Processing file /home/airflow/sandbox/lib/python3.8/site-packages/airflow/example_dags/example_xcom.py for tasks to queue
[2022-01-05 20:08:52,478] {logging_mixin.py:109} INFO - [2022-01-05 20:08:52,478] {dagbag.py:500} INFO - Filling up the DagBag from /home/airflow/sandbox/lib/python3.8/site-packages/airflow/example_dags/example_xcom.py
[2022-01-05 20:08:52,577] {processor.py:654} INFO - DAG(s) dict_keys(['example_xcom']) retrieved from /home/airflow/sandbox/lib/python3.8/site-packages/airflow/example_dags/example_xcom.py
[2022-01-05 20:08:53,358] {logging_mixin.py:109} INFO - [2022-01-05 20:08:53,358] {dag.py:2396} INFO - Sync 1 DAGs
[2022-01-05 20:08:53,378] {logging_mixin.py:109} INFO - [2022-01-05 20:08:53,377] {dag.py:2935} INFO - Setting next_dagrun for example_xcom to 2021-01-01T00:00:00+00:00
[2022-01-05 20:08:53,413] {processor.py:171} INFO - Processing /home/airflow/sandbox/lib/python3.8/site-packages/airflow/example_dags/example_xcom.py took 0.948 seconds
[2022-01-05 20:09:24,517] {processor.py:163} INFO - Started process (PID=3934) to work on /home/airflow/sandbox/lib/python3.8/site-packages/airflow/example_dags/example_xcom.py
[2022-01-05 20:09:24,519] {processor.py:642} INFO - Processing file /home/airflow/sandbox/lib/python3.8/site-packages/airflow/example_dags/example_xcom.py for tasks to queue
[2022-01-05 20:09:24,527] {logging_mixin.py:109} INFO - [2022-01-05 20:09:24,526] {dagbag.py:500} INFO - Filling up the DagBag from /home/airflow/sandbox/lib/python3.8/site-packages/airflow/example_dags/example_xcom.py
[2022-01-05 20:09:24,988] {processor.py:654} INFO - DAG(s) dict_keys(['example_xcom']) retrieved from /home/airflow/sandbox/lib/python3.8/site-packages/airflow/example_dags/example_xcom.py
[2022-01-05 20:09:27,671] {logging_mixin.py:109} INFO - [2022-01-05 20:09:27,670] {dag.py:2396} INFO - Sync 1 DAGs
[2022-01-05 20:09:27,793] {logging_mixin.py:109} INFO - [2022-01-05 20:09:27,792] {dag.py:2935} INFO - Setting next_dagrun for example_xcom to 2021-01-01T00:00:00+00:00
[2022-01-05 20:09:27,935] {processor.py:171} INFO - Processing /home/airflow/sandbox/lib/python3.8/site-packages/airflow/example_dags/example_xcom.py took 3.444 seconds
[2022-01-05 20:09:58,211] {processor.py:163} INFO - Started process (PID=4718) to work on /home/airflow/sandbox/lib/python3.8/site-packages/airflow/example_dags/example_xcom.py
[2022-01-05 20:09:58,217] {processor.py:642} INFO - Processing file /home/airflow/sandbox/lib/python3.8/site-packages/airflow/example_dags/example_xcom.py for tasks to queue
[2022-01-05 20:09:58,264] {logging_mixin.py:109} INFO - [2022-01-05 20:09:58,263] {dagbag.py:500} INFO - Filling up the DagBag from /home/airflow/sandbox/lib/python3.8/site-packages/airflow/example_dags/example_xcom.py
[2022-01-05 20:09:58,468] {processor.py:654} INFO - DAG(s) dict_keys(['example_xcom']) retrieved from /home/airflow/sandbox/lib/python3.8/site-packages/airflow/example_dags/example_xcom.py
[2022-01-05 20:10:00,698] {logging_mixin.py:109} INFO - [2022-01-05 20:10:00,698] {dag.py:2396} INFO - Sync 1 DAGs
[2022-01-05 20:10:00,791] {logging_mixin.py:109} INFO - [2022-01-05 20:10:00,791] {dag.py:2935} INFO - Setting next_dagrun for example_xcom to 2021-01-01T00:00:00+00:00
[2022-01-05 20:10:00,812] {processor.py:171} INFO - Processing /home/airflow/sandbox/lib/python3.8/site-packages/airflow/example_dags/example_xcom.py took 2.609 seconds
[2022-01-05 20:10:31,135] {processor.py:163} INFO - Started process (PID=4815) to work on /home/airflow/sandbox/lib/python3.8/site-packages/airflow/example_dags/example_xcom.py
[2022-01-05 20:10:31,137] {processor.py:642} INFO - Processing file /home/airflow/sandbox/lib/python3.8/site-packages/airflow/example_dags/example_xcom.py for tasks to queue
[2022-01-05 20:10:31,138] {logging_mixin.py:109} INFO - [2022-01-05 20:10:31,138] {dagbag.py:500} INFO - Filling up the DagBag from /home/airflow/sandbox/lib/python3.8/site-packages/airflow/example_dags/example_xcom.py
[2022-01-05 20:10:31,350] {processor.py:654} INFO - DAG(s) dict_keys(['example_xcom']) retrieved from /home/airflow/sandbox/lib/python3.8/site-packages/airflow/example_dags/example_xcom.py
[2022-01-05 20:10:32,607] {logging_mixin.py:109} INFO - [2022-01-05 20:10:32,607] {dag.py:2396} INFO - Sync 1 DAGs
[2022-01-05 20:10:32,653] {logging_mixin.py:109} INFO - [2022-01-05 20:10:32,652] {dag.py:2935} INFO - Setting next_dagrun for example_xcom to 2021-01-01T00:00:00+00:00
[2022-01-05 20:10:32,695] {processor.py:171} INFO - Processing /home/airflow/sandbox/lib/python3.8/site-packages/airflow/example_dags/example_xcom.py took 1.585 seconds
[2022-01-05 20:11:02,900] {processor.py:163} INFO - Started process (PID=5000) to work on /home/airflow/sandbox/lib/python3.8/site-packages/airflow/example_dags/example_xcom.py
[2022-01-05 20:11:02,923] {processor.py:642} INFO - Processing file /home/airflow/sandbox/lib/python3.8/site-packages/airflow/example_dags/example_xcom.py for tasks to queue
[2022-01-05 20:11:02,926] {logging_mixin.py:109} INFO - [2022-01-05 20:11:02,926] {dagbag.py:500} INFO - Filling up the DagBag from /home/airflow/sandbox/lib/python3.8/site-packages/airflow/example_dags/example_xcom.py
[2022-01-05 20:11:03,052] {processor.py:654} INFO - DAG(s) dict_keys(['example_xcom']) retrieved from /home/airflow/sandbox/lib/python3.8/site-packages/airflow/example_dags/example_xcom.py
[2022-01-05 20:11:04,188] {logging_mixin.py:109} INFO - [2022-01-05 20:11:04,188] {dag.py:2396} INFO - Sync 1 DAGs
[2022-01-05 20:11:04,239] {logging_mixin.py:109} INFO - [2022-01-05 20:11:04,239] {dag.py:2935} INFO - Setting next_dagrun for example_xcom to 2021-01-01T00:00:00+00:00
[2022-01-05 20:11:04,297] {processor.py:171} INFO - Processing /home/airflow/sandbox/lib/python3.8/site-packages/airflow/example_dags/example_xcom.py took 1.414 seconds
[2022-01-05 20:11:34,877] {processor.py:163} INFO - Started process (PID=5093) to work on /home/airflow/sandbox/lib/python3.8/site-packages/airflow/example_dags/example_xcom.py
[2022-01-05 20:11:34,880] {processor.py:642} INFO - Processing file /home/airflow/sandbox/lib/python3.8/site-packages/airflow/example_dags/example_xcom.py for tasks to queue
[2022-01-05 20:11:34,883] {logging_mixin.py:109} INFO - [2022-01-05 20:11:34,883] {dagbag.py:500} INFO - Filling up the DagBag from /home/airflow/sandbox/lib/python3.8/site-packages/airflow/example_dags/example_xcom.py
[2022-01-05 20:11:35,028] {processor.py:654} INFO - DAG(s) dict_keys(['example_xcom']) retrieved from /home/airflow/sandbox/lib/python3.8/site-packages/airflow/example_dags/example_xcom.py
[2022-01-05 20:11:36,576] {logging_mixin.py:109} INFO - [2022-01-05 20:11:36,576] {dag.py:2396} INFO - Sync 1 DAGs
[2022-01-05 20:11:36,633] {logging_mixin.py:109} INFO - [2022-01-05 20:11:36,621] {dag.py:2935} INFO - Setting next_dagrun for example_xcom to 2021-01-01T00:00:00+00:00
[2022-01-05 20:11:36,688] {processor.py:171} INFO - Processing /home/airflow/sandbox/lib/python3.8/site-packages/airflow/example_dags/example_xcom.py took 1.819 seconds
[2022-01-05 20:12:07,277] {processor.py:163} INFO - Started process (PID=5210) to work on /home/airflow/sandbox/lib/python3.8/site-packages/airflow/example_dags/example_xcom.py
[2022-01-05 20:12:07,279] {processor.py:642} INFO - Processing file /home/airflow/sandbox/lib/python3.8/site-packages/airflow/example_dags/example_xcom.py for tasks to queue
[2022-01-05 20:12:07,281] {logging_mixin.py:109} INFO - [2022-01-05 20:12:07,280] {dagbag.py:500} INFO - Filling up the DagBag from /home/airflow/sandbox/lib/python3.8/site-packages/airflow/example_dags/example_xcom.py
[2022-01-05 20:12:07,476] {processor.py:654} INFO - DAG(s) dict_keys(['example_xcom']) retrieved from /home/airflow/sandbox/lib/python3.8/site-packages/airflow/example_dags/example_xcom.py
[2022-01-05 20:12:08,928] {logging_mixin.py:109} INFO - [2022-01-05 20:12:08,928] {dag.py:2396} INFO - Sync 1 DAGs
[2022-01-05 20:12:08,995] {logging_mixin.py:109} INFO - [2022-01-05 20:12:08,995] {dag.py:2935} INFO - Setting next_dagrun for example_xcom to 2021-01-01T00:00:00+00:00
[2022-01-05 20:12:09,027] {processor.py:171} INFO - Processing /home/airflow/sandbox/lib/python3.8/site-packages/airflow/example_dags/example_xcom.py took 1.757 seconds
[2022-01-05 20:12:39,095] {processor.py:163} INFO - Started process (PID=5334) to work on /home/airflow/sandbox/lib/python3.8/site-packages/airflow/example_dags/example_xcom.py
[2022-01-05 20:12:39,107] {processor.py:642} INFO - Processing file /home/airflow/sandbox/lib/python3.8/site-packages/airflow/example_dags/example_xcom.py for tasks to queue
[2022-01-05 20:12:39,109] {logging_mixin.py:109} INFO - [2022-01-05 20:12:39,109] {dagbag.py:500} INFO - Filling up the DagBag from /home/airflow/sandbox/lib/python3.8/site-packages/airflow/example_dags/example_xcom.py
[2022-01-05 20:12:39,166] {processor.py:654} INFO - DAG(s) dict_keys(['example_xcom']) retrieved from /home/airflow/sandbox/lib/python3.8/site-packages/airflow/example_dags/example_xcom.py
[2022-01-05 20:12:39,613] {logging_mixin.py:109} INFO - [2022-01-05 20:12:39,613] {dag.py:2396} INFO - Sync 1 DAGs
[2022-01-05 20:12:39,626] {logging_mixin.py:109} INFO - [2022-01-05 20:12:39,626] {dag.py:2935} INFO - Setting next_dagrun for example_xcom to 2021-01-01T00:00:00+00:00
[2022-01-05 20:12:39,637] {processor.py:171} INFO - Processing /home/airflow/sandbox/lib/python3.8/site-packages/airflow/example_dags/example_xcom.py took 0.546 seconds
[2022-01-05 20:28:13,706] {processor.py:163} INFO - Started process (PID=7047) to work on /home/airflow/sandbox/lib/python3.8/site-packages/airflow/example_dags/example_xcom.py
[2022-01-05 20:28:13,794] {processor.py:642} INFO - Processing file /home/airflow/sandbox/lib/python3.8/site-packages/airflow/example_dags/example_xcom.py for tasks to queue
[2022-01-05 20:28:13,798] {logging_mixin.py:109} INFO - [2022-01-05 20:28:13,798] {dagbag.py:500} INFO - Filling up the DagBag from /home/airflow/sandbox/lib/python3.8/site-packages/airflow/example_dags/example_xcom.py
[2022-01-05 20:28:14,038] {processor.py:654} INFO - DAG(s) dict_keys(['example_xcom']) retrieved from /home/airflow/sandbox/lib/python3.8/site-packages/airflow/example_dags/example_xcom.py
[2022-01-05 20:28:15,947] {logging_mixin.py:109} INFO - [2022-01-05 20:28:15,947] {dag.py:2396} INFO - Sync 1 DAGs
[2022-01-05 20:28:16,052] {logging_mixin.py:109} INFO - [2022-01-05 20:28:16,051] {dag.py:2935} INFO - Setting next_dagrun for example_xcom to 2021-01-01T00:00:00+00:00
[2022-01-05 20:28:16,350] {processor.py:171} INFO - Processing /home/airflow/sandbox/lib/python3.8/site-packages/airflow/example_dags/example_xcom.py took 2.659 seconds
[2022-01-05 20:28:54,406] {processor.py:163} INFO - Started process (PID=7531) to work on /home/airflow/sandbox/lib/python3.8/site-packages/airflow/example_dags/example_xcom.py
[2022-01-05 20:28:54,409] {processor.py:642} INFO - Processing file /home/airflow/sandbox/lib/python3.8/site-packages/airflow/example_dags/example_xcom.py for tasks to queue
[2022-01-05 20:28:54,409] {logging_mixin.py:109} INFO - [2022-01-05 20:28:54,409] {dagbag.py:500} INFO - Filling up the DagBag from /home/airflow/sandbox/lib/python3.8/site-packages/airflow/example_dags/example_xcom.py
[2022-01-05 20:28:55,489] {processor.py:654} INFO - DAG(s) dict_keys(['example_xcom']) retrieved from /home/airflow/sandbox/lib/python3.8/site-packages/airflow/example_dags/example_xcom.py
[2022-01-05 20:29:01,789] {logging_mixin.py:109} INFO - [2022-01-05 20:29:01,789] {dag.py:2396} INFO - Sync 1 DAGs
[2022-01-05 20:29:01,947] {logging_mixin.py:109} INFO - [2022-01-05 20:29:01,947] {dag.py:2935} INFO - Setting next_dagrun for example_xcom to 2021-01-01T00:00:00+00:00
[2022-01-05 20:29:02,640] {processor.py:171} INFO - Processing /home/airflow/sandbox/lib/python3.8/site-packages/airflow/example_dags/example_xcom.py took 8.243 seconds
[2022-01-05 20:29:33,057] {processor.py:163} INFO - Started process (PID=7801) to work on /home/airflow/sandbox/lib/python3.8/site-packages/airflow/example_dags/example_xcom.py
[2022-01-05 20:29:33,089] {processor.py:642} INFO - Processing file /home/airflow/sandbox/lib/python3.8/site-packages/airflow/example_dags/example_xcom.py for tasks to queue
[2022-01-05 20:29:33,090] {logging_mixin.py:109} INFO - [2022-01-05 20:29:33,090] {dagbag.py:500} INFO - Filling up the DagBag from /home/airflow/sandbox/lib/python3.8/site-packages/airflow/example_dags/example_xcom.py
[2022-01-05 20:29:33,340] {processor.py:654} INFO - DAG(s) dict_keys(['example_xcom']) retrieved from /home/airflow/sandbox/lib/python3.8/site-packages/airflow/example_dags/example_xcom.py
[2022-01-05 20:29:34,104] {logging_mixin.py:109} INFO - [2022-01-05 20:29:34,104] {dag.py:2396} INFO - Sync 1 DAGs
[2022-01-05 20:29:34,147] {logging_mixin.py:109} INFO - [2022-01-05 20:29:34,146] {dag.py:2935} INFO - Setting next_dagrun for example_xcom to 2021-01-01T00:00:00+00:00
[2022-01-05 20:29:34,182] {processor.py:171} INFO - Processing /home/airflow/sandbox/lib/python3.8/site-packages/airflow/example_dags/example_xcom.py took 1.130 seconds
[2022-01-05 20:30:05,643] {processor.py:163} INFO - Started process (PID=8081) to work on /home/airflow/sandbox/lib/python3.8/site-packages/airflow/example_dags/example_xcom.py
[2022-01-05 20:30:05,645] {processor.py:642} INFO - Processing file /home/airflow/sandbox/lib/python3.8/site-packages/airflow/example_dags/example_xcom.py for tasks to queue
[2022-01-05 20:30:05,645] {logging_mixin.py:109} INFO - [2022-01-05 20:30:05,645] {dagbag.py:500} INFO - Filling up the DagBag from /home/airflow/sandbox/lib/python3.8/site-packages/airflow/example_dags/example_xcom.py
[2022-01-05 20:30:05,887] {processor.py:654} INFO - DAG(s) dict_keys(['example_xcom']) retrieved from /home/airflow/sandbox/lib/python3.8/site-packages/airflow/example_dags/example_xcom.py
[2022-01-05 20:30:07,147] {logging_mixin.py:109} INFO - [2022-01-05 20:30:07,147] {dag.py:2396} INFO - Sync 1 DAGs
[2022-01-05 20:30:07,285] {logging_mixin.py:109} INFO - [2022-01-05 20:30:07,284] {dag.py:2935} INFO - Setting next_dagrun for example_xcom to 2021-01-01T00:00:00+00:00
[2022-01-05 20:30:07,384] {processor.py:171} INFO - Processing /home/airflow/sandbox/lib/python3.8/site-packages/airflow/example_dags/example_xcom.py took 1.744 seconds
[2022-01-05 20:30:39,932] {processor.py:163} INFO - Started process (PID=8433) to work on /home/airflow/sandbox/lib/python3.8/site-packages/airflow/example_dags/example_xcom.py
[2022-01-05 20:30:39,934] {processor.py:642} INFO - Processing file /home/airflow/sandbox/lib/python3.8/site-packages/airflow/example_dags/example_xcom.py for tasks to queue
[2022-01-05 20:30:39,935] {logging_mixin.py:109} INFO - [2022-01-05 20:30:39,935] {dagbag.py:500} INFO - Filling up the DagBag from /home/airflow/sandbox/lib/python3.8/site-packages/airflow/example_dags/example_xcom.py
[2022-01-05 20:30:40,200] {processor.py:654} INFO - DAG(s) dict_keys(['example_xcom']) retrieved from /home/airflow/sandbox/lib/python3.8/site-packages/airflow/example_dags/example_xcom.py
[2022-01-05 20:30:41,329] {logging_mixin.py:109} INFO - [2022-01-05 20:30:41,328] {dag.py:2396} INFO - Sync 1 DAGs
[2022-01-05 20:30:41,345] {logging_mixin.py:109} INFO - [2022-01-05 20:30:41,345] {dag.py:2935} INFO - Setting next_dagrun for example_xcom to 2021-01-01T00:00:00+00:00
[2022-01-05 20:30:41,435] {processor.py:171} INFO - Processing /home/airflow/sandbox/lib/python3.8/site-packages/airflow/example_dags/example_xcom.py took 1.506 seconds
[2022-01-05 20:31:13,967] {processor.py:163} INFO - Started process (PID=8879) to work on /home/airflow/sandbox/lib/python3.8/site-packages/airflow/example_dags/example_xcom.py
[2022-01-05 20:31:13,972] {processor.py:642} INFO - Processing file /home/airflow/sandbox/lib/python3.8/site-packages/airflow/example_dags/example_xcom.py for tasks to queue
[2022-01-05 20:31:13,972] {logging_mixin.py:109} INFO - [2022-01-05 20:31:13,972] {dagbag.py:500} INFO - Filling up the DagBag from /home/airflow/sandbox/lib/python3.8/site-packages/airflow/example_dags/example_xcom.py
[2022-01-05 20:31:14,366] {processor.py:654} INFO - DAG(s) dict_keys(['example_xcom']) retrieved from /home/airflow/sandbox/lib/python3.8/site-packages/airflow/example_dags/example_xcom.py
[2022-01-05 20:31:17,019] {logging_mixin.py:109} INFO - [2022-01-05 20:31:17,019] {dag.py:2396} INFO - Sync 1 DAGs
[2022-01-05 20:31:17,130] {logging_mixin.py:109} INFO - [2022-01-05 20:31:17,130] {dag.py:2935} INFO - Setting next_dagrun for example_xcom to 2021-01-01T00:00:00+00:00
[2022-01-05 20:31:17,170] {processor.py:171} INFO - Processing /home/airflow/sandbox/lib/python3.8/site-packages/airflow/example_dags/example_xcom.py took 3.238 seconds
[2022-01-05 20:31:47,418] {processor.py:163} INFO - Started process (PID=9242) to work on /home/airflow/sandbox/lib/python3.8/site-packages/airflow/example_dags/example_xcom.py
[2022-01-05 20:31:47,419] {processor.py:642} INFO - Processing file /home/airflow/sandbox/lib/python3.8/site-packages/airflow/example_dags/example_xcom.py for tasks to queue
[2022-01-05 20:31:47,419] {logging_mixin.py:109} INFO - [2022-01-05 20:31:47,419] {dagbag.py:500} INFO - Filling up the DagBag from /home/airflow/sandbox/lib/python3.8/site-packages/airflow/example_dags/example_xcom.py
[2022-01-05 20:31:47,634] {processor.py:654} INFO - DAG(s) dict_keys(['example_xcom']) retrieved from /home/airflow/sandbox/lib/python3.8/site-packages/airflow/example_dags/example_xcom.py
[2022-01-05 20:31:48,426] {logging_mixin.py:109} INFO - [2022-01-05 20:31:48,426] {dag.py:2396} INFO - Sync 1 DAGs
[2022-01-05 20:31:48,470] {logging_mixin.py:109} INFO - [2022-01-05 20:31:48,470] {dag.py:2935} INFO - Setting next_dagrun for example_xcom to 2021-01-01T00:00:00+00:00
[2022-01-05 20:31:48,491] {processor.py:171} INFO - Processing /home/airflow/sandbox/lib/python3.8/site-packages/airflow/example_dags/example_xcom.py took 1.077 seconds
[2022-01-05 20:32:19,017] {processor.py:163} INFO - Started process (PID=9922) to work on /home/airflow/sandbox/lib/python3.8/site-packages/airflow/example_dags/example_xcom.py
[2022-01-05 20:32:19,019] {processor.py:642} INFO - Processing file /home/airflow/sandbox/lib/python3.8/site-packages/airflow/example_dags/example_xcom.py for tasks to queue
[2022-01-05 20:32:19,020] {logging_mixin.py:109} INFO - [2022-01-05 20:32:19,020] {dagbag.py:500} INFO - Filling up the DagBag from /home/airflow/sandbox/lib/python3.8/site-packages/airflow/example_dags/example_xcom.py
[2022-01-05 20:32:19,387] {processor.py:654} INFO - DAG(s) dict_keys(['example_xcom']) retrieved from /home/airflow/sandbox/lib/python3.8/site-packages/airflow/example_dags/example_xcom.py
[2022-01-05 20:32:20,077] {logging_mixin.py:109} INFO - [2022-01-05 20:32:20,077] {dag.py:2396} INFO - Sync 1 DAGs
[2022-01-05 20:32:20,184] {logging_mixin.py:109} INFO - [2022-01-05 20:32:20,184] {dag.py:2935} INFO - Setting next_dagrun for example_xcom to 2021-01-01T00:00:00+00:00
[2022-01-05 20:32:20,218] {processor.py:171} INFO - Processing /home/airflow/sandbox/lib/python3.8/site-packages/airflow/example_dags/example_xcom.py took 1.207 seconds
[2022-01-05 20:32:50,662] {processor.py:163} INFO - Started process (PID=10671) to work on /home/airflow/sandbox/lib/python3.8/site-packages/airflow/example_dags/example_xcom.py
[2022-01-05 20:32:50,663] {processor.py:642} INFO - Processing file /home/airflow/sandbox/lib/python3.8/site-packages/airflow/example_dags/example_xcom.py for tasks to queue
[2022-01-05 20:32:50,663] {logging_mixin.py:109} INFO - [2022-01-05 20:32:50,663] {dagbag.py:500} INFO - Filling up the DagBag from /home/airflow/sandbox/lib/python3.8/site-packages/airflow/example_dags/example_xcom.py
[2022-01-05 20:32:50,880] {processor.py:654} INFO - DAG(s) dict_keys(['example_xcom']) retrieved from /home/airflow/sandbox/lib/python3.8/site-packages/airflow/example_dags/example_xcom.py
[2022-01-05 20:32:51,920] {logging_mixin.py:109} INFO - [2022-01-05 20:32:51,920] {dag.py:2396} INFO - Sync 1 DAGs
[2022-01-05 20:32:52,115] {logging_mixin.py:109} INFO - [2022-01-05 20:32:52,115] {dag.py:2935} INFO - Setting next_dagrun for example_xcom to 2021-01-01T00:00:00+00:00
[2022-01-05 20:32:52,578] {processor.py:171} INFO - Processing /home/airflow/sandbox/lib/python3.8/site-packages/airflow/example_dags/example_xcom.py took 1.996 seconds
[2022-01-05 20:33:22,780] {processor.py:163} INFO - Started process (PID=11375) to work on /home/airflow/sandbox/lib/python3.8/site-packages/airflow/example_dags/example_xcom.py
[2022-01-05 20:33:22,781] {processor.py:642} INFO - Processing file /home/airflow/sandbox/lib/python3.8/site-packages/airflow/example_dags/example_xcom.py for tasks to queue
[2022-01-05 20:33:22,781] {logging_mixin.py:109} INFO - [2022-01-05 20:33:22,781] {dagbag.py:500} INFO - Filling up the DagBag from /home/airflow/sandbox/lib/python3.8/site-packages/airflow/example_dags/example_xcom.py
[2022-01-05 20:33:23,021] {processor.py:654} INFO - DAG(s) dict_keys(['example_xcom']) retrieved from /home/airflow/sandbox/lib/python3.8/site-packages/airflow/example_dags/example_xcom.py
[2022-01-05 20:33:23,577] {logging_mixin.py:109} INFO - [2022-01-05 20:33:23,576] {dag.py:2396} INFO - Sync 1 DAGs
[2022-01-05 20:33:23,621] {logging_mixin.py:109} INFO - [2022-01-05 20:33:23,620] {dag.py:2935} INFO - Setting next_dagrun for example_xcom to 2021-01-01T00:00:00+00:00
[2022-01-05 20:33:23,667] {processor.py:171} INFO - Processing /home/airflow/sandbox/lib/python3.8/site-packages/airflow/example_dags/example_xcom.py took 0.939 seconds
[2022-01-05 20:33:54,058] {processor.py:163} INFO - Started process (PID=11689) to work on /home/airflow/sandbox/lib/python3.8/site-packages/airflow/example_dags/example_xcom.py
[2022-01-05 20:33:54,059] {processor.py:642} INFO - Processing file /home/airflow/sandbox/lib/python3.8/site-packages/airflow/example_dags/example_xcom.py for tasks to queue
[2022-01-05 20:33:54,060] {logging_mixin.py:109} INFO - [2022-01-05 20:33:54,060] {dagbag.py:500} INFO - Filling up the DagBag from /home/airflow/sandbox/lib/python3.8/site-packages/airflow/example_dags/example_xcom.py
[2022-01-05 20:33:54,176] {processor.py:654} INFO - DAG(s) dict_keys(['example_xcom']) retrieved from /home/airflow/sandbox/lib/python3.8/site-packages/airflow/example_dags/example_xcom.py
[2022-01-05 20:33:55,261] {logging_mixin.py:109} INFO - [2022-01-05 20:33:55,261] {dag.py:2396} INFO - Sync 1 DAGs
[2022-01-05 20:33:55,367] {logging_mixin.py:109} INFO - [2022-01-05 20:33:55,366] {dag.py:2935} INFO - Setting next_dagrun for example_xcom to 2021-01-01T00:00:00+00:00
[2022-01-05 20:33:55,455] {processor.py:171} INFO - Processing /home/airflow/sandbox/lib/python3.8/site-packages/airflow/example_dags/example_xcom.py took 1.404 seconds
[2022-01-05 20:34:25,569] {processor.py:163} INFO - Started process (PID=11931) to work on /home/airflow/sandbox/lib/python3.8/site-packages/airflow/example_dags/example_xcom.py
[2022-01-05 20:34:25,572] {processor.py:642} INFO - Processing file /home/airflow/sandbox/lib/python3.8/site-packages/airflow/example_dags/example_xcom.py for tasks to queue
[2022-01-05 20:34:25,574] {logging_mixin.py:109} INFO - [2022-01-05 20:34:25,574] {dagbag.py:500} INFO - Filling up the DagBag from /home/airflow/sandbox/lib/python3.8/site-packages/airflow/example_dags/example_xcom.py
[2022-01-05 20:34:25,901] {processor.py:654} INFO - DAG(s) dict_keys(['example_xcom']) retrieved from /home/airflow/sandbox/lib/python3.8/site-packages/airflow/example_dags/example_xcom.py
[2022-01-05 20:34:26,502] {logging_mixin.py:109} INFO - [2022-01-05 20:34:26,502] {dag.py:2396} INFO - Sync 1 DAGs
[2022-01-05 20:34:26,525] {logging_mixin.py:109} INFO - [2022-01-05 20:34:26,525] {dag.py:2935} INFO - Setting next_dagrun for example_xcom to 2021-01-01T00:00:00+00:00
[2022-01-05 20:34:26,553] {processor.py:171} INFO - Processing /home/airflow/sandbox/lib/python3.8/site-packages/airflow/example_dags/example_xcom.py took 1.029 seconds
[2022-01-05 20:34:57,373] {processor.py:163} INFO - Started process (PID=12178) to work on /home/airflow/sandbox/lib/python3.8/site-packages/airflow/example_dags/example_xcom.py
[2022-01-05 20:34:57,389] {processor.py:642} INFO - Processing file /home/airflow/sandbox/lib/python3.8/site-packages/airflow/example_dags/example_xcom.py for tasks to queue
[2022-01-05 20:34:57,390] {logging_mixin.py:109} INFO - [2022-01-05 20:34:57,390] {dagbag.py:500} INFO - Filling up the DagBag from /home/airflow/sandbox/lib/python3.8/site-packages/airflow/example_dags/example_xcom.py
[2022-01-05 20:34:57,492] {processor.py:654} INFO - DAG(s) dict_keys(['example_xcom']) retrieved from /home/airflow/sandbox/lib/python3.8/site-packages/airflow/example_dags/example_xcom.py
[2022-01-05 20:34:58,561] {logging_mixin.py:109} INFO - [2022-01-05 20:34:58,561] {dag.py:2396} INFO - Sync 1 DAGs
[2022-01-05 20:34:58,599] {logging_mixin.py:109} INFO - [2022-01-05 20:34:58,599] {dag.py:2935} INFO - Setting next_dagrun for example_xcom to 2021-01-01T00:00:00+00:00
[2022-01-05 20:34:58,610] {processor.py:171} INFO - Processing /home/airflow/sandbox/lib/python3.8/site-packages/airflow/example_dags/example_xcom.py took 1.256 seconds
[2022-01-05 20:35:29,037] {processor.py:163} INFO - Started process (PID=12428) to work on /home/airflow/sandbox/lib/python3.8/site-packages/airflow/example_dags/example_xcom.py
[2022-01-05 20:35:29,039] {processor.py:642} INFO - Processing file /home/airflow/sandbox/lib/python3.8/site-packages/airflow/example_dags/example_xcom.py for tasks to queue
[2022-01-05 20:35:29,040] {logging_mixin.py:109} INFO - [2022-01-05 20:35:29,040] {dagbag.py:500} INFO - Filling up the DagBag from /home/airflow/sandbox/lib/python3.8/site-packages/airflow/example_dags/example_xcom.py
[2022-01-05 20:35:29,389] {processor.py:654} INFO - DAG(s) dict_keys(['example_xcom']) retrieved from /home/airflow/sandbox/lib/python3.8/site-packages/airflow/example_dags/example_xcom.py
[2022-01-05 20:35:30,416] {logging_mixin.py:109} INFO - [2022-01-05 20:35:30,416] {dag.py:2396} INFO - Sync 1 DAGs
[2022-01-05 20:35:30,443] {logging_mixin.py:109} INFO - [2022-01-05 20:35:30,443] {dag.py:2935} INFO - Setting next_dagrun for example_xcom to 2021-01-01T00:00:00+00:00
[2022-01-05 20:35:30,465] {processor.py:171} INFO - Processing /home/airflow/sandbox/lib/python3.8/site-packages/airflow/example_dags/example_xcom.py took 1.455 seconds
[2022-01-05 20:36:00,569] {processor.py:163} INFO - Started process (PID=12670) to work on /home/airflow/sandbox/lib/python3.8/site-packages/airflow/example_dags/example_xcom.py
[2022-01-05 20:36:00,586] {processor.py:642} INFO - Processing file /home/airflow/sandbox/lib/python3.8/site-packages/airflow/example_dags/example_xcom.py for tasks to queue
[2022-01-05 20:36:00,586] {logging_mixin.py:109} INFO - [2022-01-05 20:36:00,586] {dagbag.py:500} INFO - Filling up the DagBag from /home/airflow/sandbox/lib/python3.8/site-packages/airflow/example_dags/example_xcom.py
[2022-01-05 20:36:00,735] {processor.py:654} INFO - DAG(s) dict_keys(['example_xcom']) retrieved from /home/airflow/sandbox/lib/python3.8/site-packages/airflow/example_dags/example_xcom.py
[2022-01-05 20:36:01,649] {logging_mixin.py:109} INFO - [2022-01-05 20:36:01,649] {dag.py:2396} INFO - Sync 1 DAGs
[2022-01-05 20:36:01,701] {logging_mixin.py:109} INFO - [2022-01-05 20:36:01,700] {dag.py:2935} INFO - Setting next_dagrun for example_xcom to 2021-01-01T00:00:00+00:00
[2022-01-05 20:36:01,740] {processor.py:171} INFO - Processing /home/airflow/sandbox/lib/python3.8/site-packages/airflow/example_dags/example_xcom.py took 1.180 seconds
[2022-01-05 20:36:31,910] {processor.py:163} INFO - Started process (PID=12911) to work on /home/airflow/sandbox/lib/python3.8/site-packages/airflow/example_dags/example_xcom.py
[2022-01-05 20:36:31,911] {processor.py:642} INFO - Processing file /home/airflow/sandbox/lib/python3.8/site-packages/airflow/example_dags/example_xcom.py for tasks to queue
[2022-01-05 20:36:31,911] {logging_mixin.py:109} INFO - [2022-01-05 20:36:31,911] {dagbag.py:500} INFO - Filling up the DagBag from /home/airflow/sandbox/lib/python3.8/site-packages/airflow/example_dags/example_xcom.py
[2022-01-05 20:36:32,161] {processor.py:654} INFO - DAG(s) dict_keys(['example_xcom']) retrieved from /home/airflow/sandbox/lib/python3.8/site-packages/airflow/example_dags/example_xcom.py
[2022-01-05 20:36:33,067] {logging_mixin.py:109} INFO - [2022-01-05 20:36:33,067] {dag.py:2396} INFO - Sync 1 DAGs
[2022-01-05 20:36:33,164] {logging_mixin.py:109} INFO - [2022-01-05 20:36:33,164] {dag.py:2935} INFO - Setting next_dagrun for example_xcom to 2021-01-01T00:00:00+00:00
[2022-01-05 20:36:33,264] {processor.py:171} INFO - Processing /home/airflow/sandbox/lib/python3.8/site-packages/airflow/example_dags/example_xcom.py took 1.367 seconds
[2022-01-05 20:37:03,908] {processor.py:163} INFO - Started process (PID=13165) to work on /home/airflow/sandbox/lib/python3.8/site-packages/airflow/example_dags/example_xcom.py
[2022-01-05 20:37:03,910] {processor.py:642} INFO - Processing file /home/airflow/sandbox/lib/python3.8/site-packages/airflow/example_dags/example_xcom.py for tasks to queue
[2022-01-05 20:37:03,939] {logging_mixin.py:109} INFO - [2022-01-05 20:37:03,939] {dagbag.py:500} INFO - Filling up the DagBag from /home/airflow/sandbox/lib/python3.8/site-packages/airflow/example_dags/example_xcom.py
[2022-01-05 20:37:04,131] {processor.py:654} INFO - DAG(s) dict_keys(['example_xcom']) retrieved from /home/airflow/sandbox/lib/python3.8/site-packages/airflow/example_dags/example_xcom.py
[2022-01-05 20:37:04,981] {logging_mixin.py:109} INFO - [2022-01-05 20:37:04,981] {dag.py:2396} INFO - Sync 1 DAGs
[2022-01-05 20:37:05,008] {logging_mixin.py:109} INFO - [2022-01-05 20:37:05,008] {dag.py:2935} INFO - Setting next_dagrun for example_xcom to 2021-01-01T00:00:00+00:00
[2022-01-05 20:37:05,058] {processor.py:171} INFO - Processing /home/airflow/sandbox/lib/python3.8/site-packages/airflow/example_dags/example_xcom.py took 1.154 seconds
[2022-01-05 20:37:35,985] {processor.py:163} INFO - Started process (PID=13418) to work on /home/airflow/sandbox/lib/python3.8/site-packages/airflow/example_dags/example_xcom.py
[2022-01-05 20:37:35,986] {processor.py:642} INFO - Processing file /home/airflow/sandbox/lib/python3.8/site-packages/airflow/example_dags/example_xcom.py for tasks to queue
[2022-01-05 20:37:35,987] {logging_mixin.py:109} INFO - [2022-01-05 20:37:35,986] {dagbag.py:500} INFO - Filling up the DagBag from /home/airflow/sandbox/lib/python3.8/site-packages/airflow/example_dags/example_xcom.py
[2022-01-05 20:37:36,098] {processor.py:654} INFO - DAG(s) dict_keys(['example_xcom']) retrieved from /home/airflow/sandbox/lib/python3.8/site-packages/airflow/example_dags/example_xcom.py
[2022-01-05 20:37:36,983] {logging_mixin.py:109} INFO - [2022-01-05 20:37:36,982] {dag.py:2396} INFO - Sync 1 DAGs
[2022-01-05 20:37:37,001] {logging_mixin.py:109} INFO - [2022-01-05 20:37:37,000] {dag.py:2935} INFO - Setting next_dagrun for example_xcom to 2021-01-01T00:00:00+00:00
[2022-01-05 20:37:37,030] {processor.py:171} INFO - Processing /home/airflow/sandbox/lib/python3.8/site-packages/airflow/example_dags/example_xcom.py took 1.070 seconds
[2022-01-05 20:38:07,324] {processor.py:163} INFO - Started process (PID=13681) to work on /home/airflow/sandbox/lib/python3.8/site-packages/airflow/example_dags/example_xcom.py
[2022-01-05 20:38:07,326] {processor.py:642} INFO - Processing file /home/airflow/sandbox/lib/python3.8/site-packages/airflow/example_dags/example_xcom.py for tasks to queue
[2022-01-05 20:38:07,327] {logging_mixin.py:109} INFO - [2022-01-05 20:38:07,327] {dagbag.py:500} INFO - Filling up the DagBag from /home/airflow/sandbox/lib/python3.8/site-packages/airflow/example_dags/example_xcom.py
[2022-01-05 20:38:07,535] {processor.py:654} INFO - DAG(s) dict_keys(['example_xcom']) retrieved from /home/airflow/sandbox/lib/python3.8/site-packages/airflow/example_dags/example_xcom.py
[2022-01-05 20:38:08,029] {logging_mixin.py:109} INFO - [2022-01-05 20:38:08,028] {dag.py:2396} INFO - Sync 1 DAGs
[2022-01-05 20:38:08,043] {logging_mixin.py:109} INFO - [2022-01-05 20:38:08,042] {dag.py:2935} INFO - Setting next_dagrun for example_xcom to 2021-01-01T00:00:00+00:00
[2022-01-05 20:38:08,073] {processor.py:171} INFO - Processing /home/airflow/sandbox/lib/python3.8/site-packages/airflow/example_dags/example_xcom.py took 0.786 seconds
[2022-01-05 20:38:38,926] {processor.py:163} INFO - Started process (PID=14000) to work on /home/airflow/sandbox/lib/python3.8/site-packages/airflow/example_dags/example_xcom.py
[2022-01-05 20:38:38,928] {processor.py:642} INFO - Processing file /home/airflow/sandbox/lib/python3.8/site-packages/airflow/example_dags/example_xcom.py for tasks to queue
[2022-01-05 20:38:38,928] {logging_mixin.py:109} INFO - [2022-01-05 20:38:38,928] {dagbag.py:500} INFO - Filling up the DagBag from /home/airflow/sandbox/lib/python3.8/site-packages/airflow/example_dags/example_xcom.py
[2022-01-05 20:38:38,976] {processor.py:654} INFO - DAG(s) dict_keys(['example_xcom']) retrieved from /home/airflow/sandbox/lib/python3.8/site-packages/airflow/example_dags/example_xcom.py
[2022-01-05 20:38:39,254] {logging_mixin.py:109} INFO - [2022-01-05 20:38:39,253] {dag.py:2396} INFO - Sync 1 DAGs
[2022-01-05 20:38:39,267] {logging_mixin.py:109} INFO - [2022-01-05 20:38:39,267] {dag.py:2935} INFO - Setting next_dagrun for example_xcom to 2021-01-01T00:00:00+00:00
[2022-01-05 20:38:39,286] {processor.py:171} INFO - Processing /home/airflow/sandbox/lib/python3.8/site-packages/airflow/example_dags/example_xcom.py took 0.367 seconds
[2022-01-05 20:39:09,447] {processor.py:163} INFO - Started process (PID=14241) to work on /home/airflow/sandbox/lib/python3.8/site-packages/airflow/example_dags/example_xcom.py
[2022-01-05 20:39:09,448] {processor.py:642} INFO - Processing file /home/airflow/sandbox/lib/python3.8/site-packages/airflow/example_dags/example_xcom.py for tasks to queue
[2022-01-05 20:39:09,449] {logging_mixin.py:109} INFO - [2022-01-05 20:39:09,449] {dagbag.py:500} INFO - Filling up the DagBag from /home/airflow/sandbox/lib/python3.8/site-packages/airflow/example_dags/example_xcom.py
[2022-01-05 20:39:09,536] {processor.py:654} INFO - DAG(s) dict_keys(['example_xcom']) retrieved from /home/airflow/sandbox/lib/python3.8/site-packages/airflow/example_dags/example_xcom.py
[2022-01-05 20:39:09,913] {logging_mixin.py:109} INFO - [2022-01-05 20:39:09,913] {dag.py:2396} INFO - Sync 1 DAGs
[2022-01-05 20:39:09,932] {logging_mixin.py:109} INFO - [2022-01-05 20:39:09,932] {dag.py:2935} INFO - Setting next_dagrun for example_xcom to 2021-01-01T00:00:00+00:00
[2022-01-05 20:39:09,956] {processor.py:171} INFO - Processing /home/airflow/sandbox/lib/python3.8/site-packages/airflow/example_dags/example_xcom.py took 0.518 seconds
[2022-01-05 20:39:40,085] {processor.py:163} INFO - Started process (PID=14483) to work on /home/airflow/sandbox/lib/python3.8/site-packages/airflow/example_dags/example_xcom.py
[2022-01-05 20:39:40,086] {processor.py:642} INFO - Processing file /home/airflow/sandbox/lib/python3.8/site-packages/airflow/example_dags/example_xcom.py for tasks to queue
[2022-01-05 20:39:40,086] {logging_mixin.py:109} INFO - [2022-01-05 20:39:40,086] {dagbag.py:500} INFO - Filling up the DagBag from /home/airflow/sandbox/lib/python3.8/site-packages/airflow/example_dags/example_xcom.py
[2022-01-05 20:39:40,172] {processor.py:654} INFO - DAG(s) dict_keys(['example_xcom']) retrieved from /home/airflow/sandbox/lib/python3.8/site-packages/airflow/example_dags/example_xcom.py
[2022-01-05 20:39:40,511] {logging_mixin.py:109} INFO - [2022-01-05 20:39:40,511] {dag.py:2396} INFO - Sync 1 DAGs
[2022-01-05 20:39:40,533] {logging_mixin.py:109} INFO - [2022-01-05 20:39:40,533] {dag.py:2935} INFO - Setting next_dagrun for example_xcom to 2021-01-01T00:00:00+00:00
[2022-01-05 20:39:40,552] {processor.py:171} INFO - Processing /home/airflow/sandbox/lib/python3.8/site-packages/airflow/example_dags/example_xcom.py took 0.470 seconds
[2022-01-05 20:40:11,466] {processor.py:163} INFO - Started process (PID=14727) to work on /home/airflow/sandbox/lib/python3.8/site-packages/airflow/example_dags/example_xcom.py
[2022-01-05 20:40:11,475] {processor.py:642} INFO - Processing file /home/airflow/sandbox/lib/python3.8/site-packages/airflow/example_dags/example_xcom.py for tasks to queue
[2022-01-05 20:40:11,476] {logging_mixin.py:109} INFO - [2022-01-05 20:40:11,476] {dagbag.py:500} INFO - Filling up the DagBag from /home/airflow/sandbox/lib/python3.8/site-packages/airflow/example_dags/example_xcom.py
[2022-01-05 20:40:11,553] {processor.py:654} INFO - DAG(s) dict_keys(['example_xcom']) retrieved from /home/airflow/sandbox/lib/python3.8/site-packages/airflow/example_dags/example_xcom.py
[2022-01-05 20:40:12,258] {logging_mixin.py:109} INFO - [2022-01-05 20:40:12,258] {dag.py:2396} INFO - Sync 1 DAGs
[2022-01-05 20:40:12,274] {logging_mixin.py:109} INFO - [2022-01-05 20:40:12,274] {dag.py:2935} INFO - Setting next_dagrun for example_xcom to 2021-01-01T00:00:00+00:00
[2022-01-05 20:40:12,285] {processor.py:171} INFO - Processing /home/airflow/sandbox/lib/python3.8/site-packages/airflow/example_dags/example_xcom.py took 0.821 seconds
[2022-01-05 20:40:42,993] {processor.py:163} INFO - Started process (PID=14979) to work on /home/airflow/sandbox/lib/python3.8/site-packages/airflow/example_dags/example_xcom.py
[2022-01-05 20:40:43,000] {processor.py:642} INFO - Processing file /home/airflow/sandbox/lib/python3.8/site-packages/airflow/example_dags/example_xcom.py for tasks to queue
[2022-01-05 20:40:43,001] {logging_mixin.py:109} INFO - [2022-01-05 20:40:43,001] {dagbag.py:500} INFO - Filling up the DagBag from /home/airflow/sandbox/lib/python3.8/site-packages/airflow/example_dags/example_xcom.py
[2022-01-05 20:40:43,132] {processor.py:654} INFO - DAG(s) dict_keys(['example_xcom']) retrieved from /home/airflow/sandbox/lib/python3.8/site-packages/airflow/example_dags/example_xcom.py
[2022-01-05 20:40:43,586] {logging_mixin.py:109} INFO - [2022-01-05 20:40:43,586] {dag.py:2396} INFO - Sync 1 DAGs
[2022-01-05 20:40:43,603] {logging_mixin.py:109} INFO - [2022-01-05 20:40:43,602] {dag.py:2935} INFO - Setting next_dagrun for example_xcom to 2021-01-01T00:00:00+00:00
[2022-01-05 20:40:43,619] {processor.py:171} INFO - Processing /home/airflow/sandbox/lib/python3.8/site-packages/airflow/example_dags/example_xcom.py took 0.634 seconds
[2022-01-05 20:41:13,806] {processor.py:163} INFO - Started process (PID=15220) to work on /home/airflow/sandbox/lib/python3.8/site-packages/airflow/example_dags/example_xcom.py
[2022-01-05 20:41:13,848] {processor.py:642} INFO - Processing file /home/airflow/sandbox/lib/python3.8/site-packages/airflow/example_dags/example_xcom.py for tasks to queue
[2022-01-05 20:41:13,850] {logging_mixin.py:109} INFO - [2022-01-05 20:41:13,849] {dagbag.py:500} INFO - Filling up the DagBag from /home/airflow/sandbox/lib/python3.8/site-packages/airflow/example_dags/example_xcom.py
[2022-01-05 20:41:14,138] {processor.py:654} INFO - DAG(s) dict_keys(['example_xcom']) retrieved from /home/airflow/sandbox/lib/python3.8/site-packages/airflow/example_dags/example_xcom.py
[2022-01-05 20:41:14,516] {logging_mixin.py:109} INFO - [2022-01-05 20:41:14,516] {dag.py:2396} INFO - Sync 1 DAGs
[2022-01-05 20:41:14,558] {logging_mixin.py:109} INFO - [2022-01-05 20:41:14,558] {dag.py:2935} INFO - Setting next_dagrun for example_xcom to 2021-01-01T00:00:00+00:00
[2022-01-05 20:41:14,592] {processor.py:171} INFO - Processing /home/airflow/sandbox/lib/python3.8/site-packages/airflow/example_dags/example_xcom.py took 0.789 seconds
[2022-01-05 20:41:44,700] {processor.py:163} INFO - Started process (PID=15471) to work on /home/airflow/sandbox/lib/python3.8/site-packages/airflow/example_dags/example_xcom.py
[2022-01-05 20:41:44,701] {processor.py:642} INFO - Processing file /home/airflow/sandbox/lib/python3.8/site-packages/airflow/example_dags/example_xcom.py for tasks to queue
[2022-01-05 20:41:44,701] {logging_mixin.py:109} INFO - [2022-01-05 20:41:44,701] {dagbag.py:500} INFO - Filling up the DagBag from /home/airflow/sandbox/lib/python3.8/site-packages/airflow/example_dags/example_xcom.py
[2022-01-05 20:41:44,767] {processor.py:654} INFO - DAG(s) dict_keys(['example_xcom']) retrieved from /home/airflow/sandbox/lib/python3.8/site-packages/airflow/example_dags/example_xcom.py
[2022-01-05 20:41:45,409] {logging_mixin.py:109} INFO - [2022-01-05 20:41:45,409] {dag.py:2396} INFO - Sync 1 DAGs
[2022-01-05 20:41:45,427] {logging_mixin.py:109} INFO - [2022-01-05 20:41:45,427] {dag.py:2935} INFO - Setting next_dagrun for example_xcom to 2021-01-01T00:00:00+00:00
[2022-01-05 20:41:45,462] {processor.py:171} INFO - Processing /home/airflow/sandbox/lib/python3.8/site-packages/airflow/example_dags/example_xcom.py took 0.790 seconds
[2022-01-05 20:42:15,614] {processor.py:163} INFO - Started process (PID=15714) to work on /home/airflow/sandbox/lib/python3.8/site-packages/airflow/example_dags/example_xcom.py
[2022-01-05 20:42:15,617] {processor.py:642} INFO - Processing file /home/airflow/sandbox/lib/python3.8/site-packages/airflow/example_dags/example_xcom.py for tasks to queue
[2022-01-05 20:42:15,620] {logging_mixin.py:109} INFO - [2022-01-05 20:42:15,619] {dagbag.py:500} INFO - Filling up the DagBag from /home/airflow/sandbox/lib/python3.8/site-packages/airflow/example_dags/example_xcom.py
[2022-01-05 20:42:15,809] {processor.py:654} INFO - DAG(s) dict_keys(['example_xcom']) retrieved from /home/airflow/sandbox/lib/python3.8/site-packages/airflow/example_dags/example_xcom.py
[2022-01-05 20:42:16,582] {logging_mixin.py:109} INFO - [2022-01-05 20:42:16,581] {dag.py:2396} INFO - Sync 1 DAGs
[2022-01-05 20:42:16,627] {logging_mixin.py:109} INFO - [2022-01-05 20:42:16,627] {dag.py:2935} INFO - Setting next_dagrun for example_xcom to 2021-01-01T00:00:00+00:00
[2022-01-05 20:42:16,676] {processor.py:171} INFO - Processing /home/airflow/sandbox/lib/python3.8/site-packages/airflow/example_dags/example_xcom.py took 1.099 seconds
[2022-01-05 20:42:46,871] {processor.py:163} INFO - Started process (PID=15956) to work on /home/airflow/sandbox/lib/python3.8/site-packages/airflow/example_dags/example_xcom.py
[2022-01-05 20:42:46,872] {processor.py:642} INFO - Processing file /home/airflow/sandbox/lib/python3.8/site-packages/airflow/example_dags/example_xcom.py for tasks to queue
[2022-01-05 20:42:46,873] {logging_mixin.py:109} INFO - [2022-01-05 20:42:46,873] {dagbag.py:500} INFO - Filling up the DagBag from /home/airflow/sandbox/lib/python3.8/site-packages/airflow/example_dags/example_xcom.py
[2022-01-05 20:42:46,975] {processor.py:654} INFO - DAG(s) dict_keys(['example_xcom']) retrieved from /home/airflow/sandbox/lib/python3.8/site-packages/airflow/example_dags/example_xcom.py
[2022-01-05 20:42:47,620] {logging_mixin.py:109} INFO - [2022-01-05 20:42:47,620] {dag.py:2396} INFO - Sync 1 DAGs
[2022-01-05 20:42:47,634] {logging_mixin.py:109} INFO - [2022-01-05 20:42:47,633] {dag.py:2935} INFO - Setting next_dagrun for example_xcom to 2021-01-01T00:00:00+00:00
[2022-01-05 20:42:47,670] {processor.py:171} INFO - Processing /home/airflow/sandbox/lib/python3.8/site-packages/airflow/example_dags/example_xcom.py took 0.804 seconds
[2022-01-05 20:43:17,781] {processor.py:163} INFO - Started process (PID=16271) to work on /home/airflow/sandbox/lib/python3.8/site-packages/airflow/example_dags/example_xcom.py
[2022-01-05 20:43:17,783] {processor.py:642} INFO - Processing file /home/airflow/sandbox/lib/python3.8/site-packages/airflow/example_dags/example_xcom.py for tasks to queue
[2022-01-05 20:43:17,784] {logging_mixin.py:109} INFO - [2022-01-05 20:43:17,784] {dagbag.py:500} INFO - Filling up the DagBag from /home/airflow/sandbox/lib/python3.8/site-packages/airflow/example_dags/example_xcom.py
[2022-01-05 20:43:17,911] {processor.py:654} INFO - DAG(s) dict_keys(['example_xcom']) retrieved from /home/airflow/sandbox/lib/python3.8/site-packages/airflow/example_dags/example_xcom.py
[2022-01-05 20:43:18,316] {logging_mixin.py:109} INFO - [2022-01-05 20:43:18,316] {dag.py:2396} INFO - Sync 1 DAGs
[2022-01-05 20:43:18,362] {logging_mixin.py:109} INFO - [2022-01-05 20:43:18,362] {dag.py:2935} INFO - Setting next_dagrun for example_xcom to 2021-01-01T00:00:00+00:00
[2022-01-05 20:43:18,380] {processor.py:171} INFO - Processing /home/airflow/sandbox/lib/python3.8/site-packages/airflow/example_dags/example_xcom.py took 0.619 seconds
[2022-01-05 20:43:49,338] {processor.py:163} INFO - Started process (PID=16512) to work on /home/airflow/sandbox/lib/python3.8/site-packages/airflow/example_dags/example_xcom.py
[2022-01-05 20:43:49,342] {processor.py:642} INFO - Processing file /home/airflow/sandbox/lib/python3.8/site-packages/airflow/example_dags/example_xcom.py for tasks to queue
[2022-01-05 20:43:49,348] {logging_mixin.py:109} INFO - [2022-01-05 20:43:49,347] {dagbag.py:500} INFO - Filling up the DagBag from /home/airflow/sandbox/lib/python3.8/site-packages/airflow/example_dags/example_xcom.py
[2022-01-05 20:43:49,411] {processor.py:654} INFO - DAG(s) dict_keys(['example_xcom']) retrieved from /home/airflow/sandbox/lib/python3.8/site-packages/airflow/example_dags/example_xcom.py
[2022-01-05 20:43:49,753] {logging_mixin.py:109} INFO - [2022-01-05 20:43:49,753] {dag.py:2396} INFO - Sync 1 DAGs
[2022-01-05 20:43:49,768] {logging_mixin.py:109} INFO - [2022-01-05 20:43:49,768] {dag.py:2935} INFO - Setting next_dagrun for example_xcom to 2021-01-01T00:00:00+00:00
[2022-01-05 20:43:49,783] {processor.py:171} INFO - Processing /home/airflow/sandbox/lib/python3.8/site-packages/airflow/example_dags/example_xcom.py took 0.455 seconds
[2022-01-05 20:44:20,482] {processor.py:163} INFO - Started process (PID=16759) to work on /home/airflow/sandbox/lib/python3.8/site-packages/airflow/example_dags/example_xcom.py
[2022-01-05 20:44:20,483] {processor.py:642} INFO - Processing file /home/airflow/sandbox/lib/python3.8/site-packages/airflow/example_dags/example_xcom.py for tasks to queue
[2022-01-05 20:44:20,484] {logging_mixin.py:109} INFO - [2022-01-05 20:44:20,484] {dagbag.py:500} INFO - Filling up the DagBag from /home/airflow/sandbox/lib/python3.8/site-packages/airflow/example_dags/example_xcom.py
[2022-01-05 20:44:20,558] {processor.py:654} INFO - DAG(s) dict_keys(['example_xcom']) retrieved from /home/airflow/sandbox/lib/python3.8/site-packages/airflow/example_dags/example_xcom.py
[2022-01-05 20:44:20,860] {logging_mixin.py:109} INFO - [2022-01-05 20:44:20,859] {dag.py:2396} INFO - Sync 1 DAGs
[2022-01-05 20:44:20,882] {logging_mixin.py:109} INFO - [2022-01-05 20:44:20,882] {dag.py:2935} INFO - Setting next_dagrun for example_xcom to 2021-01-01T00:00:00+00:00
[2022-01-05 20:44:20,898] {processor.py:171} INFO - Processing /home/airflow/sandbox/lib/python3.8/site-packages/airflow/example_dags/example_xcom.py took 0.422 seconds
[2022-01-05 20:44:51,004] {processor.py:163} INFO - Started process (PID=17000) to work on /home/airflow/sandbox/lib/python3.8/site-packages/airflow/example_dags/example_xcom.py
[2022-01-05 20:44:51,007] {processor.py:642} INFO - Processing file /home/airflow/sandbox/lib/python3.8/site-packages/airflow/example_dags/example_xcom.py for tasks to queue
[2022-01-05 20:44:51,009] {logging_mixin.py:109} INFO - [2022-01-05 20:44:51,009] {dagbag.py:500} INFO - Filling up the DagBag from /home/airflow/sandbox/lib/python3.8/site-packages/airflow/example_dags/example_xcom.py
[2022-01-05 20:44:51,079] {processor.py:654} INFO - DAG(s) dict_keys(['example_xcom']) retrieved from /home/airflow/sandbox/lib/python3.8/site-packages/airflow/example_dags/example_xcom.py
[2022-01-05 20:44:51,303] {logging_mixin.py:109} INFO - [2022-01-05 20:44:51,303] {dag.py:2396} INFO - Sync 1 DAGs
[2022-01-05 20:44:51,331] {logging_mixin.py:109} INFO - [2022-01-05 20:44:51,331] {dag.py:2935} INFO - Setting next_dagrun for example_xcom to 2021-01-01T00:00:00+00:00
[2022-01-05 20:44:51,369] {processor.py:171} INFO - Processing /home/airflow/sandbox/lib/python3.8/site-packages/airflow/example_dags/example_xcom.py took 0.373 seconds
[2022-01-05 20:45:22,291] {processor.py:163} INFO - Started process (PID=17251) to work on /home/airflow/sandbox/lib/python3.8/site-packages/airflow/example_dags/example_xcom.py
[2022-01-05 20:45:22,295] {processor.py:642} INFO - Processing file /home/airflow/sandbox/lib/python3.8/site-packages/airflow/example_dags/example_xcom.py for tasks to queue
[2022-01-05 20:45:22,296] {logging_mixin.py:109} INFO - [2022-01-05 20:45:22,296] {dagbag.py:500} INFO - Filling up the DagBag from /home/airflow/sandbox/lib/python3.8/site-packages/airflow/example_dags/example_xcom.py
[2022-01-05 20:45:22,453] {processor.py:654} INFO - DAG(s) dict_keys(['example_xcom']) retrieved from /home/airflow/sandbox/lib/python3.8/site-packages/airflow/example_dags/example_xcom.py
[2022-01-05 20:45:23,241] {logging_mixin.py:109} INFO - [2022-01-05 20:45:23,240] {dag.py:2396} INFO - Sync 1 DAGs
[2022-01-05 20:45:23,268] {logging_mixin.py:109} INFO - [2022-01-05 20:45:23,268] {dag.py:2935} INFO - Setting next_dagrun for example_xcom to 2021-01-01T00:00:00+00:00
[2022-01-05 20:45:23,318] {processor.py:171} INFO - Processing /home/airflow/sandbox/lib/python3.8/site-packages/airflow/example_dags/example_xcom.py took 1.035 seconds
[2022-01-05 20:45:53,592] {processor.py:163} INFO - Started process (PID=17500) to work on /home/airflow/sandbox/lib/python3.8/site-packages/airflow/example_dags/example_xcom.py
[2022-01-05 20:45:53,596] {processor.py:642} INFO - Processing file /home/airflow/sandbox/lib/python3.8/site-packages/airflow/example_dags/example_xcom.py for tasks to queue
[2022-01-05 20:45:53,596] {logging_mixin.py:109} INFO - [2022-01-05 20:45:53,596] {dagbag.py:500} INFO - Filling up the DagBag from /home/airflow/sandbox/lib/python3.8/site-packages/airflow/example_dags/example_xcom.py
[2022-01-05 20:45:53,759] {processor.py:654} INFO - DAG(s) dict_keys(['example_xcom']) retrieved from /home/airflow/sandbox/lib/python3.8/site-packages/airflow/example_dags/example_xcom.py
[2022-01-05 20:45:54,417] {logging_mixin.py:109} INFO - [2022-01-05 20:45:54,417] {dag.py:2396} INFO - Sync 1 DAGs
[2022-01-05 20:45:54,439] {logging_mixin.py:109} INFO - [2022-01-05 20:45:54,439] {dag.py:2935} INFO - Setting next_dagrun for example_xcom to 2021-01-01T00:00:00+00:00
[2022-01-05 20:45:54,468] {processor.py:171} INFO - Processing /home/airflow/sandbox/lib/python3.8/site-packages/airflow/example_dags/example_xcom.py took 0.900 seconds
[2022-01-05 20:46:24,674] {processor.py:163} INFO - Started process (PID=17741) to work on /home/airflow/sandbox/lib/python3.8/site-packages/airflow/example_dags/example_xcom.py
[2022-01-05 20:46:24,686] {processor.py:642} INFO - Processing file /home/airflow/sandbox/lib/python3.8/site-packages/airflow/example_dags/example_xcom.py for tasks to queue
[2022-01-05 20:46:24,686] {logging_mixin.py:109} INFO - [2022-01-05 20:46:24,686] {dagbag.py:500} INFO - Filling up the DagBag from /home/airflow/sandbox/lib/python3.8/site-packages/airflow/example_dags/example_xcom.py
[2022-01-05 20:46:24,822] {processor.py:654} INFO - DAG(s) dict_keys(['example_xcom']) retrieved from /home/airflow/sandbox/lib/python3.8/site-packages/airflow/example_dags/example_xcom.py
[2022-01-05 20:46:25,639] {logging_mixin.py:109} INFO - [2022-01-05 20:46:25,639] {dag.py:2396} INFO - Sync 1 DAGs
[2022-01-05 20:46:25,691] {logging_mixin.py:109} INFO - [2022-01-05 20:46:25,691] {dag.py:2935} INFO - Setting next_dagrun for example_xcom to 2021-01-01T00:00:00+00:00
[2022-01-05 20:46:25,719] {processor.py:171} INFO - Processing /home/airflow/sandbox/lib/python3.8/site-packages/airflow/example_dags/example_xcom.py took 1.070 seconds
[2022-01-05 20:46:56,040] {processor.py:163} INFO - Started process (PID=18002) to work on /home/airflow/sandbox/lib/python3.8/site-packages/airflow/example_dags/example_xcom.py
[2022-01-05 20:46:56,046] {processor.py:642} INFO - Processing file /home/airflow/sandbox/lib/python3.8/site-packages/airflow/example_dags/example_xcom.py for tasks to queue
[2022-01-05 20:46:56,050] {logging_mixin.py:109} INFO - [2022-01-05 20:46:56,050] {dagbag.py:500} INFO - Filling up the DagBag from /home/airflow/sandbox/lib/python3.8/site-packages/airflow/example_dags/example_xcom.py
[2022-01-05 20:46:56,132] {processor.py:654} INFO - DAG(s) dict_keys(['example_xcom']) retrieved from /home/airflow/sandbox/lib/python3.8/site-packages/airflow/example_dags/example_xcom.py
[2022-01-05 20:46:56,887] {logging_mixin.py:109} INFO - [2022-01-05 20:46:56,887] {dag.py:2396} INFO - Sync 1 DAGs
[2022-01-05 20:46:56,911] {logging_mixin.py:109} INFO - [2022-01-05 20:46:56,911] {dag.py:2935} INFO - Setting next_dagrun for example_xcom to 2021-01-01T00:00:00+00:00
[2022-01-05 20:46:56,940] {processor.py:171} INFO - Processing /home/airflow/sandbox/lib/python3.8/site-packages/airflow/example_dags/example_xcom.py took 0.908 seconds
[2022-01-05 20:47:27,409] {processor.py:163} INFO - Started process (PID=18267) to work on /home/airflow/sandbox/lib/python3.8/site-packages/airflow/example_dags/example_xcom.py
[2022-01-05 20:47:27,411] {processor.py:642} INFO - Processing file /home/airflow/sandbox/lib/python3.8/site-packages/airflow/example_dags/example_xcom.py for tasks to queue
[2022-01-05 20:47:27,413] {logging_mixin.py:109} INFO - [2022-01-05 20:47:27,413] {dagbag.py:500} INFO - Filling up the DagBag from /home/airflow/sandbox/lib/python3.8/site-packages/airflow/example_dags/example_xcom.py
[2022-01-05 20:47:27,519] {processor.py:654} INFO - DAG(s) dict_keys(['example_xcom']) retrieved from /home/airflow/sandbox/lib/python3.8/site-packages/airflow/example_dags/example_xcom.py
[2022-01-05 20:47:27,855] {logging_mixin.py:109} INFO - [2022-01-05 20:47:27,855] {dag.py:2396} INFO - Sync 1 DAGs
[2022-01-05 20:47:27,890] {logging_mixin.py:109} INFO - [2022-01-05 20:47:27,890] {dag.py:2935} INFO - Setting next_dagrun for example_xcom to 2021-01-01T00:00:00+00:00
[2022-01-05 20:47:27,898] {processor.py:171} INFO - Processing /home/airflow/sandbox/lib/python3.8/site-packages/airflow/example_dags/example_xcom.py took 0.496 seconds
[2022-01-05 20:47:57,929] {processor.py:163} INFO - Started process (PID=18516) to work on /home/airflow/sandbox/lib/python3.8/site-packages/airflow/example_dags/example_xcom.py
[2022-01-05 20:47:57,930] {processor.py:642} INFO - Processing file /home/airflow/sandbox/lib/python3.8/site-packages/airflow/example_dags/example_xcom.py for tasks to queue
[2022-01-05 20:47:57,931] {logging_mixin.py:109} INFO - [2022-01-05 20:47:57,931] {dagbag.py:500} INFO - Filling up the DagBag from /home/airflow/sandbox/lib/python3.8/site-packages/airflow/example_dags/example_xcom.py
[2022-01-05 20:47:57,968] {processor.py:654} INFO - DAG(s) dict_keys(['example_xcom']) retrieved from /home/airflow/sandbox/lib/python3.8/site-packages/airflow/example_dags/example_xcom.py
[2022-01-05 20:47:58,120] {logging_mixin.py:109} INFO - [2022-01-05 20:47:58,120] {dag.py:2396} INFO - Sync 1 DAGs
[2022-01-05 20:47:58,130] {logging_mixin.py:109} INFO - [2022-01-05 20:47:58,130] {dag.py:2935} INFO - Setting next_dagrun for example_xcom to 2021-01-01T00:00:00+00:00
[2022-01-05 20:47:58,140] {processor.py:171} INFO - Processing /home/airflow/sandbox/lib/python3.8/site-packages/airflow/example_dags/example_xcom.py took 0.213 seconds
[2022-01-05 20:48:30,472] {processor.py:163} INFO - Started process (PID=18834) to work on /home/airflow/sandbox/lib/python3.8/site-packages/airflow/example_dags/example_xcom.py
[2022-01-05 20:48:30,473] {processor.py:642} INFO - Processing file /home/airflow/sandbox/lib/python3.8/site-packages/airflow/example_dags/example_xcom.py for tasks to queue
[2022-01-05 20:48:30,475] {logging_mixin.py:109} INFO - [2022-01-05 20:48:30,474] {dagbag.py:500} INFO - Filling up the DagBag from /home/airflow/sandbox/lib/python3.8/site-packages/airflow/example_dags/example_xcom.py
[2022-01-05 20:48:30,681] {processor.py:654} INFO - DAG(s) dict_keys(['example_xcom']) retrieved from /home/airflow/sandbox/lib/python3.8/site-packages/airflow/example_dags/example_xcom.py
[2022-01-05 20:48:32,071] {logging_mixin.py:109} INFO - [2022-01-05 20:48:32,071] {dag.py:2396} INFO - Sync 1 DAGs
[2022-01-05 20:48:32,128] {logging_mixin.py:109} INFO - [2022-01-05 20:48:32,128] {dag.py:2935} INFO - Setting next_dagrun for example_xcom to 2021-01-01T00:00:00+00:00
[2022-01-05 20:48:32,219] {processor.py:171} INFO - Processing /home/airflow/sandbox/lib/python3.8/site-packages/airflow/example_dags/example_xcom.py took 1.750 seconds
[2022-01-05 20:49:02,368] {processor.py:163} INFO - Started process (PID=19079) to work on /home/airflow/sandbox/lib/python3.8/site-packages/airflow/example_dags/example_xcom.py
[2022-01-05 20:49:02,395] {processor.py:642} INFO - Processing file /home/airflow/sandbox/lib/python3.8/site-packages/airflow/example_dags/example_xcom.py for tasks to queue
[2022-01-05 20:49:02,397] {logging_mixin.py:109} INFO - [2022-01-05 20:49:02,396] {dagbag.py:500} INFO - Filling up the DagBag from /home/airflow/sandbox/lib/python3.8/site-packages/airflow/example_dags/example_xcom.py
[2022-01-05 20:49:02,956] {processor.py:654} INFO - DAG(s) dict_keys(['example_xcom']) retrieved from /home/airflow/sandbox/lib/python3.8/site-packages/airflow/example_dags/example_xcom.py
[2022-01-05 20:49:04,261] {logging_mixin.py:109} INFO - [2022-01-05 20:49:04,261] {dag.py:2396} INFO - Sync 1 DAGs
[2022-01-05 20:49:04,396] {logging_mixin.py:109} INFO - [2022-01-05 20:49:04,396] {dag.py:2935} INFO - Setting next_dagrun for example_xcom to 2021-01-01T00:00:00+00:00
[2022-01-05 20:49:04,496] {processor.py:171} INFO - Processing /home/airflow/sandbox/lib/python3.8/site-packages/airflow/example_dags/example_xcom.py took 2.230 seconds
[2022-01-05 20:49:34,944] {processor.py:163} INFO - Started process (PID=19338) to work on /home/airflow/sandbox/lib/python3.8/site-packages/airflow/example_dags/example_xcom.py
[2022-01-05 20:49:34,953] {processor.py:642} INFO - Processing file /home/airflow/sandbox/lib/python3.8/site-packages/airflow/example_dags/example_xcom.py for tasks to queue
[2022-01-05 20:49:34,955] {logging_mixin.py:109} INFO - [2022-01-05 20:49:34,955] {dagbag.py:500} INFO - Filling up the DagBag from /home/airflow/sandbox/lib/python3.8/site-packages/airflow/example_dags/example_xcom.py
[2022-01-05 20:49:35,134] {processor.py:654} INFO - DAG(s) dict_keys(['example_xcom']) retrieved from /home/airflow/sandbox/lib/python3.8/site-packages/airflow/example_dags/example_xcom.py
[2022-01-05 20:49:36,388] {logging_mixin.py:109} INFO - [2022-01-05 20:49:36,388] {dag.py:2396} INFO - Sync 1 DAGs
[2022-01-05 20:49:36,435] {logging_mixin.py:109} INFO - [2022-01-05 20:49:36,435] {dag.py:2935} INFO - Setting next_dagrun for example_xcom to 2021-01-01T00:00:00+00:00
[2022-01-05 20:49:36,455] {processor.py:171} INFO - Processing /home/airflow/sandbox/lib/python3.8/site-packages/airflow/example_dags/example_xcom.py took 1.513 seconds
[2022-01-05 20:50:06,888] {processor.py:163} INFO - Started process (PID=19602) to work on /home/airflow/sandbox/lib/python3.8/site-packages/airflow/example_dags/example_xcom.py
[2022-01-05 20:50:06,895] {processor.py:642} INFO - Processing file /home/airflow/sandbox/lib/python3.8/site-packages/airflow/example_dags/example_xcom.py for tasks to queue
[2022-01-05 20:50:06,898] {logging_mixin.py:109} INFO - [2022-01-05 20:50:06,898] {dagbag.py:500} INFO - Filling up the DagBag from /home/airflow/sandbox/lib/python3.8/site-packages/airflow/example_dags/example_xcom.py
[2022-01-05 20:50:06,997] {processor.py:654} INFO - DAG(s) dict_keys(['example_xcom']) retrieved from /home/airflow/sandbox/lib/python3.8/site-packages/airflow/example_dags/example_xcom.py
[2022-01-05 20:50:07,768] {logging_mixin.py:109} INFO - [2022-01-05 20:50:07,768] {dag.py:2396} INFO - Sync 1 DAGs
[2022-01-05 20:50:07,824] {logging_mixin.py:109} INFO - [2022-01-05 20:50:07,823] {dag.py:2935} INFO - Setting next_dagrun for example_xcom to 2021-01-01T00:00:00+00:00
[2022-01-05 20:50:07,845] {processor.py:171} INFO - Processing /home/airflow/sandbox/lib/python3.8/site-packages/airflow/example_dags/example_xcom.py took 0.962 seconds
[2022-01-05 20:50:38,412] {processor.py:163} INFO - Started process (PID=19857) to work on /home/airflow/sandbox/lib/python3.8/site-packages/airflow/example_dags/example_xcom.py
[2022-01-05 20:50:38,415] {processor.py:642} INFO - Processing file /home/airflow/sandbox/lib/python3.8/site-packages/airflow/example_dags/example_xcom.py for tasks to queue
[2022-01-05 20:50:38,417] {logging_mixin.py:109} INFO - [2022-01-05 20:50:38,416] {dagbag.py:500} INFO - Filling up the DagBag from /home/airflow/sandbox/lib/python3.8/site-packages/airflow/example_dags/example_xcom.py
[2022-01-05 20:50:38,540] {processor.py:654} INFO - DAG(s) dict_keys(['example_xcom']) retrieved from /home/airflow/sandbox/lib/python3.8/site-packages/airflow/example_dags/example_xcom.py
[2022-01-05 20:50:39,178] {logging_mixin.py:109} INFO - [2022-01-05 20:50:39,178] {dag.py:2396} INFO - Sync 1 DAGs
[2022-01-05 20:50:39,212] {logging_mixin.py:109} INFO - [2022-01-05 20:50:39,212] {dag.py:2935} INFO - Setting next_dagrun for example_xcom to 2021-01-01T00:00:00+00:00
[2022-01-05 20:50:39,359] {processor.py:171} INFO - Processing /home/airflow/sandbox/lib/python3.8/site-packages/airflow/example_dags/example_xcom.py took 0.951 seconds
[2022-01-05 20:51:10,133] {processor.py:163} INFO - Started process (PID=20110) to work on /home/airflow/sandbox/lib/python3.8/site-packages/airflow/example_dags/example_xcom.py
[2022-01-05 20:51:10,133] {processor.py:642} INFO - Processing file /home/airflow/sandbox/lib/python3.8/site-packages/airflow/example_dags/example_xcom.py for tasks to queue
[2022-01-05 20:51:10,134] {logging_mixin.py:109} INFO - [2022-01-05 20:51:10,134] {dagbag.py:500} INFO - Filling up the DagBag from /home/airflow/sandbox/lib/python3.8/site-packages/airflow/example_dags/example_xcom.py
[2022-01-05 20:51:10,250] {processor.py:654} INFO - DAG(s) dict_keys(['example_xcom']) retrieved from /home/airflow/sandbox/lib/python3.8/site-packages/airflow/example_dags/example_xcom.py
[2022-01-05 20:51:10,602] {logging_mixin.py:109} INFO - [2022-01-05 20:51:10,601] {dag.py:2396} INFO - Sync 1 DAGs
[2022-01-05 20:51:10,620] {logging_mixin.py:109} INFO - [2022-01-05 20:51:10,619] {dag.py:2935} INFO - Setting next_dagrun for example_xcom to 2021-01-01T00:00:00+00:00
[2022-01-05 20:51:10,757] {processor.py:171} INFO - Processing /home/airflow/sandbox/lib/python3.8/site-packages/airflow/example_dags/example_xcom.py took 0.627 seconds
[2022-01-05 20:51:40,846] {processor.py:163} INFO - Started process (PID=20357) to work on /home/airflow/sandbox/lib/python3.8/site-packages/airflow/example_dags/example_xcom.py
[2022-01-05 20:51:40,848] {processor.py:642} INFO - Processing file /home/airflow/sandbox/lib/python3.8/site-packages/airflow/example_dags/example_xcom.py for tasks to queue
[2022-01-05 20:51:40,849] {logging_mixin.py:109} INFO - [2022-01-05 20:51:40,849] {dagbag.py:500} INFO - Filling up the DagBag from /home/airflow/sandbox/lib/python3.8/site-packages/airflow/example_dags/example_xcom.py
[2022-01-05 20:51:40,959] {processor.py:654} INFO - DAG(s) dict_keys(['example_xcom']) retrieved from /home/airflow/sandbox/lib/python3.8/site-packages/airflow/example_dags/example_xcom.py
[2022-01-05 20:51:41,321] {logging_mixin.py:109} INFO - [2022-01-05 20:51:41,321] {dag.py:2396} INFO - Sync 1 DAGs
[2022-01-05 20:51:41,455] {logging_mixin.py:109} INFO - [2022-01-05 20:51:41,455] {dag.py:2935} INFO - Setting next_dagrun for example_xcom to 2021-01-01T00:00:00+00:00
[2022-01-05 20:51:41,467] {processor.py:171} INFO - Processing /home/airflow/sandbox/lib/python3.8/site-packages/airflow/example_dags/example_xcom.py took 0.638 seconds
[2022-01-05 20:52:12,420] {processor.py:163} INFO - Started process (PID=20605) to work on /home/airflow/sandbox/lib/python3.8/site-packages/airflow/example_dags/example_xcom.py
[2022-01-05 20:52:12,421] {processor.py:642} INFO - Processing file /home/airflow/sandbox/lib/python3.8/site-packages/airflow/example_dags/example_xcom.py for tasks to queue
[2022-01-05 20:52:12,422] {logging_mixin.py:109} INFO - [2022-01-05 20:52:12,422] {dagbag.py:500} INFO - Filling up the DagBag from /home/airflow/sandbox/lib/python3.8/site-packages/airflow/example_dags/example_xcom.py
[2022-01-05 20:52:12,595] {processor.py:654} INFO - DAG(s) dict_keys(['example_xcom']) retrieved from /home/airflow/sandbox/lib/python3.8/site-packages/airflow/example_dags/example_xcom.py
[2022-01-05 20:52:13,305] {logging_mixin.py:109} INFO - [2022-01-05 20:52:13,304] {dag.py:2396} INFO - Sync 1 DAGs
[2022-01-05 20:52:13,448] {logging_mixin.py:109} INFO - [2022-01-05 20:52:13,448] {dag.py:2935} INFO - Setting next_dagrun for example_xcom to 2021-01-01T00:00:00+00:00
[2022-01-05 20:52:13,467] {processor.py:171} INFO - Processing /home/airflow/sandbox/lib/python3.8/site-packages/airflow/example_dags/example_xcom.py took 1.059 seconds
[2022-01-05 20:52:44,159] {processor.py:163} INFO - Started process (PID=20864) to work on /home/airflow/sandbox/lib/python3.8/site-packages/airflow/example_dags/example_xcom.py
[2022-01-05 20:52:44,161] {processor.py:642} INFO - Processing file /home/airflow/sandbox/lib/python3.8/site-packages/airflow/example_dags/example_xcom.py for tasks to queue
[2022-01-05 20:52:44,162] {logging_mixin.py:109} INFO - [2022-01-05 20:52:44,162] {dagbag.py:500} INFO - Filling up the DagBag from /home/airflow/sandbox/lib/python3.8/site-packages/airflow/example_dags/example_xcom.py
[2022-01-05 20:52:44,246] {processor.py:654} INFO - DAG(s) dict_keys(['example_xcom']) retrieved from /home/airflow/sandbox/lib/python3.8/site-packages/airflow/example_dags/example_xcom.py
[2022-01-05 20:52:44,650] {logging_mixin.py:109} INFO - [2022-01-05 20:52:44,649] {dag.py:2396} INFO - Sync 1 DAGs
[2022-01-05 20:52:44,834] {logging_mixin.py:109} INFO - [2022-01-05 20:52:44,834] {dag.py:2935} INFO - Setting next_dagrun for example_xcom to 2021-01-01T00:00:00+00:00
[2022-01-05 20:52:44,852] {processor.py:171} INFO - Processing /home/airflow/sandbox/lib/python3.8/site-packages/airflow/example_dags/example_xcom.py took 0.703 seconds
[2022-01-05 20:53:15,766] {processor.py:163} INFO - Started process (PID=21144) to work on /home/airflow/sandbox/lib/python3.8/site-packages/airflow/example_dags/example_xcom.py
[2022-01-05 20:53:15,791] {processor.py:642} INFO - Processing file /home/airflow/sandbox/lib/python3.8/site-packages/airflow/example_dags/example_xcom.py for tasks to queue
[2022-01-05 20:53:15,794] {logging_mixin.py:109} INFO - [2022-01-05 20:53:15,794] {dagbag.py:500} INFO - Filling up the DagBag from /home/airflow/sandbox/lib/python3.8/site-packages/airflow/example_dags/example_xcom.py
[2022-01-05 20:53:15,953] {processor.py:654} INFO - DAG(s) dict_keys(['example_xcom']) retrieved from /home/airflow/sandbox/lib/python3.8/site-packages/airflow/example_dags/example_xcom.py
[2022-01-05 20:53:16,797] {logging_mixin.py:109} INFO - [2022-01-05 20:53:16,797] {dag.py:2396} INFO - Sync 1 DAGs
[2022-01-05 20:53:16,933] {logging_mixin.py:109} INFO - [2022-01-05 20:53:16,932] {dag.py:2935} INFO - Setting next_dagrun for example_xcom to 2021-01-01T00:00:00+00:00
[2022-01-05 20:53:16,952] {processor.py:171} INFO - Processing /home/airflow/sandbox/lib/python3.8/site-packages/airflow/example_dags/example_xcom.py took 1.197 seconds
[2022-01-05 20:53:47,337] {processor.py:163} INFO - Started process (PID=21433) to work on /home/airflow/sandbox/lib/python3.8/site-packages/airflow/example_dags/example_xcom.py
[2022-01-05 20:53:47,339] {processor.py:642} INFO - Processing file /home/airflow/sandbox/lib/python3.8/site-packages/airflow/example_dags/example_xcom.py for tasks to queue
[2022-01-05 20:53:47,340] {logging_mixin.py:109} INFO - [2022-01-05 20:53:47,340] {dagbag.py:500} INFO - Filling up the DagBag from /home/airflow/sandbox/lib/python3.8/site-packages/airflow/example_dags/example_xcom.py
[2022-01-05 20:53:47,590] {processor.py:654} INFO - DAG(s) dict_keys(['example_xcom']) retrieved from /home/airflow/sandbox/lib/python3.8/site-packages/airflow/example_dags/example_xcom.py
[2022-01-05 20:53:48,142] {logging_mixin.py:109} INFO - [2022-01-05 20:53:48,142] {dag.py:2396} INFO - Sync 1 DAGs
[2022-01-05 20:53:48,178] {logging_mixin.py:109} INFO - [2022-01-05 20:53:48,178] {dag.py:2935} INFO - Setting next_dagrun for example_xcom to 2021-01-01T00:00:00+00:00
[2022-01-05 20:53:48,194] {processor.py:171} INFO - Processing /home/airflow/sandbox/lib/python3.8/site-packages/airflow/example_dags/example_xcom.py took 0.862 seconds
[2022-01-05 20:54:18,331] {processor.py:163} INFO - Started process (PID=21677) to work on /home/airflow/sandbox/lib/python3.8/site-packages/airflow/example_dags/example_xcom.py
[2022-01-05 20:54:18,333] {processor.py:642} INFO - Processing file /home/airflow/sandbox/lib/python3.8/site-packages/airflow/example_dags/example_xcom.py for tasks to queue
[2022-01-05 20:54:18,339] {logging_mixin.py:109} INFO - [2022-01-05 20:54:18,339] {dagbag.py:500} INFO - Filling up the DagBag from /home/airflow/sandbox/lib/python3.8/site-packages/airflow/example_dags/example_xcom.py
[2022-01-05 20:54:18,543] {processor.py:654} INFO - DAG(s) dict_keys(['example_xcom']) retrieved from /home/airflow/sandbox/lib/python3.8/site-packages/airflow/example_dags/example_xcom.py
[2022-01-05 20:54:19,189] {logging_mixin.py:109} INFO - [2022-01-05 20:54:19,189] {dag.py:2396} INFO - Sync 1 DAGs
[2022-01-05 20:54:19,206] {logging_mixin.py:109} INFO - [2022-01-05 20:54:19,205] {dag.py:2935} INFO - Setting next_dagrun for example_xcom to 2021-01-01T00:00:00+00:00
[2022-01-05 20:54:19,235] {processor.py:171} INFO - Processing /home/airflow/sandbox/lib/python3.8/site-packages/airflow/example_dags/example_xcom.py took 0.936 seconds
[2022-01-05 20:54:49,945] {processor.py:163} INFO - Started process (PID=21928) to work on /home/airflow/sandbox/lib/python3.8/site-packages/airflow/example_dags/example_xcom.py
[2022-01-05 20:54:49,951] {processor.py:642} INFO - Processing file /home/airflow/sandbox/lib/python3.8/site-packages/airflow/example_dags/example_xcom.py for tasks to queue
[2022-01-05 20:54:49,953] {logging_mixin.py:109} INFO - [2022-01-05 20:54:49,953] {dagbag.py:500} INFO - Filling up the DagBag from /home/airflow/sandbox/lib/python3.8/site-packages/airflow/example_dags/example_xcom.py
[2022-01-05 20:54:50,042] {processor.py:654} INFO - DAG(s) dict_keys(['example_xcom']) retrieved from /home/airflow/sandbox/lib/python3.8/site-packages/airflow/example_dags/example_xcom.py
[2022-01-05 20:54:50,622] {logging_mixin.py:109} INFO - [2022-01-05 20:54:50,622] {dag.py:2396} INFO - Sync 1 DAGs
[2022-01-05 20:54:50,635] {logging_mixin.py:109} INFO - [2022-01-05 20:54:50,635] {dag.py:2935} INFO - Setting next_dagrun for example_xcom to 2021-01-01T00:00:00+00:00
[2022-01-05 20:54:50,653] {processor.py:171} INFO - Processing /home/airflow/sandbox/lib/python3.8/site-packages/airflow/example_dags/example_xcom.py took 0.720 seconds
[2022-01-05 20:55:20,793] {processor.py:163} INFO - Started process (PID=22178) to work on /home/airflow/sandbox/lib/python3.8/site-packages/airflow/example_dags/example_xcom.py
[2022-01-05 20:55:20,795] {processor.py:642} INFO - Processing file /home/airflow/sandbox/lib/python3.8/site-packages/airflow/example_dags/example_xcom.py for tasks to queue
[2022-01-05 20:55:20,795] {logging_mixin.py:109} INFO - [2022-01-05 20:55:20,795] {dagbag.py:500} INFO - Filling up the DagBag from /home/airflow/sandbox/lib/python3.8/site-packages/airflow/example_dags/example_xcom.py
[2022-01-05 20:55:20,904] {processor.py:654} INFO - DAG(s) dict_keys(['example_xcom']) retrieved from /home/airflow/sandbox/lib/python3.8/site-packages/airflow/example_dags/example_xcom.py
[2022-01-05 20:55:21,778] {logging_mixin.py:109} INFO - [2022-01-05 20:55:21,777] {dag.py:2396} INFO - Sync 1 DAGs
[2022-01-05 20:55:21,845] {logging_mixin.py:109} INFO - [2022-01-05 20:55:21,844] {dag.py:2935} INFO - Setting next_dagrun for example_xcom to 2021-01-01T00:00:00+00:00
[2022-01-05 20:55:21,902] {processor.py:171} INFO - Processing /home/airflow/sandbox/lib/python3.8/site-packages/airflow/example_dags/example_xcom.py took 1.119 seconds
[2022-01-05 20:55:52,388] {processor.py:163} INFO - Started process (PID=22426) to work on /home/airflow/sandbox/lib/python3.8/site-packages/airflow/example_dags/example_xcom.py
[2022-01-05 20:55:52,389] {processor.py:642} INFO - Processing file /home/airflow/sandbox/lib/python3.8/site-packages/airflow/example_dags/example_xcom.py for tasks to queue
[2022-01-05 20:55:52,391] {logging_mixin.py:109} INFO - [2022-01-05 20:55:52,390] {dagbag.py:500} INFO - Filling up the DagBag from /home/airflow/sandbox/lib/python3.8/site-packages/airflow/example_dags/example_xcom.py
[2022-01-05 20:55:52,629] {processor.py:654} INFO - DAG(s) dict_keys(['example_xcom']) retrieved from /home/airflow/sandbox/lib/python3.8/site-packages/airflow/example_dags/example_xcom.py
[2022-01-05 20:55:53,484] {logging_mixin.py:109} INFO - [2022-01-05 20:55:53,484] {dag.py:2396} INFO - Sync 1 DAGs
[2022-01-05 20:55:53,501] {logging_mixin.py:109} INFO - [2022-01-05 20:55:53,501] {dag.py:2935} INFO - Setting next_dagrun for example_xcom to 2021-01-01T00:00:00+00:00
[2022-01-05 20:55:53,544] {processor.py:171} INFO - Processing /home/airflow/sandbox/lib/python3.8/site-packages/airflow/example_dags/example_xcom.py took 1.160 seconds
[2022-01-05 20:56:23,747] {processor.py:163} INFO - Started process (PID=22667) to work on /home/airflow/sandbox/lib/python3.8/site-packages/airflow/example_dags/example_xcom.py
[2022-01-05 20:56:23,749] {processor.py:642} INFO - Processing file /home/airflow/sandbox/lib/python3.8/site-packages/airflow/example_dags/example_xcom.py for tasks to queue
[2022-01-05 20:56:23,750] {logging_mixin.py:109} INFO - [2022-01-05 20:56:23,750] {dagbag.py:500} INFO - Filling up the DagBag from /home/airflow/sandbox/lib/python3.8/site-packages/airflow/example_dags/example_xcom.py
[2022-01-05 20:56:23,947] {processor.py:654} INFO - DAG(s) dict_keys(['example_xcom']) retrieved from /home/airflow/sandbox/lib/python3.8/site-packages/airflow/example_dags/example_xcom.py
[2022-01-05 20:56:25,100] {logging_mixin.py:109} INFO - [2022-01-05 20:56:25,100] {dag.py:2396} INFO - Sync 1 DAGs
[2022-01-05 20:56:25,193] {logging_mixin.py:109} INFO - [2022-01-05 20:56:25,152] {dag.py:2935} INFO - Setting next_dagrun for example_xcom to 2021-01-01T00:00:00+00:00
[2022-01-05 20:56:25,295] {processor.py:171} INFO - Processing /home/airflow/sandbox/lib/python3.8/site-packages/airflow/example_dags/example_xcom.py took 1.552 seconds
[2022-01-05 20:56:55,852] {processor.py:163} INFO - Started process (PID=22908) to work on /home/airflow/sandbox/lib/python3.8/site-packages/airflow/example_dags/example_xcom.py
[2022-01-05 20:56:55,930] {processor.py:642} INFO - Processing file /home/airflow/sandbox/lib/python3.8/site-packages/airflow/example_dags/example_xcom.py for tasks to queue
[2022-01-05 20:56:55,931] {logging_mixin.py:109} INFO - [2022-01-05 20:56:55,931] {dagbag.py:500} INFO - Filling up the DagBag from /home/airflow/sandbox/lib/python3.8/site-packages/airflow/example_dags/example_xcom.py
[2022-01-05 20:56:56,085] {processor.py:654} INFO - DAG(s) dict_keys(['example_xcom']) retrieved from /home/airflow/sandbox/lib/python3.8/site-packages/airflow/example_dags/example_xcom.py
[2022-01-05 20:56:57,334] {logging_mixin.py:109} INFO - [2022-01-05 20:56:57,334] {dag.py:2396} INFO - Sync 1 DAGs
[2022-01-05 20:56:57,380] {logging_mixin.py:109} INFO - [2022-01-05 20:56:57,380] {dag.py:2935} INFO - Setting next_dagrun for example_xcom to 2021-01-01T00:00:00+00:00
[2022-01-05 20:56:57,400] {processor.py:171} INFO - Processing /home/airflow/sandbox/lib/python3.8/site-packages/airflow/example_dags/example_xcom.py took 1.556 seconds
[2022-01-05 20:57:27,583] {processor.py:163} INFO - Started process (PID=23155) to work on /home/airflow/sandbox/lib/python3.8/site-packages/airflow/example_dags/example_xcom.py
[2022-01-05 20:57:27,584] {processor.py:642} INFO - Processing file /home/airflow/sandbox/lib/python3.8/site-packages/airflow/example_dags/example_xcom.py for tasks to queue
[2022-01-05 20:57:27,585] {logging_mixin.py:109} INFO - [2022-01-05 20:57:27,585] {dagbag.py:500} INFO - Filling up the DagBag from /home/airflow/sandbox/lib/python3.8/site-packages/airflow/example_dags/example_xcom.py
[2022-01-05 20:57:27,687] {processor.py:654} INFO - DAG(s) dict_keys(['example_xcom']) retrieved from /home/airflow/sandbox/lib/python3.8/site-packages/airflow/example_dags/example_xcom.py
[2022-01-05 20:57:28,641] {logging_mixin.py:109} INFO - [2022-01-05 20:57:28,641] {dag.py:2396} INFO - Sync 1 DAGs
[2022-01-05 20:57:28,696] {logging_mixin.py:109} INFO - [2022-01-05 20:57:28,696] {dag.py:2935} INFO - Setting next_dagrun for example_xcom to 2021-01-01T00:00:00+00:00
[2022-01-05 20:57:28,802] {processor.py:171} INFO - Processing /home/airflow/sandbox/lib/python3.8/site-packages/airflow/example_dags/example_xcom.py took 1.248 seconds
[2022-01-05 20:57:59,137] {processor.py:163} INFO - Started process (PID=23398) to work on /home/airflow/sandbox/lib/python3.8/site-packages/airflow/example_dags/example_xcom.py
[2022-01-05 20:57:59,145] {processor.py:642} INFO - Processing file /home/airflow/sandbox/lib/python3.8/site-packages/airflow/example_dags/example_xcom.py for tasks to queue
[2022-01-05 20:57:59,153] {logging_mixin.py:109} INFO - [2022-01-05 20:57:59,153] {dagbag.py:500} INFO - Filling up the DagBag from /home/airflow/sandbox/lib/python3.8/site-packages/airflow/example_dags/example_xcom.py
[2022-01-05 20:57:59,479] {processor.py:654} INFO - DAG(s) dict_keys(['example_xcom']) retrieved from /home/airflow/sandbox/lib/python3.8/site-packages/airflow/example_dags/example_xcom.py
[2022-01-05 20:58:00,943] {logging_mixin.py:109} INFO - [2022-01-05 20:58:00,943] {dag.py:2396} INFO - Sync 1 DAGs
[2022-01-05 20:58:01,002] {logging_mixin.py:109} INFO - [2022-01-05 20:58:01,001] {dag.py:2935} INFO - Setting next_dagrun for example_xcom to 2021-01-01T00:00:00+00:00
[2022-01-05 20:58:01,049] {processor.py:171} INFO - Processing /home/airflow/sandbox/lib/python3.8/site-packages/airflow/example_dags/example_xcom.py took 1.945 seconds
[2022-01-05 20:58:31,987] {processor.py:163} INFO - Started process (PID=23723) to work on /home/airflow/sandbox/lib/python3.8/site-packages/airflow/example_dags/example_xcom.py
[2022-01-05 20:58:31,991] {processor.py:642} INFO - Processing file /home/airflow/sandbox/lib/python3.8/site-packages/airflow/example_dags/example_xcom.py for tasks to queue
[2022-01-05 20:58:31,991] {logging_mixin.py:109} INFO - [2022-01-05 20:58:31,991] {dagbag.py:500} INFO - Filling up the DagBag from /home/airflow/sandbox/lib/python3.8/site-packages/airflow/example_dags/example_xcom.py
[2022-01-05 20:58:32,244] {processor.py:654} INFO - DAG(s) dict_keys(['example_xcom']) retrieved from /home/airflow/sandbox/lib/python3.8/site-packages/airflow/example_dags/example_xcom.py
[2022-01-05 20:58:33,328] {logging_mixin.py:109} INFO - [2022-01-05 20:58:33,327] {dag.py:2396} INFO - Sync 1 DAGs
[2022-01-05 20:58:33,479] {logging_mixin.py:109} INFO - [2022-01-05 20:58:33,479] {dag.py:2935} INFO - Setting next_dagrun for example_xcom to 2021-01-01T00:00:00+00:00
[2022-01-05 20:58:33,579] {processor.py:171} INFO - Processing /home/airflow/sandbox/lib/python3.8/site-packages/airflow/example_dags/example_xcom.py took 1.640 seconds
[2022-01-05 20:59:04,003] {processor.py:163} INFO - Started process (PID=23976) to work on /home/airflow/sandbox/lib/python3.8/site-packages/airflow/example_dags/example_xcom.py
[2022-01-05 20:59:04,051] {processor.py:642} INFO - Processing file /home/airflow/sandbox/lib/python3.8/site-packages/airflow/example_dags/example_xcom.py for tasks to queue
[2022-01-05 20:59:04,053] {logging_mixin.py:109} INFO - [2022-01-05 20:59:04,053] {dagbag.py:500} INFO - Filling up the DagBag from /home/airflow/sandbox/lib/python3.8/site-packages/airflow/example_dags/example_xcom.py
[2022-01-05 20:59:04,280] {processor.py:654} INFO - DAG(s) dict_keys(['example_xcom']) retrieved from /home/airflow/sandbox/lib/python3.8/site-packages/airflow/example_dags/example_xcom.py
[2022-01-05 20:59:05,746] {logging_mixin.py:109} INFO - [2022-01-05 20:59:05,745] {dag.py:2396} INFO - Sync 1 DAGs
[2022-01-05 20:59:05,788] {logging_mixin.py:109} INFO - [2022-01-05 20:59:05,788] {dag.py:2935} INFO - Setting next_dagrun for example_xcom to 2021-01-01T00:00:00+00:00
[2022-01-05 20:59:05,803] {processor.py:171} INFO - Processing /home/airflow/sandbox/lib/python3.8/site-packages/airflow/example_dags/example_xcom.py took 1.807 seconds
[2022-01-05 20:59:35,897] {processor.py:163} INFO - Started process (PID=24220) to work on /home/airflow/sandbox/lib/python3.8/site-packages/airflow/example_dags/example_xcom.py
[2022-01-05 20:59:35,901] {processor.py:642} INFO - Processing file /home/airflow/sandbox/lib/python3.8/site-packages/airflow/example_dags/example_xcom.py for tasks to queue
[2022-01-05 20:59:35,928] {logging_mixin.py:109} INFO - [2022-01-05 20:59:35,927] {dagbag.py:500} INFO - Filling up the DagBag from /home/airflow/sandbox/lib/python3.8/site-packages/airflow/example_dags/example_xcom.py
[2022-01-05 20:59:36,131] {processor.py:654} INFO - DAG(s) dict_keys(['example_xcom']) retrieved from /home/airflow/sandbox/lib/python3.8/site-packages/airflow/example_dags/example_xcom.py
[2022-01-05 20:59:37,732] {logging_mixin.py:109} INFO - [2022-01-05 20:59:37,731] {dag.py:2396} INFO - Sync 1 DAGs
[2022-01-05 20:59:37,802] {logging_mixin.py:109} INFO - [2022-01-05 20:59:37,802] {dag.py:2935} INFO - Setting next_dagrun for example_xcom to 2021-01-01T00:00:00+00:00
[2022-01-05 20:59:37,926] {processor.py:171} INFO - Processing /home/airflow/sandbox/lib/python3.8/site-packages/airflow/example_dags/example_xcom.py took 2.043 seconds
[2022-01-05 21:00:08,142] {processor.py:163} INFO - Started process (PID=24483) to work on /home/airflow/sandbox/lib/python3.8/site-packages/airflow/example_dags/example_xcom.py
[2022-01-05 21:00:08,143] {processor.py:642} INFO - Processing file /home/airflow/sandbox/lib/python3.8/site-packages/airflow/example_dags/example_xcom.py for tasks to queue
[2022-01-05 21:00:08,144] {logging_mixin.py:109} INFO - [2022-01-05 21:00:08,144] {dagbag.py:500} INFO - Filling up the DagBag from /home/airflow/sandbox/lib/python3.8/site-packages/airflow/example_dags/example_xcom.py
[2022-01-05 21:00:08,351] {processor.py:654} INFO - DAG(s) dict_keys(['example_xcom']) retrieved from /home/airflow/sandbox/lib/python3.8/site-packages/airflow/example_dags/example_xcom.py
[2022-01-05 21:00:09,102] {logging_mixin.py:109} INFO - [2022-01-05 21:00:09,102] {dag.py:2396} INFO - Sync 1 DAGs
[2022-01-05 21:00:09,145] {logging_mixin.py:109} INFO - [2022-01-05 21:00:09,145] {dag.py:2935} INFO - Setting next_dagrun for example_xcom to 2021-01-01T00:00:00+00:00
[2022-01-05 21:00:09,188] {processor.py:171} INFO - Processing /home/airflow/sandbox/lib/python3.8/site-packages/airflow/example_dags/example_xcom.py took 1.052 seconds
