[2022-01-05 20:07:16,442] {processor.py:163} INFO - Started process (PID=2502) to work on /home/airflow/sandbox/lib/python3.8/site-packages/airflow/example_dags/example_task_group_decorator.py
[2022-01-05 20:07:16,445] {processor.py:642} INFO - Processing file /home/airflow/sandbox/lib/python3.8/site-packages/airflow/example_dags/example_task_group_decorator.py for tasks to queue
[2022-01-05 20:07:16,453] {logging_mixin.py:109} INFO - [2022-01-05 20:07:16,453] {dagbag.py:500} INFO - Filling up the DagBag from /home/airflow/sandbox/lib/python3.8/site-packages/airflow/example_dags/example_task_group_decorator.py
[2022-01-05 20:07:16,976] {processor.py:654} INFO - DAG(s) dict_keys(['example_task_group_decorator']) retrieved from /home/airflow/sandbox/lib/python3.8/site-packages/airflow/example_dags/example_task_group_decorator.py
[2022-01-05 20:07:21,549] {logging_mixin.py:109} INFO - [2022-01-05 20:07:21,549] {dag.py:2396} INFO - Sync 1 DAGs
[2022-01-05 20:07:21,654] {logging_mixin.py:109} INFO - [2022-01-05 20:07:21,654] {dag.py:2935} INFO - Setting next_dagrun for example_task_group_decorator to 2022-01-04T20:07:21.654409+00:00
[2022-01-05 20:07:21,836] {processor.py:171} INFO - Processing /home/airflow/sandbox/lib/python3.8/site-packages/airflow/example_dags/example_task_group_decorator.py took 5.463 seconds
[2022-01-05 20:07:52,428] {processor.py:163} INFO - Started process (PID=2809) to work on /home/airflow/sandbox/lib/python3.8/site-packages/airflow/example_dags/example_task_group_decorator.py
[2022-01-05 20:07:52,430] {processor.py:642} INFO - Processing file /home/airflow/sandbox/lib/python3.8/site-packages/airflow/example_dags/example_task_group_decorator.py for tasks to queue
[2022-01-05 20:07:52,431] {logging_mixin.py:109} INFO - [2022-01-05 20:07:52,431] {dagbag.py:500} INFO - Filling up the DagBag from /home/airflow/sandbox/lib/python3.8/site-packages/airflow/example_dags/example_task_group_decorator.py
[2022-01-05 20:07:52,688] {processor.py:654} INFO - DAG(s) dict_keys(['example_task_group_decorator']) retrieved from /home/airflow/sandbox/lib/python3.8/site-packages/airflow/example_dags/example_task_group_decorator.py
[2022-01-05 20:07:53,252] {logging_mixin.py:109} INFO - [2022-01-05 20:07:53,252] {dag.py:2396} INFO - Sync 1 DAGs
[2022-01-05 20:07:53,284] {logging_mixin.py:109} INFO - [2022-01-05 20:07:53,284] {dag.py:2935} INFO - Setting next_dagrun for example_task_group_decorator to 2022-01-04T20:07:53.284068+00:00
[2022-01-05 20:07:53,304] {processor.py:171} INFO - Processing /home/airflow/sandbox/lib/python3.8/site-packages/airflow/example_dags/example_task_group_decorator.py took 0.897 seconds
[2022-01-05 20:08:23,509] {processor.py:163} INFO - Started process (PID=3011) to work on /home/airflow/sandbox/lib/python3.8/site-packages/airflow/example_dags/example_task_group_decorator.py
[2022-01-05 20:08:23,513] {processor.py:642} INFO - Processing file /home/airflow/sandbox/lib/python3.8/site-packages/airflow/example_dags/example_task_group_decorator.py for tasks to queue
[2022-01-05 20:08:23,589] {logging_mixin.py:109} INFO - [2022-01-05 20:08:23,570] {dagbag.py:500} INFO - Filling up the DagBag from /home/airflow/sandbox/lib/python3.8/site-packages/airflow/example_dags/example_task_group_decorator.py
[2022-01-05 20:08:23,899] {processor.py:654} INFO - DAG(s) dict_keys(['example_task_group_decorator']) retrieved from /home/airflow/sandbox/lib/python3.8/site-packages/airflow/example_dags/example_task_group_decorator.py
[2022-01-05 20:08:26,169] {logging_mixin.py:109} INFO - [2022-01-05 20:08:26,169] {dag.py:2396} INFO - Sync 1 DAGs
[2022-01-05 20:08:26,261] {logging_mixin.py:109} INFO - [2022-01-05 20:08:26,261] {dag.py:2935} INFO - Setting next_dagrun for example_task_group_decorator to 2022-01-04T20:08:26.261028+00:00
[2022-01-05 20:08:26,411] {processor.py:171} INFO - Processing /home/airflow/sandbox/lib/python3.8/site-packages/airflow/example_dags/example_task_group_decorator.py took 2.919 seconds
[2022-01-05 20:08:56,669] {processor.py:163} INFO - Started process (PID=3338) to work on /home/airflow/sandbox/lib/python3.8/site-packages/airflow/example_dags/example_task_group_decorator.py
[2022-01-05 20:08:56,674] {processor.py:642} INFO - Processing file /home/airflow/sandbox/lib/python3.8/site-packages/airflow/example_dags/example_task_group_decorator.py for tasks to queue
[2022-01-05 20:08:56,676] {logging_mixin.py:109} INFO - [2022-01-05 20:08:56,676] {dagbag.py:500} INFO - Filling up the DagBag from /home/airflow/sandbox/lib/python3.8/site-packages/airflow/example_dags/example_task_group_decorator.py
[2022-01-05 20:08:56,814] {processor.py:654} INFO - DAG(s) dict_keys(['example_task_group_decorator']) retrieved from /home/airflow/sandbox/lib/python3.8/site-packages/airflow/example_dags/example_task_group_decorator.py
[2022-01-05 20:08:57,994] {logging_mixin.py:109} INFO - [2022-01-05 20:08:57,994] {dag.py:2396} INFO - Sync 1 DAGs
[2022-01-05 20:08:58,010] {logging_mixin.py:109} INFO - [2022-01-05 20:08:58,010] {dag.py:2935} INFO - Setting next_dagrun for example_task_group_decorator to 2022-01-04T20:08:58.010376+00:00
[2022-01-05 20:08:58,093] {processor.py:171} INFO - Processing /home/airflow/sandbox/lib/python3.8/site-packages/airflow/example_dags/example_task_group_decorator.py took 1.430 seconds
[2022-01-05 20:09:28,238] {processor.py:163} INFO - Started process (PID=4069) to work on /home/airflow/sandbox/lib/python3.8/site-packages/airflow/example_dags/example_task_group_decorator.py
[2022-01-05 20:09:28,243] {processor.py:642} INFO - Processing file /home/airflow/sandbox/lib/python3.8/site-packages/airflow/example_dags/example_task_group_decorator.py for tasks to queue
[2022-01-05 20:09:28,269] {logging_mixin.py:109} INFO - [2022-01-05 20:09:28,268] {dagbag.py:500} INFO - Filling up the DagBag from /home/airflow/sandbox/lib/python3.8/site-packages/airflow/example_dags/example_task_group_decorator.py
[2022-01-05 20:09:28,629] {processor.py:654} INFO - DAG(s) dict_keys(['example_task_group_decorator']) retrieved from /home/airflow/sandbox/lib/python3.8/site-packages/airflow/example_dags/example_task_group_decorator.py
[2022-01-05 20:09:32,363] {logging_mixin.py:109} INFO - [2022-01-05 20:09:32,363] {dag.py:2396} INFO - Sync 1 DAGs
[2022-01-05 20:09:32,639] {logging_mixin.py:109} INFO - [2022-01-05 20:09:32,639] {dag.py:2935} INFO - Setting next_dagrun for example_task_group_decorator to 2022-01-04T20:09:32.539848+00:00
[2022-01-05 20:09:32,936] {processor.py:171} INFO - Processing /home/airflow/sandbox/lib/python3.8/site-packages/airflow/example_dags/example_task_group_decorator.py took 4.708 seconds
[2022-01-05 20:10:03,208] {processor.py:163} INFO - Started process (PID=4735) to work on /home/airflow/sandbox/lib/python3.8/site-packages/airflow/example_dags/example_task_group_decorator.py
[2022-01-05 20:10:03,212] {processor.py:642} INFO - Processing file /home/airflow/sandbox/lib/python3.8/site-packages/airflow/example_dags/example_task_group_decorator.py for tasks to queue
[2022-01-05 20:10:03,213] {logging_mixin.py:109} INFO - [2022-01-05 20:10:03,213] {dagbag.py:500} INFO - Filling up the DagBag from /home/airflow/sandbox/lib/python3.8/site-packages/airflow/example_dags/example_task_group_decorator.py
[2022-01-05 20:10:03,510] {processor.py:654} INFO - DAG(s) dict_keys(['example_task_group_decorator']) retrieved from /home/airflow/sandbox/lib/python3.8/site-packages/airflow/example_dags/example_task_group_decorator.py
[2022-01-05 20:10:04,617] {logging_mixin.py:109} INFO - [2022-01-05 20:10:04,617] {dag.py:2396} INFO - Sync 1 DAGs
[2022-01-05 20:10:04,715] {logging_mixin.py:109} INFO - [2022-01-05 20:10:04,715] {dag.py:2935} INFO - Setting next_dagrun for example_task_group_decorator to 2022-01-04T20:10:04.715241+00:00
[2022-01-05 20:10:04,767] {processor.py:171} INFO - Processing /home/airflow/sandbox/lib/python3.8/site-packages/airflow/example_dags/example_task_group_decorator.py took 1.573 seconds
[2022-01-05 20:10:35,078] {processor.py:163} INFO - Started process (PID=4832) to work on /home/airflow/sandbox/lib/python3.8/site-packages/airflow/example_dags/example_task_group_decorator.py
[2022-01-05 20:10:35,079] {processor.py:642} INFO - Processing file /home/airflow/sandbox/lib/python3.8/site-packages/airflow/example_dags/example_task_group_decorator.py for tasks to queue
[2022-01-05 20:10:35,080] {logging_mixin.py:109} INFO - [2022-01-05 20:10:35,080] {dagbag.py:500} INFO - Filling up the DagBag from /home/airflow/sandbox/lib/python3.8/site-packages/airflow/example_dags/example_task_group_decorator.py
[2022-01-05 20:10:35,155] {processor.py:654} INFO - DAG(s) dict_keys(['example_task_group_decorator']) retrieved from /home/airflow/sandbox/lib/python3.8/site-packages/airflow/example_dags/example_task_group_decorator.py
[2022-01-05 20:10:37,337] {logging_mixin.py:109} INFO - [2022-01-05 20:10:37,337] {dag.py:2396} INFO - Sync 1 DAGs
[2022-01-05 20:10:37,407] {logging_mixin.py:109} INFO - [2022-01-05 20:10:37,406] {dag.py:2935} INFO - Setting next_dagrun for example_task_group_decorator to 2022-01-04T20:10:37.402196+00:00
[2022-01-05 20:10:37,548] {processor.py:171} INFO - Processing /home/airflow/sandbox/lib/python3.8/site-packages/airflow/example_dags/example_task_group_decorator.py took 2.493 seconds
[2022-01-05 20:11:08,498] {processor.py:163} INFO - Started process (PID=5020) to work on /home/airflow/sandbox/lib/python3.8/site-packages/airflow/example_dags/example_task_group_decorator.py
[2022-01-05 20:11:08,538] {processor.py:642} INFO - Processing file /home/airflow/sandbox/lib/python3.8/site-packages/airflow/example_dags/example_task_group_decorator.py for tasks to queue
[2022-01-05 20:11:08,539] {logging_mixin.py:109} INFO - [2022-01-05 20:11:08,539] {dagbag.py:500} INFO - Filling up the DagBag from /home/airflow/sandbox/lib/python3.8/site-packages/airflow/example_dags/example_task_group_decorator.py
[2022-01-05 20:11:09,043] {processor.py:654} INFO - DAG(s) dict_keys(['example_task_group_decorator']) retrieved from /home/airflow/sandbox/lib/python3.8/site-packages/airflow/example_dags/example_task_group_decorator.py
[2022-01-05 20:11:10,289] {logging_mixin.py:109} INFO - [2022-01-05 20:11:10,289] {dag.py:2396} INFO - Sync 1 DAGs
[2022-01-05 20:11:10,420] {logging_mixin.py:109} INFO - [2022-01-05 20:11:10,420] {dag.py:2935} INFO - Setting next_dagrun for example_task_group_decorator to 2022-01-04T20:11:10.420159+00:00
[2022-01-05 20:11:10,447] {processor.py:171} INFO - Processing /home/airflow/sandbox/lib/python3.8/site-packages/airflow/example_dags/example_task_group_decorator.py took 1.995 seconds
[2022-01-05 20:11:40,646] {processor.py:163} INFO - Started process (PID=5121) to work on /home/airflow/sandbox/lib/python3.8/site-packages/airflow/example_dags/example_task_group_decorator.py
[2022-01-05 20:11:40,647] {processor.py:642} INFO - Processing file /home/airflow/sandbox/lib/python3.8/site-packages/airflow/example_dags/example_task_group_decorator.py for tasks to queue
[2022-01-05 20:11:40,647] {logging_mixin.py:109} INFO - [2022-01-05 20:11:40,647] {dagbag.py:500} INFO - Filling up the DagBag from /home/airflow/sandbox/lib/python3.8/site-packages/airflow/example_dags/example_task_group_decorator.py
[2022-01-05 20:11:40,745] {processor.py:654} INFO - DAG(s) dict_keys(['example_task_group_decorator']) retrieved from /home/airflow/sandbox/lib/python3.8/site-packages/airflow/example_dags/example_task_group_decorator.py
[2022-01-05 20:11:41,274] {logging_mixin.py:109} INFO - [2022-01-05 20:11:41,274] {dag.py:2396} INFO - Sync 1 DAGs
[2022-01-05 20:11:41,288] {logging_mixin.py:109} INFO - [2022-01-05 20:11:41,287] {dag.py:2935} INFO - Setting next_dagrun for example_task_group_decorator to 2022-01-04T20:11:41.287404+00:00
[2022-01-05 20:11:41,317] {processor.py:171} INFO - Processing /home/airflow/sandbox/lib/python3.8/site-packages/airflow/example_dags/example_task_group_decorator.py took 0.678 seconds
[2022-01-05 20:12:11,688] {processor.py:163} INFO - Started process (PID=5250) to work on /home/airflow/sandbox/lib/python3.8/site-packages/airflow/example_dags/example_task_group_decorator.py
[2022-01-05 20:12:11,691] {processor.py:642} INFO - Processing file /home/airflow/sandbox/lib/python3.8/site-packages/airflow/example_dags/example_task_group_decorator.py for tasks to queue
[2022-01-05 20:12:11,724] {logging_mixin.py:109} INFO - [2022-01-05 20:12:11,724] {dagbag.py:500} INFO - Filling up the DagBag from /home/airflow/sandbox/lib/python3.8/site-packages/airflow/example_dags/example_task_group_decorator.py
[2022-01-05 20:12:11,879] {processor.py:654} INFO - DAG(s) dict_keys(['example_task_group_decorator']) retrieved from /home/airflow/sandbox/lib/python3.8/site-packages/airflow/example_dags/example_task_group_decorator.py
[2022-01-05 20:12:12,915] {logging_mixin.py:109} INFO - [2022-01-05 20:12:12,915] {dag.py:2396} INFO - Sync 1 DAGs
[2022-01-05 20:12:12,932] {logging_mixin.py:109} INFO - [2022-01-05 20:12:12,932] {dag.py:2935} INFO - Setting next_dagrun for example_task_group_decorator to 2022-01-04T20:12:12.931297+00:00
[2022-01-05 20:12:12,945] {processor.py:171} INFO - Processing /home/airflow/sandbox/lib/python3.8/site-packages/airflow/example_dags/example_task_group_decorator.py took 1.265 seconds
[2022-01-05 20:12:43,946] {processor.py:163} INFO - Started process (PID=5354) to work on /home/airflow/sandbox/lib/python3.8/site-packages/airflow/example_dags/example_task_group_decorator.py
[2022-01-05 20:12:43,974] {processor.py:642} INFO - Processing file /home/airflow/sandbox/lib/python3.8/site-packages/airflow/example_dags/example_task_group_decorator.py for tasks to queue
[2022-01-05 20:12:43,974] {logging_mixin.py:109} INFO - [2022-01-05 20:12:43,974] {dagbag.py:500} INFO - Filling up the DagBag from /home/airflow/sandbox/lib/python3.8/site-packages/airflow/example_dags/example_task_group_decorator.py
[2022-01-05 20:12:44,065] {processor.py:654} INFO - DAG(s) dict_keys(['example_task_group_decorator']) retrieved from /home/airflow/sandbox/lib/python3.8/site-packages/airflow/example_dags/example_task_group_decorator.py
[2022-01-05 20:12:44,577] {logging_mixin.py:109} INFO - [2022-01-05 20:12:44,577] {dag.py:2396} INFO - Sync 1 DAGs
[2022-01-05 20:12:44,596] {logging_mixin.py:109} INFO - [2022-01-05 20:12:44,596] {dag.py:2935} INFO - Setting next_dagrun for example_task_group_decorator to 2022-01-04T20:12:44.596008+00:00
[2022-01-05 20:12:44,619] {processor.py:171} INFO - Processing /home/airflow/sandbox/lib/python3.8/site-packages/airflow/example_dags/example_task_group_decorator.py took 0.687 seconds
[2022-01-05 20:28:15,336] {processor.py:163} INFO - Started process (PID=7072) to work on /home/airflow/sandbox/lib/python3.8/site-packages/airflow/example_dags/example_task_group_decorator.py
[2022-01-05 20:28:15,345] {processor.py:642} INFO - Processing file /home/airflow/sandbox/lib/python3.8/site-packages/airflow/example_dags/example_task_group_decorator.py for tasks to queue
[2022-01-05 20:28:15,347] {logging_mixin.py:109} INFO - [2022-01-05 20:28:15,347] {dagbag.py:500} INFO - Filling up the DagBag from /home/airflow/sandbox/lib/python3.8/site-packages/airflow/example_dags/example_task_group_decorator.py
[2022-01-05 20:28:15,554] {processor.py:654} INFO - DAG(s) dict_keys(['example_task_group_decorator']) retrieved from /home/airflow/sandbox/lib/python3.8/site-packages/airflow/example_dags/example_task_group_decorator.py
[2022-01-05 20:28:17,595] {logging_mixin.py:109} INFO - [2022-01-05 20:28:17,595] {dag.py:2396} INFO - Sync 1 DAGs
[2022-01-05 20:28:17,703] {logging_mixin.py:109} INFO - [2022-01-05 20:28:17,703] {dag.py:2935} INFO - Setting next_dagrun for example_task_group_decorator to 2022-01-04T20:28:17.702992+00:00
[2022-01-05 20:28:17,893] {processor.py:171} INFO - Processing /home/airflow/sandbox/lib/python3.8/site-packages/airflow/example_dags/example_task_group_decorator.py took 2.561 seconds
[2022-01-05 20:29:01,600] {processor.py:163} INFO - Started process (PID=7578) to work on /home/airflow/sandbox/lib/python3.8/site-packages/airflow/example_dags/example_task_group_decorator.py
[2022-01-05 20:29:01,600] {processor.py:642} INFO - Processing file /home/airflow/sandbox/lib/python3.8/site-packages/airflow/example_dags/example_task_group_decorator.py for tasks to queue
[2022-01-05 20:29:01,601] {logging_mixin.py:109} INFO - [2022-01-05 20:29:01,601] {dagbag.py:500} INFO - Filling up the DagBag from /home/airflow/sandbox/lib/python3.8/site-packages/airflow/example_dags/example_task_group_decorator.py
[2022-01-05 20:29:03,043] {processor.py:654} INFO - DAG(s) dict_keys(['example_task_group_decorator']) retrieved from /home/airflow/sandbox/lib/python3.8/site-packages/airflow/example_dags/example_task_group_decorator.py
[2022-01-05 20:29:07,557] {logging_mixin.py:109} INFO - [2022-01-05 20:29:07,557] {dag.py:2396} INFO - Sync 1 DAGs
[2022-01-05 20:29:07,896] {logging_mixin.py:109} INFO - [2022-01-05 20:29:07,896] {dag.py:2935} INFO - Setting next_dagrun for example_task_group_decorator to 2022-01-04T20:29:07.895855+00:00
[2022-01-05 20:29:07,991] {processor.py:171} INFO - Processing /home/airflow/sandbox/lib/python3.8/site-packages/airflow/example_dags/example_task_group_decorator.py took 6.394 seconds
[2022-01-05 20:29:38,296] {processor.py:163} INFO - Started process (PID=7842) to work on /home/airflow/sandbox/lib/python3.8/site-packages/airflow/example_dags/example_task_group_decorator.py
[2022-01-05 20:29:38,297] {processor.py:642} INFO - Processing file /home/airflow/sandbox/lib/python3.8/site-packages/airflow/example_dags/example_task_group_decorator.py for tasks to queue
[2022-01-05 20:29:38,298] {logging_mixin.py:109} INFO - [2022-01-05 20:29:38,298] {dagbag.py:500} INFO - Filling up the DagBag from /home/airflow/sandbox/lib/python3.8/site-packages/airflow/example_dags/example_task_group_decorator.py
[2022-01-05 20:29:38,410] {processor.py:654} INFO - DAG(s) dict_keys(['example_task_group_decorator']) retrieved from /home/airflow/sandbox/lib/python3.8/site-packages/airflow/example_dags/example_task_group_decorator.py
[2022-01-05 20:29:38,808] {logging_mixin.py:109} INFO - [2022-01-05 20:29:38,807] {dag.py:2396} INFO - Sync 1 DAGs
[2022-01-05 20:29:38,849] {logging_mixin.py:109} INFO - [2022-01-05 20:29:38,848] {dag.py:2935} INFO - Setting next_dagrun for example_task_group_decorator to 2022-01-04T20:29:38.847615+00:00
[2022-01-05 20:29:38,885] {processor.py:171} INFO - Processing /home/airflow/sandbox/lib/python3.8/site-packages/airflow/example_dags/example_task_group_decorator.py took 0.592 seconds
[2022-01-05 20:30:09,257] {processor.py:163} INFO - Started process (PID=8129) to work on /home/airflow/sandbox/lib/python3.8/site-packages/airflow/example_dags/example_task_group_decorator.py
[2022-01-05 20:30:09,275] {processor.py:642} INFO - Processing file /home/airflow/sandbox/lib/python3.8/site-packages/airflow/example_dags/example_task_group_decorator.py for tasks to queue
[2022-01-05 20:30:09,291] {logging_mixin.py:109} INFO - [2022-01-05 20:30:09,291] {dagbag.py:500} INFO - Filling up the DagBag from /home/airflow/sandbox/lib/python3.8/site-packages/airflow/example_dags/example_task_group_decorator.py
[2022-01-05 20:30:09,788] {processor.py:654} INFO - DAG(s) dict_keys(['example_task_group_decorator']) retrieved from /home/airflow/sandbox/lib/python3.8/site-packages/airflow/example_dags/example_task_group_decorator.py
[2022-01-05 20:30:10,393] {logging_mixin.py:109} INFO - [2022-01-05 20:30:10,358] {dag.py:2396} INFO - Sync 1 DAGs
[2022-01-05 20:30:10,431] {logging_mixin.py:109} INFO - [2022-01-05 20:30:10,431] {dag.py:2935} INFO - Setting next_dagrun for example_task_group_decorator to 2022-01-04T20:30:10.431042+00:00
[2022-01-05 20:30:10,483] {processor.py:171} INFO - Processing /home/airflow/sandbox/lib/python3.8/site-packages/airflow/example_dags/example_task_group_decorator.py took 1.231 seconds
[2022-01-05 20:30:40,739] {processor.py:163} INFO - Started process (PID=8460) to work on /home/airflow/sandbox/lib/python3.8/site-packages/airflow/example_dags/example_task_group_decorator.py
[2022-01-05 20:30:40,740] {processor.py:642} INFO - Processing file /home/airflow/sandbox/lib/python3.8/site-packages/airflow/example_dags/example_task_group_decorator.py for tasks to queue
[2022-01-05 20:30:40,740] {logging_mixin.py:109} INFO - [2022-01-05 20:30:40,740] {dagbag.py:500} INFO - Filling up the DagBag from /home/airflow/sandbox/lib/python3.8/site-packages/airflow/example_dags/example_task_group_decorator.py
[2022-01-05 20:30:40,943] {processor.py:654} INFO - DAG(s) dict_keys(['example_task_group_decorator']) retrieved from /home/airflow/sandbox/lib/python3.8/site-packages/airflow/example_dags/example_task_group_decorator.py
[2022-01-05 20:30:42,041] {logging_mixin.py:109} INFO - [2022-01-05 20:30:42,041] {dag.py:2396} INFO - Sync 1 DAGs
[2022-01-05 20:30:42,096] {logging_mixin.py:109} INFO - [2022-01-05 20:30:42,095] {dag.py:2935} INFO - Setting next_dagrun for example_task_group_decorator to 2022-01-04T20:30:42.094122+00:00
[2022-01-05 20:30:42,184] {processor.py:171} INFO - Processing /home/airflow/sandbox/lib/python3.8/site-packages/airflow/example_dags/example_task_group_decorator.py took 1.450 seconds
[2022-01-05 20:31:14,122] {processor.py:163} INFO - Started process (PID=8887) to work on /home/airflow/sandbox/lib/python3.8/site-packages/airflow/example_dags/example_task_group_decorator.py
[2022-01-05 20:31:14,124] {processor.py:642} INFO - Processing file /home/airflow/sandbox/lib/python3.8/site-packages/airflow/example_dags/example_task_group_decorator.py for tasks to queue
[2022-01-05 20:31:14,124] {logging_mixin.py:109} INFO - [2022-01-05 20:31:14,124] {dagbag.py:500} INFO - Filling up the DagBag from /home/airflow/sandbox/lib/python3.8/site-packages/airflow/example_dags/example_task_group_decorator.py
[2022-01-05 20:31:14,470] {processor.py:654} INFO - DAG(s) dict_keys(['example_task_group_decorator']) retrieved from /home/airflow/sandbox/lib/python3.8/site-packages/airflow/example_dags/example_task_group_decorator.py
[2022-01-05 20:31:16,735] {logging_mixin.py:109} INFO - [2022-01-05 20:31:16,734] {dag.py:2396} INFO - Sync 1 DAGs
[2022-01-05 20:31:16,844] {logging_mixin.py:109} INFO - [2022-01-05 20:31:16,843] {dag.py:2935} INFO - Setting next_dagrun for example_task_group_decorator to 2022-01-04T20:31:16.843519+00:00
[2022-01-05 20:31:17,035] {processor.py:171} INFO - Processing /home/airflow/sandbox/lib/python3.8/site-packages/airflow/example_dags/example_task_group_decorator.py took 2.941 seconds
[2022-01-05 20:31:48,328] {processor.py:163} INFO - Started process (PID=9249) to work on /home/airflow/sandbox/lib/python3.8/site-packages/airflow/example_dags/example_task_group_decorator.py
[2022-01-05 20:31:48,332] {processor.py:642} INFO - Processing file /home/airflow/sandbox/lib/python3.8/site-packages/airflow/example_dags/example_task_group_decorator.py for tasks to queue
[2022-01-05 20:31:48,334] {logging_mixin.py:109} INFO - [2022-01-05 20:31:48,333] {dagbag.py:500} INFO - Filling up the DagBag from /home/airflow/sandbox/lib/python3.8/site-packages/airflow/example_dags/example_task_group_decorator.py
[2022-01-05 20:31:48,718] {processor.py:654} INFO - DAG(s) dict_keys(['example_task_group_decorator']) retrieved from /home/airflow/sandbox/lib/python3.8/site-packages/airflow/example_dags/example_task_group_decorator.py
[2022-01-05 20:31:51,122] {logging_mixin.py:109} INFO - [2022-01-05 20:31:51,121] {dag.py:2396} INFO - Sync 1 DAGs
[2022-01-05 20:31:51,220] {logging_mixin.py:109} INFO - [2022-01-05 20:31:51,220] {dag.py:2935} INFO - Setting next_dagrun for example_task_group_decorator to 2022-01-04T20:31:51.215143+00:00
[2022-01-05 20:31:51,384] {processor.py:171} INFO - Processing /home/airflow/sandbox/lib/python3.8/site-packages/airflow/example_dags/example_task_group_decorator.py took 3.063 seconds
[2022-01-05 20:32:22,516] {processor.py:163} INFO - Started process (PID=10024) to work on /home/airflow/sandbox/lib/python3.8/site-packages/airflow/example_dags/example_task_group_decorator.py
[2022-01-05 20:32:22,520] {processor.py:642} INFO - Processing file /home/airflow/sandbox/lib/python3.8/site-packages/airflow/example_dags/example_task_group_decorator.py for tasks to queue
[2022-01-05 20:32:22,523] {logging_mixin.py:109} INFO - [2022-01-05 20:32:22,523] {dagbag.py:500} INFO - Filling up the DagBag from /home/airflow/sandbox/lib/python3.8/site-packages/airflow/example_dags/example_task_group_decorator.py
[2022-01-05 20:32:22,776] {processor.py:654} INFO - DAG(s) dict_keys(['example_task_group_decorator']) retrieved from /home/airflow/sandbox/lib/python3.8/site-packages/airflow/example_dags/example_task_group_decorator.py
[2022-01-05 20:32:24,631] {logging_mixin.py:109} INFO - [2022-01-05 20:32:24,630] {dag.py:2396} INFO - Sync 1 DAGs
[2022-01-05 20:32:24,863] {logging_mixin.py:109} INFO - [2022-01-05 20:32:24,863] {dag.py:2935} INFO - Setting next_dagrun for example_task_group_decorator to 2022-01-04T20:32:24.862833+00:00
[2022-01-05 20:32:24,880] {processor.py:171} INFO - Processing /home/airflow/sandbox/lib/python3.8/site-packages/airflow/example_dags/example_task_group_decorator.py took 2.457 seconds
[2022-01-05 20:32:56,177] {processor.py:163} INFO - Started process (PID=10793) to work on /home/airflow/sandbox/lib/python3.8/site-packages/airflow/example_dags/example_task_group_decorator.py
[2022-01-05 20:32:56,209] {processor.py:642} INFO - Processing file /home/airflow/sandbox/lib/python3.8/site-packages/airflow/example_dags/example_task_group_decorator.py for tasks to queue
[2022-01-05 20:32:56,210] {logging_mixin.py:109} INFO - [2022-01-05 20:32:56,210] {dagbag.py:500} INFO - Filling up the DagBag from /home/airflow/sandbox/lib/python3.8/site-packages/airflow/example_dags/example_task_group_decorator.py
[2022-01-05 20:32:56,860] {processor.py:654} INFO - DAG(s) dict_keys(['example_task_group_decorator']) retrieved from /home/airflow/sandbox/lib/python3.8/site-packages/airflow/example_dags/example_task_group_decorator.py
[2022-01-05 20:32:59,711] {logging_mixin.py:109} INFO - [2022-01-05 20:32:59,711] {dag.py:2396} INFO - Sync 1 DAGs
[2022-01-05 20:32:59,814] {logging_mixin.py:109} INFO - [2022-01-05 20:32:59,814] {dag.py:2935} INFO - Setting next_dagrun for example_task_group_decorator to 2022-01-04T20:32:59.813181+00:00
[2022-01-05 20:32:59,873] {processor.py:171} INFO - Processing /home/airflow/sandbox/lib/python3.8/site-packages/airflow/example_dags/example_task_group_decorator.py took 3.740 seconds
[2022-01-05 20:33:30,067] {processor.py:163} INFO - Started process (PID=11442) to work on /home/airflow/sandbox/lib/python3.8/site-packages/airflow/example_dags/example_task_group_decorator.py
[2022-01-05 20:33:30,070] {processor.py:642} INFO - Processing file /home/airflow/sandbox/lib/python3.8/site-packages/airflow/example_dags/example_task_group_decorator.py for tasks to queue
[2022-01-05 20:33:30,071] {logging_mixin.py:109} INFO - [2022-01-05 20:33:30,070] {dagbag.py:500} INFO - Filling up the DagBag from /home/airflow/sandbox/lib/python3.8/site-packages/airflow/example_dags/example_task_group_decorator.py
[2022-01-05 20:33:30,325] {processor.py:654} INFO - DAG(s) dict_keys(['example_task_group_decorator']) retrieved from /home/airflow/sandbox/lib/python3.8/site-packages/airflow/example_dags/example_task_group_decorator.py
[2022-01-05 20:33:32,021] {logging_mixin.py:109} INFO - [2022-01-05 20:33:32,020] {dag.py:2396} INFO - Sync 1 DAGs
[2022-01-05 20:33:32,068] {logging_mixin.py:109} INFO - [2022-01-05 20:33:32,068] {dag.py:2935} INFO - Setting next_dagrun for example_task_group_decorator to 2022-01-04T20:33:32.068181+00:00
[2022-01-05 20:33:32,119] {processor.py:171} INFO - Processing /home/airflow/sandbox/lib/python3.8/site-packages/airflow/example_dags/example_task_group_decorator.py took 2.055 seconds
[2022-01-05 20:34:02,465] {processor.py:163} INFO - Started process (PID=11752) to work on /home/airflow/sandbox/lib/python3.8/site-packages/airflow/example_dags/example_task_group_decorator.py
[2022-01-05 20:34:02,465] {processor.py:642} INFO - Processing file /home/airflow/sandbox/lib/python3.8/site-packages/airflow/example_dags/example_task_group_decorator.py for tasks to queue
[2022-01-05 20:34:02,471] {logging_mixin.py:109} INFO - [2022-01-05 20:34:02,471] {dagbag.py:500} INFO - Filling up the DagBag from /home/airflow/sandbox/lib/python3.8/site-packages/airflow/example_dags/example_task_group_decorator.py
[2022-01-05 20:34:02,756] {processor.py:654} INFO - DAG(s) dict_keys(['example_task_group_decorator']) retrieved from /home/airflow/sandbox/lib/python3.8/site-packages/airflow/example_dags/example_task_group_decorator.py
[2022-01-05 20:34:03,859] {logging_mixin.py:109} INFO - [2022-01-05 20:34:03,859] {dag.py:2396} INFO - Sync 1 DAGs
[2022-01-05 20:34:03,965] {logging_mixin.py:109} INFO - [2022-01-05 20:34:03,965] {dag.py:2935} INFO - Setting next_dagrun for example_task_group_decorator to 2022-01-04T20:34:03.965092+00:00
[2022-01-05 20:34:04,019] {processor.py:171} INFO - Processing /home/airflow/sandbox/lib/python3.8/site-packages/airflow/example_dags/example_task_group_decorator.py took 1.570 seconds
[2022-01-05 20:34:34,522] {processor.py:163} INFO - Started process (PID=12013) to work on /home/airflow/sandbox/lib/python3.8/site-packages/airflow/example_dags/example_task_group_decorator.py
[2022-01-05 20:34:34,523] {processor.py:642} INFO - Processing file /home/airflow/sandbox/lib/python3.8/site-packages/airflow/example_dags/example_task_group_decorator.py for tasks to queue
[2022-01-05 20:34:34,545] {logging_mixin.py:109} INFO - [2022-01-05 20:34:34,545] {dagbag.py:500} INFO - Filling up the DagBag from /home/airflow/sandbox/lib/python3.8/site-packages/airflow/example_dags/example_task_group_decorator.py
[2022-01-05 20:34:34,761] {processor.py:654} INFO - DAG(s) dict_keys(['example_task_group_decorator']) retrieved from /home/airflow/sandbox/lib/python3.8/site-packages/airflow/example_dags/example_task_group_decorator.py
[2022-01-05 20:34:35,615] {logging_mixin.py:109} INFO - [2022-01-05 20:34:35,615] {dag.py:2396} INFO - Sync 1 DAGs
[2022-01-05 20:34:35,661] {logging_mixin.py:109} INFO - [2022-01-05 20:34:35,661] {dag.py:2935} INFO - Setting next_dagrun for example_task_group_decorator to 2022-01-04T20:34:35.660533+00:00
[2022-01-05 20:34:35,754] {processor.py:171} INFO - Processing /home/airflow/sandbox/lib/python3.8/site-packages/airflow/example_dags/example_task_group_decorator.py took 1.250 seconds
[2022-01-05 20:35:05,899] {processor.py:163} INFO - Started process (PID=12266) to work on /home/airflow/sandbox/lib/python3.8/site-packages/airflow/example_dags/example_task_group_decorator.py
[2022-01-05 20:35:05,900] {processor.py:642} INFO - Processing file /home/airflow/sandbox/lib/python3.8/site-packages/airflow/example_dags/example_task_group_decorator.py for tasks to queue
[2022-01-05 20:35:05,901] {logging_mixin.py:109} INFO - [2022-01-05 20:35:05,901] {dagbag.py:500} INFO - Filling up the DagBag from /home/airflow/sandbox/lib/python3.8/site-packages/airflow/example_dags/example_task_group_decorator.py
[2022-01-05 20:35:05,989] {processor.py:654} INFO - DAG(s) dict_keys(['example_task_group_decorator']) retrieved from /home/airflow/sandbox/lib/python3.8/site-packages/airflow/example_dags/example_task_group_decorator.py
[2022-01-05 20:35:06,395] {logging_mixin.py:109} INFO - [2022-01-05 20:35:06,394] {dag.py:2396} INFO - Sync 1 DAGs
[2022-01-05 20:35:06,411] {logging_mixin.py:109} INFO - [2022-01-05 20:35:06,410] {dag.py:2935} INFO - Setting next_dagrun for example_task_group_decorator to 2022-01-04T20:35:06.410581+00:00
[2022-01-05 20:35:06,448] {processor.py:171} INFO - Processing /home/airflow/sandbox/lib/python3.8/site-packages/airflow/example_dags/example_task_group_decorator.py took 0.557 seconds
[2022-01-05 20:35:37,068] {processor.py:163} INFO - Started process (PID=12504) to work on /home/airflow/sandbox/lib/python3.8/site-packages/airflow/example_dags/example_task_group_decorator.py
[2022-01-05 20:35:37,070] {processor.py:642} INFO - Processing file /home/airflow/sandbox/lib/python3.8/site-packages/airflow/example_dags/example_task_group_decorator.py for tasks to queue
[2022-01-05 20:35:37,071] {logging_mixin.py:109} INFO - [2022-01-05 20:35:37,071] {dagbag.py:500} INFO - Filling up the DagBag from /home/airflow/sandbox/lib/python3.8/site-packages/airflow/example_dags/example_task_group_decorator.py
[2022-01-05 20:35:37,270] {processor.py:654} INFO - DAG(s) dict_keys(['example_task_group_decorator']) retrieved from /home/airflow/sandbox/lib/python3.8/site-packages/airflow/example_dags/example_task_group_decorator.py
[2022-01-05 20:35:38,259] {logging_mixin.py:109} INFO - [2022-01-05 20:35:38,259] {dag.py:2396} INFO - Sync 1 DAGs
[2022-01-05 20:35:38,302] {logging_mixin.py:109} INFO - [2022-01-05 20:35:38,302] {dag.py:2935} INFO - Setting next_dagrun for example_task_group_decorator to 2022-01-04T20:35:38.302168+00:00
[2022-01-05 20:35:38,513] {processor.py:171} INFO - Processing /home/airflow/sandbox/lib/python3.8/site-packages/airflow/example_dags/example_task_group_decorator.py took 1.456 seconds
[2022-01-05 20:36:08,768] {processor.py:163} INFO - Started process (PID=12749) to work on /home/airflow/sandbox/lib/python3.8/site-packages/airflow/example_dags/example_task_group_decorator.py
[2022-01-05 20:36:08,799] {processor.py:642} INFO - Processing file /home/airflow/sandbox/lib/python3.8/site-packages/airflow/example_dags/example_task_group_decorator.py for tasks to queue
[2022-01-05 20:36:08,799] {logging_mixin.py:109} INFO - [2022-01-05 20:36:08,799] {dagbag.py:500} INFO - Filling up the DagBag from /home/airflow/sandbox/lib/python3.8/site-packages/airflow/example_dags/example_task_group_decorator.py
[2022-01-05 20:36:09,051] {processor.py:654} INFO - DAG(s) dict_keys(['example_task_group_decorator']) retrieved from /home/airflow/sandbox/lib/python3.8/site-packages/airflow/example_dags/example_task_group_decorator.py
[2022-01-05 20:36:09,893] {logging_mixin.py:109} INFO - [2022-01-05 20:36:09,892] {dag.py:2396} INFO - Sync 1 DAGs
[2022-01-05 20:36:09,913] {logging_mixin.py:109} INFO - [2022-01-05 20:36:09,912] {dag.py:2935} INFO - Setting next_dagrun for example_task_group_decorator to 2022-01-04T20:36:09.911934+00:00
[2022-01-05 20:36:09,999] {processor.py:171} INFO - Processing /home/airflow/sandbox/lib/python3.8/site-packages/airflow/example_dags/example_task_group_decorator.py took 1.236 seconds
[2022-01-05 20:36:40,405] {processor.py:163} INFO - Started process (PID=12998) to work on /home/airflow/sandbox/lib/python3.8/site-packages/airflow/example_dags/example_task_group_decorator.py
[2022-01-05 20:36:40,414] {processor.py:642} INFO - Processing file /home/airflow/sandbox/lib/python3.8/site-packages/airflow/example_dags/example_task_group_decorator.py for tasks to queue
[2022-01-05 20:36:40,415] {logging_mixin.py:109} INFO - [2022-01-05 20:36:40,415] {dagbag.py:500} INFO - Filling up the DagBag from /home/airflow/sandbox/lib/python3.8/site-packages/airflow/example_dags/example_task_group_decorator.py
[2022-01-05 20:36:40,615] {processor.py:654} INFO - DAG(s) dict_keys(['example_task_group_decorator']) retrieved from /home/airflow/sandbox/lib/python3.8/site-packages/airflow/example_dags/example_task_group_decorator.py
[2022-01-05 20:36:41,786] {logging_mixin.py:109} INFO - [2022-01-05 20:36:41,786] {dag.py:2396} INFO - Sync 1 DAGs
[2022-01-05 20:36:41,835] {logging_mixin.py:109} INFO - [2022-01-05 20:36:41,835] {dag.py:2935} INFO - Setting next_dagrun for example_task_group_decorator to 2022-01-04T20:36:41.834014+00:00
[2022-01-05 20:36:41,915] {processor.py:171} INFO - Processing /home/airflow/sandbox/lib/python3.8/site-packages/airflow/example_dags/example_task_group_decorator.py took 1.514 seconds
[2022-01-05 20:37:12,454] {processor.py:163} INFO - Started process (PID=13261) to work on /home/airflow/sandbox/lib/python3.8/site-packages/airflow/example_dags/example_task_group_decorator.py
[2022-01-05 20:37:12,459] {processor.py:642} INFO - Processing file /home/airflow/sandbox/lib/python3.8/site-packages/airflow/example_dags/example_task_group_decorator.py for tasks to queue
[2022-01-05 20:37:12,460] {logging_mixin.py:109} INFO - [2022-01-05 20:37:12,460] {dagbag.py:500} INFO - Filling up the DagBag from /home/airflow/sandbox/lib/python3.8/site-packages/airflow/example_dags/example_task_group_decorator.py
[2022-01-05 20:37:12,747] {processor.py:654} INFO - DAG(s) dict_keys(['example_task_group_decorator']) retrieved from /home/airflow/sandbox/lib/python3.8/site-packages/airflow/example_dags/example_task_group_decorator.py
[2022-01-05 20:37:13,688] {logging_mixin.py:109} INFO - [2022-01-05 20:37:13,688] {dag.py:2396} INFO - Sync 1 DAGs
[2022-01-05 20:37:13,749] {logging_mixin.py:109} INFO - [2022-01-05 20:37:13,749] {dag.py:2935} INFO - Setting next_dagrun for example_task_group_decorator to 2022-01-04T20:37:13.748799+00:00
[2022-01-05 20:37:13,791] {processor.py:171} INFO - Processing /home/airflow/sandbox/lib/python3.8/site-packages/airflow/example_dags/example_task_group_decorator.py took 1.387 seconds
[2022-01-05 20:37:44,147] {processor.py:163} INFO - Started process (PID=13514) to work on /home/airflow/sandbox/lib/python3.8/site-packages/airflow/example_dags/example_task_group_decorator.py
[2022-01-05 20:37:44,151] {processor.py:642} INFO - Processing file /home/airflow/sandbox/lib/python3.8/site-packages/airflow/example_dags/example_task_group_decorator.py for tasks to queue
[2022-01-05 20:37:44,151] {logging_mixin.py:109} INFO - [2022-01-05 20:37:44,151] {dagbag.py:500} INFO - Filling up the DagBag from /home/airflow/sandbox/lib/python3.8/site-packages/airflow/example_dags/example_task_group_decorator.py
[2022-01-05 20:37:44,351] {processor.py:654} INFO - DAG(s) dict_keys(['example_task_group_decorator']) retrieved from /home/airflow/sandbox/lib/python3.8/site-packages/airflow/example_dags/example_task_group_decorator.py
[2022-01-05 20:37:45,287] {logging_mixin.py:109} INFO - [2022-01-05 20:37:45,287] {dag.py:2396} INFO - Sync 1 DAGs
[2022-01-05 20:37:45,338] {logging_mixin.py:109} INFO - [2022-01-05 20:37:45,338] {dag.py:2935} INFO - Setting next_dagrun for example_task_group_decorator to 2022-01-04T20:37:45.337783+00:00
[2022-01-05 20:37:45,388] {processor.py:171} INFO - Processing /home/airflow/sandbox/lib/python3.8/site-packages/airflow/example_dags/example_task_group_decorator.py took 1.248 seconds
[2022-01-05 20:38:15,653] {processor.py:163} INFO - Started process (PID=13798) to work on /home/airflow/sandbox/lib/python3.8/site-packages/airflow/example_dags/example_task_group_decorator.py
[2022-01-05 20:38:15,655] {processor.py:642} INFO - Processing file /home/airflow/sandbox/lib/python3.8/site-packages/airflow/example_dags/example_task_group_decorator.py for tasks to queue
[2022-01-05 20:38:15,660] {logging_mixin.py:109} INFO - [2022-01-05 20:38:15,660] {dagbag.py:500} INFO - Filling up the DagBag from /home/airflow/sandbox/lib/python3.8/site-packages/airflow/example_dags/example_task_group_decorator.py
[2022-01-05 20:38:15,860] {processor.py:654} INFO - DAG(s) dict_keys(['example_task_group_decorator']) retrieved from /home/airflow/sandbox/lib/python3.8/site-packages/airflow/example_dags/example_task_group_decorator.py
[2022-01-05 20:38:16,801] {logging_mixin.py:109} INFO - [2022-01-05 20:38:16,801] {dag.py:2396} INFO - Sync 1 DAGs
[2022-01-05 20:38:16,896] {logging_mixin.py:109} INFO - [2022-01-05 20:38:16,896] {dag.py:2935} INFO - Setting next_dagrun for example_task_group_decorator to 2022-01-04T20:38:16.896421+00:00
[2022-01-05 20:38:16,929] {processor.py:171} INFO - Processing /home/airflow/sandbox/lib/python3.8/site-packages/airflow/example_dags/example_task_group_decorator.py took 1.285 seconds
[2022-01-05 20:38:47,298] {processor.py:163} INFO - Started process (PID=14093) to work on /home/airflow/sandbox/lib/python3.8/site-packages/airflow/example_dags/example_task_group_decorator.py
[2022-01-05 20:38:47,303] {processor.py:642} INFO - Processing file /home/airflow/sandbox/lib/python3.8/site-packages/airflow/example_dags/example_task_group_decorator.py for tasks to queue
[2022-01-05 20:38:47,306] {logging_mixin.py:109} INFO - [2022-01-05 20:38:47,306] {dagbag.py:500} INFO - Filling up the DagBag from /home/airflow/sandbox/lib/python3.8/site-packages/airflow/example_dags/example_task_group_decorator.py
[2022-01-05 20:38:47,445] {processor.py:654} INFO - DAG(s) dict_keys(['example_task_group_decorator']) retrieved from /home/airflow/sandbox/lib/python3.8/site-packages/airflow/example_dags/example_task_group_decorator.py
[2022-01-05 20:38:48,136] {logging_mixin.py:109} INFO - [2022-01-05 20:38:48,136] {dag.py:2396} INFO - Sync 1 DAGs
[2022-01-05 20:38:48,153] {logging_mixin.py:109} INFO - [2022-01-05 20:38:48,153] {dag.py:2935} INFO - Setting next_dagrun for example_task_group_decorator to 2022-01-04T20:38:48.153247+00:00
[2022-01-05 20:38:48,165] {processor.py:171} INFO - Processing /home/airflow/sandbox/lib/python3.8/site-packages/airflow/example_dags/example_task_group_decorator.py took 0.870 seconds
[2022-01-05 20:39:18,383] {processor.py:163} INFO - Started process (PID=14337) to work on /home/airflow/sandbox/lib/python3.8/site-packages/airflow/example_dags/example_task_group_decorator.py
[2022-01-05 20:39:18,390] {processor.py:642} INFO - Processing file /home/airflow/sandbox/lib/python3.8/site-packages/airflow/example_dags/example_task_group_decorator.py for tasks to queue
[2022-01-05 20:39:18,390] {logging_mixin.py:109} INFO - [2022-01-05 20:39:18,390] {dagbag.py:500} INFO - Filling up the DagBag from /home/airflow/sandbox/lib/python3.8/site-packages/airflow/example_dags/example_task_group_decorator.py
[2022-01-05 20:39:18,532] {processor.py:654} INFO - DAG(s) dict_keys(['example_task_group_decorator']) retrieved from /home/airflow/sandbox/lib/python3.8/site-packages/airflow/example_dags/example_task_group_decorator.py
[2022-01-05 20:39:19,156] {logging_mixin.py:109} INFO - [2022-01-05 20:39:19,156] {dag.py:2396} INFO - Sync 1 DAGs
[2022-01-05 20:39:19,206] {logging_mixin.py:109} INFO - [2022-01-05 20:39:19,205] {dag.py:2935} INFO - Setting next_dagrun for example_task_group_decorator to 2022-01-04T20:39:19.205002+00:00
[2022-01-05 20:39:19,233] {processor.py:171} INFO - Processing /home/airflow/sandbox/lib/python3.8/site-packages/airflow/example_dags/example_task_group_decorator.py took 0.858 seconds
[2022-01-05 20:39:50,029] {processor.py:163} INFO - Started process (PID=14580) to work on /home/airflow/sandbox/lib/python3.8/site-packages/airflow/example_dags/example_task_group_decorator.py
[2022-01-05 20:39:50,030] {processor.py:642} INFO - Processing file /home/airflow/sandbox/lib/python3.8/site-packages/airflow/example_dags/example_task_group_decorator.py for tasks to queue
[2022-01-05 20:39:50,035] {logging_mixin.py:109} INFO - [2022-01-05 20:39:50,031] {dagbag.py:500} INFO - Filling up the DagBag from /home/airflow/sandbox/lib/python3.8/site-packages/airflow/example_dags/example_task_group_decorator.py
[2022-01-05 20:39:50,196] {processor.py:654} INFO - DAG(s) dict_keys(['example_task_group_decorator']) retrieved from /home/airflow/sandbox/lib/python3.8/site-packages/airflow/example_dags/example_task_group_decorator.py
[2022-01-05 20:39:50,859] {logging_mixin.py:109} INFO - [2022-01-05 20:39:50,859] {dag.py:2396} INFO - Sync 1 DAGs
[2022-01-05 20:39:50,900] {logging_mixin.py:109} INFO - [2022-01-05 20:39:50,900] {dag.py:2935} INFO - Setting next_dagrun for example_task_group_decorator to 2022-01-04T20:39:50.899866+00:00
[2022-01-05 20:39:50,940] {processor.py:171} INFO - Processing /home/airflow/sandbox/lib/python3.8/site-packages/airflow/example_dags/example_task_group_decorator.py took 0.913 seconds
[2022-01-05 20:40:21,923] {processor.py:163} INFO - Started process (PID=14841) to work on /home/airflow/sandbox/lib/python3.8/site-packages/airflow/example_dags/example_task_group_decorator.py
[2022-01-05 20:40:21,925] {processor.py:642} INFO - Processing file /home/airflow/sandbox/lib/python3.8/site-packages/airflow/example_dags/example_task_group_decorator.py for tasks to queue
[2022-01-05 20:40:21,926] {logging_mixin.py:109} INFO - [2022-01-05 20:40:21,926] {dagbag.py:500} INFO - Filling up the DagBag from /home/airflow/sandbox/lib/python3.8/site-packages/airflow/example_dags/example_task_group_decorator.py
[2022-01-05 20:40:22,066] {processor.py:654} INFO - DAG(s) dict_keys(['example_task_group_decorator']) retrieved from /home/airflow/sandbox/lib/python3.8/site-packages/airflow/example_dags/example_task_group_decorator.py
[2022-01-05 20:40:22,507] {logging_mixin.py:109} INFO - [2022-01-05 20:40:22,507] {dag.py:2396} INFO - Sync 1 DAGs
[2022-01-05 20:40:22,531] {logging_mixin.py:109} INFO - [2022-01-05 20:40:22,531] {dag.py:2935} INFO - Setting next_dagrun for example_task_group_decorator to 2022-01-04T20:40:22.531042+00:00
[2022-01-05 20:40:22,548] {processor.py:171} INFO - Processing /home/airflow/sandbox/lib/python3.8/site-packages/airflow/example_dags/example_task_group_decorator.py took 0.636 seconds
[2022-01-05 20:40:52,684] {processor.py:163} INFO - Started process (PID=15087) to work on /home/airflow/sandbox/lib/python3.8/site-packages/airflow/example_dags/example_task_group_decorator.py
[2022-01-05 20:40:52,685] {processor.py:642} INFO - Processing file /home/airflow/sandbox/lib/python3.8/site-packages/airflow/example_dags/example_task_group_decorator.py for tasks to queue
[2022-01-05 20:40:52,685] {logging_mixin.py:109} INFO - [2022-01-05 20:40:52,685] {dagbag.py:500} INFO - Filling up the DagBag from /home/airflow/sandbox/lib/python3.8/site-packages/airflow/example_dags/example_task_group_decorator.py
[2022-01-05 20:40:52,751] {processor.py:654} INFO - DAG(s) dict_keys(['example_task_group_decorator']) retrieved from /home/airflow/sandbox/lib/python3.8/site-packages/airflow/example_dags/example_task_group_decorator.py
[2022-01-05 20:40:53,061] {logging_mixin.py:109} INFO - [2022-01-05 20:40:53,060] {dag.py:2396} INFO - Sync 1 DAGs
[2022-01-05 20:40:53,095] {logging_mixin.py:109} INFO - [2022-01-05 20:40:53,095] {dag.py:2935} INFO - Setting next_dagrun for example_task_group_decorator to 2022-01-04T20:40:53.095564+00:00
[2022-01-05 20:40:53,127] {processor.py:171} INFO - Processing /home/airflow/sandbox/lib/python3.8/site-packages/airflow/example_dags/example_task_group_decorator.py took 0.447 seconds
[2022-01-05 20:41:23,952] {processor.py:163} INFO - Started process (PID=15328) to work on /home/airflow/sandbox/lib/python3.8/site-packages/airflow/example_dags/example_task_group_decorator.py
[2022-01-05 20:41:23,954] {processor.py:642} INFO - Processing file /home/airflow/sandbox/lib/python3.8/site-packages/airflow/example_dags/example_task_group_decorator.py for tasks to queue
[2022-01-05 20:41:23,955] {logging_mixin.py:109} INFO - [2022-01-05 20:41:23,955] {dagbag.py:500} INFO - Filling up the DagBag from /home/airflow/sandbox/lib/python3.8/site-packages/airflow/example_dags/example_task_group_decorator.py
[2022-01-05 20:41:24,092] {processor.py:654} INFO - DAG(s) dict_keys(['example_task_group_decorator']) retrieved from /home/airflow/sandbox/lib/python3.8/site-packages/airflow/example_dags/example_task_group_decorator.py
[2022-01-05 20:41:25,016] {logging_mixin.py:109} INFO - [2022-01-05 20:41:25,016] {dag.py:2396} INFO - Sync 1 DAGs
[2022-01-05 20:41:25,096] {logging_mixin.py:109} INFO - [2022-01-05 20:41:25,095] {dag.py:2935} INFO - Setting next_dagrun for example_task_group_decorator to 2022-01-04T20:41:25.095542+00:00
[2022-01-05 20:41:25,165] {processor.py:171} INFO - Processing /home/airflow/sandbox/lib/python3.8/site-packages/airflow/example_dags/example_task_group_decorator.py took 1.220 seconds
[2022-01-05 20:41:55,460] {processor.py:163} INFO - Started process (PID=15575) to work on /home/airflow/sandbox/lib/python3.8/site-packages/airflow/example_dags/example_task_group_decorator.py
[2022-01-05 20:41:55,460] {processor.py:642} INFO - Processing file /home/airflow/sandbox/lib/python3.8/site-packages/airflow/example_dags/example_task_group_decorator.py for tasks to queue
[2022-01-05 20:41:55,461] {logging_mixin.py:109} INFO - [2022-01-05 20:41:55,461] {dagbag.py:500} INFO - Filling up the DagBag from /home/airflow/sandbox/lib/python3.8/site-packages/airflow/example_dags/example_task_group_decorator.py
[2022-01-05 20:41:55,576] {processor.py:654} INFO - DAG(s) dict_keys(['example_task_group_decorator']) retrieved from /home/airflow/sandbox/lib/python3.8/site-packages/airflow/example_dags/example_task_group_decorator.py
[2022-01-05 20:41:56,067] {logging_mixin.py:109} INFO - [2022-01-05 20:41:56,067] {dag.py:2396} INFO - Sync 1 DAGs
[2022-01-05 20:41:56,105] {logging_mixin.py:109} INFO - [2022-01-05 20:41:56,105] {dag.py:2935} INFO - Setting next_dagrun for example_task_group_decorator to 2022-01-04T20:41:56.105594+00:00
[2022-01-05 20:41:56,122] {processor.py:171} INFO - Processing /home/airflow/sandbox/lib/python3.8/site-packages/airflow/example_dags/example_task_group_decorator.py took 0.666 seconds
[2022-01-05 20:42:26,228] {processor.py:163} INFO - Started process (PID=15816) to work on /home/airflow/sandbox/lib/python3.8/site-packages/airflow/example_dags/example_task_group_decorator.py
[2022-01-05 20:42:26,229] {processor.py:642} INFO - Processing file /home/airflow/sandbox/lib/python3.8/site-packages/airflow/example_dags/example_task_group_decorator.py for tasks to queue
[2022-01-05 20:42:26,229] {logging_mixin.py:109} INFO - [2022-01-05 20:42:26,229] {dagbag.py:500} INFO - Filling up the DagBag from /home/airflow/sandbox/lib/python3.8/site-packages/airflow/example_dags/example_task_group_decorator.py
[2022-01-05 20:42:26,366] {processor.py:654} INFO - DAG(s) dict_keys(['example_task_group_decorator']) retrieved from /home/airflow/sandbox/lib/python3.8/site-packages/airflow/example_dags/example_task_group_decorator.py
[2022-01-05 20:42:26,967] {logging_mixin.py:109} INFO - [2022-01-05 20:42:26,967] {dag.py:2396} INFO - Sync 1 DAGs
[2022-01-05 20:42:27,013] {logging_mixin.py:109} INFO - [2022-01-05 20:42:27,013] {dag.py:2935} INFO - Setting next_dagrun for example_task_group_decorator to 2022-01-04T20:42:27.013053+00:00
[2022-01-05 20:42:27,026] {processor.py:171} INFO - Processing /home/airflow/sandbox/lib/python3.8/site-packages/airflow/example_dags/example_task_group_decorator.py took 0.801 seconds
[2022-01-05 20:42:57,809] {processor.py:163} INFO - Started process (PID=16058) to work on /home/airflow/sandbox/lib/python3.8/site-packages/airflow/example_dags/example_task_group_decorator.py
[2022-01-05 20:42:57,810] {processor.py:642} INFO - Processing file /home/airflow/sandbox/lib/python3.8/site-packages/airflow/example_dags/example_task_group_decorator.py for tasks to queue
[2022-01-05 20:42:57,811] {logging_mixin.py:109} INFO - [2022-01-05 20:42:57,811] {dagbag.py:500} INFO - Filling up the DagBag from /home/airflow/sandbox/lib/python3.8/site-packages/airflow/example_dags/example_task_group_decorator.py
[2022-01-05 20:42:57,886] {processor.py:654} INFO - DAG(s) dict_keys(['example_task_group_decorator']) retrieved from /home/airflow/sandbox/lib/python3.8/site-packages/airflow/example_dags/example_task_group_decorator.py
[2022-01-05 20:42:58,436] {logging_mixin.py:109} INFO - [2022-01-05 20:42:58,436] {dag.py:2396} INFO - Sync 1 DAGs
[2022-01-05 20:42:58,468] {logging_mixin.py:109} INFO - [2022-01-05 20:42:58,468] {dag.py:2935} INFO - Setting next_dagrun for example_task_group_decorator to 2022-01-04T20:42:58.468299+00:00
[2022-01-05 20:42:58,481] {processor.py:171} INFO - Processing /home/airflow/sandbox/lib/python3.8/site-packages/airflow/example_dags/example_task_group_decorator.py took 0.695 seconds
[2022-01-05 20:43:29,234] {processor.py:163} INFO - Started process (PID=16373) to work on /home/airflow/sandbox/lib/python3.8/site-packages/airflow/example_dags/example_task_group_decorator.py
[2022-01-05 20:43:29,251] {processor.py:642} INFO - Processing file /home/airflow/sandbox/lib/python3.8/site-packages/airflow/example_dags/example_task_group_decorator.py for tasks to queue
[2022-01-05 20:43:29,252] {logging_mixin.py:109} INFO - [2022-01-05 20:43:29,252] {dagbag.py:500} INFO - Filling up the DagBag from /home/airflow/sandbox/lib/python3.8/site-packages/airflow/example_dags/example_task_group_decorator.py
[2022-01-05 20:43:29,326] {processor.py:654} INFO - DAG(s) dict_keys(['example_task_group_decorator']) retrieved from /home/airflow/sandbox/lib/python3.8/site-packages/airflow/example_dags/example_task_group_decorator.py
[2022-01-05 20:43:29,662] {logging_mixin.py:109} INFO - [2022-01-05 20:43:29,662] {dag.py:2396} INFO - Sync 1 DAGs
[2022-01-05 20:43:29,684] {logging_mixin.py:109} INFO - [2022-01-05 20:43:29,676] {dag.py:2935} INFO - Setting next_dagrun for example_task_group_decorator to 2022-01-04T20:43:29.676067+00:00
[2022-01-05 20:43:29,720] {processor.py:171} INFO - Processing /home/airflow/sandbox/lib/python3.8/site-packages/airflow/example_dags/example_task_group_decorator.py took 0.492 seconds
[2022-01-05 20:44:00,237] {processor.py:163} INFO - Started process (PID=16615) to work on /home/airflow/sandbox/lib/python3.8/site-packages/airflow/example_dags/example_task_group_decorator.py
[2022-01-05 20:44:00,238] {processor.py:642} INFO - Processing file /home/airflow/sandbox/lib/python3.8/site-packages/airflow/example_dags/example_task_group_decorator.py for tasks to queue
[2022-01-05 20:44:00,238] {logging_mixin.py:109} INFO - [2022-01-05 20:44:00,238] {dagbag.py:500} INFO - Filling up the DagBag from /home/airflow/sandbox/lib/python3.8/site-packages/airflow/example_dags/example_task_group_decorator.py
[2022-01-05 20:44:00,318] {processor.py:654} INFO - DAG(s) dict_keys(['example_task_group_decorator']) retrieved from /home/airflow/sandbox/lib/python3.8/site-packages/airflow/example_dags/example_task_group_decorator.py
[2022-01-05 20:44:00,634] {logging_mixin.py:109} INFO - [2022-01-05 20:44:00,634] {dag.py:2396} INFO - Sync 1 DAGs
[2022-01-05 20:44:00,652] {logging_mixin.py:109} INFO - [2022-01-05 20:44:00,651] {dag.py:2935} INFO - Setting next_dagrun for example_task_group_decorator to 2022-01-04T20:44:00.651209+00:00
[2022-01-05 20:44:00,676] {processor.py:171} INFO - Processing /home/airflow/sandbox/lib/python3.8/site-packages/airflow/example_dags/example_task_group_decorator.py took 0.442 seconds
[2022-01-05 20:44:30,831] {processor.py:163} INFO - Started process (PID=16862) to work on /home/airflow/sandbox/lib/python3.8/site-packages/airflow/example_dags/example_task_group_decorator.py
[2022-01-05 20:44:30,834] {processor.py:642} INFO - Processing file /home/airflow/sandbox/lib/python3.8/site-packages/airflow/example_dags/example_task_group_decorator.py for tasks to queue
[2022-01-05 20:44:30,835] {logging_mixin.py:109} INFO - [2022-01-05 20:44:30,835] {dagbag.py:500} INFO - Filling up the DagBag from /home/airflow/sandbox/lib/python3.8/site-packages/airflow/example_dags/example_task_group_decorator.py
[2022-01-05 20:44:30,886] {processor.py:654} INFO - DAG(s) dict_keys(['example_task_group_decorator']) retrieved from /home/airflow/sandbox/lib/python3.8/site-packages/airflow/example_dags/example_task_group_decorator.py
[2022-01-05 20:44:31,195] {logging_mixin.py:109} INFO - [2022-01-05 20:44:31,195] {dag.py:2396} INFO - Sync 1 DAGs
[2022-01-05 20:44:31,223] {logging_mixin.py:109} INFO - [2022-01-05 20:44:31,222] {dag.py:2935} INFO - Setting next_dagrun for example_task_group_decorator to 2022-01-04T20:44:31.222348+00:00
[2022-01-05 20:44:31,240] {processor.py:171} INFO - Processing /home/airflow/sandbox/lib/python3.8/site-packages/airflow/example_dags/example_task_group_decorator.py took 0.415 seconds
[2022-01-05 20:45:01,383] {processor.py:163} INFO - Started process (PID=17106) to work on /home/airflow/sandbox/lib/python3.8/site-packages/airflow/example_dags/example_task_group_decorator.py
[2022-01-05 20:45:01,383] {processor.py:642} INFO - Processing file /home/airflow/sandbox/lib/python3.8/site-packages/airflow/example_dags/example_task_group_decorator.py for tasks to queue
[2022-01-05 20:45:01,385] {logging_mixin.py:109} INFO - [2022-01-05 20:45:01,384] {dagbag.py:500} INFO - Filling up the DagBag from /home/airflow/sandbox/lib/python3.8/site-packages/airflow/example_dags/example_task_group_decorator.py
[2022-01-05 20:45:01,463] {processor.py:654} INFO - DAG(s) dict_keys(['example_task_group_decorator']) retrieved from /home/airflow/sandbox/lib/python3.8/site-packages/airflow/example_dags/example_task_group_decorator.py
[2022-01-05 20:45:01,794] {logging_mixin.py:109} INFO - [2022-01-05 20:45:01,793] {dag.py:2396} INFO - Sync 1 DAGs
[2022-01-05 20:45:01,811] {logging_mixin.py:109} INFO - [2022-01-05 20:45:01,811] {dag.py:2935} INFO - Setting next_dagrun for example_task_group_decorator to 2022-01-04T20:45:01.811097+00:00
[2022-01-05 20:45:01,824] {processor.py:171} INFO - Processing /home/airflow/sandbox/lib/python3.8/site-packages/airflow/example_dags/example_task_group_decorator.py took 0.449 seconds
[2022-01-05 20:45:32,759] {processor.py:163} INFO - Started process (PID=17353) to work on /home/airflow/sandbox/lib/python3.8/site-packages/airflow/example_dags/example_task_group_decorator.py
[2022-01-05 20:45:32,760] {processor.py:642} INFO - Processing file /home/airflow/sandbox/lib/python3.8/site-packages/airflow/example_dags/example_task_group_decorator.py for tasks to queue
[2022-01-05 20:45:32,762] {logging_mixin.py:109} INFO - [2022-01-05 20:45:32,762] {dagbag.py:500} INFO - Filling up the DagBag from /home/airflow/sandbox/lib/python3.8/site-packages/airflow/example_dags/example_task_group_decorator.py
[2022-01-05 20:45:32,884] {processor.py:654} INFO - DAG(s) dict_keys(['example_task_group_decorator']) retrieved from /home/airflow/sandbox/lib/python3.8/site-packages/airflow/example_dags/example_task_group_decorator.py
[2022-01-05 20:45:33,182] {logging_mixin.py:109} INFO - [2022-01-05 20:45:33,182] {dag.py:2396} INFO - Sync 1 DAGs
[2022-01-05 20:45:33,193] {logging_mixin.py:109} INFO - [2022-01-05 20:45:33,193] {dag.py:2935} INFO - Setting next_dagrun for example_task_group_decorator to 2022-01-04T20:45:33.192988+00:00
[2022-01-05 20:45:33,204] {processor.py:171} INFO - Processing /home/airflow/sandbox/lib/python3.8/site-packages/airflow/example_dags/example_task_group_decorator.py took 0.448 seconds
[2022-01-05 20:46:03,596] {processor.py:163} INFO - Started process (PID=17601) to work on /home/airflow/sandbox/lib/python3.8/site-packages/airflow/example_dags/example_task_group_decorator.py
[2022-01-05 20:46:03,600] {processor.py:642} INFO - Processing file /home/airflow/sandbox/lib/python3.8/site-packages/airflow/example_dags/example_task_group_decorator.py for tasks to queue
[2022-01-05 20:46:03,601] {logging_mixin.py:109} INFO - [2022-01-05 20:46:03,601] {dagbag.py:500} INFO - Filling up the DagBag from /home/airflow/sandbox/lib/python3.8/site-packages/airflow/example_dags/example_task_group_decorator.py
[2022-01-05 20:46:03,748] {processor.py:654} INFO - DAG(s) dict_keys(['example_task_group_decorator']) retrieved from /home/airflow/sandbox/lib/python3.8/site-packages/airflow/example_dags/example_task_group_decorator.py
[2022-01-05 20:46:04,102] {logging_mixin.py:109} INFO - [2022-01-05 20:46:04,102] {dag.py:2396} INFO - Sync 1 DAGs
[2022-01-05 20:46:04,124] {logging_mixin.py:109} INFO - [2022-01-05 20:46:04,124] {dag.py:2935} INFO - Setting next_dagrun for example_task_group_decorator to 2022-01-04T20:46:04.124533+00:00
[2022-01-05 20:46:04,142] {processor.py:171} INFO - Processing /home/airflow/sandbox/lib/python3.8/site-packages/airflow/example_dags/example_task_group_decorator.py took 0.552 seconds
[2022-01-05 20:46:34,174] {processor.py:163} INFO - Started process (PID=17854) to work on /home/airflow/sandbox/lib/python3.8/site-packages/airflow/example_dags/example_task_group_decorator.py
[2022-01-05 20:46:34,177] {processor.py:642} INFO - Processing file /home/airflow/sandbox/lib/python3.8/site-packages/airflow/example_dags/example_task_group_decorator.py for tasks to queue
[2022-01-05 20:46:34,178] {logging_mixin.py:109} INFO - [2022-01-05 20:46:34,177] {dagbag.py:500} INFO - Filling up the DagBag from /home/airflow/sandbox/lib/python3.8/site-packages/airflow/example_dags/example_task_group_decorator.py
[2022-01-05 20:46:34,259] {processor.py:654} INFO - DAG(s) dict_keys(['example_task_group_decorator']) retrieved from /home/airflow/sandbox/lib/python3.8/site-packages/airflow/example_dags/example_task_group_decorator.py
[2022-01-05 20:46:34,501] {logging_mixin.py:109} INFO - [2022-01-05 20:46:34,501] {dag.py:2396} INFO - Sync 1 DAGs
[2022-01-05 20:46:34,515] {logging_mixin.py:109} INFO - [2022-01-05 20:46:34,515] {dag.py:2935} INFO - Setting next_dagrun for example_task_group_decorator to 2022-01-04T20:46:34.515272+00:00
[2022-01-05 20:46:34,527] {processor.py:171} INFO - Processing /home/airflow/sandbox/lib/python3.8/site-packages/airflow/example_dags/example_task_group_decorator.py took 0.362 seconds
[2022-01-05 20:47:05,147] {processor.py:163} INFO - Started process (PID=18089) to work on /home/airflow/sandbox/lib/python3.8/site-packages/airflow/example_dags/example_task_group_decorator.py
[2022-01-05 20:47:05,148] {processor.py:642} INFO - Processing file /home/airflow/sandbox/lib/python3.8/site-packages/airflow/example_dags/example_task_group_decorator.py for tasks to queue
[2022-01-05 20:47:05,149] {logging_mixin.py:109} INFO - [2022-01-05 20:47:05,149] {dagbag.py:500} INFO - Filling up the DagBag from /home/airflow/sandbox/lib/python3.8/site-packages/airflow/example_dags/example_task_group_decorator.py
[2022-01-05 20:47:05,288] {processor.py:654} INFO - DAG(s) dict_keys(['example_task_group_decorator']) retrieved from /home/airflow/sandbox/lib/python3.8/site-packages/airflow/example_dags/example_task_group_decorator.py
[2022-01-05 20:47:05,989] {logging_mixin.py:109} INFO - [2022-01-05 20:47:05,989] {dag.py:2396} INFO - Sync 1 DAGs
[2022-01-05 20:47:06,036] {logging_mixin.py:109} INFO - [2022-01-05 20:47:06,036] {dag.py:2935} INFO - Setting next_dagrun for example_task_group_decorator to 2022-01-04T20:47:06.035421+00:00
[2022-01-05 20:47:06,055] {processor.py:171} INFO - Processing /home/airflow/sandbox/lib/python3.8/site-packages/airflow/example_dags/example_task_group_decorator.py took 0.939 seconds
[2022-01-05 20:47:36,156] {processor.py:163} INFO - Started process (PID=18336) to work on /home/airflow/sandbox/lib/python3.8/site-packages/airflow/example_dags/example_task_group_decorator.py
[2022-01-05 20:47:36,162] {processor.py:642} INFO - Processing file /home/airflow/sandbox/lib/python3.8/site-packages/airflow/example_dags/example_task_group_decorator.py for tasks to queue
[2022-01-05 20:47:36,167] {logging_mixin.py:109} INFO - [2022-01-05 20:47:36,167] {dagbag.py:500} INFO - Filling up the DagBag from /home/airflow/sandbox/lib/python3.8/site-packages/airflow/example_dags/example_task_group_decorator.py
[2022-01-05 20:47:36,451] {processor.py:654} INFO - DAG(s) dict_keys(['example_task_group_decorator']) retrieved from /home/airflow/sandbox/lib/python3.8/site-packages/airflow/example_dags/example_task_group_decorator.py
[2022-01-05 20:47:37,096] {logging_mixin.py:109} INFO - [2022-01-05 20:47:37,095] {dag.py:2396} INFO - Sync 1 DAGs
[2022-01-05 20:47:37,109] {logging_mixin.py:109} INFO - [2022-01-05 20:47:37,109] {dag.py:2935} INFO - Setting next_dagrun for example_task_group_decorator to 2022-01-04T20:47:37.108855+00:00
[2022-01-05 20:47:37,139] {processor.py:171} INFO - Processing /home/airflow/sandbox/lib/python3.8/site-packages/airflow/example_dags/example_task_group_decorator.py took 0.990 seconds
[2022-01-05 20:48:07,617] {processor.py:163} INFO - Started process (PID=18589) to work on /home/airflow/sandbox/lib/python3.8/site-packages/airflow/example_dags/example_task_group_decorator.py
[2022-01-05 20:48:07,618] {processor.py:642} INFO - Processing file /home/airflow/sandbox/lib/python3.8/site-packages/airflow/example_dags/example_task_group_decorator.py for tasks to queue
[2022-01-05 20:48:07,624] {logging_mixin.py:109} INFO - [2022-01-05 20:48:07,624] {dagbag.py:500} INFO - Filling up the DagBag from /home/airflow/sandbox/lib/python3.8/site-packages/airflow/example_dags/example_task_group_decorator.py
[2022-01-05 20:48:07,701] {processor.py:654} INFO - DAG(s) dict_keys(['example_task_group_decorator']) retrieved from /home/airflow/sandbox/lib/python3.8/site-packages/airflow/example_dags/example_task_group_decorator.py
[2022-01-05 20:48:07,884] {logging_mixin.py:109} INFO - [2022-01-05 20:48:07,883] {dag.py:2396} INFO - Sync 1 DAGs
[2022-01-05 20:48:07,895] {logging_mixin.py:109} INFO - [2022-01-05 20:48:07,895] {dag.py:2935} INFO - Setting next_dagrun for example_task_group_decorator to 2022-01-04T20:48:07.894950+00:00
[2022-01-05 20:48:07,905] {processor.py:171} INFO - Processing /home/airflow/sandbox/lib/python3.8/site-packages/airflow/example_dags/example_task_group_decorator.py took 0.291 seconds
[2022-01-05 20:48:38,564] {processor.py:163} INFO - Started process (PID=18896) to work on /home/airflow/sandbox/lib/python3.8/site-packages/airflow/example_dags/example_task_group_decorator.py
[2022-01-05 20:48:38,568] {processor.py:642} INFO - Processing file /home/airflow/sandbox/lib/python3.8/site-packages/airflow/example_dags/example_task_group_decorator.py for tasks to queue
[2022-01-05 20:48:38,575] {logging_mixin.py:109} INFO - [2022-01-05 20:48:38,575] {dagbag.py:500} INFO - Filling up the DagBag from /home/airflow/sandbox/lib/python3.8/site-packages/airflow/example_dags/example_task_group_decorator.py
[2022-01-05 20:48:39,180] {processor.py:654} INFO - DAG(s) dict_keys(['example_task_group_decorator']) retrieved from /home/airflow/sandbox/lib/python3.8/site-packages/airflow/example_dags/example_task_group_decorator.py
[2022-01-05 20:48:40,115] {logging_mixin.py:109} INFO - [2022-01-05 20:48:40,115] {dag.py:2396} INFO - Sync 1 DAGs
[2022-01-05 20:48:40,160] {logging_mixin.py:109} INFO - [2022-01-05 20:48:40,160] {dag.py:2935} INFO - Setting next_dagrun for example_task_group_decorator to 2022-01-04T20:48:40.159962+00:00
[2022-01-05 20:48:40,204] {processor.py:171} INFO - Processing /home/airflow/sandbox/lib/python3.8/site-packages/airflow/example_dags/example_task_group_decorator.py took 1.676 seconds
[2022-01-05 20:49:10,496] {processor.py:163} INFO - Started process (PID=19151) to work on /home/airflow/sandbox/lib/python3.8/site-packages/airflow/example_dags/example_task_group_decorator.py
[2022-01-05 20:49:10,500] {processor.py:642} INFO - Processing file /home/airflow/sandbox/lib/python3.8/site-packages/airflow/example_dags/example_task_group_decorator.py for tasks to queue
[2022-01-05 20:49:10,501] {logging_mixin.py:109} INFO - [2022-01-05 20:49:10,501] {dagbag.py:500} INFO - Filling up the DagBag from /home/airflow/sandbox/lib/python3.8/site-packages/airflow/example_dags/example_task_group_decorator.py
[2022-01-05 20:49:10,742] {processor.py:654} INFO - DAG(s) dict_keys(['example_task_group_decorator']) retrieved from /home/airflow/sandbox/lib/python3.8/site-packages/airflow/example_dags/example_task_group_decorator.py
[2022-01-05 20:49:11,363] {logging_mixin.py:109} INFO - [2022-01-05 20:49:11,363] {dag.py:2396} INFO - Sync 1 DAGs
[2022-01-05 20:49:11,412] {logging_mixin.py:109} INFO - [2022-01-05 20:49:11,412] {dag.py:2935} INFO - Setting next_dagrun for example_task_group_decorator to 2022-01-04T20:49:11.412313+00:00
[2022-01-05 20:49:11,462] {processor.py:171} INFO - Processing /home/airflow/sandbox/lib/python3.8/site-packages/airflow/example_dags/example_task_group_decorator.py took 1.001 seconds
[2022-01-05 20:49:42,147] {processor.py:163} INFO - Started process (PID=19404) to work on /home/airflow/sandbox/lib/python3.8/site-packages/airflow/example_dags/example_task_group_decorator.py
[2022-01-05 20:49:42,152] {processor.py:642} INFO - Processing file /home/airflow/sandbox/lib/python3.8/site-packages/airflow/example_dags/example_task_group_decorator.py for tasks to queue
[2022-01-05 20:49:42,153] {logging_mixin.py:109} INFO - [2022-01-05 20:49:42,153] {dagbag.py:500} INFO - Filling up the DagBag from /home/airflow/sandbox/lib/python3.8/site-packages/airflow/example_dags/example_task_group_decorator.py
[2022-01-05 20:49:42,324] {processor.py:654} INFO - DAG(s) dict_keys(['example_task_group_decorator']) retrieved from /home/airflow/sandbox/lib/python3.8/site-packages/airflow/example_dags/example_task_group_decorator.py
[2022-01-05 20:49:42,950] {logging_mixin.py:109} INFO - [2022-01-05 20:49:42,949] {dag.py:2396} INFO - Sync 1 DAGs
[2022-01-05 20:49:42,981] {logging_mixin.py:109} INFO - [2022-01-05 20:49:42,981] {dag.py:2935} INFO - Setting next_dagrun for example_task_group_decorator to 2022-01-04T20:49:42.981661+00:00
[2022-01-05 20:49:43,001] {processor.py:171} INFO - Processing /home/airflow/sandbox/lib/python3.8/site-packages/airflow/example_dags/example_task_group_decorator.py took 0.858 seconds
[2022-01-05 20:50:13,115] {processor.py:163} INFO - Started process (PID=19652) to work on /home/airflow/sandbox/lib/python3.8/site-packages/airflow/example_dags/example_task_group_decorator.py
[2022-01-05 20:50:13,121] {processor.py:642} INFO - Processing file /home/airflow/sandbox/lib/python3.8/site-packages/airflow/example_dags/example_task_group_decorator.py for tasks to queue
[2022-01-05 20:50:13,124] {logging_mixin.py:109} INFO - [2022-01-05 20:50:13,123] {dagbag.py:500} INFO - Filling up the DagBag from /home/airflow/sandbox/lib/python3.8/site-packages/airflow/example_dags/example_task_group_decorator.py
[2022-01-05 20:50:13,392] {processor.py:654} INFO - DAG(s) dict_keys(['example_task_group_decorator']) retrieved from /home/airflow/sandbox/lib/python3.8/site-packages/airflow/example_dags/example_task_group_decorator.py
[2022-01-05 20:50:13,912] {logging_mixin.py:109} INFO - [2022-01-05 20:50:13,912] {dag.py:2396} INFO - Sync 1 DAGs
[2022-01-05 20:50:14,063] {logging_mixin.py:109} INFO - [2022-01-05 20:50:14,063] {dag.py:2935} INFO - Setting next_dagrun for example_task_group_decorator to 2022-01-04T20:50:14.063040+00:00
[2022-01-05 20:50:14,075] {processor.py:171} INFO - Processing /home/airflow/sandbox/lib/python3.8/site-packages/airflow/example_dags/example_task_group_decorator.py took 0.982 seconds
[2022-01-05 20:50:44,632] {processor.py:163} INFO - Started process (PID=19899) to work on /home/airflow/sandbox/lib/python3.8/site-packages/airflow/example_dags/example_task_group_decorator.py
[2022-01-05 20:50:44,634] {processor.py:642} INFO - Processing file /home/airflow/sandbox/lib/python3.8/site-packages/airflow/example_dags/example_task_group_decorator.py for tasks to queue
[2022-01-05 20:50:44,634] {logging_mixin.py:109} INFO - [2022-01-05 20:50:44,634] {dagbag.py:500} INFO - Filling up the DagBag from /home/airflow/sandbox/lib/python3.8/site-packages/airflow/example_dags/example_task_group_decorator.py
[2022-01-05 20:50:44,735] {processor.py:654} INFO - DAG(s) dict_keys(['example_task_group_decorator']) retrieved from /home/airflow/sandbox/lib/python3.8/site-packages/airflow/example_dags/example_task_group_decorator.py
[2022-01-05 20:50:45,106] {logging_mixin.py:109} INFO - [2022-01-05 20:50:45,106] {dag.py:2396} INFO - Sync 1 DAGs
[2022-01-05 20:50:45,358] {logging_mixin.py:109} INFO - [2022-01-05 20:50:45,358] {dag.py:2935} INFO - Setting next_dagrun for example_task_group_decorator to 2022-01-04T20:50:45.357686+00:00
[2022-01-05 20:50:45,375] {processor.py:171} INFO - Processing /home/airflow/sandbox/lib/python3.8/site-packages/airflow/example_dags/example_task_group_decorator.py took 0.747 seconds
[2022-01-05 20:51:15,850] {processor.py:163} INFO - Started process (PID=20146) to work on /home/airflow/sandbox/lib/python3.8/site-packages/airflow/example_dags/example_task_group_decorator.py
[2022-01-05 20:51:15,851] {processor.py:642} INFO - Processing file /home/airflow/sandbox/lib/python3.8/site-packages/airflow/example_dags/example_task_group_decorator.py for tasks to queue
[2022-01-05 20:51:15,852] {logging_mixin.py:109} INFO - [2022-01-05 20:51:15,852] {dagbag.py:500} INFO - Filling up the DagBag from /home/airflow/sandbox/lib/python3.8/site-packages/airflow/example_dags/example_task_group_decorator.py
[2022-01-05 20:51:15,922] {processor.py:654} INFO - DAG(s) dict_keys(['example_task_group_decorator']) retrieved from /home/airflow/sandbox/lib/python3.8/site-packages/airflow/example_dags/example_task_group_decorator.py
[2022-01-05 20:51:16,368] {logging_mixin.py:109} INFO - [2022-01-05 20:51:16,368] {dag.py:2396} INFO - Sync 1 DAGs
[2022-01-05 20:51:16,511] {logging_mixin.py:109} INFO - [2022-01-05 20:51:16,511] {dag.py:2935} INFO - Setting next_dagrun for example_task_group_decorator to 2022-01-04T20:51:16.510920+00:00
[2022-01-05 20:51:16,551] {processor.py:171} INFO - Processing /home/airflow/sandbox/lib/python3.8/site-packages/airflow/example_dags/example_task_group_decorator.py took 0.722 seconds
[2022-01-05 20:51:46,758] {processor.py:163} INFO - Started process (PID=20394) to work on /home/airflow/sandbox/lib/python3.8/site-packages/airflow/example_dags/example_task_group_decorator.py
[2022-01-05 20:51:46,759] {processor.py:642} INFO - Processing file /home/airflow/sandbox/lib/python3.8/site-packages/airflow/example_dags/example_task_group_decorator.py for tasks to queue
[2022-01-05 20:51:46,760] {logging_mixin.py:109} INFO - [2022-01-05 20:51:46,760] {dagbag.py:500} INFO - Filling up the DagBag from /home/airflow/sandbox/lib/python3.8/site-packages/airflow/example_dags/example_task_group_decorator.py
[2022-01-05 20:51:46,858] {processor.py:654} INFO - DAG(s) dict_keys(['example_task_group_decorator']) retrieved from /home/airflow/sandbox/lib/python3.8/site-packages/airflow/example_dags/example_task_group_decorator.py
[2022-01-05 20:51:47,226] {logging_mixin.py:109} INFO - [2022-01-05 20:51:47,226] {dag.py:2396} INFO - Sync 1 DAGs
[2022-01-05 20:51:47,366] {logging_mixin.py:109} INFO - [2022-01-05 20:51:47,366] {dag.py:2935} INFO - Setting next_dagrun for example_task_group_decorator to 2022-01-04T20:51:47.366629+00:00
[2022-01-05 20:51:47,402] {processor.py:171} INFO - Processing /home/airflow/sandbox/lib/python3.8/site-packages/airflow/example_dags/example_task_group_decorator.py took 0.650 seconds
[2022-01-05 20:52:18,162] {processor.py:163} INFO - Started process (PID=20641) to work on /home/airflow/sandbox/lib/python3.8/site-packages/airflow/example_dags/example_task_group_decorator.py
[2022-01-05 20:52:18,168] {processor.py:642} INFO - Processing file /home/airflow/sandbox/lib/python3.8/site-packages/airflow/example_dags/example_task_group_decorator.py for tasks to queue
[2022-01-05 20:52:18,169] {logging_mixin.py:109} INFO - [2022-01-05 20:52:18,169] {dagbag.py:500} INFO - Filling up the DagBag from /home/airflow/sandbox/lib/python3.8/site-packages/airflow/example_dags/example_task_group_decorator.py
[2022-01-05 20:52:18,249] {processor.py:654} INFO - DAG(s) dict_keys(['example_task_group_decorator']) retrieved from /home/airflow/sandbox/lib/python3.8/site-packages/airflow/example_dags/example_task_group_decorator.py
[2022-01-05 20:52:18,671] {logging_mixin.py:109} INFO - [2022-01-05 20:52:18,671] {dag.py:2396} INFO - Sync 1 DAGs
[2022-01-05 20:52:18,811] {logging_mixin.py:109} INFO - [2022-01-05 20:52:18,811] {dag.py:2935} INFO - Setting next_dagrun for example_task_group_decorator to 2022-01-04T20:52:18.811187+00:00
[2022-01-05 20:52:18,846] {processor.py:171} INFO - Processing /home/airflow/sandbox/lib/python3.8/site-packages/airflow/example_dags/example_task_group_decorator.py took 0.687 seconds
[2022-01-05 20:52:48,960] {processor.py:163} INFO - Started process (PID=20888) to work on /home/airflow/sandbox/lib/python3.8/site-packages/airflow/example_dags/example_task_group_decorator.py
[2022-01-05 20:52:48,963] {processor.py:642} INFO - Processing file /home/airflow/sandbox/lib/python3.8/site-packages/airflow/example_dags/example_task_group_decorator.py for tasks to queue
[2022-01-05 20:52:48,965] {logging_mixin.py:109} INFO - [2022-01-05 20:52:48,964] {dagbag.py:500} INFO - Filling up the DagBag from /home/airflow/sandbox/lib/python3.8/site-packages/airflow/example_dags/example_task_group_decorator.py
[2022-01-05 20:52:49,047] {processor.py:654} INFO - DAG(s) dict_keys(['example_task_group_decorator']) retrieved from /home/airflow/sandbox/lib/python3.8/site-packages/airflow/example_dags/example_task_group_decorator.py
[2022-01-05 20:52:49,659] {logging_mixin.py:109} INFO - [2022-01-05 20:52:49,659] {dag.py:2396} INFO - Sync 1 DAGs
[2022-01-05 20:52:49,688] {logging_mixin.py:109} INFO - [2022-01-05 20:52:49,688] {dag.py:2935} INFO - Setting next_dagrun for example_task_group_decorator to 2022-01-04T20:52:49.688576+00:00
[2022-01-05 20:52:49,711] {processor.py:171} INFO - Processing /home/airflow/sandbox/lib/python3.8/site-packages/airflow/example_dags/example_task_group_decorator.py took 0.757 seconds
[2022-01-05 20:53:20,009] {processor.py:163} INFO - Started process (PID=21204) to work on /home/airflow/sandbox/lib/python3.8/site-packages/airflow/example_dags/example_task_group_decorator.py
[2022-01-05 20:53:20,011] {processor.py:642} INFO - Processing file /home/airflow/sandbox/lib/python3.8/site-packages/airflow/example_dags/example_task_group_decorator.py for tasks to queue
[2022-01-05 20:53:20,011] {logging_mixin.py:109} INFO - [2022-01-05 20:53:20,011] {dagbag.py:500} INFO - Filling up the DagBag from /home/airflow/sandbox/lib/python3.8/site-packages/airflow/example_dags/example_task_group_decorator.py
[2022-01-05 20:53:20,099] {processor.py:654} INFO - DAG(s) dict_keys(['example_task_group_decorator']) retrieved from /home/airflow/sandbox/lib/python3.8/site-packages/airflow/example_dags/example_task_group_decorator.py
[2022-01-05 20:53:20,661] {logging_mixin.py:109} INFO - [2022-01-05 20:53:20,661] {dag.py:2396} INFO - Sync 1 DAGs
[2022-01-05 20:53:20,690] {logging_mixin.py:109} INFO - [2022-01-05 20:53:20,690] {dag.py:2935} INFO - Setting next_dagrun for example_task_group_decorator to 2022-01-04T20:53:20.690243+00:00
[2022-01-05 20:53:20,704] {processor.py:171} INFO - Processing /home/airflow/sandbox/lib/python3.8/site-packages/airflow/example_dags/example_task_group_decorator.py took 0.703 seconds
[2022-01-05 20:53:51,238] {processor.py:163} INFO - Started process (PID=21451) to work on /home/airflow/sandbox/lib/python3.8/site-packages/airflow/example_dags/example_task_group_decorator.py
[2022-01-05 20:53:51,240] {processor.py:642} INFO - Processing file /home/airflow/sandbox/lib/python3.8/site-packages/airflow/example_dags/example_task_group_decorator.py for tasks to queue
[2022-01-05 20:53:51,241] {logging_mixin.py:109} INFO - [2022-01-05 20:53:51,241] {dagbag.py:500} INFO - Filling up the DagBag from /home/airflow/sandbox/lib/python3.8/site-packages/airflow/example_dags/example_task_group_decorator.py
[2022-01-05 20:53:51,333] {processor.py:654} INFO - DAG(s) dict_keys(['example_task_group_decorator']) retrieved from /home/airflow/sandbox/lib/python3.8/site-packages/airflow/example_dags/example_task_group_decorator.py
[2022-01-05 20:53:51,852] {logging_mixin.py:109} INFO - [2022-01-05 20:53:51,852] {dag.py:2396} INFO - Sync 1 DAGs
[2022-01-05 20:53:51,883] {logging_mixin.py:109} INFO - [2022-01-05 20:53:51,883] {dag.py:2935} INFO - Setting next_dagrun for example_task_group_decorator to 2022-01-04T20:53:51.883378+00:00
[2022-01-05 20:53:51,905] {processor.py:171} INFO - Processing /home/airflow/sandbox/lib/python3.8/site-packages/airflow/example_dags/example_task_group_decorator.py took 0.670 seconds
[2022-01-05 20:54:22,328] {processor.py:163} INFO - Started process (PID=21692) to work on /home/airflow/sandbox/lib/python3.8/site-packages/airflow/example_dags/example_task_group_decorator.py
[2022-01-05 20:54:22,329] {processor.py:642} INFO - Processing file /home/airflow/sandbox/lib/python3.8/site-packages/airflow/example_dags/example_task_group_decorator.py for tasks to queue
[2022-01-05 20:54:22,330] {logging_mixin.py:109} INFO - [2022-01-05 20:54:22,330] {dagbag.py:500} INFO - Filling up the DagBag from /home/airflow/sandbox/lib/python3.8/site-packages/airflow/example_dags/example_task_group_decorator.py
[2022-01-05 20:54:22,429] {processor.py:654} INFO - DAG(s) dict_keys(['example_task_group_decorator']) retrieved from /home/airflow/sandbox/lib/python3.8/site-packages/airflow/example_dags/example_task_group_decorator.py
[2022-01-05 20:54:22,959] {logging_mixin.py:109} INFO - [2022-01-05 20:54:22,959] {dag.py:2396} INFO - Sync 1 DAGs
[2022-01-05 20:54:22,996] {logging_mixin.py:109} INFO - [2022-01-05 20:54:22,996] {dag.py:2935} INFO - Setting next_dagrun for example_task_group_decorator to 2022-01-04T20:54:22.996406+00:00
[2022-01-05 20:54:23,033] {processor.py:171} INFO - Processing /home/airflow/sandbox/lib/python3.8/site-packages/airflow/example_dags/example_task_group_decorator.py took 0.708 seconds
[2022-01-05 20:54:53,160] {processor.py:163} INFO - Started process (PID=21940) to work on /home/airflow/sandbox/lib/python3.8/site-packages/airflow/example_dags/example_task_group_decorator.py
[2022-01-05 20:54:53,161] {processor.py:642} INFO - Processing file /home/airflow/sandbox/lib/python3.8/site-packages/airflow/example_dags/example_task_group_decorator.py for tasks to queue
[2022-01-05 20:54:53,161] {logging_mixin.py:109} INFO - [2022-01-05 20:54:53,161] {dagbag.py:500} INFO - Filling up the DagBag from /home/airflow/sandbox/lib/python3.8/site-packages/airflow/example_dags/example_task_group_decorator.py
[2022-01-05 20:54:53,207] {processor.py:654} INFO - DAG(s) dict_keys(['example_task_group_decorator']) retrieved from /home/airflow/sandbox/lib/python3.8/site-packages/airflow/example_dags/example_task_group_decorator.py
[2022-01-05 20:54:53,986] {logging_mixin.py:109} INFO - [2022-01-05 20:54:53,985] {dag.py:2396} INFO - Sync 1 DAGs
[2022-01-05 20:54:54,033] {logging_mixin.py:109} INFO - [2022-01-05 20:54:54,031] {dag.py:2935} INFO - Setting next_dagrun for example_task_group_decorator to 2022-01-04T20:54:54.028805+00:00
[2022-01-05 20:54:54,132] {processor.py:171} INFO - Processing /home/airflow/sandbox/lib/python3.8/site-packages/airflow/example_dags/example_task_group_decorator.py took 0.975 seconds
[2022-01-05 20:55:24,905] {processor.py:163} INFO - Started process (PID=22190) to work on /home/airflow/sandbox/lib/python3.8/site-packages/airflow/example_dags/example_task_group_decorator.py
[2022-01-05 20:55:24,930] {processor.py:642} INFO - Processing file /home/airflow/sandbox/lib/python3.8/site-packages/airflow/example_dags/example_task_group_decorator.py for tasks to queue
[2022-01-05 20:55:24,931] {logging_mixin.py:109} INFO - [2022-01-05 20:55:24,931] {dagbag.py:500} INFO - Filling up the DagBag from /home/airflow/sandbox/lib/python3.8/site-packages/airflow/example_dags/example_task_group_decorator.py
[2022-01-05 20:55:25,092] {processor.py:654} INFO - DAG(s) dict_keys(['example_task_group_decorator']) retrieved from /home/airflow/sandbox/lib/python3.8/site-packages/airflow/example_dags/example_task_group_decorator.py
[2022-01-05 20:55:26,080] {logging_mixin.py:109} INFO - [2022-01-05 20:55:26,080] {dag.py:2396} INFO - Sync 1 DAGs
[2022-01-05 20:55:26,100] {logging_mixin.py:109} INFO - [2022-01-05 20:55:26,100] {dag.py:2935} INFO - Setting next_dagrun for example_task_group_decorator to 2022-01-04T20:55:26.099722+00:00
[2022-01-05 20:55:26,140] {processor.py:171} INFO - Processing /home/airflow/sandbox/lib/python3.8/site-packages/airflow/example_dags/example_task_group_decorator.py took 1.241 seconds
[2022-01-05 20:55:56,599] {processor.py:163} INFO - Started process (PID=22438) to work on /home/airflow/sandbox/lib/python3.8/site-packages/airflow/example_dags/example_task_group_decorator.py
[2022-01-05 20:55:56,601] {processor.py:642} INFO - Processing file /home/airflow/sandbox/lib/python3.8/site-packages/airflow/example_dags/example_task_group_decorator.py for tasks to queue
[2022-01-05 20:55:56,602] {logging_mixin.py:109} INFO - [2022-01-05 20:55:56,602] {dagbag.py:500} INFO - Filling up the DagBag from /home/airflow/sandbox/lib/python3.8/site-packages/airflow/example_dags/example_task_group_decorator.py
[2022-01-05 20:55:56,784] {processor.py:654} INFO - DAG(s) dict_keys(['example_task_group_decorator']) retrieved from /home/airflow/sandbox/lib/python3.8/site-packages/airflow/example_dags/example_task_group_decorator.py
[2022-01-05 20:55:57,799] {logging_mixin.py:109} INFO - [2022-01-05 20:55:57,799] {dag.py:2396} INFO - Sync 1 DAGs
[2022-01-05 20:55:57,943] {logging_mixin.py:109} INFO - [2022-01-05 20:55:57,943] {dag.py:2935} INFO - Setting next_dagrun for example_task_group_decorator to 2022-01-04T20:55:57.943196+00:00
[2022-01-05 20:55:57,995] {processor.py:171} INFO - Processing /home/airflow/sandbox/lib/python3.8/site-packages/airflow/example_dags/example_task_group_decorator.py took 1.400 seconds
[2022-01-05 20:56:28,445] {processor.py:163} INFO - Started process (PID=22680) to work on /home/airflow/sandbox/lib/python3.8/site-packages/airflow/example_dags/example_task_group_decorator.py
[2022-01-05 20:56:28,447] {processor.py:642} INFO - Processing file /home/airflow/sandbox/lib/python3.8/site-packages/airflow/example_dags/example_task_group_decorator.py for tasks to queue
[2022-01-05 20:56:28,449] {logging_mixin.py:109} INFO - [2022-01-05 20:56:28,449] {dagbag.py:500} INFO - Filling up the DagBag from /home/airflow/sandbox/lib/python3.8/site-packages/airflow/example_dags/example_task_group_decorator.py
[2022-01-05 20:56:28,696] {processor.py:654} INFO - DAG(s) dict_keys(['example_task_group_decorator']) retrieved from /home/airflow/sandbox/lib/python3.8/site-packages/airflow/example_dags/example_task_group_decorator.py
[2022-01-05 20:56:30,342] {logging_mixin.py:109} INFO - [2022-01-05 20:56:30,342] {dag.py:2396} INFO - Sync 1 DAGs
[2022-01-05 20:56:30,486] {logging_mixin.py:109} INFO - [2022-01-05 20:56:30,485] {dag.py:2935} INFO - Setting next_dagrun for example_task_group_decorator to 2022-01-04T20:56:30.484852+00:00
[2022-01-05 20:56:30,652] {processor.py:171} INFO - Processing /home/airflow/sandbox/lib/python3.8/site-packages/airflow/example_dags/example_task_group_decorator.py took 2.299 seconds
[2022-01-05 20:57:01,317] {processor.py:163} INFO - Started process (PID=22939) to work on /home/airflow/sandbox/lib/python3.8/site-packages/airflow/example_dags/example_task_group_decorator.py
[2022-01-05 20:57:01,324] {processor.py:642} INFO - Processing file /home/airflow/sandbox/lib/python3.8/site-packages/airflow/example_dags/example_task_group_decorator.py for tasks to queue
[2022-01-05 20:57:01,325] {logging_mixin.py:109} INFO - [2022-01-05 20:57:01,325] {dagbag.py:500} INFO - Filling up the DagBag from /home/airflow/sandbox/lib/python3.8/site-packages/airflow/example_dags/example_task_group_decorator.py
[2022-01-05 20:57:01,399] {processor.py:654} INFO - DAG(s) dict_keys(['example_task_group_decorator']) retrieved from /home/airflow/sandbox/lib/python3.8/site-packages/airflow/example_dags/example_task_group_decorator.py
[2022-01-05 20:57:02,143] {logging_mixin.py:109} INFO - [2022-01-05 20:57:02,143] {dag.py:2396} INFO - Sync 1 DAGs
[2022-01-05 20:57:02,242] {logging_mixin.py:109} INFO - [2022-01-05 20:57:02,242] {dag.py:2935} INFO - Setting next_dagrun for example_task_group_decorator to 2022-01-04T20:57:02.240829+00:00
[2022-01-05 20:57:02,284] {processor.py:171} INFO - Processing /home/airflow/sandbox/lib/python3.8/site-packages/airflow/example_dags/example_task_group_decorator.py took 0.970 seconds
[2022-01-05 20:57:32,748] {processor.py:163} INFO - Started process (PID=23198) to work on /home/airflow/sandbox/lib/python3.8/site-packages/airflow/example_dags/example_task_group_decorator.py
[2022-01-05 20:57:32,751] {processor.py:642} INFO - Processing file /home/airflow/sandbox/lib/python3.8/site-packages/airflow/example_dags/example_task_group_decorator.py for tasks to queue
[2022-01-05 20:57:32,754] {logging_mixin.py:109} INFO - [2022-01-05 20:57:32,754] {dagbag.py:500} INFO - Filling up the DagBag from /home/airflow/sandbox/lib/python3.8/site-packages/airflow/example_dags/example_task_group_decorator.py
[2022-01-05 20:57:32,990] {processor.py:654} INFO - DAG(s) dict_keys(['example_task_group_decorator']) retrieved from /home/airflow/sandbox/lib/python3.8/site-packages/airflow/example_dags/example_task_group_decorator.py
[2022-01-05 20:57:33,852] {logging_mixin.py:109} INFO - [2022-01-05 20:57:33,852] {dag.py:2396} INFO - Sync 1 DAGs
[2022-01-05 20:57:33,931] {logging_mixin.py:109} INFO - [2022-01-05 20:57:33,931] {dag.py:2935} INFO - Setting next_dagrun for example_task_group_decorator to 2022-01-04T20:57:33.904542+00:00
[2022-01-05 20:57:34,051] {processor.py:171} INFO - Processing /home/airflow/sandbox/lib/python3.8/site-packages/airflow/example_dags/example_task_group_decorator.py took 1.312 seconds
[2022-01-05 20:58:04,144] {processor.py:163} INFO - Started process (PID=23440) to work on /home/airflow/sandbox/lib/python3.8/site-packages/airflow/example_dags/example_task_group_decorator.py
[2022-01-05 20:58:04,146] {processor.py:642} INFO - Processing file /home/airflow/sandbox/lib/python3.8/site-packages/airflow/example_dags/example_task_group_decorator.py for tasks to queue
[2022-01-05 20:58:04,148] {logging_mixin.py:109} INFO - [2022-01-05 20:58:04,148] {dagbag.py:500} INFO - Filling up the DagBag from /home/airflow/sandbox/lib/python3.8/site-packages/airflow/example_dags/example_task_group_decorator.py
[2022-01-05 20:58:04,339] {processor.py:654} INFO - DAG(s) dict_keys(['example_task_group_decorator']) retrieved from /home/airflow/sandbox/lib/python3.8/site-packages/airflow/example_dags/example_task_group_decorator.py
[2022-01-05 20:58:05,492] {logging_mixin.py:109} INFO - [2022-01-05 20:58:05,492] {dag.py:2396} INFO - Sync 1 DAGs
[2022-01-05 20:58:05,542] {logging_mixin.py:109} INFO - [2022-01-05 20:58:05,542] {dag.py:2935} INFO - Setting next_dagrun for example_task_group_decorator to 2022-01-04T20:58:05.542049+00:00
[2022-01-05 20:58:05,680] {processor.py:171} INFO - Processing /home/airflow/sandbox/lib/python3.8/site-packages/airflow/example_dags/example_task_group_decorator.py took 1.539 seconds
[2022-01-05 20:58:36,431] {processor.py:163} INFO - Started process (PID=23758) to work on /home/airflow/sandbox/lib/python3.8/site-packages/airflow/example_dags/example_task_group_decorator.py
[2022-01-05 20:58:36,434] {processor.py:642} INFO - Processing file /home/airflow/sandbox/lib/python3.8/site-packages/airflow/example_dags/example_task_group_decorator.py for tasks to queue
[2022-01-05 20:58:36,438] {logging_mixin.py:109} INFO - [2022-01-05 20:58:36,438] {dagbag.py:500} INFO - Filling up the DagBag from /home/airflow/sandbox/lib/python3.8/site-packages/airflow/example_dags/example_task_group_decorator.py
[2022-01-05 20:58:36,689] {processor.py:654} INFO - DAG(s) dict_keys(['example_task_group_decorator']) retrieved from /home/airflow/sandbox/lib/python3.8/site-packages/airflow/example_dags/example_task_group_decorator.py
[2022-01-05 20:58:37,741] {logging_mixin.py:109} INFO - [2022-01-05 20:58:37,740] {dag.py:2396} INFO - Sync 1 DAGs
[2022-01-05 20:58:37,789] {logging_mixin.py:109} INFO - [2022-01-05 20:58:37,789] {dag.py:2935} INFO - Setting next_dagrun for example_task_group_decorator to 2022-01-04T20:58:37.788655+00:00
[2022-01-05 20:58:37,831] {processor.py:171} INFO - Processing /home/airflow/sandbox/lib/python3.8/site-packages/airflow/example_dags/example_task_group_decorator.py took 1.476 seconds
[2022-01-05 20:59:07,885] {processor.py:163} INFO - Started process (PID=24003) to work on /home/airflow/sandbox/lib/python3.8/site-packages/airflow/example_dags/example_task_group_decorator.py
[2022-01-05 20:59:07,888] {processor.py:642} INFO - Processing file /home/airflow/sandbox/lib/python3.8/site-packages/airflow/example_dags/example_task_group_decorator.py for tasks to queue
[2022-01-05 20:59:07,889] {logging_mixin.py:109} INFO - [2022-01-05 20:59:07,889] {dagbag.py:500} INFO - Filling up the DagBag from /home/airflow/sandbox/lib/python3.8/site-packages/airflow/example_dags/example_task_group_decorator.py
[2022-01-05 20:59:08,043] {processor.py:654} INFO - DAG(s) dict_keys(['example_task_group_decorator']) retrieved from /home/airflow/sandbox/lib/python3.8/site-packages/airflow/example_dags/example_task_group_decorator.py
[2022-01-05 20:59:09,191] {logging_mixin.py:109} INFO - [2022-01-05 20:59:09,190] {dag.py:2396} INFO - Sync 1 DAGs
[2022-01-05 20:59:09,236] {logging_mixin.py:109} INFO - [2022-01-05 20:59:09,235] {dag.py:2935} INFO - Setting next_dagrun for example_task_group_decorator to 2022-01-04T20:59:09.235338+00:00
[2022-01-05 20:59:09,331] {processor.py:171} INFO - Processing /home/airflow/sandbox/lib/python3.8/site-packages/airflow/example_dags/example_task_group_decorator.py took 1.451 seconds
[2022-01-05 20:59:39,990] {processor.py:163} INFO - Started process (PID=24250) to work on /home/airflow/sandbox/lib/python3.8/site-packages/airflow/example_dags/example_task_group_decorator.py
[2022-01-05 20:59:39,992] {processor.py:642} INFO - Processing file /home/airflow/sandbox/lib/python3.8/site-packages/airflow/example_dags/example_task_group_decorator.py for tasks to queue
[2022-01-05 20:59:39,994] {logging_mixin.py:109} INFO - [2022-01-05 20:59:39,993] {dagbag.py:500} INFO - Filling up the DagBag from /home/airflow/sandbox/lib/python3.8/site-packages/airflow/example_dags/example_task_group_decorator.py
[2022-01-05 20:59:40,587] {processor.py:654} INFO - DAG(s) dict_keys(['example_task_group_decorator']) retrieved from /home/airflow/sandbox/lib/python3.8/site-packages/airflow/example_dags/example_task_group_decorator.py
[2022-01-05 20:59:41,684] {logging_mixin.py:109} INFO - [2022-01-05 20:59:41,684] {dag.py:2396} INFO - Sync 1 DAGs
[2022-01-05 20:59:41,698] {logging_mixin.py:109} INFO - [2022-01-05 20:59:41,698] {dag.py:2935} INFO - Setting next_dagrun for example_task_group_decorator to 2022-01-04T20:59:41.697824+00:00
[2022-01-05 20:59:41,710] {processor.py:171} INFO - Processing /home/airflow/sandbox/lib/python3.8/site-packages/airflow/example_dags/example_task_group_decorator.py took 1.730 seconds
[2022-01-05 21:00:12,246] {processor.py:163} INFO - Started process (PID=24504) to work on /home/airflow/sandbox/lib/python3.8/site-packages/airflow/example_dags/example_task_group_decorator.py
[2022-01-05 21:00:12,247] {processor.py:642} INFO - Processing file /home/airflow/sandbox/lib/python3.8/site-packages/airflow/example_dags/example_task_group_decorator.py for tasks to queue
[2022-01-05 21:00:12,252] {logging_mixin.py:109} INFO - [2022-01-05 21:00:12,252] {dagbag.py:500} INFO - Filling up the DagBag from /home/airflow/sandbox/lib/python3.8/site-packages/airflow/example_dags/example_task_group_decorator.py
[2022-01-05 21:00:12,325] {processor.py:654} INFO - DAG(s) dict_keys(['example_task_group_decorator']) retrieved from /home/airflow/sandbox/lib/python3.8/site-packages/airflow/example_dags/example_task_group_decorator.py
[2022-01-05 21:00:12,562] {logging_mixin.py:109} INFO - [2022-01-05 21:00:12,562] {dag.py:2396} INFO - Sync 1 DAGs
[2022-01-05 21:00:12,571] {logging_mixin.py:109} INFO - [2022-01-05 21:00:12,571] {dag.py:2935} INFO - Setting next_dagrun for example_task_group_decorator to 2022-01-04T21:00:12.571494+00:00
[2022-01-05 21:00:12,583] {processor.py:171} INFO - Processing /home/airflow/sandbox/lib/python3.8/site-packages/airflow/example_dags/example_task_group_decorator.py took 0.340 seconds
