[2022-01-05 20:07:17,584] {processor.py:163} INFO - Started process (PID=2504) to work on /home/airflow/sandbox/lib/python3.8/site-packages/airflow/example_dags/example_short_circuit_operator.py
[2022-01-05 20:07:17,594] {processor.py:642} INFO - Processing file /home/airflow/sandbox/lib/python3.8/site-packages/airflow/example_dags/example_short_circuit_operator.py for tasks to queue
[2022-01-05 20:07:17,619] {logging_mixin.py:109} INFO - [2022-01-05 20:07:17,618] {dagbag.py:500} INFO - Filling up the DagBag from /home/airflow/sandbox/lib/python3.8/site-packages/airflow/example_dags/example_short_circuit_operator.py
[2022-01-05 20:07:17,941] {processor.py:654} INFO - DAG(s) dict_keys(['example_short_circuit_operator']) retrieved from /home/airflow/sandbox/lib/python3.8/site-packages/airflow/example_dags/example_short_circuit_operator.py
[2022-01-05 20:07:18,125] {logging_mixin.py:109} INFO - [2022-01-05 20:07:18,124] {dag.py:2396} INFO - Sync 1 DAGs
[2022-01-05 20:07:18,300] {logging_mixin.py:109} INFO - [2022-01-05 20:07:18,300] {dag.py:2935} INFO - Setting next_dagrun for example_short_circuit_operator to 2022-01-04T20:07:18.290098+00:00
[2022-01-05 20:07:18,442] {processor.py:171} INFO - Processing /home/airflow/sandbox/lib/python3.8/site-packages/airflow/example_dags/example_short_circuit_operator.py took 0.922 seconds
[2022-01-05 20:07:48,702] {processor.py:163} INFO - Started process (PID=2773) to work on /home/airflow/sandbox/lib/python3.8/site-packages/airflow/example_dags/example_short_circuit_operator.py
[2022-01-05 20:07:48,704] {processor.py:642} INFO - Processing file /home/airflow/sandbox/lib/python3.8/site-packages/airflow/example_dags/example_short_circuit_operator.py for tasks to queue
[2022-01-05 20:07:48,705] {logging_mixin.py:109} INFO - [2022-01-05 20:07:48,705] {dagbag.py:500} INFO - Filling up the DagBag from /home/airflow/sandbox/lib/python3.8/site-packages/airflow/example_dags/example_short_circuit_operator.py
[2022-01-05 20:07:48,842] {processor.py:654} INFO - DAG(s) dict_keys(['example_short_circuit_operator']) retrieved from /home/airflow/sandbox/lib/python3.8/site-packages/airflow/example_dags/example_short_circuit_operator.py
[2022-01-05 20:07:48,952] {logging_mixin.py:109} INFO - [2022-01-05 20:07:48,952] {dag.py:2396} INFO - Sync 1 DAGs
[2022-01-05 20:07:49,111] {logging_mixin.py:109} INFO - [2022-01-05 20:07:49,111] {dag.py:2935} INFO - Setting next_dagrun for example_short_circuit_operator to 2022-01-04T20:07:49.110978+00:00
[2022-01-05 20:07:49,140] {processor.py:171} INFO - Processing /home/airflow/sandbox/lib/python3.8/site-packages/airflow/example_dags/example_short_circuit_operator.py took 0.447 seconds
[2022-01-05 20:08:19,458] {processor.py:163} INFO - Started process (PID=2948) to work on /home/airflow/sandbox/lib/python3.8/site-packages/airflow/example_dags/example_short_circuit_operator.py
[2022-01-05 20:08:19,488] {processor.py:642} INFO - Processing file /home/airflow/sandbox/lib/python3.8/site-packages/airflow/example_dags/example_short_circuit_operator.py for tasks to queue
[2022-01-05 20:08:19,496] {logging_mixin.py:109} INFO - [2022-01-05 20:08:19,495] {dagbag.py:500} INFO - Filling up the DagBag from /home/airflow/sandbox/lib/python3.8/site-packages/airflow/example_dags/example_short_circuit_operator.py
[2022-01-05 20:08:19,787] {processor.py:654} INFO - DAG(s) dict_keys(['example_short_circuit_operator']) retrieved from /home/airflow/sandbox/lib/python3.8/site-packages/airflow/example_dags/example_short_circuit_operator.py
[2022-01-05 20:08:19,836] {logging_mixin.py:109} INFO - [2022-01-05 20:08:19,836] {dag.py:2396} INFO - Sync 1 DAGs
[2022-01-05 20:08:20,013] {logging_mixin.py:109} INFO - [2022-01-05 20:08:20,012] {dag.py:2935} INFO - Setting next_dagrun for example_short_circuit_operator to 2022-01-04T20:08:20.012184+00:00
[2022-01-05 20:08:20,094] {processor.py:171} INFO - Processing /home/airflow/sandbox/lib/python3.8/site-packages/airflow/example_dags/example_short_circuit_operator.py took 0.656 seconds
[2022-01-05 20:08:50,226] {processor.py:163} INFO - Started process (PID=3316) to work on /home/airflow/sandbox/lib/python3.8/site-packages/airflow/example_dags/example_short_circuit_operator.py
[2022-01-05 20:08:50,227] {processor.py:642} INFO - Processing file /home/airflow/sandbox/lib/python3.8/site-packages/airflow/example_dags/example_short_circuit_operator.py for tasks to queue
[2022-01-05 20:08:50,229] {logging_mixin.py:109} INFO - [2022-01-05 20:08:50,229] {dagbag.py:500} INFO - Filling up the DagBag from /home/airflow/sandbox/lib/python3.8/site-packages/airflow/example_dags/example_short_circuit_operator.py
[2022-01-05 20:08:50,320] {processor.py:654} INFO - DAG(s) dict_keys(['example_short_circuit_operator']) retrieved from /home/airflow/sandbox/lib/python3.8/site-packages/airflow/example_dags/example_short_circuit_operator.py
[2022-01-05 20:08:50,334] {logging_mixin.py:109} INFO - [2022-01-05 20:08:50,334] {dag.py:2396} INFO - Sync 1 DAGs
[2022-01-05 20:08:50,371] {logging_mixin.py:109} INFO - [2022-01-05 20:08:50,371] {dag.py:2935} INFO - Setting next_dagrun for example_short_circuit_operator to 2022-01-04T20:08:50.370707+00:00
[2022-01-05 20:08:50,383] {processor.py:171} INFO - Processing /home/airflow/sandbox/lib/python3.8/site-packages/airflow/example_dags/example_short_circuit_operator.py took 0.163 seconds
[2022-01-05 20:09:27,235] {processor.py:163} INFO - Started process (PID=4024) to work on /home/airflow/sandbox/lib/python3.8/site-packages/airflow/example_dags/example_short_circuit_operator.py
[2022-01-05 20:09:27,262] {processor.py:642} INFO - Processing file /home/airflow/sandbox/lib/python3.8/site-packages/airflow/example_dags/example_short_circuit_operator.py for tasks to queue
[2022-01-05 20:09:27,263] {logging_mixin.py:109} INFO - [2022-01-05 20:09:27,263] {dagbag.py:500} INFO - Filling up the DagBag from /home/airflow/sandbox/lib/python3.8/site-packages/airflow/example_dags/example_short_circuit_operator.py
[2022-01-05 20:09:27,429] {processor.py:654} INFO - DAG(s) dict_keys(['example_short_circuit_operator']) retrieved from /home/airflow/sandbox/lib/python3.8/site-packages/airflow/example_dags/example_short_circuit_operator.py
[2022-01-05 20:09:27,531] {logging_mixin.py:109} INFO - [2022-01-05 20:09:27,531] {dag.py:2396} INFO - Sync 1 DAGs
[2022-01-05 20:09:27,933] {logging_mixin.py:109} INFO - [2022-01-05 20:09:27,933] {dag.py:2935} INFO - Setting next_dagrun for example_short_circuit_operator to 2022-01-04T20:09:27.933375+00:00
[2022-01-05 20:09:28,085] {processor.py:171} INFO - Processing /home/airflow/sandbox/lib/python3.8/site-packages/airflow/example_dags/example_short_circuit_operator.py took 0.857 seconds
[2022-01-05 20:09:59,665] {processor.py:163} INFO - Started process (PID=4723) to work on /home/airflow/sandbox/lib/python3.8/site-packages/airflow/example_dags/example_short_circuit_operator.py
[2022-01-05 20:09:59,671] {processor.py:642} INFO - Processing file /home/airflow/sandbox/lib/python3.8/site-packages/airflow/example_dags/example_short_circuit_operator.py for tasks to queue
[2022-01-05 20:09:59,693] {logging_mixin.py:109} INFO - [2022-01-05 20:09:59,692] {dagbag.py:500} INFO - Filling up the DagBag from /home/airflow/sandbox/lib/python3.8/site-packages/airflow/example_dags/example_short_circuit_operator.py
[2022-01-05 20:09:59,963] {processor.py:654} INFO - DAG(s) dict_keys(['example_short_circuit_operator']) retrieved from /home/airflow/sandbox/lib/python3.8/site-packages/airflow/example_dags/example_short_circuit_operator.py
[2022-01-05 20:10:00,007] {logging_mixin.py:109} INFO - [2022-01-05 20:10:00,007] {dag.py:2396} INFO - Sync 1 DAGs
[2022-01-05 20:10:00,065] {logging_mixin.py:109} INFO - [2022-01-05 20:10:00,064] {dag.py:2935} INFO - Setting next_dagrun for example_short_circuit_operator to 2022-01-04T20:10:00.064589+00:00
[2022-01-05 20:10:00,111] {processor.py:171} INFO - Processing /home/airflow/sandbox/lib/python3.8/site-packages/airflow/example_dags/example_short_circuit_operator.py took 0.539 seconds
[2022-01-05 20:10:30,482] {processor.py:163} INFO - Started process (PID=4812) to work on /home/airflow/sandbox/lib/python3.8/site-packages/airflow/example_dags/example_short_circuit_operator.py
[2022-01-05 20:10:30,485] {processor.py:642} INFO - Processing file /home/airflow/sandbox/lib/python3.8/site-packages/airflow/example_dags/example_short_circuit_operator.py for tasks to queue
[2022-01-05 20:10:30,486] {logging_mixin.py:109} INFO - [2022-01-05 20:10:30,486] {dagbag.py:500} INFO - Filling up the DagBag from /home/airflow/sandbox/lib/python3.8/site-packages/airflow/example_dags/example_short_circuit_operator.py
[2022-01-05 20:10:30,778] {processor.py:654} INFO - DAG(s) dict_keys(['example_short_circuit_operator']) retrieved from /home/airflow/sandbox/lib/python3.8/site-packages/airflow/example_dags/example_short_circuit_operator.py
[2022-01-05 20:10:30,840] {logging_mixin.py:109} INFO - [2022-01-05 20:10:30,839] {dag.py:2396} INFO - Sync 1 DAGs
[2022-01-05 20:10:30,950] {logging_mixin.py:109} INFO - [2022-01-05 20:10:30,949] {dag.py:2935} INFO - Setting next_dagrun for example_short_circuit_operator to 2022-01-04T20:10:30.949064+00:00
[2022-01-05 20:10:31,049] {processor.py:171} INFO - Processing /home/airflow/sandbox/lib/python3.8/site-packages/airflow/example_dags/example_short_circuit_operator.py took 0.570 seconds
[2022-01-05 20:11:01,786] {processor.py:163} INFO - Started process (PID=4995) to work on /home/airflow/sandbox/lib/python3.8/site-packages/airflow/example_dags/example_short_circuit_operator.py
[2022-01-05 20:11:01,787] {processor.py:642} INFO - Processing file /home/airflow/sandbox/lib/python3.8/site-packages/airflow/example_dags/example_short_circuit_operator.py for tasks to queue
[2022-01-05 20:11:01,788] {logging_mixin.py:109} INFO - [2022-01-05 20:11:01,787] {dagbag.py:500} INFO - Filling up the DagBag from /home/airflow/sandbox/lib/python3.8/site-packages/airflow/example_dags/example_short_circuit_operator.py
[2022-01-05 20:11:02,003] {processor.py:654} INFO - DAG(s) dict_keys(['example_short_circuit_operator']) retrieved from /home/airflow/sandbox/lib/python3.8/site-packages/airflow/example_dags/example_short_circuit_operator.py
[2022-01-05 20:11:02,101] {logging_mixin.py:109} INFO - [2022-01-05 20:11:02,101] {dag.py:2396} INFO - Sync 1 DAGs
[2022-01-05 20:11:02,231] {logging_mixin.py:109} INFO - [2022-01-05 20:11:02,230] {dag.py:2935} INFO - Setting next_dagrun for example_short_circuit_operator to 2022-01-04T20:11:02.230013+00:00
[2022-01-05 20:11:02,288] {processor.py:171} INFO - Processing /home/airflow/sandbox/lib/python3.8/site-packages/airflow/example_dags/example_short_circuit_operator.py took 0.538 seconds
[2022-01-05 20:11:32,488] {processor.py:163} INFO - Started process (PID=5086) to work on /home/airflow/sandbox/lib/python3.8/site-packages/airflow/example_dags/example_short_circuit_operator.py
[2022-01-05 20:11:32,492] {processor.py:642} INFO - Processing file /home/airflow/sandbox/lib/python3.8/site-packages/airflow/example_dags/example_short_circuit_operator.py for tasks to queue
[2022-01-05 20:11:32,493] {logging_mixin.py:109} INFO - [2022-01-05 20:11:32,493] {dagbag.py:500} INFO - Filling up the DagBag from /home/airflow/sandbox/lib/python3.8/site-packages/airflow/example_dags/example_short_circuit_operator.py
[2022-01-05 20:11:32,576] {processor.py:654} INFO - DAG(s) dict_keys(['example_short_circuit_operator']) retrieved from /home/airflow/sandbox/lib/python3.8/site-packages/airflow/example_dags/example_short_circuit_operator.py
[2022-01-05 20:11:32,585] {logging_mixin.py:109} INFO - [2022-01-05 20:11:32,585] {dag.py:2396} INFO - Sync 1 DAGs
[2022-01-05 20:11:32,635] {logging_mixin.py:109} INFO - [2022-01-05 20:11:32,635] {dag.py:2935} INFO - Setting next_dagrun for example_short_circuit_operator to 2022-01-04T20:11:32.634084+00:00
[2022-01-05 20:11:32,682] {processor.py:171} INFO - Processing /home/airflow/sandbox/lib/python3.8/site-packages/airflow/example_dags/example_short_circuit_operator.py took 0.201 seconds
[2022-01-05 20:12:03,023] {processor.py:163} INFO - Started process (PID=5178) to work on /home/airflow/sandbox/lib/python3.8/site-packages/airflow/example_dags/example_short_circuit_operator.py
[2022-01-05 20:12:03,030] {processor.py:642} INFO - Processing file /home/airflow/sandbox/lib/python3.8/site-packages/airflow/example_dags/example_short_circuit_operator.py for tasks to queue
[2022-01-05 20:12:03,030] {logging_mixin.py:109} INFO - [2022-01-05 20:12:03,030] {dagbag.py:500} INFO - Filling up the DagBag from /home/airflow/sandbox/lib/python3.8/site-packages/airflow/example_dags/example_short_circuit_operator.py
[2022-01-05 20:12:03,122] {processor.py:654} INFO - DAG(s) dict_keys(['example_short_circuit_operator']) retrieved from /home/airflow/sandbox/lib/python3.8/site-packages/airflow/example_dags/example_short_circuit_operator.py
[2022-01-05 20:12:03,167] {logging_mixin.py:109} INFO - [2022-01-05 20:12:03,167] {dag.py:2396} INFO - Sync 1 DAGs
[2022-01-05 20:12:03,211] {logging_mixin.py:109} INFO - [2022-01-05 20:12:03,211] {dag.py:2935} INFO - Setting next_dagrun for example_short_circuit_operator to 2022-01-04T20:12:03.211392+00:00
[2022-01-05 20:12:03,242] {processor.py:171} INFO - Processing /home/airflow/sandbox/lib/python3.8/site-packages/airflow/example_dags/example_short_circuit_operator.py took 0.225 seconds
[2022-01-05 20:12:33,546] {processor.py:163} INFO - Started process (PID=5306) to work on /home/airflow/sandbox/lib/python3.8/site-packages/airflow/example_dags/example_short_circuit_operator.py
[2022-01-05 20:12:33,560] {processor.py:642} INFO - Processing file /home/airflow/sandbox/lib/python3.8/site-packages/airflow/example_dags/example_short_circuit_operator.py for tasks to queue
[2022-01-05 20:12:33,561] {logging_mixin.py:109} INFO - [2022-01-05 20:12:33,561] {dagbag.py:500} INFO - Filling up the DagBag from /home/airflow/sandbox/lib/python3.8/site-packages/airflow/example_dags/example_short_circuit_operator.py
[2022-01-05 20:12:33,626] {processor.py:654} INFO - DAG(s) dict_keys(['example_short_circuit_operator']) retrieved from /home/airflow/sandbox/lib/python3.8/site-packages/airflow/example_dags/example_short_circuit_operator.py
[2022-01-05 20:12:33,642] {logging_mixin.py:109} INFO - [2022-01-05 20:12:33,642] {dag.py:2396} INFO - Sync 1 DAGs
[2022-01-05 20:12:33,675] {logging_mixin.py:109} INFO - [2022-01-05 20:12:33,675] {dag.py:2935} INFO - Setting next_dagrun for example_short_circuit_operator to 2022-01-04T20:12:33.674947+00:00
[2022-01-05 20:12:33,692] {processor.py:171} INFO - Processing /home/airflow/sandbox/lib/python3.8/site-packages/airflow/example_dags/example_short_circuit_operator.py took 0.151 seconds
[2022-01-05 20:13:04,216] {processor.py:163} INFO - Started process (PID=5467) to work on /home/airflow/sandbox/lib/python3.8/site-packages/airflow/example_dags/example_short_circuit_operator.py
[2022-01-05 20:13:04,217] {processor.py:642} INFO - Processing file /home/airflow/sandbox/lib/python3.8/site-packages/airflow/example_dags/example_short_circuit_operator.py for tasks to queue
[2022-01-05 20:13:04,218] {logging_mixin.py:109} INFO - [2022-01-05 20:13:04,218] {dagbag.py:500} INFO - Filling up the DagBag from /home/airflow/sandbox/lib/python3.8/site-packages/airflow/example_dags/example_short_circuit_operator.py
[2022-01-05 20:13:04,367] {processor.py:654} INFO - DAG(s) dict_keys(['example_short_circuit_operator']) retrieved from /home/airflow/sandbox/lib/python3.8/site-packages/airflow/example_dags/example_short_circuit_operator.py
[2022-01-05 20:13:04,392] {logging_mixin.py:109} INFO - [2022-01-05 20:13:04,392] {dag.py:2396} INFO - Sync 1 DAGs
[2022-01-05 20:13:04,432] {logging_mixin.py:109} INFO - [2022-01-05 20:13:04,432] {dag.py:2935} INFO - Setting next_dagrun for example_short_circuit_operator to 2022-01-04T20:13:04.431826+00:00
[2022-01-05 20:13:04,550] {processor.py:171} INFO - Processing /home/airflow/sandbox/lib/python3.8/site-packages/airflow/example_dags/example_short_circuit_operator.py took 0.351 seconds
[2022-01-05 20:28:16,585] {processor.py:163} INFO - Started process (PID=7081) to work on /home/airflow/sandbox/lib/python3.8/site-packages/airflow/example_dags/example_short_circuit_operator.py
[2022-01-05 20:28:16,597] {processor.py:642} INFO - Processing file /home/airflow/sandbox/lib/python3.8/site-packages/airflow/example_dags/example_short_circuit_operator.py for tasks to queue
[2022-01-05 20:28:16,599] {logging_mixin.py:109} INFO - [2022-01-05 20:28:16,599] {dagbag.py:500} INFO - Filling up the DagBag from /home/airflow/sandbox/lib/python3.8/site-packages/airflow/example_dags/example_short_circuit_operator.py
[2022-01-05 20:28:16,848] {processor.py:654} INFO - DAG(s) dict_keys(['example_short_circuit_operator']) retrieved from /home/airflow/sandbox/lib/python3.8/site-packages/airflow/example_dags/example_short_circuit_operator.py
[2022-01-05 20:28:16,942] {logging_mixin.py:109} INFO - [2022-01-05 20:28:16,942] {dag.py:2396} INFO - Sync 1 DAGs
[2022-01-05 20:28:17,150] {logging_mixin.py:109} INFO - [2022-01-05 20:28:17,149] {dag.py:2935} INFO - Setting next_dagrun for example_short_circuit_operator to 2022-01-04T20:28:17.148986+00:00
[2022-01-05 20:28:17,200] {processor.py:171} INFO - Processing /home/airflow/sandbox/lib/python3.8/site-packages/airflow/example_dags/example_short_circuit_operator.py took 0.648 seconds
[2022-01-05 20:28:59,547] {processor.py:163} INFO - Started process (PID=7569) to work on /home/airflow/sandbox/lib/python3.8/site-packages/airflow/example_dags/example_short_circuit_operator.py
[2022-01-05 20:28:59,551] {processor.py:642} INFO - Processing file /home/airflow/sandbox/lib/python3.8/site-packages/airflow/example_dags/example_short_circuit_operator.py for tasks to queue
[2022-01-05 20:28:59,555] {logging_mixin.py:109} INFO - [2022-01-05 20:28:59,554] {dagbag.py:500} INFO - Filling up the DagBag from /home/airflow/sandbox/lib/python3.8/site-packages/airflow/example_dags/example_short_circuit_operator.py
[2022-01-05 20:29:00,338] {processor.py:654} INFO - DAG(s) dict_keys(['example_short_circuit_operator']) retrieved from /home/airflow/sandbox/lib/python3.8/site-packages/airflow/example_dags/example_short_circuit_operator.py
[2022-01-05 20:29:00,592] {logging_mixin.py:109} INFO - [2022-01-05 20:29:00,592] {dag.py:2396} INFO - Sync 1 DAGs
[2022-01-05 20:29:00,798] {logging_mixin.py:109} INFO - [2022-01-05 20:29:00,798] {dag.py:2935} INFO - Setting next_dagrun for example_short_circuit_operator to 2022-01-04T20:29:00.798328+00:00
[2022-01-05 20:29:01,104] {processor.py:171} INFO - Processing /home/airflow/sandbox/lib/python3.8/site-packages/airflow/example_dags/example_short_circuit_operator.py took 1.607 seconds
[2022-01-05 20:29:34,208] {processor.py:163} INFO - Started process (PID=7810) to work on /home/airflow/sandbox/lib/python3.8/site-packages/airflow/example_dags/example_short_circuit_operator.py
[2022-01-05 20:29:34,209] {processor.py:642} INFO - Processing file /home/airflow/sandbox/lib/python3.8/site-packages/airflow/example_dags/example_short_circuit_operator.py for tasks to queue
[2022-01-05 20:29:34,210] {logging_mixin.py:109} INFO - [2022-01-05 20:29:34,210] {dagbag.py:500} INFO - Filling up the DagBag from /home/airflow/sandbox/lib/python3.8/site-packages/airflow/example_dags/example_short_circuit_operator.py
[2022-01-05 20:29:34,344] {processor.py:654} INFO - DAG(s) dict_keys(['example_short_circuit_operator']) retrieved from /home/airflow/sandbox/lib/python3.8/site-packages/airflow/example_dags/example_short_circuit_operator.py
[2022-01-05 20:29:34,435] {logging_mixin.py:109} INFO - [2022-01-05 20:29:34,434] {dag.py:2396} INFO - Sync 1 DAGs
[2022-01-05 20:29:34,460] {logging_mixin.py:109} INFO - [2022-01-05 20:29:34,460] {dag.py:2935} INFO - Setting next_dagrun for example_short_circuit_operator to 2022-01-04T20:29:34.460503+00:00
[2022-01-05 20:29:34,638] {processor.py:171} INFO - Processing /home/airflow/sandbox/lib/python3.8/site-packages/airflow/example_dags/example_short_circuit_operator.py took 0.435 seconds
[2022-01-05 20:30:07,236] {processor.py:163} INFO - Started process (PID=8087) to work on /home/airflow/sandbox/lib/python3.8/site-packages/airflow/example_dags/example_short_circuit_operator.py
[2022-01-05 20:30:07,256] {processor.py:642} INFO - Processing file /home/airflow/sandbox/lib/python3.8/site-packages/airflow/example_dags/example_short_circuit_operator.py for tasks to queue
[2022-01-05 20:30:07,256] {logging_mixin.py:109} INFO - [2022-01-05 20:30:07,256] {dagbag.py:500} INFO - Filling up the DagBag from /home/airflow/sandbox/lib/python3.8/site-packages/airflow/example_dags/example_short_circuit_operator.py
[2022-01-05 20:30:07,450] {processor.py:654} INFO - DAG(s) dict_keys(['example_short_circuit_operator']) retrieved from /home/airflow/sandbox/lib/python3.8/site-packages/airflow/example_dags/example_short_circuit_operator.py
[2022-01-05 20:30:07,493] {logging_mixin.py:109} INFO - [2022-01-05 20:30:07,493] {dag.py:2396} INFO - Sync 1 DAGs
[2022-01-05 20:30:07,652] {logging_mixin.py:109} INFO - [2022-01-05 20:30:07,638] {dag.py:2935} INFO - Setting next_dagrun for example_short_circuit_operator to 2022-01-04T20:30:07.637615+00:00
[2022-01-05 20:30:07,746] {processor.py:171} INFO - Processing /home/airflow/sandbox/lib/python3.8/site-packages/airflow/example_dags/example_short_circuit_operator.py took 0.541 seconds
[2022-01-05 20:30:40,089] {processor.py:163} INFO - Started process (PID=8438) to work on /home/airflow/sandbox/lib/python3.8/site-packages/airflow/example_dags/example_short_circuit_operator.py
[2022-01-05 20:30:40,090] {processor.py:642} INFO - Processing file /home/airflow/sandbox/lib/python3.8/site-packages/airflow/example_dags/example_short_circuit_operator.py for tasks to queue
[2022-01-05 20:30:40,090] {logging_mixin.py:109} INFO - [2022-01-05 20:30:40,090] {dagbag.py:500} INFO - Filling up the DagBag from /home/airflow/sandbox/lib/python3.8/site-packages/airflow/example_dags/example_short_circuit_operator.py
[2022-01-05 20:30:40,252] {processor.py:654} INFO - DAG(s) dict_keys(['example_short_circuit_operator']) retrieved from /home/airflow/sandbox/lib/python3.8/site-packages/airflow/example_dags/example_short_circuit_operator.py
[2022-01-05 20:30:40,434] {logging_mixin.py:109} INFO - [2022-01-05 20:30:40,434] {dag.py:2396} INFO - Sync 1 DAGs
[2022-01-05 20:30:40,551] {logging_mixin.py:109} INFO - [2022-01-05 20:30:40,550] {dag.py:2935} INFO - Setting next_dagrun for example_short_circuit_operator to 2022-01-04T20:30:40.550416+00:00
[2022-01-05 20:30:40,673] {processor.py:171} INFO - Processing /home/airflow/sandbox/lib/python3.8/site-packages/airflow/example_dags/example_short_circuit_operator.py took 0.588 seconds
[2022-01-05 20:31:12,738] {processor.py:163} INFO - Started process (PID=8869) to work on /home/airflow/sandbox/lib/python3.8/site-packages/airflow/example_dags/example_short_circuit_operator.py
[2022-01-05 20:31:12,744] {processor.py:642} INFO - Processing file /home/airflow/sandbox/lib/python3.8/site-packages/airflow/example_dags/example_short_circuit_operator.py for tasks to queue
[2022-01-05 20:31:12,744] {logging_mixin.py:109} INFO - [2022-01-05 20:31:12,744] {dagbag.py:500} INFO - Filling up the DagBag from /home/airflow/sandbox/lib/python3.8/site-packages/airflow/example_dags/example_short_circuit_operator.py
[2022-01-05 20:31:13,322] {processor.py:654} INFO - DAG(s) dict_keys(['example_short_circuit_operator']) retrieved from /home/airflow/sandbox/lib/python3.8/site-packages/airflow/example_dags/example_short_circuit_operator.py
[2022-01-05 20:31:13,384] {logging_mixin.py:109} INFO - [2022-01-05 20:31:13,383] {dag.py:2396} INFO - Sync 1 DAGs
[2022-01-05 20:31:13,646] {logging_mixin.py:109} INFO - [2022-01-05 20:31:13,646] {dag.py:2935} INFO - Setting next_dagrun for example_short_circuit_operator to 2022-01-04T20:31:13.645667+00:00
[2022-01-05 20:31:13,795] {processor.py:171} INFO - Processing /home/airflow/sandbox/lib/python3.8/site-packages/airflow/example_dags/example_short_circuit_operator.py took 1.069 seconds
[2022-01-05 20:31:43,934] {processor.py:163} INFO - Started process (PID=9199) to work on /home/airflow/sandbox/lib/python3.8/site-packages/airflow/example_dags/example_short_circuit_operator.py
[2022-01-05 20:31:44,080] {processor.py:642} INFO - Processing file /home/airflow/sandbox/lib/python3.8/site-packages/airflow/example_dags/example_short_circuit_operator.py for tasks to queue
[2022-01-05 20:31:44,081] {logging_mixin.py:109} INFO - [2022-01-05 20:31:44,081] {dagbag.py:500} INFO - Filling up the DagBag from /home/airflow/sandbox/lib/python3.8/site-packages/airflow/example_dags/example_short_circuit_operator.py
[2022-01-05 20:31:44,637] {processor.py:654} INFO - DAG(s) dict_keys(['example_short_circuit_operator']) retrieved from /home/airflow/sandbox/lib/python3.8/site-packages/airflow/example_dags/example_short_circuit_operator.py
[2022-01-05 20:31:44,886] {logging_mixin.py:109} INFO - [2022-01-05 20:31:44,886] {dag.py:2396} INFO - Sync 1 DAGs
[2022-01-05 20:31:44,992] {logging_mixin.py:109} INFO - [2022-01-05 20:31:44,991] {dag.py:2935} INFO - Setting next_dagrun for example_short_circuit_operator to 2022-01-04T20:31:44.991690+00:00
[2022-01-05 20:31:45,185] {processor.py:171} INFO - Processing /home/airflow/sandbox/lib/python3.8/site-packages/airflow/example_dags/example_short_circuit_operator.py took 1.255 seconds
[2022-01-05 20:32:15,720] {processor.py:163} INFO - Started process (PID=9845) to work on /home/airflow/sandbox/lib/python3.8/site-packages/airflow/example_dags/example_short_circuit_operator.py
[2022-01-05 20:32:15,721] {processor.py:642} INFO - Processing file /home/airflow/sandbox/lib/python3.8/site-packages/airflow/example_dags/example_short_circuit_operator.py for tasks to queue
[2022-01-05 20:32:15,727] {logging_mixin.py:109} INFO - [2022-01-05 20:32:15,727] {dagbag.py:500} INFO - Filling up the DagBag from /home/airflow/sandbox/lib/python3.8/site-packages/airflow/example_dags/example_short_circuit_operator.py
[2022-01-05 20:32:15,975] {processor.py:654} INFO - DAG(s) dict_keys(['example_short_circuit_operator']) retrieved from /home/airflow/sandbox/lib/python3.8/site-packages/airflow/example_dags/example_short_circuit_operator.py
[2022-01-05 20:32:16,278] {logging_mixin.py:109} INFO - [2022-01-05 20:32:16,138] {dag.py:2396} INFO - Sync 1 DAGs
[2022-01-05 20:32:16,532] {logging_mixin.py:109} INFO - [2022-01-05 20:32:16,532] {dag.py:2935} INFO - Setting next_dagrun for example_short_circuit_operator to 2022-01-04T20:32:16.532496+00:00
[2022-01-05 20:32:16,676] {processor.py:171} INFO - Processing /home/airflow/sandbox/lib/python3.8/site-packages/airflow/example_dags/example_short_circuit_operator.py took 1.090 seconds
[2022-01-05 20:32:47,125] {processor.py:163} INFO - Started process (PID=10595) to work on /home/airflow/sandbox/lib/python3.8/site-packages/airflow/example_dags/example_short_circuit_operator.py
[2022-01-05 20:32:47,126] {processor.py:642} INFO - Processing file /home/airflow/sandbox/lib/python3.8/site-packages/airflow/example_dags/example_short_circuit_operator.py for tasks to queue
[2022-01-05 20:32:47,126] {logging_mixin.py:109} INFO - [2022-01-05 20:32:47,126] {dagbag.py:500} INFO - Filling up the DagBag from /home/airflow/sandbox/lib/python3.8/site-packages/airflow/example_dags/example_short_circuit_operator.py
[2022-01-05 20:32:47,382] {processor.py:654} INFO - DAG(s) dict_keys(['example_short_circuit_operator']) retrieved from /home/airflow/sandbox/lib/python3.8/site-packages/airflow/example_dags/example_short_circuit_operator.py
[2022-01-05 20:32:47,430] {logging_mixin.py:109} INFO - [2022-01-05 20:32:47,430] {dag.py:2396} INFO - Sync 1 DAGs
[2022-01-05 20:32:47,616] {logging_mixin.py:109} INFO - [2022-01-05 20:32:47,616] {dag.py:2935} INFO - Setting next_dagrun for example_short_circuit_operator to 2022-01-04T20:32:47.615928+00:00
[2022-01-05 20:32:47,633] {processor.py:171} INFO - Processing /home/airflow/sandbox/lib/python3.8/site-packages/airflow/example_dags/example_short_circuit_operator.py took 0.605 seconds
[2022-01-05 20:33:17,976] {processor.py:163} INFO - Started process (PID=11284) to work on /home/airflow/sandbox/lib/python3.8/site-packages/airflow/example_dags/example_short_circuit_operator.py
[2022-01-05 20:33:17,978] {processor.py:642} INFO - Processing file /home/airflow/sandbox/lib/python3.8/site-packages/airflow/example_dags/example_short_circuit_operator.py for tasks to queue
[2022-01-05 20:33:17,979] {logging_mixin.py:109} INFO - [2022-01-05 20:33:17,979] {dagbag.py:500} INFO - Filling up the DagBag from /home/airflow/sandbox/lib/python3.8/site-packages/airflow/example_dags/example_short_circuit_operator.py
[2022-01-05 20:33:18,166] {processor.py:654} INFO - DAG(s) dict_keys(['example_short_circuit_operator']) retrieved from /home/airflow/sandbox/lib/python3.8/site-packages/airflow/example_dags/example_short_circuit_operator.py
[2022-01-05 20:33:18,211] {logging_mixin.py:109} INFO - [2022-01-05 20:33:18,210] {dag.py:2396} INFO - Sync 1 DAGs
[2022-01-05 20:33:18,276] {logging_mixin.py:109} INFO - [2022-01-05 20:33:18,276] {dag.py:2935} INFO - Setting next_dagrun for example_short_circuit_operator to 2022-01-04T20:33:18.276114+00:00
[2022-01-05 20:33:18,360] {processor.py:171} INFO - Processing /home/airflow/sandbox/lib/python3.8/site-packages/airflow/example_dags/example_short_circuit_operator.py took 0.391 seconds
[2022-01-05 20:33:48,707] {processor.py:163} INFO - Started process (PID=11665) to work on /home/airflow/sandbox/lib/python3.8/site-packages/airflow/example_dags/example_short_circuit_operator.py
[2022-01-05 20:33:48,708] {processor.py:642} INFO - Processing file /home/airflow/sandbox/lib/python3.8/site-packages/airflow/example_dags/example_short_circuit_operator.py for tasks to queue
[2022-01-05 20:33:48,709] {logging_mixin.py:109} INFO - [2022-01-05 20:33:48,709] {dagbag.py:500} INFO - Filling up the DagBag from /home/airflow/sandbox/lib/python3.8/site-packages/airflow/example_dags/example_short_circuit_operator.py
[2022-01-05 20:33:48,778] {processor.py:654} INFO - DAG(s) dict_keys(['example_short_circuit_operator']) retrieved from /home/airflow/sandbox/lib/python3.8/site-packages/airflow/example_dags/example_short_circuit_operator.py
[2022-01-05 20:33:48,825] {logging_mixin.py:109} INFO - [2022-01-05 20:33:48,825] {dag.py:2396} INFO - Sync 1 DAGs
[2022-01-05 20:33:48,869] {logging_mixin.py:109} INFO - [2022-01-05 20:33:48,868] {dag.py:2935} INFO - Setting next_dagrun for example_short_circuit_operator to 2022-01-04T20:33:48.868719+00:00
[2022-01-05 20:33:48,904] {processor.py:171} INFO - Processing /home/airflow/sandbox/lib/python3.8/site-packages/airflow/example_dags/example_short_circuit_operator.py took 0.225 seconds
[2022-01-05 20:34:19,276] {processor.py:163} INFO - Started process (PID=11896) to work on /home/airflow/sandbox/lib/python3.8/site-packages/airflow/example_dags/example_short_circuit_operator.py
[2022-01-05 20:34:19,277] {processor.py:642} INFO - Processing file /home/airflow/sandbox/lib/python3.8/site-packages/airflow/example_dags/example_short_circuit_operator.py for tasks to queue
[2022-01-05 20:34:19,296] {logging_mixin.py:109} INFO - [2022-01-05 20:34:19,295] {dagbag.py:500} INFO - Filling up the DagBag from /home/airflow/sandbox/lib/python3.8/site-packages/airflow/example_dags/example_short_circuit_operator.py
[2022-01-05 20:34:19,611] {processor.py:654} INFO - DAG(s) dict_keys(['example_short_circuit_operator']) retrieved from /home/airflow/sandbox/lib/python3.8/site-packages/airflow/example_dags/example_short_circuit_operator.py
[2022-01-05 20:34:19,650] {logging_mixin.py:109} INFO - [2022-01-05 20:34:19,649] {dag.py:2396} INFO - Sync 1 DAGs
[2022-01-05 20:34:19,719] {logging_mixin.py:109} INFO - [2022-01-05 20:34:19,714] {dag.py:2935} INFO - Setting next_dagrun for example_short_circuit_operator to 2022-01-04T20:34:19.712049+00:00
[2022-01-05 20:34:19,798] {processor.py:171} INFO - Processing /home/airflow/sandbox/lib/python3.8/site-packages/airflow/example_dags/example_short_circuit_operator.py took 0.674 seconds
[2022-01-05 20:34:49,997] {processor.py:163} INFO - Started process (PID=12136) to work on /home/airflow/sandbox/lib/python3.8/site-packages/airflow/example_dags/example_short_circuit_operator.py
[2022-01-05 20:34:49,998] {processor.py:642} INFO - Processing file /home/airflow/sandbox/lib/python3.8/site-packages/airflow/example_dags/example_short_circuit_operator.py for tasks to queue
[2022-01-05 20:34:49,998] {logging_mixin.py:109} INFO - [2022-01-05 20:34:49,998] {dagbag.py:500} INFO - Filling up the DagBag from /home/airflow/sandbox/lib/python3.8/site-packages/airflow/example_dags/example_short_circuit_operator.py
[2022-01-05 20:34:50,103] {processor.py:654} INFO - DAG(s) dict_keys(['example_short_circuit_operator']) retrieved from /home/airflow/sandbox/lib/python3.8/site-packages/airflow/example_dags/example_short_circuit_operator.py
[2022-01-05 20:34:50,119] {logging_mixin.py:109} INFO - [2022-01-05 20:34:50,118] {dag.py:2396} INFO - Sync 1 DAGs
[2022-01-05 20:34:50,150] {logging_mixin.py:109} INFO - [2022-01-05 20:34:50,150] {dag.py:2935} INFO - Setting next_dagrun for example_short_circuit_operator to 2022-01-04T20:34:50.150032+00:00
[2022-01-05 20:34:50,161] {processor.py:171} INFO - Processing /home/airflow/sandbox/lib/python3.8/site-packages/airflow/example_dags/example_short_circuit_operator.py took 0.168 seconds
[2022-01-05 20:35:20,760] {processor.py:163} INFO - Started process (PID=12381) to work on /home/airflow/sandbox/lib/python3.8/site-packages/airflow/example_dags/example_short_circuit_operator.py
[2022-01-05 20:35:20,763] {processor.py:642} INFO - Processing file /home/airflow/sandbox/lib/python3.8/site-packages/airflow/example_dags/example_short_circuit_operator.py for tasks to queue
[2022-01-05 20:35:20,763] {logging_mixin.py:109} INFO - [2022-01-05 20:35:20,763] {dagbag.py:500} INFO - Filling up the DagBag from /home/airflow/sandbox/lib/python3.8/site-packages/airflow/example_dags/example_short_circuit_operator.py
[2022-01-05 20:35:20,963] {processor.py:654} INFO - DAG(s) dict_keys(['example_short_circuit_operator']) retrieved from /home/airflow/sandbox/lib/python3.8/site-packages/airflow/example_dags/example_short_circuit_operator.py
[2022-01-05 20:35:20,992] {logging_mixin.py:109} INFO - [2022-01-05 20:35:20,992] {dag.py:2396} INFO - Sync 1 DAGs
[2022-01-05 20:35:21,021] {logging_mixin.py:109} INFO - [2022-01-05 20:35:21,021] {dag.py:2935} INFO - Setting next_dagrun for example_short_circuit_operator to 2022-01-04T20:35:21.021293+00:00
[2022-01-05 20:35:21,071] {processor.py:171} INFO - Processing /home/airflow/sandbox/lib/python3.8/site-packages/airflow/example_dags/example_short_circuit_operator.py took 0.319 seconds
[2022-01-05 20:35:51,502] {processor.py:163} INFO - Started process (PID=12621) to work on /home/airflow/sandbox/lib/python3.8/site-packages/airflow/example_dags/example_short_circuit_operator.py
[2022-01-05 20:35:51,503] {processor.py:642} INFO - Processing file /home/airflow/sandbox/lib/python3.8/site-packages/airflow/example_dags/example_short_circuit_operator.py for tasks to queue
[2022-01-05 20:35:51,504] {logging_mixin.py:109} INFO - [2022-01-05 20:35:51,504] {dagbag.py:500} INFO - Filling up the DagBag from /home/airflow/sandbox/lib/python3.8/site-packages/airflow/example_dags/example_short_circuit_operator.py
[2022-01-05 20:35:51,553] {processor.py:654} INFO - DAG(s) dict_keys(['example_short_circuit_operator']) retrieved from /home/airflow/sandbox/lib/python3.8/site-packages/airflow/example_dags/example_short_circuit_operator.py
[2022-01-05 20:35:51,564] {logging_mixin.py:109} INFO - [2022-01-05 20:35:51,564] {dag.py:2396} INFO - Sync 1 DAGs
[2022-01-05 20:35:51,596] {logging_mixin.py:109} INFO - [2022-01-05 20:35:51,596] {dag.py:2935} INFO - Setting next_dagrun for example_short_circuit_operator to 2022-01-04T20:35:51.596083+00:00
[2022-01-05 20:35:51,608] {processor.py:171} INFO - Processing /home/airflow/sandbox/lib/python3.8/site-packages/airflow/example_dags/example_short_circuit_operator.py took 0.111 seconds
[2022-01-05 20:36:22,186] {processor.py:163} INFO - Started process (PID=12862) to work on /home/airflow/sandbox/lib/python3.8/site-packages/airflow/example_dags/example_short_circuit_operator.py
[2022-01-05 20:36:22,186] {processor.py:642} INFO - Processing file /home/airflow/sandbox/lib/python3.8/site-packages/airflow/example_dags/example_short_circuit_operator.py for tasks to queue
[2022-01-05 20:36:22,187] {logging_mixin.py:109} INFO - [2022-01-05 20:36:22,187] {dagbag.py:500} INFO - Filling up the DagBag from /home/airflow/sandbox/lib/python3.8/site-packages/airflow/example_dags/example_short_circuit_operator.py
[2022-01-05 20:36:22,239] {processor.py:654} INFO - DAG(s) dict_keys(['example_short_circuit_operator']) retrieved from /home/airflow/sandbox/lib/python3.8/site-packages/airflow/example_dags/example_short_circuit_operator.py
[2022-01-05 20:36:22,256] {logging_mixin.py:109} INFO - [2022-01-05 20:36:22,256] {dag.py:2396} INFO - Sync 1 DAGs
[2022-01-05 20:36:22,298] {logging_mixin.py:109} INFO - [2022-01-05 20:36:22,298] {dag.py:2935} INFO - Setting next_dagrun for example_short_circuit_operator to 2022-01-04T20:36:22.297618+00:00
[2022-01-05 20:36:22,314] {processor.py:171} INFO - Processing /home/airflow/sandbox/lib/python3.8/site-packages/airflow/example_dags/example_short_circuit_operator.py took 0.148 seconds
[2022-01-05 20:36:53,033] {processor.py:163} INFO - Started process (PID=13106) to work on /home/airflow/sandbox/lib/python3.8/site-packages/airflow/example_dags/example_short_circuit_operator.py
[2022-01-05 20:36:53,037] {processor.py:642} INFO - Processing file /home/airflow/sandbox/lib/python3.8/site-packages/airflow/example_dags/example_short_circuit_operator.py for tasks to queue
[2022-01-05 20:36:53,038] {logging_mixin.py:109} INFO - [2022-01-05 20:36:53,038] {dagbag.py:500} INFO - Filling up the DagBag from /home/airflow/sandbox/lib/python3.8/site-packages/airflow/example_dags/example_short_circuit_operator.py
[2022-01-05 20:36:53,149] {processor.py:654} INFO - DAG(s) dict_keys(['example_short_circuit_operator']) retrieved from /home/airflow/sandbox/lib/python3.8/site-packages/airflow/example_dags/example_short_circuit_operator.py
[2022-01-05 20:36:53,234] {logging_mixin.py:109} INFO - [2022-01-05 20:36:53,234] {dag.py:2396} INFO - Sync 1 DAGs
[2022-01-05 20:36:53,252] {logging_mixin.py:109} INFO - [2022-01-05 20:36:53,251] {dag.py:2935} INFO - Setting next_dagrun for example_short_circuit_operator to 2022-01-04T20:36:53.250944+00:00
[2022-01-05 20:36:53,305] {processor.py:171} INFO - Processing /home/airflow/sandbox/lib/python3.8/site-packages/airflow/example_dags/example_short_circuit_operator.py took 0.290 seconds
[2022-01-05 20:37:23,389] {processor.py:163} INFO - Started process (PID=13345) to work on /home/airflow/sandbox/lib/python3.8/site-packages/airflow/example_dags/example_short_circuit_operator.py
[2022-01-05 20:37:23,390] {processor.py:642} INFO - Processing file /home/airflow/sandbox/lib/python3.8/site-packages/airflow/example_dags/example_short_circuit_operator.py for tasks to queue
[2022-01-05 20:37:23,391] {logging_mixin.py:109} INFO - [2022-01-05 20:37:23,391] {dagbag.py:500} INFO - Filling up the DagBag from /home/airflow/sandbox/lib/python3.8/site-packages/airflow/example_dags/example_short_circuit_operator.py
[2022-01-05 20:37:23,444] {processor.py:654} INFO - DAG(s) dict_keys(['example_short_circuit_operator']) retrieved from /home/airflow/sandbox/lib/python3.8/site-packages/airflow/example_dags/example_short_circuit_operator.py
[2022-01-05 20:37:23,460] {logging_mixin.py:109} INFO - [2022-01-05 20:37:23,459] {dag.py:2396} INFO - Sync 1 DAGs
[2022-01-05 20:37:23,501] {logging_mixin.py:109} INFO - [2022-01-05 20:37:23,501] {dag.py:2935} INFO - Setting next_dagrun for example_short_circuit_operator to 2022-01-04T20:37:23.501494+00:00
[2022-01-05 20:37:23,539] {processor.py:171} INFO - Processing /home/airflow/sandbox/lib/python3.8/site-packages/airflow/example_dags/example_short_circuit_operator.py took 0.156 seconds
[2022-01-05 20:37:53,781] {processor.py:163} INFO - Started process (PID=13586) to work on /home/airflow/sandbox/lib/python3.8/site-packages/airflow/example_dags/example_short_circuit_operator.py
[2022-01-05 20:37:53,782] {processor.py:642} INFO - Processing file /home/airflow/sandbox/lib/python3.8/site-packages/airflow/example_dags/example_short_circuit_operator.py for tasks to queue
[2022-01-05 20:37:53,782] {logging_mixin.py:109} INFO - [2022-01-05 20:37:53,782] {dagbag.py:500} INFO - Filling up the DagBag from /home/airflow/sandbox/lib/python3.8/site-packages/airflow/example_dags/example_short_circuit_operator.py
[2022-01-05 20:37:53,834] {processor.py:654} INFO - DAG(s) dict_keys(['example_short_circuit_operator']) retrieved from /home/airflow/sandbox/lib/python3.8/site-packages/airflow/example_dags/example_short_circuit_operator.py
[2022-01-05 20:37:53,859] {logging_mixin.py:109} INFO - [2022-01-05 20:37:53,859] {dag.py:2396} INFO - Sync 1 DAGs
[2022-01-05 20:37:53,905] {logging_mixin.py:109} INFO - [2022-01-05 20:37:53,905] {dag.py:2935} INFO - Setting next_dagrun for example_short_circuit_operator to 2022-01-04T20:37:53.905054+00:00
[2022-01-05 20:37:53,944] {processor.py:171} INFO - Processing /home/airflow/sandbox/lib/python3.8/site-packages/airflow/example_dags/example_short_circuit_operator.py took 0.166 seconds
[2022-01-05 20:38:24,255] {processor.py:163} INFO - Started process (PID=13897) to work on /home/airflow/sandbox/lib/python3.8/site-packages/airflow/example_dags/example_short_circuit_operator.py
[2022-01-05 20:38:24,256] {processor.py:642} INFO - Processing file /home/airflow/sandbox/lib/python3.8/site-packages/airflow/example_dags/example_short_circuit_operator.py for tasks to queue
[2022-01-05 20:38:24,257] {logging_mixin.py:109} INFO - [2022-01-05 20:38:24,257] {dagbag.py:500} INFO - Filling up the DagBag from /home/airflow/sandbox/lib/python3.8/site-packages/airflow/example_dags/example_short_circuit_operator.py
[2022-01-05 20:38:24,300] {processor.py:654} INFO - DAG(s) dict_keys(['example_short_circuit_operator']) retrieved from /home/airflow/sandbox/lib/python3.8/site-packages/airflow/example_dags/example_short_circuit_operator.py
[2022-01-05 20:38:24,321] {logging_mixin.py:109} INFO - [2022-01-05 20:38:24,321] {dag.py:2396} INFO - Sync 1 DAGs
[2022-01-05 20:38:24,344] {logging_mixin.py:109} INFO - [2022-01-05 20:38:24,344] {dag.py:2935} INFO - Setting next_dagrun for example_short_circuit_operator to 2022-01-04T20:38:24.343268+00:00
[2022-01-05 20:38:24,356] {processor.py:171} INFO - Processing /home/airflow/sandbox/lib/python3.8/site-packages/airflow/example_dags/example_short_circuit_operator.py took 0.104 seconds
[2022-01-05 20:38:54,790] {processor.py:163} INFO - Started process (PID=14138) to work on /home/airflow/sandbox/lib/python3.8/site-packages/airflow/example_dags/example_short_circuit_operator.py
[2022-01-05 20:38:54,794] {processor.py:642} INFO - Processing file /home/airflow/sandbox/lib/python3.8/site-packages/airflow/example_dags/example_short_circuit_operator.py for tasks to queue
[2022-01-05 20:38:54,796] {logging_mixin.py:109} INFO - [2022-01-05 20:38:54,795] {dagbag.py:500} INFO - Filling up the DagBag from /home/airflow/sandbox/lib/python3.8/site-packages/airflow/example_dags/example_short_circuit_operator.py
[2022-01-05 20:38:54,877] {processor.py:654} INFO - DAG(s) dict_keys(['example_short_circuit_operator']) retrieved from /home/airflow/sandbox/lib/python3.8/site-packages/airflow/example_dags/example_short_circuit_operator.py
[2022-01-05 20:38:54,908] {logging_mixin.py:109} INFO - [2022-01-05 20:38:54,908] {dag.py:2396} INFO - Sync 1 DAGs
[2022-01-05 20:38:54,954] {logging_mixin.py:109} INFO - [2022-01-05 20:38:54,953] {dag.py:2935} INFO - Setting next_dagrun for example_short_circuit_operator to 2022-01-04T20:38:54.953067+00:00
[2022-01-05 20:38:54,976] {processor.py:171} INFO - Processing /home/airflow/sandbox/lib/python3.8/site-packages/airflow/example_dags/example_short_circuit_operator.py took 0.202 seconds
[2022-01-05 20:39:25,268] {processor.py:163} INFO - Started process (PID=14379) to work on /home/airflow/sandbox/lib/python3.8/site-packages/airflow/example_dags/example_short_circuit_operator.py
[2022-01-05 20:39:25,271] {processor.py:642} INFO - Processing file /home/airflow/sandbox/lib/python3.8/site-packages/airflow/example_dags/example_short_circuit_operator.py for tasks to queue
[2022-01-05 20:39:25,273] {logging_mixin.py:109} INFO - [2022-01-05 20:39:25,273] {dagbag.py:500} INFO - Filling up the DagBag from /home/airflow/sandbox/lib/python3.8/site-packages/airflow/example_dags/example_short_circuit_operator.py
[2022-01-05 20:39:25,311] {processor.py:654} INFO - DAG(s) dict_keys(['example_short_circuit_operator']) retrieved from /home/airflow/sandbox/lib/python3.8/site-packages/airflow/example_dags/example_short_circuit_operator.py
[2022-01-05 20:39:25,326] {logging_mixin.py:109} INFO - [2022-01-05 20:39:25,326] {dag.py:2396} INFO - Sync 1 DAGs
[2022-01-05 20:39:25,341] {logging_mixin.py:109} INFO - [2022-01-05 20:39:25,340] {dag.py:2935} INFO - Setting next_dagrun for example_short_circuit_operator to 2022-01-04T20:39:25.339845+00:00
[2022-01-05 20:39:25,363] {processor.py:171} INFO - Processing /home/airflow/sandbox/lib/python3.8/site-packages/airflow/example_dags/example_short_circuit_operator.py took 0.101 seconds
[2022-01-05 20:39:55,549] {processor.py:163} INFO - Started process (PID=14622) to work on /home/airflow/sandbox/lib/python3.8/site-packages/airflow/example_dags/example_short_circuit_operator.py
[2022-01-05 20:39:55,550] {processor.py:642} INFO - Processing file /home/airflow/sandbox/lib/python3.8/site-packages/airflow/example_dags/example_short_circuit_operator.py for tasks to queue
[2022-01-05 20:39:55,551] {logging_mixin.py:109} INFO - [2022-01-05 20:39:55,550] {dagbag.py:500} INFO - Filling up the DagBag from /home/airflow/sandbox/lib/python3.8/site-packages/airflow/example_dags/example_short_circuit_operator.py
[2022-01-05 20:39:55,591] {processor.py:654} INFO - DAG(s) dict_keys(['example_short_circuit_operator']) retrieved from /home/airflow/sandbox/lib/python3.8/site-packages/airflow/example_dags/example_short_circuit_operator.py
[2022-01-05 20:39:55,603] {logging_mixin.py:109} INFO - [2022-01-05 20:39:55,603] {dag.py:2396} INFO - Sync 1 DAGs
[2022-01-05 20:39:55,623] {logging_mixin.py:109} INFO - [2022-01-05 20:39:55,623] {dag.py:2935} INFO - Setting next_dagrun for example_short_circuit_operator to 2022-01-04T20:39:55.622457+00:00
[2022-01-05 20:39:55,638] {processor.py:171} INFO - Processing /home/airflow/sandbox/lib/python3.8/site-packages/airflow/example_dags/example_short_circuit_operator.py took 0.095 seconds
[2022-01-05 20:40:25,903] {processor.py:163} INFO - Started process (PID=14862) to work on /home/airflow/sandbox/lib/python3.8/site-packages/airflow/example_dags/example_short_circuit_operator.py
[2022-01-05 20:40:25,907] {processor.py:642} INFO - Processing file /home/airflow/sandbox/lib/python3.8/site-packages/airflow/example_dags/example_short_circuit_operator.py for tasks to queue
[2022-01-05 20:40:25,911] {logging_mixin.py:109} INFO - [2022-01-05 20:40:25,911] {dagbag.py:500} INFO - Filling up the DagBag from /home/airflow/sandbox/lib/python3.8/site-packages/airflow/example_dags/example_short_circuit_operator.py
[2022-01-05 20:40:25,987] {processor.py:654} INFO - DAG(s) dict_keys(['example_short_circuit_operator']) retrieved from /home/airflow/sandbox/lib/python3.8/site-packages/airflow/example_dags/example_short_circuit_operator.py
[2022-01-05 20:40:26,014] {logging_mixin.py:109} INFO - [2022-01-05 20:40:26,014] {dag.py:2396} INFO - Sync 1 DAGs
[2022-01-05 20:40:26,043] {logging_mixin.py:109} INFO - [2022-01-05 20:40:26,042] {dag.py:2935} INFO - Setting next_dagrun for example_short_circuit_operator to 2022-01-04T20:40:26.042734+00:00
[2022-01-05 20:40:26,054] {processor.py:171} INFO - Processing /home/airflow/sandbox/lib/python3.8/site-packages/airflow/example_dags/example_short_circuit_operator.py took 0.164 seconds
[2022-01-05 20:40:56,756] {processor.py:163} INFO - Started process (PID=15105) to work on /home/airflow/sandbox/lib/python3.8/site-packages/airflow/example_dags/example_short_circuit_operator.py
[2022-01-05 20:40:56,758] {processor.py:642} INFO - Processing file /home/airflow/sandbox/lib/python3.8/site-packages/airflow/example_dags/example_short_circuit_operator.py for tasks to queue
[2022-01-05 20:40:56,758] {logging_mixin.py:109} INFO - [2022-01-05 20:40:56,758] {dagbag.py:500} INFO - Filling up the DagBag from /home/airflow/sandbox/lib/python3.8/site-packages/airflow/example_dags/example_short_circuit_operator.py
[2022-01-05 20:40:56,943] {processor.py:654} INFO - DAG(s) dict_keys(['example_short_circuit_operator']) retrieved from /home/airflow/sandbox/lib/python3.8/site-packages/airflow/example_dags/example_short_circuit_operator.py
[2022-01-05 20:40:56,993] {logging_mixin.py:109} INFO - [2022-01-05 20:40:56,993] {dag.py:2396} INFO - Sync 1 DAGs
[2022-01-05 20:40:57,041] {logging_mixin.py:109} INFO - [2022-01-05 20:40:57,041] {dag.py:2935} INFO - Setting next_dagrun for example_short_circuit_operator to 2022-01-04T20:40:57.041375+00:00
[2022-01-05 20:40:57,059] {processor.py:171} INFO - Processing /home/airflow/sandbox/lib/python3.8/site-packages/airflow/example_dags/example_short_circuit_operator.py took 0.309 seconds
[2022-01-05 20:41:27,301] {processor.py:163} INFO - Started process (PID=15346) to work on /home/airflow/sandbox/lib/python3.8/site-packages/airflow/example_dags/example_short_circuit_operator.py
[2022-01-05 20:41:27,303] {processor.py:642} INFO - Processing file /home/airflow/sandbox/lib/python3.8/site-packages/airflow/example_dags/example_short_circuit_operator.py for tasks to queue
[2022-01-05 20:41:27,305] {logging_mixin.py:109} INFO - [2022-01-05 20:41:27,305] {dagbag.py:500} INFO - Filling up the DagBag from /home/airflow/sandbox/lib/python3.8/site-packages/airflow/example_dags/example_short_circuit_operator.py
[2022-01-05 20:41:27,373] {processor.py:654} INFO - DAG(s) dict_keys(['example_short_circuit_operator']) retrieved from /home/airflow/sandbox/lib/python3.8/site-packages/airflow/example_dags/example_short_circuit_operator.py
[2022-01-05 20:41:27,412] {logging_mixin.py:109} INFO - [2022-01-05 20:41:27,412] {dag.py:2396} INFO - Sync 1 DAGs
[2022-01-05 20:41:27,451] {logging_mixin.py:109} INFO - [2022-01-05 20:41:27,450] {dag.py:2935} INFO - Setting next_dagrun for example_short_circuit_operator to 2022-01-04T20:41:27.450705+00:00
[2022-01-05 20:41:27,467] {processor.py:171} INFO - Processing /home/airflow/sandbox/lib/python3.8/site-packages/airflow/example_dags/example_short_circuit_operator.py took 0.171 seconds
[2022-01-05 20:41:58,175] {processor.py:163} INFO - Started process (PID=15587) to work on /home/airflow/sandbox/lib/python3.8/site-packages/airflow/example_dags/example_short_circuit_operator.py
[2022-01-05 20:41:58,176] {processor.py:642} INFO - Processing file /home/airflow/sandbox/lib/python3.8/site-packages/airflow/example_dags/example_short_circuit_operator.py for tasks to queue
[2022-01-05 20:41:58,177] {logging_mixin.py:109} INFO - [2022-01-05 20:41:58,177] {dagbag.py:500} INFO - Filling up the DagBag from /home/airflow/sandbox/lib/python3.8/site-packages/airflow/example_dags/example_short_circuit_operator.py
[2022-01-05 20:41:58,262] {processor.py:654} INFO - DAG(s) dict_keys(['example_short_circuit_operator']) retrieved from /home/airflow/sandbox/lib/python3.8/site-packages/airflow/example_dags/example_short_circuit_operator.py
[2022-01-05 20:41:58,272] {logging_mixin.py:109} INFO - [2022-01-05 20:41:58,272] {dag.py:2396} INFO - Sync 1 DAGs
[2022-01-05 20:41:58,320] {logging_mixin.py:109} INFO - [2022-01-05 20:41:58,320] {dag.py:2935} INFO - Setting next_dagrun for example_short_circuit_operator to 2022-01-04T20:41:58.320470+00:00
[2022-01-05 20:41:58,420] {processor.py:171} INFO - Processing /home/airflow/sandbox/lib/python3.8/site-packages/airflow/example_dags/example_short_circuit_operator.py took 0.248 seconds
[2022-01-05 20:42:28,615] {processor.py:163} INFO - Started process (PID=15825) to work on /home/airflow/sandbox/lib/python3.8/site-packages/airflow/example_dags/example_short_circuit_operator.py
[2022-01-05 20:42:28,616] {processor.py:642} INFO - Processing file /home/airflow/sandbox/lib/python3.8/site-packages/airflow/example_dags/example_short_circuit_operator.py for tasks to queue
[2022-01-05 20:42:28,616] {logging_mixin.py:109} INFO - [2022-01-05 20:42:28,616] {dagbag.py:500} INFO - Filling up the DagBag from /home/airflow/sandbox/lib/python3.8/site-packages/airflow/example_dags/example_short_circuit_operator.py
[2022-01-05 20:42:28,809] {processor.py:654} INFO - DAG(s) dict_keys(['example_short_circuit_operator']) retrieved from /home/airflow/sandbox/lib/python3.8/site-packages/airflow/example_dags/example_short_circuit_operator.py
[2022-01-05 20:42:28,964] {logging_mixin.py:109} INFO - [2022-01-05 20:42:28,964] {dag.py:2396} INFO - Sync 1 DAGs
[2022-01-05 20:42:29,029] {logging_mixin.py:109} INFO - [2022-01-05 20:42:29,029] {dag.py:2935} INFO - Setting next_dagrun for example_short_circuit_operator to 2022-01-04T20:42:29.028996+00:00
[2022-01-05 20:42:29,220] {processor.py:171} INFO - Processing /home/airflow/sandbox/lib/python3.8/site-packages/airflow/example_dags/example_short_circuit_operator.py took 0.608 seconds
[2022-01-05 20:42:59,586] {processor.py:163} INFO - Started process (PID=16071) to work on /home/airflow/sandbox/lib/python3.8/site-packages/airflow/example_dags/example_short_circuit_operator.py
[2022-01-05 20:42:59,607] {processor.py:642} INFO - Processing file /home/airflow/sandbox/lib/python3.8/site-packages/airflow/example_dags/example_short_circuit_operator.py for tasks to queue
[2022-01-05 20:42:59,609] {logging_mixin.py:109} INFO - [2022-01-05 20:42:59,609] {dagbag.py:500} INFO - Filling up the DagBag from /home/airflow/sandbox/lib/python3.8/site-packages/airflow/example_dags/example_short_circuit_operator.py
[2022-01-05 20:42:59,778] {processor.py:654} INFO - DAG(s) dict_keys(['example_short_circuit_operator']) retrieved from /home/airflow/sandbox/lib/python3.8/site-packages/airflow/example_dags/example_short_circuit_operator.py
[2022-01-05 20:42:59,824] {logging_mixin.py:109} INFO - [2022-01-05 20:42:59,824] {dag.py:2396} INFO - Sync 1 DAGs
[2022-01-05 20:42:59,879] {logging_mixin.py:109} INFO - [2022-01-05 20:42:59,879] {dag.py:2935} INFO - Setting next_dagrun for example_short_circuit_operator to 2022-01-04T20:42:59.879252+00:00
[2022-01-05 20:42:59,969] {processor.py:171} INFO - Processing /home/airflow/sandbox/lib/python3.8/site-packages/airflow/example_dags/example_short_circuit_operator.py took 0.386 seconds
[2022-01-05 20:43:30,265] {processor.py:163} INFO - Started process (PID=16380) to work on /home/airflow/sandbox/lib/python3.8/site-packages/airflow/example_dags/example_short_circuit_operator.py
[2022-01-05 20:43:30,267] {processor.py:642} INFO - Processing file /home/airflow/sandbox/lib/python3.8/site-packages/airflow/example_dags/example_short_circuit_operator.py for tasks to queue
[2022-01-05 20:43:30,267] {logging_mixin.py:109} INFO - [2022-01-05 20:43:30,267] {dagbag.py:500} INFO - Filling up the DagBag from /home/airflow/sandbox/lib/python3.8/site-packages/airflow/example_dags/example_short_circuit_operator.py
[2022-01-05 20:43:30,317] {processor.py:654} INFO - DAG(s) dict_keys(['example_short_circuit_operator']) retrieved from /home/airflow/sandbox/lib/python3.8/site-packages/airflow/example_dags/example_short_circuit_operator.py
[2022-01-05 20:43:30,333] {logging_mixin.py:109} INFO - [2022-01-05 20:43:30,332] {dag.py:2396} INFO - Sync 1 DAGs
[2022-01-05 20:43:30,377] {logging_mixin.py:109} INFO - [2022-01-05 20:43:30,376] {dag.py:2935} INFO - Setting next_dagrun for example_short_circuit_operator to 2022-01-04T20:43:30.375959+00:00
[2022-01-05 20:43:30,403] {processor.py:171} INFO - Processing /home/airflow/sandbox/lib/python3.8/site-packages/airflow/example_dags/example_short_circuit_operator.py took 0.140 seconds
[2022-01-05 20:44:00,713] {processor.py:163} INFO - Started process (PID=16621) to work on /home/airflow/sandbox/lib/python3.8/site-packages/airflow/example_dags/example_short_circuit_operator.py
[2022-01-05 20:44:00,716] {processor.py:642} INFO - Processing file /home/airflow/sandbox/lib/python3.8/site-packages/airflow/example_dags/example_short_circuit_operator.py for tasks to queue
[2022-01-05 20:44:00,716] {logging_mixin.py:109} INFO - [2022-01-05 20:44:00,716] {dagbag.py:500} INFO - Filling up the DagBag from /home/airflow/sandbox/lib/python3.8/site-packages/airflow/example_dags/example_short_circuit_operator.py
[2022-01-05 20:44:00,790] {processor.py:654} INFO - DAG(s) dict_keys(['example_short_circuit_operator']) retrieved from /home/airflow/sandbox/lib/python3.8/site-packages/airflow/example_dags/example_short_circuit_operator.py
[2022-01-05 20:44:00,806] {logging_mixin.py:109} INFO - [2022-01-05 20:44:00,806] {dag.py:2396} INFO - Sync 1 DAGs
[2022-01-05 20:44:00,832] {logging_mixin.py:109} INFO - [2022-01-05 20:44:00,832] {dag.py:2935} INFO - Setting next_dagrun for example_short_circuit_operator to 2022-01-04T20:44:00.831771+00:00
[2022-01-05 20:44:00,853] {processor.py:171} INFO - Processing /home/airflow/sandbox/lib/python3.8/site-packages/airflow/example_dags/example_short_circuit_operator.py took 0.143 seconds
[2022-01-05 20:44:31,272] {processor.py:163} INFO - Started process (PID=16868) to work on /home/airflow/sandbox/lib/python3.8/site-packages/airflow/example_dags/example_short_circuit_operator.py
[2022-01-05 20:44:31,273] {processor.py:642} INFO - Processing file /home/airflow/sandbox/lib/python3.8/site-packages/airflow/example_dags/example_short_circuit_operator.py for tasks to queue
[2022-01-05 20:44:31,273] {logging_mixin.py:109} INFO - [2022-01-05 20:44:31,273] {dagbag.py:500} INFO - Filling up the DagBag from /home/airflow/sandbox/lib/python3.8/site-packages/airflow/example_dags/example_short_circuit_operator.py
[2022-01-05 20:44:31,306] {processor.py:654} INFO - DAG(s) dict_keys(['example_short_circuit_operator']) retrieved from /home/airflow/sandbox/lib/python3.8/site-packages/airflow/example_dags/example_short_circuit_operator.py
[2022-01-05 20:44:31,330] {logging_mixin.py:109} INFO - [2022-01-05 20:44:31,330] {dag.py:2396} INFO - Sync 1 DAGs
[2022-01-05 20:44:31,359] {logging_mixin.py:109} INFO - [2022-01-05 20:44:31,359] {dag.py:2935} INFO - Setting next_dagrun for example_short_circuit_operator to 2022-01-04T20:44:31.359347+00:00
[2022-01-05 20:44:31,377] {processor.py:171} INFO - Processing /home/airflow/sandbox/lib/python3.8/site-packages/airflow/example_dags/example_short_circuit_operator.py took 0.109 seconds
[2022-01-05 20:45:01,851] {processor.py:163} INFO - Started process (PID=17112) to work on /home/airflow/sandbox/lib/python3.8/site-packages/airflow/example_dags/example_short_circuit_operator.py
[2022-01-05 20:45:01,852] {processor.py:642} INFO - Processing file /home/airflow/sandbox/lib/python3.8/site-packages/airflow/example_dags/example_short_circuit_operator.py for tasks to queue
[2022-01-05 20:45:01,853] {logging_mixin.py:109} INFO - [2022-01-05 20:45:01,853] {dagbag.py:500} INFO - Filling up the DagBag from /home/airflow/sandbox/lib/python3.8/site-packages/airflow/example_dags/example_short_circuit_operator.py
[2022-01-05 20:45:01,890] {processor.py:654} INFO - DAG(s) dict_keys(['example_short_circuit_operator']) retrieved from /home/airflow/sandbox/lib/python3.8/site-packages/airflow/example_dags/example_short_circuit_operator.py
[2022-01-05 20:45:01,911] {logging_mixin.py:109} INFO - [2022-01-05 20:45:01,911] {dag.py:2396} INFO - Sync 1 DAGs
[2022-01-05 20:45:01,936] {logging_mixin.py:109} INFO - [2022-01-05 20:45:01,936] {dag.py:2935} INFO - Setting next_dagrun for example_short_circuit_operator to 2022-01-04T20:45:01.936216+00:00
[2022-01-05 20:45:01,950] {processor.py:171} INFO - Processing /home/airflow/sandbox/lib/python3.8/site-packages/airflow/example_dags/example_short_circuit_operator.py took 0.102 seconds
[2022-01-05 20:45:32,754] {processor.py:163} INFO - Started process (PID=17354) to work on /home/airflow/sandbox/lib/python3.8/site-packages/airflow/example_dags/example_short_circuit_operator.py
[2022-01-05 20:45:32,763] {processor.py:642} INFO - Processing file /home/airflow/sandbox/lib/python3.8/site-packages/airflow/example_dags/example_short_circuit_operator.py for tasks to queue
[2022-01-05 20:45:32,766] {logging_mixin.py:109} INFO - [2022-01-05 20:45:32,766] {dagbag.py:500} INFO - Filling up the DagBag from /home/airflow/sandbox/lib/python3.8/site-packages/airflow/example_dags/example_short_circuit_operator.py
[2022-01-05 20:45:32,862] {processor.py:654} INFO - DAG(s) dict_keys(['example_short_circuit_operator']) retrieved from /home/airflow/sandbox/lib/python3.8/site-packages/airflow/example_dags/example_short_circuit_operator.py
[2022-01-05 20:45:32,895] {logging_mixin.py:109} INFO - [2022-01-05 20:45:32,895] {dag.py:2396} INFO - Sync 1 DAGs
[2022-01-05 20:45:32,944] {logging_mixin.py:109} INFO - [2022-01-05 20:45:32,944] {dag.py:2935} INFO - Setting next_dagrun for example_short_circuit_operator to 2022-01-04T20:45:32.943924+00:00
[2022-01-05 20:45:32,971] {processor.py:171} INFO - Processing /home/airflow/sandbox/lib/python3.8/site-packages/airflow/example_dags/example_short_circuit_operator.py took 0.219 seconds
[2022-01-05 20:46:03,600] {processor.py:163} INFO - Started process (PID=17602) to work on /home/airflow/sandbox/lib/python3.8/site-packages/airflow/example_dags/example_short_circuit_operator.py
[2022-01-05 20:46:03,603] {processor.py:642} INFO - Processing file /home/airflow/sandbox/lib/python3.8/site-packages/airflow/example_dags/example_short_circuit_operator.py for tasks to queue
[2022-01-05 20:46:03,607] {logging_mixin.py:109} INFO - [2022-01-05 20:46:03,607] {dagbag.py:500} INFO - Filling up the DagBag from /home/airflow/sandbox/lib/python3.8/site-packages/airflow/example_dags/example_short_circuit_operator.py
[2022-01-05 20:46:03,692] {processor.py:654} INFO - DAG(s) dict_keys(['example_short_circuit_operator']) retrieved from /home/airflow/sandbox/lib/python3.8/site-packages/airflow/example_dags/example_short_circuit_operator.py
[2022-01-05 20:46:03,715] {logging_mixin.py:109} INFO - [2022-01-05 20:46:03,715] {dag.py:2396} INFO - Sync 1 DAGs
[2022-01-05 20:46:03,788] {logging_mixin.py:109} INFO - [2022-01-05 20:46:03,788] {dag.py:2935} INFO - Setting next_dagrun for example_short_circuit_operator to 2022-01-04T20:46:03.787736+00:00
[2022-01-05 20:46:03,829] {processor.py:171} INFO - Processing /home/airflow/sandbox/lib/python3.8/site-packages/airflow/example_dags/example_short_circuit_operator.py took 0.247 seconds
[2022-01-05 20:46:34,071] {processor.py:163} INFO - Started process (PID=17848) to work on /home/airflow/sandbox/lib/python3.8/site-packages/airflow/example_dags/example_short_circuit_operator.py
[2022-01-05 20:46:34,073] {processor.py:642} INFO - Processing file /home/airflow/sandbox/lib/python3.8/site-packages/airflow/example_dags/example_short_circuit_operator.py for tasks to queue
[2022-01-05 20:46:34,073] {logging_mixin.py:109} INFO - [2022-01-05 20:46:34,073] {dagbag.py:500} INFO - Filling up the DagBag from /home/airflow/sandbox/lib/python3.8/site-packages/airflow/example_dags/example_short_circuit_operator.py
[2022-01-05 20:46:34,107] {processor.py:654} INFO - DAG(s) dict_keys(['example_short_circuit_operator']) retrieved from /home/airflow/sandbox/lib/python3.8/site-packages/airflow/example_dags/example_short_circuit_operator.py
[2022-01-05 20:46:34,116] {logging_mixin.py:109} INFO - [2022-01-05 20:46:34,116] {dag.py:2396} INFO - Sync 1 DAGs
[2022-01-05 20:46:34,134] {logging_mixin.py:109} INFO - [2022-01-05 20:46:34,133] {dag.py:2935} INFO - Setting next_dagrun for example_short_circuit_operator to 2022-01-04T20:46:34.133705+00:00
[2022-01-05 20:46:34,147] {processor.py:171} INFO - Processing /home/airflow/sandbox/lib/python3.8/site-packages/airflow/example_dags/example_short_circuit_operator.py took 0.078 seconds
[2022-01-05 20:47:05,100] {processor.py:163} INFO - Started process (PID=18090) to work on /home/airflow/sandbox/lib/python3.8/site-packages/airflow/example_dags/example_short_circuit_operator.py
[2022-01-05 20:47:05,102] {processor.py:642} INFO - Processing file /home/airflow/sandbox/lib/python3.8/site-packages/airflow/example_dags/example_short_circuit_operator.py for tasks to queue
[2022-01-05 20:47:05,103] {logging_mixin.py:109} INFO - [2022-01-05 20:47:05,103] {dagbag.py:500} INFO - Filling up the DagBag from /home/airflow/sandbox/lib/python3.8/site-packages/airflow/example_dags/example_short_circuit_operator.py
[2022-01-05 20:47:05,260] {processor.py:654} INFO - DAG(s) dict_keys(['example_short_circuit_operator']) retrieved from /home/airflow/sandbox/lib/python3.8/site-packages/airflow/example_dags/example_short_circuit_operator.py
[2022-01-05 20:47:05,316] {logging_mixin.py:109} INFO - [2022-01-05 20:47:05,316] {dag.py:2396} INFO - Sync 1 DAGs
[2022-01-05 20:47:05,354] {logging_mixin.py:109} INFO - [2022-01-05 20:47:05,354] {dag.py:2935} INFO - Setting next_dagrun for example_short_circuit_operator to 2022-01-04T20:47:05.354267+00:00
[2022-01-05 20:47:05,371] {processor.py:171} INFO - Processing /home/airflow/sandbox/lib/python3.8/site-packages/airflow/example_dags/example_short_circuit_operator.py took 0.275 seconds
[2022-01-05 20:47:36,143] {processor.py:163} INFO - Started process (PID=18337) to work on /home/airflow/sandbox/lib/python3.8/site-packages/airflow/example_dags/example_short_circuit_operator.py
[2022-01-05 20:47:36,144] {processor.py:642} INFO - Processing file /home/airflow/sandbox/lib/python3.8/site-packages/airflow/example_dags/example_short_circuit_operator.py for tasks to queue
[2022-01-05 20:47:36,145] {logging_mixin.py:109} INFO - [2022-01-05 20:47:36,145] {dagbag.py:500} INFO - Filling up the DagBag from /home/airflow/sandbox/lib/python3.8/site-packages/airflow/example_dags/example_short_circuit_operator.py
[2022-01-05 20:47:36,307] {processor.py:654} INFO - DAG(s) dict_keys(['example_short_circuit_operator']) retrieved from /home/airflow/sandbox/lib/python3.8/site-packages/airflow/example_dags/example_short_circuit_operator.py
[2022-01-05 20:47:36,387] {logging_mixin.py:109} INFO - [2022-01-05 20:47:36,387] {dag.py:2396} INFO - Sync 1 DAGs
[2022-01-05 20:47:36,404] {logging_mixin.py:109} INFO - [2022-01-05 20:47:36,403] {dag.py:2935} INFO - Setting next_dagrun for example_short_circuit_operator to 2022-01-04T20:47:36.403195+00:00
[2022-01-05 20:47:36,439] {processor.py:171} INFO - Processing /home/airflow/sandbox/lib/python3.8/site-packages/airflow/example_dags/example_short_circuit_operator.py took 0.300 seconds
[2022-01-05 20:48:06,587] {processor.py:163} INFO - Started process (PID=18583) to work on /home/airflow/sandbox/lib/python3.8/site-packages/airflow/example_dags/example_short_circuit_operator.py
[2022-01-05 20:48:06,588] {processor.py:642} INFO - Processing file /home/airflow/sandbox/lib/python3.8/site-packages/airflow/example_dags/example_short_circuit_operator.py for tasks to queue
[2022-01-05 20:48:06,588] {logging_mixin.py:109} INFO - [2022-01-05 20:48:06,588] {dagbag.py:500} INFO - Filling up the DagBag from /home/airflow/sandbox/lib/python3.8/site-packages/airflow/example_dags/example_short_circuit_operator.py
[2022-01-05 20:48:06,620] {processor.py:654} INFO - DAG(s) dict_keys(['example_short_circuit_operator']) retrieved from /home/airflow/sandbox/lib/python3.8/site-packages/airflow/example_dags/example_short_circuit_operator.py
[2022-01-05 20:48:06,631] {logging_mixin.py:109} INFO - [2022-01-05 20:48:06,631] {dag.py:2396} INFO - Sync 1 DAGs
[2022-01-05 20:48:06,648] {logging_mixin.py:109} INFO - [2022-01-05 20:48:06,647] {dag.py:2935} INFO - Setting next_dagrun for example_short_circuit_operator to 2022-01-04T20:48:06.647174+00:00
[2022-01-05 20:48:06,660] {processor.py:171} INFO - Processing /home/airflow/sandbox/lib/python3.8/site-packages/airflow/example_dags/example_short_circuit_operator.py took 0.077 seconds
[2022-01-05 20:48:37,312] {processor.py:163} INFO - Started process (PID=18890) to work on /home/airflow/sandbox/lib/python3.8/site-packages/airflow/example_dags/example_short_circuit_operator.py
[2022-01-05 20:48:37,313] {processor.py:642} INFO - Processing file /home/airflow/sandbox/lib/python3.8/site-packages/airflow/example_dags/example_short_circuit_operator.py for tasks to queue
[2022-01-05 20:48:37,314] {logging_mixin.py:109} INFO - [2022-01-05 20:48:37,314] {dagbag.py:500} INFO - Filling up the DagBag from /home/airflow/sandbox/lib/python3.8/site-packages/airflow/example_dags/example_short_circuit_operator.py
[2022-01-05 20:48:37,379] {processor.py:654} INFO - DAG(s) dict_keys(['example_short_circuit_operator']) retrieved from /home/airflow/sandbox/lib/python3.8/site-packages/airflow/example_dags/example_short_circuit_operator.py
[2022-01-05 20:48:37,429] {logging_mixin.py:109} INFO - [2022-01-05 20:48:37,429] {dag.py:2396} INFO - Sync 1 DAGs
[2022-01-05 20:48:37,557] {logging_mixin.py:109} INFO - [2022-01-05 20:48:37,556] {dag.py:2935} INFO - Setting next_dagrun for example_short_circuit_operator to 2022-01-04T20:48:37.556669+00:00
[2022-01-05 20:48:37,615] {processor.py:171} INFO - Processing /home/airflow/sandbox/lib/python3.8/site-packages/airflow/example_dags/example_short_circuit_operator.py took 0.336 seconds
[2022-01-05 20:49:08,309] {processor.py:163} INFO - Started process (PID=19139) to work on /home/airflow/sandbox/lib/python3.8/site-packages/airflow/example_dags/example_short_circuit_operator.py
[2022-01-05 20:49:08,311] {processor.py:642} INFO - Processing file /home/airflow/sandbox/lib/python3.8/site-packages/airflow/example_dags/example_short_circuit_operator.py for tasks to queue
[2022-01-05 20:49:08,312] {logging_mixin.py:109} INFO - [2022-01-05 20:49:08,312] {dagbag.py:500} INFO - Filling up the DagBag from /home/airflow/sandbox/lib/python3.8/site-packages/airflow/example_dags/example_short_circuit_operator.py
[2022-01-05 20:49:08,438] {processor.py:654} INFO - DAG(s) dict_keys(['example_short_circuit_operator']) retrieved from /home/airflow/sandbox/lib/python3.8/site-packages/airflow/example_dags/example_short_circuit_operator.py
[2022-01-05 20:49:08,449] {logging_mixin.py:109} INFO - [2022-01-05 20:49:08,448] {dag.py:2396} INFO - Sync 1 DAGs
[2022-01-05 20:49:08,465] {logging_mixin.py:109} INFO - [2022-01-05 20:49:08,465] {dag.py:2935} INFO - Setting next_dagrun for example_short_circuit_operator to 2022-01-04T20:49:08.464909+00:00
[2022-01-05 20:49:08,512] {processor.py:171} INFO - Processing /home/airflow/sandbox/lib/python3.8/site-packages/airflow/example_dags/example_short_circuit_operator.py took 0.206 seconds
[2022-01-05 20:49:38,841] {processor.py:163} INFO - Started process (PID=19380) to work on /home/airflow/sandbox/lib/python3.8/site-packages/airflow/example_dags/example_short_circuit_operator.py
[2022-01-05 20:49:38,842] {processor.py:642} INFO - Processing file /home/airflow/sandbox/lib/python3.8/site-packages/airflow/example_dags/example_short_circuit_operator.py for tasks to queue
[2022-01-05 20:49:38,843] {logging_mixin.py:109} INFO - [2022-01-05 20:49:38,843] {dagbag.py:500} INFO - Filling up the DagBag from /home/airflow/sandbox/lib/python3.8/site-packages/airflow/example_dags/example_short_circuit_operator.py
[2022-01-05 20:49:38,934] {processor.py:654} INFO - DAG(s) dict_keys(['example_short_circuit_operator']) retrieved from /home/airflow/sandbox/lib/python3.8/site-packages/airflow/example_dags/example_short_circuit_operator.py
[2022-01-05 20:49:38,954] {logging_mixin.py:109} INFO - [2022-01-05 20:49:38,953] {dag.py:2396} INFO - Sync 1 DAGs
[2022-01-05 20:49:38,986] {logging_mixin.py:109} INFO - [2022-01-05 20:49:38,986] {dag.py:2935} INFO - Setting next_dagrun for example_short_circuit_operator to 2022-01-04T20:49:38.986210+00:00
[2022-01-05 20:49:39,001] {processor.py:171} INFO - Processing /home/airflow/sandbox/lib/python3.8/site-packages/airflow/example_dags/example_short_circuit_operator.py took 0.164 seconds
[2022-01-05 20:50:09,793] {processor.py:163} INFO - Started process (PID=19628) to work on /home/airflow/sandbox/lib/python3.8/site-packages/airflow/example_dags/example_short_circuit_operator.py
[2022-01-05 20:50:09,795] {processor.py:642} INFO - Processing file /home/airflow/sandbox/lib/python3.8/site-packages/airflow/example_dags/example_short_circuit_operator.py for tasks to queue
[2022-01-05 20:50:09,797] {logging_mixin.py:109} INFO - [2022-01-05 20:50:09,796] {dagbag.py:500} INFO - Filling up the DagBag from /home/airflow/sandbox/lib/python3.8/site-packages/airflow/example_dags/example_short_circuit_operator.py
[2022-01-05 20:50:09,873] {processor.py:654} INFO - DAG(s) dict_keys(['example_short_circuit_operator']) retrieved from /home/airflow/sandbox/lib/python3.8/site-packages/airflow/example_dags/example_short_circuit_operator.py
[2022-01-05 20:50:09,890] {logging_mixin.py:109} INFO - [2022-01-05 20:50:09,889] {dag.py:2396} INFO - Sync 1 DAGs
[2022-01-05 20:50:09,923] {logging_mixin.py:109} INFO - [2022-01-05 20:50:09,923] {dag.py:2935} INFO - Setting next_dagrun for example_short_circuit_operator to 2022-01-04T20:50:09.922555+00:00
[2022-01-05 20:50:09,945] {processor.py:171} INFO - Processing /home/airflow/sandbox/lib/python3.8/site-packages/airflow/example_dags/example_short_circuit_operator.py took 0.158 seconds
[2022-01-05 20:50:40,407] {processor.py:163} INFO - Started process (PID=19869) to work on /home/airflow/sandbox/lib/python3.8/site-packages/airflow/example_dags/example_short_circuit_operator.py
[2022-01-05 20:50:40,408] {processor.py:642} INFO - Processing file /home/airflow/sandbox/lib/python3.8/site-packages/airflow/example_dags/example_short_circuit_operator.py for tasks to queue
[2022-01-05 20:50:40,409] {logging_mixin.py:109} INFO - [2022-01-05 20:50:40,409] {dagbag.py:500} INFO - Filling up the DagBag from /home/airflow/sandbox/lib/python3.8/site-packages/airflow/example_dags/example_short_circuit_operator.py
[2022-01-05 20:50:40,457] {processor.py:654} INFO - DAG(s) dict_keys(['example_short_circuit_operator']) retrieved from /home/airflow/sandbox/lib/python3.8/site-packages/airflow/example_dags/example_short_circuit_operator.py
[2022-01-05 20:50:40,468] {logging_mixin.py:109} INFO - [2022-01-05 20:50:40,468] {dag.py:2396} INFO - Sync 1 DAGs
[2022-01-05 20:50:40,486] {logging_mixin.py:109} INFO - [2022-01-05 20:50:40,486] {dag.py:2935} INFO - Setting next_dagrun for example_short_circuit_operator to 2022-01-04T20:50:40.485947+00:00
[2022-01-05 20:50:40,513] {processor.py:171} INFO - Processing /home/airflow/sandbox/lib/python3.8/site-packages/airflow/example_dags/example_short_circuit_operator.py took 0.109 seconds
[2022-01-05 20:51:10,806] {processor.py:163} INFO - Started process (PID=20116) to work on /home/airflow/sandbox/lib/python3.8/site-packages/airflow/example_dags/example_short_circuit_operator.py
[2022-01-05 20:51:10,821] {processor.py:642} INFO - Processing file /home/airflow/sandbox/lib/python3.8/site-packages/airflow/example_dags/example_short_circuit_operator.py for tasks to queue
[2022-01-05 20:51:10,823] {logging_mixin.py:109} INFO - [2022-01-05 20:51:10,823] {dagbag.py:500} INFO - Filling up the DagBag from /home/airflow/sandbox/lib/python3.8/site-packages/airflow/example_dags/example_short_circuit_operator.py
[2022-01-05 20:51:10,923] {processor.py:654} INFO - DAG(s) dict_keys(['example_short_circuit_operator']) retrieved from /home/airflow/sandbox/lib/python3.8/site-packages/airflow/example_dags/example_short_circuit_operator.py
[2022-01-05 20:51:10,952] {logging_mixin.py:109} INFO - [2022-01-05 20:51:10,952] {dag.py:2396} INFO - Sync 1 DAGs
[2022-01-05 20:51:10,969] {logging_mixin.py:109} INFO - [2022-01-05 20:51:10,969] {dag.py:2935} INFO - Setting next_dagrun for example_short_circuit_operator to 2022-01-04T20:51:10.969241+00:00
[2022-01-05 20:51:10,978] {processor.py:171} INFO - Processing /home/airflow/sandbox/lib/python3.8/site-packages/airflow/example_dags/example_short_circuit_operator.py took 0.180 seconds
[2022-01-05 20:51:41,503] {processor.py:163} INFO - Started process (PID=20363) to work on /home/airflow/sandbox/lib/python3.8/site-packages/airflow/example_dags/example_short_circuit_operator.py
[2022-01-05 20:51:41,504] {processor.py:642} INFO - Processing file /home/airflow/sandbox/lib/python3.8/site-packages/airflow/example_dags/example_short_circuit_operator.py for tasks to queue
[2022-01-05 20:51:41,505] {logging_mixin.py:109} INFO - [2022-01-05 20:51:41,504] {dagbag.py:500} INFO - Filling up the DagBag from /home/airflow/sandbox/lib/python3.8/site-packages/airflow/example_dags/example_short_circuit_operator.py
[2022-01-05 20:51:41,572] {processor.py:654} INFO - DAG(s) dict_keys(['example_short_circuit_operator']) retrieved from /home/airflow/sandbox/lib/python3.8/site-packages/airflow/example_dags/example_short_circuit_operator.py
[2022-01-05 20:51:41,642] {logging_mixin.py:109} INFO - [2022-01-05 20:51:41,641] {dag.py:2396} INFO - Sync 1 DAGs
[2022-01-05 20:51:41,693] {logging_mixin.py:109} INFO - [2022-01-05 20:51:41,693] {dag.py:2935} INFO - Setting next_dagrun for example_short_circuit_operator to 2022-01-04T20:51:41.692835+00:00
[2022-01-05 20:51:41,709] {processor.py:171} INFO - Processing /home/airflow/sandbox/lib/python3.8/site-packages/airflow/example_dags/example_short_circuit_operator.py took 0.211 seconds
[2022-01-05 20:52:12,398] {processor.py:163} INFO - Started process (PID=20606) to work on /home/airflow/sandbox/lib/python3.8/site-packages/airflow/example_dags/example_short_circuit_operator.py
[2022-01-05 20:52:12,403] {processor.py:642} INFO - Processing file /home/airflow/sandbox/lib/python3.8/site-packages/airflow/example_dags/example_short_circuit_operator.py for tasks to queue
[2022-01-05 20:52:12,410] {logging_mixin.py:109} INFO - [2022-01-05 20:52:12,410] {dagbag.py:500} INFO - Filling up the DagBag from /home/airflow/sandbox/lib/python3.8/site-packages/airflow/example_dags/example_short_circuit_operator.py
[2022-01-05 20:52:12,587] {processor.py:654} INFO - DAG(s) dict_keys(['example_short_circuit_operator']) retrieved from /home/airflow/sandbox/lib/python3.8/site-packages/airflow/example_dags/example_short_circuit_operator.py
[2022-01-05 20:52:12,616] {logging_mixin.py:109} INFO - [2022-01-05 20:52:12,616] {dag.py:2396} INFO - Sync 1 DAGs
[2022-01-05 20:52:12,695] {logging_mixin.py:109} INFO - [2022-01-05 20:52:12,695] {dag.py:2935} INFO - Setting next_dagrun for example_short_circuit_operator to 2022-01-04T20:52:12.694910+00:00
[2022-01-05 20:52:12,769] {processor.py:171} INFO - Processing /home/airflow/sandbox/lib/python3.8/site-packages/airflow/example_dags/example_short_circuit_operator.py took 0.378 seconds
[2022-01-05 20:52:42,903] {processor.py:163} INFO - Started process (PID=20846) to work on /home/airflow/sandbox/lib/python3.8/site-packages/airflow/example_dags/example_short_circuit_operator.py
[2022-01-05 20:52:42,905] {processor.py:642} INFO - Processing file /home/airflow/sandbox/lib/python3.8/site-packages/airflow/example_dags/example_short_circuit_operator.py for tasks to queue
[2022-01-05 20:52:42,906] {logging_mixin.py:109} INFO - [2022-01-05 20:52:42,906] {dagbag.py:500} INFO - Filling up the DagBag from /home/airflow/sandbox/lib/python3.8/site-packages/airflow/example_dags/example_short_circuit_operator.py
[2022-01-05 20:52:43,016] {processor.py:654} INFO - DAG(s) dict_keys(['example_short_circuit_operator']) retrieved from /home/airflow/sandbox/lib/python3.8/site-packages/airflow/example_dags/example_short_circuit_operator.py
[2022-01-05 20:52:43,046] {logging_mixin.py:109} INFO - [2022-01-05 20:52:43,046] {dag.py:2396} INFO - Sync 1 DAGs
[2022-01-05 20:52:43,065] {logging_mixin.py:109} INFO - [2022-01-05 20:52:43,065] {dag.py:2935} INFO - Setting next_dagrun for example_short_circuit_operator to 2022-01-04T20:52:43.065440+00:00
[2022-01-05 20:52:43,088] {processor.py:171} INFO - Processing /home/airflow/sandbox/lib/python3.8/site-packages/airflow/example_dags/example_short_circuit_operator.py took 0.191 seconds
[2022-01-05 20:53:13,442] {processor.py:163} INFO - Started process (PID=21126) to work on /home/airflow/sandbox/lib/python3.8/site-packages/airflow/example_dags/example_short_circuit_operator.py
[2022-01-05 20:53:13,451] {processor.py:642} INFO - Processing file /home/airflow/sandbox/lib/python3.8/site-packages/airflow/example_dags/example_short_circuit_operator.py for tasks to queue
[2022-01-05 20:53:13,454] {logging_mixin.py:109} INFO - [2022-01-05 20:53:13,453] {dagbag.py:500} INFO - Filling up the DagBag from /home/airflow/sandbox/lib/python3.8/site-packages/airflow/example_dags/example_short_circuit_operator.py
[2022-01-05 20:53:13,611] {processor.py:654} INFO - DAG(s) dict_keys(['example_short_circuit_operator']) retrieved from /home/airflow/sandbox/lib/python3.8/site-packages/airflow/example_dags/example_short_circuit_operator.py
[2022-01-05 20:53:13,640] {logging_mixin.py:109} INFO - [2022-01-05 20:53:13,639] {dag.py:2396} INFO - Sync 1 DAGs
[2022-01-05 20:53:13,684] {logging_mixin.py:109} INFO - [2022-01-05 20:53:13,684] {dag.py:2935} INFO - Setting next_dagrun for example_short_circuit_operator to 2022-01-04T20:53:13.683997+00:00
[2022-01-05 20:53:13,695] {processor.py:171} INFO - Processing /home/airflow/sandbox/lib/python3.8/site-packages/airflow/example_dags/example_short_circuit_operator.py took 0.258 seconds
[2022-01-05 20:53:44,000] {processor.py:163} INFO - Started process (PID=21409) to work on /home/airflow/sandbox/lib/python3.8/site-packages/airflow/example_dags/example_short_circuit_operator.py
[2022-01-05 20:53:44,005] {processor.py:642} INFO - Processing file /home/airflow/sandbox/lib/python3.8/site-packages/airflow/example_dags/example_short_circuit_operator.py for tasks to queue
[2022-01-05 20:53:44,006] {logging_mixin.py:109} INFO - [2022-01-05 20:53:44,006] {dagbag.py:500} INFO - Filling up the DagBag from /home/airflow/sandbox/lib/python3.8/site-packages/airflow/example_dags/example_short_circuit_operator.py
[2022-01-05 20:53:44,204] {processor.py:654} INFO - DAG(s) dict_keys(['example_short_circuit_operator']) retrieved from /home/airflow/sandbox/lib/python3.8/site-packages/airflow/example_dags/example_short_circuit_operator.py
[2022-01-05 20:53:44,228] {logging_mixin.py:109} INFO - [2022-01-05 20:53:44,228] {dag.py:2396} INFO - Sync 1 DAGs
[2022-01-05 20:53:44,248] {logging_mixin.py:109} INFO - [2022-01-05 20:53:44,248] {dag.py:2935} INFO - Setting next_dagrun for example_short_circuit_operator to 2022-01-04T20:53:44.247889+00:00
[2022-01-05 20:53:44,260] {processor.py:171} INFO - Processing /home/airflow/sandbox/lib/python3.8/site-packages/airflow/example_dags/example_short_circuit_operator.py took 0.270 seconds
[2022-01-05 20:54:14,806] {processor.py:163} INFO - Started process (PID=21656) to work on /home/airflow/sandbox/lib/python3.8/site-packages/airflow/example_dags/example_short_circuit_operator.py
[2022-01-05 20:54:14,826] {processor.py:642} INFO - Processing file /home/airflow/sandbox/lib/python3.8/site-packages/airflow/example_dags/example_short_circuit_operator.py for tasks to queue
[2022-01-05 20:54:14,827] {logging_mixin.py:109} INFO - [2022-01-05 20:54:14,827] {dagbag.py:500} INFO - Filling up the DagBag from /home/airflow/sandbox/lib/python3.8/site-packages/airflow/example_dags/example_short_circuit_operator.py
[2022-01-05 20:54:14,940] {processor.py:654} INFO - DAG(s) dict_keys(['example_short_circuit_operator']) retrieved from /home/airflow/sandbox/lib/python3.8/site-packages/airflow/example_dags/example_short_circuit_operator.py
[2022-01-05 20:54:14,980] {logging_mixin.py:109} INFO - [2022-01-05 20:54:14,980] {dag.py:2396} INFO - Sync 1 DAGs
[2022-01-05 20:54:15,007] {logging_mixin.py:109} INFO - [2022-01-05 20:54:15,007] {dag.py:2935} INFO - Setting next_dagrun for example_short_circuit_operator to 2022-01-04T20:54:15.007557+00:00
[2022-01-05 20:54:15,104] {processor.py:171} INFO - Processing /home/airflow/sandbox/lib/python3.8/site-packages/airflow/example_dags/example_short_circuit_operator.py took 0.301 seconds
[2022-01-05 20:54:45,391] {processor.py:163} INFO - Started process (PID=21897) to work on /home/airflow/sandbox/lib/python3.8/site-packages/airflow/example_dags/example_short_circuit_operator.py
[2022-01-05 20:54:45,396] {processor.py:642} INFO - Processing file /home/airflow/sandbox/lib/python3.8/site-packages/airflow/example_dags/example_short_circuit_operator.py for tasks to queue
[2022-01-05 20:54:45,402] {logging_mixin.py:109} INFO - [2022-01-05 20:54:45,401] {dagbag.py:500} INFO - Filling up the DagBag from /home/airflow/sandbox/lib/python3.8/site-packages/airflow/example_dags/example_short_circuit_operator.py
[2022-01-05 20:54:45,473] {processor.py:654} INFO - DAG(s) dict_keys(['example_short_circuit_operator']) retrieved from /home/airflow/sandbox/lib/python3.8/site-packages/airflow/example_dags/example_short_circuit_operator.py
[2022-01-05 20:54:45,485] {logging_mixin.py:109} INFO - [2022-01-05 20:54:45,485] {dag.py:2396} INFO - Sync 1 DAGs
[2022-01-05 20:54:45,524] {logging_mixin.py:109} INFO - [2022-01-05 20:54:45,524] {dag.py:2935} INFO - Setting next_dagrun for example_short_circuit_operator to 2022-01-04T20:54:45.524109+00:00
[2022-01-05 20:54:45,542] {processor.py:171} INFO - Processing /home/airflow/sandbox/lib/python3.8/site-packages/airflow/example_dags/example_short_circuit_operator.py took 0.196 seconds
[2022-01-05 20:55:16,051] {processor.py:163} INFO - Started process (PID=22148) to work on /home/airflow/sandbox/lib/python3.8/site-packages/airflow/example_dags/example_short_circuit_operator.py
[2022-01-05 20:55:16,052] {processor.py:642} INFO - Processing file /home/airflow/sandbox/lib/python3.8/site-packages/airflow/example_dags/example_short_circuit_operator.py for tasks to queue
[2022-01-05 20:55:16,052] {logging_mixin.py:109} INFO - [2022-01-05 20:55:16,052] {dagbag.py:500} INFO - Filling up the DagBag from /home/airflow/sandbox/lib/python3.8/site-packages/airflow/example_dags/example_short_circuit_operator.py
[2022-01-05 20:55:16,356] {processor.py:654} INFO - DAG(s) dict_keys(['example_short_circuit_operator']) retrieved from /home/airflow/sandbox/lib/python3.8/site-packages/airflow/example_dags/example_short_circuit_operator.py
[2022-01-05 20:55:16,439] {logging_mixin.py:109} INFO - [2022-01-05 20:55:16,439] {dag.py:2396} INFO - Sync 1 DAGs
[2022-01-05 20:55:16,482] {logging_mixin.py:109} INFO - [2022-01-05 20:55:16,482] {dag.py:2935} INFO - Setting next_dagrun for example_short_circuit_operator to 2022-01-04T20:55:16.482082+00:00
[2022-01-05 20:55:16,501] {processor.py:171} INFO - Processing /home/airflow/sandbox/lib/python3.8/site-packages/airflow/example_dags/example_short_circuit_operator.py took 0.462 seconds
[2022-01-05 20:55:47,147] {processor.py:163} INFO - Started process (PID=22394) to work on /home/airflow/sandbox/lib/python3.8/site-packages/airflow/example_dags/example_short_circuit_operator.py
[2022-01-05 20:55:47,152] {processor.py:642} INFO - Processing file /home/airflow/sandbox/lib/python3.8/site-packages/airflow/example_dags/example_short_circuit_operator.py for tasks to queue
[2022-01-05 20:55:47,153] {logging_mixin.py:109} INFO - [2022-01-05 20:55:47,153] {dagbag.py:500} INFO - Filling up the DagBag from /home/airflow/sandbox/lib/python3.8/site-packages/airflow/example_dags/example_short_circuit_operator.py
[2022-01-05 20:55:47,538] {processor.py:654} INFO - DAG(s) dict_keys(['example_short_circuit_operator']) retrieved from /home/airflow/sandbox/lib/python3.8/site-packages/airflow/example_dags/example_short_circuit_operator.py
[2022-01-05 20:55:47,698] {logging_mixin.py:109} INFO - [2022-01-05 20:55:47,698] {dag.py:2396} INFO - Sync 1 DAGs
[2022-01-05 20:55:47,749] {logging_mixin.py:109} INFO - [2022-01-05 20:55:47,749] {dag.py:2935} INFO - Setting next_dagrun for example_short_circuit_operator to 2022-01-04T20:55:47.749487+00:00
[2022-01-05 20:55:47,851] {processor.py:171} INFO - Processing /home/airflow/sandbox/lib/python3.8/site-packages/airflow/example_dags/example_short_circuit_operator.py took 0.717 seconds
[2022-01-05 20:56:18,298] {processor.py:163} INFO - Started process (PID=22635) to work on /home/airflow/sandbox/lib/python3.8/site-packages/airflow/example_dags/example_short_circuit_operator.py
[2022-01-05 20:56:18,300] {processor.py:642} INFO - Processing file /home/airflow/sandbox/lib/python3.8/site-packages/airflow/example_dags/example_short_circuit_operator.py for tasks to queue
[2022-01-05 20:56:18,300] {logging_mixin.py:109} INFO - [2022-01-05 20:56:18,300] {dagbag.py:500} INFO - Filling up the DagBag from /home/airflow/sandbox/lib/python3.8/site-packages/airflow/example_dags/example_short_circuit_operator.py
[2022-01-05 20:56:18,443] {processor.py:654} INFO - DAG(s) dict_keys(['example_short_circuit_operator']) retrieved from /home/airflow/sandbox/lib/python3.8/site-packages/airflow/example_dags/example_short_circuit_operator.py
[2022-01-05 20:56:18,581] {logging_mixin.py:109} INFO - [2022-01-05 20:56:18,581] {dag.py:2396} INFO - Sync 1 DAGs
[2022-01-05 20:56:18,633] {logging_mixin.py:109} INFO - [2022-01-05 20:56:18,633] {dag.py:2935} INFO - Setting next_dagrun for example_short_circuit_operator to 2022-01-04T20:56:18.632797+00:00
[2022-01-05 20:56:18,681] {processor.py:171} INFO - Processing /home/airflow/sandbox/lib/python3.8/site-packages/airflow/example_dags/example_short_circuit_operator.py took 0.389 seconds
[2022-01-05 20:56:48,948] {processor.py:163} INFO - Started process (PID=22864) to work on /home/airflow/sandbox/lib/python3.8/site-packages/airflow/example_dags/example_short_circuit_operator.py
[2022-01-05 20:56:48,954] {processor.py:642} INFO - Processing file /home/airflow/sandbox/lib/python3.8/site-packages/airflow/example_dags/example_short_circuit_operator.py for tasks to queue
[2022-01-05 20:56:48,984] {logging_mixin.py:109} INFO - [2022-01-05 20:56:48,984] {dagbag.py:500} INFO - Filling up the DagBag from /home/airflow/sandbox/lib/python3.8/site-packages/airflow/example_dags/example_short_circuit_operator.py
[2022-01-05 20:56:49,295] {processor.py:654} INFO - DAG(s) dict_keys(['example_short_circuit_operator']) retrieved from /home/airflow/sandbox/lib/python3.8/site-packages/airflow/example_dags/example_short_circuit_operator.py
[2022-01-05 20:56:49,342] {logging_mixin.py:109} INFO - [2022-01-05 20:56:49,341] {dag.py:2396} INFO - Sync 1 DAGs
[2022-01-05 20:56:49,485] {logging_mixin.py:109} INFO - [2022-01-05 20:56:49,485] {dag.py:2935} INFO - Setting next_dagrun for example_short_circuit_operator to 2022-01-04T20:56:49.484715+00:00
[2022-01-05 20:56:49,537] {processor.py:171} INFO - Processing /home/airflow/sandbox/lib/python3.8/site-packages/airflow/example_dags/example_short_circuit_operator.py took 0.685 seconds
[2022-01-05 20:57:20,590] {processor.py:163} INFO - Started process (PID=23110) to work on /home/airflow/sandbox/lib/python3.8/site-packages/airflow/example_dags/example_short_circuit_operator.py
[2022-01-05 20:57:20,593] {processor.py:642} INFO - Processing file /home/airflow/sandbox/lib/python3.8/site-packages/airflow/example_dags/example_short_circuit_operator.py for tasks to queue
[2022-01-05 20:57:20,595] {logging_mixin.py:109} INFO - [2022-01-05 20:57:20,594] {dagbag.py:500} INFO - Filling up the DagBag from /home/airflow/sandbox/lib/python3.8/site-packages/airflow/example_dags/example_short_circuit_operator.py
[2022-01-05 20:57:20,899] {processor.py:654} INFO - DAG(s) dict_keys(['example_short_circuit_operator']) retrieved from /home/airflow/sandbox/lib/python3.8/site-packages/airflow/example_dags/example_short_circuit_operator.py
[2022-01-05 20:57:21,036] {logging_mixin.py:109} INFO - [2022-01-05 20:57:21,036] {dag.py:2396} INFO - Sync 1 DAGs
[2022-01-05 20:57:21,136] {logging_mixin.py:109} INFO - [2022-01-05 20:57:21,136] {dag.py:2935} INFO - Setting next_dagrun for example_short_circuit_operator to 2022-01-04T20:57:21.135361+00:00
[2022-01-05 20:57:21,231] {processor.py:171} INFO - Processing /home/airflow/sandbox/lib/python3.8/site-packages/airflow/example_dags/example_short_circuit_operator.py took 0.646 seconds
[2022-01-05 20:57:51,583] {processor.py:163} INFO - Started process (PID=23341) to work on /home/airflow/sandbox/lib/python3.8/site-packages/airflow/example_dags/example_short_circuit_operator.py
[2022-01-05 20:57:51,585] {processor.py:642} INFO - Processing file /home/airflow/sandbox/lib/python3.8/site-packages/airflow/example_dags/example_short_circuit_operator.py for tasks to queue
[2022-01-05 20:57:51,586] {logging_mixin.py:109} INFO - [2022-01-05 20:57:51,586] {dagbag.py:500} INFO - Filling up the DagBag from /home/airflow/sandbox/lib/python3.8/site-packages/airflow/example_dags/example_short_circuit_operator.py
[2022-01-05 20:57:51,780] {processor.py:654} INFO - DAG(s) dict_keys(['example_short_circuit_operator']) retrieved from /home/airflow/sandbox/lib/python3.8/site-packages/airflow/example_dags/example_short_circuit_operator.py
[2022-01-05 20:57:51,900] {logging_mixin.py:109} INFO - [2022-01-05 20:57:51,899] {dag.py:2396} INFO - Sync 1 DAGs
[2022-01-05 20:57:52,003] {logging_mixin.py:109} INFO - [2022-01-05 20:57:52,002] {dag.py:2935} INFO - Setting next_dagrun for example_short_circuit_operator to 2022-01-04T20:57:52.001708+00:00
[2022-01-05 20:57:52,179] {processor.py:171} INFO - Processing /home/airflow/sandbox/lib/python3.8/site-packages/airflow/example_dags/example_short_circuit_operator.py took 0.629 seconds
[2022-01-05 20:58:22,593] {processor.py:163} INFO - Started process (PID=23651) to work on /home/airflow/sandbox/lib/python3.8/site-packages/airflow/example_dags/example_short_circuit_operator.py
[2022-01-05 20:58:22,596] {processor.py:642} INFO - Processing file /home/airflow/sandbox/lib/python3.8/site-packages/airflow/example_dags/example_short_circuit_operator.py for tasks to queue
[2022-01-05 20:58:22,599] {logging_mixin.py:109} INFO - [2022-01-05 20:58:22,599] {dagbag.py:500} INFO - Filling up the DagBag from /home/airflow/sandbox/lib/python3.8/site-packages/airflow/example_dags/example_short_circuit_operator.py
[2022-01-05 20:58:23,178] {processor.py:654} INFO - DAG(s) dict_keys(['example_short_circuit_operator']) retrieved from /home/airflow/sandbox/lib/python3.8/site-packages/airflow/example_dags/example_short_circuit_operator.py
[2022-01-05 20:58:23,201] {logging_mixin.py:109} INFO - [2022-01-05 20:58:23,201] {dag.py:2396} INFO - Sync 1 DAGs
[2022-01-05 20:58:23,285] {logging_mixin.py:109} INFO - [2022-01-05 20:58:23,284] {dag.py:2935} INFO - Setting next_dagrun for example_short_circuit_operator to 2022-01-04T20:58:23.254152+00:00
[2022-01-05 20:58:23,351] {processor.py:171} INFO - Processing /home/airflow/sandbox/lib/python3.8/site-packages/airflow/example_dags/example_short_circuit_operator.py took 0.766 seconds
[2022-01-05 20:58:53,635] {processor.py:163} INFO - Started process (PID=23886) to work on /home/airflow/sandbox/lib/python3.8/site-packages/airflow/example_dags/example_short_circuit_operator.py
[2022-01-05 20:58:53,639] {processor.py:642} INFO - Processing file /home/airflow/sandbox/lib/python3.8/site-packages/airflow/example_dags/example_short_circuit_operator.py for tasks to queue
[2022-01-05 20:58:53,642] {logging_mixin.py:109} INFO - [2022-01-05 20:58:53,642] {dagbag.py:500} INFO - Filling up the DagBag from /home/airflow/sandbox/lib/python3.8/site-packages/airflow/example_dags/example_short_circuit_operator.py
[2022-01-05 20:58:53,989] {processor.py:654} INFO - DAG(s) dict_keys(['example_short_circuit_operator']) retrieved from /home/airflow/sandbox/lib/python3.8/site-packages/airflow/example_dags/example_short_circuit_operator.py
[2022-01-05 20:58:54,049] {logging_mixin.py:109} INFO - [2022-01-05 20:58:54,049] {dag.py:2396} INFO - Sync 1 DAGs
[2022-01-05 20:58:54,104] {logging_mixin.py:109} INFO - [2022-01-05 20:58:54,104] {dag.py:2935} INFO - Setting next_dagrun for example_short_circuit_operator to 2022-01-04T20:58:54.103003+00:00
[2022-01-05 20:58:54,145] {processor.py:171} INFO - Processing /home/airflow/sandbox/lib/python3.8/site-packages/airflow/example_dags/example_short_circuit_operator.py took 0.597 seconds
[2022-01-05 20:59:24,641] {processor.py:163} INFO - Started process (PID=24127) to work on /home/airflow/sandbox/lib/python3.8/site-packages/airflow/example_dags/example_short_circuit_operator.py
[2022-01-05 20:59:24,648] {processor.py:642} INFO - Processing file /home/airflow/sandbox/lib/python3.8/site-packages/airflow/example_dags/example_short_circuit_operator.py for tasks to queue
[2022-01-05 20:59:24,650] {logging_mixin.py:109} INFO - [2022-01-05 20:59:24,649] {dagbag.py:500} INFO - Filling up the DagBag from /home/airflow/sandbox/lib/python3.8/site-packages/airflow/example_dags/example_short_circuit_operator.py
[2022-01-05 20:59:24,902] {processor.py:654} INFO - DAG(s) dict_keys(['example_short_circuit_operator']) retrieved from /home/airflow/sandbox/lib/python3.8/site-packages/airflow/example_dags/example_short_circuit_operator.py
[2022-01-05 20:59:24,994] {logging_mixin.py:109} INFO - [2022-01-05 20:59:24,993] {dag.py:2396} INFO - Sync 1 DAGs
[2022-01-05 20:59:25,051] {logging_mixin.py:109} INFO - [2022-01-05 20:59:25,051] {dag.py:2935} INFO - Setting next_dagrun for example_short_circuit_operator to 2022-01-04T20:59:25.050955+00:00
[2022-01-05 20:59:25,103] {processor.py:171} INFO - Processing /home/airflow/sandbox/lib/python3.8/site-packages/airflow/example_dags/example_short_circuit_operator.py took 0.476 seconds
[2022-01-05 20:59:55,725] {processor.py:163} INFO - Started process (PID=24362) to work on /home/airflow/sandbox/lib/python3.8/site-packages/airflow/example_dags/example_short_circuit_operator.py
[2022-01-05 20:59:55,726] {processor.py:642} INFO - Processing file /home/airflow/sandbox/lib/python3.8/site-packages/airflow/example_dags/example_short_circuit_operator.py for tasks to queue
[2022-01-05 20:59:55,727] {logging_mixin.py:109} INFO - [2022-01-05 20:59:55,727] {dagbag.py:500} INFO - Filling up the DagBag from /home/airflow/sandbox/lib/python3.8/site-packages/airflow/example_dags/example_short_circuit_operator.py
[2022-01-05 20:59:55,886] {processor.py:654} INFO - DAG(s) dict_keys(['example_short_circuit_operator']) retrieved from /home/airflow/sandbox/lib/python3.8/site-packages/airflow/example_dags/example_short_circuit_operator.py
[2022-01-05 20:59:55,932] {logging_mixin.py:109} INFO - [2022-01-05 20:59:55,931] {dag.py:2396} INFO - Sync 1 DAGs
[2022-01-05 20:59:55,982] {logging_mixin.py:109} INFO - [2022-01-05 20:59:55,982] {dag.py:2935} INFO - Setting next_dagrun for example_short_circuit_operator to 2022-01-04T20:59:55.982043+00:00
[2022-01-05 20:59:56,034] {processor.py:171} INFO - Processing /home/airflow/sandbox/lib/python3.8/site-packages/airflow/example_dags/example_short_circuit_operator.py took 0.335 seconds
