[2022-01-05 20:07:24,446] {processor.py:163} INFO - Started process (PID=2543) to work on /home/airflow/sandbox/lib/python3.8/site-packages/airflow/example_dags/example_nested_branch_dag.py
[2022-01-05 20:07:24,472] {processor.py:642} INFO - Processing file /home/airflow/sandbox/lib/python3.8/site-packages/airflow/example_dags/example_nested_branch_dag.py for tasks to queue
[2022-01-05 20:07:24,491] {logging_mixin.py:109} INFO - [2022-01-05 20:07:24,490] {dagbag.py:500} INFO - Filling up the DagBag from /home/airflow/sandbox/lib/python3.8/site-packages/airflow/example_dags/example_nested_branch_dag.py
[2022-01-05 20:07:24,787] {processor.py:654} INFO - DAG(s) dict_keys(['example_nested_branch_dag']) retrieved from /home/airflow/sandbox/lib/python3.8/site-packages/airflow/example_dags/example_nested_branch_dag.py
[2022-01-05 20:07:24,943] {logging_mixin.py:109} INFO - [2022-01-05 20:07:24,943] {dag.py:2396} INFO - Sync 1 DAGs
[2022-01-05 20:07:25,433] {logging_mixin.py:109} INFO - [2022-01-05 20:07:25,433] {dag.py:2935} INFO - Setting next_dagrun for example_nested_branch_dag to 2022-01-04 00:00:00+00:00
[2022-01-05 20:07:25,630] {processor.py:171} INFO - Processing /home/airflow/sandbox/lib/python3.8/site-packages/airflow/example_dags/example_nested_branch_dag.py took 1.197 seconds
[2022-01-05 20:07:55,995] {processor.py:163} INFO - Started process (PID=2827) to work on /home/airflow/sandbox/lib/python3.8/site-packages/airflow/example_dags/example_nested_branch_dag.py
[2022-01-05 20:07:55,997] {processor.py:642} INFO - Processing file /home/airflow/sandbox/lib/python3.8/site-packages/airflow/example_dags/example_nested_branch_dag.py for tasks to queue
[2022-01-05 20:07:55,998] {logging_mixin.py:109} INFO - [2022-01-05 20:07:55,998] {dagbag.py:500} INFO - Filling up the DagBag from /home/airflow/sandbox/lib/python3.8/site-packages/airflow/example_dags/example_nested_branch_dag.py
[2022-01-05 20:07:56,084] {processor.py:654} INFO - DAG(s) dict_keys(['example_nested_branch_dag']) retrieved from /home/airflow/sandbox/lib/python3.8/site-packages/airflow/example_dags/example_nested_branch_dag.py
[2022-01-05 20:07:56,095] {logging_mixin.py:109} INFO - [2022-01-05 20:07:56,095] {dag.py:2396} INFO - Sync 1 DAGs
[2022-01-05 20:07:56,131] {logging_mixin.py:109} INFO - [2022-01-05 20:07:56,131] {dag.py:2935} INFO - Setting next_dagrun for example_nested_branch_dag to 2022-01-04 00:00:00+00:00
[2022-01-05 20:07:56,143] {processor.py:171} INFO - Processing /home/airflow/sandbox/lib/python3.8/site-packages/airflow/example_dags/example_nested_branch_dag.py took 0.150 seconds
[2022-01-05 20:08:26,513] {processor.py:163} INFO - Started process (PID=3025) to work on /home/airflow/sandbox/lib/python3.8/site-packages/airflow/example_dags/example_nested_branch_dag.py
[2022-01-05 20:08:26,547] {processor.py:642} INFO - Processing file /home/airflow/sandbox/lib/python3.8/site-packages/airflow/example_dags/example_nested_branch_dag.py for tasks to queue
[2022-01-05 20:08:26,552] {logging_mixin.py:109} INFO - [2022-01-05 20:08:26,551] {dagbag.py:500} INFO - Filling up the DagBag from /home/airflow/sandbox/lib/python3.8/site-packages/airflow/example_dags/example_nested_branch_dag.py
[2022-01-05 20:08:26,888] {processor.py:654} INFO - DAG(s) dict_keys(['example_nested_branch_dag']) retrieved from /home/airflow/sandbox/lib/python3.8/site-packages/airflow/example_dags/example_nested_branch_dag.py
[2022-01-05 20:08:26,995] {logging_mixin.py:109} INFO - [2022-01-05 20:08:26,995] {dag.py:2396} INFO - Sync 1 DAGs
[2022-01-05 20:08:27,153] {logging_mixin.py:109} INFO - [2022-01-05 20:08:27,153] {dag.py:2935} INFO - Setting next_dagrun for example_nested_branch_dag to 2022-01-04 00:00:00+00:00
[2022-01-05 20:08:27,201] {processor.py:171} INFO - Processing /home/airflow/sandbox/lib/python3.8/site-packages/airflow/example_dags/example_nested_branch_dag.py took 0.710 seconds
[2022-01-05 20:08:57,905] {processor.py:163} INFO - Started process (PID=3343) to work on /home/airflow/sandbox/lib/python3.8/site-packages/airflow/example_dags/example_nested_branch_dag.py
[2022-01-05 20:08:57,906] {processor.py:642} INFO - Processing file /home/airflow/sandbox/lib/python3.8/site-packages/airflow/example_dags/example_nested_branch_dag.py for tasks to queue
[2022-01-05 20:08:57,907] {logging_mixin.py:109} INFO - [2022-01-05 20:08:57,907] {dagbag.py:500} INFO - Filling up the DagBag from /home/airflow/sandbox/lib/python3.8/site-packages/airflow/example_dags/example_nested_branch_dag.py
[2022-01-05 20:08:58,196] {processor.py:654} INFO - DAG(s) dict_keys(['example_nested_branch_dag']) retrieved from /home/airflow/sandbox/lib/python3.8/site-packages/airflow/example_dags/example_nested_branch_dag.py
[2022-01-05 20:08:58,244] {logging_mixin.py:109} INFO - [2022-01-05 20:08:58,244] {dag.py:2396} INFO - Sync 1 DAGs
[2022-01-05 20:08:58,471] {logging_mixin.py:109} INFO - [2022-01-05 20:08:58,467] {dag.py:2935} INFO - Setting next_dagrun for example_nested_branch_dag to 2022-01-04 00:00:00+00:00
[2022-01-05 20:08:58,511] {processor.py:171} INFO - Processing /home/airflow/sandbox/lib/python3.8/site-packages/airflow/example_dags/example_nested_branch_dag.py took 0.615 seconds
[2022-01-05 20:09:35,065] {processor.py:163} INFO - Started process (PID=4292) to work on /home/airflow/sandbox/lib/python3.8/site-packages/airflow/example_dags/example_nested_branch_dag.py
[2022-01-05 20:09:35,083] {processor.py:642} INFO - Processing file /home/airflow/sandbox/lib/python3.8/site-packages/airflow/example_dags/example_nested_branch_dag.py for tasks to queue
[2022-01-05 20:09:35,085] {logging_mixin.py:109} INFO - [2022-01-05 20:09:35,085] {dagbag.py:500} INFO - Filling up the DagBag from /home/airflow/sandbox/lib/python3.8/site-packages/airflow/example_dags/example_nested_branch_dag.py
[2022-01-05 20:09:35,323] {processor.py:654} INFO - DAG(s) dict_keys(['example_nested_branch_dag']) retrieved from /home/airflow/sandbox/lib/python3.8/site-packages/airflow/example_dags/example_nested_branch_dag.py
[2022-01-05 20:09:35,373] {logging_mixin.py:109} INFO - [2022-01-05 20:09:35,373] {dag.py:2396} INFO - Sync 1 DAGs
[2022-01-05 20:09:35,624] {logging_mixin.py:109} INFO - [2022-01-05 20:09:35,624] {dag.py:2935} INFO - Setting next_dagrun for example_nested_branch_dag to 2022-01-04 00:00:00+00:00
[2022-01-05 20:09:35,766] {processor.py:171} INFO - Processing /home/airflow/sandbox/lib/python3.8/site-packages/airflow/example_dags/example_nested_branch_dag.py took 0.733 seconds
[2022-01-05 20:10:06,197] {processor.py:163} INFO - Started process (PID=4746) to work on /home/airflow/sandbox/lib/python3.8/site-packages/airflow/example_dags/example_nested_branch_dag.py
[2022-01-05 20:10:06,200] {processor.py:642} INFO - Processing file /home/airflow/sandbox/lib/python3.8/site-packages/airflow/example_dags/example_nested_branch_dag.py for tasks to queue
[2022-01-05 20:10:06,201] {logging_mixin.py:109} INFO - [2022-01-05 20:10:06,201] {dagbag.py:500} INFO - Filling up the DagBag from /home/airflow/sandbox/lib/python3.8/site-packages/airflow/example_dags/example_nested_branch_dag.py
[2022-01-05 20:10:06,419] {processor.py:654} INFO - DAG(s) dict_keys(['example_nested_branch_dag']) retrieved from /home/airflow/sandbox/lib/python3.8/site-packages/airflow/example_dags/example_nested_branch_dag.py
[2022-01-05 20:10:06,466] {logging_mixin.py:109} INFO - [2022-01-05 20:10:06,465] {dag.py:2396} INFO - Sync 1 DAGs
[2022-01-05 20:10:06,597] {logging_mixin.py:109} INFO - [2022-01-05 20:10:06,597] {dag.py:2935} INFO - Setting next_dagrun for example_nested_branch_dag to 2022-01-04 00:00:00+00:00
[2022-01-05 20:10:06,641] {processor.py:171} INFO - Processing /home/airflow/sandbox/lib/python3.8/site-packages/airflow/example_dags/example_nested_branch_dag.py took 0.452 seconds
[2022-01-05 20:10:36,827] {processor.py:163} INFO - Started process (PID=4851) to work on /home/airflow/sandbox/lib/python3.8/site-packages/airflow/example_dags/example_nested_branch_dag.py
[2022-01-05 20:10:36,828] {processor.py:642} INFO - Processing file /home/airflow/sandbox/lib/python3.8/site-packages/airflow/example_dags/example_nested_branch_dag.py for tasks to queue
[2022-01-05 20:10:36,832] {logging_mixin.py:109} INFO - [2022-01-05 20:10:36,831] {dagbag.py:500} INFO - Filling up the DagBag from /home/airflow/sandbox/lib/python3.8/site-packages/airflow/example_dags/example_nested_branch_dag.py
[2022-01-05 20:10:37,103] {processor.py:654} INFO - DAG(s) dict_keys(['example_nested_branch_dag']) retrieved from /home/airflow/sandbox/lib/python3.8/site-packages/airflow/example_dags/example_nested_branch_dag.py
[2022-01-05 20:10:37,242] {logging_mixin.py:109} INFO - [2022-01-05 20:10:37,242] {dag.py:2396} INFO - Sync 1 DAGs
[2022-01-05 20:10:37,436] {logging_mixin.py:109} INFO - [2022-01-05 20:10:37,436] {dag.py:2935} INFO - Setting next_dagrun for example_nested_branch_dag to 2022-01-04 00:00:00+00:00
[2022-01-05 20:10:37,506] {processor.py:171} INFO - Processing /home/airflow/sandbox/lib/python3.8/site-packages/airflow/example_dags/example_nested_branch_dag.py took 0.762 seconds
[2022-01-05 20:11:08,481] {processor.py:163} INFO - Started process (PID=5021) to work on /home/airflow/sandbox/lib/python3.8/site-packages/airflow/example_dags/example_nested_branch_dag.py
[2022-01-05 20:11:08,482] {processor.py:642} INFO - Processing file /home/airflow/sandbox/lib/python3.8/site-packages/airflow/example_dags/example_nested_branch_dag.py for tasks to queue
[2022-01-05 20:11:08,482] {logging_mixin.py:109} INFO - [2022-01-05 20:11:08,482] {dagbag.py:500} INFO - Filling up the DagBag from /home/airflow/sandbox/lib/python3.8/site-packages/airflow/example_dags/example_nested_branch_dag.py
[2022-01-05 20:11:08,571] {processor.py:654} INFO - DAG(s) dict_keys(['example_nested_branch_dag']) retrieved from /home/airflow/sandbox/lib/python3.8/site-packages/airflow/example_dags/example_nested_branch_dag.py
[2022-01-05 20:11:08,590] {logging_mixin.py:109} INFO - [2022-01-05 20:11:08,590] {dag.py:2396} INFO - Sync 1 DAGs
[2022-01-05 20:11:08,642] {logging_mixin.py:109} INFO - [2022-01-05 20:11:08,641] {dag.py:2935} INFO - Setting next_dagrun for example_nested_branch_dag to 2022-01-04 00:00:00+00:00
[2022-01-05 20:11:08,691] {processor.py:171} INFO - Processing /home/airflow/sandbox/lib/python3.8/site-packages/airflow/example_dags/example_nested_branch_dag.py took 0.214 seconds
[2022-01-05 20:11:38,867] {processor.py:163} INFO - Started process (PID=5113) to work on /home/airflow/sandbox/lib/python3.8/site-packages/airflow/example_dags/example_nested_branch_dag.py
[2022-01-05 20:11:38,868] {processor.py:642} INFO - Processing file /home/airflow/sandbox/lib/python3.8/site-packages/airflow/example_dags/example_nested_branch_dag.py for tasks to queue
[2022-01-05 20:11:38,868] {logging_mixin.py:109} INFO - [2022-01-05 20:11:38,868] {dagbag.py:500} INFO - Filling up the DagBag from /home/airflow/sandbox/lib/python3.8/site-packages/airflow/example_dags/example_nested_branch_dag.py
[2022-01-05 20:11:38,929] {processor.py:654} INFO - DAG(s) dict_keys(['example_nested_branch_dag']) retrieved from /home/airflow/sandbox/lib/python3.8/site-packages/airflow/example_dags/example_nested_branch_dag.py
[2022-01-05 20:11:38,940] {logging_mixin.py:109} INFO - [2022-01-05 20:11:38,940] {dag.py:2396} INFO - Sync 1 DAGs
[2022-01-05 20:11:38,989] {logging_mixin.py:109} INFO - [2022-01-05 20:11:38,989] {dag.py:2935} INFO - Setting next_dagrun for example_nested_branch_dag to 2022-01-04 00:00:00+00:00
[2022-01-05 20:11:39,018] {processor.py:171} INFO - Processing /home/airflow/sandbox/lib/python3.8/site-packages/airflow/example_dags/example_nested_branch_dag.py took 0.171 seconds
[2022-01-05 20:12:09,076] {processor.py:163} INFO - Started process (PID=5224) to work on /home/airflow/sandbox/lib/python3.8/site-packages/airflow/example_dags/example_nested_branch_dag.py
[2022-01-05 20:12:09,079] {processor.py:642} INFO - Processing file /home/airflow/sandbox/lib/python3.8/site-packages/airflow/example_dags/example_nested_branch_dag.py for tasks to queue
[2022-01-05 20:12:09,081] {logging_mixin.py:109} INFO - [2022-01-05 20:12:09,081] {dagbag.py:500} INFO - Filling up the DagBag from /home/airflow/sandbox/lib/python3.8/site-packages/airflow/example_dags/example_nested_branch_dag.py
[2022-01-05 20:12:09,170] {processor.py:654} INFO - DAG(s) dict_keys(['example_nested_branch_dag']) retrieved from /home/airflow/sandbox/lib/python3.8/site-packages/airflow/example_dags/example_nested_branch_dag.py
[2022-01-05 20:12:09,184] {logging_mixin.py:109} INFO - [2022-01-05 20:12:09,184] {dag.py:2396} INFO - Sync 1 DAGs
[2022-01-05 20:12:09,214] {logging_mixin.py:109} INFO - [2022-01-05 20:12:09,214] {dag.py:2935} INFO - Setting next_dagrun for example_nested_branch_dag to 2022-01-04 00:00:00+00:00
[2022-01-05 20:12:09,227] {processor.py:171} INFO - Processing /home/airflow/sandbox/lib/python3.8/site-packages/airflow/example_dags/example_nested_branch_dag.py took 0.160 seconds
[2022-01-05 20:12:39,677] {processor.py:163} INFO - Started process (PID=5336) to work on /home/airflow/sandbox/lib/python3.8/site-packages/airflow/example_dags/example_nested_branch_dag.py
[2022-01-05 20:12:39,678] {processor.py:642} INFO - Processing file /home/airflow/sandbox/lib/python3.8/site-packages/airflow/example_dags/example_nested_branch_dag.py for tasks to queue
[2022-01-05 20:12:39,678] {logging_mixin.py:109} INFO - [2022-01-05 20:12:39,678] {dagbag.py:500} INFO - Filling up the DagBag from /home/airflow/sandbox/lib/python3.8/site-packages/airflow/example_dags/example_nested_branch_dag.py
[2022-01-05 20:12:39,772] {processor.py:654} INFO - DAG(s) dict_keys(['example_nested_branch_dag']) retrieved from /home/airflow/sandbox/lib/python3.8/site-packages/airflow/example_dags/example_nested_branch_dag.py
[2022-01-05 20:12:39,865] {logging_mixin.py:109} INFO - [2022-01-05 20:12:39,864] {dag.py:2396} INFO - Sync 1 DAGs
[2022-01-05 20:12:39,896] {logging_mixin.py:109} INFO - [2022-01-05 20:12:39,896] {dag.py:2935} INFO - Setting next_dagrun for example_nested_branch_dag to 2022-01-04 00:00:00+00:00
[2022-01-05 20:12:39,917] {processor.py:171} INFO - Processing /home/airflow/sandbox/lib/python3.8/site-packages/airflow/example_dags/example_nested_branch_dag.py took 0.243 seconds
[2022-01-05 20:28:21,286] {processor.py:163} INFO - Started process (PID=7163) to work on /home/airflow/sandbox/lib/python3.8/site-packages/airflow/example_dags/example_nested_branch_dag.py
[2022-01-05 20:28:21,296] {processor.py:642} INFO - Processing file /home/airflow/sandbox/lib/python3.8/site-packages/airflow/example_dags/example_nested_branch_dag.py for tasks to queue
[2022-01-05 20:28:21,297] {logging_mixin.py:109} INFO - [2022-01-05 20:28:21,296] {dagbag.py:500} INFO - Filling up the DagBag from /home/airflow/sandbox/lib/python3.8/site-packages/airflow/example_dags/example_nested_branch_dag.py
[2022-01-05 20:28:21,838] {processor.py:654} INFO - DAG(s) dict_keys(['example_nested_branch_dag']) retrieved from /home/airflow/sandbox/lib/python3.8/site-packages/airflow/example_dags/example_nested_branch_dag.py
[2022-01-05 20:28:22,039] {logging_mixin.py:109} INFO - [2022-01-05 20:28:22,039] {dag.py:2396} INFO - Sync 1 DAGs
[2022-01-05 20:28:22,489] {logging_mixin.py:109} INFO - [2022-01-05 20:28:22,489] {dag.py:2935} INFO - Setting next_dagrun for example_nested_branch_dag to 2022-01-04 00:00:00+00:00
[2022-01-05 20:28:22,690] {processor.py:171} INFO - Processing /home/airflow/sandbox/lib/python3.8/site-packages/airflow/example_dags/example_nested_branch_dag.py took 1.446 seconds
[2022-01-05 20:29:12,849] {processor.py:163} INFO - Started process (PID=7641) to work on /home/airflow/sandbox/lib/python3.8/site-packages/airflow/example_dags/example_nested_branch_dag.py
[2022-01-05 20:29:12,860] {processor.py:642} INFO - Processing file /home/airflow/sandbox/lib/python3.8/site-packages/airflow/example_dags/example_nested_branch_dag.py for tasks to queue
[2022-01-05 20:29:12,861] {logging_mixin.py:109} INFO - [2022-01-05 20:29:12,861] {dagbag.py:500} INFO - Filling up the DagBag from /home/airflow/sandbox/lib/python3.8/site-packages/airflow/example_dags/example_nested_branch_dag.py
[2022-01-05 20:29:13,694] {processor.py:654} INFO - DAG(s) dict_keys(['example_nested_branch_dag']) retrieved from /home/airflow/sandbox/lib/python3.8/site-packages/airflow/example_dags/example_nested_branch_dag.py
[2022-01-05 20:29:13,756] {logging_mixin.py:109} INFO - [2022-01-05 20:29:13,755] {dag.py:2396} INFO - Sync 1 DAGs
[2022-01-05 20:29:13,859] {logging_mixin.py:109} INFO - [2022-01-05 20:29:13,859] {dag.py:2935} INFO - Setting next_dagrun for example_nested_branch_dag to 2022-01-04 00:00:00+00:00
[2022-01-05 20:29:13,988] {processor.py:171} INFO - Processing /home/airflow/sandbox/lib/python3.8/site-packages/airflow/example_dags/example_nested_branch_dag.py took 1.631 seconds
[2022-01-05 20:29:44,837] {processor.py:163} INFO - Started process (PID=7884) to work on /home/airflow/sandbox/lib/python3.8/site-packages/airflow/example_dags/example_nested_branch_dag.py
[2022-01-05 20:29:44,839] {processor.py:642} INFO - Processing file /home/airflow/sandbox/lib/python3.8/site-packages/airflow/example_dags/example_nested_branch_dag.py for tasks to queue
[2022-01-05 20:29:44,841] {logging_mixin.py:109} INFO - [2022-01-05 20:29:44,841] {dagbag.py:500} INFO - Filling up the DagBag from /home/airflow/sandbox/lib/python3.8/site-packages/airflow/example_dags/example_nested_branch_dag.py
[2022-01-05 20:29:45,059] {processor.py:654} INFO - DAG(s) dict_keys(['example_nested_branch_dag']) retrieved from /home/airflow/sandbox/lib/python3.8/site-packages/airflow/example_dags/example_nested_branch_dag.py
[2022-01-05 20:29:45,137] {logging_mixin.py:109} INFO - [2022-01-05 20:29:45,137] {dag.py:2396} INFO - Sync 1 DAGs
[2022-01-05 20:29:45,257] {logging_mixin.py:109} INFO - [2022-01-05 20:29:45,257] {dag.py:2935} INFO - Setting next_dagrun for example_nested_branch_dag to 2022-01-04 00:00:00+00:00
[2022-01-05 20:29:45,299] {processor.py:171} INFO - Processing /home/airflow/sandbox/lib/python3.8/site-packages/airflow/example_dags/example_nested_branch_dag.py took 0.490 seconds
[2022-01-05 20:30:15,380] {processor.py:163} INFO - Started process (PID=8221) to work on /home/airflow/sandbox/lib/python3.8/site-packages/airflow/example_dags/example_nested_branch_dag.py
[2022-01-05 20:30:15,381] {processor.py:642} INFO - Processing file /home/airflow/sandbox/lib/python3.8/site-packages/airflow/example_dags/example_nested_branch_dag.py for tasks to queue
[2022-01-05 20:30:15,382] {logging_mixin.py:109} INFO - [2022-01-05 20:30:15,382] {dagbag.py:500} INFO - Filling up the DagBag from /home/airflow/sandbox/lib/python3.8/site-packages/airflow/example_dags/example_nested_branch_dag.py
[2022-01-05 20:30:15,600] {processor.py:654} INFO - DAG(s) dict_keys(['example_nested_branch_dag']) retrieved from /home/airflow/sandbox/lib/python3.8/site-packages/airflow/example_dags/example_nested_branch_dag.py
[2022-01-05 20:30:15,675] {logging_mixin.py:109} INFO - [2022-01-05 20:30:15,675] {dag.py:2396} INFO - Sync 1 DAGs
[2022-01-05 20:30:15,703] {logging_mixin.py:109} INFO - [2022-01-05 20:30:15,703] {dag.py:2935} INFO - Setting next_dagrun for example_nested_branch_dag to 2022-01-04 00:00:00+00:00
[2022-01-05 20:30:15,784] {processor.py:171} INFO - Processing /home/airflow/sandbox/lib/python3.8/site-packages/airflow/example_dags/example_nested_branch_dag.py took 0.409 seconds
[2022-01-05 20:30:46,292] {processor.py:163} INFO - Started process (PID=8552) to work on /home/airflow/sandbox/lib/python3.8/site-packages/airflow/example_dags/example_nested_branch_dag.py
[2022-01-05 20:30:46,297] {processor.py:642} INFO - Processing file /home/airflow/sandbox/lib/python3.8/site-packages/airflow/example_dags/example_nested_branch_dag.py for tasks to queue
[2022-01-05 20:30:46,299] {logging_mixin.py:109} INFO - [2022-01-05 20:30:46,298] {dagbag.py:500} INFO - Filling up the DagBag from /home/airflow/sandbox/lib/python3.8/site-packages/airflow/example_dags/example_nested_branch_dag.py
[2022-01-05 20:30:46,640] {processor.py:654} INFO - DAG(s) dict_keys(['example_nested_branch_dag']) retrieved from /home/airflow/sandbox/lib/python3.8/site-packages/airflow/example_dags/example_nested_branch_dag.py
[2022-01-05 20:30:46,829] {logging_mixin.py:109} INFO - [2022-01-05 20:30:46,829] {dag.py:2396} INFO - Sync 1 DAGs
[2022-01-05 20:30:47,083] {logging_mixin.py:109} INFO - [2022-01-05 20:30:47,083] {dag.py:2935} INFO - Setting next_dagrun for example_nested_branch_dag to 2022-01-04 00:00:00+00:00
[2022-01-05 20:30:47,176] {processor.py:171} INFO - Processing /home/airflow/sandbox/lib/python3.8/site-packages/airflow/example_dags/example_nested_branch_dag.py took 0.892 seconds
[2022-01-05 20:31:19,595] {processor.py:163} INFO - Started process (PID=8978) to work on /home/airflow/sandbox/lib/python3.8/site-packages/airflow/example_dags/example_nested_branch_dag.py
[2022-01-05 20:31:19,617] {processor.py:642} INFO - Processing file /home/airflow/sandbox/lib/python3.8/site-packages/airflow/example_dags/example_nested_branch_dag.py for tasks to queue
[2022-01-05 20:31:19,622] {logging_mixin.py:109} INFO - [2022-01-05 20:31:19,621] {dagbag.py:500} INFO - Filling up the DagBag from /home/airflow/sandbox/lib/python3.8/site-packages/airflow/example_dags/example_nested_branch_dag.py
[2022-01-05 20:31:19,870] {processor.py:654} INFO - DAG(s) dict_keys(['example_nested_branch_dag']) retrieved from /home/airflow/sandbox/lib/python3.8/site-packages/airflow/example_dags/example_nested_branch_dag.py
[2022-01-05 20:31:19,941] {logging_mixin.py:109} INFO - [2022-01-05 20:31:19,941] {dag.py:2396} INFO - Sync 1 DAGs
[2022-01-05 20:31:20,126] {logging_mixin.py:109} INFO - [2022-01-05 20:31:20,126] {dag.py:2935} INFO - Setting next_dagrun for example_nested_branch_dag to 2022-01-04 00:00:00+00:00
[2022-01-05 20:31:20,137] {processor.py:171} INFO - Processing /home/airflow/sandbox/lib/python3.8/site-packages/airflow/example_dags/example_nested_branch_dag.py took 0.548 seconds
[2022-01-05 20:31:53,715] {processor.py:163} INFO - Started process (PID=9365) to work on /home/airflow/sandbox/lib/python3.8/site-packages/airflow/example_dags/example_nested_branch_dag.py
[2022-01-05 20:31:53,720] {processor.py:642} INFO - Processing file /home/airflow/sandbox/lib/python3.8/site-packages/airflow/example_dags/example_nested_branch_dag.py for tasks to queue
[2022-01-05 20:31:53,727] {logging_mixin.py:109} INFO - [2022-01-05 20:31:53,723] {dagbag.py:500} INFO - Filling up the DagBag from /home/airflow/sandbox/lib/python3.8/site-packages/airflow/example_dags/example_nested_branch_dag.py
[2022-01-05 20:31:54,036] {processor.py:654} INFO - DAG(s) dict_keys(['example_nested_branch_dag']) retrieved from /home/airflow/sandbox/lib/python3.8/site-packages/airflow/example_dags/example_nested_branch_dag.py
[2022-01-05 20:31:54,163] {logging_mixin.py:109} INFO - [2022-01-05 20:31:54,163] {dag.py:2396} INFO - Sync 1 DAGs
[2022-01-05 20:31:54,288] {logging_mixin.py:109} INFO - [2022-01-05 20:31:54,288] {dag.py:2935} INFO - Setting next_dagrun for example_nested_branch_dag to 2022-01-04 00:00:00+00:00
[2022-01-05 20:31:54,339] {processor.py:171} INFO - Processing /home/airflow/sandbox/lib/python3.8/site-packages/airflow/example_dags/example_nested_branch_dag.py took 0.667 seconds
[2022-01-05 20:32:25,025] {processor.py:163} INFO - Started process (PID=10074) to work on /home/airflow/sandbox/lib/python3.8/site-packages/airflow/example_dags/example_nested_branch_dag.py
[2022-01-05 20:32:25,076] {processor.py:642} INFO - Processing file /home/airflow/sandbox/lib/python3.8/site-packages/airflow/example_dags/example_nested_branch_dag.py for tasks to queue
[2022-01-05 20:32:25,084] {logging_mixin.py:109} INFO - [2022-01-05 20:32:25,084] {dagbag.py:500} INFO - Filling up the DagBag from /home/airflow/sandbox/lib/python3.8/site-packages/airflow/example_dags/example_nested_branch_dag.py
[2022-01-05 20:32:25,866] {processor.py:654} INFO - DAG(s) dict_keys(['example_nested_branch_dag']) retrieved from /home/airflow/sandbox/lib/python3.8/site-packages/airflow/example_dags/example_nested_branch_dag.py
[2022-01-05 20:32:26,172] {logging_mixin.py:109} INFO - [2022-01-05 20:32:26,172] {dag.py:2396} INFO - Sync 1 DAGs
[2022-01-05 20:32:26,264] {logging_mixin.py:109} INFO - [2022-01-05 20:32:26,264] {dag.py:2935} INFO - Setting next_dagrun for example_nested_branch_dag to 2022-01-04 00:00:00+00:00
[2022-01-05 20:32:26,385] {processor.py:171} INFO - Processing /home/airflow/sandbox/lib/python3.8/site-packages/airflow/example_dags/example_nested_branch_dag.py took 1.363 seconds
[2022-01-05 20:32:59,271] {processor.py:163} INFO - Started process (PID=10870) to work on /home/airflow/sandbox/lib/python3.8/site-packages/airflow/example_dags/example_nested_branch_dag.py
[2022-01-05 20:32:59,273] {processor.py:642} INFO - Processing file /home/airflow/sandbox/lib/python3.8/site-packages/airflow/example_dags/example_nested_branch_dag.py for tasks to queue
[2022-01-05 20:32:59,279] {logging_mixin.py:109} INFO - [2022-01-05 20:32:59,279] {dagbag.py:500} INFO - Filling up the DagBag from /home/airflow/sandbox/lib/python3.8/site-packages/airflow/example_dags/example_nested_branch_dag.py
[2022-01-05 20:32:59,475] {processor.py:654} INFO - DAG(s) dict_keys(['example_nested_branch_dag']) retrieved from /home/airflow/sandbox/lib/python3.8/site-packages/airflow/example_dags/example_nested_branch_dag.py
[2022-01-05 20:32:59,626] {logging_mixin.py:109} INFO - [2022-01-05 20:32:59,625] {dag.py:2396} INFO - Sync 1 DAGs
[2022-01-05 20:32:59,865] {logging_mixin.py:109} INFO - [2022-01-05 20:32:59,864] {dag.py:2935} INFO - Setting next_dagrun for example_nested_branch_dag to 2022-01-04 00:00:00+00:00
[2022-01-05 20:32:59,930] {processor.py:171} INFO - Processing /home/airflow/sandbox/lib/python3.8/site-packages/airflow/example_dags/example_nested_branch_dag.py took 0.668 seconds
[2022-01-05 20:33:30,213] {processor.py:163} INFO - Started process (PID=11445) to work on /home/airflow/sandbox/lib/python3.8/site-packages/airflow/example_dags/example_nested_branch_dag.py
[2022-01-05 20:33:30,214] {processor.py:642} INFO - Processing file /home/airflow/sandbox/lib/python3.8/site-packages/airflow/example_dags/example_nested_branch_dag.py for tasks to queue
[2022-01-05 20:33:30,214] {logging_mixin.py:109} INFO - [2022-01-05 20:33:30,214] {dagbag.py:500} INFO - Filling up the DagBag from /home/airflow/sandbox/lib/python3.8/site-packages/airflow/example_dags/example_nested_branch_dag.py
[2022-01-05 20:33:30,627] {processor.py:654} INFO - DAG(s) dict_keys(['example_nested_branch_dag']) retrieved from /home/airflow/sandbox/lib/python3.8/site-packages/airflow/example_dags/example_nested_branch_dag.py
[2022-01-05 20:33:30,726] {logging_mixin.py:109} INFO - [2022-01-05 20:33:30,726] {dag.py:2396} INFO - Sync 1 DAGs
[2022-01-05 20:33:31,013] {logging_mixin.py:109} INFO - [2022-01-05 20:33:31,013] {dag.py:2935} INFO - Setting next_dagrun for example_nested_branch_dag to 2022-01-04 00:00:00+00:00
[2022-01-05 20:33:31,079] {processor.py:171} INFO - Processing /home/airflow/sandbox/lib/python3.8/site-packages/airflow/example_dags/example_nested_branch_dag.py took 0.960 seconds
[2022-01-05 20:34:01,372] {processor.py:163} INFO - Started process (PID=11745) to work on /home/airflow/sandbox/lib/python3.8/site-packages/airflow/example_dags/example_nested_branch_dag.py
[2022-01-05 20:34:01,374] {processor.py:642} INFO - Processing file /home/airflow/sandbox/lib/python3.8/site-packages/airflow/example_dags/example_nested_branch_dag.py for tasks to queue
[2022-01-05 20:34:01,375] {logging_mixin.py:109} INFO - [2022-01-05 20:34:01,374] {dagbag.py:500} INFO - Filling up the DagBag from /home/airflow/sandbox/lib/python3.8/site-packages/airflow/example_dags/example_nested_branch_dag.py
[2022-01-05 20:34:01,463] {processor.py:654} INFO - DAG(s) dict_keys(['example_nested_branch_dag']) retrieved from /home/airflow/sandbox/lib/python3.8/site-packages/airflow/example_dags/example_nested_branch_dag.py
[2022-01-05 20:34:01,507] {logging_mixin.py:109} INFO - [2022-01-05 20:34:01,507] {dag.py:2396} INFO - Sync 1 DAGs
[2022-01-05 20:34:01,522] {logging_mixin.py:109} INFO - [2022-01-05 20:34:01,522] {dag.py:2935} INFO - Setting next_dagrun for example_nested_branch_dag to 2022-01-04 00:00:00+00:00
[2022-01-05 20:34:01,554] {processor.py:171} INFO - Processing /home/airflow/sandbox/lib/python3.8/site-packages/airflow/example_dags/example_nested_branch_dag.py took 0.188 seconds
[2022-01-05 20:34:32,068] {processor.py:163} INFO - Started process (PID=11980) to work on /home/airflow/sandbox/lib/python3.8/site-packages/airflow/example_dags/example_nested_branch_dag.py
[2022-01-05 20:34:32,069] {processor.py:642} INFO - Processing file /home/airflow/sandbox/lib/python3.8/site-packages/airflow/example_dags/example_nested_branch_dag.py for tasks to queue
[2022-01-05 20:34:32,075] {logging_mixin.py:109} INFO - [2022-01-05 20:34:32,074] {dagbag.py:500} INFO - Filling up the DagBag from /home/airflow/sandbox/lib/python3.8/site-packages/airflow/example_dags/example_nested_branch_dag.py
[2022-01-05 20:34:32,246] {processor.py:654} INFO - DAG(s) dict_keys(['example_nested_branch_dag']) retrieved from /home/airflow/sandbox/lib/python3.8/site-packages/airflow/example_dags/example_nested_branch_dag.py
[2022-01-05 20:34:32,271] {logging_mixin.py:109} INFO - [2022-01-05 20:34:32,271] {dag.py:2396} INFO - Sync 1 DAGs
[2022-01-05 20:34:32,305] {logging_mixin.py:109} INFO - [2022-01-05 20:34:32,305] {dag.py:2935} INFO - Setting next_dagrun for example_nested_branch_dag to 2022-01-04 00:00:00+00:00
[2022-01-05 20:34:32,372] {processor.py:171} INFO - Processing /home/airflow/sandbox/lib/python3.8/site-packages/airflow/example_dags/example_nested_branch_dag.py took 0.308 seconds
[2022-01-05 20:35:02,823] {processor.py:163} INFO - Started process (PID=12224) to work on /home/airflow/sandbox/lib/python3.8/site-packages/airflow/example_dags/example_nested_branch_dag.py
[2022-01-05 20:35:02,837] {processor.py:642} INFO - Processing file /home/airflow/sandbox/lib/python3.8/site-packages/airflow/example_dags/example_nested_branch_dag.py for tasks to queue
[2022-01-05 20:35:02,837] {logging_mixin.py:109} INFO - [2022-01-05 20:35:02,837] {dagbag.py:500} INFO - Filling up the DagBag from /home/airflow/sandbox/lib/python3.8/site-packages/airflow/example_dags/example_nested_branch_dag.py
[2022-01-05 20:35:02,946] {processor.py:654} INFO - DAG(s) dict_keys(['example_nested_branch_dag']) retrieved from /home/airflow/sandbox/lib/python3.8/site-packages/airflow/example_dags/example_nested_branch_dag.py
[2022-01-05 20:35:02,957] {logging_mixin.py:109} INFO - [2022-01-05 20:35:02,956] {dag.py:2396} INFO - Sync 1 DAGs
[2022-01-05 20:35:02,999] {logging_mixin.py:109} INFO - [2022-01-05 20:35:02,999] {dag.py:2935} INFO - Setting next_dagrun for example_nested_branch_dag to 2022-01-04 00:00:00+00:00
[2022-01-05 20:35:03,014] {processor.py:171} INFO - Processing /home/airflow/sandbox/lib/python3.8/site-packages/airflow/example_dags/example_nested_branch_dag.py took 0.194 seconds
[2022-01-05 20:35:33,215] {processor.py:163} INFO - Started process (PID=12459) to work on /home/airflow/sandbox/lib/python3.8/site-packages/airflow/example_dags/example_nested_branch_dag.py
[2022-01-05 20:35:33,217] {processor.py:642} INFO - Processing file /home/airflow/sandbox/lib/python3.8/site-packages/airflow/example_dags/example_nested_branch_dag.py for tasks to queue
[2022-01-05 20:35:33,218] {logging_mixin.py:109} INFO - [2022-01-05 20:35:33,218] {dagbag.py:500} INFO - Filling up the DagBag from /home/airflow/sandbox/lib/python3.8/site-packages/airflow/example_dags/example_nested_branch_dag.py
[2022-01-05 20:35:33,317] {processor.py:654} INFO - DAG(s) dict_keys(['example_nested_branch_dag']) retrieved from /home/airflow/sandbox/lib/python3.8/site-packages/airflow/example_dags/example_nested_branch_dag.py
[2022-01-05 20:35:33,358] {logging_mixin.py:109} INFO - [2022-01-05 20:35:33,358] {dag.py:2396} INFO - Sync 1 DAGs
[2022-01-05 20:35:33,507] {logging_mixin.py:109} INFO - [2022-01-05 20:35:33,466] {dag.py:2935} INFO - Setting next_dagrun for example_nested_branch_dag to 2022-01-04 00:00:00+00:00
[2022-01-05 20:35:33,556] {processor.py:171} INFO - Processing /home/airflow/sandbox/lib/python3.8/site-packages/airflow/example_dags/example_nested_branch_dag.py took 0.344 seconds
[2022-01-05 20:36:03,800] {processor.py:163} INFO - Started process (PID=12700) to work on /home/airflow/sandbox/lib/python3.8/site-packages/airflow/example_dags/example_nested_branch_dag.py
[2022-01-05 20:36:03,802] {processor.py:642} INFO - Processing file /home/airflow/sandbox/lib/python3.8/site-packages/airflow/example_dags/example_nested_branch_dag.py for tasks to queue
[2022-01-05 20:36:03,802] {logging_mixin.py:109} INFO - [2022-01-05 20:36:03,802] {dagbag.py:500} INFO - Filling up the DagBag from /home/airflow/sandbox/lib/python3.8/site-packages/airflow/example_dags/example_nested_branch_dag.py
[2022-01-05 20:36:03,897] {processor.py:654} INFO - DAG(s) dict_keys(['example_nested_branch_dag']) retrieved from /home/airflow/sandbox/lib/python3.8/site-packages/airflow/example_dags/example_nested_branch_dag.py
[2022-01-05 20:36:03,912] {logging_mixin.py:109} INFO - [2022-01-05 20:36:03,912] {dag.py:2396} INFO - Sync 1 DAGs
[2022-01-05 20:36:03,944] {logging_mixin.py:109} INFO - [2022-01-05 20:36:03,944] {dag.py:2935} INFO - Setting next_dagrun for example_nested_branch_dag to 2022-01-04 00:00:00+00:00
[2022-01-05 20:36:03,955] {processor.py:171} INFO - Processing /home/airflow/sandbox/lib/python3.8/site-packages/airflow/example_dags/example_nested_branch_dag.py took 0.159 seconds
[2022-01-05 20:36:34,364] {processor.py:163} INFO - Started process (PID=12941) to work on /home/airflow/sandbox/lib/python3.8/site-packages/airflow/example_dags/example_nested_branch_dag.py
[2022-01-05 20:36:34,366] {processor.py:642} INFO - Processing file /home/airflow/sandbox/lib/python3.8/site-packages/airflow/example_dags/example_nested_branch_dag.py for tasks to queue
[2022-01-05 20:36:34,403] {logging_mixin.py:109} INFO - [2022-01-05 20:36:34,403] {dagbag.py:500} INFO - Filling up the DagBag from /home/airflow/sandbox/lib/python3.8/site-packages/airflow/example_dags/example_nested_branch_dag.py
[2022-01-05 20:36:34,491] {processor.py:654} INFO - DAG(s) dict_keys(['example_nested_branch_dag']) retrieved from /home/airflow/sandbox/lib/python3.8/site-packages/airflow/example_dags/example_nested_branch_dag.py
[2022-01-05 20:36:34,504] {logging_mixin.py:109} INFO - [2022-01-05 20:36:34,504] {dag.py:2396} INFO - Sync 1 DAGs
[2022-01-05 20:36:34,545] {logging_mixin.py:109} INFO - [2022-01-05 20:36:34,545] {dag.py:2935} INFO - Setting next_dagrun for example_nested_branch_dag to 2022-01-04 00:00:00+00:00
[2022-01-05 20:36:34,589] {processor.py:171} INFO - Processing /home/airflow/sandbox/lib/python3.8/site-packages/airflow/example_dags/example_nested_branch_dag.py took 0.233 seconds
[2022-01-05 20:37:04,762] {processor.py:163} INFO - Started process (PID=13181) to work on /home/airflow/sandbox/lib/python3.8/site-packages/airflow/example_dags/example_nested_branch_dag.py
[2022-01-05 20:37:04,780] {processor.py:642} INFO - Processing file /home/airflow/sandbox/lib/python3.8/site-packages/airflow/example_dags/example_nested_branch_dag.py for tasks to queue
[2022-01-05 20:37:04,781] {logging_mixin.py:109} INFO - [2022-01-05 20:37:04,781] {dagbag.py:500} INFO - Filling up the DagBag from /home/airflow/sandbox/lib/python3.8/site-packages/airflow/example_dags/example_nested_branch_dag.py
[2022-01-05 20:37:04,882] {processor.py:654} INFO - DAG(s) dict_keys(['example_nested_branch_dag']) retrieved from /home/airflow/sandbox/lib/python3.8/site-packages/airflow/example_dags/example_nested_branch_dag.py
[2022-01-05 20:37:04,896] {logging_mixin.py:109} INFO - [2022-01-05 20:37:04,896] {dag.py:2396} INFO - Sync 1 DAGs
[2022-01-05 20:37:05,011] {logging_mixin.py:109} INFO - [2022-01-05 20:37:05,011] {dag.py:2935} INFO - Setting next_dagrun for example_nested_branch_dag to 2022-01-04 00:00:00+00:00
[2022-01-05 20:37:05,060] {processor.py:171} INFO - Processing /home/airflow/sandbox/lib/python3.8/site-packages/airflow/example_dags/example_nested_branch_dag.py took 0.301 seconds
[2022-01-05 20:37:36,033] {processor.py:163} INFO - Started process (PID=13420) to work on /home/airflow/sandbox/lib/python3.8/site-packages/airflow/example_dags/example_nested_branch_dag.py
[2022-01-05 20:37:36,036] {processor.py:642} INFO - Processing file /home/airflow/sandbox/lib/python3.8/site-packages/airflow/example_dags/example_nested_branch_dag.py for tasks to queue
[2022-01-05 20:37:36,039] {logging_mixin.py:109} INFO - [2022-01-05 20:37:36,039] {dagbag.py:500} INFO - Filling up the DagBag from /home/airflow/sandbox/lib/python3.8/site-packages/airflow/example_dags/example_nested_branch_dag.py
[2022-01-05 20:37:36,198] {processor.py:654} INFO - DAG(s) dict_keys(['example_nested_branch_dag']) retrieved from /home/airflow/sandbox/lib/python3.8/site-packages/airflow/example_dags/example_nested_branch_dag.py
[2022-01-05 20:37:36,234] {logging_mixin.py:109} INFO - [2022-01-05 20:37:36,233] {dag.py:2396} INFO - Sync 1 DAGs
[2022-01-05 20:37:36,292] {logging_mixin.py:109} INFO - [2022-01-05 20:37:36,292] {dag.py:2935} INFO - Setting next_dagrun for example_nested_branch_dag to 2022-01-04 00:00:00+00:00
[2022-01-05 20:37:36,312] {processor.py:171} INFO - Processing /home/airflow/sandbox/lib/python3.8/site-packages/airflow/example_dags/example_nested_branch_dag.py took 0.286 seconds
[2022-01-05 20:38:07,143] {processor.py:163} INFO - Started process (PID=13674) to work on /home/airflow/sandbox/lib/python3.8/site-packages/airflow/example_dags/example_nested_branch_dag.py
[2022-01-05 20:38:07,144] {processor.py:642} INFO - Processing file /home/airflow/sandbox/lib/python3.8/site-packages/airflow/example_dags/example_nested_branch_dag.py for tasks to queue
[2022-01-05 20:38:07,145] {logging_mixin.py:109} INFO - [2022-01-05 20:38:07,145] {dagbag.py:500} INFO - Filling up the DagBag from /home/airflow/sandbox/lib/python3.8/site-packages/airflow/example_dags/example_nested_branch_dag.py
[2022-01-05 20:38:07,343] {processor.py:654} INFO - DAG(s) dict_keys(['example_nested_branch_dag']) retrieved from /home/airflow/sandbox/lib/python3.8/site-packages/airflow/example_dags/example_nested_branch_dag.py
[2022-01-05 20:38:07,390] {logging_mixin.py:109} INFO - [2022-01-05 20:38:07,389] {dag.py:2396} INFO - Sync 1 DAGs
[2022-01-05 20:38:07,439] {logging_mixin.py:109} INFO - [2022-01-05 20:38:07,439] {dag.py:2935} INFO - Setting next_dagrun for example_nested_branch_dag to 2022-01-04 00:00:00+00:00
[2022-01-05 20:38:07,505] {processor.py:171} INFO - Processing /home/airflow/sandbox/lib/python3.8/site-packages/airflow/example_dags/example_nested_branch_dag.py took 0.372 seconds
[2022-01-05 20:38:37,795] {processor.py:163} INFO - Started process (PID=13985) to work on /home/airflow/sandbox/lib/python3.8/site-packages/airflow/example_dags/example_nested_branch_dag.py
[2022-01-05 20:38:37,796] {processor.py:642} INFO - Processing file /home/airflow/sandbox/lib/python3.8/site-packages/airflow/example_dags/example_nested_branch_dag.py for tasks to queue
[2022-01-05 20:38:37,798] {logging_mixin.py:109} INFO - [2022-01-05 20:38:37,798] {dagbag.py:500} INFO - Filling up the DagBag from /home/airflow/sandbox/lib/python3.8/site-packages/airflow/example_dags/example_nested_branch_dag.py
[2022-01-05 20:38:37,894] {processor.py:654} INFO - DAG(s) dict_keys(['example_nested_branch_dag']) retrieved from /home/airflow/sandbox/lib/python3.8/site-packages/airflow/example_dags/example_nested_branch_dag.py
[2022-01-05 20:38:37,914] {logging_mixin.py:109} INFO - [2022-01-05 20:38:37,913] {dag.py:2396} INFO - Sync 1 DAGs
[2022-01-05 20:38:37,984] {logging_mixin.py:109} INFO - [2022-01-05 20:38:37,984] {dag.py:2935} INFO - Setting next_dagrun for example_nested_branch_dag to 2022-01-04 00:00:00+00:00
[2022-01-05 20:38:38,017] {processor.py:171} INFO - Processing /home/airflow/sandbox/lib/python3.8/site-packages/airflow/example_dags/example_nested_branch_dag.py took 0.228 seconds
[2022-01-05 20:39:08,246] {processor.py:163} INFO - Started process (PID=14232) to work on /home/airflow/sandbox/lib/python3.8/site-packages/airflow/example_dags/example_nested_branch_dag.py
[2022-01-05 20:39:08,247] {processor.py:642} INFO - Processing file /home/airflow/sandbox/lib/python3.8/site-packages/airflow/example_dags/example_nested_branch_dag.py for tasks to queue
[2022-01-05 20:39:08,249] {logging_mixin.py:109} INFO - [2022-01-05 20:39:08,248] {dagbag.py:500} INFO - Filling up the DagBag from /home/airflow/sandbox/lib/python3.8/site-packages/airflow/example_dags/example_nested_branch_dag.py
[2022-01-05 20:39:08,329] {processor.py:654} INFO - DAG(s) dict_keys(['example_nested_branch_dag']) retrieved from /home/airflow/sandbox/lib/python3.8/site-packages/airflow/example_dags/example_nested_branch_dag.py
[2022-01-05 20:39:08,395] {logging_mixin.py:109} INFO - [2022-01-05 20:39:08,395] {dag.py:2396} INFO - Sync 1 DAGs
[2022-01-05 20:39:08,433] {logging_mixin.py:109} INFO - [2022-01-05 20:39:08,432] {dag.py:2935} INFO - Setting next_dagrun for example_nested_branch_dag to 2022-01-04 00:00:00+00:00
[2022-01-05 20:39:08,448] {processor.py:171} INFO - Processing /home/airflow/sandbox/lib/python3.8/site-packages/airflow/example_dags/example_nested_branch_dag.py took 0.213 seconds
[2022-01-05 20:39:38,950] {processor.py:163} INFO - Started process (PID=14476) to work on /home/airflow/sandbox/lib/python3.8/site-packages/airflow/example_dags/example_nested_branch_dag.py
[2022-01-05 20:39:38,951] {processor.py:642} INFO - Processing file /home/airflow/sandbox/lib/python3.8/site-packages/airflow/example_dags/example_nested_branch_dag.py for tasks to queue
[2022-01-05 20:39:38,951] {logging_mixin.py:109} INFO - [2022-01-05 20:39:38,951] {dagbag.py:500} INFO - Filling up the DagBag from /home/airflow/sandbox/lib/python3.8/site-packages/airflow/example_dags/example_nested_branch_dag.py
[2022-01-05 20:39:39,003] {processor.py:654} INFO - DAG(s) dict_keys(['example_nested_branch_dag']) retrieved from /home/airflow/sandbox/lib/python3.8/site-packages/airflow/example_dags/example_nested_branch_dag.py
[2022-01-05 20:39:39,022] {logging_mixin.py:109} INFO - [2022-01-05 20:39:39,022] {dag.py:2396} INFO - Sync 1 DAGs
[2022-01-05 20:39:39,047] {logging_mixin.py:109} INFO - [2022-01-05 20:39:39,047] {dag.py:2935} INFO - Setting next_dagrun for example_nested_branch_dag to 2022-01-04 00:00:00+00:00
[2022-01-05 20:39:39,060] {processor.py:171} INFO - Processing /home/airflow/sandbox/lib/python3.8/site-packages/airflow/example_dags/example_nested_branch_dag.py took 0.118 seconds
[2022-01-05 20:40:09,371] {processor.py:163} INFO - Started process (PID=14717) to work on /home/airflow/sandbox/lib/python3.8/site-packages/airflow/example_dags/example_nested_branch_dag.py
[2022-01-05 20:40:09,372] {processor.py:642} INFO - Processing file /home/airflow/sandbox/lib/python3.8/site-packages/airflow/example_dags/example_nested_branch_dag.py for tasks to queue
[2022-01-05 20:40:09,373] {logging_mixin.py:109} INFO - [2022-01-05 20:40:09,373] {dagbag.py:500} INFO - Filling up the DagBag from /home/airflow/sandbox/lib/python3.8/site-packages/airflow/example_dags/example_nested_branch_dag.py
[2022-01-05 20:40:09,480] {processor.py:654} INFO - DAG(s) dict_keys(['example_nested_branch_dag']) retrieved from /home/airflow/sandbox/lib/python3.8/site-packages/airflow/example_dags/example_nested_branch_dag.py
[2022-01-05 20:40:09,495] {logging_mixin.py:109} INFO - [2022-01-05 20:40:09,495] {dag.py:2396} INFO - Sync 1 DAGs
[2022-01-05 20:40:09,524] {logging_mixin.py:109} INFO - [2022-01-05 20:40:09,524] {dag.py:2935} INFO - Setting next_dagrun for example_nested_branch_dag to 2022-01-04 00:00:00+00:00
[2022-01-05 20:40:09,543] {processor.py:171} INFO - Processing /home/airflow/sandbox/lib/python3.8/site-packages/airflow/example_dags/example_nested_branch_dag.py took 0.183 seconds
[2022-01-05 20:40:39,825] {processor.py:163} INFO - Started process (PID=14958) to work on /home/airflow/sandbox/lib/python3.8/site-packages/airflow/example_dags/example_nested_branch_dag.py
[2022-01-05 20:40:39,827] {processor.py:642} INFO - Processing file /home/airflow/sandbox/lib/python3.8/site-packages/airflow/example_dags/example_nested_branch_dag.py for tasks to queue
[2022-01-05 20:40:39,831] {logging_mixin.py:109} INFO - [2022-01-05 20:40:39,830] {dagbag.py:500} INFO - Filling up the DagBag from /home/airflow/sandbox/lib/python3.8/site-packages/airflow/example_dags/example_nested_branch_dag.py
[2022-01-05 20:40:39,913] {processor.py:654} INFO - DAG(s) dict_keys(['example_nested_branch_dag']) retrieved from /home/airflow/sandbox/lib/python3.8/site-packages/airflow/example_dags/example_nested_branch_dag.py
[2022-01-05 20:40:39,922] {logging_mixin.py:109} INFO - [2022-01-05 20:40:39,922] {dag.py:2396} INFO - Sync 1 DAGs
[2022-01-05 20:40:39,937] {logging_mixin.py:109} INFO - [2022-01-05 20:40:39,936] {dag.py:2935} INFO - Setting next_dagrun for example_nested_branch_dag to 2022-01-04 00:00:00+00:00
[2022-01-05 20:40:39,945] {processor.py:171} INFO - Processing /home/airflow/sandbox/lib/python3.8/site-packages/airflow/example_dags/example_nested_branch_dag.py took 0.129 seconds
[2022-01-05 20:41:10,510] {processor.py:163} INFO - Started process (PID=15203) to work on /home/airflow/sandbox/lib/python3.8/site-packages/airflow/example_dags/example_nested_branch_dag.py
[2022-01-05 20:41:10,513] {processor.py:642} INFO - Processing file /home/airflow/sandbox/lib/python3.8/site-packages/airflow/example_dags/example_nested_branch_dag.py for tasks to queue
[2022-01-05 20:41:10,551] {logging_mixin.py:109} INFO - [2022-01-05 20:41:10,551] {dagbag.py:500} INFO - Filling up the DagBag from /home/airflow/sandbox/lib/python3.8/site-packages/airflow/example_dags/example_nested_branch_dag.py
[2022-01-05 20:41:10,657] {processor.py:654} INFO - DAG(s) dict_keys(['example_nested_branch_dag']) retrieved from /home/airflow/sandbox/lib/python3.8/site-packages/airflow/example_dags/example_nested_branch_dag.py
[2022-01-05 20:41:10,707] {logging_mixin.py:109} INFO - [2022-01-05 20:41:10,707] {dag.py:2396} INFO - Sync 1 DAGs
[2022-01-05 20:41:10,740] {logging_mixin.py:109} INFO - [2022-01-05 20:41:10,739] {dag.py:2935} INFO - Setting next_dagrun for example_nested_branch_dag to 2022-01-04 00:00:00+00:00
[2022-01-05 20:41:10,752] {processor.py:171} INFO - Processing /home/airflow/sandbox/lib/python3.8/site-packages/airflow/example_dags/example_nested_branch_dag.py took 0.246 seconds
[2022-01-05 20:41:41,316] {processor.py:163} INFO - Started process (PID=15446) to work on /home/airflow/sandbox/lib/python3.8/site-packages/airflow/example_dags/example_nested_branch_dag.py
[2022-01-05 20:41:41,356] {processor.py:642} INFO - Processing file /home/airflow/sandbox/lib/python3.8/site-packages/airflow/example_dags/example_nested_branch_dag.py for tasks to queue
[2022-01-05 20:41:41,357] {logging_mixin.py:109} INFO - [2022-01-05 20:41:41,357] {dagbag.py:500} INFO - Filling up the DagBag from /home/airflow/sandbox/lib/python3.8/site-packages/airflow/example_dags/example_nested_branch_dag.py
[2022-01-05 20:41:41,469] {processor.py:654} INFO - DAG(s) dict_keys(['example_nested_branch_dag']) retrieved from /home/airflow/sandbox/lib/python3.8/site-packages/airflow/example_dags/example_nested_branch_dag.py
[2022-01-05 20:41:41,508] {logging_mixin.py:109} INFO - [2022-01-05 20:41:41,508] {dag.py:2396} INFO - Sync 1 DAGs
[2022-01-05 20:41:41,551] {logging_mixin.py:109} INFO - [2022-01-05 20:41:41,551] {dag.py:2935} INFO - Setting next_dagrun for example_nested_branch_dag to 2022-01-04 00:00:00+00:00
[2022-01-05 20:41:41,561] {processor.py:171} INFO - Processing /home/airflow/sandbox/lib/python3.8/site-packages/airflow/example_dags/example_nested_branch_dag.py took 0.253 seconds
[2022-01-05 20:42:11,726] {processor.py:163} INFO - Started process (PID=15688) to work on /home/airflow/sandbox/lib/python3.8/site-packages/airflow/example_dags/example_nested_branch_dag.py
[2022-01-05 20:42:11,727] {processor.py:642} INFO - Processing file /home/airflow/sandbox/lib/python3.8/site-packages/airflow/example_dags/example_nested_branch_dag.py for tasks to queue
[2022-01-05 20:42:11,732] {logging_mixin.py:109} INFO - [2022-01-05 20:42:11,731] {dagbag.py:500} INFO - Filling up the DagBag from /home/airflow/sandbox/lib/python3.8/site-packages/airflow/example_dags/example_nested_branch_dag.py
[2022-01-05 20:42:12,016] {processor.py:654} INFO - DAG(s) dict_keys(['example_nested_branch_dag']) retrieved from /home/airflow/sandbox/lib/python3.8/site-packages/airflow/example_dags/example_nested_branch_dag.py
[2022-01-05 20:42:12,070] {logging_mixin.py:109} INFO - [2022-01-05 20:42:12,069] {dag.py:2396} INFO - Sync 1 DAGs
[2022-01-05 20:42:12,125] {logging_mixin.py:109} INFO - [2022-01-05 20:42:12,125] {dag.py:2935} INFO - Setting next_dagrun for example_nested_branch_dag to 2022-01-04 00:00:00+00:00
[2022-01-05 20:42:12,178] {processor.py:171} INFO - Processing /home/airflow/sandbox/lib/python3.8/site-packages/airflow/example_dags/example_nested_branch_dag.py took 0.454 seconds
[2022-01-05 20:42:42,557] {processor.py:163} INFO - Started process (PID=15929) to work on /home/airflow/sandbox/lib/python3.8/site-packages/airflow/example_dags/example_nested_branch_dag.py
[2022-01-05 20:42:42,559] {processor.py:642} INFO - Processing file /home/airflow/sandbox/lib/python3.8/site-packages/airflow/example_dags/example_nested_branch_dag.py for tasks to queue
[2022-01-05 20:42:42,559] {logging_mixin.py:109} INFO - [2022-01-05 20:42:42,559] {dagbag.py:500} INFO - Filling up the DagBag from /home/airflow/sandbox/lib/python3.8/site-packages/airflow/example_dags/example_nested_branch_dag.py
[2022-01-05 20:42:42,669] {processor.py:654} INFO - DAG(s) dict_keys(['example_nested_branch_dag']) retrieved from /home/airflow/sandbox/lib/python3.8/site-packages/airflow/example_dags/example_nested_branch_dag.py
[2022-01-05 20:42:42,686] {logging_mixin.py:109} INFO - [2022-01-05 20:42:42,686] {dag.py:2396} INFO - Sync 1 DAGs
[2022-01-05 20:42:42,729] {logging_mixin.py:109} INFO - [2022-01-05 20:42:42,729] {dag.py:2935} INFO - Setting next_dagrun for example_nested_branch_dag to 2022-01-04 00:00:00+00:00
[2022-01-05 20:42:42,767] {processor.py:171} INFO - Processing /home/airflow/sandbox/lib/python3.8/site-packages/airflow/example_dags/example_nested_branch_dag.py took 0.236 seconds
[2022-01-05 20:43:13,517] {processor.py:163} INFO - Started process (PID=16212) to work on /home/airflow/sandbox/lib/python3.8/site-packages/airflow/example_dags/example_nested_branch_dag.py
[2022-01-05 20:43:13,519] {processor.py:642} INFO - Processing file /home/airflow/sandbox/lib/python3.8/site-packages/airflow/example_dags/example_nested_branch_dag.py for tasks to queue
[2022-01-05 20:43:13,521] {logging_mixin.py:109} INFO - [2022-01-05 20:43:13,521] {dagbag.py:500} INFO - Filling up the DagBag from /home/airflow/sandbox/lib/python3.8/site-packages/airflow/example_dags/example_nested_branch_dag.py
[2022-01-05 20:43:13,612] {processor.py:654} INFO - DAG(s) dict_keys(['example_nested_branch_dag']) retrieved from /home/airflow/sandbox/lib/python3.8/site-packages/airflow/example_dags/example_nested_branch_dag.py
[2022-01-05 20:43:13,622] {logging_mixin.py:109} INFO - [2022-01-05 20:43:13,622] {dag.py:2396} INFO - Sync 1 DAGs
[2022-01-05 20:43:13,664] {logging_mixin.py:109} INFO - [2022-01-05 20:43:13,663] {dag.py:2935} INFO - Setting next_dagrun for example_nested_branch_dag to 2022-01-04 00:00:00+00:00
[2022-01-05 20:43:13,681] {processor.py:171} INFO - Processing /home/airflow/sandbox/lib/python3.8/site-packages/airflow/example_dags/example_nested_branch_dag.py took 0.192 seconds
[2022-01-05 20:43:43,840] {processor.py:163} INFO - Started process (PID=16485) to work on /home/airflow/sandbox/lib/python3.8/site-packages/airflow/example_dags/example_nested_branch_dag.py
[2022-01-05 20:43:43,852] {processor.py:642} INFO - Processing file /home/airflow/sandbox/lib/python3.8/site-packages/airflow/example_dags/example_nested_branch_dag.py for tasks to queue
[2022-01-05 20:43:43,853] {logging_mixin.py:109} INFO - [2022-01-05 20:43:43,853] {dagbag.py:500} INFO - Filling up the DagBag from /home/airflow/sandbox/lib/python3.8/site-packages/airflow/example_dags/example_nested_branch_dag.py
[2022-01-05 20:43:44,021] {processor.py:654} INFO - DAG(s) dict_keys(['example_nested_branch_dag']) retrieved from /home/airflow/sandbox/lib/python3.8/site-packages/airflow/example_dags/example_nested_branch_dag.py
[2022-01-05 20:43:44,061] {logging_mixin.py:109} INFO - [2022-01-05 20:43:44,061] {dag.py:2396} INFO - Sync 1 DAGs
[2022-01-05 20:43:44,090] {logging_mixin.py:109} INFO - [2022-01-05 20:43:44,090] {dag.py:2935} INFO - Setting next_dagrun for example_nested_branch_dag to 2022-01-04 00:00:00+00:00
[2022-01-05 20:43:44,120] {processor.py:171} INFO - Processing /home/airflow/sandbox/lib/python3.8/site-packages/airflow/example_dags/example_nested_branch_dag.py took 0.293 seconds
[2022-01-05 20:44:15,224] {processor.py:163} INFO - Started process (PID=16733) to work on /home/airflow/sandbox/lib/python3.8/site-packages/airflow/example_dags/example_nested_branch_dag.py
[2022-01-05 20:44:15,227] {processor.py:642} INFO - Processing file /home/airflow/sandbox/lib/python3.8/site-packages/airflow/example_dags/example_nested_branch_dag.py for tasks to queue
[2022-01-05 20:44:15,232] {logging_mixin.py:109} INFO - [2022-01-05 20:44:15,231] {dagbag.py:500} INFO - Filling up the DagBag from /home/airflow/sandbox/lib/python3.8/site-packages/airflow/example_dags/example_nested_branch_dag.py
[2022-01-05 20:44:15,331] {processor.py:654} INFO - DAG(s) dict_keys(['example_nested_branch_dag']) retrieved from /home/airflow/sandbox/lib/python3.8/site-packages/airflow/example_dags/example_nested_branch_dag.py
[2022-01-05 20:44:15,367] {logging_mixin.py:109} INFO - [2022-01-05 20:44:15,367] {dag.py:2396} INFO - Sync 1 DAGs
[2022-01-05 20:44:15,398] {logging_mixin.py:109} INFO - [2022-01-05 20:44:15,398] {dag.py:2935} INFO - Setting next_dagrun for example_nested_branch_dag to 2022-01-04 00:00:00+00:00
[2022-01-05 20:44:15,428] {processor.py:171} INFO - Processing /home/airflow/sandbox/lib/python3.8/site-packages/airflow/example_dags/example_nested_branch_dag.py took 0.211 seconds
[2022-01-05 20:44:46,426] {processor.py:163} INFO - Started process (PID=16974) to work on /home/airflow/sandbox/lib/python3.8/site-packages/airflow/example_dags/example_nested_branch_dag.py
[2022-01-05 20:44:46,431] {processor.py:642} INFO - Processing file /home/airflow/sandbox/lib/python3.8/site-packages/airflow/example_dags/example_nested_branch_dag.py for tasks to queue
[2022-01-05 20:44:46,435] {logging_mixin.py:109} INFO - [2022-01-05 20:44:46,435] {dagbag.py:500} INFO - Filling up the DagBag from /home/airflow/sandbox/lib/python3.8/site-packages/airflow/example_dags/example_nested_branch_dag.py
[2022-01-05 20:44:46,535] {processor.py:654} INFO - DAG(s) dict_keys(['example_nested_branch_dag']) retrieved from /home/airflow/sandbox/lib/python3.8/site-packages/airflow/example_dags/example_nested_branch_dag.py
[2022-01-05 20:44:46,578] {logging_mixin.py:109} INFO - [2022-01-05 20:44:46,578] {dag.py:2396} INFO - Sync 1 DAGs
[2022-01-05 20:44:46,609] {logging_mixin.py:109} INFO - [2022-01-05 20:44:46,609] {dag.py:2935} INFO - Setting next_dagrun for example_nested_branch_dag to 2022-01-04 00:00:00+00:00
[2022-01-05 20:44:46,633] {processor.py:171} INFO - Processing /home/airflow/sandbox/lib/python3.8/site-packages/airflow/example_dags/example_nested_branch_dag.py took 0.236 seconds
[2022-01-05 20:45:17,829] {processor.py:163} INFO - Started process (PID=17230) to work on /home/airflow/sandbox/lib/python3.8/site-packages/airflow/example_dags/example_nested_branch_dag.py
[2022-01-05 20:45:17,839] {processor.py:642} INFO - Processing file /home/airflow/sandbox/lib/python3.8/site-packages/airflow/example_dags/example_nested_branch_dag.py for tasks to queue
[2022-01-05 20:45:17,840] {logging_mixin.py:109} INFO - [2022-01-05 20:45:17,840] {dagbag.py:500} INFO - Filling up the DagBag from /home/airflow/sandbox/lib/python3.8/site-packages/airflow/example_dags/example_nested_branch_dag.py
[2022-01-05 20:45:17,938] {processor.py:654} INFO - DAG(s) dict_keys(['example_nested_branch_dag']) retrieved from /home/airflow/sandbox/lib/python3.8/site-packages/airflow/example_dags/example_nested_branch_dag.py
[2022-01-05 20:45:17,979] {logging_mixin.py:109} INFO - [2022-01-05 20:45:17,979] {dag.py:2396} INFO - Sync 1 DAGs
[2022-01-05 20:45:18,054] {logging_mixin.py:109} INFO - [2022-01-05 20:45:18,054] {dag.py:2935} INFO - Setting next_dagrun for example_nested_branch_dag to 2022-01-04 00:00:00+00:00
[2022-01-05 20:45:18,092] {processor.py:171} INFO - Processing /home/airflow/sandbox/lib/python3.8/site-packages/airflow/example_dags/example_nested_branch_dag.py took 0.268 seconds
[2022-01-05 20:45:49,018] {processor.py:163} INFO - Started process (PID=17478) to work on /home/airflow/sandbox/lib/python3.8/site-packages/airflow/example_dags/example_nested_branch_dag.py
[2022-01-05 20:45:49,026] {processor.py:642} INFO - Processing file /home/airflow/sandbox/lib/python3.8/site-packages/airflow/example_dags/example_nested_branch_dag.py for tasks to queue
[2022-01-05 20:45:49,033] {logging_mixin.py:109} INFO - [2022-01-05 20:45:49,032] {dagbag.py:500} INFO - Filling up the DagBag from /home/airflow/sandbox/lib/python3.8/site-packages/airflow/example_dags/example_nested_branch_dag.py
[2022-01-05 20:45:49,133] {processor.py:654} INFO - DAG(s) dict_keys(['example_nested_branch_dag']) retrieved from /home/airflow/sandbox/lib/python3.8/site-packages/airflow/example_dags/example_nested_branch_dag.py
[2022-01-05 20:45:49,153] {logging_mixin.py:109} INFO - [2022-01-05 20:45:49,153] {dag.py:2396} INFO - Sync 1 DAGs
[2022-01-05 20:45:49,179] {logging_mixin.py:109} INFO - [2022-01-05 20:45:49,179] {dag.py:2935} INFO - Setting next_dagrun for example_nested_branch_dag to 2022-01-04 00:00:00+00:00
[2022-01-05 20:45:49,219] {processor.py:171} INFO - Processing /home/airflow/sandbox/lib/python3.8/site-packages/airflow/example_dags/example_nested_branch_dag.py took 0.204 seconds
[2022-01-05 20:46:19,994] {processor.py:163} INFO - Started process (PID=17719) to work on /home/airflow/sandbox/lib/python3.8/site-packages/airflow/example_dags/example_nested_branch_dag.py
[2022-01-05 20:46:19,995] {processor.py:642} INFO - Processing file /home/airflow/sandbox/lib/python3.8/site-packages/airflow/example_dags/example_nested_branch_dag.py for tasks to queue
[2022-01-05 20:46:20,000] {logging_mixin.py:109} INFO - [2022-01-05 20:46:20,000] {dagbag.py:500} INFO - Filling up the DagBag from /home/airflow/sandbox/lib/python3.8/site-packages/airflow/example_dags/example_nested_branch_dag.py
[2022-01-05 20:46:20,188] {processor.py:654} INFO - DAG(s) dict_keys(['example_nested_branch_dag']) retrieved from /home/airflow/sandbox/lib/python3.8/site-packages/airflow/example_dags/example_nested_branch_dag.py
[2022-01-05 20:46:20,244] {logging_mixin.py:109} INFO - [2022-01-05 20:46:20,244] {dag.py:2396} INFO - Sync 1 DAGs
[2022-01-05 20:46:20,296] {logging_mixin.py:109} INFO - [2022-01-05 20:46:20,296] {dag.py:2935} INFO - Setting next_dagrun for example_nested_branch_dag to 2022-01-04 00:00:00+00:00
[2022-01-05 20:46:20,327] {processor.py:171} INFO - Processing /home/airflow/sandbox/lib/python3.8/site-packages/airflow/example_dags/example_nested_branch_dag.py took 0.348 seconds
[2022-01-05 20:46:51,186] {processor.py:163} INFO - Started process (PID=17963) to work on /home/airflow/sandbox/lib/python3.8/site-packages/airflow/example_dags/example_nested_branch_dag.py
[2022-01-05 20:46:51,189] {processor.py:642} INFO - Processing file /home/airflow/sandbox/lib/python3.8/site-packages/airflow/example_dags/example_nested_branch_dag.py for tasks to queue
[2022-01-05 20:46:51,189] {logging_mixin.py:109} INFO - [2022-01-05 20:46:51,189] {dagbag.py:500} INFO - Filling up the DagBag from /home/airflow/sandbox/lib/python3.8/site-packages/airflow/example_dags/example_nested_branch_dag.py
[2022-01-05 20:46:51,265] {processor.py:654} INFO - DAG(s) dict_keys(['example_nested_branch_dag']) retrieved from /home/airflow/sandbox/lib/python3.8/site-packages/airflow/example_dags/example_nested_branch_dag.py
[2022-01-05 20:46:51,284] {logging_mixin.py:109} INFO - [2022-01-05 20:46:51,284] {dag.py:2396} INFO - Sync 1 DAGs
[2022-01-05 20:46:51,312] {logging_mixin.py:109} INFO - [2022-01-05 20:46:51,311] {dag.py:2935} INFO - Setting next_dagrun for example_nested_branch_dag to 2022-01-04 00:00:00+00:00
[2022-01-05 20:46:51,330] {processor.py:171} INFO - Processing /home/airflow/sandbox/lib/python3.8/site-packages/airflow/example_dags/example_nested_branch_dag.py took 0.153 seconds
[2022-01-05 20:47:21,564] {processor.py:163} INFO - Started process (PID=18209) to work on /home/airflow/sandbox/lib/python3.8/site-packages/airflow/example_dags/example_nested_branch_dag.py
[2022-01-05 20:47:21,565] {processor.py:642} INFO - Processing file /home/airflow/sandbox/lib/python3.8/site-packages/airflow/example_dags/example_nested_branch_dag.py for tasks to queue
[2022-01-05 20:47:21,566] {logging_mixin.py:109} INFO - [2022-01-05 20:47:21,565] {dagbag.py:500} INFO - Filling up the DagBag from /home/airflow/sandbox/lib/python3.8/site-packages/airflow/example_dags/example_nested_branch_dag.py
[2022-01-05 20:47:21,692] {processor.py:654} INFO - DAG(s) dict_keys(['example_nested_branch_dag']) retrieved from /home/airflow/sandbox/lib/python3.8/site-packages/airflow/example_dags/example_nested_branch_dag.py
[2022-01-05 20:47:21,719] {logging_mixin.py:109} INFO - [2022-01-05 20:47:21,719] {dag.py:2396} INFO - Sync 1 DAGs
[2022-01-05 20:47:21,762] {logging_mixin.py:109} INFO - [2022-01-05 20:47:21,762] {dag.py:2935} INFO - Setting next_dagrun for example_nested_branch_dag to 2022-01-04 00:00:00+00:00
[2022-01-05 20:47:21,814] {processor.py:171} INFO - Processing /home/airflow/sandbox/lib/python3.8/site-packages/airflow/example_dags/example_nested_branch_dag.py took 0.253 seconds
[2022-01-05 20:47:52,330] {processor.py:163} INFO - Started process (PID=18456) to work on /home/airflow/sandbox/lib/python3.8/site-packages/airflow/example_dags/example_nested_branch_dag.py
[2022-01-05 20:47:52,332] {processor.py:642} INFO - Processing file /home/airflow/sandbox/lib/python3.8/site-packages/airflow/example_dags/example_nested_branch_dag.py for tasks to queue
[2022-01-05 20:47:52,332] {logging_mixin.py:109} INFO - [2022-01-05 20:47:52,332] {dagbag.py:500} INFO - Filling up the DagBag from /home/airflow/sandbox/lib/python3.8/site-packages/airflow/example_dags/example_nested_branch_dag.py
[2022-01-05 20:47:52,391] {processor.py:654} INFO - DAG(s) dict_keys(['example_nested_branch_dag']) retrieved from /home/airflow/sandbox/lib/python3.8/site-packages/airflow/example_dags/example_nested_branch_dag.py
[2022-01-05 20:47:52,408] {logging_mixin.py:109} INFO - [2022-01-05 20:47:52,408] {dag.py:2396} INFO - Sync 1 DAGs
[2022-01-05 20:47:52,428] {logging_mixin.py:109} INFO - [2022-01-05 20:47:52,428] {dag.py:2935} INFO - Setting next_dagrun for example_nested_branch_dag to 2022-01-04 00:00:00+00:00
[2022-01-05 20:47:52,445] {processor.py:171} INFO - Processing /home/airflow/sandbox/lib/python3.8/site-packages/airflow/example_dags/example_nested_branch_dag.py took 0.117 seconds
[2022-01-05 20:48:22,978] {processor.py:163} INFO - Started process (PID=18764) to work on /home/airflow/sandbox/lib/python3.8/site-packages/airflow/example_dags/example_nested_branch_dag.py
[2022-01-05 20:48:22,979] {processor.py:642} INFO - Processing file /home/airflow/sandbox/lib/python3.8/site-packages/airflow/example_dags/example_nested_branch_dag.py for tasks to queue
[2022-01-05 20:48:22,980] {logging_mixin.py:109} INFO - [2022-01-05 20:48:22,980] {dagbag.py:500} INFO - Filling up the DagBag from /home/airflow/sandbox/lib/python3.8/site-packages/airflow/example_dags/example_nested_branch_dag.py
[2022-01-05 20:48:23,176] {processor.py:654} INFO - DAG(s) dict_keys(['example_nested_branch_dag']) retrieved from /home/airflow/sandbox/lib/python3.8/site-packages/airflow/example_dags/example_nested_branch_dag.py
[2022-01-05 20:48:23,270] {logging_mixin.py:109} INFO - [2022-01-05 20:48:23,270] {dag.py:2396} INFO - Sync 1 DAGs
[2022-01-05 20:48:23,530] {logging_mixin.py:109} INFO - [2022-01-05 20:48:23,530] {dag.py:2935} INFO - Setting next_dagrun for example_nested_branch_dag to 2022-01-04 00:00:00+00:00
[2022-01-05 20:48:23,586] {processor.py:171} INFO - Processing /home/airflow/sandbox/lib/python3.8/site-packages/airflow/example_dags/example_nested_branch_dag.py took 0.610 seconds
[2022-01-05 20:48:54,566] {processor.py:163} INFO - Started process (PID=19012) to work on /home/airflow/sandbox/lib/python3.8/site-packages/airflow/example_dags/example_nested_branch_dag.py
[2022-01-05 20:48:54,568] {processor.py:642} INFO - Processing file /home/airflow/sandbox/lib/python3.8/site-packages/airflow/example_dags/example_nested_branch_dag.py for tasks to queue
[2022-01-05 20:48:54,568] {logging_mixin.py:109} INFO - [2022-01-05 20:48:54,568] {dagbag.py:500} INFO - Filling up the DagBag from /home/airflow/sandbox/lib/python3.8/site-packages/airflow/example_dags/example_nested_branch_dag.py
[2022-01-05 20:48:54,770] {processor.py:654} INFO - DAG(s) dict_keys(['example_nested_branch_dag']) retrieved from /home/airflow/sandbox/lib/python3.8/site-packages/airflow/example_dags/example_nested_branch_dag.py
[2022-01-05 20:48:54,860] {logging_mixin.py:109} INFO - [2022-01-05 20:48:54,860] {dag.py:2396} INFO - Sync 1 DAGs
[2022-01-05 20:48:54,909] {logging_mixin.py:109} INFO - [2022-01-05 20:48:54,909] {dag.py:2935} INFO - Setting next_dagrun for example_nested_branch_dag to 2022-01-04 00:00:00+00:00
[2022-01-05 20:48:54,956] {processor.py:171} INFO - Processing /home/airflow/sandbox/lib/python3.8/site-packages/airflow/example_dags/example_nested_branch_dag.py took 0.402 seconds
[2022-01-05 20:49:25,097] {processor.py:163} INFO - Started process (PID=19253) to work on /home/airflow/sandbox/lib/python3.8/site-packages/airflow/example_dags/example_nested_branch_dag.py
[2022-01-05 20:49:25,100] {processor.py:642} INFO - Processing file /home/airflow/sandbox/lib/python3.8/site-packages/airflow/example_dags/example_nested_branch_dag.py for tasks to queue
[2022-01-05 20:49:25,101] {logging_mixin.py:109} INFO - [2022-01-05 20:49:25,101] {dagbag.py:500} INFO - Filling up the DagBag from /home/airflow/sandbox/lib/python3.8/site-packages/airflow/example_dags/example_nested_branch_dag.py
[2022-01-05 20:49:25,339] {processor.py:654} INFO - DAG(s) dict_keys(['example_nested_branch_dag']) retrieved from /home/airflow/sandbox/lib/python3.8/site-packages/airflow/example_dags/example_nested_branch_dag.py
[2022-01-05 20:49:25,380] {logging_mixin.py:109} INFO - [2022-01-05 20:49:25,380] {dag.py:2396} INFO - Sync 1 DAGs
[2022-01-05 20:49:25,457] {logging_mixin.py:109} INFO - [2022-01-05 20:49:25,457] {dag.py:2935} INFO - Setting next_dagrun for example_nested_branch_dag to 2022-01-04 00:00:00+00:00
[2022-01-05 20:49:25,530] {processor.py:171} INFO - Processing /home/airflow/sandbox/lib/python3.8/site-packages/airflow/example_dags/example_nested_branch_dag.py took 0.437 seconds
[2022-01-05 20:49:55,585] {processor.py:163} INFO - Started process (PID=19500) to work on /home/airflow/sandbox/lib/python3.8/site-packages/airflow/example_dags/example_nested_branch_dag.py
[2022-01-05 20:49:55,587] {processor.py:642} INFO - Processing file /home/airflow/sandbox/lib/python3.8/site-packages/airflow/example_dags/example_nested_branch_dag.py for tasks to queue
[2022-01-05 20:49:55,587] {logging_mixin.py:109} INFO - [2022-01-05 20:49:55,587] {dagbag.py:500} INFO - Filling up the DagBag from /home/airflow/sandbox/lib/python3.8/site-packages/airflow/example_dags/example_nested_branch_dag.py
[2022-01-05 20:49:55,681] {processor.py:654} INFO - DAG(s) dict_keys(['example_nested_branch_dag']) retrieved from /home/airflow/sandbox/lib/python3.8/site-packages/airflow/example_dags/example_nested_branch_dag.py
[2022-01-05 20:49:55,699] {logging_mixin.py:109} INFO - [2022-01-05 20:49:55,699] {dag.py:2396} INFO - Sync 1 DAGs
[2022-01-05 20:49:55,737] {logging_mixin.py:109} INFO - [2022-01-05 20:49:55,737] {dag.py:2935} INFO - Setting next_dagrun for example_nested_branch_dag to 2022-01-04 00:00:00+00:00
[2022-01-05 20:49:55,767] {processor.py:171} INFO - Processing /home/airflow/sandbox/lib/python3.8/site-packages/airflow/example_dags/example_nested_branch_dag.py took 0.187 seconds
[2022-01-05 20:50:26,432] {processor.py:163} INFO - Started process (PID=19742) to work on /home/airflow/sandbox/lib/python3.8/site-packages/airflow/example_dags/example_nested_branch_dag.py
[2022-01-05 20:50:26,435] {processor.py:642} INFO - Processing file /home/airflow/sandbox/lib/python3.8/site-packages/airflow/example_dags/example_nested_branch_dag.py for tasks to queue
[2022-01-05 20:50:26,436] {logging_mixin.py:109} INFO - [2022-01-05 20:50:26,436] {dagbag.py:500} INFO - Filling up the DagBag from /home/airflow/sandbox/lib/python3.8/site-packages/airflow/example_dags/example_nested_branch_dag.py
[2022-01-05 20:50:26,531] {processor.py:654} INFO - DAG(s) dict_keys(['example_nested_branch_dag']) retrieved from /home/airflow/sandbox/lib/python3.8/site-packages/airflow/example_dags/example_nested_branch_dag.py
[2022-01-05 20:50:26,563] {logging_mixin.py:109} INFO - [2022-01-05 20:50:26,563] {dag.py:2396} INFO - Sync 1 DAGs
[2022-01-05 20:50:26,659] {logging_mixin.py:109} INFO - [2022-01-05 20:50:26,659] {dag.py:2935} INFO - Setting next_dagrun for example_nested_branch_dag to 2022-01-04 00:00:00+00:00
[2022-01-05 20:50:26,713] {processor.py:171} INFO - Processing /home/airflow/sandbox/lib/python3.8/site-packages/airflow/example_dags/example_nested_branch_dag.py took 0.320 seconds
[2022-01-05 20:50:57,671] {processor.py:163} INFO - Started process (PID=19989) to work on /home/airflow/sandbox/lib/python3.8/site-packages/airflow/example_dags/example_nested_branch_dag.py
[2022-01-05 20:50:57,675] {processor.py:642} INFO - Processing file /home/airflow/sandbox/lib/python3.8/site-packages/airflow/example_dags/example_nested_branch_dag.py for tasks to queue
[2022-01-05 20:50:57,675] {logging_mixin.py:109} INFO - [2022-01-05 20:50:57,675] {dagbag.py:500} INFO - Filling up the DagBag from /home/airflow/sandbox/lib/python3.8/site-packages/airflow/example_dags/example_nested_branch_dag.py
[2022-01-05 20:50:57,785] {processor.py:654} INFO - DAG(s) dict_keys(['example_nested_branch_dag']) retrieved from /home/airflow/sandbox/lib/python3.8/site-packages/airflow/example_dags/example_nested_branch_dag.py
[2022-01-05 20:50:57,814] {logging_mixin.py:109} INFO - [2022-01-05 20:50:57,814] {dag.py:2396} INFO - Sync 1 DAGs
[2022-01-05 20:50:57,902] {logging_mixin.py:109} INFO - [2022-01-05 20:50:57,901] {dag.py:2935} INFO - Setting next_dagrun for example_nested_branch_dag to 2022-01-04 00:00:00+00:00
[2022-01-05 20:50:57,953] {processor.py:171} INFO - Processing /home/airflow/sandbox/lib/python3.8/site-packages/airflow/example_dags/example_nested_branch_dag.py took 0.325 seconds
[2022-01-05 20:51:28,448] {processor.py:163} INFO - Started process (PID=20236) to work on /home/airflow/sandbox/lib/python3.8/site-packages/airflow/example_dags/example_nested_branch_dag.py
[2022-01-05 20:51:28,448] {processor.py:642} INFO - Processing file /home/airflow/sandbox/lib/python3.8/site-packages/airflow/example_dags/example_nested_branch_dag.py for tasks to queue
[2022-01-05 20:51:28,450] {logging_mixin.py:109} INFO - [2022-01-05 20:51:28,450] {dagbag.py:500} INFO - Filling up the DagBag from /home/airflow/sandbox/lib/python3.8/site-packages/airflow/example_dags/example_nested_branch_dag.py
[2022-01-05 20:51:28,666] {processor.py:654} INFO - DAG(s) dict_keys(['example_nested_branch_dag']) retrieved from /home/airflow/sandbox/lib/python3.8/site-packages/airflow/example_dags/example_nested_branch_dag.py
[2022-01-05 20:51:28,728] {logging_mixin.py:109} INFO - [2022-01-05 20:51:28,728] {dag.py:2396} INFO - Sync 1 DAGs
[2022-01-05 20:51:28,761] {logging_mixin.py:109} INFO - [2022-01-05 20:51:28,761] {dag.py:2935} INFO - Setting next_dagrun for example_nested_branch_dag to 2022-01-04 00:00:00+00:00
[2022-01-05 20:51:28,781] {processor.py:171} INFO - Processing /home/airflow/sandbox/lib/python3.8/site-packages/airflow/example_dags/example_nested_branch_dag.py took 0.415 seconds
[2022-01-05 20:51:59,021] {processor.py:163} INFO - Started process (PID=20485) to work on /home/airflow/sandbox/lib/python3.8/site-packages/airflow/example_dags/example_nested_branch_dag.py
[2022-01-05 20:51:59,040] {processor.py:642} INFO - Processing file /home/airflow/sandbox/lib/python3.8/site-packages/airflow/example_dags/example_nested_branch_dag.py for tasks to queue
[2022-01-05 20:51:59,043] {logging_mixin.py:109} INFO - [2022-01-05 20:51:59,043] {dagbag.py:500} INFO - Filling up the DagBag from /home/airflow/sandbox/lib/python3.8/site-packages/airflow/example_dags/example_nested_branch_dag.py
[2022-01-05 20:51:59,172] {processor.py:654} INFO - DAG(s) dict_keys(['example_nested_branch_dag']) retrieved from /home/airflow/sandbox/lib/python3.8/site-packages/airflow/example_dags/example_nested_branch_dag.py
[2022-01-05 20:51:59,215] {logging_mixin.py:109} INFO - [2022-01-05 20:51:59,215] {dag.py:2396} INFO - Sync 1 DAGs
[2022-01-05 20:51:59,262] {logging_mixin.py:109} INFO - [2022-01-05 20:51:59,262] {dag.py:2935} INFO - Setting next_dagrun for example_nested_branch_dag to 2022-01-04 00:00:00+00:00
[2022-01-05 20:51:59,302] {processor.py:171} INFO - Processing /home/airflow/sandbox/lib/python3.8/site-packages/airflow/example_dags/example_nested_branch_dag.py took 0.289 seconds
[2022-01-05 20:52:29,609] {processor.py:163} INFO - Started process (PID=20725) to work on /home/airflow/sandbox/lib/python3.8/site-packages/airflow/example_dags/example_nested_branch_dag.py
[2022-01-05 20:52:29,616] {processor.py:642} INFO - Processing file /home/airflow/sandbox/lib/python3.8/site-packages/airflow/example_dags/example_nested_branch_dag.py for tasks to queue
[2022-01-05 20:52:29,617] {logging_mixin.py:109} INFO - [2022-01-05 20:52:29,617] {dagbag.py:500} INFO - Filling up the DagBag from /home/airflow/sandbox/lib/python3.8/site-packages/airflow/example_dags/example_nested_branch_dag.py
[2022-01-05 20:52:29,841] {processor.py:654} INFO - DAG(s) dict_keys(['example_nested_branch_dag']) retrieved from /home/airflow/sandbox/lib/python3.8/site-packages/airflow/example_dags/example_nested_branch_dag.py
[2022-01-05 20:52:29,856] {logging_mixin.py:109} INFO - [2022-01-05 20:52:29,856] {dag.py:2396} INFO - Sync 1 DAGs
[2022-01-05 20:52:29,948] {logging_mixin.py:109} INFO - [2022-01-05 20:52:29,947] {dag.py:2935} INFO - Setting next_dagrun for example_nested_branch_dag to 2022-01-04 00:00:00+00:00
[2022-01-05 20:52:30,015] {processor.py:171} INFO - Processing /home/airflow/sandbox/lib/python3.8/site-packages/airflow/example_dags/example_nested_branch_dag.py took 0.417 seconds
[2022-01-05 20:53:00,095] {processor.py:163} INFO - Started process (PID=20979) to work on /home/airflow/sandbox/lib/python3.8/site-packages/airflow/example_dags/example_nested_branch_dag.py
[2022-01-05 20:53:00,096] {processor.py:642} INFO - Processing file /home/airflow/sandbox/lib/python3.8/site-packages/airflow/example_dags/example_nested_branch_dag.py for tasks to queue
[2022-01-05 20:53:00,096] {logging_mixin.py:109} INFO - [2022-01-05 20:53:00,096] {dagbag.py:500} INFO - Filling up the DagBag from /home/airflow/sandbox/lib/python3.8/site-packages/airflow/example_dags/example_nested_branch_dag.py
[2022-01-05 20:53:00,134] {processor.py:654} INFO - DAG(s) dict_keys(['example_nested_branch_dag']) retrieved from /home/airflow/sandbox/lib/python3.8/site-packages/airflow/example_dags/example_nested_branch_dag.py
[2022-01-05 20:53:00,142] {logging_mixin.py:109} INFO - [2022-01-05 20:53:00,142] {dag.py:2396} INFO - Sync 1 DAGs
[2022-01-05 20:53:00,155] {logging_mixin.py:109} INFO - [2022-01-05 20:53:00,155] {dag.py:2935} INFO - Setting next_dagrun for example_nested_branch_dag to 2022-01-04 00:00:00+00:00
[2022-01-05 20:53:00,163] {processor.py:171} INFO - Processing /home/airflow/sandbox/lib/python3.8/site-packages/airflow/example_dags/example_nested_branch_dag.py took 0.071 seconds
[2022-01-05 20:53:30,452] {processor.py:163} INFO - Started process (PID=21289) to work on /home/airflow/sandbox/lib/python3.8/site-packages/airflow/example_dags/example_nested_branch_dag.py
[2022-01-05 20:53:30,453] {processor.py:642} INFO - Processing file /home/airflow/sandbox/lib/python3.8/site-packages/airflow/example_dags/example_nested_branch_dag.py for tasks to queue
[2022-01-05 20:53:30,454] {logging_mixin.py:109} INFO - [2022-01-05 20:53:30,454] {dagbag.py:500} INFO - Filling up the DagBag from /home/airflow/sandbox/lib/python3.8/site-packages/airflow/example_dags/example_nested_branch_dag.py
[2022-01-05 20:53:30,641] {processor.py:654} INFO - DAG(s) dict_keys(['example_nested_branch_dag']) retrieved from /home/airflow/sandbox/lib/python3.8/site-packages/airflow/example_dags/example_nested_branch_dag.py
[2022-01-05 20:53:30,700] {logging_mixin.py:109} INFO - [2022-01-05 20:53:30,700] {dag.py:2396} INFO - Sync 1 DAGs
[2022-01-05 20:53:30,764] {logging_mixin.py:109} INFO - [2022-01-05 20:53:30,764] {dag.py:2935} INFO - Setting next_dagrun for example_nested_branch_dag to 2022-01-04 00:00:00+00:00
[2022-01-05 20:53:30,793] {processor.py:171} INFO - Processing /home/airflow/sandbox/lib/python3.8/site-packages/airflow/example_dags/example_nested_branch_dag.py took 0.352 seconds
[2022-01-05 20:54:01,145] {processor.py:163} INFO - Started process (PID=21539) to work on /home/airflow/sandbox/lib/python3.8/site-packages/airflow/example_dags/example_nested_branch_dag.py
[2022-01-05 20:54:01,150] {processor.py:642} INFO - Processing file /home/airflow/sandbox/lib/python3.8/site-packages/airflow/example_dags/example_nested_branch_dag.py for tasks to queue
[2022-01-05 20:54:01,151] {logging_mixin.py:109} INFO - [2022-01-05 20:54:01,150] {dagbag.py:500} INFO - Filling up the DagBag from /home/airflow/sandbox/lib/python3.8/site-packages/airflow/example_dags/example_nested_branch_dag.py
[2022-01-05 20:54:01,408] {processor.py:654} INFO - DAG(s) dict_keys(['example_nested_branch_dag']) retrieved from /home/airflow/sandbox/lib/python3.8/site-packages/airflow/example_dags/example_nested_branch_dag.py
[2022-01-05 20:54:01,460] {logging_mixin.py:109} INFO - [2022-01-05 20:54:01,460] {dag.py:2396} INFO - Sync 1 DAGs
[2022-01-05 20:54:01,578] {logging_mixin.py:109} INFO - [2022-01-05 20:54:01,578] {dag.py:2935} INFO - Setting next_dagrun for example_nested_branch_dag to 2022-01-04 00:00:00+00:00
[2022-01-05 20:54:01,648] {processor.py:171} INFO - Processing /home/airflow/sandbox/lib/python3.8/site-packages/airflow/example_dags/example_nested_branch_dag.py took 0.505 seconds
[2022-01-05 20:54:31,875] {processor.py:163} INFO - Started process (PID=21773) to work on /home/airflow/sandbox/lib/python3.8/site-packages/airflow/example_dags/example_nested_branch_dag.py
[2022-01-05 20:54:31,876] {processor.py:642} INFO - Processing file /home/airflow/sandbox/lib/python3.8/site-packages/airflow/example_dags/example_nested_branch_dag.py for tasks to queue
[2022-01-05 20:54:31,879] {logging_mixin.py:109} INFO - [2022-01-05 20:54:31,879] {dagbag.py:500} INFO - Filling up the DagBag from /home/airflow/sandbox/lib/python3.8/site-packages/airflow/example_dags/example_nested_branch_dag.py
[2022-01-05 20:54:32,193] {processor.py:654} INFO - DAG(s) dict_keys(['example_nested_branch_dag']) retrieved from /home/airflow/sandbox/lib/python3.8/site-packages/airflow/example_dags/example_nested_branch_dag.py
[2022-01-05 20:54:32,277] {logging_mixin.py:109} INFO - [2022-01-05 20:54:32,277] {dag.py:2396} INFO - Sync 1 DAGs
[2022-01-05 20:54:32,332] {logging_mixin.py:109} INFO - [2022-01-05 20:54:32,331] {dag.py:2935} INFO - Setting next_dagrun for example_nested_branch_dag to 2022-01-04 00:00:00+00:00
[2022-01-05 20:54:32,379] {processor.py:171} INFO - Processing /home/airflow/sandbox/lib/python3.8/site-packages/airflow/example_dags/example_nested_branch_dag.py took 0.533 seconds
[2022-01-05 20:55:02,898] {processor.py:163} INFO - Started process (PID=22026) to work on /home/airflow/sandbox/lib/python3.8/site-packages/airflow/example_dags/example_nested_branch_dag.py
[2022-01-05 20:55:02,907] {processor.py:642} INFO - Processing file /home/airflow/sandbox/lib/python3.8/site-packages/airflow/example_dags/example_nested_branch_dag.py for tasks to queue
[2022-01-05 20:55:02,925] {logging_mixin.py:109} INFO - [2022-01-05 20:55:02,924] {dagbag.py:500} INFO - Filling up the DagBag from /home/airflow/sandbox/lib/python3.8/site-packages/airflow/example_dags/example_nested_branch_dag.py
[2022-01-05 20:55:03,734] {processor.py:654} INFO - DAG(s) dict_keys(['example_nested_branch_dag']) retrieved from /home/airflow/sandbox/lib/python3.8/site-packages/airflow/example_dags/example_nested_branch_dag.py
[2022-01-05 20:55:04,045] {logging_mixin.py:109} INFO - [2022-01-05 20:55:04,044] {dag.py:2396} INFO - Sync 1 DAGs
[2022-01-05 20:55:04,243] {logging_mixin.py:109} INFO - [2022-01-05 20:55:04,242] {dag.py:2935} INFO - Setting next_dagrun for example_nested_branch_dag to 2022-01-04 00:00:00+00:00
[2022-01-05 20:55:04,331] {processor.py:171} INFO - Processing /home/airflow/sandbox/lib/python3.8/site-packages/airflow/example_dags/example_nested_branch_dag.py took 1.451 seconds
[2022-01-05 20:55:34,784] {processor.py:163} INFO - Started process (PID=22267) to work on /home/airflow/sandbox/lib/python3.8/site-packages/airflow/example_dags/example_nested_branch_dag.py
[2022-01-05 20:55:34,786] {processor.py:642} INFO - Processing file /home/airflow/sandbox/lib/python3.8/site-packages/airflow/example_dags/example_nested_branch_dag.py for tasks to queue
[2022-01-05 20:55:34,787] {logging_mixin.py:109} INFO - [2022-01-05 20:55:34,787] {dagbag.py:500} INFO - Filling up the DagBag from /home/airflow/sandbox/lib/python3.8/site-packages/airflow/example_dags/example_nested_branch_dag.py
[2022-01-05 20:55:35,032] {processor.py:654} INFO - DAG(s) dict_keys(['example_nested_branch_dag']) retrieved from /home/airflow/sandbox/lib/python3.8/site-packages/airflow/example_dags/example_nested_branch_dag.py
[2022-01-05 20:55:35,054] {logging_mixin.py:109} INFO - [2022-01-05 20:55:35,054] {dag.py:2396} INFO - Sync 1 DAGs
[2022-01-05 20:55:35,197] {logging_mixin.py:109} INFO - [2022-01-05 20:55:35,197] {dag.py:2935} INFO - Setting next_dagrun for example_nested_branch_dag to 2022-01-04 00:00:00+00:00
[2022-01-05 20:55:35,252] {processor.py:171} INFO - Processing /home/airflow/sandbox/lib/python3.8/site-packages/airflow/example_dags/example_nested_branch_dag.py took 0.507 seconds
[2022-01-05 20:56:06,601] {processor.py:163} INFO - Started process (PID=22509) to work on /home/airflow/sandbox/lib/python3.8/site-packages/airflow/example_dags/example_nested_branch_dag.py
[2022-01-05 20:56:06,679] {processor.py:642} INFO - Processing file /home/airflow/sandbox/lib/python3.8/site-packages/airflow/example_dags/example_nested_branch_dag.py for tasks to queue
[2022-01-05 20:56:06,681] {logging_mixin.py:109} INFO - [2022-01-05 20:56:06,681] {dagbag.py:500} INFO - Filling up the DagBag from /home/airflow/sandbox/lib/python3.8/site-packages/airflow/example_dags/example_nested_branch_dag.py
[2022-01-05 20:56:06,929] {processor.py:654} INFO - DAG(s) dict_keys(['example_nested_branch_dag']) retrieved from /home/airflow/sandbox/lib/python3.8/site-packages/airflow/example_dags/example_nested_branch_dag.py
[2022-01-05 20:56:07,099] {logging_mixin.py:109} INFO - [2022-01-05 20:56:07,098] {dag.py:2396} INFO - Sync 1 DAGs
[2022-01-05 20:56:07,250] {logging_mixin.py:109} INFO - [2022-01-05 20:56:07,250] {dag.py:2935} INFO - Setting next_dagrun for example_nested_branch_dag to 2022-01-04 00:00:00+00:00
[2022-01-05 20:56:07,293] {processor.py:171} INFO - Processing /home/airflow/sandbox/lib/python3.8/site-packages/airflow/example_dags/example_nested_branch_dag.py took 0.700 seconds
[2022-01-05 20:56:38,234] {processor.py:163} INFO - Started process (PID=22747) to work on /home/airflow/sandbox/lib/python3.8/site-packages/airflow/example_dags/example_nested_branch_dag.py
[2022-01-05 20:56:38,237] {processor.py:642} INFO - Processing file /home/airflow/sandbox/lib/python3.8/site-packages/airflow/example_dags/example_nested_branch_dag.py for tasks to queue
[2022-01-05 20:56:38,238] {logging_mixin.py:109} INFO - [2022-01-05 20:56:38,238] {dagbag.py:500} INFO - Filling up the DagBag from /home/airflow/sandbox/lib/python3.8/site-packages/airflow/example_dags/example_nested_branch_dag.py
[2022-01-05 20:56:38,586] {processor.py:654} INFO - DAG(s) dict_keys(['example_nested_branch_dag']) retrieved from /home/airflow/sandbox/lib/python3.8/site-packages/airflow/example_dags/example_nested_branch_dag.py
[2022-01-05 20:56:38,602] {logging_mixin.py:109} INFO - [2022-01-05 20:56:38,602] {dag.py:2396} INFO - Sync 1 DAGs
[2022-01-05 20:56:38,780] {logging_mixin.py:109} INFO - [2022-01-05 20:56:38,780] {dag.py:2935} INFO - Setting next_dagrun for example_nested_branch_dag to 2022-01-04 00:00:00+00:00
[2022-01-05 20:56:38,793] {processor.py:171} INFO - Processing /home/airflow/sandbox/lib/python3.8/site-packages/airflow/example_dags/example_nested_branch_dag.py took 0.593 seconds
[2022-01-05 20:57:09,238] {processor.py:163} INFO - Started process (PID=22987) to work on /home/airflow/sandbox/lib/python3.8/site-packages/airflow/example_dags/example_nested_branch_dag.py
[2022-01-05 20:57:09,240] {processor.py:642} INFO - Processing file /home/airflow/sandbox/lib/python3.8/site-packages/airflow/example_dags/example_nested_branch_dag.py for tasks to queue
[2022-01-05 20:57:09,241] {logging_mixin.py:109} INFO - [2022-01-05 20:57:09,241] {dagbag.py:500} INFO - Filling up the DagBag from /home/airflow/sandbox/lib/python3.8/site-packages/airflow/example_dags/example_nested_branch_dag.py
[2022-01-05 20:57:09,392] {processor.py:654} INFO - DAG(s) dict_keys(['example_nested_branch_dag']) retrieved from /home/airflow/sandbox/lib/python3.8/site-packages/airflow/example_dags/example_nested_branch_dag.py
[2022-01-05 20:57:09,434] {logging_mixin.py:109} INFO - [2022-01-05 20:57:09,433] {dag.py:2396} INFO - Sync 1 DAGs
[2022-01-05 20:57:09,481] {logging_mixin.py:109} INFO - [2022-01-05 20:57:09,481] {dag.py:2935} INFO - Setting next_dagrun for example_nested_branch_dag to 2022-01-04 00:00:00+00:00
[2022-01-05 20:57:09,498] {processor.py:171} INFO - Processing /home/airflow/sandbox/lib/python3.8/site-packages/airflow/example_dags/example_nested_branch_dag.py took 0.263 seconds
[2022-01-05 20:57:39,934] {processor.py:163} INFO - Started process (PID=23234) to work on /home/airflow/sandbox/lib/python3.8/site-packages/airflow/example_dags/example_nested_branch_dag.py
[2022-01-05 20:57:39,937] {processor.py:642} INFO - Processing file /home/airflow/sandbox/lib/python3.8/site-packages/airflow/example_dags/example_nested_branch_dag.py for tasks to queue
[2022-01-05 20:57:39,938] {logging_mixin.py:109} INFO - [2022-01-05 20:57:39,938] {dagbag.py:500} INFO - Filling up the DagBag from /home/airflow/sandbox/lib/python3.8/site-packages/airflow/example_dags/example_nested_branch_dag.py
[2022-01-05 20:57:40,042] {processor.py:654} INFO - DAG(s) dict_keys(['example_nested_branch_dag']) retrieved from /home/airflow/sandbox/lib/python3.8/site-packages/airflow/example_dags/example_nested_branch_dag.py
[2022-01-05 20:57:40,084] {logging_mixin.py:109} INFO - [2022-01-05 20:57:40,083] {dag.py:2396} INFO - Sync 1 DAGs
[2022-01-05 20:57:40,142] {logging_mixin.py:109} INFO - [2022-01-05 20:57:40,142] {dag.py:2935} INFO - Setting next_dagrun for example_nested_branch_dag to 2022-01-04 00:00:00+00:00
[2022-01-05 20:57:40,185] {processor.py:171} INFO - Processing /home/airflow/sandbox/lib/python3.8/site-packages/airflow/example_dags/example_nested_branch_dag.py took 0.279 seconds
[2022-01-05 20:58:10,283] {processor.py:163} INFO - Started process (PID=23478) to work on /home/airflow/sandbox/lib/python3.8/site-packages/airflow/example_dags/example_nested_branch_dag.py
[2022-01-05 20:58:10,284] {processor.py:642} INFO - Processing file /home/airflow/sandbox/lib/python3.8/site-packages/airflow/example_dags/example_nested_branch_dag.py for tasks to queue
[2022-01-05 20:58:10,285] {logging_mixin.py:109} INFO - [2022-01-05 20:58:10,285] {dagbag.py:500} INFO - Filling up the DagBag from /home/airflow/sandbox/lib/python3.8/site-packages/airflow/example_dags/example_nested_branch_dag.py
[2022-01-05 20:58:10,387] {processor.py:654} INFO - DAG(s) dict_keys(['example_nested_branch_dag']) retrieved from /home/airflow/sandbox/lib/python3.8/site-packages/airflow/example_dags/example_nested_branch_dag.py
[2022-01-05 20:58:10,404] {logging_mixin.py:109} INFO - [2022-01-05 20:58:10,404] {dag.py:2396} INFO - Sync 1 DAGs
[2022-01-05 20:58:10,580] {logging_mixin.py:109} INFO - [2022-01-05 20:58:10,580] {dag.py:2935} INFO - Setting next_dagrun for example_nested_branch_dag to 2022-01-04 00:00:00+00:00
[2022-01-05 20:58:10,595] {processor.py:171} INFO - Processing /home/airflow/sandbox/lib/python3.8/site-packages/airflow/example_dags/example_nested_branch_dag.py took 0.339 seconds
[2022-01-05 20:58:41,094] {processor.py:163} INFO - Started process (PID=23786) to work on /home/airflow/sandbox/lib/python3.8/site-packages/airflow/example_dags/example_nested_branch_dag.py
[2022-01-05 20:58:41,099] {processor.py:642} INFO - Processing file /home/airflow/sandbox/lib/python3.8/site-packages/airflow/example_dags/example_nested_branch_dag.py for tasks to queue
[2022-01-05 20:58:41,102] {logging_mixin.py:109} INFO - [2022-01-05 20:58:41,102] {dagbag.py:500} INFO - Filling up the DagBag from /home/airflow/sandbox/lib/python3.8/site-packages/airflow/example_dags/example_nested_branch_dag.py
[2022-01-05 20:58:41,241] {processor.py:654} INFO - DAG(s) dict_keys(['example_nested_branch_dag']) retrieved from /home/airflow/sandbox/lib/python3.8/site-packages/airflow/example_dags/example_nested_branch_dag.py
[2022-01-05 20:58:41,252] {logging_mixin.py:109} INFO - [2022-01-05 20:58:41,252] {dag.py:2396} INFO - Sync 1 DAGs
[2022-01-05 20:58:41,292] {logging_mixin.py:109} INFO - [2022-01-05 20:58:41,292] {dag.py:2935} INFO - Setting next_dagrun for example_nested_branch_dag to 2022-01-04 00:00:00+00:00
[2022-01-05 20:58:41,301] {processor.py:171} INFO - Processing /home/airflow/sandbox/lib/python3.8/site-packages/airflow/example_dags/example_nested_branch_dag.py took 0.217 seconds
[2022-01-05 20:59:11,747] {processor.py:163} INFO - Started process (PID=24027) to work on /home/airflow/sandbox/lib/python3.8/site-packages/airflow/example_dags/example_nested_branch_dag.py
[2022-01-05 20:59:11,748] {processor.py:642} INFO - Processing file /home/airflow/sandbox/lib/python3.8/site-packages/airflow/example_dags/example_nested_branch_dag.py for tasks to queue
[2022-01-05 20:59:11,749] {logging_mixin.py:109} INFO - [2022-01-05 20:59:11,748] {dagbag.py:500} INFO - Filling up the DagBag from /home/airflow/sandbox/lib/python3.8/site-packages/airflow/example_dags/example_nested_branch_dag.py
[2022-01-05 20:59:11,882] {processor.py:654} INFO - DAG(s) dict_keys(['example_nested_branch_dag']) retrieved from /home/airflow/sandbox/lib/python3.8/site-packages/airflow/example_dags/example_nested_branch_dag.py
[2022-01-05 20:59:11,902] {logging_mixin.py:109} INFO - [2022-01-05 20:59:11,901] {dag.py:2396} INFO - Sync 1 DAGs
[2022-01-05 20:59:11,950] {logging_mixin.py:109} INFO - [2022-01-05 20:59:11,950] {dag.py:2935} INFO - Setting next_dagrun for example_nested_branch_dag to 2022-01-04 00:00:00+00:00
[2022-01-05 20:59:11,991] {processor.py:171} INFO - Processing /home/airflow/sandbox/lib/python3.8/site-packages/airflow/example_dags/example_nested_branch_dag.py took 0.247 seconds
[2022-01-05 20:59:42,739] {processor.py:163} INFO - Started process (PID=24268) to work on /home/airflow/sandbox/lib/python3.8/site-packages/airflow/example_dags/example_nested_branch_dag.py
[2022-01-05 20:59:42,745] {processor.py:642} INFO - Processing file /home/airflow/sandbox/lib/python3.8/site-packages/airflow/example_dags/example_nested_branch_dag.py for tasks to queue
[2022-01-05 20:59:42,747] {logging_mixin.py:109} INFO - [2022-01-05 20:59:42,747] {dagbag.py:500} INFO - Filling up the DagBag from /home/airflow/sandbox/lib/python3.8/site-packages/airflow/example_dags/example_nested_branch_dag.py
[2022-01-05 20:59:42,835] {processor.py:654} INFO - DAG(s) dict_keys(['example_nested_branch_dag']) retrieved from /home/airflow/sandbox/lib/python3.8/site-packages/airflow/example_dags/example_nested_branch_dag.py
[2022-01-05 20:59:42,845] {logging_mixin.py:109} INFO - [2022-01-05 20:59:42,845] {dag.py:2396} INFO - Sync 1 DAGs
[2022-01-05 20:59:42,885] {logging_mixin.py:109} INFO - [2022-01-05 20:59:42,885] {dag.py:2935} INFO - Setting next_dagrun for example_nested_branch_dag to 2022-01-04 00:00:00+00:00
[2022-01-05 20:59:42,896] {processor.py:171} INFO - Processing /home/airflow/sandbox/lib/python3.8/site-packages/airflow/example_dags/example_nested_branch_dag.py took 0.170 seconds
[2022-01-05 21:00:13,413] {processor.py:163} INFO - Started process (PID=24516) to work on /home/airflow/sandbox/lib/python3.8/site-packages/airflow/example_dags/example_nested_branch_dag.py
[2022-01-05 21:00:13,414] {processor.py:642} INFO - Processing file /home/airflow/sandbox/lib/python3.8/site-packages/airflow/example_dags/example_nested_branch_dag.py for tasks to queue
[2022-01-05 21:00:13,414] {logging_mixin.py:109} INFO - [2022-01-05 21:00:13,414] {dagbag.py:500} INFO - Filling up the DagBag from /home/airflow/sandbox/lib/python3.8/site-packages/airflow/example_dags/example_nested_branch_dag.py
[2022-01-05 21:00:13,441] {processor.py:654} INFO - DAG(s) dict_keys(['example_nested_branch_dag']) retrieved from /home/airflow/sandbox/lib/python3.8/site-packages/airflow/example_dags/example_nested_branch_dag.py
[2022-01-05 21:00:13,449] {logging_mixin.py:109} INFO - [2022-01-05 21:00:13,449] {dag.py:2396} INFO - Sync 1 DAGs
[2022-01-05 21:00:13,462] {logging_mixin.py:109} INFO - [2022-01-05 21:00:13,462] {dag.py:2935} INFO - Setting next_dagrun for example_nested_branch_dag to 2022-01-04 00:00:00+00:00
[2022-01-05 21:00:13,472] {processor.py:171} INFO - Processing /home/airflow/sandbox/lib/python3.8/site-packages/airflow/example_dags/example_nested_branch_dag.py took 0.062 seconds
