[2022-01-05 20:07:21,945] {processor.py:163} INFO - Started process (PID=2519) to work on /home/airflow/sandbox/lib/python3.8/site-packages/airflow/example_dags/example_skip_dag.py
[2022-01-05 20:07:22,101] {processor.py:642} INFO - Processing file /home/airflow/sandbox/lib/python3.8/site-packages/airflow/example_dags/example_skip_dag.py for tasks to queue
[2022-01-05 20:07:22,102] {logging_mixin.py:109} INFO - [2022-01-05 20:07:22,102] {dagbag.py:500} INFO - Filling up the DagBag from /home/airflow/sandbox/lib/python3.8/site-packages/airflow/example_dags/example_skip_dag.py
[2022-01-05 20:07:22,379] {processor.py:654} INFO - DAG(s) dict_keys(['example_skip_dag']) retrieved from /home/airflow/sandbox/lib/python3.8/site-packages/airflow/example_dags/example_skip_dag.py
[2022-01-05 20:07:22,575] {logging_mixin.py:109} INFO - [2022-01-05 20:07:22,570] {dag.py:2396} INFO - Sync 1 DAGs
[2022-01-05 20:07:22,878] {logging_mixin.py:109} INFO - [2022-01-05 20:07:22,878] {dag.py:2935} INFO - Setting next_dagrun for example_skip_dag to 2022-01-04T20:07:22.878496+00:00
[2022-01-05 20:07:22,969] {processor.py:171} INFO - Processing /home/airflow/sandbox/lib/python3.8/site-packages/airflow/example_dags/example_skip_dag.py took 1.027 seconds
[2022-01-05 20:07:53,361] {processor.py:163} INFO - Started process (PID=2814) to work on /home/airflow/sandbox/lib/python3.8/site-packages/airflow/example_dags/example_skip_dag.py
[2022-01-05 20:07:53,392] {processor.py:642} INFO - Processing file /home/airflow/sandbox/lib/python3.8/site-packages/airflow/example_dags/example_skip_dag.py for tasks to queue
[2022-01-05 20:07:53,401] {logging_mixin.py:109} INFO - [2022-01-05 20:07:53,401] {dagbag.py:500} INFO - Filling up the DagBag from /home/airflow/sandbox/lib/python3.8/site-packages/airflow/example_dags/example_skip_dag.py
[2022-01-05 20:07:53,497] {processor.py:654} INFO - DAG(s) dict_keys(['example_skip_dag']) retrieved from /home/airflow/sandbox/lib/python3.8/site-packages/airflow/example_dags/example_skip_dag.py
[2022-01-05 20:07:53,532] {logging_mixin.py:109} INFO - [2022-01-05 20:07:53,531] {dag.py:2396} INFO - Sync 1 DAGs
[2022-01-05 20:07:53,561] {logging_mixin.py:109} INFO - [2022-01-05 20:07:53,561] {dag.py:2935} INFO - Setting next_dagrun for example_skip_dag to 2022-01-04T20:07:53.560194+00:00
[2022-01-05 20:07:53,592] {processor.py:171} INFO - Processing /home/airflow/sandbox/lib/python3.8/site-packages/airflow/example_dags/example_skip_dag.py took 0.239 seconds
[2022-01-05 20:08:25,164] {processor.py:163} INFO - Started process (PID=3019) to work on /home/airflow/sandbox/lib/python3.8/site-packages/airflow/example_dags/example_skip_dag.py
[2022-01-05 20:08:25,169] {processor.py:642} INFO - Processing file /home/airflow/sandbox/lib/python3.8/site-packages/airflow/example_dags/example_skip_dag.py for tasks to queue
[2022-01-05 20:08:25,171] {logging_mixin.py:109} INFO - [2022-01-05 20:08:25,171] {dagbag.py:500} INFO - Filling up the DagBag from /home/airflow/sandbox/lib/python3.8/site-packages/airflow/example_dags/example_skip_dag.py
[2022-01-05 20:08:25,451] {processor.py:654} INFO - DAG(s) dict_keys(['example_skip_dag']) retrieved from /home/airflow/sandbox/lib/python3.8/site-packages/airflow/example_dags/example_skip_dag.py
[2022-01-05 20:08:25,495] {logging_mixin.py:109} INFO - [2022-01-05 20:08:25,494] {dag.py:2396} INFO - Sync 1 DAGs
[2022-01-05 20:08:25,594] {logging_mixin.py:109} INFO - [2022-01-05 20:08:25,593] {dag.py:2935} INFO - Setting next_dagrun for example_skip_dag to 2022-01-04T20:08:25.593175+00:00
[2022-01-05 20:08:25,650] {processor.py:171} INFO - Processing /home/airflow/sandbox/lib/python3.8/site-packages/airflow/example_dags/example_skip_dag.py took 0.499 seconds
[2022-01-05 20:08:56,168] {processor.py:163} INFO - Started process (PID=3334) to work on /home/airflow/sandbox/lib/python3.8/site-packages/airflow/example_dags/example_skip_dag.py
[2022-01-05 20:08:56,170] {processor.py:642} INFO - Processing file /home/airflow/sandbox/lib/python3.8/site-packages/airflow/example_dags/example_skip_dag.py for tasks to queue
[2022-01-05 20:08:56,170] {logging_mixin.py:109} INFO - [2022-01-05 20:08:56,170] {dagbag.py:500} INFO - Filling up the DagBag from /home/airflow/sandbox/lib/python3.8/site-packages/airflow/example_dags/example_skip_dag.py
[2022-01-05 20:08:56,276] {processor.py:654} INFO - DAG(s) dict_keys(['example_skip_dag']) retrieved from /home/airflow/sandbox/lib/python3.8/site-packages/airflow/example_dags/example_skip_dag.py
[2022-01-05 20:08:56,313] {logging_mixin.py:109} INFO - [2022-01-05 20:08:56,313] {dag.py:2396} INFO - Sync 1 DAGs
[2022-01-05 20:08:56,361] {logging_mixin.py:109} INFO - [2022-01-05 20:08:56,361] {dag.py:2935} INFO - Setting next_dagrun for example_skip_dag to 2022-01-04T20:08:56.361124+00:00
[2022-01-05 20:08:56,373] {processor.py:171} INFO - Processing /home/airflow/sandbox/lib/python3.8/site-packages/airflow/example_dags/example_skip_dag.py took 0.213 seconds
[2022-01-05 20:09:32,634] {processor.py:163} INFO - Started process (PID=4192) to work on /home/airflow/sandbox/lib/python3.8/site-packages/airflow/example_dags/example_skip_dag.py
[2022-01-05 20:09:32,636] {processor.py:642} INFO - Processing file /home/airflow/sandbox/lib/python3.8/site-packages/airflow/example_dags/example_skip_dag.py for tasks to queue
[2022-01-05 20:09:32,658] {logging_mixin.py:109} INFO - [2022-01-05 20:09:32,658] {dagbag.py:500} INFO - Filling up the DagBag from /home/airflow/sandbox/lib/python3.8/site-packages/airflow/example_dags/example_skip_dag.py
[2022-01-05 20:09:33,108] {processor.py:654} INFO - DAG(s) dict_keys(['example_skip_dag']) retrieved from /home/airflow/sandbox/lib/python3.8/site-packages/airflow/example_dags/example_skip_dag.py
[2022-01-05 20:09:33,179] {logging_mixin.py:109} INFO - [2022-01-05 20:09:33,179] {dag.py:2396} INFO - Sync 1 DAGs
[2022-01-05 20:09:33,423] {logging_mixin.py:109} INFO - [2022-01-05 20:09:33,423] {dag.py:2935} INFO - Setting next_dagrun for example_skip_dag to 2022-01-04T20:09:33.422954+00:00
[2022-01-05 20:09:33,479] {processor.py:171} INFO - Processing /home/airflow/sandbox/lib/python3.8/site-packages/airflow/example_dags/example_skip_dag.py took 0.893 seconds
[2022-01-05 20:10:03,652] {processor.py:163} INFO - Started process (PID=4739) to work on /home/airflow/sandbox/lib/python3.8/site-packages/airflow/example_dags/example_skip_dag.py
[2022-01-05 20:10:03,654] {processor.py:642} INFO - Processing file /home/airflow/sandbox/lib/python3.8/site-packages/airflow/example_dags/example_skip_dag.py for tasks to queue
[2022-01-05 20:10:03,656] {logging_mixin.py:109} INFO - [2022-01-05 20:10:03,656] {dagbag.py:500} INFO - Filling up the DagBag from /home/airflow/sandbox/lib/python3.8/site-packages/airflow/example_dags/example_skip_dag.py
[2022-01-05 20:10:03,845] {processor.py:654} INFO - DAG(s) dict_keys(['example_skip_dag']) retrieved from /home/airflow/sandbox/lib/python3.8/site-packages/airflow/example_dags/example_skip_dag.py
[2022-01-05 20:10:03,892] {logging_mixin.py:109} INFO - [2022-01-05 20:10:03,892] {dag.py:2396} INFO - Sync 1 DAGs
[2022-01-05 20:10:03,942] {logging_mixin.py:109} INFO - [2022-01-05 20:10:03,942] {dag.py:2935} INFO - Setting next_dagrun for example_skip_dag to 2022-01-04T20:10:03.942259+00:00
[2022-01-05 20:10:03,963] {processor.py:171} INFO - Processing /home/airflow/sandbox/lib/python3.8/site-packages/airflow/example_dags/example_skip_dag.py took 0.317 seconds
[2022-01-05 20:10:34,055] {processor.py:163} INFO - Started process (PID=4830) to work on /home/airflow/sandbox/lib/python3.8/site-packages/airflow/example_dags/example_skip_dag.py
[2022-01-05 20:10:34,057] {processor.py:642} INFO - Processing file /home/airflow/sandbox/lib/python3.8/site-packages/airflow/example_dags/example_skip_dag.py for tasks to queue
[2022-01-05 20:10:34,059] {logging_mixin.py:109} INFO - [2022-01-05 20:10:34,059] {dagbag.py:500} INFO - Filling up the DagBag from /home/airflow/sandbox/lib/python3.8/site-packages/airflow/example_dags/example_skip_dag.py
[2022-01-05 20:10:34,154] {processor.py:654} INFO - DAG(s) dict_keys(['example_skip_dag']) retrieved from /home/airflow/sandbox/lib/python3.8/site-packages/airflow/example_dags/example_skip_dag.py
[2022-01-05 20:10:34,184] {logging_mixin.py:109} INFO - [2022-01-05 20:10:34,184] {dag.py:2396} INFO - Sync 1 DAGs
[2022-01-05 20:10:34,205] {logging_mixin.py:109} INFO - [2022-01-05 20:10:34,204] {dag.py:2935} INFO - Setting next_dagrun for example_skip_dag to 2022-01-04T20:10:34.204200+00:00
[2022-01-05 20:10:34,236] {processor.py:171} INFO - Processing /home/airflow/sandbox/lib/python3.8/site-packages/airflow/example_dags/example_skip_dag.py took 0.185 seconds
[2022-01-05 20:11:04,972] {processor.py:163} INFO - Started process (PID=5008) to work on /home/airflow/sandbox/lib/python3.8/site-packages/airflow/example_dags/example_skip_dag.py
[2022-01-05 20:11:04,973] {processor.py:642} INFO - Processing file /home/airflow/sandbox/lib/python3.8/site-packages/airflow/example_dags/example_skip_dag.py for tasks to queue
[2022-01-05 20:11:04,974] {logging_mixin.py:109} INFO - [2022-01-05 20:11:04,973] {dagbag.py:500} INFO - Filling up the DagBag from /home/airflow/sandbox/lib/python3.8/site-packages/airflow/example_dags/example_skip_dag.py
[2022-01-05 20:11:05,038] {processor.py:654} INFO - DAG(s) dict_keys(['example_skip_dag']) retrieved from /home/airflow/sandbox/lib/python3.8/site-packages/airflow/example_dags/example_skip_dag.py
[2022-01-05 20:11:05,071] {logging_mixin.py:109} INFO - [2022-01-05 20:11:05,070] {dag.py:2396} INFO - Sync 1 DAGs
[2022-01-05 20:11:05,097] {logging_mixin.py:109} INFO - [2022-01-05 20:11:05,097] {dag.py:2935} INFO - Setting next_dagrun for example_skip_dag to 2022-01-04T20:11:05.096427+00:00
[2022-01-05 20:11:05,133] {processor.py:171} INFO - Processing /home/airflow/sandbox/lib/python3.8/site-packages/airflow/example_dags/example_skip_dag.py took 0.185 seconds
[2022-01-05 20:11:36,139] {processor.py:163} INFO - Started process (PID=5101) to work on /home/airflow/sandbox/lib/python3.8/site-packages/airflow/example_dags/example_skip_dag.py
[2022-01-05 20:11:36,144] {processor.py:642} INFO - Processing file /home/airflow/sandbox/lib/python3.8/site-packages/airflow/example_dags/example_skip_dag.py for tasks to queue
[2022-01-05 20:11:36,149] {logging_mixin.py:109} INFO - [2022-01-05 20:11:36,149] {dagbag.py:500} INFO - Filling up the DagBag from /home/airflow/sandbox/lib/python3.8/site-packages/airflow/example_dags/example_skip_dag.py
[2022-01-05 20:11:36,332] {processor.py:654} INFO - DAG(s) dict_keys(['example_skip_dag']) retrieved from /home/airflow/sandbox/lib/python3.8/site-packages/airflow/example_dags/example_skip_dag.py
[2022-01-05 20:11:36,376] {logging_mixin.py:109} INFO - [2022-01-05 20:11:36,376] {dag.py:2396} INFO - Sync 1 DAGs
[2022-01-05 20:11:36,476] {logging_mixin.py:109} INFO - [2022-01-05 20:11:36,475] {dag.py:2935} INFO - Setting next_dagrun for example_skip_dag to 2022-01-04T20:11:36.475197+00:00
[2022-01-05 20:11:36,546] {processor.py:171} INFO - Processing /home/airflow/sandbox/lib/python3.8/site-packages/airflow/example_dags/example_skip_dag.py took 0.420 seconds
[2022-01-05 20:12:07,293] {processor.py:163} INFO - Started process (PID=5211) to work on /home/airflow/sandbox/lib/python3.8/site-packages/airflow/example_dags/example_skip_dag.py
[2022-01-05 20:12:07,314] {processor.py:642} INFO - Processing file /home/airflow/sandbox/lib/python3.8/site-packages/airflow/example_dags/example_skip_dag.py for tasks to queue
[2022-01-05 20:12:07,316] {logging_mixin.py:109} INFO - [2022-01-05 20:12:07,316] {dagbag.py:500} INFO - Filling up the DagBag from /home/airflow/sandbox/lib/python3.8/site-packages/airflow/example_dags/example_skip_dag.py
[2022-01-05 20:12:07,466] {processor.py:654} INFO - DAG(s) dict_keys(['example_skip_dag']) retrieved from /home/airflow/sandbox/lib/python3.8/site-packages/airflow/example_dags/example_skip_dag.py
[2022-01-05 20:12:07,515] {logging_mixin.py:109} INFO - [2022-01-05 20:12:07,515] {dag.py:2396} INFO - Sync 1 DAGs
[2022-01-05 20:12:07,589] {logging_mixin.py:109} INFO - [2022-01-05 20:12:07,588] {dag.py:2935} INFO - Setting next_dagrun for example_skip_dag to 2022-01-04T20:12:07.588669+00:00
[2022-01-05 20:12:07,679] {processor.py:171} INFO - Processing /home/airflow/sandbox/lib/python3.8/site-packages/airflow/example_dags/example_skip_dag.py took 0.441 seconds
[2022-01-05 20:12:38,509] {processor.py:163} INFO - Started process (PID=5328) to work on /home/airflow/sandbox/lib/python3.8/site-packages/airflow/example_dags/example_skip_dag.py
[2022-01-05 20:12:38,514] {processor.py:642} INFO - Processing file /home/airflow/sandbox/lib/python3.8/site-packages/airflow/example_dags/example_skip_dag.py for tasks to queue
[2022-01-05 20:12:38,515] {logging_mixin.py:109} INFO - [2022-01-05 20:12:38,515] {dagbag.py:500} INFO - Filling up the DagBag from /home/airflow/sandbox/lib/python3.8/site-packages/airflow/example_dags/example_skip_dag.py
[2022-01-05 20:12:38,643] {processor.py:654} INFO - DAG(s) dict_keys(['example_skip_dag']) retrieved from /home/airflow/sandbox/lib/python3.8/site-packages/airflow/example_dags/example_skip_dag.py
[2022-01-05 20:12:38,682] {logging_mixin.py:109} INFO - [2022-01-05 20:12:38,682] {dag.py:2396} INFO - Sync 1 DAGs
[2022-01-05 20:12:38,838] {logging_mixin.py:109} INFO - [2022-01-05 20:12:38,838] {dag.py:2935} INFO - Setting next_dagrun for example_skip_dag to 2022-01-04T20:12:38.834754+00:00
[2022-01-05 20:12:38,923] {processor.py:171} INFO - Processing /home/airflow/sandbox/lib/python3.8/site-packages/airflow/example_dags/example_skip_dag.py took 0.436 seconds
[2022-01-05 20:28:18,856] {processor.py:163} INFO - Started process (PID=7132) to work on /home/airflow/sandbox/lib/python3.8/site-packages/airflow/example_dags/example_skip_dag.py
[2022-01-05 20:28:18,943] {processor.py:642} INFO - Processing file /home/airflow/sandbox/lib/python3.8/site-packages/airflow/example_dags/example_skip_dag.py for tasks to queue
[2022-01-05 20:28:18,948] {logging_mixin.py:109} INFO - [2022-01-05 20:28:18,948] {dagbag.py:500} INFO - Filling up the DagBag from /home/airflow/sandbox/lib/python3.8/site-packages/airflow/example_dags/example_skip_dag.py
[2022-01-05 20:28:19,109] {processor.py:654} INFO - DAG(s) dict_keys(['example_skip_dag']) retrieved from /home/airflow/sandbox/lib/python3.8/site-packages/airflow/example_dags/example_skip_dag.py
[2022-01-05 20:28:19,185] {logging_mixin.py:109} INFO - [2022-01-05 20:28:19,184] {dag.py:2396} INFO - Sync 1 DAGs
[2022-01-05 20:28:19,303] {logging_mixin.py:109} INFO - [2022-01-05 20:28:19,303] {dag.py:2935} INFO - Setting next_dagrun for example_skip_dag to 2022-01-04T20:28:19.303089+00:00
[2022-01-05 20:28:19,405] {processor.py:171} INFO - Processing /home/airflow/sandbox/lib/python3.8/site-packages/airflow/example_dags/example_skip_dag.py took 0.554 seconds
[2022-01-05 20:29:08,161] {processor.py:163} INFO - Started process (PID=7612) to work on /home/airflow/sandbox/lib/python3.8/site-packages/airflow/example_dags/example_skip_dag.py
[2022-01-05 20:29:08,352] {processor.py:642} INFO - Processing file /home/airflow/sandbox/lib/python3.8/site-packages/airflow/example_dags/example_skip_dag.py for tasks to queue
[2022-01-05 20:29:08,353] {logging_mixin.py:109} INFO - [2022-01-05 20:29:08,353] {dagbag.py:500} INFO - Filling up the DagBag from /home/airflow/sandbox/lib/python3.8/site-packages/airflow/example_dags/example_skip_dag.py
[2022-01-05 20:29:08,643] {processor.py:654} INFO - DAG(s) dict_keys(['example_skip_dag']) retrieved from /home/airflow/sandbox/lib/python3.8/site-packages/airflow/example_dags/example_skip_dag.py
[2022-01-05 20:29:08,907] {logging_mixin.py:109} INFO - [2022-01-05 20:29:08,907] {dag.py:2396} INFO - Sync 1 DAGs
[2022-01-05 20:29:09,144] {logging_mixin.py:109} INFO - [2022-01-05 20:29:09,143] {dag.py:2935} INFO - Setting next_dagrun for example_skip_dag to 2022-01-04T20:29:09.143509+00:00
[2022-01-05 20:29:09,290] {processor.py:171} INFO - Processing /home/airflow/sandbox/lib/python3.8/site-packages/airflow/example_dags/example_skip_dag.py took 1.149 seconds
[2022-01-05 20:29:39,910] {processor.py:163} INFO - Started process (PID=7848) to work on /home/airflow/sandbox/lib/python3.8/site-packages/airflow/example_dags/example_skip_dag.py
[2022-01-05 20:29:39,912] {processor.py:642} INFO - Processing file /home/airflow/sandbox/lib/python3.8/site-packages/airflow/example_dags/example_skip_dag.py for tasks to queue
[2022-01-05 20:29:39,932] {logging_mixin.py:109} INFO - [2022-01-05 20:29:39,932] {dagbag.py:500} INFO - Filling up the DagBag from /home/airflow/sandbox/lib/python3.8/site-packages/airflow/example_dags/example_skip_dag.py
[2022-01-05 20:29:40,034] {processor.py:654} INFO - DAG(s) dict_keys(['example_skip_dag']) retrieved from /home/airflow/sandbox/lib/python3.8/site-packages/airflow/example_dags/example_skip_dag.py
[2022-01-05 20:29:40,048] {logging_mixin.py:109} INFO - [2022-01-05 20:29:40,048] {dag.py:2396} INFO - Sync 1 DAGs
[2022-01-05 20:29:40,085] {logging_mixin.py:109} INFO - [2022-01-05 20:29:40,085] {dag.py:2935} INFO - Setting next_dagrun for example_skip_dag to 2022-01-04T20:29:40.084633+00:00
[2022-01-05 20:29:40,103] {processor.py:171} INFO - Processing /home/airflow/sandbox/lib/python3.8/site-packages/airflow/example_dags/example_skip_dag.py took 0.195 seconds
[2022-01-05 20:30:10,253] {processor.py:163} INFO - Started process (PID=8153) to work on /home/airflow/sandbox/lib/python3.8/site-packages/airflow/example_dags/example_skip_dag.py
[2022-01-05 20:30:10,257] {processor.py:642} INFO - Processing file /home/airflow/sandbox/lib/python3.8/site-packages/airflow/example_dags/example_skip_dag.py for tasks to queue
[2022-01-05 20:30:10,273] {logging_mixin.py:109} INFO - [2022-01-05 20:30:10,273] {dagbag.py:500} INFO - Filling up the DagBag from /home/airflow/sandbox/lib/python3.8/site-packages/airflow/example_dags/example_skip_dag.py
[2022-01-05 20:30:10,357] {processor.py:654} INFO - DAG(s) dict_keys(['example_skip_dag']) retrieved from /home/airflow/sandbox/lib/python3.8/site-packages/airflow/example_dags/example_skip_dag.py
[2022-01-05 20:30:10,387] {logging_mixin.py:109} INFO - [2022-01-05 20:30:10,387] {dag.py:2396} INFO - Sync 1 DAGs
[2022-01-05 20:30:10,454] {logging_mixin.py:109} INFO - [2022-01-05 20:30:10,454] {dag.py:2935} INFO - Setting next_dagrun for example_skip_dag to 2022-01-04T20:30:10.453530+00:00
[2022-01-05 20:30:10,499] {processor.py:171} INFO - Processing /home/airflow/sandbox/lib/python3.8/site-packages/airflow/example_dags/example_skip_dag.py took 0.249 seconds
[2022-01-05 20:30:42,679] {processor.py:163} INFO - Started process (PID=8484) to work on /home/airflow/sandbox/lib/python3.8/site-packages/airflow/example_dags/example_skip_dag.py
[2022-01-05 20:30:42,680] {processor.py:642} INFO - Processing file /home/airflow/sandbox/lib/python3.8/site-packages/airflow/example_dags/example_skip_dag.py for tasks to queue
[2022-01-05 20:30:42,684] {logging_mixin.py:109} INFO - [2022-01-05 20:30:42,684] {dagbag.py:500} INFO - Filling up the DagBag from /home/airflow/sandbox/lib/python3.8/site-packages/airflow/example_dags/example_skip_dag.py
[2022-01-05 20:30:42,901] {processor.py:654} INFO - DAG(s) dict_keys(['example_skip_dag']) retrieved from /home/airflow/sandbox/lib/python3.8/site-packages/airflow/example_dags/example_skip_dag.py
[2022-01-05 20:30:42,935] {logging_mixin.py:109} INFO - [2022-01-05 20:30:42,935] {dag.py:2396} INFO - Sync 1 DAGs
[2022-01-05 20:30:43,081] {logging_mixin.py:109} INFO - [2022-01-05 20:30:43,081] {dag.py:2935} INFO - Setting next_dagrun for example_skip_dag to 2022-01-04T20:30:43.074486+00:00
[2022-01-05 20:30:43,151] {processor.py:171} INFO - Processing /home/airflow/sandbox/lib/python3.8/site-packages/airflow/example_dags/example_skip_dag.py took 0.503 seconds
[2022-01-05 20:31:18,043] {processor.py:163} INFO - Started process (PID=8944) to work on /home/airflow/sandbox/lib/python3.8/site-packages/airflow/example_dags/example_skip_dag.py
[2022-01-05 20:31:18,044] {processor.py:642} INFO - Processing file /home/airflow/sandbox/lib/python3.8/site-packages/airflow/example_dags/example_skip_dag.py for tasks to queue
[2022-01-05 20:31:18,044] {logging_mixin.py:109} INFO - [2022-01-05 20:31:18,044] {dagbag.py:500} INFO - Filling up the DagBag from /home/airflow/sandbox/lib/python3.8/site-packages/airflow/example_dags/example_skip_dag.py
[2022-01-05 20:31:18,131] {processor.py:654} INFO - DAG(s) dict_keys(['example_skip_dag']) retrieved from /home/airflow/sandbox/lib/python3.8/site-packages/airflow/example_dags/example_skip_dag.py
[2022-01-05 20:31:18,168] {logging_mixin.py:109} INFO - [2022-01-05 20:31:18,168] {dag.py:2396} INFO - Sync 1 DAGs
[2022-01-05 20:31:18,185] {logging_mixin.py:109} INFO - [2022-01-05 20:31:18,185] {dag.py:2935} INFO - Setting next_dagrun for example_skip_dag to 2022-01-04T20:31:18.185328+00:00
[2022-01-05 20:31:18,221] {processor.py:171} INFO - Processing /home/airflow/sandbox/lib/python3.8/site-packages/airflow/example_dags/example_skip_dag.py took 0.181 seconds
[2022-01-05 20:31:50,889] {processor.py:163} INFO - Started process (PID=9309) to work on /home/airflow/sandbox/lib/python3.8/site-packages/airflow/example_dags/example_skip_dag.py
[2022-01-05 20:31:50,991] {processor.py:642} INFO - Processing file /home/airflow/sandbox/lib/python3.8/site-packages/airflow/example_dags/example_skip_dag.py for tasks to queue
[2022-01-05 20:31:51,014] {logging_mixin.py:109} INFO - [2022-01-05 20:31:51,014] {dagbag.py:500} INFO - Filling up the DagBag from /home/airflow/sandbox/lib/python3.8/site-packages/airflow/example_dags/example_skip_dag.py
[2022-01-05 20:31:51,329] {processor.py:654} INFO - DAG(s) dict_keys(['example_skip_dag']) retrieved from /home/airflow/sandbox/lib/python3.8/site-packages/airflow/example_dags/example_skip_dag.py
[2022-01-05 20:31:51,964] {logging_mixin.py:109} INFO - [2022-01-05 20:31:51,964] {dag.py:2396} INFO - Sync 1 DAGs
[2022-01-05 20:31:52,275] {logging_mixin.py:109} INFO - [2022-01-05 20:31:52,275] {dag.py:2935} INFO - Setting next_dagrun for example_skip_dag to 2022-01-04T20:31:52.275042+00:00
[2022-01-05 20:31:52,367] {processor.py:171} INFO - Processing /home/airflow/sandbox/lib/python3.8/site-packages/airflow/example_dags/example_skip_dag.py took 1.480 seconds
[2022-01-05 20:32:22,483] {processor.py:163} INFO - Started process (PID=10028) to work on /home/airflow/sandbox/lib/python3.8/site-packages/airflow/example_dags/example_skip_dag.py
[2022-01-05 20:32:22,517] {processor.py:642} INFO - Processing file /home/airflow/sandbox/lib/python3.8/site-packages/airflow/example_dags/example_skip_dag.py for tasks to queue
[2022-01-05 20:32:22,534] {logging_mixin.py:109} INFO - [2022-01-05 20:32:22,530] {dagbag.py:500} INFO - Filling up the DagBag from /home/airflow/sandbox/lib/python3.8/site-packages/airflow/example_dags/example_skip_dag.py
[2022-01-05 20:32:22,823] {processor.py:654} INFO - DAG(s) dict_keys(['example_skip_dag']) retrieved from /home/airflow/sandbox/lib/python3.8/site-packages/airflow/example_dags/example_skip_dag.py
[2022-01-05 20:32:22,921] {logging_mixin.py:109} INFO - [2022-01-05 20:32:22,921] {dag.py:2396} INFO - Sync 1 DAGs
[2022-01-05 20:32:23,033] {logging_mixin.py:109} INFO - [2022-01-05 20:32:23,032] {dag.py:2935} INFO - Setting next_dagrun for example_skip_dag to 2022-01-04T20:32:23.032281+00:00
[2022-01-05 20:32:23,074] {processor.py:171} INFO - Processing /home/airflow/sandbox/lib/python3.8/site-packages/airflow/example_dags/example_skip_dag.py took 0.601 seconds
[2022-01-05 20:32:53,972] {processor.py:163} INFO - Started process (PID=10757) to work on /home/airflow/sandbox/lib/python3.8/site-packages/airflow/example_dags/example_skip_dag.py
[2022-01-05 20:32:53,975] {processor.py:642} INFO - Processing file /home/airflow/sandbox/lib/python3.8/site-packages/airflow/example_dags/example_skip_dag.py for tasks to queue
[2022-01-05 20:32:53,980] {logging_mixin.py:109} INFO - [2022-01-05 20:32:53,980] {dagbag.py:500} INFO - Filling up the DagBag from /home/airflow/sandbox/lib/python3.8/site-packages/airflow/example_dags/example_skip_dag.py
[2022-01-05 20:32:54,376] {processor.py:654} INFO - DAG(s) dict_keys(['example_skip_dag']) retrieved from /home/airflow/sandbox/lib/python3.8/site-packages/airflow/example_dags/example_skip_dag.py
[2022-01-05 20:32:54,715] {logging_mixin.py:109} INFO - [2022-01-05 20:32:54,715] {dag.py:2396} INFO - Sync 1 DAGs
[2022-01-05 20:32:54,772] {logging_mixin.py:109} INFO - [2022-01-05 20:32:54,772] {dag.py:2935} INFO - Setting next_dagrun for example_skip_dag to 2022-01-04T20:32:54.771896+00:00
[2022-01-05 20:32:54,914] {processor.py:171} INFO - Processing /home/airflow/sandbox/lib/python3.8/site-packages/airflow/example_dags/example_skip_dag.py took 0.948 seconds
[2022-01-05 20:33:25,262] {processor.py:163} INFO - Started process (PID=11405) to work on /home/airflow/sandbox/lib/python3.8/site-packages/airflow/example_dags/example_skip_dag.py
[2022-01-05 20:33:25,265] {processor.py:642} INFO - Processing file /home/airflow/sandbox/lib/python3.8/site-packages/airflow/example_dags/example_skip_dag.py for tasks to queue
[2022-01-05 20:33:25,267] {logging_mixin.py:109} INFO - [2022-01-05 20:33:25,266] {dagbag.py:500} INFO - Filling up the DagBag from /home/airflow/sandbox/lib/python3.8/site-packages/airflow/example_dags/example_skip_dag.py
[2022-01-05 20:33:25,408] {processor.py:654} INFO - DAG(s) dict_keys(['example_skip_dag']) retrieved from /home/airflow/sandbox/lib/python3.8/site-packages/airflow/example_dags/example_skip_dag.py
[2022-01-05 20:33:25,430] {logging_mixin.py:109} INFO - [2022-01-05 20:33:25,430] {dag.py:2396} INFO - Sync 1 DAGs
[2022-01-05 20:33:25,479] {logging_mixin.py:109} INFO - [2022-01-05 20:33:25,479] {dag.py:2935} INFO - Setting next_dagrun for example_skip_dag to 2022-01-04T20:33:25.479332+00:00
[2022-01-05 20:33:25,516] {processor.py:171} INFO - Processing /home/airflow/sandbox/lib/python3.8/site-packages/airflow/example_dags/example_skip_dag.py took 0.290 seconds
[2022-01-05 20:33:56,357] {processor.py:163} INFO - Started process (PID=11707) to work on /home/airflow/sandbox/lib/python3.8/site-packages/airflow/example_dags/example_skip_dag.py
[2022-01-05 20:33:56,361] {processor.py:642} INFO - Processing file /home/airflow/sandbox/lib/python3.8/site-packages/airflow/example_dags/example_skip_dag.py for tasks to queue
[2022-01-05 20:33:56,362] {logging_mixin.py:109} INFO - [2022-01-05 20:33:56,362] {dagbag.py:500} INFO - Filling up the DagBag from /home/airflow/sandbox/lib/python3.8/site-packages/airflow/example_dags/example_skip_dag.py
[2022-01-05 20:33:56,454] {processor.py:654} INFO - DAG(s) dict_keys(['example_skip_dag']) retrieved from /home/airflow/sandbox/lib/python3.8/site-packages/airflow/example_dags/example_skip_dag.py
[2022-01-05 20:33:56,502] {logging_mixin.py:109} INFO - [2022-01-05 20:33:56,502] {dag.py:2396} INFO - Sync 1 DAGs
[2022-01-05 20:33:56,523] {logging_mixin.py:109} INFO - [2022-01-05 20:33:56,523] {dag.py:2935} INFO - Setting next_dagrun for example_skip_dag to 2022-01-04T20:33:56.522651+00:00
[2022-01-05 20:33:56,554] {processor.py:171} INFO - Processing /home/airflow/sandbox/lib/python3.8/site-packages/airflow/example_dags/example_skip_dag.py took 0.201 seconds
[2022-01-05 20:34:26,612] {processor.py:163} INFO - Started process (PID=11949) to work on /home/airflow/sandbox/lib/python3.8/site-packages/airflow/example_dags/example_skip_dag.py
[2022-01-05 20:34:26,618] {processor.py:642} INFO - Processing file /home/airflow/sandbox/lib/python3.8/site-packages/airflow/example_dags/example_skip_dag.py for tasks to queue
[2022-01-05 20:34:26,622] {logging_mixin.py:109} INFO - [2022-01-05 20:34:26,621] {dagbag.py:500} INFO - Filling up the DagBag from /home/airflow/sandbox/lib/python3.8/site-packages/airflow/example_dags/example_skip_dag.py
[2022-01-05 20:34:26,696] {processor.py:654} INFO - DAG(s) dict_keys(['example_skip_dag']) retrieved from /home/airflow/sandbox/lib/python3.8/site-packages/airflow/example_dags/example_skip_dag.py
[2022-01-05 20:34:26,708] {logging_mixin.py:109} INFO - [2022-01-05 20:34:26,708] {dag.py:2396} INFO - Sync 1 DAGs
[2022-01-05 20:34:26,753] {logging_mixin.py:109} INFO - [2022-01-05 20:34:26,753] {dag.py:2935} INFO - Setting next_dagrun for example_skip_dag to 2022-01-04T20:34:26.753412+00:00
[2022-01-05 20:34:26,768] {processor.py:171} INFO - Processing /home/airflow/sandbox/lib/python3.8/site-packages/airflow/example_dags/example_skip_dag.py took 0.165 seconds
[2022-01-05 20:34:57,870] {processor.py:163} INFO - Started process (PID=12188) to work on /home/airflow/sandbox/lib/python3.8/site-packages/airflow/example_dags/example_skip_dag.py
[2022-01-05 20:34:57,872] {processor.py:642} INFO - Processing file /home/airflow/sandbox/lib/python3.8/site-packages/airflow/example_dags/example_skip_dag.py for tasks to queue
[2022-01-05 20:34:57,889] {logging_mixin.py:109} INFO - [2022-01-05 20:34:57,888] {dagbag.py:500} INFO - Filling up the DagBag from /home/airflow/sandbox/lib/python3.8/site-packages/airflow/example_dags/example_skip_dag.py
[2022-01-05 20:34:57,959] {processor.py:654} INFO - DAG(s) dict_keys(['example_skip_dag']) retrieved from /home/airflow/sandbox/lib/python3.8/site-packages/airflow/example_dags/example_skip_dag.py
[2022-01-05 20:34:57,990] {logging_mixin.py:109} INFO - [2022-01-05 20:34:57,989] {dag.py:2396} INFO - Sync 1 DAGs
[2022-01-05 20:34:58,017] {logging_mixin.py:109} INFO - [2022-01-05 20:34:58,017] {dag.py:2935} INFO - Setting next_dagrun for example_skip_dag to 2022-01-04T20:34:58.017116+00:00
[2022-01-05 20:34:58,091] {processor.py:171} INFO - Processing /home/airflow/sandbox/lib/python3.8/site-packages/airflow/example_dags/example_skip_dag.py took 0.232 seconds
[2022-01-05 20:35:29,751] {processor.py:163} INFO - Started process (PID=12439) to work on /home/airflow/sandbox/lib/python3.8/site-packages/airflow/example_dags/example_skip_dag.py
[2022-01-05 20:35:29,752] {processor.py:642} INFO - Processing file /home/airflow/sandbox/lib/python3.8/site-packages/airflow/example_dags/example_skip_dag.py for tasks to queue
[2022-01-05 20:35:29,762] {logging_mixin.py:109} INFO - [2022-01-05 20:35:29,761] {dagbag.py:500} INFO - Filling up the DagBag from /home/airflow/sandbox/lib/python3.8/site-packages/airflow/example_dags/example_skip_dag.py
[2022-01-05 20:35:29,950] {processor.py:654} INFO - DAG(s) dict_keys(['example_skip_dag']) retrieved from /home/airflow/sandbox/lib/python3.8/site-packages/airflow/example_dags/example_skip_dag.py
[2022-01-05 20:35:29,988] {logging_mixin.py:109} INFO - [2022-01-05 20:35:29,988] {dag.py:2396} INFO - Sync 1 DAGs
[2022-01-05 20:35:30,068] {logging_mixin.py:109} INFO - [2022-01-05 20:35:30,067] {dag.py:2935} INFO - Setting next_dagrun for example_skip_dag to 2022-01-04T20:35:30.067233+00:00
[2022-01-05 20:35:30,146] {processor.py:171} INFO - Processing /home/airflow/sandbox/lib/python3.8/site-packages/airflow/example_dags/example_skip_dag.py took 0.399 seconds
[2022-01-05 20:36:00,943] {processor.py:163} INFO - Started process (PID=12680) to work on /home/airflow/sandbox/lib/python3.8/site-packages/airflow/example_dags/example_skip_dag.py
[2022-01-05 20:36:00,946] {processor.py:642} INFO - Processing file /home/airflow/sandbox/lib/python3.8/site-packages/airflow/example_dags/example_skip_dag.py for tasks to queue
[2022-01-05 20:36:00,947] {logging_mixin.py:109} INFO - [2022-01-05 20:36:00,947] {dagbag.py:500} INFO - Filling up the DagBag from /home/airflow/sandbox/lib/python3.8/site-packages/airflow/example_dags/example_skip_dag.py
[2022-01-05 20:36:01,109] {processor.py:654} INFO - DAG(s) dict_keys(['example_skip_dag']) retrieved from /home/airflow/sandbox/lib/python3.8/site-packages/airflow/example_dags/example_skip_dag.py
[2022-01-05 20:36:01,187] {logging_mixin.py:109} INFO - [2022-01-05 20:36:01,187] {dag.py:2396} INFO - Sync 1 DAGs
[2022-01-05 20:36:01,289] {logging_mixin.py:109} INFO - [2022-01-05 20:36:01,289] {dag.py:2935} INFO - Setting next_dagrun for example_skip_dag to 2022-01-04T20:36:01.287373+00:00
[2022-01-05 20:36:01,307] {processor.py:171} INFO - Processing /home/airflow/sandbox/lib/python3.8/site-packages/airflow/example_dags/example_skip_dag.py took 0.370 seconds
[2022-01-05 20:36:32,392] {processor.py:163} INFO - Started process (PID=12921) to work on /home/airflow/sandbox/lib/python3.8/site-packages/airflow/example_dags/example_skip_dag.py
[2022-01-05 20:36:32,396] {processor.py:642} INFO - Processing file /home/airflow/sandbox/lib/python3.8/site-packages/airflow/example_dags/example_skip_dag.py for tasks to queue
[2022-01-05 20:36:32,396] {logging_mixin.py:109} INFO - [2022-01-05 20:36:32,396] {dagbag.py:500} INFO - Filling up the DagBag from /home/airflow/sandbox/lib/python3.8/site-packages/airflow/example_dags/example_skip_dag.py
[2022-01-05 20:36:32,548] {processor.py:654} INFO - DAG(s) dict_keys(['example_skip_dag']) retrieved from /home/airflow/sandbox/lib/python3.8/site-packages/airflow/example_dags/example_skip_dag.py
[2022-01-05 20:36:32,583] {logging_mixin.py:109} INFO - [2022-01-05 20:36:32,583] {dag.py:2396} INFO - Sync 1 DAGs
[2022-01-05 20:36:32,603] {logging_mixin.py:109} INFO - [2022-01-05 20:36:32,603] {dag.py:2935} INFO - Setting next_dagrun for example_skip_dag to 2022-01-04T20:36:32.603151+00:00
[2022-01-05 20:36:32,654] {processor.py:171} INFO - Processing /home/airflow/sandbox/lib/python3.8/site-packages/airflow/example_dags/example_skip_dag.py took 0.269 seconds
[2022-01-05 20:37:02,853] {processor.py:163} INFO - Started process (PID=13154) to work on /home/airflow/sandbox/lib/python3.8/site-packages/airflow/example_dags/example_skip_dag.py
[2022-01-05 20:37:02,860] {processor.py:642} INFO - Processing file /home/airflow/sandbox/lib/python3.8/site-packages/airflow/example_dags/example_skip_dag.py for tasks to queue
[2022-01-05 20:37:02,861] {logging_mixin.py:109} INFO - [2022-01-05 20:37:02,861] {dagbag.py:500} INFO - Filling up the DagBag from /home/airflow/sandbox/lib/python3.8/site-packages/airflow/example_dags/example_skip_dag.py
[2022-01-05 20:37:03,030] {processor.py:654} INFO - DAG(s) dict_keys(['example_skip_dag']) retrieved from /home/airflow/sandbox/lib/python3.8/site-packages/airflow/example_dags/example_skip_dag.py
[2022-01-05 20:37:03,045] {logging_mixin.py:109} INFO - [2022-01-05 20:37:03,045] {dag.py:2396} INFO - Sync 1 DAGs
[2022-01-05 20:37:03,095] {logging_mixin.py:109} INFO - [2022-01-05 20:37:03,095] {dag.py:2935} INFO - Setting next_dagrun for example_skip_dag to 2022-01-04T20:37:03.094777+00:00
[2022-01-05 20:37:03,139] {processor.py:171} INFO - Processing /home/airflow/sandbox/lib/python3.8/site-packages/airflow/example_dags/example_skip_dag.py took 0.295 seconds
[2022-01-05 20:37:33,345] {processor.py:163} INFO - Started process (PID=13396) to work on /home/airflow/sandbox/lib/python3.8/site-packages/airflow/example_dags/example_skip_dag.py
[2022-01-05 20:37:33,348] {processor.py:642} INFO - Processing file /home/airflow/sandbox/lib/python3.8/site-packages/airflow/example_dags/example_skip_dag.py for tasks to queue
[2022-01-05 20:37:33,350] {logging_mixin.py:109} INFO - [2022-01-05 20:37:33,350] {dagbag.py:500} INFO - Filling up the DagBag from /home/airflow/sandbox/lib/python3.8/site-packages/airflow/example_dags/example_skip_dag.py
[2022-01-05 20:37:33,489] {processor.py:654} INFO - DAG(s) dict_keys(['example_skip_dag']) retrieved from /home/airflow/sandbox/lib/python3.8/site-packages/airflow/example_dags/example_skip_dag.py
[2022-01-05 20:37:33,528] {logging_mixin.py:109} INFO - [2022-01-05 20:37:33,527] {dag.py:2396} INFO - Sync 1 DAGs
[2022-01-05 20:37:33,586] {logging_mixin.py:109} INFO - [2022-01-05 20:37:33,586] {dag.py:2935} INFO - Setting next_dagrun for example_skip_dag to 2022-01-04T20:37:33.585915+00:00
[2022-01-05 20:37:33,628] {processor.py:171} INFO - Processing /home/airflow/sandbox/lib/python3.8/site-packages/airflow/example_dags/example_skip_dag.py took 0.293 seconds
[2022-01-05 20:38:04,158] {processor.py:163} INFO - Started process (PID=13636) to work on /home/airflow/sandbox/lib/python3.8/site-packages/airflow/example_dags/example_skip_dag.py
[2022-01-05 20:38:04,177] {processor.py:642} INFO - Processing file /home/airflow/sandbox/lib/python3.8/site-packages/airflow/example_dags/example_skip_dag.py for tasks to queue
[2022-01-05 20:38:04,181] {logging_mixin.py:109} INFO - [2022-01-05 20:38:04,180] {dagbag.py:500} INFO - Filling up the DagBag from /home/airflow/sandbox/lib/python3.8/site-packages/airflow/example_dags/example_skip_dag.py
[2022-01-05 20:38:04,335] {processor.py:654} INFO - DAG(s) dict_keys(['example_skip_dag']) retrieved from /home/airflow/sandbox/lib/python3.8/site-packages/airflow/example_dags/example_skip_dag.py
[2022-01-05 20:38:04,397] {logging_mixin.py:109} INFO - [2022-01-05 20:38:04,397] {dag.py:2396} INFO - Sync 1 DAGs
[2022-01-05 20:38:04,447] {logging_mixin.py:109} INFO - [2022-01-05 20:38:04,446] {dag.py:2935} INFO - Setting next_dagrun for example_skip_dag to 2022-01-04T20:38:04.446079+00:00
[2022-01-05 20:38:04,482] {processor.py:171} INFO - Processing /home/airflow/sandbox/lib/python3.8/site-packages/airflow/example_dags/example_skip_dag.py took 0.331 seconds
[2022-01-05 20:38:34,944] {processor.py:163} INFO - Started process (PID=13949) to work on /home/airflow/sandbox/lib/python3.8/site-packages/airflow/example_dags/example_skip_dag.py
[2022-01-05 20:38:34,945] {processor.py:642} INFO - Processing file /home/airflow/sandbox/lib/python3.8/site-packages/airflow/example_dags/example_skip_dag.py for tasks to queue
[2022-01-05 20:38:34,946] {logging_mixin.py:109} INFO - [2022-01-05 20:38:34,946] {dagbag.py:500} INFO - Filling up the DagBag from /home/airflow/sandbox/lib/python3.8/site-packages/airflow/example_dags/example_skip_dag.py
[2022-01-05 20:38:35,061] {processor.py:654} INFO - DAG(s) dict_keys(['example_skip_dag']) retrieved from /home/airflow/sandbox/lib/python3.8/site-packages/airflow/example_dags/example_skip_dag.py
[2022-01-05 20:38:35,095] {logging_mixin.py:109} INFO - [2022-01-05 20:38:35,095] {dag.py:2396} INFO - Sync 1 DAGs
[2022-01-05 20:38:35,138] {logging_mixin.py:109} INFO - [2022-01-05 20:38:35,138] {dag.py:2935} INFO - Setting next_dagrun for example_skip_dag to 2022-01-04T20:38:35.138096+00:00
[2022-01-05 20:38:35,183] {processor.py:171} INFO - Processing /home/airflow/sandbox/lib/python3.8/site-packages/airflow/example_dags/example_skip_dag.py took 0.269 seconds
[2022-01-05 20:39:05,454] {processor.py:163} INFO - Started process (PID=14188) to work on /home/airflow/sandbox/lib/python3.8/site-packages/airflow/example_dags/example_skip_dag.py
[2022-01-05 20:39:05,458] {processor.py:642} INFO - Processing file /home/airflow/sandbox/lib/python3.8/site-packages/airflow/example_dags/example_skip_dag.py for tasks to queue
[2022-01-05 20:39:05,459] {logging_mixin.py:109} INFO - [2022-01-05 20:39:05,459] {dagbag.py:500} INFO - Filling up the DagBag from /home/airflow/sandbox/lib/python3.8/site-packages/airflow/example_dags/example_skip_dag.py
[2022-01-05 20:39:05,576] {processor.py:654} INFO - DAG(s) dict_keys(['example_skip_dag']) retrieved from /home/airflow/sandbox/lib/python3.8/site-packages/airflow/example_dags/example_skip_dag.py
[2022-01-05 20:39:05,611] {logging_mixin.py:109} INFO - [2022-01-05 20:39:05,611] {dag.py:2396} INFO - Sync 1 DAGs
[2022-01-05 20:39:05,637] {logging_mixin.py:109} INFO - [2022-01-05 20:39:05,637] {dag.py:2935} INFO - Setting next_dagrun for example_skip_dag to 2022-01-04T20:39:05.636953+00:00
[2022-01-05 20:39:05,651] {processor.py:171} INFO - Processing /home/airflow/sandbox/lib/python3.8/site-packages/airflow/example_dags/example_skip_dag.py took 0.215 seconds
[2022-01-05 20:39:36,107] {processor.py:163} INFO - Started process (PID=14429) to work on /home/airflow/sandbox/lib/python3.8/site-packages/airflow/example_dags/example_skip_dag.py
[2022-01-05 20:39:36,111] {processor.py:642} INFO - Processing file /home/airflow/sandbox/lib/python3.8/site-packages/airflow/example_dags/example_skip_dag.py for tasks to queue
[2022-01-05 20:39:36,113] {logging_mixin.py:109} INFO - [2022-01-05 20:39:36,113] {dagbag.py:500} INFO - Filling up the DagBag from /home/airflow/sandbox/lib/python3.8/site-packages/airflow/example_dags/example_skip_dag.py
[2022-01-05 20:39:36,208] {processor.py:654} INFO - DAG(s) dict_keys(['example_skip_dag']) retrieved from /home/airflow/sandbox/lib/python3.8/site-packages/airflow/example_dags/example_skip_dag.py
[2022-01-05 20:39:36,237] {logging_mixin.py:109} INFO - [2022-01-05 20:39:36,237] {dag.py:2396} INFO - Sync 1 DAGs
[2022-01-05 20:39:36,289] {logging_mixin.py:109} INFO - [2022-01-05 20:39:36,288] {dag.py:2935} INFO - Setting next_dagrun for example_skip_dag to 2022-01-04T20:39:36.288097+00:00
[2022-01-05 20:39:36,329] {processor.py:171} INFO - Processing /home/airflow/sandbox/lib/python3.8/site-packages/airflow/example_dags/example_skip_dag.py took 0.229 seconds
[2022-01-05 20:40:06,713] {processor.py:163} INFO - Started process (PID=14673) to work on /home/airflow/sandbox/lib/python3.8/site-packages/airflow/example_dags/example_skip_dag.py
[2022-01-05 20:40:06,720] {processor.py:642} INFO - Processing file /home/airflow/sandbox/lib/python3.8/site-packages/airflow/example_dags/example_skip_dag.py for tasks to queue
[2022-01-05 20:40:06,722] {logging_mixin.py:109} INFO - [2022-01-05 20:40:06,721] {dagbag.py:500} INFO - Filling up the DagBag from /home/airflow/sandbox/lib/python3.8/site-packages/airflow/example_dags/example_skip_dag.py
[2022-01-05 20:40:06,802] {processor.py:654} INFO - DAG(s) dict_keys(['example_skip_dag']) retrieved from /home/airflow/sandbox/lib/python3.8/site-packages/airflow/example_dags/example_skip_dag.py
[2022-01-05 20:40:06,830] {logging_mixin.py:109} INFO - [2022-01-05 20:40:06,830] {dag.py:2396} INFO - Sync 1 DAGs
[2022-01-05 20:40:06,871] {logging_mixin.py:109} INFO - [2022-01-05 20:40:06,871] {dag.py:2935} INFO - Setting next_dagrun for example_skip_dag to 2022-01-04T20:40:06.871109+00:00
[2022-01-05 20:40:06,905] {processor.py:171} INFO - Processing /home/airflow/sandbox/lib/python3.8/site-packages/airflow/example_dags/example_skip_dag.py took 0.210 seconds
[2022-01-05 20:40:37,120] {processor.py:163} INFO - Started process (PID=14920) to work on /home/airflow/sandbox/lib/python3.8/site-packages/airflow/example_dags/example_skip_dag.py
[2022-01-05 20:40:37,129] {processor.py:642} INFO - Processing file /home/airflow/sandbox/lib/python3.8/site-packages/airflow/example_dags/example_skip_dag.py for tasks to queue
[2022-01-05 20:40:37,132] {logging_mixin.py:109} INFO - [2022-01-05 20:40:37,132] {dagbag.py:500} INFO - Filling up the DagBag from /home/airflow/sandbox/lib/python3.8/site-packages/airflow/example_dags/example_skip_dag.py
[2022-01-05 20:40:37,268] {processor.py:654} INFO - DAG(s) dict_keys(['example_skip_dag']) retrieved from /home/airflow/sandbox/lib/python3.8/site-packages/airflow/example_dags/example_skip_dag.py
[2022-01-05 20:40:37,297] {logging_mixin.py:109} INFO - [2022-01-05 20:40:37,297] {dag.py:2396} INFO - Sync 1 DAGs
[2022-01-05 20:40:37,349] {logging_mixin.py:109} INFO - [2022-01-05 20:40:37,349] {dag.py:2935} INFO - Setting next_dagrun for example_skip_dag to 2022-01-04T20:40:37.348660+00:00
[2022-01-05 20:40:37,379] {processor.py:171} INFO - Processing /home/airflow/sandbox/lib/python3.8/site-packages/airflow/example_dags/example_skip_dag.py took 0.262 seconds
[2022-01-05 20:41:07,853] {processor.py:163} INFO - Started process (PID=15161) to work on /home/airflow/sandbox/lib/python3.8/site-packages/airflow/example_dags/example_skip_dag.py
[2022-01-05 20:41:07,856] {processor.py:642} INFO - Processing file /home/airflow/sandbox/lib/python3.8/site-packages/airflow/example_dags/example_skip_dag.py for tasks to queue
[2022-01-05 20:41:07,857] {logging_mixin.py:109} INFO - [2022-01-05 20:41:07,857] {dagbag.py:500} INFO - Filling up the DagBag from /home/airflow/sandbox/lib/python3.8/site-packages/airflow/example_dags/example_skip_dag.py
[2022-01-05 20:41:08,044] {processor.py:654} INFO - DAG(s) dict_keys(['example_skip_dag']) retrieved from /home/airflow/sandbox/lib/python3.8/site-packages/airflow/example_dags/example_skip_dag.py
[2022-01-05 20:41:08,066] {logging_mixin.py:109} INFO - [2022-01-05 20:41:08,066] {dag.py:2396} INFO - Sync 1 DAGs
[2022-01-05 20:41:08,093] {logging_mixin.py:109} INFO - [2022-01-05 20:41:08,093] {dag.py:2935} INFO - Setting next_dagrun for example_skip_dag to 2022-01-04T20:41:08.093480+00:00
[2022-01-05 20:41:08,104] {processor.py:171} INFO - Processing /home/airflow/sandbox/lib/python3.8/site-packages/airflow/example_dags/example_skip_dag.py took 0.286 seconds
[2022-01-05 20:41:38,172] {processor.py:163} INFO - Started process (PID=15402) to work on /home/airflow/sandbox/lib/python3.8/site-packages/airflow/example_dags/example_skip_dag.py
[2022-01-05 20:41:38,197] {processor.py:642} INFO - Processing file /home/airflow/sandbox/lib/python3.8/site-packages/airflow/example_dags/example_skip_dag.py for tasks to queue
[2022-01-05 20:41:38,198] {logging_mixin.py:109} INFO - [2022-01-05 20:41:38,198] {dagbag.py:500} INFO - Filling up the DagBag from /home/airflow/sandbox/lib/python3.8/site-packages/airflow/example_dags/example_skip_dag.py
[2022-01-05 20:41:38,359] {processor.py:654} INFO - DAG(s) dict_keys(['example_skip_dag']) retrieved from /home/airflow/sandbox/lib/python3.8/site-packages/airflow/example_dags/example_skip_dag.py
[2022-01-05 20:41:38,448] {logging_mixin.py:109} INFO - [2022-01-05 20:41:38,448] {dag.py:2396} INFO - Sync 1 DAGs
[2022-01-05 20:41:38,469] {logging_mixin.py:109} INFO - [2022-01-05 20:41:38,469] {dag.py:2935} INFO - Setting next_dagrun for example_skip_dag to 2022-01-04T20:41:38.468744+00:00
[2022-01-05 20:41:38,506] {processor.py:171} INFO - Processing /home/airflow/sandbox/lib/python3.8/site-packages/airflow/example_dags/example_skip_dag.py took 0.337 seconds
[2022-01-05 20:42:09,865] {processor.py:163} INFO - Started process (PID=15652) to work on /home/airflow/sandbox/lib/python3.8/site-packages/airflow/example_dags/example_skip_dag.py
[2022-01-05 20:42:09,868] {processor.py:642} INFO - Processing file /home/airflow/sandbox/lib/python3.8/site-packages/airflow/example_dags/example_skip_dag.py for tasks to queue
[2022-01-05 20:42:09,870] {logging_mixin.py:109} INFO - [2022-01-05 20:42:09,869] {dagbag.py:500} INFO - Filling up the DagBag from /home/airflow/sandbox/lib/python3.8/site-packages/airflow/example_dags/example_skip_dag.py
[2022-01-05 20:42:10,129] {processor.py:654} INFO - DAG(s) dict_keys(['example_skip_dag']) retrieved from /home/airflow/sandbox/lib/python3.8/site-packages/airflow/example_dags/example_skip_dag.py
[2022-01-05 20:42:10,424] {logging_mixin.py:109} INFO - [2022-01-05 20:42:10,423] {dag.py:2396} INFO - Sync 1 DAGs
[2022-01-05 20:42:10,563] {logging_mixin.py:109} INFO - [2022-01-05 20:42:10,563] {dag.py:2935} INFO - Setting next_dagrun for example_skip_dag to 2022-01-04T20:42:10.563547+00:00
[2022-01-05 20:42:10,617] {processor.py:171} INFO - Processing /home/airflow/sandbox/lib/python3.8/site-packages/airflow/example_dags/example_skip_dag.py took 0.757 seconds
[2022-01-05 20:42:41,374] {processor.py:163} INFO - Started process (PID=15895) to work on /home/airflow/sandbox/lib/python3.8/site-packages/airflow/example_dags/example_skip_dag.py
[2022-01-05 20:42:41,383] {processor.py:642} INFO - Processing file /home/airflow/sandbox/lib/python3.8/site-packages/airflow/example_dags/example_skip_dag.py for tasks to queue
[2022-01-05 20:42:41,386] {logging_mixin.py:109} INFO - [2022-01-05 20:42:41,386] {dagbag.py:500} INFO - Filling up the DagBag from /home/airflow/sandbox/lib/python3.8/site-packages/airflow/example_dags/example_skip_dag.py
[2022-01-05 20:42:41,569] {processor.py:654} INFO - DAG(s) dict_keys(['example_skip_dag']) retrieved from /home/airflow/sandbox/lib/python3.8/site-packages/airflow/example_dags/example_skip_dag.py
[2022-01-05 20:42:41,759] {logging_mixin.py:109} INFO - [2022-01-05 20:42:41,759] {dag.py:2396} INFO - Sync 1 DAGs
[2022-01-05 20:42:41,773] {logging_mixin.py:109} INFO - [2022-01-05 20:42:41,773] {dag.py:2935} INFO - Setting next_dagrun for example_skip_dag to 2022-01-04T20:42:41.773285+00:00
[2022-01-05 20:42:41,863] {processor.py:171} INFO - Processing /home/airflow/sandbox/lib/python3.8/site-packages/airflow/example_dags/example_skip_dag.py took 0.492 seconds
[2022-01-05 20:43:12,175] {processor.py:163} INFO - Started process (PID=16154) to work on /home/airflow/sandbox/lib/python3.8/site-packages/airflow/example_dags/example_skip_dag.py
[2022-01-05 20:43:12,181] {processor.py:642} INFO - Processing file /home/airflow/sandbox/lib/python3.8/site-packages/airflow/example_dags/example_skip_dag.py for tasks to queue
[2022-01-05 20:43:12,181] {logging_mixin.py:109} INFO - [2022-01-05 20:43:12,181] {dagbag.py:500} INFO - Filling up the DagBag from /home/airflow/sandbox/lib/python3.8/site-packages/airflow/example_dags/example_skip_dag.py
[2022-01-05 20:43:12,370] {processor.py:654} INFO - DAG(s) dict_keys(['example_skip_dag']) retrieved from /home/airflow/sandbox/lib/python3.8/site-packages/airflow/example_dags/example_skip_dag.py
[2022-01-05 20:43:12,458] {logging_mixin.py:109} INFO - [2022-01-05 20:43:12,458] {dag.py:2396} INFO - Sync 1 DAGs
[2022-01-05 20:43:12,534] {logging_mixin.py:109} INFO - [2022-01-05 20:43:12,534] {dag.py:2935} INFO - Setting next_dagrun for example_skip_dag to 2022-01-04T20:43:12.533963+00:00
[2022-01-05 20:43:12,706] {processor.py:171} INFO - Processing /home/airflow/sandbox/lib/python3.8/site-packages/airflow/example_dags/example_skip_dag.py took 0.535 seconds
[2022-01-05 20:43:43,005] {processor.py:163} INFO - Started process (PID=16450) to work on /home/airflow/sandbox/lib/python3.8/site-packages/airflow/example_dags/example_skip_dag.py
[2022-01-05 20:43:43,009] {processor.py:642} INFO - Processing file /home/airflow/sandbox/lib/python3.8/site-packages/airflow/example_dags/example_skip_dag.py for tasks to queue
[2022-01-05 20:43:43,016] {logging_mixin.py:109} INFO - [2022-01-05 20:43:43,016] {dagbag.py:500} INFO - Filling up the DagBag from /home/airflow/sandbox/lib/python3.8/site-packages/airflow/example_dags/example_skip_dag.py
[2022-01-05 20:43:43,107] {processor.py:654} INFO - DAG(s) dict_keys(['example_skip_dag']) retrieved from /home/airflow/sandbox/lib/python3.8/site-packages/airflow/example_dags/example_skip_dag.py
[2022-01-05 20:43:43,134] {logging_mixin.py:109} INFO - [2022-01-05 20:43:43,134] {dag.py:2396} INFO - Sync 1 DAGs
[2022-01-05 20:43:43,183] {logging_mixin.py:109} INFO - [2022-01-05 20:43:43,183] {dag.py:2935} INFO - Setting next_dagrun for example_skip_dag to 2022-01-04T20:43:43.182176+00:00
[2022-01-05 20:43:43,217] {processor.py:171} INFO - Processing /home/airflow/sandbox/lib/python3.8/site-packages/airflow/example_dags/example_skip_dag.py took 0.232 seconds
[2022-01-05 20:44:13,252] {processor.py:163} INFO - Started process (PID=16687) to work on /home/airflow/sandbox/lib/python3.8/site-packages/airflow/example_dags/example_skip_dag.py
[2022-01-05 20:44:13,255] {processor.py:642} INFO - Processing file /home/airflow/sandbox/lib/python3.8/site-packages/airflow/example_dags/example_skip_dag.py for tasks to queue
[2022-01-05 20:44:13,256] {logging_mixin.py:109} INFO - [2022-01-05 20:44:13,256] {dagbag.py:500} INFO - Filling up the DagBag from /home/airflow/sandbox/lib/python3.8/site-packages/airflow/example_dags/example_skip_dag.py
[2022-01-05 20:44:13,296] {processor.py:654} INFO - DAG(s) dict_keys(['example_skip_dag']) retrieved from /home/airflow/sandbox/lib/python3.8/site-packages/airflow/example_dags/example_skip_dag.py
[2022-01-05 20:44:13,304] {logging_mixin.py:109} INFO - [2022-01-05 20:44:13,304] {dag.py:2396} INFO - Sync 1 DAGs
[2022-01-05 20:44:13,322] {logging_mixin.py:109} INFO - [2022-01-05 20:44:13,322] {dag.py:2935} INFO - Setting next_dagrun for example_skip_dag to 2022-01-04T20:44:13.322076+00:00
[2022-01-05 20:44:13,337] {processor.py:171} INFO - Processing /home/airflow/sandbox/lib/python3.8/site-packages/airflow/example_dags/example_skip_dag.py took 0.090 seconds
[2022-01-05 20:44:43,830] {processor.py:163} INFO - Started process (PID=16934) to work on /home/airflow/sandbox/lib/python3.8/site-packages/airflow/example_dags/example_skip_dag.py
[2022-01-05 20:44:43,831] {processor.py:642} INFO - Processing file /home/airflow/sandbox/lib/python3.8/site-packages/airflow/example_dags/example_skip_dag.py for tasks to queue
[2022-01-05 20:44:43,832] {logging_mixin.py:109} INFO - [2022-01-05 20:44:43,832] {dagbag.py:500} INFO - Filling up the DagBag from /home/airflow/sandbox/lib/python3.8/site-packages/airflow/example_dags/example_skip_dag.py
[2022-01-05 20:44:43,871] {processor.py:654} INFO - DAG(s) dict_keys(['example_skip_dag']) retrieved from /home/airflow/sandbox/lib/python3.8/site-packages/airflow/example_dags/example_skip_dag.py
[2022-01-05 20:44:43,880] {logging_mixin.py:109} INFO - [2022-01-05 20:44:43,880] {dag.py:2396} INFO - Sync 1 DAGs
[2022-01-05 20:44:43,900] {logging_mixin.py:109} INFO - [2022-01-05 20:44:43,900] {dag.py:2935} INFO - Setting next_dagrun for example_skip_dag to 2022-01-04T20:44:43.900116+00:00
[2022-01-05 20:44:43,911] {processor.py:171} INFO - Processing /home/airflow/sandbox/lib/python3.8/site-packages/airflow/example_dags/example_skip_dag.py took 0.089 seconds
[2022-01-05 20:45:13,996] {processor.py:163} INFO - Started process (PID=17178) to work on /home/airflow/sandbox/lib/python3.8/site-packages/airflow/example_dags/example_skip_dag.py
[2022-01-05 20:45:13,998] {processor.py:642} INFO - Processing file /home/airflow/sandbox/lib/python3.8/site-packages/airflow/example_dags/example_skip_dag.py for tasks to queue
[2022-01-05 20:45:13,998] {logging_mixin.py:109} INFO - [2022-01-05 20:45:13,998] {dagbag.py:500} INFO - Filling up the DagBag from /home/airflow/sandbox/lib/python3.8/site-packages/airflow/example_dags/example_skip_dag.py
[2022-01-05 20:45:14,027] {processor.py:654} INFO - DAG(s) dict_keys(['example_skip_dag']) retrieved from /home/airflow/sandbox/lib/python3.8/site-packages/airflow/example_dags/example_skip_dag.py
[2022-01-05 20:45:14,037] {logging_mixin.py:109} INFO - [2022-01-05 20:45:14,037] {dag.py:2396} INFO - Sync 1 DAGs
[2022-01-05 20:45:14,062] {logging_mixin.py:109} INFO - [2022-01-05 20:45:14,062] {dag.py:2935} INFO - Setting next_dagrun for example_skip_dag to 2022-01-04T20:45:14.062008+00:00
[2022-01-05 20:45:14,077] {processor.py:171} INFO - Processing /home/airflow/sandbox/lib/python3.8/site-packages/airflow/example_dags/example_skip_dag.py took 0.086 seconds
[2022-01-05 20:45:44,366] {processor.py:163} INFO - Started process (PID=17425) to work on /home/airflow/sandbox/lib/python3.8/site-packages/airflow/example_dags/example_skip_dag.py
[2022-01-05 20:45:44,369] {processor.py:642} INFO - Processing file /home/airflow/sandbox/lib/python3.8/site-packages/airflow/example_dags/example_skip_dag.py for tasks to queue
[2022-01-05 20:45:44,371] {logging_mixin.py:109} INFO - [2022-01-05 20:45:44,371] {dagbag.py:500} INFO - Filling up the DagBag from /home/airflow/sandbox/lib/python3.8/site-packages/airflow/example_dags/example_skip_dag.py
[2022-01-05 20:45:44,407] {processor.py:654} INFO - DAG(s) dict_keys(['example_skip_dag']) retrieved from /home/airflow/sandbox/lib/python3.8/site-packages/airflow/example_dags/example_skip_dag.py
[2022-01-05 20:45:44,425] {logging_mixin.py:109} INFO - [2022-01-05 20:45:44,425] {dag.py:2396} INFO - Sync 1 DAGs
[2022-01-05 20:45:44,447] {logging_mixin.py:109} INFO - [2022-01-05 20:45:44,447] {dag.py:2935} INFO - Setting next_dagrun for example_skip_dag to 2022-01-04T20:45:44.447276+00:00
[2022-01-05 20:45:44,463] {processor.py:171} INFO - Processing /home/airflow/sandbox/lib/python3.8/site-packages/airflow/example_dags/example_skip_dag.py took 0.100 seconds
[2022-01-05 20:46:15,197] {processor.py:163} INFO - Started process (PID=17667) to work on /home/airflow/sandbox/lib/python3.8/site-packages/airflow/example_dags/example_skip_dag.py
[2022-01-05 20:46:15,198] {processor.py:642} INFO - Processing file /home/airflow/sandbox/lib/python3.8/site-packages/airflow/example_dags/example_skip_dag.py for tasks to queue
[2022-01-05 20:46:15,198] {logging_mixin.py:109} INFO - [2022-01-05 20:46:15,198] {dagbag.py:500} INFO - Filling up the DagBag from /home/airflow/sandbox/lib/python3.8/site-packages/airflow/example_dags/example_skip_dag.py
[2022-01-05 20:46:15,230] {processor.py:654} INFO - DAG(s) dict_keys(['example_skip_dag']) retrieved from /home/airflow/sandbox/lib/python3.8/site-packages/airflow/example_dags/example_skip_dag.py
[2022-01-05 20:46:15,239] {logging_mixin.py:109} INFO - [2022-01-05 20:46:15,239] {dag.py:2396} INFO - Sync 1 DAGs
[2022-01-05 20:46:15,264] {logging_mixin.py:109} INFO - [2022-01-05 20:46:15,264] {dag.py:2935} INFO - Setting next_dagrun for example_skip_dag to 2022-01-04T20:46:15.263331+00:00
[2022-01-05 20:46:15,278] {processor.py:171} INFO - Processing /home/airflow/sandbox/lib/python3.8/site-packages/airflow/example_dags/example_skip_dag.py took 0.086 seconds
[2022-01-05 20:46:45,796] {processor.py:163} INFO - Started process (PID=17914) to work on /home/airflow/sandbox/lib/python3.8/site-packages/airflow/example_dags/example_skip_dag.py
[2022-01-05 20:46:45,800] {processor.py:642} INFO - Processing file /home/airflow/sandbox/lib/python3.8/site-packages/airflow/example_dags/example_skip_dag.py for tasks to queue
[2022-01-05 20:46:45,801] {logging_mixin.py:109} INFO - [2022-01-05 20:46:45,801] {dagbag.py:500} INFO - Filling up the DagBag from /home/airflow/sandbox/lib/python3.8/site-packages/airflow/example_dags/example_skip_dag.py
[2022-01-05 20:46:45,855] {processor.py:654} INFO - DAG(s) dict_keys(['example_skip_dag']) retrieved from /home/airflow/sandbox/lib/python3.8/site-packages/airflow/example_dags/example_skip_dag.py
[2022-01-05 20:46:45,866] {logging_mixin.py:109} INFO - [2022-01-05 20:46:45,866] {dag.py:2396} INFO - Sync 1 DAGs
[2022-01-05 20:46:45,884] {logging_mixin.py:109} INFO - [2022-01-05 20:46:45,884] {dag.py:2935} INFO - Setting next_dagrun for example_skip_dag to 2022-01-04T20:46:45.883261+00:00
[2022-01-05 20:46:45,895] {processor.py:171} INFO - Processing /home/airflow/sandbox/lib/python3.8/site-packages/airflow/example_dags/example_skip_dag.py took 0.104 seconds
[2022-01-05 20:47:16,711] {processor.py:163} INFO - Started process (PID=18161) to work on /home/airflow/sandbox/lib/python3.8/site-packages/airflow/example_dags/example_skip_dag.py
[2022-01-05 20:47:16,712] {processor.py:642} INFO - Processing file /home/airflow/sandbox/lib/python3.8/site-packages/airflow/example_dags/example_skip_dag.py for tasks to queue
[2022-01-05 20:47:16,713] {logging_mixin.py:109} INFO - [2022-01-05 20:47:16,713] {dagbag.py:500} INFO - Filling up the DagBag from /home/airflow/sandbox/lib/python3.8/site-packages/airflow/example_dags/example_skip_dag.py
[2022-01-05 20:47:16,764] {processor.py:654} INFO - DAG(s) dict_keys(['example_skip_dag']) retrieved from /home/airflow/sandbox/lib/python3.8/site-packages/airflow/example_dags/example_skip_dag.py
[2022-01-05 20:47:16,797] {logging_mixin.py:109} INFO - [2022-01-05 20:47:16,797] {dag.py:2396} INFO - Sync 1 DAGs
[2022-01-05 20:47:16,820] {logging_mixin.py:109} INFO - [2022-01-05 20:47:16,820] {dag.py:2935} INFO - Setting next_dagrun for example_skip_dag to 2022-01-04T20:47:16.819456+00:00
[2022-01-05 20:47:16,850] {processor.py:171} INFO - Processing /home/airflow/sandbox/lib/python3.8/site-packages/airflow/example_dags/example_skip_dag.py took 0.142 seconds
[2022-01-05 20:47:46,925] {processor.py:163} INFO - Started process (PID=18402) to work on /home/airflow/sandbox/lib/python3.8/site-packages/airflow/example_dags/example_skip_dag.py
[2022-01-05 20:47:46,927] {processor.py:642} INFO - Processing file /home/airflow/sandbox/lib/python3.8/site-packages/airflow/example_dags/example_skip_dag.py for tasks to queue
[2022-01-05 20:47:46,928] {logging_mixin.py:109} INFO - [2022-01-05 20:47:46,928] {dagbag.py:500} INFO - Filling up the DagBag from /home/airflow/sandbox/lib/python3.8/site-packages/airflow/example_dags/example_skip_dag.py
[2022-01-05 20:47:46,969] {processor.py:654} INFO - DAG(s) dict_keys(['example_skip_dag']) retrieved from /home/airflow/sandbox/lib/python3.8/site-packages/airflow/example_dags/example_skip_dag.py
[2022-01-05 20:47:46,982] {logging_mixin.py:109} INFO - [2022-01-05 20:47:46,982] {dag.py:2396} INFO - Sync 1 DAGs
[2022-01-05 20:47:47,002] {logging_mixin.py:109} INFO - [2022-01-05 20:47:47,001] {dag.py:2935} INFO - Setting next_dagrun for example_skip_dag to 2022-01-04T20:47:47.001670+00:00
[2022-01-05 20:47:47,013] {processor.py:171} INFO - Processing /home/airflow/sandbox/lib/python3.8/site-packages/airflow/example_dags/example_skip_dag.py took 0.094 seconds
[2022-01-05 20:48:17,220] {processor.py:163} INFO - Started process (PID=18698) to work on /home/airflow/sandbox/lib/python3.8/site-packages/airflow/example_dags/example_skip_dag.py
[2022-01-05 20:48:17,221] {processor.py:642} INFO - Processing file /home/airflow/sandbox/lib/python3.8/site-packages/airflow/example_dags/example_skip_dag.py for tasks to queue
[2022-01-05 20:48:17,221] {logging_mixin.py:109} INFO - [2022-01-05 20:48:17,221] {dagbag.py:500} INFO - Filling up the DagBag from /home/airflow/sandbox/lib/python3.8/site-packages/airflow/example_dags/example_skip_dag.py
[2022-01-05 20:48:17,247] {processor.py:654} INFO - DAG(s) dict_keys(['example_skip_dag']) retrieved from /home/airflow/sandbox/lib/python3.8/site-packages/airflow/example_dags/example_skip_dag.py
[2022-01-05 20:48:17,257] {logging_mixin.py:109} INFO - [2022-01-05 20:48:17,257] {dag.py:2396} INFO - Sync 1 DAGs
[2022-01-05 20:48:17,271] {logging_mixin.py:109} INFO - [2022-01-05 20:48:17,271] {dag.py:2935} INFO - Setting next_dagrun for example_skip_dag to 2022-01-04T20:48:17.271283+00:00
[2022-01-05 20:48:17,282] {processor.py:171} INFO - Processing /home/airflow/sandbox/lib/python3.8/site-packages/airflow/example_dags/example_skip_dag.py took 0.066 seconds
[2022-01-05 20:48:48,067] {processor.py:163} INFO - Started process (PID=18958) to work on /home/airflow/sandbox/lib/python3.8/site-packages/airflow/example_dags/example_skip_dag.py
[2022-01-05 20:48:48,072] {processor.py:642} INFO - Processing file /home/airflow/sandbox/lib/python3.8/site-packages/airflow/example_dags/example_skip_dag.py for tasks to queue
[2022-01-05 20:48:48,100] {logging_mixin.py:109} INFO - [2022-01-05 20:48:48,100] {dagbag.py:500} INFO - Filling up the DagBag from /home/airflow/sandbox/lib/python3.8/site-packages/airflow/example_dags/example_skip_dag.py
[2022-01-05 20:48:48,219] {processor.py:654} INFO - DAG(s) dict_keys(['example_skip_dag']) retrieved from /home/airflow/sandbox/lib/python3.8/site-packages/airflow/example_dags/example_skip_dag.py
[2022-01-05 20:48:48,271] {logging_mixin.py:109} INFO - [2022-01-05 20:48:48,271] {dag.py:2396} INFO - Sync 1 DAGs
[2022-01-05 20:48:48,359] {logging_mixin.py:109} INFO - [2022-01-05 20:48:48,358] {dag.py:2935} INFO - Setting next_dagrun for example_skip_dag to 2022-01-04T20:48:48.358245+00:00
[2022-01-05 20:48:48,400] {processor.py:171} INFO - Processing /home/airflow/sandbox/lib/python3.8/site-packages/airflow/example_dags/example_skip_dag.py took 0.344 seconds
[2022-01-05 20:49:18,612] {processor.py:163} INFO - Started process (PID=19203) to work on /home/airflow/sandbox/lib/python3.8/site-packages/airflow/example_dags/example_skip_dag.py
[2022-01-05 20:49:18,649] {processor.py:642} INFO - Processing file /home/airflow/sandbox/lib/python3.8/site-packages/airflow/example_dags/example_skip_dag.py for tasks to queue
[2022-01-05 20:49:18,659] {logging_mixin.py:109} INFO - [2022-01-05 20:49:18,659] {dagbag.py:500} INFO - Filling up the DagBag from /home/airflow/sandbox/lib/python3.8/site-packages/airflow/example_dags/example_skip_dag.py
[2022-01-05 20:49:18,759] {processor.py:654} INFO - DAG(s) dict_keys(['example_skip_dag']) retrieved from /home/airflow/sandbox/lib/python3.8/site-packages/airflow/example_dags/example_skip_dag.py
[2022-01-05 20:49:18,840] {logging_mixin.py:109} INFO - [2022-01-05 20:49:18,840] {dag.py:2396} INFO - Sync 1 DAGs
[2022-01-05 20:49:18,902] {logging_mixin.py:109} INFO - [2022-01-05 20:49:18,902] {dag.py:2935} INFO - Setting next_dagrun for example_skip_dag to 2022-01-04T20:49:18.902567+00:00
[2022-01-05 20:49:18,941] {processor.py:171} INFO - Processing /home/airflow/sandbox/lib/python3.8/site-packages/airflow/example_dags/example_skip_dag.py took 0.335 seconds
[2022-01-05 20:49:49,127] {processor.py:163} INFO - Started process (PID=19440) to work on /home/airflow/sandbox/lib/python3.8/site-packages/airflow/example_dags/example_skip_dag.py
[2022-01-05 20:49:49,128] {processor.py:642} INFO - Processing file /home/airflow/sandbox/lib/python3.8/site-packages/airflow/example_dags/example_skip_dag.py for tasks to queue
[2022-01-05 20:49:49,129] {logging_mixin.py:109} INFO - [2022-01-05 20:49:49,129] {dagbag.py:500} INFO - Filling up the DagBag from /home/airflow/sandbox/lib/python3.8/site-packages/airflow/example_dags/example_skip_dag.py
[2022-01-05 20:49:49,245] {processor.py:654} INFO - DAG(s) dict_keys(['example_skip_dag']) retrieved from /home/airflow/sandbox/lib/python3.8/site-packages/airflow/example_dags/example_skip_dag.py
[2022-01-05 20:49:49,344] {logging_mixin.py:109} INFO - [2022-01-05 20:49:49,343] {dag.py:2396} INFO - Sync 1 DAGs
[2022-01-05 20:49:49,430] {logging_mixin.py:109} INFO - [2022-01-05 20:49:49,429] {dag.py:2935} INFO - Setting next_dagrun for example_skip_dag to 2022-01-04T20:49:49.429659+00:00
[2022-01-05 20:49:49,452] {processor.py:171} INFO - Processing /home/airflow/sandbox/lib/python3.8/site-packages/airflow/example_dags/example_skip_dag.py took 0.359 seconds
[2022-01-05 20:50:19,670] {processor.py:163} INFO - Started process (PID=19688) to work on /home/airflow/sandbox/lib/python3.8/site-packages/airflow/example_dags/example_skip_dag.py
[2022-01-05 20:50:19,671] {processor.py:642} INFO - Processing file /home/airflow/sandbox/lib/python3.8/site-packages/airflow/example_dags/example_skip_dag.py for tasks to queue
[2022-01-05 20:50:19,672] {logging_mixin.py:109} INFO - [2022-01-05 20:50:19,672] {dagbag.py:500} INFO - Filling up the DagBag from /home/airflow/sandbox/lib/python3.8/site-packages/airflow/example_dags/example_skip_dag.py
[2022-01-05 20:50:19,779] {processor.py:654} INFO - DAG(s) dict_keys(['example_skip_dag']) retrieved from /home/airflow/sandbox/lib/python3.8/site-packages/airflow/example_dags/example_skip_dag.py
[2022-01-05 20:50:19,788] {logging_mixin.py:109} INFO - [2022-01-05 20:50:19,788] {dag.py:2396} INFO - Sync 1 DAGs
[2022-01-05 20:50:19,815] {logging_mixin.py:109} INFO - [2022-01-05 20:50:19,814] {dag.py:2935} INFO - Setting next_dagrun for example_skip_dag to 2022-01-04T20:50:19.814660+00:00
[2022-01-05 20:50:19,824] {processor.py:171} INFO - Processing /home/airflow/sandbox/lib/python3.8/site-packages/airflow/example_dags/example_skip_dag.py took 0.159 seconds
[2022-01-05 20:50:50,163] {processor.py:163} INFO - Started process (PID=19930) to work on /home/airflow/sandbox/lib/python3.8/site-packages/airflow/example_dags/example_skip_dag.py
[2022-01-05 20:50:50,167] {processor.py:642} INFO - Processing file /home/airflow/sandbox/lib/python3.8/site-packages/airflow/example_dags/example_skip_dag.py for tasks to queue
[2022-01-05 20:50:50,170] {logging_mixin.py:109} INFO - [2022-01-05 20:50:50,170] {dagbag.py:500} INFO - Filling up the DagBag from /home/airflow/sandbox/lib/python3.8/site-packages/airflow/example_dags/example_skip_dag.py
[2022-01-05 20:50:50,351] {processor.py:654} INFO - DAG(s) dict_keys(['example_skip_dag']) retrieved from /home/airflow/sandbox/lib/python3.8/site-packages/airflow/example_dags/example_skip_dag.py
[2022-01-05 20:50:50,406] {logging_mixin.py:109} INFO - [2022-01-05 20:50:50,404] {dag.py:2396} INFO - Sync 1 DAGs
[2022-01-05 20:50:50,467] {logging_mixin.py:109} INFO - [2022-01-05 20:50:50,466] {dag.py:2935} INFO - Setting next_dagrun for example_skip_dag to 2022-01-04T20:50:50.465276+00:00
[2022-01-05 20:50:50,520] {processor.py:171} INFO - Processing /home/airflow/sandbox/lib/python3.8/site-packages/airflow/example_dags/example_skip_dag.py took 0.384 seconds
[2022-01-05 20:51:20,621] {processor.py:163} INFO - Started process (PID=20170) to work on /home/airflow/sandbox/lib/python3.8/site-packages/airflow/example_dags/example_skip_dag.py
[2022-01-05 20:51:20,622] {processor.py:642} INFO - Processing file /home/airflow/sandbox/lib/python3.8/site-packages/airflow/example_dags/example_skip_dag.py for tasks to queue
[2022-01-05 20:51:20,623] {logging_mixin.py:109} INFO - [2022-01-05 20:51:20,622] {dagbag.py:500} INFO - Filling up the DagBag from /home/airflow/sandbox/lib/python3.8/site-packages/airflow/example_dags/example_skip_dag.py
[2022-01-05 20:51:20,696] {processor.py:654} INFO - DAG(s) dict_keys(['example_skip_dag']) retrieved from /home/airflow/sandbox/lib/python3.8/site-packages/airflow/example_dags/example_skip_dag.py
[2022-01-05 20:51:20,713] {logging_mixin.py:109} INFO - [2022-01-05 20:51:20,713] {dag.py:2396} INFO - Sync 1 DAGs
[2022-01-05 20:51:20,747] {logging_mixin.py:109} INFO - [2022-01-05 20:51:20,747] {dag.py:2935} INFO - Setting next_dagrun for example_skip_dag to 2022-01-04T20:51:20.746962+00:00
[2022-01-05 20:51:20,757] {processor.py:171} INFO - Processing /home/airflow/sandbox/lib/python3.8/site-packages/airflow/example_dags/example_skip_dag.py took 0.141 seconds
[2022-01-05 20:51:51,373] {processor.py:163} INFO - Started process (PID=20416) to work on /home/airflow/sandbox/lib/python3.8/site-packages/airflow/example_dags/example_skip_dag.py
[2022-01-05 20:51:51,390] {processor.py:642} INFO - Processing file /home/airflow/sandbox/lib/python3.8/site-packages/airflow/example_dags/example_skip_dag.py for tasks to queue
[2022-01-05 20:51:51,393] {logging_mixin.py:109} INFO - [2022-01-05 20:51:51,393] {dagbag.py:500} INFO - Filling up the DagBag from /home/airflow/sandbox/lib/python3.8/site-packages/airflow/example_dags/example_skip_dag.py
[2022-01-05 20:51:51,489] {processor.py:654} INFO - DAG(s) dict_keys(['example_skip_dag']) retrieved from /home/airflow/sandbox/lib/python3.8/site-packages/airflow/example_dags/example_skip_dag.py
[2022-01-05 20:51:51,505] {logging_mixin.py:109} INFO - [2022-01-05 20:51:51,505] {dag.py:2396} INFO - Sync 1 DAGs
[2022-01-05 20:51:51,546] {logging_mixin.py:109} INFO - [2022-01-05 20:51:51,546] {dag.py:2935} INFO - Setting next_dagrun for example_skip_dag to 2022-01-04T20:51:51.545803+00:00
[2022-01-05 20:51:51,557] {processor.py:171} INFO - Processing /home/airflow/sandbox/lib/python3.8/site-packages/airflow/example_dags/example_skip_dag.py took 0.193 seconds
[2022-01-05 20:52:21,957] {processor.py:163} INFO - Started process (PID=20655) to work on /home/airflow/sandbox/lib/python3.8/site-packages/airflow/example_dags/example_skip_dag.py
[2022-01-05 20:52:21,959] {processor.py:642} INFO - Processing file /home/airflow/sandbox/lib/python3.8/site-packages/airflow/example_dags/example_skip_dag.py for tasks to queue
[2022-01-05 20:52:21,960] {logging_mixin.py:109} INFO - [2022-01-05 20:52:21,960] {dagbag.py:500} INFO - Filling up the DagBag from /home/airflow/sandbox/lib/python3.8/site-packages/airflow/example_dags/example_skip_dag.py
[2022-01-05 20:52:22,051] {processor.py:654} INFO - DAG(s) dict_keys(['example_skip_dag']) retrieved from /home/airflow/sandbox/lib/python3.8/site-packages/airflow/example_dags/example_skip_dag.py
[2022-01-05 20:52:22,071] {logging_mixin.py:109} INFO - [2022-01-05 20:52:22,071] {dag.py:2396} INFO - Sync 1 DAGs
[2022-01-05 20:52:22,146] {logging_mixin.py:109} INFO - [2022-01-05 20:52:22,146] {dag.py:2935} INFO - Setting next_dagrun for example_skip_dag to 2022-01-04T20:52:22.142267+00:00
[2022-01-05 20:52:22,223] {processor.py:171} INFO - Processing /home/airflow/sandbox/lib/python3.8/site-packages/airflow/example_dags/example_skip_dag.py took 0.278 seconds
[2022-01-05 20:52:52,804] {processor.py:163} INFO - Started process (PID=20901) to work on /home/airflow/sandbox/lib/python3.8/site-packages/airflow/example_dags/example_skip_dag.py
[2022-01-05 20:52:52,808] {processor.py:642} INFO - Processing file /home/airflow/sandbox/lib/python3.8/site-packages/airflow/example_dags/example_skip_dag.py for tasks to queue
[2022-01-05 20:52:52,808] {logging_mixin.py:109} INFO - [2022-01-05 20:52:52,808] {dagbag.py:500} INFO - Filling up the DagBag from /home/airflow/sandbox/lib/python3.8/site-packages/airflow/example_dags/example_skip_dag.py
[2022-01-05 20:52:52,944] {processor.py:654} INFO - DAG(s) dict_keys(['example_skip_dag']) retrieved from /home/airflow/sandbox/lib/python3.8/site-packages/airflow/example_dags/example_skip_dag.py
[2022-01-05 20:52:53,008] {logging_mixin.py:109} INFO - [2022-01-05 20:52:53,008] {dag.py:2396} INFO - Sync 1 DAGs
[2022-01-05 20:52:53,090] {logging_mixin.py:109} INFO - [2022-01-05 20:52:53,090] {dag.py:2935} INFO - Setting next_dagrun for example_skip_dag to 2022-01-04T20:52:53.089735+00:00
[2022-01-05 20:52:53,155] {processor.py:171} INFO - Processing /home/airflow/sandbox/lib/python3.8/site-packages/airflow/example_dags/example_skip_dag.py took 0.361 seconds
[2022-01-05 20:53:23,896] {processor.py:163} INFO - Started process (PID=21213) to work on /home/airflow/sandbox/lib/python3.8/site-packages/airflow/example_dags/example_skip_dag.py
[2022-01-05 20:53:23,898] {processor.py:642} INFO - Processing file /home/airflow/sandbox/lib/python3.8/site-packages/airflow/example_dags/example_skip_dag.py for tasks to queue
[2022-01-05 20:53:23,898] {logging_mixin.py:109} INFO - [2022-01-05 20:53:23,898] {dagbag.py:500} INFO - Filling up the DagBag from /home/airflow/sandbox/lib/python3.8/site-packages/airflow/example_dags/example_skip_dag.py
[2022-01-05 20:53:24,009] {processor.py:654} INFO - DAG(s) dict_keys(['example_skip_dag']) retrieved from /home/airflow/sandbox/lib/python3.8/site-packages/airflow/example_dags/example_skip_dag.py
[2022-01-05 20:53:24,152] {logging_mixin.py:109} INFO - [2022-01-05 20:53:24,151] {dag.py:2396} INFO - Sync 1 DAGs
[2022-01-05 20:53:24,199] {logging_mixin.py:109} INFO - [2022-01-05 20:53:24,198] {dag.py:2935} INFO - Setting next_dagrun for example_skip_dag to 2022-01-04T20:53:24.198016+00:00
[2022-01-05 20:53:24,209] {processor.py:171} INFO - Processing /home/airflow/sandbox/lib/python3.8/site-packages/airflow/example_dags/example_skip_dag.py took 0.321 seconds
[2022-01-05 20:53:54,701] {processor.py:163} INFO - Started process (PID=21458) to work on /home/airflow/sandbox/lib/python3.8/site-packages/airflow/example_dags/example_skip_dag.py
[2022-01-05 20:53:54,727] {processor.py:642} INFO - Processing file /home/airflow/sandbox/lib/python3.8/site-packages/airflow/example_dags/example_skip_dag.py for tasks to queue
[2022-01-05 20:53:54,728] {logging_mixin.py:109} INFO - [2022-01-05 20:53:54,728] {dagbag.py:500} INFO - Filling up the DagBag from /home/airflow/sandbox/lib/python3.8/site-packages/airflow/example_dags/example_skip_dag.py
[2022-01-05 20:53:54,807] {processor.py:654} INFO - DAG(s) dict_keys(['example_skip_dag']) retrieved from /home/airflow/sandbox/lib/python3.8/site-packages/airflow/example_dags/example_skip_dag.py
[2022-01-05 20:53:54,859] {logging_mixin.py:109} INFO - [2022-01-05 20:53:54,859] {dag.py:2396} INFO - Sync 1 DAGs
[2022-01-05 20:53:54,905] {logging_mixin.py:109} INFO - [2022-01-05 20:53:54,905] {dag.py:2935} INFO - Setting next_dagrun for example_skip_dag to 2022-01-04T20:53:54.904223+00:00
[2022-01-05 20:53:54,981] {processor.py:171} INFO - Processing /home/airflow/sandbox/lib/python3.8/site-packages/airflow/example_dags/example_skip_dag.py took 0.283 seconds
[2022-01-05 20:54:25,106] {processor.py:163} INFO - Started process (PID=21705) to work on /home/airflow/sandbox/lib/python3.8/site-packages/airflow/example_dags/example_skip_dag.py
[2022-01-05 20:54:25,124] {processor.py:642} INFO - Processing file /home/airflow/sandbox/lib/python3.8/site-packages/airflow/example_dags/example_skip_dag.py for tasks to queue
[2022-01-05 20:54:25,125] {logging_mixin.py:109} INFO - [2022-01-05 20:54:25,124] {dagbag.py:500} INFO - Filling up the DagBag from /home/airflow/sandbox/lib/python3.8/site-packages/airflow/example_dags/example_skip_dag.py
[2022-01-05 20:54:25,254] {processor.py:654} INFO - DAG(s) dict_keys(['example_skip_dag']) retrieved from /home/airflow/sandbox/lib/python3.8/site-packages/airflow/example_dags/example_skip_dag.py
[2022-01-05 20:54:25,302] {logging_mixin.py:109} INFO - [2022-01-05 20:54:25,302] {dag.py:2396} INFO - Sync 1 DAGs
[2022-01-05 20:54:25,457] {logging_mixin.py:109} INFO - [2022-01-05 20:54:25,457] {dag.py:2935} INFO - Setting next_dagrun for example_skip_dag to 2022-01-04T20:54:25.457499+00:00
[2022-01-05 20:54:25,486] {processor.py:171} INFO - Processing /home/airflow/sandbox/lib/python3.8/site-packages/airflow/example_dags/example_skip_dag.py took 0.388 seconds
[2022-01-05 20:54:55,784] {processor.py:163} INFO - Started process (PID=21953) to work on /home/airflow/sandbox/lib/python3.8/site-packages/airflow/example_dags/example_skip_dag.py
[2022-01-05 20:54:55,785] {processor.py:642} INFO - Processing file /home/airflow/sandbox/lib/python3.8/site-packages/airflow/example_dags/example_skip_dag.py for tasks to queue
[2022-01-05 20:54:55,786] {logging_mixin.py:109} INFO - [2022-01-05 20:54:55,786] {dagbag.py:500} INFO - Filling up the DagBag from /home/airflow/sandbox/lib/python3.8/site-packages/airflow/example_dags/example_skip_dag.py
[2022-01-05 20:54:55,997] {processor.py:654} INFO - DAG(s) dict_keys(['example_skip_dag']) retrieved from /home/airflow/sandbox/lib/python3.8/site-packages/airflow/example_dags/example_skip_dag.py
[2022-01-05 20:54:56,032] {logging_mixin.py:109} INFO - [2022-01-05 20:54:56,032] {dag.py:2396} INFO - Sync 1 DAGs
[2022-01-05 20:54:56,104] {logging_mixin.py:109} INFO - [2022-01-05 20:54:56,104] {dag.py:2935} INFO - Setting next_dagrun for example_skip_dag to 2022-01-04T20:54:56.104427+00:00
[2022-01-05 20:54:56,150] {processor.py:171} INFO - Processing /home/airflow/sandbox/lib/python3.8/site-packages/airflow/example_dags/example_skip_dag.py took 0.371 seconds
[2022-01-05 20:55:27,137] {processor.py:163} INFO - Started process (PID=22199) to work on /home/airflow/sandbox/lib/python3.8/site-packages/airflow/example_dags/example_skip_dag.py
[2022-01-05 20:55:27,138] {processor.py:642} INFO - Processing file /home/airflow/sandbox/lib/python3.8/site-packages/airflow/example_dags/example_skip_dag.py for tasks to queue
[2022-01-05 20:55:27,146] {logging_mixin.py:109} INFO - [2022-01-05 20:55:27,146] {dagbag.py:500} INFO - Filling up the DagBag from /home/airflow/sandbox/lib/python3.8/site-packages/airflow/example_dags/example_skip_dag.py
[2022-01-05 20:55:27,530] {processor.py:654} INFO - DAG(s) dict_keys(['example_skip_dag']) retrieved from /home/airflow/sandbox/lib/python3.8/site-packages/airflow/example_dags/example_skip_dag.py
[2022-01-05 20:55:27,634] {logging_mixin.py:109} INFO - [2022-01-05 20:55:27,634] {dag.py:2396} INFO - Sync 1 DAGs
[2022-01-05 20:55:27,702] {logging_mixin.py:109} INFO - [2022-01-05 20:55:27,702] {dag.py:2935} INFO - Setting next_dagrun for example_skip_dag to 2022-01-04T20:55:27.701476+00:00
[2022-01-05 20:55:27,751] {processor.py:171} INFO - Processing /home/airflow/sandbox/lib/python3.8/site-packages/airflow/example_dags/example_skip_dag.py took 0.618 seconds
[2022-01-05 20:55:58,348] {processor.py:163} INFO - Started process (PID=22453) to work on /home/airflow/sandbox/lib/python3.8/site-packages/airflow/example_dags/example_skip_dag.py
[2022-01-05 20:55:58,352] {processor.py:642} INFO - Processing file /home/airflow/sandbox/lib/python3.8/site-packages/airflow/example_dags/example_skip_dag.py for tasks to queue
[2022-01-05 20:55:58,382] {logging_mixin.py:109} INFO - [2022-01-05 20:55:58,382] {dagbag.py:500} INFO - Filling up the DagBag from /home/airflow/sandbox/lib/python3.8/site-packages/airflow/example_dags/example_skip_dag.py
[2022-01-05 20:55:58,594] {processor.py:654} INFO - DAG(s) dict_keys(['example_skip_dag']) retrieved from /home/airflow/sandbox/lib/python3.8/site-packages/airflow/example_dags/example_skip_dag.py
[2022-01-05 20:55:58,780] {logging_mixin.py:109} INFO - [2022-01-05 20:55:58,780] {dag.py:2396} INFO - Sync 1 DAGs
[2022-01-05 20:55:58,895] {logging_mixin.py:109} INFO - [2022-01-05 20:55:58,894] {dag.py:2935} INFO - Setting next_dagrun for example_skip_dag to 2022-01-04T20:55:58.893676+00:00
[2022-01-05 20:55:58,947] {processor.py:171} INFO - Processing /home/airflow/sandbox/lib/python3.8/site-packages/airflow/example_dags/example_skip_dag.py took 0.613 seconds
[2022-01-05 20:56:30,792] {processor.py:163} INFO - Started process (PID=22708) to work on /home/airflow/sandbox/lib/python3.8/site-packages/airflow/example_dags/example_skip_dag.py
[2022-01-05 20:56:30,799] {processor.py:642} INFO - Processing file /home/airflow/sandbox/lib/python3.8/site-packages/airflow/example_dags/example_skip_dag.py for tasks to queue
[2022-01-05 20:56:30,801] {logging_mixin.py:109} INFO - [2022-01-05 20:56:30,801] {dagbag.py:500} INFO - Filling up the DagBag from /home/airflow/sandbox/lib/python3.8/site-packages/airflow/example_dags/example_skip_dag.py
[2022-01-05 20:56:31,039] {processor.py:654} INFO - DAG(s) dict_keys(['example_skip_dag']) retrieved from /home/airflow/sandbox/lib/python3.8/site-packages/airflow/example_dags/example_skip_dag.py
[2022-01-05 20:56:31,184] {logging_mixin.py:109} INFO - [2022-01-05 20:56:31,183] {dag.py:2396} INFO - Sync 1 DAGs
[2022-01-05 20:56:31,289] {logging_mixin.py:109} INFO - [2022-01-05 20:56:31,289] {dag.py:2935} INFO - Setting next_dagrun for example_skip_dag to 2022-01-04T20:56:31.288819+00:00
[2022-01-05 20:56:31,338] {processor.py:171} INFO - Processing /home/airflow/sandbox/lib/python3.8/site-packages/airflow/example_dags/example_skip_dag.py took 0.553 seconds
[2022-01-05 20:57:01,567] {processor.py:163} INFO - Started process (PID=22955) to work on /home/airflow/sandbox/lib/python3.8/site-packages/airflow/example_dags/example_skip_dag.py
[2022-01-05 20:57:01,568] {processor.py:642} INFO - Processing file /home/airflow/sandbox/lib/python3.8/site-packages/airflow/example_dags/example_skip_dag.py for tasks to queue
[2022-01-05 20:57:01,569] {logging_mixin.py:109} INFO - [2022-01-05 20:57:01,569] {dagbag.py:500} INFO - Filling up the DagBag from /home/airflow/sandbox/lib/python3.8/site-packages/airflow/example_dags/example_skip_dag.py
[2022-01-05 20:57:01,617] {processor.py:654} INFO - DAG(s) dict_keys(['example_skip_dag']) retrieved from /home/airflow/sandbox/lib/python3.8/site-packages/airflow/example_dags/example_skip_dag.py
[2022-01-05 20:57:01,631] {logging_mixin.py:109} INFO - [2022-01-05 20:57:01,631] {dag.py:2396} INFO - Sync 1 DAGs
[2022-01-05 20:57:01,654] {logging_mixin.py:109} INFO - [2022-01-05 20:57:01,654] {dag.py:2935} INFO - Setting next_dagrun for example_skip_dag to 2022-01-04T20:57:01.653603+00:00
[2022-01-05 20:57:01,671] {processor.py:171} INFO - Processing /home/airflow/sandbox/lib/python3.8/site-packages/airflow/example_dags/example_skip_dag.py took 0.111 seconds
[2022-01-05 20:57:32,290] {processor.py:163} INFO - Started process (PID=23190) to work on /home/airflow/sandbox/lib/python3.8/site-packages/airflow/example_dags/example_skip_dag.py
[2022-01-05 20:57:32,291] {processor.py:642} INFO - Processing file /home/airflow/sandbox/lib/python3.8/site-packages/airflow/example_dags/example_skip_dag.py for tasks to queue
[2022-01-05 20:57:32,293] {logging_mixin.py:109} INFO - [2022-01-05 20:57:32,293] {dagbag.py:500} INFO - Filling up the DagBag from /home/airflow/sandbox/lib/python3.8/site-packages/airflow/example_dags/example_skip_dag.py
[2022-01-05 20:57:32,398] {processor.py:654} INFO - DAG(s) dict_keys(['example_skip_dag']) retrieved from /home/airflow/sandbox/lib/python3.8/site-packages/airflow/example_dags/example_skip_dag.py
[2022-01-05 20:57:32,443] {logging_mixin.py:109} INFO - [2022-01-05 20:57:32,443] {dag.py:2396} INFO - Sync 1 DAGs
[2022-01-05 20:57:32,531] {logging_mixin.py:109} INFO - [2022-01-05 20:57:32,531] {dag.py:2935} INFO - Setting next_dagrun for example_skip_dag to 2022-01-04T20:57:32.530408+00:00
[2022-01-05 20:57:32,588] {processor.py:171} INFO - Processing /home/airflow/sandbox/lib/python3.8/site-packages/airflow/example_dags/example_skip_dag.py took 0.302 seconds
[2022-01-05 20:58:02,843] {processor.py:163} INFO - Started process (PID=23434) to work on /home/airflow/sandbox/lib/python3.8/site-packages/airflow/example_dags/example_skip_dag.py
[2022-01-05 20:58:02,845] {processor.py:642} INFO - Processing file /home/airflow/sandbox/lib/python3.8/site-packages/airflow/example_dags/example_skip_dag.py for tasks to queue
[2022-01-05 20:58:02,847] {logging_mixin.py:109} INFO - [2022-01-05 20:58:02,846] {dagbag.py:500} INFO - Filling up the DagBag from /home/airflow/sandbox/lib/python3.8/site-packages/airflow/example_dags/example_skip_dag.py
[2022-01-05 20:58:02,982] {processor.py:654} INFO - DAG(s) dict_keys(['example_skip_dag']) retrieved from /home/airflow/sandbox/lib/python3.8/site-packages/airflow/example_dags/example_skip_dag.py
[2022-01-05 20:58:03,000] {logging_mixin.py:109} INFO - [2022-01-05 20:58:03,000] {dag.py:2396} INFO - Sync 1 DAGs
[2022-01-05 20:58:03,045] {logging_mixin.py:109} INFO - [2022-01-05 20:58:03,045] {dag.py:2935} INFO - Setting next_dagrun for example_skip_dag to 2022-01-04T20:58:03.045422+00:00
[2022-01-05 20:58:03,083] {processor.py:171} INFO - Processing /home/airflow/sandbox/lib/python3.8/site-packages/airflow/example_dags/example_skip_dag.py took 0.244 seconds
[2022-01-05 20:58:33,678] {processor.py:163} INFO - Started process (PID=23741) to work on /home/airflow/sandbox/lib/python3.8/site-packages/airflow/example_dags/example_skip_dag.py
[2022-01-05 20:58:33,680] {processor.py:642} INFO - Processing file /home/airflow/sandbox/lib/python3.8/site-packages/airflow/example_dags/example_skip_dag.py for tasks to queue
[2022-01-05 20:58:33,681] {logging_mixin.py:109} INFO - [2022-01-05 20:58:33,681] {dagbag.py:500} INFO - Filling up the DagBag from /home/airflow/sandbox/lib/python3.8/site-packages/airflow/example_dags/example_skip_dag.py
[2022-01-05 20:58:33,854] {processor.py:654} INFO - DAG(s) dict_keys(['example_skip_dag']) retrieved from /home/airflow/sandbox/lib/python3.8/site-packages/airflow/example_dags/example_skip_dag.py
[2022-01-05 20:58:33,986] {logging_mixin.py:109} INFO - [2022-01-05 20:58:33,985] {dag.py:2396} INFO - Sync 1 DAGs
[2022-01-05 20:58:34,186] {logging_mixin.py:109} INFO - [2022-01-05 20:58:34,186] {dag.py:2935} INFO - Setting next_dagrun for example_skip_dag to 2022-01-04T20:58:34.185307+00:00
[2022-01-05 20:58:34,244] {processor.py:171} INFO - Processing /home/airflow/sandbox/lib/python3.8/site-packages/airflow/example_dags/example_skip_dag.py took 0.596 seconds
[2022-01-05 20:59:05,254] {processor.py:163} INFO - Started process (PID=23989) to work on /home/airflow/sandbox/lib/python3.8/site-packages/airflow/example_dags/example_skip_dag.py
[2022-01-05 20:59:05,277] {processor.py:642} INFO - Processing file /home/airflow/sandbox/lib/python3.8/site-packages/airflow/example_dags/example_skip_dag.py for tasks to queue
[2022-01-05 20:59:05,279] {logging_mixin.py:109} INFO - [2022-01-05 20:59:05,279] {dagbag.py:500} INFO - Filling up the DagBag from /home/airflow/sandbox/lib/python3.8/site-packages/airflow/example_dags/example_skip_dag.py
[2022-01-05 20:59:05,529] {processor.py:654} INFO - DAG(s) dict_keys(['example_skip_dag']) retrieved from /home/airflow/sandbox/lib/python3.8/site-packages/airflow/example_dags/example_skip_dag.py
[2022-01-05 20:59:05,543] {logging_mixin.py:109} INFO - [2022-01-05 20:59:05,542] {dag.py:2396} INFO - Sync 1 DAGs
[2022-01-05 20:59:05,589] {logging_mixin.py:109} INFO - [2022-01-05 20:59:05,589] {dag.py:2935} INFO - Setting next_dagrun for example_skip_dag to 2022-01-04T20:59:05.588430+00:00
[2022-01-05 20:59:05,699] {processor.py:171} INFO - Processing /home/airflow/sandbox/lib/python3.8/site-packages/airflow/example_dags/example_skip_dag.py took 0.450 seconds
[2022-01-05 20:59:36,778] {processor.py:163} INFO - Started process (PID=24230) to work on /home/airflow/sandbox/lib/python3.8/site-packages/airflow/example_dags/example_skip_dag.py
[2022-01-05 20:59:36,781] {processor.py:642} INFO - Processing file /home/airflow/sandbox/lib/python3.8/site-packages/airflow/example_dags/example_skip_dag.py for tasks to queue
[2022-01-05 20:59:36,783] {logging_mixin.py:109} INFO - [2022-01-05 20:59:36,783] {dagbag.py:500} INFO - Filling up the DagBag from /home/airflow/sandbox/lib/python3.8/site-packages/airflow/example_dags/example_skip_dag.py
[2022-01-05 20:59:36,903] {processor.py:654} INFO - DAG(s) dict_keys(['example_skip_dag']) retrieved from /home/airflow/sandbox/lib/python3.8/site-packages/airflow/example_dags/example_skip_dag.py
[2022-01-05 20:59:36,999] {logging_mixin.py:109} INFO - [2022-01-05 20:59:36,998] {dag.py:2396} INFO - Sync 1 DAGs
[2022-01-05 20:59:37,191] {logging_mixin.py:109} INFO - [2022-01-05 20:59:37,190] {dag.py:2935} INFO - Setting next_dagrun for example_skip_dag to 2022-01-04T20:59:37.190131+00:00
[2022-01-05 20:59:37,280] {processor.py:171} INFO - Processing /home/airflow/sandbox/lib/python3.8/site-packages/airflow/example_dags/example_skip_dag.py took 0.533 seconds
[2022-01-05 21:00:07,584] {processor.py:163} INFO - Started process (PID=24471) to work on /home/airflow/sandbox/lib/python3.8/site-packages/airflow/example_dags/example_skip_dag.py
[2022-01-05 21:00:07,585] {processor.py:642} INFO - Processing file /home/airflow/sandbox/lib/python3.8/site-packages/airflow/example_dags/example_skip_dag.py for tasks to queue
[2022-01-05 21:00:07,586] {logging_mixin.py:109} INFO - [2022-01-05 21:00:07,585] {dagbag.py:500} INFO - Filling up the DagBag from /home/airflow/sandbox/lib/python3.8/site-packages/airflow/example_dags/example_skip_dag.py
[2022-01-05 21:00:07,881] {processor.py:654} INFO - DAG(s) dict_keys(['example_skip_dag']) retrieved from /home/airflow/sandbox/lib/python3.8/site-packages/airflow/example_dags/example_skip_dag.py
[2022-01-05 21:00:07,899] {logging_mixin.py:109} INFO - [2022-01-05 21:00:07,899] {dag.py:2396} INFO - Sync 1 DAGs
[2022-01-05 21:00:07,987] {logging_mixin.py:109} INFO - [2022-01-05 21:00:07,986] {dag.py:2935} INFO - Setting next_dagrun for example_skip_dag to 2022-01-04T21:00:07.985435+00:00
[2022-01-05 21:00:08,075] {processor.py:171} INFO - Processing /home/airflow/sandbox/lib/python3.8/site-packages/airflow/example_dags/example_skip_dag.py took 0.494 seconds
