[2022-01-05 20:07:31,648] {processor.py:163} INFO - Started process (PID=2578) to work on /home/airflow/sandbox/lib/python3.8/site-packages/airflow/example_dags/example_branch_day_of_week_operator.py
[2022-01-05 20:07:31,743] {processor.py:642} INFO - Processing file /home/airflow/sandbox/lib/python3.8/site-packages/airflow/example_dags/example_branch_day_of_week_operator.py for tasks to queue
[2022-01-05 20:07:31,744] {logging_mixin.py:109} INFO - [2022-01-05 20:07:31,744] {dagbag.py:500} INFO - Filling up the DagBag from /home/airflow/sandbox/lib/python3.8/site-packages/airflow/example_dags/example_branch_day_of_week_operator.py
[2022-01-05 20:07:32,125] {processor.py:654} INFO - DAG(s) dict_keys(['example_weekday_branch_operator']) retrieved from /home/airflow/sandbox/lib/python3.8/site-packages/airflow/example_dags/example_branch_day_of_week_operator.py
[2022-01-05 20:07:32,224] {logging_mixin.py:109} INFO - [2022-01-05 20:07:32,223] {dag.py:2396} INFO - Sync 1 DAGs
[2022-01-05 20:07:32,452] {logging_mixin.py:109} INFO - [2022-01-05 20:07:32,452] {dag.py:2935} INFO - Setting next_dagrun for example_weekday_branch_operator to 2022-01-04 00:00:00+00:00
[2022-01-05 20:07:32,595] {processor.py:171} INFO - Processing /home/airflow/sandbox/lib/python3.8/site-packages/airflow/example_dags/example_branch_day_of_week_operator.py took 1.067 seconds
[2022-01-05 20:08:02,911] {processor.py:163} INFO - Started process (PID=2848) to work on /home/airflow/sandbox/lib/python3.8/site-packages/airflow/example_dags/example_branch_day_of_week_operator.py
[2022-01-05 20:08:02,912] {processor.py:642} INFO - Processing file /home/airflow/sandbox/lib/python3.8/site-packages/airflow/example_dags/example_branch_day_of_week_operator.py for tasks to queue
[2022-01-05 20:08:02,913] {logging_mixin.py:109} INFO - [2022-01-05 20:08:02,913] {dagbag.py:500} INFO - Filling up the DagBag from /home/airflow/sandbox/lib/python3.8/site-packages/airflow/example_dags/example_branch_day_of_week_operator.py
[2022-01-05 20:08:03,091] {processor.py:654} INFO - DAG(s) dict_keys(['example_weekday_branch_operator']) retrieved from /home/airflow/sandbox/lib/python3.8/site-packages/airflow/example_dags/example_branch_day_of_week_operator.py
[2022-01-05 20:08:03,134] {logging_mixin.py:109} INFO - [2022-01-05 20:08:03,134] {dag.py:2396} INFO - Sync 1 DAGs
[2022-01-05 20:08:03,198] {logging_mixin.py:109} INFO - [2022-01-05 20:08:03,198] {dag.py:2935} INFO - Setting next_dagrun for example_weekday_branch_operator to 2022-01-04 00:00:00+00:00
[2022-01-05 20:08:03,251] {processor.py:171} INFO - Processing /home/airflow/sandbox/lib/python3.8/site-packages/airflow/example_dags/example_branch_day_of_week_operator.py took 0.347 seconds
[2022-01-05 20:08:33,559] {processor.py:163} INFO - Started process (PID=3149) to work on /home/airflow/sandbox/lib/python3.8/site-packages/airflow/example_dags/example_branch_day_of_week_operator.py
[2022-01-05 20:08:33,564] {processor.py:642} INFO - Processing file /home/airflow/sandbox/lib/python3.8/site-packages/airflow/example_dags/example_branch_day_of_week_operator.py for tasks to queue
[2022-01-05 20:08:33,564] {logging_mixin.py:109} INFO - [2022-01-05 20:08:33,564] {dagbag.py:500} INFO - Filling up the DagBag from /home/airflow/sandbox/lib/python3.8/site-packages/airflow/example_dags/example_branch_day_of_week_operator.py
[2022-01-05 20:08:33,709] {processor.py:654} INFO - DAG(s) dict_keys(['example_weekday_branch_operator']) retrieved from /home/airflow/sandbox/lib/python3.8/site-packages/airflow/example_dags/example_branch_day_of_week_operator.py
[2022-01-05 20:08:33,764] {logging_mixin.py:109} INFO - [2022-01-05 20:08:33,764] {dag.py:2396} INFO - Sync 1 DAGs
[2022-01-05 20:08:33,799] {logging_mixin.py:109} INFO - [2022-01-05 20:08:33,799] {dag.py:2935} INFO - Setting next_dagrun for example_weekday_branch_operator to 2022-01-04 00:00:00+00:00
[2022-01-05 20:08:33,811] {processor.py:171} INFO - Processing /home/airflow/sandbox/lib/python3.8/site-packages/airflow/example_dags/example_branch_day_of_week_operator.py took 0.260 seconds
[2022-01-05 20:09:04,145] {processor.py:163} INFO - Started process (PID=3363) to work on /home/airflow/sandbox/lib/python3.8/site-packages/airflow/example_dags/example_branch_day_of_week_operator.py
[2022-01-05 20:09:04,146] {processor.py:642} INFO - Processing file /home/airflow/sandbox/lib/python3.8/site-packages/airflow/example_dags/example_branch_day_of_week_operator.py for tasks to queue
[2022-01-05 20:09:04,148] {logging_mixin.py:109} INFO - [2022-01-05 20:09:04,148] {dagbag.py:500} INFO - Filling up the DagBag from /home/airflow/sandbox/lib/python3.8/site-packages/airflow/example_dags/example_branch_day_of_week_operator.py
[2022-01-05 20:09:04,242] {processor.py:654} INFO - DAG(s) dict_keys(['example_weekday_branch_operator']) retrieved from /home/airflow/sandbox/lib/python3.8/site-packages/airflow/example_dags/example_branch_day_of_week_operator.py
[2022-01-05 20:09:04,260] {logging_mixin.py:109} INFO - [2022-01-05 20:09:04,259] {dag.py:2396} INFO - Sync 1 DAGs
[2022-01-05 20:09:04,301] {logging_mixin.py:109} INFO - [2022-01-05 20:09:04,301] {dag.py:2935} INFO - Setting next_dagrun for example_weekday_branch_operator to 2022-01-04 00:00:00+00:00
[2022-01-05 20:09:04,364] {processor.py:171} INFO - Processing /home/airflow/sandbox/lib/python3.8/site-packages/airflow/example_dags/example_branch_day_of_week_operator.py took 0.225 seconds
[2022-01-05 20:09:37,771] {processor.py:163} INFO - Started process (PID=4361) to work on /home/airflow/sandbox/lib/python3.8/site-packages/airflow/example_dags/example_branch_day_of_week_operator.py
[2022-01-05 20:09:37,777] {processor.py:642} INFO - Processing file /home/airflow/sandbox/lib/python3.8/site-packages/airflow/example_dags/example_branch_day_of_week_operator.py for tasks to queue
[2022-01-05 20:09:37,779] {logging_mixin.py:109} INFO - [2022-01-05 20:09:37,779] {dagbag.py:500} INFO - Filling up the DagBag from /home/airflow/sandbox/lib/python3.8/site-packages/airflow/example_dags/example_branch_day_of_week_operator.py
[2022-01-05 20:09:38,474] {processor.py:654} INFO - DAG(s) dict_keys(['example_weekday_branch_operator']) retrieved from /home/airflow/sandbox/lib/python3.8/site-packages/airflow/example_dags/example_branch_day_of_week_operator.py
[2022-01-05 20:09:38,523] {logging_mixin.py:109} INFO - [2022-01-05 20:09:38,522] {dag.py:2396} INFO - Sync 1 DAGs
[2022-01-05 20:09:38,658] {logging_mixin.py:109} INFO - [2022-01-05 20:09:38,657] {dag.py:2935} INFO - Setting next_dagrun for example_weekday_branch_operator to 2022-01-04 00:00:00+00:00
[2022-01-05 20:09:38,682] {processor.py:171} INFO - Processing /home/airflow/sandbox/lib/python3.8/site-packages/airflow/example_dags/example_branch_day_of_week_operator.py took 0.956 seconds
[2022-01-05 20:10:08,899] {processor.py:163} INFO - Started process (PID=4764) to work on /home/airflow/sandbox/lib/python3.8/site-packages/airflow/example_dags/example_branch_day_of_week_operator.py
[2022-01-05 20:10:08,915] {processor.py:642} INFO - Processing file /home/airflow/sandbox/lib/python3.8/site-packages/airflow/example_dags/example_branch_day_of_week_operator.py for tasks to queue
[2022-01-05 20:10:08,939] {logging_mixin.py:109} INFO - [2022-01-05 20:10:08,938] {dagbag.py:500} INFO - Filling up the DagBag from /home/airflow/sandbox/lib/python3.8/site-packages/airflow/example_dags/example_branch_day_of_week_operator.py
[2022-01-05 20:10:09,103] {processor.py:654} INFO - DAG(s) dict_keys(['example_weekday_branch_operator']) retrieved from /home/airflow/sandbox/lib/python3.8/site-packages/airflow/example_dags/example_branch_day_of_week_operator.py
[2022-01-05 20:10:09,189] {logging_mixin.py:109} INFO - [2022-01-05 20:10:09,188] {dag.py:2396} INFO - Sync 1 DAGs
[2022-01-05 20:10:09,205] {logging_mixin.py:109} INFO - [2022-01-05 20:10:09,205] {dag.py:2935} INFO - Setting next_dagrun for example_weekday_branch_operator to 2022-01-04 00:00:00+00:00
[2022-01-05 20:10:09,252] {processor.py:171} INFO - Processing /home/airflow/sandbox/lib/python3.8/site-packages/airflow/example_dags/example_branch_day_of_week_operator.py took 0.394 seconds
[2022-01-05 20:10:40,252] {processor.py:163} INFO - Started process (PID=4883) to work on /home/airflow/sandbox/lib/python3.8/site-packages/airflow/example_dags/example_branch_day_of_week_operator.py
[2022-01-05 20:10:40,275] {processor.py:642} INFO - Processing file /home/airflow/sandbox/lib/python3.8/site-packages/airflow/example_dags/example_branch_day_of_week_operator.py for tasks to queue
[2022-01-05 20:10:40,276] {logging_mixin.py:109} INFO - [2022-01-05 20:10:40,276] {dagbag.py:500} INFO - Filling up the DagBag from /home/airflow/sandbox/lib/python3.8/site-packages/airflow/example_dags/example_branch_day_of_week_operator.py
[2022-01-05 20:10:40,629] {processor.py:654} INFO - DAG(s) dict_keys(['example_weekday_branch_operator']) retrieved from /home/airflow/sandbox/lib/python3.8/site-packages/airflow/example_dags/example_branch_day_of_week_operator.py
[2022-01-05 20:10:40,849] {logging_mixin.py:109} INFO - [2022-01-05 20:10:40,849] {dag.py:2396} INFO - Sync 1 DAGs
[2022-01-05 20:10:41,032] {logging_mixin.py:109} INFO - [2022-01-05 20:10:41,032] {dag.py:2935} INFO - Setting next_dagrun for example_weekday_branch_operator to 2022-01-04 00:00:00+00:00
[2022-01-05 20:10:41,135] {processor.py:171} INFO - Processing /home/airflow/sandbox/lib/python3.8/site-packages/airflow/example_dags/example_branch_day_of_week_operator.py took 0.934 seconds
[2022-01-05 20:11:12,031] {processor.py:163} INFO - Started process (PID=5040) to work on /home/airflow/sandbox/lib/python3.8/site-packages/airflow/example_dags/example_branch_day_of_week_operator.py
[2022-01-05 20:11:12,041] {processor.py:642} INFO - Processing file /home/airflow/sandbox/lib/python3.8/site-packages/airflow/example_dags/example_branch_day_of_week_operator.py for tasks to queue
[2022-01-05 20:11:12,050] {logging_mixin.py:109} INFO - [2022-01-05 20:11:12,050] {dagbag.py:500} INFO - Filling up the DagBag from /home/airflow/sandbox/lib/python3.8/site-packages/airflow/example_dags/example_branch_day_of_week_operator.py
[2022-01-05 20:11:12,283] {processor.py:654} INFO - DAG(s) dict_keys(['example_weekday_branch_operator']) retrieved from /home/airflow/sandbox/lib/python3.8/site-packages/airflow/example_dags/example_branch_day_of_week_operator.py
[2022-01-05 20:11:12,322] {logging_mixin.py:109} INFO - [2022-01-05 20:11:12,322] {dag.py:2396} INFO - Sync 1 DAGs
[2022-01-05 20:11:12,480] {logging_mixin.py:109} INFO - [2022-01-05 20:11:12,480] {dag.py:2935} INFO - Setting next_dagrun for example_weekday_branch_operator to 2022-01-04 00:00:00+00:00
[2022-01-05 20:11:12,529] {processor.py:171} INFO - Processing /home/airflow/sandbox/lib/python3.8/site-packages/airflow/example_dags/example_branch_day_of_week_operator.py took 0.506 seconds
[2022-01-05 20:11:42,939] {processor.py:163} INFO - Started process (PID=5133) to work on /home/airflow/sandbox/lib/python3.8/site-packages/airflow/example_dags/example_branch_day_of_week_operator.py
[2022-01-05 20:11:42,965] {processor.py:642} INFO - Processing file /home/airflow/sandbox/lib/python3.8/site-packages/airflow/example_dags/example_branch_day_of_week_operator.py for tasks to queue
[2022-01-05 20:11:42,966] {logging_mixin.py:109} INFO - [2022-01-05 20:11:42,966] {dagbag.py:500} INFO - Filling up the DagBag from /home/airflow/sandbox/lib/python3.8/site-packages/airflow/example_dags/example_branch_day_of_week_operator.py
[2022-01-05 20:11:43,167] {processor.py:654} INFO - DAG(s) dict_keys(['example_weekday_branch_operator']) retrieved from /home/airflow/sandbox/lib/python3.8/site-packages/airflow/example_dags/example_branch_day_of_week_operator.py
[2022-01-05 20:11:43,226] {logging_mixin.py:109} INFO - [2022-01-05 20:11:43,226] {dag.py:2396} INFO - Sync 1 DAGs
[2022-01-05 20:11:43,417] {logging_mixin.py:109} INFO - [2022-01-05 20:11:43,417] {dag.py:2935} INFO - Setting next_dagrun for example_weekday_branch_operator to 2022-01-04 00:00:00+00:00
[2022-01-05 20:11:43,479] {processor.py:171} INFO - Processing /home/airflow/sandbox/lib/python3.8/site-packages/airflow/example_dags/example_branch_day_of_week_operator.py took 0.543 seconds
[2022-01-05 20:12:14,136] {processor.py:163} INFO - Started process (PID=5263) to work on /home/airflow/sandbox/lib/python3.8/site-packages/airflow/example_dags/example_branch_day_of_week_operator.py
[2022-01-05 20:12:14,146] {processor.py:642} INFO - Processing file /home/airflow/sandbox/lib/python3.8/site-packages/airflow/example_dags/example_branch_day_of_week_operator.py for tasks to queue
[2022-01-05 20:12:14,146] {logging_mixin.py:109} INFO - [2022-01-05 20:12:14,146] {dagbag.py:500} INFO - Filling up the DagBag from /home/airflow/sandbox/lib/python3.8/site-packages/airflow/example_dags/example_branch_day_of_week_operator.py
[2022-01-05 20:12:14,322] {processor.py:654} INFO - DAG(s) dict_keys(['example_weekday_branch_operator']) retrieved from /home/airflow/sandbox/lib/python3.8/site-packages/airflow/example_dags/example_branch_day_of_week_operator.py
[2022-01-05 20:12:14,384] {logging_mixin.py:109} INFO - [2022-01-05 20:12:14,384] {dag.py:2396} INFO - Sync 1 DAGs
[2022-01-05 20:12:14,437] {logging_mixin.py:109} INFO - [2022-01-05 20:12:14,437] {dag.py:2935} INFO - Setting next_dagrun for example_weekday_branch_operator to 2022-01-04 00:00:00+00:00
[2022-01-05 20:12:14,477] {processor.py:171} INFO - Processing /home/airflow/sandbox/lib/python3.8/site-packages/airflow/example_dags/example_branch_day_of_week_operator.py took 0.353 seconds
[2022-01-05 20:12:44,664] {processor.py:163} INFO - Started process (PID=5357) to work on /home/airflow/sandbox/lib/python3.8/site-packages/airflow/example_dags/example_branch_day_of_week_operator.py
[2022-01-05 20:12:44,666] {processor.py:642} INFO - Processing file /home/airflow/sandbox/lib/python3.8/site-packages/airflow/example_dags/example_branch_day_of_week_operator.py for tasks to queue
[2022-01-05 20:12:44,667] {logging_mixin.py:109} INFO - [2022-01-05 20:12:44,667] {dagbag.py:500} INFO - Filling up the DagBag from /home/airflow/sandbox/lib/python3.8/site-packages/airflow/example_dags/example_branch_day_of_week_operator.py
[2022-01-05 20:12:44,829] {processor.py:654} INFO - DAG(s) dict_keys(['example_weekday_branch_operator']) retrieved from /home/airflow/sandbox/lib/python3.8/site-packages/airflow/example_dags/example_branch_day_of_week_operator.py
[2022-01-05 20:12:44,879] {logging_mixin.py:109} INFO - [2022-01-05 20:12:44,879] {dag.py:2396} INFO - Sync 1 DAGs
[2022-01-05 20:12:44,946] {logging_mixin.py:109} INFO - [2022-01-05 20:12:44,946] {dag.py:2935} INFO - Setting next_dagrun for example_weekday_branch_operator to 2022-01-04 00:00:00+00:00
[2022-01-05 20:12:45,014] {processor.py:171} INFO - Processing /home/airflow/sandbox/lib/python3.8/site-packages/airflow/example_dags/example_branch_day_of_week_operator.py took 0.369 seconds
[2022-01-05 20:28:26,107] {processor.py:163} INFO - Started process (PID=7239) to work on /home/airflow/sandbox/lib/python3.8/site-packages/airflow/example_dags/example_branch_day_of_week_operator.py
[2022-01-05 20:28:26,134] {processor.py:642} INFO - Processing file /home/airflow/sandbox/lib/python3.8/site-packages/airflow/example_dags/example_branch_day_of_week_operator.py for tasks to queue
[2022-01-05 20:28:26,138] {logging_mixin.py:109} INFO - [2022-01-05 20:28:26,137] {dagbag.py:500} INFO - Filling up the DagBag from /home/airflow/sandbox/lib/python3.8/site-packages/airflow/example_dags/example_branch_day_of_week_operator.py
[2022-01-05 20:28:26,739] {processor.py:654} INFO - DAG(s) dict_keys(['example_weekday_branch_operator']) retrieved from /home/airflow/sandbox/lib/python3.8/site-packages/airflow/example_dags/example_branch_day_of_week_operator.py
[2022-01-05 20:28:27,035] {logging_mixin.py:109} INFO - [2022-01-05 20:28:27,035] {dag.py:2396} INFO - Sync 1 DAGs
[2022-01-05 20:28:27,199] {logging_mixin.py:109} INFO - [2022-01-05 20:28:27,199] {dag.py:2935} INFO - Setting next_dagrun for example_weekday_branch_operator to 2022-01-04 00:00:00+00:00
[2022-01-05 20:28:27,291] {processor.py:171} INFO - Processing /home/airflow/sandbox/lib/python3.8/site-packages/airflow/example_dags/example_branch_day_of_week_operator.py took 1.195 seconds
[2022-01-05 20:29:17,752] {processor.py:163} INFO - Started process (PID=7683) to work on /home/airflow/sandbox/lib/python3.8/site-packages/airflow/example_dags/example_branch_day_of_week_operator.py
[2022-01-05 20:29:17,759] {processor.py:642} INFO - Processing file /home/airflow/sandbox/lib/python3.8/site-packages/airflow/example_dags/example_branch_day_of_week_operator.py for tasks to queue
[2022-01-05 20:29:17,788] {logging_mixin.py:109} INFO - [2022-01-05 20:29:17,788] {dagbag.py:500} INFO - Filling up the DagBag from /home/airflow/sandbox/lib/python3.8/site-packages/airflow/example_dags/example_branch_day_of_week_operator.py
[2022-01-05 20:29:18,355] {processor.py:654} INFO - DAG(s) dict_keys(['example_weekday_branch_operator']) retrieved from /home/airflow/sandbox/lib/python3.8/site-packages/airflow/example_dags/example_branch_day_of_week_operator.py
[2022-01-05 20:29:18,608] {logging_mixin.py:109} INFO - [2022-01-05 20:29:18,608] {dag.py:2396} INFO - Sync 1 DAGs
[2022-01-05 20:29:19,006] {logging_mixin.py:109} INFO - [2022-01-05 20:29:19,005] {dag.py:2935} INFO - Setting next_dagrun for example_weekday_branch_operator to 2022-01-04 00:00:00+00:00
[2022-01-05 20:29:19,146] {processor.py:171} INFO - Processing /home/airflow/sandbox/lib/python3.8/site-packages/airflow/example_dags/example_branch_day_of_week_operator.py took 1.554 seconds
[2022-01-05 20:29:49,884] {processor.py:163} INFO - Started process (PID=7926) to work on /home/airflow/sandbox/lib/python3.8/site-packages/airflow/example_dags/example_branch_day_of_week_operator.py
[2022-01-05 20:29:49,888] {processor.py:642} INFO - Processing file /home/airflow/sandbox/lib/python3.8/site-packages/airflow/example_dags/example_branch_day_of_week_operator.py for tasks to queue
[2022-01-05 20:29:49,888] {logging_mixin.py:109} INFO - [2022-01-05 20:29:49,888] {dagbag.py:500} INFO - Filling up the DagBag from /home/airflow/sandbox/lib/python3.8/site-packages/airflow/example_dags/example_branch_day_of_week_operator.py
[2022-01-05 20:29:49,955] {processor.py:654} INFO - DAG(s) dict_keys(['example_weekday_branch_operator']) retrieved from /home/airflow/sandbox/lib/python3.8/site-packages/airflow/example_dags/example_branch_day_of_week_operator.py
[2022-01-05 20:29:49,991] {logging_mixin.py:109} INFO - [2022-01-05 20:29:49,991] {dag.py:2396} INFO - Sync 1 DAGs
[2022-01-05 20:29:50,103] {logging_mixin.py:109} INFO - [2022-01-05 20:29:50,102] {dag.py:2935} INFO - Setting next_dagrun for example_weekday_branch_operator to 2022-01-04 00:00:00+00:00
[2022-01-05 20:29:50,143] {processor.py:171} INFO - Processing /home/airflow/sandbox/lib/python3.8/site-packages/airflow/example_dags/example_branch_day_of_week_operator.py took 0.283 seconds
[2022-01-05 20:30:20,381] {processor.py:163} INFO - Started process (PID=8293) to work on /home/airflow/sandbox/lib/python3.8/site-packages/airflow/example_dags/example_branch_day_of_week_operator.py
[2022-01-05 20:30:20,384] {processor.py:642} INFO - Processing file /home/airflow/sandbox/lib/python3.8/site-packages/airflow/example_dags/example_branch_day_of_week_operator.py for tasks to queue
[2022-01-05 20:30:20,385] {logging_mixin.py:109} INFO - [2022-01-05 20:30:20,385] {dagbag.py:500} INFO - Filling up the DagBag from /home/airflow/sandbox/lib/python3.8/site-packages/airflow/example_dags/example_branch_day_of_week_operator.py
[2022-01-05 20:30:20,449] {processor.py:654} INFO - DAG(s) dict_keys(['example_weekday_branch_operator']) retrieved from /home/airflow/sandbox/lib/python3.8/site-packages/airflow/example_dags/example_branch_day_of_week_operator.py
[2022-01-05 20:30:20,477] {logging_mixin.py:109} INFO - [2022-01-05 20:30:20,477] {dag.py:2396} INFO - Sync 1 DAGs
[2022-01-05 20:30:20,497] {logging_mixin.py:109} INFO - [2022-01-05 20:30:20,497] {dag.py:2935} INFO - Setting next_dagrun for example_weekday_branch_operator to 2022-01-04 00:00:00+00:00
[2022-01-05 20:30:20,522] {processor.py:171} INFO - Processing /home/airflow/sandbox/lib/python3.8/site-packages/airflow/example_dags/example_branch_day_of_week_operator.py took 0.146 seconds
[2022-01-05 20:30:50,686] {processor.py:163} INFO - Started process (PID=8625) to work on /home/airflow/sandbox/lib/python3.8/site-packages/airflow/example_dags/example_branch_day_of_week_operator.py
[2022-01-05 20:30:50,688] {processor.py:642} INFO - Processing file /home/airflow/sandbox/lib/python3.8/site-packages/airflow/example_dags/example_branch_day_of_week_operator.py for tasks to queue
[2022-01-05 20:30:50,690] {logging_mixin.py:109} INFO - [2022-01-05 20:30:50,689] {dagbag.py:500} INFO - Filling up the DagBag from /home/airflow/sandbox/lib/python3.8/site-packages/airflow/example_dags/example_branch_day_of_week_operator.py
[2022-01-05 20:30:50,878] {processor.py:654} INFO - DAG(s) dict_keys(['example_weekday_branch_operator']) retrieved from /home/airflow/sandbox/lib/python3.8/site-packages/airflow/example_dags/example_branch_day_of_week_operator.py
[2022-01-05 20:30:51,092] {logging_mixin.py:109} INFO - [2022-01-05 20:30:51,092] {dag.py:2396} INFO - Sync 1 DAGs
[2022-01-05 20:30:51,200] {logging_mixin.py:109} INFO - [2022-01-05 20:30:51,200] {dag.py:2935} INFO - Setting next_dagrun for example_weekday_branch_operator to 2022-01-04 00:00:00+00:00
[2022-01-05 20:30:51,243] {processor.py:171} INFO - Processing /home/airflow/sandbox/lib/python3.8/site-packages/airflow/example_dags/example_branch_day_of_week_operator.py took 0.562 seconds
[2022-01-05 20:31:21,591] {processor.py:163} INFO - Started process (PID=9029) to work on /home/airflow/sandbox/lib/python3.8/site-packages/airflow/example_dags/example_branch_day_of_week_operator.py
[2022-01-05 20:31:21,592] {processor.py:642} INFO - Processing file /home/airflow/sandbox/lib/python3.8/site-packages/airflow/example_dags/example_branch_day_of_week_operator.py for tasks to queue
[2022-01-05 20:31:21,592] {logging_mixin.py:109} INFO - [2022-01-05 20:31:21,592] {dagbag.py:500} INFO - Filling up the DagBag from /home/airflow/sandbox/lib/python3.8/site-packages/airflow/example_dags/example_branch_day_of_week_operator.py
[2022-01-05 20:31:21,833] {processor.py:654} INFO - DAG(s) dict_keys(['example_weekday_branch_operator']) retrieved from /home/airflow/sandbox/lib/python3.8/site-packages/airflow/example_dags/example_branch_day_of_week_operator.py
[2022-01-05 20:31:21,871] {logging_mixin.py:109} INFO - [2022-01-05 20:31:21,871] {dag.py:2396} INFO - Sync 1 DAGs
[2022-01-05 20:31:21,889] {logging_mixin.py:109} INFO - [2022-01-05 20:31:21,889] {dag.py:2935} INFO - Setting next_dagrun for example_weekday_branch_operator to 2022-01-04 00:00:00+00:00
[2022-01-05 20:31:21,926] {processor.py:171} INFO - Processing /home/airflow/sandbox/lib/python3.8/site-packages/airflow/example_dags/example_branch_day_of_week_operator.py took 0.342 seconds
[2022-01-05 20:32:00,069] {processor.py:163} INFO - Started process (PID=9551) to work on /home/airflow/sandbox/lib/python3.8/site-packages/airflow/example_dags/example_branch_day_of_week_operator.py
[2022-01-05 20:32:00,073] {processor.py:642} INFO - Processing file /home/airflow/sandbox/lib/python3.8/site-packages/airflow/example_dags/example_branch_day_of_week_operator.py for tasks to queue
[2022-01-05 20:32:00,078] {logging_mixin.py:109} INFO - [2022-01-05 20:32:00,074] {dagbag.py:500} INFO - Filling up the DagBag from /home/airflow/sandbox/lib/python3.8/site-packages/airflow/example_dags/example_branch_day_of_week_operator.py
[2022-01-05 20:32:00,517] {processor.py:654} INFO - DAG(s) dict_keys(['example_weekday_branch_operator']) retrieved from /home/airflow/sandbox/lib/python3.8/site-packages/airflow/example_dags/example_branch_day_of_week_operator.py
[2022-01-05 20:32:00,540] {logging_mixin.py:109} INFO - [2022-01-05 20:32:00,539] {dag.py:2396} INFO - Sync 1 DAGs
[2022-01-05 20:32:01,213] {logging_mixin.py:109} INFO - [2022-01-05 20:32:01,213] {dag.py:2935} INFO - Setting next_dagrun for example_weekday_branch_operator to 2022-01-04 00:00:00+00:00
[2022-01-05 20:32:01,465] {processor.py:171} INFO - Processing /home/airflow/sandbox/lib/python3.8/site-packages/airflow/example_dags/example_branch_day_of_week_operator.py took 1.429 seconds
[2022-01-05 20:32:32,029] {processor.py:163} INFO - Started process (PID=10288) to work on /home/airflow/sandbox/lib/python3.8/site-packages/airflow/example_dags/example_branch_day_of_week_operator.py
[2022-01-05 20:32:32,031] {processor.py:642} INFO - Processing file /home/airflow/sandbox/lib/python3.8/site-packages/airflow/example_dags/example_branch_day_of_week_operator.py for tasks to queue
[2022-01-05 20:32:32,032] {logging_mixin.py:109} INFO - [2022-01-05 20:32:32,032] {dagbag.py:500} INFO - Filling up the DagBag from /home/airflow/sandbox/lib/python3.8/site-packages/airflow/example_dags/example_branch_day_of_week_operator.py
[2022-01-05 20:32:32,129] {processor.py:654} INFO - DAG(s) dict_keys(['example_weekday_branch_operator']) retrieved from /home/airflow/sandbox/lib/python3.8/site-packages/airflow/example_dags/example_branch_day_of_week_operator.py
[2022-01-05 20:32:32,169] {logging_mixin.py:109} INFO - [2022-01-05 20:32:32,168] {dag.py:2396} INFO - Sync 1 DAGs
[2022-01-05 20:32:32,227] {logging_mixin.py:109} INFO - [2022-01-05 20:32:32,227] {dag.py:2935} INFO - Setting next_dagrun for example_weekday_branch_operator to 2022-01-04 00:00:00+00:00
[2022-01-05 20:32:32,263] {processor.py:171} INFO - Processing /home/airflow/sandbox/lib/python3.8/site-packages/airflow/example_dags/example_branch_day_of_week_operator.py took 0.239 seconds
[2022-01-05 20:33:06,011] {processor.py:163} INFO - Started process (PID=11048) to work on /home/airflow/sandbox/lib/python3.8/site-packages/airflow/example_dags/example_branch_day_of_week_operator.py
[2022-01-05 20:33:06,012] {processor.py:642} INFO - Processing file /home/airflow/sandbox/lib/python3.8/site-packages/airflow/example_dags/example_branch_day_of_week_operator.py for tasks to queue
[2022-01-05 20:33:06,013] {logging_mixin.py:109} INFO - [2022-01-05 20:33:06,013] {dagbag.py:500} INFO - Filling up the DagBag from /home/airflow/sandbox/lib/python3.8/site-packages/airflow/example_dags/example_branch_day_of_week_operator.py
[2022-01-05 20:33:06,421] {processor.py:654} INFO - DAG(s) dict_keys(['example_weekday_branch_operator']) retrieved from /home/airflow/sandbox/lib/python3.8/site-packages/airflow/example_dags/example_branch_day_of_week_operator.py
[2022-01-05 20:33:06,625] {logging_mixin.py:109} INFO - [2022-01-05 20:33:06,625] {dag.py:2396} INFO - Sync 1 DAGs
[2022-01-05 20:33:06,811] {logging_mixin.py:109} INFO - [2022-01-05 20:33:06,811] {dag.py:2935} INFO - Setting next_dagrun for example_weekday_branch_operator to 2022-01-04 00:00:00+00:00
[2022-01-05 20:33:06,911] {processor.py:171} INFO - Processing /home/airflow/sandbox/lib/python3.8/site-packages/airflow/example_dags/example_branch_day_of_week_operator.py took 0.934 seconds
[2022-01-05 20:33:37,506] {processor.py:163} INFO - Started process (PID=11590) to work on /home/airflow/sandbox/lib/python3.8/site-packages/airflow/example_dags/example_branch_day_of_week_operator.py
[2022-01-05 20:33:37,506] {processor.py:642} INFO - Processing file /home/airflow/sandbox/lib/python3.8/site-packages/airflow/example_dags/example_branch_day_of_week_operator.py for tasks to queue
[2022-01-05 20:33:37,507] {logging_mixin.py:109} INFO - [2022-01-05 20:33:37,507] {dagbag.py:500} INFO - Filling up the DagBag from /home/airflow/sandbox/lib/python3.8/site-packages/airflow/example_dags/example_branch_day_of_week_operator.py
[2022-01-05 20:33:37,662] {processor.py:654} INFO - DAG(s) dict_keys(['example_weekday_branch_operator']) retrieved from /home/airflow/sandbox/lib/python3.8/site-packages/airflow/example_dags/example_branch_day_of_week_operator.py
[2022-01-05 20:33:37,716] {logging_mixin.py:109} INFO - [2022-01-05 20:33:37,716] {dag.py:2396} INFO - Sync 1 DAGs
[2022-01-05 20:33:37,817] {logging_mixin.py:109} INFO - [2022-01-05 20:33:37,817] {dag.py:2935} INFO - Setting next_dagrun for example_weekday_branch_operator to 2022-01-04 00:00:00+00:00
[2022-01-05 20:33:37,956] {processor.py:171} INFO - Processing /home/airflow/sandbox/lib/python3.8/site-packages/airflow/example_dags/example_branch_day_of_week_operator.py took 0.490 seconds
[2022-01-05 20:34:08,161] {processor.py:163} INFO - Started process (PID=11827) to work on /home/airflow/sandbox/lib/python3.8/site-packages/airflow/example_dags/example_branch_day_of_week_operator.py
[2022-01-05 20:34:08,167] {processor.py:642} INFO - Processing file /home/airflow/sandbox/lib/python3.8/site-packages/airflow/example_dags/example_branch_day_of_week_operator.py for tasks to queue
[2022-01-05 20:34:08,174] {logging_mixin.py:109} INFO - [2022-01-05 20:34:08,173] {dagbag.py:500} INFO - Filling up the DagBag from /home/airflow/sandbox/lib/python3.8/site-packages/airflow/example_dags/example_branch_day_of_week_operator.py
[2022-01-05 20:34:08,364] {processor.py:654} INFO - DAG(s) dict_keys(['example_weekday_branch_operator']) retrieved from /home/airflow/sandbox/lib/python3.8/site-packages/airflow/example_dags/example_branch_day_of_week_operator.py
[2022-01-05 20:34:08,452] {logging_mixin.py:109} INFO - [2022-01-05 20:34:08,452] {dag.py:2396} INFO - Sync 1 DAGs
[2022-01-05 20:34:08,503] {logging_mixin.py:109} INFO - [2022-01-05 20:34:08,503] {dag.py:2935} INFO - Setting next_dagrun for example_weekday_branch_operator to 2022-01-04 00:00:00+00:00
[2022-01-05 20:34:08,557] {processor.py:171} INFO - Processing /home/airflow/sandbox/lib/python3.8/site-packages/airflow/example_dags/example_branch_day_of_week_operator.py took 0.486 seconds
[2022-01-05 20:34:38,945] {processor.py:163} INFO - Started process (PID=12068) to work on /home/airflow/sandbox/lib/python3.8/site-packages/airflow/example_dags/example_branch_day_of_week_operator.py
[2022-01-05 20:34:38,952] {processor.py:642} INFO - Processing file /home/airflow/sandbox/lib/python3.8/site-packages/airflow/example_dags/example_branch_day_of_week_operator.py for tasks to queue
[2022-01-05 20:34:38,954] {logging_mixin.py:109} INFO - [2022-01-05 20:34:38,953] {dagbag.py:500} INFO - Filling up the DagBag from /home/airflow/sandbox/lib/python3.8/site-packages/airflow/example_dags/example_branch_day_of_week_operator.py
[2022-01-05 20:34:39,141] {processor.py:654} INFO - DAG(s) dict_keys(['example_weekday_branch_operator']) retrieved from /home/airflow/sandbox/lib/python3.8/site-packages/airflow/example_dags/example_branch_day_of_week_operator.py
[2022-01-05 20:34:39,152] {logging_mixin.py:109} INFO - [2022-01-05 20:34:39,152] {dag.py:2396} INFO - Sync 1 DAGs
[2022-01-05 20:34:39,260] {logging_mixin.py:109} INFO - [2022-01-05 20:34:39,225] {dag.py:2935} INFO - Setting next_dagrun for example_weekday_branch_operator to 2022-01-04 00:00:00+00:00
[2022-01-05 20:34:39,290] {processor.py:171} INFO - Processing /home/airflow/sandbox/lib/python3.8/site-packages/airflow/example_dags/example_branch_day_of_week_operator.py took 0.418 seconds
[2022-01-05 20:35:10,058] {processor.py:163} INFO - Started process (PID=12314) to work on /home/airflow/sandbox/lib/python3.8/site-packages/airflow/example_dags/example_branch_day_of_week_operator.py
[2022-01-05 20:35:10,059] {processor.py:642} INFO - Processing file /home/airflow/sandbox/lib/python3.8/site-packages/airflow/example_dags/example_branch_day_of_week_operator.py for tasks to queue
[2022-01-05 20:35:10,060] {logging_mixin.py:109} INFO - [2022-01-05 20:35:10,060] {dagbag.py:500} INFO - Filling up the DagBag from /home/airflow/sandbox/lib/python3.8/site-packages/airflow/example_dags/example_branch_day_of_week_operator.py
[2022-01-05 20:35:10,219] {processor.py:654} INFO - DAG(s) dict_keys(['example_weekday_branch_operator']) retrieved from /home/airflow/sandbox/lib/python3.8/site-packages/airflow/example_dags/example_branch_day_of_week_operator.py
[2022-01-05 20:35:10,266] {logging_mixin.py:109} INFO - [2022-01-05 20:35:10,266] {dag.py:2396} INFO - Sync 1 DAGs
[2022-01-05 20:35:10,413] {logging_mixin.py:109} INFO - [2022-01-05 20:35:10,413] {dag.py:2935} INFO - Setting next_dagrun for example_weekday_branch_operator to 2022-01-04 00:00:00+00:00
[2022-01-05 20:35:10,445] {processor.py:171} INFO - Processing /home/airflow/sandbox/lib/python3.8/site-packages/airflow/example_dags/example_branch_day_of_week_operator.py took 0.400 seconds
[2022-01-05 20:35:41,062] {processor.py:163} INFO - Started process (PID=12555) to work on /home/airflow/sandbox/lib/python3.8/site-packages/airflow/example_dags/example_branch_day_of_week_operator.py
[2022-01-05 20:35:41,067] {processor.py:642} INFO - Processing file /home/airflow/sandbox/lib/python3.8/site-packages/airflow/example_dags/example_branch_day_of_week_operator.py for tasks to queue
[2022-01-05 20:35:41,068] {logging_mixin.py:109} INFO - [2022-01-05 20:35:41,068] {dagbag.py:500} INFO - Filling up the DagBag from /home/airflow/sandbox/lib/python3.8/site-packages/airflow/example_dags/example_branch_day_of_week_operator.py
[2022-01-05 20:35:41,170] {processor.py:654} INFO - DAG(s) dict_keys(['example_weekday_branch_operator']) retrieved from /home/airflow/sandbox/lib/python3.8/site-packages/airflow/example_dags/example_branch_day_of_week_operator.py
[2022-01-05 20:35:41,193] {logging_mixin.py:109} INFO - [2022-01-05 20:35:41,193] {dag.py:2396} INFO - Sync 1 DAGs
[2022-01-05 20:35:41,237] {logging_mixin.py:109} INFO - [2022-01-05 20:35:41,237] {dag.py:2935} INFO - Setting next_dagrun for example_weekday_branch_operator to 2022-01-04 00:00:00+00:00
[2022-01-05 20:35:41,253] {processor.py:171} INFO - Processing /home/airflow/sandbox/lib/python3.8/site-packages/airflow/example_dags/example_branch_day_of_week_operator.py took 0.195 seconds
[2022-01-05 20:36:11,618] {processor.py:163} INFO - Started process (PID=12796) to work on /home/airflow/sandbox/lib/python3.8/site-packages/airflow/example_dags/example_branch_day_of_week_operator.py
[2022-01-05 20:36:11,635] {processor.py:642} INFO - Processing file /home/airflow/sandbox/lib/python3.8/site-packages/airflow/example_dags/example_branch_day_of_week_operator.py for tasks to queue
[2022-01-05 20:36:11,636] {logging_mixin.py:109} INFO - [2022-01-05 20:36:11,636] {dagbag.py:500} INFO - Filling up the DagBag from /home/airflow/sandbox/lib/python3.8/site-packages/airflow/example_dags/example_branch_day_of_week_operator.py
[2022-01-05 20:36:11,810] {processor.py:654} INFO - DAG(s) dict_keys(['example_weekday_branch_operator']) retrieved from /home/airflow/sandbox/lib/python3.8/site-packages/airflow/example_dags/example_branch_day_of_week_operator.py
[2022-01-05 20:36:11,846] {logging_mixin.py:109} INFO - [2022-01-05 20:36:11,845] {dag.py:2396} INFO - Sync 1 DAGs
[2022-01-05 20:36:12,015] {logging_mixin.py:109} INFO - [2022-01-05 20:36:12,014] {dag.py:2935} INFO - Setting next_dagrun for example_weekday_branch_operator to 2022-01-04 00:00:00+00:00
[2022-01-05 20:36:12,049] {processor.py:171} INFO - Processing /home/airflow/sandbox/lib/python3.8/site-packages/airflow/example_dags/example_branch_day_of_week_operator.py took 0.437 seconds
[2022-01-05 20:36:42,343] {processor.py:163} INFO - Started process (PID=13041) to work on /home/airflow/sandbox/lib/python3.8/site-packages/airflow/example_dags/example_branch_day_of_week_operator.py
[2022-01-05 20:36:42,346] {processor.py:642} INFO - Processing file /home/airflow/sandbox/lib/python3.8/site-packages/airflow/example_dags/example_branch_day_of_week_operator.py for tasks to queue
[2022-01-05 20:36:42,347] {logging_mixin.py:109} INFO - [2022-01-05 20:36:42,346] {dagbag.py:500} INFO - Filling up the DagBag from /home/airflow/sandbox/lib/python3.8/site-packages/airflow/example_dags/example_branch_day_of_week_operator.py
[2022-01-05 20:36:42,445] {processor.py:654} INFO - DAG(s) dict_keys(['example_weekday_branch_operator']) retrieved from /home/airflow/sandbox/lib/python3.8/site-packages/airflow/example_dags/example_branch_day_of_week_operator.py
[2022-01-05 20:36:42,495] {logging_mixin.py:109} INFO - [2022-01-05 20:36:42,495] {dag.py:2396} INFO - Sync 1 DAGs
[2022-01-05 20:36:42,585] {logging_mixin.py:109} INFO - [2022-01-05 20:36:42,585] {dag.py:2935} INFO - Setting next_dagrun for example_weekday_branch_operator to 2022-01-04 00:00:00+00:00
[2022-01-05 20:36:42,632] {processor.py:171} INFO - Processing /home/airflow/sandbox/lib/python3.8/site-packages/airflow/example_dags/example_branch_day_of_week_operator.py took 0.317 seconds
[2022-01-05 20:37:13,147] {processor.py:163} INFO - Started process (PID=13277) to work on /home/airflow/sandbox/lib/python3.8/site-packages/airflow/example_dags/example_branch_day_of_week_operator.py
[2022-01-05 20:37:13,148] {processor.py:642} INFO - Processing file /home/airflow/sandbox/lib/python3.8/site-packages/airflow/example_dags/example_branch_day_of_week_operator.py for tasks to queue
[2022-01-05 20:37:13,151] {logging_mixin.py:109} INFO - [2022-01-05 20:37:13,150] {dagbag.py:500} INFO - Filling up the DagBag from /home/airflow/sandbox/lib/python3.8/site-packages/airflow/example_dags/example_branch_day_of_week_operator.py
[2022-01-05 20:37:13,296] {processor.py:654} INFO - DAG(s) dict_keys(['example_weekday_branch_operator']) retrieved from /home/airflow/sandbox/lib/python3.8/site-packages/airflow/example_dags/example_branch_day_of_week_operator.py
[2022-01-05 20:37:13,343] {logging_mixin.py:109} INFO - [2022-01-05 20:37:13,343] {dag.py:2396} INFO - Sync 1 DAGs
[2022-01-05 20:37:13,501] {logging_mixin.py:109} INFO - [2022-01-05 20:37:13,501] {dag.py:2935} INFO - Setting next_dagrun for example_weekday_branch_operator to 2022-01-04 00:00:00+00:00
[2022-01-05 20:37:13,587] {processor.py:171} INFO - Processing /home/airflow/sandbox/lib/python3.8/site-packages/airflow/example_dags/example_branch_day_of_week_operator.py took 0.488 seconds
[2022-01-05 20:37:44,109] {processor.py:163} INFO - Started process (PID=13515) to work on /home/airflow/sandbox/lib/python3.8/site-packages/airflow/example_dags/example_branch_day_of_week_operator.py
[2022-01-05 20:37:44,127] {processor.py:642} INFO - Processing file /home/airflow/sandbox/lib/python3.8/site-packages/airflow/example_dags/example_branch_day_of_week_operator.py for tasks to queue
[2022-01-05 20:37:44,128] {logging_mixin.py:109} INFO - [2022-01-05 20:37:44,127] {dagbag.py:500} INFO - Filling up the DagBag from /home/airflow/sandbox/lib/python3.8/site-packages/airflow/example_dags/example_branch_day_of_week_operator.py
[2022-01-05 20:37:44,247] {processor.py:654} INFO - DAG(s) dict_keys(['example_weekday_branch_operator']) retrieved from /home/airflow/sandbox/lib/python3.8/site-packages/airflow/example_dags/example_branch_day_of_week_operator.py
[2022-01-05 20:37:44,298] {logging_mixin.py:109} INFO - [2022-01-05 20:37:44,297] {dag.py:2396} INFO - Sync 1 DAGs
[2022-01-05 20:37:44,400] {logging_mixin.py:109} INFO - [2022-01-05 20:37:44,400] {dag.py:2935} INFO - Setting next_dagrun for example_weekday_branch_operator to 2022-01-04 00:00:00+00:00
[2022-01-05 20:37:44,477] {processor.py:171} INFO - Processing /home/airflow/sandbox/lib/python3.8/site-packages/airflow/example_dags/example_branch_day_of_week_operator.py took 0.381 seconds
[2022-01-05 20:38:15,247] {processor.py:163} INFO - Started process (PID=13788) to work on /home/airflow/sandbox/lib/python3.8/site-packages/airflow/example_dags/example_branch_day_of_week_operator.py
[2022-01-05 20:38:15,256] {processor.py:642} INFO - Processing file /home/airflow/sandbox/lib/python3.8/site-packages/airflow/example_dags/example_branch_day_of_week_operator.py for tasks to queue
[2022-01-05 20:38:15,257] {logging_mixin.py:109} INFO - [2022-01-05 20:38:15,257] {dagbag.py:500} INFO - Filling up the DagBag from /home/airflow/sandbox/lib/python3.8/site-packages/airflow/example_dags/example_branch_day_of_week_operator.py
[2022-01-05 20:38:15,448] {processor.py:654} INFO - DAG(s) dict_keys(['example_weekday_branch_operator']) retrieved from /home/airflow/sandbox/lib/python3.8/site-packages/airflow/example_dags/example_branch_day_of_week_operator.py
[2022-01-05 20:38:15,480] {logging_mixin.py:109} INFO - [2022-01-05 20:38:15,479] {dag.py:2396} INFO - Sync 1 DAGs
[2022-01-05 20:38:15,545] {logging_mixin.py:109} INFO - [2022-01-05 20:38:15,545] {dag.py:2935} INFO - Setting next_dagrun for example_weekday_branch_operator to 2022-01-04 00:00:00+00:00
[2022-01-05 20:38:15,597] {processor.py:171} INFO - Processing /home/airflow/sandbox/lib/python3.8/site-packages/airflow/example_dags/example_branch_day_of_week_operator.py took 0.356 seconds
[2022-01-05 20:38:46,012] {processor.py:163} INFO - Started process (PID=14060) to work on /home/airflow/sandbox/lib/python3.8/site-packages/airflow/example_dags/example_branch_day_of_week_operator.py
[2022-01-05 20:38:46,032] {processor.py:642} INFO - Processing file /home/airflow/sandbox/lib/python3.8/site-packages/airflow/example_dags/example_branch_day_of_week_operator.py for tasks to queue
[2022-01-05 20:38:46,034] {logging_mixin.py:109} INFO - [2022-01-05 20:38:46,034] {dagbag.py:500} INFO - Filling up the DagBag from /home/airflow/sandbox/lib/python3.8/site-packages/airflow/example_dags/example_branch_day_of_week_operator.py
[2022-01-05 20:38:46,171] {processor.py:654} INFO - DAG(s) dict_keys(['example_weekday_branch_operator']) retrieved from /home/airflow/sandbox/lib/python3.8/site-packages/airflow/example_dags/example_branch_day_of_week_operator.py
[2022-01-05 20:38:46,211] {logging_mixin.py:109} INFO - [2022-01-05 20:38:46,211] {dag.py:2396} INFO - Sync 1 DAGs
[2022-01-05 20:38:46,258] {logging_mixin.py:109} INFO - [2022-01-05 20:38:46,258] {dag.py:2935} INFO - Setting next_dagrun for example_weekday_branch_operator to 2022-01-04 00:00:00+00:00
[2022-01-05 20:38:46,297] {processor.py:171} INFO - Processing /home/airflow/sandbox/lib/python3.8/site-packages/airflow/example_dags/example_branch_day_of_week_operator.py took 0.295 seconds
[2022-01-05 20:39:16,720] {processor.py:163} INFO - Started process (PID=14301) to work on /home/airflow/sandbox/lib/python3.8/site-packages/airflow/example_dags/example_branch_day_of_week_operator.py
[2022-01-05 20:39:16,732] {processor.py:642} INFO - Processing file /home/airflow/sandbox/lib/python3.8/site-packages/airflow/example_dags/example_branch_day_of_week_operator.py for tasks to queue
[2022-01-05 20:39:16,739] {logging_mixin.py:109} INFO - [2022-01-05 20:39:16,739] {dagbag.py:500} INFO - Filling up the DagBag from /home/airflow/sandbox/lib/python3.8/site-packages/airflow/example_dags/example_branch_day_of_week_operator.py
[2022-01-05 20:39:16,872] {processor.py:654} INFO - DAG(s) dict_keys(['example_weekday_branch_operator']) retrieved from /home/airflow/sandbox/lib/python3.8/site-packages/airflow/example_dags/example_branch_day_of_week_operator.py
[2022-01-05 20:39:16,934] {logging_mixin.py:109} INFO - [2022-01-05 20:39:16,934] {dag.py:2396} INFO - Sync 1 DAGs
[2022-01-05 20:39:16,969] {logging_mixin.py:109} INFO - [2022-01-05 20:39:16,969] {dag.py:2935} INFO - Setting next_dagrun for example_weekday_branch_operator to 2022-01-04 00:00:00+00:00
[2022-01-05 20:39:16,999] {processor.py:171} INFO - Processing /home/airflow/sandbox/lib/python3.8/site-packages/airflow/example_dags/example_branch_day_of_week_operator.py took 0.289 seconds
[2022-01-05 20:39:47,196] {processor.py:163} INFO - Started process (PID=14544) to work on /home/airflow/sandbox/lib/python3.8/site-packages/airflow/example_dags/example_branch_day_of_week_operator.py
[2022-01-05 20:39:47,204] {processor.py:642} INFO - Processing file /home/airflow/sandbox/lib/python3.8/site-packages/airflow/example_dags/example_branch_day_of_week_operator.py for tasks to queue
[2022-01-05 20:39:47,205] {logging_mixin.py:109} INFO - [2022-01-05 20:39:47,205] {dagbag.py:500} INFO - Filling up the DagBag from /home/airflow/sandbox/lib/python3.8/site-packages/airflow/example_dags/example_branch_day_of_week_operator.py
[2022-01-05 20:39:47,396] {processor.py:654} INFO - DAG(s) dict_keys(['example_weekday_branch_operator']) retrieved from /home/airflow/sandbox/lib/python3.8/site-packages/airflow/example_dags/example_branch_day_of_week_operator.py
[2022-01-05 20:39:47,472] {logging_mixin.py:109} INFO - [2022-01-05 20:39:47,472] {dag.py:2396} INFO - Sync 1 DAGs
[2022-01-05 20:39:47,564] {logging_mixin.py:109} INFO - [2022-01-05 20:39:47,564] {dag.py:2935} INFO - Setting next_dagrun for example_weekday_branch_operator to 2022-01-04 00:00:00+00:00
[2022-01-05 20:39:47,612] {processor.py:171} INFO - Processing /home/airflow/sandbox/lib/python3.8/site-packages/airflow/example_dags/example_branch_day_of_week_operator.py took 0.424 seconds
[2022-01-05 20:40:17,984] {processor.py:163} INFO - Started process (PID=14793) to work on /home/airflow/sandbox/lib/python3.8/site-packages/airflow/example_dags/example_branch_day_of_week_operator.py
[2022-01-05 20:40:17,987] {processor.py:642} INFO - Processing file /home/airflow/sandbox/lib/python3.8/site-packages/airflow/example_dags/example_branch_day_of_week_operator.py for tasks to queue
[2022-01-05 20:40:17,988] {logging_mixin.py:109} INFO - [2022-01-05 20:40:17,988] {dagbag.py:500} INFO - Filling up the DagBag from /home/airflow/sandbox/lib/python3.8/site-packages/airflow/example_dags/example_branch_day_of_week_operator.py
[2022-01-05 20:40:18,093] {processor.py:654} INFO - DAG(s) dict_keys(['example_weekday_branch_operator']) retrieved from /home/airflow/sandbox/lib/python3.8/site-packages/airflow/example_dags/example_branch_day_of_week_operator.py
[2022-01-05 20:40:18,133] {logging_mixin.py:109} INFO - [2022-01-05 20:40:18,132] {dag.py:2396} INFO - Sync 1 DAGs
[2022-01-05 20:40:18,176] {logging_mixin.py:109} INFO - [2022-01-05 20:40:18,176] {dag.py:2935} INFO - Setting next_dagrun for example_weekday_branch_operator to 2022-01-04 00:00:00+00:00
[2022-01-05 20:40:18,191] {processor.py:171} INFO - Processing /home/airflow/sandbox/lib/python3.8/site-packages/airflow/example_dags/example_branch_day_of_week_operator.py took 0.215 seconds
[2022-01-05 20:40:48,529] {processor.py:163} INFO - Started process (PID=15034) to work on /home/airflow/sandbox/lib/python3.8/site-packages/airflow/example_dags/example_branch_day_of_week_operator.py
[2022-01-05 20:40:48,531] {processor.py:642} INFO - Processing file /home/airflow/sandbox/lib/python3.8/site-packages/airflow/example_dags/example_branch_day_of_week_operator.py for tasks to queue
[2022-01-05 20:40:48,532] {logging_mixin.py:109} INFO - [2022-01-05 20:40:48,532] {dagbag.py:500} INFO - Filling up the DagBag from /home/airflow/sandbox/lib/python3.8/site-packages/airflow/example_dags/example_branch_day_of_week_operator.py
[2022-01-05 20:40:48,660] {processor.py:654} INFO - DAG(s) dict_keys(['example_weekday_branch_operator']) retrieved from /home/airflow/sandbox/lib/python3.8/site-packages/airflow/example_dags/example_branch_day_of_week_operator.py
[2022-01-05 20:40:48,687] {logging_mixin.py:109} INFO - [2022-01-05 20:40:48,687] {dag.py:2396} INFO - Sync 1 DAGs
[2022-01-05 20:40:48,722] {logging_mixin.py:109} INFO - [2022-01-05 20:40:48,722] {dag.py:2935} INFO - Setting next_dagrun for example_weekday_branch_operator to 2022-01-04 00:00:00+00:00
[2022-01-05 20:40:48,744] {processor.py:171} INFO - Processing /home/airflow/sandbox/lib/python3.8/site-packages/airflow/example_dags/example_branch_day_of_week_operator.py took 0.246 seconds
[2022-01-05 20:41:19,214] {processor.py:163} INFO - Started process (PID=15275) to work on /home/airflow/sandbox/lib/python3.8/site-packages/airflow/example_dags/example_branch_day_of_week_operator.py
[2022-01-05 20:41:19,220] {processor.py:642} INFO - Processing file /home/airflow/sandbox/lib/python3.8/site-packages/airflow/example_dags/example_branch_day_of_week_operator.py for tasks to queue
[2022-01-05 20:41:19,221] {logging_mixin.py:109} INFO - [2022-01-05 20:41:19,221] {dagbag.py:500} INFO - Filling up the DagBag from /home/airflow/sandbox/lib/python3.8/site-packages/airflow/example_dags/example_branch_day_of_week_operator.py
[2022-01-05 20:41:19,465] {processor.py:654} INFO - DAG(s) dict_keys(['example_weekday_branch_operator']) retrieved from /home/airflow/sandbox/lib/python3.8/site-packages/airflow/example_dags/example_branch_day_of_week_operator.py
[2022-01-05 20:41:19,508] {logging_mixin.py:109} INFO - [2022-01-05 20:41:19,508] {dag.py:2396} INFO - Sync 1 DAGs
[2022-01-05 20:41:19,554] {logging_mixin.py:109} INFO - [2022-01-05 20:41:19,554] {dag.py:2935} INFO - Setting next_dagrun for example_weekday_branch_operator to 2022-01-04 00:00:00+00:00
[2022-01-05 20:41:19,602] {processor.py:171} INFO - Processing /home/airflow/sandbox/lib/python3.8/site-packages/airflow/example_dags/example_branch_day_of_week_operator.py took 0.398 seconds
[2022-01-05 20:41:50,472] {processor.py:163} INFO - Started process (PID=15522) to work on /home/airflow/sandbox/lib/python3.8/site-packages/airflow/example_dags/example_branch_day_of_week_operator.py
[2022-01-05 20:41:50,473] {processor.py:642} INFO - Processing file /home/airflow/sandbox/lib/python3.8/site-packages/airflow/example_dags/example_branch_day_of_week_operator.py for tasks to queue
[2022-01-05 20:41:50,478] {logging_mixin.py:109} INFO - [2022-01-05 20:41:50,478] {dagbag.py:500} INFO - Filling up the DagBag from /home/airflow/sandbox/lib/python3.8/site-packages/airflow/example_dags/example_branch_day_of_week_operator.py
[2022-01-05 20:41:50,670] {processor.py:654} INFO - DAG(s) dict_keys(['example_weekday_branch_operator']) retrieved from /home/airflow/sandbox/lib/python3.8/site-packages/airflow/example_dags/example_branch_day_of_week_operator.py
[2022-01-05 20:41:50,776] {logging_mixin.py:109} INFO - [2022-01-05 20:41:50,776] {dag.py:2396} INFO - Sync 1 DAGs
[2022-01-05 20:41:50,974] {logging_mixin.py:109} INFO - [2022-01-05 20:41:50,973] {dag.py:2935} INFO - Setting next_dagrun for example_weekday_branch_operator to 2022-01-04 00:00:00+00:00
[2022-01-05 20:41:51,113] {processor.py:171} INFO - Processing /home/airflow/sandbox/lib/python3.8/site-packages/airflow/example_dags/example_branch_day_of_week_operator.py took 0.644 seconds
[2022-01-05 20:42:21,776] {processor.py:163} INFO - Started process (PID=15765) to work on /home/airflow/sandbox/lib/python3.8/site-packages/airflow/example_dags/example_branch_day_of_week_operator.py
[2022-01-05 20:42:21,778] {processor.py:642} INFO - Processing file /home/airflow/sandbox/lib/python3.8/site-packages/airflow/example_dags/example_branch_day_of_week_operator.py for tasks to queue
[2022-01-05 20:42:21,779] {logging_mixin.py:109} INFO - [2022-01-05 20:42:21,779] {dagbag.py:500} INFO - Filling up the DagBag from /home/airflow/sandbox/lib/python3.8/site-packages/airflow/example_dags/example_branch_day_of_week_operator.py
[2022-01-05 20:42:22,030] {processor.py:654} INFO - DAG(s) dict_keys(['example_weekday_branch_operator']) retrieved from /home/airflow/sandbox/lib/python3.8/site-packages/airflow/example_dags/example_branch_day_of_week_operator.py
[2022-01-05 20:42:22,113] {logging_mixin.py:109} INFO - [2022-01-05 20:42:22,113] {dag.py:2396} INFO - Sync 1 DAGs
[2022-01-05 20:42:22,258] {logging_mixin.py:109} INFO - [2022-01-05 20:42:22,257] {dag.py:2935} INFO - Setting next_dagrun for example_weekday_branch_operator to 2022-01-04 00:00:00+00:00
[2022-01-05 20:42:22,276] {processor.py:171} INFO - Processing /home/airflow/sandbox/lib/python3.8/site-packages/airflow/example_dags/example_branch_day_of_week_operator.py took 0.511 seconds
[2022-01-05 20:42:52,381] {processor.py:163} INFO - Started process (PID=16010) to work on /home/airflow/sandbox/lib/python3.8/site-packages/airflow/example_dags/example_branch_day_of_week_operator.py
[2022-01-05 20:42:52,382] {processor.py:642} INFO - Processing file /home/airflow/sandbox/lib/python3.8/site-packages/airflow/example_dags/example_branch_day_of_week_operator.py for tasks to queue
[2022-01-05 20:42:52,382] {logging_mixin.py:109} INFO - [2022-01-05 20:42:52,382] {dagbag.py:500} INFO - Filling up the DagBag from /home/airflow/sandbox/lib/python3.8/site-packages/airflow/example_dags/example_branch_day_of_week_operator.py
[2022-01-05 20:42:52,458] {processor.py:654} INFO - DAG(s) dict_keys(['example_weekday_branch_operator']) retrieved from /home/airflow/sandbox/lib/python3.8/site-packages/airflow/example_dags/example_branch_day_of_week_operator.py
[2022-01-05 20:42:52,473] {logging_mixin.py:109} INFO - [2022-01-05 20:42:52,473] {dag.py:2396} INFO - Sync 1 DAGs
[2022-01-05 20:42:52,572] {logging_mixin.py:109} INFO - [2022-01-05 20:42:52,572] {dag.py:2935} INFO - Setting next_dagrun for example_weekday_branch_operator to 2022-01-04 00:00:00+00:00
[2022-01-05 20:42:52,615] {processor.py:171} INFO - Processing /home/airflow/sandbox/lib/python3.8/site-packages/airflow/example_dags/example_branch_day_of_week_operator.py took 0.238 seconds
[2022-01-05 20:43:22,857] {processor.py:163} INFO - Started process (PID=16323) to work on /home/airflow/sandbox/lib/python3.8/site-packages/airflow/example_dags/example_branch_day_of_week_operator.py
[2022-01-05 20:43:22,863] {processor.py:642} INFO - Processing file /home/airflow/sandbox/lib/python3.8/site-packages/airflow/example_dags/example_branch_day_of_week_operator.py for tasks to queue
[2022-01-05 20:43:22,864] {logging_mixin.py:109} INFO - [2022-01-05 20:43:22,864] {dagbag.py:500} INFO - Filling up the DagBag from /home/airflow/sandbox/lib/python3.8/site-packages/airflow/example_dags/example_branch_day_of_week_operator.py
[2022-01-05 20:43:23,058] {processor.py:654} INFO - DAG(s) dict_keys(['example_weekday_branch_operator']) retrieved from /home/airflow/sandbox/lib/python3.8/site-packages/airflow/example_dags/example_branch_day_of_week_operator.py
[2022-01-05 20:43:23,081] {logging_mixin.py:109} INFO - [2022-01-05 20:43:23,081] {dag.py:2396} INFO - Sync 1 DAGs
[2022-01-05 20:43:23,107] {logging_mixin.py:109} INFO - [2022-01-05 20:43:23,107] {dag.py:2935} INFO - Setting next_dagrun for example_weekday_branch_operator to 2022-01-04 00:00:00+00:00
[2022-01-05 20:43:23,117] {processor.py:171} INFO - Processing /home/airflow/sandbox/lib/python3.8/site-packages/airflow/example_dags/example_branch_day_of_week_operator.py took 0.296 seconds
[2022-01-05 20:43:54,126] {processor.py:163} INFO - Started process (PID=16562) to work on /home/airflow/sandbox/lib/python3.8/site-packages/airflow/example_dags/example_branch_day_of_week_operator.py
[2022-01-05 20:43:54,130] {processor.py:642} INFO - Processing file /home/airflow/sandbox/lib/python3.8/site-packages/airflow/example_dags/example_branch_day_of_week_operator.py for tasks to queue
[2022-01-05 20:43:54,130] {logging_mixin.py:109} INFO - [2022-01-05 20:43:54,130] {dagbag.py:500} INFO - Filling up the DagBag from /home/airflow/sandbox/lib/python3.8/site-packages/airflow/example_dags/example_branch_day_of_week_operator.py
[2022-01-05 20:43:54,287] {processor.py:654} INFO - DAG(s) dict_keys(['example_weekday_branch_operator']) retrieved from /home/airflow/sandbox/lib/python3.8/site-packages/airflow/example_dags/example_branch_day_of_week_operator.py
[2022-01-05 20:43:54,331] {logging_mixin.py:109} INFO - [2022-01-05 20:43:54,330] {dag.py:2396} INFO - Sync 1 DAGs
[2022-01-05 20:43:54,405] {logging_mixin.py:109} INFO - [2022-01-05 20:43:54,405] {dag.py:2935} INFO - Setting next_dagrun for example_weekday_branch_operator to 2022-01-04 00:00:00+00:00
[2022-01-05 20:43:54,436] {processor.py:171} INFO - Processing /home/airflow/sandbox/lib/python3.8/site-packages/airflow/example_dags/example_branch_day_of_week_operator.py took 0.323 seconds
[2022-01-05 20:44:24,811] {processor.py:163} INFO - Started process (PID=16809) to work on /home/airflow/sandbox/lib/python3.8/site-packages/airflow/example_dags/example_branch_day_of_week_operator.py
[2022-01-05 20:44:24,826] {processor.py:642} INFO - Processing file /home/airflow/sandbox/lib/python3.8/site-packages/airflow/example_dags/example_branch_day_of_week_operator.py for tasks to queue
[2022-01-05 20:44:24,830] {logging_mixin.py:109} INFO - [2022-01-05 20:44:24,830] {dagbag.py:500} INFO - Filling up the DagBag from /home/airflow/sandbox/lib/python3.8/site-packages/airflow/example_dags/example_branch_day_of_week_operator.py
[2022-01-05 20:44:24,972] {processor.py:654} INFO - DAG(s) dict_keys(['example_weekday_branch_operator']) retrieved from /home/airflow/sandbox/lib/python3.8/site-packages/airflow/example_dags/example_branch_day_of_week_operator.py
[2022-01-05 20:44:24,992] {logging_mixin.py:109} INFO - [2022-01-05 20:44:24,992] {dag.py:2396} INFO - Sync 1 DAGs
[2022-01-05 20:44:25,035] {logging_mixin.py:109} INFO - [2022-01-05 20:44:25,035] {dag.py:2935} INFO - Setting next_dagrun for example_weekday_branch_operator to 2022-01-04 00:00:00+00:00
[2022-01-05 20:44:25,057] {processor.py:171} INFO - Processing /home/airflow/sandbox/lib/python3.8/site-packages/airflow/example_dags/example_branch_day_of_week_operator.py took 0.254 seconds
[2022-01-05 20:44:55,220] {processor.py:163} INFO - Started process (PID=17049) to work on /home/airflow/sandbox/lib/python3.8/site-packages/airflow/example_dags/example_branch_day_of_week_operator.py
[2022-01-05 20:44:55,221] {processor.py:642} INFO - Processing file /home/airflow/sandbox/lib/python3.8/site-packages/airflow/example_dags/example_branch_day_of_week_operator.py for tasks to queue
[2022-01-05 20:44:55,222] {logging_mixin.py:109} INFO - [2022-01-05 20:44:55,222] {dagbag.py:500} INFO - Filling up the DagBag from /home/airflow/sandbox/lib/python3.8/site-packages/airflow/example_dags/example_branch_day_of_week_operator.py
[2022-01-05 20:44:55,314] {processor.py:654} INFO - DAG(s) dict_keys(['example_weekday_branch_operator']) retrieved from /home/airflow/sandbox/lib/python3.8/site-packages/airflow/example_dags/example_branch_day_of_week_operator.py
[2022-01-05 20:44:55,371] {logging_mixin.py:109} INFO - [2022-01-05 20:44:55,371] {dag.py:2396} INFO - Sync 1 DAGs
[2022-01-05 20:44:55,460] {logging_mixin.py:109} INFO - [2022-01-05 20:44:55,460] {dag.py:2935} INFO - Setting next_dagrun for example_weekday_branch_operator to 2022-01-04 00:00:00+00:00
[2022-01-05 20:44:55,524] {processor.py:171} INFO - Processing /home/airflow/sandbox/lib/python3.8/site-packages/airflow/example_dags/example_branch_day_of_week_operator.py took 0.323 seconds
[2022-01-05 20:45:25,647] {processor.py:163} INFO - Started process (PID=17300) to work on /home/airflow/sandbox/lib/python3.8/site-packages/airflow/example_dags/example_branch_day_of_week_operator.py
[2022-01-05 20:45:25,652] {processor.py:642} INFO - Processing file /home/airflow/sandbox/lib/python3.8/site-packages/airflow/example_dags/example_branch_day_of_week_operator.py for tasks to queue
[2022-01-05 20:45:25,652] {logging_mixin.py:109} INFO - [2022-01-05 20:45:25,652] {dagbag.py:500} INFO - Filling up the DagBag from /home/airflow/sandbox/lib/python3.8/site-packages/airflow/example_dags/example_branch_day_of_week_operator.py
[2022-01-05 20:45:25,737] {processor.py:654} INFO - DAG(s) dict_keys(['example_weekday_branch_operator']) retrieved from /home/airflow/sandbox/lib/python3.8/site-packages/airflow/example_dags/example_branch_day_of_week_operator.py
[2022-01-05 20:45:25,773] {logging_mixin.py:109} INFO - [2022-01-05 20:45:25,773] {dag.py:2396} INFO - Sync 1 DAGs
[2022-01-05 20:45:25,821] {logging_mixin.py:109} INFO - [2022-01-05 20:45:25,820] {dag.py:2935} INFO - Setting next_dagrun for example_weekday_branch_operator to 2022-01-04 00:00:00+00:00
[2022-01-05 20:45:25,846] {processor.py:171} INFO - Processing /home/airflow/sandbox/lib/python3.8/site-packages/airflow/example_dags/example_branch_day_of_week_operator.py took 0.210 seconds
[2022-01-05 20:45:56,817] {processor.py:163} INFO - Started process (PID=17541) to work on /home/airflow/sandbox/lib/python3.8/site-packages/airflow/example_dags/example_branch_day_of_week_operator.py
[2022-01-05 20:45:56,819] {processor.py:642} INFO - Processing file /home/airflow/sandbox/lib/python3.8/site-packages/airflow/example_dags/example_branch_day_of_week_operator.py for tasks to queue
[2022-01-05 20:45:56,824] {logging_mixin.py:109} INFO - [2022-01-05 20:45:56,823] {dagbag.py:500} INFO - Filling up the DagBag from /home/airflow/sandbox/lib/python3.8/site-packages/airflow/example_dags/example_branch_day_of_week_operator.py
[2022-01-05 20:45:56,935] {processor.py:654} INFO - DAG(s) dict_keys(['example_weekday_branch_operator']) retrieved from /home/airflow/sandbox/lib/python3.8/site-packages/airflow/example_dags/example_branch_day_of_week_operator.py
[2022-01-05 20:45:56,954] {logging_mixin.py:109} INFO - [2022-01-05 20:45:56,954] {dag.py:2396} INFO - Sync 1 DAGs
[2022-01-05 20:45:56,979] {logging_mixin.py:109} INFO - [2022-01-05 20:45:56,979] {dag.py:2935} INFO - Setting next_dagrun for example_weekday_branch_operator to 2022-01-04 00:00:00+00:00
[2022-01-05 20:45:56,996] {processor.py:171} INFO - Processing /home/airflow/sandbox/lib/python3.8/site-packages/airflow/example_dags/example_branch_day_of_week_operator.py took 0.191 seconds
[2022-01-05 20:46:27,094] {processor.py:163} INFO - Started process (PID=17788) to work on /home/airflow/sandbox/lib/python3.8/site-packages/airflow/example_dags/example_branch_day_of_week_operator.py
[2022-01-05 20:46:27,106] {processor.py:642} INFO - Processing file /home/airflow/sandbox/lib/python3.8/site-packages/airflow/example_dags/example_branch_day_of_week_operator.py for tasks to queue
[2022-01-05 20:46:27,107] {logging_mixin.py:109} INFO - [2022-01-05 20:46:27,107] {dagbag.py:500} INFO - Filling up the DagBag from /home/airflow/sandbox/lib/python3.8/site-packages/airflow/example_dags/example_branch_day_of_week_operator.py
[2022-01-05 20:46:27,256] {processor.py:654} INFO - DAG(s) dict_keys(['example_weekday_branch_operator']) retrieved from /home/airflow/sandbox/lib/python3.8/site-packages/airflow/example_dags/example_branch_day_of_week_operator.py
[2022-01-05 20:46:27,279] {logging_mixin.py:109} INFO - [2022-01-05 20:46:27,279] {dag.py:2396} INFO - Sync 1 DAGs
[2022-01-05 20:46:27,321] {logging_mixin.py:109} INFO - [2022-01-05 20:46:27,321] {dag.py:2935} INFO - Setting next_dagrun for example_weekday_branch_operator to 2022-01-04 00:00:00+00:00
[2022-01-05 20:46:27,346] {processor.py:171} INFO - Processing /home/airflow/sandbox/lib/python3.8/site-packages/airflow/example_dags/example_branch_day_of_week_operator.py took 0.255 seconds
[2022-01-05 20:46:57,834] {processor.py:163} INFO - Started process (PID=18035) to work on /home/airflow/sandbox/lib/python3.8/site-packages/airflow/example_dags/example_branch_day_of_week_operator.py
[2022-01-05 20:46:57,835] {processor.py:642} INFO - Processing file /home/airflow/sandbox/lib/python3.8/site-packages/airflow/example_dags/example_branch_day_of_week_operator.py for tasks to queue
[2022-01-05 20:46:57,835] {logging_mixin.py:109} INFO - [2022-01-05 20:46:57,835] {dagbag.py:500} INFO - Filling up the DagBag from /home/airflow/sandbox/lib/python3.8/site-packages/airflow/example_dags/example_branch_day_of_week_operator.py
[2022-01-05 20:46:57,950] {processor.py:654} INFO - DAG(s) dict_keys(['example_weekday_branch_operator']) retrieved from /home/airflow/sandbox/lib/python3.8/site-packages/airflow/example_dags/example_branch_day_of_week_operator.py
[2022-01-05 20:46:57,992] {logging_mixin.py:109} INFO - [2022-01-05 20:46:57,992] {dag.py:2396} INFO - Sync 1 DAGs
[2022-01-05 20:46:58,050] {logging_mixin.py:109} INFO - [2022-01-05 20:46:58,049] {dag.py:2935} INFO - Setting next_dagrun for example_weekday_branch_operator to 2022-01-04 00:00:00+00:00
[2022-01-05 20:46:58,089] {processor.py:171} INFO - Processing /home/airflow/sandbox/lib/python3.8/site-packages/airflow/example_dags/example_branch_day_of_week_operator.py took 0.270 seconds
[2022-01-05 20:47:28,611] {processor.py:163} INFO - Started process (PID=18276) to work on /home/airflow/sandbox/lib/python3.8/site-packages/airflow/example_dags/example_branch_day_of_week_operator.py
[2022-01-05 20:47:28,618] {processor.py:642} INFO - Processing file /home/airflow/sandbox/lib/python3.8/site-packages/airflow/example_dags/example_branch_day_of_week_operator.py for tasks to queue
[2022-01-05 20:47:28,619] {logging_mixin.py:109} INFO - [2022-01-05 20:47:28,619] {dagbag.py:500} INFO - Filling up the DagBag from /home/airflow/sandbox/lib/python3.8/site-packages/airflow/example_dags/example_branch_day_of_week_operator.py
[2022-01-05 20:47:28,721] {processor.py:654} INFO - DAG(s) dict_keys(['example_weekday_branch_operator']) retrieved from /home/airflow/sandbox/lib/python3.8/site-packages/airflow/example_dags/example_branch_day_of_week_operator.py
[2022-01-05 20:47:28,798] {logging_mixin.py:109} INFO - [2022-01-05 20:47:28,798] {dag.py:2396} INFO - Sync 1 DAGs
[2022-01-05 20:47:28,917] {logging_mixin.py:109} INFO - [2022-01-05 20:47:28,916] {dag.py:2935} INFO - Setting next_dagrun for example_weekday_branch_operator to 2022-01-04 00:00:00+00:00
[2022-01-05 20:47:29,008] {processor.py:171} INFO - Processing /home/airflow/sandbox/lib/python3.8/site-packages/airflow/example_dags/example_branch_day_of_week_operator.py took 0.438 seconds
[2022-01-05 20:47:59,047] {processor.py:163} INFO - Started process (PID=18529) to work on /home/airflow/sandbox/lib/python3.8/site-packages/airflow/example_dags/example_branch_day_of_week_operator.py
[2022-01-05 20:47:59,051] {processor.py:642} INFO - Processing file /home/airflow/sandbox/lib/python3.8/site-packages/airflow/example_dags/example_branch_day_of_week_operator.py for tasks to queue
[2022-01-05 20:47:59,053] {logging_mixin.py:109} INFO - [2022-01-05 20:47:59,053] {dagbag.py:500} INFO - Filling up the DagBag from /home/airflow/sandbox/lib/python3.8/site-packages/airflow/example_dags/example_branch_day_of_week_operator.py
[2022-01-05 20:47:59,093] {processor.py:654} INFO - DAG(s) dict_keys(['example_weekday_branch_operator']) retrieved from /home/airflow/sandbox/lib/python3.8/site-packages/airflow/example_dags/example_branch_day_of_week_operator.py
[2022-01-05 20:47:59,101] {logging_mixin.py:109} INFO - [2022-01-05 20:47:59,101] {dag.py:2396} INFO - Sync 1 DAGs
[2022-01-05 20:47:59,116] {logging_mixin.py:109} INFO - [2022-01-05 20:47:59,116] {dag.py:2935} INFO - Setting next_dagrun for example_weekday_branch_operator to 2022-01-04 00:00:00+00:00
[2022-01-05 20:47:59,126] {processor.py:171} INFO - Processing /home/airflow/sandbox/lib/python3.8/site-packages/airflow/example_dags/example_branch_day_of_week_operator.py took 0.087 seconds
[2022-01-05 20:48:30,930] {processor.py:163} INFO - Started process (PID=18840) to work on /home/airflow/sandbox/lib/python3.8/site-packages/airflow/example_dags/example_branch_day_of_week_operator.py
[2022-01-05 20:48:30,932] {processor.py:642} INFO - Processing file /home/airflow/sandbox/lib/python3.8/site-packages/airflow/example_dags/example_branch_day_of_week_operator.py for tasks to queue
[2022-01-05 20:48:30,933] {logging_mixin.py:109} INFO - [2022-01-05 20:48:30,933] {dagbag.py:500} INFO - Filling up the DagBag from /home/airflow/sandbox/lib/python3.8/site-packages/airflow/example_dags/example_branch_day_of_week_operator.py
[2022-01-05 20:48:31,182] {processor.py:654} INFO - DAG(s) dict_keys(['example_weekday_branch_operator']) retrieved from /home/airflow/sandbox/lib/python3.8/site-packages/airflow/example_dags/example_branch_day_of_week_operator.py
[2022-01-05 20:48:31,332] {logging_mixin.py:109} INFO - [2022-01-05 20:48:31,332] {dag.py:2396} INFO - Sync 1 DAGs
[2022-01-05 20:48:31,527] {logging_mixin.py:109} INFO - [2022-01-05 20:48:31,527] {dag.py:2935} INFO - Setting next_dagrun for example_weekday_branch_operator to 2022-01-04 00:00:00+00:00
[2022-01-05 20:48:31,666] {processor.py:171} INFO - Processing /home/airflow/sandbox/lib/python3.8/site-packages/airflow/example_dags/example_branch_day_of_week_operator.py took 0.745 seconds
[2022-01-05 20:49:02,307] {processor.py:163} INFO - Started process (PID=19081) to work on /home/airflow/sandbox/lib/python3.8/site-packages/airflow/example_dags/example_branch_day_of_week_operator.py
[2022-01-05 20:49:02,309] {processor.py:642} INFO - Processing file /home/airflow/sandbox/lib/python3.8/site-packages/airflow/example_dags/example_branch_day_of_week_operator.py for tasks to queue
[2022-01-05 20:49:02,310] {logging_mixin.py:109} INFO - [2022-01-05 20:49:02,310] {dagbag.py:500} INFO - Filling up the DagBag from /home/airflow/sandbox/lib/python3.8/site-packages/airflow/example_dags/example_branch_day_of_week_operator.py
[2022-01-05 20:49:02,804] {processor.py:654} INFO - DAG(s) dict_keys(['example_weekday_branch_operator']) retrieved from /home/airflow/sandbox/lib/python3.8/site-packages/airflow/example_dags/example_branch_day_of_week_operator.py
[2022-01-05 20:49:02,817] {logging_mixin.py:109} INFO - [2022-01-05 20:49:02,817] {dag.py:2396} INFO - Sync 1 DAGs
[2022-01-05 20:49:02,906] {logging_mixin.py:109} INFO - [2022-01-05 20:49:02,906] {dag.py:2935} INFO - Setting next_dagrun for example_weekday_branch_operator to 2022-01-04 00:00:00+00:00
[2022-01-05 20:49:02,949] {processor.py:171} INFO - Processing /home/airflow/sandbox/lib/python3.8/site-packages/airflow/example_dags/example_branch_day_of_week_operator.py took 0.647 seconds
[2022-01-05 20:49:33,552] {processor.py:163} INFO - Started process (PID=19327) to work on /home/airflow/sandbox/lib/python3.8/site-packages/airflow/example_dags/example_branch_day_of_week_operator.py
[2022-01-05 20:49:33,553] {processor.py:642} INFO - Processing file /home/airflow/sandbox/lib/python3.8/site-packages/airflow/example_dags/example_branch_day_of_week_operator.py for tasks to queue
[2022-01-05 20:49:33,554] {logging_mixin.py:109} INFO - [2022-01-05 20:49:33,554] {dagbag.py:500} INFO - Filling up the DagBag from /home/airflow/sandbox/lib/python3.8/site-packages/airflow/example_dags/example_branch_day_of_week_operator.py
[2022-01-05 20:49:33,727] {processor.py:654} INFO - DAG(s) dict_keys(['example_weekday_branch_operator']) retrieved from /home/airflow/sandbox/lib/python3.8/site-packages/airflow/example_dags/example_branch_day_of_week_operator.py
[2022-01-05 20:49:33,736] {logging_mixin.py:109} INFO - [2022-01-05 20:49:33,736] {dag.py:2396} INFO - Sync 1 DAGs
[2022-01-05 20:49:33,837] {logging_mixin.py:109} INFO - [2022-01-05 20:49:33,837] {dag.py:2935} INFO - Setting next_dagrun for example_weekday_branch_operator to 2022-01-04 00:00:00+00:00
[2022-01-05 20:49:33,891] {processor.py:171} INFO - Processing /home/airflow/sandbox/lib/python3.8/site-packages/airflow/example_dags/example_branch_day_of_week_operator.py took 0.348 seconds
[2022-01-05 20:50:04,121] {processor.py:163} INFO - Started process (PID=19575) to work on /home/airflow/sandbox/lib/python3.8/site-packages/airflow/example_dags/example_branch_day_of_week_operator.py
[2022-01-05 20:50:04,125] {processor.py:642} INFO - Processing file /home/airflow/sandbox/lib/python3.8/site-packages/airflow/example_dags/example_branch_day_of_week_operator.py for tasks to queue
[2022-01-05 20:50:04,128] {logging_mixin.py:109} INFO - [2022-01-05 20:50:04,128] {dagbag.py:500} INFO - Filling up the DagBag from /home/airflow/sandbox/lib/python3.8/site-packages/airflow/example_dags/example_branch_day_of_week_operator.py
[2022-01-05 20:50:04,285] {processor.py:654} INFO - DAG(s) dict_keys(['example_weekday_branch_operator']) retrieved from /home/airflow/sandbox/lib/python3.8/site-packages/airflow/example_dags/example_branch_day_of_week_operator.py
[2022-01-05 20:50:04,345] {logging_mixin.py:109} INFO - [2022-01-05 20:50:04,344] {dag.py:2396} INFO - Sync 1 DAGs
[2022-01-05 20:50:04,436] {logging_mixin.py:109} INFO - [2022-01-05 20:50:04,436] {dag.py:2935} INFO - Setting next_dagrun for example_weekday_branch_operator to 2022-01-04 00:00:00+00:00
[2022-01-05 20:50:04,448] {processor.py:171} INFO - Processing /home/airflow/sandbox/lib/python3.8/site-packages/airflow/example_dags/example_branch_day_of_week_operator.py took 0.353 seconds
[2022-01-05 20:50:34,574] {processor.py:163} INFO - Started process (PID=19819) to work on /home/airflow/sandbox/lib/python3.8/site-packages/airflow/example_dags/example_branch_day_of_week_operator.py
[2022-01-05 20:50:34,580] {processor.py:642} INFO - Processing file /home/airflow/sandbox/lib/python3.8/site-packages/airflow/example_dags/example_branch_day_of_week_operator.py for tasks to queue
[2022-01-05 20:50:34,586] {logging_mixin.py:109} INFO - [2022-01-05 20:50:34,583] {dagbag.py:500} INFO - Filling up the DagBag from /home/airflow/sandbox/lib/python3.8/site-packages/airflow/example_dags/example_branch_day_of_week_operator.py
[2022-01-05 20:50:34,731] {processor.py:654} INFO - DAG(s) dict_keys(['example_weekday_branch_operator']) retrieved from /home/airflow/sandbox/lib/python3.8/site-packages/airflow/example_dags/example_branch_day_of_week_operator.py
[2022-01-05 20:50:34,806] {logging_mixin.py:109} INFO - [2022-01-05 20:50:34,806] {dag.py:2396} INFO - Sync 1 DAGs
[2022-01-05 20:50:34,876] {logging_mixin.py:109} INFO - [2022-01-05 20:50:34,874] {dag.py:2935} INFO - Setting next_dagrun for example_weekday_branch_operator to 2022-01-04 00:00:00+00:00
[2022-01-05 20:50:34,887] {processor.py:171} INFO - Processing /home/airflow/sandbox/lib/python3.8/site-packages/airflow/example_dags/example_branch_day_of_week_operator.py took 0.317 seconds
[2022-01-05 20:51:05,070] {processor.py:163} INFO - Started process (PID=20068) to work on /home/airflow/sandbox/lib/python3.8/site-packages/airflow/example_dags/example_branch_day_of_week_operator.py
[2022-01-05 20:51:05,071] {processor.py:642} INFO - Processing file /home/airflow/sandbox/lib/python3.8/site-packages/airflow/example_dags/example_branch_day_of_week_operator.py for tasks to queue
[2022-01-05 20:51:05,072] {logging_mixin.py:109} INFO - [2022-01-05 20:51:05,072] {dagbag.py:500} INFO - Filling up the DagBag from /home/airflow/sandbox/lib/python3.8/site-packages/airflow/example_dags/example_branch_day_of_week_operator.py
[2022-01-05 20:51:05,132] {processor.py:654} INFO - DAG(s) dict_keys(['example_weekday_branch_operator']) retrieved from /home/airflow/sandbox/lib/python3.8/site-packages/airflow/example_dags/example_branch_day_of_week_operator.py
[2022-01-05 20:51:05,164] {logging_mixin.py:109} INFO - [2022-01-05 20:51:05,163] {dag.py:2396} INFO - Sync 1 DAGs
[2022-01-05 20:51:05,218] {logging_mixin.py:109} INFO - [2022-01-05 20:51:05,216] {dag.py:2935} INFO - Setting next_dagrun for example_weekday_branch_operator to 2022-01-04 00:00:00+00:00
[2022-01-05 20:51:05,253] {processor.py:171} INFO - Processing /home/airflow/sandbox/lib/python3.8/site-packages/airflow/example_dags/example_branch_day_of_week_operator.py took 0.186 seconds
[2022-01-05 20:51:35,405] {processor.py:163} INFO - Started process (PID=20304) to work on /home/airflow/sandbox/lib/python3.8/site-packages/airflow/example_dags/example_branch_day_of_week_operator.py
[2022-01-05 20:51:35,413] {processor.py:642} INFO - Processing file /home/airflow/sandbox/lib/python3.8/site-packages/airflow/example_dags/example_branch_day_of_week_operator.py for tasks to queue
[2022-01-05 20:51:35,414] {logging_mixin.py:109} INFO - [2022-01-05 20:51:35,414] {dagbag.py:500} INFO - Filling up the DagBag from /home/airflow/sandbox/lib/python3.8/site-packages/airflow/example_dags/example_branch_day_of_week_operator.py
[2022-01-05 20:51:35,527] {processor.py:654} INFO - DAG(s) dict_keys(['example_weekday_branch_operator']) retrieved from /home/airflow/sandbox/lib/python3.8/site-packages/airflow/example_dags/example_branch_day_of_week_operator.py
[2022-01-05 20:51:35,552] {logging_mixin.py:109} INFO - [2022-01-05 20:51:35,552] {dag.py:2396} INFO - Sync 1 DAGs
[2022-01-05 20:51:35,621] {logging_mixin.py:109} INFO - [2022-01-05 20:51:35,621] {dag.py:2935} INFO - Setting next_dagrun for example_weekday_branch_operator to 2022-01-04 00:00:00+00:00
[2022-01-05 20:51:35,670] {processor.py:171} INFO - Processing /home/airflow/sandbox/lib/python3.8/site-packages/airflow/example_dags/example_branch_day_of_week_operator.py took 0.272 seconds
[2022-01-05 20:52:06,446] {processor.py:163} INFO - Started process (PID=20553) to work on /home/airflow/sandbox/lib/python3.8/site-packages/airflow/example_dags/example_branch_day_of_week_operator.py
[2022-01-05 20:52:06,448] {processor.py:642} INFO - Processing file /home/airflow/sandbox/lib/python3.8/site-packages/airflow/example_dags/example_branch_day_of_week_operator.py for tasks to queue
[2022-01-05 20:52:06,448] {logging_mixin.py:109} INFO - [2022-01-05 20:52:06,448] {dagbag.py:500} INFO - Filling up the DagBag from /home/airflow/sandbox/lib/python3.8/site-packages/airflow/example_dags/example_branch_day_of_week_operator.py
[2022-01-05 20:52:06,538] {processor.py:654} INFO - DAG(s) dict_keys(['example_weekday_branch_operator']) retrieved from /home/airflow/sandbox/lib/python3.8/site-packages/airflow/example_dags/example_branch_day_of_week_operator.py
[2022-01-05 20:52:06,562] {logging_mixin.py:109} INFO - [2022-01-05 20:52:06,562] {dag.py:2396} INFO - Sync 1 DAGs
[2022-01-05 20:52:06,645] {logging_mixin.py:109} INFO - [2022-01-05 20:52:06,644] {dag.py:2935} INFO - Setting next_dagrun for example_weekday_branch_operator to 2022-01-04 00:00:00+00:00
[2022-01-05 20:52:06,660] {processor.py:171} INFO - Processing /home/airflow/sandbox/lib/python3.8/site-packages/airflow/example_dags/example_branch_day_of_week_operator.py took 0.218 seconds
[2022-01-05 20:52:36,907] {processor.py:163} INFO - Started process (PID=20801) to work on /home/airflow/sandbox/lib/python3.8/site-packages/airflow/example_dags/example_branch_day_of_week_operator.py
[2022-01-05 20:52:36,908] {processor.py:642} INFO - Processing file /home/airflow/sandbox/lib/python3.8/site-packages/airflow/example_dags/example_branch_day_of_week_operator.py for tasks to queue
[2022-01-05 20:52:36,908] {logging_mixin.py:109} INFO - [2022-01-05 20:52:36,908] {dagbag.py:500} INFO - Filling up the DagBag from /home/airflow/sandbox/lib/python3.8/site-packages/airflow/example_dags/example_branch_day_of_week_operator.py
[2022-01-05 20:52:36,998] {processor.py:654} INFO - DAG(s) dict_keys(['example_weekday_branch_operator']) retrieved from /home/airflow/sandbox/lib/python3.8/site-packages/airflow/example_dags/example_branch_day_of_week_operator.py
[2022-01-05 20:52:37,041] {logging_mixin.py:109} INFO - [2022-01-05 20:52:37,041] {dag.py:2396} INFO - Sync 1 DAGs
[2022-01-05 20:52:37,112] {logging_mixin.py:109} INFO - [2022-01-05 20:52:37,112] {dag.py:2935} INFO - Setting next_dagrun for example_weekday_branch_operator to 2022-01-04 00:00:00+00:00
[2022-01-05 20:52:37,158] {processor.py:171} INFO - Processing /home/airflow/sandbox/lib/python3.8/site-packages/airflow/example_dags/example_branch_day_of_week_operator.py took 0.260 seconds
[2022-01-05 20:53:07,914] {processor.py:163} INFO - Started process (PID=21049) to work on /home/airflow/sandbox/lib/python3.8/site-packages/airflow/example_dags/example_branch_day_of_week_operator.py
[2022-01-05 20:53:07,915] {processor.py:642} INFO - Processing file /home/airflow/sandbox/lib/python3.8/site-packages/airflow/example_dags/example_branch_day_of_week_operator.py for tasks to queue
[2022-01-05 20:53:07,916] {logging_mixin.py:109} INFO - [2022-01-05 20:53:07,916] {dagbag.py:500} INFO - Filling up the DagBag from /home/airflow/sandbox/lib/python3.8/site-packages/airflow/example_dags/example_branch_day_of_week_operator.py
[2022-01-05 20:53:08,052] {processor.py:654} INFO - DAG(s) dict_keys(['example_weekday_branch_operator']) retrieved from /home/airflow/sandbox/lib/python3.8/site-packages/airflow/example_dags/example_branch_day_of_week_operator.py
[2022-01-05 20:53:08,082] {logging_mixin.py:109} INFO - [2022-01-05 20:53:08,082] {dag.py:2396} INFO - Sync 1 DAGs
[2022-01-05 20:53:08,118] {logging_mixin.py:109} INFO - [2022-01-05 20:53:08,117] {dag.py:2935} INFO - Setting next_dagrun for example_weekday_branch_operator to 2022-01-04 00:00:00+00:00
[2022-01-05 20:53:08,212] {processor.py:171} INFO - Processing /home/airflow/sandbox/lib/python3.8/site-packages/airflow/example_dags/example_branch_day_of_week_operator.py took 0.319 seconds
[2022-01-05 20:53:38,430] {processor.py:163} INFO - Started process (PID=21359) to work on /home/airflow/sandbox/lib/python3.8/site-packages/airflow/example_dags/example_branch_day_of_week_operator.py
[2022-01-05 20:53:38,431] {processor.py:642} INFO - Processing file /home/airflow/sandbox/lib/python3.8/site-packages/airflow/example_dags/example_branch_day_of_week_operator.py for tasks to queue
[2022-01-05 20:53:38,431] {logging_mixin.py:109} INFO - [2022-01-05 20:53:38,431] {dagbag.py:500} INFO - Filling up the DagBag from /home/airflow/sandbox/lib/python3.8/site-packages/airflow/example_dags/example_branch_day_of_week_operator.py
[2022-01-05 20:53:38,487] {processor.py:654} INFO - DAG(s) dict_keys(['example_weekday_branch_operator']) retrieved from /home/airflow/sandbox/lib/python3.8/site-packages/airflow/example_dags/example_branch_day_of_week_operator.py
[2022-01-05 20:53:38,509] {logging_mixin.py:109} INFO - [2022-01-05 20:53:38,509] {dag.py:2396} INFO - Sync 1 DAGs
[2022-01-05 20:53:38,554] {logging_mixin.py:109} INFO - [2022-01-05 20:53:38,554] {dag.py:2935} INFO - Setting next_dagrun for example_weekday_branch_operator to 2022-01-04 00:00:00+00:00
[2022-01-05 20:53:38,580] {processor.py:171} INFO - Processing /home/airflow/sandbox/lib/python3.8/site-packages/airflow/example_dags/example_branch_day_of_week_operator.py took 0.171 seconds
[2022-01-05 20:54:09,556] {processor.py:163} INFO - Started process (PID=21611) to work on /home/airflow/sandbox/lib/python3.8/site-packages/airflow/example_dags/example_branch_day_of_week_operator.py
[2022-01-05 20:54:09,577] {processor.py:642} INFO - Processing file /home/airflow/sandbox/lib/python3.8/site-packages/airflow/example_dags/example_branch_day_of_week_operator.py for tasks to queue
[2022-01-05 20:54:09,577] {logging_mixin.py:109} INFO - [2022-01-05 20:54:09,577] {dagbag.py:500} INFO - Filling up the DagBag from /home/airflow/sandbox/lib/python3.8/site-packages/airflow/example_dags/example_branch_day_of_week_operator.py
[2022-01-05 20:54:09,654] {processor.py:654} INFO - DAG(s) dict_keys(['example_weekday_branch_operator']) retrieved from /home/airflow/sandbox/lib/python3.8/site-packages/airflow/example_dags/example_branch_day_of_week_operator.py
[2022-01-05 20:54:09,749] {logging_mixin.py:109} INFO - [2022-01-05 20:54:09,749] {dag.py:2396} INFO - Sync 1 DAGs
[2022-01-05 20:54:09,787] {logging_mixin.py:109} INFO - [2022-01-05 20:54:09,787] {dag.py:2935} INFO - Setting next_dagrun for example_weekday_branch_operator to 2022-01-04 00:00:00+00:00
[2022-01-05 20:54:09,796] {processor.py:171} INFO - Processing /home/airflow/sandbox/lib/python3.8/site-packages/airflow/example_dags/example_branch_day_of_week_operator.py took 0.262 seconds
[2022-01-05 20:54:40,498] {processor.py:163} INFO - Started process (PID=21847) to work on /home/airflow/sandbox/lib/python3.8/site-packages/airflow/example_dags/example_branch_day_of_week_operator.py
[2022-01-05 20:54:40,502] {processor.py:642} INFO - Processing file /home/airflow/sandbox/lib/python3.8/site-packages/airflow/example_dags/example_branch_day_of_week_operator.py for tasks to queue
[2022-01-05 20:54:40,507] {logging_mixin.py:109} INFO - [2022-01-05 20:54:40,507] {dagbag.py:500} INFO - Filling up the DagBag from /home/airflow/sandbox/lib/python3.8/site-packages/airflow/example_dags/example_branch_day_of_week_operator.py
[2022-01-05 20:54:40,698] {processor.py:654} INFO - DAG(s) dict_keys(['example_weekday_branch_operator']) retrieved from /home/airflow/sandbox/lib/python3.8/site-packages/airflow/example_dags/example_branch_day_of_week_operator.py
[2022-01-05 20:54:40,752] {logging_mixin.py:109} INFO - [2022-01-05 20:54:40,752] {dag.py:2396} INFO - Sync 1 DAGs
[2022-01-05 20:54:40,846] {logging_mixin.py:109} INFO - [2022-01-05 20:54:40,846] {dag.py:2935} INFO - Setting next_dagrun for example_weekday_branch_operator to 2022-01-04 00:00:00+00:00
[2022-01-05 20:54:40,876] {processor.py:171} INFO - Processing /home/airflow/sandbox/lib/python3.8/site-packages/airflow/example_dags/example_branch_day_of_week_operator.py took 0.383 seconds
[2022-01-05 20:55:11,741] {processor.py:163} INFO - Started process (PID=22098) to work on /home/airflow/sandbox/lib/python3.8/site-packages/airflow/example_dags/example_branch_day_of_week_operator.py
[2022-01-05 20:55:11,746] {processor.py:642} INFO - Processing file /home/airflow/sandbox/lib/python3.8/site-packages/airflow/example_dags/example_branch_day_of_week_operator.py for tasks to queue
[2022-01-05 20:55:11,748] {logging_mixin.py:109} INFO - [2022-01-05 20:55:11,748] {dagbag.py:500} INFO - Filling up the DagBag from /home/airflow/sandbox/lib/python3.8/site-packages/airflow/example_dags/example_branch_day_of_week_operator.py
[2022-01-05 20:55:12,043] {processor.py:654} INFO - DAG(s) dict_keys(['example_weekday_branch_operator']) retrieved from /home/airflow/sandbox/lib/python3.8/site-packages/airflow/example_dags/example_branch_day_of_week_operator.py
[2022-01-05 20:55:12,082] {logging_mixin.py:109} INFO - [2022-01-05 20:55:12,082] {dag.py:2396} INFO - Sync 1 DAGs
[2022-01-05 20:55:12,132] {logging_mixin.py:109} INFO - [2022-01-05 20:55:12,132] {dag.py:2935} INFO - Setting next_dagrun for example_weekday_branch_operator to 2022-01-04 00:00:00+00:00
[2022-01-05 20:55:12,149] {processor.py:171} INFO - Processing /home/airflow/sandbox/lib/python3.8/site-packages/airflow/example_dags/example_branch_day_of_week_operator.py took 0.447 seconds
[2022-01-05 20:55:42,892] {processor.py:163} INFO - Started process (PID=22346) to work on /home/airflow/sandbox/lib/python3.8/site-packages/airflow/example_dags/example_branch_day_of_week_operator.py
[2022-01-05 20:55:42,898] {processor.py:642} INFO - Processing file /home/airflow/sandbox/lib/python3.8/site-packages/airflow/example_dags/example_branch_day_of_week_operator.py for tasks to queue
[2022-01-05 20:55:42,900] {logging_mixin.py:109} INFO - [2022-01-05 20:55:42,900] {dagbag.py:500} INFO - Filling up the DagBag from /home/airflow/sandbox/lib/python3.8/site-packages/airflow/example_dags/example_branch_day_of_week_operator.py
[2022-01-05 20:55:43,235] {processor.py:654} INFO - DAG(s) dict_keys(['example_weekday_branch_operator']) retrieved from /home/airflow/sandbox/lib/python3.8/site-packages/airflow/example_dags/example_branch_day_of_week_operator.py
[2022-01-05 20:55:43,344] {logging_mixin.py:109} INFO - [2022-01-05 20:55:43,344] {dag.py:2396} INFO - Sync 1 DAGs
[2022-01-05 20:55:43,481] {logging_mixin.py:109} INFO - [2022-01-05 20:55:43,481] {dag.py:2935} INFO - Setting next_dagrun for example_weekday_branch_operator to 2022-01-04 00:00:00+00:00
[2022-01-05 20:55:43,499] {processor.py:171} INFO - Processing /home/airflow/sandbox/lib/python3.8/site-packages/airflow/example_dags/example_branch_day_of_week_operator.py took 0.696 seconds
[2022-01-05 20:56:14,091] {processor.py:163} INFO - Started process (PID=22587) to work on /home/airflow/sandbox/lib/python3.8/site-packages/airflow/example_dags/example_branch_day_of_week_operator.py
[2022-01-05 20:56:14,092] {processor.py:642} INFO - Processing file /home/airflow/sandbox/lib/python3.8/site-packages/airflow/example_dags/example_branch_day_of_week_operator.py for tasks to queue
[2022-01-05 20:56:14,093] {logging_mixin.py:109} INFO - [2022-01-05 20:56:14,093] {dagbag.py:500} INFO - Filling up the DagBag from /home/airflow/sandbox/lib/python3.8/site-packages/airflow/example_dags/example_branch_day_of_week_operator.py
[2022-01-05 20:56:14,350] {processor.py:654} INFO - DAG(s) dict_keys(['example_weekday_branch_operator']) retrieved from /home/airflow/sandbox/lib/python3.8/site-packages/airflow/example_dags/example_branch_day_of_week_operator.py
[2022-01-05 20:56:14,399] {logging_mixin.py:109} INFO - [2022-01-05 20:56:14,399] {dag.py:2396} INFO - Sync 1 DAGs
[2022-01-05 20:56:14,539] {logging_mixin.py:109} INFO - [2022-01-05 20:56:14,539] {dag.py:2935} INFO - Setting next_dagrun for example_weekday_branch_operator to 2022-01-04 00:00:00+00:00
[2022-01-05 20:56:14,645] {processor.py:171} INFO - Processing /home/airflow/sandbox/lib/python3.8/site-packages/airflow/example_dags/example_branch_day_of_week_operator.py took 0.560 seconds
[2022-01-05 20:56:45,549] {processor.py:163} INFO - Started process (PID=22827) to work on /home/airflow/sandbox/lib/python3.8/site-packages/airflow/example_dags/example_branch_day_of_week_operator.py
[2022-01-05 20:56:45,579] {processor.py:642} INFO - Processing file /home/airflow/sandbox/lib/python3.8/site-packages/airflow/example_dags/example_branch_day_of_week_operator.py for tasks to queue
[2022-01-05 20:56:45,580] {logging_mixin.py:109} INFO - [2022-01-05 20:56:45,580] {dagbag.py:500} INFO - Filling up the DagBag from /home/airflow/sandbox/lib/python3.8/site-packages/airflow/example_dags/example_branch_day_of_week_operator.py
[2022-01-05 20:56:46,235] {processor.py:654} INFO - DAG(s) dict_keys(['example_weekday_branch_operator']) retrieved from /home/airflow/sandbox/lib/python3.8/site-packages/airflow/example_dags/example_branch_day_of_week_operator.py
[2022-01-05 20:56:46,397] {logging_mixin.py:109} INFO - [2022-01-05 20:56:46,396] {dag.py:2396} INFO - Sync 1 DAGs
[2022-01-05 20:56:46,603] {logging_mixin.py:109} INFO - [2022-01-05 20:56:46,603] {dag.py:2935} INFO - Setting next_dagrun for example_weekday_branch_operator to 2022-01-04 00:00:00+00:00
[2022-01-05 20:56:46,696] {processor.py:171} INFO - Processing /home/airflow/sandbox/lib/python3.8/site-packages/airflow/example_dags/example_branch_day_of_week_operator.py took 1.157 seconds
[2022-01-05 20:57:16,986] {processor.py:163} INFO - Started process (PID=23069) to work on /home/airflow/sandbox/lib/python3.8/site-packages/airflow/example_dags/example_branch_day_of_week_operator.py
[2022-01-05 20:57:16,989] {processor.py:642} INFO - Processing file /home/airflow/sandbox/lib/python3.8/site-packages/airflow/example_dags/example_branch_day_of_week_operator.py for tasks to queue
[2022-01-05 20:57:16,990] {logging_mixin.py:109} INFO - [2022-01-05 20:57:16,990] {dagbag.py:500} INFO - Filling up the DagBag from /home/airflow/sandbox/lib/python3.8/site-packages/airflow/example_dags/example_branch_day_of_week_operator.py
[2022-01-05 20:57:17,303] {processor.py:654} INFO - DAG(s) dict_keys(['example_weekday_branch_operator']) retrieved from /home/airflow/sandbox/lib/python3.8/site-packages/airflow/example_dags/example_branch_day_of_week_operator.py
[2022-01-05 20:57:17,397] {logging_mixin.py:109} INFO - [2022-01-05 20:57:17,397] {dag.py:2396} INFO - Sync 1 DAGs
[2022-01-05 20:57:17,645] {logging_mixin.py:109} INFO - [2022-01-05 20:57:17,644] {dag.py:2935} INFO - Setting next_dagrun for example_weekday_branch_operator to 2022-01-04 00:00:00+00:00
[2022-01-05 20:57:17,886] {processor.py:171} INFO - Processing /home/airflow/sandbox/lib/python3.8/site-packages/airflow/example_dags/example_branch_day_of_week_operator.py took 0.906 seconds
[2022-01-05 20:57:48,484] {processor.py:163} INFO - Started process (PID=23307) to work on /home/airflow/sandbox/lib/python3.8/site-packages/airflow/example_dags/example_branch_day_of_week_operator.py
[2022-01-05 20:57:48,485] {processor.py:642} INFO - Processing file /home/airflow/sandbox/lib/python3.8/site-packages/airflow/example_dags/example_branch_day_of_week_operator.py for tasks to queue
[2022-01-05 20:57:48,486] {logging_mixin.py:109} INFO - [2022-01-05 20:57:48,486] {dagbag.py:500} INFO - Filling up the DagBag from /home/airflow/sandbox/lib/python3.8/site-packages/airflow/example_dags/example_branch_day_of_week_operator.py
[2022-01-05 20:57:48,655] {processor.py:654} INFO - DAG(s) dict_keys(['example_weekday_branch_operator']) retrieved from /home/airflow/sandbox/lib/python3.8/site-packages/airflow/example_dags/example_branch_day_of_week_operator.py
[2022-01-05 20:57:48,736] {logging_mixin.py:109} INFO - [2022-01-05 20:57:48,736] {dag.py:2396} INFO - Sync 1 DAGs
[2022-01-05 20:57:48,990] {logging_mixin.py:109} INFO - [2022-01-05 20:57:48,990] {dag.py:2935} INFO - Setting next_dagrun for example_weekday_branch_operator to 2022-01-04 00:00:00+00:00
[2022-01-05 20:57:49,037] {processor.py:171} INFO - Processing /home/airflow/sandbox/lib/python3.8/site-packages/airflow/example_dags/example_branch_day_of_week_operator.py took 0.633 seconds
[2022-01-05 20:58:19,990] {processor.py:163} INFO - Started process (PID=23621) to work on /home/airflow/sandbox/lib/python3.8/site-packages/airflow/example_dags/example_branch_day_of_week_operator.py
[2022-01-05 20:58:19,991] {processor.py:642} INFO - Processing file /home/airflow/sandbox/lib/python3.8/site-packages/airflow/example_dags/example_branch_day_of_week_operator.py for tasks to queue
[2022-01-05 20:58:19,992] {logging_mixin.py:109} INFO - [2022-01-05 20:58:19,992] {dagbag.py:500} INFO - Filling up the DagBag from /home/airflow/sandbox/lib/python3.8/site-packages/airflow/example_dags/example_branch_day_of_week_operator.py
[2022-01-05 20:58:20,233] {processor.py:654} INFO - DAG(s) dict_keys(['example_weekday_branch_operator']) retrieved from /home/airflow/sandbox/lib/python3.8/site-packages/airflow/example_dags/example_branch_day_of_week_operator.py
[2022-01-05 20:58:20,246] {logging_mixin.py:109} INFO - [2022-01-05 20:58:20,246] {dag.py:2396} INFO - Sync 1 DAGs
[2022-01-05 20:58:20,342] {logging_mixin.py:109} INFO - [2022-01-05 20:58:20,342] {dag.py:2935} INFO - Setting next_dagrun for example_weekday_branch_operator to 2022-01-04 00:00:00+00:00
[2022-01-05 20:58:20,388] {processor.py:171} INFO - Processing /home/airflow/sandbox/lib/python3.8/site-packages/airflow/example_dags/example_branch_day_of_week_operator.py took 0.404 seconds
[2022-01-05 20:58:51,299] {processor.py:163} INFO - Started process (PID=23861) to work on /home/airflow/sandbox/lib/python3.8/site-packages/airflow/example_dags/example_branch_day_of_week_operator.py
[2022-01-05 20:58:51,300] {processor.py:642} INFO - Processing file /home/airflow/sandbox/lib/python3.8/site-packages/airflow/example_dags/example_branch_day_of_week_operator.py for tasks to queue
[2022-01-05 20:58:51,301] {logging_mixin.py:109} INFO - [2022-01-05 20:58:51,300] {dagbag.py:500} INFO - Filling up the DagBag from /home/airflow/sandbox/lib/python3.8/site-packages/airflow/example_dags/example_branch_day_of_week_operator.py
[2022-01-05 20:58:51,485] {processor.py:654} INFO - DAG(s) dict_keys(['example_weekday_branch_operator']) retrieved from /home/airflow/sandbox/lib/python3.8/site-packages/airflow/example_dags/example_branch_day_of_week_operator.py
[2022-01-05 20:58:51,503] {logging_mixin.py:109} INFO - [2022-01-05 20:58:51,503] {dag.py:2396} INFO - Sync 1 DAGs
[2022-01-05 20:58:51,750] {logging_mixin.py:109} INFO - [2022-01-05 20:58:51,750] {dag.py:2935} INFO - Setting next_dagrun for example_weekday_branch_operator to 2022-01-04 00:00:00+00:00
[2022-01-05 20:58:51,785] {processor.py:171} INFO - Processing /home/airflow/sandbox/lib/python3.8/site-packages/airflow/example_dags/example_branch_day_of_week_operator.py took 0.493 seconds
[2022-01-05 20:59:23,002] {processor.py:163} INFO - Started process (PID=24104) to work on /home/airflow/sandbox/lib/python3.8/site-packages/airflow/example_dags/example_branch_day_of_week_operator.py
[2022-01-05 20:59:23,028] {processor.py:642} INFO - Processing file /home/airflow/sandbox/lib/python3.8/site-packages/airflow/example_dags/example_branch_day_of_week_operator.py for tasks to queue
[2022-01-05 20:59:23,030] {logging_mixin.py:109} INFO - [2022-01-05 20:59:23,029] {dagbag.py:500} INFO - Filling up the DagBag from /home/airflow/sandbox/lib/python3.8/site-packages/airflow/example_dags/example_branch_day_of_week_operator.py
[2022-01-05 20:59:23,302] {processor.py:654} INFO - DAG(s) dict_keys(['example_weekday_branch_operator']) retrieved from /home/airflow/sandbox/lib/python3.8/site-packages/airflow/example_dags/example_branch_day_of_week_operator.py
[2022-01-05 20:59:23,338] {logging_mixin.py:109} INFO - [2022-01-05 20:59:23,338] {dag.py:2396} INFO - Sync 1 DAGs
[2022-01-05 20:59:23,436] {logging_mixin.py:109} INFO - [2022-01-05 20:59:23,436] {dag.py:2935} INFO - Setting next_dagrun for example_weekday_branch_operator to 2022-01-04 00:00:00+00:00
[2022-01-05 20:59:23,534] {processor.py:171} INFO - Processing /home/airflow/sandbox/lib/python3.8/site-packages/airflow/example_dags/example_branch_day_of_week_operator.py took 0.631 seconds
[2022-01-05 20:59:54,380] {processor.py:163} INFO - Started process (PID=24347) to work on /home/airflow/sandbox/lib/python3.8/site-packages/airflow/example_dags/example_branch_day_of_week_operator.py
[2022-01-05 20:59:54,384] {processor.py:642} INFO - Processing file /home/airflow/sandbox/lib/python3.8/site-packages/airflow/example_dags/example_branch_day_of_week_operator.py for tasks to queue
[2022-01-05 20:59:54,391] {logging_mixin.py:109} INFO - [2022-01-05 20:59:54,390] {dagbag.py:500} INFO - Filling up the DagBag from /home/airflow/sandbox/lib/python3.8/site-packages/airflow/example_dags/example_branch_day_of_week_operator.py
[2022-01-05 20:59:54,583] {processor.py:654} INFO - DAG(s) dict_keys(['example_weekday_branch_operator']) retrieved from /home/airflow/sandbox/lib/python3.8/site-packages/airflow/example_dags/example_branch_day_of_week_operator.py
[2022-01-05 20:59:54,678] {logging_mixin.py:109} INFO - [2022-01-05 20:59:54,677] {dag.py:2396} INFO - Sync 1 DAGs
[2022-01-05 20:59:54,753] {logging_mixin.py:109} INFO - [2022-01-05 20:59:54,753] {dag.py:2935} INFO - Setting next_dagrun for example_weekday_branch_operator to 2022-01-04 00:00:00+00:00
[2022-01-05 20:59:54,795] {processor.py:171} INFO - Processing /home/airflow/sandbox/lib/python3.8/site-packages/airflow/example_dags/example_branch_day_of_week_operator.py took 0.453 seconds
[2022-01-05 21:00:24,908] {processor.py:163} INFO - Started process (PID=24588) to work on /home/airflow/sandbox/lib/python3.8/site-packages/airflow/example_dags/example_branch_day_of_week_operator.py
[2022-01-05 21:00:24,919] {processor.py:642} INFO - Processing file /home/airflow/sandbox/lib/python3.8/site-packages/airflow/example_dags/example_branch_day_of_week_operator.py for tasks to queue
[2022-01-05 21:00:24,931] {logging_mixin.py:109} INFO - [2022-01-05 21:00:24,931] {dagbag.py:500} INFO - Filling up the DagBag from /home/airflow/sandbox/lib/python3.8/site-packages/airflow/example_dags/example_branch_day_of_week_operator.py
[2022-01-05 21:00:25,104] {processor.py:654} INFO - DAG(s) dict_keys(['example_weekday_branch_operator']) retrieved from /home/airflow/sandbox/lib/python3.8/site-packages/airflow/example_dags/example_branch_day_of_week_operator.py
[2022-01-05 21:00:25,163] {logging_mixin.py:109} INFO - [2022-01-05 21:00:25,162] {dag.py:2396} INFO - Sync 1 DAGs
[2022-01-05 21:00:25,248] {logging_mixin.py:109} INFO - [2022-01-05 21:00:25,247] {dag.py:2935} INFO - Setting next_dagrun for example_weekday_branch_operator to 2022-01-04 00:00:00+00:00
[2022-01-05 21:00:25,323] {processor.py:171} INFO - Processing /home/airflow/sandbox/lib/python3.8/site-packages/airflow/example_dags/example_branch_day_of_week_operator.py took 0.427 seconds
