[2022-01-05 20:07:19,869] {processor.py:163} INFO - Started process (PID=2514) to work on /home/airflow/sandbox/lib/python3.8/site-packages/airflow/example_dags/example_sla_dag.py
[2022-01-05 20:07:19,883] {processor.py:642} INFO - Processing file /home/airflow/sandbox/lib/python3.8/site-packages/airflow/example_dags/example_sla_dag.py for tasks to queue
[2022-01-05 20:07:19,883] {logging_mixin.py:109} INFO - [2022-01-05 20:07:19,883] {dagbag.py:500} INFO - Filling up the DagBag from /home/airflow/sandbox/lib/python3.8/site-packages/airflow/example_dags/example_sla_dag.py
[2022-01-05 20:07:20,194] {processor.py:654} INFO - DAG(s) dict_keys(['example_sla_dag']) retrieved from /home/airflow/sandbox/lib/python3.8/site-packages/airflow/example_dags/example_sla_dag.py
[2022-01-05 20:07:20,283] {logging_mixin.py:109} INFO - [2022-01-05 20:07:20,283] {dag.py:2396} INFO - Sync 1 DAGs
[2022-01-05 20:07:20,390] {logging_mixin.py:109} INFO - [2022-01-05 20:07:20,389] {dag.py:2935} INFO - Setting next_dagrun for example_sla_dag to 2022-01-05T20:04:00+00:00
[2022-01-05 20:07:20,497] {processor.py:171} INFO - Processing /home/airflow/sandbox/lib/python3.8/site-packages/airflow/example_dags/example_sla_dag.py took 0.710 seconds
[2022-01-05 20:07:51,196] {processor.py:163} INFO - Started process (PID=2807) to work on /home/airflow/sandbox/lib/python3.8/site-packages/airflow/example_dags/example_sla_dag.py
[2022-01-05 20:07:51,200] {processor.py:642} INFO - Processing file /home/airflow/sandbox/lib/python3.8/site-packages/airflow/example_dags/example_sla_dag.py for tasks to queue
[2022-01-05 20:07:51,204] {logging_mixin.py:109} INFO - [2022-01-05 20:07:51,204] {dagbag.py:500} INFO - Filling up the DagBag from /home/airflow/sandbox/lib/python3.8/site-packages/airflow/example_dags/example_sla_dag.py
[2022-01-05 20:07:51,389] {processor.py:654} INFO - DAG(s) dict_keys(['example_sla_dag']) retrieved from /home/airflow/sandbox/lib/python3.8/site-packages/airflow/example_dags/example_sla_dag.py
[2022-01-05 20:07:51,401] {logging_mixin.py:109} INFO - [2022-01-05 20:07:51,401] {dag.py:2396} INFO - Sync 1 DAGs
[2022-01-05 20:07:51,440] {logging_mixin.py:109} INFO - [2022-01-05 20:07:51,439] {dag.py:2935} INFO - Setting next_dagrun for example_sla_dag to 2022-01-05T20:04:00+00:00
[2022-01-05 20:07:51,451] {processor.py:171} INFO - Processing /home/airflow/sandbox/lib/python3.8/site-packages/airflow/example_dags/example_sla_dag.py took 0.268 seconds
[2022-01-05 20:08:21,704] {processor.py:163} INFO - Started process (PID=2980) to work on /home/airflow/sandbox/lib/python3.8/site-packages/airflow/example_dags/example_sla_dag.py
[2022-01-05 20:08:21,719] {processor.py:642} INFO - Processing file /home/airflow/sandbox/lib/python3.8/site-packages/airflow/example_dags/example_sla_dag.py for tasks to queue
[2022-01-05 20:08:21,817] {logging_mixin.py:109} INFO - [2022-01-05 20:08:21,817] {dagbag.py:500} INFO - Filling up the DagBag from /home/airflow/sandbox/lib/python3.8/site-packages/airflow/example_dags/example_sla_dag.py
[2022-01-05 20:08:22,292] {processor.py:654} INFO - DAG(s) dict_keys(['example_sla_dag']) retrieved from /home/airflow/sandbox/lib/python3.8/site-packages/airflow/example_dags/example_sla_dag.py
[2022-01-05 20:08:22,396] {logging_mixin.py:109} INFO - [2022-01-05 20:08:22,396] {dag.py:2396} INFO - Sync 1 DAGs
[2022-01-05 20:08:22,471] {logging_mixin.py:109} INFO - [2022-01-05 20:08:22,470] {dag.py:2935} INFO - Setting next_dagrun for example_sla_dag to 2022-01-05T20:06:00+00:00
[2022-01-05 20:08:22,557] {processor.py:171} INFO - Processing /home/airflow/sandbox/lib/python3.8/site-packages/airflow/example_dags/example_sla_dag.py took 0.959 seconds
[2022-01-05 20:08:53,453] {processor.py:163} INFO - Started process (PID=3322) to work on /home/airflow/sandbox/lib/python3.8/site-packages/airflow/example_dags/example_sla_dag.py
[2022-01-05 20:08:53,455] {processor.py:642} INFO - Processing file /home/airflow/sandbox/lib/python3.8/site-packages/airflow/example_dags/example_sla_dag.py for tasks to queue
[2022-01-05 20:08:53,455] {logging_mixin.py:109} INFO - [2022-01-05 20:08:53,455] {dagbag.py:500} INFO - Filling up the DagBag from /home/airflow/sandbox/lib/python3.8/site-packages/airflow/example_dags/example_sla_dag.py
[2022-01-05 20:08:53,550] {processor.py:654} INFO - DAG(s) dict_keys(['example_sla_dag']) retrieved from /home/airflow/sandbox/lib/python3.8/site-packages/airflow/example_dags/example_sla_dag.py
[2022-01-05 20:08:53,572] {logging_mixin.py:109} INFO - [2022-01-05 20:08:53,571] {dag.py:2396} INFO - Sync 1 DAGs
[2022-01-05 20:08:53,663] {logging_mixin.py:109} INFO - [2022-01-05 20:08:53,662] {dag.py:2935} INFO - Setting next_dagrun for example_sla_dag to 2022-01-05T20:06:00+00:00
[2022-01-05 20:08:53,700] {processor.py:171} INFO - Processing /home/airflow/sandbox/lib/python3.8/site-packages/airflow/example_dags/example_sla_dag.py took 0.250 seconds
[2022-01-05 20:09:28,722] {processor.py:163} INFO - Started process (PID=4083) to work on /home/airflow/sandbox/lib/python3.8/site-packages/airflow/example_dags/example_sla_dag.py
[2022-01-05 20:09:28,726] {processor.py:642} INFO - Processing file /home/airflow/sandbox/lib/python3.8/site-packages/airflow/example_dags/example_sla_dag.py for tasks to queue
[2022-01-05 20:09:28,738] {logging_mixin.py:109} INFO - [2022-01-05 20:09:28,737] {dagbag.py:500} INFO - Filling up the DagBag from /home/airflow/sandbox/lib/python3.8/site-packages/airflow/example_dags/example_sla_dag.py
[2022-01-05 20:09:29,285] {processor.py:654} INFO - DAG(s) dict_keys(['example_sla_dag']) retrieved from /home/airflow/sandbox/lib/python3.8/site-packages/airflow/example_dags/example_sla_dag.py
[2022-01-05 20:09:29,389] {logging_mixin.py:109} INFO - [2022-01-05 20:09:29,389] {dag.py:2396} INFO - Sync 1 DAGs
[2022-01-05 20:09:29,881] {logging_mixin.py:109} INFO - [2022-01-05 20:09:29,881] {dag.py:2935} INFO - Setting next_dagrun for example_sla_dag to 2022-01-05T20:06:00+00:00
[2022-01-05 20:09:30,091] {processor.py:171} INFO - Processing /home/airflow/sandbox/lib/python3.8/site-packages/airflow/example_dags/example_sla_dag.py took 1.410 seconds
[2022-01-05 20:10:00,649] {processor.py:163} INFO - Started process (PID=4730) to work on /home/airflow/sandbox/lib/python3.8/site-packages/airflow/example_dags/example_sla_dag.py
[2022-01-05 20:10:00,652] {processor.py:642} INFO - Processing file /home/airflow/sandbox/lib/python3.8/site-packages/airflow/example_dags/example_sla_dag.py for tasks to queue
[2022-01-05 20:10:00,658] {logging_mixin.py:109} INFO - [2022-01-05 20:10:00,655] {dagbag.py:500} INFO - Filling up the DagBag from /home/airflow/sandbox/lib/python3.8/site-packages/airflow/example_dags/example_sla_dag.py
[2022-01-05 20:10:00,918] {processor.py:654} INFO - DAG(s) dict_keys(['example_sla_dag']) retrieved from /home/airflow/sandbox/lib/python3.8/site-packages/airflow/example_dags/example_sla_dag.py
[2022-01-05 20:10:00,955] {logging_mixin.py:109} INFO - [2022-01-05 20:10:00,954] {dag.py:2396} INFO - Sync 1 DAGs
[2022-01-05 20:10:01,020] {logging_mixin.py:109} INFO - [2022-01-05 20:10:01,020] {dag.py:2935} INFO - Setting next_dagrun for example_sla_dag to 2022-01-05T20:08:00+00:00
[2022-01-05 20:10:01,048] {processor.py:171} INFO - Processing /home/airflow/sandbox/lib/python3.8/site-packages/airflow/example_dags/example_sla_dag.py took 0.482 seconds
[2022-01-05 20:10:31,704] {processor.py:163} INFO - Started process (PID=4818) to work on /home/airflow/sandbox/lib/python3.8/site-packages/airflow/example_dags/example_sla_dag.py
[2022-01-05 20:10:31,707] {processor.py:642} INFO - Processing file /home/airflow/sandbox/lib/python3.8/site-packages/airflow/example_dags/example_sla_dag.py for tasks to queue
[2022-01-05 20:10:31,707] {logging_mixin.py:109} INFO - [2022-01-05 20:10:31,707] {dagbag.py:500} INFO - Filling up the DagBag from /home/airflow/sandbox/lib/python3.8/site-packages/airflow/example_dags/example_sla_dag.py
[2022-01-05 20:10:31,856] {processor.py:654} INFO - DAG(s) dict_keys(['example_sla_dag']) retrieved from /home/airflow/sandbox/lib/python3.8/site-packages/airflow/example_dags/example_sla_dag.py
[2022-01-05 20:10:31,891] {logging_mixin.py:109} INFO - [2022-01-05 20:10:31,890] {dag.py:2396} INFO - Sync 1 DAGs
[2022-01-05 20:10:32,028] {logging_mixin.py:109} INFO - [2022-01-05 20:10:32,027] {dag.py:2935} INFO - Setting next_dagrun for example_sla_dag to 2022-01-05T20:08:00+00:00
[2022-01-05 20:10:32,055] {processor.py:171} INFO - Processing /home/airflow/sandbox/lib/python3.8/site-packages/airflow/example_dags/example_sla_dag.py took 0.401 seconds
[2022-01-05 20:11:03,724] {processor.py:163} INFO - Started process (PID=5002) to work on /home/airflow/sandbox/lib/python3.8/site-packages/airflow/example_dags/example_sla_dag.py
[2022-01-05 20:11:03,725] {processor.py:642} INFO - Processing file /home/airflow/sandbox/lib/python3.8/site-packages/airflow/example_dags/example_sla_dag.py for tasks to queue
[2022-01-05 20:11:03,727] {logging_mixin.py:109} INFO - [2022-01-05 20:11:03,726] {dagbag.py:500} INFO - Filling up the DagBag from /home/airflow/sandbox/lib/python3.8/site-packages/airflow/example_dags/example_sla_dag.py
[2022-01-05 20:11:03,948] {processor.py:654} INFO - DAG(s) dict_keys(['example_sla_dag']) retrieved from /home/airflow/sandbox/lib/python3.8/site-packages/airflow/example_dags/example_sla_dag.py
[2022-01-05 20:11:04,044] {logging_mixin.py:109} INFO - [2022-01-05 20:11:04,044] {dag.py:2396} INFO - Sync 1 DAGs
[2022-01-05 20:11:04,192] {logging_mixin.py:109} INFO - [2022-01-05 20:11:04,192] {dag.py:2935} INFO - Setting next_dagrun for example_sla_dag to 2022-01-05T20:08:00+00:00
[2022-01-05 20:11:04,301] {processor.py:171} INFO - Processing /home/airflow/sandbox/lib/python3.8/site-packages/airflow/example_dags/example_sla_dag.py took 0.599 seconds
[2022-01-05 20:11:34,898] {processor.py:163} INFO - Started process (PID=5094) to work on /home/airflow/sandbox/lib/python3.8/site-packages/airflow/example_dags/example_sla_dag.py
[2022-01-05 20:11:34,932] {processor.py:642} INFO - Processing file /home/airflow/sandbox/lib/python3.8/site-packages/airflow/example_dags/example_sla_dag.py for tasks to queue
[2022-01-05 20:11:34,935] {logging_mixin.py:109} INFO - [2022-01-05 20:11:34,935] {dagbag.py:500} INFO - Filling up the DagBag from /home/airflow/sandbox/lib/python3.8/site-packages/airflow/example_dags/example_sla_dag.py
[2022-01-05 20:11:35,144] {processor.py:654} INFO - DAG(s) dict_keys(['example_sla_dag']) retrieved from /home/airflow/sandbox/lib/python3.8/site-packages/airflow/example_dags/example_sla_dag.py
[2022-01-05 20:11:35,189] {logging_mixin.py:109} INFO - [2022-01-05 20:11:35,189] {dag.py:2396} INFO - Sync 1 DAGs
[2022-01-05 20:11:35,277] {logging_mixin.py:109} INFO - [2022-01-05 20:11:35,276] {dag.py:2935} INFO - Setting next_dagrun for example_sla_dag to 2022-01-05T20:08:00+00:00
[2022-01-05 20:11:35,328] {processor.py:171} INFO - Processing /home/airflow/sandbox/lib/python3.8/site-packages/airflow/example_dags/example_sla_dag.py took 0.440 seconds
[2022-01-05 20:12:05,764] {processor.py:163} INFO - Started process (PID=5197) to work on /home/airflow/sandbox/lib/python3.8/site-packages/airflow/example_dags/example_sla_dag.py
[2022-01-05 20:12:05,771] {processor.py:642} INFO - Processing file /home/airflow/sandbox/lib/python3.8/site-packages/airflow/example_dags/example_sla_dag.py for tasks to queue
[2022-01-05 20:12:05,776] {logging_mixin.py:109} INFO - [2022-01-05 20:12:05,776] {dagbag.py:500} INFO - Filling up the DagBag from /home/airflow/sandbox/lib/python3.8/site-packages/airflow/example_dags/example_sla_dag.py
[2022-01-05 20:12:05,912] {processor.py:654} INFO - DAG(s) dict_keys(['example_sla_dag']) retrieved from /home/airflow/sandbox/lib/python3.8/site-packages/airflow/example_dags/example_sla_dag.py
[2022-01-05 20:12:05,939] {logging_mixin.py:109} INFO - [2022-01-05 20:12:05,939] {dag.py:2396} INFO - Sync 1 DAGs
[2022-01-05 20:12:06,020] {logging_mixin.py:109} INFO - [2022-01-05 20:12:06,020] {dag.py:2935} INFO - Setting next_dagrun for example_sla_dag to 2022-01-05T20:10:00+00:00
[2022-01-05 20:12:06,064] {processor.py:171} INFO - Processing /home/airflow/sandbox/lib/python3.8/site-packages/airflow/example_dags/example_sla_dag.py took 0.326 seconds
[2022-01-05 20:12:36,739] {processor.py:163} INFO - Started process (PID=5316) to work on /home/airflow/sandbox/lib/python3.8/site-packages/airflow/example_dags/example_sla_dag.py
[2022-01-05 20:12:36,740] {processor.py:642} INFO - Processing file /home/airflow/sandbox/lib/python3.8/site-packages/airflow/example_dags/example_sla_dag.py for tasks to queue
[2022-01-05 20:12:36,745] {logging_mixin.py:109} INFO - [2022-01-05 20:12:36,745] {dagbag.py:500} INFO - Filling up the DagBag from /home/airflow/sandbox/lib/python3.8/site-packages/airflow/example_dags/example_sla_dag.py
[2022-01-05 20:12:36,915] {processor.py:654} INFO - DAG(s) dict_keys(['example_sla_dag']) retrieved from /home/airflow/sandbox/lib/python3.8/site-packages/airflow/example_dags/example_sla_dag.py
[2022-01-05 20:12:36,965] {logging_mixin.py:109} INFO - [2022-01-05 20:12:36,965] {dag.py:2396} INFO - Sync 1 DAGs
[2022-01-05 20:12:37,039] {logging_mixin.py:109} INFO - [2022-01-05 20:12:37,039] {dag.py:2935} INFO - Setting next_dagrun for example_sla_dag to 2022-01-05T20:10:00+00:00
[2022-01-05 20:12:37,068] {processor.py:171} INFO - Processing /home/airflow/sandbox/lib/python3.8/site-packages/airflow/example_dags/example_sla_dag.py took 0.344 seconds
[2022-01-05 20:28:17,988] {processor.py:163} INFO - Started process (PID=7115) to work on /home/airflow/sandbox/lib/python3.8/site-packages/airflow/example_dags/example_sla_dag.py
[2022-01-05 20:28:17,990] {processor.py:642} INFO - Processing file /home/airflow/sandbox/lib/python3.8/site-packages/airflow/example_dags/example_sla_dag.py for tasks to queue
[2022-01-05 20:28:17,990] {logging_mixin.py:109} INFO - [2022-01-05 20:28:17,990] {dagbag.py:500} INFO - Filling up the DagBag from /home/airflow/sandbox/lib/python3.8/site-packages/airflow/example_dags/example_sla_dag.py
[2022-01-05 20:28:18,287] {processor.py:654} INFO - DAG(s) dict_keys(['example_sla_dag']) retrieved from /home/airflow/sandbox/lib/python3.8/site-packages/airflow/example_dags/example_sla_dag.py
[2022-01-05 20:28:18,347] {logging_mixin.py:109} INFO - [2022-01-05 20:28:18,345] {dag.py:2396} INFO - Sync 1 DAGs
[2022-01-05 20:28:18,659] {logging_mixin.py:109} INFO - [2022-01-05 20:28:18,659] {dag.py:2935} INFO - Setting next_dagrun for example_sla_dag to 2022-01-05T20:26:00+00:00
[2022-01-05 20:28:18,735] {processor.py:171} INFO - Processing /home/airflow/sandbox/lib/python3.8/site-packages/airflow/example_dags/example_sla_dag.py took 0.777 seconds
[2022-01-05 20:29:05,042] {processor.py:163} INFO - Started process (PID=7593) to work on /home/airflow/sandbox/lib/python3.8/site-packages/airflow/example_dags/example_sla_dag.py
[2022-01-05 20:29:05,060] {processor.py:642} INFO - Processing file /home/airflow/sandbox/lib/python3.8/site-packages/airflow/example_dags/example_sla_dag.py for tasks to queue
[2022-01-05 20:29:05,211] {logging_mixin.py:109} INFO - [2022-01-05 20:29:05,061] {dagbag.py:500} INFO - Filling up the DagBag from /home/airflow/sandbox/lib/python3.8/site-packages/airflow/example_dags/example_sla_dag.py
[2022-01-05 20:29:05,540] {processor.py:654} INFO - DAG(s) dict_keys(['example_sla_dag']) retrieved from /home/airflow/sandbox/lib/python3.8/site-packages/airflow/example_dags/example_sla_dag.py
[2022-01-05 20:29:05,799] {logging_mixin.py:109} INFO - [2022-01-05 20:29:05,799] {dag.py:2396} INFO - Sync 1 DAGs
[2022-01-05 20:29:06,194] {logging_mixin.py:109} INFO - [2022-01-05 20:29:06,194] {dag.py:2935} INFO - Setting next_dagrun for example_sla_dag to 2022-01-05T20:26:00+00:00
[2022-01-05 20:29:06,287] {processor.py:171} INFO - Processing /home/airflow/sandbox/lib/python3.8/site-packages/airflow/example_dags/example_sla_dag.py took 1.480 seconds
[2022-01-05 20:29:36,960] {processor.py:163} INFO - Started process (PID=7830) to work on /home/airflow/sandbox/lib/python3.8/site-packages/airflow/example_dags/example_sla_dag.py
[2022-01-05 20:29:36,984] {processor.py:642} INFO - Processing file /home/airflow/sandbox/lib/python3.8/site-packages/airflow/example_dags/example_sla_dag.py for tasks to queue
[2022-01-05 20:29:36,986] {logging_mixin.py:109} INFO - [2022-01-05 20:29:36,985] {dagbag.py:500} INFO - Filling up the DagBag from /home/airflow/sandbox/lib/python3.8/site-packages/airflow/example_dags/example_sla_dag.py
[2022-01-05 20:29:37,062] {processor.py:654} INFO - DAG(s) dict_keys(['example_sla_dag']) retrieved from /home/airflow/sandbox/lib/python3.8/site-packages/airflow/example_dags/example_sla_dag.py
[2022-01-05 20:29:37,102] {logging_mixin.py:109} INFO - [2022-01-05 20:29:37,102] {dag.py:2396} INFO - Sync 1 DAGs
[2022-01-05 20:29:37,158] {logging_mixin.py:109} INFO - [2022-01-05 20:29:37,158] {dag.py:2935} INFO - Setting next_dagrun for example_sla_dag to 2022-01-05T20:26:00+00:00
[2022-01-05 20:29:37,199] {processor.py:171} INFO - Processing /home/airflow/sandbox/lib/python3.8/site-packages/airflow/example_dags/example_sla_dag.py took 0.244 seconds
[2022-01-05 20:30:07,931] {processor.py:163} INFO - Started process (PID=8106) to work on /home/airflow/sandbox/lib/python3.8/site-packages/airflow/example_dags/example_sla_dag.py
[2022-01-05 20:30:07,933] {processor.py:642} INFO - Processing file /home/airflow/sandbox/lib/python3.8/site-packages/airflow/example_dags/example_sla_dag.py for tasks to queue
[2022-01-05 20:30:07,941] {logging_mixin.py:109} INFO - [2022-01-05 20:30:07,941] {dagbag.py:500} INFO - Filling up the DagBag from /home/airflow/sandbox/lib/python3.8/site-packages/airflow/example_dags/example_sla_dag.py
[2022-01-05 20:30:08,297] {processor.py:654} INFO - DAG(s) dict_keys(['example_sla_dag']) retrieved from /home/airflow/sandbox/lib/python3.8/site-packages/airflow/example_dags/example_sla_dag.py
[2022-01-05 20:30:08,380] {logging_mixin.py:109} INFO - [2022-01-05 20:30:08,380] {dag.py:2396} INFO - Sync 1 DAGs
[2022-01-05 20:30:08,596] {logging_mixin.py:109} INFO - [2022-01-05 20:30:08,596] {dag.py:2935} INFO - Setting next_dagrun for example_sla_dag to 2022-01-05T20:28:00+00:00
[2022-01-05 20:30:08,732] {processor.py:171} INFO - Processing /home/airflow/sandbox/lib/python3.8/site-packages/airflow/example_dags/example_sla_dag.py took 0.839 seconds
[2022-01-05 20:30:42,239] {processor.py:163} INFO - Started process (PID=8472) to work on /home/airflow/sandbox/lib/python3.8/site-packages/airflow/example_dags/example_sla_dag.py
[2022-01-05 20:30:42,242] {processor.py:642} INFO - Processing file /home/airflow/sandbox/lib/python3.8/site-packages/airflow/example_dags/example_sla_dag.py for tasks to queue
[2022-01-05 20:30:42,243] {logging_mixin.py:109} INFO - [2022-01-05 20:30:42,243] {dagbag.py:500} INFO - Filling up the DagBag from /home/airflow/sandbox/lib/python3.8/site-packages/airflow/example_dags/example_sla_dag.py
[2022-01-05 20:30:42,527] {processor.py:654} INFO - DAG(s) dict_keys(['example_sla_dag']) retrieved from /home/airflow/sandbox/lib/python3.8/site-packages/airflow/example_dags/example_sla_dag.py
[2022-01-05 20:30:42,539] {logging_mixin.py:109} INFO - [2022-01-05 20:30:42,538] {dag.py:2396} INFO - Sync 1 DAGs
[2022-01-05 20:30:42,730] {logging_mixin.py:109} INFO - [2022-01-05 20:30:42,729] {dag.py:2935} INFO - Setting next_dagrun for example_sla_dag to 2022-01-05T20:28:00+00:00
[2022-01-05 20:30:42,750] {processor.py:171} INFO - Processing /home/airflow/sandbox/lib/python3.8/site-packages/airflow/example_dags/example_sla_dag.py took 0.520 seconds
[2022-01-05 20:31:17,325] {processor.py:163} INFO - Started process (PID=8916) to work on /home/airflow/sandbox/lib/python3.8/site-packages/airflow/example_dags/example_sla_dag.py
[2022-01-05 20:31:17,329] {processor.py:642} INFO - Processing file /home/airflow/sandbox/lib/python3.8/site-packages/airflow/example_dags/example_sla_dag.py for tasks to queue
[2022-01-05 20:31:17,331] {logging_mixin.py:109} INFO - [2022-01-05 20:31:17,331] {dagbag.py:500} INFO - Filling up the DagBag from /home/airflow/sandbox/lib/python3.8/site-packages/airflow/example_dags/example_sla_dag.py
[2022-01-05 20:31:17,572] {processor.py:654} INFO - DAG(s) dict_keys(['example_sla_dag']) retrieved from /home/airflow/sandbox/lib/python3.8/site-packages/airflow/example_dags/example_sla_dag.py
[2022-01-05 20:31:17,644] {logging_mixin.py:109} INFO - [2022-01-05 20:31:17,639] {dag.py:2396} INFO - Sync 1 DAGs
[2022-01-05 20:31:17,730] {logging_mixin.py:109} INFO - [2022-01-05 20:31:17,730] {dag.py:2935} INFO - Setting next_dagrun for example_sla_dag to 2022-01-05T20:28:00+00:00
[2022-01-05 20:31:17,820] {processor.py:171} INFO - Processing /home/airflow/sandbox/lib/python3.8/site-packages/airflow/example_dags/example_sla_dag.py took 0.536 seconds
[2022-01-05 20:31:49,325] {processor.py:163} INFO - Started process (PID=9276) to work on /home/airflow/sandbox/lib/python3.8/site-packages/airflow/example_dags/example_sla_dag.py
[2022-01-05 20:31:49,327] {processor.py:642} INFO - Processing file /home/airflow/sandbox/lib/python3.8/site-packages/airflow/example_dags/example_sla_dag.py for tasks to queue
[2022-01-05 20:31:49,328] {logging_mixin.py:109} INFO - [2022-01-05 20:31:49,328] {dagbag.py:500} INFO - Filling up the DagBag from /home/airflow/sandbox/lib/python3.8/site-packages/airflow/example_dags/example_sla_dag.py
[2022-01-05 20:31:49,834] {processor.py:654} INFO - DAG(s) dict_keys(['example_sla_dag']) retrieved from /home/airflow/sandbox/lib/python3.8/site-packages/airflow/example_dags/example_sla_dag.py
[2022-01-05 20:31:49,920] {logging_mixin.py:109} INFO - [2022-01-05 20:31:49,920] {dag.py:2396} INFO - Sync 1 DAGs
[2022-01-05 20:31:50,017] {logging_mixin.py:109} INFO - [2022-01-05 20:31:50,017] {dag.py:2935} INFO - Setting next_dagrun for example_sla_dag to 2022-01-05T20:28:00+00:00
[2022-01-05 20:31:50,066] {processor.py:171} INFO - Processing /home/airflow/sandbox/lib/python3.8/site-packages/airflow/example_dags/example_sla_dag.py took 0.750 seconds
[2022-01-05 20:32:20,978] {processor.py:163} INFO - Started process (PID=9984) to work on /home/airflow/sandbox/lib/python3.8/site-packages/airflow/example_dags/example_sla_dag.py
[2022-01-05 20:32:20,983] {processor.py:642} INFO - Processing file /home/airflow/sandbox/lib/python3.8/site-packages/airflow/example_dags/example_sla_dag.py for tasks to queue
[2022-01-05 20:32:20,985] {logging_mixin.py:109} INFO - [2022-01-05 20:32:20,985] {dagbag.py:500} INFO - Filling up the DagBag from /home/airflow/sandbox/lib/python3.8/site-packages/airflow/example_dags/example_sla_dag.py
[2022-01-05 20:32:21,119] {processor.py:654} INFO - DAG(s) dict_keys(['example_sla_dag']) retrieved from /home/airflow/sandbox/lib/python3.8/site-packages/airflow/example_dags/example_sla_dag.py
[2022-01-05 20:32:21,135] {logging_mixin.py:109} INFO - [2022-01-05 20:32:21,135] {dag.py:2396} INFO - Sync 1 DAGs
[2022-01-05 20:32:21,283] {logging_mixin.py:109} INFO - [2022-01-05 20:32:21,283] {dag.py:2935} INFO - Setting next_dagrun for example_sla_dag to 2022-01-05T20:30:00+00:00
[2022-01-05 20:32:21,322] {processor.py:171} INFO - Processing /home/airflow/sandbox/lib/python3.8/site-packages/airflow/example_dags/example_sla_dag.py took 0.349 seconds
[2022-01-05 20:32:52,163] {processor.py:163} INFO - Started process (PID=10701) to work on /home/airflow/sandbox/lib/python3.8/site-packages/airflow/example_dags/example_sla_dag.py
[2022-01-05 20:32:52,165] {processor.py:642} INFO - Processing file /home/airflow/sandbox/lib/python3.8/site-packages/airflow/example_dags/example_sla_dag.py for tasks to queue
[2022-01-05 20:32:52,166] {logging_mixin.py:109} INFO - [2022-01-05 20:32:52,166] {dagbag.py:500} INFO - Filling up the DagBag from /home/airflow/sandbox/lib/python3.8/site-packages/airflow/example_dags/example_sla_dag.py
[2022-01-05 20:32:52,966] {processor.py:654} INFO - DAG(s) dict_keys(['example_sla_dag']) retrieved from /home/airflow/sandbox/lib/python3.8/site-packages/airflow/example_dags/example_sla_dag.py
[2022-01-05 20:32:53,065] {logging_mixin.py:109} INFO - [2022-01-05 20:32:53,065] {dag.py:2396} INFO - Sync 1 DAGs
[2022-01-05 20:32:53,363] {logging_mixin.py:109} INFO - [2022-01-05 20:32:53,363] {dag.py:2935} INFO - Setting next_dagrun for example_sla_dag to 2022-01-05T20:30:00+00:00
[2022-01-05 20:32:53,427] {processor.py:171} INFO - Processing /home/airflow/sandbox/lib/python3.8/site-packages/airflow/example_dags/example_sla_dag.py took 1.302 seconds
[2022-01-05 20:33:23,765] {processor.py:163} INFO - Started process (PID=11393) to work on /home/airflow/sandbox/lib/python3.8/site-packages/airflow/example_dags/example_sla_dag.py
[2022-01-05 20:33:23,766] {processor.py:642} INFO - Processing file /home/airflow/sandbox/lib/python3.8/site-packages/airflow/example_dags/example_sla_dag.py for tasks to queue
[2022-01-05 20:33:23,767] {logging_mixin.py:109} INFO - [2022-01-05 20:33:23,767] {dagbag.py:500} INFO - Filling up the DagBag from /home/airflow/sandbox/lib/python3.8/site-packages/airflow/example_dags/example_sla_dag.py
[2022-01-05 20:33:23,881] {processor.py:654} INFO - DAG(s) dict_keys(['example_sla_dag']) retrieved from /home/airflow/sandbox/lib/python3.8/site-packages/airflow/example_dags/example_sla_dag.py
[2022-01-05 20:33:23,928] {logging_mixin.py:109} INFO - [2022-01-05 20:33:23,928] {dag.py:2396} INFO - Sync 1 DAGs
[2022-01-05 20:33:24,073] {logging_mixin.py:109} INFO - [2022-01-05 20:33:24,073] {dag.py:2935} INFO - Setting next_dagrun for example_sla_dag to 2022-01-05T20:30:00+00:00
[2022-01-05 20:33:24,122] {processor.py:171} INFO - Processing /home/airflow/sandbox/lib/python3.8/site-packages/airflow/example_dags/example_sla_dag.py took 0.362 seconds
[2022-01-05 20:33:54,315] {processor.py:163} INFO - Started process (PID=11693) to work on /home/airflow/sandbox/lib/python3.8/site-packages/airflow/example_dags/example_sla_dag.py
[2022-01-05 20:33:54,325] {processor.py:642} INFO - Processing file /home/airflow/sandbox/lib/python3.8/site-packages/airflow/example_dags/example_sla_dag.py for tasks to queue
[2022-01-05 20:33:54,356] {logging_mixin.py:109} INFO - [2022-01-05 20:33:54,356] {dagbag.py:500} INFO - Filling up the DagBag from /home/airflow/sandbox/lib/python3.8/site-packages/airflow/example_dags/example_sla_dag.py
[2022-01-05 20:33:54,621] {processor.py:654} INFO - DAG(s) dict_keys(['example_sla_dag']) retrieved from /home/airflow/sandbox/lib/python3.8/site-packages/airflow/example_dags/example_sla_dag.py
[2022-01-05 20:33:54,716] {logging_mixin.py:109} INFO - [2022-01-05 20:33:54,716] {dag.py:2396} INFO - Sync 1 DAGs
[2022-01-05 20:33:54,774] {logging_mixin.py:109} INFO - [2022-01-05 20:33:54,774] {dag.py:2935} INFO - Setting next_dagrun for example_sla_dag to 2022-01-05T20:30:00+00:00
[2022-01-05 20:33:54,809] {processor.py:171} INFO - Processing /home/airflow/sandbox/lib/python3.8/site-packages/airflow/example_dags/example_sla_dag.py took 0.504 seconds
[2022-01-05 20:34:25,548] {processor.py:163} INFO - Started process (PID=11932) to work on /home/airflow/sandbox/lib/python3.8/site-packages/airflow/example_dags/example_sla_dag.py
[2022-01-05 20:34:25,551] {processor.py:642} INFO - Processing file /home/airflow/sandbox/lib/python3.8/site-packages/airflow/example_dags/example_sla_dag.py for tasks to queue
[2022-01-05 20:34:25,552] {logging_mixin.py:109} INFO - [2022-01-05 20:34:25,552] {dagbag.py:500} INFO - Filling up the DagBag from /home/airflow/sandbox/lib/python3.8/site-packages/airflow/example_dags/example_sla_dag.py
[2022-01-05 20:34:25,667] {processor.py:654} INFO - DAG(s) dict_keys(['example_sla_dag']) retrieved from /home/airflow/sandbox/lib/python3.8/site-packages/airflow/example_dags/example_sla_dag.py
[2022-01-05 20:34:25,753] {logging_mixin.py:109} INFO - [2022-01-05 20:34:25,753] {dag.py:2396} INFO - Sync 1 DAGs
[2022-01-05 20:34:25,825] {logging_mixin.py:109} INFO - [2022-01-05 20:34:25,825] {dag.py:2935} INFO - Setting next_dagrun for example_sla_dag to 2022-01-05T20:32:00+00:00
[2022-01-05 20:34:25,894] {processor.py:171} INFO - Processing /home/airflow/sandbox/lib/python3.8/site-packages/airflow/example_dags/example_sla_dag.py took 0.349 seconds
[2022-01-05 20:34:56,140] {processor.py:163} INFO - Started process (PID=12166) to work on /home/airflow/sandbox/lib/python3.8/site-packages/airflow/example_dags/example_sla_dag.py
[2022-01-05 20:34:56,141] {processor.py:642} INFO - Processing file /home/airflow/sandbox/lib/python3.8/site-packages/airflow/example_dags/example_sla_dag.py for tasks to queue
[2022-01-05 20:34:56,142] {logging_mixin.py:109} INFO - [2022-01-05 20:34:56,142] {dagbag.py:500} INFO - Filling up the DagBag from /home/airflow/sandbox/lib/python3.8/site-packages/airflow/example_dags/example_sla_dag.py
[2022-01-05 20:34:56,211] {processor.py:654} INFO - DAG(s) dict_keys(['example_sla_dag']) retrieved from /home/airflow/sandbox/lib/python3.8/site-packages/airflow/example_dags/example_sla_dag.py
[2022-01-05 20:34:56,222] {logging_mixin.py:109} INFO - [2022-01-05 20:34:56,221] {dag.py:2396} INFO - Sync 1 DAGs
[2022-01-05 20:34:56,297] {logging_mixin.py:109} INFO - [2022-01-05 20:34:56,296] {dag.py:2935} INFO - Setting next_dagrun for example_sla_dag to 2022-01-05T20:32:00+00:00
[2022-01-05 20:34:56,310] {processor.py:171} INFO - Processing /home/airflow/sandbox/lib/python3.8/site-packages/airflow/example_dags/example_sla_dag.py took 0.192 seconds
[2022-01-05 20:35:26,803] {processor.py:163} INFO - Started process (PID=12410) to work on /home/airflow/sandbox/lib/python3.8/site-packages/airflow/example_dags/example_sla_dag.py
[2022-01-05 20:35:26,804] {processor.py:642} INFO - Processing file /home/airflow/sandbox/lib/python3.8/site-packages/airflow/example_dags/example_sla_dag.py for tasks to queue
[2022-01-05 20:35:26,805] {logging_mixin.py:109} INFO - [2022-01-05 20:35:26,805] {dagbag.py:500} INFO - Filling up the DagBag from /home/airflow/sandbox/lib/python3.8/site-packages/airflow/example_dags/example_sla_dag.py
[2022-01-05 20:35:26,887] {processor.py:654} INFO - DAG(s) dict_keys(['example_sla_dag']) retrieved from /home/airflow/sandbox/lib/python3.8/site-packages/airflow/example_dags/example_sla_dag.py
[2022-01-05 20:35:26,900] {logging_mixin.py:109} INFO - [2022-01-05 20:35:26,899] {dag.py:2396} INFO - Sync 1 DAGs
[2022-01-05 20:35:26,920] {logging_mixin.py:109} INFO - [2022-01-05 20:35:26,920] {dag.py:2935} INFO - Setting next_dagrun for example_sla_dag to 2022-01-05T20:32:00+00:00
[2022-01-05 20:35:26,950] {processor.py:171} INFO - Processing /home/airflow/sandbox/lib/python3.8/site-packages/airflow/example_dags/example_sla_dag.py took 0.153 seconds
[2022-01-05 20:35:57,352] {processor.py:163} INFO - Started process (PID=12651) to work on /home/airflow/sandbox/lib/python3.8/site-packages/airflow/example_dags/example_sla_dag.py
[2022-01-05 20:35:57,354] {processor.py:642} INFO - Processing file /home/airflow/sandbox/lib/python3.8/site-packages/airflow/example_dags/example_sla_dag.py for tasks to queue
[2022-01-05 20:35:57,354] {logging_mixin.py:109} INFO - [2022-01-05 20:35:57,354] {dagbag.py:500} INFO - Filling up the DagBag from /home/airflow/sandbox/lib/python3.8/site-packages/airflow/example_dags/example_sla_dag.py
[2022-01-05 20:35:57,419] {processor.py:654} INFO - DAG(s) dict_keys(['example_sla_dag']) retrieved from /home/airflow/sandbox/lib/python3.8/site-packages/airflow/example_dags/example_sla_dag.py
[2022-01-05 20:35:57,446] {logging_mixin.py:109} INFO - [2022-01-05 20:35:57,446] {dag.py:2396} INFO - Sync 1 DAGs
[2022-01-05 20:35:57,468] {logging_mixin.py:109} INFO - [2022-01-05 20:35:57,467] {dag.py:2935} INFO - Setting next_dagrun for example_sla_dag to 2022-01-05T20:32:00+00:00
[2022-01-05 20:35:57,499] {processor.py:171} INFO - Processing /home/airflow/sandbox/lib/python3.8/site-packages/airflow/example_dags/example_sla_dag.py took 0.150 seconds
[2022-01-05 20:36:27,613] {processor.py:163} INFO - Started process (PID=12892) to work on /home/airflow/sandbox/lib/python3.8/site-packages/airflow/example_dags/example_sla_dag.py
[2022-01-05 20:36:27,614] {processor.py:642} INFO - Processing file /home/airflow/sandbox/lib/python3.8/site-packages/airflow/example_dags/example_sla_dag.py for tasks to queue
[2022-01-05 20:36:27,615] {logging_mixin.py:109} INFO - [2022-01-05 20:36:27,615] {dagbag.py:500} INFO - Filling up the DagBag from /home/airflow/sandbox/lib/python3.8/site-packages/airflow/example_dags/example_sla_dag.py
[2022-01-05 20:36:27,709] {processor.py:654} INFO - DAG(s) dict_keys(['example_sla_dag']) retrieved from /home/airflow/sandbox/lib/python3.8/site-packages/airflow/example_dags/example_sla_dag.py
[2022-01-05 20:36:27,740] {logging_mixin.py:109} INFO - [2022-01-05 20:36:27,740] {dag.py:2396} INFO - Sync 1 DAGs
[2022-01-05 20:36:27,760] {logging_mixin.py:109} INFO - [2022-01-05 20:36:27,760] {dag.py:2935} INFO - Setting next_dagrun for example_sla_dag to 2022-01-05T20:34:00+00:00
[2022-01-05 20:36:27,785] {processor.py:171} INFO - Processing /home/airflow/sandbox/lib/python3.8/site-packages/airflow/example_dags/example_sla_dag.py took 0.178 seconds
[2022-01-05 20:36:58,402] {processor.py:163} INFO - Started process (PID=13130) to work on /home/airflow/sandbox/lib/python3.8/site-packages/airflow/example_dags/example_sla_dag.py
[2022-01-05 20:36:58,403] {processor.py:642} INFO - Processing file /home/airflow/sandbox/lib/python3.8/site-packages/airflow/example_dags/example_sla_dag.py for tasks to queue
[2022-01-05 20:36:58,404] {logging_mixin.py:109} INFO - [2022-01-05 20:36:58,404] {dagbag.py:500} INFO - Filling up the DagBag from /home/airflow/sandbox/lib/python3.8/site-packages/airflow/example_dags/example_sla_dag.py
[2022-01-05 20:36:58,514] {processor.py:654} INFO - DAG(s) dict_keys(['example_sla_dag']) retrieved from /home/airflow/sandbox/lib/python3.8/site-packages/airflow/example_dags/example_sla_dag.py
[2022-01-05 20:36:58,557] {logging_mixin.py:109} INFO - [2022-01-05 20:36:58,557] {dag.py:2396} INFO - Sync 1 DAGs
[2022-01-05 20:36:58,612] {logging_mixin.py:109} INFO - [2022-01-05 20:36:58,612] {dag.py:2935} INFO - Setting next_dagrun for example_sla_dag to 2022-01-05T20:34:00+00:00
[2022-01-05 20:36:58,660] {processor.py:171} INFO - Processing /home/airflow/sandbox/lib/python3.8/site-packages/airflow/example_dags/example_sla_dag.py took 0.264 seconds
[2022-01-05 20:37:28,758] {processor.py:163} INFO - Started process (PID=13369) to work on /home/airflow/sandbox/lib/python3.8/site-packages/airflow/example_dags/example_sla_dag.py
[2022-01-05 20:37:28,759] {processor.py:642} INFO - Processing file /home/airflow/sandbox/lib/python3.8/site-packages/airflow/example_dags/example_sla_dag.py for tasks to queue
[2022-01-05 20:37:28,760] {logging_mixin.py:109} INFO - [2022-01-05 20:37:28,760] {dagbag.py:500} INFO - Filling up the DagBag from /home/airflow/sandbox/lib/python3.8/site-packages/airflow/example_dags/example_sla_dag.py
[2022-01-05 20:37:28,839] {processor.py:654} INFO - DAG(s) dict_keys(['example_sla_dag']) retrieved from /home/airflow/sandbox/lib/python3.8/site-packages/airflow/example_dags/example_sla_dag.py
[2022-01-05 20:37:28,848] {logging_mixin.py:109} INFO - [2022-01-05 20:37:28,848] {dag.py:2396} INFO - Sync 1 DAGs
[2022-01-05 20:37:28,896] {logging_mixin.py:109} INFO - [2022-01-05 20:37:28,896] {dag.py:2935} INFO - Setting next_dagrun for example_sla_dag to 2022-01-05T20:34:00+00:00
[2022-01-05 20:37:28,986] {processor.py:171} INFO - Processing /home/airflow/sandbox/lib/python3.8/site-packages/airflow/example_dags/example_sla_dag.py took 0.236 seconds
[2022-01-05 20:37:59,089] {processor.py:163} INFO - Started process (PID=13611) to work on /home/airflow/sandbox/lib/python3.8/site-packages/airflow/example_dags/example_sla_dag.py
[2022-01-05 20:37:59,090] {processor.py:642} INFO - Processing file /home/airflow/sandbox/lib/python3.8/site-packages/airflow/example_dags/example_sla_dag.py for tasks to queue
[2022-01-05 20:37:59,091] {logging_mixin.py:109} INFO - [2022-01-05 20:37:59,090] {dagbag.py:500} INFO - Filling up the DagBag from /home/airflow/sandbox/lib/python3.8/site-packages/airflow/example_dags/example_sla_dag.py
[2022-01-05 20:37:59,201] {processor.py:654} INFO - DAG(s) dict_keys(['example_sla_dag']) retrieved from /home/airflow/sandbox/lib/python3.8/site-packages/airflow/example_dags/example_sla_dag.py
[2022-01-05 20:37:59,229] {logging_mixin.py:109} INFO - [2022-01-05 20:37:59,229] {dag.py:2396} INFO - Sync 1 DAGs
[2022-01-05 20:37:59,258] {logging_mixin.py:109} INFO - [2022-01-05 20:37:59,258] {dag.py:2935} INFO - Setting next_dagrun for example_sla_dag to 2022-01-05T20:34:00+00:00
[2022-01-05 20:37:59,307] {processor.py:171} INFO - Processing /home/airflow/sandbox/lib/python3.8/site-packages/airflow/example_dags/example_sla_dag.py took 0.222 seconds
[2022-01-05 20:38:29,423] {processor.py:163} INFO - Started process (PID=13922) to work on /home/airflow/sandbox/lib/python3.8/site-packages/airflow/example_dags/example_sla_dag.py
[2022-01-05 20:38:29,424] {processor.py:642} INFO - Processing file /home/airflow/sandbox/lib/python3.8/site-packages/airflow/example_dags/example_sla_dag.py for tasks to queue
[2022-01-05 20:38:29,425] {logging_mixin.py:109} INFO - [2022-01-05 20:38:29,425] {dagbag.py:500} INFO - Filling up the DagBag from /home/airflow/sandbox/lib/python3.8/site-packages/airflow/example_dags/example_sla_dag.py
[2022-01-05 20:38:29,502] {processor.py:654} INFO - DAG(s) dict_keys(['example_sla_dag']) retrieved from /home/airflow/sandbox/lib/python3.8/site-packages/airflow/example_dags/example_sla_dag.py
[2022-01-05 20:38:29,513] {logging_mixin.py:109} INFO - [2022-01-05 20:38:29,513] {dag.py:2396} INFO - Sync 1 DAGs
[2022-01-05 20:38:29,546] {logging_mixin.py:109} INFO - [2022-01-05 20:38:29,546] {dag.py:2935} INFO - Setting next_dagrun for example_sla_dag to 2022-01-05T20:36:00+00:00
[2022-01-05 20:38:29,574] {processor.py:171} INFO - Processing /home/airflow/sandbox/lib/python3.8/site-packages/airflow/example_dags/example_sla_dag.py took 0.153 seconds
[2022-01-05 20:38:59,732] {processor.py:163} INFO - Started process (PID=14163) to work on /home/airflow/sandbox/lib/python3.8/site-packages/airflow/example_dags/example_sla_dag.py
[2022-01-05 20:38:59,744] {processor.py:642} INFO - Processing file /home/airflow/sandbox/lib/python3.8/site-packages/airflow/example_dags/example_sla_dag.py for tasks to queue
[2022-01-05 20:38:59,746] {logging_mixin.py:109} INFO - [2022-01-05 20:38:59,746] {dagbag.py:500} INFO - Filling up the DagBag from /home/airflow/sandbox/lib/python3.8/site-packages/airflow/example_dags/example_sla_dag.py
[2022-01-05 20:38:59,824] {processor.py:654} INFO - DAG(s) dict_keys(['example_sla_dag']) retrieved from /home/airflow/sandbox/lib/python3.8/site-packages/airflow/example_dags/example_sla_dag.py
[2022-01-05 20:38:59,843] {logging_mixin.py:109} INFO - [2022-01-05 20:38:59,843] {dag.py:2396} INFO - Sync 1 DAGs
[2022-01-05 20:38:59,873] {logging_mixin.py:109} INFO - [2022-01-05 20:38:59,872] {dag.py:2935} INFO - Setting next_dagrun for example_sla_dag to 2022-01-05T20:36:00+00:00
[2022-01-05 20:38:59,892] {processor.py:171} INFO - Processing /home/airflow/sandbox/lib/python3.8/site-packages/airflow/example_dags/example_sla_dag.py took 0.169 seconds
[2022-01-05 20:39:30,749] {processor.py:163} INFO - Started process (PID=14404) to work on /home/airflow/sandbox/lib/python3.8/site-packages/airflow/example_dags/example_sla_dag.py
[2022-01-05 20:39:30,750] {processor.py:642} INFO - Processing file /home/airflow/sandbox/lib/python3.8/site-packages/airflow/example_dags/example_sla_dag.py for tasks to queue
[2022-01-05 20:39:30,751] {logging_mixin.py:109} INFO - [2022-01-05 20:39:30,751] {dagbag.py:500} INFO - Filling up the DagBag from /home/airflow/sandbox/lib/python3.8/site-packages/airflow/example_dags/example_sla_dag.py
[2022-01-05 20:39:30,797] {processor.py:654} INFO - DAG(s) dict_keys(['example_sla_dag']) retrieved from /home/airflow/sandbox/lib/python3.8/site-packages/airflow/example_dags/example_sla_dag.py
[2022-01-05 20:39:30,815] {logging_mixin.py:109} INFO - [2022-01-05 20:39:30,814] {dag.py:2396} INFO - Sync 1 DAGs
[2022-01-05 20:39:30,855] {logging_mixin.py:109} INFO - [2022-01-05 20:39:30,855] {dag.py:2935} INFO - Setting next_dagrun for example_sla_dag to 2022-01-05T20:36:00+00:00
[2022-01-05 20:39:30,869] {processor.py:171} INFO - Processing /home/airflow/sandbox/lib/python3.8/site-packages/airflow/example_dags/example_sla_dag.py took 0.122 seconds
[2022-01-05 20:40:01,140] {processor.py:163} INFO - Started process (PID=14647) to work on /home/airflow/sandbox/lib/python3.8/site-packages/airflow/example_dags/example_sla_dag.py
[2022-01-05 20:40:01,142] {processor.py:642} INFO - Processing file /home/airflow/sandbox/lib/python3.8/site-packages/airflow/example_dags/example_sla_dag.py for tasks to queue
[2022-01-05 20:40:01,144] {logging_mixin.py:109} INFO - [2022-01-05 20:40:01,144] {dagbag.py:500} INFO - Filling up the DagBag from /home/airflow/sandbox/lib/python3.8/site-packages/airflow/example_dags/example_sla_dag.py
[2022-01-05 20:40:01,194] {processor.py:654} INFO - DAG(s) dict_keys(['example_sla_dag']) retrieved from /home/airflow/sandbox/lib/python3.8/site-packages/airflow/example_dags/example_sla_dag.py
[2022-01-05 20:40:01,207] {logging_mixin.py:109} INFO - [2022-01-05 20:40:01,207] {dag.py:2396} INFO - Sync 1 DAGs
[2022-01-05 20:40:01,231] {logging_mixin.py:109} INFO - [2022-01-05 20:40:01,231] {dag.py:2935} INFO - Setting next_dagrun for example_sla_dag to 2022-01-05T20:38:00+00:00
[2022-01-05 20:40:01,249] {processor.py:171} INFO - Processing /home/airflow/sandbox/lib/python3.8/site-packages/airflow/example_dags/example_sla_dag.py took 0.113 seconds
[2022-01-05 20:40:31,615] {processor.py:163} INFO - Started process (PID=14895) to work on /home/airflow/sandbox/lib/python3.8/site-packages/airflow/example_dags/example_sla_dag.py
[2022-01-05 20:40:31,616] {processor.py:642} INFO - Processing file /home/airflow/sandbox/lib/python3.8/site-packages/airflow/example_dags/example_sla_dag.py for tasks to queue
[2022-01-05 20:40:31,616] {logging_mixin.py:109} INFO - [2022-01-05 20:40:31,616] {dagbag.py:500} INFO - Filling up the DagBag from /home/airflow/sandbox/lib/python3.8/site-packages/airflow/example_dags/example_sla_dag.py
[2022-01-05 20:40:31,650] {processor.py:654} INFO - DAG(s) dict_keys(['example_sla_dag']) retrieved from /home/airflow/sandbox/lib/python3.8/site-packages/airflow/example_dags/example_sla_dag.py
[2022-01-05 20:40:31,660] {logging_mixin.py:109} INFO - [2022-01-05 20:40:31,660] {dag.py:2396} INFO - Sync 1 DAGs
[2022-01-05 20:40:31,681] {logging_mixin.py:109} INFO - [2022-01-05 20:40:31,681] {dag.py:2935} INFO - Setting next_dagrun for example_sla_dag to 2022-01-05T20:38:00+00:00
[2022-01-05 20:40:31,693] {processor.py:171} INFO - Processing /home/airflow/sandbox/lib/python3.8/site-packages/airflow/example_dags/example_sla_dag.py took 0.081 seconds
[2022-01-05 20:41:02,013] {processor.py:163} INFO - Started process (PID=15136) to work on /home/airflow/sandbox/lib/python3.8/site-packages/airflow/example_dags/example_sla_dag.py
[2022-01-05 20:41:02,015] {processor.py:642} INFO - Processing file /home/airflow/sandbox/lib/python3.8/site-packages/airflow/example_dags/example_sla_dag.py for tasks to queue
[2022-01-05 20:41:02,015] {logging_mixin.py:109} INFO - [2022-01-05 20:41:02,015] {dagbag.py:500} INFO - Filling up the DagBag from /home/airflow/sandbox/lib/python3.8/site-packages/airflow/example_dags/example_sla_dag.py
[2022-01-05 20:41:02,092] {processor.py:654} INFO - DAG(s) dict_keys(['example_sla_dag']) retrieved from /home/airflow/sandbox/lib/python3.8/site-packages/airflow/example_dags/example_sla_dag.py
[2022-01-05 20:41:02,101] {logging_mixin.py:109} INFO - [2022-01-05 20:41:02,101] {dag.py:2396} INFO - Sync 1 DAGs
[2022-01-05 20:41:02,116] {logging_mixin.py:109} INFO - [2022-01-05 20:41:02,116] {dag.py:2935} INFO - Setting next_dagrun for example_sla_dag to 2022-01-05T20:38:00+00:00
[2022-01-05 20:41:02,139] {processor.py:171} INFO - Processing /home/airflow/sandbox/lib/python3.8/site-packages/airflow/example_dags/example_sla_dag.py took 0.128 seconds
[2022-01-05 20:41:32,220] {processor.py:163} INFO - Started process (PID=15377) to work on /home/airflow/sandbox/lib/python3.8/site-packages/airflow/example_dags/example_sla_dag.py
[2022-01-05 20:41:32,222] {processor.py:642} INFO - Processing file /home/airflow/sandbox/lib/python3.8/site-packages/airflow/example_dags/example_sla_dag.py for tasks to queue
[2022-01-05 20:41:32,222] {logging_mixin.py:109} INFO - [2022-01-05 20:41:32,222] {dagbag.py:500} INFO - Filling up the DagBag from /home/airflow/sandbox/lib/python3.8/site-packages/airflow/example_dags/example_sla_dag.py
[2022-01-05 20:41:32,267] {processor.py:654} INFO - DAG(s) dict_keys(['example_sla_dag']) retrieved from /home/airflow/sandbox/lib/python3.8/site-packages/airflow/example_dags/example_sla_dag.py
[2022-01-05 20:41:32,299] {logging_mixin.py:109} INFO - [2022-01-05 20:41:32,299] {dag.py:2396} INFO - Sync 1 DAGs
[2022-01-05 20:41:32,313] {logging_mixin.py:109} INFO - [2022-01-05 20:41:32,313] {dag.py:2935} INFO - Setting next_dagrun for example_sla_dag to 2022-01-05T20:38:00+00:00
[2022-01-05 20:41:32,320] {processor.py:171} INFO - Processing /home/airflow/sandbox/lib/python3.8/site-packages/airflow/example_dags/example_sla_dag.py took 0.103 seconds
[2022-01-05 20:42:02,607] {processor.py:163} INFO - Started process (PID=15613) to work on /home/airflow/sandbox/lib/python3.8/site-packages/airflow/example_dags/example_sla_dag.py
[2022-01-05 20:42:02,611] {processor.py:642} INFO - Processing file /home/airflow/sandbox/lib/python3.8/site-packages/airflow/example_dags/example_sla_dag.py for tasks to queue
[2022-01-05 20:42:02,613] {logging_mixin.py:109} INFO - [2022-01-05 20:42:02,613] {dagbag.py:500} INFO - Filling up the DagBag from /home/airflow/sandbox/lib/python3.8/site-packages/airflow/example_dags/example_sla_dag.py
[2022-01-05 20:42:02,912] {processor.py:654} INFO - DAG(s) dict_keys(['example_sla_dag']) retrieved from /home/airflow/sandbox/lib/python3.8/site-packages/airflow/example_dags/example_sla_dag.py
[2022-01-05 20:42:03,007] {logging_mixin.py:109} INFO - [2022-01-05 20:42:03,007] {dag.py:2396} INFO - Sync 1 DAGs
[2022-01-05 20:42:03,105] {logging_mixin.py:109} INFO - [2022-01-05 20:42:03,105] {dag.py:2935} INFO - Setting next_dagrun for example_sla_dag to 2022-01-05T20:40:00+00:00
[2022-01-05 20:42:03,121] {processor.py:171} INFO - Processing /home/airflow/sandbox/lib/python3.8/site-packages/airflow/example_dags/example_sla_dag.py took 0.598 seconds
[2022-01-05 20:42:33,379] {processor.py:163} INFO - Started process (PID=15853) to work on /home/airflow/sandbox/lib/python3.8/site-packages/airflow/example_dags/example_sla_dag.py
[2022-01-05 20:42:33,380] {processor.py:642} INFO - Processing file /home/airflow/sandbox/lib/python3.8/site-packages/airflow/example_dags/example_sla_dag.py for tasks to queue
[2022-01-05 20:42:33,380] {logging_mixin.py:109} INFO - [2022-01-05 20:42:33,380] {dagbag.py:500} INFO - Filling up the DagBag from /home/airflow/sandbox/lib/python3.8/site-packages/airflow/example_dags/example_sla_dag.py
[2022-01-05 20:42:33,471] {processor.py:654} INFO - DAG(s) dict_keys(['example_sla_dag']) retrieved from /home/airflow/sandbox/lib/python3.8/site-packages/airflow/example_dags/example_sla_dag.py
[2022-01-05 20:42:33,516] {logging_mixin.py:109} INFO - [2022-01-05 20:42:33,516] {dag.py:2396} INFO - Sync 1 DAGs
[2022-01-05 20:42:33,568] {logging_mixin.py:109} INFO - [2022-01-05 20:42:33,568] {dag.py:2935} INFO - Setting next_dagrun for example_sla_dag to 2022-01-05T20:40:00+00:00
[2022-01-05 20:42:33,580] {processor.py:171} INFO - Processing /home/airflow/sandbox/lib/python3.8/site-packages/airflow/example_dags/example_sla_dag.py took 0.205 seconds
[2022-01-05 20:43:03,683] {processor.py:163} INFO - Started process (PID=16101) to work on /home/airflow/sandbox/lib/python3.8/site-packages/airflow/example_dags/example_sla_dag.py
[2022-01-05 20:43:03,684] {processor.py:642} INFO - Processing file /home/airflow/sandbox/lib/python3.8/site-packages/airflow/example_dags/example_sla_dag.py for tasks to queue
[2022-01-05 20:43:03,684] {logging_mixin.py:109} INFO - [2022-01-05 20:43:03,684] {dagbag.py:500} INFO - Filling up the DagBag from /home/airflow/sandbox/lib/python3.8/site-packages/airflow/example_dags/example_sla_dag.py
[2022-01-05 20:43:03,770] {processor.py:654} INFO - DAG(s) dict_keys(['example_sla_dag']) retrieved from /home/airflow/sandbox/lib/python3.8/site-packages/airflow/example_dags/example_sla_dag.py
[2022-01-05 20:43:03,784] {logging_mixin.py:109} INFO - [2022-01-05 20:43:03,784] {dag.py:2396} INFO - Sync 1 DAGs
[2022-01-05 20:43:03,903] {logging_mixin.py:109} INFO - [2022-01-05 20:43:03,903] {dag.py:2935} INFO - Setting next_dagrun for example_sla_dag to 2022-01-05T20:40:00+00:00
[2022-01-05 20:43:03,917] {processor.py:171} INFO - Processing /home/airflow/sandbox/lib/python3.8/site-packages/airflow/example_dags/example_sla_dag.py took 0.237 seconds
[2022-01-05 20:43:33,988] {processor.py:163} INFO - Started process (PID=16410) to work on /home/airflow/sandbox/lib/python3.8/site-packages/airflow/example_dags/example_sla_dag.py
[2022-01-05 20:43:33,989] {processor.py:642} INFO - Processing file /home/airflow/sandbox/lib/python3.8/site-packages/airflow/example_dags/example_sla_dag.py for tasks to queue
[2022-01-05 20:43:33,991] {logging_mixin.py:109} INFO - [2022-01-05 20:43:33,991] {dagbag.py:500} INFO - Filling up the DagBag from /home/airflow/sandbox/lib/python3.8/site-packages/airflow/example_dags/example_sla_dag.py
[2022-01-05 20:43:34,084] {processor.py:654} INFO - DAG(s) dict_keys(['example_sla_dag']) retrieved from /home/airflow/sandbox/lib/python3.8/site-packages/airflow/example_dags/example_sla_dag.py
[2022-01-05 20:43:34,101] {logging_mixin.py:109} INFO - [2022-01-05 20:43:34,101] {dag.py:2396} INFO - Sync 1 DAGs
[2022-01-05 20:43:34,123] {logging_mixin.py:109} INFO - [2022-01-05 20:43:34,123] {dag.py:2935} INFO - Setting next_dagrun for example_sla_dag to 2022-01-05T20:40:00+00:00
[2022-01-05 20:43:34,151] {processor.py:171} INFO - Processing /home/airflow/sandbox/lib/python3.8/site-packages/airflow/example_dags/example_sla_dag.py took 0.166 seconds
[2022-01-05 20:44:04,479] {processor.py:163} INFO - Started process (PID=16645) to work on /home/airflow/sandbox/lib/python3.8/site-packages/airflow/example_dags/example_sla_dag.py
[2022-01-05 20:44:04,486] {processor.py:642} INFO - Processing file /home/airflow/sandbox/lib/python3.8/site-packages/airflow/example_dags/example_sla_dag.py for tasks to queue
[2022-01-05 20:44:04,490] {logging_mixin.py:109} INFO - [2022-01-05 20:44:04,490] {dagbag.py:500} INFO - Filling up the DagBag from /home/airflow/sandbox/lib/python3.8/site-packages/airflow/example_dags/example_sla_dag.py
[2022-01-05 20:44:04,595] {processor.py:654} INFO - DAG(s) dict_keys(['example_sla_dag']) retrieved from /home/airflow/sandbox/lib/python3.8/site-packages/airflow/example_dags/example_sla_dag.py
[2022-01-05 20:44:04,635] {logging_mixin.py:109} INFO - [2022-01-05 20:44:04,635] {dag.py:2396} INFO - Sync 1 DAGs
[2022-01-05 20:44:04,668] {logging_mixin.py:109} INFO - [2022-01-05 20:44:04,668] {dag.py:2935} INFO - Setting next_dagrun for example_sla_dag to 2022-01-05T20:42:00+00:00
[2022-01-05 20:44:04,681] {processor.py:171} INFO - Processing /home/airflow/sandbox/lib/python3.8/site-packages/airflow/example_dags/example_sla_dag.py took 0.205 seconds
[2022-01-05 20:44:34,909] {processor.py:163} INFO - Started process (PID=16892) to work on /home/airflow/sandbox/lib/python3.8/site-packages/airflow/example_dags/example_sla_dag.py
[2022-01-05 20:44:34,910] {processor.py:642} INFO - Processing file /home/airflow/sandbox/lib/python3.8/site-packages/airflow/example_dags/example_sla_dag.py for tasks to queue
[2022-01-05 20:44:34,911] {logging_mixin.py:109} INFO - [2022-01-05 20:44:34,911] {dagbag.py:500} INFO - Filling up the DagBag from /home/airflow/sandbox/lib/python3.8/site-packages/airflow/example_dags/example_sla_dag.py
[2022-01-05 20:44:34,952] {processor.py:654} INFO - DAG(s) dict_keys(['example_sla_dag']) retrieved from /home/airflow/sandbox/lib/python3.8/site-packages/airflow/example_dags/example_sla_dag.py
[2022-01-05 20:44:34,962] {logging_mixin.py:109} INFO - [2022-01-05 20:44:34,962] {dag.py:2396} INFO - Sync 1 DAGs
[2022-01-05 20:44:34,993] {logging_mixin.py:109} INFO - [2022-01-05 20:44:34,992] {dag.py:2935} INFO - Setting next_dagrun for example_sla_dag to 2022-01-05T20:42:00+00:00
[2022-01-05 20:44:35,019] {processor.py:171} INFO - Processing /home/airflow/sandbox/lib/python3.8/site-packages/airflow/example_dags/example_sla_dag.py took 0.118 seconds
[2022-01-05 20:45:05,526] {processor.py:163} INFO - Started process (PID=17136) to work on /home/airflow/sandbox/lib/python3.8/site-packages/airflow/example_dags/example_sla_dag.py
[2022-01-05 20:45:05,531] {processor.py:642} INFO - Processing file /home/airflow/sandbox/lib/python3.8/site-packages/airflow/example_dags/example_sla_dag.py for tasks to queue
[2022-01-05 20:45:05,532] {logging_mixin.py:109} INFO - [2022-01-05 20:45:05,532] {dagbag.py:500} INFO - Filling up the DagBag from /home/airflow/sandbox/lib/python3.8/site-packages/airflow/example_dags/example_sla_dag.py
[2022-01-05 20:45:05,683] {processor.py:654} INFO - DAG(s) dict_keys(['example_sla_dag']) retrieved from /home/airflow/sandbox/lib/python3.8/site-packages/airflow/example_dags/example_sla_dag.py
[2022-01-05 20:45:05,719] {logging_mixin.py:109} INFO - [2022-01-05 20:45:05,719] {dag.py:2396} INFO - Sync 1 DAGs
[2022-01-05 20:45:05,810] {logging_mixin.py:109} INFO - [2022-01-05 20:45:05,810] {dag.py:2935} INFO - Setting next_dagrun for example_sla_dag to 2022-01-05T20:42:00+00:00
[2022-01-05 20:45:05,836] {processor.py:171} INFO - Processing /home/airflow/sandbox/lib/python3.8/site-packages/airflow/example_dags/example_sla_dag.py took 0.313 seconds
[2022-01-05 20:45:36,046] {processor.py:163} INFO - Started process (PID=17377) to work on /home/airflow/sandbox/lib/python3.8/site-packages/airflow/example_dags/example_sla_dag.py
[2022-01-05 20:45:36,053] {processor.py:642} INFO - Processing file /home/airflow/sandbox/lib/python3.8/site-packages/airflow/example_dags/example_sla_dag.py for tasks to queue
[2022-01-05 20:45:36,054] {logging_mixin.py:109} INFO - [2022-01-05 20:45:36,054] {dagbag.py:500} INFO - Filling up the DagBag from /home/airflow/sandbox/lib/python3.8/site-packages/airflow/example_dags/example_sla_dag.py
[2022-01-05 20:45:36,151] {processor.py:654} INFO - DAG(s) dict_keys(['example_sla_dag']) retrieved from /home/airflow/sandbox/lib/python3.8/site-packages/airflow/example_dags/example_sla_dag.py
[2022-01-05 20:45:36,180] {logging_mixin.py:109} INFO - [2022-01-05 20:45:36,180] {dag.py:2396} INFO - Sync 1 DAGs
[2022-01-05 20:45:36,247] {logging_mixin.py:109} INFO - [2022-01-05 20:45:36,246] {dag.py:2935} INFO - Setting next_dagrun for example_sla_dag to 2022-01-05T20:42:00+00:00
[2022-01-05 20:45:36,277] {processor.py:171} INFO - Processing /home/airflow/sandbox/lib/python3.8/site-packages/airflow/example_dags/example_sla_dag.py took 0.234 seconds
[2022-01-05 20:46:07,181] {processor.py:163} INFO - Started process (PID=17625) to work on /home/airflow/sandbox/lib/python3.8/site-packages/airflow/example_dags/example_sla_dag.py
[2022-01-05 20:46:07,182] {processor.py:642} INFO - Processing file /home/airflow/sandbox/lib/python3.8/site-packages/airflow/example_dags/example_sla_dag.py for tasks to queue
[2022-01-05 20:46:07,183] {logging_mixin.py:109} INFO - [2022-01-05 20:46:07,183] {dagbag.py:500} INFO - Filling up the DagBag from /home/airflow/sandbox/lib/python3.8/site-packages/airflow/example_dags/example_sla_dag.py
[2022-01-05 20:46:07,226] {processor.py:654} INFO - DAG(s) dict_keys(['example_sla_dag']) retrieved from /home/airflow/sandbox/lib/python3.8/site-packages/airflow/example_dags/example_sla_dag.py
[2022-01-05 20:46:07,235] {logging_mixin.py:109} INFO - [2022-01-05 20:46:07,235] {dag.py:2396} INFO - Sync 1 DAGs
[2022-01-05 20:46:07,257] {logging_mixin.py:109} INFO - [2022-01-05 20:46:07,256] {dag.py:2935} INFO - Setting next_dagrun for example_sla_dag to 2022-01-05T20:44:00+00:00
[2022-01-05 20:46:07,288] {processor.py:171} INFO - Processing /home/airflow/sandbox/lib/python3.8/site-packages/airflow/example_dags/example_sla_dag.py took 0.111 seconds
[2022-01-05 20:46:37,567] {processor.py:163} INFO - Started process (PID=17866) to work on /home/airflow/sandbox/lib/python3.8/site-packages/airflow/example_dags/example_sla_dag.py
[2022-01-05 20:46:37,568] {processor.py:642} INFO - Processing file /home/airflow/sandbox/lib/python3.8/site-packages/airflow/example_dags/example_sla_dag.py for tasks to queue
[2022-01-05 20:46:37,569] {logging_mixin.py:109} INFO - [2022-01-05 20:46:37,569] {dagbag.py:500} INFO - Filling up the DagBag from /home/airflow/sandbox/lib/python3.8/site-packages/airflow/example_dags/example_sla_dag.py
[2022-01-05 20:46:37,600] {processor.py:654} INFO - DAG(s) dict_keys(['example_sla_dag']) retrieved from /home/airflow/sandbox/lib/python3.8/site-packages/airflow/example_dags/example_sla_dag.py
[2022-01-05 20:46:37,609] {logging_mixin.py:109} INFO - [2022-01-05 20:46:37,609] {dag.py:2396} INFO - Sync 1 DAGs
[2022-01-05 20:46:37,627] {logging_mixin.py:109} INFO - [2022-01-05 20:46:37,627] {dag.py:2935} INFO - Setting next_dagrun for example_sla_dag to 2022-01-05T20:44:00+00:00
[2022-01-05 20:46:37,639] {processor.py:171} INFO - Processing /home/airflow/sandbox/lib/python3.8/site-packages/airflow/example_dags/example_sla_dag.py took 0.074 seconds
[2022-01-05 20:47:07,808] {processor.py:163} INFO - Started process (PID=18113) to work on /home/airflow/sandbox/lib/python3.8/site-packages/airflow/example_dags/example_sla_dag.py
[2022-01-05 20:47:07,814] {processor.py:642} INFO - Processing file /home/airflow/sandbox/lib/python3.8/site-packages/airflow/example_dags/example_sla_dag.py for tasks to queue
[2022-01-05 20:47:07,822] {logging_mixin.py:109} INFO - [2022-01-05 20:47:07,821] {dagbag.py:500} INFO - Filling up the DagBag from /home/airflow/sandbox/lib/python3.8/site-packages/airflow/example_dags/example_sla_dag.py
[2022-01-05 20:47:07,991] {processor.py:654} INFO - DAG(s) dict_keys(['example_sla_dag']) retrieved from /home/airflow/sandbox/lib/python3.8/site-packages/airflow/example_dags/example_sla_dag.py
[2022-01-05 20:47:08,008] {logging_mixin.py:109} INFO - [2022-01-05 20:47:08,008] {dag.py:2396} INFO - Sync 1 DAGs
[2022-01-05 20:47:08,047] {logging_mixin.py:109} INFO - [2022-01-05 20:47:08,047] {dag.py:2935} INFO - Setting next_dagrun for example_sla_dag to 2022-01-05T20:44:00+00:00
[2022-01-05 20:47:08,059] {processor.py:171} INFO - Processing /home/airflow/sandbox/lib/python3.8/site-packages/airflow/example_dags/example_sla_dag.py took 0.271 seconds
[2022-01-05 20:47:38,193] {processor.py:163} INFO - Started process (PID=18360) to work on /home/airflow/sandbox/lib/python3.8/site-packages/airflow/example_dags/example_sla_dag.py
[2022-01-05 20:47:38,194] {processor.py:642} INFO - Processing file /home/airflow/sandbox/lib/python3.8/site-packages/airflow/example_dags/example_sla_dag.py for tasks to queue
[2022-01-05 20:47:38,195] {logging_mixin.py:109} INFO - [2022-01-05 20:47:38,195] {dagbag.py:500} INFO - Filling up the DagBag from /home/airflow/sandbox/lib/python3.8/site-packages/airflow/example_dags/example_sla_dag.py
[2022-01-05 20:47:38,258] {processor.py:654} INFO - DAG(s) dict_keys(['example_sla_dag']) retrieved from /home/airflow/sandbox/lib/python3.8/site-packages/airflow/example_dags/example_sla_dag.py
[2022-01-05 20:47:38,286] {logging_mixin.py:109} INFO - [2022-01-05 20:47:38,285] {dag.py:2396} INFO - Sync 1 DAGs
[2022-01-05 20:47:38,303] {logging_mixin.py:109} INFO - [2022-01-05 20:47:38,303] {dag.py:2935} INFO - Setting next_dagrun for example_sla_dag to 2022-01-05T20:44:00+00:00
[2022-01-05 20:47:38,315] {processor.py:171} INFO - Processing /home/airflow/sandbox/lib/python3.8/site-packages/airflow/example_dags/example_sla_dag.py took 0.125 seconds
[2022-01-05 20:48:08,773] {processor.py:163} INFO - Started process (PID=18601) to work on /home/airflow/sandbox/lib/python3.8/site-packages/airflow/example_dags/example_sla_dag.py
[2022-01-05 20:48:08,774] {processor.py:642} INFO - Processing file /home/airflow/sandbox/lib/python3.8/site-packages/airflow/example_dags/example_sla_dag.py for tasks to queue
[2022-01-05 20:48:08,775] {logging_mixin.py:109} INFO - [2022-01-05 20:48:08,775] {dagbag.py:500} INFO - Filling up the DagBag from /home/airflow/sandbox/lib/python3.8/site-packages/airflow/example_dags/example_sla_dag.py
[2022-01-05 20:48:08,801] {processor.py:654} INFO - DAG(s) dict_keys(['example_sla_dag']) retrieved from /home/airflow/sandbox/lib/python3.8/site-packages/airflow/example_dags/example_sla_dag.py
[2022-01-05 20:48:08,808] {logging_mixin.py:109} INFO - [2022-01-05 20:48:08,808] {dag.py:2396} INFO - Sync 1 DAGs
[2022-01-05 20:48:08,822] {logging_mixin.py:109} INFO - [2022-01-05 20:48:08,822] {dag.py:2935} INFO - Setting next_dagrun for example_sla_dag to 2022-01-05T20:46:00+00:00
[2022-01-05 20:48:08,830] {processor.py:171} INFO - Processing /home/airflow/sandbox/lib/python3.8/site-packages/airflow/example_dags/example_sla_dag.py took 0.060 seconds
[2022-01-05 20:48:39,267] {processor.py:163} INFO - Started process (PID=18912) to work on /home/airflow/sandbox/lib/python3.8/site-packages/airflow/example_dags/example_sla_dag.py
[2022-01-05 20:48:39,274] {processor.py:642} INFO - Processing file /home/airflow/sandbox/lib/python3.8/site-packages/airflow/example_dags/example_sla_dag.py for tasks to queue
[2022-01-05 20:48:39,275] {logging_mixin.py:109} INFO - [2022-01-05 20:48:39,275] {dagbag.py:500} INFO - Filling up the DagBag from /home/airflow/sandbox/lib/python3.8/site-packages/airflow/example_dags/example_sla_dag.py
[2022-01-05 20:48:39,575] {processor.py:654} INFO - DAG(s) dict_keys(['example_sla_dag']) retrieved from /home/airflow/sandbox/lib/python3.8/site-packages/airflow/example_dags/example_sla_dag.py
[2022-01-05 20:48:39,614] {logging_mixin.py:109} INFO - [2022-01-05 20:48:39,613] {dag.py:2396} INFO - Sync 1 DAGs
[2022-01-05 20:48:39,711] {logging_mixin.py:109} INFO - [2022-01-05 20:48:39,711] {dag.py:2935} INFO - Setting next_dagrun for example_sla_dag to 2022-01-05T20:46:00+00:00
[2022-01-05 20:48:39,759] {processor.py:171} INFO - Processing /home/airflow/sandbox/lib/python3.8/site-packages/airflow/example_dags/example_sla_dag.py took 0.500 seconds
[2022-01-05 20:49:10,538] {processor.py:163} INFO - Started process (PID=19152) to work on /home/airflow/sandbox/lib/python3.8/site-packages/airflow/example_dags/example_sla_dag.py
[2022-01-05 20:49:10,539] {processor.py:642} INFO - Processing file /home/airflow/sandbox/lib/python3.8/site-packages/airflow/example_dags/example_sla_dag.py for tasks to queue
[2022-01-05 20:49:10,539] {logging_mixin.py:109} INFO - [2022-01-05 20:49:10,539] {dagbag.py:500} INFO - Filling up the DagBag from /home/airflow/sandbox/lib/python3.8/site-packages/airflow/example_dags/example_sla_dag.py
[2022-01-05 20:49:10,705] {processor.py:654} INFO - DAG(s) dict_keys(['example_sla_dag']) retrieved from /home/airflow/sandbox/lib/python3.8/site-packages/airflow/example_dags/example_sla_dag.py
[2022-01-05 20:49:10,838] {logging_mixin.py:109} INFO - [2022-01-05 20:49:10,838] {dag.py:2396} INFO - Sync 1 DAGs
[2022-01-05 20:49:10,865] {logging_mixin.py:109} INFO - [2022-01-05 20:49:10,865] {dag.py:2935} INFO - Setting next_dagrun for example_sla_dag to 2022-01-05T20:46:00+00:00
[2022-01-05 20:49:10,908] {processor.py:171} INFO - Processing /home/airflow/sandbox/lib/python3.8/site-packages/airflow/example_dags/example_sla_dag.py took 0.396 seconds
[2022-01-05 20:49:41,045] {processor.py:163} INFO - Started process (PID=19398) to work on /home/airflow/sandbox/lib/python3.8/site-packages/airflow/example_dags/example_sla_dag.py
[2022-01-05 20:49:41,049] {processor.py:642} INFO - Processing file /home/airflow/sandbox/lib/python3.8/site-packages/airflow/example_dags/example_sla_dag.py for tasks to queue
[2022-01-05 20:49:41,050] {logging_mixin.py:109} INFO - [2022-01-05 20:49:41,050] {dagbag.py:500} INFO - Filling up the DagBag from /home/airflow/sandbox/lib/python3.8/site-packages/airflow/example_dags/example_sla_dag.py
[2022-01-05 20:49:41,154] {processor.py:654} INFO - DAG(s) dict_keys(['example_sla_dag']) retrieved from /home/airflow/sandbox/lib/python3.8/site-packages/airflow/example_dags/example_sla_dag.py
[2022-01-05 20:49:41,185] {logging_mixin.py:109} INFO - [2022-01-05 20:49:41,184] {dag.py:2396} INFO - Sync 1 DAGs
[2022-01-05 20:49:41,223] {logging_mixin.py:109} INFO - [2022-01-05 20:49:41,223] {dag.py:2935} INFO - Setting next_dagrun for example_sla_dag to 2022-01-05T20:46:00+00:00
[2022-01-05 20:49:41,240] {processor.py:171} INFO - Processing /home/airflow/sandbox/lib/python3.8/site-packages/airflow/example_dags/example_sla_dag.py took 0.198 seconds
[2022-01-05 20:50:12,034] {processor.py:163} INFO - Started process (PID=19640) to work on /home/airflow/sandbox/lib/python3.8/site-packages/airflow/example_dags/example_sla_dag.py
[2022-01-05 20:50:12,035] {processor.py:642} INFO - Processing file /home/airflow/sandbox/lib/python3.8/site-packages/airflow/example_dags/example_sla_dag.py for tasks to queue
[2022-01-05 20:50:12,036] {logging_mixin.py:109} INFO - [2022-01-05 20:50:12,036] {dagbag.py:500} INFO - Filling up the DagBag from /home/airflow/sandbox/lib/python3.8/site-packages/airflow/example_dags/example_sla_dag.py
[2022-01-05 20:50:12,132] {processor.py:654} INFO - DAG(s) dict_keys(['example_sla_dag']) retrieved from /home/airflow/sandbox/lib/python3.8/site-packages/airflow/example_dags/example_sla_dag.py
[2022-01-05 20:50:12,143] {logging_mixin.py:109} INFO - [2022-01-05 20:50:12,143] {dag.py:2396} INFO - Sync 1 DAGs
[2022-01-05 20:50:12,183] {logging_mixin.py:109} INFO - [2022-01-05 20:50:12,183] {dag.py:2935} INFO - Setting next_dagrun for example_sla_dag to 2022-01-05T20:48:00+00:00
[2022-01-05 20:50:12,195] {processor.py:171} INFO - Processing /home/airflow/sandbox/lib/python3.8/site-packages/airflow/example_dags/example_sla_dag.py took 0.210 seconds
[2022-01-05 20:50:42,562] {processor.py:163} INFO - Started process (PID=19887) to work on /home/airflow/sandbox/lib/python3.8/site-packages/airflow/example_dags/example_sla_dag.py
[2022-01-05 20:50:42,565] {processor.py:642} INFO - Processing file /home/airflow/sandbox/lib/python3.8/site-packages/airflow/example_dags/example_sla_dag.py for tasks to queue
[2022-01-05 20:50:42,566] {logging_mixin.py:109} INFO - [2022-01-05 20:50:42,566] {dagbag.py:500} INFO - Filling up the DagBag from /home/airflow/sandbox/lib/python3.8/site-packages/airflow/example_dags/example_sla_dag.py
[2022-01-05 20:50:42,663] {processor.py:654} INFO - DAG(s) dict_keys(['example_sla_dag']) retrieved from /home/airflow/sandbox/lib/python3.8/site-packages/airflow/example_dags/example_sla_dag.py
[2022-01-05 20:50:42,680] {logging_mixin.py:109} INFO - [2022-01-05 20:50:42,679] {dag.py:2396} INFO - Sync 1 DAGs
[2022-01-05 20:50:42,712] {logging_mixin.py:109} INFO - [2022-01-05 20:50:42,712] {dag.py:2935} INFO - Setting next_dagrun for example_sla_dag to 2022-01-05T20:48:00+00:00
[2022-01-05 20:50:42,730] {processor.py:171} INFO - Processing /home/airflow/sandbox/lib/python3.8/site-packages/airflow/example_dags/example_sla_dag.py took 0.173 seconds
[2022-01-05 20:51:12,809] {processor.py:163} INFO - Started process (PID=20128) to work on /home/airflow/sandbox/lib/python3.8/site-packages/airflow/example_dags/example_sla_dag.py
[2022-01-05 20:51:12,811] {processor.py:642} INFO - Processing file /home/airflow/sandbox/lib/python3.8/site-packages/airflow/example_dags/example_sla_dag.py for tasks to queue
[2022-01-05 20:51:12,811] {logging_mixin.py:109} INFO - [2022-01-05 20:51:12,811] {dagbag.py:500} INFO - Filling up the DagBag from /home/airflow/sandbox/lib/python3.8/site-packages/airflow/example_dags/example_sla_dag.py
[2022-01-05 20:51:12,877] {processor.py:654} INFO - DAG(s) dict_keys(['example_sla_dag']) retrieved from /home/airflow/sandbox/lib/python3.8/site-packages/airflow/example_dags/example_sla_dag.py
[2022-01-05 20:51:12,905] {logging_mixin.py:109} INFO - [2022-01-05 20:51:12,904] {dag.py:2396} INFO - Sync 1 DAGs
[2022-01-05 20:51:12,926] {logging_mixin.py:109} INFO - [2022-01-05 20:51:12,926] {dag.py:2935} INFO - Setting next_dagrun for example_sla_dag to 2022-01-05T20:48:00+00:00
[2022-01-05 20:51:12,951] {processor.py:171} INFO - Processing /home/airflow/sandbox/lib/python3.8/site-packages/airflow/example_dags/example_sla_dag.py took 0.145 seconds
[2022-01-05 20:51:43,545] {processor.py:163} INFO - Started process (PID=20375) to work on /home/airflow/sandbox/lib/python3.8/site-packages/airflow/example_dags/example_sla_dag.py
[2022-01-05 20:51:43,547] {processor.py:642} INFO - Processing file /home/airflow/sandbox/lib/python3.8/site-packages/airflow/example_dags/example_sla_dag.py for tasks to queue
[2022-01-05 20:51:43,548] {logging_mixin.py:109} INFO - [2022-01-05 20:51:43,548] {dagbag.py:500} INFO - Filling up the DagBag from /home/airflow/sandbox/lib/python3.8/site-packages/airflow/example_dags/example_sla_dag.py
[2022-01-05 20:51:43,607] {processor.py:654} INFO - DAG(s) dict_keys(['example_sla_dag']) retrieved from /home/airflow/sandbox/lib/python3.8/site-packages/airflow/example_dags/example_sla_dag.py
[2022-01-05 20:51:43,628] {logging_mixin.py:109} INFO - [2022-01-05 20:51:43,628] {dag.py:2396} INFO - Sync 1 DAGs
[2022-01-05 20:51:43,668] {logging_mixin.py:109} INFO - [2022-01-05 20:51:43,667] {dag.py:2935} INFO - Setting next_dagrun for example_sla_dag to 2022-01-05T20:48:00+00:00
[2022-01-05 20:51:43,691] {processor.py:171} INFO - Processing /home/airflow/sandbox/lib/python3.8/site-packages/airflow/example_dags/example_sla_dag.py took 0.151 seconds
[2022-01-05 20:52:14,119] {processor.py:163} INFO - Started process (PID=20623) to work on /home/airflow/sandbox/lib/python3.8/site-packages/airflow/example_dags/example_sla_dag.py
[2022-01-05 20:52:14,119] {processor.py:642} INFO - Processing file /home/airflow/sandbox/lib/python3.8/site-packages/airflow/example_dags/example_sla_dag.py for tasks to queue
[2022-01-05 20:52:14,120] {logging_mixin.py:109} INFO - [2022-01-05 20:52:14,120] {dagbag.py:500} INFO - Filling up the DagBag from /home/airflow/sandbox/lib/python3.8/site-packages/airflow/example_dags/example_sla_dag.py
[2022-01-05 20:52:14,199] {processor.py:654} INFO - DAG(s) dict_keys(['example_sla_dag']) retrieved from /home/airflow/sandbox/lib/python3.8/site-packages/airflow/example_dags/example_sla_dag.py
[2022-01-05 20:52:14,220] {logging_mixin.py:109} INFO - [2022-01-05 20:52:14,220] {dag.py:2396} INFO - Sync 1 DAGs
[2022-01-05 20:52:14,256] {logging_mixin.py:109} INFO - [2022-01-05 20:52:14,256] {dag.py:2935} INFO - Setting next_dagrun for example_sla_dag to 2022-01-05T20:50:00+00:00
[2022-01-05 20:52:14,266] {processor.py:171} INFO - Processing /home/airflow/sandbox/lib/python3.8/site-packages/airflow/example_dags/example_sla_dag.py took 0.152 seconds
[2022-01-05 20:52:44,889] {processor.py:163} INFO - Started process (PID=20870) to work on /home/airflow/sandbox/lib/python3.8/site-packages/airflow/example_dags/example_sla_dag.py
[2022-01-05 20:52:44,890] {processor.py:642} INFO - Processing file /home/airflow/sandbox/lib/python3.8/site-packages/airflow/example_dags/example_sla_dag.py for tasks to queue
[2022-01-05 20:52:44,890] {logging_mixin.py:109} INFO - [2022-01-05 20:52:44,890] {dagbag.py:500} INFO - Filling up the DagBag from /home/airflow/sandbox/lib/python3.8/site-packages/airflow/example_dags/example_sla_dag.py
[2022-01-05 20:52:44,989] {processor.py:654} INFO - DAG(s) dict_keys(['example_sla_dag']) retrieved from /home/airflow/sandbox/lib/python3.8/site-packages/airflow/example_dags/example_sla_dag.py
[2022-01-05 20:52:45,004] {logging_mixin.py:109} INFO - [2022-01-05 20:52:45,004] {dag.py:2396} INFO - Sync 1 DAGs
[2022-01-05 20:52:45,020] {logging_mixin.py:109} INFO - [2022-01-05 20:52:45,020] {dag.py:2935} INFO - Setting next_dagrun for example_sla_dag to 2022-01-05T20:50:00+00:00
[2022-01-05 20:52:45,055] {processor.py:171} INFO - Processing /home/airflow/sandbox/lib/python3.8/site-packages/airflow/example_dags/example_sla_dag.py took 0.169 seconds
[2022-01-05 20:53:15,766] {processor.py:163} INFO - Started process (PID=21145) to work on /home/airflow/sandbox/lib/python3.8/site-packages/airflow/example_dags/example_sla_dag.py
[2022-01-05 20:53:15,779] {processor.py:642} INFO - Processing file /home/airflow/sandbox/lib/python3.8/site-packages/airflow/example_dags/example_sla_dag.py for tasks to queue
[2022-01-05 20:53:15,780] {logging_mixin.py:109} INFO - [2022-01-05 20:53:15,780] {dagbag.py:500} INFO - Filling up the DagBag from /home/airflow/sandbox/lib/python3.8/site-packages/airflow/example_dags/example_sla_dag.py
[2022-01-05 20:53:15,898] {processor.py:654} INFO - DAG(s) dict_keys(['example_sla_dag']) retrieved from /home/airflow/sandbox/lib/python3.8/site-packages/airflow/example_dags/example_sla_dag.py
[2022-01-05 20:53:15,953] {logging_mixin.py:109} INFO - [2022-01-05 20:53:15,950] {dag.py:2396} INFO - Sync 1 DAGs
[2022-01-05 20:53:16,063] {logging_mixin.py:109} INFO - [2022-01-05 20:53:16,063] {dag.py:2935} INFO - Setting next_dagrun for example_sla_dag to 2022-01-05T20:50:00+00:00
[2022-01-05 20:53:16,112] {processor.py:171} INFO - Processing /home/airflow/sandbox/lib/python3.8/site-packages/airflow/example_dags/example_sla_dag.py took 0.349 seconds
[2022-01-05 20:53:46,252] {processor.py:163} INFO - Started process (PID=21421) to work on /home/airflow/sandbox/lib/python3.8/site-packages/airflow/example_dags/example_sla_dag.py
[2022-01-05 20:53:46,256] {processor.py:642} INFO - Processing file /home/airflow/sandbox/lib/python3.8/site-packages/airflow/example_dags/example_sla_dag.py for tasks to queue
[2022-01-05 20:53:46,258] {logging_mixin.py:109} INFO - [2022-01-05 20:53:46,258] {dagbag.py:500} INFO - Filling up the DagBag from /home/airflow/sandbox/lib/python3.8/site-packages/airflow/example_dags/example_sla_dag.py
[2022-01-05 20:53:46,342] {processor.py:654} INFO - DAG(s) dict_keys(['example_sla_dag']) retrieved from /home/airflow/sandbox/lib/python3.8/site-packages/airflow/example_dags/example_sla_dag.py
[2022-01-05 20:53:46,353] {logging_mixin.py:109} INFO - [2022-01-05 20:53:46,353] {dag.py:2396} INFO - Sync 1 DAGs
[2022-01-05 20:53:46,399] {logging_mixin.py:109} INFO - [2022-01-05 20:53:46,399] {dag.py:2935} INFO - Setting next_dagrun for example_sla_dag to 2022-01-05T20:50:00+00:00
[2022-01-05 20:53:46,430] {processor.py:171} INFO - Processing /home/airflow/sandbox/lib/python3.8/site-packages/airflow/example_dags/example_sla_dag.py took 0.182 seconds
[2022-01-05 20:54:17,194] {processor.py:163} INFO - Started process (PID=21668) to work on /home/airflow/sandbox/lib/python3.8/site-packages/airflow/example_dags/example_sla_dag.py
[2022-01-05 20:54:17,199] {processor.py:642} INFO - Processing file /home/airflow/sandbox/lib/python3.8/site-packages/airflow/example_dags/example_sla_dag.py for tasks to queue
[2022-01-05 20:54:17,200] {logging_mixin.py:109} INFO - [2022-01-05 20:54:17,200] {dagbag.py:500} INFO - Filling up the DagBag from /home/airflow/sandbox/lib/python3.8/site-packages/airflow/example_dags/example_sla_dag.py
[2022-01-05 20:54:17,298] {processor.py:654} INFO - DAG(s) dict_keys(['example_sla_dag']) retrieved from /home/airflow/sandbox/lib/python3.8/site-packages/airflow/example_dags/example_sla_dag.py
[2022-01-05 20:54:17,310] {logging_mixin.py:109} INFO - [2022-01-05 20:54:17,310] {dag.py:2396} INFO - Sync 1 DAGs
[2022-01-05 20:54:17,352] {logging_mixin.py:109} INFO - [2022-01-05 20:54:17,352] {dag.py:2935} INFO - Setting next_dagrun for example_sla_dag to 2022-01-05T20:52:00+00:00
[2022-01-05 20:54:17,377] {processor.py:171} INFO - Processing /home/airflow/sandbox/lib/python3.8/site-packages/airflow/example_dags/example_sla_dag.py took 0.188 seconds
[2022-01-05 20:54:47,676] {processor.py:163} INFO - Started process (PID=21916) to work on /home/airflow/sandbox/lib/python3.8/site-packages/airflow/example_dags/example_sla_dag.py
[2022-01-05 20:54:47,678] {processor.py:642} INFO - Processing file /home/airflow/sandbox/lib/python3.8/site-packages/airflow/example_dags/example_sla_dag.py for tasks to queue
[2022-01-05 20:54:47,679] {logging_mixin.py:109} INFO - [2022-01-05 20:54:47,679] {dagbag.py:500} INFO - Filling up the DagBag from /home/airflow/sandbox/lib/python3.8/site-packages/airflow/example_dags/example_sla_dag.py
[2022-01-05 20:54:47,751] {processor.py:654} INFO - DAG(s) dict_keys(['example_sla_dag']) retrieved from /home/airflow/sandbox/lib/python3.8/site-packages/airflow/example_dags/example_sla_dag.py
[2022-01-05 20:54:47,785] {logging_mixin.py:109} INFO - [2022-01-05 20:54:47,785] {dag.py:2396} INFO - Sync 1 DAGs
[2022-01-05 20:54:47,833] {logging_mixin.py:109} INFO - [2022-01-05 20:54:47,833] {dag.py:2935} INFO - Setting next_dagrun for example_sla_dag to 2022-01-05T20:52:00+00:00
[2022-01-05 20:54:47,848] {processor.py:171} INFO - Processing /home/airflow/sandbox/lib/python3.8/site-packages/airflow/example_dags/example_sla_dag.py took 0.175 seconds
[2022-01-05 20:55:18,484] {processor.py:163} INFO - Started process (PID=22166) to work on /home/airflow/sandbox/lib/python3.8/site-packages/airflow/example_dags/example_sla_dag.py
[2022-01-05 20:55:18,487] {processor.py:642} INFO - Processing file /home/airflow/sandbox/lib/python3.8/site-packages/airflow/example_dags/example_sla_dag.py for tasks to queue
[2022-01-05 20:55:18,488] {logging_mixin.py:109} INFO - [2022-01-05 20:55:18,488] {dagbag.py:500} INFO - Filling up the DagBag from /home/airflow/sandbox/lib/python3.8/site-packages/airflow/example_dags/example_sla_dag.py
[2022-01-05 20:55:18,628] {processor.py:654} INFO - DAG(s) dict_keys(['example_sla_dag']) retrieved from /home/airflow/sandbox/lib/python3.8/site-packages/airflow/example_dags/example_sla_dag.py
[2022-01-05 20:55:18,641] {logging_mixin.py:109} INFO - [2022-01-05 20:55:18,641] {dag.py:2396} INFO - Sync 1 DAGs
[2022-01-05 20:55:18,689] {logging_mixin.py:109} INFO - [2022-01-05 20:55:18,689] {dag.py:2935} INFO - Setting next_dagrun for example_sla_dag to 2022-01-05T20:52:00+00:00
[2022-01-05 20:55:18,729] {processor.py:171} INFO - Processing /home/airflow/sandbox/lib/python3.8/site-packages/airflow/example_dags/example_sla_dag.py took 0.275 seconds
[2022-01-05 20:55:48,903] {processor.py:163} INFO - Started process (PID=22408) to work on /home/airflow/sandbox/lib/python3.8/site-packages/airflow/example_dags/example_sla_dag.py
[2022-01-05 20:55:48,930] {processor.py:642} INFO - Processing file /home/airflow/sandbox/lib/python3.8/site-packages/airflow/example_dags/example_sla_dag.py for tasks to queue
[2022-01-05 20:55:48,932] {logging_mixin.py:109} INFO - [2022-01-05 20:55:48,931] {dagbag.py:500} INFO - Filling up the DagBag from /home/airflow/sandbox/lib/python3.8/site-packages/airflow/example_dags/example_sla_dag.py
[2022-01-05 20:55:49,081] {processor.py:654} INFO - DAG(s) dict_keys(['example_sla_dag']) retrieved from /home/airflow/sandbox/lib/python3.8/site-packages/airflow/example_dags/example_sla_dag.py
[2022-01-05 20:55:49,130] {logging_mixin.py:109} INFO - [2022-01-05 20:55:49,130] {dag.py:2396} INFO - Sync 1 DAGs
[2022-01-05 20:55:49,194] {logging_mixin.py:109} INFO - [2022-01-05 20:55:49,193] {dag.py:2935} INFO - Setting next_dagrun for example_sla_dag to 2022-01-05T20:52:00+00:00
[2022-01-05 20:55:49,239] {processor.py:171} INFO - Processing /home/airflow/sandbox/lib/python3.8/site-packages/airflow/example_dags/example_sla_dag.py took 0.340 seconds
[2022-01-05 20:56:19,689] {processor.py:163} INFO - Started process (PID=22647) to work on /home/airflow/sandbox/lib/python3.8/site-packages/airflow/example_dags/example_sla_dag.py
[2022-01-05 20:56:19,692] {processor.py:642} INFO - Processing file /home/airflow/sandbox/lib/python3.8/site-packages/airflow/example_dags/example_sla_dag.py for tasks to queue
[2022-01-05 20:56:19,694] {logging_mixin.py:109} INFO - [2022-01-05 20:56:19,694] {dagbag.py:500} INFO - Filling up the DagBag from /home/airflow/sandbox/lib/python3.8/site-packages/airflow/example_dags/example_sla_dag.py
[2022-01-05 20:56:19,942] {processor.py:654} INFO - DAG(s) dict_keys(['example_sla_dag']) retrieved from /home/airflow/sandbox/lib/python3.8/site-packages/airflow/example_dags/example_sla_dag.py
[2022-01-05 20:56:19,987] {logging_mixin.py:109} INFO - [2022-01-05 20:56:19,987] {dag.py:2396} INFO - Sync 1 DAGs
[2022-01-05 20:56:20,045] {logging_mixin.py:109} INFO - [2022-01-05 20:56:20,045] {dag.py:2935} INFO - Setting next_dagrun for example_sla_dag to 2022-01-05T20:54:00+00:00
[2022-01-05 20:56:20,184] {processor.py:171} INFO - Processing /home/airflow/sandbox/lib/python3.8/site-packages/airflow/example_dags/example_sla_dag.py took 0.497 seconds
[2022-01-05 20:56:51,051] {processor.py:163} INFO - Started process (PID=22888) to work on /home/airflow/sandbox/lib/python3.8/site-packages/airflow/example_dags/example_sla_dag.py
[2022-01-05 20:56:51,079] {processor.py:642} INFO - Processing file /home/airflow/sandbox/lib/python3.8/site-packages/airflow/example_dags/example_sla_dag.py for tasks to queue
[2022-01-05 20:56:51,080] {logging_mixin.py:109} INFO - [2022-01-05 20:56:51,080] {dagbag.py:500} INFO - Filling up the DagBag from /home/airflow/sandbox/lib/python3.8/site-packages/airflow/example_dags/example_sla_dag.py
[2022-01-05 20:56:51,335] {processor.py:654} INFO - DAG(s) dict_keys(['example_sla_dag']) retrieved from /home/airflow/sandbox/lib/python3.8/site-packages/airflow/example_dags/example_sla_dag.py
[2022-01-05 20:56:51,444] {logging_mixin.py:109} INFO - [2022-01-05 20:56:51,444] {dag.py:2396} INFO - Sync 1 DAGs
[2022-01-05 20:56:51,736] {logging_mixin.py:109} INFO - [2022-01-05 20:56:51,736] {dag.py:2935} INFO - Setting next_dagrun for example_sla_dag to 2022-01-05T20:54:00+00:00
[2022-01-05 20:56:51,785] {processor.py:171} INFO - Processing /home/airflow/sandbox/lib/python3.8/site-packages/airflow/example_dags/example_sla_dag.py took 0.834 seconds
[2022-01-05 20:57:22,378] {processor.py:163} INFO - Started process (PID=23129) to work on /home/airflow/sandbox/lib/python3.8/site-packages/airflow/example_dags/example_sla_dag.py
[2022-01-05 20:57:22,381] {processor.py:642} INFO - Processing file /home/airflow/sandbox/lib/python3.8/site-packages/airflow/example_dags/example_sla_dag.py for tasks to queue
[2022-01-05 20:57:22,383] {logging_mixin.py:109} INFO - [2022-01-05 20:57:22,382] {dagbag.py:500} INFO - Filling up the DagBag from /home/airflow/sandbox/lib/python3.8/site-packages/airflow/example_dags/example_sla_dag.py
[2022-01-05 20:57:22,689] {processor.py:654} INFO - DAG(s) dict_keys(['example_sla_dag']) retrieved from /home/airflow/sandbox/lib/python3.8/site-packages/airflow/example_dags/example_sla_dag.py
[2022-01-05 20:57:22,784] {logging_mixin.py:109} INFO - [2022-01-05 20:57:22,784] {dag.py:2396} INFO - Sync 1 DAGs
[2022-01-05 20:57:22,881] {logging_mixin.py:109} INFO - [2022-01-05 20:57:22,881] {dag.py:2935} INFO - Setting next_dagrun for example_sla_dag to 2022-01-05T20:54:00+00:00
[2022-01-05 20:57:22,896] {processor.py:171} INFO - Processing /home/airflow/sandbox/lib/python3.8/site-packages/airflow/example_dags/example_sla_dag.py took 0.546 seconds
[2022-01-05 20:57:54,528] {processor.py:163} INFO - Started process (PID=23373) to work on /home/airflow/sandbox/lib/python3.8/site-packages/airflow/example_dags/example_sla_dag.py
[2022-01-05 20:57:54,531] {processor.py:642} INFO - Processing file /home/airflow/sandbox/lib/python3.8/site-packages/airflow/example_dags/example_sla_dag.py for tasks to queue
[2022-01-05 20:57:54,532] {logging_mixin.py:109} INFO - [2022-01-05 20:57:54,532] {dagbag.py:500} INFO - Filling up the DagBag from /home/airflow/sandbox/lib/python3.8/site-packages/airflow/example_dags/example_sla_dag.py
[2022-01-05 20:57:54,788] {processor.py:654} INFO - DAG(s) dict_keys(['example_sla_dag']) retrieved from /home/airflow/sandbox/lib/python3.8/site-packages/airflow/example_dags/example_sla_dag.py
[2022-01-05 20:57:54,805] {logging_mixin.py:109} INFO - [2022-01-05 20:57:54,804] {dag.py:2396} INFO - Sync 1 DAGs
[2022-01-05 20:57:54,983] {logging_mixin.py:109} INFO - [2022-01-05 20:57:54,983] {dag.py:2935} INFO - Setting next_dagrun for example_sla_dag to 2022-01-05T20:54:00+00:00
[2022-01-05 20:57:55,029] {processor.py:171} INFO - Processing /home/airflow/sandbox/lib/python3.8/site-packages/airflow/example_dags/example_sla_dag.py took 0.539 seconds
[2022-01-05 20:58:25,133] {processor.py:163} INFO - Started process (PID=23683) to work on /home/airflow/sandbox/lib/python3.8/site-packages/airflow/example_dags/example_sla_dag.py
[2022-01-05 20:58:25,135] {processor.py:642} INFO - Processing file /home/airflow/sandbox/lib/python3.8/site-packages/airflow/example_dags/example_sla_dag.py for tasks to queue
[2022-01-05 20:58:25,136] {logging_mixin.py:109} INFO - [2022-01-05 20:58:25,136] {dagbag.py:500} INFO - Filling up the DagBag from /home/airflow/sandbox/lib/python3.8/site-packages/airflow/example_dags/example_sla_dag.py
[2022-01-05 20:58:25,250] {processor.py:654} INFO - DAG(s) dict_keys(['example_sla_dag']) retrieved from /home/airflow/sandbox/lib/python3.8/site-packages/airflow/example_dags/example_sla_dag.py
[2022-01-05 20:58:25,287] {logging_mixin.py:109} INFO - [2022-01-05 20:58:25,287] {dag.py:2396} INFO - Sync 1 DAGs
[2022-01-05 20:58:25,379] {logging_mixin.py:109} INFO - [2022-01-05 20:58:25,378] {dag.py:2935} INFO - Setting next_dagrun for example_sla_dag to 2022-01-05T20:56:00+00:00
[2022-01-05 20:58:25,482] {processor.py:171} INFO - Processing /home/airflow/sandbox/lib/python3.8/site-packages/airflow/example_dags/example_sla_dag.py took 0.378 seconds
[2022-01-05 20:58:55,730] {processor.py:163} INFO - Started process (PID=23924) to work on /home/airflow/sandbox/lib/python3.8/site-packages/airflow/example_dags/example_sla_dag.py
[2022-01-05 20:58:55,733] {processor.py:642} INFO - Processing file /home/airflow/sandbox/lib/python3.8/site-packages/airflow/example_dags/example_sla_dag.py for tasks to queue
[2022-01-05 20:58:55,734] {logging_mixin.py:109} INFO - [2022-01-05 20:58:55,734] {dagbag.py:500} INFO - Filling up the DagBag from /home/airflow/sandbox/lib/python3.8/site-packages/airflow/example_dags/example_sla_dag.py
[2022-01-05 20:58:55,897] {processor.py:654} INFO - DAG(s) dict_keys(['example_sla_dag']) retrieved from /home/airflow/sandbox/lib/python3.8/site-packages/airflow/example_dags/example_sla_dag.py
[2022-01-05 20:58:55,935] {logging_mixin.py:109} INFO - [2022-01-05 20:58:55,934] {dag.py:2396} INFO - Sync 1 DAGs
[2022-01-05 20:58:56,000] {logging_mixin.py:109} INFO - [2022-01-05 20:58:56,000] {dag.py:2935} INFO - Setting next_dagrun for example_sla_dag to 2022-01-05T20:56:00+00:00
[2022-01-05 20:58:56,043] {processor.py:171} INFO - Processing /home/airflow/sandbox/lib/python3.8/site-packages/airflow/example_dags/example_sla_dag.py took 0.343 seconds
[2022-01-05 20:59:26,929] {processor.py:163} INFO - Started process (PID=24157) to work on /home/airflow/sandbox/lib/python3.8/site-packages/airflow/example_dags/example_sla_dag.py
[2022-01-05 20:59:26,931] {processor.py:642} INFO - Processing file /home/airflow/sandbox/lib/python3.8/site-packages/airflow/example_dags/example_sla_dag.py for tasks to queue
[2022-01-05 20:59:26,933] {logging_mixin.py:109} INFO - [2022-01-05 20:59:26,932] {dagbag.py:500} INFO - Filling up the DagBag from /home/airflow/sandbox/lib/python3.8/site-packages/airflow/example_dags/example_sla_dag.py
[2022-01-05 20:59:27,203] {processor.py:654} INFO - DAG(s) dict_keys(['example_sla_dag']) retrieved from /home/airflow/sandbox/lib/python3.8/site-packages/airflow/example_dags/example_sla_dag.py
[2022-01-05 20:59:27,385] {logging_mixin.py:109} INFO - [2022-01-05 20:59:27,385] {dag.py:2396} INFO - Sync 1 DAGs
[2022-01-05 20:59:27,537] {logging_mixin.py:109} INFO - [2022-01-05 20:59:27,537] {dag.py:2935} INFO - Setting next_dagrun for example_sla_dag to 2022-01-05T20:56:00+00:00
[2022-01-05 20:59:27,644] {processor.py:171} INFO - Processing /home/airflow/sandbox/lib/python3.8/site-packages/airflow/example_dags/example_sla_dag.py took 0.745 seconds
[2022-01-05 20:59:58,135] {processor.py:163} INFO - Started process (PID=24400) to work on /home/airflow/sandbox/lib/python3.8/site-packages/airflow/example_dags/example_sla_dag.py
[2022-01-05 20:59:58,138] {processor.py:642} INFO - Processing file /home/airflow/sandbox/lib/python3.8/site-packages/airflow/example_dags/example_sla_dag.py for tasks to queue
[2022-01-05 20:59:58,141] {logging_mixin.py:109} INFO - [2022-01-05 20:59:58,141] {dagbag.py:500} INFO - Filling up the DagBag from /home/airflow/sandbox/lib/python3.8/site-packages/airflow/example_dags/example_sla_dag.py
[2022-01-05 20:59:58,427] {processor.py:654} INFO - DAG(s) dict_keys(['example_sla_dag']) retrieved from /home/airflow/sandbox/lib/python3.8/site-packages/airflow/example_dags/example_sla_dag.py
[2022-01-05 20:59:58,536] {logging_mixin.py:109} INFO - [2022-01-05 20:59:58,534] {dag.py:2396} INFO - Sync 1 DAGs
[2022-01-05 20:59:58,630] {logging_mixin.py:109} INFO - [2022-01-05 20:59:58,630] {dag.py:2935} INFO - Setting next_dagrun for example_sla_dag to 2022-01-05T20:56:00+00:00
[2022-01-05 20:59:58,731] {processor.py:171} INFO - Processing /home/airflow/sandbox/lib/python3.8/site-packages/airflow/example_dags/example_sla_dag.py took 0.600 seconds
