[2022-01-05 20:07:20,673] {processor.py:163} INFO - Started process (PID=2516) to work on /home/airflow/sandbox/lib/python3.8/site-packages/airflow/example_dags/example_latest_only_with_trigger.py
[2022-01-05 20:07:20,683] {processor.py:642} INFO - Processing file /home/airflow/sandbox/lib/python3.8/site-packages/airflow/example_dags/example_latest_only_with_trigger.py for tasks to queue
[2022-01-05 20:07:20,691] {logging_mixin.py:109} INFO - [2022-01-05 20:07:20,690] {dagbag.py:500} INFO - Filling up the DagBag from /home/airflow/sandbox/lib/python3.8/site-packages/airflow/example_dags/example_latest_only_with_trigger.py
[2022-01-05 20:07:21,242] {processor.py:654} INFO - DAG(s) dict_keys(['latest_only_with_trigger']) retrieved from /home/airflow/sandbox/lib/python3.8/site-packages/airflow/example_dags/example_latest_only_with_trigger.py
[2022-01-05 20:07:21,434] {logging_mixin.py:109} INFO - [2022-01-05 20:07:21,421] {dag.py:2396} INFO - Sync 1 DAGs
[2022-01-05 20:07:21,568] {logging_mixin.py:109} INFO - [2022-01-05 20:07:21,568] {dag.py:2935} INFO - Setting next_dagrun for latest_only_with_trigger to 2022-01-05T16:07:21.567786+00:00
[2022-01-05 20:07:21,669] {processor.py:171} INFO - Processing /home/airflow/sandbox/lib/python3.8/site-packages/airflow/example_dags/example_latest_only_with_trigger.py took 1.042 seconds
[2022-01-05 20:07:52,436] {processor.py:163} INFO - Started process (PID=2810) to work on /home/airflow/sandbox/lib/python3.8/site-packages/airflow/example_dags/example_latest_only_with_trigger.py
[2022-01-05 20:07:52,437] {processor.py:642} INFO - Processing file /home/airflow/sandbox/lib/python3.8/site-packages/airflow/example_dags/example_latest_only_with_trigger.py for tasks to queue
[2022-01-05 20:07:52,443] {logging_mixin.py:109} INFO - [2022-01-05 20:07:52,443] {dagbag.py:500} INFO - Filling up the DagBag from /home/airflow/sandbox/lib/python3.8/site-packages/airflow/example_dags/example_latest_only_with_trigger.py
[2022-01-05 20:07:52,554] {processor.py:654} INFO - DAG(s) dict_keys(['latest_only_with_trigger']) retrieved from /home/airflow/sandbox/lib/python3.8/site-packages/airflow/example_dags/example_latest_only_with_trigger.py
[2022-01-05 20:07:52,593] {logging_mixin.py:109} INFO - [2022-01-05 20:07:52,593] {dag.py:2396} INFO - Sync 1 DAGs
[2022-01-05 20:07:52,680] {logging_mixin.py:109} INFO - [2022-01-05 20:07:52,680] {dag.py:2935} INFO - Setting next_dagrun for latest_only_with_trigger to 2022-01-05T16:07:52.680417+00:00
[2022-01-05 20:07:52,701] {processor.py:171} INFO - Processing /home/airflow/sandbox/lib/python3.8/site-packages/airflow/example_dags/example_latest_only_with_trigger.py took 0.291 seconds
[2022-01-05 20:08:23,564] {processor.py:163} INFO - Started process (PID=3012) to work on /home/airflow/sandbox/lib/python3.8/site-packages/airflow/example_dags/example_latest_only_with_trigger.py
[2022-01-05 20:08:23,594] {processor.py:642} INFO - Processing file /home/airflow/sandbox/lib/python3.8/site-packages/airflow/example_dags/example_latest_only_with_trigger.py for tasks to queue
[2022-01-05 20:08:23,598] {logging_mixin.py:109} INFO - [2022-01-05 20:08:23,598] {dagbag.py:500} INFO - Filling up the DagBag from /home/airflow/sandbox/lib/python3.8/site-packages/airflow/example_dags/example_latest_only_with_trigger.py
[2022-01-05 20:08:23,919] {processor.py:654} INFO - DAG(s) dict_keys(['latest_only_with_trigger']) retrieved from /home/airflow/sandbox/lib/python3.8/site-packages/airflow/example_dags/example_latest_only_with_trigger.py
[2022-01-05 20:08:24,008] {logging_mixin.py:109} INFO - [2022-01-05 20:08:24,008] {dag.py:2396} INFO - Sync 1 DAGs
[2022-01-05 20:08:24,239] {logging_mixin.py:109} INFO - [2022-01-05 20:08:24,239] {dag.py:2935} INFO - Setting next_dagrun for latest_only_with_trigger to 2022-01-05T16:08:24.239237+00:00
[2022-01-05 20:08:24,292] {processor.py:171} INFO - Processing /home/airflow/sandbox/lib/python3.8/site-packages/airflow/example_dags/example_latest_only_with_trigger.py took 0.753 seconds
[2022-01-05 20:08:54,653] {processor.py:163} INFO - Started process (PID=3324) to work on /home/airflow/sandbox/lib/python3.8/site-packages/airflow/example_dags/example_latest_only_with_trigger.py
[2022-01-05 20:08:54,656] {processor.py:642} INFO - Processing file /home/airflow/sandbox/lib/python3.8/site-packages/airflow/example_dags/example_latest_only_with_trigger.py for tasks to queue
[2022-01-05 20:08:54,656] {logging_mixin.py:109} INFO - [2022-01-05 20:08:54,656] {dagbag.py:500} INFO - Filling up the DagBag from /home/airflow/sandbox/lib/python3.8/site-packages/airflow/example_dags/example_latest_only_with_trigger.py
[2022-01-05 20:08:54,803] {processor.py:654} INFO - DAG(s) dict_keys(['latest_only_with_trigger']) retrieved from /home/airflow/sandbox/lib/python3.8/site-packages/airflow/example_dags/example_latest_only_with_trigger.py
[2022-01-05 20:08:54,920] {logging_mixin.py:109} INFO - [2022-01-05 20:08:54,919] {dag.py:2396} INFO - Sync 1 DAGs
[2022-01-05 20:08:55,073] {logging_mixin.py:109} INFO - [2022-01-05 20:08:55,073] {dag.py:2935} INFO - Setting next_dagrun for latest_only_with_trigger to 2022-01-05T16:08:55.072562+00:00
[2022-01-05 20:08:55,117] {processor.py:171} INFO - Processing /home/airflow/sandbox/lib/python3.8/site-packages/airflow/example_dags/example_latest_only_with_trigger.py took 0.494 seconds
[2022-01-05 20:09:30,579] {processor.py:163} INFO - Started process (PID=4126) to work on /home/airflow/sandbox/lib/python3.8/site-packages/airflow/example_dags/example_latest_only_with_trigger.py
[2022-01-05 20:09:30,613] {processor.py:642} INFO - Processing file /home/airflow/sandbox/lib/python3.8/site-packages/airflow/example_dags/example_latest_only_with_trigger.py for tasks to queue
[2022-01-05 20:09:30,621] {logging_mixin.py:109} INFO - [2022-01-05 20:09:30,620] {dagbag.py:500} INFO - Filling up the DagBag from /home/airflow/sandbox/lib/python3.8/site-packages/airflow/example_dags/example_latest_only_with_trigger.py
[2022-01-05 20:09:31,120] {processor.py:654} INFO - DAG(s) dict_keys(['latest_only_with_trigger']) retrieved from /home/airflow/sandbox/lib/python3.8/site-packages/airflow/example_dags/example_latest_only_with_trigger.py
[2022-01-05 20:09:31,220] {logging_mixin.py:109} INFO - [2022-01-05 20:09:31,220] {dag.py:2396} INFO - Sync 1 DAGs
[2022-01-05 20:09:31,423] {logging_mixin.py:109} INFO - [2022-01-05 20:09:31,422] {dag.py:2935} INFO - Setting next_dagrun for latest_only_with_trigger to 2022-01-05T16:09:31.422713+00:00
[2022-01-05 20:09:31,536] {processor.py:171} INFO - Processing /home/airflow/sandbox/lib/python3.8/site-packages/airflow/example_dags/example_latest_only_with_trigger.py took 1.116 seconds
[2022-01-05 20:10:01,952] {processor.py:163} INFO - Started process (PID=4733) to work on /home/airflow/sandbox/lib/python3.8/site-packages/airflow/example_dags/example_latest_only_with_trigger.py
[2022-01-05 20:10:01,953] {processor.py:642} INFO - Processing file /home/airflow/sandbox/lib/python3.8/site-packages/airflow/example_dags/example_latest_only_with_trigger.py for tasks to queue
[2022-01-05 20:10:01,955] {logging_mixin.py:109} INFO - [2022-01-05 20:10:01,954] {dagbag.py:500} INFO - Filling up the DagBag from /home/airflow/sandbox/lib/python3.8/site-packages/airflow/example_dags/example_latest_only_with_trigger.py
[2022-01-05 20:10:02,067] {processor.py:654} INFO - DAG(s) dict_keys(['latest_only_with_trigger']) retrieved from /home/airflow/sandbox/lib/python3.8/site-packages/airflow/example_dags/example_latest_only_with_trigger.py
[2022-01-05 20:10:02,098] {logging_mixin.py:109} INFO - [2022-01-05 20:10:02,098] {dag.py:2396} INFO - Sync 1 DAGs
[2022-01-05 20:10:02,167] {logging_mixin.py:109} INFO - [2022-01-05 20:10:02,167] {dag.py:2935} INFO - Setting next_dagrun for latest_only_with_trigger to 2022-01-05T16:10:02.166669+00:00
[2022-01-05 20:10:02,210] {processor.py:171} INFO - Processing /home/airflow/sandbox/lib/python3.8/site-packages/airflow/example_dags/example_latest_only_with_trigger.py took 0.264 seconds
[2022-01-05 20:10:32,703] {processor.py:163} INFO - Started process (PID=4826) to work on /home/airflow/sandbox/lib/python3.8/site-packages/airflow/example_dags/example_latest_only_with_trigger.py
[2022-01-05 20:10:32,705] {processor.py:642} INFO - Processing file /home/airflow/sandbox/lib/python3.8/site-packages/airflow/example_dags/example_latest_only_with_trigger.py for tasks to queue
[2022-01-05 20:10:32,705] {logging_mixin.py:109} INFO - [2022-01-05 20:10:32,705] {dagbag.py:500} INFO - Filling up the DagBag from /home/airflow/sandbox/lib/python3.8/site-packages/airflow/example_dags/example_latest_only_with_trigger.py
[2022-01-05 20:10:32,793] {processor.py:654} INFO - DAG(s) dict_keys(['latest_only_with_trigger']) retrieved from /home/airflow/sandbox/lib/python3.8/site-packages/airflow/example_dags/example_latest_only_with_trigger.py
[2022-01-05 20:10:32,829] {logging_mixin.py:109} INFO - [2022-01-05 20:10:32,829] {dag.py:2396} INFO - Sync 1 DAGs
[2022-01-05 20:10:32,851] {logging_mixin.py:109} INFO - [2022-01-05 20:10:32,851] {dag.py:2935} INFO - Setting next_dagrun for latest_only_with_trigger to 2022-01-05T16:10:32.851393+00:00
[2022-01-05 20:10:32,887] {processor.py:171} INFO - Processing /home/airflow/sandbox/lib/python3.8/site-packages/airflow/example_dags/example_latest_only_with_trigger.py took 0.227 seconds
[2022-01-05 20:11:04,421] {processor.py:163} INFO - Started process (PID=5004) to work on /home/airflow/sandbox/lib/python3.8/site-packages/airflow/example_dags/example_latest_only_with_trigger.py
[2022-01-05 20:11:04,424] {processor.py:642} INFO - Processing file /home/airflow/sandbox/lib/python3.8/site-packages/airflow/example_dags/example_latest_only_with_trigger.py for tasks to queue
[2022-01-05 20:11:04,429] {logging_mixin.py:109} INFO - [2022-01-05 20:11:04,429] {dagbag.py:500} INFO - Filling up the DagBag from /home/airflow/sandbox/lib/python3.8/site-packages/airflow/example_dags/example_latest_only_with_trigger.py
[2022-01-05 20:11:04,598] {processor.py:654} INFO - DAG(s) dict_keys(['latest_only_with_trigger']) retrieved from /home/airflow/sandbox/lib/python3.8/site-packages/airflow/example_dags/example_latest_only_with_trigger.py
[2022-01-05 20:11:04,700] {logging_mixin.py:109} INFO - [2022-01-05 20:11:04,700] {dag.py:2396} INFO - Sync 1 DAGs
[2022-01-05 20:11:04,852] {logging_mixin.py:109} INFO - [2022-01-05 20:11:04,852] {dag.py:2935} INFO - Setting next_dagrun for latest_only_with_trigger to 2022-01-05T16:11:04.852129+00:00
[2022-01-05 20:11:04,992] {processor.py:171} INFO - Processing /home/airflow/sandbox/lib/python3.8/site-packages/airflow/example_dags/example_latest_only_with_trigger.py took 0.600 seconds
[2022-01-05 20:11:35,429] {processor.py:163} INFO - Started process (PID=5097) to work on /home/airflow/sandbox/lib/python3.8/site-packages/airflow/example_dags/example_latest_only_with_trigger.py
[2022-01-05 20:11:35,433] {processor.py:642} INFO - Processing file /home/airflow/sandbox/lib/python3.8/site-packages/airflow/example_dags/example_latest_only_with_trigger.py for tasks to queue
[2022-01-05 20:11:35,435] {logging_mixin.py:109} INFO - [2022-01-05 20:11:35,435] {dagbag.py:500} INFO - Filling up the DagBag from /home/airflow/sandbox/lib/python3.8/site-packages/airflow/example_dags/example_latest_only_with_trigger.py
[2022-01-05 20:11:35,587] {processor.py:654} INFO - DAG(s) dict_keys(['latest_only_with_trigger']) retrieved from /home/airflow/sandbox/lib/python3.8/site-packages/airflow/example_dags/example_latest_only_with_trigger.py
[2022-01-05 20:11:35,627] {logging_mixin.py:109} INFO - [2022-01-05 20:11:35,627] {dag.py:2396} INFO - Sync 1 DAGs
[2022-01-05 20:11:35,679] {logging_mixin.py:109} INFO - [2022-01-05 20:11:35,678] {dag.py:2935} INFO - Setting next_dagrun for latest_only_with_trigger to 2022-01-05T16:11:35.678657+00:00
[2022-01-05 20:11:35,697] {processor.py:171} INFO - Processing /home/airflow/sandbox/lib/python3.8/site-packages/airflow/example_dags/example_latest_only_with_trigger.py took 0.275 seconds
[2022-01-05 20:12:05,786] {processor.py:163} INFO - Started process (PID=5198) to work on /home/airflow/sandbox/lib/python3.8/site-packages/airflow/example_dags/example_latest_only_with_trigger.py
[2022-01-05 20:12:05,793] {processor.py:642} INFO - Processing file /home/airflow/sandbox/lib/python3.8/site-packages/airflow/example_dags/example_latest_only_with_trigger.py for tasks to queue
[2022-01-05 20:12:05,794] {logging_mixin.py:109} INFO - [2022-01-05 20:12:05,794] {dagbag.py:500} INFO - Filling up the DagBag from /home/airflow/sandbox/lib/python3.8/site-packages/airflow/example_dags/example_latest_only_with_trigger.py
[2022-01-05 20:12:05,924] {processor.py:654} INFO - DAG(s) dict_keys(['latest_only_with_trigger']) retrieved from /home/airflow/sandbox/lib/python3.8/site-packages/airflow/example_dags/example_latest_only_with_trigger.py
[2022-01-05 20:12:05,944] {logging_mixin.py:109} INFO - [2022-01-05 20:12:05,943] {dag.py:2396} INFO - Sync 1 DAGs
[2022-01-05 20:12:06,027] {logging_mixin.py:109} INFO - [2022-01-05 20:12:06,027] {dag.py:2935} INFO - Setting next_dagrun for latest_only_with_trigger to 2022-01-05T16:12:06.027193+00:00
[2022-01-05 20:12:06,166] {processor.py:171} INFO - Processing /home/airflow/sandbox/lib/python3.8/site-packages/airflow/example_dags/example_latest_only_with_trigger.py took 0.393 seconds
[2022-01-05 20:12:37,141] {processor.py:163} INFO - Started process (PID=5318) to work on /home/airflow/sandbox/lib/python3.8/site-packages/airflow/example_dags/example_latest_only_with_trigger.py
[2022-01-05 20:12:37,176] {processor.py:642} INFO - Processing file /home/airflow/sandbox/lib/python3.8/site-packages/airflow/example_dags/example_latest_only_with_trigger.py for tasks to queue
[2022-01-05 20:12:37,177] {logging_mixin.py:109} INFO - [2022-01-05 20:12:37,176] {dagbag.py:500} INFO - Filling up the DagBag from /home/airflow/sandbox/lib/python3.8/site-packages/airflow/example_dags/example_latest_only_with_trigger.py
[2022-01-05 20:12:37,315] {processor.py:654} INFO - DAG(s) dict_keys(['latest_only_with_trigger']) retrieved from /home/airflow/sandbox/lib/python3.8/site-packages/airflow/example_dags/example_latest_only_with_trigger.py
[2022-01-05 20:12:37,335] {logging_mixin.py:109} INFO - [2022-01-05 20:12:37,335] {dag.py:2396} INFO - Sync 1 DAGs
[2022-01-05 20:12:37,408] {logging_mixin.py:109} INFO - [2022-01-05 20:12:37,408] {dag.py:2935} INFO - Setting next_dagrun for latest_only_with_trigger to 2022-01-05T16:12:37.408152+00:00
[2022-01-05 20:12:37,431] {processor.py:171} INFO - Processing /home/airflow/sandbox/lib/python3.8/site-packages/airflow/example_dags/example_latest_only_with_trigger.py took 0.306 seconds
[2022-01-05 20:28:18,094] {processor.py:163} INFO - Started process (PID=7120) to work on /home/airflow/sandbox/lib/python3.8/site-packages/airflow/example_dags/example_latest_only_with_trigger.py
[2022-01-05 20:28:18,100] {processor.py:642} INFO - Processing file /home/airflow/sandbox/lib/python3.8/site-packages/airflow/example_dags/example_latest_only_with_trigger.py for tasks to queue
[2022-01-05 20:28:18,101] {logging_mixin.py:109} INFO - [2022-01-05 20:28:18,101] {dagbag.py:500} INFO - Filling up the DagBag from /home/airflow/sandbox/lib/python3.8/site-packages/airflow/example_dags/example_latest_only_with_trigger.py
[2022-01-05 20:28:18,292] {processor.py:654} INFO - DAG(s) dict_keys(['latest_only_with_trigger']) retrieved from /home/airflow/sandbox/lib/python3.8/site-packages/airflow/example_dags/example_latest_only_with_trigger.py
[2022-01-05 20:28:18,451] {logging_mixin.py:109} INFO - [2022-01-05 20:28:18,451] {dag.py:2396} INFO - Sync 1 DAGs
[2022-01-05 20:28:18,706] {logging_mixin.py:109} INFO - [2022-01-05 20:28:18,706] {dag.py:2935} INFO - Setting next_dagrun for latest_only_with_trigger to 2022-01-05T16:28:18.705957+00:00
[2022-01-05 20:28:18,780] {processor.py:171} INFO - Processing /home/airflow/sandbox/lib/python3.8/site-packages/airflow/example_dags/example_latest_only_with_trigger.py took 0.691 seconds
[2022-01-05 20:29:06,650] {processor.py:163} INFO - Started process (PID=7599) to work on /home/airflow/sandbox/lib/python3.8/site-packages/airflow/example_dags/example_latest_only_with_trigger.py
[2022-01-05 20:29:06,660] {processor.py:642} INFO - Processing file /home/airflow/sandbox/lib/python3.8/site-packages/airflow/example_dags/example_latest_only_with_trigger.py for tasks to queue
[2022-01-05 20:29:06,696] {logging_mixin.py:109} INFO - [2022-01-05 20:29:06,696] {dagbag.py:500} INFO - Filling up the DagBag from /home/airflow/sandbox/lib/python3.8/site-packages/airflow/example_dags/example_latest_only_with_trigger.py
[2022-01-05 20:29:07,354] {processor.py:654} INFO - DAG(s) dict_keys(['latest_only_with_trigger']) retrieved from /home/airflow/sandbox/lib/python3.8/site-packages/airflow/example_dags/example_latest_only_with_trigger.py
[2022-01-05 20:29:07,507] {logging_mixin.py:109} INFO - [2022-01-05 20:29:07,507] {dag.py:2396} INFO - Sync 1 DAGs
[2022-01-05 20:29:07,892] {logging_mixin.py:109} INFO - [2022-01-05 20:29:07,892] {dag.py:2935} INFO - Setting next_dagrun for latest_only_with_trigger to 2022-01-05T16:29:07.892322+00:00
[2022-01-05 20:29:07,959] {processor.py:171} INFO - Processing /home/airflow/sandbox/lib/python3.8/site-packages/airflow/example_dags/example_latest_only_with_trigger.py took 1.311 seconds
[2022-01-05 20:29:38,045] {processor.py:163} INFO - Started process (PID=7836) to work on /home/airflow/sandbox/lib/python3.8/site-packages/airflow/example_dags/example_latest_only_with_trigger.py
[2022-01-05 20:29:38,047] {processor.py:642} INFO - Processing file /home/airflow/sandbox/lib/python3.8/site-packages/airflow/example_dags/example_latest_only_with_trigger.py for tasks to queue
[2022-01-05 20:29:38,049] {logging_mixin.py:109} INFO - [2022-01-05 20:29:38,049] {dagbag.py:500} INFO - Filling up the DagBag from /home/airflow/sandbox/lib/python3.8/site-packages/airflow/example_dags/example_latest_only_with_trigger.py
[2022-01-05 20:29:38,148] {processor.py:654} INFO - DAG(s) dict_keys(['latest_only_with_trigger']) retrieved from /home/airflow/sandbox/lib/python3.8/site-packages/airflow/example_dags/example_latest_only_with_trigger.py
[2022-01-05 20:29:38,159] {logging_mixin.py:109} INFO - [2022-01-05 20:29:38,158] {dag.py:2396} INFO - Sync 1 DAGs
[2022-01-05 20:29:38,192] {logging_mixin.py:109} INFO - [2022-01-05 20:29:38,192] {dag.py:2935} INFO - Setting next_dagrun for latest_only_with_trigger to 2022-01-05T16:29:38.192258+00:00
[2022-01-05 20:29:38,209] {processor.py:171} INFO - Processing /home/airflow/sandbox/lib/python3.8/site-packages/airflow/example_dags/example_latest_only_with_trigger.py took 0.170 seconds
[2022-01-05 20:30:08,447] {processor.py:163} INFO - Started process (PID=8120) to work on /home/airflow/sandbox/lib/python3.8/site-packages/airflow/example_dags/example_latest_only_with_trigger.py
[2022-01-05 20:30:08,457] {processor.py:642} INFO - Processing file /home/airflow/sandbox/lib/python3.8/site-packages/airflow/example_dags/example_latest_only_with_trigger.py for tasks to queue
[2022-01-05 20:30:08,458] {logging_mixin.py:109} INFO - [2022-01-05 20:30:08,458] {dagbag.py:500} INFO - Filling up the DagBag from /home/airflow/sandbox/lib/python3.8/site-packages/airflow/example_dags/example_latest_only_with_trigger.py
[2022-01-05 20:30:08,681] {processor.py:654} INFO - DAG(s) dict_keys(['latest_only_with_trigger']) retrieved from /home/airflow/sandbox/lib/python3.8/site-packages/airflow/example_dags/example_latest_only_with_trigger.py
[2022-01-05 20:30:08,704] {logging_mixin.py:109} INFO - [2022-01-05 20:30:08,704] {dag.py:2396} INFO - Sync 1 DAGs
[2022-01-05 20:30:08,997] {logging_mixin.py:109} INFO - [2022-01-05 20:30:08,994] {dag.py:2935} INFO - Setting next_dagrun for latest_only_with_trigger to 2022-01-05T16:30:08.994707+00:00
[2022-01-05 20:30:09,132] {processor.py:171} INFO - Processing /home/airflow/sandbox/lib/python3.8/site-packages/airflow/example_dags/example_latest_only_with_trigger.py took 0.740 seconds
[2022-01-05 20:30:42,334] {processor.py:163} INFO - Started process (PID=8477) to work on /home/airflow/sandbox/lib/python3.8/site-packages/airflow/example_dags/example_latest_only_with_trigger.py
[2022-01-05 20:30:42,337] {processor.py:642} INFO - Processing file /home/airflow/sandbox/lib/python3.8/site-packages/airflow/example_dags/example_latest_only_with_trigger.py for tasks to queue
[2022-01-05 20:30:42,343] {logging_mixin.py:109} INFO - [2022-01-05 20:30:42,343] {dagbag.py:500} INFO - Filling up the DagBag from /home/airflow/sandbox/lib/python3.8/site-packages/airflow/example_dags/example_latest_only_with_trigger.py
[2022-01-05 20:30:42,473] {processor.py:654} INFO - DAG(s) dict_keys(['latest_only_with_trigger']) retrieved from /home/airflow/sandbox/lib/python3.8/site-packages/airflow/example_dags/example_latest_only_with_trigger.py
[2022-01-05 20:30:42,500] {logging_mixin.py:109} INFO - [2022-01-05 20:30:42,500] {dag.py:2396} INFO - Sync 1 DAGs
[2022-01-05 20:30:42,588] {logging_mixin.py:109} INFO - [2022-01-05 20:30:42,588] {dag.py:2935} INFO - Setting next_dagrun for latest_only_with_trigger to 2022-01-05T16:30:42.588488+00:00
[2022-01-05 20:30:42,622] {processor.py:171} INFO - Processing /home/airflow/sandbox/lib/python3.8/site-packages/airflow/example_dags/example_latest_only_with_trigger.py took 0.332 seconds
[2022-01-05 20:31:17,845] {processor.py:163} INFO - Started process (PID=8936) to work on /home/airflow/sandbox/lib/python3.8/site-packages/airflow/example_dags/example_latest_only_with_trigger.py
[2022-01-05 20:31:17,867] {processor.py:642} INFO - Processing file /home/airflow/sandbox/lib/python3.8/site-packages/airflow/example_dags/example_latest_only_with_trigger.py for tasks to queue
[2022-01-05 20:31:17,869] {logging_mixin.py:109} INFO - [2022-01-05 20:31:17,869] {dagbag.py:500} INFO - Filling up the DagBag from /home/airflow/sandbox/lib/python3.8/site-packages/airflow/example_dags/example_latest_only_with_trigger.py
[2022-01-05 20:31:17,942] {processor.py:654} INFO - DAG(s) dict_keys(['latest_only_with_trigger']) retrieved from /home/airflow/sandbox/lib/python3.8/site-packages/airflow/example_dags/example_latest_only_with_trigger.py
[2022-01-05 20:31:17,978] {logging_mixin.py:109} INFO - [2022-01-05 20:31:17,977] {dag.py:2396} INFO - Sync 1 DAGs
[2022-01-05 20:31:17,993] {logging_mixin.py:109} INFO - [2022-01-05 20:31:17,993] {dag.py:2935} INFO - Setting next_dagrun for latest_only_with_trigger to 2022-01-05T16:31:17.992836+00:00
[2022-01-05 20:31:18,024] {processor.py:171} INFO - Processing /home/airflow/sandbox/lib/python3.8/site-packages/airflow/example_dags/example_latest_only_with_trigger.py took 0.184 seconds
[2022-01-05 20:31:50,169] {processor.py:163} INFO - Started process (PID=9288) to work on /home/airflow/sandbox/lib/python3.8/site-packages/airflow/example_dags/example_latest_only_with_trigger.py
[2022-01-05 20:31:50,175] {processor.py:642} INFO - Processing file /home/airflow/sandbox/lib/python3.8/site-packages/airflow/example_dags/example_latest_only_with_trigger.py for tasks to queue
[2022-01-05 20:31:50,180] {logging_mixin.py:109} INFO - [2022-01-05 20:31:50,179] {dagbag.py:500} INFO - Filling up the DagBag from /home/airflow/sandbox/lib/python3.8/site-packages/airflow/example_dags/example_latest_only_with_trigger.py
[2022-01-05 20:31:50,423] {processor.py:654} INFO - DAG(s) dict_keys(['latest_only_with_trigger']) retrieved from /home/airflow/sandbox/lib/python3.8/site-packages/airflow/example_dags/example_latest_only_with_trigger.py
[2022-01-05 20:31:50,564] {logging_mixin.py:109} INFO - [2022-01-05 20:31:50,564] {dag.py:2396} INFO - Sync 1 DAGs
[2022-01-05 20:31:50,669] {logging_mixin.py:109} INFO - [2022-01-05 20:31:50,669] {dag.py:2935} INFO - Setting next_dagrun for latest_only_with_trigger to 2022-01-05T16:31:50.668058+00:00
[2022-01-05 20:31:50,686] {processor.py:171} INFO - Processing /home/airflow/sandbox/lib/python3.8/site-packages/airflow/example_dags/example_latest_only_with_trigger.py took 0.562 seconds
[2022-01-05 20:32:20,984] {processor.py:163} INFO - Started process (PID=9986) to work on /home/airflow/sandbox/lib/python3.8/site-packages/airflow/example_dags/example_latest_only_with_trigger.py
[2022-01-05 20:32:20,987] {processor.py:642} INFO - Processing file /home/airflow/sandbox/lib/python3.8/site-packages/airflow/example_dags/example_latest_only_with_trigger.py for tasks to queue
[2022-01-05 20:32:21,011] {logging_mixin.py:109} INFO - [2022-01-05 20:32:21,011] {dagbag.py:500} INFO - Filling up the DagBag from /home/airflow/sandbox/lib/python3.8/site-packages/airflow/example_dags/example_latest_only_with_trigger.py
[2022-01-05 20:32:21,081] {processor.py:654} INFO - DAG(s) dict_keys(['latest_only_with_trigger']) retrieved from /home/airflow/sandbox/lib/python3.8/site-packages/airflow/example_dags/example_latest_only_with_trigger.py
[2022-01-05 20:32:21,130] {logging_mixin.py:109} INFO - [2022-01-05 20:32:21,130] {dag.py:2396} INFO - Sync 1 DAGs
[2022-01-05 20:32:21,180] {logging_mixin.py:109} INFO - [2022-01-05 20:32:21,180] {dag.py:2935} INFO - Setting next_dagrun for latest_only_with_trigger to 2022-01-05T16:32:21.179827+00:00
[2022-01-05 20:32:21,268] {processor.py:171} INFO - Processing /home/airflow/sandbox/lib/python3.8/site-packages/airflow/example_dags/example_latest_only_with_trigger.py took 0.287 seconds
[2022-01-05 20:32:52,829] {processor.py:163} INFO - Started process (PID=10711) to work on /home/airflow/sandbox/lib/python3.8/site-packages/airflow/example_dags/example_latest_only_with_trigger.py
[2022-01-05 20:32:52,832] {processor.py:642} INFO - Processing file /home/airflow/sandbox/lib/python3.8/site-packages/airflow/example_dags/example_latest_only_with_trigger.py for tasks to queue
[2022-01-05 20:32:52,833] {logging_mixin.py:109} INFO - [2022-01-05 20:32:52,833] {dagbag.py:500} INFO - Filling up the DagBag from /home/airflow/sandbox/lib/python3.8/site-packages/airflow/example_dags/example_latest_only_with_trigger.py
[2022-01-05 20:32:53,226] {processor.py:654} INFO - DAG(s) dict_keys(['latest_only_with_trigger']) retrieved from /home/airflow/sandbox/lib/python3.8/site-packages/airflow/example_dags/example_latest_only_with_trigger.py
[2022-01-05 20:32:53,325] {logging_mixin.py:109} INFO - [2022-01-05 20:32:53,324] {dag.py:2396} INFO - Sync 1 DAGs
[2022-01-05 20:32:53,575] {logging_mixin.py:109} INFO - [2022-01-05 20:32:53,575] {dag.py:2935} INFO - Setting next_dagrun for latest_only_with_trigger to 2022-01-05T16:32:53.573653+00:00
[2022-01-05 20:32:53,670] {processor.py:171} INFO - Processing /home/airflow/sandbox/lib/python3.8/site-packages/airflow/example_dags/example_latest_only_with_trigger.py took 0.861 seconds
[2022-01-05 20:33:24,218] {processor.py:163} INFO - Started process (PID=11399) to work on /home/airflow/sandbox/lib/python3.8/site-packages/airflow/example_dags/example_latest_only_with_trigger.py
[2022-01-05 20:33:24,219] {processor.py:642} INFO - Processing file /home/airflow/sandbox/lib/python3.8/site-packages/airflow/example_dags/example_latest_only_with_trigger.py for tasks to queue
[2022-01-05 20:33:24,219] {logging_mixin.py:109} INFO - [2022-01-05 20:33:24,219] {dagbag.py:500} INFO - Filling up the DagBag from /home/airflow/sandbox/lib/python3.8/site-packages/airflow/example_dags/example_latest_only_with_trigger.py
[2022-01-05 20:33:24,316] {processor.py:654} INFO - DAG(s) dict_keys(['latest_only_with_trigger']) retrieved from /home/airflow/sandbox/lib/python3.8/site-packages/airflow/example_dags/example_latest_only_with_trigger.py
[2022-01-05 20:33:24,361] {logging_mixin.py:109} INFO - [2022-01-05 20:33:24,360] {dag.py:2396} INFO - Sync 1 DAGs
[2022-01-05 20:33:24,381] {logging_mixin.py:109} INFO - [2022-01-05 20:33:24,381] {dag.py:2935} INFO - Setting next_dagrun for latest_only_with_trigger to 2022-01-05T16:33:24.381499+00:00
[2022-01-05 20:33:24,428] {processor.py:171} INFO - Processing /home/airflow/sandbox/lib/python3.8/site-packages/airflow/example_dags/example_latest_only_with_trigger.py took 0.217 seconds
[2022-01-05 20:33:54,955] {processor.py:163} INFO - Started process (PID=11699) to work on /home/airflow/sandbox/lib/python3.8/site-packages/airflow/example_dags/example_latest_only_with_trigger.py
[2022-01-05 20:33:54,957] {processor.py:642} INFO - Processing file /home/airflow/sandbox/lib/python3.8/site-packages/airflow/example_dags/example_latest_only_with_trigger.py for tasks to queue
[2022-01-05 20:33:54,957] {logging_mixin.py:109} INFO - [2022-01-05 20:33:54,957] {dagbag.py:500} INFO - Filling up the DagBag from /home/airflow/sandbox/lib/python3.8/site-packages/airflow/example_dags/example_latest_only_with_trigger.py
[2022-01-05 20:33:55,178] {processor.py:654} INFO - DAG(s) dict_keys(['latest_only_with_trigger']) retrieved from /home/airflow/sandbox/lib/python3.8/site-packages/airflow/example_dags/example_latest_only_with_trigger.py
[2022-01-05 20:33:55,306] {logging_mixin.py:109} INFO - [2022-01-05 20:33:55,306] {dag.py:2396} INFO - Sync 1 DAGs
[2022-01-05 20:33:55,359] {logging_mixin.py:109} INFO - [2022-01-05 20:33:55,359] {dag.py:2935} INFO - Setting next_dagrun for latest_only_with_trigger to 2022-01-05T16:33:55.359204+00:00
[2022-01-05 20:33:55,407] {processor.py:171} INFO - Processing /home/airflow/sandbox/lib/python3.8/site-packages/airflow/example_dags/example_latest_only_with_trigger.py took 0.528 seconds
[2022-01-05 20:34:26,062] {processor.py:163} INFO - Started process (PID=11941) to work on /home/airflow/sandbox/lib/python3.8/site-packages/airflow/example_dags/example_latest_only_with_trigger.py
[2022-01-05 20:34:26,063] {processor.py:642} INFO - Processing file /home/airflow/sandbox/lib/python3.8/site-packages/airflow/example_dags/example_latest_only_with_trigger.py for tasks to queue
[2022-01-05 20:34:26,064] {logging_mixin.py:109} INFO - [2022-01-05 20:34:26,064] {dagbag.py:500} INFO - Filling up the DagBag from /home/airflow/sandbox/lib/python3.8/site-packages/airflow/example_dags/example_latest_only_with_trigger.py
[2022-01-05 20:34:26,174] {processor.py:654} INFO - DAG(s) dict_keys(['latest_only_with_trigger']) retrieved from /home/airflow/sandbox/lib/python3.8/site-packages/airflow/example_dags/example_latest_only_with_trigger.py
[2022-01-05 20:34:26,207] {logging_mixin.py:109} INFO - [2022-01-05 20:34:26,206] {dag.py:2396} INFO - Sync 1 DAGs
[2022-01-05 20:34:26,310] {logging_mixin.py:109} INFO - [2022-01-05 20:34:26,310] {dag.py:2935} INFO - Setting next_dagrun for latest_only_with_trigger to 2022-01-05T16:34:26.309073+00:00
[2022-01-05 20:34:26,346] {processor.py:171} INFO - Processing /home/airflow/sandbox/lib/python3.8/site-packages/airflow/example_dags/example_latest_only_with_trigger.py took 0.331 seconds
[2022-01-05 20:34:57,400] {processor.py:163} INFO - Started process (PID=12179) to work on /home/airflow/sandbox/lib/python3.8/site-packages/airflow/example_dags/example_latest_only_with_trigger.py
[2022-01-05 20:34:57,404] {processor.py:642} INFO - Processing file /home/airflow/sandbox/lib/python3.8/site-packages/airflow/example_dags/example_latest_only_with_trigger.py for tasks to queue
[2022-01-05 20:34:57,407] {logging_mixin.py:109} INFO - [2022-01-05 20:34:57,407] {dagbag.py:500} INFO - Filling up the DagBag from /home/airflow/sandbox/lib/python3.8/site-packages/airflow/example_dags/example_latest_only_with_trigger.py
[2022-01-05 20:34:57,610] {processor.py:654} INFO - DAG(s) dict_keys(['latest_only_with_trigger']) retrieved from /home/airflow/sandbox/lib/python3.8/site-packages/airflow/example_dags/example_latest_only_with_trigger.py
[2022-01-05 20:34:57,707] {logging_mixin.py:109} INFO - [2022-01-05 20:34:57,707] {dag.py:2396} INFO - Sync 1 DAGs
[2022-01-05 20:34:57,751] {logging_mixin.py:109} INFO - [2022-01-05 20:34:57,751] {dag.py:2935} INFO - Setting next_dagrun for latest_only_with_trigger to 2022-01-05T16:34:57.750809+00:00
[2022-01-05 20:34:57,763] {processor.py:171} INFO - Processing /home/airflow/sandbox/lib/python3.8/site-packages/airflow/example_dags/example_latest_only_with_trigger.py took 0.393 seconds
[2022-01-05 20:35:27,918] {processor.py:163} INFO - Started process (PID=12416) to work on /home/airflow/sandbox/lib/python3.8/site-packages/airflow/example_dags/example_latest_only_with_trigger.py
[2022-01-05 20:35:27,919] {processor.py:642} INFO - Processing file /home/airflow/sandbox/lib/python3.8/site-packages/airflow/example_dags/example_latest_only_with_trigger.py for tasks to queue
[2022-01-05 20:35:27,919] {logging_mixin.py:109} INFO - [2022-01-05 20:35:27,919] {dagbag.py:500} INFO - Filling up the DagBag from /home/airflow/sandbox/lib/python3.8/site-packages/airflow/example_dags/example_latest_only_with_trigger.py
[2022-01-05 20:35:27,999] {processor.py:654} INFO - DAG(s) dict_keys(['latest_only_with_trigger']) retrieved from /home/airflow/sandbox/lib/python3.8/site-packages/airflow/example_dags/example_latest_only_with_trigger.py
[2022-01-05 20:35:28,016] {logging_mixin.py:109} INFO - [2022-01-05 20:35:28,016] {dag.py:2396} INFO - Sync 1 DAGs
[2022-01-05 20:35:28,051] {logging_mixin.py:109} INFO - [2022-01-05 20:35:28,051] {dag.py:2935} INFO - Setting next_dagrun for latest_only_with_trigger to 2022-01-05T16:35:28.051268+00:00
[2022-01-05 20:35:28,071] {processor.py:171} INFO - Processing /home/airflow/sandbox/lib/python3.8/site-packages/airflow/example_dags/example_latest_only_with_trigger.py took 0.160 seconds
[2022-01-05 20:35:58,387] {processor.py:163} INFO - Started process (PID=12658) to work on /home/airflow/sandbox/lib/python3.8/site-packages/airflow/example_dags/example_latest_only_with_trigger.py
[2022-01-05 20:35:58,393] {processor.py:642} INFO - Processing file /home/airflow/sandbox/lib/python3.8/site-packages/airflow/example_dags/example_latest_only_with_trigger.py for tasks to queue
[2022-01-05 20:35:58,394] {logging_mixin.py:109} INFO - [2022-01-05 20:35:58,394] {dagbag.py:500} INFO - Filling up the DagBag from /home/airflow/sandbox/lib/python3.8/site-packages/airflow/example_dags/example_latest_only_with_trigger.py
[2022-01-05 20:35:58,464] {processor.py:654} INFO - DAG(s) dict_keys(['latest_only_with_trigger']) retrieved from /home/airflow/sandbox/lib/python3.8/site-packages/airflow/example_dags/example_latest_only_with_trigger.py
[2022-01-05 20:35:58,493] {logging_mixin.py:109} INFO - [2022-01-05 20:35:58,493] {dag.py:2396} INFO - Sync 1 DAGs
[2022-01-05 20:35:58,512] {logging_mixin.py:109} INFO - [2022-01-05 20:35:58,511] {dag.py:2935} INFO - Setting next_dagrun for latest_only_with_trigger to 2022-01-05T16:35:58.510898+00:00
[2022-01-05 20:35:58,544] {processor.py:171} INFO - Processing /home/airflow/sandbox/lib/python3.8/site-packages/airflow/example_dags/example_latest_only_with_trigger.py took 0.177 seconds
[2022-01-05 20:36:28,639] {processor.py:163} INFO - Started process (PID=12898) to work on /home/airflow/sandbox/lib/python3.8/site-packages/airflow/example_dags/example_latest_only_with_trigger.py
[2022-01-05 20:36:28,643] {processor.py:642} INFO - Processing file /home/airflow/sandbox/lib/python3.8/site-packages/airflow/example_dags/example_latest_only_with_trigger.py for tasks to queue
[2022-01-05 20:36:28,645] {logging_mixin.py:109} INFO - [2022-01-05 20:36:28,645] {dagbag.py:500} INFO - Filling up the DagBag from /home/airflow/sandbox/lib/python3.8/site-packages/airflow/example_dags/example_latest_only_with_trigger.py
[2022-01-05 20:36:28,711] {processor.py:654} INFO - DAG(s) dict_keys(['latest_only_with_trigger']) retrieved from /home/airflow/sandbox/lib/python3.8/site-packages/airflow/example_dags/example_latest_only_with_trigger.py
[2022-01-05 20:36:28,745] {logging_mixin.py:109} INFO - [2022-01-05 20:36:28,745] {dag.py:2396} INFO - Sync 1 DAGs
[2022-01-05 20:36:28,767] {logging_mixin.py:109} INFO - [2022-01-05 20:36:28,766] {dag.py:2935} INFO - Setting next_dagrun for latest_only_with_trigger to 2022-01-05T16:36:28.766731+00:00
[2022-01-05 20:36:28,799] {processor.py:171} INFO - Processing /home/airflow/sandbox/lib/python3.8/site-packages/airflow/example_dags/example_latest_only_with_trigger.py took 0.163 seconds
[2022-01-05 20:36:59,731] {processor.py:163} INFO - Started process (PID=13141) to work on /home/airflow/sandbox/lib/python3.8/site-packages/airflow/example_dags/example_latest_only_with_trigger.py
[2022-01-05 20:36:59,733] {processor.py:642} INFO - Processing file /home/airflow/sandbox/lib/python3.8/site-packages/airflow/example_dags/example_latest_only_with_trigger.py for tasks to queue
[2022-01-05 20:36:59,734] {logging_mixin.py:109} INFO - [2022-01-05 20:36:59,734] {dagbag.py:500} INFO - Filling up the DagBag from /home/airflow/sandbox/lib/python3.8/site-packages/airflow/example_dags/example_latest_only_with_trigger.py
[2022-01-05 20:36:59,757] {processor.py:654} INFO - DAG(s) dict_keys(['latest_only_with_trigger']) retrieved from /home/airflow/sandbox/lib/python3.8/site-packages/airflow/example_dags/example_latest_only_with_trigger.py
[2022-01-05 20:36:59,780] {logging_mixin.py:109} INFO - [2022-01-05 20:36:59,780] {dag.py:2396} INFO - Sync 1 DAGs
[2022-01-05 20:36:59,796] {logging_mixin.py:109} INFO - [2022-01-05 20:36:59,796] {dag.py:2935} INFO - Setting next_dagrun for latest_only_with_trigger to 2022-01-05T16:36:59.796613+00:00
[2022-01-05 20:36:59,804] {processor.py:171} INFO - Processing /home/airflow/sandbox/lib/python3.8/site-packages/airflow/example_dags/example_latest_only_with_trigger.py took 0.089 seconds
[2022-01-05 20:37:30,059] {processor.py:163} INFO - Started process (PID=13382) to work on /home/airflow/sandbox/lib/python3.8/site-packages/airflow/example_dags/example_latest_only_with_trigger.py
[2022-01-05 20:37:30,059] {processor.py:642} INFO - Processing file /home/airflow/sandbox/lib/python3.8/site-packages/airflow/example_dags/example_latest_only_with_trigger.py for tasks to queue
[2022-01-05 20:37:30,060] {logging_mixin.py:109} INFO - [2022-01-05 20:37:30,060] {dagbag.py:500} INFO - Filling up the DagBag from /home/airflow/sandbox/lib/python3.8/site-packages/airflow/example_dags/example_latest_only_with_trigger.py
[2022-01-05 20:37:30,154] {processor.py:654} INFO - DAG(s) dict_keys(['latest_only_with_trigger']) retrieved from /home/airflow/sandbox/lib/python3.8/site-packages/airflow/example_dags/example_latest_only_with_trigger.py
[2022-01-05 20:37:30,188] {logging_mixin.py:109} INFO - [2022-01-05 20:37:30,188] {dag.py:2396} INFO - Sync 1 DAGs
[2022-01-05 20:37:30,232] {logging_mixin.py:109} INFO - [2022-01-05 20:37:30,232] {dag.py:2935} INFO - Setting next_dagrun for latest_only_with_trigger to 2022-01-05T16:37:30.231855+00:00
[2022-01-05 20:37:30,249] {processor.py:171} INFO - Processing /home/airflow/sandbox/lib/python3.8/site-packages/airflow/example_dags/example_latest_only_with_trigger.py took 0.199 seconds
[2022-01-05 20:38:00,340] {processor.py:163} INFO - Started process (PID=13618) to work on /home/airflow/sandbox/lib/python3.8/site-packages/airflow/example_dags/example_latest_only_with_trigger.py
[2022-01-05 20:38:00,347] {processor.py:642} INFO - Processing file /home/airflow/sandbox/lib/python3.8/site-packages/airflow/example_dags/example_latest_only_with_trigger.py for tasks to queue
[2022-01-05 20:38:00,348] {logging_mixin.py:109} INFO - [2022-01-05 20:38:00,348] {dagbag.py:500} INFO - Filling up the DagBag from /home/airflow/sandbox/lib/python3.8/site-packages/airflow/example_dags/example_latest_only_with_trigger.py
[2022-01-05 20:38:00,480] {processor.py:654} INFO - DAG(s) dict_keys(['latest_only_with_trigger']) retrieved from /home/airflow/sandbox/lib/python3.8/site-packages/airflow/example_dags/example_latest_only_with_trigger.py
[2022-01-05 20:38:00,507] {logging_mixin.py:109} INFO - [2022-01-05 20:38:00,507] {dag.py:2396} INFO - Sync 1 DAGs
[2022-01-05 20:38:00,542] {logging_mixin.py:109} INFO - [2022-01-05 20:38:00,542] {dag.py:2935} INFO - Setting next_dagrun for latest_only_with_trigger to 2022-01-05T16:38:00.541457+00:00
[2022-01-05 20:38:00,578] {processor.py:171} INFO - Processing /home/airflow/sandbox/lib/python3.8/site-packages/airflow/example_dags/example_latest_only_with_trigger.py took 0.241 seconds
[2022-01-05 20:38:30,625] {processor.py:163} INFO - Started process (PID=13928) to work on /home/airflow/sandbox/lib/python3.8/site-packages/airflow/example_dags/example_latest_only_with_trigger.py
[2022-01-05 20:38:30,627] {processor.py:642} INFO - Processing file /home/airflow/sandbox/lib/python3.8/site-packages/airflow/example_dags/example_latest_only_with_trigger.py for tasks to queue
[2022-01-05 20:38:30,628] {logging_mixin.py:109} INFO - [2022-01-05 20:38:30,628] {dagbag.py:500} INFO - Filling up the DagBag from /home/airflow/sandbox/lib/python3.8/site-packages/airflow/example_dags/example_latest_only_with_trigger.py
[2022-01-05 20:38:30,681] {processor.py:654} INFO - DAG(s) dict_keys(['latest_only_with_trigger']) retrieved from /home/airflow/sandbox/lib/python3.8/site-packages/airflow/example_dags/example_latest_only_with_trigger.py
[2022-01-05 20:38:30,714] {logging_mixin.py:109} INFO - [2022-01-05 20:38:30,713] {dag.py:2396} INFO - Sync 1 DAGs
[2022-01-05 20:38:30,796] {logging_mixin.py:109} INFO - [2022-01-05 20:38:30,795] {dag.py:2935} INFO - Setting next_dagrun for latest_only_with_trigger to 2022-01-05T16:38:30.794415+00:00
[2022-01-05 20:38:30,831] {processor.py:171} INFO - Processing /home/airflow/sandbox/lib/python3.8/site-packages/airflow/example_dags/example_latest_only_with_trigger.py took 0.219 seconds
[2022-01-05 20:39:00,928] {processor.py:163} INFO - Started process (PID=14169) to work on /home/airflow/sandbox/lib/python3.8/site-packages/airflow/example_dags/example_latest_only_with_trigger.py
[2022-01-05 20:39:00,930] {processor.py:642} INFO - Processing file /home/airflow/sandbox/lib/python3.8/site-packages/airflow/example_dags/example_latest_only_with_trigger.py for tasks to queue
[2022-01-05 20:39:00,930] {logging_mixin.py:109} INFO - [2022-01-05 20:39:00,930] {dagbag.py:500} INFO - Filling up the DagBag from /home/airflow/sandbox/lib/python3.8/site-packages/airflow/example_dags/example_latest_only_with_trigger.py
[2022-01-05 20:39:00,973] {processor.py:654} INFO - DAG(s) dict_keys(['latest_only_with_trigger']) retrieved from /home/airflow/sandbox/lib/python3.8/site-packages/airflow/example_dags/example_latest_only_with_trigger.py
[2022-01-05 20:39:01,001] {logging_mixin.py:109} INFO - [2022-01-05 20:39:01,001] {dag.py:2396} INFO - Sync 1 DAGs
[2022-01-05 20:39:01,042] {logging_mixin.py:109} INFO - [2022-01-05 20:39:01,042] {dag.py:2935} INFO - Setting next_dagrun for latest_only_with_trigger to 2022-01-05T16:39:01.034787+00:00
[2022-01-05 20:39:01,058] {processor.py:171} INFO - Processing /home/airflow/sandbox/lib/python3.8/site-packages/airflow/example_dags/example_latest_only_with_trigger.py took 0.134 seconds
[2022-01-05 20:39:31,902] {processor.py:163} INFO - Started process (PID=14410) to work on /home/airflow/sandbox/lib/python3.8/site-packages/airflow/example_dags/example_latest_only_with_trigger.py
[2022-01-05 20:39:31,905] {processor.py:642} INFO - Processing file /home/airflow/sandbox/lib/python3.8/site-packages/airflow/example_dags/example_latest_only_with_trigger.py for tasks to queue
[2022-01-05 20:39:31,906] {logging_mixin.py:109} INFO - [2022-01-05 20:39:31,906] {dagbag.py:500} INFO - Filling up the DagBag from /home/airflow/sandbox/lib/python3.8/site-packages/airflow/example_dags/example_latest_only_with_trigger.py
[2022-01-05 20:39:31,948] {processor.py:654} INFO - DAG(s) dict_keys(['latest_only_with_trigger']) retrieved from /home/airflow/sandbox/lib/python3.8/site-packages/airflow/example_dags/example_latest_only_with_trigger.py
[2022-01-05 20:39:31,981] {logging_mixin.py:109} INFO - [2022-01-05 20:39:31,980] {dag.py:2396} INFO - Sync 1 DAGs
[2022-01-05 20:39:32,007] {logging_mixin.py:109} INFO - [2022-01-05 20:39:32,007] {dag.py:2935} INFO - Setting next_dagrun for latest_only_with_trigger to 2022-01-05T16:39:32.007623+00:00
[2022-01-05 20:39:32,027] {processor.py:171} INFO - Processing /home/airflow/sandbox/lib/python3.8/site-packages/airflow/example_dags/example_latest_only_with_trigger.py took 0.128 seconds
[2022-01-05 20:40:02,150] {processor.py:163} INFO - Started process (PID=14654) to work on /home/airflow/sandbox/lib/python3.8/site-packages/airflow/example_dags/example_latest_only_with_trigger.py
[2022-01-05 20:40:02,151] {processor.py:642} INFO - Processing file /home/airflow/sandbox/lib/python3.8/site-packages/airflow/example_dags/example_latest_only_with_trigger.py for tasks to queue
[2022-01-05 20:40:02,151] {logging_mixin.py:109} INFO - [2022-01-05 20:40:02,151] {dagbag.py:500} INFO - Filling up the DagBag from /home/airflow/sandbox/lib/python3.8/site-packages/airflow/example_dags/example_latest_only_with_trigger.py
[2022-01-05 20:40:02,183] {processor.py:654} INFO - DAG(s) dict_keys(['latest_only_with_trigger']) retrieved from /home/airflow/sandbox/lib/python3.8/site-packages/airflow/example_dags/example_latest_only_with_trigger.py
[2022-01-05 20:40:02,194] {logging_mixin.py:109} INFO - [2022-01-05 20:40:02,194] {dag.py:2396} INFO - Sync 1 DAGs
[2022-01-05 20:40:02,223] {logging_mixin.py:109} INFO - [2022-01-05 20:40:02,223] {dag.py:2935} INFO - Setting next_dagrun for latest_only_with_trigger to 2022-01-05T16:40:02.218180+00:00
[2022-01-05 20:40:02,262] {processor.py:171} INFO - Processing /home/airflow/sandbox/lib/python3.8/site-packages/airflow/example_dags/example_latest_only_with_trigger.py took 0.119 seconds
[2022-01-05 20:40:32,620] {processor.py:163} INFO - Started process (PID=14901) to work on /home/airflow/sandbox/lib/python3.8/site-packages/airflow/example_dags/example_latest_only_with_trigger.py
[2022-01-05 20:40:32,621] {processor.py:642} INFO - Processing file /home/airflow/sandbox/lib/python3.8/site-packages/airflow/example_dags/example_latest_only_with_trigger.py for tasks to queue
[2022-01-05 20:40:32,622] {logging_mixin.py:109} INFO - [2022-01-05 20:40:32,622] {dagbag.py:500} INFO - Filling up the DagBag from /home/airflow/sandbox/lib/python3.8/site-packages/airflow/example_dags/example_latest_only_with_trigger.py
[2022-01-05 20:40:32,651] {processor.py:654} INFO - DAG(s) dict_keys(['latest_only_with_trigger']) retrieved from /home/airflow/sandbox/lib/python3.8/site-packages/airflow/example_dags/example_latest_only_with_trigger.py
[2022-01-05 20:40:32,661] {logging_mixin.py:109} INFO - [2022-01-05 20:40:32,661] {dag.py:2396} INFO - Sync 1 DAGs
[2022-01-05 20:40:32,675] {logging_mixin.py:109} INFO - [2022-01-05 20:40:32,675] {dag.py:2935} INFO - Setting next_dagrun for latest_only_with_trigger to 2022-01-05T16:40:32.675093+00:00
[2022-01-05 20:40:32,685] {processor.py:171} INFO - Processing /home/airflow/sandbox/lib/python3.8/site-packages/airflow/example_dags/example_latest_only_with_trigger.py took 0.069 seconds
[2022-01-05 20:41:03,039] {processor.py:163} INFO - Started process (PID=15142) to work on /home/airflow/sandbox/lib/python3.8/site-packages/airflow/example_dags/example_latest_only_with_trigger.py
[2022-01-05 20:41:03,042] {processor.py:642} INFO - Processing file /home/airflow/sandbox/lib/python3.8/site-packages/airflow/example_dags/example_latest_only_with_trigger.py for tasks to queue
[2022-01-05 20:41:03,043] {logging_mixin.py:109} INFO - [2022-01-05 20:41:03,043] {dagbag.py:500} INFO - Filling up the DagBag from /home/airflow/sandbox/lib/python3.8/site-packages/airflow/example_dags/example_latest_only_with_trigger.py
[2022-01-05 20:41:03,088] {processor.py:654} INFO - DAG(s) dict_keys(['latest_only_with_trigger']) retrieved from /home/airflow/sandbox/lib/python3.8/site-packages/airflow/example_dags/example_latest_only_with_trigger.py
[2022-01-05 20:41:03,098] {logging_mixin.py:109} INFO - [2022-01-05 20:41:03,098] {dag.py:2396} INFO - Sync 1 DAGs
[2022-01-05 20:41:03,135] {logging_mixin.py:109} INFO - [2022-01-05 20:41:03,135] {dag.py:2935} INFO - Setting next_dagrun for latest_only_with_trigger to 2022-01-05T16:41:03.134956+00:00
[2022-01-05 20:41:03,152] {processor.py:171} INFO - Processing /home/airflow/sandbox/lib/python3.8/site-packages/airflow/example_dags/example_latest_only_with_trigger.py took 0.117 seconds
[2022-01-05 20:41:33,245] {processor.py:163} INFO - Started process (PID=15383) to work on /home/airflow/sandbox/lib/python3.8/site-packages/airflow/example_dags/example_latest_only_with_trigger.py
[2022-01-05 20:41:33,246] {processor.py:642} INFO - Processing file /home/airflow/sandbox/lib/python3.8/site-packages/airflow/example_dags/example_latest_only_with_trigger.py for tasks to queue
[2022-01-05 20:41:33,248] {logging_mixin.py:109} INFO - [2022-01-05 20:41:33,248] {dagbag.py:500} INFO - Filling up the DagBag from /home/airflow/sandbox/lib/python3.8/site-packages/airflow/example_dags/example_latest_only_with_trigger.py
[2022-01-05 20:41:33,311] {processor.py:654} INFO - DAG(s) dict_keys(['latest_only_with_trigger']) retrieved from /home/airflow/sandbox/lib/python3.8/site-packages/airflow/example_dags/example_latest_only_with_trigger.py
[2022-01-05 20:41:33,347] {logging_mixin.py:109} INFO - [2022-01-05 20:41:33,347] {dag.py:2396} INFO - Sync 1 DAGs
[2022-01-05 20:41:33,362] {logging_mixin.py:109} INFO - [2022-01-05 20:41:33,362] {dag.py:2935} INFO - Setting next_dagrun for latest_only_with_trigger to 2022-01-05T16:41:33.362048+00:00
[2022-01-05 20:41:33,373] {processor.py:171} INFO - Processing /home/airflow/sandbox/lib/python3.8/site-packages/airflow/example_dags/example_latest_only_with_trigger.py took 0.153 seconds
[2022-01-05 20:42:03,667] {processor.py:163} INFO - Started process (PID=15622) to work on /home/airflow/sandbox/lib/python3.8/site-packages/airflow/example_dags/example_latest_only_with_trigger.py
[2022-01-05 20:42:03,671] {processor.py:642} INFO - Processing file /home/airflow/sandbox/lib/python3.8/site-packages/airflow/example_dags/example_latest_only_with_trigger.py for tasks to queue
[2022-01-05 20:42:03,671] {logging_mixin.py:109} INFO - [2022-01-05 20:42:03,671] {dagbag.py:500} INFO - Filling up the DagBag from /home/airflow/sandbox/lib/python3.8/site-packages/airflow/example_dags/example_latest_only_with_trigger.py
[2022-01-05 20:42:04,174] {processor.py:654} INFO - DAG(s) dict_keys(['latest_only_with_trigger']) retrieved from /home/airflow/sandbox/lib/python3.8/site-packages/airflow/example_dags/example_latest_only_with_trigger.py
[2022-01-05 20:42:04,275] {logging_mixin.py:109} INFO - [2022-01-05 20:42:04,275] {dag.py:2396} INFO - Sync 1 DAGs
[2022-01-05 20:42:04,325] {logging_mixin.py:109} INFO - [2022-01-05 20:42:04,325] {dag.py:2935} INFO - Setting next_dagrun for latest_only_with_trigger to 2022-01-05T16:42:04.325399+00:00
[2022-01-05 20:42:04,377] {processor.py:171} INFO - Processing /home/airflow/sandbox/lib/python3.8/site-packages/airflow/example_dags/example_latest_only_with_trigger.py took 0.714 seconds
[2022-01-05 20:42:34,711] {processor.py:163} INFO - Started process (PID=15869) to work on /home/airflow/sandbox/lib/python3.8/site-packages/airflow/example_dags/example_latest_only_with_trigger.py
[2022-01-05 20:42:34,712] {processor.py:642} INFO - Processing file /home/airflow/sandbox/lib/python3.8/site-packages/airflow/example_dags/example_latest_only_with_trigger.py for tasks to queue
[2022-01-05 20:42:34,714] {logging_mixin.py:109} INFO - [2022-01-05 20:42:34,714] {dagbag.py:500} INFO - Filling up the DagBag from /home/airflow/sandbox/lib/python3.8/site-packages/airflow/example_dags/example_latest_only_with_trigger.py
[2022-01-05 20:42:34,883] {processor.py:654} INFO - DAG(s) dict_keys(['latest_only_with_trigger']) retrieved from /home/airflow/sandbox/lib/python3.8/site-packages/airflow/example_dags/example_latest_only_with_trigger.py
[2022-01-05 20:42:35,064] {logging_mixin.py:109} INFO - [2022-01-05 20:42:35,064] {dag.py:2396} INFO - Sync 1 DAGs
[2022-01-05 20:42:35,168] {logging_mixin.py:109} INFO - [2022-01-05 20:42:35,168] {dag.py:2935} INFO - Setting next_dagrun for latest_only_with_trigger to 2022-01-05T16:42:35.168049+00:00
[2022-01-05 20:42:35,228] {processor.py:171} INFO - Processing /home/airflow/sandbox/lib/python3.8/site-packages/airflow/example_dags/example_latest_only_with_trigger.py took 0.520 seconds
[2022-01-05 20:43:05,757] {processor.py:163} INFO - Started process (PID=16110) to work on /home/airflow/sandbox/lib/python3.8/site-packages/airflow/example_dags/example_latest_only_with_trigger.py
[2022-01-05 20:43:05,759] {processor.py:642} INFO - Processing file /home/airflow/sandbox/lib/python3.8/site-packages/airflow/example_dags/example_latest_only_with_trigger.py for tasks to queue
[2022-01-05 20:43:05,759] {logging_mixin.py:109} INFO - [2022-01-05 20:43:05,759] {dagbag.py:500} INFO - Filling up the DagBag from /home/airflow/sandbox/lib/python3.8/site-packages/airflow/example_dags/example_latest_only_with_trigger.py
[2022-01-05 20:43:05,913] {processor.py:654} INFO - DAG(s) dict_keys(['latest_only_with_trigger']) retrieved from /home/airflow/sandbox/lib/python3.8/site-packages/airflow/example_dags/example_latest_only_with_trigger.py
[2022-01-05 20:43:05,933] {logging_mixin.py:109} INFO - [2022-01-05 20:43:05,932] {dag.py:2396} INFO - Sync 1 DAGs
[2022-01-05 20:43:06,020] {logging_mixin.py:109} INFO - [2022-01-05 20:43:06,020] {dag.py:2935} INFO - Setting next_dagrun for latest_only_with_trigger to 2022-01-05T16:43:06.020158+00:00
[2022-01-05 20:43:06,111] {processor.py:171} INFO - Processing /home/airflow/sandbox/lib/python3.8/site-packages/airflow/example_dags/example_latest_only_with_trigger.py took 0.356 seconds
[2022-01-05 20:43:36,177] {processor.py:163} INFO - Started process (PID=16416) to work on /home/airflow/sandbox/lib/python3.8/site-packages/airflow/example_dags/example_latest_only_with_trigger.py
[2022-01-05 20:43:36,179] {processor.py:642} INFO - Processing file /home/airflow/sandbox/lib/python3.8/site-packages/airflow/example_dags/example_latest_only_with_trigger.py for tasks to queue
[2022-01-05 20:43:36,180] {logging_mixin.py:109} INFO - [2022-01-05 20:43:36,180] {dagbag.py:500} INFO - Filling up the DagBag from /home/airflow/sandbox/lib/python3.8/site-packages/airflow/example_dags/example_latest_only_with_trigger.py
[2022-01-05 20:43:36,227] {processor.py:654} INFO - DAG(s) dict_keys(['latest_only_with_trigger']) retrieved from /home/airflow/sandbox/lib/python3.8/site-packages/airflow/example_dags/example_latest_only_with_trigger.py
[2022-01-05 20:43:36,276] {logging_mixin.py:109} INFO - [2022-01-05 20:43:36,275] {dag.py:2396} INFO - Sync 1 DAGs
[2022-01-05 20:43:36,305] {logging_mixin.py:109} INFO - [2022-01-05 20:43:36,305] {dag.py:2935} INFO - Setting next_dagrun for latest_only_with_trigger to 2022-01-05T16:43:36.305370+00:00
[2022-01-05 20:43:36,323] {processor.py:171} INFO - Processing /home/airflow/sandbox/lib/python3.8/site-packages/airflow/example_dags/example_latest_only_with_trigger.py took 0.148 seconds
[2022-01-05 20:44:06,722] {processor.py:163} INFO - Started process (PID=16663) to work on /home/airflow/sandbox/lib/python3.8/site-packages/airflow/example_dags/example_latest_only_with_trigger.py
[2022-01-05 20:44:06,724] {processor.py:642} INFO - Processing file /home/airflow/sandbox/lib/python3.8/site-packages/airflow/example_dags/example_latest_only_with_trigger.py for tasks to queue
[2022-01-05 20:44:06,725] {logging_mixin.py:109} INFO - [2022-01-05 20:44:06,724] {dagbag.py:500} INFO - Filling up the DagBag from /home/airflow/sandbox/lib/python3.8/site-packages/airflow/example_dags/example_latest_only_with_trigger.py
[2022-01-05 20:44:06,773] {processor.py:654} INFO - DAG(s) dict_keys(['latest_only_with_trigger']) retrieved from /home/airflow/sandbox/lib/python3.8/site-packages/airflow/example_dags/example_latest_only_with_trigger.py
[2022-01-05 20:44:06,783] {logging_mixin.py:109} INFO - [2022-01-05 20:44:06,783] {dag.py:2396} INFO - Sync 1 DAGs
[2022-01-05 20:44:06,799] {logging_mixin.py:109} INFO - [2022-01-05 20:44:06,798] {dag.py:2935} INFO - Setting next_dagrun for latest_only_with_trigger to 2022-01-05T16:44:06.798659+00:00
[2022-01-05 20:44:06,809] {processor.py:171} INFO - Processing /home/airflow/sandbox/lib/python3.8/site-packages/airflow/example_dags/example_latest_only_with_trigger.py took 0.091 seconds
[2022-01-05 20:44:37,064] {processor.py:163} INFO - Started process (PID=16904) to work on /home/airflow/sandbox/lib/python3.8/site-packages/airflow/example_dags/example_latest_only_with_trigger.py
[2022-01-05 20:44:37,067] {processor.py:642} INFO - Processing file /home/airflow/sandbox/lib/python3.8/site-packages/airflow/example_dags/example_latest_only_with_trigger.py for tasks to queue
[2022-01-05 20:44:37,068] {logging_mixin.py:109} INFO - [2022-01-05 20:44:37,068] {dagbag.py:500} INFO - Filling up the DagBag from /home/airflow/sandbox/lib/python3.8/site-packages/airflow/example_dags/example_latest_only_with_trigger.py
[2022-01-05 20:44:37,124] {processor.py:654} INFO - DAG(s) dict_keys(['latest_only_with_trigger']) retrieved from /home/airflow/sandbox/lib/python3.8/site-packages/airflow/example_dags/example_latest_only_with_trigger.py
[2022-01-05 20:44:37,141] {logging_mixin.py:109} INFO - [2022-01-05 20:44:37,141] {dag.py:2396} INFO - Sync 1 DAGs
[2022-01-05 20:44:37,161] {logging_mixin.py:109} INFO - [2022-01-05 20:44:37,161] {dag.py:2935} INFO - Setting next_dagrun for latest_only_with_trigger to 2022-01-05T16:44:37.160906+00:00
[2022-01-05 20:44:37,175] {processor.py:171} INFO - Processing /home/airflow/sandbox/lib/python3.8/site-packages/airflow/example_dags/example_latest_only_with_trigger.py took 0.114 seconds
[2022-01-05 20:45:07,873] {processor.py:163} INFO - Started process (PID=17154) to work on /home/airflow/sandbox/lib/python3.8/site-packages/airflow/example_dags/example_latest_only_with_trigger.py
[2022-01-05 20:45:07,876] {processor.py:642} INFO - Processing file /home/airflow/sandbox/lib/python3.8/site-packages/airflow/example_dags/example_latest_only_with_trigger.py for tasks to queue
[2022-01-05 20:45:07,877] {logging_mixin.py:109} INFO - [2022-01-05 20:45:07,877] {dagbag.py:500} INFO - Filling up the DagBag from /home/airflow/sandbox/lib/python3.8/site-packages/airflow/example_dags/example_latest_only_with_trigger.py
[2022-01-05 20:45:07,907] {processor.py:654} INFO - DAG(s) dict_keys(['latest_only_with_trigger']) retrieved from /home/airflow/sandbox/lib/python3.8/site-packages/airflow/example_dags/example_latest_only_with_trigger.py
[2022-01-05 20:45:07,917] {logging_mixin.py:109} INFO - [2022-01-05 20:45:07,917] {dag.py:2396} INFO - Sync 1 DAGs
[2022-01-05 20:45:07,939] {logging_mixin.py:109} INFO - [2022-01-05 20:45:07,939] {dag.py:2935} INFO - Setting next_dagrun for latest_only_with_trigger to 2022-01-05T16:45:07.938804+00:00
[2022-01-05 20:45:07,951] {processor.py:171} INFO - Processing /home/airflow/sandbox/lib/python3.8/site-packages/airflow/example_dags/example_latest_only_with_trigger.py took 0.084 seconds
[2022-01-05 20:45:38,193] {processor.py:163} INFO - Started process (PID=17395) to work on /home/airflow/sandbox/lib/python3.8/site-packages/airflow/example_dags/example_latest_only_with_trigger.py
[2022-01-05 20:45:38,194] {processor.py:642} INFO - Processing file /home/airflow/sandbox/lib/python3.8/site-packages/airflow/example_dags/example_latest_only_with_trigger.py for tasks to queue
[2022-01-05 20:45:38,195] {logging_mixin.py:109} INFO - [2022-01-05 20:45:38,195] {dagbag.py:500} INFO - Filling up the DagBag from /home/airflow/sandbox/lib/python3.8/site-packages/airflow/example_dags/example_latest_only_with_trigger.py
[2022-01-05 20:45:38,248] {processor.py:654} INFO - DAG(s) dict_keys(['latest_only_with_trigger']) retrieved from /home/airflow/sandbox/lib/python3.8/site-packages/airflow/example_dags/example_latest_only_with_trigger.py
[2022-01-05 20:45:38,266] {logging_mixin.py:109} INFO - [2022-01-05 20:45:38,265] {dag.py:2396} INFO - Sync 1 DAGs
[2022-01-05 20:45:38,303] {logging_mixin.py:109} INFO - [2022-01-05 20:45:38,302] {dag.py:2935} INFO - Setting next_dagrun for latest_only_with_trigger to 2022-01-05T16:45:38.302660+00:00
[2022-01-05 20:45:38,312] {processor.py:171} INFO - Processing /home/airflow/sandbox/lib/python3.8/site-packages/airflow/example_dags/example_latest_only_with_trigger.py took 0.123 seconds
[2022-01-05 20:46:09,024] {processor.py:163} INFO - Started process (PID=17643) to work on /home/airflow/sandbox/lib/python3.8/site-packages/airflow/example_dags/example_latest_only_with_trigger.py
[2022-01-05 20:46:09,028] {processor.py:642} INFO - Processing file /home/airflow/sandbox/lib/python3.8/site-packages/airflow/example_dags/example_latest_only_with_trigger.py for tasks to queue
[2022-01-05 20:46:09,033] {logging_mixin.py:109} INFO - [2022-01-05 20:46:09,032] {dagbag.py:500} INFO - Filling up the DagBag from /home/airflow/sandbox/lib/python3.8/site-packages/airflow/example_dags/example_latest_only_with_trigger.py
[2022-01-05 20:46:09,094] {processor.py:654} INFO - DAG(s) dict_keys(['latest_only_with_trigger']) retrieved from /home/airflow/sandbox/lib/python3.8/site-packages/airflow/example_dags/example_latest_only_with_trigger.py
[2022-01-05 20:46:09,106] {logging_mixin.py:109} INFO - [2022-01-05 20:46:09,106] {dag.py:2396} INFO - Sync 1 DAGs
[2022-01-05 20:46:09,119] {logging_mixin.py:109} INFO - [2022-01-05 20:46:09,118] {dag.py:2935} INFO - Setting next_dagrun for latest_only_with_trigger to 2022-01-05T16:46:09.118650+00:00
[2022-01-05 20:46:09,135] {processor.py:171} INFO - Processing /home/airflow/sandbox/lib/python3.8/site-packages/airflow/example_dags/example_latest_only_with_trigger.py took 0.119 seconds
[2022-01-05 20:46:39,351] {processor.py:163} INFO - Started process (PID=17887) to work on /home/airflow/sandbox/lib/python3.8/site-packages/airflow/example_dags/example_latest_only_with_trigger.py
[2022-01-05 20:46:39,361] {processor.py:642} INFO - Processing file /home/airflow/sandbox/lib/python3.8/site-packages/airflow/example_dags/example_latest_only_with_trigger.py for tasks to queue
[2022-01-05 20:46:39,361] {logging_mixin.py:109} INFO - [2022-01-05 20:46:39,361] {dagbag.py:500} INFO - Filling up the DagBag from /home/airflow/sandbox/lib/python3.8/site-packages/airflow/example_dags/example_latest_only_with_trigger.py
[2022-01-05 20:46:39,482] {processor.py:654} INFO - DAG(s) dict_keys(['latest_only_with_trigger']) retrieved from /home/airflow/sandbox/lib/python3.8/site-packages/airflow/example_dags/example_latest_only_with_trigger.py
[2022-01-05 20:46:39,523] {logging_mixin.py:109} INFO - [2022-01-05 20:46:39,523] {dag.py:2396} INFO - Sync 1 DAGs
[2022-01-05 20:46:39,571] {logging_mixin.py:109} INFO - [2022-01-05 20:46:39,571] {dag.py:2935} INFO - Setting next_dagrun for latest_only_with_trigger to 2022-01-05T16:46:39.571134+00:00
[2022-01-05 20:46:39,591] {processor.py:171} INFO - Processing /home/airflow/sandbox/lib/python3.8/site-packages/airflow/example_dags/example_latest_only_with_trigger.py took 0.252 seconds
[2022-01-05 20:47:09,794] {processor.py:163} INFO - Started process (PID=18119) to work on /home/airflow/sandbox/lib/python3.8/site-packages/airflow/example_dags/example_latest_only_with_trigger.py
[2022-01-05 20:47:09,795] {processor.py:642} INFO - Processing file /home/airflow/sandbox/lib/python3.8/site-packages/airflow/example_dags/example_latest_only_with_trigger.py for tasks to queue
[2022-01-05 20:47:09,799] {logging_mixin.py:109} INFO - [2022-01-05 20:47:09,798] {dagbag.py:500} INFO - Filling up the DagBag from /home/airflow/sandbox/lib/python3.8/site-packages/airflow/example_dags/example_latest_only_with_trigger.py
[2022-01-05 20:47:09,898] {processor.py:654} INFO - DAG(s) dict_keys(['latest_only_with_trigger']) retrieved from /home/airflow/sandbox/lib/python3.8/site-packages/airflow/example_dags/example_latest_only_with_trigger.py
[2022-01-05 20:47:09,914] {logging_mixin.py:109} INFO - [2022-01-05 20:47:09,913] {dag.py:2396} INFO - Sync 1 DAGs
[2022-01-05 20:47:09,971] {logging_mixin.py:109} INFO - [2022-01-05 20:47:09,971] {dag.py:2935} INFO - Setting next_dagrun for latest_only_with_trigger to 2022-01-05T16:47:09.971021+00:00
[2022-01-05 20:47:10,004] {processor.py:171} INFO - Processing /home/airflow/sandbox/lib/python3.8/site-packages/airflow/example_dags/example_latest_only_with_trigger.py took 0.214 seconds
[2022-01-05 20:47:40,235] {processor.py:163} INFO - Started process (PID=18366) to work on /home/airflow/sandbox/lib/python3.8/site-packages/airflow/example_dags/example_latest_only_with_trigger.py
[2022-01-05 20:47:40,236] {processor.py:642} INFO - Processing file /home/airflow/sandbox/lib/python3.8/site-packages/airflow/example_dags/example_latest_only_with_trigger.py for tasks to queue
[2022-01-05 20:47:40,236] {logging_mixin.py:109} INFO - [2022-01-05 20:47:40,236] {dagbag.py:500} INFO - Filling up the DagBag from /home/airflow/sandbox/lib/python3.8/site-packages/airflow/example_dags/example_latest_only_with_trigger.py
[2022-01-05 20:47:40,454] {processor.py:654} INFO - DAG(s) dict_keys(['latest_only_with_trigger']) retrieved from /home/airflow/sandbox/lib/python3.8/site-packages/airflow/example_dags/example_latest_only_with_trigger.py
[2022-01-05 20:47:40,488] {logging_mixin.py:109} INFO - [2022-01-05 20:47:40,488] {dag.py:2396} INFO - Sync 1 DAGs
[2022-01-05 20:47:40,508] {logging_mixin.py:109} INFO - [2022-01-05 20:47:40,508] {dag.py:2935} INFO - Setting next_dagrun for latest_only_with_trigger to 2022-01-05T16:47:40.508333+00:00
[2022-01-05 20:47:40,540] {processor.py:171} INFO - Processing /home/airflow/sandbox/lib/python3.8/site-packages/airflow/example_dags/example_latest_only_with_trigger.py took 0.329 seconds
[2022-01-05 20:48:10,806] {processor.py:163} INFO - Started process (PID=18613) to work on /home/airflow/sandbox/lib/python3.8/site-packages/airflow/example_dags/example_latest_only_with_trigger.py
[2022-01-05 20:48:10,808] {processor.py:642} INFO - Processing file /home/airflow/sandbox/lib/python3.8/site-packages/airflow/example_dags/example_latest_only_with_trigger.py for tasks to queue
[2022-01-05 20:48:10,808] {logging_mixin.py:109} INFO - [2022-01-05 20:48:10,808] {dagbag.py:500} INFO - Filling up the DagBag from /home/airflow/sandbox/lib/python3.8/site-packages/airflow/example_dags/example_latest_only_with_trigger.py
[2022-01-05 20:48:10,846] {processor.py:654} INFO - DAG(s) dict_keys(['latest_only_with_trigger']) retrieved from /home/airflow/sandbox/lib/python3.8/site-packages/airflow/example_dags/example_latest_only_with_trigger.py
[2022-01-05 20:48:10,857] {logging_mixin.py:109} INFO - [2022-01-05 20:48:10,857] {dag.py:2396} INFO - Sync 1 DAGs
[2022-01-05 20:48:10,875] {logging_mixin.py:109} INFO - [2022-01-05 20:48:10,875] {dag.py:2935} INFO - Setting next_dagrun for latest_only_with_trigger to 2022-01-05T16:48:10.874812+00:00
[2022-01-05 20:48:10,885] {processor.py:171} INFO - Processing /home/airflow/sandbox/lib/python3.8/site-packages/airflow/example_dags/example_latest_only_with_trigger.py took 0.083 seconds
[2022-01-05 20:48:41,257] {processor.py:163} INFO - Started process (PID=18920) to work on /home/airflow/sandbox/lib/python3.8/site-packages/airflow/example_dags/example_latest_only_with_trigger.py
[2022-01-05 20:48:41,258] {processor.py:642} INFO - Processing file /home/airflow/sandbox/lib/python3.8/site-packages/airflow/example_dags/example_latest_only_with_trigger.py for tasks to queue
[2022-01-05 20:48:41,259] {logging_mixin.py:109} INFO - [2022-01-05 20:48:41,259] {dagbag.py:500} INFO - Filling up the DagBag from /home/airflow/sandbox/lib/python3.8/site-packages/airflow/example_dags/example_latest_only_with_trigger.py
[2022-01-05 20:48:41,375] {processor.py:654} INFO - DAG(s) dict_keys(['latest_only_with_trigger']) retrieved from /home/airflow/sandbox/lib/python3.8/site-packages/airflow/example_dags/example_latest_only_with_trigger.py
[2022-01-05 20:48:41,467] {logging_mixin.py:109} INFO - [2022-01-05 20:48:41,467] {dag.py:2396} INFO - Sync 1 DAGs
[2022-01-05 20:48:41,513] {logging_mixin.py:109} INFO - [2022-01-05 20:48:41,513] {dag.py:2935} INFO - Setting next_dagrun for latest_only_with_trigger to 2022-01-05T16:48:41.513355+00:00
[2022-01-05 20:48:41,523] {processor.py:171} INFO - Processing /home/airflow/sandbox/lib/python3.8/site-packages/airflow/example_dags/example_latest_only_with_trigger.py took 0.295 seconds
[2022-01-05 20:49:12,012] {processor.py:163} INFO - Started process (PID=19169) to work on /home/airflow/sandbox/lib/python3.8/site-packages/airflow/example_dags/example_latest_only_with_trigger.py
[2022-01-05 20:49:12,013] {processor.py:642} INFO - Processing file /home/airflow/sandbox/lib/python3.8/site-packages/airflow/example_dags/example_latest_only_with_trigger.py for tasks to queue
[2022-01-05 20:49:12,013] {logging_mixin.py:109} INFO - [2022-01-05 20:49:12,013] {dagbag.py:500} INFO - Filling up the DagBag from /home/airflow/sandbox/lib/python3.8/site-packages/airflow/example_dags/example_latest_only_with_trigger.py
[2022-01-05 20:49:12,093] {processor.py:654} INFO - DAG(s) dict_keys(['latest_only_with_trigger']) retrieved from /home/airflow/sandbox/lib/python3.8/site-packages/airflow/example_dags/example_latest_only_with_trigger.py
[2022-01-05 20:49:12,112] {logging_mixin.py:109} INFO - [2022-01-05 20:49:12,112] {dag.py:2396} INFO - Sync 1 DAGs
[2022-01-05 20:49:12,148] {logging_mixin.py:109} INFO - [2022-01-05 20:49:12,148] {dag.py:2935} INFO - Setting next_dagrun for latest_only_with_trigger to 2022-01-05T16:49:12.147628+00:00
[2022-01-05 20:49:12,166] {processor.py:171} INFO - Processing /home/airflow/sandbox/lib/python3.8/site-packages/airflow/example_dags/example_latest_only_with_trigger.py took 0.159 seconds
[2022-01-05 20:49:42,392] {processor.py:163} INFO - Started process (PID=19408) to work on /home/airflow/sandbox/lib/python3.8/site-packages/airflow/example_dags/example_latest_only_with_trigger.py
[2022-01-05 20:49:42,394] {processor.py:642} INFO - Processing file /home/airflow/sandbox/lib/python3.8/site-packages/airflow/example_dags/example_latest_only_with_trigger.py for tasks to queue
[2022-01-05 20:49:42,396] {logging_mixin.py:109} INFO - [2022-01-05 20:49:42,396] {dagbag.py:500} INFO - Filling up the DagBag from /home/airflow/sandbox/lib/python3.8/site-packages/airflow/example_dags/example_latest_only_with_trigger.py
[2022-01-05 20:49:42,555] {processor.py:654} INFO - DAG(s) dict_keys(['latest_only_with_trigger']) retrieved from /home/airflow/sandbox/lib/python3.8/site-packages/airflow/example_dags/example_latest_only_with_trigger.py
[2022-01-05 20:49:42,599] {logging_mixin.py:109} INFO - [2022-01-05 20:49:42,599] {dag.py:2396} INFO - Sync 1 DAGs
[2022-01-05 20:49:42,631] {logging_mixin.py:109} INFO - [2022-01-05 20:49:42,631] {dag.py:2935} INFO - Setting next_dagrun for latest_only_with_trigger to 2022-01-05T16:49:42.631638+00:00
[2022-01-05 20:49:42,653] {processor.py:171} INFO - Processing /home/airflow/sandbox/lib/python3.8/site-packages/airflow/example_dags/example_latest_only_with_trigger.py took 0.349 seconds
[2022-01-05 20:50:13,118] {processor.py:163} INFO - Started process (PID=19653) to work on /home/airflow/sandbox/lib/python3.8/site-packages/airflow/example_dags/example_latest_only_with_trigger.py
[2022-01-05 20:50:13,133] {processor.py:642} INFO - Processing file /home/airflow/sandbox/lib/python3.8/site-packages/airflow/example_dags/example_latest_only_with_trigger.py for tasks to queue
[2022-01-05 20:50:13,137] {logging_mixin.py:109} INFO - [2022-01-05 20:50:13,137] {dagbag.py:500} INFO - Filling up the DagBag from /home/airflow/sandbox/lib/python3.8/site-packages/airflow/example_dags/example_latest_only_with_trigger.py
[2022-01-05 20:50:13,391] {processor.py:654} INFO - DAG(s) dict_keys(['latest_only_with_trigger']) retrieved from /home/airflow/sandbox/lib/python3.8/site-packages/airflow/example_dags/example_latest_only_with_trigger.py
[2022-01-05 20:50:13,435] {logging_mixin.py:109} INFO - [2022-01-05 20:50:13,435] {dag.py:2396} INFO - Sync 1 DAGs
[2022-01-05 20:50:13,520] {logging_mixin.py:109} INFO - [2022-01-05 20:50:13,519] {dag.py:2935} INFO - Setting next_dagrun for latest_only_with_trigger to 2022-01-05T16:50:13.518706+00:00
[2022-01-05 20:50:13,541] {processor.py:171} INFO - Processing /home/airflow/sandbox/lib/python3.8/site-packages/airflow/example_dags/example_latest_only_with_trigger.py took 0.454 seconds
[2022-01-05 20:50:43,620] {processor.py:163} INFO - Started process (PID=19893) to work on /home/airflow/sandbox/lib/python3.8/site-packages/airflow/example_dags/example_latest_only_with_trigger.py
[2022-01-05 20:50:43,621] {processor.py:642} INFO - Processing file /home/airflow/sandbox/lib/python3.8/site-packages/airflow/example_dags/example_latest_only_with_trigger.py for tasks to queue
[2022-01-05 20:50:43,621] {logging_mixin.py:109} INFO - [2022-01-05 20:50:43,621] {dagbag.py:500} INFO - Filling up the DagBag from /home/airflow/sandbox/lib/python3.8/site-packages/airflow/example_dags/example_latest_only_with_trigger.py
[2022-01-05 20:50:43,658] {processor.py:654} INFO - DAG(s) dict_keys(['latest_only_with_trigger']) retrieved from /home/airflow/sandbox/lib/python3.8/site-packages/airflow/example_dags/example_latest_only_with_trigger.py
[2022-01-05 20:50:43,669] {logging_mixin.py:109} INFO - [2022-01-05 20:50:43,669] {dag.py:2396} INFO - Sync 1 DAGs
[2022-01-05 20:50:43,716] {logging_mixin.py:109} INFO - [2022-01-05 20:50:43,716] {dag.py:2935} INFO - Setting next_dagrun for latest_only_with_trigger to 2022-01-05T16:50:43.715530+00:00
[2022-01-05 20:50:43,732] {processor.py:171} INFO - Processing /home/airflow/sandbox/lib/python3.8/site-packages/airflow/example_dags/example_latest_only_with_trigger.py took 0.115 seconds
[2022-01-05 20:51:13,820] {processor.py:163} INFO - Started process (PID=20140) to work on /home/airflow/sandbox/lib/python3.8/site-packages/airflow/example_dags/example_latest_only_with_trigger.py
[2022-01-05 20:51:13,822] {processor.py:642} INFO - Processing file /home/airflow/sandbox/lib/python3.8/site-packages/airflow/example_dags/example_latest_only_with_trigger.py for tasks to queue
[2022-01-05 20:51:13,822] {logging_mixin.py:109} INFO - [2022-01-05 20:51:13,822] {dagbag.py:500} INFO - Filling up the DagBag from /home/airflow/sandbox/lib/python3.8/site-packages/airflow/example_dags/example_latest_only_with_trigger.py
[2022-01-05 20:51:13,902] {processor.py:654} INFO - DAG(s) dict_keys(['latest_only_with_trigger']) retrieved from /home/airflow/sandbox/lib/python3.8/site-packages/airflow/example_dags/example_latest_only_with_trigger.py
[2022-01-05 20:51:13,916] {logging_mixin.py:109} INFO - [2022-01-05 20:51:13,916] {dag.py:2396} INFO - Sync 1 DAGs
[2022-01-05 20:51:13,947] {logging_mixin.py:109} INFO - [2022-01-05 20:51:13,947] {dag.py:2935} INFO - Setting next_dagrun for latest_only_with_trigger to 2022-01-05T16:51:13.946426+00:00
[2022-01-05 20:51:13,959] {processor.py:171} INFO - Processing /home/airflow/sandbox/lib/python3.8/site-packages/airflow/example_dags/example_latest_only_with_trigger.py took 0.143 seconds
[2022-01-05 20:51:44,719] {processor.py:163} INFO - Started process (PID=20381) to work on /home/airflow/sandbox/lib/python3.8/site-packages/airflow/example_dags/example_latest_only_with_trigger.py
[2022-01-05 20:51:44,720] {processor.py:642} INFO - Processing file /home/airflow/sandbox/lib/python3.8/site-packages/airflow/example_dags/example_latest_only_with_trigger.py for tasks to queue
[2022-01-05 20:51:44,720] {logging_mixin.py:109} INFO - [2022-01-05 20:51:44,720] {dagbag.py:500} INFO - Filling up the DagBag from /home/airflow/sandbox/lib/python3.8/site-packages/airflow/example_dags/example_latest_only_with_trigger.py
[2022-01-05 20:51:44,767] {processor.py:654} INFO - DAG(s) dict_keys(['latest_only_with_trigger']) retrieved from /home/airflow/sandbox/lib/python3.8/site-packages/airflow/example_dags/example_latest_only_with_trigger.py
[2022-01-05 20:51:44,794] {logging_mixin.py:109} INFO - [2022-01-05 20:51:44,794] {dag.py:2396} INFO - Sync 1 DAGs
[2022-01-05 20:51:44,816] {logging_mixin.py:109} INFO - [2022-01-05 20:51:44,816] {dag.py:2935} INFO - Setting next_dagrun for latest_only_with_trigger to 2022-01-05T16:51:44.815844+00:00
[2022-01-05 20:51:44,840] {processor.py:171} INFO - Processing /home/airflow/sandbox/lib/python3.8/site-packages/airflow/example_dags/example_latest_only_with_trigger.py took 0.124 seconds
[2022-01-05 20:52:15,122] {processor.py:163} INFO - Started process (PID=20629) to work on /home/airflow/sandbox/lib/python3.8/site-packages/airflow/example_dags/example_latest_only_with_trigger.py
[2022-01-05 20:52:15,123] {processor.py:642} INFO - Processing file /home/airflow/sandbox/lib/python3.8/site-packages/airflow/example_dags/example_latest_only_with_trigger.py for tasks to queue
[2022-01-05 20:52:15,124] {logging_mixin.py:109} INFO - [2022-01-05 20:52:15,123] {dagbag.py:500} INFO - Filling up the DagBag from /home/airflow/sandbox/lib/python3.8/site-packages/airflow/example_dags/example_latest_only_with_trigger.py
[2022-01-05 20:52:15,172] {processor.py:654} INFO - DAG(s) dict_keys(['latest_only_with_trigger']) retrieved from /home/airflow/sandbox/lib/python3.8/site-packages/airflow/example_dags/example_latest_only_with_trigger.py
[2022-01-05 20:52:15,203] {logging_mixin.py:109} INFO - [2022-01-05 20:52:15,203] {dag.py:2396} INFO - Sync 1 DAGs
[2022-01-05 20:52:15,221] {logging_mixin.py:109} INFO - [2022-01-05 20:52:15,221] {dag.py:2935} INFO - Setting next_dagrun for latest_only_with_trigger to 2022-01-05T16:52:15.220964+00:00
[2022-01-05 20:52:15,250] {processor.py:171} INFO - Processing /home/airflow/sandbox/lib/python3.8/site-packages/airflow/example_dags/example_latest_only_with_trigger.py took 0.130 seconds
[2022-01-05 20:52:45,899] {processor.py:163} INFO - Started process (PID=20876) to work on /home/airflow/sandbox/lib/python3.8/site-packages/airflow/example_dags/example_latest_only_with_trigger.py
[2022-01-05 20:52:45,900] {processor.py:642} INFO - Processing file /home/airflow/sandbox/lib/python3.8/site-packages/airflow/example_dags/example_latest_only_with_trigger.py for tasks to queue
[2022-01-05 20:52:45,901] {logging_mixin.py:109} INFO - [2022-01-05 20:52:45,901] {dagbag.py:500} INFO - Filling up the DagBag from /home/airflow/sandbox/lib/python3.8/site-packages/airflow/example_dags/example_latest_only_with_trigger.py
[2022-01-05 20:52:45,964] {processor.py:654} INFO - DAG(s) dict_keys(['latest_only_with_trigger']) retrieved from /home/airflow/sandbox/lib/python3.8/site-packages/airflow/example_dags/example_latest_only_with_trigger.py
[2022-01-05 20:52:45,988] {logging_mixin.py:109} INFO - [2022-01-05 20:52:45,988] {dag.py:2396} INFO - Sync 1 DAGs
[2022-01-05 20:52:46,015] {logging_mixin.py:109} INFO - [2022-01-05 20:52:46,014] {dag.py:2935} INFO - Setting next_dagrun for latest_only_with_trigger to 2022-01-05T16:52:46.013368+00:00
[2022-01-05 20:52:46,041] {processor.py:171} INFO - Processing /home/airflow/sandbox/lib/python3.8/site-packages/airflow/example_dags/example_latest_only_with_trigger.py took 0.147 seconds
[2022-01-05 20:53:16,186] {processor.py:163} INFO - Started process (PID=21154) to work on /home/airflow/sandbox/lib/python3.8/site-packages/airflow/example_dags/example_latest_only_with_trigger.py
[2022-01-05 20:53:16,188] {processor.py:642} INFO - Processing file /home/airflow/sandbox/lib/python3.8/site-packages/airflow/example_dags/example_latest_only_with_trigger.py for tasks to queue
[2022-01-05 20:53:16,188] {logging_mixin.py:109} INFO - [2022-01-05 20:53:16,188] {dagbag.py:500} INFO - Filling up the DagBag from /home/airflow/sandbox/lib/python3.8/site-packages/airflow/example_dags/example_latest_only_with_trigger.py
[2022-01-05 20:53:16,335] {processor.py:654} INFO - DAG(s) dict_keys(['latest_only_with_trigger']) retrieved from /home/airflow/sandbox/lib/python3.8/site-packages/airflow/example_dags/example_latest_only_with_trigger.py
[2022-01-05 20:53:16,489] {logging_mixin.py:109} INFO - [2022-01-05 20:53:16,489] {dag.py:2396} INFO - Sync 1 DAGs
[2022-01-05 20:53:16,555] {logging_mixin.py:109} INFO - [2022-01-05 20:53:16,554] {dag.py:2935} INFO - Setting next_dagrun for latest_only_with_trigger to 2022-01-05T16:53:16.554096+00:00
[2022-01-05 20:53:16,589] {processor.py:171} INFO - Processing /home/airflow/sandbox/lib/python3.8/site-packages/airflow/example_dags/example_latest_only_with_trigger.py took 0.426 seconds
[2022-01-05 20:53:47,344] {processor.py:163} INFO - Started process (PID=21434) to work on /home/airflow/sandbox/lib/python3.8/site-packages/airflow/example_dags/example_latest_only_with_trigger.py
[2022-01-05 20:53:47,348] {processor.py:642} INFO - Processing file /home/airflow/sandbox/lib/python3.8/site-packages/airflow/example_dags/example_latest_only_with_trigger.py for tasks to queue
[2022-01-05 20:53:47,351] {logging_mixin.py:109} INFO - [2022-01-05 20:53:47,350] {dagbag.py:500} INFO - Filling up the DagBag from /home/airflow/sandbox/lib/python3.8/site-packages/airflow/example_dags/example_latest_only_with_trigger.py
[2022-01-05 20:53:47,436] {processor.py:654} INFO - DAG(s) dict_keys(['latest_only_with_trigger']) retrieved from /home/airflow/sandbox/lib/python3.8/site-packages/airflow/example_dags/example_latest_only_with_trigger.py
[2022-01-05 20:53:47,455] {logging_mixin.py:109} INFO - [2022-01-05 20:53:47,455] {dag.py:2396} INFO - Sync 1 DAGs
[2022-01-05 20:53:47,495] {logging_mixin.py:109} INFO - [2022-01-05 20:53:47,494] {dag.py:2935} INFO - Setting next_dagrun for latest_only_with_trigger to 2022-01-05T16:53:47.493894+00:00
[2022-01-05 20:53:47,541] {processor.py:171} INFO - Processing /home/airflow/sandbox/lib/python3.8/site-packages/airflow/example_dags/example_latest_only_with_trigger.py took 0.230 seconds
[2022-01-05 20:54:18,295] {processor.py:163} INFO - Started process (PID=21678) to work on /home/airflow/sandbox/lib/python3.8/site-packages/airflow/example_dags/example_latest_only_with_trigger.py
[2022-01-05 20:54:18,297] {processor.py:642} INFO - Processing file /home/airflow/sandbox/lib/python3.8/site-packages/airflow/example_dags/example_latest_only_with_trigger.py for tasks to queue
[2022-01-05 20:54:18,304] {logging_mixin.py:109} INFO - [2022-01-05 20:54:18,304] {dagbag.py:500} INFO - Filling up the DagBag from /home/airflow/sandbox/lib/python3.8/site-packages/airflow/example_dags/example_latest_only_with_trigger.py
[2022-01-05 20:54:18,577] {processor.py:654} INFO - DAG(s) dict_keys(['latest_only_with_trigger']) retrieved from /home/airflow/sandbox/lib/python3.8/site-packages/airflow/example_dags/example_latest_only_with_trigger.py
[2022-01-05 20:54:18,640] {logging_mixin.py:109} INFO - [2022-01-05 20:54:18,639] {dag.py:2396} INFO - Sync 1 DAGs
[2022-01-05 20:54:18,726] {logging_mixin.py:109} INFO - [2022-01-05 20:54:18,726] {dag.py:2935} INFO - Setting next_dagrun for latest_only_with_trigger to 2022-01-05T16:54:18.725830+00:00
[2022-01-05 20:54:18,751] {processor.py:171} INFO - Processing /home/airflow/sandbox/lib/python3.8/site-packages/airflow/example_dags/example_latest_only_with_trigger.py took 0.467 seconds
[2022-01-05 20:54:48,901] {processor.py:163} INFO - Started process (PID=21922) to work on /home/airflow/sandbox/lib/python3.8/site-packages/airflow/example_dags/example_latest_only_with_trigger.py
[2022-01-05 20:54:48,902] {processor.py:642} INFO - Processing file /home/airflow/sandbox/lib/python3.8/site-packages/airflow/example_dags/example_latest_only_with_trigger.py for tasks to queue
[2022-01-05 20:54:48,903] {logging_mixin.py:109} INFO - [2022-01-05 20:54:48,903] {dagbag.py:500} INFO - Filling up the DagBag from /home/airflow/sandbox/lib/python3.8/site-packages/airflow/example_dags/example_latest_only_with_trigger.py
[2022-01-05 20:54:49,002] {processor.py:654} INFO - DAG(s) dict_keys(['latest_only_with_trigger']) retrieved from /home/airflow/sandbox/lib/python3.8/site-packages/airflow/example_dags/example_latest_only_with_trigger.py
[2022-01-05 20:54:49,032] {logging_mixin.py:109} INFO - [2022-01-05 20:54:49,031] {dag.py:2396} INFO - Sync 1 DAGs
[2022-01-05 20:54:49,075] {logging_mixin.py:109} INFO - [2022-01-05 20:54:49,075] {dag.py:2935} INFO - Setting next_dagrun for latest_only_with_trigger to 2022-01-05T16:54:49.074888+00:00
[2022-01-05 20:54:49,097] {processor.py:171} INFO - Processing /home/airflow/sandbox/lib/python3.8/site-packages/airflow/example_dags/example_latest_only_with_trigger.py took 0.198 seconds
[2022-01-05 20:55:19,593] {processor.py:163} INFO - Started process (PID=22172) to work on /home/airflow/sandbox/lib/python3.8/site-packages/airflow/example_dags/example_latest_only_with_trigger.py
[2022-01-05 20:55:19,594] {processor.py:642} INFO - Processing file /home/airflow/sandbox/lib/python3.8/site-packages/airflow/example_dags/example_latest_only_with_trigger.py for tasks to queue
[2022-01-05 20:55:19,595] {logging_mixin.py:109} INFO - [2022-01-05 20:55:19,595] {dagbag.py:500} INFO - Filling up the DagBag from /home/airflow/sandbox/lib/python3.8/site-packages/airflow/example_dags/example_latest_only_with_trigger.py
[2022-01-05 20:55:19,692] {processor.py:654} INFO - DAG(s) dict_keys(['latest_only_with_trigger']) retrieved from /home/airflow/sandbox/lib/python3.8/site-packages/airflow/example_dags/example_latest_only_with_trigger.py
[2022-01-05 20:55:19,705] {logging_mixin.py:109} INFO - [2022-01-05 20:55:19,705] {dag.py:2396} INFO - Sync 1 DAGs
[2022-01-05 20:55:19,753] {logging_mixin.py:109} INFO - [2022-01-05 20:55:19,753] {dag.py:2935} INFO - Setting next_dagrun for latest_only_with_trigger to 2022-01-05T16:55:19.752722+00:00
[2022-01-05 20:55:19,793] {processor.py:171} INFO - Processing /home/airflow/sandbox/lib/python3.8/site-packages/airflow/example_dags/example_latest_only_with_trigger.py took 0.208 seconds
[2022-01-05 20:55:50,199] {processor.py:163} INFO - Started process (PID=22414) to work on /home/airflow/sandbox/lib/python3.8/site-packages/airflow/example_dags/example_latest_only_with_trigger.py
[2022-01-05 20:55:50,237] {processor.py:642} INFO - Processing file /home/airflow/sandbox/lib/python3.8/site-packages/airflow/example_dags/example_latest_only_with_trigger.py for tasks to queue
[2022-01-05 20:55:50,240] {logging_mixin.py:109} INFO - [2022-01-05 20:55:50,240] {dagbag.py:500} INFO - Filling up the DagBag from /home/airflow/sandbox/lib/python3.8/site-packages/airflow/example_dags/example_latest_only_with_trigger.py
[2022-01-05 20:55:50,341] {processor.py:654} INFO - DAG(s) dict_keys(['latest_only_with_trigger']) retrieved from /home/airflow/sandbox/lib/python3.8/site-packages/airflow/example_dags/example_latest_only_with_trigger.py
[2022-01-05 20:55:50,385] {logging_mixin.py:109} INFO - [2022-01-05 20:55:50,385] {dag.py:2396} INFO - Sync 1 DAGs
[2022-01-05 20:55:50,433] {logging_mixin.py:109} INFO - [2022-01-05 20:55:50,433] {dag.py:2935} INFO - Setting next_dagrun for latest_only_with_trigger to 2022-01-05T16:55:50.432827+00:00
[2022-01-05 20:55:50,450] {processor.py:171} INFO - Processing /home/airflow/sandbox/lib/python3.8/site-packages/airflow/example_dags/example_latest_only_with_trigger.py took 0.259 seconds
[2022-01-05 20:56:20,792] {processor.py:163} INFO - Started process (PID=22658) to work on /home/airflow/sandbox/lib/python3.8/site-packages/airflow/example_dags/example_latest_only_with_trigger.py
[2022-01-05 20:56:20,796] {processor.py:642} INFO - Processing file /home/airflow/sandbox/lib/python3.8/site-packages/airflow/example_dags/example_latest_only_with_trigger.py for tasks to queue
[2022-01-05 20:56:20,798] {logging_mixin.py:109} INFO - [2022-01-05 20:56:20,797] {dagbag.py:500} INFO - Filling up the DagBag from /home/airflow/sandbox/lib/python3.8/site-packages/airflow/example_dags/example_latest_only_with_trigger.py
[2022-01-05 20:56:20,895] {processor.py:654} INFO - DAG(s) dict_keys(['latest_only_with_trigger']) retrieved from /home/airflow/sandbox/lib/python3.8/site-packages/airflow/example_dags/example_latest_only_with_trigger.py
[2022-01-05 20:56:20,933] {logging_mixin.py:109} INFO - [2022-01-05 20:56:20,933] {dag.py:2396} INFO - Sync 1 DAGs
[2022-01-05 20:56:20,983] {logging_mixin.py:109} INFO - [2022-01-05 20:56:20,982] {dag.py:2935} INFO - Setting next_dagrun for latest_only_with_trigger to 2022-01-05T16:56:20.982062+00:00
[2022-01-05 20:56:21,032] {processor.py:171} INFO - Processing /home/airflow/sandbox/lib/python3.8/site-packages/airflow/example_dags/example_latest_only_with_trigger.py took 0.246 seconds
[2022-01-05 20:56:51,890] {processor.py:163} INFO - Started process (PID=22900) to work on /home/airflow/sandbox/lib/python3.8/site-packages/airflow/example_dags/example_latest_only_with_trigger.py
[2022-01-05 20:56:51,891] {processor.py:642} INFO - Processing file /home/airflow/sandbox/lib/python3.8/site-packages/airflow/example_dags/example_latest_only_with_trigger.py for tasks to queue
[2022-01-05 20:56:51,892] {logging_mixin.py:109} INFO - [2022-01-05 20:56:51,892] {dagbag.py:500} INFO - Filling up the DagBag from /home/airflow/sandbox/lib/python3.8/site-packages/airflow/example_dags/example_latest_only_with_trigger.py
[2022-01-05 20:56:52,382] {processor.py:654} INFO - DAG(s) dict_keys(['latest_only_with_trigger']) retrieved from /home/airflow/sandbox/lib/python3.8/site-packages/airflow/example_dags/example_latest_only_with_trigger.py
[2022-01-05 20:56:52,432] {logging_mixin.py:109} INFO - [2022-01-05 20:56:52,432] {dag.py:2396} INFO - Sync 1 DAGs
[2022-01-05 20:56:52,582] {logging_mixin.py:109} INFO - [2022-01-05 20:56:52,582] {dag.py:2935} INFO - Setting next_dagrun for latest_only_with_trigger to 2022-01-05T16:56:52.581662+00:00
[2022-01-05 20:56:52,682] {processor.py:171} INFO - Processing /home/airflow/sandbox/lib/python3.8/site-packages/airflow/example_dags/example_latest_only_with_trigger.py took 0.797 seconds
[2022-01-05 20:57:22,945] {processor.py:163} INFO - Started process (PID=23135) to work on /home/airflow/sandbox/lib/python3.8/site-packages/airflow/example_dags/example_latest_only_with_trigger.py
[2022-01-05 20:57:22,948] {processor.py:642} INFO - Processing file /home/airflow/sandbox/lib/python3.8/site-packages/airflow/example_dags/example_latest_only_with_trigger.py for tasks to queue
[2022-01-05 20:57:22,950] {logging_mixin.py:109} INFO - [2022-01-05 20:57:22,950] {dagbag.py:500} INFO - Filling up the DagBag from /home/airflow/sandbox/lib/python3.8/site-packages/airflow/example_dags/example_latest_only_with_trigger.py
[2022-01-05 20:57:23,050] {processor.py:654} INFO - DAG(s) dict_keys(['latest_only_with_trigger']) retrieved from /home/airflow/sandbox/lib/python3.8/site-packages/airflow/example_dags/example_latest_only_with_trigger.py
[2022-01-05 20:57:23,094] {logging_mixin.py:109} INFO - [2022-01-05 20:57:23,094] {dag.py:2396} INFO - Sync 1 DAGs
[2022-01-05 20:57:23,141] {logging_mixin.py:109} INFO - [2022-01-05 20:57:23,141] {dag.py:2935} INFO - Setting next_dagrun for latest_only_with_trigger to 2022-01-05T16:57:23.141028+00:00
[2022-01-05 20:57:23,181] {processor.py:171} INFO - Processing /home/airflow/sandbox/lib/python3.8/site-packages/airflow/example_dags/example_latest_only_with_trigger.py took 0.240 seconds
[2022-01-05 20:57:55,136] {processor.py:163} INFO - Started process (PID=23382) to work on /home/airflow/sandbox/lib/python3.8/site-packages/airflow/example_dags/example_latest_only_with_trigger.py
[2022-01-05 20:57:55,139] {processor.py:642} INFO - Processing file /home/airflow/sandbox/lib/python3.8/site-packages/airflow/example_dags/example_latest_only_with_trigger.py for tasks to queue
[2022-01-05 20:57:55,140] {logging_mixin.py:109} INFO - [2022-01-05 20:57:55,139] {dagbag.py:500} INFO - Filling up the DagBag from /home/airflow/sandbox/lib/python3.8/site-packages/airflow/example_dags/example_latest_only_with_trigger.py
[2022-01-05 20:57:55,503] {processor.py:654} INFO - DAG(s) dict_keys(['latest_only_with_trigger']) retrieved from /home/airflow/sandbox/lib/python3.8/site-packages/airflow/example_dags/example_latest_only_with_trigger.py
[2022-01-05 20:57:55,686] {logging_mixin.py:109} INFO - [2022-01-05 20:57:55,685] {dag.py:2396} INFO - Sync 1 DAGs
[2022-01-05 20:57:55,850] {logging_mixin.py:109} INFO - [2022-01-05 20:57:55,850] {dag.py:2935} INFO - Setting next_dagrun for latest_only_with_trigger to 2022-01-05T16:57:55.849476+00:00
[2022-01-05 20:57:55,988] {processor.py:171} INFO - Processing /home/airflow/sandbox/lib/python3.8/site-packages/airflow/example_dags/example_latest_only_with_trigger.py took 0.887 seconds
[2022-01-05 20:58:26,141] {processor.py:163} INFO - Started process (PID=23689) to work on /home/airflow/sandbox/lib/python3.8/site-packages/airflow/example_dags/example_latest_only_with_trigger.py
[2022-01-05 20:58:26,145] {processor.py:642} INFO - Processing file /home/airflow/sandbox/lib/python3.8/site-packages/airflow/example_dags/example_latest_only_with_trigger.py for tasks to queue
[2022-01-05 20:58:26,147] {logging_mixin.py:109} INFO - [2022-01-05 20:58:26,147] {dagbag.py:500} INFO - Filling up the DagBag from /home/airflow/sandbox/lib/python3.8/site-packages/airflow/example_dags/example_latest_only_with_trigger.py
[2022-01-05 20:58:26,449] {processor.py:654} INFO - DAG(s) dict_keys(['latest_only_with_trigger']) retrieved from /home/airflow/sandbox/lib/python3.8/site-packages/airflow/example_dags/example_latest_only_with_trigger.py
[2022-01-05 20:58:26,541] {logging_mixin.py:109} INFO - [2022-01-05 20:58:26,541] {dag.py:2396} INFO - Sync 1 DAGs
[2022-01-05 20:58:26,730] {logging_mixin.py:109} INFO - [2022-01-05 20:58:26,730] {dag.py:2935} INFO - Setting next_dagrun for latest_only_with_trigger to 2022-01-05T16:58:26.729871+00:00
[2022-01-05 20:58:26,780] {processor.py:171} INFO - Processing /home/airflow/sandbox/lib/python3.8/site-packages/airflow/example_dags/example_latest_only_with_trigger.py took 0.644 seconds
[2022-01-05 20:58:57,128] {processor.py:163} INFO - Started process (PID=23930) to work on /home/airflow/sandbox/lib/python3.8/site-packages/airflow/example_dags/example_latest_only_with_trigger.py
[2022-01-05 20:58:57,131] {processor.py:642} INFO - Processing file /home/airflow/sandbox/lib/python3.8/site-packages/airflow/example_dags/example_latest_only_with_trigger.py for tasks to queue
[2022-01-05 20:58:57,133] {logging_mixin.py:109} INFO - [2022-01-05 20:58:57,133] {dagbag.py:500} INFO - Filling up the DagBag from /home/airflow/sandbox/lib/python3.8/site-packages/airflow/example_dags/example_latest_only_with_trigger.py
[2022-01-05 20:58:57,238] {processor.py:654} INFO - DAG(s) dict_keys(['latest_only_with_trigger']) retrieved from /home/airflow/sandbox/lib/python3.8/site-packages/airflow/example_dags/example_latest_only_with_trigger.py
[2022-01-05 20:58:57,277] {logging_mixin.py:109} INFO - [2022-01-05 20:58:57,254] {dag.py:2396} INFO - Sync 1 DAGs
[2022-01-05 20:58:57,300] {logging_mixin.py:109} INFO - [2022-01-05 20:58:57,300] {dag.py:2935} INFO - Setting next_dagrun for latest_only_with_trigger to 2022-01-05T16:58:57.299240+00:00
[2022-01-05 20:58:57,339] {processor.py:171} INFO - Processing /home/airflow/sandbox/lib/python3.8/site-packages/airflow/example_dags/example_latest_only_with_trigger.py took 0.240 seconds
[2022-01-05 20:59:27,828] {processor.py:163} INFO - Started process (PID=24168) to work on /home/airflow/sandbox/lib/python3.8/site-packages/airflow/example_dags/example_latest_only_with_trigger.py
[2022-01-05 20:59:27,830] {processor.py:642} INFO - Processing file /home/airflow/sandbox/lib/python3.8/site-packages/airflow/example_dags/example_latest_only_with_trigger.py for tasks to queue
[2022-01-05 20:59:27,832] {logging_mixin.py:109} INFO - [2022-01-05 20:59:27,832] {dagbag.py:500} INFO - Filling up the DagBag from /home/airflow/sandbox/lib/python3.8/site-packages/airflow/example_dags/example_latest_only_with_trigger.py
[2022-01-05 20:59:28,200] {processor.py:654} INFO - DAG(s) dict_keys(['latest_only_with_trigger']) retrieved from /home/airflow/sandbox/lib/python3.8/site-packages/airflow/example_dags/example_latest_only_with_trigger.py
[2022-01-05 20:59:28,339] {logging_mixin.py:109} INFO - [2022-01-05 20:59:28,339] {dag.py:2396} INFO - Sync 1 DAGs
[2022-01-05 20:59:28,503] {logging_mixin.py:109} INFO - [2022-01-05 20:59:28,503] {dag.py:2935} INFO - Setting next_dagrun for latest_only_with_trigger to 2022-01-05T16:59:28.503184+00:00
[2022-01-05 20:59:28,583] {processor.py:171} INFO - Processing /home/airflow/sandbox/lib/python3.8/site-packages/airflow/example_dags/example_latest_only_with_trigger.py took 0.780 seconds
[2022-01-05 20:59:59,440] {processor.py:163} INFO - Started process (PID=24417) to work on /home/airflow/sandbox/lib/python3.8/site-packages/airflow/example_dags/example_latest_only_with_trigger.py
[2022-01-05 20:59:59,448] {processor.py:642} INFO - Processing file /home/airflow/sandbox/lib/python3.8/site-packages/airflow/example_dags/example_latest_only_with_trigger.py for tasks to queue
[2022-01-05 20:59:59,451] {logging_mixin.py:109} INFO - [2022-01-05 20:59:59,451] {dagbag.py:500} INFO - Filling up the DagBag from /home/airflow/sandbox/lib/python3.8/site-packages/airflow/example_dags/example_latest_only_with_trigger.py
[2022-01-05 20:59:59,644] {processor.py:654} INFO - DAG(s) dict_keys(['latest_only_with_trigger']) retrieved from /home/airflow/sandbox/lib/python3.8/site-packages/airflow/example_dags/example_latest_only_with_trigger.py
[2022-01-05 20:59:59,779] {logging_mixin.py:109} INFO - [2022-01-05 20:59:59,750] {dag.py:2396} INFO - Sync 1 DAGs
[2022-01-05 20:59:59,878] {logging_mixin.py:109} INFO - [2022-01-05 20:59:59,878] {dag.py:2935} INFO - Setting next_dagrun for latest_only_with_trigger to 2022-01-05T16:59:59.877732+00:00
[2022-01-05 20:59:59,982] {processor.py:171} INFO - Processing /home/airflow/sandbox/lib/python3.8/site-packages/airflow/example_dags/example_latest_only_with_trigger.py took 0.580 seconds
