[2022-01-05 20:07:22,029] {processor.py:163} INFO - Started process (PID=2518) to work on /home/airflow/sandbox/lib/python3.8/site-packages/airflow/example_dags/example_task_group.py
[2022-01-05 20:07:22,042] {processor.py:642} INFO - Processing file /home/airflow/sandbox/lib/python3.8/site-packages/airflow/example_dags/example_task_group.py for tasks to queue
[2022-01-05 20:07:22,043] {logging_mixin.py:109} INFO - [2022-01-05 20:07:22,043] {dagbag.py:500} INFO - Filling up the DagBag from /home/airflow/sandbox/lib/python3.8/site-packages/airflow/example_dags/example_task_group.py
[2022-01-05 20:07:22,391] {processor.py:654} INFO - DAG(s) dict_keys(['example_task_group']) retrieved from /home/airflow/sandbox/lib/python3.8/site-packages/airflow/example_dags/example_task_group.py
[2022-01-05 20:07:22,619] {logging_mixin.py:109} INFO - [2022-01-05 20:07:22,619] {dag.py:2396} INFO - Sync 1 DAGs
[2022-01-05 20:07:23,122] {logging_mixin.py:109} INFO - [2022-01-05 20:07:23,121] {dag.py:2935} INFO - Setting next_dagrun for example_task_group to 2022-01-04T20:07:23.121718+00:00
[2022-01-05 20:07:23,224] {processor.py:171} INFO - Processing /home/airflow/sandbox/lib/python3.8/site-packages/airflow/example_dags/example_task_group.py took 1.371 seconds
[2022-01-05 20:07:53,335] {processor.py:163} INFO - Started process (PID=2813) to work on /home/airflow/sandbox/lib/python3.8/site-packages/airflow/example_dags/example_task_group.py
[2022-01-05 20:07:53,339] {processor.py:642} INFO - Processing file /home/airflow/sandbox/lib/python3.8/site-packages/airflow/example_dags/example_task_group.py for tasks to queue
[2022-01-05 20:07:53,340] {logging_mixin.py:109} INFO - [2022-01-05 20:07:53,340] {dagbag.py:500} INFO - Filling up the DagBag from /home/airflow/sandbox/lib/python3.8/site-packages/airflow/example_dags/example_task_group.py
[2022-01-05 20:07:53,442] {processor.py:654} INFO - DAG(s) dict_keys(['example_task_group']) retrieved from /home/airflow/sandbox/lib/python3.8/site-packages/airflow/example_dags/example_task_group.py
[2022-01-05 20:07:53,477] {logging_mixin.py:109} INFO - [2022-01-05 20:07:53,477] {dag.py:2396} INFO - Sync 1 DAGs
[2022-01-05 20:07:53,548] {logging_mixin.py:109} INFO - [2022-01-05 20:07:53,548] {dag.py:2935} INFO - Setting next_dagrun for example_task_group to 2022-01-04T20:07:53.547440+00:00
[2022-01-05 20:07:53,632] {processor.py:171} INFO - Processing /home/airflow/sandbox/lib/python3.8/site-packages/airflow/example_dags/example_task_group.py took 0.300 seconds
[2022-01-05 20:08:24,457] {processor.py:163} INFO - Started process (PID=3016) to work on /home/airflow/sandbox/lib/python3.8/site-packages/airflow/example_dags/example_task_group.py
[2022-01-05 20:08:24,460] {processor.py:642} INFO - Processing file /home/airflow/sandbox/lib/python3.8/site-packages/airflow/example_dags/example_task_group.py for tasks to queue
[2022-01-05 20:08:24,469] {logging_mixin.py:109} INFO - [2022-01-05 20:08:24,469] {dagbag.py:500} INFO - Filling up the DagBag from /home/airflow/sandbox/lib/python3.8/site-packages/airflow/example_dags/example_task_group.py
[2022-01-05 20:08:24,751] {processor.py:654} INFO - DAG(s) dict_keys(['example_task_group']) retrieved from /home/airflow/sandbox/lib/python3.8/site-packages/airflow/example_dags/example_task_group.py
[2022-01-05 20:08:24,894] {logging_mixin.py:109} INFO - [2022-01-05 20:08:24,894] {dag.py:2396} INFO - Sync 1 DAGs
[2022-01-05 20:08:25,005] {logging_mixin.py:109} INFO - [2022-01-05 20:08:25,005] {dag.py:2935} INFO - Setting next_dagrun for example_task_group to 2022-01-04T20:08:25.004892+00:00
[2022-01-05 20:08:25,059] {processor.py:171} INFO - Processing /home/airflow/sandbox/lib/python3.8/site-packages/airflow/example_dags/example_task_group.py took 0.688 seconds
[2022-01-05 20:08:55,159] {processor.py:163} INFO - Started process (PID=3332) to work on /home/airflow/sandbox/lib/python3.8/site-packages/airflow/example_dags/example_task_group.py
[2022-01-05 20:08:55,161] {processor.py:642} INFO - Processing file /home/airflow/sandbox/lib/python3.8/site-packages/airflow/example_dags/example_task_group.py for tasks to queue
[2022-01-05 20:08:55,163] {logging_mixin.py:109} INFO - [2022-01-05 20:08:55,162] {dagbag.py:500} INFO - Filling up the DagBag from /home/airflow/sandbox/lib/python3.8/site-packages/airflow/example_dags/example_task_group.py
[2022-01-05 20:08:55,308] {processor.py:654} INFO - DAG(s) dict_keys(['example_task_group']) retrieved from /home/airflow/sandbox/lib/python3.8/site-packages/airflow/example_dags/example_task_group.py
[2022-01-05 20:08:55,346] {logging_mixin.py:109} INFO - [2022-01-05 20:08:55,329] {dag.py:2396} INFO - Sync 1 DAGs
[2022-01-05 20:08:55,369] {logging_mixin.py:109} INFO - [2022-01-05 20:08:55,369] {dag.py:2935} INFO - Setting next_dagrun for example_task_group to 2022-01-04T20:08:55.369233+00:00
[2022-01-05 20:08:55,401] {processor.py:171} INFO - Processing /home/airflow/sandbox/lib/python3.8/site-packages/airflow/example_dags/example_task_group.py took 0.247 seconds
[2022-01-05 20:09:31,876] {processor.py:163} INFO - Started process (PID=4173) to work on /home/airflow/sandbox/lib/python3.8/site-packages/airflow/example_dags/example_task_group.py
[2022-01-05 20:09:31,883] {processor.py:642} INFO - Processing file /home/airflow/sandbox/lib/python3.8/site-packages/airflow/example_dags/example_task_group.py for tasks to queue
[2022-01-05 20:09:31,888] {logging_mixin.py:109} INFO - [2022-01-05 20:09:31,887] {dagbag.py:500} INFO - Filling up the DagBag from /home/airflow/sandbox/lib/python3.8/site-packages/airflow/example_dags/example_task_group.py
[2022-01-05 20:09:32,174] {processor.py:654} INFO - DAG(s) dict_keys(['example_task_group']) retrieved from /home/airflow/sandbox/lib/python3.8/site-packages/airflow/example_dags/example_task_group.py
[2022-01-05 20:09:32,286] {logging_mixin.py:109} INFO - [2022-01-05 20:09:32,285] {dag.py:2396} INFO - Sync 1 DAGs
[2022-01-05 20:09:32,427] {logging_mixin.py:109} INFO - [2022-01-05 20:09:32,427] {dag.py:2935} INFO - Setting next_dagrun for example_task_group to 2022-01-04T20:09:32.427015+00:00
[2022-01-05 20:09:32,517] {processor.py:171} INFO - Processing /home/airflow/sandbox/lib/python3.8/site-packages/airflow/example_dags/example_task_group.py took 0.792 seconds
[2022-01-05 20:10:03,207] {processor.py:163} INFO - Started process (PID=4736) to work on /home/airflow/sandbox/lib/python3.8/site-packages/airflow/example_dags/example_task_group.py
[2022-01-05 20:10:03,209] {processor.py:642} INFO - Processing file /home/airflow/sandbox/lib/python3.8/site-packages/airflow/example_dags/example_task_group.py for tasks to queue
[2022-01-05 20:10:03,211] {logging_mixin.py:109} INFO - [2022-01-05 20:10:03,211] {dagbag.py:500} INFO - Filling up the DagBag from /home/airflow/sandbox/lib/python3.8/site-packages/airflow/example_dags/example_task_group.py
[2022-01-05 20:10:03,411] {processor.py:654} INFO - DAG(s) dict_keys(['example_task_group']) retrieved from /home/airflow/sandbox/lib/python3.8/site-packages/airflow/example_dags/example_task_group.py
[2022-01-05 20:10:03,494] {logging_mixin.py:109} INFO - [2022-01-05 20:10:03,493] {dag.py:2396} INFO - Sync 1 DAGs
[2022-01-05 20:10:03,519] {logging_mixin.py:109} INFO - [2022-01-05 20:10:03,519] {dag.py:2935} INFO - Setting next_dagrun for example_task_group to 2022-01-04T20:10:03.519223+00:00
[2022-01-05 20:10:03,607] {processor.py:171} INFO - Processing /home/airflow/sandbox/lib/python3.8/site-packages/airflow/example_dags/example_task_group.py took 0.408 seconds
[2022-01-05 20:10:33,787] {processor.py:163} INFO - Started process (PID=4828) to work on /home/airflow/sandbox/lib/python3.8/site-packages/airflow/example_dags/example_task_group.py
[2022-01-05 20:10:33,790] {processor.py:642} INFO - Processing file /home/airflow/sandbox/lib/python3.8/site-packages/airflow/example_dags/example_task_group.py for tasks to queue
[2022-01-05 20:10:33,792] {logging_mixin.py:109} INFO - [2022-01-05 20:10:33,792] {dagbag.py:500} INFO - Filling up the DagBag from /home/airflow/sandbox/lib/python3.8/site-packages/airflow/example_dags/example_task_group.py
[2022-01-05 20:10:33,908] {processor.py:654} INFO - DAG(s) dict_keys(['example_task_group']) retrieved from /home/airflow/sandbox/lib/python3.8/site-packages/airflow/example_dags/example_task_group.py
[2022-01-05 20:10:33,948] {logging_mixin.py:109} INFO - [2022-01-05 20:10:33,947] {dag.py:2396} INFO - Sync 1 DAGs
[2022-01-05 20:10:33,997] {logging_mixin.py:109} INFO - [2022-01-05 20:10:33,997] {dag.py:2935} INFO - Setting next_dagrun for example_task_group to 2022-01-04T20:10:33.996710+00:00
[2022-01-05 20:10:34,028] {processor.py:171} INFO - Processing /home/airflow/sandbox/lib/python3.8/site-packages/airflow/example_dags/example_task_group.py took 0.249 seconds
[2022-01-05 20:11:04,532] {processor.py:163} INFO - Started process (PID=5005) to work on /home/airflow/sandbox/lib/python3.8/site-packages/airflow/example_dags/example_task_group.py
[2022-01-05 20:11:04,532] {processor.py:642} INFO - Processing file /home/airflow/sandbox/lib/python3.8/site-packages/airflow/example_dags/example_task_group.py for tasks to queue
[2022-01-05 20:11:04,533] {logging_mixin.py:109} INFO - [2022-01-05 20:11:04,533] {dagbag.py:500} INFO - Filling up the DagBag from /home/airflow/sandbox/lib/python3.8/site-packages/airflow/example_dags/example_task_group.py
[2022-01-05 20:11:04,721] {processor.py:654} INFO - DAG(s) dict_keys(['example_task_group']) retrieved from /home/airflow/sandbox/lib/python3.8/site-packages/airflow/example_dags/example_task_group.py
[2022-01-05 20:11:04,775] {logging_mixin.py:109} INFO - [2022-01-05 20:11:04,775] {dag.py:2396} INFO - Sync 1 DAGs
[2022-01-05 20:11:04,824] {logging_mixin.py:109} INFO - [2022-01-05 20:11:04,824] {dag.py:2935} INFO - Setting next_dagrun for example_task_group to 2022-01-04T20:11:04.823801+00:00
[2022-01-05 20:11:04,842] {processor.py:171} INFO - Processing /home/airflow/sandbox/lib/python3.8/site-packages/airflow/example_dags/example_task_group.py took 0.314 seconds
[2022-01-05 20:11:35,796] {processor.py:163} INFO - Started process (PID=5099) to work on /home/airflow/sandbox/lib/python3.8/site-packages/airflow/example_dags/example_task_group.py
[2022-01-05 20:11:35,798] {processor.py:642} INFO - Processing file /home/airflow/sandbox/lib/python3.8/site-packages/airflow/example_dags/example_task_group.py for tasks to queue
[2022-01-05 20:11:35,816] {logging_mixin.py:109} INFO - [2022-01-05 20:11:35,816] {dagbag.py:500} INFO - Filling up the DagBag from /home/airflow/sandbox/lib/python3.8/site-packages/airflow/example_dags/example_task_group.py
[2022-01-05 20:11:35,943] {processor.py:654} INFO - DAG(s) dict_keys(['example_task_group']) retrieved from /home/airflow/sandbox/lib/python3.8/site-packages/airflow/example_dags/example_task_group.py
[2022-01-05 20:11:36,018] {logging_mixin.py:109} INFO - [2022-01-05 20:11:36,018] {dag.py:2396} INFO - Sync 1 DAGs
[2022-01-05 20:11:36,043] {logging_mixin.py:109} INFO - [2022-01-05 20:11:36,043] {dag.py:2935} INFO - Setting next_dagrun for example_task_group to 2022-01-04T20:11:36.042896+00:00
[2022-01-05 20:11:36,079] {processor.py:171} INFO - Processing /home/airflow/sandbox/lib/python3.8/site-packages/airflow/example_dags/example_task_group.py took 0.330 seconds
[2022-01-05 20:12:06,196] {processor.py:163} INFO - Started process (PID=5208) to work on /home/airflow/sandbox/lib/python3.8/site-packages/airflow/example_dags/example_task_group.py
[2022-01-05 20:12:06,197] {processor.py:642} INFO - Processing file /home/airflow/sandbox/lib/python3.8/site-packages/airflow/example_dags/example_task_group.py for tasks to queue
[2022-01-05 20:12:06,197] {logging_mixin.py:109} INFO - [2022-01-05 20:12:06,197] {dagbag.py:500} INFO - Filling up the DagBag from /home/airflow/sandbox/lib/python3.8/site-packages/airflow/example_dags/example_task_group.py
[2022-01-05 20:12:06,283] {processor.py:654} INFO - DAG(s) dict_keys(['example_task_group']) retrieved from /home/airflow/sandbox/lib/python3.8/site-packages/airflow/example_dags/example_task_group.py
[2022-01-05 20:12:06,293] {logging_mixin.py:109} INFO - [2022-01-05 20:12:06,293] {dag.py:2396} INFO - Sync 1 DAGs
[2022-01-05 20:12:06,341] {logging_mixin.py:109} INFO - [2022-01-05 20:12:06,341] {dag.py:2935} INFO - Setting next_dagrun for example_task_group to 2022-01-04T20:12:06.341170+00:00
[2022-01-05 20:12:06,365] {processor.py:171} INFO - Processing /home/airflow/sandbox/lib/python3.8/site-packages/airflow/example_dags/example_task_group.py took 0.175 seconds
[2022-01-05 20:12:37,339] {processor.py:163} INFO - Started process (PID=5320) to work on /home/airflow/sandbox/lib/python3.8/site-packages/airflow/example_dags/example_task_group.py
[2022-01-05 20:12:37,359] {processor.py:642} INFO - Processing file /home/airflow/sandbox/lib/python3.8/site-packages/airflow/example_dags/example_task_group.py for tasks to queue
[2022-01-05 20:12:37,361] {logging_mixin.py:109} INFO - [2022-01-05 20:12:37,361] {dagbag.py:500} INFO - Filling up the DagBag from /home/airflow/sandbox/lib/python3.8/site-packages/airflow/example_dags/example_task_group.py
[2022-01-05 20:12:37,473] {processor.py:654} INFO - DAG(s) dict_keys(['example_task_group']) retrieved from /home/airflow/sandbox/lib/python3.8/site-packages/airflow/example_dags/example_task_group.py
[2022-01-05 20:12:37,488] {logging_mixin.py:109} INFO - [2022-01-05 20:12:37,488] {dag.py:2396} INFO - Sync 1 DAGs
[2022-01-05 20:12:37,517] {logging_mixin.py:109} INFO - [2022-01-05 20:12:37,517] {dag.py:2935} INFO - Setting next_dagrun for example_task_group to 2022-01-04T20:12:37.517049+00:00
[2022-01-05 20:12:37,533] {processor.py:171} INFO - Processing /home/airflow/sandbox/lib/python3.8/site-packages/airflow/example_dags/example_task_group.py took 0.205 seconds
[2022-01-05 20:28:18,896] {processor.py:163} INFO - Started process (PID=7127) to work on /home/airflow/sandbox/lib/python3.8/site-packages/airflow/example_dags/example_task_group.py
[2022-01-05 20:28:18,908] {processor.py:642} INFO - Processing file /home/airflow/sandbox/lib/python3.8/site-packages/airflow/example_dags/example_task_group.py for tasks to queue
[2022-01-05 20:28:18,909] {logging_mixin.py:109} INFO - [2022-01-05 20:28:18,909] {dagbag.py:500} INFO - Filling up the DagBag from /home/airflow/sandbox/lib/python3.8/site-packages/airflow/example_dags/example_task_group.py
[2022-01-05 20:28:19,395] {processor.py:654} INFO - DAG(s) dict_keys(['example_task_group']) retrieved from /home/airflow/sandbox/lib/python3.8/site-packages/airflow/example_dags/example_task_group.py
[2022-01-05 20:28:19,507] {logging_mixin.py:109} INFO - [2022-01-05 20:28:19,506] {dag.py:2396} INFO - Sync 1 DAGs
[2022-01-05 20:28:19,732] {logging_mixin.py:109} INFO - [2022-01-05 20:28:19,732] {dag.py:2935} INFO - Setting next_dagrun for example_task_group to 2022-01-04T20:28:19.732034+00:00
[2022-01-05 20:28:19,803] {processor.py:171} INFO - Processing /home/airflow/sandbox/lib/python3.8/site-packages/airflow/example_dags/example_task_group.py took 0.915 seconds
[2022-01-05 20:29:08,290] {processor.py:163} INFO - Started process (PID=7610) to work on /home/airflow/sandbox/lib/python3.8/site-packages/airflow/example_dags/example_task_group.py
[2022-01-05 20:29:08,301] {processor.py:642} INFO - Processing file /home/airflow/sandbox/lib/python3.8/site-packages/airflow/example_dags/example_task_group.py for tasks to queue
[2022-01-05 20:29:08,302] {logging_mixin.py:109} INFO - [2022-01-05 20:29:08,302] {dagbag.py:500} INFO - Filling up the DagBag from /home/airflow/sandbox/lib/python3.8/site-packages/airflow/example_dags/example_task_group.py
[2022-01-05 20:29:09,094] {processor.py:654} INFO - DAG(s) dict_keys(['example_task_group']) retrieved from /home/airflow/sandbox/lib/python3.8/site-packages/airflow/example_dags/example_task_group.py
[2022-01-05 20:29:09,261] {logging_mixin.py:109} INFO - [2022-01-05 20:29:09,261] {dag.py:2396} INFO - Sync 1 DAGs
[2022-01-05 20:29:09,798] {logging_mixin.py:109} INFO - [2022-01-05 20:29:09,797] {dag.py:2935} INFO - Setting next_dagrun for example_task_group to 2022-01-04T20:29:09.797627+00:00
[2022-01-05 20:29:09,898] {processor.py:171} INFO - Processing /home/airflow/sandbox/lib/python3.8/site-packages/airflow/example_dags/example_task_group.py took 1.611 seconds
[2022-01-05 20:29:40,192] {processor.py:163} INFO - Started process (PID=7854) to work on /home/airflow/sandbox/lib/python3.8/site-packages/airflow/example_dags/example_task_group.py
[2022-01-05 20:29:40,193] {processor.py:642} INFO - Processing file /home/airflow/sandbox/lib/python3.8/site-packages/airflow/example_dags/example_task_group.py for tasks to queue
[2022-01-05 20:29:40,194] {logging_mixin.py:109} INFO - [2022-01-05 20:29:40,193] {dagbag.py:500} INFO - Filling up the DagBag from /home/airflow/sandbox/lib/python3.8/site-packages/airflow/example_dags/example_task_group.py
[2022-01-05 20:29:40,255] {processor.py:654} INFO - DAG(s) dict_keys(['example_task_group']) retrieved from /home/airflow/sandbox/lib/python3.8/site-packages/airflow/example_dags/example_task_group.py
[2022-01-05 20:29:40,287] {logging_mixin.py:109} INFO - [2022-01-05 20:29:40,287] {dag.py:2396} INFO - Sync 1 DAGs
[2022-01-05 20:29:40,337] {logging_mixin.py:109} INFO - [2022-01-05 20:29:40,337] {dag.py:2935} INFO - Setting next_dagrun for example_task_group to 2022-01-04T20:29:40.337541+00:00
[2022-01-05 20:29:40,359] {processor.py:171} INFO - Processing /home/airflow/sandbox/lib/python3.8/site-packages/airflow/example_dags/example_task_group.py took 0.173 seconds
[2022-01-05 20:30:10,531] {processor.py:163} INFO - Started process (PID=8159) to work on /home/airflow/sandbox/lib/python3.8/site-packages/airflow/example_dags/example_task_group.py
[2022-01-05 20:30:10,532] {processor.py:642} INFO - Processing file /home/airflow/sandbox/lib/python3.8/site-packages/airflow/example_dags/example_task_group.py for tasks to queue
[2022-01-05 20:30:10,533] {logging_mixin.py:109} INFO - [2022-01-05 20:30:10,533] {dagbag.py:500} INFO - Filling up the DagBag from /home/airflow/sandbox/lib/python3.8/site-packages/airflow/example_dags/example_task_group.py
[2022-01-05 20:30:10,605] {processor.py:654} INFO - DAG(s) dict_keys(['example_task_group']) retrieved from /home/airflow/sandbox/lib/python3.8/site-packages/airflow/example_dags/example_task_group.py
[2022-01-05 20:30:10,631] {logging_mixin.py:109} INFO - [2022-01-05 20:30:10,631] {dag.py:2396} INFO - Sync 1 DAGs
[2022-01-05 20:30:10,705] {logging_mixin.py:109} INFO - [2022-01-05 20:30:10,704] {dag.py:2935} INFO - Setting next_dagrun for example_task_group to 2022-01-04T20:30:10.704368+00:00
[2022-01-05 20:30:10,745] {processor.py:171} INFO - Processing /home/airflow/sandbox/lib/python3.8/site-packages/airflow/example_dags/example_task_group.py took 0.218 seconds
[2022-01-05 20:30:42,799] {processor.py:163} INFO - Started process (PID=8489) to work on /home/airflow/sandbox/lib/python3.8/site-packages/airflow/example_dags/example_task_group.py
[2022-01-05 20:30:42,821] {processor.py:642} INFO - Processing file /home/airflow/sandbox/lib/python3.8/site-packages/airflow/example_dags/example_task_group.py for tasks to queue
[2022-01-05 20:30:42,823] {logging_mixin.py:109} INFO - [2022-01-05 20:30:42,823] {dagbag.py:500} INFO - Filling up the DagBag from /home/airflow/sandbox/lib/python3.8/site-packages/airflow/example_dags/example_task_group.py
[2022-01-05 20:30:43,071] {processor.py:654} INFO - DAG(s) dict_keys(['example_task_group']) retrieved from /home/airflow/sandbox/lib/python3.8/site-packages/airflow/example_dags/example_task_group.py
[2022-01-05 20:30:43,129] {logging_mixin.py:109} INFO - [2022-01-05 20:30:43,129] {dag.py:2396} INFO - Sync 1 DAGs
[2022-01-05 20:30:43,283] {logging_mixin.py:109} INFO - [2022-01-05 20:30:43,283] {dag.py:2935} INFO - Setting next_dagrun for example_task_group to 2022-01-04T20:30:43.282387+00:00
[2022-01-05 20:30:43,340] {processor.py:171} INFO - Processing /home/airflow/sandbox/lib/python3.8/site-packages/airflow/example_dags/example_task_group.py took 0.549 seconds
[2022-01-05 20:31:18,285] {processor.py:163} INFO - Started process (PID=8950) to work on /home/airflow/sandbox/lib/python3.8/site-packages/airflow/example_dags/example_task_group.py
[2022-01-05 20:31:18,288] {processor.py:642} INFO - Processing file /home/airflow/sandbox/lib/python3.8/site-packages/airflow/example_dags/example_task_group.py for tasks to queue
[2022-01-05 20:31:18,289] {logging_mixin.py:109} INFO - [2022-01-05 20:31:18,289] {dagbag.py:500} INFO - Filling up the DagBag from /home/airflow/sandbox/lib/python3.8/site-packages/airflow/example_dags/example_task_group.py
[2022-01-05 20:31:18,518] {processor.py:654} INFO - DAG(s) dict_keys(['example_task_group']) retrieved from /home/airflow/sandbox/lib/python3.8/site-packages/airflow/example_dags/example_task_group.py
[2022-01-05 20:31:18,644] {logging_mixin.py:109} INFO - [2022-01-05 20:31:18,644] {dag.py:2396} INFO - Sync 1 DAGs
[2022-01-05 20:31:19,042] {logging_mixin.py:109} INFO - [2022-01-05 20:31:19,042] {dag.py:2935} INFO - Setting next_dagrun for example_task_group to 2022-01-04T20:31:19.041978+00:00
[2022-01-05 20:31:19,120] {processor.py:171} INFO - Processing /home/airflow/sandbox/lib/python3.8/site-packages/airflow/example_dags/example_task_group.py took 0.849 seconds
[2022-01-05 20:31:51,621] {processor.py:163} INFO - Started process (PID=9316) to work on /home/airflow/sandbox/lib/python3.8/site-packages/airflow/example_dags/example_task_group.py
[2022-01-05 20:31:51,637] {processor.py:642} INFO - Processing file /home/airflow/sandbox/lib/python3.8/site-packages/airflow/example_dags/example_task_group.py for tasks to queue
[2022-01-05 20:31:51,638] {logging_mixin.py:109} INFO - [2022-01-05 20:31:51,637] {dagbag.py:500} INFO - Filling up the DagBag from /home/airflow/sandbox/lib/python3.8/site-packages/airflow/example_dags/example_task_group.py
[2022-01-05 20:31:52,031] {processor.py:654} INFO - DAG(s) dict_keys(['example_task_group']) retrieved from /home/airflow/sandbox/lib/python3.8/site-packages/airflow/example_dags/example_task_group.py
[2022-01-05 20:31:52,135] {logging_mixin.py:109} INFO - [2022-01-05 20:31:52,135] {dag.py:2396} INFO - Sync 1 DAGs
[2022-01-05 20:31:52,273] {logging_mixin.py:109} INFO - [2022-01-05 20:31:52,272] {dag.py:2935} INFO - Setting next_dagrun for example_task_group to 2022-01-04T20:31:52.272069+00:00
[2022-01-05 20:31:52,367] {processor.py:171} INFO - Processing /home/airflow/sandbox/lib/python3.8/site-packages/airflow/example_dags/example_task_group.py took 0.782 seconds
[2022-01-05 20:32:23,223] {processor.py:163} INFO - Started process (PID=10036) to work on /home/airflow/sandbox/lib/python3.8/site-packages/airflow/example_dags/example_task_group.py
[2022-01-05 20:32:23,226] {processor.py:642} INFO - Processing file /home/airflow/sandbox/lib/python3.8/site-packages/airflow/example_dags/example_task_group.py for tasks to queue
[2022-01-05 20:32:23,228] {logging_mixin.py:109} INFO - [2022-01-05 20:32:23,228] {dagbag.py:500} INFO - Filling up the DagBag from /home/airflow/sandbox/lib/python3.8/site-packages/airflow/example_dags/example_task_group.py
[2022-01-05 20:32:23,678] {processor.py:654} INFO - DAG(s) dict_keys(['example_task_group']) retrieved from /home/airflow/sandbox/lib/python3.8/site-packages/airflow/example_dags/example_task_group.py
[2022-01-05 20:32:23,812] {logging_mixin.py:109} INFO - [2022-01-05 20:32:23,811] {dag.py:2396} INFO - Sync 1 DAGs
[2022-01-05 20:32:23,975] {logging_mixin.py:109} INFO - [2022-01-05 20:32:23,975] {dag.py:2935} INFO - Setting next_dagrun for example_task_group to 2022-01-04T20:32:23.975583+00:00
[2022-01-05 20:32:24,070] {processor.py:171} INFO - Processing /home/airflow/sandbox/lib/python3.8/site-packages/airflow/example_dags/example_task_group.py took 0.897 seconds
[2022-01-05 20:32:55,069] {processor.py:163} INFO - Started process (PID=10769) to work on /home/airflow/sandbox/lib/python3.8/site-packages/airflow/example_dags/example_task_group.py
[2022-01-05 20:32:55,077] {processor.py:642} INFO - Processing file /home/airflow/sandbox/lib/python3.8/site-packages/airflow/example_dags/example_task_group.py for tasks to queue
[2022-01-05 20:32:55,079] {logging_mixin.py:109} INFO - [2022-01-05 20:32:55,079] {dagbag.py:500} INFO - Filling up the DagBag from /home/airflow/sandbox/lib/python3.8/site-packages/airflow/example_dags/example_task_group.py
[2022-01-05 20:32:55,775] {processor.py:654} INFO - DAG(s) dict_keys(['example_task_group']) retrieved from /home/airflow/sandbox/lib/python3.8/site-packages/airflow/example_dags/example_task_group.py
[2022-01-05 20:32:55,870] {logging_mixin.py:109} INFO - [2022-01-05 20:32:55,870] {dag.py:2396} INFO - Sync 1 DAGs
[2022-01-05 20:32:55,924] {logging_mixin.py:109} INFO - [2022-01-05 20:32:55,924] {dag.py:2935} INFO - Setting next_dagrun for example_task_group to 2022-01-04T20:32:55.922271+00:00
[2022-01-05 20:32:56,031] {processor.py:171} INFO - Processing /home/airflow/sandbox/lib/python3.8/site-packages/airflow/example_dags/example_task_group.py took 1.054 seconds
[2022-01-05 20:33:26,608] {processor.py:163} INFO - Started process (PID=11417) to work on /home/airflow/sandbox/lib/python3.8/site-packages/airflow/example_dags/example_task_group.py
[2022-01-05 20:33:26,610] {processor.py:642} INFO - Processing file /home/airflow/sandbox/lib/python3.8/site-packages/airflow/example_dags/example_task_group.py for tasks to queue
[2022-01-05 20:33:26,610] {logging_mixin.py:109} INFO - [2022-01-05 20:33:26,610] {dagbag.py:500} INFO - Filling up the DagBag from /home/airflow/sandbox/lib/python3.8/site-packages/airflow/example_dags/example_task_group.py
[2022-01-05 20:33:26,768] {processor.py:654} INFO - DAG(s) dict_keys(['example_task_group']) retrieved from /home/airflow/sandbox/lib/python3.8/site-packages/airflow/example_dags/example_task_group.py
[2022-01-05 20:33:26,781] {logging_mixin.py:109} INFO - [2022-01-05 20:33:26,780] {dag.py:2396} INFO - Sync 1 DAGs
[2022-01-05 20:33:26,863] {logging_mixin.py:109} INFO - [2022-01-05 20:33:26,863] {dag.py:2935} INFO - Setting next_dagrun for example_task_group to 2022-01-04T20:33:26.860313+00:00
[2022-01-05 20:33:26,914] {processor.py:171} INFO - Processing /home/airflow/sandbox/lib/python3.8/site-packages/airflow/example_dags/example_task_group.py took 0.396 seconds
[2022-01-05 20:33:57,515] {processor.py:163} INFO - Started process (PID=11714) to work on /home/airflow/sandbox/lib/python3.8/site-packages/airflow/example_dags/example_task_group.py
[2022-01-05 20:33:57,516] {processor.py:642} INFO - Processing file /home/airflow/sandbox/lib/python3.8/site-packages/airflow/example_dags/example_task_group.py for tasks to queue
[2022-01-05 20:33:57,516] {logging_mixin.py:109} INFO - [2022-01-05 20:33:57,516] {dagbag.py:500} INFO - Filling up the DagBag from /home/airflow/sandbox/lib/python3.8/site-packages/airflow/example_dags/example_task_group.py
[2022-01-05 20:33:57,616] {processor.py:654} INFO - DAG(s) dict_keys(['example_task_group']) retrieved from /home/airflow/sandbox/lib/python3.8/site-packages/airflow/example_dags/example_task_group.py
[2022-01-05 20:33:57,652] {logging_mixin.py:109} INFO - [2022-01-05 20:33:57,652] {dag.py:2396} INFO - Sync 1 DAGs
[2022-01-05 20:33:57,705] {logging_mixin.py:109} INFO - [2022-01-05 20:33:57,705] {dag.py:2935} INFO - Setting next_dagrun for example_task_group to 2022-01-04T20:33:57.703619+00:00
[2022-01-05 20:33:57,722] {processor.py:171} INFO - Processing /home/airflow/sandbox/lib/python3.8/site-packages/airflow/example_dags/example_task_group.py took 0.213 seconds
[2022-01-05 20:34:27,812] {processor.py:163} INFO - Started process (PID=11955) to work on /home/airflow/sandbox/lib/python3.8/site-packages/airflow/example_dags/example_task_group.py
[2022-01-05 20:34:27,814] {processor.py:642} INFO - Processing file /home/airflow/sandbox/lib/python3.8/site-packages/airflow/example_dags/example_task_group.py for tasks to queue
[2022-01-05 20:34:27,814] {logging_mixin.py:109} INFO - [2022-01-05 20:34:27,814] {dagbag.py:500} INFO - Filling up the DagBag from /home/airflow/sandbox/lib/python3.8/site-packages/airflow/example_dags/example_task_group.py
[2022-01-05 20:34:27,905] {processor.py:654} INFO - DAG(s) dict_keys(['example_task_group']) retrieved from /home/airflow/sandbox/lib/python3.8/site-packages/airflow/example_dags/example_task_group.py
[2022-01-05 20:34:27,918] {logging_mixin.py:109} INFO - [2022-01-05 20:34:27,918] {dag.py:2396} INFO - Sync 1 DAGs
[2022-01-05 20:34:27,954] {logging_mixin.py:109} INFO - [2022-01-05 20:34:27,954] {dag.py:2935} INFO - Setting next_dagrun for example_task_group to 2022-01-04T20:34:27.954488+00:00
[2022-01-05 20:34:27,964] {processor.py:171} INFO - Processing /home/airflow/sandbox/lib/python3.8/site-packages/airflow/example_dags/example_task_group.py took 0.159 seconds
[2022-01-05 20:34:58,122] {processor.py:163} INFO - Started process (PID=12194) to work on /home/airflow/sandbox/lib/python3.8/site-packages/airflow/example_dags/example_task_group.py
[2022-01-05 20:34:58,139] {processor.py:642} INFO - Processing file /home/airflow/sandbox/lib/python3.8/site-packages/airflow/example_dags/example_task_group.py for tasks to queue
[2022-01-05 20:34:58,140] {logging_mixin.py:109} INFO - [2022-01-05 20:34:58,140] {dagbag.py:500} INFO - Filling up the DagBag from /home/airflow/sandbox/lib/python3.8/site-packages/airflow/example_dags/example_task_group.py
[2022-01-05 20:34:58,371] {processor.py:654} INFO - DAG(s) dict_keys(['example_task_group']) retrieved from /home/airflow/sandbox/lib/python3.8/site-packages/airflow/example_dags/example_task_group.py
[2022-01-05 20:34:58,399] {logging_mixin.py:109} INFO - [2022-01-05 20:34:58,398] {dag.py:2396} INFO - Sync 1 DAGs
[2022-01-05 20:34:58,464] {logging_mixin.py:109} INFO - [2022-01-05 20:34:58,464] {dag.py:2935} INFO - Setting next_dagrun for example_task_group to 2022-01-04T20:34:58.464300+00:00
[2022-01-05 20:34:58,510] {processor.py:171} INFO - Processing /home/airflow/sandbox/lib/python3.8/site-packages/airflow/example_dags/example_task_group.py took 0.390 seconds
[2022-01-05 20:35:28,997] {processor.py:163} INFO - Started process (PID=12429) to work on /home/airflow/sandbox/lib/python3.8/site-packages/airflow/example_dags/example_task_group.py
[2022-01-05 20:35:28,998] {processor.py:642} INFO - Processing file /home/airflow/sandbox/lib/python3.8/site-packages/airflow/example_dags/example_task_group.py for tasks to queue
[2022-01-05 20:35:28,998] {logging_mixin.py:109} INFO - [2022-01-05 20:35:28,998] {dagbag.py:500} INFO - Filling up the DagBag from /home/airflow/sandbox/lib/python3.8/site-packages/airflow/example_dags/example_task_group.py
[2022-01-05 20:35:29,397] {processor.py:654} INFO - DAG(s) dict_keys(['example_task_group']) retrieved from /home/airflow/sandbox/lib/python3.8/site-packages/airflow/example_dags/example_task_group.py
[2022-01-05 20:35:29,571] {logging_mixin.py:109} INFO - [2022-01-05 20:35:29,571] {dag.py:2396} INFO - Sync 1 DAGs
[2022-01-05 20:35:29,697] {logging_mixin.py:109} INFO - [2022-01-05 20:35:29,697] {dag.py:2935} INFO - Setting next_dagrun for example_task_group to 2022-01-04T20:35:29.671772+00:00
[2022-01-05 20:35:29,714] {processor.py:171} INFO - Processing /home/airflow/sandbox/lib/python3.8/site-packages/airflow/example_dags/example_task_group.py took 0.721 seconds
[2022-01-05 20:36:00,617] {processor.py:163} INFO - Started process (PID=12672) to work on /home/airflow/sandbox/lib/python3.8/site-packages/airflow/example_dags/example_task_group.py
[2022-01-05 20:36:00,618] {processor.py:642} INFO - Processing file /home/airflow/sandbox/lib/python3.8/site-packages/airflow/example_dags/example_task_group.py for tasks to queue
[2022-01-05 20:36:00,619] {logging_mixin.py:109} INFO - [2022-01-05 20:36:00,618] {dagbag.py:500} INFO - Filling up the DagBag from /home/airflow/sandbox/lib/python3.8/site-packages/airflow/example_dags/example_task_group.py
[2022-01-05 20:36:00,788] {processor.py:654} INFO - DAG(s) dict_keys(['example_task_group']) retrieved from /home/airflow/sandbox/lib/python3.8/site-packages/airflow/example_dags/example_task_group.py
[2022-01-05 20:36:00,806] {logging_mixin.py:109} INFO - [2022-01-05 20:36:00,806] {dag.py:2396} INFO - Sync 1 DAGs
[2022-01-05 20:36:00,852] {logging_mixin.py:109} INFO - [2022-01-05 20:36:00,852] {dag.py:2935} INFO - Setting next_dagrun for example_task_group to 2022-01-04T20:36:00.851128+00:00
[2022-01-05 20:36:00,891] {processor.py:171} INFO - Processing /home/airflow/sandbox/lib/python3.8/site-packages/airflow/example_dags/example_task_group.py took 0.284 seconds
[2022-01-05 20:36:31,864] {processor.py:163} INFO - Started process (PID=12912) to work on /home/airflow/sandbox/lib/python3.8/site-packages/airflow/example_dags/example_task_group.py
[2022-01-05 20:36:31,884] {processor.py:642} INFO - Processing file /home/airflow/sandbox/lib/python3.8/site-packages/airflow/example_dags/example_task_group.py for tasks to queue
[2022-01-05 20:36:31,885] {logging_mixin.py:109} INFO - [2022-01-05 20:36:31,885] {dagbag.py:500} INFO - Filling up the DagBag from /home/airflow/sandbox/lib/python3.8/site-packages/airflow/example_dags/example_task_group.py
[2022-01-05 20:36:32,107] {processor.py:654} INFO - DAG(s) dict_keys(['example_task_group']) retrieved from /home/airflow/sandbox/lib/python3.8/site-packages/airflow/example_dags/example_task_group.py
[2022-01-05 20:36:32,155] {logging_mixin.py:109} INFO - [2022-01-05 20:36:32,155] {dag.py:2396} INFO - Sync 1 DAGs
[2022-01-05 20:36:32,267] {logging_mixin.py:109} INFO - [2022-01-05 20:36:32,267] {dag.py:2935} INFO - Setting next_dagrun for example_task_group to 2022-01-04T20:36:32.266915+00:00
[2022-01-05 20:36:32,342] {processor.py:171} INFO - Processing /home/airflow/sandbox/lib/python3.8/site-packages/airflow/example_dags/example_task_group.py took 0.486 seconds
[2022-01-05 20:37:02,853] {processor.py:163} INFO - Started process (PID=13153) to work on /home/airflow/sandbox/lib/python3.8/site-packages/airflow/example_dags/example_task_group.py
[2022-01-05 20:37:02,854] {processor.py:642} INFO - Processing file /home/airflow/sandbox/lib/python3.8/site-packages/airflow/example_dags/example_task_group.py for tasks to queue
[2022-01-05 20:37:02,855] {logging_mixin.py:109} INFO - [2022-01-05 20:37:02,855] {dagbag.py:500} INFO - Filling up the DagBag from /home/airflow/sandbox/lib/python3.8/site-packages/airflow/example_dags/example_task_group.py
[2022-01-05 20:37:02,947] {processor.py:654} INFO - DAG(s) dict_keys(['example_task_group']) retrieved from /home/airflow/sandbox/lib/python3.8/site-packages/airflow/example_dags/example_task_group.py
[2022-01-05 20:37:02,993] {logging_mixin.py:109} INFO - [2022-01-05 20:37:02,993] {dag.py:2396} INFO - Sync 1 DAGs
[2022-01-05 20:37:03,100] {logging_mixin.py:109} INFO - [2022-01-05 20:37:03,100] {dag.py:2935} INFO - Setting next_dagrun for example_task_group to 2022-01-04T20:37:03.100034+00:00
[2022-01-05 20:37:03,145] {processor.py:171} INFO - Processing /home/airflow/sandbox/lib/python3.8/site-packages/airflow/example_dags/example_task_group.py took 0.307 seconds
[2022-01-05 20:37:33,440] {processor.py:163} INFO - Started process (PID=13394) to work on /home/airflow/sandbox/lib/python3.8/site-packages/airflow/example_dags/example_task_group.py
[2022-01-05 20:37:33,441] {processor.py:642} INFO - Processing file /home/airflow/sandbox/lib/python3.8/site-packages/airflow/example_dags/example_task_group.py for tasks to queue
[2022-01-05 20:37:33,444] {logging_mixin.py:109} INFO - [2022-01-05 20:37:33,443] {dagbag.py:500} INFO - Filling up the DagBag from /home/airflow/sandbox/lib/python3.8/site-packages/airflow/example_dags/example_task_group.py
[2022-01-05 20:37:33,559] {processor.py:654} INFO - DAG(s) dict_keys(['example_task_group']) retrieved from /home/airflow/sandbox/lib/python3.8/site-packages/airflow/example_dags/example_task_group.py
[2022-01-05 20:37:33,606] {logging_mixin.py:109} INFO - [2022-01-05 20:37:33,605] {dag.py:2396} INFO - Sync 1 DAGs
[2022-01-05 20:37:33,650] {logging_mixin.py:109} INFO - [2022-01-05 20:37:33,650] {dag.py:2935} INFO - Setting next_dagrun for example_task_group to 2022-01-04T20:37:33.649858+00:00
[2022-01-05 20:37:33,681] {processor.py:171} INFO - Processing /home/airflow/sandbox/lib/python3.8/site-packages/airflow/example_dags/example_task_group.py took 0.377 seconds
[2022-01-05 20:38:04,137] {processor.py:163} INFO - Started process (PID=13635) to work on /home/airflow/sandbox/lib/python3.8/site-packages/airflow/example_dags/example_task_group.py
[2022-01-05 20:38:04,138] {processor.py:642} INFO - Processing file /home/airflow/sandbox/lib/python3.8/site-packages/airflow/example_dags/example_task_group.py for tasks to queue
[2022-01-05 20:38:04,139] {logging_mixin.py:109} INFO - [2022-01-05 20:38:04,139] {dagbag.py:500} INFO - Filling up the DagBag from /home/airflow/sandbox/lib/python3.8/site-packages/airflow/example_dags/example_task_group.py
[2022-01-05 20:38:04,348] {processor.py:654} INFO - DAG(s) dict_keys(['example_task_group']) retrieved from /home/airflow/sandbox/lib/python3.8/site-packages/airflow/example_dags/example_task_group.py
[2022-01-05 20:38:04,382] {logging_mixin.py:109} INFO - [2022-01-05 20:38:04,382] {dag.py:2396} INFO - Sync 1 DAGs
[2022-01-05 20:38:04,478] {logging_mixin.py:109} INFO - [2022-01-05 20:38:04,478] {dag.py:2935} INFO - Setting next_dagrun for example_task_group to 2022-01-04T20:38:04.478555+00:00
[2022-01-05 20:38:04,509] {processor.py:171} INFO - Processing /home/airflow/sandbox/lib/python3.8/site-packages/airflow/example_dags/example_task_group.py took 0.379 seconds
[2022-01-05 20:38:34,902] {processor.py:163} INFO - Started process (PID=13946) to work on /home/airflow/sandbox/lib/python3.8/site-packages/airflow/example_dags/example_task_group.py
[2022-01-05 20:38:34,903] {processor.py:642} INFO - Processing file /home/airflow/sandbox/lib/python3.8/site-packages/airflow/example_dags/example_task_group.py for tasks to queue
[2022-01-05 20:38:34,904] {logging_mixin.py:109} INFO - [2022-01-05 20:38:34,904] {dagbag.py:500} INFO - Filling up the DagBag from /home/airflow/sandbox/lib/python3.8/site-packages/airflow/example_dags/example_task_group.py
[2022-01-05 20:38:35,060] {processor.py:654} INFO - DAG(s) dict_keys(['example_task_group']) retrieved from /home/airflow/sandbox/lib/python3.8/site-packages/airflow/example_dags/example_task_group.py
[2022-01-05 20:38:35,102] {logging_mixin.py:109} INFO - [2022-01-05 20:38:35,102] {dag.py:2396} INFO - Sync 1 DAGs
[2022-01-05 20:38:35,174] {logging_mixin.py:109} INFO - [2022-01-05 20:38:35,174] {dag.py:2935} INFO - Setting next_dagrun for example_task_group to 2022-01-04T20:38:35.173868+00:00
[2022-01-05 20:38:35,224] {processor.py:171} INFO - Processing /home/airflow/sandbox/lib/python3.8/site-packages/airflow/example_dags/example_task_group.py took 0.330 seconds
[2022-01-05 20:39:05,433] {processor.py:163} INFO - Started process (PID=14187) to work on /home/airflow/sandbox/lib/python3.8/site-packages/airflow/example_dags/example_task_group.py
[2022-01-05 20:39:05,444] {processor.py:642} INFO - Processing file /home/airflow/sandbox/lib/python3.8/site-packages/airflow/example_dags/example_task_group.py for tasks to queue
[2022-01-05 20:39:05,445] {logging_mixin.py:109} INFO - [2022-01-05 20:39:05,444] {dagbag.py:500} INFO - Filling up the DagBag from /home/airflow/sandbox/lib/python3.8/site-packages/airflow/example_dags/example_task_group.py
[2022-01-05 20:39:05,523] {processor.py:654} INFO - DAG(s) dict_keys(['example_task_group']) retrieved from /home/airflow/sandbox/lib/python3.8/site-packages/airflow/example_dags/example_task_group.py
[2022-01-05 20:39:05,585] {logging_mixin.py:109} INFO - [2022-01-05 20:39:05,585] {dag.py:2396} INFO - Sync 1 DAGs
[2022-01-05 20:39:05,636] {logging_mixin.py:109} INFO - [2022-01-05 20:39:05,636] {dag.py:2935} INFO - Setting next_dagrun for example_task_group to 2022-01-04T20:39:05.635991+00:00
[2022-01-05 20:39:05,680] {processor.py:171} INFO - Processing /home/airflow/sandbox/lib/python3.8/site-packages/airflow/example_dags/example_task_group.py took 0.250 seconds
[2022-01-05 20:39:36,109] {processor.py:163} INFO - Started process (PID=14428) to work on /home/airflow/sandbox/lib/python3.8/site-packages/airflow/example_dags/example_task_group.py
[2022-01-05 20:39:36,112] {processor.py:642} INFO - Processing file /home/airflow/sandbox/lib/python3.8/site-packages/airflow/example_dags/example_task_group.py for tasks to queue
[2022-01-05 20:39:36,113] {logging_mixin.py:109} INFO - [2022-01-05 20:39:36,112] {dagbag.py:500} INFO - Filling up the DagBag from /home/airflow/sandbox/lib/python3.8/site-packages/airflow/example_dags/example_task_group.py
[2022-01-05 20:39:36,218] {processor.py:654} INFO - DAG(s) dict_keys(['example_task_group']) retrieved from /home/airflow/sandbox/lib/python3.8/site-packages/airflow/example_dags/example_task_group.py
[2022-01-05 20:39:36,244] {logging_mixin.py:109} INFO - [2022-01-05 20:39:36,244] {dag.py:2396} INFO - Sync 1 DAGs
[2022-01-05 20:39:36,301] {logging_mixin.py:109} INFO - [2022-01-05 20:39:36,301] {dag.py:2935} INFO - Setting next_dagrun for example_task_group to 2022-01-04T20:39:36.301363+00:00
[2022-01-05 20:39:36,333] {processor.py:171} INFO - Processing /home/airflow/sandbox/lib/python3.8/site-packages/airflow/example_dags/example_task_group.py took 0.247 seconds
[2022-01-05 20:40:06,702] {processor.py:163} INFO - Started process (PID=14672) to work on /home/airflow/sandbox/lib/python3.8/site-packages/airflow/example_dags/example_task_group.py
[2022-01-05 20:40:06,704] {processor.py:642} INFO - Processing file /home/airflow/sandbox/lib/python3.8/site-packages/airflow/example_dags/example_task_group.py for tasks to queue
[2022-01-05 20:40:06,704] {logging_mixin.py:109} INFO - [2022-01-05 20:40:06,704] {dagbag.py:500} INFO - Filling up the DagBag from /home/airflow/sandbox/lib/python3.8/site-packages/airflow/example_dags/example_task_group.py
[2022-01-05 20:40:06,818] {processor.py:654} INFO - DAG(s) dict_keys(['example_task_group']) retrieved from /home/airflow/sandbox/lib/python3.8/site-packages/airflow/example_dags/example_task_group.py
[2022-01-05 20:40:06,835] {logging_mixin.py:109} INFO - [2022-01-05 20:40:06,835] {dag.py:2396} INFO - Sync 1 DAGs
[2022-01-05 20:40:06,874] {logging_mixin.py:109} INFO - [2022-01-05 20:40:06,874] {dag.py:2935} INFO - Setting next_dagrun for example_task_group to 2022-01-04T20:40:06.874600+00:00
[2022-01-05 20:40:06,925] {processor.py:171} INFO - Processing /home/airflow/sandbox/lib/python3.8/site-packages/airflow/example_dags/example_task_group.py took 0.242 seconds
[2022-01-05 20:40:37,124] {processor.py:163} INFO - Started process (PID=14919) to work on /home/airflow/sandbox/lib/python3.8/site-packages/airflow/example_dags/example_task_group.py
[2022-01-05 20:40:37,125] {processor.py:642} INFO - Processing file /home/airflow/sandbox/lib/python3.8/site-packages/airflow/example_dags/example_task_group.py for tasks to queue
[2022-01-05 20:40:37,127] {logging_mixin.py:109} INFO - [2022-01-05 20:40:37,126] {dagbag.py:500} INFO - Filling up the DagBag from /home/airflow/sandbox/lib/python3.8/site-packages/airflow/example_dags/example_task_group.py
[2022-01-05 20:40:37,239] {processor.py:654} INFO - DAG(s) dict_keys(['example_task_group']) retrieved from /home/airflow/sandbox/lib/python3.8/site-packages/airflow/example_dags/example_task_group.py
[2022-01-05 20:40:37,273] {logging_mixin.py:109} INFO - [2022-01-05 20:40:37,273] {dag.py:2396} INFO - Sync 1 DAGs
[2022-01-05 20:40:37,313] {logging_mixin.py:109} INFO - [2022-01-05 20:40:37,313] {dag.py:2935} INFO - Setting next_dagrun for example_task_group to 2022-01-04T20:40:37.313558+00:00
[2022-01-05 20:40:37,337] {processor.py:171} INFO - Processing /home/airflow/sandbox/lib/python3.8/site-packages/airflow/example_dags/example_task_group.py took 0.230 seconds
[2022-01-05 20:41:07,846] {processor.py:163} INFO - Started process (PID=15160) to work on /home/airflow/sandbox/lib/python3.8/site-packages/airflow/example_dags/example_task_group.py
[2022-01-05 20:41:07,850] {processor.py:642} INFO - Processing file /home/airflow/sandbox/lib/python3.8/site-packages/airflow/example_dags/example_task_group.py for tasks to queue
[2022-01-05 20:41:07,851] {logging_mixin.py:109} INFO - [2022-01-05 20:41:07,851] {dagbag.py:500} INFO - Filling up the DagBag from /home/airflow/sandbox/lib/python3.8/site-packages/airflow/example_dags/example_task_group.py
[2022-01-05 20:41:07,940] {processor.py:654} INFO - DAG(s) dict_keys(['example_task_group']) retrieved from /home/airflow/sandbox/lib/python3.8/site-packages/airflow/example_dags/example_task_group.py
[2022-01-05 20:41:07,951] {logging_mixin.py:109} INFO - [2022-01-05 20:41:07,950] {dag.py:2396} INFO - Sync 1 DAGs
[2022-01-05 20:41:08,013] {logging_mixin.py:109} INFO - [2022-01-05 20:41:08,013] {dag.py:2935} INFO - Setting next_dagrun for example_task_group to 2022-01-04T20:41:08.012555+00:00
[2022-01-05 20:41:08,052] {processor.py:171} INFO - Processing /home/airflow/sandbox/lib/python3.8/site-packages/airflow/example_dags/example_task_group.py took 0.216 seconds
[2022-01-05 20:41:38,248] {processor.py:163} INFO - Started process (PID=15401) to work on /home/airflow/sandbox/lib/python3.8/site-packages/airflow/example_dags/example_task_group.py
[2022-01-05 20:41:38,254] {processor.py:642} INFO - Processing file /home/airflow/sandbox/lib/python3.8/site-packages/airflow/example_dags/example_task_group.py for tasks to queue
[2022-01-05 20:41:38,255] {logging_mixin.py:109} INFO - [2022-01-05 20:41:38,255] {dagbag.py:500} INFO - Filling up the DagBag from /home/airflow/sandbox/lib/python3.8/site-packages/airflow/example_dags/example_task_group.py
[2022-01-05 20:41:38,358] {processor.py:654} INFO - DAG(s) dict_keys(['example_task_group']) retrieved from /home/airflow/sandbox/lib/python3.8/site-packages/airflow/example_dags/example_task_group.py
[2022-01-05 20:41:38,410] {logging_mixin.py:109} INFO - [2022-01-05 20:41:38,410] {dag.py:2396} INFO - Sync 1 DAGs
[2022-01-05 20:41:38,501] {logging_mixin.py:109} INFO - [2022-01-05 20:41:38,501] {dag.py:2935} INFO - Setting next_dagrun for example_task_group to 2022-01-04T20:41:38.500404+00:00
[2022-01-05 20:41:38,523] {processor.py:171} INFO - Processing /home/airflow/sandbox/lib/python3.8/site-packages/airflow/example_dags/example_task_group.py took 0.348 seconds
[2022-01-05 20:42:09,419] {processor.py:163} INFO - Started process (PID=15646) to work on /home/airflow/sandbox/lib/python3.8/site-packages/airflow/example_dags/example_task_group.py
[2022-01-05 20:42:09,420] {processor.py:642} INFO - Processing file /home/airflow/sandbox/lib/python3.8/site-packages/airflow/example_dags/example_task_group.py for tasks to queue
[2022-01-05 20:42:09,421] {logging_mixin.py:109} INFO - [2022-01-05 20:42:09,421] {dagbag.py:500} INFO - Filling up the DagBag from /home/airflow/sandbox/lib/python3.8/site-packages/airflow/example_dags/example_task_group.py
[2022-01-05 20:42:09,963] {processor.py:654} INFO - DAG(s) dict_keys(['example_task_group']) retrieved from /home/airflow/sandbox/lib/python3.8/site-packages/airflow/example_dags/example_task_group.py
[2022-01-05 20:42:10,116] {logging_mixin.py:109} INFO - [2022-01-05 20:42:10,115] {dag.py:2396} INFO - Sync 1 DAGs
[2022-01-05 20:42:10,173] {logging_mixin.py:109} INFO - [2022-01-05 20:42:10,173] {dag.py:2935} INFO - Setting next_dagrun for example_task_group to 2022-01-04T20:42:10.172126+00:00
[2022-01-05 20:42:10,223] {processor.py:171} INFO - Processing /home/airflow/sandbox/lib/python3.8/site-packages/airflow/example_dags/example_task_group.py took 0.848 seconds
[2022-01-05 20:42:40,368] {processor.py:163} INFO - Started process (PID=15884) to work on /home/airflow/sandbox/lib/python3.8/site-packages/airflow/example_dags/example_task_group.py
[2022-01-05 20:42:40,369] {processor.py:642} INFO - Processing file /home/airflow/sandbox/lib/python3.8/site-packages/airflow/example_dags/example_task_group.py for tasks to queue
[2022-01-05 20:42:40,369] {logging_mixin.py:109} INFO - [2022-01-05 20:42:40,369] {dagbag.py:500} INFO - Filling up the DagBag from /home/airflow/sandbox/lib/python3.8/site-packages/airflow/example_dags/example_task_group.py
[2022-01-05 20:42:40,466] {processor.py:654} INFO - DAG(s) dict_keys(['example_task_group']) retrieved from /home/airflow/sandbox/lib/python3.8/site-packages/airflow/example_dags/example_task_group.py
[2022-01-05 20:42:40,523] {logging_mixin.py:109} INFO - [2022-01-05 20:42:40,522] {dag.py:2396} INFO - Sync 1 DAGs
[2022-01-05 20:42:40,615] {logging_mixin.py:109} INFO - [2022-01-05 20:42:40,614] {dag.py:2935} INFO - Setting next_dagrun for example_task_group to 2022-01-04T20:42:40.613623+00:00
[2022-01-05 20:42:40,624] {processor.py:171} INFO - Processing /home/airflow/sandbox/lib/python3.8/site-packages/airflow/example_dags/example_task_group.py took 0.262 seconds
[2022-01-05 20:43:11,361] {processor.py:163} INFO - Started process (PID=16125) to work on /home/airflow/sandbox/lib/python3.8/site-packages/airflow/example_dags/example_task_group.py
[2022-01-05 20:43:11,363] {processor.py:642} INFO - Processing file /home/airflow/sandbox/lib/python3.8/site-packages/airflow/example_dags/example_task_group.py for tasks to queue
[2022-01-05 20:43:11,364] {logging_mixin.py:109} INFO - [2022-01-05 20:43:11,364] {dagbag.py:500} INFO - Filling up the DagBag from /home/airflow/sandbox/lib/python3.8/site-packages/airflow/example_dags/example_task_group.py
[2022-01-05 20:43:11,461] {processor.py:654} INFO - DAG(s) dict_keys(['example_task_group']) retrieved from /home/airflow/sandbox/lib/python3.8/site-packages/airflow/example_dags/example_task_group.py
[2022-01-05 20:43:11,477] {logging_mixin.py:109} INFO - [2022-01-05 20:43:11,476] {dag.py:2396} INFO - Sync 1 DAGs
[2022-01-05 20:43:11,510] {logging_mixin.py:109} INFO - [2022-01-05 20:43:11,510] {dag.py:2935} INFO - Setting next_dagrun for example_task_group to 2022-01-04T20:43:11.509275+00:00
[2022-01-05 20:43:11,571] {processor.py:171} INFO - Processing /home/airflow/sandbox/lib/python3.8/site-packages/airflow/example_dags/example_task_group.py took 0.235 seconds
[2022-01-05 20:43:41,679] {processor.py:163} INFO - Started process (PID=16434) to work on /home/airflow/sandbox/lib/python3.8/site-packages/airflow/example_dags/example_task_group.py
[2022-01-05 20:43:41,691] {processor.py:642} INFO - Processing file /home/airflow/sandbox/lib/python3.8/site-packages/airflow/example_dags/example_task_group.py for tasks to queue
[2022-01-05 20:43:41,701] {logging_mixin.py:109} INFO - [2022-01-05 20:43:41,700] {dagbag.py:500} INFO - Filling up the DagBag from /home/airflow/sandbox/lib/python3.8/site-packages/airflow/example_dags/example_task_group.py
[2022-01-05 20:43:41,814] {processor.py:654} INFO - DAG(s) dict_keys(['example_task_group']) retrieved from /home/airflow/sandbox/lib/python3.8/site-packages/airflow/example_dags/example_task_group.py
[2022-01-05 20:43:41,850] {logging_mixin.py:109} INFO - [2022-01-05 20:43:41,850] {dag.py:2396} INFO - Sync 1 DAGs
[2022-01-05 20:43:41,920] {logging_mixin.py:109} INFO - [2022-01-05 20:43:41,920] {dag.py:2935} INFO - Setting next_dagrun for example_task_group to 2022-01-04T20:43:41.920047+00:00
[2022-01-05 20:43:41,941] {processor.py:171} INFO - Processing /home/airflow/sandbox/lib/python3.8/site-packages/airflow/example_dags/example_task_group.py took 0.265 seconds
[2022-01-05 20:44:12,089] {processor.py:163} INFO - Started process (PID=16681) to work on /home/airflow/sandbox/lib/python3.8/site-packages/airflow/example_dags/example_task_group.py
[2022-01-05 20:44:12,092] {processor.py:642} INFO - Processing file /home/airflow/sandbox/lib/python3.8/site-packages/airflow/example_dags/example_task_group.py for tasks to queue
[2022-01-05 20:44:12,094] {logging_mixin.py:109} INFO - [2022-01-05 20:44:12,094] {dagbag.py:500} INFO - Filling up the DagBag from /home/airflow/sandbox/lib/python3.8/site-packages/airflow/example_dags/example_task_group.py
[2022-01-05 20:44:12,157] {processor.py:654} INFO - DAG(s) dict_keys(['example_task_group']) retrieved from /home/airflow/sandbox/lib/python3.8/site-packages/airflow/example_dags/example_task_group.py
[2022-01-05 20:44:12,175] {logging_mixin.py:109} INFO - [2022-01-05 20:44:12,174] {dag.py:2396} INFO - Sync 1 DAGs
[2022-01-05 20:44:12,207] {logging_mixin.py:109} INFO - [2022-01-05 20:44:12,207] {dag.py:2935} INFO - Setting next_dagrun for example_task_group to 2022-01-04T20:44:12.206986+00:00
[2022-01-05 20:44:12,218] {processor.py:171} INFO - Processing /home/airflow/sandbox/lib/python3.8/site-packages/airflow/example_dags/example_task_group.py took 0.134 seconds
[2022-01-05 20:44:42,811] {processor.py:163} INFO - Started process (PID=16922) to work on /home/airflow/sandbox/lib/python3.8/site-packages/airflow/example_dags/example_task_group.py
[2022-01-05 20:44:42,812] {processor.py:642} INFO - Processing file /home/airflow/sandbox/lib/python3.8/site-packages/airflow/example_dags/example_task_group.py for tasks to queue
[2022-01-05 20:44:42,812] {logging_mixin.py:109} INFO - [2022-01-05 20:44:42,812] {dagbag.py:500} INFO - Filling up the DagBag from /home/airflow/sandbox/lib/python3.8/site-packages/airflow/example_dags/example_task_group.py
[2022-01-05 20:44:42,856] {processor.py:654} INFO - DAG(s) dict_keys(['example_task_group']) retrieved from /home/airflow/sandbox/lib/python3.8/site-packages/airflow/example_dags/example_task_group.py
[2022-01-05 20:44:42,870] {logging_mixin.py:109} INFO - [2022-01-05 20:44:42,870] {dag.py:2396} INFO - Sync 1 DAGs
[2022-01-05 20:44:42,892] {logging_mixin.py:109} INFO - [2022-01-05 20:44:42,891] {dag.py:2935} INFO - Setting next_dagrun for example_task_group to 2022-01-04T20:44:42.891711+00:00
[2022-01-05 20:44:42,909] {processor.py:171} INFO - Processing /home/airflow/sandbox/lib/python3.8/site-packages/airflow/example_dags/example_task_group.py took 0.103 seconds
[2022-01-05 20:45:12,993] {processor.py:163} INFO - Started process (PID=17172) to work on /home/airflow/sandbox/lib/python3.8/site-packages/airflow/example_dags/example_task_group.py
[2022-01-05 20:45:12,994] {processor.py:642} INFO - Processing file /home/airflow/sandbox/lib/python3.8/site-packages/airflow/example_dags/example_task_group.py for tasks to queue
[2022-01-05 20:45:12,994] {logging_mixin.py:109} INFO - [2022-01-05 20:45:12,994] {dagbag.py:500} INFO - Filling up the DagBag from /home/airflow/sandbox/lib/python3.8/site-packages/airflow/example_dags/example_task_group.py
[2022-01-05 20:45:13,060] {processor.py:654} INFO - DAG(s) dict_keys(['example_task_group']) retrieved from /home/airflow/sandbox/lib/python3.8/site-packages/airflow/example_dags/example_task_group.py
[2022-01-05 20:45:13,084] {logging_mixin.py:109} INFO - [2022-01-05 20:45:13,083] {dag.py:2396} INFO - Sync 1 DAGs
[2022-01-05 20:45:13,109] {logging_mixin.py:109} INFO - [2022-01-05 20:45:13,108] {dag.py:2935} INFO - Setting next_dagrun for example_task_group to 2022-01-04T20:45:13.108717+00:00
[2022-01-05 20:45:13,119] {processor.py:171} INFO - Processing /home/airflow/sandbox/lib/python3.8/site-packages/airflow/example_dags/example_task_group.py took 0.132 seconds
[2022-01-05 20:45:43,366] {processor.py:163} INFO - Started process (PID=17413) to work on /home/airflow/sandbox/lib/python3.8/site-packages/airflow/example_dags/example_task_group.py
[2022-01-05 20:45:43,369] {processor.py:642} INFO - Processing file /home/airflow/sandbox/lib/python3.8/site-packages/airflow/example_dags/example_task_group.py for tasks to queue
[2022-01-05 20:45:43,371] {logging_mixin.py:109} INFO - [2022-01-05 20:45:43,371] {dagbag.py:500} INFO - Filling up the DagBag from /home/airflow/sandbox/lib/python3.8/site-packages/airflow/example_dags/example_task_group.py
[2022-01-05 20:45:43,423] {processor.py:654} INFO - DAG(s) dict_keys(['example_task_group']) retrieved from /home/airflow/sandbox/lib/python3.8/site-packages/airflow/example_dags/example_task_group.py
[2022-01-05 20:45:43,452] {logging_mixin.py:109} INFO - [2022-01-05 20:45:43,452] {dag.py:2396} INFO - Sync 1 DAGs
[2022-01-05 20:45:43,475] {logging_mixin.py:109} INFO - [2022-01-05 20:45:43,475] {dag.py:2935} INFO - Setting next_dagrun for example_task_group to 2022-01-04T20:45:43.475569+00:00
[2022-01-05 20:45:43,487] {processor.py:171} INFO - Processing /home/airflow/sandbox/lib/python3.8/site-packages/airflow/example_dags/example_task_group.py took 0.128 seconds
[2022-01-05 20:46:14,189] {processor.py:163} INFO - Started process (PID=17661) to work on /home/airflow/sandbox/lib/python3.8/site-packages/airflow/example_dags/example_task_group.py
[2022-01-05 20:46:14,194] {processor.py:642} INFO - Processing file /home/airflow/sandbox/lib/python3.8/site-packages/airflow/example_dags/example_task_group.py for tasks to queue
[2022-01-05 20:46:14,194] {logging_mixin.py:109} INFO - [2022-01-05 20:46:14,194] {dagbag.py:500} INFO - Filling up the DagBag from /home/airflow/sandbox/lib/python3.8/site-packages/airflow/example_dags/example_task_group.py
[2022-01-05 20:46:14,232] {processor.py:654} INFO - DAG(s) dict_keys(['example_task_group']) retrieved from /home/airflow/sandbox/lib/python3.8/site-packages/airflow/example_dags/example_task_group.py
[2022-01-05 20:46:14,243] {logging_mixin.py:109} INFO - [2022-01-05 20:46:14,243] {dag.py:2396} INFO - Sync 1 DAGs
[2022-01-05 20:46:14,265] {logging_mixin.py:109} INFO - [2022-01-05 20:46:14,265] {dag.py:2935} INFO - Setting next_dagrun for example_task_group to 2022-01-04T20:46:14.265254+00:00
[2022-01-05 20:46:14,276] {processor.py:171} INFO - Processing /home/airflow/sandbox/lib/python3.8/site-packages/airflow/example_dags/example_task_group.py took 0.091 seconds
[2022-01-05 20:46:44,787] {processor.py:163} INFO - Started process (PID=17908) to work on /home/airflow/sandbox/lib/python3.8/site-packages/airflow/example_dags/example_task_group.py
[2022-01-05 20:46:44,789] {processor.py:642} INFO - Processing file /home/airflow/sandbox/lib/python3.8/site-packages/airflow/example_dags/example_task_group.py for tasks to queue
[2022-01-05 20:46:44,789] {logging_mixin.py:109} INFO - [2022-01-05 20:46:44,789] {dagbag.py:500} INFO - Filling up the DagBag from /home/airflow/sandbox/lib/python3.8/site-packages/airflow/example_dags/example_task_group.py
[2022-01-05 20:46:44,847] {processor.py:654} INFO - DAG(s) dict_keys(['example_task_group']) retrieved from /home/airflow/sandbox/lib/python3.8/site-packages/airflow/example_dags/example_task_group.py
[2022-01-05 20:46:44,862] {logging_mixin.py:109} INFO - [2022-01-05 20:46:44,862] {dag.py:2396} INFO - Sync 1 DAGs
[2022-01-05 20:46:44,886] {logging_mixin.py:109} INFO - [2022-01-05 20:46:44,886] {dag.py:2935} INFO - Setting next_dagrun for example_task_group to 2022-01-04T20:46:44.885598+00:00
[2022-01-05 20:46:44,903] {processor.py:171} INFO - Processing /home/airflow/sandbox/lib/python3.8/site-packages/airflow/example_dags/example_task_group.py took 0.121 seconds
[2022-01-05 20:47:15,651] {processor.py:163} INFO - Started process (PID=18155) to work on /home/airflow/sandbox/lib/python3.8/site-packages/airflow/example_dags/example_task_group.py
[2022-01-05 20:47:15,653] {processor.py:642} INFO - Processing file /home/airflow/sandbox/lib/python3.8/site-packages/airflow/example_dags/example_task_group.py for tasks to queue
[2022-01-05 20:47:15,653] {logging_mixin.py:109} INFO - [2022-01-05 20:47:15,653] {dagbag.py:500} INFO - Filling up the DagBag from /home/airflow/sandbox/lib/python3.8/site-packages/airflow/example_dags/example_task_group.py
[2022-01-05 20:47:15,714] {processor.py:654} INFO - DAG(s) dict_keys(['example_task_group']) retrieved from /home/airflow/sandbox/lib/python3.8/site-packages/airflow/example_dags/example_task_group.py
[2022-01-05 20:47:15,740] {logging_mixin.py:109} INFO - [2022-01-05 20:47:15,740] {dag.py:2396} INFO - Sync 1 DAGs
[2022-01-05 20:47:15,760] {logging_mixin.py:109} INFO - [2022-01-05 20:47:15,760] {dag.py:2935} INFO - Setting next_dagrun for example_task_group to 2022-01-04T20:47:15.759904+00:00
[2022-01-05 20:47:15,771] {processor.py:171} INFO - Processing /home/airflow/sandbox/lib/python3.8/site-packages/airflow/example_dags/example_task_group.py took 0.124 seconds
[2022-01-05 20:47:45,915] {processor.py:163} INFO - Started process (PID=18396) to work on /home/airflow/sandbox/lib/python3.8/site-packages/airflow/example_dags/example_task_group.py
[2022-01-05 20:47:45,920] {processor.py:642} INFO - Processing file /home/airflow/sandbox/lib/python3.8/site-packages/airflow/example_dags/example_task_group.py for tasks to queue
[2022-01-05 20:47:45,922] {logging_mixin.py:109} INFO - [2022-01-05 20:47:45,922] {dagbag.py:500} INFO - Filling up the DagBag from /home/airflow/sandbox/lib/python3.8/site-packages/airflow/example_dags/example_task_group.py
[2022-01-05 20:47:45,990] {processor.py:654} INFO - DAG(s) dict_keys(['example_task_group']) retrieved from /home/airflow/sandbox/lib/python3.8/site-packages/airflow/example_dags/example_task_group.py
[2022-01-05 20:47:46,083] {logging_mixin.py:109} INFO - [2022-01-05 20:47:46,083] {dag.py:2396} INFO - Sync 1 DAGs
[2022-01-05 20:47:46,126] {logging_mixin.py:109} INFO - [2022-01-05 20:47:46,126] {dag.py:2935} INFO - Setting next_dagrun for example_task_group to 2022-01-04T20:47:46.126141+00:00
[2022-01-05 20:47:46,142] {processor.py:171} INFO - Processing /home/airflow/sandbox/lib/python3.8/site-packages/airflow/example_dags/example_task_group.py took 0.237 seconds
[2022-01-05 20:48:16,214] {processor.py:163} INFO - Started process (PID=18676) to work on /home/airflow/sandbox/lib/python3.8/site-packages/airflow/example_dags/example_task_group.py
[2022-01-05 20:48:16,215] {processor.py:642} INFO - Processing file /home/airflow/sandbox/lib/python3.8/site-packages/airflow/example_dags/example_task_group.py for tasks to queue
[2022-01-05 20:48:16,216] {logging_mixin.py:109} INFO - [2022-01-05 20:48:16,216] {dagbag.py:500} INFO - Filling up the DagBag from /home/airflow/sandbox/lib/python3.8/site-packages/airflow/example_dags/example_task_group.py
[2022-01-05 20:48:16,248] {processor.py:654} INFO - DAG(s) dict_keys(['example_task_group']) retrieved from /home/airflow/sandbox/lib/python3.8/site-packages/airflow/example_dags/example_task_group.py
[2022-01-05 20:48:16,256] {logging_mixin.py:109} INFO - [2022-01-05 20:48:16,256] {dag.py:2396} INFO - Sync 1 DAGs
[2022-01-05 20:48:16,270] {logging_mixin.py:109} INFO - [2022-01-05 20:48:16,270] {dag.py:2935} INFO - Setting next_dagrun for example_task_group to 2022-01-04T20:48:16.270064+00:00
[2022-01-05 20:48:16,279] {processor.py:171} INFO - Processing /home/airflow/sandbox/lib/python3.8/site-packages/airflow/example_dags/example_task_group.py took 0.068 seconds
[2022-01-05 20:48:46,565] {processor.py:163} INFO - Started process (PID=18948) to work on /home/airflow/sandbox/lib/python3.8/site-packages/airflow/example_dags/example_task_group.py
[2022-01-05 20:48:46,566] {processor.py:642} INFO - Processing file /home/airflow/sandbox/lib/python3.8/site-packages/airflow/example_dags/example_task_group.py for tasks to queue
[2022-01-05 20:48:46,567] {logging_mixin.py:109} INFO - [2022-01-05 20:48:46,567] {dagbag.py:500} INFO - Filling up the DagBag from /home/airflow/sandbox/lib/python3.8/site-packages/airflow/example_dags/example_task_group.py
[2022-01-05 20:48:46,805] {processor.py:654} INFO - DAG(s) dict_keys(['example_task_group']) retrieved from /home/airflow/sandbox/lib/python3.8/site-packages/airflow/example_dags/example_task_group.py
[2022-01-05 20:48:46,855] {logging_mixin.py:109} INFO - [2022-01-05 20:48:46,855] {dag.py:2396} INFO - Sync 1 DAGs
[2022-01-05 20:48:46,962] {logging_mixin.py:109} INFO - [2022-01-05 20:48:46,962] {dag.py:2935} INFO - Setting next_dagrun for example_task_group to 2022-01-04T20:48:46.962296+00:00
[2022-01-05 20:48:46,975] {processor.py:171} INFO - Processing /home/airflow/sandbox/lib/python3.8/site-packages/airflow/example_dags/example_task_group.py took 0.413 seconds
[2022-01-05 20:49:17,291] {processor.py:163} INFO - Started process (PID=19193) to work on /home/airflow/sandbox/lib/python3.8/site-packages/airflow/example_dags/example_task_group.py
[2022-01-05 20:49:17,292] {processor.py:642} INFO - Processing file /home/airflow/sandbox/lib/python3.8/site-packages/airflow/example_dags/example_task_group.py for tasks to queue
[2022-01-05 20:49:17,292] {logging_mixin.py:109} INFO - [2022-01-05 20:49:17,292] {dagbag.py:500} INFO - Filling up the DagBag from /home/airflow/sandbox/lib/python3.8/site-packages/airflow/example_dags/example_task_group.py
[2022-01-05 20:49:17,444] {processor.py:654} INFO - DAG(s) dict_keys(['example_task_group']) retrieved from /home/airflow/sandbox/lib/python3.8/site-packages/airflow/example_dags/example_task_group.py
[2022-01-05 20:49:17,484] {logging_mixin.py:109} INFO - [2022-01-05 20:49:17,483] {dag.py:2396} INFO - Sync 1 DAGs
[2022-01-05 20:49:17,512] {logging_mixin.py:109} INFO - [2022-01-05 20:49:17,511] {dag.py:2935} INFO - Setting next_dagrun for example_task_group to 2022-01-04T20:49:17.511190+00:00
[2022-01-05 20:49:17,555] {processor.py:171} INFO - Processing /home/airflow/sandbox/lib/python3.8/site-packages/airflow/example_dags/example_task_group.py took 0.267 seconds
[2022-01-05 20:49:48,078] {processor.py:163} INFO - Started process (PID=19434) to work on /home/airflow/sandbox/lib/python3.8/site-packages/airflow/example_dags/example_task_group.py
[2022-01-05 20:49:48,080] {processor.py:642} INFO - Processing file /home/airflow/sandbox/lib/python3.8/site-packages/airflow/example_dags/example_task_group.py for tasks to queue
[2022-01-05 20:49:48,080] {logging_mixin.py:109} INFO - [2022-01-05 20:49:48,080] {dagbag.py:500} INFO - Filling up the DagBag from /home/airflow/sandbox/lib/python3.8/site-packages/airflow/example_dags/example_task_group.py
[2022-01-05 20:49:48,133] {processor.py:654} INFO - DAG(s) dict_keys(['example_task_group']) retrieved from /home/airflow/sandbox/lib/python3.8/site-packages/airflow/example_dags/example_task_group.py
[2022-01-05 20:49:48,152] {logging_mixin.py:109} INFO - [2022-01-05 20:49:48,152] {dag.py:2396} INFO - Sync 1 DAGs
[2022-01-05 20:49:48,226] {logging_mixin.py:109} INFO - [2022-01-05 20:49:48,226] {dag.py:2935} INFO - Setting next_dagrun for example_task_group to 2022-01-04T20:49:48.225566+00:00
[2022-01-05 20:49:48,239] {processor.py:171} INFO - Processing /home/airflow/sandbox/lib/python3.8/site-packages/airflow/example_dags/example_task_group.py took 0.166 seconds
[2022-01-05 20:50:18,669] {processor.py:163} INFO - Started process (PID=19682) to work on /home/airflow/sandbox/lib/python3.8/site-packages/airflow/example_dags/example_task_group.py
[2022-01-05 20:50:18,670] {processor.py:642} INFO - Processing file /home/airflow/sandbox/lib/python3.8/site-packages/airflow/example_dags/example_task_group.py for tasks to queue
[2022-01-05 20:50:18,670] {logging_mixin.py:109} INFO - [2022-01-05 20:50:18,670] {dagbag.py:500} INFO - Filling up the DagBag from /home/airflow/sandbox/lib/python3.8/site-packages/airflow/example_dags/example_task_group.py
[2022-01-05 20:50:18,731] {processor.py:654} INFO - DAG(s) dict_keys(['example_task_group']) retrieved from /home/airflow/sandbox/lib/python3.8/site-packages/airflow/example_dags/example_task_group.py
[2022-01-05 20:50:18,745] {logging_mixin.py:109} INFO - [2022-01-05 20:50:18,745] {dag.py:2396} INFO - Sync 1 DAGs
[2022-01-05 20:50:18,790] {logging_mixin.py:109} INFO - [2022-01-05 20:50:18,790] {dag.py:2935} INFO - Setting next_dagrun for example_task_group to 2022-01-04T20:50:18.790066+00:00
[2022-01-05 20:50:18,822] {processor.py:171} INFO - Processing /home/airflow/sandbox/lib/python3.8/site-packages/airflow/example_dags/example_task_group.py took 0.158 seconds
[2022-01-05 20:50:49,628] {processor.py:163} INFO - Started process (PID=19921) to work on /home/airflow/sandbox/lib/python3.8/site-packages/airflow/example_dags/example_task_group.py
[2022-01-05 20:50:49,630] {processor.py:642} INFO - Processing file /home/airflow/sandbox/lib/python3.8/site-packages/airflow/example_dags/example_task_group.py for tasks to queue
[2022-01-05 20:50:49,631] {logging_mixin.py:109} INFO - [2022-01-05 20:50:49,630] {dagbag.py:500} INFO - Filling up the DagBag from /home/airflow/sandbox/lib/python3.8/site-packages/airflow/example_dags/example_task_group.py
[2022-01-05 20:50:49,784] {processor.py:654} INFO - DAG(s) dict_keys(['example_task_group']) retrieved from /home/airflow/sandbox/lib/python3.8/site-packages/airflow/example_dags/example_task_group.py
[2022-01-05 20:50:49,859] {logging_mixin.py:109} INFO - [2022-01-05 20:50:49,859] {dag.py:2396} INFO - Sync 1 DAGs
[2022-01-05 20:50:49,925] {logging_mixin.py:109} INFO - [2022-01-05 20:50:49,925] {dag.py:2935} INFO - Setting next_dagrun for example_task_group to 2022-01-04T20:50:49.925558+00:00
[2022-01-05 20:50:50,025] {processor.py:171} INFO - Processing /home/airflow/sandbox/lib/python3.8/site-packages/airflow/example_dags/example_task_group.py took 0.440 seconds
[2022-01-05 20:51:20,420] {processor.py:163} INFO - Started process (PID=20164) to work on /home/airflow/sandbox/lib/python3.8/site-packages/airflow/example_dags/example_task_group.py
[2022-01-05 20:51:20,422] {processor.py:642} INFO - Processing file /home/airflow/sandbox/lib/python3.8/site-packages/airflow/example_dags/example_task_group.py for tasks to queue
[2022-01-05 20:51:20,423] {logging_mixin.py:109} INFO - [2022-01-05 20:51:20,423] {dagbag.py:500} INFO - Filling up the DagBag from /home/airflow/sandbox/lib/python3.8/site-packages/airflow/example_dags/example_task_group.py
[2022-01-05 20:51:20,504] {processor.py:654} INFO - DAG(s) dict_keys(['example_task_group']) retrieved from /home/airflow/sandbox/lib/python3.8/site-packages/airflow/example_dags/example_task_group.py
[2022-01-05 20:51:20,525] {logging_mixin.py:109} INFO - [2022-01-05 20:51:20,525] {dag.py:2396} INFO - Sync 1 DAGs
[2022-01-05 20:51:20,568] {logging_mixin.py:109} INFO - [2022-01-05 20:51:20,568] {dag.py:2935} INFO - Setting next_dagrun for example_task_group to 2022-01-04T20:51:20.568490+00:00
[2022-01-05 20:51:20,597] {processor.py:171} INFO - Processing /home/airflow/sandbox/lib/python3.8/site-packages/airflow/example_dags/example_task_group.py took 0.185 seconds
[2022-01-05 20:51:50,947] {processor.py:163} INFO - Started process (PID=20410) to work on /home/airflow/sandbox/lib/python3.8/site-packages/airflow/example_dags/example_task_group.py
[2022-01-05 20:51:50,950] {processor.py:642} INFO - Processing file /home/airflow/sandbox/lib/python3.8/site-packages/airflow/example_dags/example_task_group.py for tasks to queue
[2022-01-05 20:51:50,952] {logging_mixin.py:109} INFO - [2022-01-05 20:51:50,952] {dagbag.py:500} INFO - Filling up the DagBag from /home/airflow/sandbox/lib/python3.8/site-packages/airflow/example_dags/example_task_group.py
[2022-01-05 20:51:51,071] {processor.py:654} INFO - DAG(s) dict_keys(['example_task_group']) retrieved from /home/airflow/sandbox/lib/python3.8/site-packages/airflow/example_dags/example_task_group.py
[2022-01-05 20:51:51,166] {logging_mixin.py:109} INFO - [2022-01-05 20:51:51,166] {dag.py:2396} INFO - Sync 1 DAGs
[2022-01-05 20:51:51,272] {logging_mixin.py:109} INFO - [2022-01-05 20:51:51,272] {dag.py:2935} INFO - Setting next_dagrun for example_task_group to 2022-01-04T20:51:51.272500+00:00
[2022-01-05 20:51:51,297] {processor.py:171} INFO - Processing /home/airflow/sandbox/lib/python3.8/site-packages/airflow/example_dags/example_task_group.py took 0.353 seconds
[2022-01-05 20:52:21,955] {processor.py:163} INFO - Started process (PID=20653) to work on /home/airflow/sandbox/lib/python3.8/site-packages/airflow/example_dags/example_task_group.py
[2022-01-05 20:52:21,958] {processor.py:642} INFO - Processing file /home/airflow/sandbox/lib/python3.8/site-packages/airflow/example_dags/example_task_group.py for tasks to queue
[2022-01-05 20:52:21,959] {logging_mixin.py:109} INFO - [2022-01-05 20:52:21,959] {dagbag.py:500} INFO - Filling up the DagBag from /home/airflow/sandbox/lib/python3.8/site-packages/airflow/example_dags/example_task_group.py
[2022-01-05 20:52:22,188] {processor.py:654} INFO - DAG(s) dict_keys(['example_task_group']) retrieved from /home/airflow/sandbox/lib/python3.8/site-packages/airflow/example_dags/example_task_group.py
[2022-01-05 20:52:22,248] {logging_mixin.py:109} INFO - [2022-01-05 20:52:22,248] {dag.py:2396} INFO - Sync 1 DAGs
[2022-01-05 20:52:22,294] {logging_mixin.py:109} INFO - [2022-01-05 20:52:22,294] {dag.py:2935} INFO - Setting next_dagrun for example_task_group to 2022-01-04T20:52:22.293206+00:00
[2022-01-05 20:52:22,354] {processor.py:171} INFO - Processing /home/airflow/sandbox/lib/python3.8/site-packages/airflow/example_dags/example_task_group.py took 0.432 seconds
[2022-01-05 20:52:52,767] {processor.py:163} INFO - Started process (PID=20900) to work on /home/airflow/sandbox/lib/python3.8/site-packages/airflow/example_dags/example_task_group.py
[2022-01-05 20:52:52,782] {processor.py:642} INFO - Processing file /home/airflow/sandbox/lib/python3.8/site-packages/airflow/example_dags/example_task_group.py for tasks to queue
[2022-01-05 20:52:52,783] {logging_mixin.py:109} INFO - [2022-01-05 20:52:52,783] {dagbag.py:500} INFO - Filling up the DagBag from /home/airflow/sandbox/lib/python3.8/site-packages/airflow/example_dags/example_task_group.py
[2022-01-05 20:52:52,899] {processor.py:654} INFO - DAG(s) dict_keys(['example_task_group']) retrieved from /home/airflow/sandbox/lib/python3.8/site-packages/airflow/example_dags/example_task_group.py
[2022-01-05 20:52:52,982] {logging_mixin.py:109} INFO - [2022-01-05 20:52:52,982] {dag.py:2396} INFO - Sync 1 DAGs
[2022-01-05 20:52:53,004] {logging_mixin.py:109} INFO - [2022-01-05 20:52:53,004] {dag.py:2935} INFO - Setting next_dagrun for example_task_group to 2022-01-04T20:52:53.004245+00:00
[2022-01-05 20:52:53,051] {processor.py:171} INFO - Processing /home/airflow/sandbox/lib/python3.8/site-packages/airflow/example_dags/example_task_group.py took 0.288 seconds
[2022-01-05 20:53:23,801] {processor.py:163} INFO - Started process (PID=21210) to work on /home/airflow/sandbox/lib/python3.8/site-packages/airflow/example_dags/example_task_group.py
[2022-01-05 20:53:23,841] {processor.py:642} INFO - Processing file /home/airflow/sandbox/lib/python3.8/site-packages/airflow/example_dags/example_task_group.py for tasks to queue
[2022-01-05 20:53:23,844] {logging_mixin.py:109} INFO - [2022-01-05 20:53:23,844] {dagbag.py:500} INFO - Filling up the DagBag from /home/airflow/sandbox/lib/python3.8/site-packages/airflow/example_dags/example_task_group.py
[2022-01-05 20:53:23,959] {processor.py:654} INFO - DAG(s) dict_keys(['example_task_group']) retrieved from /home/airflow/sandbox/lib/python3.8/site-packages/airflow/example_dags/example_task_group.py
[2022-01-05 20:53:24,008] {logging_mixin.py:109} INFO - [2022-01-05 20:53:24,008] {dag.py:2396} INFO - Sync 1 DAGs
[2022-01-05 20:53:24,064] {logging_mixin.py:109} INFO - [2022-01-05 20:53:24,064] {dag.py:2935} INFO - Setting next_dagrun for example_task_group to 2022-01-04T20:53:24.063815+00:00
[2022-01-05 20:53:24,103] {processor.py:171} INFO - Processing /home/airflow/sandbox/lib/python3.8/site-packages/airflow/example_dags/example_task_group.py took 0.318 seconds
[2022-01-05 20:53:54,747] {processor.py:163} INFO - Started process (PID=21457) to work on /home/airflow/sandbox/lib/python3.8/site-packages/airflow/example_dags/example_task_group.py
[2022-01-05 20:53:54,749] {processor.py:642} INFO - Processing file /home/airflow/sandbox/lib/python3.8/site-packages/airflow/example_dags/example_task_group.py for tasks to queue
[2022-01-05 20:53:54,751] {logging_mixin.py:109} INFO - [2022-01-05 20:53:54,750] {dagbag.py:500} INFO - Filling up the DagBag from /home/airflow/sandbox/lib/python3.8/site-packages/airflow/example_dags/example_task_group.py
[2022-01-05 20:53:54,912] {processor.py:654} INFO - DAG(s) dict_keys(['example_task_group']) retrieved from /home/airflow/sandbox/lib/python3.8/site-packages/airflow/example_dags/example_task_group.py
[2022-01-05 20:53:54,948] {logging_mixin.py:109} INFO - [2022-01-05 20:53:54,948] {dag.py:2396} INFO - Sync 1 DAGs
[2022-01-05 20:53:55,008] {logging_mixin.py:109} INFO - [2022-01-05 20:53:55,008] {dag.py:2935} INFO - Setting next_dagrun for example_task_group to 2022-01-04T20:53:55.008102+00:00
[2022-01-05 20:53:55,030] {processor.py:171} INFO - Processing /home/airflow/sandbox/lib/python3.8/site-packages/airflow/example_dags/example_task_group.py took 0.322 seconds
[2022-01-05 20:54:25,094] {processor.py:163} INFO - Started process (PID=21704) to work on /home/airflow/sandbox/lib/python3.8/site-packages/airflow/example_dags/example_task_group.py
[2022-01-05 20:54:25,101] {processor.py:642} INFO - Processing file /home/airflow/sandbox/lib/python3.8/site-packages/airflow/example_dags/example_task_group.py for tasks to queue
[2022-01-05 20:54:25,107] {logging_mixin.py:109} INFO - [2022-01-05 20:54:25,106] {dagbag.py:500} INFO - Filling up the DagBag from /home/airflow/sandbox/lib/python3.8/site-packages/airflow/example_dags/example_task_group.py
[2022-01-05 20:54:25,229] {processor.py:654} INFO - DAG(s) dict_keys(['example_task_group']) retrieved from /home/airflow/sandbox/lib/python3.8/site-packages/airflow/example_dags/example_task_group.py
[2022-01-05 20:54:25,276] {logging_mixin.py:109} INFO - [2022-01-05 20:54:25,275] {dag.py:2396} INFO - Sync 1 DAGs
[2022-01-05 20:54:25,309] {logging_mixin.py:109} INFO - [2022-01-05 20:54:25,309] {dag.py:2935} INFO - Setting next_dagrun for example_task_group to 2022-01-04T20:54:25.309469+00:00
[2022-01-05 20:54:25,436] {processor.py:171} INFO - Processing /home/airflow/sandbox/lib/python3.8/site-packages/airflow/example_dags/example_task_group.py took 0.345 seconds
[2022-01-05 20:54:55,806] {processor.py:163} INFO - Started process (PID=21952) to work on /home/airflow/sandbox/lib/python3.8/site-packages/airflow/example_dags/example_task_group.py
[2022-01-05 20:54:55,825] {processor.py:642} INFO - Processing file /home/airflow/sandbox/lib/python3.8/site-packages/airflow/example_dags/example_task_group.py for tasks to queue
[2022-01-05 20:54:55,826] {logging_mixin.py:109} INFO - [2022-01-05 20:54:55,826] {dagbag.py:500} INFO - Filling up the DagBag from /home/airflow/sandbox/lib/python3.8/site-packages/airflow/example_dags/example_task_group.py
[2022-01-05 20:54:56,125] {processor.py:654} INFO - DAG(s) dict_keys(['example_task_group']) retrieved from /home/airflow/sandbox/lib/python3.8/site-packages/airflow/example_dags/example_task_group.py
[2022-01-05 20:54:56,179] {logging_mixin.py:109} INFO - [2022-01-05 20:54:56,179] {dag.py:2396} INFO - Sync 1 DAGs
[2022-01-05 20:54:56,203] {logging_mixin.py:109} INFO - [2022-01-05 20:54:56,203] {dag.py:2935} INFO - Setting next_dagrun for example_task_group to 2022-01-04T20:54:56.202941+00:00
[2022-01-05 20:54:56,235] {processor.py:171} INFO - Processing /home/airflow/sandbox/lib/python3.8/site-packages/airflow/example_dags/example_task_group.py took 0.440 seconds
[2022-01-05 20:55:27,083] {processor.py:163} INFO - Started process (PID=22196) to work on /home/airflow/sandbox/lib/python3.8/site-packages/airflow/example_dags/example_task_group.py
[2022-01-05 20:55:27,085] {processor.py:642} INFO - Processing file /home/airflow/sandbox/lib/python3.8/site-packages/airflow/example_dags/example_task_group.py for tasks to queue
[2022-01-05 20:55:27,085] {logging_mixin.py:109} INFO - [2022-01-05 20:55:27,085] {dagbag.py:500} INFO - Filling up the DagBag from /home/airflow/sandbox/lib/python3.8/site-packages/airflow/example_dags/example_task_group.py
[2022-01-05 20:55:27,593] {processor.py:654} INFO - DAG(s) dict_keys(['example_task_group']) retrieved from /home/airflow/sandbox/lib/python3.8/site-packages/airflow/example_dags/example_task_group.py
[2022-01-05 20:55:27,681] {logging_mixin.py:109} INFO - [2022-01-05 20:55:27,681] {dag.py:2396} INFO - Sync 1 DAGs
[2022-01-05 20:55:27,835] {logging_mixin.py:109} INFO - [2022-01-05 20:55:27,835] {dag.py:2935} INFO - Setting next_dagrun for example_task_group to 2022-01-04T20:55:27.835325+00:00
[2022-01-05 20:55:27,851] {processor.py:171} INFO - Processing /home/airflow/sandbox/lib/python3.8/site-packages/airflow/example_dags/example_task_group.py took 0.771 seconds
[2022-01-05 20:55:58,236] {processor.py:163} INFO - Started process (PID=22445) to work on /home/airflow/sandbox/lib/python3.8/site-packages/airflow/example_dags/example_task_group.py
[2022-01-05 20:55:58,238] {processor.py:642} INFO - Processing file /home/airflow/sandbox/lib/python3.8/site-packages/airflow/example_dags/example_task_group.py for tasks to queue
[2022-01-05 20:55:58,239] {logging_mixin.py:109} INFO - [2022-01-05 20:55:58,238] {dagbag.py:500} INFO - Filling up the DagBag from /home/airflow/sandbox/lib/python3.8/site-packages/airflow/example_dags/example_task_group.py
[2022-01-05 20:55:58,538] {processor.py:654} INFO - DAG(s) dict_keys(['example_task_group']) retrieved from /home/airflow/sandbox/lib/python3.8/site-packages/airflow/example_dags/example_task_group.py
[2022-01-05 20:55:58,644] {logging_mixin.py:109} INFO - [2022-01-05 20:55:58,644] {dag.py:2396} INFO - Sync 1 DAGs
[2022-01-05 20:55:58,848] {logging_mixin.py:109} INFO - [2022-01-05 20:55:58,848] {dag.py:2935} INFO - Setting next_dagrun for example_task_group to 2022-01-04T20:55:58.848344+00:00
[2022-01-05 20:55:58,939] {processor.py:171} INFO - Processing /home/airflow/sandbox/lib/python3.8/site-packages/airflow/example_dags/example_task_group.py took 0.709 seconds
[2022-01-05 20:56:29,751] {processor.py:163} INFO - Started process (PID=22695) to work on /home/airflow/sandbox/lib/python3.8/site-packages/airflow/example_dags/example_task_group.py
[2022-01-05 20:56:29,850] {processor.py:642} INFO - Processing file /home/airflow/sandbox/lib/python3.8/site-packages/airflow/example_dags/example_task_group.py for tasks to queue
[2022-01-05 20:56:29,852] {logging_mixin.py:109} INFO - [2022-01-05 20:56:29,852] {dagbag.py:500} INFO - Filling up the DagBag from /home/airflow/sandbox/lib/python3.8/site-packages/airflow/example_dags/example_task_group.py
[2022-01-05 20:56:30,539] {processor.py:654} INFO - DAG(s) dict_keys(['example_task_group']) retrieved from /home/airflow/sandbox/lib/python3.8/site-packages/airflow/example_dags/example_task_group.py
[2022-01-05 20:56:30,688] {logging_mixin.py:109} INFO - [2022-01-05 20:56:30,688] {dag.py:2396} INFO - Sync 1 DAGs
[2022-01-05 20:56:30,943] {logging_mixin.py:109} INFO - [2022-01-05 20:56:30,943] {dag.py:2935} INFO - Setting next_dagrun for example_task_group to 2022-01-04T20:56:30.943161+00:00
[2022-01-05 20:56:31,083] {processor.py:171} INFO - Processing /home/airflow/sandbox/lib/python3.8/site-packages/airflow/example_dags/example_task_group.py took 1.344 seconds
[2022-01-05 20:57:01,323] {processor.py:163} INFO - Started process (PID=22940) to work on /home/airflow/sandbox/lib/python3.8/site-packages/airflow/example_dags/example_task_group.py
[2022-01-05 20:57:01,334] {processor.py:642} INFO - Processing file /home/airflow/sandbox/lib/python3.8/site-packages/airflow/example_dags/example_task_group.py for tasks to queue
[2022-01-05 20:57:01,335] {logging_mixin.py:109} INFO - [2022-01-05 20:57:01,335] {dagbag.py:500} INFO - Filling up the DagBag from /home/airflow/sandbox/lib/python3.8/site-packages/airflow/example_dags/example_task_group.py
[2022-01-05 20:57:01,381] {processor.py:654} INFO - DAG(s) dict_keys(['example_task_group']) retrieved from /home/airflow/sandbox/lib/python3.8/site-packages/airflow/example_dags/example_task_group.py
[2022-01-05 20:57:01,406] {logging_mixin.py:109} INFO - [2022-01-05 20:57:01,406] {dag.py:2396} INFO - Sync 1 DAGs
[2022-01-05 20:57:01,435] {logging_mixin.py:109} INFO - [2022-01-05 20:57:01,435] {dag.py:2935} INFO - Setting next_dagrun for example_task_group to 2022-01-04T20:57:01.435299+00:00
[2022-01-05 20:57:01,451] {processor.py:171} INFO - Processing /home/airflow/sandbox/lib/python3.8/site-packages/airflow/example_dags/example_task_group.py took 0.131 seconds
[2022-01-05 20:57:31,789] {processor.py:163} INFO - Started process (PID=23181) to work on /home/airflow/sandbox/lib/python3.8/site-packages/airflow/example_dags/example_task_group.py
[2022-01-05 20:57:31,790] {processor.py:642} INFO - Processing file /home/airflow/sandbox/lib/python3.8/site-packages/airflow/example_dags/example_task_group.py for tasks to queue
[2022-01-05 20:57:31,791] {logging_mixin.py:109} INFO - [2022-01-05 20:57:31,791] {dagbag.py:500} INFO - Filling up the DagBag from /home/airflow/sandbox/lib/python3.8/site-packages/airflow/example_dags/example_task_group.py
[2022-01-05 20:57:31,986] {processor.py:654} INFO - DAG(s) dict_keys(['example_task_group']) retrieved from /home/airflow/sandbox/lib/python3.8/site-packages/airflow/example_dags/example_task_group.py
[2022-01-05 20:57:32,090] {logging_mixin.py:109} INFO - [2022-01-05 20:57:32,090] {dag.py:2396} INFO - Sync 1 DAGs
[2022-01-05 20:57:32,147] {logging_mixin.py:109} INFO - [2022-01-05 20:57:32,147] {dag.py:2935} INFO - Setting next_dagrun for example_task_group to 2022-01-04T20:57:32.146801+00:00
[2022-01-05 20:57:32,247] {processor.py:171} INFO - Processing /home/airflow/sandbox/lib/python3.8/site-packages/airflow/example_dags/example_task_group.py took 0.465 seconds
[2022-01-05 20:58:02,490] {processor.py:163} INFO - Started process (PID=23428) to work on /home/airflow/sandbox/lib/python3.8/site-packages/airflow/example_dags/example_task_group.py
[2022-01-05 20:58:02,492] {processor.py:642} INFO - Processing file /home/airflow/sandbox/lib/python3.8/site-packages/airflow/example_dags/example_task_group.py for tasks to queue
[2022-01-05 20:58:02,493] {logging_mixin.py:109} INFO - [2022-01-05 20:58:02,493] {dagbag.py:500} INFO - Filling up the DagBag from /home/airflow/sandbox/lib/python3.8/site-packages/airflow/example_dags/example_task_group.py
[2022-01-05 20:58:02,597] {processor.py:654} INFO - DAG(s) dict_keys(['example_task_group']) retrieved from /home/airflow/sandbox/lib/python3.8/site-packages/airflow/example_dags/example_task_group.py
[2022-01-05 20:58:02,639] {logging_mixin.py:109} INFO - [2022-01-05 20:58:02,638] {dag.py:2396} INFO - Sync 1 DAGs
[2022-01-05 20:58:02,692] {logging_mixin.py:109} INFO - [2022-01-05 20:58:02,692] {dag.py:2935} INFO - Setting next_dagrun for example_task_group to 2022-01-04T20:58:02.691003+00:00
[2022-01-05 20:58:02,739] {processor.py:171} INFO - Processing /home/airflow/sandbox/lib/python3.8/site-packages/airflow/example_dags/example_task_group.py took 0.258 seconds
[2022-01-05 20:58:33,645] {processor.py:163} INFO - Started process (PID=23736) to work on /home/airflow/sandbox/lib/python3.8/site-packages/airflow/example_dags/example_task_group.py
[2022-01-05 20:58:33,652] {processor.py:642} INFO - Processing file /home/airflow/sandbox/lib/python3.8/site-packages/airflow/example_dags/example_task_group.py for tasks to queue
[2022-01-05 20:58:33,742] {logging_mixin.py:109} INFO - [2022-01-05 20:58:33,738] {dagbag.py:500} INFO - Filling up the DagBag from /home/airflow/sandbox/lib/python3.8/site-packages/airflow/example_dags/example_task_group.py
[2022-01-05 20:58:33,998] {processor.py:654} INFO - DAG(s) dict_keys(['example_task_group']) retrieved from /home/airflow/sandbox/lib/python3.8/site-packages/airflow/example_dags/example_task_group.py
[2022-01-05 20:58:34,039] {logging_mixin.py:109} INFO - [2022-01-05 20:58:34,039] {dag.py:2396} INFO - Sync 1 DAGs
[2022-01-05 20:58:34,149] {logging_mixin.py:109} INFO - [2022-01-05 20:58:34,149] {dag.py:2935} INFO - Setting next_dagrun for example_task_group to 2022-01-04T20:58:34.148152+00:00
[2022-01-05 20:58:34,197] {processor.py:171} INFO - Processing /home/airflow/sandbox/lib/python3.8/site-packages/airflow/example_dags/example_task_group.py took 0.643 seconds
[2022-01-05 20:59:04,426] {processor.py:163} INFO - Started process (PID=23983) to work on /home/airflow/sandbox/lib/python3.8/site-packages/airflow/example_dags/example_task_group.py
[2022-01-05 20:59:04,428] {processor.py:642} INFO - Processing file /home/airflow/sandbox/lib/python3.8/site-packages/airflow/example_dags/example_task_group.py for tasks to queue
[2022-01-05 20:59:04,429] {logging_mixin.py:109} INFO - [2022-01-05 20:59:04,429] {dagbag.py:500} INFO - Filling up the DagBag from /home/airflow/sandbox/lib/python3.8/site-packages/airflow/example_dags/example_task_group.py
[2022-01-05 20:59:04,851] {processor.py:654} INFO - DAG(s) dict_keys(['example_task_group']) retrieved from /home/airflow/sandbox/lib/python3.8/site-packages/airflow/example_dags/example_task_group.py
[2022-01-05 20:59:05,048] {logging_mixin.py:109} INFO - [2022-01-05 20:59:05,047] {dag.py:2396} INFO - Sync 1 DAGs
[2022-01-05 20:59:05,099] {logging_mixin.py:109} INFO - [2022-01-05 20:59:05,097] {dag.py:2935} INFO - Setting next_dagrun for example_task_group to 2022-01-04T20:59:05.097193+00:00
[2022-01-05 20:59:05,147] {processor.py:171} INFO - Processing /home/airflow/sandbox/lib/python3.8/site-packages/airflow/example_dags/example_task_group.py took 0.755 seconds
[2022-01-05 20:59:35,991] {processor.py:163} INFO - Started process (PID=24221) to work on /home/airflow/sandbox/lib/python3.8/site-packages/airflow/example_dags/example_task_group.py
[2022-01-05 20:59:35,995] {processor.py:642} INFO - Processing file /home/airflow/sandbox/lib/python3.8/site-packages/airflow/example_dags/example_task_group.py for tasks to queue
[2022-01-05 20:59:35,996] {logging_mixin.py:109} INFO - [2022-01-05 20:59:35,995] {dagbag.py:500} INFO - Filling up the DagBag from /home/airflow/sandbox/lib/python3.8/site-packages/airflow/example_dags/example_task_group.py
[2022-01-05 20:59:36,448] {processor.py:654} INFO - DAG(s) dict_keys(['example_task_group']) retrieved from /home/airflow/sandbox/lib/python3.8/site-packages/airflow/example_dags/example_task_group.py
[2022-01-05 20:59:36,495] {logging_mixin.py:109} INFO - [2022-01-05 20:59:36,495] {dag.py:2396} INFO - Sync 1 DAGs
[2022-01-05 20:59:36,545] {logging_mixin.py:109} INFO - [2022-01-05 20:59:36,545] {dag.py:2935} INFO - Setting next_dagrun for example_task_group to 2022-01-04T20:59:36.544927+00:00
[2022-01-05 20:59:36,591] {processor.py:171} INFO - Processing /home/airflow/sandbox/lib/python3.8/site-packages/airflow/example_dags/example_task_group.py took 0.698 seconds
[2022-01-05 21:00:07,538] {processor.py:163} INFO - Started process (PID=24468) to work on /home/airflow/sandbox/lib/python3.8/site-packages/airflow/example_dags/example_task_group.py
[2022-01-05 21:00:07,539] {processor.py:642} INFO - Processing file /home/airflow/sandbox/lib/python3.8/site-packages/airflow/example_dags/example_task_group.py for tasks to queue
[2022-01-05 21:00:07,540] {logging_mixin.py:109} INFO - [2022-01-05 21:00:07,540] {dagbag.py:500} INFO - Filling up the DagBag from /home/airflow/sandbox/lib/python3.8/site-packages/airflow/example_dags/example_task_group.py
[2022-01-05 21:00:07,787] {processor.py:654} INFO - DAG(s) dict_keys(['example_task_group']) retrieved from /home/airflow/sandbox/lib/python3.8/site-packages/airflow/example_dags/example_task_group.py
[2022-01-05 21:00:07,850] {logging_mixin.py:109} INFO - [2022-01-05 21:00:07,849] {dag.py:2396} INFO - Sync 1 DAGs
[2022-01-05 21:00:07,944] {logging_mixin.py:109} INFO - [2022-01-05 21:00:07,944] {dag.py:2935} INFO - Setting next_dagrun for example_task_group to 2022-01-04T21:00:07.943785+00:00
[2022-01-05 21:00:08,027] {processor.py:171} INFO - Processing /home/airflow/sandbox/lib/python3.8/site-packages/airflow/example_dags/example_task_group.py took 0.492 seconds
