[2022-01-05 20:07:31,596] {processor.py:163} INFO - Started process (PID=2579) to work on /home/airflow/sandbox/lib/python3.8/site-packages/airflow/example_dags/example_branch_labels.py
[2022-01-05 20:07:31,603] {processor.py:642} INFO - Processing file /home/airflow/sandbox/lib/python3.8/site-packages/airflow/example_dags/example_branch_labels.py for tasks to queue
[2022-01-05 20:07:31,629] {logging_mixin.py:109} INFO - [2022-01-05 20:07:31,629] {dagbag.py:500} INFO - Filling up the DagBag from /home/airflow/sandbox/lib/python3.8/site-packages/airflow/example_dags/example_branch_labels.py
[2022-01-05 20:07:31,882] {processor.py:654} INFO - DAG(s) dict_keys(['example_branch_labels']) retrieved from /home/airflow/sandbox/lib/python3.8/site-packages/airflow/example_dags/example_branch_labels.py
[2022-01-05 20:07:31,988] {logging_mixin.py:109} INFO - [2022-01-05 20:07:31,987] {dag.py:2396} INFO - Sync 1 DAGs
[2022-01-05 20:07:32,297] {logging_mixin.py:109} INFO - [2022-01-05 20:07:32,297] {dag.py:2935} INFO - Setting next_dagrun for example_branch_labels to 2022-01-04 00:00:00+00:00
[2022-01-05 20:07:32,396] {processor.py:171} INFO - Processing /home/airflow/sandbox/lib/python3.8/site-packages/airflow/example_dags/example_branch_labels.py took 0.819 seconds
[2022-01-05 20:08:02,915] {processor.py:163} INFO - Started process (PID=2849) to work on /home/airflow/sandbox/lib/python3.8/site-packages/airflow/example_dags/example_branch_labels.py
[2022-01-05 20:08:02,930] {processor.py:642} INFO - Processing file /home/airflow/sandbox/lib/python3.8/site-packages/airflow/example_dags/example_branch_labels.py for tasks to queue
[2022-01-05 20:08:02,930] {logging_mixin.py:109} INFO - [2022-01-05 20:08:02,930] {dagbag.py:500} INFO - Filling up the DagBag from /home/airflow/sandbox/lib/python3.8/site-packages/airflow/example_dags/example_branch_labels.py
[2022-01-05 20:08:03,086] {processor.py:654} INFO - DAG(s) dict_keys(['example_branch_labels']) retrieved from /home/airflow/sandbox/lib/python3.8/site-packages/airflow/example_dags/example_branch_labels.py
[2022-01-05 20:08:03,151] {logging_mixin.py:109} INFO - [2022-01-05 20:08:03,150] {dag.py:2396} INFO - Sync 1 DAGs
[2022-01-05 20:08:03,192] {logging_mixin.py:109} INFO - [2022-01-05 20:08:03,192] {dag.py:2935} INFO - Setting next_dagrun for example_branch_labels to 2022-01-04 00:00:00+00:00
[2022-01-05 20:08:03,239] {processor.py:171} INFO - Processing /home/airflow/sandbox/lib/python3.8/site-packages/airflow/example_dags/example_branch_labels.py took 0.331 seconds
[2022-01-05 20:08:33,562] {processor.py:163} INFO - Started process (PID=3150) to work on /home/airflow/sandbox/lib/python3.8/site-packages/airflow/example_dags/example_branch_labels.py
[2022-01-05 20:08:33,565] {processor.py:642} INFO - Processing file /home/airflow/sandbox/lib/python3.8/site-packages/airflow/example_dags/example_branch_labels.py for tasks to queue
[2022-01-05 20:08:33,581] {logging_mixin.py:109} INFO - [2022-01-05 20:08:33,580] {dagbag.py:500} INFO - Filling up the DagBag from /home/airflow/sandbox/lib/python3.8/site-packages/airflow/example_dags/example_branch_labels.py
[2022-01-05 20:08:33,665] {processor.py:654} INFO - DAG(s) dict_keys(['example_branch_labels']) retrieved from /home/airflow/sandbox/lib/python3.8/site-packages/airflow/example_dags/example_branch_labels.py
[2022-01-05 20:08:33,692] {logging_mixin.py:109} INFO - [2022-01-05 20:08:33,692] {dag.py:2396} INFO - Sync 1 DAGs
[2022-01-05 20:08:33,739] {logging_mixin.py:109} INFO - [2022-01-05 20:08:33,739] {dag.py:2935} INFO - Setting next_dagrun for example_branch_labels to 2022-01-04 00:00:00+00:00
[2022-01-05 20:08:33,755] {processor.py:171} INFO - Processing /home/airflow/sandbox/lib/python3.8/site-packages/airflow/example_dags/example_branch_labels.py took 0.198 seconds
[2022-01-05 20:09:04,217] {processor.py:163} INFO - Started process (PID=3364) to work on /home/airflow/sandbox/lib/python3.8/site-packages/airflow/example_dags/example_branch_labels.py
[2022-01-05 20:09:04,267] {processor.py:642} INFO - Processing file /home/airflow/sandbox/lib/python3.8/site-packages/airflow/example_dags/example_branch_labels.py for tasks to queue
[2022-01-05 20:09:04,307] {logging_mixin.py:109} INFO - [2022-01-05 20:09:04,306] {dagbag.py:500} INFO - Filling up the DagBag from /home/airflow/sandbox/lib/python3.8/site-packages/airflow/example_dags/example_branch_labels.py
[2022-01-05 20:09:04,413] {processor.py:654} INFO - DAG(s) dict_keys(['example_branch_labels']) retrieved from /home/airflow/sandbox/lib/python3.8/site-packages/airflow/example_dags/example_branch_labels.py
[2022-01-05 20:09:04,445] {logging_mixin.py:109} INFO - [2022-01-05 20:09:04,444] {dag.py:2396} INFO - Sync 1 DAGs
[2022-01-05 20:09:04,497] {logging_mixin.py:109} INFO - [2022-01-05 20:09:04,496] {dag.py:2935} INFO - Setting next_dagrun for example_branch_labels to 2022-01-04 00:00:00+00:00
[2022-01-05 20:09:04,513] {processor.py:171} INFO - Processing /home/airflow/sandbox/lib/python3.8/site-packages/airflow/example_dags/example_branch_labels.py took 0.355 seconds
[2022-01-05 20:09:38,126] {processor.py:163} INFO - Started process (PID=4378) to work on /home/airflow/sandbox/lib/python3.8/site-packages/airflow/example_dags/example_branch_labels.py
[2022-01-05 20:09:38,164] {processor.py:642} INFO - Processing file /home/airflow/sandbox/lib/python3.8/site-packages/airflow/example_dags/example_branch_labels.py for tasks to queue
[2022-01-05 20:09:38,168] {logging_mixin.py:109} INFO - [2022-01-05 20:09:38,167] {dagbag.py:500} INFO - Filling up the DagBag from /home/airflow/sandbox/lib/python3.8/site-packages/airflow/example_dags/example_branch_labels.py
[2022-01-05 20:09:38,469] {processor.py:654} INFO - DAG(s) dict_keys(['example_branch_labels']) retrieved from /home/airflow/sandbox/lib/python3.8/site-packages/airflow/example_dags/example_branch_labels.py
[2022-01-05 20:09:38,558] {logging_mixin.py:109} INFO - [2022-01-05 20:09:38,557] {dag.py:2396} INFO - Sync 1 DAGs
[2022-01-05 20:09:38,576] {logging_mixin.py:109} INFO - [2022-01-05 20:09:38,576] {dag.py:2935} INFO - Setting next_dagrun for example_branch_labels to 2022-01-04 00:00:00+00:00
[2022-01-05 20:09:38,615] {processor.py:171} INFO - Processing /home/airflow/sandbox/lib/python3.8/site-packages/airflow/example_dags/example_branch_labels.py took 0.500 seconds
[2022-01-05 20:10:09,118] {processor.py:163} INFO - Started process (PID=4767) to work on /home/airflow/sandbox/lib/python3.8/site-packages/airflow/example_dags/example_branch_labels.py
[2022-01-05 20:10:09,139] {processor.py:642} INFO - Processing file /home/airflow/sandbox/lib/python3.8/site-packages/airflow/example_dags/example_branch_labels.py for tasks to queue
[2022-01-05 20:10:09,140] {logging_mixin.py:109} INFO - [2022-01-05 20:10:09,140] {dagbag.py:500} INFO - Filling up the DagBag from /home/airflow/sandbox/lib/python3.8/site-packages/airflow/example_dags/example_branch_labels.py
[2022-01-05 20:10:09,318] {processor.py:654} INFO - DAG(s) dict_keys(['example_branch_labels']) retrieved from /home/airflow/sandbox/lib/python3.8/site-packages/airflow/example_dags/example_branch_labels.py
[2022-01-05 20:10:09,399] {logging_mixin.py:109} INFO - [2022-01-05 20:10:09,399] {dag.py:2396} INFO - Sync 1 DAGs
[2022-01-05 20:10:09,492] {logging_mixin.py:109} INFO - [2022-01-05 20:10:09,492] {dag.py:2935} INFO - Setting next_dagrun for example_branch_labels to 2022-01-04 00:00:00+00:00
[2022-01-05 20:10:09,513] {processor.py:171} INFO - Processing /home/airflow/sandbox/lib/python3.8/site-packages/airflow/example_dags/example_branch_labels.py took 0.400 seconds
[2022-01-05 20:10:40,428] {processor.py:163} INFO - Started process (PID=4884) to work on /home/airflow/sandbox/lib/python3.8/site-packages/airflow/example_dags/example_branch_labels.py
[2022-01-05 20:10:40,439] {processor.py:642} INFO - Processing file /home/airflow/sandbox/lib/python3.8/site-packages/airflow/example_dags/example_branch_labels.py for tasks to queue
[2022-01-05 20:10:40,440] {logging_mixin.py:109} INFO - [2022-01-05 20:10:40,440] {dagbag.py:500} INFO - Filling up the DagBag from /home/airflow/sandbox/lib/python3.8/site-packages/airflow/example_dags/example_branch_labels.py
[2022-01-05 20:10:40,902] {processor.py:654} INFO - DAG(s) dict_keys(['example_branch_labels']) retrieved from /home/airflow/sandbox/lib/python3.8/site-packages/airflow/example_dags/example_branch_labels.py
[2022-01-05 20:10:41,037] {logging_mixin.py:109} INFO - [2022-01-05 20:10:41,037] {dag.py:2396} INFO - Sync 1 DAGs
[2022-01-05 20:10:41,149] {logging_mixin.py:109} INFO - [2022-01-05 20:10:41,149] {dag.py:2935} INFO - Setting next_dagrun for example_branch_labels to 2022-01-04 00:00:00+00:00
[2022-01-05 20:10:41,187] {processor.py:171} INFO - Processing /home/airflow/sandbox/lib/python3.8/site-packages/airflow/example_dags/example_branch_labels.py took 0.832 seconds
[2022-01-05 20:11:12,221] {processor.py:163} INFO - Started process (PID=5041) to work on /home/airflow/sandbox/lib/python3.8/site-packages/airflow/example_dags/example_branch_labels.py
[2022-01-05 20:11:12,222] {processor.py:642} INFO - Processing file /home/airflow/sandbox/lib/python3.8/site-packages/airflow/example_dags/example_branch_labels.py for tasks to queue
[2022-01-05 20:11:12,223] {logging_mixin.py:109} INFO - [2022-01-05 20:11:12,223] {dagbag.py:500} INFO - Filling up the DagBag from /home/airflow/sandbox/lib/python3.8/site-packages/airflow/example_dags/example_branch_labels.py
[2022-01-05 20:11:12,428] {processor.py:654} INFO - DAG(s) dict_keys(['example_branch_labels']) retrieved from /home/airflow/sandbox/lib/python3.8/site-packages/airflow/example_dags/example_branch_labels.py
[2022-01-05 20:11:12,543] {logging_mixin.py:109} INFO - [2022-01-05 20:11:12,542] {dag.py:2396} INFO - Sync 1 DAGs
[2022-01-05 20:11:12,681] {logging_mixin.py:109} INFO - [2022-01-05 20:11:12,681] {dag.py:2935} INFO - Setting next_dagrun for example_branch_labels to 2022-01-04 00:00:00+00:00
[2022-01-05 20:11:12,729] {processor.py:171} INFO - Processing /home/airflow/sandbox/lib/python3.8/site-packages/airflow/example_dags/example_branch_labels.py took 0.590 seconds
[2022-01-05 20:11:43,028] {processor.py:163} INFO - Started process (PID=5134) to work on /home/airflow/sandbox/lib/python3.8/site-packages/airflow/example_dags/example_branch_labels.py
[2022-01-05 20:11:43,036] {processor.py:642} INFO - Processing file /home/airflow/sandbox/lib/python3.8/site-packages/airflow/example_dags/example_branch_labels.py for tasks to queue
[2022-01-05 20:11:43,039] {logging_mixin.py:109} INFO - [2022-01-05 20:11:43,039] {dagbag.py:500} INFO - Filling up the DagBag from /home/airflow/sandbox/lib/python3.8/site-packages/airflow/example_dags/example_branch_labels.py
[2022-01-05 20:11:43,235] {processor.py:654} INFO - DAG(s) dict_keys(['example_branch_labels']) retrieved from /home/airflow/sandbox/lib/python3.8/site-packages/airflow/example_dags/example_branch_labels.py
[2022-01-05 20:11:43,281] {logging_mixin.py:109} INFO - [2022-01-05 20:11:43,281] {dag.py:2396} INFO - Sync 1 DAGs
[2022-01-05 20:11:43,369] {logging_mixin.py:109} INFO - [2022-01-05 20:11:43,369] {dag.py:2935} INFO - Setting next_dagrun for example_branch_labels to 2022-01-04 00:00:00+00:00
[2022-01-05 20:11:43,395] {processor.py:171} INFO - Processing /home/airflow/sandbox/lib/python3.8/site-packages/airflow/example_dags/example_branch_labels.py took 0.378 seconds
[2022-01-05 20:12:14,394] {processor.py:163} INFO - Started process (PID=5266) to work on /home/airflow/sandbox/lib/python3.8/site-packages/airflow/example_dags/example_branch_labels.py
[2022-01-05 20:12:14,411] {processor.py:642} INFO - Processing file /home/airflow/sandbox/lib/python3.8/site-packages/airflow/example_dags/example_branch_labels.py for tasks to queue
[2022-01-05 20:12:14,413] {logging_mixin.py:109} INFO - [2022-01-05 20:12:14,412] {dagbag.py:500} INFO - Filling up the DagBag from /home/airflow/sandbox/lib/python3.8/site-packages/airflow/example_dags/example_branch_labels.py
[2022-01-05 20:12:14,523] {processor.py:654} INFO - DAG(s) dict_keys(['example_branch_labels']) retrieved from /home/airflow/sandbox/lib/python3.8/site-packages/airflow/example_dags/example_branch_labels.py
[2022-01-05 20:12:14,547] {logging_mixin.py:109} INFO - [2022-01-05 20:12:14,547] {dag.py:2396} INFO - Sync 1 DAGs
[2022-01-05 20:12:14,666] {logging_mixin.py:109} INFO - [2022-01-05 20:12:14,665] {dag.py:2935} INFO - Setting next_dagrun for example_branch_labels to 2022-01-04 00:00:00+00:00
[2022-01-05 20:12:14,709] {processor.py:171} INFO - Processing /home/airflow/sandbox/lib/python3.8/site-packages/airflow/example_dags/example_branch_labels.py took 0.325 seconds
[2022-01-05 20:12:44,863] {processor.py:163} INFO - Started process (PID=5360) to work on /home/airflow/sandbox/lib/python3.8/site-packages/airflow/example_dags/example_branch_labels.py
[2022-01-05 20:12:44,864] {processor.py:642} INFO - Processing file /home/airflow/sandbox/lib/python3.8/site-packages/airflow/example_dags/example_branch_labels.py for tasks to queue
[2022-01-05 20:12:44,864] {logging_mixin.py:109} INFO - [2022-01-05 20:12:44,864] {dagbag.py:500} INFO - Filling up the DagBag from /home/airflow/sandbox/lib/python3.8/site-packages/airflow/example_dags/example_branch_labels.py
[2022-01-05 20:12:45,078] {processor.py:654} INFO - DAG(s) dict_keys(['example_branch_labels']) retrieved from /home/airflow/sandbox/lib/python3.8/site-packages/airflow/example_dags/example_branch_labels.py
[2022-01-05 20:12:45,139] {logging_mixin.py:109} INFO - [2022-01-05 20:12:45,139] {dag.py:2396} INFO - Sync 1 DAGs
[2022-01-05 20:12:45,238] {logging_mixin.py:109} INFO - [2022-01-05 20:12:45,237] {dag.py:2935} INFO - Setting next_dagrun for example_branch_labels to 2022-01-04 00:00:00+00:00
[2022-01-05 20:12:45,308] {processor.py:171} INFO - Processing /home/airflow/sandbox/lib/python3.8/site-packages/airflow/example_dags/example_branch_labels.py took 0.462 seconds
[2022-01-05 20:28:26,308] {processor.py:163} INFO - Started process (PID=7244) to work on /home/airflow/sandbox/lib/python3.8/site-packages/airflow/example_dags/example_branch_labels.py
[2022-01-05 20:28:26,347] {processor.py:642} INFO - Processing file /home/airflow/sandbox/lib/python3.8/site-packages/airflow/example_dags/example_branch_labels.py for tasks to queue
[2022-01-05 20:28:26,347] {logging_mixin.py:109} INFO - [2022-01-05 20:28:26,347] {dagbag.py:500} INFO - Filling up the DagBag from /home/airflow/sandbox/lib/python3.8/site-packages/airflow/example_dags/example_branch_labels.py
[2022-01-05 20:28:26,835] {processor.py:654} INFO - DAG(s) dict_keys(['example_branch_labels']) retrieved from /home/airflow/sandbox/lib/python3.8/site-packages/airflow/example_dags/example_branch_labels.py
[2022-01-05 20:28:26,909] {logging_mixin.py:109} INFO - [2022-01-05 20:28:26,909] {dag.py:2396} INFO - Sync 1 DAGs
[2022-01-05 20:28:27,098] {logging_mixin.py:109} INFO - [2022-01-05 20:28:27,098] {dag.py:2935} INFO - Setting next_dagrun for example_branch_labels to 2022-01-04 00:00:00+00:00
[2022-01-05 20:28:27,391] {processor.py:171} INFO - Processing /home/airflow/sandbox/lib/python3.8/site-packages/airflow/example_dags/example_branch_labels.py took 1.099 seconds
[2022-01-05 20:29:18,200] {processor.py:163} INFO - Started process (PID=7689) to work on /home/airflow/sandbox/lib/python3.8/site-packages/airflow/example_dags/example_branch_labels.py
[2022-01-05 20:29:18,206] {processor.py:642} INFO - Processing file /home/airflow/sandbox/lib/python3.8/site-packages/airflow/example_dags/example_branch_labels.py for tasks to queue
[2022-01-05 20:29:18,240] {logging_mixin.py:109} INFO - [2022-01-05 20:29:18,240] {dagbag.py:500} INFO - Filling up the DagBag from /home/airflow/sandbox/lib/python3.8/site-packages/airflow/example_dags/example_branch_labels.py
[2022-01-05 20:29:18,844] {processor.py:654} INFO - DAG(s) dict_keys(['example_branch_labels']) retrieved from /home/airflow/sandbox/lib/python3.8/site-packages/airflow/example_dags/example_branch_labels.py
[2022-01-05 20:29:19,160] {logging_mixin.py:109} INFO - [2022-01-05 20:29:19,160] {dag.py:2396} INFO - Sync 1 DAGs
[2022-01-05 20:29:19,508] {logging_mixin.py:109} INFO - [2022-01-05 20:29:19,508] {dag.py:2935} INFO - Setting next_dagrun for example_branch_labels to 2022-01-04 00:00:00+00:00
[2022-01-05 20:29:19,998] {processor.py:171} INFO - Processing /home/airflow/sandbox/lib/python3.8/site-packages/airflow/example_dags/example_branch_labels.py took 1.841 seconds
[2022-01-05 20:29:50,239] {processor.py:163} INFO - Started process (PID=7932) to work on /home/airflow/sandbox/lib/python3.8/site-packages/airflow/example_dags/example_branch_labels.py
[2022-01-05 20:29:50,240] {processor.py:642} INFO - Processing file /home/airflow/sandbox/lib/python3.8/site-packages/airflow/example_dags/example_branch_labels.py for tasks to queue
[2022-01-05 20:29:50,242] {logging_mixin.py:109} INFO - [2022-01-05 20:29:50,242] {dagbag.py:500} INFO - Filling up the DagBag from /home/airflow/sandbox/lib/python3.8/site-packages/airflow/example_dags/example_branch_labels.py
[2022-01-05 20:29:50,395] {processor.py:654} INFO - DAG(s) dict_keys(['example_branch_labels']) retrieved from /home/airflow/sandbox/lib/python3.8/site-packages/airflow/example_dags/example_branch_labels.py
[2022-01-05 20:29:50,485] {logging_mixin.py:109} INFO - [2022-01-05 20:29:50,482] {dag.py:2396} INFO - Sync 1 DAGs
[2022-01-05 20:29:50,548] {logging_mixin.py:109} INFO - [2022-01-05 20:29:50,548] {dag.py:2935} INFO - Setting next_dagrun for example_branch_labels to 2022-01-04 00:00:00+00:00
[2022-01-05 20:29:50,586] {processor.py:171} INFO - Processing /home/airflow/sandbox/lib/python3.8/site-packages/airflow/example_dags/example_branch_labels.py took 0.388 seconds
[2022-01-05 20:30:21,383] {processor.py:163} INFO - Started process (PID=8299) to work on /home/airflow/sandbox/lib/python3.8/site-packages/airflow/example_dags/example_branch_labels.py
[2022-01-05 20:30:21,385] {processor.py:642} INFO - Processing file /home/airflow/sandbox/lib/python3.8/site-packages/airflow/example_dags/example_branch_labels.py for tasks to queue
[2022-01-05 20:30:21,385] {logging_mixin.py:109} INFO - [2022-01-05 20:30:21,385] {dagbag.py:500} INFO - Filling up the DagBag from /home/airflow/sandbox/lib/python3.8/site-packages/airflow/example_dags/example_branch_labels.py
[2022-01-05 20:30:21,430] {processor.py:654} INFO - DAG(s) dict_keys(['example_branch_labels']) retrieved from /home/airflow/sandbox/lib/python3.8/site-packages/airflow/example_dags/example_branch_labels.py
[2022-01-05 20:30:21,440] {logging_mixin.py:109} INFO - [2022-01-05 20:30:21,440] {dag.py:2396} INFO - Sync 1 DAGs
[2022-01-05 20:30:21,471] {logging_mixin.py:109} INFO - [2022-01-05 20:30:21,455] {dag.py:2935} INFO - Setting next_dagrun for example_branch_labels to 2022-01-04 00:00:00+00:00
[2022-01-05 20:30:21,481] {processor.py:171} INFO - Processing /home/airflow/sandbox/lib/python3.8/site-packages/airflow/example_dags/example_branch_labels.py took 0.102 seconds
[2022-01-05 20:30:52,333] {processor.py:163} INFO - Started process (PID=8632) to work on /home/airflow/sandbox/lib/python3.8/site-packages/airflow/example_dags/example_branch_labels.py
[2022-01-05 20:30:52,336] {processor.py:642} INFO - Processing file /home/airflow/sandbox/lib/python3.8/site-packages/airflow/example_dags/example_branch_labels.py for tasks to queue
[2022-01-05 20:30:52,343] {logging_mixin.py:109} INFO - [2022-01-05 20:30:52,343] {dagbag.py:500} INFO - Filling up the DagBag from /home/airflow/sandbox/lib/python3.8/site-packages/airflow/example_dags/example_branch_labels.py
[2022-01-05 20:30:52,534] {processor.py:654} INFO - DAG(s) dict_keys(['example_branch_labels']) retrieved from /home/airflow/sandbox/lib/python3.8/site-packages/airflow/example_dags/example_branch_labels.py
[2022-01-05 20:30:52,569] {logging_mixin.py:109} INFO - [2022-01-05 20:30:52,569] {dag.py:2396} INFO - Sync 1 DAGs
[2022-01-05 20:30:52,626] {logging_mixin.py:109} INFO - [2022-01-05 20:30:52,626] {dag.py:2935} INFO - Setting next_dagrun for example_branch_labels to 2022-01-04 00:00:00+00:00
[2022-01-05 20:30:52,649] {processor.py:171} INFO - Processing /home/airflow/sandbox/lib/python3.8/site-packages/airflow/example_dags/example_branch_labels.py took 0.320 seconds
[2022-01-05 20:31:22,895] {processor.py:163} INFO - Started process (PID=9053) to work on /home/airflow/sandbox/lib/python3.8/site-packages/airflow/example_dags/example_branch_labels.py
[2022-01-05 20:31:22,942] {processor.py:642} INFO - Processing file /home/airflow/sandbox/lib/python3.8/site-packages/airflow/example_dags/example_branch_labels.py for tasks to queue
[2022-01-05 20:31:22,966] {logging_mixin.py:109} INFO - [2022-01-05 20:31:22,966] {dagbag.py:500} INFO - Filling up the DagBag from /home/airflow/sandbox/lib/python3.8/site-packages/airflow/example_dags/example_branch_labels.py
[2022-01-05 20:31:23,091] {processor.py:654} INFO - DAG(s) dict_keys(['example_branch_labels']) retrieved from /home/airflow/sandbox/lib/python3.8/site-packages/airflow/example_dags/example_branch_labels.py
[2022-01-05 20:31:23,129] {logging_mixin.py:109} INFO - [2022-01-05 20:31:23,129] {dag.py:2396} INFO - Sync 1 DAGs
[2022-01-05 20:31:23,175] {logging_mixin.py:109} INFO - [2022-01-05 20:31:23,175] {dag.py:2935} INFO - Setting next_dagrun for example_branch_labels to 2022-01-04 00:00:00+00:00
[2022-01-05 20:31:23,192] {processor.py:171} INFO - Processing /home/airflow/sandbox/lib/python3.8/site-packages/airflow/example_dags/example_branch_labels.py took 0.300 seconds
[2022-01-05 20:32:00,338] {processor.py:163} INFO - Started process (PID=9558) to work on /home/airflow/sandbox/lib/python3.8/site-packages/airflow/example_dags/example_branch_labels.py
[2022-01-05 20:32:00,340] {processor.py:642} INFO - Processing file /home/airflow/sandbox/lib/python3.8/site-packages/airflow/example_dags/example_branch_labels.py for tasks to queue
[2022-01-05 20:32:00,371] {logging_mixin.py:109} INFO - [2022-01-05 20:32:00,371] {dagbag.py:500} INFO - Filling up the DagBag from /home/airflow/sandbox/lib/python3.8/site-packages/airflow/example_dags/example_branch_labels.py
[2022-01-05 20:32:01,789] {processor.py:654} INFO - DAG(s) dict_keys(['example_branch_labels']) retrieved from /home/airflow/sandbox/lib/python3.8/site-packages/airflow/example_dags/example_branch_labels.py
[2022-01-05 20:32:02,132] {logging_mixin.py:109} INFO - [2022-01-05 20:32:02,132] {dag.py:2396} INFO - Sync 1 DAGs
[2022-01-05 20:32:02,370] {logging_mixin.py:109} INFO - [2022-01-05 20:32:02,370] {dag.py:2935} INFO - Setting next_dagrun for example_branch_labels to 2022-01-04 00:00:00+00:00
[2022-01-05 20:32:02,468] {processor.py:171} INFO - Processing /home/airflow/sandbox/lib/python3.8/site-packages/airflow/example_dags/example_branch_labels.py took 2.149 seconds
[2022-01-05 20:32:33,160] {processor.py:163} INFO - Started process (PID=10305) to work on /home/airflow/sandbox/lib/python3.8/site-packages/airflow/example_dags/example_branch_labels.py
[2022-01-05 20:32:33,162] {processor.py:642} INFO - Processing file /home/airflow/sandbox/lib/python3.8/site-packages/airflow/example_dags/example_branch_labels.py for tasks to queue
[2022-01-05 20:32:33,163] {logging_mixin.py:109} INFO - [2022-01-05 20:32:33,163] {dagbag.py:500} INFO - Filling up the DagBag from /home/airflow/sandbox/lib/python3.8/site-packages/airflow/example_dags/example_branch_labels.py
[2022-01-05 20:32:33,269] {processor.py:654} INFO - DAG(s) dict_keys(['example_branch_labels']) retrieved from /home/airflow/sandbox/lib/python3.8/site-packages/airflow/example_dags/example_branch_labels.py
[2022-01-05 20:32:33,318] {logging_mixin.py:109} INFO - [2022-01-05 20:32:33,318] {dag.py:2396} INFO - Sync 1 DAGs
[2022-01-05 20:32:33,516] {logging_mixin.py:109} INFO - [2022-01-05 20:32:33,483] {dag.py:2935} INFO - Setting next_dagrun for example_branch_labels to 2022-01-04 00:00:00+00:00
[2022-01-05 20:32:33,660] {processor.py:171} INFO - Processing /home/airflow/sandbox/lib/python3.8/site-packages/airflow/example_dags/example_branch_labels.py took 0.575 seconds
[2022-01-05 20:33:06,115] {processor.py:163} INFO - Started process (PID=11051) to work on /home/airflow/sandbox/lib/python3.8/site-packages/airflow/example_dags/example_branch_labels.py
[2022-01-05 20:33:06,116] {processor.py:642} INFO - Processing file /home/airflow/sandbox/lib/python3.8/site-packages/airflow/example_dags/example_branch_labels.py for tasks to queue
[2022-01-05 20:33:06,117] {logging_mixin.py:109} INFO - [2022-01-05 20:33:06,116] {dagbag.py:500} INFO - Filling up the DagBag from /home/airflow/sandbox/lib/python3.8/site-packages/airflow/example_dags/example_branch_labels.py
[2022-01-05 20:33:06,325] {processor.py:654} INFO - DAG(s) dict_keys(['example_branch_labels']) retrieved from /home/airflow/sandbox/lib/python3.8/site-packages/airflow/example_dags/example_branch_labels.py
[2022-01-05 20:33:06,510] {logging_mixin.py:109} INFO - [2022-01-05 20:33:06,478] {dag.py:2396} INFO - Sync 1 DAGs
[2022-01-05 20:33:06,675] {logging_mixin.py:109} INFO - [2022-01-05 20:33:06,674] {dag.py:2935} INFO - Setting next_dagrun for example_branch_labels to 2022-01-04 00:00:00+00:00
[2022-01-05 20:33:06,770] {processor.py:171} INFO - Processing /home/airflow/sandbox/lib/python3.8/site-packages/airflow/example_dags/example_branch_labels.py took 0.659 seconds
[2022-01-05 20:33:37,613] {processor.py:163} INFO - Started process (PID=11595) to work on /home/airflow/sandbox/lib/python3.8/site-packages/airflow/example_dags/example_branch_labels.py
[2022-01-05 20:33:37,613] {processor.py:642} INFO - Processing file /home/airflow/sandbox/lib/python3.8/site-packages/airflow/example_dags/example_branch_labels.py for tasks to queue
[2022-01-05 20:33:37,614] {logging_mixin.py:109} INFO - [2022-01-05 20:33:37,614] {dagbag.py:500} INFO - Filling up the DagBag from /home/airflow/sandbox/lib/python3.8/site-packages/airflow/example_dags/example_branch_labels.py
[2022-01-05 20:33:37,757] {processor.py:654} INFO - DAG(s) dict_keys(['example_branch_labels']) retrieved from /home/airflow/sandbox/lib/python3.8/site-packages/airflow/example_dags/example_branch_labels.py
[2022-01-05 20:33:37,770] {logging_mixin.py:109} INFO - [2022-01-05 20:33:37,770] {dag.py:2396} INFO - Sync 1 DAGs
[2022-01-05 20:33:37,864] {logging_mixin.py:109} INFO - [2022-01-05 20:33:37,864] {dag.py:2935} INFO - Setting next_dagrun for example_branch_labels to 2022-01-04 00:00:00+00:00
[2022-01-05 20:33:37,906] {processor.py:171} INFO - Processing /home/airflow/sandbox/lib/python3.8/site-packages/airflow/example_dags/example_branch_labels.py took 0.296 seconds
[2022-01-05 20:34:08,420] {processor.py:163} INFO - Started process (PID=11833) to work on /home/airflow/sandbox/lib/python3.8/site-packages/airflow/example_dags/example_branch_labels.py
[2022-01-05 20:34:08,423] {processor.py:642} INFO - Processing file /home/airflow/sandbox/lib/python3.8/site-packages/airflow/example_dags/example_branch_labels.py for tasks to queue
[2022-01-05 20:34:08,424] {logging_mixin.py:109} INFO - [2022-01-05 20:34:08,424] {dagbag.py:500} INFO - Filling up the DagBag from /home/airflow/sandbox/lib/python3.8/site-packages/airflow/example_dags/example_branch_labels.py
[2022-01-05 20:34:08,607] {processor.py:654} INFO - DAG(s) dict_keys(['example_branch_labels']) retrieved from /home/airflow/sandbox/lib/python3.8/site-packages/airflow/example_dags/example_branch_labels.py
[2022-01-05 20:34:08,647] {logging_mixin.py:109} INFO - [2022-01-05 20:34:08,647] {dag.py:2396} INFO - Sync 1 DAGs
[2022-01-05 20:34:08,705] {logging_mixin.py:109} INFO - [2022-01-05 20:34:08,705] {dag.py:2935} INFO - Setting next_dagrun for example_branch_labels to 2022-01-04 00:00:00+00:00
[2022-01-05 20:34:08,717] {processor.py:171} INFO - Processing /home/airflow/sandbox/lib/python3.8/site-packages/airflow/example_dags/example_branch_labels.py took 0.300 seconds
[2022-01-05 20:34:38,846] {processor.py:163} INFO - Started process (PID=12073) to work on /home/airflow/sandbox/lib/python3.8/site-packages/airflow/example_dags/example_branch_labels.py
[2022-01-05 20:34:38,848] {processor.py:642} INFO - Processing file /home/airflow/sandbox/lib/python3.8/site-packages/airflow/example_dags/example_branch_labels.py for tasks to queue
[2022-01-05 20:34:38,850] {logging_mixin.py:109} INFO - [2022-01-05 20:34:38,850] {dagbag.py:500} INFO - Filling up the DagBag from /home/airflow/sandbox/lib/python3.8/site-packages/airflow/example_dags/example_branch_labels.py
[2022-01-05 20:34:38,975] {processor.py:654} INFO - DAG(s) dict_keys(['example_branch_labels']) retrieved from /home/airflow/sandbox/lib/python3.8/site-packages/airflow/example_dags/example_branch_labels.py
[2022-01-05 20:34:39,104] {logging_mixin.py:109} INFO - [2022-01-05 20:34:39,104] {dag.py:2396} INFO - Sync 1 DAGs
[2022-01-05 20:34:39,165] {logging_mixin.py:109} INFO - [2022-01-05 20:34:39,165] {dag.py:2935} INFO - Setting next_dagrun for example_branch_labels to 2022-01-04 00:00:00+00:00
[2022-01-05 20:34:39,201] {processor.py:171} INFO - Processing /home/airflow/sandbox/lib/python3.8/site-packages/airflow/example_dags/example_branch_labels.py took 0.358 seconds
[2022-01-05 20:35:10,065] {processor.py:163} INFO - Started process (PID=12315) to work on /home/airflow/sandbox/lib/python3.8/site-packages/airflow/example_dags/example_branch_labels.py
[2022-01-05 20:35:10,071] {processor.py:642} INFO - Processing file /home/airflow/sandbox/lib/python3.8/site-packages/airflow/example_dags/example_branch_labels.py for tasks to queue
[2022-01-05 20:35:10,072] {logging_mixin.py:109} INFO - [2022-01-05 20:35:10,072] {dagbag.py:500} INFO - Filling up the DagBag from /home/airflow/sandbox/lib/python3.8/site-packages/airflow/example_dags/example_branch_labels.py
[2022-01-05 20:35:10,168] {processor.py:654} INFO - DAG(s) dict_keys(['example_branch_labels']) retrieved from /home/airflow/sandbox/lib/python3.8/site-packages/airflow/example_dags/example_branch_labels.py
[2022-01-05 20:35:10,245] {logging_mixin.py:109} INFO - [2022-01-05 20:35:10,245] {dag.py:2396} INFO - Sync 1 DAGs
[2022-01-05 20:35:10,291] {logging_mixin.py:109} INFO - [2022-01-05 20:35:10,291] {dag.py:2935} INFO - Setting next_dagrun for example_branch_labels to 2022-01-04 00:00:00+00:00
[2022-01-05 20:35:10,314] {processor.py:171} INFO - Processing /home/airflow/sandbox/lib/python3.8/site-packages/airflow/example_dags/example_branch_labels.py took 0.260 seconds
[2022-01-05 20:35:41,045] {processor.py:163} INFO - Started process (PID=12556) to work on /home/airflow/sandbox/lib/python3.8/site-packages/airflow/example_dags/example_branch_labels.py
[2022-01-05 20:35:41,046] {processor.py:642} INFO - Processing file /home/airflow/sandbox/lib/python3.8/site-packages/airflow/example_dags/example_branch_labels.py for tasks to queue
[2022-01-05 20:35:41,046] {logging_mixin.py:109} INFO - [2022-01-05 20:35:41,046] {dagbag.py:500} INFO - Filling up the DagBag from /home/airflow/sandbox/lib/python3.8/site-packages/airflow/example_dags/example_branch_labels.py
[2022-01-05 20:35:41,207] {processor.py:654} INFO - DAG(s) dict_keys(['example_branch_labels']) retrieved from /home/airflow/sandbox/lib/python3.8/site-packages/airflow/example_dags/example_branch_labels.py
[2022-01-05 20:35:41,262] {logging_mixin.py:109} INFO - [2022-01-05 20:35:41,262] {dag.py:2396} INFO - Sync 1 DAGs
[2022-01-05 20:35:41,295] {logging_mixin.py:109} INFO - [2022-01-05 20:35:41,295] {dag.py:2935} INFO - Setting next_dagrun for example_branch_labels to 2022-01-04 00:00:00+00:00
[2022-01-05 20:35:41,319] {processor.py:171} INFO - Processing /home/airflow/sandbox/lib/python3.8/site-packages/airflow/example_dags/example_branch_labels.py took 0.279 seconds
[2022-01-05 20:36:11,616] {processor.py:163} INFO - Started process (PID=12797) to work on /home/airflow/sandbox/lib/python3.8/site-packages/airflow/example_dags/example_branch_labels.py
[2022-01-05 20:36:11,641] {processor.py:642} INFO - Processing file /home/airflow/sandbox/lib/python3.8/site-packages/airflow/example_dags/example_branch_labels.py for tasks to queue
[2022-01-05 20:36:11,643] {logging_mixin.py:109} INFO - [2022-01-05 20:36:11,643] {dagbag.py:500} INFO - Filling up the DagBag from /home/airflow/sandbox/lib/python3.8/site-packages/airflow/example_dags/example_branch_labels.py
[2022-01-05 20:36:11,789] {processor.py:654} INFO - DAG(s) dict_keys(['example_branch_labels']) retrieved from /home/airflow/sandbox/lib/python3.8/site-packages/airflow/example_dags/example_branch_labels.py
[2022-01-05 20:36:11,814] {logging_mixin.py:109} INFO - [2022-01-05 20:36:11,814] {dag.py:2396} INFO - Sync 1 DAGs
[2022-01-05 20:36:11,892] {logging_mixin.py:109} INFO - [2022-01-05 20:36:11,892] {dag.py:2935} INFO - Setting next_dagrun for example_branch_labels to 2022-01-04 00:00:00+00:00
[2022-01-05 20:36:11,911] {processor.py:171} INFO - Processing /home/airflow/sandbox/lib/python3.8/site-packages/airflow/example_dags/example_branch_labels.py took 0.302 seconds
[2022-01-05 20:36:42,000] {processor.py:163} INFO - Started process (PID=13034) to work on /home/airflow/sandbox/lib/python3.8/site-packages/airflow/example_dags/example_branch_labels.py
[2022-01-05 20:36:42,003] {processor.py:642} INFO - Processing file /home/airflow/sandbox/lib/python3.8/site-packages/airflow/example_dags/example_branch_labels.py for tasks to queue
[2022-01-05 20:36:42,007] {logging_mixin.py:109} INFO - [2022-01-05 20:36:42,006] {dagbag.py:500} INFO - Filling up the DagBag from /home/airflow/sandbox/lib/python3.8/site-packages/airflow/example_dags/example_branch_labels.py
[2022-01-05 20:36:42,184] {processor.py:654} INFO - DAG(s) dict_keys(['example_branch_labels']) retrieved from /home/airflow/sandbox/lib/python3.8/site-packages/airflow/example_dags/example_branch_labels.py
[2022-01-05 20:36:42,212] {logging_mixin.py:109} INFO - [2022-01-05 20:36:42,212] {dag.py:2396} INFO - Sync 1 DAGs
[2022-01-05 20:36:42,495] {logging_mixin.py:109} INFO - [2022-01-05 20:36:42,494] {dag.py:2935} INFO - Setting next_dagrun for example_branch_labels to 2022-01-04 00:00:00+00:00
[2022-01-05 20:36:42,513] {processor.py:171} INFO - Processing /home/airflow/sandbox/lib/python3.8/site-packages/airflow/example_dags/example_branch_labels.py took 0.520 seconds
[2022-01-05 20:37:13,710] {processor.py:163} INFO - Started process (PID=13283) to work on /home/airflow/sandbox/lib/python3.8/site-packages/airflow/example_dags/example_branch_labels.py
[2022-01-05 20:37:13,731] {processor.py:642} INFO - Processing file /home/airflow/sandbox/lib/python3.8/site-packages/airflow/example_dags/example_branch_labels.py for tasks to queue
[2022-01-05 20:37:13,731] {logging_mixin.py:109} INFO - [2022-01-05 20:37:13,731] {dagbag.py:500} INFO - Filling up the DagBag from /home/airflow/sandbox/lib/python3.8/site-packages/airflow/example_dags/example_branch_labels.py
[2022-01-05 20:37:13,850] {processor.py:654} INFO - DAG(s) dict_keys(['example_branch_labels']) retrieved from /home/airflow/sandbox/lib/python3.8/site-packages/airflow/example_dags/example_branch_labels.py
[2022-01-05 20:37:13,929] {logging_mixin.py:109} INFO - [2022-01-05 20:37:13,914] {dag.py:2396} INFO - Sync 1 DAGs
[2022-01-05 20:37:13,992] {logging_mixin.py:109} INFO - [2022-01-05 20:37:13,992] {dag.py:2935} INFO - Setting next_dagrun for example_branch_labels to 2022-01-04 00:00:00+00:00
[2022-01-05 20:37:14,044] {processor.py:171} INFO - Processing /home/airflow/sandbox/lib/python3.8/site-packages/airflow/example_dags/example_branch_labels.py took 0.342 seconds
[2022-01-05 20:37:44,553] {processor.py:163} INFO - Started process (PID=13524) to work on /home/airflow/sandbox/lib/python3.8/site-packages/airflow/example_dags/example_branch_labels.py
[2022-01-05 20:37:44,559] {processor.py:642} INFO - Processing file /home/airflow/sandbox/lib/python3.8/site-packages/airflow/example_dags/example_branch_labels.py for tasks to queue
[2022-01-05 20:37:44,560] {logging_mixin.py:109} INFO - [2022-01-05 20:37:44,560] {dagbag.py:500} INFO - Filling up the DagBag from /home/airflow/sandbox/lib/python3.8/site-packages/airflow/example_dags/example_branch_labels.py
[2022-01-05 20:37:44,693] {processor.py:654} INFO - DAG(s) dict_keys(['example_branch_labels']) retrieved from /home/airflow/sandbox/lib/python3.8/site-packages/airflow/example_dags/example_branch_labels.py
[2022-01-05 20:37:44,798] {logging_mixin.py:109} INFO - [2022-01-05 20:37:44,798] {dag.py:2396} INFO - Sync 1 DAGs
[2022-01-05 20:37:44,837] {logging_mixin.py:109} INFO - [2022-01-05 20:37:44,837] {dag.py:2935} INFO - Setting next_dagrun for example_branch_labels to 2022-01-04 00:00:00+00:00
[2022-01-05 20:37:44,854] {processor.py:171} INFO - Processing /home/airflow/sandbox/lib/python3.8/site-packages/airflow/example_dags/example_branch_labels.py took 0.312 seconds
[2022-01-05 20:38:15,336] {processor.py:163} INFO - Started process (PID=13791) to work on /home/airflow/sandbox/lib/python3.8/site-packages/airflow/example_dags/example_branch_labels.py
[2022-01-05 20:38:15,339] {processor.py:642} INFO - Processing file /home/airflow/sandbox/lib/python3.8/site-packages/airflow/example_dags/example_branch_labels.py for tasks to queue
[2022-01-05 20:38:15,343] {logging_mixin.py:109} INFO - [2022-01-05 20:38:15,342] {dagbag.py:500} INFO - Filling up the DagBag from /home/airflow/sandbox/lib/python3.8/site-packages/airflow/example_dags/example_branch_labels.py
[2022-01-05 20:38:15,492] {processor.py:654} INFO - DAG(s) dict_keys(['example_branch_labels']) retrieved from /home/airflow/sandbox/lib/python3.8/site-packages/airflow/example_dags/example_branch_labels.py
[2022-01-05 20:38:15,550] {logging_mixin.py:109} INFO - [2022-01-05 20:38:15,549] {dag.py:2396} INFO - Sync 1 DAGs
[2022-01-05 20:38:15,638] {logging_mixin.py:109} INFO - [2022-01-05 20:38:15,637] {dag.py:2935} INFO - Setting next_dagrun for example_branch_labels to 2022-01-04 00:00:00+00:00
[2022-01-05 20:38:15,654] {processor.py:171} INFO - Processing /home/airflow/sandbox/lib/python3.8/site-packages/airflow/example_dags/example_branch_labels.py took 0.346 seconds
[2022-01-05 20:38:46,049] {processor.py:163} INFO - Started process (PID=14062) to work on /home/airflow/sandbox/lib/python3.8/site-packages/airflow/example_dags/example_branch_labels.py
[2022-01-05 20:38:46,057] {processor.py:642} INFO - Processing file /home/airflow/sandbox/lib/python3.8/site-packages/airflow/example_dags/example_branch_labels.py for tasks to queue
[2022-01-05 20:38:46,059] {logging_mixin.py:109} INFO - [2022-01-05 20:38:46,059] {dagbag.py:500} INFO - Filling up the DagBag from /home/airflow/sandbox/lib/python3.8/site-packages/airflow/example_dags/example_branch_labels.py
[2022-01-05 20:38:46,237] {processor.py:654} INFO - DAG(s) dict_keys(['example_branch_labels']) retrieved from /home/airflow/sandbox/lib/python3.8/site-packages/airflow/example_dags/example_branch_labels.py
[2022-01-05 20:38:46,256] {logging_mixin.py:109} INFO - [2022-01-05 20:38:46,256] {dag.py:2396} INFO - Sync 1 DAGs
[2022-01-05 20:38:46,305] {logging_mixin.py:109} INFO - [2022-01-05 20:38:46,305] {dag.py:2935} INFO - Setting next_dagrun for example_branch_labels to 2022-01-04 00:00:00+00:00
[2022-01-05 20:38:46,333] {processor.py:171} INFO - Processing /home/airflow/sandbox/lib/python3.8/site-packages/airflow/example_dags/example_branch_labels.py took 0.311 seconds
[2022-01-05 20:39:16,707] {processor.py:163} INFO - Started process (PID=14303) to work on /home/airflow/sandbox/lib/python3.8/site-packages/airflow/example_dags/example_branch_labels.py
[2022-01-05 20:39:16,713] {processor.py:642} INFO - Processing file /home/airflow/sandbox/lib/python3.8/site-packages/airflow/example_dags/example_branch_labels.py for tasks to queue
[2022-01-05 20:39:16,716] {logging_mixin.py:109} INFO - [2022-01-05 20:39:16,716] {dagbag.py:500} INFO - Filling up the DagBag from /home/airflow/sandbox/lib/python3.8/site-packages/airflow/example_dags/example_branch_labels.py
[2022-01-05 20:39:16,849] {processor.py:654} INFO - DAG(s) dict_keys(['example_branch_labels']) retrieved from /home/airflow/sandbox/lib/python3.8/site-packages/airflow/example_dags/example_branch_labels.py
[2022-01-05 20:39:16,906] {logging_mixin.py:109} INFO - [2022-01-05 20:39:16,905] {dag.py:2396} INFO - Sync 1 DAGs
[2022-01-05 20:39:16,959] {logging_mixin.py:109} INFO - [2022-01-05 20:39:16,959] {dag.py:2935} INFO - Setting next_dagrun for example_branch_labels to 2022-01-04 00:00:00+00:00
[2022-01-05 20:39:16,984] {processor.py:171} INFO - Processing /home/airflow/sandbox/lib/python3.8/site-packages/airflow/example_dags/example_branch_labels.py took 0.280 seconds
[2022-01-05 20:39:47,207] {processor.py:163} INFO - Started process (PID=14545) to work on /home/airflow/sandbox/lib/python3.8/site-packages/airflow/example_dags/example_branch_labels.py
[2022-01-05 20:39:47,212] {processor.py:642} INFO - Processing file /home/airflow/sandbox/lib/python3.8/site-packages/airflow/example_dags/example_branch_labels.py for tasks to queue
[2022-01-05 20:39:47,213] {logging_mixin.py:109} INFO - [2022-01-05 20:39:47,213] {dagbag.py:500} INFO - Filling up the DagBag from /home/airflow/sandbox/lib/python3.8/site-packages/airflow/example_dags/example_branch_labels.py
[2022-01-05 20:39:47,396] {processor.py:654} INFO - DAG(s) dict_keys(['example_branch_labels']) retrieved from /home/airflow/sandbox/lib/python3.8/site-packages/airflow/example_dags/example_branch_labels.py
[2022-01-05 20:39:47,452] {logging_mixin.py:109} INFO - [2022-01-05 20:39:47,451] {dag.py:2396} INFO - Sync 1 DAGs
[2022-01-05 20:39:47,593] {logging_mixin.py:109} INFO - [2022-01-05 20:39:47,590] {dag.py:2935} INFO - Setting next_dagrun for example_branch_labels to 2022-01-04 00:00:00+00:00
[2022-01-05 20:39:47,625] {processor.py:171} INFO - Processing /home/airflow/sandbox/lib/python3.8/site-packages/airflow/example_dags/example_branch_labels.py took 0.425 seconds
[2022-01-05 20:40:18,238] {processor.py:163} INFO - Started process (PID=14804) to work on /home/airflow/sandbox/lib/python3.8/site-packages/airflow/example_dags/example_branch_labels.py
[2022-01-05 20:40:18,242] {processor.py:642} INFO - Processing file /home/airflow/sandbox/lib/python3.8/site-packages/airflow/example_dags/example_branch_labels.py for tasks to queue
[2022-01-05 20:40:18,244] {logging_mixin.py:109} INFO - [2022-01-05 20:40:18,244] {dagbag.py:500} INFO - Filling up the DagBag from /home/airflow/sandbox/lib/python3.8/site-packages/airflow/example_dags/example_branch_labels.py
[2022-01-05 20:40:18,281] {processor.py:654} INFO - DAG(s) dict_keys(['example_branch_labels']) retrieved from /home/airflow/sandbox/lib/python3.8/site-packages/airflow/example_dags/example_branch_labels.py
[2022-01-05 20:40:18,292] {logging_mixin.py:109} INFO - [2022-01-05 20:40:18,292] {dag.py:2396} INFO - Sync 1 DAGs
[2022-01-05 20:40:18,310] {logging_mixin.py:109} INFO - [2022-01-05 20:40:18,310] {dag.py:2935} INFO - Setting next_dagrun for example_branch_labels to 2022-01-04 00:00:00+00:00
[2022-01-05 20:40:18,327] {processor.py:171} INFO - Processing /home/airflow/sandbox/lib/python3.8/site-packages/airflow/example_dags/example_branch_labels.py took 0.092 seconds
[2022-01-05 20:40:48,796] {processor.py:163} INFO - Started process (PID=15045) to work on /home/airflow/sandbox/lib/python3.8/site-packages/airflow/example_dags/example_branch_labels.py
[2022-01-05 20:40:48,797] {processor.py:642} INFO - Processing file /home/airflow/sandbox/lib/python3.8/site-packages/airflow/example_dags/example_branch_labels.py for tasks to queue
[2022-01-05 20:40:48,799] {logging_mixin.py:109} INFO - [2022-01-05 20:40:48,799] {dagbag.py:500} INFO - Filling up the DagBag from /home/airflow/sandbox/lib/python3.8/site-packages/airflow/example_dags/example_branch_labels.py
[2022-01-05 20:40:48,863] {processor.py:654} INFO - DAG(s) dict_keys(['example_branch_labels']) retrieved from /home/airflow/sandbox/lib/python3.8/site-packages/airflow/example_dags/example_branch_labels.py
[2022-01-05 20:40:48,880] {logging_mixin.py:109} INFO - [2022-01-05 20:40:48,880] {dag.py:2396} INFO - Sync 1 DAGs
[2022-01-05 20:40:48,899] {logging_mixin.py:109} INFO - [2022-01-05 20:40:48,899] {dag.py:2935} INFO - Setting next_dagrun for example_branch_labels to 2022-01-04 00:00:00+00:00
[2022-01-05 20:40:48,909] {processor.py:171} INFO - Processing /home/airflow/sandbox/lib/python3.8/site-packages/airflow/example_dags/example_branch_labels.py took 0.121 seconds
[2022-01-05 20:41:19,645] {processor.py:163} INFO - Started process (PID=15284) to work on /home/airflow/sandbox/lib/python3.8/site-packages/airflow/example_dags/example_branch_labels.py
[2022-01-05 20:41:19,646] {processor.py:642} INFO - Processing file /home/airflow/sandbox/lib/python3.8/site-packages/airflow/example_dags/example_branch_labels.py for tasks to queue
[2022-01-05 20:41:19,647] {logging_mixin.py:109} INFO - [2022-01-05 20:41:19,647] {dagbag.py:500} INFO - Filling up the DagBag from /home/airflow/sandbox/lib/python3.8/site-packages/airflow/example_dags/example_branch_labels.py
[2022-01-05 20:41:19,894] {processor.py:654} INFO - DAG(s) dict_keys(['example_branch_labels']) retrieved from /home/airflow/sandbox/lib/python3.8/site-packages/airflow/example_dags/example_branch_labels.py
[2022-01-05 20:41:19,947] {logging_mixin.py:109} INFO - [2022-01-05 20:41:19,947] {dag.py:2396} INFO - Sync 1 DAGs
[2022-01-05 20:41:20,022] {logging_mixin.py:109} INFO - [2022-01-05 20:41:20,021] {dag.py:2935} INFO - Setting next_dagrun for example_branch_labels to 2022-01-04 00:00:00+00:00
[2022-01-05 20:41:20,064] {processor.py:171} INFO - Processing /home/airflow/sandbox/lib/python3.8/site-packages/airflow/example_dags/example_branch_labels.py took 0.424 seconds
[2022-01-05 20:41:50,758] {processor.py:163} INFO - Started process (PID=15531) to work on /home/airflow/sandbox/lib/python3.8/site-packages/airflow/example_dags/example_branch_labels.py
[2022-01-05 20:41:50,765] {processor.py:642} INFO - Processing file /home/airflow/sandbox/lib/python3.8/site-packages/airflow/example_dags/example_branch_labels.py for tasks to queue
[2022-01-05 20:41:50,771] {logging_mixin.py:109} INFO - [2022-01-05 20:41:50,770] {dagbag.py:500} INFO - Filling up the DagBag from /home/airflow/sandbox/lib/python3.8/site-packages/airflow/example_dags/example_branch_labels.py
[2022-01-05 20:41:50,866] {processor.py:654} INFO - DAG(s) dict_keys(['example_branch_labels']) retrieved from /home/airflow/sandbox/lib/python3.8/site-packages/airflow/example_dags/example_branch_labels.py
[2022-01-05 20:41:50,909] {logging_mixin.py:109} INFO - [2022-01-05 20:41:50,909] {dag.py:2396} INFO - Sync 1 DAGs
[2022-01-05 20:41:51,011] {logging_mixin.py:109} INFO - [2022-01-05 20:41:51,011] {dag.py:2935} INFO - Setting next_dagrun for example_branch_labels to 2022-01-04 00:00:00+00:00
[2022-01-05 20:41:51,026] {processor.py:171} INFO - Processing /home/airflow/sandbox/lib/python3.8/site-packages/airflow/example_dags/example_branch_labels.py took 0.275 seconds
[2022-01-05 20:42:22,216] {processor.py:163} INFO - Started process (PID=15772) to work on /home/airflow/sandbox/lib/python3.8/site-packages/airflow/example_dags/example_branch_labels.py
[2022-01-05 20:42:22,217] {processor.py:642} INFO - Processing file /home/airflow/sandbox/lib/python3.8/site-packages/airflow/example_dags/example_branch_labels.py for tasks to queue
[2022-01-05 20:42:22,217] {logging_mixin.py:109} INFO - [2022-01-05 20:42:22,217] {dagbag.py:500} INFO - Filling up the DagBag from /home/airflow/sandbox/lib/python3.8/site-packages/airflow/example_dags/example_branch_labels.py
[2022-01-05 20:42:22,383] {processor.py:654} INFO - DAG(s) dict_keys(['example_branch_labels']) retrieved from /home/airflow/sandbox/lib/python3.8/site-packages/airflow/example_dags/example_branch_labels.py
[2022-01-05 20:42:22,469] {logging_mixin.py:109} INFO - [2022-01-05 20:42:22,468] {dag.py:2396} INFO - Sync 1 DAGs
[2022-01-05 20:42:22,664] {logging_mixin.py:109} INFO - [2022-01-05 20:42:22,664] {dag.py:2935} INFO - Setting next_dagrun for example_branch_labels to 2022-01-04 00:00:00+00:00
[2022-01-05 20:42:22,783] {processor.py:171} INFO - Processing /home/airflow/sandbox/lib/python3.8/site-packages/airflow/example_dags/example_branch_labels.py took 0.570 seconds
[2022-01-05 20:42:53,463] {processor.py:163} INFO - Started process (PID=16022) to work on /home/airflow/sandbox/lib/python3.8/site-packages/airflow/example_dags/example_branch_labels.py
[2022-01-05 20:42:53,466] {processor.py:642} INFO - Processing file /home/airflow/sandbox/lib/python3.8/site-packages/airflow/example_dags/example_branch_labels.py for tasks to queue
[2022-01-05 20:42:53,468] {logging_mixin.py:109} INFO - [2022-01-05 20:42:53,468] {dagbag.py:500} INFO - Filling up the DagBag from /home/airflow/sandbox/lib/python3.8/site-packages/airflow/example_dags/example_branch_labels.py
[2022-01-05 20:42:53,612] {processor.py:654} INFO - DAG(s) dict_keys(['example_branch_labels']) retrieved from /home/airflow/sandbox/lib/python3.8/site-packages/airflow/example_dags/example_branch_labels.py
[2022-01-05 20:42:53,662] {logging_mixin.py:109} INFO - [2022-01-05 20:42:53,662] {dag.py:2396} INFO - Sync 1 DAGs
[2022-01-05 20:42:53,804] {logging_mixin.py:109} INFO - [2022-01-05 20:42:53,784] {dag.py:2935} INFO - Setting next_dagrun for example_branch_labels to 2022-01-04 00:00:00+00:00
[2022-01-05 20:42:53,828] {processor.py:171} INFO - Processing /home/airflow/sandbox/lib/python3.8/site-packages/airflow/example_dags/example_branch_labels.py took 0.368 seconds
[2022-01-05 20:43:24,124] {processor.py:163} INFO - Started process (PID=16331) to work on /home/airflow/sandbox/lib/python3.8/site-packages/airflow/example_dags/example_branch_labels.py
[2022-01-05 20:43:24,132] {processor.py:642} INFO - Processing file /home/airflow/sandbox/lib/python3.8/site-packages/airflow/example_dags/example_branch_labels.py for tasks to queue
[2022-01-05 20:43:24,153] {logging_mixin.py:109} INFO - [2022-01-05 20:43:24,153] {dagbag.py:500} INFO - Filling up the DagBag from /home/airflow/sandbox/lib/python3.8/site-packages/airflow/example_dags/example_branch_labels.py
[2022-01-05 20:43:24,273] {processor.py:654} INFO - DAG(s) dict_keys(['example_branch_labels']) retrieved from /home/airflow/sandbox/lib/python3.8/site-packages/airflow/example_dags/example_branch_labels.py
[2022-01-05 20:43:24,309] {logging_mixin.py:109} INFO - [2022-01-05 20:43:24,309] {dag.py:2396} INFO - Sync 1 DAGs
[2022-01-05 20:43:24,372] {logging_mixin.py:109} INFO - [2022-01-05 20:43:24,372] {dag.py:2935} INFO - Setting next_dagrun for example_branch_labels to 2022-01-04 00:00:00+00:00
[2022-01-05 20:43:24,406] {processor.py:171} INFO - Processing /home/airflow/sandbox/lib/python3.8/site-packages/airflow/example_dags/example_branch_labels.py took 0.284 seconds
[2022-01-05 20:43:54,483] {processor.py:163} INFO - Started process (PID=16570) to work on /home/airflow/sandbox/lib/python3.8/site-packages/airflow/example_dags/example_branch_labels.py
[2022-01-05 20:43:54,488] {processor.py:642} INFO - Processing file /home/airflow/sandbox/lib/python3.8/site-packages/airflow/example_dags/example_branch_labels.py for tasks to queue
[2022-01-05 20:43:54,492] {logging_mixin.py:109} INFO - [2022-01-05 20:43:54,492] {dagbag.py:500} INFO - Filling up the DagBag from /home/airflow/sandbox/lib/python3.8/site-packages/airflow/example_dags/example_branch_labels.py
[2022-01-05 20:43:54,586] {processor.py:654} INFO - DAG(s) dict_keys(['example_branch_labels']) retrieved from /home/airflow/sandbox/lib/python3.8/site-packages/airflow/example_dags/example_branch_labels.py
[2022-01-05 20:43:54,666] {logging_mixin.py:109} INFO - [2022-01-05 20:43:54,666] {dag.py:2396} INFO - Sync 1 DAGs
[2022-01-05 20:43:54,761] {logging_mixin.py:109} INFO - [2022-01-05 20:43:54,760] {dag.py:2935} INFO - Setting next_dagrun for example_branch_labels to 2022-01-04 00:00:00+00:00
[2022-01-05 20:43:54,781] {processor.py:171} INFO - Processing /home/airflow/sandbox/lib/python3.8/site-packages/airflow/example_dags/example_branch_labels.py took 0.304 seconds
[2022-01-05 20:44:25,062] {processor.py:163} INFO - Started process (PID=16817) to work on /home/airflow/sandbox/lib/python3.8/site-packages/airflow/example_dags/example_branch_labels.py
[2022-01-05 20:44:25,069] {processor.py:642} INFO - Processing file /home/airflow/sandbox/lib/python3.8/site-packages/airflow/example_dags/example_branch_labels.py for tasks to queue
[2022-01-05 20:44:25,079] {logging_mixin.py:109} INFO - [2022-01-05 20:44:25,078] {dagbag.py:500} INFO - Filling up the DagBag from /home/airflow/sandbox/lib/python3.8/site-packages/airflow/example_dags/example_branch_labels.py
[2022-01-05 20:44:25,173] {processor.py:654} INFO - DAG(s) dict_keys(['example_branch_labels']) retrieved from /home/airflow/sandbox/lib/python3.8/site-packages/airflow/example_dags/example_branch_labels.py
[2022-01-05 20:44:25,191] {logging_mixin.py:109} INFO - [2022-01-05 20:44:25,190] {dag.py:2396} INFO - Sync 1 DAGs
[2022-01-05 20:44:25,233] {logging_mixin.py:109} INFO - [2022-01-05 20:44:25,233] {dag.py:2935} INFO - Setting next_dagrun for example_branch_labels to 2022-01-04 00:00:00+00:00
[2022-01-05 20:44:25,270] {processor.py:171} INFO - Processing /home/airflow/sandbox/lib/python3.8/site-packages/airflow/example_dags/example_branch_labels.py took 0.210 seconds
[2022-01-05 20:44:55,532] {processor.py:163} INFO - Started process (PID=17058) to work on /home/airflow/sandbox/lib/python3.8/site-packages/airflow/example_dags/example_branch_labels.py
[2022-01-05 20:44:55,538] {processor.py:642} INFO - Processing file /home/airflow/sandbox/lib/python3.8/site-packages/airflow/example_dags/example_branch_labels.py for tasks to queue
[2022-01-05 20:44:55,550] {logging_mixin.py:109} INFO - [2022-01-05 20:44:55,550] {dagbag.py:500} INFO - Filling up the DagBag from /home/airflow/sandbox/lib/python3.8/site-packages/airflow/example_dags/example_branch_labels.py
[2022-01-05 20:44:55,631] {processor.py:654} INFO - DAG(s) dict_keys(['example_branch_labels']) retrieved from /home/airflow/sandbox/lib/python3.8/site-packages/airflow/example_dags/example_branch_labels.py
[2022-01-05 20:44:55,670] {logging_mixin.py:109} INFO - [2022-01-05 20:44:55,670] {dag.py:2396} INFO - Sync 1 DAGs
[2022-01-05 20:44:55,774] {logging_mixin.py:109} INFO - [2022-01-05 20:44:55,774] {dag.py:2935} INFO - Setting next_dagrun for example_branch_labels to 2022-01-04 00:00:00+00:00
[2022-01-05 20:44:55,794] {processor.py:171} INFO - Processing /home/airflow/sandbox/lib/python3.8/site-packages/airflow/example_dags/example_branch_labels.py took 0.282 seconds
[2022-01-05 20:45:25,884] {processor.py:163} INFO - Started process (PID=17310) to work on /home/airflow/sandbox/lib/python3.8/site-packages/airflow/example_dags/example_branch_labels.py
[2022-01-05 20:45:25,886] {processor.py:642} INFO - Processing file /home/airflow/sandbox/lib/python3.8/site-packages/airflow/example_dags/example_branch_labels.py for tasks to queue
[2022-01-05 20:45:25,887] {logging_mixin.py:109} INFO - [2022-01-05 20:45:25,887] {dagbag.py:500} INFO - Filling up the DagBag from /home/airflow/sandbox/lib/python3.8/site-packages/airflow/example_dags/example_branch_labels.py
[2022-01-05 20:45:25,993] {processor.py:654} INFO - DAG(s) dict_keys(['example_branch_labels']) retrieved from /home/airflow/sandbox/lib/python3.8/site-packages/airflow/example_dags/example_branch_labels.py
[2022-01-05 20:45:26,065] {logging_mixin.py:109} INFO - [2022-01-05 20:45:26,065] {dag.py:2396} INFO - Sync 1 DAGs
[2022-01-05 20:45:26,152] {logging_mixin.py:109} INFO - [2022-01-05 20:45:26,152] {dag.py:2935} INFO - Setting next_dagrun for example_branch_labels to 2022-01-04 00:00:00+00:00
[2022-01-05 20:45:26,184] {processor.py:171} INFO - Processing /home/airflow/sandbox/lib/python3.8/site-packages/airflow/example_dags/example_branch_labels.py took 0.302 seconds
[2022-01-05 20:45:57,064] {processor.py:163} INFO - Started process (PID=17552) to work on /home/airflow/sandbox/lib/python3.8/site-packages/airflow/example_dags/example_branch_labels.py
[2022-01-05 20:45:57,065] {processor.py:642} INFO - Processing file /home/airflow/sandbox/lib/python3.8/site-packages/airflow/example_dags/example_branch_labels.py for tasks to queue
[2022-01-05 20:45:57,066] {logging_mixin.py:109} INFO - [2022-01-05 20:45:57,066] {dagbag.py:500} INFO - Filling up the DagBag from /home/airflow/sandbox/lib/python3.8/site-packages/airflow/example_dags/example_branch_labels.py
[2022-01-05 20:45:57,150] {processor.py:654} INFO - DAG(s) dict_keys(['example_branch_labels']) retrieved from /home/airflow/sandbox/lib/python3.8/site-packages/airflow/example_dags/example_branch_labels.py
[2022-01-05 20:45:57,187] {logging_mixin.py:109} INFO - [2022-01-05 20:45:57,187] {dag.py:2396} INFO - Sync 1 DAGs
[2022-01-05 20:45:57,211] {logging_mixin.py:109} INFO - [2022-01-05 20:45:57,211] {dag.py:2935} INFO - Setting next_dagrun for example_branch_labels to 2022-01-04 00:00:00+00:00
[2022-01-05 20:45:57,223] {processor.py:171} INFO - Processing /home/airflow/sandbox/lib/python3.8/site-packages/airflow/example_dags/example_branch_labels.py took 0.176 seconds
[2022-01-05 20:46:27,357] {processor.py:163} INFO - Started process (PID=17797) to work on /home/airflow/sandbox/lib/python3.8/site-packages/airflow/example_dags/example_branch_labels.py
[2022-01-05 20:46:27,359] {processor.py:642} INFO - Processing file /home/airflow/sandbox/lib/python3.8/site-packages/airflow/example_dags/example_branch_labels.py for tasks to queue
[2022-01-05 20:46:27,365] {logging_mixin.py:109} INFO - [2022-01-05 20:46:27,364] {dagbag.py:500} INFO - Filling up the DagBag from /home/airflow/sandbox/lib/python3.8/site-packages/airflow/example_dags/example_branch_labels.py
[2022-01-05 20:46:27,431] {processor.py:654} INFO - DAG(s) dict_keys(['example_branch_labels']) retrieved from /home/airflow/sandbox/lib/python3.8/site-packages/airflow/example_dags/example_branch_labels.py
[2022-01-05 20:46:27,461] {logging_mixin.py:109} INFO - [2022-01-05 20:46:27,461] {dag.py:2396} INFO - Sync 1 DAGs
[2022-01-05 20:46:27,509] {logging_mixin.py:109} INFO - [2022-01-05 20:46:27,509] {dag.py:2935} INFO - Setting next_dagrun for example_branch_labels to 2022-01-04 00:00:00+00:00
[2022-01-05 20:46:27,529] {processor.py:171} INFO - Processing /home/airflow/sandbox/lib/python3.8/site-packages/airflow/example_dags/example_branch_labels.py took 0.180 seconds
[2022-01-05 20:46:58,129] {processor.py:163} INFO - Started process (PID=18044) to work on /home/airflow/sandbox/lib/python3.8/site-packages/airflow/example_dags/example_branch_labels.py
[2022-01-05 20:46:58,131] {processor.py:642} INFO - Processing file /home/airflow/sandbox/lib/python3.8/site-packages/airflow/example_dags/example_branch_labels.py for tasks to queue
[2022-01-05 20:46:58,131] {logging_mixin.py:109} INFO - [2022-01-05 20:46:58,131] {dagbag.py:500} INFO - Filling up the DagBag from /home/airflow/sandbox/lib/python3.8/site-packages/airflow/example_dags/example_branch_labels.py
[2022-01-05 20:46:58,220] {processor.py:654} INFO - DAG(s) dict_keys(['example_branch_labels']) retrieved from /home/airflow/sandbox/lib/python3.8/site-packages/airflow/example_dags/example_branch_labels.py
[2022-01-05 20:46:58,294] {logging_mixin.py:109} INFO - [2022-01-05 20:46:58,292] {dag.py:2396} INFO - Sync 1 DAGs
[2022-01-05 20:46:58,347] {logging_mixin.py:109} INFO - [2022-01-05 20:46:58,347] {dag.py:2935} INFO - Setting next_dagrun for example_branch_labels to 2022-01-04 00:00:00+00:00
[2022-01-05 20:46:58,360] {processor.py:171} INFO - Processing /home/airflow/sandbox/lib/python3.8/site-packages/airflow/example_dags/example_branch_labels.py took 0.243 seconds
[2022-01-05 20:47:28,899] {processor.py:163} INFO - Started process (PID=18288) to work on /home/airflow/sandbox/lib/python3.8/site-packages/airflow/example_dags/example_branch_labels.py
[2022-01-05 20:47:28,903] {processor.py:642} INFO - Processing file /home/airflow/sandbox/lib/python3.8/site-packages/airflow/example_dags/example_branch_labels.py for tasks to queue
[2022-01-05 20:47:28,904] {logging_mixin.py:109} INFO - [2022-01-05 20:47:28,904] {dagbag.py:500} INFO - Filling up the DagBag from /home/airflow/sandbox/lib/python3.8/site-packages/airflow/example_dags/example_branch_labels.py
[2022-01-05 20:47:29,048] {processor.py:654} INFO - DAG(s) dict_keys(['example_branch_labels']) retrieved from /home/airflow/sandbox/lib/python3.8/site-packages/airflow/example_dags/example_branch_labels.py
[2022-01-05 20:47:29,060] {logging_mixin.py:109} INFO - [2022-01-05 20:47:29,060] {dag.py:2396} INFO - Sync 1 DAGs
[2022-01-05 20:47:29,160] {logging_mixin.py:109} INFO - [2022-01-05 20:47:29,160] {dag.py:2935} INFO - Setting next_dagrun for example_branch_labels to 2022-01-04 00:00:00+00:00
[2022-01-05 20:47:29,197] {processor.py:171} INFO - Processing /home/airflow/sandbox/lib/python3.8/site-packages/airflow/example_dags/example_branch_labels.py took 0.305 seconds
[2022-01-05 20:48:00,055] {processor.py:163} INFO - Started process (PID=18535) to work on /home/airflow/sandbox/lib/python3.8/site-packages/airflow/example_dags/example_branch_labels.py
[2022-01-05 20:48:00,063] {processor.py:642} INFO - Processing file /home/airflow/sandbox/lib/python3.8/site-packages/airflow/example_dags/example_branch_labels.py for tasks to queue
[2022-01-05 20:48:00,064] {logging_mixin.py:109} INFO - [2022-01-05 20:48:00,064] {dagbag.py:500} INFO - Filling up the DagBag from /home/airflow/sandbox/lib/python3.8/site-packages/airflow/example_dags/example_branch_labels.py
[2022-01-05 20:48:00,130] {processor.py:654} INFO - DAG(s) dict_keys(['example_branch_labels']) retrieved from /home/airflow/sandbox/lib/python3.8/site-packages/airflow/example_dags/example_branch_labels.py
[2022-01-05 20:48:00,153] {logging_mixin.py:109} INFO - [2022-01-05 20:48:00,153] {dag.py:2396} INFO - Sync 1 DAGs
[2022-01-05 20:48:00,177] {logging_mixin.py:109} INFO - [2022-01-05 20:48:00,177] {dag.py:2935} INFO - Setting next_dagrun for example_branch_labels to 2022-01-04 00:00:00+00:00
[2022-01-05 20:48:00,193] {processor.py:171} INFO - Processing /home/airflow/sandbox/lib/python3.8/site-packages/airflow/example_dags/example_branch_labels.py took 0.141 seconds
[2022-01-05 20:48:32,280] {processor.py:163} INFO - Started process (PID=18852) to work on /home/airflow/sandbox/lib/python3.8/site-packages/airflow/example_dags/example_branch_labels.py
[2022-01-05 20:48:32,281] {processor.py:642} INFO - Processing file /home/airflow/sandbox/lib/python3.8/site-packages/airflow/example_dags/example_branch_labels.py for tasks to queue
[2022-01-05 20:48:32,310] {logging_mixin.py:109} INFO - [2022-01-05 20:48:32,282] {dagbag.py:500} INFO - Filling up the DagBag from /home/airflow/sandbox/lib/python3.8/site-packages/airflow/example_dags/example_branch_labels.py
[2022-01-05 20:48:32,610] {processor.py:654} INFO - DAG(s) dict_keys(['example_branch_labels']) retrieved from /home/airflow/sandbox/lib/python3.8/site-packages/airflow/example_dags/example_branch_labels.py
[2022-01-05 20:48:32,627] {logging_mixin.py:109} INFO - [2022-01-05 20:48:32,627] {dag.py:2396} INFO - Sync 1 DAGs
[2022-01-05 20:48:32,826] {logging_mixin.py:109} INFO - [2022-01-05 20:48:32,826] {dag.py:2935} INFO - Setting next_dagrun for example_branch_labels to 2022-01-04 00:00:00+00:00
[2022-01-05 20:48:32,967] {processor.py:171} INFO - Processing /home/airflow/sandbox/lib/python3.8/site-packages/airflow/example_dags/example_branch_labels.py took 0.693 seconds
[2022-01-05 20:49:03,466] {processor.py:163} INFO - Started process (PID=19101) to work on /home/airflow/sandbox/lib/python3.8/site-packages/airflow/example_dags/example_branch_labels.py
[2022-01-05 20:49:03,514] {processor.py:642} INFO - Processing file /home/airflow/sandbox/lib/python3.8/site-packages/airflow/example_dags/example_branch_labels.py for tasks to queue
[2022-01-05 20:49:03,515] {logging_mixin.py:109} INFO - [2022-01-05 20:49:03,515] {dagbag.py:500} INFO - Filling up the DagBag from /home/airflow/sandbox/lib/python3.8/site-packages/airflow/example_dags/example_branch_labels.py
[2022-01-05 20:49:03,744] {processor.py:654} INFO - DAG(s) dict_keys(['example_branch_labels']) retrieved from /home/airflow/sandbox/lib/python3.8/site-packages/airflow/example_dags/example_branch_labels.py
[2022-01-05 20:49:03,818] {logging_mixin.py:109} INFO - [2022-01-05 20:49:03,814] {dag.py:2396} INFO - Sync 1 DAGs
[2022-01-05 20:49:03,908] {logging_mixin.py:109} INFO - [2022-01-05 20:49:03,908] {dag.py:2935} INFO - Setting next_dagrun for example_branch_labels to 2022-01-04 00:00:00+00:00
[2022-01-05 20:49:04,111] {processor.py:171} INFO - Processing /home/airflow/sandbox/lib/python3.8/site-packages/airflow/example_dags/example_branch_labels.py took 0.693 seconds
[2022-01-05 20:49:34,994] {processor.py:163} INFO - Started process (PID=19339) to work on /home/airflow/sandbox/lib/python3.8/site-packages/airflow/example_dags/example_branch_labels.py
[2022-01-05 20:49:34,995] {processor.py:642} INFO - Processing file /home/airflow/sandbox/lib/python3.8/site-packages/airflow/example_dags/example_branch_labels.py for tasks to queue
[2022-01-05 20:49:35,000] {logging_mixin.py:109} INFO - [2022-01-05 20:49:35,000] {dagbag.py:500} INFO - Filling up the DagBag from /home/airflow/sandbox/lib/python3.8/site-packages/airflow/example_dags/example_branch_labels.py
[2022-01-05 20:49:35,134] {processor.py:654} INFO - DAG(s) dict_keys(['example_branch_labels']) retrieved from /home/airflow/sandbox/lib/python3.8/site-packages/airflow/example_dags/example_branch_labels.py
[2022-01-05 20:49:35,202] {logging_mixin.py:109} INFO - [2022-01-05 20:49:35,202] {dag.py:2396} INFO - Sync 1 DAGs
[2022-01-05 20:49:35,246] {logging_mixin.py:109} INFO - [2022-01-05 20:49:35,246] {dag.py:2935} INFO - Setting next_dagrun for example_branch_labels to 2022-01-04 00:00:00+00:00
[2022-01-05 20:49:35,278] {processor.py:171} INFO - Processing /home/airflow/sandbox/lib/python3.8/site-packages/airflow/example_dags/example_branch_labels.py took 0.324 seconds
[2022-01-05 20:50:05,442] {processor.py:163} INFO - Started process (PID=19586) to work on /home/airflow/sandbox/lib/python3.8/site-packages/airflow/example_dags/example_branch_labels.py
[2022-01-05 20:50:05,444] {processor.py:642} INFO - Processing file /home/airflow/sandbox/lib/python3.8/site-packages/airflow/example_dags/example_branch_labels.py for tasks to queue
[2022-01-05 20:50:05,445] {logging_mixin.py:109} INFO - [2022-01-05 20:50:05,445] {dagbag.py:500} INFO - Filling up the DagBag from /home/airflow/sandbox/lib/python3.8/site-packages/airflow/example_dags/example_branch_labels.py
[2022-01-05 20:50:05,520] {processor.py:654} INFO - DAG(s) dict_keys(['example_branch_labels']) retrieved from /home/airflow/sandbox/lib/python3.8/site-packages/airflow/example_dags/example_branch_labels.py
[2022-01-05 20:50:05,532] {logging_mixin.py:109} INFO - [2022-01-05 20:50:05,532] {dag.py:2396} INFO - Sync 1 DAGs
[2022-01-05 20:50:05,565] {logging_mixin.py:109} INFO - [2022-01-05 20:50:05,565] {dag.py:2935} INFO - Setting next_dagrun for example_branch_labels to 2022-01-04 00:00:00+00:00
[2022-01-05 20:50:05,575] {processor.py:171} INFO - Processing /home/airflow/sandbox/lib/python3.8/site-packages/airflow/example_dags/example_branch_labels.py took 0.143 seconds
[2022-01-05 20:50:35,789] {processor.py:163} INFO - Started process (PID=19827) to work on /home/airflow/sandbox/lib/python3.8/site-packages/airflow/example_dags/example_branch_labels.py
[2022-01-05 20:50:35,790] {processor.py:642} INFO - Processing file /home/airflow/sandbox/lib/python3.8/site-packages/airflow/example_dags/example_branch_labels.py for tasks to queue
[2022-01-05 20:50:35,790] {logging_mixin.py:109} INFO - [2022-01-05 20:50:35,790] {dagbag.py:500} INFO - Filling up the DagBag from /home/airflow/sandbox/lib/python3.8/site-packages/airflow/example_dags/example_branch_labels.py
[2022-01-05 20:50:35,857] {processor.py:654} INFO - DAG(s) dict_keys(['example_branch_labels']) retrieved from /home/airflow/sandbox/lib/python3.8/site-packages/airflow/example_dags/example_branch_labels.py
[2022-01-05 20:50:35,876] {logging_mixin.py:109} INFO - [2022-01-05 20:50:35,876] {dag.py:2396} INFO - Sync 1 DAGs
[2022-01-05 20:50:35,932] {logging_mixin.py:109} INFO - [2022-01-05 20:50:35,930] {dag.py:2935} INFO - Setting next_dagrun for example_branch_labels to 2022-01-04 00:00:00+00:00
[2022-01-05 20:50:36,029] {processor.py:171} INFO - Processing /home/airflow/sandbox/lib/python3.8/site-packages/airflow/example_dags/example_branch_labels.py took 0.242 seconds
[2022-01-05 20:51:06,280] {processor.py:163} INFO - Started process (PID=20074) to work on /home/airflow/sandbox/lib/python3.8/site-packages/airflow/example_dags/example_branch_labels.py
[2022-01-05 20:51:06,283] {processor.py:642} INFO - Processing file /home/airflow/sandbox/lib/python3.8/site-packages/airflow/example_dags/example_branch_labels.py for tasks to queue
[2022-01-05 20:51:06,284] {logging_mixin.py:109} INFO - [2022-01-05 20:51:06,284] {dagbag.py:500} INFO - Filling up the DagBag from /home/airflow/sandbox/lib/python3.8/site-packages/airflow/example_dags/example_branch_labels.py
[2022-01-05 20:51:06,357] {processor.py:654} INFO - DAG(s) dict_keys(['example_branch_labels']) retrieved from /home/airflow/sandbox/lib/python3.8/site-packages/airflow/example_dags/example_branch_labels.py
[2022-01-05 20:51:06,382] {logging_mixin.py:109} INFO - [2022-01-05 20:51:06,382] {dag.py:2396} INFO - Sync 1 DAGs
[2022-01-05 20:51:06,414] {logging_mixin.py:109} INFO - [2022-01-05 20:51:06,414] {dag.py:2935} INFO - Setting next_dagrun for example_branch_labels to 2022-01-04 00:00:00+00:00
[2022-01-05 20:51:06,425] {processor.py:171} INFO - Processing /home/airflow/sandbox/lib/python3.8/site-packages/airflow/example_dags/example_branch_labels.py took 0.149 seconds
[2022-01-05 20:51:36,743] {processor.py:163} INFO - Started process (PID=20321) to work on /home/airflow/sandbox/lib/python3.8/site-packages/airflow/example_dags/example_branch_labels.py
[2022-01-05 20:51:36,744] {processor.py:642} INFO - Processing file /home/airflow/sandbox/lib/python3.8/site-packages/airflow/example_dags/example_branch_labels.py for tasks to queue
[2022-01-05 20:51:36,745] {logging_mixin.py:109} INFO - [2022-01-05 20:51:36,745] {dagbag.py:500} INFO - Filling up the DagBag from /home/airflow/sandbox/lib/python3.8/site-packages/airflow/example_dags/example_branch_labels.py
[2022-01-05 20:51:36,811] {processor.py:654} INFO - DAG(s) dict_keys(['example_branch_labels']) retrieved from /home/airflow/sandbox/lib/python3.8/site-packages/airflow/example_dags/example_branch_labels.py
[2022-01-05 20:51:36,842] {logging_mixin.py:109} INFO - [2022-01-05 20:51:36,842] {dag.py:2396} INFO - Sync 1 DAGs
[2022-01-05 20:51:36,906] {logging_mixin.py:109} INFO - [2022-01-05 20:51:36,905] {dag.py:2935} INFO - Setting next_dagrun for example_branch_labels to 2022-01-04 00:00:00+00:00
[2022-01-05 20:51:36,915] {processor.py:171} INFO - Processing /home/airflow/sandbox/lib/python3.8/site-packages/airflow/example_dags/example_branch_labels.py took 0.187 seconds
[2022-01-05 20:52:07,742] {processor.py:163} INFO - Started process (PID=20569) to work on /home/airflow/sandbox/lib/python3.8/site-packages/airflow/example_dags/example_branch_labels.py
[2022-01-05 20:52:07,744] {processor.py:642} INFO - Processing file /home/airflow/sandbox/lib/python3.8/site-packages/airflow/example_dags/example_branch_labels.py for tasks to queue
[2022-01-05 20:52:07,745] {logging_mixin.py:109} INFO - [2022-01-05 20:52:07,745] {dagbag.py:500} INFO - Filling up the DagBag from /home/airflow/sandbox/lib/python3.8/site-packages/airflow/example_dags/example_branch_labels.py
[2022-01-05 20:52:07,811] {processor.py:654} INFO - DAG(s) dict_keys(['example_branch_labels']) retrieved from /home/airflow/sandbox/lib/python3.8/site-packages/airflow/example_dags/example_branch_labels.py
[2022-01-05 20:52:07,822] {logging_mixin.py:109} INFO - [2022-01-05 20:52:07,822] {dag.py:2396} INFO - Sync 1 DAGs
[2022-01-05 20:52:07,866] {logging_mixin.py:109} INFO - [2022-01-05 20:52:07,866] {dag.py:2935} INFO - Setting next_dagrun for example_branch_labels to 2022-01-04 00:00:00+00:00
[2022-01-05 20:52:07,891] {processor.py:171} INFO - Processing /home/airflow/sandbox/lib/python3.8/site-packages/airflow/example_dags/example_branch_labels.py took 0.152 seconds
[2022-01-05 20:52:38,241] {processor.py:163} INFO - Started process (PID=20810) to work on /home/airflow/sandbox/lib/python3.8/site-packages/airflow/example_dags/example_branch_labels.py
[2022-01-05 20:52:38,242] {processor.py:642} INFO - Processing file /home/airflow/sandbox/lib/python3.8/site-packages/airflow/example_dags/example_branch_labels.py for tasks to queue
[2022-01-05 20:52:38,243] {logging_mixin.py:109} INFO - [2022-01-05 20:52:38,243] {dagbag.py:500} INFO - Filling up the DagBag from /home/airflow/sandbox/lib/python3.8/site-packages/airflow/example_dags/example_branch_labels.py
[2022-01-05 20:52:38,315] {processor.py:654} INFO - DAG(s) dict_keys(['example_branch_labels']) retrieved from /home/airflow/sandbox/lib/python3.8/site-packages/airflow/example_dags/example_branch_labels.py
[2022-01-05 20:52:38,337] {logging_mixin.py:109} INFO - [2022-01-05 20:52:38,337] {dag.py:2396} INFO - Sync 1 DAGs
[2022-01-05 20:52:38,353] {logging_mixin.py:109} INFO - [2022-01-05 20:52:38,353] {dag.py:2935} INFO - Setting next_dagrun for example_branch_labels to 2022-01-04 00:00:00+00:00
[2022-01-05 20:52:38,364] {processor.py:171} INFO - Processing /home/airflow/sandbox/lib/python3.8/site-packages/airflow/example_dags/example_branch_labels.py took 0.128 seconds
[2022-01-05 20:53:08,550] {processor.py:163} INFO - Started process (PID=21057) to work on /home/airflow/sandbox/lib/python3.8/site-packages/airflow/example_dags/example_branch_labels.py
[2022-01-05 20:53:08,558] {processor.py:642} INFO - Processing file /home/airflow/sandbox/lib/python3.8/site-packages/airflow/example_dags/example_branch_labels.py for tasks to queue
[2022-01-05 20:53:08,563] {logging_mixin.py:109} INFO - [2022-01-05 20:53:08,563] {dagbag.py:500} INFO - Filling up the DagBag from /home/airflow/sandbox/lib/python3.8/site-packages/airflow/example_dags/example_branch_labels.py
[2022-01-05 20:53:08,653] {processor.py:654} INFO - DAG(s) dict_keys(['example_branch_labels']) retrieved from /home/airflow/sandbox/lib/python3.8/site-packages/airflow/example_dags/example_branch_labels.py
[2022-01-05 20:53:08,687] {logging_mixin.py:109} INFO - [2022-01-05 20:53:08,687] {dag.py:2396} INFO - Sync 1 DAGs
[2022-01-05 20:53:08,710] {logging_mixin.py:109} INFO - [2022-01-05 20:53:08,710] {dag.py:2935} INFO - Setting next_dagrun for example_branch_labels to 2022-01-04 00:00:00+00:00
[2022-01-05 20:53:08,733] {processor.py:171} INFO - Processing /home/airflow/sandbox/lib/python3.8/site-packages/airflow/example_dags/example_branch_labels.py took 0.195 seconds
[2022-01-05 20:53:39,257] {processor.py:163} INFO - Started process (PID=21373) to work on /home/airflow/sandbox/lib/python3.8/site-packages/airflow/example_dags/example_branch_labels.py
[2022-01-05 20:53:39,260] {processor.py:642} INFO - Processing file /home/airflow/sandbox/lib/python3.8/site-packages/airflow/example_dags/example_branch_labels.py for tasks to queue
[2022-01-05 20:53:39,260] {logging_mixin.py:109} INFO - [2022-01-05 20:53:39,260] {dagbag.py:500} INFO - Filling up the DagBag from /home/airflow/sandbox/lib/python3.8/site-packages/airflow/example_dags/example_branch_labels.py
[2022-01-05 20:53:39,307] {processor.py:654} INFO - DAG(s) dict_keys(['example_branch_labels']) retrieved from /home/airflow/sandbox/lib/python3.8/site-packages/airflow/example_dags/example_branch_labels.py
[2022-01-05 20:53:39,334] {logging_mixin.py:109} INFO - [2022-01-05 20:53:39,334] {dag.py:2396} INFO - Sync 1 DAGs
[2022-01-05 20:53:39,356] {logging_mixin.py:109} INFO - [2022-01-05 20:53:39,356] {dag.py:2935} INFO - Setting next_dagrun for example_branch_labels to 2022-01-04 00:00:00+00:00
[2022-01-05 20:53:39,380] {processor.py:171} INFO - Processing /home/airflow/sandbox/lib/python3.8/site-packages/airflow/example_dags/example_branch_labels.py took 0.130 seconds
[2022-01-05 20:54:09,888] {processor.py:163} INFO - Started process (PID=21618) to work on /home/airflow/sandbox/lib/python3.8/site-packages/airflow/example_dags/example_branch_labels.py
[2022-01-05 20:54:09,889] {processor.py:642} INFO - Processing file /home/airflow/sandbox/lib/python3.8/site-packages/airflow/example_dags/example_branch_labels.py for tasks to queue
[2022-01-05 20:54:09,891] {logging_mixin.py:109} INFO - [2022-01-05 20:54:09,890] {dagbag.py:500} INFO - Filling up the DagBag from /home/airflow/sandbox/lib/python3.8/site-packages/airflow/example_dags/example_branch_labels.py
[2022-01-05 20:54:09,984] {processor.py:654} INFO - DAG(s) dict_keys(['example_branch_labels']) retrieved from /home/airflow/sandbox/lib/python3.8/site-packages/airflow/example_dags/example_branch_labels.py
[2022-01-05 20:54:10,005] {logging_mixin.py:109} INFO - [2022-01-05 20:54:10,005] {dag.py:2396} INFO - Sync 1 DAGs
[2022-01-05 20:54:10,085] {logging_mixin.py:109} INFO - [2022-01-05 20:54:10,085] {dag.py:2935} INFO - Setting next_dagrun for example_branch_labels to 2022-01-04 00:00:00+00:00
[2022-01-05 20:54:10,105] {processor.py:171} INFO - Processing /home/airflow/sandbox/lib/python3.8/site-packages/airflow/example_dags/example_branch_labels.py took 0.224 seconds
[2022-01-05 20:54:40,697] {processor.py:163} INFO - Started process (PID=21853) to work on /home/airflow/sandbox/lib/python3.8/site-packages/airflow/example_dags/example_branch_labels.py
[2022-01-05 20:54:40,699] {processor.py:642} INFO - Processing file /home/airflow/sandbox/lib/python3.8/site-packages/airflow/example_dags/example_branch_labels.py for tasks to queue
[2022-01-05 20:54:40,702] {logging_mixin.py:109} INFO - [2022-01-05 20:54:40,702] {dagbag.py:500} INFO - Filling up the DagBag from /home/airflow/sandbox/lib/python3.8/site-packages/airflow/example_dags/example_branch_labels.py
[2022-01-05 20:54:40,805] {processor.py:654} INFO - DAG(s) dict_keys(['example_branch_labels']) retrieved from /home/airflow/sandbox/lib/python3.8/site-packages/airflow/example_dags/example_branch_labels.py
[2022-01-05 20:54:40,899] {logging_mixin.py:109} INFO - [2022-01-05 20:54:40,899] {dag.py:2396} INFO - Sync 1 DAGs
[2022-01-05 20:54:40,975] {logging_mixin.py:109} INFO - [2022-01-05 20:54:40,975] {dag.py:2935} INFO - Setting next_dagrun for example_branch_labels to 2022-01-04 00:00:00+00:00
[2022-01-05 20:54:41,000] {processor.py:171} INFO - Processing /home/airflow/sandbox/lib/python3.8/site-packages/airflow/example_dags/example_branch_labels.py took 0.316 seconds
[2022-01-05 20:55:12,027] {processor.py:163} INFO - Started process (PID=22104) to work on /home/airflow/sandbox/lib/python3.8/site-packages/airflow/example_dags/example_branch_labels.py
[2022-01-05 20:55:12,029] {processor.py:642} INFO - Processing file /home/airflow/sandbox/lib/python3.8/site-packages/airflow/example_dags/example_branch_labels.py for tasks to queue
[2022-01-05 20:55:12,030] {logging_mixin.py:109} INFO - [2022-01-05 20:55:12,030] {dagbag.py:500} INFO - Filling up the DagBag from /home/airflow/sandbox/lib/python3.8/site-packages/airflow/example_dags/example_branch_labels.py
[2022-01-05 20:55:12,332] {processor.py:654} INFO - DAG(s) dict_keys(['example_branch_labels']) retrieved from /home/airflow/sandbox/lib/python3.8/site-packages/airflow/example_dags/example_branch_labels.py
[2022-01-05 20:55:12,429] {logging_mixin.py:109} INFO - [2022-01-05 20:55:12,428] {dag.py:2396} INFO - Sync 1 DAGs
[2022-01-05 20:55:12,490] {logging_mixin.py:109} INFO - [2022-01-05 20:55:12,490] {dag.py:2935} INFO - Setting next_dagrun for example_branch_labels to 2022-01-04 00:00:00+00:00
[2022-01-05 20:55:12,605] {processor.py:171} INFO - Processing /home/airflow/sandbox/lib/python3.8/site-packages/airflow/example_dags/example_branch_labels.py took 0.621 seconds
[2022-01-05 20:55:43,294] {processor.py:163} INFO - Started process (PID=22352) to work on /home/airflow/sandbox/lib/python3.8/site-packages/airflow/example_dags/example_branch_labels.py
[2022-01-05 20:55:43,295] {processor.py:642} INFO - Processing file /home/airflow/sandbox/lib/python3.8/site-packages/airflow/example_dags/example_branch_labels.py for tasks to queue
[2022-01-05 20:55:43,296] {logging_mixin.py:109} INFO - [2022-01-05 20:55:43,296] {dagbag.py:500} INFO - Filling up the DagBag from /home/airflow/sandbox/lib/python3.8/site-packages/airflow/example_dags/example_branch_labels.py
[2022-01-05 20:55:43,593] {processor.py:654} INFO - DAG(s) dict_keys(['example_branch_labels']) retrieved from /home/airflow/sandbox/lib/python3.8/site-packages/airflow/example_dags/example_branch_labels.py
[2022-01-05 20:55:43,649] {logging_mixin.py:109} INFO - [2022-01-05 20:55:43,649] {dag.py:2396} INFO - Sync 1 DAGs
[2022-01-05 20:55:43,849] {logging_mixin.py:109} INFO - [2022-01-05 20:55:43,848] {dag.py:2935} INFO - Setting next_dagrun for example_branch_labels to 2022-01-04 00:00:00+00:00
[2022-01-05 20:55:43,901] {processor.py:171} INFO - Processing /home/airflow/sandbox/lib/python3.8/site-packages/airflow/example_dags/example_branch_labels.py took 0.612 seconds
[2022-01-05 20:56:14,287] {processor.py:163} INFO - Started process (PID=22593) to work on /home/airflow/sandbox/lib/python3.8/site-packages/airflow/example_dags/example_branch_labels.py
[2022-01-05 20:56:14,291] {processor.py:642} INFO - Processing file /home/airflow/sandbox/lib/python3.8/site-packages/airflow/example_dags/example_branch_labels.py for tasks to queue
[2022-01-05 20:56:14,293] {logging_mixin.py:109} INFO - [2022-01-05 20:56:14,292] {dagbag.py:500} INFO - Filling up the DagBag from /home/airflow/sandbox/lib/python3.8/site-packages/airflow/example_dags/example_branch_labels.py
[2022-01-05 20:56:14,587] {processor.py:654} INFO - DAG(s) dict_keys(['example_branch_labels']) retrieved from /home/airflow/sandbox/lib/python3.8/site-packages/airflow/example_dags/example_branch_labels.py
[2022-01-05 20:56:14,730] {logging_mixin.py:109} INFO - [2022-01-05 20:56:14,729] {dag.py:2396} INFO - Sync 1 DAGs
[2022-01-05 20:56:14,843] {logging_mixin.py:109} INFO - [2022-01-05 20:56:14,843] {dag.py:2935} INFO - Setting next_dagrun for example_branch_labels to 2022-01-04 00:00:00+00:00
[2022-01-05 20:56:14,880] {processor.py:171} INFO - Processing /home/airflow/sandbox/lib/python3.8/site-packages/airflow/example_dags/example_branch_labels.py took 0.599 seconds
[2022-01-05 20:56:46,884] {processor.py:163} INFO - Started process (PID=22839) to work on /home/airflow/sandbox/lib/python3.8/site-packages/airflow/example_dags/example_branch_labels.py
[2022-01-05 20:56:46,886] {processor.py:642} INFO - Processing file /home/airflow/sandbox/lib/python3.8/site-packages/airflow/example_dags/example_branch_labels.py for tasks to queue
[2022-01-05 20:56:46,887] {logging_mixin.py:109} INFO - [2022-01-05 20:56:46,887] {dagbag.py:500} INFO - Filling up the DagBag from /home/airflow/sandbox/lib/python3.8/site-packages/airflow/example_dags/example_branch_labels.py
[2022-01-05 20:56:47,188] {processor.py:654} INFO - DAG(s) dict_keys(['example_branch_labels']) retrieved from /home/airflow/sandbox/lib/python3.8/site-packages/airflow/example_dags/example_branch_labels.py
[2022-01-05 20:56:47,284] {logging_mixin.py:109} INFO - [2022-01-05 20:56:47,284] {dag.py:2396} INFO - Sync 1 DAGs
[2022-01-05 20:56:47,382] {logging_mixin.py:109} INFO - [2022-01-05 20:56:47,382] {dag.py:2935} INFO - Setting next_dagrun for example_branch_labels to 2022-01-04 00:00:00+00:00
[2022-01-05 20:56:47,395] {processor.py:171} INFO - Processing /home/airflow/sandbox/lib/python3.8/site-packages/airflow/example_dags/example_branch_labels.py took 0.517 seconds
[2022-01-05 20:57:18,081] {processor.py:163} INFO - Started process (PID=23077) to work on /home/airflow/sandbox/lib/python3.8/site-packages/airflow/example_dags/example_branch_labels.py
[2022-01-05 20:57:18,085] {processor.py:642} INFO - Processing file /home/airflow/sandbox/lib/python3.8/site-packages/airflow/example_dags/example_branch_labels.py for tasks to queue
[2022-01-05 20:57:18,095] {logging_mixin.py:109} INFO - [2022-01-05 20:57:18,095] {dagbag.py:500} INFO - Filling up the DagBag from /home/airflow/sandbox/lib/python3.8/site-packages/airflow/example_dags/example_branch_labels.py
[2022-01-05 20:57:18,253] {processor.py:654} INFO - DAG(s) dict_keys(['example_branch_labels']) retrieved from /home/airflow/sandbox/lib/python3.8/site-packages/airflow/example_dags/example_branch_labels.py
[2022-01-05 20:57:18,294] {logging_mixin.py:109} INFO - [2022-01-05 20:57:18,294] {dag.py:2396} INFO - Sync 1 DAGs
[2022-01-05 20:57:18,351] {logging_mixin.py:109} INFO - [2022-01-05 20:57:18,350] {dag.py:2935} INFO - Setting next_dagrun for example_branch_labels to 2022-01-04 00:00:00+00:00
[2022-01-05 20:57:18,398] {processor.py:171} INFO - Processing /home/airflow/sandbox/lib/python3.8/site-packages/airflow/example_dags/example_branch_labels.py took 0.401 seconds
[2022-01-05 20:57:49,543] {processor.py:163} INFO - Started process (PID=23323) to work on /home/airflow/sandbox/lib/python3.8/site-packages/airflow/example_dags/example_branch_labels.py
[2022-01-05 20:57:49,544] {processor.py:642} INFO - Processing file /home/airflow/sandbox/lib/python3.8/site-packages/airflow/example_dags/example_branch_labels.py for tasks to queue
[2022-01-05 20:57:49,544] {logging_mixin.py:109} INFO - [2022-01-05 20:57:49,544] {dagbag.py:500} INFO - Filling up the DagBag from /home/airflow/sandbox/lib/python3.8/site-packages/airflow/example_dags/example_branch_labels.py
[2022-01-05 20:57:49,790] {processor.py:654} INFO - DAG(s) dict_keys(['example_branch_labels']) retrieved from /home/airflow/sandbox/lib/python3.8/site-packages/airflow/example_dags/example_branch_labels.py
[2022-01-05 20:57:49,840] {logging_mixin.py:109} INFO - [2022-01-05 20:57:49,838] {dag.py:2396} INFO - Sync 1 DAGs
[2022-01-05 20:57:49,945] {logging_mixin.py:109} INFO - [2022-01-05 20:57:49,945] {dag.py:2935} INFO - Setting next_dagrun for example_branch_labels to 2022-01-04 00:00:00+00:00
[2022-01-05 20:57:49,995] {processor.py:171} INFO - Processing /home/airflow/sandbox/lib/python3.8/site-packages/airflow/example_dags/example_branch_labels.py took 0.459 seconds
[2022-01-05 20:58:20,193] {processor.py:163} INFO - Started process (PID=23627) to work on /home/airflow/sandbox/lib/python3.8/site-packages/airflow/example_dags/example_branch_labels.py
[2022-01-05 20:58:20,197] {processor.py:642} INFO - Processing file /home/airflow/sandbox/lib/python3.8/site-packages/airflow/example_dags/example_branch_labels.py for tasks to queue
[2022-01-05 20:58:20,199] {logging_mixin.py:109} INFO - [2022-01-05 20:58:20,199] {dagbag.py:500} INFO - Filling up the DagBag from /home/airflow/sandbox/lib/python3.8/site-packages/airflow/example_dags/example_branch_labels.py
[2022-01-05 20:58:20,451] {processor.py:654} INFO - DAG(s) dict_keys(['example_branch_labels']) retrieved from /home/airflow/sandbox/lib/python3.8/site-packages/airflow/example_dags/example_branch_labels.py
[2022-01-05 20:58:20,493] {logging_mixin.py:109} INFO - [2022-01-05 20:58:20,493] {dag.py:2396} INFO - Sync 1 DAGs
[2022-01-05 20:58:20,550] {logging_mixin.py:109} INFO - [2022-01-05 20:58:20,550] {dag.py:2935} INFO - Setting next_dagrun for example_branch_labels to 2022-01-04 00:00:00+00:00
[2022-01-05 20:58:20,600] {processor.py:171} INFO - Processing /home/airflow/sandbox/lib/python3.8/site-packages/airflow/example_dags/example_branch_labels.py took 0.415 seconds
[2022-01-05 20:58:51,643] {processor.py:163} INFO - Started process (PID=23868) to work on /home/airflow/sandbox/lib/python3.8/site-packages/airflow/example_dags/example_branch_labels.py
[2022-01-05 20:58:51,644] {processor.py:642} INFO - Processing file /home/airflow/sandbox/lib/python3.8/site-packages/airflow/example_dags/example_branch_labels.py for tasks to queue
[2022-01-05 20:58:51,645] {logging_mixin.py:109} INFO - [2022-01-05 20:58:51,645] {dagbag.py:500} INFO - Filling up the DagBag from /home/airflow/sandbox/lib/python3.8/site-packages/airflow/example_dags/example_branch_labels.py
[2022-01-05 20:58:51,930] {processor.py:654} INFO - DAG(s) dict_keys(['example_branch_labels']) retrieved from /home/airflow/sandbox/lib/python3.8/site-packages/airflow/example_dags/example_branch_labels.py
[2022-01-05 20:58:51,951] {logging_mixin.py:109} INFO - [2022-01-05 20:58:51,951] {dag.py:2396} INFO - Sync 1 DAGs
[2022-01-05 20:58:52,035] {logging_mixin.py:109} INFO - [2022-01-05 20:58:52,035] {dag.py:2935} INFO - Setting next_dagrun for example_branch_labels to 2022-01-04 00:00:00+00:00
[2022-01-05 20:58:52,049] {processor.py:171} INFO - Processing /home/airflow/sandbox/lib/python3.8/site-packages/airflow/example_dags/example_branch_labels.py took 0.410 seconds
[2022-01-05 20:59:23,726] {processor.py:163} INFO - Started process (PID=24115) to work on /home/airflow/sandbox/lib/python3.8/site-packages/airflow/example_dags/example_branch_labels.py
[2022-01-05 20:59:23,727] {processor.py:642} INFO - Processing file /home/airflow/sandbox/lib/python3.8/site-packages/airflow/example_dags/example_branch_labels.py for tasks to queue
[2022-01-05 20:59:23,728] {logging_mixin.py:109} INFO - [2022-01-05 20:59:23,728] {dagbag.py:500} INFO - Filling up the DagBag from /home/airflow/sandbox/lib/python3.8/site-packages/airflow/example_dags/example_branch_labels.py
[2022-01-05 20:59:24,148] {processor.py:654} INFO - DAG(s) dict_keys(['example_branch_labels']) retrieved from /home/airflow/sandbox/lib/python3.8/site-packages/airflow/example_dags/example_branch_labels.py
[2022-01-05 20:59:24,282] {logging_mixin.py:109} INFO - [2022-01-05 20:59:24,281] {dag.py:2396} INFO - Sync 1 DAGs
[2022-01-05 20:59:24,349] {logging_mixin.py:109} INFO - [2022-01-05 20:59:24,349] {dag.py:2935} INFO - Setting next_dagrun for example_branch_labels to 2022-01-04 00:00:00+00:00
[2022-01-05 20:59:24,396] {processor.py:171} INFO - Processing /home/airflow/sandbox/lib/python3.8/site-packages/airflow/example_dags/example_branch_labels.py took 0.696 seconds
[2022-01-05 20:59:54,853] {processor.py:163} INFO - Started process (PID=24356) to work on /home/airflow/sandbox/lib/python3.8/site-packages/airflow/example_dags/example_branch_labels.py
[2022-01-05 20:59:54,854] {processor.py:642} INFO - Processing file /home/airflow/sandbox/lib/python3.8/site-packages/airflow/example_dags/example_branch_labels.py for tasks to queue
[2022-01-05 20:59:54,854] {logging_mixin.py:109} INFO - [2022-01-05 20:59:54,854] {dagbag.py:500} INFO - Filling up the DagBag from /home/airflow/sandbox/lib/python3.8/site-packages/airflow/example_dags/example_branch_labels.py
[2022-01-05 20:59:55,103] {processor.py:654} INFO - DAG(s) dict_keys(['example_branch_labels']) retrieved from /home/airflow/sandbox/lib/python3.8/site-packages/airflow/example_dags/example_branch_labels.py
[2022-01-05 20:59:55,251] {logging_mixin.py:109} INFO - [2022-01-05 20:59:55,251] {dag.py:2396} INFO - Sync 1 DAGs
[2022-01-05 20:59:55,400] {logging_mixin.py:109} INFO - [2022-01-05 20:59:55,400] {dag.py:2935} INFO - Setting next_dagrun for example_branch_labels to 2022-01-04 00:00:00+00:00
[2022-01-05 20:59:55,592] {processor.py:171} INFO - Processing /home/airflow/sandbox/lib/python3.8/site-packages/airflow/example_dags/example_branch_labels.py took 0.745 seconds
[2022-01-05 21:00:25,928] {processor.py:163} INFO - Started process (PID=24611) to work on /home/airflow/sandbox/lib/python3.8/site-packages/airflow/example_dags/example_branch_labels.py
[2022-01-05 21:00:25,931] {processor.py:642} INFO - Processing file /home/airflow/sandbox/lib/python3.8/site-packages/airflow/example_dags/example_branch_labels.py for tasks to queue
[2022-01-05 21:00:25,935] {logging_mixin.py:109} INFO - [2022-01-05 21:00:25,934] {dagbag.py:500} INFO - Filling up the DagBag from /home/airflow/sandbox/lib/python3.8/site-packages/airflow/example_dags/example_branch_labels.py
[2022-01-05 21:00:26,006] {processor.py:654} INFO - DAG(s) dict_keys(['example_branch_labels']) retrieved from /home/airflow/sandbox/lib/python3.8/site-packages/airflow/example_dags/example_branch_labels.py
[2022-01-05 21:00:26,028] {logging_mixin.py:109} INFO - [2022-01-05 21:00:26,028] {dag.py:2396} INFO - Sync 1 DAGs
[2022-01-05 21:00:26,062] {logging_mixin.py:109} INFO - [2022-01-05 21:00:26,062] {dag.py:2935} INFO - Setting next_dagrun for example_branch_labels to 2022-01-04 00:00:00+00:00
[2022-01-05 21:00:26,071] {processor.py:171} INFO - Processing /home/airflow/sandbox/lib/python3.8/site-packages/airflow/example_dags/example_branch_labels.py took 0.146 seconds
