[2022-01-05 20:07:05,465] {processor.py:163} INFO - Started process (PID=2425) to work on /home/airflow/sandbox/lib/python3.8/site-packages/airflow/example_dags/tutorial_taskflow_api_etl_virtualenv.py
[2022-01-05 20:07:05,490] {processor.py:642} INFO - Processing file /home/airflow/sandbox/lib/python3.8/site-packages/airflow/example_dags/tutorial_taskflow_api_etl_virtualenv.py for tasks to queue
[2022-01-05 20:07:05,500] {logging_mixin.py:109} INFO - [2022-01-05 20:07:05,500] {dagbag.py:500} INFO - Filling up the DagBag from /home/airflow/sandbox/lib/python3.8/site-packages/airflow/example_dags/tutorial_taskflow_api_etl_virtualenv.py
[2022-01-05 20:07:05,797] {logging_mixin.py:109} INFO - [2022-01-05 20:07:05,797] {tutorial_taskflow_api_etl_virtualenv.py:29} WARNING - The tutorial_taskflow_api_etl_virtualenv example DAG requires virtualenv, please install it.
[2022-01-05 20:07:06,017] {processor.py:656} WARNING - No viable dags retrieved from /home/airflow/sandbox/lib/python3.8/site-packages/airflow/example_dags/tutorial_taskflow_api_etl_virtualenv.py
[2022-01-05 20:07:06,038] {processor.py:171} INFO - Processing /home/airflow/sandbox/lib/python3.8/site-packages/airflow/example_dags/tutorial_taskflow_api_etl_virtualenv.py took 0.610 seconds
[2022-01-05 20:07:37,441] {processor.py:163} INFO - Started process (PID=2671) to work on /home/airflow/sandbox/lib/python3.8/site-packages/airflow/example_dags/tutorial_taskflow_api_etl_virtualenv.py
[2022-01-05 20:07:37,448] {processor.py:642} INFO - Processing file /home/airflow/sandbox/lib/python3.8/site-packages/airflow/example_dags/tutorial_taskflow_api_etl_virtualenv.py for tasks to queue
[2022-01-05 20:07:37,450] {logging_mixin.py:109} INFO - [2022-01-05 20:07:37,450] {dagbag.py:500} INFO - Filling up the DagBag from /home/airflow/sandbox/lib/python3.8/site-packages/airflow/example_dags/tutorial_taskflow_api_etl_virtualenv.py
[2022-01-05 20:07:37,537] {logging_mixin.py:109} INFO - [2022-01-05 20:07:37,537] {tutorial_taskflow_api_etl_virtualenv.py:29} WARNING - The tutorial_taskflow_api_etl_virtualenv example DAG requires virtualenv, please install it.
[2022-01-05 20:07:37,635] {processor.py:656} WARNING - No viable dags retrieved from /home/airflow/sandbox/lib/python3.8/site-packages/airflow/example_dags/tutorial_taskflow_api_etl_virtualenv.py
[2022-01-05 20:07:37,640] {processor.py:171} INFO - Processing /home/airflow/sandbox/lib/python3.8/site-packages/airflow/example_dags/tutorial_taskflow_api_etl_virtualenv.py took 0.208 seconds
[2022-01-05 20:08:08,397] {processor.py:163} INFO - Started process (PID=2873) to work on /home/airflow/sandbox/lib/python3.8/site-packages/airflow/example_dags/tutorial_taskflow_api_etl_virtualenv.py
[2022-01-05 20:08:08,400] {processor.py:642} INFO - Processing file /home/airflow/sandbox/lib/python3.8/site-packages/airflow/example_dags/tutorial_taskflow_api_etl_virtualenv.py for tasks to queue
[2022-01-05 20:08:08,404] {logging_mixin.py:109} INFO - [2022-01-05 20:08:08,404] {dagbag.py:500} INFO - Filling up the DagBag from /home/airflow/sandbox/lib/python3.8/site-packages/airflow/example_dags/tutorial_taskflow_api_etl_virtualenv.py
[2022-01-05 20:08:08,560] {logging_mixin.py:109} INFO - [2022-01-05 20:08:08,560] {tutorial_taskflow_api_etl_virtualenv.py:29} WARNING - The tutorial_taskflow_api_etl_virtualenv example DAG requires virtualenv, please install it.
[2022-01-05 20:08:08,640] {processor.py:656} WARNING - No viable dags retrieved from /home/airflow/sandbox/lib/python3.8/site-packages/airflow/example_dags/tutorial_taskflow_api_etl_virtualenv.py
[2022-01-05 20:08:08,646] {processor.py:171} INFO - Processing /home/airflow/sandbox/lib/python3.8/site-packages/airflow/example_dags/tutorial_taskflow_api_etl_virtualenv.py took 0.293 seconds
[2022-01-05 20:08:39,332] {processor.py:163} INFO - Started process (PID=3241) to work on /home/airflow/sandbox/lib/python3.8/site-packages/airflow/example_dags/tutorial_taskflow_api_etl_virtualenv.py
[2022-01-05 20:08:39,336] {processor.py:642} INFO - Processing file /home/airflow/sandbox/lib/python3.8/site-packages/airflow/example_dags/tutorial_taskflow_api_etl_virtualenv.py for tasks to queue
[2022-01-05 20:08:39,337] {logging_mixin.py:109} INFO - [2022-01-05 20:08:39,337] {dagbag.py:500} INFO - Filling up the DagBag from /home/airflow/sandbox/lib/python3.8/site-packages/airflow/example_dags/tutorial_taskflow_api_etl_virtualenv.py
[2022-01-05 20:08:39,371] {logging_mixin.py:109} INFO - [2022-01-05 20:08:39,371] {tutorial_taskflow_api_etl_virtualenv.py:29} WARNING - The tutorial_taskflow_api_etl_virtualenv example DAG requires virtualenv, please install it.
[2022-01-05 20:08:39,448] {processor.py:656} WARNING - No viable dags retrieved from /home/airflow/sandbox/lib/python3.8/site-packages/airflow/example_dags/tutorial_taskflow_api_etl_virtualenv.py
[2022-01-05 20:08:39,473] {processor.py:171} INFO - Processing /home/airflow/sandbox/lib/python3.8/site-packages/airflow/example_dags/tutorial_taskflow_api_etl_virtualenv.py took 0.177 seconds
[2022-01-05 20:09:09,848] {processor.py:163} INFO - Started process (PID=3499) to work on /home/airflow/sandbox/lib/python3.8/site-packages/airflow/example_dags/tutorial_taskflow_api_etl_virtualenv.py
[2022-01-05 20:09:09,850] {processor.py:642} INFO - Processing file /home/airflow/sandbox/lib/python3.8/site-packages/airflow/example_dags/tutorial_taskflow_api_etl_virtualenv.py for tasks to queue
[2022-01-05 20:09:09,860] {logging_mixin.py:109} INFO - [2022-01-05 20:09:09,860] {dagbag.py:500} INFO - Filling up the DagBag from /home/airflow/sandbox/lib/python3.8/site-packages/airflow/example_dags/tutorial_taskflow_api_etl_virtualenv.py
[2022-01-05 20:09:10,112] {logging_mixin.py:109} INFO - [2022-01-05 20:09:10,112] {tutorial_taskflow_api_etl_virtualenv.py:29} WARNING - The tutorial_taskflow_api_etl_virtualenv example DAG requires virtualenv, please install it.
[2022-01-05 20:09:10,309] {processor.py:656} WARNING - No viable dags retrieved from /home/airflow/sandbox/lib/python3.8/site-packages/airflow/example_dags/tutorial_taskflow_api_etl_virtualenv.py
[2022-01-05 20:09:10,487] {processor.py:171} INFO - Processing /home/airflow/sandbox/lib/python3.8/site-packages/airflow/example_dags/tutorial_taskflow_api_etl_virtualenv.py took 0.695 seconds
[2022-01-05 20:09:41,064] {processor.py:163} INFO - Started process (PID=4485) to work on /home/airflow/sandbox/lib/python3.8/site-packages/airflow/example_dags/tutorial_taskflow_api_etl_virtualenv.py
[2022-01-05 20:09:41,068] {processor.py:642} INFO - Processing file /home/airflow/sandbox/lib/python3.8/site-packages/airflow/example_dags/tutorial_taskflow_api_etl_virtualenv.py for tasks to queue
[2022-01-05 20:09:41,072] {logging_mixin.py:109} INFO - [2022-01-05 20:09:41,071] {dagbag.py:500} INFO - Filling up the DagBag from /home/airflow/sandbox/lib/python3.8/site-packages/airflow/example_dags/tutorial_taskflow_api_etl_virtualenv.py
[2022-01-05 20:09:41,262] {logging_mixin.py:109} INFO - [2022-01-05 20:09:41,262] {tutorial_taskflow_api_etl_virtualenv.py:29} WARNING - The tutorial_taskflow_api_etl_virtualenv example DAG requires virtualenv, please install it.
[2022-01-05 20:09:41,427] {processor.py:656} WARNING - No viable dags retrieved from /home/airflow/sandbox/lib/python3.8/site-packages/airflow/example_dags/tutorial_taskflow_api_etl_virtualenv.py
[2022-01-05 20:09:41,453] {processor.py:171} INFO - Processing /home/airflow/sandbox/lib/python3.8/site-packages/airflow/example_dags/tutorial_taskflow_api_etl_virtualenv.py took 0.424 seconds
[2022-01-05 20:10:11,603] {processor.py:163} INFO - Started process (PID=4779) to work on /home/airflow/sandbox/lib/python3.8/site-packages/airflow/example_dags/tutorial_taskflow_api_etl_virtualenv.py
[2022-01-05 20:10:11,604] {processor.py:642} INFO - Processing file /home/airflow/sandbox/lib/python3.8/site-packages/airflow/example_dags/tutorial_taskflow_api_etl_virtualenv.py for tasks to queue
[2022-01-05 20:10:11,606] {logging_mixin.py:109} INFO - [2022-01-05 20:10:11,606] {dagbag.py:500} INFO - Filling up the DagBag from /home/airflow/sandbox/lib/python3.8/site-packages/airflow/example_dags/tutorial_taskflow_api_etl_virtualenv.py
[2022-01-05 20:10:11,642] {logging_mixin.py:109} INFO - [2022-01-05 20:10:11,642] {tutorial_taskflow_api_etl_virtualenv.py:29} WARNING - The tutorial_taskflow_api_etl_virtualenv example DAG requires virtualenv, please install it.
[2022-01-05 20:10:11,698] {processor.py:656} WARNING - No viable dags retrieved from /home/airflow/sandbox/lib/python3.8/site-packages/airflow/example_dags/tutorial_taskflow_api_etl_virtualenv.py
[2022-01-05 20:10:11,713] {processor.py:171} INFO - Processing /home/airflow/sandbox/lib/python3.8/site-packages/airflow/example_dags/tutorial_taskflow_api_etl_virtualenv.py took 0.115 seconds
[2022-01-05 20:10:41,984] {processor.py:163} INFO - Started process (PID=4918) to work on /home/airflow/sandbox/lib/python3.8/site-packages/airflow/example_dags/tutorial_taskflow_api_etl_virtualenv.py
[2022-01-05 20:10:41,986] {processor.py:642} INFO - Processing file /home/airflow/sandbox/lib/python3.8/site-packages/airflow/example_dags/tutorial_taskflow_api_etl_virtualenv.py for tasks to queue
[2022-01-05 20:10:41,986] {logging_mixin.py:109} INFO - [2022-01-05 20:10:41,986] {dagbag.py:500} INFO - Filling up the DagBag from /home/airflow/sandbox/lib/python3.8/site-packages/airflow/example_dags/tutorial_taskflow_api_etl_virtualenv.py
[2022-01-05 20:10:42,005] {logging_mixin.py:109} INFO - [2022-01-05 20:10:42,005] {tutorial_taskflow_api_etl_virtualenv.py:29} WARNING - The tutorial_taskflow_api_etl_virtualenv example DAG requires virtualenv, please install it.
[2022-01-05 20:10:42,127] {processor.py:656} WARNING - No viable dags retrieved from /home/airflow/sandbox/lib/python3.8/site-packages/airflow/example_dags/tutorial_taskflow_api_etl_virtualenv.py
[2022-01-05 20:10:42,133] {processor.py:171} INFO - Processing /home/airflow/sandbox/lib/python3.8/site-packages/airflow/example_dags/tutorial_taskflow_api_etl_virtualenv.py took 0.153 seconds
[2022-01-05 20:11:12,871] {processor.py:163} INFO - Started process (PID=5046) to work on /home/airflow/sandbox/lib/python3.8/site-packages/airflow/example_dags/tutorial_taskflow_api_etl_virtualenv.py
[2022-01-05 20:11:12,872] {processor.py:642} INFO - Processing file /home/airflow/sandbox/lib/python3.8/site-packages/airflow/example_dags/tutorial_taskflow_api_etl_virtualenv.py for tasks to queue
[2022-01-05 20:11:12,873] {logging_mixin.py:109} INFO - [2022-01-05 20:11:12,873] {dagbag.py:500} INFO - Filling up the DagBag from /home/airflow/sandbox/lib/python3.8/site-packages/airflow/example_dags/tutorial_taskflow_api_etl_virtualenv.py
[2022-01-05 20:11:12,897] {logging_mixin.py:109} INFO - [2022-01-05 20:11:12,897] {tutorial_taskflow_api_etl_virtualenv.py:29} WARNING - The tutorial_taskflow_api_etl_virtualenv example DAG requires virtualenv, please install it.
[2022-01-05 20:11:13,001] {processor.py:656} WARNING - No viable dags retrieved from /home/airflow/sandbox/lib/python3.8/site-packages/airflow/example_dags/tutorial_taskflow_api_etl_virtualenv.py
[2022-01-05 20:11:13,031] {processor.py:171} INFO - Processing /home/airflow/sandbox/lib/python3.8/site-packages/airflow/example_dags/tutorial_taskflow_api_etl_virtualenv.py took 0.182 seconds
[2022-01-05 20:11:43,470] {processor.py:163} INFO - Started process (PID=5137) to work on /home/airflow/sandbox/lib/python3.8/site-packages/airflow/example_dags/tutorial_taskflow_api_etl_virtualenv.py
[2022-01-05 20:11:43,474] {processor.py:642} INFO - Processing file /home/airflow/sandbox/lib/python3.8/site-packages/airflow/example_dags/tutorial_taskflow_api_etl_virtualenv.py for tasks to queue
[2022-01-05 20:11:43,487] {logging_mixin.py:109} INFO - [2022-01-05 20:11:43,486] {dagbag.py:500} INFO - Filling up the DagBag from /home/airflow/sandbox/lib/python3.8/site-packages/airflow/example_dags/tutorial_taskflow_api_etl_virtualenv.py
[2022-01-05 20:11:43,545] {logging_mixin.py:109} INFO - [2022-01-05 20:11:43,545] {tutorial_taskflow_api_etl_virtualenv.py:29} WARNING - The tutorial_taskflow_api_etl_virtualenv example DAG requires virtualenv, please install it.
[2022-01-05 20:11:43,695] {processor.py:656} WARNING - No viable dags retrieved from /home/airflow/sandbox/lib/python3.8/site-packages/airflow/example_dags/tutorial_taskflow_api_etl_virtualenv.py
[2022-01-05 20:11:43,697] {processor.py:171} INFO - Processing /home/airflow/sandbox/lib/python3.8/site-packages/airflow/example_dags/tutorial_taskflow_api_etl_virtualenv.py took 0.258 seconds
[2022-01-05 20:12:14,172] {processor.py:163} INFO - Started process (PID=5262) to work on /home/airflow/sandbox/lib/python3.8/site-packages/airflow/example_dags/tutorial_taskflow_api_etl_virtualenv.py
[2022-01-05 20:12:14,178] {processor.py:642} INFO - Processing file /home/airflow/sandbox/lib/python3.8/site-packages/airflow/example_dags/tutorial_taskflow_api_etl_virtualenv.py for tasks to queue
[2022-01-05 20:12:14,179] {logging_mixin.py:109} INFO - [2022-01-05 20:12:14,179] {dagbag.py:500} INFO - Filling up the DagBag from /home/airflow/sandbox/lib/python3.8/site-packages/airflow/example_dags/tutorial_taskflow_api_etl_virtualenv.py
[2022-01-05 20:12:14,267] {logging_mixin.py:109} INFO - [2022-01-05 20:12:14,267] {tutorial_taskflow_api_etl_virtualenv.py:29} WARNING - The tutorial_taskflow_api_etl_virtualenv example DAG requires virtualenv, please install it.
[2022-01-05 20:12:14,359] {processor.py:656} WARNING - No viable dags retrieved from /home/airflow/sandbox/lib/python3.8/site-packages/airflow/example_dags/tutorial_taskflow_api_etl_virtualenv.py
[2022-01-05 20:12:14,365] {processor.py:171} INFO - Processing /home/airflow/sandbox/lib/python3.8/site-packages/airflow/example_dags/tutorial_taskflow_api_etl_virtualenv.py took 0.231 seconds
[2022-01-05 20:12:44,669] {processor.py:163} INFO - Started process (PID=5356) to work on /home/airflow/sandbox/lib/python3.8/site-packages/airflow/example_dags/tutorial_taskflow_api_etl_virtualenv.py
[2022-01-05 20:12:44,677] {processor.py:642} INFO - Processing file /home/airflow/sandbox/lib/python3.8/site-packages/airflow/example_dags/tutorial_taskflow_api_etl_virtualenv.py for tasks to queue
[2022-01-05 20:12:44,680] {logging_mixin.py:109} INFO - [2022-01-05 20:12:44,679] {dagbag.py:500} INFO - Filling up the DagBag from /home/airflow/sandbox/lib/python3.8/site-packages/airflow/example_dags/tutorial_taskflow_api_etl_virtualenv.py
[2022-01-05 20:12:44,707] {logging_mixin.py:109} INFO - [2022-01-05 20:12:44,707] {tutorial_taskflow_api_etl_virtualenv.py:29} WARNING - The tutorial_taskflow_api_etl_virtualenv example DAG requires virtualenv, please install it.
[2022-01-05 20:12:44,786] {processor.py:656} WARNING - No viable dags retrieved from /home/airflow/sandbox/lib/python3.8/site-packages/airflow/example_dags/tutorial_taskflow_api_etl_virtualenv.py
[2022-01-05 20:12:44,810] {processor.py:171} INFO - Processing /home/airflow/sandbox/lib/python3.8/site-packages/airflow/example_dags/tutorial_taskflow_api_etl_virtualenv.py took 0.172 seconds
[2022-01-05 20:28:10,141] {processor.py:163} INFO - Started process (PID=6967) to work on /home/airflow/sandbox/lib/python3.8/site-packages/airflow/example_dags/tutorial_taskflow_api_etl_virtualenv.py
[2022-01-05 20:28:10,148] {processor.py:642} INFO - Processing file /home/airflow/sandbox/lib/python3.8/site-packages/airflow/example_dags/tutorial_taskflow_api_etl_virtualenv.py for tasks to queue
[2022-01-05 20:28:10,151] {logging_mixin.py:109} INFO - [2022-01-05 20:28:10,151] {dagbag.py:500} INFO - Filling up the DagBag from /home/airflow/sandbox/lib/python3.8/site-packages/airflow/example_dags/tutorial_taskflow_api_etl_virtualenv.py
[2022-01-05 20:28:10,195] {logging_mixin.py:109} INFO - [2022-01-05 20:28:10,195] {tutorial_taskflow_api_etl_virtualenv.py:29} WARNING - The tutorial_taskflow_api_etl_virtualenv example DAG requires virtualenv, please install it.
[2022-01-05 20:28:10,289] {processor.py:656} WARNING - No viable dags retrieved from /home/airflow/sandbox/lib/python3.8/site-packages/airflow/example_dags/tutorial_taskflow_api_etl_virtualenv.py
[2022-01-05 20:28:10,300] {processor.py:171} INFO - Processing /home/airflow/sandbox/lib/python3.8/site-packages/airflow/example_dags/tutorial_taskflow_api_etl_virtualenv.py took 0.166 seconds
[2022-01-05 20:28:42,499] {processor.py:163} INFO - Started process (PID=7414) to work on /home/airflow/sandbox/lib/python3.8/site-packages/airflow/example_dags/tutorial_taskflow_api_etl_virtualenv.py
[2022-01-05 20:28:42,541] {processor.py:642} INFO - Processing file /home/airflow/sandbox/lib/python3.8/site-packages/airflow/example_dags/tutorial_taskflow_api_etl_virtualenv.py for tasks to queue
[2022-01-05 20:28:42,548] {logging_mixin.py:109} INFO - [2022-01-05 20:28:42,548] {dagbag.py:500} INFO - Filling up the DagBag from /home/airflow/sandbox/lib/python3.8/site-packages/airflow/example_dags/tutorial_taskflow_api_etl_virtualenv.py
[2022-01-05 20:28:42,657] {logging_mixin.py:109} INFO - [2022-01-05 20:28:42,657] {tutorial_taskflow_api_etl_virtualenv.py:29} WARNING - The tutorial_taskflow_api_etl_virtualenv example DAG requires virtualenv, please install it.
[2022-01-05 20:28:43,401] {processor.py:656} WARNING - No viable dags retrieved from /home/airflow/sandbox/lib/python3.8/site-packages/airflow/example_dags/tutorial_taskflow_api_etl_virtualenv.py
[2022-01-05 20:28:43,443] {processor.py:171} INFO - Processing /home/airflow/sandbox/lib/python3.8/site-packages/airflow/example_dags/tutorial_taskflow_api_etl_virtualenv.py took 0.947 seconds
[2022-01-05 20:29:21,250] {processor.py:163} INFO - Started process (PID=7719) to work on /home/airflow/sandbox/lib/python3.8/site-packages/airflow/example_dags/tutorial_taskflow_api_etl_virtualenv.py
[2022-01-05 20:29:21,252] {processor.py:642} INFO - Processing file /home/airflow/sandbox/lib/python3.8/site-packages/airflow/example_dags/tutorial_taskflow_api_etl_virtualenv.py for tasks to queue
[2022-01-05 20:29:21,260] {logging_mixin.py:109} INFO - [2022-01-05 20:29:21,260] {dagbag.py:500} INFO - Filling up the DagBag from /home/airflow/sandbox/lib/python3.8/site-packages/airflow/example_dags/tutorial_taskflow_api_etl_virtualenv.py
[2022-01-05 20:29:21,398] {logging_mixin.py:109} INFO - [2022-01-05 20:29:21,398] {tutorial_taskflow_api_etl_virtualenv.py:29} WARNING - The tutorial_taskflow_api_etl_virtualenv example DAG requires virtualenv, please install it.
[2022-01-05 20:29:21,706] {processor.py:656} WARNING - No viable dags retrieved from /home/airflow/sandbox/lib/python3.8/site-packages/airflow/example_dags/tutorial_taskflow_api_etl_virtualenv.py
[2022-01-05 20:29:21,940] {processor.py:171} INFO - Processing /home/airflow/sandbox/lib/python3.8/site-packages/airflow/example_dags/tutorial_taskflow_api_etl_virtualenv.py took 0.749 seconds
[2022-01-05 20:29:52,784] {processor.py:163} INFO - Started process (PID=7962) to work on /home/airflow/sandbox/lib/python3.8/site-packages/airflow/example_dags/tutorial_taskflow_api_etl_virtualenv.py
[2022-01-05 20:29:52,786] {processor.py:642} INFO - Processing file /home/airflow/sandbox/lib/python3.8/site-packages/airflow/example_dags/tutorial_taskflow_api_etl_virtualenv.py for tasks to queue
[2022-01-05 20:29:52,787] {logging_mixin.py:109} INFO - [2022-01-05 20:29:52,787] {dagbag.py:500} INFO - Filling up the DagBag from /home/airflow/sandbox/lib/python3.8/site-packages/airflow/example_dags/tutorial_taskflow_api_etl_virtualenv.py
[2022-01-05 20:29:52,795] {logging_mixin.py:109} INFO - [2022-01-05 20:29:52,794] {tutorial_taskflow_api_etl_virtualenv.py:29} WARNING - The tutorial_taskflow_api_etl_virtualenv example DAG requires virtualenv, please install it.
[2022-01-05 20:29:52,880] {processor.py:656} WARNING - No viable dags retrieved from /home/airflow/sandbox/lib/python3.8/site-packages/airflow/example_dags/tutorial_taskflow_api_etl_virtualenv.py
[2022-01-05 20:29:52,886] {processor.py:171} INFO - Processing /home/airflow/sandbox/lib/python3.8/site-packages/airflow/example_dags/tutorial_taskflow_api_etl_virtualenv.py took 0.106 seconds
[2022-01-05 20:30:23,792] {processor.py:163} INFO - Started process (PID=8323) to work on /home/airflow/sandbox/lib/python3.8/site-packages/airflow/example_dags/tutorial_taskflow_api_etl_virtualenv.py
[2022-01-05 20:30:23,793] {processor.py:642} INFO - Processing file /home/airflow/sandbox/lib/python3.8/site-packages/airflow/example_dags/tutorial_taskflow_api_etl_virtualenv.py for tasks to queue
[2022-01-05 20:30:23,794] {logging_mixin.py:109} INFO - [2022-01-05 20:30:23,794] {dagbag.py:500} INFO - Filling up the DagBag from /home/airflow/sandbox/lib/python3.8/site-packages/airflow/example_dags/tutorial_taskflow_api_etl_virtualenv.py
[2022-01-05 20:30:23,850] {logging_mixin.py:109} INFO - [2022-01-05 20:30:23,850] {tutorial_taskflow_api_etl_virtualenv.py:29} WARNING - The tutorial_taskflow_api_etl_virtualenv example DAG requires virtualenv, please install it.
[2022-01-05 20:30:23,952] {processor.py:656} WARNING - No viable dags retrieved from /home/airflow/sandbox/lib/python3.8/site-packages/airflow/example_dags/tutorial_taskflow_api_etl_virtualenv.py
[2022-01-05 20:30:23,991] {processor.py:171} INFO - Processing /home/airflow/sandbox/lib/python3.8/site-packages/airflow/example_dags/tutorial_taskflow_api_etl_virtualenv.py took 0.211 seconds
[2022-01-05 20:30:54,846] {processor.py:163} INFO - Started process (PID=8676) to work on /home/airflow/sandbox/lib/python3.8/site-packages/airflow/example_dags/tutorial_taskflow_api_etl_virtualenv.py
[2022-01-05 20:30:54,871] {processor.py:642} INFO - Processing file /home/airflow/sandbox/lib/python3.8/site-packages/airflow/example_dags/tutorial_taskflow_api_etl_virtualenv.py for tasks to queue
[2022-01-05 20:30:54,873] {logging_mixin.py:109} INFO - [2022-01-05 20:30:54,873] {dagbag.py:500} INFO - Filling up the DagBag from /home/airflow/sandbox/lib/python3.8/site-packages/airflow/example_dags/tutorial_taskflow_api_etl_virtualenv.py
[2022-01-05 20:30:54,890] {logging_mixin.py:109} INFO - [2022-01-05 20:30:54,890] {tutorial_taskflow_api_etl_virtualenv.py:29} WARNING - The tutorial_taskflow_api_etl_virtualenv example DAG requires virtualenv, please install it.
[2022-01-05 20:30:55,032] {processor.py:656} WARNING - No viable dags retrieved from /home/airflow/sandbox/lib/python3.8/site-packages/airflow/example_dags/tutorial_taskflow_api_etl_virtualenv.py
[2022-01-05 20:30:55,047] {processor.py:171} INFO - Processing /home/airflow/sandbox/lib/python3.8/site-packages/airflow/example_dags/tutorial_taskflow_api_etl_virtualenv.py took 0.209 seconds
[2022-01-05 20:31:25,428] {processor.py:163} INFO - Started process (PID=9082) to work on /home/airflow/sandbox/lib/python3.8/site-packages/airflow/example_dags/tutorial_taskflow_api_etl_virtualenv.py
[2022-01-05 20:31:25,431] {processor.py:642} INFO - Processing file /home/airflow/sandbox/lib/python3.8/site-packages/airflow/example_dags/tutorial_taskflow_api_etl_virtualenv.py for tasks to queue
[2022-01-05 20:31:25,435] {logging_mixin.py:109} INFO - [2022-01-05 20:31:25,432] {dagbag.py:500} INFO - Filling up the DagBag from /home/airflow/sandbox/lib/python3.8/site-packages/airflow/example_dags/tutorial_taskflow_api_etl_virtualenv.py
[2022-01-05 20:31:25,477] {logging_mixin.py:109} INFO - [2022-01-05 20:31:25,476] {tutorial_taskflow_api_etl_virtualenv.py:29} WARNING - The tutorial_taskflow_api_etl_virtualenv example DAG requires virtualenv, please install it.
[2022-01-05 20:31:25,594] {processor.py:656} WARNING - No viable dags retrieved from /home/airflow/sandbox/lib/python3.8/site-packages/airflow/example_dags/tutorial_taskflow_api_etl_virtualenv.py
[2022-01-05 20:31:25,637] {processor.py:171} INFO - Processing /home/airflow/sandbox/lib/python3.8/site-packages/airflow/example_dags/tutorial_taskflow_api_etl_virtualenv.py took 0.213 seconds
[2022-01-05 20:31:57,574] {processor.py:163} INFO - Started process (PID=9482) to work on /home/airflow/sandbox/lib/python3.8/site-packages/airflow/example_dags/tutorial_taskflow_api_etl_virtualenv.py
[2022-01-05 20:31:57,578] {processor.py:642} INFO - Processing file /home/airflow/sandbox/lib/python3.8/site-packages/airflow/example_dags/tutorial_taskflow_api_etl_virtualenv.py for tasks to queue
[2022-01-05 20:31:57,582] {logging_mixin.py:109} INFO - [2022-01-05 20:31:57,582] {dagbag.py:500} INFO - Filling up the DagBag from /home/airflow/sandbox/lib/python3.8/site-packages/airflow/example_dags/tutorial_taskflow_api_etl_virtualenv.py
[2022-01-05 20:31:57,621] {logging_mixin.py:109} INFO - [2022-01-05 20:31:57,621] {tutorial_taskflow_api_etl_virtualenv.py:29} WARNING - The tutorial_taskflow_api_etl_virtualenv example DAG requires virtualenv, please install it.
[2022-01-05 20:31:57,780] {processor.py:656} WARNING - No viable dags retrieved from /home/airflow/sandbox/lib/python3.8/site-packages/airflow/example_dags/tutorial_taskflow_api_etl_virtualenv.py
[2022-01-05 20:31:57,783] {processor.py:171} INFO - Processing /home/airflow/sandbox/lib/python3.8/site-packages/airflow/example_dags/tutorial_taskflow_api_etl_virtualenv.py took 0.259 seconds
[2022-01-05 20:32:28,586] {processor.py:163} INFO - Started process (PID=10179) to work on /home/airflow/sandbox/lib/python3.8/site-packages/airflow/example_dags/tutorial_taskflow_api_etl_virtualenv.py
[2022-01-05 20:32:28,612] {processor.py:642} INFO - Processing file /home/airflow/sandbox/lib/python3.8/site-packages/airflow/example_dags/tutorial_taskflow_api_etl_virtualenv.py for tasks to queue
[2022-01-05 20:32:28,612] {logging_mixin.py:109} INFO - [2022-01-05 20:32:28,612] {dagbag.py:500} INFO - Filling up the DagBag from /home/airflow/sandbox/lib/python3.8/site-packages/airflow/example_dags/tutorial_taskflow_api_etl_virtualenv.py
[2022-01-05 20:32:28,661] {logging_mixin.py:109} INFO - [2022-01-05 20:32:28,661] {tutorial_taskflow_api_etl_virtualenv.py:29} WARNING - The tutorial_taskflow_api_etl_virtualenv example DAG requires virtualenv, please install it.
[2022-01-05 20:32:28,911] {processor.py:656} WARNING - No viable dags retrieved from /home/airflow/sandbox/lib/python3.8/site-packages/airflow/example_dags/tutorial_taskflow_api_etl_virtualenv.py
[2022-01-05 20:32:28,918] {processor.py:171} INFO - Processing /home/airflow/sandbox/lib/python3.8/site-packages/airflow/example_dags/tutorial_taskflow_api_etl_virtualenv.py took 0.341 seconds
[2022-01-05 20:33:01,366] {processor.py:163} INFO - Started process (PID=10915) to work on /home/airflow/sandbox/lib/python3.8/site-packages/airflow/example_dags/tutorial_taskflow_api_etl_virtualenv.py
[2022-01-05 20:33:01,381] {processor.py:642} INFO - Processing file /home/airflow/sandbox/lib/python3.8/site-packages/airflow/example_dags/tutorial_taskflow_api_etl_virtualenv.py for tasks to queue
[2022-01-05 20:33:01,410] {logging_mixin.py:109} INFO - [2022-01-05 20:33:01,410] {dagbag.py:500} INFO - Filling up the DagBag from /home/airflow/sandbox/lib/python3.8/site-packages/airflow/example_dags/tutorial_taskflow_api_etl_virtualenv.py
[2022-01-05 20:33:01,721] {logging_mixin.py:109} INFO - [2022-01-05 20:33:01,721] {tutorial_taskflow_api_etl_virtualenv.py:29} WARNING - The tutorial_taskflow_api_etl_virtualenv example DAG requires virtualenv, please install it.
[2022-01-05 20:33:01,974] {processor.py:656} WARNING - No viable dags retrieved from /home/airflow/sandbox/lib/python3.8/site-packages/airflow/example_dags/tutorial_taskflow_api_etl_virtualenv.py
[2022-01-05 20:33:02,023] {processor.py:171} INFO - Processing /home/airflow/sandbox/lib/python3.8/site-packages/airflow/example_dags/tutorial_taskflow_api_etl_virtualenv.py took 0.696 seconds
[2022-01-05 20:33:32,376] {processor.py:163} INFO - Started process (PID=11491) to work on /home/airflow/sandbox/lib/python3.8/site-packages/airflow/example_dags/tutorial_taskflow_api_etl_virtualenv.py
[2022-01-05 20:33:32,377] {processor.py:642} INFO - Processing file /home/airflow/sandbox/lib/python3.8/site-packages/airflow/example_dags/tutorial_taskflow_api_etl_virtualenv.py for tasks to queue
[2022-01-05 20:33:32,377] {logging_mixin.py:109} INFO - [2022-01-05 20:33:32,377] {dagbag.py:500} INFO - Filling up the DagBag from /home/airflow/sandbox/lib/python3.8/site-packages/airflow/example_dags/tutorial_taskflow_api_etl_virtualenv.py
[2022-01-05 20:33:32,416] {logging_mixin.py:109} INFO - [2022-01-05 20:33:32,416] {tutorial_taskflow_api_etl_virtualenv.py:29} WARNING - The tutorial_taskflow_api_etl_virtualenv example DAG requires virtualenv, please install it.
[2022-01-05 20:33:32,466] {processor.py:656} WARNING - No viable dags retrieved from /home/airflow/sandbox/lib/python3.8/site-packages/airflow/example_dags/tutorial_taskflow_api_etl_virtualenv.py
[2022-01-05 20:33:32,469] {processor.py:171} INFO - Processing /home/airflow/sandbox/lib/python3.8/site-packages/airflow/example_dags/tutorial_taskflow_api_etl_virtualenv.py took 0.100 seconds
[2022-01-05 20:34:02,825] {processor.py:163} INFO - Started process (PID=11767) to work on /home/airflow/sandbox/lib/python3.8/site-packages/airflow/example_dags/tutorial_taskflow_api_etl_virtualenv.py
[2022-01-05 20:34:02,827] {processor.py:642} INFO - Processing file /home/airflow/sandbox/lib/python3.8/site-packages/airflow/example_dags/tutorial_taskflow_api_etl_virtualenv.py for tasks to queue
[2022-01-05 20:34:02,827] {logging_mixin.py:109} INFO - [2022-01-05 20:34:02,827] {dagbag.py:500} INFO - Filling up the DagBag from /home/airflow/sandbox/lib/python3.8/site-packages/airflow/example_dags/tutorial_taskflow_api_etl_virtualenv.py
[2022-01-05 20:34:02,954] {logging_mixin.py:109} INFO - [2022-01-05 20:34:02,954] {tutorial_taskflow_api_etl_virtualenv.py:29} WARNING - The tutorial_taskflow_api_etl_virtualenv example DAG requires virtualenv, please install it.
[2022-01-05 20:34:03,148] {processor.py:656} WARNING - No viable dags retrieved from /home/airflow/sandbox/lib/python3.8/site-packages/airflow/example_dags/tutorial_taskflow_api_etl_virtualenv.py
[2022-01-05 20:34:03,155] {processor.py:171} INFO - Processing /home/airflow/sandbox/lib/python3.8/site-packages/airflow/example_dags/tutorial_taskflow_api_etl_virtualenv.py took 0.336 seconds
[2022-01-05 20:34:33,403] {processor.py:163} INFO - Started process (PID=12002) to work on /home/airflow/sandbox/lib/python3.8/site-packages/airflow/example_dags/tutorial_taskflow_api_etl_virtualenv.py
[2022-01-05 20:34:33,404] {processor.py:642} INFO - Processing file /home/airflow/sandbox/lib/python3.8/site-packages/airflow/example_dags/tutorial_taskflow_api_etl_virtualenv.py for tasks to queue
[2022-01-05 20:34:33,405] {logging_mixin.py:109} INFO - [2022-01-05 20:34:33,405] {dagbag.py:500} INFO - Filling up the DagBag from /home/airflow/sandbox/lib/python3.8/site-packages/airflow/example_dags/tutorial_taskflow_api_etl_virtualenv.py
[2022-01-05 20:34:33,419] {logging_mixin.py:109} INFO - [2022-01-05 20:34:33,419] {tutorial_taskflow_api_etl_virtualenv.py:29} WARNING - The tutorial_taskflow_api_etl_virtualenv example DAG requires virtualenv, please install it.
[2022-01-05 20:34:33,463] {processor.py:656} WARNING - No viable dags retrieved from /home/airflow/sandbox/lib/python3.8/site-packages/airflow/example_dags/tutorial_taskflow_api_etl_virtualenv.py
[2022-01-05 20:34:33,471] {processor.py:171} INFO - Processing /home/airflow/sandbox/lib/python3.8/site-packages/airflow/example_dags/tutorial_taskflow_api_etl_virtualenv.py took 0.071 seconds
[2022-01-05 20:35:04,298] {processor.py:163} INFO - Started process (PID=12241) to work on /home/airflow/sandbox/lib/python3.8/site-packages/airflow/example_dags/tutorial_taskflow_api_etl_virtualenv.py
[2022-01-05 20:35:04,302] {processor.py:642} INFO - Processing file /home/airflow/sandbox/lib/python3.8/site-packages/airflow/example_dags/tutorial_taskflow_api_etl_virtualenv.py for tasks to queue
[2022-01-05 20:35:04,303] {logging_mixin.py:109} INFO - [2022-01-05 20:35:04,302] {dagbag.py:500} INFO - Filling up the DagBag from /home/airflow/sandbox/lib/python3.8/site-packages/airflow/example_dags/tutorial_taskflow_api_etl_virtualenv.py
[2022-01-05 20:35:04,355] {logging_mixin.py:109} INFO - [2022-01-05 20:35:04,354] {tutorial_taskflow_api_etl_virtualenv.py:29} WARNING - The tutorial_taskflow_api_etl_virtualenv example DAG requires virtualenv, please install it.
[2022-01-05 20:35:04,489] {processor.py:656} WARNING - No viable dags retrieved from /home/airflow/sandbox/lib/python3.8/site-packages/airflow/example_dags/tutorial_taskflow_api_etl_virtualenv.py
[2022-01-05 20:35:04,493] {processor.py:171} INFO - Processing /home/airflow/sandbox/lib/python3.8/site-packages/airflow/example_dags/tutorial_taskflow_api_etl_virtualenv.py took 0.204 seconds
[2022-01-05 20:35:34,585] {processor.py:163} INFO - Started process (PID=12483) to work on /home/airflow/sandbox/lib/python3.8/site-packages/airflow/example_dags/tutorial_taskflow_api_etl_virtualenv.py
[2022-01-05 20:35:34,586] {processor.py:642} INFO - Processing file /home/airflow/sandbox/lib/python3.8/site-packages/airflow/example_dags/tutorial_taskflow_api_etl_virtualenv.py for tasks to queue
[2022-01-05 20:35:34,587] {logging_mixin.py:109} INFO - [2022-01-05 20:35:34,587] {dagbag.py:500} INFO - Filling up the DagBag from /home/airflow/sandbox/lib/python3.8/site-packages/airflow/example_dags/tutorial_taskflow_api_etl_virtualenv.py
[2022-01-05 20:35:34,598] {logging_mixin.py:109} INFO - [2022-01-05 20:35:34,598] {tutorial_taskflow_api_etl_virtualenv.py:29} WARNING - The tutorial_taskflow_api_etl_virtualenv example DAG requires virtualenv, please install it.
[2022-01-05 20:35:34,657] {processor.py:656} WARNING - No viable dags retrieved from /home/airflow/sandbox/lib/python3.8/site-packages/airflow/example_dags/tutorial_taskflow_api_etl_virtualenv.py
[2022-01-05 20:35:34,687] {processor.py:171} INFO - Processing /home/airflow/sandbox/lib/python3.8/site-packages/airflow/example_dags/tutorial_taskflow_api_etl_virtualenv.py took 0.120 seconds
[2022-01-05 20:36:05,247] {processor.py:163} INFO - Started process (PID=12722) to work on /home/airflow/sandbox/lib/python3.8/site-packages/airflow/example_dags/tutorial_taskflow_api_etl_virtualenv.py
[2022-01-05 20:36:05,248] {processor.py:642} INFO - Processing file /home/airflow/sandbox/lib/python3.8/site-packages/airflow/example_dags/tutorial_taskflow_api_etl_virtualenv.py for tasks to queue
[2022-01-05 20:36:05,249] {logging_mixin.py:109} INFO - [2022-01-05 20:36:05,249] {dagbag.py:500} INFO - Filling up the DagBag from /home/airflow/sandbox/lib/python3.8/site-packages/airflow/example_dags/tutorial_taskflow_api_etl_virtualenv.py
[2022-01-05 20:36:05,293] {logging_mixin.py:109} INFO - [2022-01-05 20:36:05,293] {tutorial_taskflow_api_etl_virtualenv.py:29} WARNING - The tutorial_taskflow_api_etl_virtualenv example DAG requires virtualenv, please install it.
[2022-01-05 20:36:05,400] {processor.py:656} WARNING - No viable dags retrieved from /home/airflow/sandbox/lib/python3.8/site-packages/airflow/example_dags/tutorial_taskflow_api_etl_virtualenv.py
[2022-01-05 20:36:05,404] {processor.py:171} INFO - Processing /home/airflow/sandbox/lib/python3.8/site-packages/airflow/example_dags/tutorial_taskflow_api_etl_virtualenv.py took 0.161 seconds
[2022-01-05 20:36:35,843] {processor.py:163} INFO - Started process (PID=12956) to work on /home/airflow/sandbox/lib/python3.8/site-packages/airflow/example_dags/tutorial_taskflow_api_etl_virtualenv.py
[2022-01-05 20:36:35,846] {processor.py:642} INFO - Processing file /home/airflow/sandbox/lib/python3.8/site-packages/airflow/example_dags/tutorial_taskflow_api_etl_virtualenv.py for tasks to queue
[2022-01-05 20:36:35,851] {logging_mixin.py:109} INFO - [2022-01-05 20:36:35,851] {dagbag.py:500} INFO - Filling up the DagBag from /home/airflow/sandbox/lib/python3.8/site-packages/airflow/example_dags/tutorial_taskflow_api_etl_virtualenv.py
[2022-01-05 20:36:35,911] {logging_mixin.py:109} INFO - [2022-01-05 20:36:35,911] {tutorial_taskflow_api_etl_virtualenv.py:29} WARNING - The tutorial_taskflow_api_etl_virtualenv example DAG requires virtualenv, please install it.
[2022-01-05 20:36:35,956] {processor.py:656} WARNING - No viable dags retrieved from /home/airflow/sandbox/lib/python3.8/site-packages/airflow/example_dags/tutorial_taskflow_api_etl_virtualenv.py
[2022-01-05 20:36:35,959] {processor.py:171} INFO - Processing /home/airflow/sandbox/lib/python3.8/site-packages/airflow/example_dags/tutorial_taskflow_api_etl_virtualenv.py took 0.122 seconds
[2022-01-05 20:37:06,264] {processor.py:163} INFO - Started process (PID=13199) to work on /home/airflow/sandbox/lib/python3.8/site-packages/airflow/example_dags/tutorial_taskflow_api_etl_virtualenv.py
[2022-01-05 20:37:06,281] {processor.py:642} INFO - Processing file /home/airflow/sandbox/lib/python3.8/site-packages/airflow/example_dags/tutorial_taskflow_api_etl_virtualenv.py for tasks to queue
[2022-01-05 20:37:06,282] {logging_mixin.py:109} INFO - [2022-01-05 20:37:06,282] {dagbag.py:500} INFO - Filling up the DagBag from /home/airflow/sandbox/lib/python3.8/site-packages/airflow/example_dags/tutorial_taskflow_api_etl_virtualenv.py
[2022-01-05 20:37:06,311] {logging_mixin.py:109} INFO - [2022-01-05 20:37:06,311] {tutorial_taskflow_api_etl_virtualenv.py:29} WARNING - The tutorial_taskflow_api_etl_virtualenv example DAG requires virtualenv, please install it.
[2022-01-05 20:37:06,353] {processor.py:656} WARNING - No viable dags retrieved from /home/airflow/sandbox/lib/python3.8/site-packages/airflow/example_dags/tutorial_taskflow_api_etl_virtualenv.py
[2022-01-05 20:37:06,356] {processor.py:171} INFO - Processing /home/airflow/sandbox/lib/python3.8/site-packages/airflow/example_dags/tutorial_taskflow_api_etl_virtualenv.py took 0.106 seconds
[2022-01-05 20:37:36,760] {processor.py:163} INFO - Started process (PID=13440) to work on /home/airflow/sandbox/lib/python3.8/site-packages/airflow/example_dags/tutorial_taskflow_api_etl_virtualenv.py
[2022-01-05 20:37:36,779] {processor.py:642} INFO - Processing file /home/airflow/sandbox/lib/python3.8/site-packages/airflow/example_dags/tutorial_taskflow_api_etl_virtualenv.py for tasks to queue
[2022-01-05 20:37:36,779] {logging_mixin.py:109} INFO - [2022-01-05 20:37:36,779] {dagbag.py:500} INFO - Filling up the DagBag from /home/airflow/sandbox/lib/python3.8/site-packages/airflow/example_dags/tutorial_taskflow_api_etl_virtualenv.py
[2022-01-05 20:37:36,791] {logging_mixin.py:109} INFO - [2022-01-05 20:37:36,791] {tutorial_taskflow_api_etl_virtualenv.py:29} WARNING - The tutorial_taskflow_api_etl_virtualenv example DAG requires virtualenv, please install it.
[2022-01-05 20:37:36,831] {processor.py:656} WARNING - No viable dags retrieved from /home/airflow/sandbox/lib/python3.8/site-packages/airflow/example_dags/tutorial_taskflow_api_etl_virtualenv.py
[2022-01-05 20:37:36,835] {processor.py:171} INFO - Processing /home/airflow/sandbox/lib/python3.8/site-packages/airflow/example_dags/tutorial_taskflow_api_etl_virtualenv.py took 0.086 seconds
[2022-01-05 20:38:07,106] {processor.py:163} INFO - Started process (PID=13669) to work on /home/airflow/sandbox/lib/python3.8/site-packages/airflow/example_dags/tutorial_taskflow_api_etl_virtualenv.py
[2022-01-05 20:38:07,109] {processor.py:642} INFO - Processing file /home/airflow/sandbox/lib/python3.8/site-packages/airflow/example_dags/tutorial_taskflow_api_etl_virtualenv.py for tasks to queue
[2022-01-05 20:38:07,111] {logging_mixin.py:109} INFO - [2022-01-05 20:38:07,111] {dagbag.py:500} INFO - Filling up the DagBag from /home/airflow/sandbox/lib/python3.8/site-packages/airflow/example_dags/tutorial_taskflow_api_etl_virtualenv.py
[2022-01-05 20:38:07,158] {logging_mixin.py:109} INFO - [2022-01-05 20:38:07,158] {tutorial_taskflow_api_etl_virtualenv.py:29} WARNING - The tutorial_taskflow_api_etl_virtualenv example DAG requires virtualenv, please install it.
[2022-01-05 20:38:07,210] {processor.py:656} WARNING - No viable dags retrieved from /home/airflow/sandbox/lib/python3.8/site-packages/airflow/example_dags/tutorial_taskflow_api_etl_virtualenv.py
[2022-01-05 20:38:07,238] {processor.py:171} INFO - Processing /home/airflow/sandbox/lib/python3.8/site-packages/airflow/example_dags/tutorial_taskflow_api_etl_virtualenv.py took 0.150 seconds
[2022-01-05 20:38:37,758] {processor.py:163} INFO - Started process (PID=13980) to work on /home/airflow/sandbox/lib/python3.8/site-packages/airflow/example_dags/tutorial_taskflow_api_etl_virtualenv.py
[2022-01-05 20:38:37,768] {processor.py:642} INFO - Processing file /home/airflow/sandbox/lib/python3.8/site-packages/airflow/example_dags/tutorial_taskflow_api_etl_virtualenv.py for tasks to queue
[2022-01-05 20:38:37,775] {logging_mixin.py:109} INFO - [2022-01-05 20:38:37,775] {dagbag.py:500} INFO - Filling up the DagBag from /home/airflow/sandbox/lib/python3.8/site-packages/airflow/example_dags/tutorial_taskflow_api_etl_virtualenv.py
[2022-01-05 20:38:37,786] {logging_mixin.py:109} INFO - [2022-01-05 20:38:37,786] {tutorial_taskflow_api_etl_virtualenv.py:29} WARNING - The tutorial_taskflow_api_etl_virtualenv example DAG requires virtualenv, please install it.
[2022-01-05 20:38:37,858] {processor.py:656} WARNING - No viable dags retrieved from /home/airflow/sandbox/lib/python3.8/site-packages/airflow/example_dags/tutorial_taskflow_api_etl_virtualenv.py
[2022-01-05 20:38:37,882] {processor.py:171} INFO - Processing /home/airflow/sandbox/lib/python3.8/site-packages/airflow/example_dags/tutorial_taskflow_api_etl_virtualenv.py took 0.136 seconds
[2022-01-05 20:39:08,213] {processor.py:163} INFO - Started process (PID=14227) to work on /home/airflow/sandbox/lib/python3.8/site-packages/airflow/example_dags/tutorial_taskflow_api_etl_virtualenv.py
[2022-01-05 20:39:08,227] {processor.py:642} INFO - Processing file /home/airflow/sandbox/lib/python3.8/site-packages/airflow/example_dags/tutorial_taskflow_api_etl_virtualenv.py for tasks to queue
[2022-01-05 20:39:08,232] {logging_mixin.py:109} INFO - [2022-01-05 20:39:08,231] {dagbag.py:500} INFO - Filling up the DagBag from /home/airflow/sandbox/lib/python3.8/site-packages/airflow/example_dags/tutorial_taskflow_api_etl_virtualenv.py
[2022-01-05 20:39:08,276] {logging_mixin.py:109} INFO - [2022-01-05 20:39:08,276] {tutorial_taskflow_api_etl_virtualenv.py:29} WARNING - The tutorial_taskflow_api_etl_virtualenv example DAG requires virtualenv, please install it.
[2022-01-05 20:39:08,371] {processor.py:656} WARNING - No viable dags retrieved from /home/airflow/sandbox/lib/python3.8/site-packages/airflow/example_dags/tutorial_taskflow_api_etl_virtualenv.py
[2022-01-05 20:39:08,382] {processor.py:171} INFO - Processing /home/airflow/sandbox/lib/python3.8/site-packages/airflow/example_dags/tutorial_taskflow_api_etl_virtualenv.py took 0.194 seconds
[2022-01-05 20:39:38,857] {processor.py:163} INFO - Started process (PID=14470) to work on /home/airflow/sandbox/lib/python3.8/site-packages/airflow/example_dags/tutorial_taskflow_api_etl_virtualenv.py
[2022-01-05 20:39:38,864] {processor.py:642} INFO - Processing file /home/airflow/sandbox/lib/python3.8/site-packages/airflow/example_dags/tutorial_taskflow_api_etl_virtualenv.py for tasks to queue
[2022-01-05 20:39:38,870] {logging_mixin.py:109} INFO - [2022-01-05 20:39:38,870] {dagbag.py:500} INFO - Filling up the DagBag from /home/airflow/sandbox/lib/python3.8/site-packages/airflow/example_dags/tutorial_taskflow_api_etl_virtualenv.py
[2022-01-05 20:39:38,884] {logging_mixin.py:109} INFO - [2022-01-05 20:39:38,884] {tutorial_taskflow_api_etl_virtualenv.py:29} WARNING - The tutorial_taskflow_api_etl_virtualenv example DAG requires virtualenv, please install it.
[2022-01-05 20:39:38,915] {processor.py:656} WARNING - No viable dags retrieved from /home/airflow/sandbox/lib/python3.8/site-packages/airflow/example_dags/tutorial_taskflow_api_etl_virtualenv.py
[2022-01-05 20:39:38,924] {processor.py:171} INFO - Processing /home/airflow/sandbox/lib/python3.8/site-packages/airflow/example_dags/tutorial_taskflow_api_etl_virtualenv.py took 0.076 seconds
[2022-01-05 20:40:09,345] {processor.py:163} INFO - Started process (PID=14712) to work on /home/airflow/sandbox/lib/python3.8/site-packages/airflow/example_dags/tutorial_taskflow_api_etl_virtualenv.py
[2022-01-05 20:40:09,346] {processor.py:642} INFO - Processing file /home/airflow/sandbox/lib/python3.8/site-packages/airflow/example_dags/tutorial_taskflow_api_etl_virtualenv.py for tasks to queue
[2022-01-05 20:40:09,350] {logging_mixin.py:109} INFO - [2022-01-05 20:40:09,349] {dagbag.py:500} INFO - Filling up the DagBag from /home/airflow/sandbox/lib/python3.8/site-packages/airflow/example_dags/tutorial_taskflow_api_etl_virtualenv.py
[2022-01-05 20:40:09,373] {logging_mixin.py:109} INFO - [2022-01-05 20:40:09,373] {tutorial_taskflow_api_etl_virtualenv.py:29} WARNING - The tutorial_taskflow_api_etl_virtualenv example DAG requires virtualenv, please install it.
[2022-01-05 20:40:09,415] {processor.py:656} WARNING - No viable dags retrieved from /home/airflow/sandbox/lib/python3.8/site-packages/airflow/example_dags/tutorial_taskflow_api_etl_virtualenv.py
[2022-01-05 20:40:09,426] {processor.py:171} INFO - Processing /home/airflow/sandbox/lib/python3.8/site-packages/airflow/example_dags/tutorial_taskflow_api_etl_virtualenv.py took 0.095 seconds
[2022-01-05 20:40:39,800] {processor.py:163} INFO - Started process (PID=14955) to work on /home/airflow/sandbox/lib/python3.8/site-packages/airflow/example_dags/tutorial_taskflow_api_etl_virtualenv.py
[2022-01-05 20:40:39,803] {processor.py:642} INFO - Processing file /home/airflow/sandbox/lib/python3.8/site-packages/airflow/example_dags/tutorial_taskflow_api_etl_virtualenv.py for tasks to queue
[2022-01-05 20:40:39,804] {logging_mixin.py:109} INFO - [2022-01-05 20:40:39,804] {dagbag.py:500} INFO - Filling up the DagBag from /home/airflow/sandbox/lib/python3.8/site-packages/airflow/example_dags/tutorial_taskflow_api_etl_virtualenv.py
[2022-01-05 20:40:39,826] {logging_mixin.py:109} INFO - [2022-01-05 20:40:39,826] {tutorial_taskflow_api_etl_virtualenv.py:29} WARNING - The tutorial_taskflow_api_etl_virtualenv example DAG requires virtualenv, please install it.
[2022-01-05 20:40:39,876] {processor.py:656} WARNING - No viable dags retrieved from /home/airflow/sandbox/lib/python3.8/site-packages/airflow/example_dags/tutorial_taskflow_api_etl_virtualenv.py
[2022-01-05 20:40:39,883] {processor.py:171} INFO - Processing /home/airflow/sandbox/lib/python3.8/site-packages/airflow/example_dags/tutorial_taskflow_api_etl_virtualenv.py took 0.085 seconds
[2022-01-05 20:41:10,537] {processor.py:163} INFO - Started process (PID=15200) to work on /home/airflow/sandbox/lib/python3.8/site-packages/airflow/example_dags/tutorial_taskflow_api_etl_virtualenv.py
[2022-01-05 20:41:10,540] {processor.py:642} INFO - Processing file /home/airflow/sandbox/lib/python3.8/site-packages/airflow/example_dags/tutorial_taskflow_api_etl_virtualenv.py for tasks to queue
[2022-01-05 20:41:10,544] {logging_mixin.py:109} INFO - [2022-01-05 20:41:10,544] {dagbag.py:500} INFO - Filling up the DagBag from /home/airflow/sandbox/lib/python3.8/site-packages/airflow/example_dags/tutorial_taskflow_api_etl_virtualenv.py
[2022-01-05 20:41:10,587] {logging_mixin.py:109} INFO - [2022-01-05 20:41:10,587] {tutorial_taskflow_api_etl_virtualenv.py:29} WARNING - The tutorial_taskflow_api_etl_virtualenv example DAG requires virtualenv, please install it.
[2022-01-05 20:41:10,616] {processor.py:656} WARNING - No viable dags retrieved from /home/airflow/sandbox/lib/python3.8/site-packages/airflow/example_dags/tutorial_taskflow_api_etl_virtualenv.py
[2022-01-05 20:41:10,643] {processor.py:171} INFO - Processing /home/airflow/sandbox/lib/python3.8/site-packages/airflow/example_dags/tutorial_taskflow_api_etl_virtualenv.py took 0.128 seconds
[2022-01-05 20:41:41,199] {processor.py:163} INFO - Started process (PID=15441) to work on /home/airflow/sandbox/lib/python3.8/site-packages/airflow/example_dags/tutorial_taskflow_api_etl_virtualenv.py
[2022-01-05 20:41:41,200] {processor.py:642} INFO - Processing file /home/airflow/sandbox/lib/python3.8/site-packages/airflow/example_dags/tutorial_taskflow_api_etl_virtualenv.py for tasks to queue
[2022-01-05 20:41:41,201] {logging_mixin.py:109} INFO - [2022-01-05 20:41:41,201] {dagbag.py:500} INFO - Filling up the DagBag from /home/airflow/sandbox/lib/python3.8/site-packages/airflow/example_dags/tutorial_taskflow_api_etl_virtualenv.py
[2022-01-05 20:41:41,217] {logging_mixin.py:109} INFO - [2022-01-05 20:41:41,217] {tutorial_taskflow_api_etl_virtualenv.py:29} WARNING - The tutorial_taskflow_api_etl_virtualenv example DAG requires virtualenv, please install it.
[2022-01-05 20:41:41,368] {processor.py:656} WARNING - No viable dags retrieved from /home/airflow/sandbox/lib/python3.8/site-packages/airflow/example_dags/tutorial_taskflow_api_etl_virtualenv.py
[2022-01-05 20:41:41,376] {processor.py:171} INFO - Processing /home/airflow/sandbox/lib/python3.8/site-packages/airflow/example_dags/tutorial_taskflow_api_etl_virtualenv.py took 0.204 seconds
[2022-01-05 20:42:11,616] {processor.py:163} INFO - Started process (PID=15682) to work on /home/airflow/sandbox/lib/python3.8/site-packages/airflow/example_dags/tutorial_taskflow_api_etl_virtualenv.py
[2022-01-05 20:42:11,619] {processor.py:642} INFO - Processing file /home/airflow/sandbox/lib/python3.8/site-packages/airflow/example_dags/tutorial_taskflow_api_etl_virtualenv.py for tasks to queue
[2022-01-05 20:42:11,620] {logging_mixin.py:109} INFO - [2022-01-05 20:42:11,620] {dagbag.py:500} INFO - Filling up the DagBag from /home/airflow/sandbox/lib/python3.8/site-packages/airflow/example_dags/tutorial_taskflow_api_etl_virtualenv.py
[2022-01-05 20:42:11,666] {logging_mixin.py:109} INFO - [2022-01-05 20:42:11,666] {tutorial_taskflow_api_etl_virtualenv.py:29} WARNING - The tutorial_taskflow_api_etl_virtualenv example DAG requires virtualenv, please install it.
[2022-01-05 20:42:11,920] {processor.py:656} WARNING - No viable dags retrieved from /home/airflow/sandbox/lib/python3.8/site-packages/airflow/example_dags/tutorial_taskflow_api_etl_virtualenv.py
[2022-01-05 20:42:11,963] {processor.py:171} INFO - Processing /home/airflow/sandbox/lib/python3.8/site-packages/airflow/example_dags/tutorial_taskflow_api_etl_virtualenv.py took 0.354 seconds
[2022-01-05 20:42:42,378] {processor.py:163} INFO - Started process (PID=15922) to work on /home/airflow/sandbox/lib/python3.8/site-packages/airflow/example_dags/tutorial_taskflow_api_etl_virtualenv.py
[2022-01-05 20:42:42,379] {processor.py:642} INFO - Processing file /home/airflow/sandbox/lib/python3.8/site-packages/airflow/example_dags/tutorial_taskflow_api_etl_virtualenv.py for tasks to queue
[2022-01-05 20:42:42,380] {logging_mixin.py:109} INFO - [2022-01-05 20:42:42,379] {dagbag.py:500} INFO - Filling up the DagBag from /home/airflow/sandbox/lib/python3.8/site-packages/airflow/example_dags/tutorial_taskflow_api_etl_virtualenv.py
[2022-01-05 20:42:42,409] {logging_mixin.py:109} INFO - [2022-01-05 20:42:42,409] {tutorial_taskflow_api_etl_virtualenv.py:29} WARNING - The tutorial_taskflow_api_etl_virtualenv example DAG requires virtualenv, please install it.
[2022-01-05 20:42:42,468] {processor.py:656} WARNING - No viable dags retrieved from /home/airflow/sandbox/lib/python3.8/site-packages/airflow/example_dags/tutorial_taskflow_api_etl_virtualenv.py
[2022-01-05 20:42:42,480] {processor.py:171} INFO - Processing /home/airflow/sandbox/lib/python3.8/site-packages/airflow/example_dags/tutorial_taskflow_api_etl_virtualenv.py took 0.108 seconds
[2022-01-05 20:43:13,117] {processor.py:163} INFO - Started process (PID=16202) to work on /home/airflow/sandbox/lib/python3.8/site-packages/airflow/example_dags/tutorial_taskflow_api_etl_virtualenv.py
[2022-01-05 20:43:13,132] {processor.py:642} INFO - Processing file /home/airflow/sandbox/lib/python3.8/site-packages/airflow/example_dags/tutorial_taskflow_api_etl_virtualenv.py for tasks to queue
[2022-01-05 20:43:13,134] {logging_mixin.py:109} INFO - [2022-01-05 20:43:13,134] {dagbag.py:500} INFO - Filling up the DagBag from /home/airflow/sandbox/lib/python3.8/site-packages/airflow/example_dags/tutorial_taskflow_api_etl_virtualenv.py
[2022-01-05 20:43:13,172] {logging_mixin.py:109} INFO - [2022-01-05 20:43:13,172] {tutorial_taskflow_api_etl_virtualenv.py:29} WARNING - The tutorial_taskflow_api_etl_virtualenv example DAG requires virtualenv, please install it.
[2022-01-05 20:43:13,354] {processor.py:656} WARNING - No viable dags retrieved from /home/airflow/sandbox/lib/python3.8/site-packages/airflow/example_dags/tutorial_taskflow_api_etl_virtualenv.py
[2022-01-05 20:43:13,368] {processor.py:171} INFO - Processing /home/airflow/sandbox/lib/python3.8/site-packages/airflow/example_dags/tutorial_taskflow_api_etl_virtualenv.py took 0.263 seconds
[2022-01-05 20:43:43,680] {processor.py:163} INFO - Started process (PID=16473) to work on /home/airflow/sandbox/lib/python3.8/site-packages/airflow/example_dags/tutorial_taskflow_api_etl_virtualenv.py
[2022-01-05 20:43:43,684] {processor.py:642} INFO - Processing file /home/airflow/sandbox/lib/python3.8/site-packages/airflow/example_dags/tutorial_taskflow_api_etl_virtualenv.py for tasks to queue
[2022-01-05 20:43:43,687] {logging_mixin.py:109} INFO - [2022-01-05 20:43:43,687] {dagbag.py:500} INFO - Filling up the DagBag from /home/airflow/sandbox/lib/python3.8/site-packages/airflow/example_dags/tutorial_taskflow_api_etl_virtualenv.py
[2022-01-05 20:43:43,713] {logging_mixin.py:109} INFO - [2022-01-05 20:43:43,713] {tutorial_taskflow_api_etl_virtualenv.py:29} WARNING - The tutorial_taskflow_api_etl_virtualenv example DAG requires virtualenv, please install it.
[2022-01-05 20:43:43,740] {processor.py:656} WARNING - No viable dags retrieved from /home/airflow/sandbox/lib/python3.8/site-packages/airflow/example_dags/tutorial_taskflow_api_etl_virtualenv.py
[2022-01-05 20:43:43,755] {processor.py:171} INFO - Processing /home/airflow/sandbox/lib/python3.8/site-packages/airflow/example_dags/tutorial_taskflow_api_etl_virtualenv.py took 0.081 seconds
[2022-01-05 20:44:14,401] {processor.py:163} INFO - Started process (PID=16705) to work on /home/airflow/sandbox/lib/python3.8/site-packages/airflow/example_dags/tutorial_taskflow_api_etl_virtualenv.py
[2022-01-05 20:44:14,407] {processor.py:642} INFO - Processing file /home/airflow/sandbox/lib/python3.8/site-packages/airflow/example_dags/tutorial_taskflow_api_etl_virtualenv.py for tasks to queue
[2022-01-05 20:44:14,407] {logging_mixin.py:109} INFO - [2022-01-05 20:44:14,407] {dagbag.py:500} INFO - Filling up the DagBag from /home/airflow/sandbox/lib/python3.8/site-packages/airflow/example_dags/tutorial_taskflow_api_etl_virtualenv.py
[2022-01-05 20:44:14,422] {logging_mixin.py:109} INFO - [2022-01-05 20:44:14,422] {tutorial_taskflow_api_etl_virtualenv.py:29} WARNING - The tutorial_taskflow_api_etl_virtualenv example DAG requires virtualenv, please install it.
[2022-01-05 20:44:14,470] {processor.py:656} WARNING - No viable dags retrieved from /home/airflow/sandbox/lib/python3.8/site-packages/airflow/example_dags/tutorial_taskflow_api_etl_virtualenv.py
[2022-01-05 20:44:14,472] {processor.py:171} INFO - Processing /home/airflow/sandbox/lib/python3.8/site-packages/airflow/example_dags/tutorial_taskflow_api_etl_virtualenv.py took 0.075 seconds
[2022-01-05 20:44:44,961] {processor.py:163} INFO - Started process (PID=16950) to work on /home/airflow/sandbox/lib/python3.8/site-packages/airflow/example_dags/tutorial_taskflow_api_etl_virtualenv.py
[2022-01-05 20:44:44,964] {processor.py:642} INFO - Processing file /home/airflow/sandbox/lib/python3.8/site-packages/airflow/example_dags/tutorial_taskflow_api_etl_virtualenv.py for tasks to queue
[2022-01-05 20:44:44,968] {logging_mixin.py:109} INFO - [2022-01-05 20:44:44,968] {dagbag.py:500} INFO - Filling up the DagBag from /home/airflow/sandbox/lib/python3.8/site-packages/airflow/example_dags/tutorial_taskflow_api_etl_virtualenv.py
[2022-01-05 20:44:44,991] {logging_mixin.py:109} INFO - [2022-01-05 20:44:44,991] {tutorial_taskflow_api_etl_virtualenv.py:29} WARNING - The tutorial_taskflow_api_etl_virtualenv example DAG requires virtualenv, please install it.
[2022-01-05 20:44:45,044] {processor.py:656} WARNING - No viable dags retrieved from /home/airflow/sandbox/lib/python3.8/site-packages/airflow/example_dags/tutorial_taskflow_api_etl_virtualenv.py
[2022-01-05 20:44:45,051] {processor.py:171} INFO - Processing /home/airflow/sandbox/lib/python3.8/site-packages/airflow/example_dags/tutorial_taskflow_api_etl_virtualenv.py took 0.097 seconds
[2022-01-05 20:45:15,153] {processor.py:163} INFO - Started process (PID=17194) to work on /home/airflow/sandbox/lib/python3.8/site-packages/airflow/example_dags/tutorial_taskflow_api_etl_virtualenv.py
[2022-01-05 20:45:15,159] {processor.py:642} INFO - Processing file /home/airflow/sandbox/lib/python3.8/site-packages/airflow/example_dags/tutorial_taskflow_api_etl_virtualenv.py for tasks to queue
[2022-01-05 20:45:15,159] {logging_mixin.py:109} INFO - [2022-01-05 20:45:15,159] {dagbag.py:500} INFO - Filling up the DagBag from /home/airflow/sandbox/lib/python3.8/site-packages/airflow/example_dags/tutorial_taskflow_api_etl_virtualenv.py
[2022-01-05 20:45:15,190] {logging_mixin.py:109} INFO - [2022-01-05 20:45:15,190] {tutorial_taskflow_api_etl_virtualenv.py:29} WARNING - The tutorial_taskflow_api_etl_virtualenv example DAG requires virtualenv, please install it.
[2022-01-05 20:45:15,231] {processor.py:656} WARNING - No viable dags retrieved from /home/airflow/sandbox/lib/python3.8/site-packages/airflow/example_dags/tutorial_taskflow_api_etl_virtualenv.py
[2022-01-05 20:45:15,236] {processor.py:171} INFO - Processing /home/airflow/sandbox/lib/python3.8/site-packages/airflow/example_dags/tutorial_taskflow_api_etl_virtualenv.py took 0.097 seconds
[2022-01-05 20:45:45,464] {processor.py:163} INFO - Started process (PID=17442) to work on /home/airflow/sandbox/lib/python3.8/site-packages/airflow/example_dags/tutorial_taskflow_api_etl_virtualenv.py
[2022-01-05 20:45:45,473] {processor.py:642} INFO - Processing file /home/airflow/sandbox/lib/python3.8/site-packages/airflow/example_dags/tutorial_taskflow_api_etl_virtualenv.py for tasks to queue
[2022-01-05 20:45:45,474] {logging_mixin.py:109} INFO - [2022-01-05 20:45:45,474] {dagbag.py:500} INFO - Filling up the DagBag from /home/airflow/sandbox/lib/python3.8/site-packages/airflow/example_dags/tutorial_taskflow_api_etl_virtualenv.py
[2022-01-05 20:45:45,510] {logging_mixin.py:109} INFO - [2022-01-05 20:45:45,510] {tutorial_taskflow_api_etl_virtualenv.py:29} WARNING - The tutorial_taskflow_api_etl_virtualenv example DAG requires virtualenv, please install it.
[2022-01-05 20:45:45,553] {processor.py:656} WARNING - No viable dags retrieved from /home/airflow/sandbox/lib/python3.8/site-packages/airflow/example_dags/tutorial_taskflow_api_etl_virtualenv.py
[2022-01-05 20:45:45,561] {processor.py:171} INFO - Processing /home/airflow/sandbox/lib/python3.8/site-packages/airflow/example_dags/tutorial_taskflow_api_etl_virtualenv.py took 0.100 seconds
[2022-01-05 20:46:16,476] {processor.py:163} INFO - Started process (PID=17689) to work on /home/airflow/sandbox/lib/python3.8/site-packages/airflow/example_dags/tutorial_taskflow_api_etl_virtualenv.py
[2022-01-05 20:46:16,477] {processor.py:642} INFO - Processing file /home/airflow/sandbox/lib/python3.8/site-packages/airflow/example_dags/tutorial_taskflow_api_etl_virtualenv.py for tasks to queue
[2022-01-05 20:46:16,478] {logging_mixin.py:109} INFO - [2022-01-05 20:46:16,477] {dagbag.py:500} INFO - Filling up the DagBag from /home/airflow/sandbox/lib/python3.8/site-packages/airflow/example_dags/tutorial_taskflow_api_etl_virtualenv.py
[2022-01-05 20:46:16,508] {logging_mixin.py:109} INFO - [2022-01-05 20:46:16,508] {tutorial_taskflow_api_etl_virtualenv.py:29} WARNING - The tutorial_taskflow_api_etl_virtualenv example DAG requires virtualenv, please install it.
[2022-01-05 20:46:16,549] {processor.py:656} WARNING - No viable dags retrieved from /home/airflow/sandbox/lib/python3.8/site-packages/airflow/example_dags/tutorial_taskflow_api_etl_virtualenv.py
[2022-01-05 20:46:16,563] {processor.py:171} INFO - Processing /home/airflow/sandbox/lib/python3.8/site-packages/airflow/example_dags/tutorial_taskflow_api_etl_virtualenv.py took 0.102 seconds
[2022-01-05 20:46:46,951] {processor.py:163} INFO - Started process (PID=17930) to work on /home/airflow/sandbox/lib/python3.8/site-packages/airflow/example_dags/tutorial_taskflow_api_etl_virtualenv.py
[2022-01-05 20:46:46,953] {processor.py:642} INFO - Processing file /home/airflow/sandbox/lib/python3.8/site-packages/airflow/example_dags/tutorial_taskflow_api_etl_virtualenv.py for tasks to queue
[2022-01-05 20:46:46,953] {logging_mixin.py:109} INFO - [2022-01-05 20:46:46,953] {dagbag.py:500} INFO - Filling up the DagBag from /home/airflow/sandbox/lib/python3.8/site-packages/airflow/example_dags/tutorial_taskflow_api_etl_virtualenv.py
[2022-01-05 20:46:46,973] {logging_mixin.py:109} INFO - [2022-01-05 20:46:46,973] {tutorial_taskflow_api_etl_virtualenv.py:29} WARNING - The tutorial_taskflow_api_etl_virtualenv example DAG requires virtualenv, please install it.
[2022-01-05 20:46:47,013] {processor.py:656} WARNING - No viable dags retrieved from /home/airflow/sandbox/lib/python3.8/site-packages/airflow/example_dags/tutorial_taskflow_api_etl_virtualenv.py
[2022-01-05 20:46:47,019] {processor.py:171} INFO - Processing /home/airflow/sandbox/lib/python3.8/site-packages/airflow/example_dags/tutorial_taskflow_api_etl_virtualenv.py took 0.073 seconds
[2022-01-05 20:47:17,961] {processor.py:163} INFO - Started process (PID=18177) to work on /home/airflow/sandbox/lib/python3.8/site-packages/airflow/example_dags/tutorial_taskflow_api_etl_virtualenv.py
[2022-01-05 20:47:17,969] {processor.py:642} INFO - Processing file /home/airflow/sandbox/lib/python3.8/site-packages/airflow/example_dags/tutorial_taskflow_api_etl_virtualenv.py for tasks to queue
[2022-01-05 20:47:17,972] {logging_mixin.py:109} INFO - [2022-01-05 20:47:17,971] {dagbag.py:500} INFO - Filling up the DagBag from /home/airflow/sandbox/lib/python3.8/site-packages/airflow/example_dags/tutorial_taskflow_api_etl_virtualenv.py
[2022-01-05 20:47:18,006] {logging_mixin.py:109} INFO - [2022-01-05 20:47:18,006] {tutorial_taskflow_api_etl_virtualenv.py:29} WARNING - The tutorial_taskflow_api_etl_virtualenv example DAG requires virtualenv, please install it.
[2022-01-05 20:47:18,112] {processor.py:656} WARNING - No viable dags retrieved from /home/airflow/sandbox/lib/python3.8/site-packages/airflow/example_dags/tutorial_taskflow_api_etl_virtualenv.py
[2022-01-05 20:47:18,207] {processor.py:171} INFO - Processing /home/airflow/sandbox/lib/python3.8/site-packages/airflow/example_dags/tutorial_taskflow_api_etl_virtualenv.py took 0.252 seconds
[2022-01-05 20:47:49,151] {processor.py:163} INFO - Started process (PID=18426) to work on /home/airflow/sandbox/lib/python3.8/site-packages/airflow/example_dags/tutorial_taskflow_api_etl_virtualenv.py
[2022-01-05 20:47:49,152] {processor.py:642} INFO - Processing file /home/airflow/sandbox/lib/python3.8/site-packages/airflow/example_dags/tutorial_taskflow_api_etl_virtualenv.py for tasks to queue
[2022-01-05 20:47:49,153] {logging_mixin.py:109} INFO - [2022-01-05 20:47:49,152] {dagbag.py:500} INFO - Filling up the DagBag from /home/airflow/sandbox/lib/python3.8/site-packages/airflow/example_dags/tutorial_taskflow_api_etl_virtualenv.py
[2022-01-05 20:47:49,170] {logging_mixin.py:109} INFO - [2022-01-05 20:47:49,170] {tutorial_taskflow_api_etl_virtualenv.py:29} WARNING - The tutorial_taskflow_api_etl_virtualenv example DAG requires virtualenv, please install it.
[2022-01-05 20:47:49,199] {processor.py:656} WARNING - No viable dags retrieved from /home/airflow/sandbox/lib/python3.8/site-packages/airflow/example_dags/tutorial_taskflow_api_etl_virtualenv.py
[2022-01-05 20:47:49,205] {processor.py:171} INFO - Processing /home/airflow/sandbox/lib/python3.8/site-packages/airflow/example_dags/tutorial_taskflow_api_etl_virtualenv.py took 0.057 seconds
[2022-01-05 20:48:19,718] {processor.py:163} INFO - Started process (PID=18739) to work on /home/airflow/sandbox/lib/python3.8/site-packages/airflow/example_dags/tutorial_taskflow_api_etl_virtualenv.py
[2022-01-05 20:48:19,722] {processor.py:642} INFO - Processing file /home/airflow/sandbox/lib/python3.8/site-packages/airflow/example_dags/tutorial_taskflow_api_etl_virtualenv.py for tasks to queue
[2022-01-05 20:48:19,723] {logging_mixin.py:109} INFO - [2022-01-05 20:48:19,723] {dagbag.py:500} INFO - Filling up the DagBag from /home/airflow/sandbox/lib/python3.8/site-packages/airflow/example_dags/tutorial_taskflow_api_etl_virtualenv.py
[2022-01-05 20:48:19,738] {logging_mixin.py:109} INFO - [2022-01-05 20:48:19,738] {tutorial_taskflow_api_etl_virtualenv.py:29} WARNING - The tutorial_taskflow_api_etl_virtualenv example DAG requires virtualenv, please install it.
[2022-01-05 20:48:19,928] {processor.py:656} WARNING - No viable dags retrieved from /home/airflow/sandbox/lib/python3.8/site-packages/airflow/example_dags/tutorial_taskflow_api_etl_virtualenv.py
[2022-01-05 20:48:19,932] {processor.py:171} INFO - Processing /home/airflow/sandbox/lib/python3.8/site-packages/airflow/example_dags/tutorial_taskflow_api_etl_virtualenv.py took 0.245 seconds
[2022-01-05 20:48:50,464] {processor.py:163} INFO - Started process (PID=18982) to work on /home/airflow/sandbox/lib/python3.8/site-packages/airflow/example_dags/tutorial_taskflow_api_etl_virtualenv.py
[2022-01-05 20:48:50,467] {processor.py:642} INFO - Processing file /home/airflow/sandbox/lib/python3.8/site-packages/airflow/example_dags/tutorial_taskflow_api_etl_virtualenv.py for tasks to queue
[2022-01-05 20:48:50,472] {logging_mixin.py:109} INFO - [2022-01-05 20:48:50,471] {dagbag.py:500} INFO - Filling up the DagBag from /home/airflow/sandbox/lib/python3.8/site-packages/airflow/example_dags/tutorial_taskflow_api_etl_virtualenv.py
[2022-01-05 20:48:50,611] {logging_mixin.py:109} INFO - [2022-01-05 20:48:50,611] {tutorial_taskflow_api_etl_virtualenv.py:29} WARNING - The tutorial_taskflow_api_etl_virtualenv example DAG requires virtualenv, please install it.
[2022-01-05 20:48:50,907] {processor.py:656} WARNING - No viable dags retrieved from /home/airflow/sandbox/lib/python3.8/site-packages/airflow/example_dags/tutorial_taskflow_api_etl_virtualenv.py
[2022-01-05 20:48:50,910] {processor.py:171} INFO - Processing /home/airflow/sandbox/lib/python3.8/site-packages/airflow/example_dags/tutorial_taskflow_api_etl_virtualenv.py took 0.450 seconds
[2022-01-05 20:49:20,951] {processor.py:163} INFO - Started process (PID=19223) to work on /home/airflow/sandbox/lib/python3.8/site-packages/airflow/example_dags/tutorial_taskflow_api_etl_virtualenv.py
[2022-01-05 20:49:20,952] {processor.py:642} INFO - Processing file /home/airflow/sandbox/lib/python3.8/site-packages/airflow/example_dags/tutorial_taskflow_api_etl_virtualenv.py for tasks to queue
[2022-01-05 20:49:20,953] {logging_mixin.py:109} INFO - [2022-01-05 20:49:20,953] {dagbag.py:500} INFO - Filling up the DagBag from /home/airflow/sandbox/lib/python3.8/site-packages/airflow/example_dags/tutorial_taskflow_api_etl_virtualenv.py
[2022-01-05 20:49:20,989] {logging_mixin.py:109} INFO - [2022-01-05 20:49:20,988] {tutorial_taskflow_api_etl_virtualenv.py:29} WARNING - The tutorial_taskflow_api_etl_virtualenv example DAG requires virtualenv, please install it.
[2022-01-05 20:49:21,109] {processor.py:656} WARNING - No viable dags retrieved from /home/airflow/sandbox/lib/python3.8/site-packages/airflow/example_dags/tutorial_taskflow_api_etl_virtualenv.py
[2022-01-05 20:49:21,155] {processor.py:171} INFO - Processing /home/airflow/sandbox/lib/python3.8/site-packages/airflow/example_dags/tutorial_taskflow_api_etl_virtualenv.py took 0.207 seconds
[2022-01-05 20:49:51,829] {processor.py:163} INFO - Started process (PID=19470) to work on /home/airflow/sandbox/lib/python3.8/site-packages/airflow/example_dags/tutorial_taskflow_api_etl_virtualenv.py
[2022-01-05 20:49:51,831] {processor.py:642} INFO - Processing file /home/airflow/sandbox/lib/python3.8/site-packages/airflow/example_dags/tutorial_taskflow_api_etl_virtualenv.py for tasks to queue
[2022-01-05 20:49:51,831] {logging_mixin.py:109} INFO - [2022-01-05 20:49:51,831] {dagbag.py:500} INFO - Filling up the DagBag from /home/airflow/sandbox/lib/python3.8/site-packages/airflow/example_dags/tutorial_taskflow_api_etl_virtualenv.py
[2022-01-05 20:49:51,871] {logging_mixin.py:109} INFO - [2022-01-05 20:49:51,871] {tutorial_taskflow_api_etl_virtualenv.py:29} WARNING - The tutorial_taskflow_api_etl_virtualenv example DAG requires virtualenv, please install it.
[2022-01-05 20:49:51,937] {processor.py:656} WARNING - No viable dags retrieved from /home/airflow/sandbox/lib/python3.8/site-packages/airflow/example_dags/tutorial_taskflow_api_etl_virtualenv.py
[2022-01-05 20:49:51,945] {processor.py:171} INFO - Processing /home/airflow/sandbox/lib/python3.8/site-packages/airflow/example_dags/tutorial_taskflow_api_etl_virtualenv.py took 0.118 seconds
[2022-01-05 20:50:22,774] {processor.py:163} INFO - Started process (PID=19718) to work on /home/airflow/sandbox/lib/python3.8/site-packages/airflow/example_dags/tutorial_taskflow_api_etl_virtualenv.py
[2022-01-05 20:50:22,779] {processor.py:642} INFO - Processing file /home/airflow/sandbox/lib/python3.8/site-packages/airflow/example_dags/tutorial_taskflow_api_etl_virtualenv.py for tasks to queue
[2022-01-05 20:50:22,789] {logging_mixin.py:109} INFO - [2022-01-05 20:50:22,789] {dagbag.py:500} INFO - Filling up the DagBag from /home/airflow/sandbox/lib/python3.8/site-packages/airflow/example_dags/tutorial_taskflow_api_etl_virtualenv.py
[2022-01-05 20:50:22,873] {logging_mixin.py:109} INFO - [2022-01-05 20:50:22,873] {tutorial_taskflow_api_etl_virtualenv.py:29} WARNING - The tutorial_taskflow_api_etl_virtualenv example DAG requires virtualenv, please install it.
[2022-01-05 20:50:22,970] {processor.py:656} WARNING - No viable dags retrieved from /home/airflow/sandbox/lib/python3.8/site-packages/airflow/example_dags/tutorial_taskflow_api_etl_virtualenv.py
[2022-01-05 20:50:22,979] {processor.py:171} INFO - Processing /home/airflow/sandbox/lib/python3.8/site-packages/airflow/example_dags/tutorial_taskflow_api_etl_virtualenv.py took 0.211 seconds
[2022-01-05 20:50:53,813] {processor.py:163} INFO - Started process (PID=19957) to work on /home/airflow/sandbox/lib/python3.8/site-packages/airflow/example_dags/tutorial_taskflow_api_etl_virtualenv.py
[2022-01-05 20:50:53,825] {processor.py:642} INFO - Processing file /home/airflow/sandbox/lib/python3.8/site-packages/airflow/example_dags/tutorial_taskflow_api_etl_virtualenv.py for tasks to queue
[2022-01-05 20:50:53,831] {logging_mixin.py:109} INFO - [2022-01-05 20:50:53,831] {dagbag.py:500} INFO - Filling up the DagBag from /home/airflow/sandbox/lib/python3.8/site-packages/airflow/example_dags/tutorial_taskflow_api_etl_virtualenv.py
[2022-01-05 20:50:53,974] {logging_mixin.py:109} INFO - [2022-01-05 20:50:53,970] {tutorial_taskflow_api_etl_virtualenv.py:29} WARNING - The tutorial_taskflow_api_etl_virtualenv example DAG requires virtualenv, please install it.
[2022-01-05 20:50:54,073] {processor.py:656} WARNING - No viable dags retrieved from /home/airflow/sandbox/lib/python3.8/site-packages/airflow/example_dags/tutorial_taskflow_api_etl_virtualenv.py
[2022-01-05 20:50:54,075] {processor.py:171} INFO - Processing /home/airflow/sandbox/lib/python3.8/site-packages/airflow/example_dags/tutorial_taskflow_api_etl_virtualenv.py took 0.271 seconds
[2022-01-05 20:51:24,800] {processor.py:163} INFO - Started process (PID=20206) to work on /home/airflow/sandbox/lib/python3.8/site-packages/airflow/example_dags/tutorial_taskflow_api_etl_virtualenv.py
[2022-01-05 20:51:24,801] {processor.py:642} INFO - Processing file /home/airflow/sandbox/lib/python3.8/site-packages/airflow/example_dags/tutorial_taskflow_api_etl_virtualenv.py for tasks to queue
[2022-01-05 20:51:24,801] {logging_mixin.py:109} INFO - [2022-01-05 20:51:24,801] {dagbag.py:500} INFO - Filling up the DagBag from /home/airflow/sandbox/lib/python3.8/site-packages/airflow/example_dags/tutorial_taskflow_api_etl_virtualenv.py
[2022-01-05 20:51:24,818] {logging_mixin.py:109} INFO - [2022-01-05 20:51:24,818] {tutorial_taskflow_api_etl_virtualenv.py:29} WARNING - The tutorial_taskflow_api_etl_virtualenv example DAG requires virtualenv, please install it.
[2022-01-05 20:51:24,931] {processor.py:656} WARNING - No viable dags retrieved from /home/airflow/sandbox/lib/python3.8/site-packages/airflow/example_dags/tutorial_taskflow_api_etl_virtualenv.py
[2022-01-05 20:51:24,956] {processor.py:171} INFO - Processing /home/airflow/sandbox/lib/python3.8/site-packages/airflow/example_dags/tutorial_taskflow_api_etl_virtualenv.py took 0.159 seconds
[2022-01-05 20:51:55,460] {processor.py:163} INFO - Started process (PID=20448) to work on /home/airflow/sandbox/lib/python3.8/site-packages/airflow/example_dags/tutorial_taskflow_api_etl_virtualenv.py
[2022-01-05 20:51:55,468] {processor.py:642} INFO - Processing file /home/airflow/sandbox/lib/python3.8/site-packages/airflow/example_dags/tutorial_taskflow_api_etl_virtualenv.py for tasks to queue
[2022-01-05 20:51:55,469] {logging_mixin.py:109} INFO - [2022-01-05 20:51:55,469] {dagbag.py:500} INFO - Filling up the DagBag from /home/airflow/sandbox/lib/python3.8/site-packages/airflow/example_dags/tutorial_taskflow_api_etl_virtualenv.py
[2022-01-05 20:51:55,506] {logging_mixin.py:109} INFO - [2022-01-05 20:51:55,506] {tutorial_taskflow_api_etl_virtualenv.py:29} WARNING - The tutorial_taskflow_api_etl_virtualenv example DAG requires virtualenv, please install it.
[2022-01-05 20:51:55,554] {processor.py:656} WARNING - No viable dags retrieved from /home/airflow/sandbox/lib/python3.8/site-packages/airflow/example_dags/tutorial_taskflow_api_etl_virtualenv.py
[2022-01-05 20:51:55,560] {processor.py:171} INFO - Processing /home/airflow/sandbox/lib/python3.8/site-packages/airflow/example_dags/tutorial_taskflow_api_etl_virtualenv.py took 0.108 seconds
[2022-01-05 20:52:26,136] {processor.py:163} INFO - Started process (PID=20695) to work on /home/airflow/sandbox/lib/python3.8/site-packages/airflow/example_dags/tutorial_taskflow_api_etl_virtualenv.py
[2022-01-05 20:52:26,137] {processor.py:642} INFO - Processing file /home/airflow/sandbox/lib/python3.8/site-packages/airflow/example_dags/tutorial_taskflow_api_etl_virtualenv.py for tasks to queue
[2022-01-05 20:52:26,137] {logging_mixin.py:109} INFO - [2022-01-05 20:52:26,137] {dagbag.py:500} INFO - Filling up the DagBag from /home/airflow/sandbox/lib/python3.8/site-packages/airflow/example_dags/tutorial_taskflow_api_etl_virtualenv.py
[2022-01-05 20:52:26,147] {logging_mixin.py:109} INFO - [2022-01-05 20:52:26,147] {tutorial_taskflow_api_etl_virtualenv.py:29} WARNING - The tutorial_taskflow_api_etl_virtualenv example DAG requires virtualenv, please install it.
[2022-01-05 20:52:26,194] {processor.py:656} WARNING - No viable dags retrieved from /home/airflow/sandbox/lib/python3.8/site-packages/airflow/example_dags/tutorial_taskflow_api_etl_virtualenv.py
[2022-01-05 20:52:26,197] {processor.py:171} INFO - Processing /home/airflow/sandbox/lib/python3.8/site-packages/airflow/example_dags/tutorial_taskflow_api_etl_virtualenv.py took 0.088 seconds
[2022-01-05 20:52:56,647] {processor.py:163} INFO - Started process (PID=20936) to work on /home/airflow/sandbox/lib/python3.8/site-packages/airflow/example_dags/tutorial_taskflow_api_etl_virtualenv.py
[2022-01-05 20:52:56,651] {processor.py:642} INFO - Processing file /home/airflow/sandbox/lib/python3.8/site-packages/airflow/example_dags/tutorial_taskflow_api_etl_virtualenv.py for tasks to queue
[2022-01-05 20:52:56,651] {logging_mixin.py:109} INFO - [2022-01-05 20:52:56,651] {dagbag.py:500} INFO - Filling up the DagBag from /home/airflow/sandbox/lib/python3.8/site-packages/airflow/example_dags/tutorial_taskflow_api_etl_virtualenv.py
[2022-01-05 20:52:56,662] {logging_mixin.py:109} INFO - [2022-01-05 20:52:56,662] {tutorial_taskflow_api_etl_virtualenv.py:29} WARNING - The tutorial_taskflow_api_etl_virtualenv example DAG requires virtualenv, please install it.
[2022-01-05 20:52:56,716] {processor.py:656} WARNING - No viable dags retrieved from /home/airflow/sandbox/lib/python3.8/site-packages/airflow/example_dags/tutorial_taskflow_api_etl_virtualenv.py
[2022-01-05 20:52:56,719] {processor.py:171} INFO - Processing /home/airflow/sandbox/lib/python3.8/site-packages/airflow/example_dags/tutorial_taskflow_api_etl_virtualenv.py took 0.077 seconds
[2022-01-05 20:53:27,934] {processor.py:163} INFO - Started process (PID=21250) to work on /home/airflow/sandbox/lib/python3.8/site-packages/airflow/example_dags/tutorial_taskflow_api_etl_virtualenv.py
[2022-01-05 20:53:27,937] {processor.py:642} INFO - Processing file /home/airflow/sandbox/lib/python3.8/site-packages/airflow/example_dags/tutorial_taskflow_api_etl_virtualenv.py for tasks to queue
[2022-01-05 20:53:27,939] {logging_mixin.py:109} INFO - [2022-01-05 20:53:27,939] {dagbag.py:500} INFO - Filling up the DagBag from /home/airflow/sandbox/lib/python3.8/site-packages/airflow/example_dags/tutorial_taskflow_api_etl_virtualenv.py
[2022-01-05 20:53:27,951] {logging_mixin.py:109} INFO - [2022-01-05 20:53:27,951] {tutorial_taskflow_api_etl_virtualenv.py:29} WARNING - The tutorial_taskflow_api_etl_virtualenv example DAG requires virtualenv, please install it.
[2022-01-05 20:53:28,030] {processor.py:656} WARNING - No viable dags retrieved from /home/airflow/sandbox/lib/python3.8/site-packages/airflow/example_dags/tutorial_taskflow_api_etl_virtualenv.py
[2022-01-05 20:53:28,033] {processor.py:171} INFO - Processing /home/airflow/sandbox/lib/python3.8/site-packages/airflow/example_dags/tutorial_taskflow_api_etl_virtualenv.py took 0.121 seconds
[2022-01-05 20:53:58,197] {processor.py:163} INFO - Started process (PID=21488) to work on /home/airflow/sandbox/lib/python3.8/site-packages/airflow/example_dags/tutorial_taskflow_api_etl_virtualenv.py
[2022-01-05 20:53:58,199] {processor.py:642} INFO - Processing file /home/airflow/sandbox/lib/python3.8/site-packages/airflow/example_dags/tutorial_taskflow_api_etl_virtualenv.py for tasks to queue
[2022-01-05 20:53:58,200] {logging_mixin.py:109} INFO - [2022-01-05 20:53:58,200] {dagbag.py:500} INFO - Filling up the DagBag from /home/airflow/sandbox/lib/python3.8/site-packages/airflow/example_dags/tutorial_taskflow_api_etl_virtualenv.py
[2022-01-05 20:53:58,231] {logging_mixin.py:109} INFO - [2022-01-05 20:53:58,231] {tutorial_taskflow_api_etl_virtualenv.py:29} WARNING - The tutorial_taskflow_api_etl_virtualenv example DAG requires virtualenv, please install it.
[2022-01-05 20:53:58,288] {processor.py:656} WARNING - No viable dags retrieved from /home/airflow/sandbox/lib/python3.8/site-packages/airflow/example_dags/tutorial_taskflow_api_etl_virtualenv.py
[2022-01-05 20:53:58,294] {processor.py:171} INFO - Processing /home/airflow/sandbox/lib/python3.8/site-packages/airflow/example_dags/tutorial_taskflow_api_etl_virtualenv.py took 0.137 seconds
[2022-01-05 20:54:28,587] {processor.py:163} INFO - Started process (PID=21734) to work on /home/airflow/sandbox/lib/python3.8/site-packages/airflow/example_dags/tutorial_taskflow_api_etl_virtualenv.py
[2022-01-05 20:54:28,588] {processor.py:642} INFO - Processing file /home/airflow/sandbox/lib/python3.8/site-packages/airflow/example_dags/tutorial_taskflow_api_etl_virtualenv.py for tasks to queue
[2022-01-05 20:54:28,589] {logging_mixin.py:109} INFO - [2022-01-05 20:54:28,589] {dagbag.py:500} INFO - Filling up the DagBag from /home/airflow/sandbox/lib/python3.8/site-packages/airflow/example_dags/tutorial_taskflow_api_etl_virtualenv.py
[2022-01-05 20:54:28,596] {logging_mixin.py:109} INFO - [2022-01-05 20:54:28,596] {tutorial_taskflow_api_etl_virtualenv.py:29} WARNING - The tutorial_taskflow_api_etl_virtualenv example DAG requires virtualenv, please install it.
[2022-01-05 20:54:28,638] {processor.py:656} WARNING - No viable dags retrieved from /home/airflow/sandbox/lib/python3.8/site-packages/airflow/example_dags/tutorial_taskflow_api_etl_virtualenv.py
[2022-01-05 20:54:28,641] {processor.py:171} INFO - Processing /home/airflow/sandbox/lib/python3.8/site-packages/airflow/example_dags/tutorial_taskflow_api_etl_virtualenv.py took 0.057 seconds
[2022-01-05 20:54:59,345] {processor.py:163} INFO - Started process (PID=21983) to work on /home/airflow/sandbox/lib/python3.8/site-packages/airflow/example_dags/tutorial_taskflow_api_etl_virtualenv.py
[2022-01-05 20:54:59,347] {processor.py:642} INFO - Processing file /home/airflow/sandbox/lib/python3.8/site-packages/airflow/example_dags/tutorial_taskflow_api_etl_virtualenv.py for tasks to queue
[2022-01-05 20:54:59,347] {logging_mixin.py:109} INFO - [2022-01-05 20:54:59,347] {dagbag.py:500} INFO - Filling up the DagBag from /home/airflow/sandbox/lib/python3.8/site-packages/airflow/example_dags/tutorial_taskflow_api_etl_virtualenv.py
[2022-01-05 20:54:59,355] {logging_mixin.py:109} INFO - [2022-01-05 20:54:59,355] {tutorial_taskflow_api_etl_virtualenv.py:29} WARNING - The tutorial_taskflow_api_etl_virtualenv example DAG requires virtualenv, please install it.
[2022-01-05 20:54:59,394] {processor.py:656} WARNING - No viable dags retrieved from /home/airflow/sandbox/lib/python3.8/site-packages/airflow/example_dags/tutorial_taskflow_api_etl_virtualenv.py
[2022-01-05 20:54:59,398] {processor.py:171} INFO - Processing /home/airflow/sandbox/lib/python3.8/site-packages/airflow/example_dags/tutorial_taskflow_api_etl_virtualenv.py took 0.056 seconds
[2022-01-05 20:55:30,051] {processor.py:163} INFO - Started process (PID=22227) to work on /home/airflow/sandbox/lib/python3.8/site-packages/airflow/example_dags/tutorial_taskflow_api_etl_virtualenv.py
[2022-01-05 20:55:30,053] {processor.py:642} INFO - Processing file /home/airflow/sandbox/lib/python3.8/site-packages/airflow/example_dags/tutorial_taskflow_api_etl_virtualenv.py for tasks to queue
[2022-01-05 20:55:30,080] {logging_mixin.py:109} INFO - [2022-01-05 20:55:30,079] {dagbag.py:500} INFO - Filling up the DagBag from /home/airflow/sandbox/lib/python3.8/site-packages/airflow/example_dags/tutorial_taskflow_api_etl_virtualenv.py
[2022-01-05 20:55:30,093] {logging_mixin.py:109} INFO - [2022-01-05 20:55:30,093] {tutorial_taskflow_api_etl_virtualenv.py:29} WARNING - The tutorial_taskflow_api_etl_virtualenv example DAG requires virtualenv, please install it.
[2022-01-05 20:55:30,145] {processor.py:656} WARNING - No viable dags retrieved from /home/airflow/sandbox/lib/python3.8/site-packages/airflow/example_dags/tutorial_taskflow_api_etl_virtualenv.py
[2022-01-05 20:55:30,155] {processor.py:171} INFO - Processing /home/airflow/sandbox/lib/python3.8/site-packages/airflow/example_dags/tutorial_taskflow_api_etl_virtualenv.py took 0.107 seconds
[2022-01-05 20:56:00,348] {processor.py:163} INFO - Started process (PID=22469) to work on /home/airflow/sandbox/lib/python3.8/site-packages/airflow/example_dags/tutorial_taskflow_api_etl_virtualenv.py
[2022-01-05 20:56:00,351] {processor.py:642} INFO - Processing file /home/airflow/sandbox/lib/python3.8/site-packages/airflow/example_dags/tutorial_taskflow_api_etl_virtualenv.py for tasks to queue
[2022-01-05 20:56:00,352] {logging_mixin.py:109} INFO - [2022-01-05 20:56:00,352] {dagbag.py:500} INFO - Filling up the DagBag from /home/airflow/sandbox/lib/python3.8/site-packages/airflow/example_dags/tutorial_taskflow_api_etl_virtualenv.py
[2022-01-05 20:56:00,394] {logging_mixin.py:109} INFO - [2022-01-05 20:56:00,394] {tutorial_taskflow_api_etl_virtualenv.py:29} WARNING - The tutorial_taskflow_api_etl_virtualenv example DAG requires virtualenv, please install it.
[2022-01-05 20:56:00,451] {processor.py:656} WARNING - No viable dags retrieved from /home/airflow/sandbox/lib/python3.8/site-packages/airflow/example_dags/tutorial_taskflow_api_etl_virtualenv.py
[2022-01-05 20:56:00,484] {processor.py:171} INFO - Processing /home/airflow/sandbox/lib/python3.8/site-packages/airflow/example_dags/tutorial_taskflow_api_etl_virtualenv.py took 0.140 seconds
[2022-01-05 20:56:31,144] {processor.py:163} INFO - Started process (PID=22714) to work on /home/airflow/sandbox/lib/python3.8/site-packages/airflow/example_dags/tutorial_taskflow_api_etl_virtualenv.py
[2022-01-05 20:56:31,146] {processor.py:642} INFO - Processing file /home/airflow/sandbox/lib/python3.8/site-packages/airflow/example_dags/tutorial_taskflow_api_etl_virtualenv.py for tasks to queue
[2022-01-05 20:56:31,146] {logging_mixin.py:109} INFO - [2022-01-05 20:56:31,146] {dagbag.py:500} INFO - Filling up the DagBag from /home/airflow/sandbox/lib/python3.8/site-packages/airflow/example_dags/tutorial_taskflow_api_etl_virtualenv.py
[2022-01-05 20:56:31,241] {logging_mixin.py:109} INFO - [2022-01-05 20:56:31,241] {tutorial_taskflow_api_etl_virtualenv.py:29} WARNING - The tutorial_taskflow_api_etl_virtualenv example DAG requires virtualenv, please install it.
[2022-01-05 20:56:31,390] {processor.py:656} WARNING - No viable dags retrieved from /home/airflow/sandbox/lib/python3.8/site-packages/airflow/example_dags/tutorial_taskflow_api_etl_virtualenv.py
[2022-01-05 20:56:31,393] {processor.py:171} INFO - Processing /home/airflow/sandbox/lib/python3.8/site-packages/airflow/example_dags/tutorial_taskflow_api_etl_virtualenv.py took 0.256 seconds
[2022-01-05 20:57:01,484] {processor.py:163} INFO - Started process (PID=22949) to work on /home/airflow/sandbox/lib/python3.8/site-packages/airflow/example_dags/tutorial_taskflow_api_etl_virtualenv.py
[2022-01-05 20:57:01,485] {processor.py:642} INFO - Processing file /home/airflow/sandbox/lib/python3.8/site-packages/airflow/example_dags/tutorial_taskflow_api_etl_virtualenv.py for tasks to queue
[2022-01-05 20:57:01,486] {logging_mixin.py:109} INFO - [2022-01-05 20:57:01,486] {dagbag.py:500} INFO - Filling up the DagBag from /home/airflow/sandbox/lib/python3.8/site-packages/airflow/example_dags/tutorial_taskflow_api_etl_virtualenv.py
[2022-01-05 20:57:01,497] {logging_mixin.py:109} INFO - [2022-01-05 20:57:01,497] {tutorial_taskflow_api_etl_virtualenv.py:29} WARNING - The tutorial_taskflow_api_etl_virtualenv example DAG requires virtualenv, please install it.
[2022-01-05 20:57:01,530] {processor.py:656} WARNING - No viable dags retrieved from /home/airflow/sandbox/lib/python3.8/site-packages/airflow/example_dags/tutorial_taskflow_api_etl_virtualenv.py
[2022-01-05 20:57:01,534] {processor.py:171} INFO - Processing /home/airflow/sandbox/lib/python3.8/site-packages/airflow/example_dags/tutorial_taskflow_api_etl_virtualenv.py took 0.054 seconds
[2022-01-05 20:57:31,936] {processor.py:163} INFO - Started process (PID=23180) to work on /home/airflow/sandbox/lib/python3.8/site-packages/airflow/example_dags/tutorial_taskflow_api_etl_virtualenv.py
[2022-01-05 20:57:31,937] {processor.py:642} INFO - Processing file /home/airflow/sandbox/lib/python3.8/site-packages/airflow/example_dags/tutorial_taskflow_api_etl_virtualenv.py for tasks to queue
[2022-01-05 20:57:31,938] {logging_mixin.py:109} INFO - [2022-01-05 20:57:31,938] {dagbag.py:500} INFO - Filling up the DagBag from /home/airflow/sandbox/lib/python3.8/site-packages/airflow/example_dags/tutorial_taskflow_api_etl_virtualenv.py
[2022-01-05 20:57:32,032] {logging_mixin.py:109} INFO - [2022-01-05 20:57:32,032] {tutorial_taskflow_api_etl_virtualenv.py:29} WARNING - The tutorial_taskflow_api_etl_virtualenv example DAG requires virtualenv, please install it.
[2022-01-05 20:57:32,180] {processor.py:656} WARNING - No viable dags retrieved from /home/airflow/sandbox/lib/python3.8/site-packages/airflow/example_dags/tutorial_taskflow_api_etl_virtualenv.py
[2022-01-05 20:57:32,184] {processor.py:171} INFO - Processing /home/airflow/sandbox/lib/python3.8/site-packages/airflow/example_dags/tutorial_taskflow_api_etl_virtualenv.py took 0.348 seconds
[2022-01-05 20:58:02,295] {processor.py:163} INFO - Started process (PID=23422) to work on /home/airflow/sandbox/lib/python3.8/site-packages/airflow/example_dags/tutorial_taskflow_api_etl_virtualenv.py
[2022-01-05 20:58:02,297] {processor.py:642} INFO - Processing file /home/airflow/sandbox/lib/python3.8/site-packages/airflow/example_dags/tutorial_taskflow_api_etl_virtualenv.py for tasks to queue
[2022-01-05 20:58:02,299] {logging_mixin.py:109} INFO - [2022-01-05 20:58:02,298] {dagbag.py:500} INFO - Filling up the DagBag from /home/airflow/sandbox/lib/python3.8/site-packages/airflow/example_dags/tutorial_taskflow_api_etl_virtualenv.py
[2022-01-05 20:58:02,336] {logging_mixin.py:109} INFO - [2022-01-05 20:58:02,336] {tutorial_taskflow_api_etl_virtualenv.py:29} WARNING - The tutorial_taskflow_api_etl_virtualenv example DAG requires virtualenv, please install it.
[2022-01-05 20:58:02,393] {processor.py:656} WARNING - No viable dags retrieved from /home/airflow/sandbox/lib/python3.8/site-packages/airflow/example_dags/tutorial_taskflow_api_etl_virtualenv.py
[2022-01-05 20:58:02,402] {processor.py:171} INFO - Processing /home/airflow/sandbox/lib/python3.8/site-packages/airflow/example_dags/tutorial_taskflow_api_etl_virtualenv.py took 0.115 seconds
[2022-01-05 20:58:33,087] {processor.py:163} INFO - Started process (PID=23730) to work on /home/airflow/sandbox/lib/python3.8/site-packages/airflow/example_dags/tutorial_taskflow_api_etl_virtualenv.py
[2022-01-05 20:58:33,089] {processor.py:642} INFO - Processing file /home/airflow/sandbox/lib/python3.8/site-packages/airflow/example_dags/tutorial_taskflow_api_etl_virtualenv.py for tasks to queue
[2022-01-05 20:58:33,090] {logging_mixin.py:109} INFO - [2022-01-05 20:58:33,090] {dagbag.py:500} INFO - Filling up the DagBag from /home/airflow/sandbox/lib/python3.8/site-packages/airflow/example_dags/tutorial_taskflow_api_etl_virtualenv.py
[2022-01-05 20:58:33,133] {logging_mixin.py:109} INFO - [2022-01-05 20:58:33,133] {tutorial_taskflow_api_etl_virtualenv.py:29} WARNING - The tutorial_taskflow_api_etl_virtualenv example DAG requires virtualenv, please install it.
[2022-01-05 20:58:33,305] {processor.py:656} WARNING - No viable dags retrieved from /home/airflow/sandbox/lib/python3.8/site-packages/airflow/example_dags/tutorial_taskflow_api_etl_virtualenv.py
[2022-01-05 20:58:33,397] {processor.py:171} INFO - Processing /home/airflow/sandbox/lib/python3.8/site-packages/airflow/example_dags/tutorial_taskflow_api_etl_virtualenv.py took 0.393 seconds
[2022-01-05 20:59:03,949] {processor.py:163} INFO - Started process (PID=23973) to work on /home/airflow/sandbox/lib/python3.8/site-packages/airflow/example_dags/tutorial_taskflow_api_etl_virtualenv.py
[2022-01-05 20:59:04,028] {processor.py:642} INFO - Processing file /home/airflow/sandbox/lib/python3.8/site-packages/airflow/example_dags/tutorial_taskflow_api_etl_virtualenv.py for tasks to queue
[2022-01-05 20:59:04,029] {logging_mixin.py:109} INFO - [2022-01-05 20:59:04,028] {dagbag.py:500} INFO - Filling up the DagBag from /home/airflow/sandbox/lib/python3.8/site-packages/airflow/example_dags/tutorial_taskflow_api_etl_virtualenv.py
[2022-01-05 20:59:04,131] {logging_mixin.py:109} INFO - [2022-01-05 20:59:04,131] {tutorial_taskflow_api_etl_virtualenv.py:29} WARNING - The tutorial_taskflow_api_etl_virtualenv example DAG requires virtualenv, please install it.
[2022-01-05 20:59:04,288] {processor.py:656} WARNING - No viable dags retrieved from /home/airflow/sandbox/lib/python3.8/site-packages/airflow/example_dags/tutorial_taskflow_api_etl_virtualenv.py
[2022-01-05 20:59:04,294] {processor.py:171} INFO - Processing /home/airflow/sandbox/lib/python3.8/site-packages/airflow/example_dags/tutorial_taskflow_api_etl_virtualenv.py took 0.354 seconds
[2022-01-05 20:59:34,498] {processor.py:163} INFO - Started process (PID=24211) to work on /home/airflow/sandbox/lib/python3.8/site-packages/airflow/example_dags/tutorial_taskflow_api_etl_virtualenv.py
[2022-01-05 20:59:34,499] {processor.py:642} INFO - Processing file /home/airflow/sandbox/lib/python3.8/site-packages/airflow/example_dags/tutorial_taskflow_api_etl_virtualenv.py for tasks to queue
[2022-01-05 20:59:34,500] {logging_mixin.py:109} INFO - [2022-01-05 20:59:34,500] {dagbag.py:500} INFO - Filling up the DagBag from /home/airflow/sandbox/lib/python3.8/site-packages/airflow/example_dags/tutorial_taskflow_api_etl_virtualenv.py
[2022-01-05 20:59:34,583] {logging_mixin.py:109} INFO - [2022-01-05 20:59:34,582] {tutorial_taskflow_api_etl_virtualenv.py:29} WARNING - The tutorial_taskflow_api_etl_virtualenv example DAG requires virtualenv, please install it.
[2022-01-05 20:59:34,786] {processor.py:656} WARNING - No viable dags retrieved from /home/airflow/sandbox/lib/python3.8/site-packages/airflow/example_dags/tutorial_taskflow_api_etl_virtualenv.py
[2022-01-05 20:59:34,795] {processor.py:171} INFO - Processing /home/airflow/sandbox/lib/python3.8/site-packages/airflow/example_dags/tutorial_taskflow_api_etl_virtualenv.py took 0.306 seconds
[2022-01-05 21:00:05,286] {processor.py:163} INFO - Started process (PID=24450) to work on /home/airflow/sandbox/lib/python3.8/site-packages/airflow/example_dags/tutorial_taskflow_api_etl_virtualenv.py
[2022-01-05 21:00:05,287] {processor.py:642} INFO - Processing file /home/airflow/sandbox/lib/python3.8/site-packages/airflow/example_dags/tutorial_taskflow_api_etl_virtualenv.py for tasks to queue
[2022-01-05 21:00:05,288] {logging_mixin.py:109} INFO - [2022-01-05 21:00:05,288] {dagbag.py:500} INFO - Filling up the DagBag from /home/airflow/sandbox/lib/python3.8/site-packages/airflow/example_dags/tutorial_taskflow_api_etl_virtualenv.py
[2022-01-05 21:00:05,377] {logging_mixin.py:109} INFO - [2022-01-05 21:00:05,377] {tutorial_taskflow_api_etl_virtualenv.py:29} WARNING - The tutorial_taskflow_api_etl_virtualenv example DAG requires virtualenv, please install it.
[2022-01-05 21:00:05,451] {processor.py:656} WARNING - No viable dags retrieved from /home/airflow/sandbox/lib/python3.8/site-packages/airflow/example_dags/tutorial_taskflow_api_etl_virtualenv.py
[2022-01-05 21:00:05,475] {processor.py:171} INFO - Processing /home/airflow/sandbox/lib/python3.8/site-packages/airflow/example_dags/tutorial_taskflow_api_etl_virtualenv.py took 0.194 seconds
