[2022-01-05 20:07:08,295] {processor.py:163} INFO - Started process (PID=2486) to work on /home/airflow/sandbox/lib/python3.8/site-packages/airflow/example_dags/tutorial_etl_dag.py
[2022-01-05 20:07:08,321] {processor.py:642} INFO - Processing file /home/airflow/sandbox/lib/python3.8/site-packages/airflow/example_dags/tutorial_etl_dag.py for tasks to queue
[2022-01-05 20:07:08,323] {logging_mixin.py:109} INFO - [2022-01-05 20:07:08,323] {dagbag.py:500} INFO - Filling up the DagBag from /home/airflow/sandbox/lib/python3.8/site-packages/airflow/example_dags/tutorial_etl_dag.py
[2022-01-05 20:07:08,938] {processor.py:654} INFO - DAG(s) dict_keys(['tutorial_etl_dag']) retrieved from /home/airflow/sandbox/lib/python3.8/site-packages/airflow/example_dags/tutorial_etl_dag.py
[2022-01-05 20:07:09,121] {logging_mixin.py:109} INFO - [2022-01-05 20:07:09,121] {dag.py:2396} INFO - Sync 1 DAGs
[2022-01-05 20:07:09,286] {logging_mixin.py:109} INFO - [2022-01-05 20:07:09,286] {dag.py:2935} INFO - Setting next_dagrun for tutorial_etl_dag to None
[2022-01-05 20:07:09,480] {processor.py:171} INFO - Processing /home/airflow/sandbox/lib/python3.8/site-packages/airflow/example_dags/tutorial_etl_dag.py took 1.233 seconds
[2022-01-05 20:07:40,108] {processor.py:163} INFO - Started process (PID=2704) to work on /home/airflow/sandbox/lib/python3.8/site-packages/airflow/example_dags/tutorial_etl_dag.py
[2022-01-05 20:07:40,123] {processor.py:642} INFO - Processing file /home/airflow/sandbox/lib/python3.8/site-packages/airflow/example_dags/tutorial_etl_dag.py for tasks to queue
[2022-01-05 20:07:40,126] {logging_mixin.py:109} INFO - [2022-01-05 20:07:40,125] {dagbag.py:500} INFO - Filling up the DagBag from /home/airflow/sandbox/lib/python3.8/site-packages/airflow/example_dags/tutorial_etl_dag.py
[2022-01-05 20:07:40,207] {processor.py:654} INFO - DAG(s) dict_keys(['tutorial_etl_dag']) retrieved from /home/airflow/sandbox/lib/python3.8/site-packages/airflow/example_dags/tutorial_etl_dag.py
[2022-01-05 20:07:40,256] {logging_mixin.py:109} INFO - [2022-01-05 20:07:40,255] {dag.py:2396} INFO - Sync 1 DAGs
[2022-01-05 20:07:40,286] {logging_mixin.py:109} INFO - [2022-01-05 20:07:40,286] {dag.py:2935} INFO - Setting next_dagrun for tutorial_etl_dag to None
[2022-01-05 20:07:40,303] {processor.py:171} INFO - Processing /home/airflow/sandbox/lib/python3.8/site-packages/airflow/example_dags/tutorial_etl_dag.py took 0.201 seconds
[2022-01-05 20:08:11,005] {processor.py:163} INFO - Started process (PID=2894) to work on /home/airflow/sandbox/lib/python3.8/site-packages/airflow/example_dags/tutorial_etl_dag.py
[2022-01-05 20:08:11,009] {processor.py:642} INFO - Processing file /home/airflow/sandbox/lib/python3.8/site-packages/airflow/example_dags/tutorial_etl_dag.py for tasks to queue
[2022-01-05 20:08:11,015] {logging_mixin.py:109} INFO - [2022-01-05 20:08:11,015] {dagbag.py:500} INFO - Filling up the DagBag from /home/airflow/sandbox/lib/python3.8/site-packages/airflow/example_dags/tutorial_etl_dag.py
[2022-01-05 20:08:11,250] {processor.py:654} INFO - DAG(s) dict_keys(['tutorial_etl_dag']) retrieved from /home/airflow/sandbox/lib/python3.8/site-packages/airflow/example_dags/tutorial_etl_dag.py
[2022-01-05 20:08:11,291] {logging_mixin.py:109} INFO - [2022-01-05 20:08:11,291] {dag.py:2396} INFO - Sync 1 DAGs
[2022-01-05 20:08:11,434] {logging_mixin.py:109} INFO - [2022-01-05 20:08:11,434] {dag.py:2935} INFO - Setting next_dagrun for tutorial_etl_dag to None
[2022-01-05 20:08:11,465] {processor.py:171} INFO - Processing /home/airflow/sandbox/lib/python3.8/site-packages/airflow/example_dags/tutorial_etl_dag.py took 0.471 seconds
[2022-01-05 20:08:41,848] {processor.py:163} INFO - Started process (PID=3298) to work on /home/airflow/sandbox/lib/python3.8/site-packages/airflow/example_dags/tutorial_etl_dag.py
[2022-01-05 20:08:41,866] {processor.py:642} INFO - Processing file /home/airflow/sandbox/lib/python3.8/site-packages/airflow/example_dags/tutorial_etl_dag.py for tasks to queue
[2022-01-05 20:08:41,867] {logging_mixin.py:109} INFO - [2022-01-05 20:08:41,867] {dagbag.py:500} INFO - Filling up the DagBag from /home/airflow/sandbox/lib/python3.8/site-packages/airflow/example_dags/tutorial_etl_dag.py
[2022-01-05 20:08:41,986] {processor.py:654} INFO - DAG(s) dict_keys(['tutorial_etl_dag']) retrieved from /home/airflow/sandbox/lib/python3.8/site-packages/airflow/example_dags/tutorial_etl_dag.py
[2022-01-05 20:08:42,017] {logging_mixin.py:109} INFO - [2022-01-05 20:08:42,017] {dag.py:2396} INFO - Sync 1 DAGs
[2022-01-05 20:08:42,045] {logging_mixin.py:109} INFO - [2022-01-05 20:08:42,045] {dag.py:2935} INFO - Setting next_dagrun for tutorial_etl_dag to None
[2022-01-05 20:08:42,081] {processor.py:171} INFO - Processing /home/airflow/sandbox/lib/python3.8/site-packages/airflow/example_dags/tutorial_etl_dag.py took 0.241 seconds
[2022-01-05 20:09:12,694] {processor.py:163} INFO - Started process (PID=3590) to work on /home/airflow/sandbox/lib/python3.8/site-packages/airflow/example_dags/tutorial_etl_dag.py
[2022-01-05 20:09:12,705] {processor.py:642} INFO - Processing file /home/airflow/sandbox/lib/python3.8/site-packages/airflow/example_dags/tutorial_etl_dag.py for tasks to queue
[2022-01-05 20:09:12,706] {logging_mixin.py:109} INFO - [2022-01-05 20:09:12,706] {dagbag.py:500} INFO - Filling up the DagBag from /home/airflow/sandbox/lib/python3.8/site-packages/airflow/example_dags/tutorial_etl_dag.py
[2022-01-05 20:09:12,880] {processor.py:654} INFO - DAG(s) dict_keys(['tutorial_etl_dag']) retrieved from /home/airflow/sandbox/lib/python3.8/site-packages/airflow/example_dags/tutorial_etl_dag.py
[2022-01-05 20:09:12,905] {logging_mixin.py:109} INFO - [2022-01-05 20:09:12,902] {dag.py:2396} INFO - Sync 1 DAGs
[2022-01-05 20:09:13,049] {logging_mixin.py:109} INFO - [2022-01-05 20:09:13,049] {dag.py:2935} INFO - Setting next_dagrun for tutorial_etl_dag to None
[2022-01-05 20:09:13,106] {processor.py:171} INFO - Processing /home/airflow/sandbox/lib/python3.8/site-packages/airflow/example_dags/tutorial_etl_dag.py took 0.450 seconds
[2022-01-05 20:09:43,412] {processor.py:163} INFO - Started process (PID=4568) to work on /home/airflow/sandbox/lib/python3.8/site-packages/airflow/example_dags/tutorial_etl_dag.py
[2022-01-05 20:09:43,413] {processor.py:642} INFO - Processing file /home/airflow/sandbox/lib/python3.8/site-packages/airflow/example_dags/tutorial_etl_dag.py for tasks to queue
[2022-01-05 20:09:43,415] {logging_mixin.py:109} INFO - [2022-01-05 20:09:43,415] {dagbag.py:500} INFO - Filling up the DagBag from /home/airflow/sandbox/lib/python3.8/site-packages/airflow/example_dags/tutorial_etl_dag.py
[2022-01-05 20:09:43,524] {processor.py:654} INFO - DAG(s) dict_keys(['tutorial_etl_dag']) retrieved from /home/airflow/sandbox/lib/python3.8/site-packages/airflow/example_dags/tutorial_etl_dag.py
[2022-01-05 20:09:43,653] {logging_mixin.py:109} INFO - [2022-01-05 20:09:43,652] {dag.py:2396} INFO - Sync 1 DAGs
[2022-01-05 20:09:43,704] {logging_mixin.py:109} INFO - [2022-01-05 20:09:43,702] {dag.py:2935} INFO - Setting next_dagrun for tutorial_etl_dag to None
[2022-01-05 20:09:43,728] {processor.py:171} INFO - Processing /home/airflow/sandbox/lib/python3.8/site-packages/airflow/example_dags/tutorial_etl_dag.py took 0.319 seconds
[2022-01-05 20:10:13,802] {processor.py:163} INFO - Started process (PID=4784) to work on /home/airflow/sandbox/lib/python3.8/site-packages/airflow/example_dags/tutorial_etl_dag.py
[2022-01-05 20:10:13,804] {processor.py:642} INFO - Processing file /home/airflow/sandbox/lib/python3.8/site-packages/airflow/example_dags/tutorial_etl_dag.py for tasks to queue
[2022-01-05 20:10:13,804] {logging_mixin.py:109} INFO - [2022-01-05 20:10:13,804] {dagbag.py:500} INFO - Filling up the DagBag from /home/airflow/sandbox/lib/python3.8/site-packages/airflow/example_dags/tutorial_etl_dag.py
[2022-01-05 20:10:13,949] {processor.py:654} INFO - DAG(s) dict_keys(['tutorial_etl_dag']) retrieved from /home/airflow/sandbox/lib/python3.8/site-packages/airflow/example_dags/tutorial_etl_dag.py
[2022-01-05 20:10:13,986] {logging_mixin.py:109} INFO - [2022-01-05 20:10:13,986] {dag.py:2396} INFO - Sync 1 DAGs
[2022-01-05 20:10:14,113] {logging_mixin.py:109} INFO - [2022-01-05 20:10:14,113] {dag.py:2935} INFO - Setting next_dagrun for tutorial_etl_dag to None
[2022-01-05 20:10:14,196] {processor.py:171} INFO - Processing /home/airflow/sandbox/lib/python3.8/site-packages/airflow/example_dags/tutorial_etl_dag.py took 0.402 seconds
[2022-01-05 20:10:44,388] {processor.py:163} INFO - Started process (PID=4938) to work on /home/airflow/sandbox/lib/python3.8/site-packages/airflow/example_dags/tutorial_etl_dag.py
[2022-01-05 20:10:44,392] {processor.py:642} INFO - Processing file /home/airflow/sandbox/lib/python3.8/site-packages/airflow/example_dags/tutorial_etl_dag.py for tasks to queue
[2022-01-05 20:10:44,393] {logging_mixin.py:109} INFO - [2022-01-05 20:10:44,393] {dagbag.py:500} INFO - Filling up the DagBag from /home/airflow/sandbox/lib/python3.8/site-packages/airflow/example_dags/tutorial_etl_dag.py
[2022-01-05 20:10:44,547] {processor.py:654} INFO - DAG(s) dict_keys(['tutorial_etl_dag']) retrieved from /home/airflow/sandbox/lib/python3.8/site-packages/airflow/example_dags/tutorial_etl_dag.py
[2022-01-05 20:10:44,607] {logging_mixin.py:109} INFO - [2022-01-05 20:10:44,607] {dag.py:2396} INFO - Sync 1 DAGs
[2022-01-05 20:10:44,685] {logging_mixin.py:109} INFO - [2022-01-05 20:10:44,685] {dag.py:2935} INFO - Setting next_dagrun for tutorial_etl_dag to None
[2022-01-05 20:10:44,825] {processor.py:171} INFO - Processing /home/airflow/sandbox/lib/python3.8/site-packages/airflow/example_dags/tutorial_etl_dag.py took 0.444 seconds
[2022-01-05 20:11:15,728] {processor.py:163} INFO - Started process (PID=5061) to work on /home/airflow/sandbox/lib/python3.8/site-packages/airflow/example_dags/tutorial_etl_dag.py
[2022-01-05 20:11:15,729] {processor.py:642} INFO - Processing file /home/airflow/sandbox/lib/python3.8/site-packages/airflow/example_dags/tutorial_etl_dag.py for tasks to queue
[2022-01-05 20:11:15,729] {logging_mixin.py:109} INFO - [2022-01-05 20:11:15,729] {dagbag.py:500} INFO - Filling up the DagBag from /home/airflow/sandbox/lib/python3.8/site-packages/airflow/example_dags/tutorial_etl_dag.py
[2022-01-05 20:11:15,874] {processor.py:654} INFO - DAG(s) dict_keys(['tutorial_etl_dag']) retrieved from /home/airflow/sandbox/lib/python3.8/site-packages/airflow/example_dags/tutorial_etl_dag.py
[2022-01-05 20:11:15,923] {logging_mixin.py:109} INFO - [2022-01-05 20:11:15,923] {dag.py:2396} INFO - Sync 1 DAGs
[2022-01-05 20:11:15,993] {logging_mixin.py:109} INFO - [2022-01-05 20:11:15,993] {dag.py:2935} INFO - Setting next_dagrun for tutorial_etl_dag to None
[2022-01-05 20:11:16,034] {processor.py:171} INFO - Processing /home/airflow/sandbox/lib/python3.8/site-packages/airflow/example_dags/tutorial_etl_dag.py took 0.346 seconds
[2022-01-05 20:11:46,246] {processor.py:163} INFO - Started process (PID=5154) to work on /home/airflow/sandbox/lib/python3.8/site-packages/airflow/example_dags/tutorial_etl_dag.py
[2022-01-05 20:11:46,247] {processor.py:642} INFO - Processing file /home/airflow/sandbox/lib/python3.8/site-packages/airflow/example_dags/tutorial_etl_dag.py for tasks to queue
[2022-01-05 20:11:46,264] {logging_mixin.py:109} INFO - [2022-01-05 20:11:46,264] {dagbag.py:500} INFO - Filling up the DagBag from /home/airflow/sandbox/lib/python3.8/site-packages/airflow/example_dags/tutorial_etl_dag.py
[2022-01-05 20:11:46,345] {processor.py:654} INFO - DAG(s) dict_keys(['tutorial_etl_dag']) retrieved from /home/airflow/sandbox/lib/python3.8/site-packages/airflow/example_dags/tutorial_etl_dag.py
[2022-01-05 20:11:46,430] {logging_mixin.py:109} INFO - [2022-01-05 20:11:46,430] {dag.py:2396} INFO - Sync 1 DAGs
[2022-01-05 20:11:46,538] {logging_mixin.py:109} INFO - [2022-01-05 20:11:46,538] {dag.py:2935} INFO - Setting next_dagrun for tutorial_etl_dag to None
[2022-01-05 20:11:46,642] {processor.py:171} INFO - Processing /home/airflow/sandbox/lib/python3.8/site-packages/airflow/example_dags/tutorial_etl_dag.py took 0.404 seconds
[2022-01-05 20:12:17,289] {processor.py:163} INFO - Started process (PID=5283) to work on /home/airflow/sandbox/lib/python3.8/site-packages/airflow/example_dags/tutorial_etl_dag.py
[2022-01-05 20:12:17,293] {processor.py:642} INFO - Processing file /home/airflow/sandbox/lib/python3.8/site-packages/airflow/example_dags/tutorial_etl_dag.py for tasks to queue
[2022-01-05 20:12:17,295] {logging_mixin.py:109} INFO - [2022-01-05 20:12:17,295] {dagbag.py:500} INFO - Filling up the DagBag from /home/airflow/sandbox/lib/python3.8/site-packages/airflow/example_dags/tutorial_etl_dag.py
[2022-01-05 20:12:17,423] {processor.py:654} INFO - DAG(s) dict_keys(['tutorial_etl_dag']) retrieved from /home/airflow/sandbox/lib/python3.8/site-packages/airflow/example_dags/tutorial_etl_dag.py
[2022-01-05 20:12:17,438] {logging_mixin.py:109} INFO - [2022-01-05 20:12:17,438] {dag.py:2396} INFO - Sync 1 DAGs
[2022-01-05 20:12:17,509] {logging_mixin.py:109} INFO - [2022-01-05 20:12:17,508] {dag.py:2935} INFO - Setting next_dagrun for tutorial_etl_dag to None
[2022-01-05 20:12:17,565] {processor.py:171} INFO - Processing /home/airflow/sandbox/lib/python3.8/site-packages/airflow/example_dags/tutorial_etl_dag.py took 0.318 seconds
[2022-01-05 20:12:48,069] {processor.py:163} INFO - Started process (PID=5378) to work on /home/airflow/sandbox/lib/python3.8/site-packages/airflow/example_dags/tutorial_etl_dag.py
[2022-01-05 20:12:48,075] {processor.py:642} INFO - Processing file /home/airflow/sandbox/lib/python3.8/site-packages/airflow/example_dags/tutorial_etl_dag.py for tasks to queue
[2022-01-05 20:12:48,080] {logging_mixin.py:109} INFO - [2022-01-05 20:12:48,079] {dagbag.py:500} INFO - Filling up the DagBag from /home/airflow/sandbox/lib/python3.8/site-packages/airflow/example_dags/tutorial_etl_dag.py
[2022-01-05 20:12:48,227] {processor.py:654} INFO - DAG(s) dict_keys(['tutorial_etl_dag']) retrieved from /home/airflow/sandbox/lib/python3.8/site-packages/airflow/example_dags/tutorial_etl_dag.py
[2022-01-05 20:12:48,307] {logging_mixin.py:109} INFO - [2022-01-05 20:12:48,295] {dag.py:2396} INFO - Sync 1 DAGs
[2022-01-05 20:12:48,368] {logging_mixin.py:109} INFO - [2022-01-05 20:12:48,368] {dag.py:2935} INFO - Setting next_dagrun for tutorial_etl_dag to None
[2022-01-05 20:12:48,391] {processor.py:171} INFO - Processing /home/airflow/sandbox/lib/python3.8/site-packages/airflow/example_dags/tutorial_etl_dag.py took 0.352 seconds
[2022-01-05 20:28:11,339] {processor.py:163} INFO - Started process (PID=6981) to work on /home/airflow/sandbox/lib/python3.8/site-packages/airflow/example_dags/tutorial_etl_dag.py
[2022-01-05 20:28:11,341] {processor.py:642} INFO - Processing file /home/airflow/sandbox/lib/python3.8/site-packages/airflow/example_dags/tutorial_etl_dag.py for tasks to queue
[2022-01-05 20:28:11,341] {logging_mixin.py:109} INFO - [2022-01-05 20:28:11,341] {dagbag.py:500} INFO - Filling up the DagBag from /home/airflow/sandbox/lib/python3.8/site-packages/airflow/example_dags/tutorial_etl_dag.py
[2022-01-05 20:28:11,481] {processor.py:654} INFO - DAG(s) dict_keys(['tutorial_etl_dag']) retrieved from /home/airflow/sandbox/lib/python3.8/site-packages/airflow/example_dags/tutorial_etl_dag.py
[2022-01-05 20:28:11,505] {logging_mixin.py:109} INFO - [2022-01-05 20:28:11,505] {dag.py:2396} INFO - Sync 1 DAGs
[2022-01-05 20:28:11,608] {logging_mixin.py:109} INFO - [2022-01-05 20:28:11,608] {dag.py:2935} INFO - Setting next_dagrun for tutorial_etl_dag to None
[2022-01-05 20:28:11,689] {processor.py:171} INFO - Processing /home/airflow/sandbox/lib/python3.8/site-packages/airflow/example_dags/tutorial_etl_dag.py took 0.358 seconds
[2022-01-05 20:28:47,689] {processor.py:163} INFO - Started process (PID=7466) to work on /home/airflow/sandbox/lib/python3.8/site-packages/airflow/example_dags/tutorial_etl_dag.py
[2022-01-05 20:28:47,690] {processor.py:642} INFO - Processing file /home/airflow/sandbox/lib/python3.8/site-packages/airflow/example_dags/tutorial_etl_dag.py for tasks to queue
[2022-01-05 20:28:47,691] {logging_mixin.py:109} INFO - [2022-01-05 20:28:47,691] {dagbag.py:500} INFO - Filling up the DagBag from /home/airflow/sandbox/lib/python3.8/site-packages/airflow/example_dags/tutorial_etl_dag.py
[2022-01-05 20:28:48,244] {processor.py:654} INFO - DAG(s) dict_keys(['tutorial_etl_dag']) retrieved from /home/airflow/sandbox/lib/python3.8/site-packages/airflow/example_dags/tutorial_etl_dag.py
[2022-01-05 20:28:48,343] {logging_mixin.py:109} INFO - [2022-01-05 20:28:48,343] {dag.py:2396} INFO - Sync 1 DAGs
[2022-01-05 20:28:48,460] {logging_mixin.py:109} INFO - [2022-01-05 20:28:48,460] {dag.py:2935} INFO - Setting next_dagrun for tutorial_etl_dag to None
[2022-01-05 20:28:48,646] {processor.py:171} INFO - Processing /home/airflow/sandbox/lib/python3.8/site-packages/airflow/example_dags/tutorial_etl_dag.py took 1.051 seconds
[2022-01-05 20:29:22,202] {processor.py:163} INFO - Started process (PID=7731) to work on /home/airflow/sandbox/lib/python3.8/site-packages/airflow/example_dags/tutorial_etl_dag.py
[2022-01-05 20:29:22,247] {processor.py:642} INFO - Processing file /home/airflow/sandbox/lib/python3.8/site-packages/airflow/example_dags/tutorial_etl_dag.py for tasks to queue
[2022-01-05 20:29:22,250] {logging_mixin.py:109} INFO - [2022-01-05 20:29:22,249] {dagbag.py:500} INFO - Filling up the DagBag from /home/airflow/sandbox/lib/python3.8/site-packages/airflow/example_dags/tutorial_etl_dag.py
[2022-01-05 20:29:22,850] {processor.py:654} INFO - DAG(s) dict_keys(['tutorial_etl_dag']) retrieved from /home/airflow/sandbox/lib/python3.8/site-packages/airflow/example_dags/tutorial_etl_dag.py
[2022-01-05 20:29:23,055] {logging_mixin.py:109} INFO - [2022-01-05 20:29:23,053] {dag.py:2396} INFO - Sync 1 DAGs
[2022-01-05 20:29:23,347] {logging_mixin.py:109} INFO - [2022-01-05 20:29:23,346] {dag.py:2935} INFO - Setting next_dagrun for tutorial_etl_dag to None
[2022-01-05 20:29:23,538] {processor.py:171} INFO - Processing /home/airflow/sandbox/lib/python3.8/site-packages/airflow/example_dags/tutorial_etl_dag.py took 1.340 seconds
[2022-01-05 20:29:53,950] {processor.py:163} INFO - Started process (PID=7974) to work on /home/airflow/sandbox/lib/python3.8/site-packages/airflow/example_dags/tutorial_etl_dag.py
[2022-01-05 20:29:53,951] {processor.py:642} INFO - Processing file /home/airflow/sandbox/lib/python3.8/site-packages/airflow/example_dags/tutorial_etl_dag.py for tasks to queue
[2022-01-05 20:29:53,952] {logging_mixin.py:109} INFO - [2022-01-05 20:29:53,952] {dagbag.py:500} INFO - Filling up the DagBag from /home/airflow/sandbox/lib/python3.8/site-packages/airflow/example_dags/tutorial_etl_dag.py
[2022-01-05 20:29:54,031] {processor.py:654} INFO - DAG(s) dict_keys(['tutorial_etl_dag']) retrieved from /home/airflow/sandbox/lib/python3.8/site-packages/airflow/example_dags/tutorial_etl_dag.py
[2022-01-05 20:29:54,045] {logging_mixin.py:109} INFO - [2022-01-05 20:29:54,045] {dag.py:2396} INFO - Sync 1 DAGs
[2022-01-05 20:29:54,079] {logging_mixin.py:109} INFO - [2022-01-05 20:29:54,079] {dag.py:2935} INFO - Setting next_dagrun for tutorial_etl_dag to None
[2022-01-05 20:29:54,091] {processor.py:171} INFO - Processing /home/airflow/sandbox/lib/python3.8/site-packages/airflow/example_dags/tutorial_etl_dag.py took 0.145 seconds
[2022-01-05 20:30:25,082] {processor.py:163} INFO - Started process (PID=8341) to work on /home/airflow/sandbox/lib/python3.8/site-packages/airflow/example_dags/tutorial_etl_dag.py
[2022-01-05 20:30:25,085] {processor.py:642} INFO - Processing file /home/airflow/sandbox/lib/python3.8/site-packages/airflow/example_dags/tutorial_etl_dag.py for tasks to queue
[2022-01-05 20:30:25,086] {logging_mixin.py:109} INFO - [2022-01-05 20:30:25,085] {dagbag.py:500} INFO - Filling up the DagBag from /home/airflow/sandbox/lib/python3.8/site-packages/airflow/example_dags/tutorial_etl_dag.py
[2022-01-05 20:30:25,139] {processor.py:654} INFO - DAG(s) dict_keys(['tutorial_etl_dag']) retrieved from /home/airflow/sandbox/lib/python3.8/site-packages/airflow/example_dags/tutorial_etl_dag.py
[2022-01-05 20:30:25,174] {logging_mixin.py:109} INFO - [2022-01-05 20:30:25,174] {dag.py:2396} INFO - Sync 1 DAGs
[2022-01-05 20:30:25,197] {logging_mixin.py:109} INFO - [2022-01-05 20:30:25,197] {dag.py:2935} INFO - Setting next_dagrun for tutorial_etl_dag to None
[2022-01-05 20:30:25,230] {processor.py:171} INFO - Processing /home/airflow/sandbox/lib/python3.8/site-packages/airflow/example_dags/tutorial_etl_dag.py took 0.158 seconds
[2022-01-05 20:30:55,374] {processor.py:163} INFO - Started process (PID=8700) to work on /home/airflow/sandbox/lib/python3.8/site-packages/airflow/example_dags/tutorial_etl_dag.py
[2022-01-05 20:30:55,376] {processor.py:642} INFO - Processing file /home/airflow/sandbox/lib/python3.8/site-packages/airflow/example_dags/tutorial_etl_dag.py for tasks to queue
[2022-01-05 20:30:55,376] {logging_mixin.py:109} INFO - [2022-01-05 20:30:55,376] {dagbag.py:500} INFO - Filling up the DagBag from /home/airflow/sandbox/lib/python3.8/site-packages/airflow/example_dags/tutorial_etl_dag.py
[2022-01-05 20:30:55,487] {processor.py:654} INFO - DAG(s) dict_keys(['tutorial_etl_dag']) retrieved from /home/airflow/sandbox/lib/python3.8/site-packages/airflow/example_dags/tutorial_etl_dag.py
[2022-01-05 20:30:55,525] {logging_mixin.py:109} INFO - [2022-01-05 20:30:55,524] {dag.py:2396} INFO - Sync 1 DAGs
[2022-01-05 20:30:55,544] {logging_mixin.py:109} INFO - [2022-01-05 20:30:55,544] {dag.py:2935} INFO - Setting next_dagrun for tutorial_etl_dag to None
[2022-01-05 20:30:55,573] {processor.py:171} INFO - Processing /home/airflow/sandbox/lib/python3.8/site-packages/airflow/example_dags/tutorial_etl_dag.py took 0.230 seconds
[2022-01-05 20:31:25,730] {processor.py:163} INFO - Started process (PID=9092) to work on /home/airflow/sandbox/lib/python3.8/site-packages/airflow/example_dags/tutorial_etl_dag.py
[2022-01-05 20:31:25,732] {processor.py:642} INFO - Processing file /home/airflow/sandbox/lib/python3.8/site-packages/airflow/example_dags/tutorial_etl_dag.py for tasks to queue
[2022-01-05 20:31:25,734] {logging_mixin.py:109} INFO - [2022-01-05 20:31:25,734] {dagbag.py:500} INFO - Filling up the DagBag from /home/airflow/sandbox/lib/python3.8/site-packages/airflow/example_dags/tutorial_etl_dag.py
[2022-01-05 20:31:25,834] {processor.py:654} INFO - DAG(s) dict_keys(['tutorial_etl_dag']) retrieved from /home/airflow/sandbox/lib/python3.8/site-packages/airflow/example_dags/tutorial_etl_dag.py
[2022-01-05 20:31:25,923] {logging_mixin.py:109} INFO - [2022-01-05 20:31:25,923] {dag.py:2396} INFO - Sync 1 DAGs
[2022-01-05 20:31:26,030] {logging_mixin.py:109} INFO - [2022-01-05 20:31:26,030] {dag.py:2935} INFO - Setting next_dagrun for tutorial_etl_dag to None
[2022-01-05 20:31:26,072] {processor.py:171} INFO - Processing /home/airflow/sandbox/lib/python3.8/site-packages/airflow/example_dags/tutorial_etl_dag.py took 0.347 seconds
[2022-01-05 20:31:58,377] {processor.py:163} INFO - Started process (PID=9496) to work on /home/airflow/sandbox/lib/python3.8/site-packages/airflow/example_dags/tutorial_etl_dag.py
[2022-01-05 20:31:58,378] {processor.py:642} INFO - Processing file /home/airflow/sandbox/lib/python3.8/site-packages/airflow/example_dags/tutorial_etl_dag.py for tasks to queue
[2022-01-05 20:31:58,379] {logging_mixin.py:109} INFO - [2022-01-05 20:31:58,379] {dagbag.py:500} INFO - Filling up the DagBag from /home/airflow/sandbox/lib/python3.8/site-packages/airflow/example_dags/tutorial_etl_dag.py
[2022-01-05 20:31:58,784] {processor.py:654} INFO - DAG(s) dict_keys(['tutorial_etl_dag']) retrieved from /home/airflow/sandbox/lib/python3.8/site-packages/airflow/example_dags/tutorial_etl_dag.py
[2022-01-05 20:31:58,987] {logging_mixin.py:109} INFO - [2022-01-05 20:31:58,987] {dag.py:2396} INFO - Sync 1 DAGs
[2022-01-05 20:31:59,114] {logging_mixin.py:109} INFO - [2022-01-05 20:31:59,114] {dag.py:2935} INFO - Setting next_dagrun for tutorial_etl_dag to None
[2022-01-05 20:31:59,187] {processor.py:171} INFO - Processing /home/airflow/sandbox/lib/python3.8/site-packages/airflow/example_dags/tutorial_etl_dag.py took 0.814 seconds
[2022-01-05 20:32:29,878] {processor.py:163} INFO - Started process (PID=10219) to work on /home/airflow/sandbox/lib/python3.8/site-packages/airflow/example_dags/tutorial_etl_dag.py
[2022-01-05 20:32:29,879] {processor.py:642} INFO - Processing file /home/airflow/sandbox/lib/python3.8/site-packages/airflow/example_dags/tutorial_etl_dag.py for tasks to queue
[2022-01-05 20:32:29,879] {logging_mixin.py:109} INFO - [2022-01-05 20:32:29,879] {dagbag.py:500} INFO - Filling up the DagBag from /home/airflow/sandbox/lib/python3.8/site-packages/airflow/example_dags/tutorial_etl_dag.py
[2022-01-05 20:32:30,074] {processor.py:654} INFO - DAG(s) dict_keys(['tutorial_etl_dag']) retrieved from /home/airflow/sandbox/lib/python3.8/site-packages/airflow/example_dags/tutorial_etl_dag.py
[2022-01-05 20:32:30,167] {logging_mixin.py:109} INFO - [2022-01-05 20:32:30,166] {dag.py:2396} INFO - Sync 1 DAGs
[2022-01-05 20:32:30,379] {logging_mixin.py:109} INFO - [2022-01-05 20:32:30,378] {dag.py:2935} INFO - Setting next_dagrun for tutorial_etl_dag to None
[2022-01-05 20:32:30,535] {processor.py:171} INFO - Processing /home/airflow/sandbox/lib/python3.8/site-packages/airflow/example_dags/tutorial_etl_dag.py took 0.668 seconds
[2022-01-05 20:33:04,470] {processor.py:163} INFO - Started process (PID=11010) to work on /home/airflow/sandbox/lib/python3.8/site-packages/airflow/example_dags/tutorial_etl_dag.py
[2022-01-05 20:33:04,474] {processor.py:642} INFO - Processing file /home/airflow/sandbox/lib/python3.8/site-packages/airflow/example_dags/tutorial_etl_dag.py for tasks to queue
[2022-01-05 20:33:04,480] {logging_mixin.py:109} INFO - [2022-01-05 20:33:04,479] {dagbag.py:500} INFO - Filling up the DagBag from /home/airflow/sandbox/lib/python3.8/site-packages/airflow/example_dags/tutorial_etl_dag.py
[2022-01-05 20:33:04,824] {processor.py:654} INFO - DAG(s) dict_keys(['tutorial_etl_dag']) retrieved from /home/airflow/sandbox/lib/python3.8/site-packages/airflow/example_dags/tutorial_etl_dag.py
[2022-01-05 20:33:04,930] {logging_mixin.py:109} INFO - [2022-01-05 20:33:04,930] {dag.py:2396} INFO - Sync 1 DAGs
[2022-01-05 20:33:05,166] {logging_mixin.py:109} INFO - [2022-01-05 20:33:05,165] {dag.py:2935} INFO - Setting next_dagrun for tutorial_etl_dag to None
[2022-01-05 20:33:05,181] {processor.py:171} INFO - Processing /home/airflow/sandbox/lib/python3.8/site-packages/airflow/example_dags/tutorial_etl_dag.py took 0.799 seconds
[2022-01-05 20:33:35,379] {processor.py:163} INFO - Started process (PID=11536) to work on /home/airflow/sandbox/lib/python3.8/site-packages/airflow/example_dags/tutorial_etl_dag.py
[2022-01-05 20:33:35,410] {processor.py:642} INFO - Processing file /home/airflow/sandbox/lib/python3.8/site-packages/airflow/example_dags/tutorial_etl_dag.py for tasks to queue
[2022-01-05 20:33:35,415] {logging_mixin.py:109} INFO - [2022-01-05 20:33:35,415] {dagbag.py:500} INFO - Filling up the DagBag from /home/airflow/sandbox/lib/python3.8/site-packages/airflow/example_dags/tutorial_etl_dag.py
[2022-01-05 20:33:35,528] {processor.py:654} INFO - DAG(s) dict_keys(['tutorial_etl_dag']) retrieved from /home/airflow/sandbox/lib/python3.8/site-packages/airflow/example_dags/tutorial_etl_dag.py
[2022-01-05 20:33:35,568] {logging_mixin.py:109} INFO - [2022-01-05 20:33:35,568] {dag.py:2396} INFO - Sync 1 DAGs
[2022-01-05 20:33:35,607] {logging_mixin.py:109} INFO - [2022-01-05 20:33:35,607] {dag.py:2935} INFO - Setting next_dagrun for tutorial_etl_dag to None
[2022-01-05 20:33:35,618] {processor.py:171} INFO - Processing /home/airflow/sandbox/lib/python3.8/site-packages/airflow/example_dags/tutorial_etl_dag.py took 0.296 seconds
[2022-01-05 20:34:05,699] {processor.py:163} INFO - Started process (PID=11811) to work on /home/airflow/sandbox/lib/python3.8/site-packages/airflow/example_dags/tutorial_etl_dag.py
[2022-01-05 20:34:05,700] {processor.py:642} INFO - Processing file /home/airflow/sandbox/lib/python3.8/site-packages/airflow/example_dags/tutorial_etl_dag.py for tasks to queue
[2022-01-05 20:34:05,701] {logging_mixin.py:109} INFO - [2022-01-05 20:34:05,701] {dagbag.py:500} INFO - Filling up the DagBag from /home/airflow/sandbox/lib/python3.8/site-packages/airflow/example_dags/tutorial_etl_dag.py
[2022-01-05 20:34:05,775] {processor.py:654} INFO - DAG(s) dict_keys(['tutorial_etl_dag']) retrieved from /home/airflow/sandbox/lib/python3.8/site-packages/airflow/example_dags/tutorial_etl_dag.py
[2022-01-05 20:34:05,814] {logging_mixin.py:109} INFO - [2022-01-05 20:34:05,814] {dag.py:2396} INFO - Sync 1 DAGs
[2022-01-05 20:34:05,827] {logging_mixin.py:109} INFO - [2022-01-05 20:34:05,827] {dag.py:2935} INFO - Setting next_dagrun for tutorial_etl_dag to None
[2022-01-05 20:34:05,864] {processor.py:171} INFO - Processing /home/airflow/sandbox/lib/python3.8/site-packages/airflow/example_dags/tutorial_etl_dag.py took 0.191 seconds
[2022-01-05 20:34:36,294] {processor.py:163} INFO - Started process (PID=12050) to work on /home/airflow/sandbox/lib/python3.8/site-packages/airflow/example_dags/tutorial_etl_dag.py
[2022-01-05 20:34:36,296] {processor.py:642} INFO - Processing file /home/airflow/sandbox/lib/python3.8/site-packages/airflow/example_dags/tutorial_etl_dag.py for tasks to queue
[2022-01-05 20:34:36,297] {logging_mixin.py:109} INFO - [2022-01-05 20:34:36,297] {dagbag.py:500} INFO - Filling up the DagBag from /home/airflow/sandbox/lib/python3.8/site-packages/airflow/example_dags/tutorial_etl_dag.py
[2022-01-05 20:34:36,442] {processor.py:654} INFO - DAG(s) dict_keys(['tutorial_etl_dag']) retrieved from /home/airflow/sandbox/lib/python3.8/site-packages/airflow/example_dags/tutorial_etl_dag.py
[2022-01-05 20:34:36,451] {logging_mixin.py:109} INFO - [2022-01-05 20:34:36,451] {dag.py:2396} INFO - Sync 1 DAGs
[2022-01-05 20:34:36,466] {logging_mixin.py:109} INFO - [2022-01-05 20:34:36,465] {dag.py:2935} INFO - Setting next_dagrun for tutorial_etl_dag to None
[2022-01-05 20:34:36,475] {processor.py:171} INFO - Processing /home/airflow/sandbox/lib/python3.8/site-packages/airflow/example_dags/tutorial_etl_dag.py took 0.201 seconds
[2022-01-05 20:35:07,637] {processor.py:163} INFO - Started process (PID=12296) to work on /home/airflow/sandbox/lib/python3.8/site-packages/airflow/example_dags/tutorial_etl_dag.py
[2022-01-05 20:35:07,639] {processor.py:642} INFO - Processing file /home/airflow/sandbox/lib/python3.8/site-packages/airflow/example_dags/tutorial_etl_dag.py for tasks to queue
[2022-01-05 20:35:07,639] {logging_mixin.py:109} INFO - [2022-01-05 20:35:07,639] {dagbag.py:500} INFO - Filling up the DagBag from /home/airflow/sandbox/lib/python3.8/site-packages/airflow/example_dags/tutorial_etl_dag.py
[2022-01-05 20:35:07,713] {processor.py:654} INFO - DAG(s) dict_keys(['tutorial_etl_dag']) retrieved from /home/airflow/sandbox/lib/python3.8/site-packages/airflow/example_dags/tutorial_etl_dag.py
[2022-01-05 20:35:07,740] {logging_mixin.py:109} INFO - [2022-01-05 20:35:07,740] {dag.py:2396} INFO - Sync 1 DAGs
[2022-01-05 20:35:07,764] {logging_mixin.py:109} INFO - [2022-01-05 20:35:07,764] {dag.py:2935} INFO - Setting next_dagrun for tutorial_etl_dag to None
[2022-01-05 20:35:07,798] {processor.py:171} INFO - Processing /home/airflow/sandbox/lib/python3.8/site-packages/airflow/example_dags/tutorial_etl_dag.py took 0.185 seconds
[2022-01-05 20:35:38,244] {processor.py:163} INFO - Started process (PID=12523) to work on /home/airflow/sandbox/lib/python3.8/site-packages/airflow/example_dags/tutorial_etl_dag.py
[2022-01-05 20:35:38,245] {processor.py:642} INFO - Processing file /home/airflow/sandbox/lib/python3.8/site-packages/airflow/example_dags/tutorial_etl_dag.py for tasks to queue
[2022-01-05 20:35:38,246] {logging_mixin.py:109} INFO - [2022-01-05 20:35:38,246] {dagbag.py:500} INFO - Filling up the DagBag from /home/airflow/sandbox/lib/python3.8/site-packages/airflow/example_dags/tutorial_etl_dag.py
[2022-01-05 20:35:38,456] {processor.py:654} INFO - DAG(s) dict_keys(['tutorial_etl_dag']) retrieved from /home/airflow/sandbox/lib/python3.8/site-packages/airflow/example_dags/tutorial_etl_dag.py
[2022-01-05 20:35:38,467] {logging_mixin.py:109} INFO - [2022-01-05 20:35:38,467] {dag.py:2396} INFO - Sync 1 DAGs
[2022-01-05 20:35:38,504] {logging_mixin.py:109} INFO - [2022-01-05 20:35:38,504] {dag.py:2935} INFO - Setting next_dagrun for tutorial_etl_dag to None
[2022-01-05 20:35:38,592] {processor.py:171} INFO - Processing /home/airflow/sandbox/lib/python3.8/site-packages/airflow/example_dags/tutorial_etl_dag.py took 0.351 seconds
[2022-01-05 20:36:08,794] {processor.py:163} INFO - Started process (PID=12748) to work on /home/airflow/sandbox/lib/python3.8/site-packages/airflow/example_dags/tutorial_etl_dag.py
[2022-01-05 20:36:08,795] {processor.py:642} INFO - Processing file /home/airflow/sandbox/lib/python3.8/site-packages/airflow/example_dags/tutorial_etl_dag.py for tasks to queue
[2022-01-05 20:36:08,795] {logging_mixin.py:109} INFO - [2022-01-05 20:36:08,795] {dagbag.py:500} INFO - Filling up the DagBag from /home/airflow/sandbox/lib/python3.8/site-packages/airflow/example_dags/tutorial_etl_dag.py
[2022-01-05 20:36:08,942] {processor.py:654} INFO - DAG(s) dict_keys(['tutorial_etl_dag']) retrieved from /home/airflow/sandbox/lib/python3.8/site-packages/airflow/example_dags/tutorial_etl_dag.py
[2022-01-05 20:36:08,953] {logging_mixin.py:109} INFO - [2022-01-05 20:36:08,953] {dag.py:2396} INFO - Sync 1 DAGs
[2022-01-05 20:36:08,990] {logging_mixin.py:109} INFO - [2022-01-05 20:36:08,990] {dag.py:2935} INFO - Setting next_dagrun for tutorial_etl_dag to None
[2022-01-05 20:36:09,109] {processor.py:171} INFO - Processing /home/airflow/sandbox/lib/python3.8/site-packages/airflow/example_dags/tutorial_etl_dag.py took 0.322 seconds
[2022-01-05 20:36:39,539] {processor.py:163} INFO - Started process (PID=12986) to work on /home/airflow/sandbox/lib/python3.8/site-packages/airflow/example_dags/tutorial_etl_dag.py
[2022-01-05 20:36:39,540] {processor.py:642} INFO - Processing file /home/airflow/sandbox/lib/python3.8/site-packages/airflow/example_dags/tutorial_etl_dag.py for tasks to queue
[2022-01-05 20:36:39,547] {logging_mixin.py:109} INFO - [2022-01-05 20:36:39,543] {dagbag.py:500} INFO - Filling up the DagBag from /home/airflow/sandbox/lib/python3.8/site-packages/airflow/example_dags/tutorial_etl_dag.py
[2022-01-05 20:36:39,693] {processor.py:654} INFO - DAG(s) dict_keys(['tutorial_etl_dag']) retrieved from /home/airflow/sandbox/lib/python3.8/site-packages/airflow/example_dags/tutorial_etl_dag.py
[2022-01-05 20:36:39,741] {logging_mixin.py:109} INFO - [2022-01-05 20:36:39,741] {dag.py:2396} INFO - Sync 1 DAGs
[2022-01-05 20:36:39,866] {logging_mixin.py:109} INFO - [2022-01-05 20:36:39,866] {dag.py:2935} INFO - Setting next_dagrun for tutorial_etl_dag to None
[2022-01-05 20:36:39,903] {processor.py:171} INFO - Processing /home/airflow/sandbox/lib/python3.8/site-packages/airflow/example_dags/tutorial_etl_dag.py took 0.400 seconds
[2022-01-05 20:37:10,696] {processor.py:163} INFO - Started process (PID=13225) to work on /home/airflow/sandbox/lib/python3.8/site-packages/airflow/example_dags/tutorial_etl_dag.py
[2022-01-05 20:37:10,702] {processor.py:642} INFO - Processing file /home/airflow/sandbox/lib/python3.8/site-packages/airflow/example_dags/tutorial_etl_dag.py for tasks to queue
[2022-01-05 20:37:10,702] {logging_mixin.py:109} INFO - [2022-01-05 20:37:10,702] {dagbag.py:500} INFO - Filling up the DagBag from /home/airflow/sandbox/lib/python3.8/site-packages/airflow/example_dags/tutorial_etl_dag.py
[2022-01-05 20:37:10,810] {processor.py:654} INFO - DAG(s) dict_keys(['tutorial_etl_dag']) retrieved from /home/airflow/sandbox/lib/python3.8/site-packages/airflow/example_dags/tutorial_etl_dag.py
[2022-01-05 20:37:10,841] {logging_mixin.py:109} INFO - [2022-01-05 20:37:10,841] {dag.py:2396} INFO - Sync 1 DAGs
[2022-01-05 20:37:10,890] {logging_mixin.py:109} INFO - [2022-01-05 20:37:10,890] {dag.py:2935} INFO - Setting next_dagrun for tutorial_etl_dag to None
[2022-01-05 20:37:10,908] {processor.py:171} INFO - Processing /home/airflow/sandbox/lib/python3.8/site-packages/airflow/example_dags/tutorial_etl_dag.py took 0.244 seconds
[2022-01-05 20:37:41,140] {processor.py:163} INFO - Started process (PID=13466) to work on /home/airflow/sandbox/lib/python3.8/site-packages/airflow/example_dags/tutorial_etl_dag.py
[2022-01-05 20:37:41,142] {processor.py:642} INFO - Processing file /home/airflow/sandbox/lib/python3.8/site-packages/airflow/example_dags/tutorial_etl_dag.py for tasks to queue
[2022-01-05 20:37:41,143] {logging_mixin.py:109} INFO - [2022-01-05 20:37:41,143] {dagbag.py:500} INFO - Filling up the DagBag from /home/airflow/sandbox/lib/python3.8/site-packages/airflow/example_dags/tutorial_etl_dag.py
[2022-01-05 20:37:41,213] {processor.py:654} INFO - DAG(s) dict_keys(['tutorial_etl_dag']) retrieved from /home/airflow/sandbox/lib/python3.8/site-packages/airflow/example_dags/tutorial_etl_dag.py
[2022-01-05 20:37:41,262] {logging_mixin.py:109} INFO - [2022-01-05 20:37:41,262] {dag.py:2396} INFO - Sync 1 DAGs
[2022-01-05 20:37:41,348] {logging_mixin.py:109} INFO - [2022-01-05 20:37:41,347] {dag.py:2935} INFO - Setting next_dagrun for tutorial_etl_dag to None
[2022-01-05 20:37:41,387] {processor.py:171} INFO - Processing /home/airflow/sandbox/lib/python3.8/site-packages/airflow/example_dags/tutorial_etl_dag.py took 0.251 seconds
[2022-01-05 20:38:12,080] {processor.py:163} INFO - Started process (PID=13723) to work on /home/airflow/sandbox/lib/python3.8/site-packages/airflow/example_dags/tutorial_etl_dag.py
[2022-01-05 20:38:12,082] {processor.py:642} INFO - Processing file /home/airflow/sandbox/lib/python3.8/site-packages/airflow/example_dags/tutorial_etl_dag.py for tasks to queue
[2022-01-05 20:38:12,082] {logging_mixin.py:109} INFO - [2022-01-05 20:38:12,082] {dagbag.py:500} INFO - Filling up the DagBag from /home/airflow/sandbox/lib/python3.8/site-packages/airflow/example_dags/tutorial_etl_dag.py
[2022-01-05 20:38:12,190] {processor.py:654} INFO - DAG(s) dict_keys(['tutorial_etl_dag']) retrieved from /home/airflow/sandbox/lib/python3.8/site-packages/airflow/example_dags/tutorial_etl_dag.py
[2022-01-05 20:38:12,208] {logging_mixin.py:109} INFO - [2022-01-05 20:38:12,208] {dag.py:2396} INFO - Sync 1 DAGs
[2022-01-05 20:38:12,311] {logging_mixin.py:109} INFO - [2022-01-05 20:38:12,311] {dag.py:2935} INFO - Setting next_dagrun for tutorial_etl_dag to None
[2022-01-05 20:38:12,386] {processor.py:171} INFO - Processing /home/airflow/sandbox/lib/python3.8/site-packages/airflow/example_dags/tutorial_etl_dag.py took 0.298 seconds
[2022-01-05 20:38:43,240] {processor.py:163} INFO - Started process (PID=14024) to work on /home/airflow/sandbox/lib/python3.8/site-packages/airflow/example_dags/tutorial_etl_dag.py
[2022-01-05 20:38:43,244] {processor.py:642} INFO - Processing file /home/airflow/sandbox/lib/python3.8/site-packages/airflow/example_dags/tutorial_etl_dag.py for tasks to queue
[2022-01-05 20:38:43,245] {logging_mixin.py:109} INFO - [2022-01-05 20:38:43,245] {dagbag.py:500} INFO - Filling up the DagBag from /home/airflow/sandbox/lib/python3.8/site-packages/airflow/example_dags/tutorial_etl_dag.py
[2022-01-05 20:38:43,316] {processor.py:654} INFO - DAG(s) dict_keys(['tutorial_etl_dag']) retrieved from /home/airflow/sandbox/lib/python3.8/site-packages/airflow/example_dags/tutorial_etl_dag.py
[2022-01-05 20:38:43,358] {logging_mixin.py:109} INFO - [2022-01-05 20:38:43,358] {dag.py:2396} INFO - Sync 1 DAGs
[2022-01-05 20:38:43,403] {logging_mixin.py:109} INFO - [2022-01-05 20:38:43,403] {dag.py:2935} INFO - Setting next_dagrun for tutorial_etl_dag to None
[2022-01-05 20:38:43,421] {processor.py:171} INFO - Processing /home/airflow/sandbox/lib/python3.8/site-packages/airflow/example_dags/tutorial_etl_dag.py took 0.185 seconds
[2022-01-05 20:39:13,814] {processor.py:163} INFO - Started process (PID=14265) to work on /home/airflow/sandbox/lib/python3.8/site-packages/airflow/example_dags/tutorial_etl_dag.py
[2022-01-05 20:39:13,822] {processor.py:642} INFO - Processing file /home/airflow/sandbox/lib/python3.8/site-packages/airflow/example_dags/tutorial_etl_dag.py for tasks to queue
[2022-01-05 20:39:13,827] {logging_mixin.py:109} INFO - [2022-01-05 20:39:13,827] {dagbag.py:500} INFO - Filling up the DagBag from /home/airflow/sandbox/lib/python3.8/site-packages/airflow/example_dags/tutorial_etl_dag.py
[2022-01-05 20:39:13,948] {processor.py:654} INFO - DAG(s) dict_keys(['tutorial_etl_dag']) retrieved from /home/airflow/sandbox/lib/python3.8/site-packages/airflow/example_dags/tutorial_etl_dag.py
[2022-01-05 20:39:13,987] {logging_mixin.py:109} INFO - [2022-01-05 20:39:13,987] {dag.py:2396} INFO - Sync 1 DAGs
[2022-01-05 20:39:14,035] {logging_mixin.py:109} INFO - [2022-01-05 20:39:14,035] {dag.py:2935} INFO - Setting next_dagrun for tutorial_etl_dag to None
[2022-01-05 20:39:14,070] {processor.py:171} INFO - Processing /home/airflow/sandbox/lib/python3.8/site-packages/airflow/example_dags/tutorial_etl_dag.py took 0.268 seconds
[2022-01-05 20:39:44,382] {processor.py:163} INFO - Started process (PID=14507) to work on /home/airflow/sandbox/lib/python3.8/site-packages/airflow/example_dags/tutorial_etl_dag.py
[2022-01-05 20:39:44,385] {processor.py:642} INFO - Processing file /home/airflow/sandbox/lib/python3.8/site-packages/airflow/example_dags/tutorial_etl_dag.py for tasks to queue
[2022-01-05 20:39:44,392] {logging_mixin.py:109} INFO - [2022-01-05 20:39:44,392] {dagbag.py:500} INFO - Filling up the DagBag from /home/airflow/sandbox/lib/python3.8/site-packages/airflow/example_dags/tutorial_etl_dag.py
[2022-01-05 20:39:44,478] {processor.py:654} INFO - DAG(s) dict_keys(['tutorial_etl_dag']) retrieved from /home/airflow/sandbox/lib/python3.8/site-packages/airflow/example_dags/tutorial_etl_dag.py
[2022-01-05 20:39:44,521] {logging_mixin.py:109} INFO - [2022-01-05 20:39:44,521] {dag.py:2396} INFO - Sync 1 DAGs
[2022-01-05 20:39:44,568] {logging_mixin.py:109} INFO - [2022-01-05 20:39:44,568] {dag.py:2935} INFO - Setting next_dagrun for tutorial_etl_dag to None
[2022-01-05 20:39:44,613] {processor.py:171} INFO - Processing /home/airflow/sandbox/lib/python3.8/site-packages/airflow/example_dags/tutorial_etl_dag.py took 0.247 seconds
[2022-01-05 20:40:15,141] {processor.py:163} INFO - Started process (PID=14750) to work on /home/airflow/sandbox/lib/python3.8/site-packages/airflow/example_dags/tutorial_etl_dag.py
[2022-01-05 20:40:15,144] {processor.py:642} INFO - Processing file /home/airflow/sandbox/lib/python3.8/site-packages/airflow/example_dags/tutorial_etl_dag.py for tasks to queue
[2022-01-05 20:40:15,148] {logging_mixin.py:109} INFO - [2022-01-05 20:40:15,148] {dagbag.py:500} INFO - Filling up the DagBag from /home/airflow/sandbox/lib/python3.8/site-packages/airflow/example_dags/tutorial_etl_dag.py
[2022-01-05 20:40:15,250] {processor.py:654} INFO - DAG(s) dict_keys(['tutorial_etl_dag']) retrieved from /home/airflow/sandbox/lib/python3.8/site-packages/airflow/example_dags/tutorial_etl_dag.py
[2022-01-05 20:40:15,275] {logging_mixin.py:109} INFO - [2022-01-05 20:40:15,274] {dag.py:2396} INFO - Sync 1 DAGs
[2022-01-05 20:40:15,338] {logging_mixin.py:109} INFO - [2022-01-05 20:40:15,337] {dag.py:2935} INFO - Setting next_dagrun for tutorial_etl_dag to None
[2022-01-05 20:40:15,362] {processor.py:171} INFO - Processing /home/airflow/sandbox/lib/python3.8/site-packages/airflow/example_dags/tutorial_etl_dag.py took 0.224 seconds
[2022-01-05 20:40:45,660] {processor.py:163} INFO - Started process (PID=14991) to work on /home/airflow/sandbox/lib/python3.8/site-packages/airflow/example_dags/tutorial_etl_dag.py
[2022-01-05 20:40:45,671] {processor.py:642} INFO - Processing file /home/airflow/sandbox/lib/python3.8/site-packages/airflow/example_dags/tutorial_etl_dag.py for tasks to queue
[2022-01-05 20:40:45,673] {logging_mixin.py:109} INFO - [2022-01-05 20:40:45,673] {dagbag.py:500} INFO - Filling up the DagBag from /home/airflow/sandbox/lib/python3.8/site-packages/airflow/example_dags/tutorial_etl_dag.py
[2022-01-05 20:40:45,756] {processor.py:654} INFO - DAG(s) dict_keys(['tutorial_etl_dag']) retrieved from /home/airflow/sandbox/lib/python3.8/site-packages/airflow/example_dags/tutorial_etl_dag.py
[2022-01-05 20:40:45,833] {logging_mixin.py:109} INFO - [2022-01-05 20:40:45,833] {dag.py:2396} INFO - Sync 1 DAGs
[2022-01-05 20:40:45,880] {logging_mixin.py:109} INFO - [2022-01-05 20:40:45,880] {dag.py:2935} INFO - Setting next_dagrun for tutorial_etl_dag to None
[2022-01-05 20:40:45,921] {processor.py:171} INFO - Processing /home/airflow/sandbox/lib/python3.8/site-packages/airflow/example_dags/tutorial_etl_dag.py took 0.265 seconds
[2022-01-05 20:41:16,308] {processor.py:163} INFO - Started process (PID=15238) to work on /home/airflow/sandbox/lib/python3.8/site-packages/airflow/example_dags/tutorial_etl_dag.py
[2022-01-05 20:41:16,315] {processor.py:642} INFO - Processing file /home/airflow/sandbox/lib/python3.8/site-packages/airflow/example_dags/tutorial_etl_dag.py for tasks to queue
[2022-01-05 20:41:16,316] {logging_mixin.py:109} INFO - [2022-01-05 20:41:16,316] {dagbag.py:500} INFO - Filling up the DagBag from /home/airflow/sandbox/lib/python3.8/site-packages/airflow/example_dags/tutorial_etl_dag.py
[2022-01-05 20:41:16,447] {processor.py:654} INFO - DAG(s) dict_keys(['tutorial_etl_dag']) retrieved from /home/airflow/sandbox/lib/python3.8/site-packages/airflow/example_dags/tutorial_etl_dag.py
[2022-01-05 20:41:16,493] {logging_mixin.py:109} INFO - [2022-01-05 20:41:16,492] {dag.py:2396} INFO - Sync 1 DAGs
[2022-01-05 20:41:16,545] {logging_mixin.py:109} INFO - [2022-01-05 20:41:16,545] {dag.py:2935} INFO - Setting next_dagrun for tutorial_etl_dag to None
[2022-01-05 20:41:16,554] {processor.py:171} INFO - Processing /home/airflow/sandbox/lib/python3.8/site-packages/airflow/example_dags/tutorial_etl_dag.py took 0.285 seconds
[2022-01-05 20:41:46,952] {processor.py:163} INFO - Started process (PID=15479) to work on /home/airflow/sandbox/lib/python3.8/site-packages/airflow/example_dags/tutorial_etl_dag.py
[2022-01-05 20:41:46,957] {processor.py:642} INFO - Processing file /home/airflow/sandbox/lib/python3.8/site-packages/airflow/example_dags/tutorial_etl_dag.py for tasks to queue
[2022-01-05 20:41:46,960] {logging_mixin.py:109} INFO - [2022-01-05 20:41:46,960] {dagbag.py:500} INFO - Filling up the DagBag from /home/airflow/sandbox/lib/python3.8/site-packages/airflow/example_dags/tutorial_etl_dag.py
[2022-01-05 20:41:47,159] {processor.py:654} INFO - DAG(s) dict_keys(['tutorial_etl_dag']) retrieved from /home/airflow/sandbox/lib/python3.8/site-packages/airflow/example_dags/tutorial_etl_dag.py
[2022-01-05 20:41:47,209] {logging_mixin.py:109} INFO - [2022-01-05 20:41:47,208] {dag.py:2396} INFO - Sync 1 DAGs
[2022-01-05 20:41:47,301] {logging_mixin.py:109} INFO - [2022-01-05 20:41:47,301] {dag.py:2935} INFO - Setting next_dagrun for tutorial_etl_dag to None
[2022-01-05 20:41:47,311] {processor.py:171} INFO - Processing /home/airflow/sandbox/lib/python3.8/site-packages/airflow/example_dags/tutorial_etl_dag.py took 0.390 seconds
[2022-01-05 20:42:17,616] {processor.py:163} INFO - Started process (PID=15720) to work on /home/airflow/sandbox/lib/python3.8/site-packages/airflow/example_dags/tutorial_etl_dag.py
[2022-01-05 20:42:17,618] {processor.py:642} INFO - Processing file /home/airflow/sandbox/lib/python3.8/site-packages/airflow/example_dags/tutorial_etl_dag.py for tasks to queue
[2022-01-05 20:42:17,620] {logging_mixin.py:109} INFO - [2022-01-05 20:42:17,620] {dagbag.py:500} INFO - Filling up the DagBag from /home/airflow/sandbox/lib/python3.8/site-packages/airflow/example_dags/tutorial_etl_dag.py
[2022-01-05 20:42:17,773] {processor.py:654} INFO - DAG(s) dict_keys(['tutorial_etl_dag']) retrieved from /home/airflow/sandbox/lib/python3.8/site-packages/airflow/example_dags/tutorial_etl_dag.py
[2022-01-05 20:42:17,832] {logging_mixin.py:109} INFO - [2022-01-05 20:42:17,831] {dag.py:2396} INFO - Sync 1 DAGs
[2022-01-05 20:42:17,972] {logging_mixin.py:109} INFO - [2022-01-05 20:42:17,972] {dag.py:2935} INFO - Setting next_dagrun for tutorial_etl_dag to None
[2022-01-05 20:42:18,021] {processor.py:171} INFO - Processing /home/airflow/sandbox/lib/python3.8/site-packages/airflow/example_dags/tutorial_etl_dag.py took 0.411 seconds
[2022-01-05 20:42:48,833] {processor.py:163} INFO - Started process (PID=15968) to work on /home/airflow/sandbox/lib/python3.8/site-packages/airflow/example_dags/tutorial_etl_dag.py
[2022-01-05 20:42:48,857] {processor.py:642} INFO - Processing file /home/airflow/sandbox/lib/python3.8/site-packages/airflow/example_dags/tutorial_etl_dag.py for tasks to queue
[2022-01-05 20:42:48,859] {logging_mixin.py:109} INFO - [2022-01-05 20:42:48,859] {dagbag.py:500} INFO - Filling up the DagBag from /home/airflow/sandbox/lib/python3.8/site-packages/airflow/example_dags/tutorial_etl_dag.py
[2022-01-05 20:42:48,979] {processor.py:654} INFO - DAG(s) dict_keys(['tutorial_etl_dag']) retrieved from /home/airflow/sandbox/lib/python3.8/site-packages/airflow/example_dags/tutorial_etl_dag.py
[2022-01-05 20:42:49,018] {logging_mixin.py:109} INFO - [2022-01-05 20:42:49,018] {dag.py:2396} INFO - Sync 1 DAGs
[2022-01-05 20:42:49,077] {logging_mixin.py:109} INFO - [2022-01-05 20:42:49,077] {dag.py:2935} INFO - Setting next_dagrun for tutorial_etl_dag to None
[2022-01-05 20:42:49,110] {processor.py:171} INFO - Processing /home/airflow/sandbox/lib/python3.8/site-packages/airflow/example_dags/tutorial_etl_dag.py took 0.280 seconds
[2022-01-05 20:43:19,468] {processor.py:163} INFO - Started process (PID=16277) to work on /home/airflow/sandbox/lib/python3.8/site-packages/airflow/example_dags/tutorial_etl_dag.py
[2022-01-05 20:43:19,481] {processor.py:642} INFO - Processing file /home/airflow/sandbox/lib/python3.8/site-packages/airflow/example_dags/tutorial_etl_dag.py for tasks to queue
[2022-01-05 20:43:19,481] {logging_mixin.py:109} INFO - [2022-01-05 20:43:19,481] {dagbag.py:500} INFO - Filling up the DagBag from /home/airflow/sandbox/lib/python3.8/site-packages/airflow/example_dags/tutorial_etl_dag.py
[2022-01-05 20:43:19,689] {processor.py:654} INFO - DAG(s) dict_keys(['tutorial_etl_dag']) retrieved from /home/airflow/sandbox/lib/python3.8/site-packages/airflow/example_dags/tutorial_etl_dag.py
[2022-01-05 20:43:19,716] {logging_mixin.py:109} INFO - [2022-01-05 20:43:19,716] {dag.py:2396} INFO - Sync 1 DAGs
[2022-01-05 20:43:19,763] {logging_mixin.py:109} INFO - [2022-01-05 20:43:19,763] {dag.py:2935} INFO - Setting next_dagrun for tutorial_etl_dag to None
[2022-01-05 20:43:19,781] {processor.py:171} INFO - Processing /home/airflow/sandbox/lib/python3.8/site-packages/airflow/example_dags/tutorial_etl_dag.py took 0.325 seconds
[2022-01-05 20:43:50,398] {processor.py:163} INFO - Started process (PID=16518) to work on /home/airflow/sandbox/lib/python3.8/site-packages/airflow/example_dags/tutorial_etl_dag.py
[2022-01-05 20:43:50,400] {processor.py:642} INFO - Processing file /home/airflow/sandbox/lib/python3.8/site-packages/airflow/example_dags/tutorial_etl_dag.py for tasks to queue
[2022-01-05 20:43:50,405] {logging_mixin.py:109} INFO - [2022-01-05 20:43:50,405] {dagbag.py:500} INFO - Filling up the DagBag from /home/airflow/sandbox/lib/python3.8/site-packages/airflow/example_dags/tutorial_etl_dag.py
[2022-01-05 20:43:50,522] {processor.py:654} INFO - DAG(s) dict_keys(['tutorial_etl_dag']) retrieved from /home/airflow/sandbox/lib/python3.8/site-packages/airflow/example_dags/tutorial_etl_dag.py
[2022-01-05 20:43:50,558] {logging_mixin.py:109} INFO - [2022-01-05 20:43:50,558] {dag.py:2396} INFO - Sync 1 DAGs
[2022-01-05 20:43:50,602] {logging_mixin.py:109} INFO - [2022-01-05 20:43:50,602] {dag.py:2935} INFO - Setting next_dagrun for tutorial_etl_dag to None
[2022-01-05 20:43:50,620] {processor.py:171} INFO - Processing /home/airflow/sandbox/lib/python3.8/site-packages/airflow/example_dags/tutorial_etl_dag.py took 0.238 seconds
[2022-01-05 20:44:20,946] {processor.py:163} INFO - Started process (PID=16765) to work on /home/airflow/sandbox/lib/python3.8/site-packages/airflow/example_dags/tutorial_etl_dag.py
[2022-01-05 20:44:20,953] {processor.py:642} INFO - Processing file /home/airflow/sandbox/lib/python3.8/site-packages/airflow/example_dags/tutorial_etl_dag.py for tasks to queue
[2022-01-05 20:44:20,954] {logging_mixin.py:109} INFO - [2022-01-05 20:44:20,954] {dagbag.py:500} INFO - Filling up the DagBag from /home/airflow/sandbox/lib/python3.8/site-packages/airflow/example_dags/tutorial_etl_dag.py
[2022-01-05 20:44:21,027] {processor.py:654} INFO - DAG(s) dict_keys(['tutorial_etl_dag']) retrieved from /home/airflow/sandbox/lib/python3.8/site-packages/airflow/example_dags/tutorial_etl_dag.py
[2022-01-05 20:44:21,047] {logging_mixin.py:109} INFO - [2022-01-05 20:44:21,047] {dag.py:2396} INFO - Sync 1 DAGs
[2022-01-05 20:44:21,108] {logging_mixin.py:109} INFO - [2022-01-05 20:44:21,107] {dag.py:2935} INFO - Setting next_dagrun for tutorial_etl_dag to None
[2022-01-05 20:44:21,136] {processor.py:171} INFO - Processing /home/airflow/sandbox/lib/python3.8/site-packages/airflow/example_dags/tutorial_etl_dag.py took 0.195 seconds
[2022-01-05 20:44:51,428] {processor.py:163} INFO - Started process (PID=17006) to work on /home/airflow/sandbox/lib/python3.8/site-packages/airflow/example_dags/tutorial_etl_dag.py
[2022-01-05 20:44:51,436] {processor.py:642} INFO - Processing file /home/airflow/sandbox/lib/python3.8/site-packages/airflow/example_dags/tutorial_etl_dag.py for tasks to queue
[2022-01-05 20:44:51,438] {logging_mixin.py:109} INFO - [2022-01-05 20:44:51,438] {dagbag.py:500} INFO - Filling up the DagBag from /home/airflow/sandbox/lib/python3.8/site-packages/airflow/example_dags/tutorial_etl_dag.py
[2022-01-05 20:44:51,562] {processor.py:654} INFO - DAG(s) dict_keys(['tutorial_etl_dag']) retrieved from /home/airflow/sandbox/lib/python3.8/site-packages/airflow/example_dags/tutorial_etl_dag.py
[2022-01-05 20:44:51,583] {logging_mixin.py:109} INFO - [2022-01-05 20:44:51,583] {dag.py:2396} INFO - Sync 1 DAGs
[2022-01-05 20:44:51,614] {logging_mixin.py:109} INFO - [2022-01-05 20:44:51,614] {dag.py:2935} INFO - Setting next_dagrun for tutorial_etl_dag to None
[2022-01-05 20:44:51,647] {processor.py:171} INFO - Processing /home/airflow/sandbox/lib/python3.8/site-packages/airflow/example_dags/tutorial_etl_dag.py took 0.225 seconds
[2022-01-05 20:45:22,282] {processor.py:163} INFO - Started process (PID=17250) to work on /home/airflow/sandbox/lib/python3.8/site-packages/airflow/example_dags/tutorial_etl_dag.py
[2022-01-05 20:45:22,289] {processor.py:642} INFO - Processing file /home/airflow/sandbox/lib/python3.8/site-packages/airflow/example_dags/tutorial_etl_dag.py for tasks to queue
[2022-01-05 20:45:22,292] {logging_mixin.py:109} INFO - [2022-01-05 20:45:22,292] {dagbag.py:500} INFO - Filling up the DagBag from /home/airflow/sandbox/lib/python3.8/site-packages/airflow/example_dags/tutorial_etl_dag.py
[2022-01-05 20:45:22,423] {processor.py:654} INFO - DAG(s) dict_keys(['tutorial_etl_dag']) retrieved from /home/airflow/sandbox/lib/python3.8/site-packages/airflow/example_dags/tutorial_etl_dag.py
[2022-01-05 20:45:22,462] {logging_mixin.py:109} INFO - [2022-01-05 20:45:22,462] {dag.py:2396} INFO - Sync 1 DAGs
[2022-01-05 20:45:22,525] {logging_mixin.py:109} INFO - [2022-01-05 20:45:22,525] {dag.py:2935} INFO - Setting next_dagrun for tutorial_etl_dag to None
[2022-01-05 20:45:22,557] {processor.py:171} INFO - Processing /home/airflow/sandbox/lib/python3.8/site-packages/airflow/example_dags/tutorial_etl_dag.py took 0.285 seconds
[2022-01-05 20:45:53,564] {processor.py:163} INFO - Started process (PID=17498) to work on /home/airflow/sandbox/lib/python3.8/site-packages/airflow/example_dags/tutorial_etl_dag.py
[2022-01-05 20:45:53,572] {processor.py:642} INFO - Processing file /home/airflow/sandbox/lib/python3.8/site-packages/airflow/example_dags/tutorial_etl_dag.py for tasks to queue
[2022-01-05 20:45:53,574] {logging_mixin.py:109} INFO - [2022-01-05 20:45:53,574] {dagbag.py:500} INFO - Filling up the DagBag from /home/airflow/sandbox/lib/python3.8/site-packages/airflow/example_dags/tutorial_etl_dag.py
[2022-01-05 20:45:53,664] {processor.py:654} INFO - DAG(s) dict_keys(['tutorial_etl_dag']) retrieved from /home/airflow/sandbox/lib/python3.8/site-packages/airflow/example_dags/tutorial_etl_dag.py
[2022-01-05 20:45:53,687] {logging_mixin.py:109} INFO - [2022-01-05 20:45:53,686] {dag.py:2396} INFO - Sync 1 DAGs
[2022-01-05 20:45:53,743] {logging_mixin.py:109} INFO - [2022-01-05 20:45:53,743] {dag.py:2935} INFO - Setting next_dagrun for tutorial_etl_dag to None
[2022-01-05 20:45:53,785] {processor.py:171} INFO - Processing /home/airflow/sandbox/lib/python3.8/site-packages/airflow/example_dags/tutorial_etl_dag.py took 0.231 seconds
[2022-01-05 20:46:24,646] {processor.py:163} INFO - Started process (PID=17739) to work on /home/airflow/sandbox/lib/python3.8/site-packages/airflow/example_dags/tutorial_etl_dag.py
[2022-01-05 20:46:24,655] {processor.py:642} INFO - Processing file /home/airflow/sandbox/lib/python3.8/site-packages/airflow/example_dags/tutorial_etl_dag.py for tasks to queue
[2022-01-05 20:46:24,656] {logging_mixin.py:109} INFO - [2022-01-05 20:46:24,656] {dagbag.py:500} INFO - Filling up the DagBag from /home/airflow/sandbox/lib/python3.8/site-packages/airflow/example_dags/tutorial_etl_dag.py
[2022-01-05 20:46:24,778] {processor.py:654} INFO - DAG(s) dict_keys(['tutorial_etl_dag']) retrieved from /home/airflow/sandbox/lib/python3.8/site-packages/airflow/example_dags/tutorial_etl_dag.py
[2022-01-05 20:46:24,841] {logging_mixin.py:109} INFO - [2022-01-05 20:46:24,841] {dag.py:2396} INFO - Sync 1 DAGs
[2022-01-05 20:46:24,947] {logging_mixin.py:109} INFO - [2022-01-05 20:46:24,947] {dag.py:2935} INFO - Setting next_dagrun for tutorial_etl_dag to None
[2022-01-05 20:46:24,970] {processor.py:171} INFO - Processing /home/airflow/sandbox/lib/python3.8/site-packages/airflow/example_dags/tutorial_etl_dag.py took 0.335 seconds
[2022-01-05 20:46:55,619] {processor.py:163} INFO - Started process (PID=17986) to work on /home/airflow/sandbox/lib/python3.8/site-packages/airflow/example_dags/tutorial_etl_dag.py
[2022-01-05 20:46:55,628] {processor.py:642} INFO - Processing file /home/airflow/sandbox/lib/python3.8/site-packages/airflow/example_dags/tutorial_etl_dag.py for tasks to queue
[2022-01-05 20:46:55,635] {logging_mixin.py:109} INFO - [2022-01-05 20:46:55,635] {dagbag.py:500} INFO - Filling up the DagBag from /home/airflow/sandbox/lib/python3.8/site-packages/airflow/example_dags/tutorial_etl_dag.py
[2022-01-05 20:46:55,749] {processor.py:654} INFO - DAG(s) dict_keys(['tutorial_etl_dag']) retrieved from /home/airflow/sandbox/lib/python3.8/site-packages/airflow/example_dags/tutorial_etl_dag.py
[2022-01-05 20:46:55,778] {logging_mixin.py:109} INFO - [2022-01-05 20:46:55,778] {dag.py:2396} INFO - Sync 1 DAGs
[2022-01-05 20:46:55,811] {logging_mixin.py:109} INFO - [2022-01-05 20:46:55,811] {dag.py:2935} INFO - Setting next_dagrun for tutorial_etl_dag to None
[2022-01-05 20:46:55,847] {processor.py:171} INFO - Processing /home/airflow/sandbox/lib/python3.8/site-packages/airflow/example_dags/tutorial_etl_dag.py took 0.238 seconds
[2022-01-05 20:47:26,163] {processor.py:163} INFO - Started process (PID=18233) to work on /home/airflow/sandbox/lib/python3.8/site-packages/airflow/example_dags/tutorial_etl_dag.py
[2022-01-05 20:47:26,168] {processor.py:642} INFO - Processing file /home/airflow/sandbox/lib/python3.8/site-packages/airflow/example_dags/tutorial_etl_dag.py for tasks to queue
[2022-01-05 20:47:26,169] {logging_mixin.py:109} INFO - [2022-01-05 20:47:26,169] {dagbag.py:500} INFO - Filling up the DagBag from /home/airflow/sandbox/lib/python3.8/site-packages/airflow/example_dags/tutorial_etl_dag.py
[2022-01-05 20:47:26,304] {processor.py:654} INFO - DAG(s) dict_keys(['tutorial_etl_dag']) retrieved from /home/airflow/sandbox/lib/python3.8/site-packages/airflow/example_dags/tutorial_etl_dag.py
[2022-01-05 20:47:26,344] {logging_mixin.py:109} INFO - [2022-01-05 20:47:26,344] {dag.py:2396} INFO - Sync 1 DAGs
[2022-01-05 20:47:26,401] {logging_mixin.py:109} INFO - [2022-01-05 20:47:26,401] {dag.py:2935} INFO - Setting next_dagrun for tutorial_etl_dag to None
[2022-01-05 20:47:26,441] {processor.py:171} INFO - Processing /home/airflow/sandbox/lib/python3.8/site-packages/airflow/example_dags/tutorial_etl_dag.py took 0.280 seconds
[2022-01-05 20:47:56,482] {processor.py:163} INFO - Started process (PID=18480) to work on /home/airflow/sandbox/lib/python3.8/site-packages/airflow/example_dags/tutorial_etl_dag.py
[2022-01-05 20:47:56,483] {processor.py:642} INFO - Processing file /home/airflow/sandbox/lib/python3.8/site-packages/airflow/example_dags/tutorial_etl_dag.py for tasks to queue
[2022-01-05 20:47:56,484] {logging_mixin.py:109} INFO - [2022-01-05 20:47:56,484] {dagbag.py:500} INFO - Filling up the DagBag from /home/airflow/sandbox/lib/python3.8/site-packages/airflow/example_dags/tutorial_etl_dag.py
[2022-01-05 20:47:56,515] {processor.py:654} INFO - DAG(s) dict_keys(['tutorial_etl_dag']) retrieved from /home/airflow/sandbox/lib/python3.8/site-packages/airflow/example_dags/tutorial_etl_dag.py
[2022-01-05 20:47:56,525] {logging_mixin.py:109} INFO - [2022-01-05 20:47:56,525] {dag.py:2396} INFO - Sync 1 DAGs
[2022-01-05 20:47:56,540] {logging_mixin.py:109} INFO - [2022-01-05 20:47:56,540] {dag.py:2935} INFO - Setting next_dagrun for tutorial_etl_dag to None
[2022-01-05 20:47:56,550] {processor.py:171} INFO - Processing /home/airflow/sandbox/lib/python3.8/site-packages/airflow/example_dags/tutorial_etl_dag.py took 0.070 seconds
[2022-01-05 20:48:26,733] {processor.py:163} INFO - Started process (PID=18787) to work on /home/airflow/sandbox/lib/python3.8/site-packages/airflow/example_dags/tutorial_etl_dag.py
[2022-01-05 20:48:26,765] {processor.py:642} INFO - Processing file /home/airflow/sandbox/lib/python3.8/site-packages/airflow/example_dags/tutorial_etl_dag.py for tasks to queue
[2022-01-05 20:48:26,767] {logging_mixin.py:109} INFO - [2022-01-05 20:48:26,767] {dagbag.py:500} INFO - Filling up the DagBag from /home/airflow/sandbox/lib/python3.8/site-packages/airflow/example_dags/tutorial_etl_dag.py
[2022-01-05 20:48:26,914] {processor.py:654} INFO - DAG(s) dict_keys(['tutorial_etl_dag']) retrieved from /home/airflow/sandbox/lib/python3.8/site-packages/airflow/example_dags/tutorial_etl_dag.py
[2022-01-05 20:48:26,935] {logging_mixin.py:109} INFO - [2022-01-05 20:48:26,935] {dag.py:2396} INFO - Sync 1 DAGs
[2022-01-05 20:48:27,014] {logging_mixin.py:109} INFO - [2022-01-05 20:48:27,014] {dag.py:2935} INFO - Setting next_dagrun for tutorial_etl_dag to None
[2022-01-05 20:48:27,031] {processor.py:171} INFO - Processing /home/airflow/sandbox/lib/python3.8/site-packages/airflow/example_dags/tutorial_etl_dag.py took 0.306 seconds
[2022-01-05 20:48:57,947] {processor.py:163} INFO - Started process (PID=19036) to work on /home/airflow/sandbox/lib/python3.8/site-packages/airflow/example_dags/tutorial_etl_dag.py
[2022-01-05 20:48:57,949] {processor.py:642} INFO - Processing file /home/airflow/sandbox/lib/python3.8/site-packages/airflow/example_dags/tutorial_etl_dag.py for tasks to queue
[2022-01-05 20:48:57,949] {logging_mixin.py:109} INFO - [2022-01-05 20:48:57,949] {dagbag.py:500} INFO - Filling up the DagBag from /home/airflow/sandbox/lib/python3.8/site-packages/airflow/example_dags/tutorial_etl_dag.py
[2022-01-05 20:48:58,013] {processor.py:654} INFO - DAG(s) dict_keys(['tutorial_etl_dag']) retrieved from /home/airflow/sandbox/lib/python3.8/site-packages/airflow/example_dags/tutorial_etl_dag.py
[2022-01-05 20:48:58,048] {logging_mixin.py:109} INFO - [2022-01-05 20:48:58,048] {dag.py:2396} INFO - Sync 1 DAGs
[2022-01-05 20:48:58,070] {logging_mixin.py:109} INFO - [2022-01-05 20:48:58,070] {dag.py:2935} INFO - Setting next_dagrun for tutorial_etl_dag to None
[2022-01-05 20:48:58,110] {processor.py:171} INFO - Processing /home/airflow/sandbox/lib/python3.8/site-packages/airflow/example_dags/tutorial_etl_dag.py took 0.188 seconds
[2022-01-05 20:49:28,280] {processor.py:163} INFO - Started process (PID=19277) to work on /home/airflow/sandbox/lib/python3.8/site-packages/airflow/example_dags/tutorial_etl_dag.py
[2022-01-05 20:49:28,281] {processor.py:642} INFO - Processing file /home/airflow/sandbox/lib/python3.8/site-packages/airflow/example_dags/tutorial_etl_dag.py for tasks to queue
[2022-01-05 20:49:28,282] {logging_mixin.py:109} INFO - [2022-01-05 20:49:28,282] {dagbag.py:500} INFO - Filling up the DagBag from /home/airflow/sandbox/lib/python3.8/site-packages/airflow/example_dags/tutorial_etl_dag.py
[2022-01-05 20:49:28,349] {processor.py:654} INFO - DAG(s) dict_keys(['tutorial_etl_dag']) retrieved from /home/airflow/sandbox/lib/python3.8/site-packages/airflow/example_dags/tutorial_etl_dag.py
[2022-01-05 20:49:28,386] {logging_mixin.py:109} INFO - [2022-01-05 20:49:28,385] {dag.py:2396} INFO - Sync 1 DAGs
[2022-01-05 20:49:28,405] {logging_mixin.py:109} INFO - [2022-01-05 20:49:28,405] {dag.py:2935} INFO - Setting next_dagrun for tutorial_etl_dag to None
[2022-01-05 20:49:28,437] {processor.py:171} INFO - Processing /home/airflow/sandbox/lib/python3.8/site-packages/airflow/example_dags/tutorial_etl_dag.py took 0.180 seconds
[2022-01-05 20:49:58,966] {processor.py:163} INFO - Started process (PID=19513) to work on /home/airflow/sandbox/lib/python3.8/site-packages/airflow/example_dags/tutorial_etl_dag.py
[2022-01-05 20:49:58,968] {processor.py:642} INFO - Processing file /home/airflow/sandbox/lib/python3.8/site-packages/airflow/example_dags/tutorial_etl_dag.py for tasks to queue
[2022-01-05 20:49:58,969] {logging_mixin.py:109} INFO - [2022-01-05 20:49:58,969] {dagbag.py:500} INFO - Filling up the DagBag from /home/airflow/sandbox/lib/python3.8/site-packages/airflow/example_dags/tutorial_etl_dag.py
[2022-01-05 20:49:59,199] {processor.py:654} INFO - DAG(s) dict_keys(['tutorial_etl_dag']) retrieved from /home/airflow/sandbox/lib/python3.8/site-packages/airflow/example_dags/tutorial_etl_dag.py
[2022-01-05 20:49:59,249] {logging_mixin.py:109} INFO - [2022-01-05 20:49:59,249] {dag.py:2396} INFO - Sync 1 DAGs
[2022-01-05 20:49:59,300] {logging_mixin.py:109} INFO - [2022-01-05 20:49:59,300] {dag.py:2935} INFO - Setting next_dagrun for tutorial_etl_dag to None
[2022-01-05 20:49:59,347] {processor.py:171} INFO - Processing /home/airflow/sandbox/lib/python3.8/site-packages/airflow/example_dags/tutorial_etl_dag.py took 0.417 seconds
[2022-01-05 20:50:29,808] {processor.py:163} INFO - Started process (PID=19761) to work on /home/airflow/sandbox/lib/python3.8/site-packages/airflow/example_dags/tutorial_etl_dag.py
[2022-01-05 20:50:29,810] {processor.py:642} INFO - Processing file /home/airflow/sandbox/lib/python3.8/site-packages/airflow/example_dags/tutorial_etl_dag.py for tasks to queue
[2022-01-05 20:50:29,812] {logging_mixin.py:109} INFO - [2022-01-05 20:50:29,812] {dagbag.py:500} INFO - Filling up the DagBag from /home/airflow/sandbox/lib/python3.8/site-packages/airflow/example_dags/tutorial_etl_dag.py
[2022-01-05 20:50:30,021] {processor.py:654} INFO - DAG(s) dict_keys(['tutorial_etl_dag']) retrieved from /home/airflow/sandbox/lib/python3.8/site-packages/airflow/example_dags/tutorial_etl_dag.py
[2022-01-05 20:50:30,040] {logging_mixin.py:109} INFO - [2022-01-05 20:50:30,039] {dag.py:2396} INFO - Sync 1 DAGs
[2022-01-05 20:50:30,119] {logging_mixin.py:109} INFO - [2022-01-05 20:50:30,118] {dag.py:2935} INFO - Setting next_dagrun for tutorial_etl_dag to None
[2022-01-05 20:50:30,187] {processor.py:171} INFO - Processing /home/airflow/sandbox/lib/python3.8/site-packages/airflow/example_dags/tutorial_etl_dag.py took 0.400 seconds
[2022-01-05 20:51:01,011] {processor.py:163} INFO - Started process (PID=20008) to work on /home/airflow/sandbox/lib/python3.8/site-packages/airflow/example_dags/tutorial_etl_dag.py
[2022-01-05 20:51:01,014] {processor.py:642} INFO - Processing file /home/airflow/sandbox/lib/python3.8/site-packages/airflow/example_dags/tutorial_etl_dag.py for tasks to queue
[2022-01-05 20:51:01,019] {logging_mixin.py:109} INFO - [2022-01-05 20:51:01,018] {dagbag.py:500} INFO - Filling up the DagBag from /home/airflow/sandbox/lib/python3.8/site-packages/airflow/example_dags/tutorial_etl_dag.py
[2022-01-05 20:51:01,151] {processor.py:654} INFO - DAG(s) dict_keys(['tutorial_etl_dag']) retrieved from /home/airflow/sandbox/lib/python3.8/site-packages/airflow/example_dags/tutorial_etl_dag.py
[2022-01-05 20:51:01,172] {logging_mixin.py:109} INFO - [2022-01-05 20:51:01,172] {dag.py:2396} INFO - Sync 1 DAGs
[2022-01-05 20:51:01,212] {logging_mixin.py:109} INFO - [2022-01-05 20:51:01,212] {dag.py:2935} INFO - Setting next_dagrun for tutorial_etl_dag to None
[2022-01-05 20:51:01,251] {processor.py:171} INFO - Processing /home/airflow/sandbox/lib/python3.8/site-packages/airflow/example_dags/tutorial_etl_dag.py took 0.267 seconds
[2022-01-05 20:51:31,808] {processor.py:163} INFO - Started process (PID=20255) to work on /home/airflow/sandbox/lib/python3.8/site-packages/airflow/example_dags/tutorial_etl_dag.py
[2022-01-05 20:51:31,811] {processor.py:642} INFO - Processing file /home/airflow/sandbox/lib/python3.8/site-packages/airflow/example_dags/tutorial_etl_dag.py for tasks to queue
[2022-01-05 20:51:31,819] {logging_mixin.py:109} INFO - [2022-01-05 20:51:31,819] {dagbag.py:500} INFO - Filling up the DagBag from /home/airflow/sandbox/lib/python3.8/site-packages/airflow/example_dags/tutorial_etl_dag.py
[2022-01-05 20:51:31,911] {processor.py:654} INFO - DAG(s) dict_keys(['tutorial_etl_dag']) retrieved from /home/airflow/sandbox/lib/python3.8/site-packages/airflow/example_dags/tutorial_etl_dag.py
[2022-01-05 20:51:31,972] {logging_mixin.py:109} INFO - [2022-01-05 20:51:31,972] {dag.py:2396} INFO - Sync 1 DAGs
[2022-01-05 20:51:32,010] {logging_mixin.py:109} INFO - [2022-01-05 20:51:32,010] {dag.py:2935} INFO - Setting next_dagrun for tutorial_etl_dag to None
[2022-01-05 20:51:32,070] {processor.py:171} INFO - Processing /home/airflow/sandbox/lib/python3.8/site-packages/airflow/example_dags/tutorial_etl_dag.py took 0.267 seconds
[2022-01-05 20:52:02,407] {processor.py:163} INFO - Started process (PID=20497) to work on /home/airflow/sandbox/lib/python3.8/site-packages/airflow/example_dags/tutorial_etl_dag.py
[2022-01-05 20:52:02,411] {processor.py:642} INFO - Processing file /home/airflow/sandbox/lib/python3.8/site-packages/airflow/example_dags/tutorial_etl_dag.py for tasks to queue
[2022-01-05 20:52:02,414] {logging_mixin.py:109} INFO - [2022-01-05 20:52:02,414] {dagbag.py:500} INFO - Filling up the DagBag from /home/airflow/sandbox/lib/python3.8/site-packages/airflow/example_dags/tutorial_etl_dag.py
[2022-01-05 20:52:02,595] {processor.py:654} INFO - DAG(s) dict_keys(['tutorial_etl_dag']) retrieved from /home/airflow/sandbox/lib/python3.8/site-packages/airflow/example_dags/tutorial_etl_dag.py
[2022-01-05 20:52:02,619] {logging_mixin.py:109} INFO - [2022-01-05 20:52:02,619] {dag.py:2396} INFO - Sync 1 DAGs
[2022-01-05 20:52:02,662] {logging_mixin.py:109} INFO - [2022-01-05 20:52:02,662] {dag.py:2935} INFO - Setting next_dagrun for tutorial_etl_dag to None
[2022-01-05 20:52:02,713] {processor.py:171} INFO - Processing /home/airflow/sandbox/lib/python3.8/site-packages/airflow/example_dags/tutorial_etl_dag.py took 0.324 seconds
[2022-01-05 20:52:32,996] {processor.py:163} INFO - Started process (PID=20744) to work on /home/airflow/sandbox/lib/python3.8/site-packages/airflow/example_dags/tutorial_etl_dag.py
[2022-01-05 20:52:32,997] {processor.py:642} INFO - Processing file /home/airflow/sandbox/lib/python3.8/site-packages/airflow/example_dags/tutorial_etl_dag.py for tasks to queue
[2022-01-05 20:52:32,997] {logging_mixin.py:109} INFO - [2022-01-05 20:52:32,997] {dagbag.py:500} INFO - Filling up the DagBag from /home/airflow/sandbox/lib/python3.8/site-packages/airflow/example_dags/tutorial_etl_dag.py
[2022-01-05 20:52:33,169] {processor.py:654} INFO - DAG(s) dict_keys(['tutorial_etl_dag']) retrieved from /home/airflow/sandbox/lib/python3.8/site-packages/airflow/example_dags/tutorial_etl_dag.py
[2022-01-05 20:52:33,221] {logging_mixin.py:109} INFO - [2022-01-05 20:52:33,221] {dag.py:2396} INFO - Sync 1 DAGs
[2022-01-05 20:52:33,340] {logging_mixin.py:109} INFO - [2022-01-05 20:52:33,340] {dag.py:2935} INFO - Setting next_dagrun for tutorial_etl_dag to None
[2022-01-05 20:52:33,351] {processor.py:171} INFO - Processing /home/airflow/sandbox/lib/python3.8/site-packages/airflow/example_dags/tutorial_etl_dag.py took 0.360 seconds
[2022-01-05 20:53:04,161] {processor.py:163} INFO - Started process (PID=20991) to work on /home/airflow/sandbox/lib/python3.8/site-packages/airflow/example_dags/tutorial_etl_dag.py
[2022-01-05 20:53:04,167] {processor.py:642} INFO - Processing file /home/airflow/sandbox/lib/python3.8/site-packages/airflow/example_dags/tutorial_etl_dag.py for tasks to queue
[2022-01-05 20:53:04,182] {logging_mixin.py:109} INFO - [2022-01-05 20:53:04,181] {dagbag.py:500} INFO - Filling up the DagBag from /home/airflow/sandbox/lib/python3.8/site-packages/airflow/example_dags/tutorial_etl_dag.py
[2022-01-05 20:53:04,348] {processor.py:654} INFO - DAG(s) dict_keys(['tutorial_etl_dag']) retrieved from /home/airflow/sandbox/lib/python3.8/site-packages/airflow/example_dags/tutorial_etl_dag.py
[2022-01-05 20:53:04,388] {logging_mixin.py:109} INFO - [2022-01-05 20:53:04,388] {dag.py:2396} INFO - Sync 1 DAGs
[2022-01-05 20:53:04,437] {logging_mixin.py:109} INFO - [2022-01-05 20:53:04,436] {dag.py:2935} INFO - Setting next_dagrun for tutorial_etl_dag to None
[2022-01-05 20:53:04,446] {processor.py:171} INFO - Processing /home/airflow/sandbox/lib/python3.8/site-packages/airflow/example_dags/tutorial_etl_dag.py took 0.297 seconds
[2022-01-05 20:53:34,796] {processor.py:163} INFO - Started process (PID=21307) to work on /home/airflow/sandbox/lib/python3.8/site-packages/airflow/example_dags/tutorial_etl_dag.py
[2022-01-05 20:53:34,800] {processor.py:642} INFO - Processing file /home/airflow/sandbox/lib/python3.8/site-packages/airflow/example_dags/tutorial_etl_dag.py for tasks to queue
[2022-01-05 20:53:34,800] {logging_mixin.py:109} INFO - [2022-01-05 20:53:34,800] {dagbag.py:500} INFO - Filling up the DagBag from /home/airflow/sandbox/lib/python3.8/site-packages/airflow/example_dags/tutorial_etl_dag.py
[2022-01-05 20:53:34,903] {processor.py:654} INFO - DAG(s) dict_keys(['tutorial_etl_dag']) retrieved from /home/airflow/sandbox/lib/python3.8/site-packages/airflow/example_dags/tutorial_etl_dag.py
[2022-01-05 20:53:34,959] {logging_mixin.py:109} INFO - [2022-01-05 20:53:34,958] {dag.py:2396} INFO - Sync 1 DAGs
[2022-01-05 20:53:34,994] {logging_mixin.py:109} INFO - [2022-01-05 20:53:34,994] {dag.py:2935} INFO - Setting next_dagrun for tutorial_etl_dag to None
[2022-01-05 20:53:35,043] {processor.py:171} INFO - Processing /home/airflow/sandbox/lib/python3.8/site-packages/airflow/example_dags/tutorial_etl_dag.py took 0.254 seconds
[2022-01-05 20:54:05,727] {processor.py:163} INFO - Started process (PID=21554) to work on /home/airflow/sandbox/lib/python3.8/site-packages/airflow/example_dags/tutorial_etl_dag.py
[2022-01-05 20:54:05,730] {processor.py:642} INFO - Processing file /home/airflow/sandbox/lib/python3.8/site-packages/airflow/example_dags/tutorial_etl_dag.py for tasks to queue
[2022-01-05 20:54:05,730] {logging_mixin.py:109} INFO - [2022-01-05 20:54:05,730] {dagbag.py:500} INFO - Filling up the DagBag from /home/airflow/sandbox/lib/python3.8/site-packages/airflow/example_dags/tutorial_etl_dag.py
[2022-01-05 20:54:05,854] {processor.py:654} INFO - DAG(s) dict_keys(['tutorial_etl_dag']) retrieved from /home/airflow/sandbox/lib/python3.8/site-packages/airflow/example_dags/tutorial_etl_dag.py
[2022-01-05 20:54:05,896] {logging_mixin.py:109} INFO - [2022-01-05 20:54:05,896] {dag.py:2396} INFO - Sync 1 DAGs
[2022-01-05 20:54:06,029] {logging_mixin.py:109} INFO - [2022-01-05 20:54:06,029] {dag.py:2935} INFO - Setting next_dagrun for tutorial_etl_dag to None
[2022-01-05 20:54:06,046] {processor.py:171} INFO - Processing /home/airflow/sandbox/lib/python3.8/site-packages/airflow/example_dags/tutorial_etl_dag.py took 0.348 seconds
[2022-01-05 20:54:36,233] {processor.py:163} INFO - Started process (PID=21795) to work on /home/airflow/sandbox/lib/python3.8/site-packages/airflow/example_dags/tutorial_etl_dag.py
[2022-01-05 20:54:36,239] {processor.py:642} INFO - Processing file /home/airflow/sandbox/lib/python3.8/site-packages/airflow/example_dags/tutorial_etl_dag.py for tasks to queue
[2022-01-05 20:54:36,239] {logging_mixin.py:109} INFO - [2022-01-05 20:54:36,239] {dagbag.py:500} INFO - Filling up the DagBag from /home/airflow/sandbox/lib/python3.8/site-packages/airflow/example_dags/tutorial_etl_dag.py
[2022-01-05 20:54:36,376] {processor.py:654} INFO - DAG(s) dict_keys(['tutorial_etl_dag']) retrieved from /home/airflow/sandbox/lib/python3.8/site-packages/airflow/example_dags/tutorial_etl_dag.py
[2022-01-05 20:54:36,399] {logging_mixin.py:109} INFO - [2022-01-05 20:54:36,398] {dag.py:2396} INFO - Sync 1 DAGs
[2022-01-05 20:54:36,505] {logging_mixin.py:109} INFO - [2022-01-05 20:54:36,502] {dag.py:2935} INFO - Setting next_dagrun for tutorial_etl_dag to None
[2022-01-05 20:54:36,533] {processor.py:171} INFO - Processing /home/airflow/sandbox/lib/python3.8/site-packages/airflow/example_dags/tutorial_etl_dag.py took 0.303 seconds
[2022-01-05 20:55:06,997] {processor.py:163} INFO - Started process (PID=22046) to work on /home/airflow/sandbox/lib/python3.8/site-packages/airflow/example_dags/tutorial_etl_dag.py
[2022-01-05 20:55:07,001] {processor.py:642} INFO - Processing file /home/airflow/sandbox/lib/python3.8/site-packages/airflow/example_dags/tutorial_etl_dag.py for tasks to queue
[2022-01-05 20:55:07,003] {logging_mixin.py:109} INFO - [2022-01-05 20:55:07,003] {dagbag.py:500} INFO - Filling up the DagBag from /home/airflow/sandbox/lib/python3.8/site-packages/airflow/example_dags/tutorial_etl_dag.py
[2022-01-05 20:55:07,224] {processor.py:654} INFO - DAG(s) dict_keys(['tutorial_etl_dag']) retrieved from /home/airflow/sandbox/lib/python3.8/site-packages/airflow/example_dags/tutorial_etl_dag.py
[2022-01-05 20:55:07,235] {logging_mixin.py:109} INFO - [2022-01-05 20:55:07,235] {dag.py:2396} INFO - Sync 1 DAGs
[2022-01-05 20:55:07,282] {logging_mixin.py:109} INFO - [2022-01-05 20:55:07,282] {dag.py:2935} INFO - Setting next_dagrun for tutorial_etl_dag to None
[2022-01-05 20:55:07,297] {processor.py:171} INFO - Processing /home/airflow/sandbox/lib/python3.8/site-packages/airflow/example_dags/tutorial_etl_dag.py took 0.318 seconds
[2022-01-05 20:55:37,636] {processor.py:163} INFO - Started process (PID=22291) to work on /home/airflow/sandbox/lib/python3.8/site-packages/airflow/example_dags/tutorial_etl_dag.py
[2022-01-05 20:55:37,641] {processor.py:642} INFO - Processing file /home/airflow/sandbox/lib/python3.8/site-packages/airflow/example_dags/tutorial_etl_dag.py for tasks to queue
[2022-01-05 20:55:37,647] {logging_mixin.py:109} INFO - [2022-01-05 20:55:37,642] {dagbag.py:500} INFO - Filling up the DagBag from /home/airflow/sandbox/lib/python3.8/site-packages/airflow/example_dags/tutorial_etl_dag.py
[2022-01-05 20:55:37,947] {processor.py:654} INFO - DAG(s) dict_keys(['tutorial_etl_dag']) retrieved from /home/airflow/sandbox/lib/python3.8/site-packages/airflow/example_dags/tutorial_etl_dag.py
[2022-01-05 20:55:38,130] {logging_mixin.py:109} INFO - [2022-01-05 20:55:38,130] {dag.py:2396} INFO - Sync 1 DAGs
[2022-01-05 20:55:38,150] {logging_mixin.py:109} INFO - [2022-01-05 20:55:38,150] {dag.py:2935} INFO - Setting next_dagrun for tutorial_etl_dag to None
[2022-01-05 20:55:38,196] {processor.py:171} INFO - Processing /home/airflow/sandbox/lib/python3.8/site-packages/airflow/example_dags/tutorial_etl_dag.py took 0.597 seconds
[2022-01-05 20:56:08,732] {processor.py:163} INFO - Started process (PID=22527) to work on /home/airflow/sandbox/lib/python3.8/site-packages/airflow/example_dags/tutorial_etl_dag.py
[2022-01-05 20:56:08,734] {processor.py:642} INFO - Processing file /home/airflow/sandbox/lib/python3.8/site-packages/airflow/example_dags/tutorial_etl_dag.py for tasks to queue
[2022-01-05 20:56:08,735] {logging_mixin.py:109} INFO - [2022-01-05 20:56:08,735] {dagbag.py:500} INFO - Filling up the DagBag from /home/airflow/sandbox/lib/python3.8/site-packages/airflow/example_dags/tutorial_etl_dag.py
[2022-01-05 20:56:08,999] {processor.py:654} INFO - DAG(s) dict_keys(['tutorial_etl_dag']) retrieved from /home/airflow/sandbox/lib/python3.8/site-packages/airflow/example_dags/tutorial_etl_dag.py
[2022-01-05 20:56:09,130] {logging_mixin.py:109} INFO - [2022-01-05 20:56:09,130] {dag.py:2396} INFO - Sync 1 DAGs
[2022-01-05 20:56:09,247] {logging_mixin.py:109} INFO - [2022-01-05 20:56:09,247] {dag.py:2935} INFO - Setting next_dagrun for tutorial_etl_dag to None
[2022-01-05 20:56:09,343] {processor.py:171} INFO - Processing /home/airflow/sandbox/lib/python3.8/site-packages/airflow/example_dags/tutorial_etl_dag.py took 0.696 seconds
[2022-01-05 20:56:39,794] {processor.py:163} INFO - Started process (PID=22762) to work on /home/airflow/sandbox/lib/python3.8/site-packages/airflow/example_dags/tutorial_etl_dag.py
[2022-01-05 20:56:39,795] {processor.py:642} INFO - Processing file /home/airflow/sandbox/lib/python3.8/site-packages/airflow/example_dags/tutorial_etl_dag.py for tasks to queue
[2022-01-05 20:56:39,796] {logging_mixin.py:109} INFO - [2022-01-05 20:56:39,796] {dagbag.py:500} INFO - Filling up the DagBag from /home/airflow/sandbox/lib/python3.8/site-packages/airflow/example_dags/tutorial_etl_dag.py
[2022-01-05 20:56:40,080] {processor.py:654} INFO - DAG(s) dict_keys(['tutorial_etl_dag']) retrieved from /home/airflow/sandbox/lib/python3.8/site-packages/airflow/example_dags/tutorial_etl_dag.py
[2022-01-05 20:56:40,179] {logging_mixin.py:109} INFO - [2022-01-05 20:56:40,179] {dag.py:2396} INFO - Sync 1 DAGs
[2022-01-05 20:56:40,391] {logging_mixin.py:109} INFO - [2022-01-05 20:56:40,391] {dag.py:2935} INFO - Setting next_dagrun for tutorial_etl_dag to None
[2022-01-05 20:56:40,504] {processor.py:171} INFO - Processing /home/airflow/sandbox/lib/python3.8/site-packages/airflow/example_dags/tutorial_etl_dag.py took 0.716 seconds
[2022-01-05 20:57:11,598] {processor.py:163} INFO - Started process (PID=23006) to work on /home/airflow/sandbox/lib/python3.8/site-packages/airflow/example_dags/tutorial_etl_dag.py
[2022-01-05 20:57:11,600] {processor.py:642} INFO - Processing file /home/airflow/sandbox/lib/python3.8/site-packages/airflow/example_dags/tutorial_etl_dag.py for tasks to queue
[2022-01-05 20:57:11,601] {logging_mixin.py:109} INFO - [2022-01-05 20:57:11,601] {dagbag.py:500} INFO - Filling up the DagBag from /home/airflow/sandbox/lib/python3.8/site-packages/airflow/example_dags/tutorial_etl_dag.py
[2022-01-05 20:57:11,845] {processor.py:654} INFO - DAG(s) dict_keys(['tutorial_etl_dag']) retrieved from /home/airflow/sandbox/lib/python3.8/site-packages/airflow/example_dags/tutorial_etl_dag.py
[2022-01-05 20:57:11,888] {logging_mixin.py:109} INFO - [2022-01-05 20:57:11,888] {dag.py:2396} INFO - Sync 1 DAGs
[2022-01-05 20:57:12,039] {logging_mixin.py:109} INFO - [2022-01-05 20:57:12,039] {dag.py:2935} INFO - Setting next_dagrun for tutorial_etl_dag to None
[2022-01-05 20:57:12,104] {processor.py:171} INFO - Processing /home/airflow/sandbox/lib/python3.8/site-packages/airflow/example_dags/tutorial_etl_dag.py took 0.510 seconds
[2022-01-05 20:57:42,247] {processor.py:163} INFO - Started process (PID=23246) to work on /home/airflow/sandbox/lib/python3.8/site-packages/airflow/example_dags/tutorial_etl_dag.py
[2022-01-05 20:57:42,250] {processor.py:642} INFO - Processing file /home/airflow/sandbox/lib/python3.8/site-packages/airflow/example_dags/tutorial_etl_dag.py for tasks to queue
[2022-01-05 20:57:42,250] {logging_mixin.py:109} INFO - [2022-01-05 20:57:42,250] {dagbag.py:500} INFO - Filling up the DagBag from /home/airflow/sandbox/lib/python3.8/site-packages/airflow/example_dags/tutorial_etl_dag.py
[2022-01-05 20:57:42,391] {processor.py:654} INFO - DAG(s) dict_keys(['tutorial_etl_dag']) retrieved from /home/airflow/sandbox/lib/python3.8/site-packages/airflow/example_dags/tutorial_etl_dag.py
[2022-01-05 20:57:42,435] {logging_mixin.py:109} INFO - [2022-01-05 20:57:42,435] {dag.py:2396} INFO - Sync 1 DAGs
[2022-01-05 20:57:42,491] {logging_mixin.py:109} INFO - [2022-01-05 20:57:42,491] {dag.py:2935} INFO - Setting next_dagrun for tutorial_etl_dag to None
[2022-01-05 20:57:42,535] {processor.py:171} INFO - Processing /home/airflow/sandbox/lib/python3.8/site-packages/airflow/example_dags/tutorial_etl_dag.py took 0.292 seconds
[2022-01-05 20:58:12,684] {processor.py:163} INFO - Started process (PID=23506) to work on /home/airflow/sandbox/lib/python3.8/site-packages/airflow/example_dags/tutorial_etl_dag.py
[2022-01-05 20:58:12,686] {processor.py:642} INFO - Processing file /home/airflow/sandbox/lib/python3.8/site-packages/airflow/example_dags/tutorial_etl_dag.py for tasks to queue
[2022-01-05 20:58:12,687] {logging_mixin.py:109} INFO - [2022-01-05 20:58:12,687] {dagbag.py:500} INFO - Filling up the DagBag from /home/airflow/sandbox/lib/python3.8/site-packages/airflow/example_dags/tutorial_etl_dag.py
[2022-01-05 20:58:12,793] {processor.py:654} INFO - DAG(s) dict_keys(['tutorial_etl_dag']) retrieved from /home/airflow/sandbox/lib/python3.8/site-packages/airflow/example_dags/tutorial_etl_dag.py
[2022-01-05 20:58:12,831] {logging_mixin.py:109} INFO - [2022-01-05 20:58:12,831] {dag.py:2396} INFO - Sync 1 DAGs
[2022-01-05 20:58:12,857] {logging_mixin.py:109} INFO - [2022-01-05 20:58:12,857] {dag.py:2935} INFO - Setting next_dagrun for tutorial_etl_dag to None
[2022-01-05 20:58:12,895] {processor.py:171} INFO - Processing /home/airflow/sandbox/lib/python3.8/site-packages/airflow/example_dags/tutorial_etl_dag.py took 0.241 seconds
[2022-01-05 20:58:43,382] {processor.py:163} INFO - Started process (PID=23798) to work on /home/airflow/sandbox/lib/python3.8/site-packages/airflow/example_dags/tutorial_etl_dag.py
[2022-01-05 20:58:43,383] {processor.py:642} INFO - Processing file /home/airflow/sandbox/lib/python3.8/site-packages/airflow/example_dags/tutorial_etl_dag.py for tasks to queue
[2022-01-05 20:58:43,384] {logging_mixin.py:109} INFO - [2022-01-05 20:58:43,384] {dagbag.py:500} INFO - Filling up the DagBag from /home/airflow/sandbox/lib/python3.8/site-packages/airflow/example_dags/tutorial_etl_dag.py
[2022-01-05 20:58:43,477] {processor.py:654} INFO - DAG(s) dict_keys(['tutorial_etl_dag']) retrieved from /home/airflow/sandbox/lib/python3.8/site-packages/airflow/example_dags/tutorial_etl_dag.py
[2022-01-05 20:58:43,497] {logging_mixin.py:109} INFO - [2022-01-05 20:58:43,497] {dag.py:2396} INFO - Sync 1 DAGs
[2022-01-05 20:58:43,581] {logging_mixin.py:109} INFO - [2022-01-05 20:58:43,581] {dag.py:2935} INFO - Setting next_dagrun for tutorial_etl_dag to None
[2022-01-05 20:58:43,602] {processor.py:171} INFO - Processing /home/airflow/sandbox/lib/python3.8/site-packages/airflow/example_dags/tutorial_etl_dag.py took 0.247 seconds
[2022-01-05 20:59:13,786] {processor.py:163} INFO - Started process (PID=24045) to work on /home/airflow/sandbox/lib/python3.8/site-packages/airflow/example_dags/tutorial_etl_dag.py
[2022-01-05 20:59:13,789] {processor.py:642} INFO - Processing file /home/airflow/sandbox/lib/python3.8/site-packages/airflow/example_dags/tutorial_etl_dag.py for tasks to queue
[2022-01-05 20:59:13,790] {logging_mixin.py:109} INFO - [2022-01-05 20:59:13,790] {dagbag.py:500} INFO - Filling up the DagBag from /home/airflow/sandbox/lib/python3.8/site-packages/airflow/example_dags/tutorial_etl_dag.py
[2022-01-05 20:59:13,892] {processor.py:654} INFO - DAG(s) dict_keys(['tutorial_etl_dag']) retrieved from /home/airflow/sandbox/lib/python3.8/site-packages/airflow/example_dags/tutorial_etl_dag.py
[2022-01-05 20:59:13,934] {logging_mixin.py:109} INFO - [2022-01-05 20:59:13,934] {dag.py:2396} INFO - Sync 1 DAGs
[2022-01-05 20:59:13,979] {logging_mixin.py:109} INFO - [2022-01-05 20:59:13,979] {dag.py:2935} INFO - Setting next_dagrun for tutorial_etl_dag to None
[2022-01-05 20:59:13,994] {processor.py:171} INFO - Processing /home/airflow/sandbox/lib/python3.8/site-packages/airflow/example_dags/tutorial_etl_dag.py took 0.216 seconds
[2022-01-05 20:59:44,777] {processor.py:163} INFO - Started process (PID=24286) to work on /home/airflow/sandbox/lib/python3.8/site-packages/airflow/example_dags/tutorial_etl_dag.py
[2022-01-05 20:59:44,779] {processor.py:642} INFO - Processing file /home/airflow/sandbox/lib/python3.8/site-packages/airflow/example_dags/tutorial_etl_dag.py for tasks to queue
[2022-01-05 20:59:44,779] {logging_mixin.py:109} INFO - [2022-01-05 20:59:44,779] {dagbag.py:500} INFO - Filling up the DagBag from /home/airflow/sandbox/lib/python3.8/site-packages/airflow/example_dags/tutorial_etl_dag.py
[2022-01-05 20:59:44,881] {processor.py:654} INFO - DAG(s) dict_keys(['tutorial_etl_dag']) retrieved from /home/airflow/sandbox/lib/python3.8/site-packages/airflow/example_dags/tutorial_etl_dag.py
[2022-01-05 20:59:44,896] {logging_mixin.py:109} INFO - [2022-01-05 20:59:44,896] {dag.py:2396} INFO - Sync 1 DAGs
[2022-01-05 20:59:44,987] {logging_mixin.py:109} INFO - [2022-01-05 20:59:44,987] {dag.py:2935} INFO - Setting next_dagrun for tutorial_etl_dag to None
[2022-01-05 20:59:45,036] {processor.py:171} INFO - Processing /home/airflow/sandbox/lib/python3.8/site-packages/airflow/example_dags/tutorial_etl_dag.py took 0.286 seconds
[2022-01-05 21:00:15,499] {processor.py:163} INFO - Started process (PID=24528) to work on /home/airflow/sandbox/lib/python3.8/site-packages/airflow/example_dags/tutorial_etl_dag.py
[2022-01-05 21:00:15,500] {processor.py:642} INFO - Processing file /home/airflow/sandbox/lib/python3.8/site-packages/airflow/example_dags/tutorial_etl_dag.py for tasks to queue
[2022-01-05 21:00:15,501] {logging_mixin.py:109} INFO - [2022-01-05 21:00:15,501] {dagbag.py:500} INFO - Filling up the DagBag from /home/airflow/sandbox/lib/python3.8/site-packages/airflow/example_dags/tutorial_etl_dag.py
[2022-01-05 21:00:15,527] {processor.py:654} INFO - DAG(s) dict_keys(['tutorial_etl_dag']) retrieved from /home/airflow/sandbox/lib/python3.8/site-packages/airflow/example_dags/tutorial_etl_dag.py
[2022-01-05 21:00:15,535] {logging_mixin.py:109} INFO - [2022-01-05 21:00:15,535] {dag.py:2396} INFO - Sync 1 DAGs
[2022-01-05 21:00:15,547] {logging_mixin.py:109} INFO - [2022-01-05 21:00:15,546] {dag.py:2935} INFO - Setting next_dagrun for tutorial_etl_dag to None
[2022-01-05 21:00:15,555] {processor.py:171} INFO - Processing /home/airflow/sandbox/lib/python3.8/site-packages/airflow/example_dags/tutorial_etl_dag.py took 0.059 seconds
