[2022-01-05 20:32:08,418] {taskinstance.py:1032} INFO - Dependencies all met for <TaskInstance: parallel_dag.task_01 manual__2022-01-05T20:31:56.285182+00:00 [queued]>
[2022-01-05 20:32:08,437] {taskinstance.py:1032} INFO - Dependencies all met for <TaskInstance: parallel_dag.task_01 manual__2022-01-05T20:31:56.285182+00:00 [queued]>
[2022-01-05 20:32:08,437] {taskinstance.py:1238} INFO - 
--------------------------------------------------------------------------------
[2022-01-05 20:32:08,437] {taskinstance.py:1239} INFO - Starting attempt 1 of 1
[2022-01-05 20:32:08,437] {taskinstance.py:1240} INFO - 
--------------------------------------------------------------------------------
[2022-01-05 20:32:08,474] {taskinstance.py:1259} INFO - Executing <Task(BashOperator): task_01> on 2022-01-05 20:31:56.285182+00:00
[2022-01-05 20:32:08,477] {standard_task_runner.py:52} INFO - Started process 9707 to run task
[2022-01-05 20:32:08,487] {standard_task_runner.py:76} INFO - Running: ['airflow', 'tasks', 'run', 'parallel_dag', 'task_01', 'manual__2022-01-05T20:31:56.285182+00:00', '--job-id', '24', '--raw', '--subdir', 'DAGS_FOLDER/parallel_dags.py', '--cfg-path', '/tmp/tmphdsvgl22', '--error-file', '/tmp/tmpz9rcggtm']
[2022-01-05 20:32:08,489] {standard_task_runner.py:77} INFO - Job 24: Subtask task_01
[2022-01-05 20:32:08,762] {logging_mixin.py:109} INFO - Running <TaskInstance: parallel_dag.task_01 manual__2022-01-05T20:31:56.285182+00:00 [running]> on host airflowvm
[2022-01-05 20:32:09,027] {taskinstance.py:1424} INFO - Exporting the following env vars:
AIRFLOW_CTX_DAG_OWNER=airflow
AIRFLOW_CTX_DAG_ID=parallel_dag
AIRFLOW_CTX_TASK_ID=task_01
AIRFLOW_CTX_EXECUTION_DATE=2022-01-05T20:31:56.285182+00:00
AIRFLOW_CTX_DAG_RUN_ID=manual__2022-01-05T20:31:56.285182+00:00
[2022-01-05 20:32:09,027] {subprocess.py:62} INFO - Tmp dir root location: 
 /tmp
[2022-01-05 20:32:09,028] {subprocess.py:74} INFO - Running command: ['bash', '-c', 'sleep 3']
[2022-01-05 20:32:09,065] {subprocess.py:85} INFO - Output:
[2022-01-05 20:32:12,077] {subprocess.py:93} INFO - Command exited with return code 0
[2022-01-05 20:32:12,467] {taskinstance.py:1267} INFO - Marking task as SUCCESS. dag_id=parallel_dag, task_id=task_01, execution_date=20220105T203156, start_date=20220105T203208, end_date=20220105T203212
[2022-01-05 20:32:12,762] {local_task_job.py:154} INFO - Task exited with return code 0
[2022-01-05 20:32:12,884] {local_task_job.py:264} INFO - 2 downstream tasks scheduled from follow-on schedule check
