[2022-01-03 20:18:04,937] {taskinstance.py:876} INFO - Dependencies all met for <TaskInstance: example_bash_operator.runme_0 2022-01-02T00:00:00+00:00 [queued]>
[2022-01-03 20:18:04,949] {taskinstance.py:876} INFO - Dependencies all met for <TaskInstance: example_bash_operator.runme_0 2022-01-02T00:00:00+00:00 [queued]>
[2022-01-03 20:18:04,949] {taskinstance.py:1067} INFO - 
--------------------------------------------------------------------------------
[2022-01-03 20:18:04,950] {taskinstance.py:1068} INFO - Starting attempt 1 of 1
[2022-01-03 20:18:04,950] {taskinstance.py:1069} INFO - 
--------------------------------------------------------------------------------
[2022-01-03 20:18:05,036] {taskinstance.py:1087} INFO - Executing <Task(BashOperator): runme_0> on 2022-01-02T00:00:00+00:00
[2022-01-03 20:18:05,038] {standard_task_runner.py:52} INFO - Started process 2718 to run task
[2022-01-03 20:18:05,047] {standard_task_runner.py:76} INFO - Running: ['airflow', 'tasks', 'run', 'example_bash_operator', 'runme_0', '2022-01-02T00:00:00+00:00', '--job-id', '82', '--pool', 'default_pool', '--raw', '--subdir', '/home/airflow/sandbox/lib/python3.8/site-packages/airflow/example_dags/example_bash_operator.py', '--cfg-path', '/tmp/tmptbb528_x', '--error-file', '/tmp/tmpwmef871x']
[2022-01-03 20:18:05,048] {standard_task_runner.py:77} INFO - Job 82: Subtask runme_0
[2022-01-03 20:18:05,212] {logging_mixin.py:104} INFO - Running <TaskInstance: example_bash_operator.runme_0 2022-01-02T00:00:00+00:00 [running]> on host airflowvm
[2022-01-03 20:18:05,483] {taskinstance.py:1280} INFO - Exporting the following env vars:
AIRFLOW_CTX_DAG_OWNER=airflow
AIRFLOW_CTX_DAG_ID=example_bash_operator
AIRFLOW_CTX_TASK_ID=runme_0
AIRFLOW_CTX_EXECUTION_DATE=2022-01-02T00:00:00+00:00
AIRFLOW_CTX_DAG_RUN_ID=scheduled__2022-01-02T00:00:00+00:00
[2022-01-03 20:18:05,484] {subprocess.py:52} INFO - Tmp dir root location: 
 /tmp
[2022-01-03 20:18:05,484] {subprocess.py:63} INFO - Running command: ['bash', '-c', 'echo "example_bash_operator__runme_0__20220102" && sleep 1']
[2022-01-03 20:18:05,492] {subprocess.py:75} INFO - Output:
[2022-01-03 20:18:05,493] {subprocess.py:79} INFO - example_bash_operator__runme_0__20220102
[2022-01-03 20:18:06,495] {subprocess.py:83} INFO - Command exited with return code 0
[2022-01-03 20:18:06,536] {taskinstance.py:1184} INFO - Marking task as SUCCESS. dag_id=example_bash_operator, task_id=runme_0, execution_date=20220102T000000, start_date=20220103T201804, end_date=20220103T201806
[2022-01-03 20:18:06,555] {taskinstance.py:1245} INFO - 0 downstream tasks scheduled from follow-on schedule check
[2022-01-03 20:18:06,583] {local_task_job.py:151} INFO - Task exited with return code 0
