[2022-01-11 20:17:28,569] {taskinstance.py:1032} INFO - Dependencies all met for <TaskInstance: parallel_dag.task_02 scheduled__2022-01-10T00:00:00+00:00 [queued]>
[2022-01-11 20:17:28,684] {taskinstance.py:1032} INFO - Dependencies all met for <TaskInstance: parallel_dag.task_02 scheduled__2022-01-10T00:00:00+00:00 [queued]>
[2022-01-11 20:17:28,684] {taskinstance.py:1238} INFO - 
--------------------------------------------------------------------------------
[2022-01-11 20:17:28,700] {taskinstance.py:1239} INFO - Starting attempt 1 of 1
[2022-01-11 20:17:28,701] {taskinstance.py:1240} INFO - 
--------------------------------------------------------------------------------
[2022-01-11 20:17:28,825] {taskinstance.py:1259} INFO - Executing <Task(BashOperator): task_02> on 2022-01-10 00:00:00+00:00
[2022-01-11 20:17:28,839] {standard_task_runner.py:52} INFO - Started process 3604 to run task
[2022-01-11 20:17:28,897] {standard_task_runner.py:76} INFO - Running: ['airflow', 'tasks', 'run', 'parallel_dag', 'task_02', 'scheduled__2022-01-10T00:00:00+00:00', '--job-id', '36', '--raw', '--subdir', 'DAGS_FOLDER/parallel_dags.py', '--cfg-path', '/tmp/tmp1hio4z6s', '--error-file', '/tmp/tmpfvgfeem5']
[2022-01-11 20:17:28,932] {standard_task_runner.py:77} INFO - Job 36: Subtask task_02
[2022-01-11 20:17:34,371] {logging_mixin.py:109} INFO - Running <TaskInstance: parallel_dag.task_02 scheduled__2022-01-10T00:00:00+00:00 [running]> on host airflowvm
[2022-01-11 20:17:34,933] {taskinstance.py:1424} INFO - Exporting the following env vars:
AIRFLOW_CTX_DAG_OWNER=airflow
AIRFLOW_CTX_DAG_ID=parallel_dag
AIRFLOW_CTX_TASK_ID=task_02
AIRFLOW_CTX_EXECUTION_DATE=2022-01-10T00:00:00+00:00
AIRFLOW_CTX_DAG_RUN_ID=scheduled__2022-01-10T00:00:00+00:00
[2022-01-11 20:17:34,941] {subprocess.py:62} INFO - Tmp dir root location: 
 /tmp
[2022-01-11 20:17:34,950] {subprocess.py:74} INFO - Running command: ['bash', '-c', 'sleep 3']
[2022-01-11 20:17:35,005] {subprocess.py:85} INFO - Output:
[2022-01-11 20:17:38,048] {subprocess.py:93} INFO - Command exited with return code 0
[2022-01-11 20:17:38,161] {taskinstance.py:1267} INFO - Marking task as SUCCESS. dag_id=parallel_dag, task_id=task_02, execution_date=20220110T000000, start_date=20220111T201728, end_date=20220111T201738
[2022-01-11 20:17:38,279] {local_task_job.py:154} INFO - Task exited with return code 0
[2022-01-11 20:17:38,469] {local_task_job.py:264} INFO - 1 downstream tasks scheduled from follow-on schedule check
[2022-01-11 20:19:18,374] {taskinstance.py:1032} INFO - Dependencies all met for <TaskInstance: parallel_dag.task_02 scheduled__2022-01-10T00:00:00+00:00 [queued]>
[2022-01-11 20:19:18,412] {taskinstance.py:1032} INFO - Dependencies all met for <TaskInstance: parallel_dag.task_02 scheduled__2022-01-10T00:00:00+00:00 [queued]>
[2022-01-11 20:19:18,412] {taskinstance.py:1238} INFO - 
--------------------------------------------------------------------------------
[2022-01-11 20:19:18,412] {taskinstance.py:1239} INFO - Starting attempt 1 of 1
[2022-01-11 20:19:18,412] {taskinstance.py:1240} INFO - 
--------------------------------------------------------------------------------
[2022-01-11 20:19:18,456] {taskinstance.py:1259} INFO - Executing <Task(BashOperator): task_02> on 2022-01-10 00:00:00+00:00
[2022-01-11 20:19:18,459] {standard_task_runner.py:52} INFO - Started process 7405 to run task
[2022-01-11 20:19:18,467] {standard_task_runner.py:76} INFO - Running: ['airflow', 'tasks', 'run', 'parallel_dag', 'task_02', 'scheduled__2022-01-10T00:00:00+00:00', '--job-id', '53', '--raw', '--subdir', 'DAGS_FOLDER/parallel_dags.py', '--cfg-path', '/tmp/tmpgbnst82e', '--error-file', '/tmp/tmp2r7j2dmt']
[2022-01-11 20:19:18,468] {standard_task_runner.py:77} INFO - Job 53: Subtask task_02
[2022-01-11 20:19:18,618] {logging_mixin.py:109} INFO - Running <TaskInstance: parallel_dag.task_02 scheduled__2022-01-10T00:00:00+00:00 [running]> on host airflowvm
[2022-01-11 20:19:18,822] {taskinstance.py:1424} INFO - Exporting the following env vars:
AIRFLOW_CTX_DAG_OWNER=airflow
AIRFLOW_CTX_DAG_ID=parallel_dag
AIRFLOW_CTX_TASK_ID=task_02
AIRFLOW_CTX_EXECUTION_DATE=2022-01-10T00:00:00+00:00
AIRFLOW_CTX_DAG_RUN_ID=scheduled__2022-01-10T00:00:00+00:00
[2022-01-11 20:19:18,823] {subprocess.py:62} INFO - Tmp dir root location: 
 /tmp
[2022-01-11 20:19:18,824] {subprocess.py:74} INFO - Running command: ['bash', '-c', 'sleep 3']
[2022-01-11 20:19:18,834] {subprocess.py:85} INFO - Output:
[2022-01-11 20:19:21,839] {subprocess.py:93} INFO - Command exited with return code 0
[2022-01-11 20:19:21,951] {taskinstance.py:1267} INFO - Marking task as SUCCESS. dag_id=parallel_dag, task_id=task_02, execution_date=20220110T000000, start_date=20220111T201918, end_date=20220111T201921
[2022-01-11 20:19:22,022] {local_task_job.py:154} INFO - Task exited with return code 0
[2022-01-11 20:19:22,195] {local_task_job.py:264} INFO - 0 downstream tasks scheduled from follow-on schedule check
