[2022-03-14 19:23:14,781] {taskinstance.py:1032} INFO - Dependencies all met for <TaskInstance: xcom_dag.processing_tasks.training_model_a scheduled__2022-03-11T00:00:00+00:00 [queued]>
[2022-03-14 19:23:15,970] {taskinstance.py:1032} INFO - Dependencies all met for <TaskInstance: xcom_dag.processing_tasks.training_model_a scheduled__2022-03-11T00:00:00+00:00 [queued]>
[2022-03-14 19:23:15,978] {taskinstance.py:1238} INFO - 
--------------------------------------------------------------------------------
[2022-03-14 19:23:16,005] {taskinstance.py:1239} INFO - Starting attempt 1 of 1
[2022-03-14 19:23:16,017] {taskinstance.py:1240} INFO - 
--------------------------------------------------------------------------------
[2022-03-14 19:23:16,308] {taskinstance.py:1259} INFO - Executing <Task(PythonOperator): processing_tasks.training_model_a> on 2022-03-11 00:00:00+00:00
[2022-03-14 19:23:16,310] {standard_task_runner.py:52} INFO - Started process 3237 to run task
[2022-03-14 19:23:16,462] {standard_task_runner.py:76} INFO - Running: ['airflow', 'tasks', 'run', 'xcom_dag', 'processing_tasks.training_model_a', 'scheduled__2022-03-11T00:00:00+00:00', '--job-id', '109', '--raw', '--subdir', 'DAGS_FOLDER/xcom_dag.py', '--cfg-path', '/tmp/tmpqkjw47i7', '--error-file', '/tmp/tmpr2vhx2pr']
[2022-03-14 19:23:16,515] {standard_task_runner.py:77} INFO - Job 109: Subtask processing_tasks.training_model_a
[2022-03-14 19:23:24,980] {logging_mixin.py:109} INFO - Running <TaskInstance: xcom_dag.processing_tasks.training_model_a scheduled__2022-03-11T00:00:00+00:00 [running]> on host airflowvm
[2022-03-14 19:23:28,060] {taskinstance.py:1424} INFO - Exporting the following env vars:
AIRFLOW_CTX_DAG_OWNER=airflow
AIRFLOW_CTX_DAG_ID=xcom_dag
AIRFLOW_CTX_TASK_ID=processing_tasks.training_model_a
AIRFLOW_CTX_EXECUTION_DATE=2022-03-11T00:00:00+00:00
AIRFLOW_CTX_DAG_RUN_ID=scheduled__2022-03-11T00:00:00+00:00
[2022-03-14 19:23:28,065] {logging_mixin.py:109} INFO - model's accuracy: 6.6751749612031315
[2022-03-14 19:23:28,217] {python.py:175} INFO - Done. Returned value was: None
[2022-03-14 19:23:29,215] {taskinstance.py:1267} INFO - Marking task as SUCCESS. dag_id=xcom_dag, task_id=processing_tasks.training_model_a, execution_date=20220311T000000, start_date=20220314T192315, end_date=20220314T192329
[2022-03-14 19:23:29,403] {local_task_job.py:154} INFO - Task exited with return code 0
[2022-03-14 19:23:30,154] {local_task_job.py:264} INFO - 1 downstream tasks scheduled from follow-on schedule check
