[2022-01-11 20:17:28,361] {taskinstance.py:1032} INFO - Dependencies all met for <TaskInstance: parallel_dag.task_03 scheduled__2022-01-10T00:00:00+00:00 [queued]>
[2022-01-11 20:17:28,421] {taskinstance.py:1032} INFO - Dependencies all met for <TaskInstance: parallel_dag.task_03 scheduled__2022-01-10T00:00:00+00:00 [queued]>
[2022-01-11 20:17:28,422] {taskinstance.py:1238} INFO - 
--------------------------------------------------------------------------------
[2022-01-11 20:17:28,422] {taskinstance.py:1239} INFO - Starting attempt 1 of 1
[2022-01-11 20:17:28,422] {taskinstance.py:1240} INFO - 
--------------------------------------------------------------------------------
[2022-01-11 20:17:28,479] {taskinstance.py:1259} INFO - Executing <Task(BashOperator): task_03> on 2022-01-10 00:00:00+00:00
[2022-01-11 20:17:28,482] {standard_task_runner.py:52} INFO - Started process 3595 to run task
[2022-01-11 20:17:28,511] {standard_task_runner.py:76} INFO - Running: ['airflow', 'tasks', 'run', 'parallel_dag', 'task_03', 'scheduled__2022-01-10T00:00:00+00:00', '--job-id', '35', '--raw', '--subdir', 'DAGS_FOLDER/parallel_dags.py', '--cfg-path', '/tmp/tmp3v7dlwp1', '--error-file', '/tmp/tmpgmfcneqi']
[2022-01-11 20:17:28,515] {standard_task_runner.py:77} INFO - Job 35: Subtask task_03
[2022-01-11 20:17:29,245] {logging_mixin.py:109} INFO - Running <TaskInstance: parallel_dag.task_03 scheduled__2022-01-10T00:00:00+00:00 [running]> on host airflowvm
[2022-01-11 20:17:34,535] {taskinstance.py:1424} INFO - Exporting the following env vars:
AIRFLOW_CTX_DAG_OWNER=airflow
AIRFLOW_CTX_DAG_ID=parallel_dag
AIRFLOW_CTX_TASK_ID=task_03
AIRFLOW_CTX_EXECUTION_DATE=2022-01-10T00:00:00+00:00
AIRFLOW_CTX_DAG_RUN_ID=scheduled__2022-01-10T00:00:00+00:00
[2022-01-11 20:17:34,536] {subprocess.py:62} INFO - Tmp dir root location: 
 /tmp
[2022-01-11 20:17:34,536] {subprocess.py:74} INFO - Running command: ['bash', '-c', 'sleep 3']
[2022-01-11 20:17:34,548] {subprocess.py:85} INFO - Output:
[2022-01-11 20:17:37,550] {subprocess.py:93} INFO - Command exited with return code 0
[2022-01-11 20:17:37,639] {taskinstance.py:1267} INFO - Marking task as SUCCESS. dag_id=parallel_dag, task_id=task_03, execution_date=20220110T000000, start_date=20220111T201728, end_date=20220111T201737
[2022-01-11 20:17:37,728] {local_task_job.py:154} INFO - Task exited with return code 0
[2022-01-11 20:17:37,890] {local_task_job.py:264} INFO - 0 downstream tasks scheduled from follow-on schedule check
[2022-01-11 20:19:18,260] {taskinstance.py:1032} INFO - Dependencies all met for <TaskInstance: parallel_dag.task_03 scheduled__2022-01-10T00:00:00+00:00 [queued]>
[2022-01-11 20:19:18,274] {taskinstance.py:1032} INFO - Dependencies all met for <TaskInstance: parallel_dag.task_03 scheduled__2022-01-10T00:00:00+00:00 [queued]>
[2022-01-11 20:19:18,274] {taskinstance.py:1238} INFO - 
--------------------------------------------------------------------------------
[2022-01-11 20:19:18,275] {taskinstance.py:1239} INFO - Starting attempt 1 of 1
[2022-01-11 20:19:18,275] {taskinstance.py:1240} INFO - 
--------------------------------------------------------------------------------
[2022-01-11 20:19:18,295] {taskinstance.py:1259} INFO - Executing <Task(BashOperator): task_03> on 2022-01-10 00:00:00+00:00
[2022-01-11 20:19:18,297] {standard_task_runner.py:52} INFO - Started process 7401 to run task
[2022-01-11 20:19:18,305] {standard_task_runner.py:76} INFO - Running: ['airflow', 'tasks', 'run', 'parallel_dag', 'task_03', 'scheduled__2022-01-10T00:00:00+00:00', '--job-id', '54', '--raw', '--subdir', 'DAGS_FOLDER/parallel_dags.py', '--cfg-path', '/tmp/tmpnjiu0jwa', '--error-file', '/tmp/tmpqg8usfa6']
[2022-01-11 20:19:18,307] {standard_task_runner.py:77} INFO - Job 54: Subtask task_03
[2022-01-11 20:19:18,537] {logging_mixin.py:109} INFO - Running <TaskInstance: parallel_dag.task_03 scheduled__2022-01-10T00:00:00+00:00 [running]> on host airflowvm
[2022-01-11 20:19:18,724] {taskinstance.py:1424} INFO - Exporting the following env vars:
AIRFLOW_CTX_DAG_OWNER=airflow
AIRFLOW_CTX_DAG_ID=parallel_dag
AIRFLOW_CTX_TASK_ID=task_03
AIRFLOW_CTX_EXECUTION_DATE=2022-01-10T00:00:00+00:00
AIRFLOW_CTX_DAG_RUN_ID=scheduled__2022-01-10T00:00:00+00:00
[2022-01-11 20:19:18,725] {subprocess.py:62} INFO - Tmp dir root location: 
 /tmp
[2022-01-11 20:19:18,727] {subprocess.py:74} INFO - Running command: ['bash', '-c', 'sleep 3']
[2022-01-11 20:19:18,757] {subprocess.py:85} INFO - Output:
[2022-01-11 20:19:21,771] {subprocess.py:93} INFO - Command exited with return code 0
[2022-01-11 20:19:21,849] {taskinstance.py:1267} INFO - Marking task as SUCCESS. dag_id=parallel_dag, task_id=task_03, execution_date=20220110T000000, start_date=20220111T201918, end_date=20220111T201921
[2022-01-11 20:19:21,960] {local_task_job.py:154} INFO - Task exited with return code 0
[2022-01-11 20:19:22,145] {local_task_job.py:264} INFO - 1 downstream tasks scheduled from follow-on schedule check
