[2022-03-11 18:56:21,642] {taskinstance.py:1032} INFO - Dependencies all met for <TaskInstance: xcom_dag.task_4 scheduled__2022-03-10T00:00:00+00:00 [queued]>
[2022-03-11 18:56:21,794] {taskinstance.py:1032} INFO - Dependencies all met for <TaskInstance: xcom_dag.task_4 scheduled__2022-03-10T00:00:00+00:00 [queued]>
[2022-03-11 18:56:21,794] {taskinstance.py:1238} INFO - 
--------------------------------------------------------------------------------
[2022-03-11 18:56:21,795] {taskinstance.py:1239} INFO - Starting attempt 1 of 1
[2022-03-11 18:56:21,795] {taskinstance.py:1240} INFO - 
--------------------------------------------------------------------------------
[2022-03-11 18:56:21,993] {taskinstance.py:1259} INFO - Executing <Task(PythonOperator): task_4> on 2022-03-10 00:00:00+00:00
[2022-03-11 18:56:22,004] {standard_task_runner.py:52} INFO - Started process 8857 to run task
[2022-03-11 18:56:22,093] {standard_task_runner.py:76} INFO - Running: ['airflow', 'tasks', 'run', 'xcom_dag', 'task_4', 'scheduled__2022-03-10T00:00:00+00:00', '--job-id', '84', '--raw', '--subdir', 'DAGS_FOLDER/xcom_dag.py', '--cfg-path', '/tmp/tmp40ofw1_u', '--error-file', '/tmp/tmpm9qw4e9n']
[2022-03-11 18:56:22,252] {standard_task_runner.py:77} INFO - Job 84: Subtask task_4
[2022-03-11 18:56:23,190] {logging_mixin.py:109} INFO - Running <TaskInstance: xcom_dag.task_4 scheduled__2022-03-10T00:00:00+00:00 [running]> on host airflowvm
[2022-03-11 18:56:24,004] {taskinstance.py:1424} INFO - Exporting the following env vars:
AIRFLOW_CTX_DAG_OWNER=airflow
AIRFLOW_CTX_DAG_ID=xcom_dag
AIRFLOW_CTX_TASK_ID=task_4
AIRFLOW_CTX_EXECUTION_DATE=2022-03-10T00:00:00+00:00
AIRFLOW_CTX_DAG_RUN_ID=scheduled__2022-03-10T00:00:00+00:00
[2022-03-11 18:56:24,291] {logging_mixin.py:109} INFO - choose best model
[2022-03-11 18:56:24,292] {python.py:175} INFO - Done. Returned value was: None
[2022-03-11 18:56:24,901] {taskinstance.py:1267} INFO - Marking task as SUCCESS. dag_id=xcom_dag, task_id=task_4, execution_date=20220310T000000, start_date=20220311T185621, end_date=20220311T185624
[2022-03-11 18:56:25,237] {local_task_job.py:154} INFO - Task exited with return code 0
[2022-03-11 18:56:25,844] {local_task_job.py:264} INFO - 0 downstream tasks scheduled from follow-on schedule check
