[2022-03-15 19:17:11,988] {taskinstance.py:1032} INFO - Dependencies all met for <TaskInstance: xcom_dag.processing_tasks.training_model_c manual__2022-03-14T19:29:19.557221+00:00 [queued]>
[2022-03-15 19:17:12,000] {taskinstance.py:1032} INFO - Dependencies all met for <TaskInstance: xcom_dag.processing_tasks.training_model_c manual__2022-03-14T19:29:19.557221+00:00 [queued]>
[2022-03-15 19:17:12,001] {taskinstance.py:1238} INFO - 
--------------------------------------------------------------------------------
[2022-03-15 19:17:12,001] {taskinstance.py:1239} INFO - Starting attempt 2 of 2
[2022-03-15 19:17:12,001] {taskinstance.py:1240} INFO - 
--------------------------------------------------------------------------------
[2022-03-15 19:17:12,057] {taskinstance.py:1259} INFO - Executing <Task(PythonOperator): processing_tasks.training_model_c> on 2022-03-14 19:29:19.557221+00:00
[2022-03-15 19:17:12,060] {standard_task_runner.py:52} INFO - Started process 5821 to run task
[2022-03-15 19:17:12,088] {standard_task_runner.py:76} INFO - Running: ['airflow', 'tasks', 'run', 'xcom_dag', 'processing_tasks.training_model_c', 'manual__2022-03-14T19:29:19.557221+00:00', '--job-id', '140', '--raw', '--subdir', 'DAGS_FOLDER/xcom_dag.py', '--cfg-path', '/tmp/tmpx6p2t5np', '--error-file', '/tmp/tmpbntqi3ty']
[2022-03-15 19:17:12,089] {standard_task_runner.py:77} INFO - Job 140: Subtask processing_tasks.training_model_c
[2022-03-15 19:17:13,081] {logging_mixin.py:109} INFO - Running <TaskInstance: xcom_dag.processing_tasks.training_model_c manual__2022-03-14T19:29:19.557221+00:00 [running]> on host airflowvm
[2022-03-15 19:17:13,890] {taskinstance.py:1424} INFO - Exporting the following env vars:
AIRFLOW_CTX_DAG_OWNER=airflow
AIRFLOW_CTX_DAG_ID=xcom_dag
AIRFLOW_CTX_TASK_ID=processing_tasks.training_model_c
AIRFLOW_CTX_EXECUTION_DATE=2022-03-14T19:29:19.557221+00:00
AIRFLOW_CTX_DAG_RUN_ID=manual__2022-03-14T19:29:19.557221+00:00
[2022-03-15 19:17:13,902] {logging_mixin.py:109} INFO - model's accuracy: 0
[2022-03-15 19:17:13,952] {python.py:175} INFO - Done. Returned value was: None
[2022-03-15 19:17:14,053] {taskinstance.py:1267} INFO - Marking task as SUCCESS. dag_id=xcom_dag, task_id=processing_tasks.training_model_c, execution_date=20220314T192919, start_date=20220315T191711, end_date=20220315T191714
[2022-03-15 19:17:14,282] {local_task_job.py:154} INFO - Task exited with return code 0
[2022-03-15 19:17:15,032] {local_task_job.py:264} INFO - 1 downstream tasks scheduled from follow-on schedule check
