[2022-03-15 19:22:55,480] {taskinstance.py:1032} INFO - Dependencies all met for <TaskInstance: xcom_dag.processing_tasks.training_model_c manual__2022-03-14T19:29:19.557221+00:00 [queued]>
[2022-03-15 19:22:55,676] {taskinstance.py:1032} INFO - Dependencies all met for <TaskInstance: xcom_dag.processing_tasks.training_model_c manual__2022-03-14T19:29:19.557221+00:00 [queued]>
[2022-03-15 19:22:55,677] {taskinstance.py:1238} INFO - 
--------------------------------------------------------------------------------
[2022-03-15 19:22:55,677] {taskinstance.py:1239} INFO - Starting attempt 3 of 3
[2022-03-15 19:22:55,677] {taskinstance.py:1240} INFO - 
--------------------------------------------------------------------------------
[2022-03-15 19:22:55,702] {taskinstance.py:1259} INFO - Executing <Task(PythonOperator): processing_tasks.training_model_c> on 2022-03-14 19:29:19.557221+00:00
[2022-03-15 19:22:55,705] {standard_task_runner.py:52} INFO - Started process 7606 to run task
[2022-03-15 19:22:55,759] {standard_task_runner.py:76} INFO - Running: ['airflow', 'tasks', 'run', 'xcom_dag', 'processing_tasks.training_model_c', 'manual__2022-03-14T19:29:19.557221+00:00', '--job-id', '145', '--raw', '--subdir', 'DAGS_FOLDER/xcom_dag.py', '--cfg-path', '/tmp/tmpwx4a_552', '--error-file', '/tmp/tmp2hd0a4zm']
[2022-03-15 19:22:55,781] {standard_task_runner.py:77} INFO - Job 145: Subtask processing_tasks.training_model_c
[2022-03-15 19:22:56,527] {logging_mixin.py:109} INFO - Running <TaskInstance: xcom_dag.processing_tasks.training_model_c manual__2022-03-14T19:29:19.557221+00:00 [running]> on host airflowvm
[2022-03-15 19:22:57,377] {taskinstance.py:1424} INFO - Exporting the following env vars:
AIRFLOW_CTX_DAG_OWNER=airflow
AIRFLOW_CTX_DAG_ID=xcom_dag
AIRFLOW_CTX_TASK_ID=processing_tasks.training_model_c
AIRFLOW_CTX_EXECUTION_DATE=2022-03-14T19:29:19.557221+00:00
AIRFLOW_CTX_DAG_RUN_ID=manual__2022-03-14T19:29:19.557221+00:00
[2022-03-15 19:22:57,378] {logging_mixin.py:109} INFO - model's accuracy: 4.039252492885358
[2022-03-15 19:22:57,483] {python.py:175} INFO - Done. Returned value was: None
[2022-03-15 19:22:57,576] {taskinstance.py:1267} INFO - Marking task as SUCCESS. dag_id=xcom_dag, task_id=processing_tasks.training_model_c, execution_date=20220314T192919, start_date=20220315T192255, end_date=20220315T192257
[2022-03-15 19:22:57,776] {local_task_job.py:154} INFO - Task exited with return code 0
[2022-03-15 19:22:58,327] {local_task_job.py:264} INFO - 0 downstream tasks scheduled from follow-on schedule check
