[2022-03-11 18:53:04,942] {taskinstance.py:1032} INFO - Dependencies all met for <TaskInstance: parallel_dag.processing_tasks.task_02 scheduled__2022-01-14T00:00:00+00:00 [queued]>
[2022-03-11 18:53:05,034] {taskinstance.py:1032} INFO - Dependencies all met for <TaskInstance: parallel_dag.processing_tasks.task_02 scheduled__2022-01-14T00:00:00+00:00 [queued]>
[2022-03-11 18:53:05,035] {taskinstance.py:1238} INFO - 
--------------------------------------------------------------------------------
[2022-03-11 18:53:05,040] {taskinstance.py:1239} INFO - Starting attempt 1 of 1
[2022-03-11 18:53:05,044] {taskinstance.py:1240} INFO - 
--------------------------------------------------------------------------------
[2022-03-11 18:53:05,559] {taskinstance.py:1259} INFO - Executing <Task(BashOperator): task_02> on 2022-01-14 00:00:00+00:00
[2022-03-11 18:53:05,598] {standard_task_runner.py:52} INFO - Started process 5946 to run task
[2022-03-11 18:53:05,731] {standard_task_runner.py:76} INFO - Running: ['airflow', 'tasks', 'run', 'parallel_dag.processing_tasks', 'task_02', 'scheduled__2022-01-14T00:00:00+00:00', '--job-id', '74', '--raw', '--subdir', 'DAGS_FOLDER/parallel_dags.py', '--cfg-path', '/tmp/tmpbqlnok76', '--error-file', '/tmp/tmp6d9tlwt6']
[2022-03-11 18:53:05,756] {standard_task_runner.py:77} INFO - Job 74: Subtask task_02
[2022-03-11 18:53:07,331] {logging_mixin.py:109} INFO - Running <TaskInstance: parallel_dag.processing_tasks.task_02 scheduled__2022-01-14T00:00:00+00:00 [running]> on host airflowvm
[2022-03-11 18:53:08,410] {taskinstance.py:1424} INFO - Exporting the following env vars:
AIRFLOW_CTX_DAG_OWNER=airflow
AIRFLOW_CTX_DAG_ID=parallel_dag.processing_tasks
AIRFLOW_CTX_TASK_ID=task_02
AIRFLOW_CTX_EXECUTION_DATE=2022-01-14T00:00:00+00:00
AIRFLOW_CTX_DAG_RUN_ID=scheduled__2022-01-14T00:00:00+00:00
[2022-03-11 18:53:08,446] {subprocess.py:62} INFO - Tmp dir root location: 
 /tmp
[2022-03-11 18:53:08,446] {subprocess.py:74} INFO - Running command: ['bash', '-c', 'sleep 3']
[2022-03-11 18:53:08,992] {subprocess.py:85} INFO - Output:
[2022-03-11 18:53:12,031] {subprocess.py:93} INFO - Command exited with return code 0
[2022-03-11 18:53:13,508] {taskinstance.py:1267} INFO - Marking task as SUCCESS. dag_id=parallel_dag.processing_tasks, task_id=task_02, execution_date=20220114T000000, start_date=20220311T185304, end_date=20220311T185313
[2022-03-11 18:53:13,929] {local_task_job.py:154} INFO - Task exited with return code 0
[2022-03-11 18:53:14,938] {local_task_job.py:264} INFO - 0 downstream tasks scheduled from follow-on schedule check
