[2022-03-14 19:22:48,126] {taskinstance.py:1032} INFO - Dependencies all met for <TaskInstance: xcom_dag.downloading_data scheduled__2022-03-11T00:00:00+00:00 [queued]>
[2022-03-14 19:22:48,303] {taskinstance.py:1032} INFO - Dependencies all met for <TaskInstance: xcom_dag.downloading_data scheduled__2022-03-11T00:00:00+00:00 [queued]>
[2022-03-14 19:22:48,304] {taskinstance.py:1238} INFO - 
--------------------------------------------------------------------------------
[2022-03-14 19:22:48,304] {taskinstance.py:1239} INFO - Starting attempt 1 of 1
[2022-03-14 19:22:48,304] {taskinstance.py:1240} INFO - 
--------------------------------------------------------------------------------
[2022-03-14 19:22:48,473] {taskinstance.py:1259} INFO - Executing <Task(BashOperator): downloading_data> on 2022-03-11 00:00:00+00:00
[2022-03-14 19:22:48,514] {standard_task_runner.py:52} INFO - Started process 2334 to run task
[2022-03-14 19:22:48,567] {standard_task_runner.py:76} INFO - Running: ['airflow', 'tasks', 'run', 'xcom_dag', 'downloading_data', 'scheduled__2022-03-11T00:00:00+00:00', '--job-id', '102', '--raw', '--subdir', 'DAGS_FOLDER/xcom_dag.py', '--cfg-path', '/tmp/tmpnxzcymxo', '--error-file', '/tmp/tmpedvecsnu']
[2022-03-14 19:22:48,575] {standard_task_runner.py:77} INFO - Job 102: Subtask downloading_data
[2022-03-14 19:22:50,404] {logging_mixin.py:109} INFO - Running <TaskInstance: xcom_dag.downloading_data scheduled__2022-03-11T00:00:00+00:00 [running]> on host airflowvm
[2022-03-14 19:22:52,053] {taskinstance.py:1424} INFO - Exporting the following env vars:
AIRFLOW_CTX_DAG_OWNER=airflow
AIRFLOW_CTX_DAG_ID=xcom_dag
AIRFLOW_CTX_TASK_ID=downloading_data
AIRFLOW_CTX_EXECUTION_DATE=2022-03-11T00:00:00+00:00
AIRFLOW_CTX_DAG_RUN_ID=scheduled__2022-03-11T00:00:00+00:00
[2022-03-14 19:22:52,053] {subprocess.py:62} INFO - Tmp dir root location: 
 /tmp
[2022-03-14 19:22:52,054] {subprocess.py:74} INFO - Running command: ['bash', '-c', 'sleep 3']
[2022-03-14 19:22:52,131] {subprocess.py:85} INFO - Output:
[2022-03-14 19:22:55,215] {subprocess.py:93} INFO - Command exited with return code 0
[2022-03-14 19:22:56,330] {taskinstance.py:1267} INFO - Marking task as SUCCESS. dag_id=xcom_dag, task_id=downloading_data, execution_date=20220311T000000, start_date=20220314T192248, end_date=20220314T192256
[2022-03-14 19:22:56,903] {local_task_job.py:154} INFO - Task exited with return code 0
[2022-03-14 19:22:58,280] {local_task_job.py:264} INFO - 3 downstream tasks scheduled from follow-on schedule check
