[2022-03-11 19:08:26,189] {taskinstance.py:1032} INFO - Dependencies all met for <TaskInstance: xcom_dag.task_4 manual__2022-03-11T19:07:59.787580+00:00 [queued]>
[2022-03-11 19:08:26,236] {taskinstance.py:1032} INFO - Dependencies all met for <TaskInstance: xcom_dag.task_4 manual__2022-03-11T19:07:59.787580+00:00 [queued]>
[2022-03-11 19:08:26,236] {taskinstance.py:1238} INFO - 
--------------------------------------------------------------------------------
[2022-03-11 19:08:26,236] {taskinstance.py:1239} INFO - Starting attempt 1 of 1
[2022-03-11 19:08:26,236] {taskinstance.py:1240} INFO - 
--------------------------------------------------------------------------------
[2022-03-11 19:08:26,285] {taskinstance.py:1259} INFO - Executing <Task(PythonOperator): task_4> on 2022-03-11 19:07:59.787580+00:00
[2022-03-11 19:08:26,291] {standard_task_runner.py:52} INFO - Started process 14034 to run task
[2022-03-11 19:08:26,337] {standard_task_runner.py:76} INFO - Running: ['airflow', 'tasks', 'run', 'xcom_dag', 'task_4', 'manual__2022-03-11T19:07:59.787580+00:00', '--job-id', '94', '--raw', '--subdir', 'DAGS_FOLDER/xcom_dag.py', '--cfg-path', '/tmp/tmppi8t87qx', '--error-file', '/tmp/tmpci1540kw']
[2022-03-11 19:08:26,343] {standard_task_runner.py:77} INFO - Job 94: Subtask task_4
[2022-03-11 19:08:27,128] {logging_mixin.py:109} INFO - Running <TaskInstance: xcom_dag.task_4 manual__2022-03-11T19:07:59.787580+00:00 [running]> on host airflowvm
[2022-03-11 19:08:28,131] {taskinstance.py:1424} INFO - Exporting the following env vars:
AIRFLOW_CTX_DAG_OWNER=airflow
AIRFLOW_CTX_DAG_ID=xcom_dag
AIRFLOW_CTX_TASK_ID=task_4
AIRFLOW_CTX_EXECUTION_DATE=2022-03-11T19:07:59.787580+00:00
AIRFLOW_CTX_DAG_RUN_ID=manual__2022-03-11T19:07:59.787580+00:00
[2022-03-11 19:08:28,131] {logging_mixin.py:109} INFO - choose best model
[2022-03-11 19:08:28,281] {logging_mixin.py:109} INFO - [None, None, None]
[2022-03-11 19:08:28,281] {python.py:175} INFO - Done. Returned value was: None
[2022-03-11 19:08:28,581] {taskinstance.py:1267} INFO - Marking task as SUCCESS. dag_id=xcom_dag, task_id=task_4, execution_date=20220311T190759, start_date=20220311T190826, end_date=20220311T190828
[2022-03-11 19:08:29,176] {local_task_job.py:154} INFO - Task exited with return code 0
[2022-03-11 19:08:29,478] {local_task_job.py:264} INFO - 0 downstream tasks scheduled from follow-on schedule check
