[2021-12-30 20:59:16,985] {taskinstance.py:876} INFO - Dependencies all met for <TaskInstance: user_processing.extracting_user 2021-12-29T00:00:00+00:00 [queued]>
[2021-12-30 20:59:16,993] {taskinstance.py:876} INFO - Dependencies all met for <TaskInstance: user_processing.extracting_user 2021-12-29T00:00:00+00:00 [queued]>
[2021-12-30 20:59:16,993] {taskinstance.py:1067} INFO - 
--------------------------------------------------------------------------------
[2021-12-30 20:59:16,993] {taskinstance.py:1068} INFO - Starting attempt 1 of 1
[2021-12-30 20:59:16,994] {taskinstance.py:1069} INFO - 
--------------------------------------------------------------------------------
[2021-12-30 20:59:17,003] {taskinstance.py:1087} INFO - Executing <Task(SimpleHttpOperator): extracting_user> on 2021-12-29T00:00:00+00:00
[2021-12-30 20:59:17,004] {standard_task_runner.py:52} INFO - Started process 6920 to run task
[2021-12-30 20:59:17,029] {standard_task_runner.py:76} INFO - Running: ['airflow', 'tasks', 'run', 'user_processing', 'extracting_user', '2021-12-29T00:00:00+00:00', '--job-id', '61', '--pool', 'default_pool', '--raw', '--subdir', 'DAGS_FOLDER/user_processing.py', '--cfg-path', '/tmp/tmp60f0qh1_', '--error-file', '/tmp/tmpgmryu610']
[2021-12-30 20:59:17,030] {standard_task_runner.py:77} INFO - Job 61: Subtask extracting_user
[2021-12-30 20:59:17,148] {logging_mixin.py:104} INFO - Running <TaskInstance: user_processing.extracting_user 2021-12-29T00:00:00+00:00 [running]> on host airflowvm
[2021-12-30 20:59:17,298] {taskinstance.py:1280} INFO - Exporting the following env vars:
AIRFLOW_CTX_DAG_OWNER=airflow
AIRFLOW_CTX_DAG_ID=user_processing
AIRFLOW_CTX_TASK_ID=extracting_user
AIRFLOW_CTX_EXECUTION_DATE=2021-12-29T00:00:00+00:00
AIRFLOW_CTX_DAG_RUN_ID=scheduled__2021-12-29T00:00:00+00:00
[2021-12-30 20:59:17,299] {http.py:111} INFO - Calling HTTP method
[2021-12-30 20:59:17,324] {base.py:69} INFO - Using connection to: id: user_api. Host: https://randomuser.me/, Port: None, Schema: , Login: , Password: None, extra: {}
[2021-12-30 20:59:17,326] {http.py:140} INFO - Sending 'GET' to url: https://randomuser.me/api/
[2021-12-30 20:59:17,576] {http.py:115} INFO - {"results":[{"gender":"male","name":{"title":"Mr","first":"Cooper","last":"Wilson"},"location":{"street":{"number":4330,"name":"Edmonton Road"},"city":"Timaru","state":"Marlborough","country":"New Zealand","postcode":97710,"coordinates":{"latitude":"62.1468","longitude":"-113.1419"},"timezone":{"offset":"-2:00","description":"Mid-Atlantic"}},"email":"cooper.wilson@example.com","login":{"uuid":"4e563c6f-1d58-4cf7-9afd-d56485452e37","username":"yellowswan876","password":"peyton","salt":"f2vFX7Cw","md5":"9dbc97df7164fe768496f2f333a1b169","sha1":"2e239ab2b704fd5bdb7e14757bb1da855af69bfb","sha256":"b048fa42bdbbfe8ee748b6c4bb482f34831c893e194913d816423e6ddc18ada2"},"dob":{"date":"1963-05-28T10:41:48.062Z","age":58},"registered":{"date":"2009-06-11T22:51:46.270Z","age":12},"phone":"(532)-319-2472","cell":"(700)-535-7296","id":{"name":"","value":null},"picture":{"large":"https://randomuser.me/api/portraits/men/25.jpg","medium":"https://randomuser.me/api/portraits/med/men/25.jpg","thumbnail":"https://randomuser.me/api/portraits/thumb/men/25.jpg"},"nat":"NZ"}],"info":{"seed":"f2794960fef3f6f0","results":1,"page":1,"version":"1.3"}}
[2021-12-30 20:59:17,592] {taskinstance.py:1184} INFO - Marking task as SUCCESS. dag_id=user_processing, task_id=extracting_user, execution_date=20211229T000000, start_date=20211230T205916, end_date=20211230T205917
[2021-12-30 20:59:17,636] {taskinstance.py:1245} INFO - 1 downstream tasks scheduled from follow-on schedule check
[2021-12-30 20:59:17,676] {local_task_job.py:151} INFO - Task exited with return code 0
