[2022-03-15 19:42:18,687] {taskinstance.py:1032} INFO - Dependencies all met for <TaskInstance: xcom_dag.downloading_data manual__2022-03-15T19:42:16.247146+00:00 [queued]>
[2022-03-15 19:42:18,936] {taskinstance.py:1032} INFO - Dependencies all met for <TaskInstance: xcom_dag.downloading_data manual__2022-03-15T19:42:16.247146+00:00 [queued]>
[2022-03-15 19:42:18,942] {taskinstance.py:1238} INFO - 
--------------------------------------------------------------------------------
[2022-03-15 19:42:18,945] {taskinstance.py:1239} INFO - Starting attempt 1 of 1
[2022-03-15 19:42:18,946] {taskinstance.py:1240} INFO - 
--------------------------------------------------------------------------------
[2022-03-15 19:42:18,990] {taskinstance.py:1259} INFO - Executing <Task(BashOperator): downloading_data> on 2022-03-15 19:42:16.247146+00:00
[2022-03-15 19:42:18,993] {standard_task_runner.py:52} INFO - Started process 17675 to run task
[2022-03-15 19:42:19,008] {standard_task_runner.py:76} INFO - Running: ['airflow', 'tasks', 'run', 'xcom_dag', 'downloading_data', 'manual__2022-03-15T19:42:16.247146+00:00', '--job-id', '171', '--raw', '--subdir', 'DAGS_FOLDER/xcom_dag.py', '--cfg-path', '/tmp/tmpr6mpd6os', '--error-file', '/tmp/tmp14xq70zd']
[2022-03-15 19:42:19,012] {standard_task_runner.py:77} INFO - Job 171: Subtask downloading_data
[2022-03-15 19:42:19,358] {logging_mixin.py:109} INFO - Running <TaskInstance: xcom_dag.downloading_data manual__2022-03-15T19:42:16.247146+00:00 [running]> on host airflowvm
[2022-03-15 19:42:19,814] {taskinstance.py:1424} INFO - Exporting the following env vars:
AIRFLOW_CTX_DAG_OWNER=airflow
AIRFLOW_CTX_DAG_ID=xcom_dag
AIRFLOW_CTX_TASK_ID=downloading_data
AIRFLOW_CTX_EXECUTION_DATE=2022-03-15T19:42:16.247146+00:00
AIRFLOW_CTX_DAG_RUN_ID=manual__2022-03-15T19:42:16.247146+00:00
[2022-03-15 19:42:19,833] {subprocess.py:62} INFO - Tmp dir root location: 
 /tmp
[2022-03-15 19:42:19,843] {subprocess.py:74} INFO - Running command: ['bash', '-c', 'sleep 3']
[2022-03-15 19:42:20,000] {subprocess.py:85} INFO - Output:
[2022-03-15 19:42:23,009] {subprocess.py:93} INFO - Command exited with return code 0
[2022-03-15 19:42:23,112] {taskinstance.py:1267} INFO - Marking task as SUCCESS. dag_id=xcom_dag, task_id=downloading_data, execution_date=20220315T194216, start_date=20220315T194218, end_date=20220315T194223
[2022-03-15 19:42:23,183] {local_task_job.py:154} INFO - Task exited with return code 0
[2022-03-15 19:42:23,354] {local_task_job.py:264} INFO - 3 downstream tasks scheduled from follow-on schedule check
