[2022-01-14 20:52:45,641] {taskinstance.py:1032} INFO - Dependencies all met for <TaskInstance: parallel_dag.processing_tasks.task_02 scheduled__2022-01-13T00:00:00+00:00 [queued]>
[2022-01-14 20:52:46,087] {taskinstance.py:1032} INFO - Dependencies all met for <TaskInstance: parallel_dag.processing_tasks.task_02 scheduled__2022-01-13T00:00:00+00:00 [queued]>
[2022-01-14 20:52:46,088] {taskinstance.py:1238} INFO - 
--------------------------------------------------------------------------------
[2022-01-14 20:52:46,088] {taskinstance.py:1239} INFO - Starting attempt 1 of 1
[2022-01-14 20:52:46,088] {taskinstance.py:1240} INFO - 
--------------------------------------------------------------------------------
[2022-01-14 20:52:47,091] {taskinstance.py:1259} INFO - Executing <Task(BashOperator): task_02> on 2022-01-13 00:00:00+00:00
[2022-01-14 20:52:47,102] {standard_task_runner.py:52} INFO - Started process 50304 to run task
[2022-01-14 20:52:47,899] {standard_task_runner.py:76} INFO - Running: ['airflow', 'tasks', 'run', 'parallel_dag.processing_tasks', 'task_02', 'scheduled__2022-01-13T00:00:00+00:00', '--job-id', '63', '--raw', '--subdir', 'DAGS_FOLDER/parallel_dags.py', '--cfg-path', '/tmp/tmpapijr4vx', '--error-file', '/tmp/tmpd0zoi08i']
[2022-01-14 20:52:47,901] {standard_task_runner.py:77} INFO - Job 63: Subtask task_02
[2022-01-14 20:52:52,641] {logging_mixin.py:109} INFO - Running <TaskInstance: parallel_dag.processing_tasks.task_02 scheduled__2022-01-13T00:00:00+00:00 [running]> on host airflowvm
[2022-01-14 20:53:00,339] {taskinstance.py:1424} INFO - Exporting the following env vars:
AIRFLOW_CTX_DAG_OWNER=airflow
AIRFLOW_CTX_DAG_ID=parallel_dag.processing_tasks
AIRFLOW_CTX_TASK_ID=task_02
AIRFLOW_CTX_EXECUTION_DATE=2022-01-13T00:00:00+00:00
AIRFLOW_CTX_DAG_RUN_ID=scheduled__2022-01-13T00:00:00+00:00
[2022-01-14 20:53:00,340] {subprocess.py:62} INFO - Tmp dir root location: 
 /tmp
[2022-01-14 20:53:00,340] {subprocess.py:74} INFO - Running command: ['bash', '-c', 'sleep 3']
[2022-01-14 20:53:00,449] {subprocess.py:85} INFO - Output:
[2022-01-14 20:53:03,590] {subprocess.py:93} INFO - Command exited with return code 0
[2022-01-14 20:53:07,341] {taskinstance.py:1267} INFO - Marking task as SUCCESS. dag_id=parallel_dag.processing_tasks, task_id=task_02, execution_date=20220113T000000, start_date=20220114T205245, end_date=20220114T205307
[2022-01-14 20:53:08,786] {local_task_job.py:154} INFO - Task exited with return code 0
[2022-01-14 20:53:12,747] {local_task_job.py:264} INFO - 0 downstream tasks scheduled from follow-on schedule check
