[2022-01-03 20:17:17,557] {taskinstance.py:876} INFO - Dependencies all met for <TaskInstance: example_bash_operator.runme_0 2021-12-31T00:00:00+00:00 [queued]>
[2022-01-03 20:17:17,578] {taskinstance.py:876} INFO - Dependencies all met for <TaskInstance: example_bash_operator.runme_0 2021-12-31T00:00:00+00:00 [queued]>
[2022-01-03 20:17:17,579] {taskinstance.py:1067} INFO - 
--------------------------------------------------------------------------------
[2022-01-03 20:17:17,579] {taskinstance.py:1068} INFO - Starting attempt 1 of 1
[2022-01-03 20:17:17,579] {taskinstance.py:1069} INFO - 
--------------------------------------------------------------------------------
[2022-01-03 20:17:17,594] {taskinstance.py:1087} INFO - Executing <Task(BashOperator): runme_0> on 2021-12-31T00:00:00+00:00
[2022-01-03 20:17:17,596] {standard_task_runner.py:52} INFO - Started process 2440 to run task
[2022-01-03 20:17:17,600] {standard_task_runner.py:76} INFO - Running: ['airflow', 'tasks', 'run', 'example_bash_operator', 'runme_0', '2021-12-31T00:00:00+00:00', '--job-id', '70', '--pool', 'default_pool', '--raw', '--subdir', '/home/airflow/sandbox/lib/python3.8/site-packages/airflow/example_dags/example_bash_operator.py', '--cfg-path', '/tmp/tmpsukjepsx', '--error-file', '/tmp/tmpqo1s2vbe']
[2022-01-03 20:17:17,601] {standard_task_runner.py:77} INFO - Job 70: Subtask runme_0
[2022-01-03 20:17:17,732] {logging_mixin.py:104} INFO - Running <TaskInstance: example_bash_operator.runme_0 2021-12-31T00:00:00+00:00 [running]> on host airflowvm
[2022-01-03 20:17:18,009] {taskinstance.py:1280} INFO - Exporting the following env vars:
AIRFLOW_CTX_DAG_OWNER=airflow
AIRFLOW_CTX_DAG_ID=example_bash_operator
AIRFLOW_CTX_TASK_ID=runme_0
AIRFLOW_CTX_EXECUTION_DATE=2021-12-31T00:00:00+00:00
AIRFLOW_CTX_DAG_RUN_ID=scheduled__2021-12-31T00:00:00+00:00
[2022-01-03 20:17:18,010] {subprocess.py:52} INFO - Tmp dir root location: 
 /tmp
[2022-01-03 20:17:18,010] {subprocess.py:63} INFO - Running command: ['bash', '-c', 'echo "example_bash_operator__runme_0__20211231" && sleep 1']
[2022-01-03 20:17:18,015] {subprocess.py:75} INFO - Output:
[2022-01-03 20:17:18,016] {subprocess.py:79} INFO - example_bash_operator__runme_0__20211231
[2022-01-03 20:17:19,031] {subprocess.py:83} INFO - Command exited with return code 0
[2022-01-03 20:17:19,054] {taskinstance.py:1184} INFO - Marking task as SUCCESS. dag_id=example_bash_operator, task_id=runme_0, execution_date=20211231T000000, start_date=20220103T201717, end_date=20220103T201719
[2022-01-03 20:17:19,090] {taskinstance.py:1245} INFO - 0 downstream tasks scheduled from follow-on schedule check
[2022-01-03 20:17:19,130] {local_task_job.py:151} INFO - Task exited with return code 0
