[2022-01-03 20:17:00,878] {taskinstance.py:876} INFO - Dependencies all met for <TaskInstance: example_bash_operator.runme_1 2021-12-30T00:00:00+00:00 [queued]>
[2022-01-03 20:17:00,886] {taskinstance.py:876} INFO - Dependencies all met for <TaskInstance: example_bash_operator.runme_1 2021-12-30T00:00:00+00:00 [queued]>
[2022-01-03 20:17:00,887] {taskinstance.py:1067} INFO - 
--------------------------------------------------------------------------------
[2022-01-03 20:17:00,887] {taskinstance.py:1068} INFO - Starting attempt 1 of 1
[2022-01-03 20:17:00,887] {taskinstance.py:1069} INFO - 
--------------------------------------------------------------------------------
[2022-01-03 20:17:00,928] {taskinstance.py:1087} INFO - Executing <Task(BashOperator): runme_1> on 2021-12-30T00:00:00+00:00
[2022-01-03 20:17:00,929] {standard_task_runner.py:52} INFO - Started process 2252 to run task
[2022-01-03 20:17:00,939] {standard_task_runner.py:76} INFO - Running: ['airflow', 'tasks', 'run', 'example_bash_operator', 'runme_1', '2021-12-30T00:00:00+00:00', '--job-id', '66', '--pool', 'default_pool', '--raw', '--subdir', '/home/airflow/sandbox/lib/python3.8/site-packages/airflow/example_dags/example_bash_operator.py', '--cfg-path', '/tmp/tmpe9xhkqpi', '--error-file', '/tmp/tmpd5f2ks66']
[2022-01-03 20:17:00,939] {standard_task_runner.py:77} INFO - Job 66: Subtask runme_1
[2022-01-03 20:17:01,075] {logging_mixin.py:104} INFO - Running <TaskInstance: example_bash_operator.runme_1 2021-12-30T00:00:00+00:00 [running]> on host airflowvm
[2022-01-03 20:17:01,334] {taskinstance.py:1280} INFO - Exporting the following env vars:
AIRFLOW_CTX_DAG_OWNER=airflow
AIRFLOW_CTX_DAG_ID=example_bash_operator
AIRFLOW_CTX_TASK_ID=runme_1
AIRFLOW_CTX_EXECUTION_DATE=2021-12-30T00:00:00+00:00
AIRFLOW_CTX_DAG_RUN_ID=scheduled__2021-12-30T00:00:00+00:00
[2022-01-03 20:17:01,335] {subprocess.py:52} INFO - Tmp dir root location: 
 /tmp
[2022-01-03 20:17:01,335] {subprocess.py:63} INFO - Running command: ['bash', '-c', 'echo "example_bash_operator__runme_1__20211230" && sleep 1']
[2022-01-03 20:17:01,340] {subprocess.py:75} INFO - Output:
[2022-01-03 20:17:01,343] {subprocess.py:79} INFO - example_bash_operator__runme_1__20211230
[2022-01-03 20:17:02,345] {subprocess.py:83} INFO - Command exited with return code 0
[2022-01-03 20:17:02,379] {taskinstance.py:1184} INFO - Marking task as SUCCESS. dag_id=example_bash_operator, task_id=runme_1, execution_date=20211230T000000, start_date=20220103T201700, end_date=20220103T201702
[2022-01-03 20:17:02,403] {taskinstance.py:1245} INFO - 0 downstream tasks scheduled from follow-on schedule check
[2022-01-03 20:17:02,427] {local_task_job.py:151} INFO - Task exited with return code 0
