[2022-01-14 20:53:21,189] {taskinstance.py:1032} INFO - Dependencies all met for <TaskInstance: parallel_dag.processing_tasks.task_03 scheduled__2022-01-14T20:51:26.443113+00:00 [queued]>
[2022-01-14 20:53:21,843] {taskinstance.py:1032} INFO - Dependencies all met for <TaskInstance: parallel_dag.processing_tasks.task_03 scheduled__2022-01-14T20:51:26.443113+00:00 [queued]>
[2022-01-14 20:53:21,845] {taskinstance.py:1238} INFO - 
--------------------------------------------------------------------------------
[2022-01-14 20:53:21,845] {taskinstance.py:1239} INFO - Starting attempt 1 of 1
[2022-01-14 20:53:21,949] {taskinstance.py:1240} INFO - 
--------------------------------------------------------------------------------
[2022-01-14 20:53:23,439] {taskinstance.py:1259} INFO - Executing <Task(BashOperator): task_03> on 2022-01-14 20:51:26.443113+00:00
[2022-01-14 20:53:23,550] {standard_task_runner.py:52} INFO - Started process 51190 to run task
[2022-01-14 20:53:23,648] {standard_task_runner.py:76} INFO - Running: ['airflow', 'tasks', 'run', 'parallel_dag.processing_tasks', 'task_03', 'scheduled__2022-01-14T20:51:26.443113+00:00', '--job-id', '66', '--raw', '--subdir', 'DAGS_FOLDER/parallel_dags.py', '--cfg-path', '/tmp/tmp89kgomug', '--error-file', '/tmp/tmpkwr4ihgu']
[2022-01-14 20:53:23,790] {standard_task_runner.py:77} INFO - Job 66: Subtask task_03
[2022-01-14 20:53:32,239] {logging_mixin.py:109} INFO - Running <TaskInstance: parallel_dag.processing_tasks.task_03 scheduled__2022-01-14T20:51:26.443113+00:00 [running]> on host airflowvm
[2022-01-14 20:53:37,992] {taskinstance.py:1424} INFO - Exporting the following env vars:
AIRFLOW_CTX_DAG_OWNER=airflow
AIRFLOW_CTX_DAG_ID=parallel_dag.processing_tasks
AIRFLOW_CTX_TASK_ID=task_03
AIRFLOW_CTX_EXECUTION_DATE=2022-01-14T20:51:26.443113+00:00
AIRFLOW_CTX_DAG_RUN_ID=scheduled__2022-01-14T20:51:26.443113+00:00
[2022-01-14 20:53:37,993] {subprocess.py:62} INFO - Tmp dir root location: 
 /tmp
[2022-01-14 20:53:37,994] {subprocess.py:74} INFO - Running command: ['bash', '-c', 'sleep 3']
[2022-01-14 20:53:38,045] {subprocess.py:85} INFO - Output:
[2022-01-14 20:53:42,498] {subprocess.py:93} INFO - Command exited with return code 0
[2022-01-14 20:53:44,440] {taskinstance.py:1267} INFO - Marking task as SUCCESS. dag_id=parallel_dag.processing_tasks, task_id=task_03, execution_date=20220114T205126, start_date=20220114T205321, end_date=20220114T205344
[2022-01-14 20:53:48,590] {local_task_job.py:154} INFO - Task exited with return code 0
[2022-01-14 20:53:57,238] {local_task_job.py:264} INFO - 0 downstream tasks scheduled from follow-on schedule check
