[2022-03-11 19:08:17,485] {taskinstance.py:1032} INFO - Dependencies all met for <TaskInstance: xcom_dag.processing_tasks.training_model_a manual__2022-03-11T19:07:59.787580+00:00 [queued]>
[2022-03-11 19:08:18,130] {taskinstance.py:1032} INFO - Dependencies all met for <TaskInstance: xcom_dag.processing_tasks.training_model_a manual__2022-03-11T19:07:59.787580+00:00 [queued]>
[2022-03-11 19:08:18,132] {taskinstance.py:1238} INFO - 
--------------------------------------------------------------------------------
[2022-03-11 19:08:18,132] {taskinstance.py:1239} INFO - Starting attempt 1 of 1
[2022-03-11 19:08:18,132] {taskinstance.py:1240} INFO - 
--------------------------------------------------------------------------------
[2022-03-11 19:08:18,393] {taskinstance.py:1259} INFO - Executing <Task(PythonOperator): processing_tasks.training_model_a> on 2022-03-11 19:07:59.787580+00:00
[2022-03-11 19:08:18,395] {standard_task_runner.py:52} INFO - Started process 13720 to run task
[2022-03-11 19:08:18,578] {standard_task_runner.py:76} INFO - Running: ['airflow', 'tasks', 'run', 'xcom_dag', 'processing_tasks.training_model_a', 'manual__2022-03-11T19:07:59.787580+00:00', '--job-id', '92', '--raw', '--subdir', 'DAGS_FOLDER/xcom_dag.py', '--cfg-path', '/tmp/tmplj8dta_w', '--error-file', '/tmp/tmpprwnvh1y']
[2022-03-11 19:08:18,582] {standard_task_runner.py:77} INFO - Job 92: Subtask processing_tasks.training_model_a
[2022-03-11 19:08:19,776] {logging_mixin.py:109} INFO - Running <TaskInstance: xcom_dag.processing_tasks.training_model_a manual__2022-03-11T19:07:59.787580+00:00 [running]> on host airflowvm
[2022-03-11 19:08:21,777] {taskinstance.py:1424} INFO - Exporting the following env vars:
AIRFLOW_CTX_DAG_OWNER=airflow
AIRFLOW_CTX_DAG_ID=xcom_dag
AIRFLOW_CTX_TASK_ID=processing_tasks.training_model_a
AIRFLOW_CTX_EXECUTION_DATE=2022-03-11T19:07:59.787580+00:00
AIRFLOW_CTX_DAG_RUN_ID=manual__2022-03-11T19:07:59.787580+00:00
[2022-03-11 19:08:21,778] {logging_mixin.py:109} INFO - model's accuracy: 5.56254606269822
[2022-03-11 19:08:21,847] {python.py:175} INFO - Done. Returned value was: None
[2022-03-11 19:08:22,138] {taskinstance.py:1267} INFO - Marking task as SUCCESS. dag_id=xcom_dag, task_id=processing_tasks.training_model_a, execution_date=20220311T190759, start_date=20220311T190817, end_date=20220311T190822
[2022-03-11 19:08:22,629] {local_task_job.py:154} INFO - Task exited with return code 0
[2022-03-11 19:08:23,288] {local_task_job.py:264} INFO - 0 downstream tasks scheduled from follow-on schedule check
