[2022-03-15 19:23:01,935] {taskinstance.py:1032} INFO - Dependencies all met for <TaskInstance: xcom_dag.choose_model manual__2022-03-14T19:29:19.557221+00:00 [queued]>
[2022-03-15 19:23:02,010] {taskinstance.py:1032} INFO - Dependencies all met for <TaskInstance: xcom_dag.choose_model manual__2022-03-14T19:29:19.557221+00:00 [queued]>
[2022-03-15 19:23:02,025] {taskinstance.py:1238} INFO - 
--------------------------------------------------------------------------------
[2022-03-15 19:23:02,026] {taskinstance.py:1239} INFO - Starting attempt 3 of 3
[2022-03-15 19:23:02,027] {taskinstance.py:1240} INFO - 
--------------------------------------------------------------------------------
[2022-03-15 19:23:02,077] {taskinstance.py:1259} INFO - Executing <Task(BranchPythonOperator): choose_model> on 2022-03-14 19:29:19.557221+00:00
[2022-03-15 19:23:02,084] {standard_task_runner.py:52} INFO - Started process 7895 to run task
[2022-03-15 19:23:02,102] {standard_task_runner.py:76} INFO - Running: ['airflow', 'tasks', 'run', 'xcom_dag', 'choose_model', 'manual__2022-03-14T19:29:19.557221+00:00', '--job-id', '148', '--raw', '--subdir', 'DAGS_FOLDER/xcom_dag.py', '--cfg-path', '/tmp/tmp9gx1rq29', '--error-file', '/tmp/tmphii2l2wy']
[2022-03-15 19:23:02,107] {standard_task_runner.py:77} INFO - Job 148: Subtask choose_model
[2022-03-15 19:23:02,427] {logging_mixin.py:109} INFO - Running <TaskInstance: xcom_dag.choose_model manual__2022-03-14T19:29:19.557221+00:00 [running]> on host airflowvm
[2022-03-15 19:23:02,844] {taskinstance.py:1424} INFO - Exporting the following env vars:
AIRFLOW_CTX_DAG_OWNER=airflow
AIRFLOW_CTX_DAG_ID=xcom_dag
AIRFLOW_CTX_TASK_ID=choose_model
AIRFLOW_CTX_EXECUTION_DATE=2022-03-14T19:29:19.557221+00:00
AIRFLOW_CTX_DAG_RUN_ID=manual__2022-03-14T19:29:19.557221+00:00
[2022-03-15 19:23:02,844] {logging_mixin.py:109} INFO - choose best model
[2022-03-15 19:23:02,878] {python.py:175} INFO - Done. Returned value was: inaccurate
[2022-03-15 19:23:02,879] {skipmixin.py:143} INFO - Following branch inaccurate
[2022-03-15 19:23:02,879] {skipmixin.py:174} INFO - Skipping tasks ['accurate']
[2022-03-15 19:23:03,011] {taskinstance.py:1267} INFO - Marking task as SUCCESS. dag_id=xcom_dag, task_id=choose_model, execution_date=20220314T192919, start_date=20220315T192301, end_date=20220315T192303
[2022-03-15 19:23:03,126] {local_task_job.py:154} INFO - Task exited with return code 0
[2022-03-15 19:23:03,337] {local_task_job.py:264} INFO - 1 downstream tasks scheduled from follow-on schedule check
