[2022-01-11 20:17:41,678] {taskinstance.py:1032} INFO - Dependencies all met for <TaskInstance: parallel_dag.task_04 scheduled__2022-01-10T00:00:00+00:00 [queued]>
[2022-01-11 20:17:41,755] {taskinstance.py:1032} INFO - Dependencies all met for <TaskInstance: parallel_dag.task_04 scheduled__2022-01-10T00:00:00+00:00 [queued]>
[2022-01-11 20:17:41,755] {taskinstance.py:1238} INFO - 
--------------------------------------------------------------------------------
[2022-01-11 20:17:41,759] {taskinstance.py:1239} INFO - Starting attempt 1 of 1
[2022-01-11 20:17:41,759] {taskinstance.py:1240} INFO - 
--------------------------------------------------------------------------------
[2022-01-11 20:17:41,855] {taskinstance.py:1259} INFO - Executing <Task(BashOperator): task_04> on 2022-01-10 00:00:00+00:00
[2022-01-11 20:17:41,883] {standard_task_runner.py:52} INFO - Started process 4193 to run task
[2022-01-11 20:17:41,900] {standard_task_runner.py:76} INFO - Running: ['airflow', 'tasks', 'run', 'parallel_dag', 'task_04', 'scheduled__2022-01-10T00:00:00+00:00', '--job-id', '38', '--raw', '--subdir', 'DAGS_FOLDER/parallel_dags.py', '--cfg-path', '/tmp/tmpndxqz_6h', '--error-file', '/tmp/tmpi78uepa4']
[2022-01-11 20:17:41,923] {standard_task_runner.py:77} INFO - Job 38: Subtask task_04
[2022-01-11 20:17:42,556] {logging_mixin.py:109} INFO - Running <TaskInstance: parallel_dag.task_04 scheduled__2022-01-10T00:00:00+00:00 [running]> on host airflowvm
[2022-01-11 20:17:53,037] {taskinstance.py:1424} INFO - Exporting the following env vars:
AIRFLOW_CTX_DAG_OWNER=airflow
AIRFLOW_CTX_DAG_ID=parallel_dag
AIRFLOW_CTX_TASK_ID=task_04
AIRFLOW_CTX_EXECUTION_DATE=2022-01-10T00:00:00+00:00
AIRFLOW_CTX_DAG_RUN_ID=scheduled__2022-01-10T00:00:00+00:00
[2022-01-11 20:17:53,049] {subprocess.py:62} INFO - Tmp dir root location: 
 /tmp
[2022-01-11 20:17:53,053] {subprocess.py:74} INFO - Running command: ['bash', '-c', 'sleep 3']
[2022-01-11 20:17:53,110] {subprocess.py:85} INFO - Output:
[2022-01-11 20:17:56,139] {subprocess.py:93} INFO - Command exited with return code 0
[2022-01-11 20:17:56,386] {taskinstance.py:1267} INFO - Marking task as SUCCESS. dag_id=parallel_dag, task_id=task_04, execution_date=20220110T000000, start_date=20220111T201741, end_date=20220111T201756
[2022-01-11 20:17:56,676] {local_task_job.py:154} INFO - Task exited with return code 0
[2022-01-11 20:17:56,832] {local_task_job.py:264} INFO - 0 downstream tasks scheduled from follow-on schedule check
[2022-01-11 20:19:23,375] {taskinstance.py:1032} INFO - Dependencies all met for <TaskInstance: parallel_dag.task_04 scheduled__2022-01-10T00:00:00+00:00 [queued]>
[2022-01-11 20:19:23,405] {taskinstance.py:1032} INFO - Dependencies all met for <TaskInstance: parallel_dag.task_04 scheduled__2022-01-10T00:00:00+00:00 [queued]>
[2022-01-11 20:19:23,405] {taskinstance.py:1238} INFO - 
--------------------------------------------------------------------------------
[2022-01-11 20:19:23,405] {taskinstance.py:1239} INFO - Starting attempt 1 of 1
[2022-01-11 20:19:23,405] {taskinstance.py:1240} INFO - 
--------------------------------------------------------------------------------
[2022-01-11 20:19:23,436] {taskinstance.py:1259} INFO - Executing <Task(BashOperator): task_04> on 2022-01-10 00:00:00+00:00
[2022-01-11 20:19:23,438] {standard_task_runner.py:52} INFO - Started process 7512 to run task
[2022-01-11 20:19:23,473] {standard_task_runner.py:76} INFO - Running: ['airflow', 'tasks', 'run', 'parallel_dag', 'task_04', 'scheduled__2022-01-10T00:00:00+00:00', '--job-id', '55', '--raw', '--subdir', 'DAGS_FOLDER/parallel_dags.py', '--cfg-path', '/tmp/tmpo_593cbb', '--error-file', '/tmp/tmp5dzwc9ug']
[2022-01-11 20:19:23,479] {standard_task_runner.py:77} INFO - Job 55: Subtask task_04
[2022-01-11 20:19:23,808] {logging_mixin.py:109} INFO - Running <TaskInstance: parallel_dag.task_04 scheduled__2022-01-10T00:00:00+00:00 [running]> on host airflowvm
[2022-01-11 20:19:24,007] {taskinstance.py:1424} INFO - Exporting the following env vars:
AIRFLOW_CTX_DAG_OWNER=airflow
AIRFLOW_CTX_DAG_ID=parallel_dag
AIRFLOW_CTX_TASK_ID=task_04
AIRFLOW_CTX_EXECUTION_DATE=2022-01-10T00:00:00+00:00
AIRFLOW_CTX_DAG_RUN_ID=scheduled__2022-01-10T00:00:00+00:00
[2022-01-11 20:19:24,013] {subprocess.py:62} INFO - Tmp dir root location: 
 /tmp
[2022-01-11 20:19:24,014] {subprocess.py:74} INFO - Running command: ['bash', '-c', 'sleep 3']
[2022-01-11 20:19:24,026] {subprocess.py:85} INFO - Output:
[2022-01-11 20:19:27,029] {subprocess.py:93} INFO - Command exited with return code 0
[2022-01-11 20:19:27,097] {taskinstance.py:1267} INFO - Marking task as SUCCESS. dag_id=parallel_dag, task_id=task_04, execution_date=20220110T000000, start_date=20220111T201923, end_date=20220111T201927
[2022-01-11 20:19:27,135] {local_task_job.py:154} INFO - Task exited with return code 0
[2022-01-11 20:19:27,209] {local_task_job.py:264} INFO - 0 downstream tasks scheduled from follow-on schedule check
