[2022-03-15 19:35:25,785] {taskinstance.py:1032} INFO - Dependencies all met for <TaskInstance: xcom_dag.processing_tasks.training_model_c manual__2022-03-15T19:35:13.372124+00:00 [queued]>
[2022-03-15 19:35:26,070] {taskinstance.py:1032} INFO - Dependencies all met for <TaskInstance: xcom_dag.processing_tasks.training_model_c manual__2022-03-15T19:35:13.372124+00:00 [queued]>
[2022-03-15 19:35:26,071] {taskinstance.py:1238} INFO - 
--------------------------------------------------------------------------------
[2022-03-15 19:35:26,071] {taskinstance.py:1239} INFO - Starting attempt 1 of 1
[2022-03-15 19:35:26,071] {taskinstance.py:1240} INFO - 
--------------------------------------------------------------------------------
[2022-03-15 19:35:26,169] {taskinstance.py:1259} INFO - Executing <Task(PythonOperator): processing_tasks.training_model_c> on 2022-03-15 19:35:13.372124+00:00
[2022-03-15 19:35:26,173] {standard_task_runner.py:52} INFO - Started process 14715 to run task
[2022-03-15 19:35:26,226] {standard_task_runner.py:76} INFO - Running: ['airflow', 'tasks', 'run', 'xcom_dag', 'processing_tasks.training_model_c', 'manual__2022-03-15T19:35:13.372124+00:00', '--job-id', '164', '--raw', '--subdir', 'DAGS_FOLDER/xcom_dag.py', '--cfg-path', '/tmp/tmpxu6ud_hg', '--error-file', '/tmp/tmptch7nn1h']
[2022-03-15 19:35:26,268] {standard_task_runner.py:77} INFO - Job 164: Subtask processing_tasks.training_model_c
[2022-03-15 19:35:27,821] {logging_mixin.py:109} INFO - Running <TaskInstance: xcom_dag.processing_tasks.training_model_c manual__2022-03-15T19:35:13.372124+00:00 [running]> on host airflowvm
[2022-03-15 19:35:28,697] {taskinstance.py:1424} INFO - Exporting the following env vars:
AIRFLOW_CTX_DAG_OWNER=airflow
AIRFLOW_CTX_DAG_ID=xcom_dag
AIRFLOW_CTX_TASK_ID=processing_tasks.training_model_c
AIRFLOW_CTX_EXECUTION_DATE=2022-03-15T19:35:13.372124+00:00
AIRFLOW_CTX_DAG_RUN_ID=manual__2022-03-15T19:35:13.372124+00:00
[2022-03-15 19:35:28,726] {logging_mixin.py:109} INFO - model's accuracy: 7.546456808001078
[2022-03-15 19:35:29,230] {python.py:175} INFO - Done. Returned value was: None
[2022-03-15 19:35:29,528] {taskinstance.py:1267} INFO - Marking task as SUCCESS. dag_id=xcom_dag, task_id=processing_tasks.training_model_c, execution_date=20220315T193513, start_date=20220315T193525, end_date=20220315T193529
[2022-03-15 19:35:29,716] {local_task_job.py:154} INFO - Task exited with return code 0
[2022-03-15 19:35:29,938] {local_task_job.py:264} INFO - 1 downstream tasks scheduled from follow-on schedule check
