[2022-01-03 20:18:00,417] {taskinstance.py:876} INFO - Dependencies all met for <TaskInstance: example_bash_operator.this_will_skip 2022-01-01T00:00:00+00:00 [queued]>
[2022-01-03 20:18:00,443] {taskinstance.py:876} INFO - Dependencies all met for <TaskInstance: example_bash_operator.this_will_skip 2022-01-01T00:00:00+00:00 [queued]>
[2022-01-03 20:18:00,443] {taskinstance.py:1067} INFO - 
--------------------------------------------------------------------------------
[2022-01-03 20:18:00,443] {taskinstance.py:1068} INFO - Starting attempt 1 of 1
[2022-01-03 20:18:00,443] {taskinstance.py:1069} INFO - 
--------------------------------------------------------------------------------
[2022-01-03 20:18:00,458] {taskinstance.py:1087} INFO - Executing <Task(BashOperator): this_will_skip> on 2022-01-01T00:00:00+00:00
[2022-01-03 20:18:00,459] {standard_task_runner.py:52} INFO - Started process 2690 to run task
[2022-01-03 20:18:00,484] {standard_task_runner.py:76} INFO - Running: ['airflow', 'tasks', 'run', 'example_bash_operator', 'this_will_skip', '2022-01-01T00:00:00+00:00', '--job-id', '81', '--pool', 'default_pool', '--raw', '--subdir', '/home/airflow/sandbox/lib/python3.8/site-packages/airflow/example_dags/example_bash_operator.py', '--cfg-path', '/tmp/tmpu28ah1ac', '--error-file', '/tmp/tmpjeqrtnva']
[2022-01-03 20:18:00,484] {standard_task_runner.py:77} INFO - Job 81: Subtask this_will_skip
[2022-01-03 20:18:00,658] {logging_mixin.py:104} INFO - Running <TaskInstance: example_bash_operator.this_will_skip 2022-01-01T00:00:00+00:00 [running]> on host airflowvm
[2022-01-03 20:18:00,933] {taskinstance.py:1280} INFO - Exporting the following env vars:
AIRFLOW_CTX_DAG_OWNER=airflow
AIRFLOW_CTX_DAG_ID=example_bash_operator
AIRFLOW_CTX_TASK_ID=this_will_skip
AIRFLOW_CTX_EXECUTION_DATE=2022-01-01T00:00:00+00:00
AIRFLOW_CTX_DAG_RUN_ID=scheduled__2022-01-01T00:00:00+00:00
[2022-01-03 20:18:00,934] {subprocess.py:52} INFO - Tmp dir root location: 
 /tmp
[2022-01-03 20:18:00,934] {subprocess.py:63} INFO - Running command: ['bash', '-c', 'echo "hello world"; exit 99;']
[2022-01-03 20:18:00,939] {subprocess.py:75} INFO - Output:
[2022-01-03 20:18:00,940] {subprocess.py:79} INFO - hello world
[2022-01-03 20:18:00,941] {subprocess.py:83} INFO - Command exited with return code 99
[2022-01-03 20:18:00,942] {taskinstance.py:1147} INFO - Bash command returned exit code 99. Skipping.
[2022-01-03 20:18:00,950] {taskinstance.py:1150} INFO - Marking task as SKIPPED. dag_id=example_bash_operator, task_id=this_will_skip, execution_date=20220101T000000, start_date=20220103T201800, end_date=
[2022-01-03 20:18:00,950] {taskinstance.py:1184} INFO - Marking task as SUCCESS. dag_id=example_bash_operator, task_id=this_will_skip, execution_date=20220101T000000, start_date=20220103T201800, end_date=20220103T201800
[2022-01-03 20:18:00,993] {taskinstance.py:1245} INFO - 0 downstream tasks scheduled from follow-on schedule check
[2022-01-03 20:18:01,033] {local_task_job.py:151} INFO - Task exited with return code 0
