[2022-03-14 19:22:52,082] {taskinstance.py:1032} INFO - Dependencies all met for <TaskInstance: xcom_dag.downloading_data scheduled__2022-03-13T00:00:00+00:00 [queued]>
[2022-03-14 19:22:52,781] {taskinstance.py:1032} INFO - Dependencies all met for <TaskInstance: xcom_dag.downloading_data scheduled__2022-03-13T00:00:00+00:00 [queued]>
[2022-03-14 19:22:52,812] {taskinstance.py:1238} INFO - 
--------------------------------------------------------------------------------
[2022-03-14 19:22:52,813] {taskinstance.py:1239} INFO - Starting attempt 1 of 1
[2022-03-14 19:22:52,813] {taskinstance.py:1240} INFO - 
--------------------------------------------------------------------------------
[2022-03-14 19:22:52,916] {taskinstance.py:1259} INFO - Executing <Task(BashOperator): downloading_data> on 2022-03-13 00:00:00+00:00
[2022-03-14 19:22:52,927] {standard_task_runner.py:52} INFO - Started process 2493 to run task
[2022-03-14 19:22:53,014] {standard_task_runner.py:76} INFO - Running: ['airflow', 'tasks', 'run', 'xcom_dag', 'downloading_data', 'scheduled__2022-03-13T00:00:00+00:00', '--job-id', '104', '--raw', '--subdir', 'DAGS_FOLDER/xcom_dag.py', '--cfg-path', '/tmp/tmpf06tb45a', '--error-file', '/tmp/tmp_9g30xpd']
[2022-03-14 19:22:53,055] {standard_task_runner.py:77} INFO - Job 104: Subtask downloading_data
[2022-03-14 19:22:55,105] {logging_mixin.py:109} INFO - Running <TaskInstance: xcom_dag.downloading_data scheduled__2022-03-13T00:00:00+00:00 [running]> on host airflowvm
[2022-03-14 19:22:56,459] {taskinstance.py:1424} INFO - Exporting the following env vars:
AIRFLOW_CTX_DAG_OWNER=airflow
AIRFLOW_CTX_DAG_ID=xcom_dag
AIRFLOW_CTX_TASK_ID=downloading_data
AIRFLOW_CTX_EXECUTION_DATE=2022-03-13T00:00:00+00:00
AIRFLOW_CTX_DAG_RUN_ID=scheduled__2022-03-13T00:00:00+00:00
[2022-03-14 19:22:56,462] {subprocess.py:62} INFO - Tmp dir root location: 
 /tmp
[2022-03-14 19:22:56,474] {subprocess.py:74} INFO - Running command: ['bash', '-c', 'sleep 3']
[2022-03-14 19:22:56,815] {subprocess.py:85} INFO - Output:
[2022-03-14 19:22:59,566] {subprocess.py:93} INFO - Command exited with return code 0
[2022-03-14 19:22:59,955] {taskinstance.py:1267} INFO - Marking task as SUCCESS. dag_id=xcom_dag, task_id=downloading_data, execution_date=20220313T000000, start_date=20220314T192252, end_date=20220314T192259
[2022-03-14 19:23:00,253] {local_task_job.py:154} INFO - Task exited with return code 0
[2022-03-14 19:23:00,810] {local_task_job.py:264} INFO - 3 downstream tasks scheduled from follow-on schedule check
