[2022-03-15 19:17:12,154] {taskinstance.py:1032} INFO - Dependencies all met for <TaskInstance: xcom_dag.processing_tasks.training_model_a manual__2022-03-14T19:29:19.557221+00:00 [queued]>
[2022-03-15 19:17:12,240] {taskinstance.py:1032} INFO - Dependencies all met for <TaskInstance: xcom_dag.processing_tasks.training_model_a manual__2022-03-14T19:29:19.557221+00:00 [queued]>
[2022-03-15 19:17:12,240] {taskinstance.py:1238} INFO - 
--------------------------------------------------------------------------------
[2022-03-15 19:17:12,240] {taskinstance.py:1239} INFO - Starting attempt 2 of 2
[2022-03-15 19:17:12,241] {taskinstance.py:1240} INFO - 
--------------------------------------------------------------------------------
[2022-03-15 19:17:12,262] {taskinstance.py:1259} INFO - Executing <Task(PythonOperator): processing_tasks.training_model_a> on 2022-03-14 19:29:19.557221+00:00
[2022-03-15 19:17:12,282] {standard_task_runner.py:52} INFO - Started process 5824 to run task
[2022-03-15 19:17:12,294] {standard_task_runner.py:76} INFO - Running: ['airflow', 'tasks', 'run', 'xcom_dag', 'processing_tasks.training_model_a', 'manual__2022-03-14T19:29:19.557221+00:00', '--job-id', '141', '--raw', '--subdir', 'DAGS_FOLDER/xcom_dag.py', '--cfg-path', '/tmp/tmpdl8msins', '--error-file', '/tmp/tmpqi9784bw']
[2022-03-15 19:17:12,296] {standard_task_runner.py:77} INFO - Job 141: Subtask processing_tasks.training_model_a
[2022-03-15 19:17:12,983] {logging_mixin.py:109} INFO - Running <TaskInstance: xcom_dag.processing_tasks.training_model_a manual__2022-03-14T19:29:19.557221+00:00 [running]> on host airflowvm
[2022-03-15 19:17:13,938] {taskinstance.py:1424} INFO - Exporting the following env vars:
AIRFLOW_CTX_DAG_OWNER=airflow
AIRFLOW_CTX_DAG_ID=xcom_dag
AIRFLOW_CTX_TASK_ID=processing_tasks.training_model_a
AIRFLOW_CTX_EXECUTION_DATE=2022-03-14T19:29:19.557221+00:00
AIRFLOW_CTX_DAG_RUN_ID=manual__2022-03-14T19:29:19.557221+00:00
[2022-03-15 19:17:13,942] {logging_mixin.py:109} INFO - model's accuracy: 9
[2022-03-15 19:17:14,258] {python.py:175} INFO - Done. Returned value was: None
[2022-03-15 19:17:14,381] {taskinstance.py:1267} INFO - Marking task as SUCCESS. dag_id=xcom_dag, task_id=processing_tasks.training_model_a, execution_date=20220314T192919, start_date=20220315T191712, end_date=20220315T191714
[2022-03-15 19:17:14,581] {local_task_job.py:154} INFO - Task exited with return code 0
[2022-03-15 19:17:15,142] {local_task_job.py:264} INFO - 0 downstream tasks scheduled from follow-on schedule check
