[2021-12-23 20:26:04,516] {taskinstance.py:876} INFO - Dependencies all met for <TaskInstance: example_bash_operator.runme_1 2021-12-21T00:00:00+00:00 [queued]>
[2021-12-23 20:26:04,525] {taskinstance.py:876} INFO - Dependencies all met for <TaskInstance: example_bash_operator.runme_1 2021-12-21T00:00:00+00:00 [queued]>
[2021-12-23 20:26:04,526] {taskinstance.py:1067} INFO - 
--------------------------------------------------------------------------------
[2021-12-23 20:26:04,526] {taskinstance.py:1068} INFO - Starting attempt 1 of 1
[2021-12-23 20:26:04,526] {taskinstance.py:1069} INFO - 
--------------------------------------------------------------------------------
[2021-12-23 20:26:04,533] {taskinstance.py:1087} INFO - Executing <Task(BashOperator): runme_1> on 2021-12-21T00:00:00+00:00
[2021-12-23 20:26:04,534] {standard_task_runner.py:52} INFO - Started process 4008 to run task
[2021-12-23 20:26:04,544] {standard_task_runner.py:76} INFO - Running: ['airflow', 'tasks', 'run', 'example_bash_operator', 'runme_1', '2021-12-21T00:00:00+00:00', '--job-id', '3', '--pool', 'default_pool', '--raw', '--subdir', '/home/airflow/sandbox/lib/python3.8/site-packages/airflow/example_dags/example_bash_operator.py', '--cfg-path', '/tmp/tmpyvxof2m1', '--error-file', '/tmp/tmp042_4g31']
[2021-12-23 20:26:04,545] {standard_task_runner.py:77} INFO - Job 3: Subtask runme_1
[2021-12-23 20:26:04,657] {logging_mixin.py:104} INFO - Running <TaskInstance: example_bash_operator.runme_1 2021-12-21T00:00:00+00:00 [running]> on host airflowvm
[2021-12-23 20:26:04,805] {taskinstance.py:1280} INFO - Exporting the following env vars:
AIRFLOW_CTX_DAG_OWNER=airflow
AIRFLOW_CTX_DAG_ID=example_bash_operator
AIRFLOW_CTX_TASK_ID=runme_1
AIRFLOW_CTX_EXECUTION_DATE=2021-12-21T00:00:00+00:00
AIRFLOW_CTX_DAG_RUN_ID=scheduled__2021-12-21T00:00:00+00:00
[2021-12-23 20:26:04,805] {subprocess.py:52} INFO - Tmp dir root location: 
 /tmp
[2021-12-23 20:26:04,806] {subprocess.py:63} INFO - Running command: ['bash', '-c', 'echo "example_bash_operator__runme_1__20211221" && sleep 1']
[2021-12-23 20:26:04,811] {subprocess.py:75} INFO - Output:
[2021-12-23 20:26:04,813] {subprocess.py:79} INFO - example_bash_operator__runme_1__20211221
[2021-12-23 20:26:05,817] {subprocess.py:83} INFO - Command exited with return code 0
[2021-12-23 20:26:05,834] {taskinstance.py:1184} INFO - Marking task as SUCCESS. dag_id=example_bash_operator, task_id=runme_1, execution_date=20211221T000000, start_date=20211223T202604, end_date=20211223T202605
[2021-12-23 20:26:05,851] {taskinstance.py:1245} INFO - 0 downstream tasks scheduled from follow-on schedule check
[2021-12-23 20:26:05,893] {local_task_job.py:151} INFO - Task exited with return code 0
