[2022-03-11 19:08:15,038] {taskinstance.py:1032} INFO - Dependencies all met for <TaskInstance: xcom_dag.processing_tasks.training_model_b manual__2022-03-11T19:07:59.787580+00:00 [queued]>
[2022-03-11 19:08:15,228] {taskinstance.py:1032} INFO - Dependencies all met for <TaskInstance: xcom_dag.processing_tasks.training_model_b manual__2022-03-11T19:07:59.787580+00:00 [queued]>
[2022-03-11 19:08:15,228] {taskinstance.py:1238} INFO - 
--------------------------------------------------------------------------------
[2022-03-11 19:08:15,229] {taskinstance.py:1239} INFO - Starting attempt 1 of 1
[2022-03-11 19:08:15,229] {taskinstance.py:1240} INFO - 
--------------------------------------------------------------------------------
[2022-03-11 19:08:15,689] {taskinstance.py:1259} INFO - Executing <Task(PythonOperator): processing_tasks.training_model_b> on 2022-03-11 19:07:59.787580+00:00
[2022-03-11 19:08:15,784] {standard_task_runner.py:52} INFO - Started process 13630 to run task
[2022-03-11 19:08:16,186] {standard_task_runner.py:76} INFO - Running: ['airflow', 'tasks', 'run', 'xcom_dag', 'processing_tasks.training_model_b', 'manual__2022-03-11T19:07:59.787580+00:00', '--job-id', '93', '--raw', '--subdir', 'DAGS_FOLDER/xcom_dag.py', '--cfg-path', '/tmp/tmppakrcj8q', '--error-file', '/tmp/tmpwbs3v4s_']
[2022-03-11 19:08:16,229] {standard_task_runner.py:77} INFO - Job 93: Subtask processing_tasks.training_model_b
[2022-03-11 19:08:17,776] {logging_mixin.py:109} INFO - Running <TaskInstance: xcom_dag.processing_tasks.training_model_b manual__2022-03-11T19:07:59.787580+00:00 [running]> on host airflowvm
[2022-03-11 19:08:19,276] {taskinstance.py:1424} INFO - Exporting the following env vars:
AIRFLOW_CTX_DAG_OWNER=airflow
AIRFLOW_CTX_DAG_ID=xcom_dag
AIRFLOW_CTX_TASK_ID=processing_tasks.training_model_b
AIRFLOW_CTX_EXECUTION_DATE=2022-03-11T19:07:59.787580+00:00
AIRFLOW_CTX_DAG_RUN_ID=manual__2022-03-11T19:07:59.787580+00:00
[2022-03-11 19:08:19,276] {logging_mixin.py:109} INFO - model's accuracy: 4.101791495873089
[2022-03-11 19:08:19,897] {python.py:175} INFO - Done. Returned value was: None
[2022-03-11 19:08:19,949] {taskinstance.py:1267} INFO - Marking task as SUCCESS. dag_id=xcom_dag, task_id=processing_tasks.training_model_b, execution_date=20220311T190759, start_date=20220311T190815, end_date=20220311T190819
[2022-03-11 19:08:20,675] {local_task_job.py:154} INFO - Task exited with return code 0
[2022-03-11 19:08:21,032] {local_task_job.py:264} INFO - 0 downstream tasks scheduled from follow-on schedule check
