[2021-12-29 19:59:10,809] {taskinstance.py:876} INFO - Dependencies all met for <TaskInstance: example_bash_operator.runme_1 2021-12-25T00:00:00+00:00 [queued]>
[2021-12-29 19:59:10,833] {taskinstance.py:876} INFO - Dependencies all met for <TaskInstance: example_bash_operator.runme_1 2021-12-25T00:00:00+00:00 [queued]>
[2021-12-29 19:59:10,834] {taskinstance.py:1067} INFO - 
--------------------------------------------------------------------------------
[2021-12-29 19:59:10,834] {taskinstance.py:1068} INFO - Starting attempt 1 of 1
[2021-12-29 19:59:10,835] {taskinstance.py:1069} INFO - 
--------------------------------------------------------------------------------
[2021-12-29 19:59:10,852] {taskinstance.py:1087} INFO - Executing <Task(BashOperator): runme_1> on 2021-12-25T00:00:00+00:00
[2021-12-29 19:59:10,859] {standard_task_runner.py:52} INFO - Started process 4808 to run task
[2021-12-29 19:59:10,883] {standard_task_runner.py:76} INFO - Running: ['airflow', 'tasks', 'run', 'example_bash_operator', 'runme_1', '2021-12-25T00:00:00+00:00', '--job-id', '27', '--pool', 'default_pool', '--raw', '--subdir', '/home/airflow/sandbox/lib/python3.8/site-packages/airflow/example_dags/example_bash_operator.py', '--cfg-path', '/tmp/tmp7qqwp644', '--error-file', '/tmp/tmpt58zo6t7']
[2021-12-29 19:59:10,883] {standard_task_runner.py:77} INFO - Job 27: Subtask runme_1
[2021-12-29 19:59:16,061] {logging_mixin.py:104} INFO - Running <TaskInstance: example_bash_operator.runme_1 2021-12-25T00:00:00+00:00 [running]> on host airflowvm
[2021-12-29 19:59:16,352] {taskinstance.py:1280} INFO - Exporting the following env vars:
AIRFLOW_CTX_DAG_OWNER=airflow
AIRFLOW_CTX_DAG_ID=example_bash_operator
AIRFLOW_CTX_TASK_ID=runme_1
AIRFLOW_CTX_EXECUTION_DATE=2021-12-25T00:00:00+00:00
AIRFLOW_CTX_DAG_RUN_ID=scheduled__2021-12-25T00:00:00+00:00
[2021-12-29 19:59:16,352] {subprocess.py:52} INFO - Tmp dir root location: 
 /tmp
[2021-12-29 19:59:16,352] {subprocess.py:63} INFO - Running command: ['bash', '-c', 'echo "example_bash_operator__runme_1__20211225" && sleep 1']
[2021-12-29 19:59:16,355] {subprocess.py:75} INFO - Output:
[2021-12-29 19:59:16,357] {subprocess.py:79} INFO - example_bash_operator__runme_1__20211225
[2021-12-29 19:59:17,359] {subprocess.py:83} INFO - Command exited with return code 0
[2021-12-29 19:59:17,392] {taskinstance.py:1184} INFO - Marking task as SUCCESS. dag_id=example_bash_operator, task_id=runme_1, execution_date=20211225T000000, start_date=20211229T195910, end_date=20211229T195917
[2021-12-29 19:59:17,409] {taskinstance.py:1245} INFO - 0 downstream tasks scheduled from follow-on schedule check
[2021-12-29 19:59:17,474] {local_task_job.py:151} INFO - Task exited with return code 0
