[2022-03-15 19:41:19,299] {taskinstance.py:1032} INFO - Dependencies all met for <TaskInstance: xcom_dag.processing_tasks.training_model_b manual__2022-03-15T19:41:09.410083+00:00 [queued]>
[2022-03-15 19:41:19,362] {taskinstance.py:1032} INFO - Dependencies all met for <TaskInstance: xcom_dag.processing_tasks.training_model_b manual__2022-03-15T19:41:09.410083+00:00 [queued]>
[2022-03-15 19:41:19,364] {taskinstance.py:1238} INFO - 
--------------------------------------------------------------------------------
[2022-03-15 19:41:19,367] {taskinstance.py:1239} INFO - Starting attempt 1 of 1
[2022-03-15 19:41:19,385] {taskinstance.py:1240} INFO - 
--------------------------------------------------------------------------------
[2022-03-15 19:41:19,451] {taskinstance.py:1259} INFO - Executing <Task(PythonOperator): processing_tasks.training_model_b> on 2022-03-15 19:41:09.410083+00:00
[2022-03-15 19:41:19,454] {standard_task_runner.py:52} INFO - Started process 16886 to run task
[2022-03-15 19:41:19,504] {standard_task_runner.py:76} INFO - Running: ['airflow', 'tasks', 'run', 'xcom_dag', 'processing_tasks.training_model_b', 'manual__2022-03-15T19:41:09.410083+00:00', '--job-id', '167', '--raw', '--subdir', 'DAGS_FOLDER/xcom_dag.py', '--cfg-path', '/tmp/tmpt9o8sz8t', '--error-file', '/tmp/tmpq22k6co0']
[2022-03-15 19:41:19,506] {standard_task_runner.py:77} INFO - Job 167: Subtask processing_tasks.training_model_b
[2022-03-15 19:41:20,163] {logging_mixin.py:109} INFO - Running <TaskInstance: xcom_dag.processing_tasks.training_model_b manual__2022-03-15T19:41:09.410083+00:00 [running]> on host airflowvm
[2022-03-15 19:41:20,935] {taskinstance.py:1424} INFO - Exporting the following env vars:
AIRFLOW_CTX_DAG_OWNER=airflow
AIRFLOW_CTX_DAG_ID=xcom_dag
AIRFLOW_CTX_TASK_ID=processing_tasks.training_model_b
AIRFLOW_CTX_EXECUTION_DATE=2022-03-15T19:41:09.410083+00:00
AIRFLOW_CTX_DAG_RUN_ID=manual__2022-03-15T19:41:09.410083+00:00
[2022-03-15 19:41:20,939] {logging_mixin.py:109} INFO - model's accuracy: 7.015885213987474
[2022-03-15 19:41:21,204] {python.py:175} INFO - Done. Returned value was: None
[2022-03-15 19:41:21,905] {taskinstance.py:1267} INFO - Marking task as SUCCESS. dag_id=xcom_dag, task_id=processing_tasks.training_model_b, execution_date=20220315T194109, start_date=20220315T194119, end_date=20220315T194121
[2022-03-15 19:41:22,184] {local_task_job.py:154} INFO - Task exited with return code 0
[2022-03-15 19:41:22,934] {local_task_job.py:264} INFO - 0 downstream tasks scheduled from follow-on schedule check
