[2022-01-14 20:53:08,990] {taskinstance.py:1032} INFO - Dependencies all met for <TaskInstance: parallel_dag.processing_tasks.task_02 scheduled__2022-01-14T20:51:26.443113+00:00 [queued]>
[2022-01-14 20:53:09,590] {taskinstance.py:1032} INFO - Dependencies all met for <TaskInstance: parallel_dag.processing_tasks.task_02 scheduled__2022-01-14T20:51:26.443113+00:00 [queued]>
[2022-01-14 20:53:09,591] {taskinstance.py:1238} INFO - 
--------------------------------------------------------------------------------
[2022-01-14 20:53:09,591] {taskinstance.py:1239} INFO - Starting attempt 1 of 1
[2022-01-14 20:53:09,592] {taskinstance.py:1240} INFO - 
--------------------------------------------------------------------------------
[2022-01-14 20:53:13,838] {taskinstance.py:1259} INFO - Executing <Task(BashOperator): task_02> on 2022-01-14 20:51:26.443113+00:00
[2022-01-14 20:53:13,851] {standard_task_runner.py:52} INFO - Started process 50940 to run task
[2022-01-14 20:53:14,152] {standard_task_runner.py:76} INFO - Running: ['airflow', 'tasks', 'run', 'parallel_dag.processing_tasks', 'task_02', 'scheduled__2022-01-14T20:51:26.443113+00:00', '--job-id', '65', '--raw', '--subdir', 'DAGS_FOLDER/parallel_dags.py', '--cfg-path', '/tmp/tmpy_ooo0_j', '--error-file', '/tmp/tmpi99khk0y']
[2022-01-14 20:53:14,342] {standard_task_runner.py:77} INFO - Job 65: Subtask task_02
[2022-01-14 20:53:19,237] {logging_mixin.py:109} INFO - Running <TaskInstance: parallel_dag.processing_tasks.task_02 scheduled__2022-01-14T20:51:26.443113+00:00 [running]> on host airflowvm
[2022-01-14 20:53:25,688] {taskinstance.py:1424} INFO - Exporting the following env vars:
AIRFLOW_CTX_DAG_OWNER=airflow
AIRFLOW_CTX_DAG_ID=parallel_dag.processing_tasks
AIRFLOW_CTX_TASK_ID=task_02
AIRFLOW_CTX_EXECUTION_DATE=2022-01-14T20:51:26.443113+00:00
AIRFLOW_CTX_DAG_RUN_ID=scheduled__2022-01-14T20:51:26.443113+00:00
[2022-01-14 20:53:25,694] {subprocess.py:62} INFO - Tmp dir root location: 
 /tmp
[2022-01-14 20:53:25,790] {subprocess.py:74} INFO - Running command: ['bash', '-c', 'sleep 3']
[2022-01-14 20:53:26,787] {subprocess.py:85} INFO - Output:
[2022-01-14 20:53:29,101] {subprocess.py:93} INFO - Command exited with return code 0
[2022-01-14 20:53:34,793] {taskinstance.py:1267} INFO - Marking task as SUCCESS. dag_id=parallel_dag.processing_tasks, task_id=task_02, execution_date=20220114T205126, start_date=20220114T205308, end_date=20220114T205334
[2022-01-14 20:53:35,435] {local_task_job.py:154} INFO - Task exited with return code 0
[2022-01-14 20:53:43,089] {local_task_job.py:264} INFO - 0 downstream tasks scheduled from follow-on schedule check
