[2022-03-14 19:23:42,922] {taskinstance.py:1032} INFO - Dependencies all met for <TaskInstance: parallel_dag.processing_tasks.task_03 scheduled__2022-03-13T00:00:00+00:00 [queued]>
[2022-03-14 19:23:44,317] {taskinstance.py:1032} INFO - Dependencies all met for <TaskInstance: parallel_dag.processing_tasks.task_03 scheduled__2022-03-13T00:00:00+00:00 [queued]>
[2022-03-14 19:23:44,369] {taskinstance.py:1238} INFO - 
--------------------------------------------------------------------------------
[2022-03-14 19:23:44,370] {taskinstance.py:1239} INFO - Starting attempt 1 of 1
[2022-03-14 19:23:44,370] {taskinstance.py:1240} INFO - 
--------------------------------------------------------------------------------
[2022-03-14 19:23:44,761] {taskinstance.py:1259} INFO - Executing <Task(BashOperator): task_03> on 2022-03-13 00:00:00+00:00
[2022-03-14 19:23:44,763] {standard_task_runner.py:52} INFO - Started process 4138 to run task
[2022-03-14 19:23:45,558] {standard_task_runner.py:76} INFO - Running: ['airflow', 'tasks', 'run', 'parallel_dag.processing_tasks', 'task_03', 'scheduled__2022-03-13T00:00:00+00:00', '--job-id', '118', '--raw', '--subdir', 'DAGS_FOLDER/parallel_dags.py', '--cfg-path', '/tmp/tmprfzncogg', '--error-file', '/tmp/tmpidbg7bfg']
[2022-03-14 19:23:45,576] {standard_task_runner.py:77} INFO - Job 118: Subtask task_03
[2022-03-14 19:23:50,406] {logging_mixin.py:109} INFO - Running <TaskInstance: parallel_dag.processing_tasks.task_03 scheduled__2022-03-13T00:00:00+00:00 [running]> on host airflowvm
[2022-03-14 19:23:54,330] {taskinstance.py:1424} INFO - Exporting the following env vars:
AIRFLOW_CTX_DAG_OWNER=airflow
AIRFLOW_CTX_DAG_ID=parallel_dag.processing_tasks
AIRFLOW_CTX_TASK_ID=task_03
AIRFLOW_CTX_EXECUTION_DATE=2022-03-13T00:00:00+00:00
AIRFLOW_CTX_DAG_RUN_ID=scheduled__2022-03-13T00:00:00+00:00
[2022-03-14 19:23:54,331] {subprocess.py:62} INFO - Tmp dir root location: 
 /tmp
[2022-03-14 19:23:54,562] {subprocess.py:74} INFO - Running command: ['bash', '-c', 'sleep 3']
[2022-03-14 19:23:54,618] {subprocess.py:85} INFO - Output:
[2022-03-14 19:23:57,630] {subprocess.py:93} INFO - Command exited with return code 0
[2022-03-14 19:23:58,623] {taskinstance.py:1267} INFO - Marking task as SUCCESS. dag_id=parallel_dag.processing_tasks, task_id=task_03, execution_date=20220313T000000, start_date=20220314T192342, end_date=20220314T192358
[2022-03-14 19:23:59,061] {local_task_job.py:154} INFO - Task exited with return code 0
[2022-03-14 19:24:00,077] {local_task_job.py:264} INFO - 0 downstream tasks scheduled from follow-on schedule check
