[2022-03-11 19:04:42,396] {taskinstance.py:1032} INFO - Dependencies all met for <TaskInstance: xcom_dag.downloading_data manual__2022-03-11T19:04:39.194491+00:00 [queued]>
[2022-03-11 19:04:42,584] {taskinstance.py:1032} INFO - Dependencies all met for <TaskInstance: xcom_dag.downloading_data manual__2022-03-11T19:04:39.194491+00:00 [queued]>
[2022-03-11 19:04:42,585] {taskinstance.py:1238} INFO - 
--------------------------------------------------------------------------------
[2022-03-11 19:04:42,585] {taskinstance.py:1239} INFO - Starting attempt 1 of 1
[2022-03-11 19:04:42,586] {taskinstance.py:1240} INFO - 
--------------------------------------------------------------------------------
[2022-03-11 19:04:42,748] {taskinstance.py:1259} INFO - Executing <Task(BashOperator): downloading_data> on 2022-03-11 19:04:39.194491+00:00
[2022-03-11 19:04:42,751] {standard_task_runner.py:52} INFO - Started process 11095 to run task
[2022-03-11 19:04:42,800] {standard_task_runner.py:76} INFO - Running: ['airflow', 'tasks', 'run', 'xcom_dag', 'downloading_data', 'manual__2022-03-11T19:04:39.194491+00:00', '--job-id', '85', '--raw', '--subdir', 'DAGS_FOLDER/xcom_dag.py', '--cfg-path', '/tmp/tmp0azwnsaw', '--error-file', '/tmp/tmp3zbsvgfu']
[2022-03-11 19:04:42,836] {standard_task_runner.py:77} INFO - Job 85: Subtask downloading_data
[2022-03-11 19:04:44,235] {logging_mixin.py:109} INFO - Running <TaskInstance: xcom_dag.downloading_data manual__2022-03-11T19:04:39.194491+00:00 [running]> on host airflowvm
[2022-03-11 19:04:45,850] {taskinstance.py:1424} INFO - Exporting the following env vars:
AIRFLOW_CTX_DAG_OWNER=airflow
AIRFLOW_CTX_DAG_ID=xcom_dag
AIRFLOW_CTX_TASK_ID=downloading_data
AIRFLOW_CTX_EXECUTION_DATE=2022-03-11T19:04:39.194491+00:00
AIRFLOW_CTX_DAG_RUN_ID=manual__2022-03-11T19:04:39.194491+00:00
[2022-03-11 19:04:46,237] {subprocess.py:62} INFO - Tmp dir root location: 
 /tmp
[2022-03-11 19:04:46,238] {subprocess.py:74} INFO - Running command: ['bash', '-c', 'sleep 3']
[2022-03-11 19:04:46,348] {subprocess.py:85} INFO - Output:
[2022-03-11 19:04:49,389] {subprocess.py:93} INFO - Command exited with return code 0
[2022-03-11 19:04:49,843] {taskinstance.py:1267} INFO - Marking task as SUCCESS. dag_id=xcom_dag, task_id=downloading_data, execution_date=20220311T190439, start_date=20220311T190442, end_date=20220311T190449
[2022-03-11 19:04:50,083] {local_task_job.py:154} INFO - Task exited with return code 0
[2022-03-11 19:04:50,796] {local_task_job.py:264} INFO - 0 downstream tasks scheduled from follow-on schedule check
