[2021-12-23 20:26:11,143] {taskinstance.py:876} INFO - Dependencies all met for <TaskInstance: example_bash_operator.also_run_this 2021-12-21T00:00:00+00:00 [queued]>
[2021-12-23 20:26:11,152] {taskinstance.py:876} INFO - Dependencies all met for <TaskInstance: example_bash_operator.also_run_this 2021-12-21T00:00:00+00:00 [queued]>
[2021-12-23 20:26:11,152] {taskinstance.py:1067} INFO - 
--------------------------------------------------------------------------------
[2021-12-23 20:26:11,152] {taskinstance.py:1068} INFO - Starting attempt 1 of 1
[2021-12-23 20:26:11,152] {taskinstance.py:1069} INFO - 
--------------------------------------------------------------------------------
[2021-12-23 20:26:11,171] {taskinstance.py:1087} INFO - Executing <Task(BashOperator): also_run_this> on 2021-12-21T00:00:00+00:00
[2021-12-23 20:26:11,174] {standard_task_runner.py:52} INFO - Started process 4050 to run task
[2021-12-23 20:26:11,186] {standard_task_runner.py:76} INFO - Running: ['airflow', 'tasks', 'run', 'example_bash_operator', 'also_run_this', '2021-12-21T00:00:00+00:00', '--job-id', '5', '--pool', 'default_pool', '--raw', '--subdir', '/home/airflow/sandbox/lib/python3.8/site-packages/airflow/example_dags/example_bash_operator.py', '--cfg-path', '/tmp/tmpidh_rcj4', '--error-file', '/tmp/tmptz6zfy0r']
[2021-12-23 20:26:11,187] {standard_task_runner.py:77} INFO - Job 5: Subtask also_run_this
[2021-12-23 20:26:11,293] {logging_mixin.py:104} INFO - Running <TaskInstance: example_bash_operator.also_run_this 2021-12-21T00:00:00+00:00 [running]> on host airflowvm
[2021-12-23 20:26:11,460] {taskinstance.py:1280} INFO - Exporting the following env vars:
AIRFLOW_CTX_DAG_OWNER=airflow
AIRFLOW_CTX_DAG_ID=example_bash_operator
AIRFLOW_CTX_TASK_ID=also_run_this
AIRFLOW_CTX_EXECUTION_DATE=2021-12-21T00:00:00+00:00
AIRFLOW_CTX_DAG_RUN_ID=scheduled__2021-12-21T00:00:00+00:00
[2021-12-23 20:26:11,461] {subprocess.py:52} INFO - Tmp dir root location: 
 /tmp
[2021-12-23 20:26:11,461] {subprocess.py:63} INFO - Running command: ['bash', '-c', 'echo "run_id=scheduled__2021-12-21T00:00:00+00:00 | dag_run=<DagRun example_bash_operator @ 2021-12-21 00:00:00+00:00: scheduled__2021-12-21T00:00:00+00:00, externally triggered: False>"']
[2021-12-23 20:26:11,465] {subprocess.py:75} INFO - Output:
[2021-12-23 20:26:11,467] {subprocess.py:79} INFO - run_id=scheduled__2021-12-21T00:00:00+00:00 | dag_run=<DagRun example_bash_operator @ 2021-12-21 00:00:00+00:00: scheduled__2021-12-21T00:00:00+00:00, externally triggered: False>
[2021-12-23 20:26:11,467] {subprocess.py:83} INFO - Command exited with return code 0
[2021-12-23 20:26:11,495] {taskinstance.py:1184} INFO - Marking task as SUCCESS. dag_id=example_bash_operator, task_id=also_run_this, execution_date=20211221T000000, start_date=20211223T202611, end_date=20211223T202611
[2021-12-23 20:26:11,525] {taskinstance.py:1245} INFO - 0 downstream tasks scheduled from follow-on schedule check
[2021-12-23 20:26:11,564] {local_task_job.py:151} INFO - Task exited with return code 0
