[2022-03-15 19:30:51,972] {taskinstance.py:1032} INFO - Dependencies all met for <TaskInstance: trigger_rule.task_1 scheduled__2022-03-14T00:00:00+00:00 [queued]>
[2022-03-15 19:30:52,036] {taskinstance.py:1032} INFO - Dependencies all met for <TaskInstance: trigger_rule.task_1 scheduled__2022-03-14T00:00:00+00:00 [queued]>
[2022-03-15 19:30:52,036] {taskinstance.py:1238} INFO - 
--------------------------------------------------------------------------------
[2022-03-15 19:30:52,036] {taskinstance.py:1239} INFO - Starting attempt 1 of 1
[2022-03-15 19:30:52,036] {taskinstance.py:1240} INFO - 
--------------------------------------------------------------------------------
[2022-03-15 19:30:52,099] {taskinstance.py:1259} INFO - Executing <Task(BashOperator): task_1> on 2022-03-14 00:00:00+00:00
[2022-03-15 19:30:52,125] {standard_task_runner.py:52} INFO - Started process 9778 to run task
[2022-03-15 19:30:52,145] {standard_task_runner.py:76} INFO - Running: ['airflow', 'tasks', 'run', 'trigger_rule', 'task_1', 'scheduled__2022-03-14T00:00:00+00:00', '--job-id', '150', '--raw', '--subdir', 'DAGS_FOLDER/trigger_rule.py', '--cfg-path', '/tmp/tmpyfli2i4x', '--error-file', '/tmp/tmp_jmjkf3h']
[2022-03-15 19:30:52,148] {standard_task_runner.py:77} INFO - Job 150: Subtask task_1
[2022-03-15 19:30:52,740] {logging_mixin.py:109} INFO - Running <TaskInstance: trigger_rule.task_1 scheduled__2022-03-14T00:00:00+00:00 [running]> on host airflowvm
[2022-03-15 19:30:53,498] {taskinstance.py:1424} INFO - Exporting the following env vars:
AIRFLOW_CTX_DAG_OWNER=airflow
AIRFLOW_CTX_DAG_ID=trigger_rule
AIRFLOW_CTX_TASK_ID=task_1
AIRFLOW_CTX_EXECUTION_DATE=2022-03-14T00:00:00+00:00
AIRFLOW_CTX_DAG_RUN_ID=scheduled__2022-03-14T00:00:00+00:00
[2022-03-15 19:30:53,524] {subprocess.py:62} INFO - Tmp dir root location: 
 /tmp
[2022-03-15 19:30:53,528] {subprocess.py:74} INFO - Running command: ['bash', '-c', 'exit 0']
[2022-03-15 19:30:53,592] {subprocess.py:85} INFO - Output:
[2022-03-15 19:30:53,626] {subprocess.py:93} INFO - Command exited with return code 0
[2022-03-15 19:30:53,826] {taskinstance.py:1267} INFO - Marking task as SUCCESS. dag_id=trigger_rule, task_id=task_1, execution_date=20220314T000000, start_date=20220315T193051, end_date=20220315T193053
[2022-03-15 19:30:54,022] {local_task_job.py:154} INFO - Task exited with return code 0
[2022-03-15 19:30:54,503] {local_task_job.py:264} INFO - 1 downstream tasks scheduled from follow-on schedule check
