[2021-12-29 19:59:33,435] {taskinstance.py:876} INFO - Dependencies all met for <TaskInstance: example_bash_operator.runme_0 2021-12-26T00:00:00+00:00 [queued]>
[2021-12-29 19:59:33,442] {taskinstance.py:876} INFO - Dependencies all met for <TaskInstance: example_bash_operator.runme_0 2021-12-26T00:00:00+00:00 [queued]>
[2021-12-29 19:59:33,443] {taskinstance.py:1067} INFO - 
--------------------------------------------------------------------------------
[2021-12-29 19:59:33,443] {taskinstance.py:1068} INFO - Starting attempt 1 of 1
[2021-12-29 19:59:33,443] {taskinstance.py:1069} INFO - 
--------------------------------------------------------------------------------
[2021-12-29 19:59:33,459] {taskinstance.py:1087} INFO - Executing <Task(BashOperator): runme_0> on 2021-12-26T00:00:00+00:00
[2021-12-29 19:59:33,471] {standard_task_runner.py:52} INFO - Started process 5068 to run task
[2021-12-29 19:59:33,487] {standard_task_runner.py:76} INFO - Running: ['airflow', 'tasks', 'run', 'example_bash_operator', 'runme_0', '2021-12-26T00:00:00+00:00', '--job-id', '32', '--pool', 'default_pool', '--raw', '--subdir', '/home/airflow/sandbox/lib/python3.8/site-packages/airflow/example_dags/example_bash_operator.py', '--cfg-path', '/tmp/tmpvvtzfepm', '--error-file', '/tmp/tmpehtbkekq']
[2021-12-29 19:59:33,489] {standard_task_runner.py:77} INFO - Job 32: Subtask runme_0
[2021-12-29 19:59:33,625] {logging_mixin.py:104} INFO - Running <TaskInstance: example_bash_operator.runme_0 2021-12-26T00:00:00+00:00 [running]> on host airflowvm
[2021-12-29 19:59:33,890] {taskinstance.py:1280} INFO - Exporting the following env vars:
AIRFLOW_CTX_DAG_OWNER=airflow
AIRFLOW_CTX_DAG_ID=example_bash_operator
AIRFLOW_CTX_TASK_ID=runme_0
AIRFLOW_CTX_EXECUTION_DATE=2021-12-26T00:00:00+00:00
AIRFLOW_CTX_DAG_RUN_ID=scheduled__2021-12-26T00:00:00+00:00
[2021-12-29 19:59:33,891] {subprocess.py:52} INFO - Tmp dir root location: 
 /tmp
[2021-12-29 19:59:33,892] {subprocess.py:63} INFO - Running command: ['bash', '-c', 'echo "example_bash_operator__runme_0__20211226" && sleep 1']
[2021-12-29 19:59:33,896] {subprocess.py:75} INFO - Output:
[2021-12-29 19:59:33,897] {subprocess.py:79} INFO - example_bash_operator__runme_0__20211226
[2021-12-29 19:59:34,899] {subprocess.py:83} INFO - Command exited with return code 0
[2021-12-29 19:59:34,930] {taskinstance.py:1184} INFO - Marking task as SUCCESS. dag_id=example_bash_operator, task_id=runme_0, execution_date=20211226T000000, start_date=20211229T195933, end_date=20211229T195934
[2021-12-29 19:59:34,952] {taskinstance.py:1245} INFO - 0 downstream tasks scheduled from follow-on schedule check
[2021-12-29 19:59:34,961] {local_task_job.py:151} INFO - Task exited with return code 0
