[2022-01-11 20:17:01,977] {processor.py:163} INFO - Started process (PID=2568) to work on /home/airflow/airflow/dags/parallel_dags.py
[2022-01-11 20:17:01,978] {processor.py:642} INFO - Processing file /home/airflow/airflow/dags/parallel_dags.py for tasks to queue
[2022-01-11 20:17:01,993] {logging_mixin.py:109} INFO - [2022-01-11 20:17:01,993] {dagbag.py:500} INFO - Filling up the DagBag from /home/airflow/airflow/dags/parallel_dags.py
[2022-01-11 20:17:02,402] {processor.py:654} INFO - DAG(s) dict_keys(['parallel_dag']) retrieved from /home/airflow/airflow/dags/parallel_dags.py
[2022-01-11 20:17:05,599] {logging_mixin.py:109} INFO - [2022-01-11 20:17:05,599] {dag.py:2396} INFO - Sync 1 DAGs
[2022-01-11 20:17:05,756] {logging_mixin.py:109} INFO - [2022-01-11 20:17:05,756] {dag.py:2935} INFO - Setting next_dagrun for parallel_dag to 2022-01-11T00:00:00+00:00
[2022-01-11 20:17:05,907] {processor.py:171} INFO - Processing /home/airflow/airflow/dags/parallel_dags.py took 3.988 seconds
[2022-01-11 20:17:36,848] {processor.py:163} INFO - Started process (PID=4023) to work on /home/airflow/airflow/dags/parallel_dags.py
[2022-01-11 20:17:36,850] {processor.py:642} INFO - Processing file /home/airflow/airflow/dags/parallel_dags.py for tasks to queue
[2022-01-11 20:17:36,852] {logging_mixin.py:109} INFO - [2022-01-11 20:17:36,852] {dagbag.py:500} INFO - Filling up the DagBag from /home/airflow/airflow/dags/parallel_dags.py
[2022-01-11 20:17:37,037] {processor.py:654} INFO - DAG(s) dict_keys(['parallel_dag']) retrieved from /home/airflow/airflow/dags/parallel_dags.py
[2022-01-11 20:17:37,087] {logging_mixin.py:109} INFO - [2022-01-11 20:17:37,087] {dag.py:2396} INFO - Sync 1 DAGs
[2022-01-11 20:17:37,190] {logging_mixin.py:109} INFO - [2022-01-11 20:17:37,190] {dag.py:2935} INFO - Setting next_dagrun for parallel_dag to 2022-01-11T00:00:00+00:00
[2022-01-11 20:17:37,287] {processor.py:171} INFO - Processing /home/airflow/airflow/dags/parallel_dags.py took 0.447 seconds
[2022-01-11 20:18:07,403] {processor.py:163} INFO - Started process (PID=5418) to work on /home/airflow/airflow/dags/parallel_dags.py
[2022-01-11 20:18:07,404] {processor.py:642} INFO - Processing file /home/airflow/airflow/dags/parallel_dags.py for tasks to queue
[2022-01-11 20:18:07,413] {logging_mixin.py:109} INFO - [2022-01-11 20:18:07,413] {dagbag.py:500} INFO - Filling up the DagBag from /home/airflow/airflow/dags/parallel_dags.py
[2022-01-11 20:18:07,475] {processor.py:654} INFO - DAG(s) dict_keys(['parallel_dag']) retrieved from /home/airflow/airflow/dags/parallel_dags.py
[2022-01-11 20:18:07,488] {logging_mixin.py:109} INFO - [2022-01-11 20:18:07,488] {dag.py:2396} INFO - Sync 1 DAGs
[2022-01-11 20:18:07,515] {logging_mixin.py:109} INFO - [2022-01-11 20:18:07,515] {dag.py:2935} INFO - Setting next_dagrun for parallel_dag to 2022-01-11T00:00:00+00:00
[2022-01-11 20:18:07,531] {processor.py:171} INFO - Processing /home/airflow/airflow/dags/parallel_dags.py took 0.138 seconds
[2022-01-11 20:18:38,239] {processor.py:163} INFO - Started process (PID=6410) to work on /home/airflow/airflow/dags/parallel_dags.py
[2022-01-11 20:18:38,245] {processor.py:642} INFO - Processing file /home/airflow/airflow/dags/parallel_dags.py for tasks to queue
[2022-01-11 20:18:38,247] {logging_mixin.py:109} INFO - [2022-01-11 20:18:38,246] {dagbag.py:500} INFO - Filling up the DagBag from /home/airflow/airflow/dags/parallel_dags.py
[2022-01-11 20:18:38,325] {processor.py:654} INFO - DAG(s) dict_keys(['parallel_dag']) retrieved from /home/airflow/airflow/dags/parallel_dags.py
[2022-01-11 20:18:38,367] {logging_mixin.py:109} INFO - [2022-01-11 20:18:38,367] {dag.py:2396} INFO - Sync 1 DAGs
[2022-01-11 20:18:38,412] {logging_mixin.py:109} INFO - [2022-01-11 20:18:38,412] {dag.py:2935} INFO - Setting next_dagrun for parallel_dag to 2022-01-10T00:00:00+00:00
[2022-01-11 20:18:38,429] {processor.py:171} INFO - Processing /home/airflow/airflow/dags/parallel_dags.py took 0.197 seconds
[2022-01-11 20:19:08,969] {processor.py:163} INFO - Started process (PID=6973) to work on /home/airflow/airflow/dags/parallel_dags.py
[2022-01-11 20:19:08,973] {processor.py:642} INFO - Processing file /home/airflow/airflow/dags/parallel_dags.py for tasks to queue
[2022-01-11 20:19:08,975] {logging_mixin.py:109} INFO - [2022-01-11 20:19:08,975] {dagbag.py:500} INFO - Filling up the DagBag from /home/airflow/airflow/dags/parallel_dags.py
[2022-01-11 20:19:09,098] {processor.py:654} INFO - DAG(s) dict_keys(['parallel_dag']) retrieved from /home/airflow/airflow/dags/parallel_dags.py
[2022-01-11 20:19:09,148] {logging_mixin.py:109} INFO - [2022-01-11 20:19:09,148] {dag.py:2396} INFO - Sync 1 DAGs
[2022-01-11 20:19:09,216] {logging_mixin.py:109} INFO - [2022-01-11 20:19:09,216] {dag.py:2935} INFO - Setting next_dagrun for parallel_dag to 2022-01-11T00:00:00+00:00
[2022-01-11 20:19:09,239] {processor.py:171} INFO - Processing /home/airflow/airflow/dags/parallel_dags.py took 0.286 seconds
[2022-01-11 20:19:39,366] {processor.py:163} INFO - Started process (PID=8111) to work on /home/airflow/airflow/dags/parallel_dags.py
[2022-01-11 20:19:39,372] {processor.py:642} INFO - Processing file /home/airflow/airflow/dags/parallel_dags.py for tasks to queue
[2022-01-11 20:19:39,372] {logging_mixin.py:109} INFO - [2022-01-11 20:19:39,372] {dagbag.py:500} INFO - Filling up the DagBag from /home/airflow/airflow/dags/parallel_dags.py
[2022-01-11 20:19:39,489] {processor.py:654} INFO - DAG(s) dict_keys(['parallel_dag']) retrieved from /home/airflow/airflow/dags/parallel_dags.py
[2022-01-11 20:19:39,505] {logging_mixin.py:109} INFO - [2022-01-11 20:19:39,505] {dag.py:2396} INFO - Sync 1 DAGs
[2022-01-11 20:19:39,532] {logging_mixin.py:109} INFO - [2022-01-11 20:19:39,532] {dag.py:2935} INFO - Setting next_dagrun for parallel_dag to 2022-01-11T00:00:00+00:00
[2022-01-11 20:19:39,541] {processor.py:171} INFO - Processing /home/airflow/airflow/dags/parallel_dags.py took 0.181 seconds
[2022-01-11 20:20:09,727] {processor.py:163} INFO - Started process (PID=8438) to work on /home/airflow/airflow/dags/parallel_dags.py
[2022-01-11 20:20:09,730] {processor.py:642} INFO - Processing file /home/airflow/airflow/dags/parallel_dags.py for tasks to queue
[2022-01-11 20:20:09,731] {logging_mixin.py:109} INFO - [2022-01-11 20:20:09,730] {dagbag.py:500} INFO - Filling up the DagBag from /home/airflow/airflow/dags/parallel_dags.py
[2022-01-11 20:20:09,845] {processor.py:654} INFO - DAG(s) dict_keys(['parallel_dag']) retrieved from /home/airflow/airflow/dags/parallel_dags.py
[2022-01-11 20:20:09,867] {logging_mixin.py:109} INFO - [2022-01-11 20:20:09,867] {dag.py:2396} INFO - Sync 1 DAGs
[2022-01-11 20:20:09,901] {logging_mixin.py:109} INFO - [2022-01-11 20:20:09,901] {dag.py:2935} INFO - Setting next_dagrun for parallel_dag to 2022-01-11T00:00:00+00:00
[2022-01-11 20:20:09,923] {processor.py:171} INFO - Processing /home/airflow/airflow/dags/parallel_dags.py took 0.216 seconds
[2022-01-11 20:20:40,187] {processor.py:163} INFO - Started process (PID=8673) to work on /home/airflow/airflow/dags/parallel_dags.py
[2022-01-11 20:20:40,189] {processor.py:642} INFO - Processing file /home/airflow/airflow/dags/parallel_dags.py for tasks to queue
[2022-01-11 20:20:40,198] {logging_mixin.py:109} INFO - [2022-01-11 20:20:40,198] {dagbag.py:500} INFO - Filling up the DagBag from /home/airflow/airflow/dags/parallel_dags.py
[2022-01-11 20:20:40,339] {processor.py:654} INFO - DAG(s) dict_keys(['parallel_dag']) retrieved from /home/airflow/airflow/dags/parallel_dags.py
[2022-01-11 20:20:40,349] {logging_mixin.py:109} INFO - [2022-01-11 20:20:40,348] {dag.py:2396} INFO - Sync 1 DAGs
[2022-01-11 20:20:40,392] {logging_mixin.py:109} INFO - [2022-01-11 20:20:40,392] {dag.py:2935} INFO - Setting next_dagrun for parallel_dag to 2022-01-11T00:00:00+00:00
[2022-01-11 20:20:40,411] {processor.py:171} INFO - Processing /home/airflow/airflow/dags/parallel_dags.py took 0.245 seconds
[2022-01-11 20:21:10,503] {processor.py:163} INFO - Started process (PID=8912) to work on /home/airflow/airflow/dags/parallel_dags.py
[2022-01-11 20:21:10,506] {processor.py:642} INFO - Processing file /home/airflow/airflow/dags/parallel_dags.py for tasks to queue
[2022-01-11 20:21:10,508] {logging_mixin.py:109} INFO - [2022-01-11 20:21:10,508] {dagbag.py:500} INFO - Filling up the DagBag from /home/airflow/airflow/dags/parallel_dags.py
[2022-01-11 20:21:10,569] {processor.py:654} INFO - DAG(s) dict_keys(['parallel_dag']) retrieved from /home/airflow/airflow/dags/parallel_dags.py
[2022-01-11 20:21:10,587] {logging_mixin.py:109} INFO - [2022-01-11 20:21:10,586] {dag.py:2396} INFO - Sync 1 DAGs
[2022-01-11 20:21:10,607] {logging_mixin.py:109} INFO - [2022-01-11 20:21:10,607] {dag.py:2935} INFO - Setting next_dagrun for parallel_dag to 2022-01-11T00:00:00+00:00
[2022-01-11 20:21:10,617] {processor.py:171} INFO - Processing /home/airflow/airflow/dags/parallel_dags.py took 0.122 seconds
[2022-01-11 20:21:40,874] {processor.py:163} INFO - Started process (PID=9150) to work on /home/airflow/airflow/dags/parallel_dags.py
[2022-01-11 20:21:40,887] {processor.py:642} INFO - Processing file /home/airflow/airflow/dags/parallel_dags.py for tasks to queue
[2022-01-11 20:21:40,889] {logging_mixin.py:109} INFO - [2022-01-11 20:21:40,889] {dagbag.py:500} INFO - Filling up the DagBag from /home/airflow/airflow/dags/parallel_dags.py
[2022-01-11 20:21:41,064] {processor.py:654} INFO - DAG(s) dict_keys(['parallel_dag']) retrieved from /home/airflow/airflow/dags/parallel_dags.py
[2022-01-11 20:21:41,102] {logging_mixin.py:109} INFO - [2022-01-11 20:21:41,102] {dag.py:2396} INFO - Sync 1 DAGs
[2022-01-11 20:21:41,128] {logging_mixin.py:109} INFO - [2022-01-11 20:21:41,128] {dag.py:2935} INFO - Setting next_dagrun for parallel_dag to 2022-01-11T00:00:00+00:00
[2022-01-11 20:21:41,139] {processor.py:171} INFO - Processing /home/airflow/airflow/dags/parallel_dags.py took 0.273 seconds
[2022-01-11 20:21:52,684] {processor.py:163} INFO - Started process (PID=9217) to work on /home/airflow/airflow/dags/parallel_dags.py
[2022-01-11 20:21:52,685] {processor.py:642} INFO - Processing file /home/airflow/airflow/dags/parallel_dags.py for tasks to queue
[2022-01-11 20:21:52,686] {logging_mixin.py:109} INFO - [2022-01-11 20:21:52,685] {dagbag.py:500} INFO - Filling up the DagBag from /home/airflow/airflow/dags/parallel_dags.py
[2022-01-11 20:21:52,734] {processor.py:654} INFO - DAG(s) dict_keys(['parallel_dag']) retrieved from /home/airflow/airflow/dags/parallel_dags.py
[2022-01-11 20:21:53,034] {logging_mixin.py:109} INFO - [2022-01-11 20:21:53,034] {dag.py:2396} INFO - Sync 1 DAGs
[2022-01-11 20:21:53,056] {logging_mixin.py:109} INFO - [2022-01-11 20:21:53,055] {dag.py:2935} INFO - Setting next_dagrun for parallel_dag to 2022-01-11T00:00:00+00:00
[2022-01-11 20:21:53,069] {processor.py:171} INFO - Processing /home/airflow/airflow/dags/parallel_dags.py took 0.390 seconds
[2022-01-11 20:22:23,231] {processor.py:163} INFO - Started process (PID=9708) to work on /home/airflow/airflow/dags/parallel_dags.py
[2022-01-11 20:22:23,237] {processor.py:642} INFO - Processing file /home/airflow/airflow/dags/parallel_dags.py for tasks to queue
[2022-01-11 20:22:23,240] {logging_mixin.py:109} INFO - [2022-01-11 20:22:23,239] {dagbag.py:500} INFO - Filling up the DagBag from /home/airflow/airflow/dags/parallel_dags.py
[2022-01-11 20:22:23,332] {processor.py:654} INFO - DAG(s) dict_keys(['parallel_dag']) retrieved from /home/airflow/airflow/dags/parallel_dags.py
[2022-01-11 20:22:23,343] {logging_mixin.py:109} INFO - [2022-01-11 20:22:23,343] {dag.py:2396} INFO - Sync 1 DAGs
[2022-01-11 20:22:23,363] {logging_mixin.py:109} INFO - [2022-01-11 20:22:23,363] {dag.py:2935} INFO - Setting next_dagrun for parallel_dag to 2022-01-11T00:00:00+00:00
[2022-01-11 20:22:23,382] {processor.py:171} INFO - Processing /home/airflow/airflow/dags/parallel_dags.py took 0.168 seconds
[2022-01-11 20:22:53,577] {processor.py:163} INFO - Started process (PID=9946) to work on /home/airflow/airflow/dags/parallel_dags.py
[2022-01-11 20:22:53,580] {processor.py:642} INFO - Processing file /home/airflow/airflow/dags/parallel_dags.py for tasks to queue
[2022-01-11 20:22:53,582] {logging_mixin.py:109} INFO - [2022-01-11 20:22:53,582] {dagbag.py:500} INFO - Filling up the DagBag from /home/airflow/airflow/dags/parallel_dags.py
[2022-01-11 20:22:53,704] {processor.py:654} INFO - DAG(s) dict_keys(['parallel_dag']) retrieved from /home/airflow/airflow/dags/parallel_dags.py
[2022-01-11 20:22:53,716] {logging_mixin.py:109} INFO - [2022-01-11 20:22:53,716] {dag.py:2396} INFO - Sync 1 DAGs
[2022-01-11 20:22:53,738] {logging_mixin.py:109} INFO - [2022-01-11 20:22:53,738] {dag.py:2935} INFO - Setting next_dagrun for parallel_dag to 2022-01-11T00:00:00+00:00
[2022-01-11 20:22:53,750] {processor.py:171} INFO - Processing /home/airflow/airflow/dags/parallel_dags.py took 0.185 seconds
[2022-01-11 20:23:24,032] {processor.py:163} INFO - Started process (PID=10188) to work on /home/airflow/airflow/dags/parallel_dags.py
[2022-01-11 20:23:24,036] {processor.py:642} INFO - Processing file /home/airflow/airflow/dags/parallel_dags.py for tasks to queue
[2022-01-11 20:23:24,038] {logging_mixin.py:109} INFO - [2022-01-11 20:23:24,037] {dagbag.py:500} INFO - Filling up the DagBag from /home/airflow/airflow/dags/parallel_dags.py
[2022-01-11 20:23:24,111] {processor.py:654} INFO - DAG(s) dict_keys(['parallel_dag']) retrieved from /home/airflow/airflow/dags/parallel_dags.py
[2022-01-11 20:23:24,132] {logging_mixin.py:109} INFO - [2022-01-11 20:23:24,132] {dag.py:2396} INFO - Sync 1 DAGs
[2022-01-11 20:23:24,161] {logging_mixin.py:109} INFO - [2022-01-11 20:23:24,161] {dag.py:2935} INFO - Setting next_dagrun for parallel_dag to 2022-01-11T00:00:00+00:00
[2022-01-11 20:23:24,174] {processor.py:171} INFO - Processing /home/airflow/airflow/dags/parallel_dags.py took 0.150 seconds
[2022-01-11 20:23:54,390] {processor.py:163} INFO - Started process (PID=10430) to work on /home/airflow/airflow/dags/parallel_dags.py
[2022-01-11 20:23:54,392] {processor.py:642} INFO - Processing file /home/airflow/airflow/dags/parallel_dags.py for tasks to queue
[2022-01-11 20:23:54,393] {logging_mixin.py:109} INFO - [2022-01-11 20:23:54,393] {dagbag.py:500} INFO - Filling up the DagBag from /home/airflow/airflow/dags/parallel_dags.py
[2022-01-11 20:23:54,437] {processor.py:654} INFO - DAG(s) dict_keys(['parallel_dag']) retrieved from /home/airflow/airflow/dags/parallel_dags.py
[2022-01-11 20:23:54,450] {logging_mixin.py:109} INFO - [2022-01-11 20:23:54,449] {dag.py:2396} INFO - Sync 1 DAGs
[2022-01-11 20:23:54,466] {logging_mixin.py:109} INFO - [2022-01-11 20:23:54,466] {dag.py:2935} INFO - Setting next_dagrun for parallel_dag to 2022-01-11T00:00:00+00:00
[2022-01-11 20:23:54,479] {processor.py:171} INFO - Processing /home/airflow/airflow/dags/parallel_dags.py took 0.099 seconds
[2022-01-11 20:24:24,834] {processor.py:163} INFO - Started process (PID=10671) to work on /home/airflow/airflow/dags/parallel_dags.py
[2022-01-11 20:24:24,835] {processor.py:642} INFO - Processing file /home/airflow/airflow/dags/parallel_dags.py for tasks to queue
[2022-01-11 20:24:24,836] {logging_mixin.py:109} INFO - [2022-01-11 20:24:24,836] {dagbag.py:500} INFO - Filling up the DagBag from /home/airflow/airflow/dags/parallel_dags.py
[2022-01-11 20:24:24,873] {processor.py:654} INFO - DAG(s) dict_keys(['parallel_dag']) retrieved from /home/airflow/airflow/dags/parallel_dags.py
[2022-01-11 20:24:24,891] {logging_mixin.py:109} INFO - [2022-01-11 20:24:24,891] {dag.py:2396} INFO - Sync 1 DAGs
[2022-01-11 20:24:24,922] {logging_mixin.py:109} INFO - [2022-01-11 20:24:24,922] {dag.py:2935} INFO - Setting next_dagrun for parallel_dag to 2022-01-11T00:00:00+00:00
[2022-01-11 20:24:24,939] {processor.py:171} INFO - Processing /home/airflow/airflow/dags/parallel_dags.py took 0.108 seconds
[2022-01-11 20:24:55,144] {processor.py:163} INFO - Started process (PID=10912) to work on /home/airflow/airflow/dags/parallel_dags.py
[2022-01-11 20:24:55,147] {processor.py:642} INFO - Processing file /home/airflow/airflow/dags/parallel_dags.py for tasks to queue
[2022-01-11 20:24:55,149] {logging_mixin.py:109} INFO - [2022-01-11 20:24:55,148] {dagbag.py:500} INFO - Filling up the DagBag from /home/airflow/airflow/dags/parallel_dags.py
[2022-01-11 20:24:55,196] {processor.py:654} INFO - DAG(s) dict_keys(['parallel_dag']) retrieved from /home/airflow/airflow/dags/parallel_dags.py
[2022-01-11 20:24:55,228] {logging_mixin.py:109} INFO - [2022-01-11 20:24:55,227] {dag.py:2396} INFO - Sync 1 DAGs
[2022-01-11 20:24:55,250] {logging_mixin.py:109} INFO - [2022-01-11 20:24:55,250] {dag.py:2935} INFO - Setting next_dagrun for parallel_dag to 2022-01-11T00:00:00+00:00
[2022-01-11 20:24:55,266] {processor.py:171} INFO - Processing /home/airflow/airflow/dags/parallel_dags.py took 0.126 seconds
[2022-01-11 20:25:25,450] {processor.py:163} INFO - Started process (PID=11150) to work on /home/airflow/airflow/dags/parallel_dags.py
[2022-01-11 20:25:25,458] {processor.py:642} INFO - Processing file /home/airflow/airflow/dags/parallel_dags.py for tasks to queue
[2022-01-11 20:25:25,459] {logging_mixin.py:109} INFO - [2022-01-11 20:25:25,459] {dagbag.py:500} INFO - Filling up the DagBag from /home/airflow/airflow/dags/parallel_dags.py
[2022-01-11 20:25:25,523] {processor.py:654} INFO - DAG(s) dict_keys(['parallel_dag']) retrieved from /home/airflow/airflow/dags/parallel_dags.py
[2022-01-11 20:25:25,541] {logging_mixin.py:109} INFO - [2022-01-11 20:25:25,541] {dag.py:2396} INFO - Sync 1 DAGs
[2022-01-11 20:25:25,573] {logging_mixin.py:109} INFO - [2022-01-11 20:25:25,573] {dag.py:2935} INFO - Setting next_dagrun for parallel_dag to 2022-01-11T00:00:00+00:00
[2022-01-11 20:25:25,592] {processor.py:171} INFO - Processing /home/airflow/airflow/dags/parallel_dags.py took 0.145 seconds
[2022-01-11 20:25:55,922] {processor.py:163} INFO - Started process (PID=11391) to work on /home/airflow/airflow/dags/parallel_dags.py
[2022-01-11 20:25:55,925] {processor.py:642} INFO - Processing file /home/airflow/airflow/dags/parallel_dags.py for tasks to queue
[2022-01-11 20:25:55,927] {logging_mixin.py:109} INFO - [2022-01-11 20:25:55,926] {dagbag.py:500} INFO - Filling up the DagBag from /home/airflow/airflow/dags/parallel_dags.py
[2022-01-11 20:25:55,977] {processor.py:654} INFO - DAG(s) dict_keys(['parallel_dag']) retrieved from /home/airflow/airflow/dags/parallel_dags.py
[2022-01-11 20:25:55,993] {logging_mixin.py:109} INFO - [2022-01-11 20:25:55,993] {dag.py:2396} INFO - Sync 1 DAGs
[2022-01-11 20:25:56,021] {logging_mixin.py:109} INFO - [2022-01-11 20:25:56,021] {dag.py:2935} INFO - Setting next_dagrun for parallel_dag to 2022-01-11T00:00:00+00:00
[2022-01-11 20:25:56,032] {processor.py:171} INFO - Processing /home/airflow/airflow/dags/parallel_dags.py took 0.114 seconds
[2022-01-11 20:26:26,140] {processor.py:163} INFO - Started process (PID=11631) to work on /home/airflow/airflow/dags/parallel_dags.py
[2022-01-11 20:26:26,152] {processor.py:642} INFO - Processing file /home/airflow/airflow/dags/parallel_dags.py for tasks to queue
[2022-01-11 20:26:26,153] {logging_mixin.py:109} INFO - [2022-01-11 20:26:26,153] {dagbag.py:500} INFO - Filling up the DagBag from /home/airflow/airflow/dags/parallel_dags.py
[2022-01-11 20:26:26,233] {processor.py:654} INFO - DAG(s) dict_keys(['parallel_dag']) retrieved from /home/airflow/airflow/dags/parallel_dags.py
[2022-01-11 20:26:26,263] {logging_mixin.py:109} INFO - [2022-01-11 20:26:26,263] {dag.py:2396} INFO - Sync 1 DAGs
[2022-01-11 20:26:26,301] {logging_mixin.py:109} INFO - [2022-01-11 20:26:26,301] {dag.py:2935} INFO - Setting next_dagrun for parallel_dag to 2022-01-11T00:00:00+00:00
[2022-01-11 20:26:26,317] {processor.py:171} INFO - Processing /home/airflow/airflow/dags/parallel_dags.py took 0.185 seconds
[2022-01-11 20:26:57,258] {processor.py:163} INFO - Started process (PID=11868) to work on /home/airflow/airflow/dags/parallel_dags.py
[2022-01-11 20:26:57,258] {processor.py:642} INFO - Processing file /home/airflow/airflow/dags/parallel_dags.py for tasks to queue
[2022-01-11 20:26:57,259] {logging_mixin.py:109} INFO - [2022-01-11 20:26:57,259] {dagbag.py:500} INFO - Filling up the DagBag from /home/airflow/airflow/dags/parallel_dags.py
[2022-01-11 20:26:57,350] {processor.py:654} INFO - DAG(s) dict_keys(['parallel_dag']) retrieved from /home/airflow/airflow/dags/parallel_dags.py
[2022-01-11 20:26:57,384] {logging_mixin.py:109} INFO - [2022-01-11 20:26:57,384] {dag.py:2396} INFO - Sync 1 DAGs
[2022-01-11 20:26:57,425] {logging_mixin.py:109} INFO - [2022-01-11 20:26:57,425] {dag.py:2935} INFO - Setting next_dagrun for parallel_dag to 2022-01-11T00:00:00+00:00
[2022-01-11 20:26:57,436] {processor.py:171} INFO - Processing /home/airflow/airflow/dags/parallel_dags.py took 0.198 seconds
[2022-01-11 20:27:27,824] {processor.py:163} INFO - Started process (PID=12371) to work on /home/airflow/airflow/dags/parallel_dags.py
[2022-01-11 20:27:27,825] {processor.py:642} INFO - Processing file /home/airflow/airflow/dags/parallel_dags.py for tasks to queue
[2022-01-11 20:27:27,825] {logging_mixin.py:109} INFO - [2022-01-11 20:27:27,825] {dagbag.py:500} INFO - Filling up the DagBag from /home/airflow/airflow/dags/parallel_dags.py
[2022-01-11 20:27:27,927] {processor.py:654} INFO - DAG(s) dict_keys(['parallel_dag']) retrieved from /home/airflow/airflow/dags/parallel_dags.py
[2022-01-11 20:27:27,953] {logging_mixin.py:109} INFO - [2022-01-11 20:27:27,953] {dag.py:2396} INFO - Sync 1 DAGs
[2022-01-11 20:27:28,018] {logging_mixin.py:109} INFO - [2022-01-11 20:27:28,018] {dag.py:2935} INFO - Setting next_dagrun for parallel_dag to 2022-01-11T00:00:00+00:00
[2022-01-11 20:27:28,050] {processor.py:171} INFO - Processing /home/airflow/airflow/dags/parallel_dags.py took 0.238 seconds
[2022-01-11 20:27:58,461] {processor.py:163} INFO - Started process (PID=12612) to work on /home/airflow/airflow/dags/parallel_dags.py
[2022-01-11 20:27:58,464] {processor.py:642} INFO - Processing file /home/airflow/airflow/dags/parallel_dags.py for tasks to queue
[2022-01-11 20:27:58,464] {logging_mixin.py:109} INFO - [2022-01-11 20:27:58,464] {dagbag.py:500} INFO - Filling up the DagBag from /home/airflow/airflow/dags/parallel_dags.py
[2022-01-11 20:27:58,579] {processor.py:654} INFO - DAG(s) dict_keys(['parallel_dag']) retrieved from /home/airflow/airflow/dags/parallel_dags.py
[2022-01-11 20:27:58,601] {logging_mixin.py:109} INFO - [2022-01-11 20:27:58,601] {dag.py:2396} INFO - Sync 1 DAGs
[2022-01-11 20:27:58,667] {logging_mixin.py:109} INFO - [2022-01-11 20:27:58,661] {dag.py:2935} INFO - Setting next_dagrun for parallel_dag to 2022-01-11T00:00:00+00:00
[2022-01-11 20:27:58,711] {processor.py:171} INFO - Processing /home/airflow/airflow/dags/parallel_dags.py took 0.264 seconds
[2022-01-11 20:28:29,016] {processor.py:163} INFO - Started process (PID=12859) to work on /home/airflow/airflow/dags/parallel_dags.py
[2022-01-11 20:28:29,017] {processor.py:642} INFO - Processing file /home/airflow/airflow/dags/parallel_dags.py for tasks to queue
[2022-01-11 20:28:29,018] {logging_mixin.py:109} INFO - [2022-01-11 20:28:29,018] {dagbag.py:500} INFO - Filling up the DagBag from /home/airflow/airflow/dags/parallel_dags.py
[2022-01-11 20:28:29,072] {processor.py:654} INFO - DAG(s) dict_keys(['parallel_dag']) retrieved from /home/airflow/airflow/dags/parallel_dags.py
[2022-01-11 20:28:29,093] {logging_mixin.py:109} INFO - [2022-01-11 20:28:29,093] {dag.py:2396} INFO - Sync 1 DAGs
[2022-01-11 20:28:29,113] {logging_mixin.py:109} INFO - [2022-01-11 20:28:29,113] {dag.py:2935} INFO - Setting next_dagrun for parallel_dag to 2022-01-11T00:00:00+00:00
[2022-01-11 20:28:29,124] {processor.py:171} INFO - Processing /home/airflow/airflow/dags/parallel_dags.py took 0.111 seconds
[2022-01-11 20:28:59,535] {processor.py:163} INFO - Started process (PID=13100) to work on /home/airflow/airflow/dags/parallel_dags.py
[2022-01-11 20:28:59,537] {processor.py:642} INFO - Processing file /home/airflow/airflow/dags/parallel_dags.py for tasks to queue
[2022-01-11 20:28:59,539] {logging_mixin.py:109} INFO - [2022-01-11 20:28:59,539] {dagbag.py:500} INFO - Filling up the DagBag from /home/airflow/airflow/dags/parallel_dags.py
[2022-01-11 20:28:59,576] {processor.py:654} INFO - DAG(s) dict_keys(['parallel_dag']) retrieved from /home/airflow/airflow/dags/parallel_dags.py
[2022-01-11 20:28:59,590] {logging_mixin.py:109} INFO - [2022-01-11 20:28:59,590] {dag.py:2396} INFO - Sync 1 DAGs
[2022-01-11 20:28:59,611] {logging_mixin.py:109} INFO - [2022-01-11 20:28:59,611] {dag.py:2935} INFO - Setting next_dagrun for parallel_dag to 2022-01-11T00:00:00+00:00
[2022-01-11 20:28:59,621] {processor.py:171} INFO - Processing /home/airflow/airflow/dags/parallel_dags.py took 0.091 seconds
[2022-01-11 20:29:29,983] {processor.py:163} INFO - Started process (PID=13348) to work on /home/airflow/airflow/dags/parallel_dags.py
[2022-01-11 20:29:29,984] {processor.py:642} INFO - Processing file /home/airflow/airflow/dags/parallel_dags.py for tasks to queue
[2022-01-11 20:29:29,985] {logging_mixin.py:109} INFO - [2022-01-11 20:29:29,985] {dagbag.py:500} INFO - Filling up the DagBag from /home/airflow/airflow/dags/parallel_dags.py
[2022-01-11 20:29:30,011] {processor.py:654} INFO - DAG(s) dict_keys(['parallel_dag']) retrieved from /home/airflow/airflow/dags/parallel_dags.py
[2022-01-11 20:29:30,018] {logging_mixin.py:109} INFO - [2022-01-11 20:29:30,018] {dag.py:2396} INFO - Sync 1 DAGs
[2022-01-11 20:29:30,032] {logging_mixin.py:109} INFO - [2022-01-11 20:29:30,032] {dag.py:2935} INFO - Setting next_dagrun for parallel_dag to 2022-01-11T00:00:00+00:00
[2022-01-11 20:29:30,041] {processor.py:171} INFO - Processing /home/airflow/airflow/dags/parallel_dags.py took 0.061 seconds
[2022-01-11 20:30:00,829] {processor.py:163} INFO - Started process (PID=13590) to work on /home/airflow/airflow/dags/parallel_dags.py
[2022-01-11 20:30:00,830] {processor.py:642} INFO - Processing file /home/airflow/airflow/dags/parallel_dags.py for tasks to queue
[2022-01-11 20:30:00,830] {logging_mixin.py:109} INFO - [2022-01-11 20:30:00,830] {dagbag.py:500} INFO - Filling up the DagBag from /home/airflow/airflow/dags/parallel_dags.py
[2022-01-11 20:30:00,865] {processor.py:654} INFO - DAG(s) dict_keys(['parallel_dag']) retrieved from /home/airflow/airflow/dags/parallel_dags.py
[2022-01-11 20:30:00,877] {logging_mixin.py:109} INFO - [2022-01-11 20:30:00,876] {dag.py:2396} INFO - Sync 1 DAGs
[2022-01-11 20:30:00,894] {logging_mixin.py:109} INFO - [2022-01-11 20:30:00,894] {dag.py:2935} INFO - Setting next_dagrun for parallel_dag to 2022-01-11T00:00:00+00:00
[2022-01-11 20:30:00,904] {processor.py:171} INFO - Processing /home/airflow/airflow/dags/parallel_dags.py took 0.083 seconds
[2022-01-11 20:30:31,141] {processor.py:163} INFO - Started process (PID=13838) to work on /home/airflow/airflow/dags/parallel_dags.py
[2022-01-11 20:30:31,143] {processor.py:642} INFO - Processing file /home/airflow/airflow/dags/parallel_dags.py for tasks to queue
[2022-01-11 20:30:31,144] {logging_mixin.py:109} INFO - [2022-01-11 20:30:31,143] {dagbag.py:500} INFO - Filling up the DagBag from /home/airflow/airflow/dags/parallel_dags.py
[2022-01-11 20:30:31,180] {processor.py:654} INFO - DAG(s) dict_keys(['parallel_dag']) retrieved from /home/airflow/airflow/dags/parallel_dags.py
[2022-01-11 20:30:31,198] {logging_mixin.py:109} INFO - [2022-01-11 20:30:31,197] {dag.py:2396} INFO - Sync 1 DAGs
[2022-01-11 20:30:31,262] {logging_mixin.py:109} INFO - [2022-01-11 20:30:31,261] {dag.py:2935} INFO - Setting next_dagrun for parallel_dag to 2022-01-11T00:00:00+00:00
[2022-01-11 20:30:31,287] {processor.py:171} INFO - Processing /home/airflow/airflow/dags/parallel_dags.py took 0.148 seconds
[2022-01-11 20:31:01,581] {processor.py:163} INFO - Started process (PID=14085) to work on /home/airflow/airflow/dags/parallel_dags.py
[2022-01-11 20:31:01,583] {processor.py:642} INFO - Processing file /home/airflow/airflow/dags/parallel_dags.py for tasks to queue
[2022-01-11 20:31:01,584] {logging_mixin.py:109} INFO - [2022-01-11 20:31:01,584] {dagbag.py:500} INFO - Filling up the DagBag from /home/airflow/airflow/dags/parallel_dags.py
[2022-01-11 20:31:01,628] {processor.py:654} INFO - DAG(s) dict_keys(['parallel_dag']) retrieved from /home/airflow/airflow/dags/parallel_dags.py
[2022-01-11 20:31:01,639] {logging_mixin.py:109} INFO - [2022-01-11 20:31:01,639] {dag.py:2396} INFO - Sync 1 DAGs
[2022-01-11 20:31:01,656] {logging_mixin.py:109} INFO - [2022-01-11 20:31:01,655] {dag.py:2935} INFO - Setting next_dagrun for parallel_dag to 2022-01-11T00:00:00+00:00
[2022-01-11 20:31:01,668] {processor.py:171} INFO - Processing /home/airflow/airflow/dags/parallel_dags.py took 0.095 seconds
[2022-01-11 20:31:31,932] {processor.py:163} INFO - Started process (PID=14332) to work on /home/airflow/airflow/dags/parallel_dags.py
[2022-01-11 20:31:31,935] {processor.py:642} INFO - Processing file /home/airflow/airflow/dags/parallel_dags.py for tasks to queue
[2022-01-11 20:31:31,936] {logging_mixin.py:109} INFO - [2022-01-11 20:31:31,936] {dagbag.py:500} INFO - Filling up the DagBag from /home/airflow/airflow/dags/parallel_dags.py
[2022-01-11 20:31:31,996] {processor.py:654} INFO - DAG(s) dict_keys(['parallel_dag']) retrieved from /home/airflow/airflow/dags/parallel_dags.py
[2022-01-11 20:31:32,008] {logging_mixin.py:109} INFO - [2022-01-11 20:31:32,008] {dag.py:2396} INFO - Sync 1 DAGs
[2022-01-11 20:31:32,028] {logging_mixin.py:109} INFO - [2022-01-11 20:31:32,028] {dag.py:2935} INFO - Setting next_dagrun for parallel_dag to 2022-01-11T00:00:00+00:00
[2022-01-11 20:31:32,037] {processor.py:171} INFO - Processing /home/airflow/airflow/dags/parallel_dags.py took 0.111 seconds
[2022-01-11 20:32:02,257] {processor.py:163} INFO - Started process (PID=14573) to work on /home/airflow/airflow/dags/parallel_dags.py
[2022-01-11 20:32:02,258] {processor.py:642} INFO - Processing file /home/airflow/airflow/dags/parallel_dags.py for tasks to queue
[2022-01-11 20:32:02,258] {logging_mixin.py:109} INFO - [2022-01-11 20:32:02,258] {dagbag.py:500} INFO - Filling up the DagBag from /home/airflow/airflow/dags/parallel_dags.py
[2022-01-11 20:32:02,291] {processor.py:654} INFO - DAG(s) dict_keys(['parallel_dag']) retrieved from /home/airflow/airflow/dags/parallel_dags.py
[2022-01-11 20:32:02,307] {logging_mixin.py:109} INFO - [2022-01-11 20:32:02,306] {dag.py:2396} INFO - Sync 1 DAGs
[2022-01-11 20:32:02,333] {logging_mixin.py:109} INFO - [2022-01-11 20:32:02,333] {dag.py:2935} INFO - Setting next_dagrun for parallel_dag to 2022-01-11T00:00:00+00:00
[2022-01-11 20:32:02,386] {processor.py:171} INFO - Processing /home/airflow/airflow/dags/parallel_dags.py took 0.134 seconds
[2022-01-11 20:32:32,906] {processor.py:163} INFO - Started process (PID=15074) to work on /home/airflow/airflow/dags/parallel_dags.py
[2022-01-11 20:32:32,907] {processor.py:642} INFO - Processing file /home/airflow/airflow/dags/parallel_dags.py for tasks to queue
[2022-01-11 20:32:32,908] {logging_mixin.py:109} INFO - [2022-01-11 20:32:32,908] {dagbag.py:500} INFO - Filling up the DagBag from /home/airflow/airflow/dags/parallel_dags.py
[2022-01-11 20:32:32,972] {processor.py:654} INFO - DAG(s) dict_keys(['parallel_dag']) retrieved from /home/airflow/airflow/dags/parallel_dags.py
[2022-01-11 20:32:32,985] {logging_mixin.py:109} INFO - [2022-01-11 20:32:32,985] {dag.py:2396} INFO - Sync 1 DAGs
[2022-01-11 20:32:33,008] {logging_mixin.py:109} INFO - [2022-01-11 20:32:33,008] {dag.py:2935} INFO - Setting next_dagrun for parallel_dag to 2022-01-11T00:00:00+00:00
[2022-01-11 20:32:33,027] {processor.py:171} INFO - Processing /home/airflow/airflow/dags/parallel_dags.py took 0.127 seconds
[2022-01-11 20:33:03,326] {processor.py:163} INFO - Started process (PID=15321) to work on /home/airflow/airflow/dags/parallel_dags.py
[2022-01-11 20:33:03,327] {processor.py:642} INFO - Processing file /home/airflow/airflow/dags/parallel_dags.py for tasks to queue
[2022-01-11 20:33:03,327] {logging_mixin.py:109} INFO - [2022-01-11 20:33:03,327] {dagbag.py:500} INFO - Filling up the DagBag from /home/airflow/airflow/dags/parallel_dags.py
[2022-01-11 20:33:03,369] {processor.py:654} INFO - DAG(s) dict_keys(['parallel_dag']) retrieved from /home/airflow/airflow/dags/parallel_dags.py
[2022-01-11 20:33:03,378] {logging_mixin.py:109} INFO - [2022-01-11 20:33:03,378] {dag.py:2396} INFO - Sync 1 DAGs
[2022-01-11 20:33:03,393] {logging_mixin.py:109} INFO - [2022-01-11 20:33:03,393] {dag.py:2935} INFO - Setting next_dagrun for parallel_dag to 2022-01-11T00:00:00+00:00
[2022-01-11 20:33:03,403] {processor.py:171} INFO - Processing /home/airflow/airflow/dags/parallel_dags.py took 0.087 seconds
[2022-01-11 20:33:34,136] {processor.py:163} INFO - Started process (PID=15571) to work on /home/airflow/airflow/dags/parallel_dags.py
[2022-01-11 20:33:34,137] {processor.py:642} INFO - Processing file /home/airflow/airflow/dags/parallel_dags.py for tasks to queue
[2022-01-11 20:33:34,139] {logging_mixin.py:109} INFO - [2022-01-11 20:33:34,139] {dagbag.py:500} INFO - Filling up the DagBag from /home/airflow/airflow/dags/parallel_dags.py
[2022-01-11 20:33:34,222] {processor.py:654} INFO - DAG(s) dict_keys(['parallel_dag']) retrieved from /home/airflow/airflow/dags/parallel_dags.py
[2022-01-11 20:33:34,263] {logging_mixin.py:109} INFO - [2022-01-11 20:33:34,263] {dag.py:2396} INFO - Sync 1 DAGs
[2022-01-11 20:33:34,288] {logging_mixin.py:109} INFO - [2022-01-11 20:33:34,288] {dag.py:2935} INFO - Setting next_dagrun for parallel_dag to 2022-01-11T00:00:00+00:00
[2022-01-11 20:33:34,306] {processor.py:171} INFO - Processing /home/airflow/airflow/dags/parallel_dags.py took 0.186 seconds
[2022-01-11 20:34:04,410] {processor.py:163} INFO - Started process (PID=15815) to work on /home/airflow/airflow/dags/parallel_dags.py
[2022-01-11 20:34:04,414] {processor.py:642} INFO - Processing file /home/airflow/airflow/dags/parallel_dags.py for tasks to queue
[2022-01-11 20:34:04,415] {logging_mixin.py:109} INFO - [2022-01-11 20:34:04,415] {dagbag.py:500} INFO - Filling up the DagBag from /home/airflow/airflow/dags/parallel_dags.py
[2022-01-11 20:34:04,455] {processor.py:654} INFO - DAG(s) dict_keys(['parallel_dag']) retrieved from /home/airflow/airflow/dags/parallel_dags.py
[2022-01-11 20:34:04,468] {logging_mixin.py:109} INFO - [2022-01-11 20:34:04,468] {dag.py:2396} INFO - Sync 1 DAGs
[2022-01-11 20:34:04,481] {logging_mixin.py:109} INFO - [2022-01-11 20:34:04,481] {dag.py:2935} INFO - Setting next_dagrun for parallel_dag to 2022-01-11T00:00:00+00:00
[2022-01-11 20:34:04,498] {processor.py:171} INFO - Processing /home/airflow/airflow/dags/parallel_dags.py took 0.091 seconds
[2022-01-11 20:34:34,979] {processor.py:163} INFO - Started process (PID=16065) to work on /home/airflow/airflow/dags/parallel_dags.py
[2022-01-11 20:34:34,985] {processor.py:642} INFO - Processing file /home/airflow/airflow/dags/parallel_dags.py for tasks to queue
[2022-01-11 20:34:34,986] {logging_mixin.py:109} INFO - [2022-01-11 20:34:34,986] {dagbag.py:500} INFO - Filling up the DagBag from /home/airflow/airflow/dags/parallel_dags.py
[2022-01-11 20:34:35,060] {processor.py:654} INFO - DAG(s) dict_keys(['parallel_dag']) retrieved from /home/airflow/airflow/dags/parallel_dags.py
[2022-01-11 20:34:35,078] {logging_mixin.py:109} INFO - [2022-01-11 20:34:35,078] {dag.py:2396} INFO - Sync 1 DAGs
[2022-01-11 20:34:35,100] {logging_mixin.py:109} INFO - [2022-01-11 20:34:35,100] {dag.py:2935} INFO - Setting next_dagrun for parallel_dag to 2022-01-11T00:00:00+00:00
[2022-01-11 20:34:35,114] {processor.py:171} INFO - Processing /home/airflow/airflow/dags/parallel_dags.py took 0.139 seconds
[2022-01-11 20:35:05,495] {processor.py:163} INFO - Started process (PID=16318) to work on /home/airflow/airflow/dags/parallel_dags.py
[2022-01-11 20:35:05,496] {processor.py:642} INFO - Processing file /home/airflow/airflow/dags/parallel_dags.py for tasks to queue
[2022-01-11 20:35:05,497] {logging_mixin.py:109} INFO - [2022-01-11 20:35:05,497] {dagbag.py:500} INFO - Filling up the DagBag from /home/airflow/airflow/dags/parallel_dags.py
[2022-01-11 20:35:05,555] {processor.py:654} INFO - DAG(s) dict_keys(['parallel_dag']) retrieved from /home/airflow/airflow/dags/parallel_dags.py
[2022-01-11 20:35:05,566] {logging_mixin.py:109} INFO - [2022-01-11 20:35:05,565] {dag.py:2396} INFO - Sync 1 DAGs
[2022-01-11 20:35:05,579] {logging_mixin.py:109} INFO - [2022-01-11 20:35:05,579] {dag.py:2935} INFO - Setting next_dagrun for parallel_dag to 2022-01-11T00:00:00+00:00
[2022-01-11 20:35:05,595] {processor.py:171} INFO - Processing /home/airflow/airflow/dags/parallel_dags.py took 0.108 seconds
[2022-01-11 20:35:36,527] {processor.py:163} INFO - Started process (PID=16566) to work on /home/airflow/airflow/dags/parallel_dags.py
[2022-01-11 20:35:36,528] {processor.py:642} INFO - Processing file /home/airflow/airflow/dags/parallel_dags.py for tasks to queue
[2022-01-11 20:35:36,529] {logging_mixin.py:109} INFO - [2022-01-11 20:35:36,529] {dagbag.py:500} INFO - Filling up the DagBag from /home/airflow/airflow/dags/parallel_dags.py
[2022-01-11 20:35:36,582] {processor.py:654} INFO - DAG(s) dict_keys(['parallel_dag']) retrieved from /home/airflow/airflow/dags/parallel_dags.py
[2022-01-11 20:35:36,596] {logging_mixin.py:109} INFO - [2022-01-11 20:35:36,596] {dag.py:2396} INFO - Sync 1 DAGs
[2022-01-11 20:35:36,616] {logging_mixin.py:109} INFO - [2022-01-11 20:35:36,616] {dag.py:2935} INFO - Setting next_dagrun for parallel_dag to 2022-01-11T00:00:00+00:00
[2022-01-11 20:35:36,630] {processor.py:171} INFO - Processing /home/airflow/airflow/dags/parallel_dags.py took 0.108 seconds
[2022-01-11 20:36:06,762] {processor.py:163} INFO - Started process (PID=16813) to work on /home/airflow/airflow/dags/parallel_dags.py
[2022-01-11 20:36:06,764] {processor.py:642} INFO - Processing file /home/airflow/airflow/dags/parallel_dags.py for tasks to queue
[2022-01-11 20:36:06,765] {logging_mixin.py:109} INFO - [2022-01-11 20:36:06,765] {dagbag.py:500} INFO - Filling up the DagBag from /home/airflow/airflow/dags/parallel_dags.py
[2022-01-11 20:36:06,808] {processor.py:654} INFO - DAG(s) dict_keys(['parallel_dag']) retrieved from /home/airflow/airflow/dags/parallel_dags.py
[2022-01-11 20:36:06,826] {logging_mixin.py:109} INFO - [2022-01-11 20:36:06,825] {dag.py:2396} INFO - Sync 1 DAGs
[2022-01-11 20:36:06,853] {logging_mixin.py:109} INFO - [2022-01-11 20:36:06,853] {dag.py:2935} INFO - Setting next_dagrun for parallel_dag to 2022-01-11T00:00:00+00:00
[2022-01-11 20:36:06,867] {processor.py:171} INFO - Processing /home/airflow/airflow/dags/parallel_dags.py took 0.111 seconds
[2022-01-11 20:36:37,764] {processor.py:163} INFO - Started process (PID=17060) to work on /home/airflow/airflow/dags/parallel_dags.py
[2022-01-11 20:36:37,767] {processor.py:642} INFO - Processing file /home/airflow/airflow/dags/parallel_dags.py for tasks to queue
[2022-01-11 20:36:37,769] {logging_mixin.py:109} INFO - [2022-01-11 20:36:37,768] {dagbag.py:500} INFO - Filling up the DagBag from /home/airflow/airflow/dags/parallel_dags.py
[2022-01-11 20:36:37,824] {processor.py:654} INFO - DAG(s) dict_keys(['parallel_dag']) retrieved from /home/airflow/airflow/dags/parallel_dags.py
[2022-01-11 20:36:37,841] {logging_mixin.py:109} INFO - [2022-01-11 20:36:37,841] {dag.py:2396} INFO - Sync 1 DAGs
[2022-01-11 20:36:37,864] {logging_mixin.py:109} INFO - [2022-01-11 20:36:37,864] {dag.py:2935} INFO - Setting next_dagrun for parallel_dag to 2022-01-11T00:00:00+00:00
[2022-01-11 20:36:37,883] {processor.py:171} INFO - Processing /home/airflow/airflow/dags/parallel_dags.py took 0.125 seconds
[2022-01-11 20:37:08,272] {processor.py:163} INFO - Started process (PID=17486) to work on /home/airflow/airflow/dags/parallel_dags.py
[2022-01-11 20:37:08,274] {processor.py:642} INFO - Processing file /home/airflow/airflow/dags/parallel_dags.py for tasks to queue
[2022-01-11 20:37:08,276] {logging_mixin.py:109} INFO - [2022-01-11 20:37:08,276] {dagbag.py:500} INFO - Filling up the DagBag from /home/airflow/airflow/dags/parallel_dags.py
[2022-01-11 20:37:08,331] {processor.py:654} INFO - DAG(s) dict_keys(['parallel_dag']) retrieved from /home/airflow/airflow/dags/parallel_dags.py
[2022-01-11 20:37:08,347] {logging_mixin.py:109} INFO - [2022-01-11 20:37:08,346] {dag.py:2396} INFO - Sync 1 DAGs
[2022-01-11 20:37:08,375] {logging_mixin.py:109} INFO - [2022-01-11 20:37:08,374] {dag.py:2935} INFO - Setting next_dagrun for parallel_dag to 2022-01-11T00:00:00+00:00
[2022-01-11 20:37:08,390] {processor.py:171} INFO - Processing /home/airflow/airflow/dags/parallel_dags.py took 0.131 seconds
[2022-01-11 20:37:38,545] {processor.py:163} INFO - Started process (PID=17801) to work on /home/airflow/airflow/dags/parallel_dags.py
[2022-01-11 20:37:38,557] {processor.py:642} INFO - Processing file /home/airflow/airflow/dags/parallel_dags.py for tasks to queue
[2022-01-11 20:37:38,565] {logging_mixin.py:109} INFO - [2022-01-11 20:37:38,564] {dagbag.py:500} INFO - Filling up the DagBag from /home/airflow/airflow/dags/parallel_dags.py
[2022-01-11 20:37:38,648] {processor.py:654} INFO - DAG(s) dict_keys(['parallel_dag']) retrieved from /home/airflow/airflow/dags/parallel_dags.py
[2022-01-11 20:37:38,671] {logging_mixin.py:109} INFO - [2022-01-11 20:37:38,670] {dag.py:2396} INFO - Sync 1 DAGs
[2022-01-11 20:37:38,744] {logging_mixin.py:109} INFO - [2022-01-11 20:37:38,744] {dag.py:2935} INFO - Setting next_dagrun for parallel_dag to 2022-01-11T00:00:00+00:00
[2022-01-11 20:37:38,785] {processor.py:171} INFO - Processing /home/airflow/airflow/dags/parallel_dags.py took 0.252 seconds
[2022-01-11 20:38:09,346] {processor.py:163} INFO - Started process (PID=18032) to work on /home/airflow/airflow/dags/parallel_dags.py
[2022-01-11 20:38:09,355] {processor.py:642} INFO - Processing file /home/airflow/airflow/dags/parallel_dags.py for tasks to queue
[2022-01-11 20:38:09,356] {logging_mixin.py:109} INFO - [2022-01-11 20:38:09,356] {dagbag.py:500} INFO - Filling up the DagBag from /home/airflow/airflow/dags/parallel_dags.py
[2022-01-11 20:38:09,459] {processor.py:654} INFO - DAG(s) dict_keys(['parallel_dag']) retrieved from /home/airflow/airflow/dags/parallel_dags.py
[2022-01-11 20:38:09,493] {logging_mixin.py:109} INFO - [2022-01-11 20:38:09,493] {dag.py:2396} INFO - Sync 1 DAGs
[2022-01-11 20:38:09,528] {logging_mixin.py:109} INFO - [2022-01-11 20:38:09,528] {dag.py:2935} INFO - Setting next_dagrun for parallel_dag to 2022-01-11T00:00:00+00:00
[2022-01-11 20:38:09,548] {processor.py:171} INFO - Processing /home/airflow/airflow/dags/parallel_dags.py took 0.210 seconds
[2022-01-11 20:38:41,028] {processor.py:163} INFO - Started process (PID=18285) to work on /home/airflow/airflow/dags/parallel_dags.py
[2022-01-11 20:38:41,032] {processor.py:642} INFO - Processing file /home/airflow/airflow/dags/parallel_dags.py for tasks to queue
[2022-01-11 20:38:41,033] {logging_mixin.py:109} INFO - [2022-01-11 20:38:41,033] {dagbag.py:500} INFO - Filling up the DagBag from /home/airflow/airflow/dags/parallel_dags.py
[2022-01-11 20:38:41,135] {processor.py:654} INFO - DAG(s) dict_keys(['parallel_dag']) retrieved from /home/airflow/airflow/dags/parallel_dags.py
[2022-01-11 20:38:41,184] {logging_mixin.py:109} INFO - [2022-01-11 20:38:41,184] {dag.py:2396} INFO - Sync 1 DAGs
[2022-01-11 20:38:41,303] {logging_mixin.py:109} INFO - [2022-01-11 20:38:41,303] {dag.py:2935} INFO - Setting next_dagrun for parallel_dag to 2022-01-11T00:00:00+00:00
[2022-01-11 20:38:41,327] {processor.py:171} INFO - Processing /home/airflow/airflow/dags/parallel_dags.py took 0.310 seconds
[2022-01-11 20:39:11,588] {processor.py:163} INFO - Started process (PID=18477) to work on /home/airflow/airflow/dags/parallel_dags.py
[2022-01-11 20:39:11,594] {processor.py:642} INFO - Processing file /home/airflow/airflow/dags/parallel_dags.py for tasks to queue
[2022-01-11 20:39:11,596] {logging_mixin.py:109} INFO - [2022-01-11 20:39:11,596] {dagbag.py:500} INFO - Filling up the DagBag from /home/airflow/airflow/dags/parallel_dags.py
[2022-01-11 20:39:11,738] {processor.py:654} INFO - DAG(s) dict_keys(['parallel_dag']) retrieved from /home/airflow/airflow/dags/parallel_dags.py
[2022-01-11 20:39:11,772] {logging_mixin.py:109} INFO - [2022-01-11 20:39:11,771] {dag.py:2396} INFO - Sync 1 DAGs
[2022-01-11 20:39:11,840] {logging_mixin.py:109} INFO - [2022-01-11 20:39:11,840] {dag.py:2935} INFO - Setting next_dagrun for parallel_dag to 2022-01-11T00:00:00+00:00
[2022-01-11 20:39:11,885] {processor.py:171} INFO - Processing /home/airflow/airflow/dags/parallel_dags.py took 0.325 seconds
[2022-01-11 20:39:42,432] {processor.py:163} INFO - Started process (PID=18706) to work on /home/airflow/airflow/dags/parallel_dags.py
[2022-01-11 20:39:42,440] {processor.py:642} INFO - Processing file /home/airflow/airflow/dags/parallel_dags.py for tasks to queue
[2022-01-11 20:39:42,442] {logging_mixin.py:109} INFO - [2022-01-11 20:39:42,441] {dagbag.py:500} INFO - Filling up the DagBag from /home/airflow/airflow/dags/parallel_dags.py
[2022-01-11 20:39:42,531] {processor.py:654} INFO - DAG(s) dict_keys(['parallel_dag']) retrieved from /home/airflow/airflow/dags/parallel_dags.py
[2022-01-11 20:39:42,570] {logging_mixin.py:109} INFO - [2022-01-11 20:39:42,570] {dag.py:2396} INFO - Sync 1 DAGs
[2022-01-11 20:39:42,680] {logging_mixin.py:109} INFO - [2022-01-11 20:39:42,680] {dag.py:2935} INFO - Setting next_dagrun for parallel_dag to 2022-01-11T00:00:00+00:00
[2022-01-11 20:39:42,727] {processor.py:171} INFO - Processing /home/airflow/airflow/dags/parallel_dags.py took 0.310 seconds
[2022-01-11 20:40:13,956] {processor.py:163} INFO - Started process (PID=18956) to work on /home/airflow/airflow/dags/parallel_dags.py
[2022-01-11 20:40:13,962] {processor.py:642} INFO - Processing file /home/airflow/airflow/dags/parallel_dags.py for tasks to queue
[2022-01-11 20:40:13,968] {logging_mixin.py:109} INFO - [2022-01-11 20:40:13,968] {dagbag.py:500} INFO - Filling up the DagBag from /home/airflow/airflow/dags/parallel_dags.py
[2022-01-11 20:40:14,044] {processor.py:654} INFO - DAG(s) dict_keys(['parallel_dag']) retrieved from /home/airflow/airflow/dags/parallel_dags.py
[2022-01-11 20:40:14,068] {logging_mixin.py:109} INFO - [2022-01-11 20:40:14,068] {dag.py:2396} INFO - Sync 1 DAGs
[2022-01-11 20:40:14,120] {logging_mixin.py:109} INFO - [2022-01-11 20:40:14,119] {dag.py:2935} INFO - Setting next_dagrun for parallel_dag to 2022-01-11T00:00:00+00:00
[2022-01-11 20:40:14,139] {processor.py:171} INFO - Processing /home/airflow/airflow/dags/parallel_dags.py took 0.186 seconds
[2022-01-11 20:40:45,185] {processor.py:163} INFO - Started process (PID=19203) to work on /home/airflow/airflow/dags/parallel_dags.py
[2022-01-11 20:40:45,197] {processor.py:642} INFO - Processing file /home/airflow/airflow/dags/parallel_dags.py for tasks to queue
[2022-01-11 20:40:45,198] {logging_mixin.py:109} INFO - [2022-01-11 20:40:45,198] {dagbag.py:500} INFO - Filling up the DagBag from /home/airflow/airflow/dags/parallel_dags.py
[2022-01-11 20:40:45,323] {processor.py:654} INFO - DAG(s) dict_keys(['parallel_dag']) retrieved from /home/airflow/airflow/dags/parallel_dags.py
[2022-01-11 20:40:45,363] {logging_mixin.py:109} INFO - [2022-01-11 20:40:45,363] {dag.py:2396} INFO - Sync 1 DAGs
[2022-01-11 20:40:45,435] {logging_mixin.py:109} INFO - [2022-01-11 20:40:45,432] {dag.py:2935} INFO - Setting next_dagrun for parallel_dag to 2022-01-11T00:00:00+00:00
[2022-01-11 20:40:45,497] {processor.py:171} INFO - Processing /home/airflow/airflow/dags/parallel_dags.py took 0.335 seconds
[2022-01-11 20:41:16,565] {processor.py:163} INFO - Started process (PID=19458) to work on /home/airflow/airflow/dags/parallel_dags.py
[2022-01-11 20:41:16,567] {processor.py:642} INFO - Processing file /home/airflow/airflow/dags/parallel_dags.py for tasks to queue
[2022-01-11 20:41:16,568] {logging_mixin.py:109} INFO - [2022-01-11 20:41:16,568] {dagbag.py:500} INFO - Filling up the DagBag from /home/airflow/airflow/dags/parallel_dags.py
[2022-01-11 20:41:16,693] {processor.py:654} INFO - DAG(s) dict_keys(['parallel_dag']) retrieved from /home/airflow/airflow/dags/parallel_dags.py
[2022-01-11 20:41:16,712] {logging_mixin.py:109} INFO - [2022-01-11 20:41:16,712] {dag.py:2396} INFO - Sync 1 DAGs
[2022-01-11 20:41:16,758] {logging_mixin.py:109} INFO - [2022-01-11 20:41:16,758] {dag.py:2935} INFO - Setting next_dagrun for parallel_dag to 2022-01-11T00:00:00+00:00
[2022-01-11 20:41:16,786] {processor.py:171} INFO - Processing /home/airflow/airflow/dags/parallel_dags.py took 0.224 seconds
[2022-01-11 20:41:47,525] {processor.py:163} INFO - Started process (PID=19705) to work on /home/airflow/airflow/dags/parallel_dags.py
[2022-01-11 20:41:47,527] {processor.py:642} INFO - Processing file /home/airflow/airflow/dags/parallel_dags.py for tasks to queue
[2022-01-11 20:41:47,533] {logging_mixin.py:109} INFO - [2022-01-11 20:41:47,533] {dagbag.py:500} INFO - Filling up the DagBag from /home/airflow/airflow/dags/parallel_dags.py
[2022-01-11 20:41:47,651] {processor.py:654} INFO - DAG(s) dict_keys(['parallel_dag']) retrieved from /home/airflow/airflow/dags/parallel_dags.py
[2022-01-11 20:41:47,669] {logging_mixin.py:109} INFO - [2022-01-11 20:41:47,669] {dag.py:2396} INFO - Sync 1 DAGs
[2022-01-11 20:41:47,710] {logging_mixin.py:109} INFO - [2022-01-11 20:41:47,710] {dag.py:2935} INFO - Setting next_dagrun for parallel_dag to 2022-01-11T00:00:00+00:00
[2022-01-11 20:41:47,734] {processor.py:171} INFO - Processing /home/airflow/airflow/dags/parallel_dags.py took 0.222 seconds
[2022-01-11 20:42:17,875] {processor.py:163} INFO - Started process (PID=20194) to work on /home/airflow/airflow/dags/parallel_dags.py
[2022-01-11 20:42:17,890] {processor.py:642} INFO - Processing file /home/airflow/airflow/dags/parallel_dags.py for tasks to queue
[2022-01-11 20:42:17,896] {logging_mixin.py:109} INFO - [2022-01-11 20:42:17,896] {dagbag.py:500} INFO - Filling up the DagBag from /home/airflow/airflow/dags/parallel_dags.py
[2022-01-11 20:42:18,061] {processor.py:654} INFO - DAG(s) dict_keys(['parallel_dag']) retrieved from /home/airflow/airflow/dags/parallel_dags.py
[2022-01-11 20:42:18,132] {logging_mixin.py:109} INFO - [2022-01-11 20:42:18,132] {dag.py:2396} INFO - Sync 1 DAGs
[2022-01-11 20:42:18,232] {logging_mixin.py:109} INFO - [2022-01-11 20:42:18,232] {dag.py:2935} INFO - Setting next_dagrun for parallel_dag to 2022-01-11T00:00:00+00:00
[2022-01-11 20:42:18,247] {processor.py:171} INFO - Processing /home/airflow/airflow/dags/parallel_dags.py took 0.375 seconds
[2022-01-11 20:42:48,969] {processor.py:163} INFO - Started process (PID=20447) to work on /home/airflow/airflow/dags/parallel_dags.py
[2022-01-11 20:42:48,970] {processor.py:642} INFO - Processing file /home/airflow/airflow/dags/parallel_dags.py for tasks to queue
[2022-01-11 20:42:48,970] {logging_mixin.py:109} INFO - [2022-01-11 20:42:48,970] {dagbag.py:500} INFO - Filling up the DagBag from /home/airflow/airflow/dags/parallel_dags.py
[2022-01-11 20:42:49,008] {processor.py:654} INFO - DAG(s) dict_keys(['parallel_dag']) retrieved from /home/airflow/airflow/dags/parallel_dags.py
[2022-01-11 20:42:49,040] {logging_mixin.py:109} INFO - [2022-01-11 20:42:49,040] {dag.py:2396} INFO - Sync 1 DAGs
[2022-01-11 20:42:49,065] {logging_mixin.py:109} INFO - [2022-01-11 20:42:49,065] {dag.py:2935} INFO - Setting next_dagrun for parallel_dag to 2022-01-11T00:00:00+00:00
[2022-01-11 20:42:49,077] {processor.py:171} INFO - Processing /home/airflow/airflow/dags/parallel_dags.py took 0.114 seconds
[2022-01-11 20:43:19,433] {processor.py:163} INFO - Started process (PID=20694) to work on /home/airflow/airflow/dags/parallel_dags.py
[2022-01-11 20:43:19,434] {processor.py:642} INFO - Processing file /home/airflow/airflow/dags/parallel_dags.py for tasks to queue
[2022-01-11 20:43:19,436] {logging_mixin.py:109} INFO - [2022-01-11 20:43:19,435] {dagbag.py:500} INFO - Filling up the DagBag from /home/airflow/airflow/dags/parallel_dags.py
[2022-01-11 20:43:19,473] {processor.py:654} INFO - DAG(s) dict_keys(['parallel_dag']) retrieved from /home/airflow/airflow/dags/parallel_dags.py
[2022-01-11 20:43:19,484] {logging_mixin.py:109} INFO - [2022-01-11 20:43:19,484] {dag.py:2396} INFO - Sync 1 DAGs
[2022-01-11 20:43:19,514] {logging_mixin.py:109} INFO - [2022-01-11 20:43:19,513] {dag.py:2935} INFO - Setting next_dagrun for parallel_dag to 2022-01-11T00:00:00+00:00
[2022-01-11 20:43:19,527] {processor.py:171} INFO - Processing /home/airflow/airflow/dags/parallel_dags.py took 0.097 seconds
[2022-01-11 20:43:50,134] {processor.py:163} INFO - Started process (PID=20947) to work on /home/airflow/airflow/dags/parallel_dags.py
[2022-01-11 20:43:50,137] {processor.py:642} INFO - Processing file /home/airflow/airflow/dags/parallel_dags.py for tasks to queue
[2022-01-11 20:43:50,138] {logging_mixin.py:109} INFO - [2022-01-11 20:43:50,138] {dagbag.py:500} INFO - Filling up the DagBag from /home/airflow/airflow/dags/parallel_dags.py
[2022-01-11 20:43:50,191] {processor.py:654} INFO - DAG(s) dict_keys(['parallel_dag']) retrieved from /home/airflow/airflow/dags/parallel_dags.py
[2022-01-11 20:43:50,220] {logging_mixin.py:109} INFO - [2022-01-11 20:43:50,220] {dag.py:2396} INFO - Sync 1 DAGs
[2022-01-11 20:43:50,251] {logging_mixin.py:109} INFO - [2022-01-11 20:43:50,250] {dag.py:2935} INFO - Setting next_dagrun for parallel_dag to 2022-01-11T00:00:00+00:00
[2022-01-11 20:43:50,271] {processor.py:171} INFO - Processing /home/airflow/airflow/dags/parallel_dags.py took 0.146 seconds
[2022-01-11 20:44:20,434] {processor.py:163} INFO - Started process (PID=21195) to work on /home/airflow/airflow/dags/parallel_dags.py
[2022-01-11 20:44:20,435] {processor.py:642} INFO - Processing file /home/airflow/airflow/dags/parallel_dags.py for tasks to queue
[2022-01-11 20:44:20,436] {logging_mixin.py:109} INFO - [2022-01-11 20:44:20,436] {dagbag.py:500} INFO - Filling up the DagBag from /home/airflow/airflow/dags/parallel_dags.py
[2022-01-11 20:44:20,489] {processor.py:654} INFO - DAG(s) dict_keys(['parallel_dag']) retrieved from /home/airflow/airflow/dags/parallel_dags.py
[2022-01-11 20:44:20,506] {logging_mixin.py:109} INFO - [2022-01-11 20:44:20,506] {dag.py:2396} INFO - Sync 1 DAGs
[2022-01-11 20:44:20,535] {logging_mixin.py:109} INFO - [2022-01-11 20:44:20,535] {dag.py:2935} INFO - Setting next_dagrun for parallel_dag to 2022-01-11T00:00:00+00:00
[2022-01-11 20:44:20,549] {processor.py:171} INFO - Processing /home/airflow/airflow/dags/parallel_dags.py took 0.123 seconds
[2022-01-11 20:44:51,247] {processor.py:163} INFO - Started process (PID=21442) to work on /home/airflow/airflow/dags/parallel_dags.py
[2022-01-11 20:44:51,249] {processor.py:642} INFO - Processing file /home/airflow/airflow/dags/parallel_dags.py for tasks to queue
[2022-01-11 20:44:51,249] {logging_mixin.py:109} INFO - [2022-01-11 20:44:51,249] {dagbag.py:500} INFO - Filling up the DagBag from /home/airflow/airflow/dags/parallel_dags.py
[2022-01-11 20:44:51,287] {processor.py:654} INFO - DAG(s) dict_keys(['parallel_dag']) retrieved from /home/airflow/airflow/dags/parallel_dags.py
[2022-01-11 20:44:51,299] {logging_mixin.py:109} INFO - [2022-01-11 20:44:51,299] {dag.py:2396} INFO - Sync 1 DAGs
[2022-01-11 20:44:51,318] {logging_mixin.py:109} INFO - [2022-01-11 20:44:51,318] {dag.py:2935} INFO - Setting next_dagrun for parallel_dag to 2022-01-11T00:00:00+00:00
[2022-01-11 20:44:51,327] {processor.py:171} INFO - Processing /home/airflow/airflow/dags/parallel_dags.py took 0.082 seconds
[2022-01-11 20:45:21,506] {processor.py:163} INFO - Started process (PID=21698) to work on /home/airflow/airflow/dags/parallel_dags.py
[2022-01-11 20:45:21,507] {processor.py:642} INFO - Processing file /home/airflow/airflow/dags/parallel_dags.py for tasks to queue
[2022-01-11 20:45:21,507] {logging_mixin.py:109} INFO - [2022-01-11 20:45:21,507] {dagbag.py:500} INFO - Filling up the DagBag from /home/airflow/airflow/dags/parallel_dags.py
[2022-01-11 20:45:21,549] {processor.py:654} INFO - DAG(s) dict_keys(['parallel_dag']) retrieved from /home/airflow/airflow/dags/parallel_dags.py
[2022-01-11 20:45:21,560] {logging_mixin.py:109} INFO - [2022-01-11 20:45:21,559] {dag.py:2396} INFO - Sync 1 DAGs
[2022-01-11 20:45:21,585] {logging_mixin.py:109} INFO - [2022-01-11 20:45:21,585] {dag.py:2935} INFO - Setting next_dagrun for parallel_dag to 2022-01-11T00:00:00+00:00
[2022-01-11 20:45:21,603] {processor.py:171} INFO - Processing /home/airflow/airflow/dags/parallel_dags.py took 0.101 seconds
[2022-01-11 20:45:51,671] {processor.py:163} INFO - Started process (PID=21945) to work on /home/airflow/airflow/dags/parallel_dags.py
[2022-01-11 20:45:51,673] {processor.py:642} INFO - Processing file /home/airflow/airflow/dags/parallel_dags.py for tasks to queue
[2022-01-11 20:45:51,673] {logging_mixin.py:109} INFO - [2022-01-11 20:45:51,673] {dagbag.py:500} INFO - Filling up the DagBag from /home/airflow/airflow/dags/parallel_dags.py
[2022-01-11 20:45:51,715] {processor.py:654} INFO - DAG(s) dict_keys(['parallel_dag']) retrieved from /home/airflow/airflow/dags/parallel_dags.py
[2022-01-11 20:45:51,726] {logging_mixin.py:109} INFO - [2022-01-11 20:45:51,726] {dag.py:2396} INFO - Sync 1 DAGs
[2022-01-11 20:45:51,754] {logging_mixin.py:109} INFO - [2022-01-11 20:45:51,754] {dag.py:2935} INFO - Setting next_dagrun for parallel_dag to 2022-01-11T00:00:00+00:00
[2022-01-11 20:45:51,765] {processor.py:171} INFO - Processing /home/airflow/airflow/dags/parallel_dags.py took 0.100 seconds
[2022-01-11 20:46:21,936] {processor.py:163} INFO - Started process (PID=22199) to work on /home/airflow/airflow/dags/parallel_dags.py
[2022-01-11 20:46:21,937] {processor.py:642} INFO - Processing file /home/airflow/airflow/dags/parallel_dags.py for tasks to queue
[2022-01-11 20:46:21,937] {logging_mixin.py:109} INFO - [2022-01-11 20:46:21,937] {dagbag.py:500} INFO - Filling up the DagBag from /home/airflow/airflow/dags/parallel_dags.py
[2022-01-11 20:46:21,995] {processor.py:654} INFO - DAG(s) dict_keys(['parallel_dag']) retrieved from /home/airflow/airflow/dags/parallel_dags.py
[2022-01-11 20:46:22,020] {logging_mixin.py:109} INFO - [2022-01-11 20:46:22,016] {dag.py:2396} INFO - Sync 1 DAGs
[2022-01-11 20:46:22,078] {logging_mixin.py:109} INFO - [2022-01-11 20:46:22,077] {dag.py:2935} INFO - Setting next_dagrun for parallel_dag to 2022-01-11T00:00:00+00:00
[2022-01-11 20:46:22,092] {processor.py:171} INFO - Processing /home/airflow/airflow/dags/parallel_dags.py took 0.159 seconds
[2022-01-11 20:46:52,172] {processor.py:163} INFO - Started process (PID=22446) to work on /home/airflow/airflow/dags/parallel_dags.py
[2022-01-11 20:46:52,175] {processor.py:642} INFO - Processing file /home/airflow/airflow/dags/parallel_dags.py for tasks to queue
[2022-01-11 20:46:52,176] {logging_mixin.py:109} INFO - [2022-01-11 20:46:52,176] {dagbag.py:500} INFO - Filling up the DagBag from /home/airflow/airflow/dags/parallel_dags.py
[2022-01-11 20:46:52,212] {processor.py:654} INFO - DAG(s) dict_keys(['parallel_dag']) retrieved from /home/airflow/airflow/dags/parallel_dags.py
[2022-01-11 20:46:52,228] {logging_mixin.py:109} INFO - [2022-01-11 20:46:52,227] {dag.py:2396} INFO - Sync 1 DAGs
[2022-01-11 20:46:52,258] {logging_mixin.py:109} INFO - [2022-01-11 20:46:52,258] {dag.py:2935} INFO - Setting next_dagrun for parallel_dag to 2022-01-11T00:00:00+00:00
[2022-01-11 20:46:52,268] {processor.py:171} INFO - Processing /home/airflow/airflow/dags/parallel_dags.py took 0.100 seconds
[2022-01-11 20:47:22,350] {processor.py:163} INFO - Started process (PID=22956) to work on /home/airflow/airflow/dags/parallel_dags.py
[2022-01-11 20:47:22,354] {processor.py:642} INFO - Processing file /home/airflow/airflow/dags/parallel_dags.py for tasks to queue
[2022-01-11 20:47:22,356] {logging_mixin.py:109} INFO - [2022-01-11 20:47:22,356] {dagbag.py:500} INFO - Filling up the DagBag from /home/airflow/airflow/dags/parallel_dags.py
[2022-01-11 20:47:22,439] {processor.py:654} INFO - DAG(s) dict_keys(['parallel_dag']) retrieved from /home/airflow/airflow/dags/parallel_dags.py
[2022-01-11 20:47:22,457] {logging_mixin.py:109} INFO - [2022-01-11 20:47:22,457] {dag.py:2396} INFO - Sync 1 DAGs
[2022-01-11 20:47:22,471] {logging_mixin.py:109} INFO - [2022-01-11 20:47:22,471] {dag.py:2935} INFO - Setting next_dagrun for parallel_dag to 2022-01-11T00:00:00+00:00
[2022-01-11 20:47:22,482] {processor.py:171} INFO - Processing /home/airflow/airflow/dags/parallel_dags.py took 0.141 seconds
[2022-01-11 20:47:53,184] {processor.py:163} INFO - Started process (PID=23206) to work on /home/airflow/airflow/dags/parallel_dags.py
[2022-01-11 20:47:53,188] {processor.py:642} INFO - Processing file /home/airflow/airflow/dags/parallel_dags.py for tasks to queue
[2022-01-11 20:47:53,189] {logging_mixin.py:109} INFO - [2022-01-11 20:47:53,188] {dagbag.py:500} INFO - Filling up the DagBag from /home/airflow/airflow/dags/parallel_dags.py
[2022-01-11 20:47:53,237] {processor.py:654} INFO - DAG(s) dict_keys(['parallel_dag']) retrieved from /home/airflow/airflow/dags/parallel_dags.py
[2022-01-11 20:47:53,255] {logging_mixin.py:109} INFO - [2022-01-11 20:47:53,255] {dag.py:2396} INFO - Sync 1 DAGs
[2022-01-11 20:47:53,286] {logging_mixin.py:109} INFO - [2022-01-11 20:47:53,286] {dag.py:2935} INFO - Setting next_dagrun for parallel_dag to 2022-01-11T00:00:00+00:00
[2022-01-11 20:47:53,299] {processor.py:171} INFO - Processing /home/airflow/airflow/dags/parallel_dags.py took 0.118 seconds
[2022-01-11 20:48:24,285] {processor.py:163} INFO - Started process (PID=23459) to work on /home/airflow/airflow/dags/parallel_dags.py
[2022-01-11 20:48:24,292] {processor.py:642} INFO - Processing file /home/airflow/airflow/dags/parallel_dags.py for tasks to queue
[2022-01-11 20:48:24,293] {logging_mixin.py:109} INFO - [2022-01-11 20:48:24,292] {dagbag.py:500} INFO - Filling up the DagBag from /home/airflow/airflow/dags/parallel_dags.py
[2022-01-11 20:48:24,370] {processor.py:654} INFO - DAG(s) dict_keys(['parallel_dag']) retrieved from /home/airflow/airflow/dags/parallel_dags.py
[2022-01-11 20:48:24,389] {logging_mixin.py:109} INFO - [2022-01-11 20:48:24,388] {dag.py:2396} INFO - Sync 1 DAGs
[2022-01-11 20:48:24,413] {logging_mixin.py:109} INFO - [2022-01-11 20:48:24,413] {dag.py:2935} INFO - Setting next_dagrun for parallel_dag to 2022-01-11T00:00:00+00:00
[2022-01-11 20:48:24,425] {processor.py:171} INFO - Processing /home/airflow/airflow/dags/parallel_dags.py took 0.148 seconds
[2022-01-11 20:48:55,060] {processor.py:163} INFO - Started process (PID=23706) to work on /home/airflow/airflow/dags/parallel_dags.py
[2022-01-11 20:48:55,061] {processor.py:642} INFO - Processing file /home/airflow/airflow/dags/parallel_dags.py for tasks to queue
[2022-01-11 20:48:55,061] {logging_mixin.py:109} INFO - [2022-01-11 20:48:55,061] {dagbag.py:500} INFO - Filling up the DagBag from /home/airflow/airflow/dags/parallel_dags.py
[2022-01-11 20:48:55,101] {processor.py:654} INFO - DAG(s) dict_keys(['parallel_dag']) retrieved from /home/airflow/airflow/dags/parallel_dags.py
[2022-01-11 20:48:55,114] {logging_mixin.py:109} INFO - [2022-01-11 20:48:55,114] {dag.py:2396} INFO - Sync 1 DAGs
[2022-01-11 20:48:55,139] {logging_mixin.py:109} INFO - [2022-01-11 20:48:55,138] {dag.py:2935} INFO - Setting next_dagrun for parallel_dag to 2022-01-11T00:00:00+00:00
[2022-01-11 20:48:55,159] {processor.py:171} INFO - Processing /home/airflow/airflow/dags/parallel_dags.py took 0.106 seconds
[2022-01-11 20:49:26,118] {processor.py:163} INFO - Started process (PID=23959) to work on /home/airflow/airflow/dags/parallel_dags.py
[2022-01-11 20:49:26,119] {processor.py:642} INFO - Processing file /home/airflow/airflow/dags/parallel_dags.py for tasks to queue
[2022-01-11 20:49:26,119] {logging_mixin.py:109} INFO - [2022-01-11 20:49:26,119] {dagbag.py:500} INFO - Filling up the DagBag from /home/airflow/airflow/dags/parallel_dags.py
[2022-01-11 20:49:26,179] {processor.py:654} INFO - DAG(s) dict_keys(['parallel_dag']) retrieved from /home/airflow/airflow/dags/parallel_dags.py
[2022-01-11 20:49:26,190] {logging_mixin.py:109} INFO - [2022-01-11 20:49:26,190] {dag.py:2396} INFO - Sync 1 DAGs
[2022-01-11 20:49:26,204] {logging_mixin.py:109} INFO - [2022-01-11 20:49:26,203] {dag.py:2935} INFO - Setting next_dagrun for parallel_dag to 2022-01-11T00:00:00+00:00
[2022-01-11 20:49:26,218] {processor.py:171} INFO - Processing /home/airflow/airflow/dags/parallel_dags.py took 0.108 seconds
[2022-01-11 20:49:56,338] {processor.py:163} INFO - Started process (PID=24212) to work on /home/airflow/airflow/dags/parallel_dags.py
[2022-01-11 20:49:56,339] {processor.py:642} INFO - Processing file /home/airflow/airflow/dags/parallel_dags.py for tasks to queue
[2022-01-11 20:49:56,339] {logging_mixin.py:109} INFO - [2022-01-11 20:49:56,339] {dagbag.py:500} INFO - Filling up the DagBag from /home/airflow/airflow/dags/parallel_dags.py
[2022-01-11 20:49:56,400] {processor.py:654} INFO - DAG(s) dict_keys(['parallel_dag']) retrieved from /home/airflow/airflow/dags/parallel_dags.py
[2022-01-11 20:49:56,417] {logging_mixin.py:109} INFO - [2022-01-11 20:49:56,416] {dag.py:2396} INFO - Sync 1 DAGs
[2022-01-11 20:49:56,443] {logging_mixin.py:109} INFO - [2022-01-11 20:49:56,443] {dag.py:2935} INFO - Setting next_dagrun for parallel_dag to 2022-01-11T00:00:00+00:00
[2022-01-11 20:49:56,455] {processor.py:171} INFO - Processing /home/airflow/airflow/dags/parallel_dags.py took 0.120 seconds
[2022-01-11 20:50:26,761] {processor.py:163} INFO - Started process (PID=24461) to work on /home/airflow/airflow/dags/parallel_dags.py
[2022-01-11 20:50:26,762] {processor.py:642} INFO - Processing file /home/airflow/airflow/dags/parallel_dags.py for tasks to queue
[2022-01-11 20:50:26,764] {logging_mixin.py:109} INFO - [2022-01-11 20:50:26,764] {dagbag.py:500} INFO - Filling up the DagBag from /home/airflow/airflow/dags/parallel_dags.py
[2022-01-11 20:50:26,811] {processor.py:654} INFO - DAG(s) dict_keys(['parallel_dag']) retrieved from /home/airflow/airflow/dags/parallel_dags.py
[2022-01-11 20:50:26,824] {logging_mixin.py:109} INFO - [2022-01-11 20:50:26,824] {dag.py:2396} INFO - Sync 1 DAGs
[2022-01-11 20:50:26,853] {logging_mixin.py:109} INFO - [2022-01-11 20:50:26,852] {dag.py:2935} INFO - Setting next_dagrun for parallel_dag to 2022-01-11T00:00:00+00:00
[2022-01-11 20:50:26,877] {processor.py:171} INFO - Processing /home/airflow/airflow/dags/parallel_dags.py took 0.119 seconds
[2022-01-11 20:50:57,771] {processor.py:163} INFO - Started process (PID=24714) to work on /home/airflow/airflow/dags/parallel_dags.py
[2022-01-11 20:50:57,772] {processor.py:642} INFO - Processing file /home/airflow/airflow/dags/parallel_dags.py for tasks to queue
[2022-01-11 20:50:57,772] {logging_mixin.py:109} INFO - [2022-01-11 20:50:57,772] {dagbag.py:500} INFO - Filling up the DagBag from /home/airflow/airflow/dags/parallel_dags.py
[2022-01-11 20:50:57,811] {processor.py:654} INFO - DAG(s) dict_keys(['parallel_dag']) retrieved from /home/airflow/airflow/dags/parallel_dags.py
[2022-01-11 20:50:57,823] {logging_mixin.py:109} INFO - [2022-01-11 20:50:57,823] {dag.py:2396} INFO - Sync 1 DAGs
[2022-01-11 20:50:57,852] {logging_mixin.py:109} INFO - [2022-01-11 20:50:57,852] {dag.py:2935} INFO - Setting next_dagrun for parallel_dag to 2022-01-11T00:00:00+00:00
[2022-01-11 20:50:57,862] {processor.py:171} INFO - Processing /home/airflow/airflow/dags/parallel_dags.py took 0.097 seconds
[2022-01-11 20:51:28,260] {processor.py:163} INFO - Started process (PID=24962) to work on /home/airflow/airflow/dags/parallel_dags.py
[2022-01-11 20:51:28,261] {processor.py:642} INFO - Processing file /home/airflow/airflow/dags/parallel_dags.py for tasks to queue
[2022-01-11 20:51:28,262] {logging_mixin.py:109} INFO - [2022-01-11 20:51:28,262] {dagbag.py:500} INFO - Filling up the DagBag from /home/airflow/airflow/dags/parallel_dags.py
[2022-01-11 20:51:28,322] {processor.py:654} INFO - DAG(s) dict_keys(['parallel_dag']) retrieved from /home/airflow/airflow/dags/parallel_dags.py
[2022-01-11 20:51:28,340] {logging_mixin.py:109} INFO - [2022-01-11 20:51:28,340] {dag.py:2396} INFO - Sync 1 DAGs
[2022-01-11 20:51:28,355] {logging_mixin.py:109} INFO - [2022-01-11 20:51:28,355] {dag.py:2935} INFO - Setting next_dagrun for parallel_dag to 2022-01-11T00:00:00+00:00
[2022-01-11 20:51:28,364] {processor.py:171} INFO - Processing /home/airflow/airflow/dags/parallel_dags.py took 0.110 seconds
[2022-01-11 20:51:58,739] {processor.py:163} INFO - Started process (PID=25215) to work on /home/airflow/airflow/dags/parallel_dags.py
[2022-01-11 20:51:58,740] {processor.py:642} INFO - Processing file /home/airflow/airflow/dags/parallel_dags.py for tasks to queue
[2022-01-11 20:51:58,740] {logging_mixin.py:109} INFO - [2022-01-11 20:51:58,740] {dagbag.py:500} INFO - Filling up the DagBag from /home/airflow/airflow/dags/parallel_dags.py
[2022-01-11 20:51:58,798] {processor.py:654} INFO - DAG(s) dict_keys(['parallel_dag']) retrieved from /home/airflow/airflow/dags/parallel_dags.py
[2022-01-11 20:51:58,814] {logging_mixin.py:109} INFO - [2022-01-11 20:51:58,814] {dag.py:2396} INFO - Sync 1 DAGs
[2022-01-11 20:51:58,850] {logging_mixin.py:109} INFO - [2022-01-11 20:51:58,849] {dag.py:2935} INFO - Setting next_dagrun for parallel_dag to 2022-01-11T00:00:00+00:00
[2022-01-11 20:51:58,869] {processor.py:171} INFO - Processing /home/airflow/airflow/dags/parallel_dags.py took 0.136 seconds
[2022-01-11 20:52:29,155] {processor.py:163} INFO - Started process (PID=25714) to work on /home/airflow/airflow/dags/parallel_dags.py
[2022-01-11 20:52:29,157] {processor.py:642} INFO - Processing file /home/airflow/airflow/dags/parallel_dags.py for tasks to queue
[2022-01-11 20:52:29,158] {logging_mixin.py:109} INFO - [2022-01-11 20:52:29,157] {dagbag.py:500} INFO - Filling up the DagBag from /home/airflow/airflow/dags/parallel_dags.py
[2022-01-11 20:52:29,205] {processor.py:654} INFO - DAG(s) dict_keys(['parallel_dag']) retrieved from /home/airflow/airflow/dags/parallel_dags.py
[2022-01-11 20:52:29,218] {logging_mixin.py:109} INFO - [2022-01-11 20:52:29,217] {dag.py:2396} INFO - Sync 1 DAGs
[2022-01-11 20:52:29,241] {logging_mixin.py:109} INFO - [2022-01-11 20:52:29,241] {dag.py:2935} INFO - Setting next_dagrun for parallel_dag to 2022-01-11T00:00:00+00:00
[2022-01-11 20:52:29,258] {processor.py:171} INFO - Processing /home/airflow/airflow/dags/parallel_dags.py took 0.109 seconds
[2022-01-11 20:52:59,604] {processor.py:163} INFO - Started process (PID=25967) to work on /home/airflow/airflow/dags/parallel_dags.py
[2022-01-11 20:52:59,605] {processor.py:642} INFO - Processing file /home/airflow/airflow/dags/parallel_dags.py for tasks to queue
[2022-01-11 20:52:59,606] {logging_mixin.py:109} INFO - [2022-01-11 20:52:59,606] {dagbag.py:500} INFO - Filling up the DagBag from /home/airflow/airflow/dags/parallel_dags.py
[2022-01-11 20:52:59,667] {processor.py:654} INFO - DAG(s) dict_keys(['parallel_dag']) retrieved from /home/airflow/airflow/dags/parallel_dags.py
[2022-01-11 20:52:59,682] {logging_mixin.py:109} INFO - [2022-01-11 20:52:59,682] {dag.py:2396} INFO - Sync 1 DAGs
[2022-01-11 20:52:59,716] {logging_mixin.py:109} INFO - [2022-01-11 20:52:59,715] {dag.py:2935} INFO - Setting next_dagrun for parallel_dag to 2022-01-11T00:00:00+00:00
[2022-01-11 20:52:59,729] {processor.py:171} INFO - Processing /home/airflow/airflow/dags/parallel_dags.py took 0.128 seconds
[2022-01-11 20:53:29,965] {processor.py:163} INFO - Started process (PID=26215) to work on /home/airflow/airflow/dags/parallel_dags.py
[2022-01-11 20:53:29,966] {processor.py:642} INFO - Processing file /home/airflow/airflow/dags/parallel_dags.py for tasks to queue
[2022-01-11 20:53:29,968] {logging_mixin.py:109} INFO - [2022-01-11 20:53:29,967] {dagbag.py:500} INFO - Filling up the DagBag from /home/airflow/airflow/dags/parallel_dags.py
[2022-01-11 20:53:30,008] {processor.py:654} INFO - DAG(s) dict_keys(['parallel_dag']) retrieved from /home/airflow/airflow/dags/parallel_dags.py
[2022-01-11 20:53:30,019] {logging_mixin.py:109} INFO - [2022-01-11 20:53:30,019] {dag.py:2396} INFO - Sync 1 DAGs
[2022-01-11 20:53:30,037] {logging_mixin.py:109} INFO - [2022-01-11 20:53:30,037] {dag.py:2935} INFO - Setting next_dagrun for parallel_dag to 2022-01-11T00:00:00+00:00
[2022-01-11 20:53:30,046] {processor.py:171} INFO - Processing /home/airflow/airflow/dags/parallel_dags.py took 0.084 seconds
[2022-01-11 20:54:00,115] {processor.py:163} INFO - Started process (PID=26468) to work on /home/airflow/airflow/dags/parallel_dags.py
[2022-01-11 20:54:00,116] {processor.py:642} INFO - Processing file /home/airflow/airflow/dags/parallel_dags.py for tasks to queue
[2022-01-11 20:54:00,116] {logging_mixin.py:109} INFO - [2022-01-11 20:54:00,116] {dagbag.py:500} INFO - Filling up the DagBag from /home/airflow/airflow/dags/parallel_dags.py
[2022-01-11 20:54:00,157] {processor.py:654} INFO - DAG(s) dict_keys(['parallel_dag']) retrieved from /home/airflow/airflow/dags/parallel_dags.py
[2022-01-11 20:54:00,168] {logging_mixin.py:109} INFO - [2022-01-11 20:54:00,168] {dag.py:2396} INFO - Sync 1 DAGs
[2022-01-11 20:54:00,194] {logging_mixin.py:109} INFO - [2022-01-11 20:54:00,193] {dag.py:2935} INFO - Setting next_dagrun for parallel_dag to 2022-01-11T00:00:00+00:00
[2022-01-11 20:54:00,209] {processor.py:171} INFO - Processing /home/airflow/airflow/dags/parallel_dags.py took 0.099 seconds
[2022-01-11 20:54:30,315] {processor.py:163} INFO - Started process (PID=26721) to work on /home/airflow/airflow/dags/parallel_dags.py
[2022-01-11 20:54:30,316] {processor.py:642} INFO - Processing file /home/airflow/airflow/dags/parallel_dags.py for tasks to queue
[2022-01-11 20:54:30,316] {logging_mixin.py:109} INFO - [2022-01-11 20:54:30,316] {dagbag.py:500} INFO - Filling up the DagBag from /home/airflow/airflow/dags/parallel_dags.py
[2022-01-11 20:54:30,354] {processor.py:654} INFO - DAG(s) dict_keys(['parallel_dag']) retrieved from /home/airflow/airflow/dags/parallel_dags.py
[2022-01-11 20:54:30,365] {logging_mixin.py:109} INFO - [2022-01-11 20:54:30,365] {dag.py:2396} INFO - Sync 1 DAGs
[2022-01-11 20:54:30,389] {logging_mixin.py:109} INFO - [2022-01-11 20:54:30,389] {dag.py:2935} INFO - Setting next_dagrun for parallel_dag to 2022-01-11T00:00:00+00:00
[2022-01-11 20:54:30,402] {processor.py:171} INFO - Processing /home/airflow/airflow/dags/parallel_dags.py took 0.090 seconds
[2022-01-11 20:55:00,648] {processor.py:163} INFO - Started process (PID=26968) to work on /home/airflow/airflow/dags/parallel_dags.py
[2022-01-11 20:55:00,650] {processor.py:642} INFO - Processing file /home/airflow/airflow/dags/parallel_dags.py for tasks to queue
[2022-01-11 20:55:00,651] {logging_mixin.py:109} INFO - [2022-01-11 20:55:00,650] {dagbag.py:500} INFO - Filling up the DagBag from /home/airflow/airflow/dags/parallel_dags.py
[2022-01-11 20:55:00,686] {processor.py:654} INFO - DAG(s) dict_keys(['parallel_dag']) retrieved from /home/airflow/airflow/dags/parallel_dags.py
[2022-01-11 20:55:00,702] {logging_mixin.py:109} INFO - [2022-01-11 20:55:00,702] {dag.py:2396} INFO - Sync 1 DAGs
[2022-01-11 20:55:00,722] {logging_mixin.py:109} INFO - [2022-01-11 20:55:00,722] {dag.py:2935} INFO - Setting next_dagrun for parallel_dag to 2022-01-11T00:00:00+00:00
[2022-01-11 20:55:00,733] {processor.py:171} INFO - Processing /home/airflow/airflow/dags/parallel_dags.py took 0.090 seconds
[2022-01-11 20:55:30,831] {processor.py:163} INFO - Started process (PID=27221) to work on /home/airflow/airflow/dags/parallel_dags.py
[2022-01-11 20:55:30,838] {processor.py:642} INFO - Processing file /home/airflow/airflow/dags/parallel_dags.py for tasks to queue
[2022-01-11 20:55:30,845] {logging_mixin.py:109} INFO - [2022-01-11 20:55:30,845] {dagbag.py:500} INFO - Filling up the DagBag from /home/airflow/airflow/dags/parallel_dags.py
[2022-01-11 20:55:30,939] {processor.py:654} INFO - DAG(s) dict_keys(['parallel_dag']) retrieved from /home/airflow/airflow/dags/parallel_dags.py
[2022-01-11 20:55:30,972] {logging_mixin.py:109} INFO - [2022-01-11 20:55:30,972] {dag.py:2396} INFO - Sync 1 DAGs
[2022-01-11 20:55:31,010] {logging_mixin.py:109} INFO - [2022-01-11 20:55:31,009] {dag.py:2935} INFO - Setting next_dagrun for parallel_dag to 2022-01-11T00:00:00+00:00
[2022-01-11 20:55:31,043] {processor.py:171} INFO - Processing /home/airflow/airflow/dags/parallel_dags.py took 0.219 seconds
[2022-01-11 20:56:01,427] {processor.py:163} INFO - Started process (PID=27461) to work on /home/airflow/airflow/dags/parallel_dags.py
[2022-01-11 20:56:01,429] {processor.py:642} INFO - Processing file /home/airflow/airflow/dags/parallel_dags.py for tasks to queue
[2022-01-11 20:56:01,432] {logging_mixin.py:109} INFO - [2022-01-11 20:56:01,432] {dagbag.py:500} INFO - Filling up the DagBag from /home/airflow/airflow/dags/parallel_dags.py
[2022-01-11 20:56:01,491] {processor.py:654} INFO - DAG(s) dict_keys(['parallel_dag']) retrieved from /home/airflow/airflow/dags/parallel_dags.py
[2022-01-11 20:56:01,509] {logging_mixin.py:109} INFO - [2022-01-11 20:56:01,509] {dag.py:2396} INFO - Sync 1 DAGs
[2022-01-11 20:56:01,550] {logging_mixin.py:109} INFO - [2022-01-11 20:56:01,550] {dag.py:2935} INFO - Setting next_dagrun for parallel_dag to 2022-01-11T00:00:00+00:00
[2022-01-11 20:56:01,575] {processor.py:171} INFO - Processing /home/airflow/airflow/dags/parallel_dags.py took 0.158 seconds
[2022-01-11 20:56:32,336] {processor.py:163} INFO - Started process (PID=27695) to work on /home/airflow/airflow/dags/parallel_dags.py
[2022-01-11 20:56:32,342] {processor.py:642} INFO - Processing file /home/airflow/airflow/dags/parallel_dags.py for tasks to queue
[2022-01-11 20:56:32,349] {logging_mixin.py:109} INFO - [2022-01-11 20:56:32,349] {dagbag.py:500} INFO - Filling up the DagBag from /home/airflow/airflow/dags/parallel_dags.py
[2022-01-11 20:56:32,473] {processor.py:654} INFO - DAG(s) dict_keys(['parallel_dag']) retrieved from /home/airflow/airflow/dags/parallel_dags.py
[2022-01-11 20:56:32,516] {logging_mixin.py:109} INFO - [2022-01-11 20:56:32,516] {dag.py:2396} INFO - Sync 1 DAGs
[2022-01-11 20:56:32,546] {logging_mixin.py:109} INFO - [2022-01-11 20:56:32,546] {dag.py:2935} INFO - Setting next_dagrun for parallel_dag to 2022-01-11T00:00:00+00:00
[2022-01-11 20:56:32,569] {processor.py:171} INFO - Processing /home/airflow/airflow/dags/parallel_dags.py took 0.257 seconds
[2022-01-11 20:57:03,173] {processor.py:163} INFO - Started process (PID=27995) to work on /home/airflow/airflow/dags/parallel_dags.py
[2022-01-11 20:57:03,177] {processor.py:642} INFO - Processing file /home/airflow/airflow/dags/parallel_dags.py for tasks to queue
[2022-01-11 20:57:03,178] {logging_mixin.py:109} INFO - [2022-01-11 20:57:03,178] {dagbag.py:500} INFO - Filling up the DagBag from /home/airflow/airflow/dags/parallel_dags.py
[2022-01-11 20:57:03,245] {processor.py:654} INFO - DAG(s) dict_keys(['parallel_dag']) retrieved from /home/airflow/airflow/dags/parallel_dags.py
[2022-01-11 20:57:03,260] {logging_mixin.py:109} INFO - [2022-01-11 20:57:03,260] {dag.py:2396} INFO - Sync 1 DAGs
[2022-01-11 20:57:03,284] {logging_mixin.py:109} INFO - [2022-01-11 20:57:03,284] {dag.py:2935} INFO - Setting next_dagrun for parallel_dag to 2022-01-11T00:00:00+00:00
[2022-01-11 20:57:03,298] {processor.py:171} INFO - Processing /home/airflow/airflow/dags/parallel_dags.py took 0.128 seconds
[2022-01-11 20:57:33,903] {processor.py:163} INFO - Started process (PID=28450) to work on /home/airflow/airflow/dags/parallel_dags.py
[2022-01-11 20:57:33,906] {processor.py:642} INFO - Processing file /home/airflow/airflow/dags/parallel_dags.py for tasks to queue
[2022-01-11 20:57:33,908] {logging_mixin.py:109} INFO - [2022-01-11 20:57:33,908] {dagbag.py:500} INFO - Filling up the DagBag from /home/airflow/airflow/dags/parallel_dags.py
[2022-01-11 20:57:34,043] {processor.py:654} INFO - DAG(s) dict_keys(['parallel_dag']) retrieved from /home/airflow/airflow/dags/parallel_dags.py
[2022-01-11 20:57:34,069] {logging_mixin.py:109} INFO - [2022-01-11 20:57:34,069] {dag.py:2396} INFO - Sync 1 DAGs
[2022-01-11 20:57:34,096] {logging_mixin.py:109} INFO - [2022-01-11 20:57:34,096] {dag.py:2935} INFO - Setting next_dagrun for parallel_dag to 2022-01-11T00:00:00+00:00
[2022-01-11 20:57:34,111] {processor.py:171} INFO - Processing /home/airflow/airflow/dags/parallel_dags.py took 0.223 seconds
[2022-01-11 20:58:04,625] {processor.py:163} INFO - Started process (PID=28679) to work on /home/airflow/airflow/dags/parallel_dags.py
[2022-01-11 20:58:04,636] {processor.py:642} INFO - Processing file /home/airflow/airflow/dags/parallel_dags.py for tasks to queue
[2022-01-11 20:58:04,641] {logging_mixin.py:109} INFO - [2022-01-11 20:58:04,640] {dagbag.py:500} INFO - Filling up the DagBag from /home/airflow/airflow/dags/parallel_dags.py
[2022-01-11 20:58:04,730] {processor.py:654} INFO - DAG(s) dict_keys(['parallel_dag']) retrieved from /home/airflow/airflow/dags/parallel_dags.py
[2022-01-11 20:58:04,775] {logging_mixin.py:109} INFO - [2022-01-11 20:58:04,775] {dag.py:2396} INFO - Sync 1 DAGs
[2022-01-11 20:58:04,823] {logging_mixin.py:109} INFO - [2022-01-11 20:58:04,819] {dag.py:2935} INFO - Setting next_dagrun for parallel_dag to 2022-01-11T00:00:00+00:00
[2022-01-11 20:58:04,848] {processor.py:171} INFO - Processing /home/airflow/airflow/dags/parallel_dags.py took 0.242 seconds
[2022-01-11 20:58:35,496] {processor.py:163} INFO - Started process (PID=28921) to work on /home/airflow/airflow/dags/parallel_dags.py
[2022-01-11 20:58:35,501] {processor.py:642} INFO - Processing file /home/airflow/airflow/dags/parallel_dags.py for tasks to queue
[2022-01-11 20:58:35,507] {logging_mixin.py:109} INFO - [2022-01-11 20:58:35,506] {dagbag.py:500} INFO - Filling up the DagBag from /home/airflow/airflow/dags/parallel_dags.py
[2022-01-11 20:58:35,609] {processor.py:654} INFO - DAG(s) dict_keys(['parallel_dag']) retrieved from /home/airflow/airflow/dags/parallel_dags.py
[2022-01-11 20:58:35,634] {logging_mixin.py:109} INFO - [2022-01-11 20:58:35,634] {dag.py:2396} INFO - Sync 1 DAGs
[2022-01-11 20:58:35,687] {logging_mixin.py:109} INFO - [2022-01-11 20:58:35,680] {dag.py:2935} INFO - Setting next_dagrun for parallel_dag to 2022-01-11T00:00:00+00:00
[2022-01-11 20:58:35,725] {processor.py:171} INFO - Processing /home/airflow/airflow/dags/parallel_dags.py took 0.232 seconds
[2022-01-11 20:59:06,392] {processor.py:163} INFO - Started process (PID=29165) to work on /home/airflow/airflow/dags/parallel_dags.py
[2022-01-11 20:59:06,399] {processor.py:642} INFO - Processing file /home/airflow/airflow/dags/parallel_dags.py for tasks to queue
[2022-01-11 20:59:06,400] {logging_mixin.py:109} INFO - [2022-01-11 20:59:06,400] {dagbag.py:500} INFO - Filling up the DagBag from /home/airflow/airflow/dags/parallel_dags.py
[2022-01-11 20:59:06,514] {processor.py:654} INFO - DAG(s) dict_keys(['parallel_dag']) retrieved from /home/airflow/airflow/dags/parallel_dags.py
[2022-01-11 20:59:06,537] {logging_mixin.py:109} INFO - [2022-01-11 20:59:06,537] {dag.py:2396} INFO - Sync 1 DAGs
[2022-01-11 20:59:06,568] {logging_mixin.py:109} INFO - [2022-01-11 20:59:06,568] {dag.py:2935} INFO - Setting next_dagrun for parallel_dag to 2022-01-11T00:00:00+00:00
[2022-01-11 20:59:06,588] {processor.py:171} INFO - Processing /home/airflow/airflow/dags/parallel_dags.py took 0.198 seconds
[2022-01-11 20:59:36,837] {processor.py:163} INFO - Started process (PID=29419) to work on /home/airflow/airflow/dags/parallel_dags.py
[2022-01-11 20:59:36,841] {processor.py:642} INFO - Processing file /home/airflow/airflow/dags/parallel_dags.py for tasks to queue
[2022-01-11 20:59:36,842] {logging_mixin.py:109} INFO - [2022-01-11 20:59:36,842] {dagbag.py:500} INFO - Filling up the DagBag from /home/airflow/airflow/dags/parallel_dags.py
[2022-01-11 20:59:36,935] {processor.py:654} INFO - DAG(s) dict_keys(['parallel_dag']) retrieved from /home/airflow/airflow/dags/parallel_dags.py
[2022-01-11 20:59:36,946] {logging_mixin.py:109} INFO - [2022-01-11 20:59:36,946] {dag.py:2396} INFO - Sync 1 DAGs
[2022-01-11 20:59:36,972] {logging_mixin.py:109} INFO - [2022-01-11 20:59:36,972] {dag.py:2935} INFO - Setting next_dagrun for parallel_dag to 2022-01-11T00:00:00+00:00
[2022-01-11 20:59:36,989] {processor.py:171} INFO - Processing /home/airflow/airflow/dags/parallel_dags.py took 0.159 seconds
[2022-01-11 21:00:07,863] {processor.py:163} INFO - Started process (PID=29673) to work on /home/airflow/airflow/dags/parallel_dags.py
[2022-01-11 21:00:07,869] {processor.py:642} INFO - Processing file /home/airflow/airflow/dags/parallel_dags.py for tasks to queue
[2022-01-11 21:00:07,872] {logging_mixin.py:109} INFO - [2022-01-11 21:00:07,871] {dagbag.py:500} INFO - Filling up the DagBag from /home/airflow/airflow/dags/parallel_dags.py
[2022-01-11 21:00:07,993] {processor.py:654} INFO - DAG(s) dict_keys(['parallel_dag']) retrieved from /home/airflow/airflow/dags/parallel_dags.py
[2022-01-11 21:00:08,030] {logging_mixin.py:109} INFO - [2022-01-11 21:00:08,029] {dag.py:2396} INFO - Sync 1 DAGs
[2022-01-11 21:00:08,081] {logging_mixin.py:109} INFO - [2022-01-11 21:00:08,081] {dag.py:2935} INFO - Setting next_dagrun for parallel_dag to 2022-01-11T00:00:00+00:00
[2022-01-11 21:00:08,105] {processor.py:171} INFO - Processing /home/airflow/airflow/dags/parallel_dags.py took 0.250 seconds
[2022-01-11 21:00:38,512] {processor.py:163} INFO - Started process (PID=29920) to work on /home/airflow/airflow/dags/parallel_dags.py
[2022-01-11 21:00:38,515] {processor.py:642} INFO - Processing file /home/airflow/airflow/dags/parallel_dags.py for tasks to queue
[2022-01-11 21:00:38,520] {logging_mixin.py:109} INFO - [2022-01-11 21:00:38,520] {dagbag.py:500} INFO - Filling up the DagBag from /home/airflow/airflow/dags/parallel_dags.py
[2022-01-11 21:00:38,576] {processor.py:654} INFO - DAG(s) dict_keys(['parallel_dag']) retrieved from /home/airflow/airflow/dags/parallel_dags.py
[2022-01-11 21:00:38,611] {logging_mixin.py:109} INFO - [2022-01-11 21:00:38,611] {dag.py:2396} INFO - Sync 1 DAGs
[2022-01-11 21:00:38,659] {logging_mixin.py:109} INFO - [2022-01-11 21:00:38,659] {dag.py:2935} INFO - Setting next_dagrun for parallel_dag to 2022-01-11T00:00:00+00:00
[2022-01-11 21:00:38,674] {processor.py:171} INFO - Processing /home/airflow/airflow/dags/parallel_dags.py took 0.174 seconds
[2022-01-11 21:01:09,224] {processor.py:163} INFO - Started process (PID=30173) to work on /home/airflow/airflow/dags/parallel_dags.py
[2022-01-11 21:01:09,226] {processor.py:642} INFO - Processing file /home/airflow/airflow/dags/parallel_dags.py for tasks to queue
[2022-01-11 21:01:09,231] {logging_mixin.py:109} INFO - [2022-01-11 21:01:09,230] {dagbag.py:500} INFO - Filling up the DagBag from /home/airflow/airflow/dags/parallel_dags.py
[2022-01-11 21:01:09,332] {processor.py:654} INFO - DAG(s) dict_keys(['parallel_dag']) retrieved from /home/airflow/airflow/dags/parallel_dags.py
[2022-01-11 21:01:09,353] {logging_mixin.py:109} INFO - [2022-01-11 21:01:09,353] {dag.py:2396} INFO - Sync 1 DAGs
[2022-01-11 21:01:09,399] {logging_mixin.py:109} INFO - [2022-01-11 21:01:09,398] {dag.py:2935} INFO - Setting next_dagrun for parallel_dag to 2022-01-11T00:00:00+00:00
[2022-01-11 21:01:09,422] {processor.py:171} INFO - Processing /home/airflow/airflow/dags/parallel_dags.py took 0.211 seconds
[2022-01-11 21:01:39,629] {processor.py:163} INFO - Started process (PID=30361) to work on /home/airflow/airflow/dags/parallel_dags.py
[2022-01-11 21:01:39,653] {processor.py:642} INFO - Processing file /home/airflow/airflow/dags/parallel_dags.py for tasks to queue
[2022-01-11 21:01:39,654] {logging_mixin.py:109} INFO - [2022-01-11 21:01:39,653] {dagbag.py:500} INFO - Filling up the DagBag from /home/airflow/airflow/dags/parallel_dags.py
[2022-01-11 21:01:39,952] {processor.py:654} INFO - DAG(s) dict_keys(['parallel_dag']) retrieved from /home/airflow/airflow/dags/parallel_dags.py
[2022-01-11 21:01:40,024] {logging_mixin.py:109} INFO - [2022-01-11 21:01:40,023] {dag.py:2396} INFO - Sync 1 DAGs
[2022-01-11 21:01:40,158] {logging_mixin.py:109} INFO - [2022-01-11 21:01:40,158] {dag.py:2935} INFO - Setting next_dagrun for parallel_dag to 2022-01-11T00:00:00+00:00
[2022-01-11 21:01:40,223] {processor.py:171} INFO - Processing /home/airflow/airflow/dags/parallel_dags.py took 0.625 seconds
