[2021-12-30 20:06:38,949] {taskinstance.py:876} INFO - Dependencies all met for <TaskInstance: example_bash_operator.runme_1 2021-12-29T00:00:00+00:00 [queued]>
[2021-12-30 20:06:38,956] {taskinstance.py:876} INFO - Dependencies all met for <TaskInstance: example_bash_operator.runme_1 2021-12-29T00:00:00+00:00 [queued]>
[2021-12-30 20:06:38,956] {taskinstance.py:1067} INFO - 
--------------------------------------------------------------------------------
[2021-12-30 20:06:38,957] {taskinstance.py:1068} INFO - Starting attempt 1 of 1
[2021-12-30 20:06:38,957] {taskinstance.py:1069} INFO - 
--------------------------------------------------------------------------------
[2021-12-30 20:06:38,969] {taskinstance.py:1087} INFO - Executing <Task(BashOperator): runme_1> on 2021-12-29T00:00:00+00:00
[2021-12-30 20:06:38,971] {standard_task_runner.py:52} INFO - Started process 1846 to run task
[2021-12-30 20:06:38,977] {standard_task_runner.py:76} INFO - Running: ['airflow', 'tasks', 'run', 'example_bash_operator', 'runme_1', '2021-12-29T00:00:00+00:00', '--job-id', '53', '--pool', 'default_pool', '--raw', '--subdir', '/home/airflow/sandbox/lib/python3.8/site-packages/airflow/example_dags/example_bash_operator.py', '--cfg-path', '/tmp/tmpqz_7gdz8', '--error-file', '/tmp/tmptq4c61zy']
[2021-12-30 20:06:38,978] {standard_task_runner.py:77} INFO - Job 53: Subtask runme_1
[2021-12-30 20:06:39,087] {logging_mixin.py:104} INFO - Running <TaskInstance: example_bash_operator.runme_1 2021-12-29T00:00:00+00:00 [running]> on host airflowvm
[2021-12-30 20:06:39,266] {taskinstance.py:1280} INFO - Exporting the following env vars:
AIRFLOW_CTX_DAG_OWNER=airflow
AIRFLOW_CTX_DAG_ID=example_bash_operator
AIRFLOW_CTX_TASK_ID=runme_1
AIRFLOW_CTX_EXECUTION_DATE=2021-12-29T00:00:00+00:00
AIRFLOW_CTX_DAG_RUN_ID=scheduled__2021-12-29T00:00:00+00:00
[2021-12-30 20:06:39,267] {subprocess.py:52} INFO - Tmp dir root location: 
 /tmp
[2021-12-30 20:06:39,270] {subprocess.py:63} INFO - Running command: ['bash', '-c', 'echo "example_bash_operator__runme_1__20211229" && sleep 1']
[2021-12-30 20:06:39,278] {subprocess.py:75} INFO - Output:
[2021-12-30 20:06:39,280] {subprocess.py:79} INFO - example_bash_operator__runme_1__20211229
[2021-12-30 20:06:40,282] {subprocess.py:83} INFO - Command exited with return code 0
[2021-12-30 20:06:40,303] {taskinstance.py:1184} INFO - Marking task as SUCCESS. dag_id=example_bash_operator, task_id=runme_1, execution_date=20211229T000000, start_date=20211230T200638, end_date=20211230T200640
[2021-12-30 20:06:40,321] {taskinstance.py:1245} INFO - 0 downstream tasks scheduled from follow-on schedule check
[2021-12-30 20:06:40,359] {local_task_job.py:151} INFO - Task exited with return code 0
