[2022-03-15 19:42:26,762] {taskinstance.py:1032} INFO - Dependencies all met for <TaskInstance: xcom_dag.processing_tasks.training_model_b manual__2022-03-15T19:42:16.247146+00:00 [queued]>
[2022-03-15 19:42:26,816] {taskinstance.py:1032} INFO - Dependencies all met for <TaskInstance: xcom_dag.processing_tasks.training_model_b manual__2022-03-15T19:42:16.247146+00:00 [queued]>
[2022-03-15 19:42:26,834] {taskinstance.py:1238} INFO - 
--------------------------------------------------------------------------------
[2022-03-15 19:42:26,835] {taskinstance.py:1239} INFO - Starting attempt 1 of 1
[2022-03-15 19:42:26,836] {taskinstance.py:1240} INFO - 
--------------------------------------------------------------------------------
[2022-03-15 19:42:26,863] {taskinstance.py:1259} INFO - Executing <Task(PythonOperator): processing_tasks.training_model_b> on 2022-03-15 19:42:16.247146+00:00
[2022-03-15 19:42:26,898] {standard_task_runner.py:76} INFO - Running: ['airflow', 'tasks', 'run', 'xcom_dag', 'processing_tasks.training_model_b', 'manual__2022-03-15T19:42:16.247146+00:00', '--job-id', '174', '--raw', '--subdir', 'DAGS_FOLDER/xcom_dag.py', '--cfg-path', '/tmp/tmpb4xahnsg', '--error-file', '/tmp/tmpeb0a8vz9']
[2022-03-15 19:42:26,900] {standard_task_runner.py:77} INFO - Job 174: Subtask processing_tasks.training_model_b
[2022-03-15 19:42:26,865] {standard_task_runner.py:52} INFO - Started process 17992 to run task
[2022-03-15 19:42:27,739] {logging_mixin.py:109} INFO - Running <TaskInstance: xcom_dag.processing_tasks.training_model_b manual__2022-03-15T19:42:16.247146+00:00 [running]> on host airflowvm
[2022-03-15 19:42:29,337] {taskinstance.py:1424} INFO - Exporting the following env vars:
AIRFLOW_CTX_DAG_OWNER=airflow
AIRFLOW_CTX_DAG_ID=xcom_dag
AIRFLOW_CTX_TASK_ID=processing_tasks.training_model_b
AIRFLOW_CTX_EXECUTION_DATE=2022-03-15T19:42:16.247146+00:00
AIRFLOW_CTX_DAG_RUN_ID=manual__2022-03-15T19:42:16.247146+00:00
[2022-03-15 19:42:29,339] {logging_mixin.py:109} INFO - model's accuracy: 8.533789552311752
[2022-03-15 19:42:29,551] {python.py:175} INFO - Done. Returned value was: None
[2022-03-15 19:42:30,063] {taskinstance.py:1267} INFO - Marking task as SUCCESS. dag_id=xcom_dag, task_id=processing_tasks.training_model_b, execution_date=20220315T194216, start_date=20220315T194226, end_date=20220315T194230
[2022-03-15 19:42:30,233] {local_task_job.py:154} INFO - Task exited with return code 0
[2022-03-15 19:42:30,758] {local_task_job.py:264} INFO - 1 downstream tasks scheduled from follow-on schedule check
