[2022-01-14 20:33:00,261] {processor.py:163} INFO - Started process (PID=22737) to work on /home/airflow/airflow/dags/subdags/subdags_parallel_dags.py
[2022-01-14 20:33:00,398] {processor.py:642} INFO - Processing file /home/airflow/airflow/dags/subdags/subdags_parallel_dags.py for tasks to queue
[2022-01-14 20:33:00,400] {logging_mixin.py:109} INFO - [2022-01-14 20:33:00,399] {dagbag.py:500} INFO - Filling up the DagBag from /home/airflow/airflow/dags/subdags/subdags_parallel_dags.py
[2022-01-14 20:33:00,414] {logging_mixin.py:109} INFO - [2022-01-14 20:33:00,409] {dagbag.py:334} ERROR - Failed to import: /home/airflow/airflow/dags/subdags/subdags_parallel_dags.py
Traceback (most recent call last):
  File "/home/airflow/sandbox/lib/python3.8/site-packages/airflow/models/dagbag.py", line 331, in _load_modules_from_file
    loader.exec_module(new_module)
  File "<frozen importlib._bootstrap_external>", line 844, in exec_module
  File "<frozen importlib._bootstrap_external>", line 981, in get_code
  File "<frozen importlib._bootstrap_external>", line 911, in source_to_code
  File "<frozen importlib._bootstrap>", line 219, in _call_with_frames_removed
  File "/home/airflow/airflow/dags/subdags/subdags_parallel_dags.py", line 8
    ) as dag
           ^
SyntaxError: invalid syntax
[2022-01-14 20:33:00,864] {processor.py:656} WARNING - No viable dags retrieved from /home/airflow/airflow/dags/subdags/subdags_parallel_dags.py
[2022-01-14 20:33:01,051] {processor.py:171} INFO - Processing /home/airflow/airflow/dags/subdags/subdags_parallel_dags.py took 0.800 seconds
[2022-01-14 20:33:31,702] {processor.py:163} INFO - Started process (PID=23037) to work on /home/airflow/airflow/dags/subdags/subdags_parallel_dags.py
[2022-01-14 20:33:31,704] {processor.py:642} INFO - Processing file /home/airflow/airflow/dags/subdags/subdags_parallel_dags.py for tasks to queue
[2022-01-14 20:33:31,714] {logging_mixin.py:109} INFO - [2022-01-14 20:33:31,713] {dagbag.py:500} INFO - Filling up the DagBag from /home/airflow/airflow/dags/subdags/subdags_parallel_dags.py
[2022-01-14 20:33:32,061] {logging_mixin.py:109} INFO - [2022-01-14 20:33:32,048] {dagbag.py:334} ERROR - Failed to import: /home/airflow/airflow/dags/subdags/subdags_parallel_dags.py
Traceback (most recent call last):
  File "/home/airflow/sandbox/lib/python3.8/site-packages/airflow/models/dagbag.py", line 331, in _load_modules_from_file
    loader.exec_module(new_module)
  File "<frozen importlib._bootstrap_external>", line 844, in exec_module
  File "<frozen importlib._bootstrap_external>", line 981, in get_code
  File "<frozen importlib._bootstrap_external>", line 911, in source_to_code
  File "<frozen importlib._bootstrap>", line 219, in _call_with_frames_removed
  File "/home/airflow/airflow/dags/subdags/subdags_parallel_dags.py", line 8
    ) as dag
           ^
SyntaxError: invalid syntax
[2022-01-14 20:33:32,409] {processor.py:656} WARNING - No viable dags retrieved from /home/airflow/airflow/dags/subdags/subdags_parallel_dags.py
[2022-01-14 20:33:32,559] {processor.py:171} INFO - Processing /home/airflow/airflow/dags/subdags/subdags_parallel_dags.py took 0.900 seconds
[2022-01-14 20:34:04,207] {processor.py:163} INFO - Started process (PID=23219) to work on /home/airflow/airflow/dags/subdags/subdags_parallel_dags.py
[2022-01-14 20:34:04,247] {processor.py:642} INFO - Processing file /home/airflow/airflow/dags/subdags/subdags_parallel_dags.py for tasks to queue
[2022-01-14 20:34:04,249] {logging_mixin.py:109} INFO - [2022-01-14 20:34:04,249] {dagbag.py:500} INFO - Filling up the DagBag from /home/airflow/airflow/dags/subdags/subdags_parallel_dags.py
[2022-01-14 20:34:04,252] {logging_mixin.py:109} INFO - [2022-01-14 20:34:04,251] {dagbag.py:334} ERROR - Failed to import: /home/airflow/airflow/dags/subdags/subdags_parallel_dags.py
Traceback (most recent call last):
  File "/home/airflow/sandbox/lib/python3.8/site-packages/airflow/models/dagbag.py", line 331, in _load_modules_from_file
    loader.exec_module(new_module)
  File "<frozen importlib._bootstrap_external>", line 844, in exec_module
  File "<frozen importlib._bootstrap_external>", line 981, in get_code
  File "<frozen importlib._bootstrap_external>", line 911, in source_to_code
  File "<frozen importlib._bootstrap>", line 219, in _call_with_frames_removed
  File "/home/airflow/airflow/dags/subdags/subdags_parallel_dags.py", line 8
    ) as dag
           ^
SyntaxError: invalid syntax
[2022-01-14 20:34:04,362] {processor.py:656} WARNING - No viable dags retrieved from /home/airflow/airflow/dags/subdags/subdags_parallel_dags.py
[2022-01-14 20:34:04,804] {processor.py:171} INFO - Processing /home/airflow/airflow/dags/subdags/subdags_parallel_dags.py took 0.609 seconds
[2022-01-14 20:34:35,899] {processor.py:163} INFO - Started process (PID=23319) to work on /home/airflow/airflow/dags/subdags/subdags_parallel_dags.py
[2022-01-14 20:34:35,901] {processor.py:642} INFO - Processing file /home/airflow/airflow/dags/subdags/subdags_parallel_dags.py for tasks to queue
[2022-01-14 20:34:35,901] {logging_mixin.py:109} INFO - [2022-01-14 20:34:35,901] {dagbag.py:500} INFO - Filling up the DagBag from /home/airflow/airflow/dags/subdags/subdags_parallel_dags.py
[2022-01-14 20:34:35,904] {logging_mixin.py:109} INFO - [2022-01-14 20:34:35,903] {dagbag.py:334} ERROR - Failed to import: /home/airflow/airflow/dags/subdags/subdags_parallel_dags.py
Traceback (most recent call last):
  File "/home/airflow/sandbox/lib/python3.8/site-packages/airflow/models/dagbag.py", line 331, in _load_modules_from_file
    loader.exec_module(new_module)
  File "<frozen importlib._bootstrap_external>", line 844, in exec_module
  File "<frozen importlib._bootstrap_external>", line 981, in get_code
  File "<frozen importlib._bootstrap_external>", line 911, in source_to_code
  File "<frozen importlib._bootstrap>", line 219, in _call_with_frames_removed
  File "/home/airflow/airflow/dags/subdags/subdags_parallel_dags.py", line 8
    ) as dag
           ^
SyntaxError: invalid syntax
[2022-01-14 20:34:35,999] {processor.py:656} WARNING - No viable dags retrieved from /home/airflow/airflow/dags/subdags/subdags_parallel_dags.py
[2022-01-14 20:34:36,042] {processor.py:171} INFO - Processing /home/airflow/airflow/dags/subdags/subdags_parallel_dags.py took 0.149 seconds
[2022-01-14 20:35:06,602] {processor.py:163} INFO - Started process (PID=23381) to work on /home/airflow/airflow/dags/subdags/subdags_parallel_dags.py
[2022-01-14 20:35:06,604] {processor.py:642} INFO - Processing file /home/airflow/airflow/dags/subdags/subdags_parallel_dags.py for tasks to queue
[2022-01-14 20:35:06,606] {logging_mixin.py:109} INFO - [2022-01-14 20:35:06,606] {dagbag.py:500} INFO - Filling up the DagBag from /home/airflow/airflow/dags/subdags/subdags_parallel_dags.py
[2022-01-14 20:35:06,609] {logging_mixin.py:109} INFO - [2022-01-14 20:35:06,608] {dagbag.py:334} ERROR - Failed to import: /home/airflow/airflow/dags/subdags/subdags_parallel_dags.py
Traceback (most recent call last):
  File "/home/airflow/sandbox/lib/python3.8/site-packages/airflow/models/dagbag.py", line 331, in _load_modules_from_file
    loader.exec_module(new_module)
  File "<frozen importlib._bootstrap_external>", line 844, in exec_module
  File "<frozen importlib._bootstrap_external>", line 981, in get_code
  File "<frozen importlib._bootstrap_external>", line 911, in source_to_code
  File "<frozen importlib._bootstrap>", line 219, in _call_with_frames_removed
  File "/home/airflow/airflow/dags/subdags/subdags_parallel_dags.py", line 8
    ) as dag
           ^
SyntaxError: invalid syntax
[2022-01-14 20:35:06,698] {processor.py:656} WARNING - No viable dags retrieved from /home/airflow/airflow/dags/subdags/subdags_parallel_dags.py
[2022-01-14 20:35:06,748] {processor.py:171} INFO - Processing /home/airflow/airflow/dags/subdags/subdags_parallel_dags.py took 0.152 seconds
[2022-01-14 20:35:37,006] {processor.py:163} INFO - Started process (PID=23430) to work on /home/airflow/airflow/dags/subdags/subdags_parallel_dags.py
[2022-01-14 20:35:37,007] {processor.py:642} INFO - Processing file /home/airflow/airflow/dags/subdags/subdags_parallel_dags.py for tasks to queue
[2022-01-14 20:35:37,007] {logging_mixin.py:109} INFO - [2022-01-14 20:35:37,007] {dagbag.py:500} INFO - Filling up the DagBag from /home/airflow/airflow/dags/subdags/subdags_parallel_dags.py
[2022-01-14 20:35:37,034] {logging_mixin.py:109} INFO - [2022-01-14 20:35:37,033] {dagbag.py:334} ERROR - Failed to import: /home/airflow/airflow/dags/subdags/subdags_parallel_dags.py
Traceback (most recent call last):
  File "/home/airflow/sandbox/lib/python3.8/site-packages/airflow/models/dagbag.py", line 331, in _load_modules_from_file
    loader.exec_module(new_module)
  File "<frozen importlib._bootstrap_external>", line 844, in exec_module
  File "<frozen importlib._bootstrap_external>", line 981, in get_code
  File "<frozen importlib._bootstrap_external>", line 911, in source_to_code
  File "<frozen importlib._bootstrap>", line 219, in _call_with_frames_removed
  File "/home/airflow/airflow/dags/subdags/subdags_parallel_dags.py", line 8
    ) as dag
           ^
SyntaxError: invalid syntax
[2022-01-14 20:35:37,136] {processor.py:656} WARNING - No viable dags retrieved from /home/airflow/airflow/dags/subdags/subdags_parallel_dags.py
[2022-01-14 20:35:37,158] {processor.py:171} INFO - Processing /home/airflow/airflow/dags/subdags/subdags_parallel_dags.py took 0.157 seconds
[2022-01-14 20:36:07,444] {processor.py:163} INFO - Started process (PID=23480) to work on /home/airflow/airflow/dags/subdags/subdags_parallel_dags.py
[2022-01-14 20:36:07,447] {processor.py:642} INFO - Processing file /home/airflow/airflow/dags/subdags/subdags_parallel_dags.py for tasks to queue
[2022-01-14 20:36:07,448] {logging_mixin.py:109} INFO - [2022-01-14 20:36:07,448] {dagbag.py:500} INFO - Filling up the DagBag from /home/airflow/airflow/dags/subdags/subdags_parallel_dags.py
[2022-01-14 20:36:07,453] {logging_mixin.py:109} INFO - [2022-01-14 20:36:07,452] {dagbag.py:334} ERROR - Failed to import: /home/airflow/airflow/dags/subdags/subdags_parallel_dags.py
Traceback (most recent call last):
  File "/home/airflow/sandbox/lib/python3.8/site-packages/airflow/models/dagbag.py", line 331, in _load_modules_from_file
    loader.exec_module(new_module)
  File "<frozen importlib._bootstrap_external>", line 844, in exec_module
  File "<frozen importlib._bootstrap_external>", line 981, in get_code
  File "<frozen importlib._bootstrap_external>", line 911, in source_to_code
  File "<frozen importlib._bootstrap>", line 219, in _call_with_frames_removed
  File "/home/airflow/airflow/dags/subdags/subdags_parallel_dags.py", line 8
    ) as dag
           ^
SyntaxError: invalid syntax
[2022-01-14 20:36:07,502] {processor.py:656} WARNING - No viable dags retrieved from /home/airflow/airflow/dags/subdags/subdags_parallel_dags.py
[2022-01-14 20:36:07,537] {processor.py:171} INFO - Processing /home/airflow/airflow/dags/subdags/subdags_parallel_dags.py took 0.106 seconds
[2022-01-14 20:36:37,996] {processor.py:163} INFO - Started process (PID=23528) to work on /home/airflow/airflow/dags/subdags/subdags_parallel_dags.py
[2022-01-14 20:36:37,997] {processor.py:642} INFO - Processing file /home/airflow/airflow/dags/subdags/subdags_parallel_dags.py for tasks to queue
[2022-01-14 20:36:37,999] {logging_mixin.py:109} INFO - [2022-01-14 20:36:37,998] {dagbag.py:500} INFO - Filling up the DagBag from /home/airflow/airflow/dags/subdags/subdags_parallel_dags.py
[2022-01-14 20:36:38,003] {logging_mixin.py:109} INFO - [2022-01-14 20:36:38,002] {dagbag.py:334} ERROR - Failed to import: /home/airflow/airflow/dags/subdags/subdags_parallel_dags.py
Traceback (most recent call last):
  File "/home/airflow/sandbox/lib/python3.8/site-packages/airflow/models/dagbag.py", line 331, in _load_modules_from_file
    loader.exec_module(new_module)
  File "<frozen importlib._bootstrap_external>", line 844, in exec_module
  File "<frozen importlib._bootstrap_external>", line 981, in get_code
  File "<frozen importlib._bootstrap_external>", line 911, in source_to_code
  File "<frozen importlib._bootstrap>", line 219, in _call_with_frames_removed
  File "/home/airflow/airflow/dags/subdags/subdags_parallel_dags.py", line 8
    ) as dag
           ^
SyntaxError: invalid syntax
[2022-01-14 20:36:38,085] {processor.py:656} WARNING - No viable dags retrieved from /home/airflow/airflow/dags/subdags/subdags_parallel_dags.py
[2022-01-14 20:36:38,104] {processor.py:171} INFO - Processing /home/airflow/airflow/dags/subdags/subdags_parallel_dags.py took 0.121 seconds
[2022-01-14 20:37:08,301] {processor.py:163} INFO - Started process (PID=23572) to work on /home/airflow/airflow/dags/subdags/subdags_parallel_dags.py
[2022-01-14 20:37:08,303] {processor.py:642} INFO - Processing file /home/airflow/airflow/dags/subdags/subdags_parallel_dags.py for tasks to queue
[2022-01-14 20:37:08,304] {logging_mixin.py:109} INFO - [2022-01-14 20:37:08,304] {dagbag.py:500} INFO - Filling up the DagBag from /home/airflow/airflow/dags/subdags/subdags_parallel_dags.py
[2022-01-14 20:37:08,330] {logging_mixin.py:109} INFO - [2022-01-14 20:37:08,329] {dagbag.py:334} ERROR - Failed to import: /home/airflow/airflow/dags/subdags/subdags_parallel_dags.py
Traceback (most recent call last):
  File "/home/airflow/sandbox/lib/python3.8/site-packages/airflow/models/dagbag.py", line 331, in _load_modules_from_file
    loader.exec_module(new_module)
  File "<frozen importlib._bootstrap_external>", line 844, in exec_module
  File "<frozen importlib._bootstrap_external>", line 981, in get_code
  File "<frozen importlib._bootstrap_external>", line 911, in source_to_code
  File "<frozen importlib._bootstrap>", line 219, in _call_with_frames_removed
  File "/home/airflow/airflow/dags/subdags/subdags_parallel_dags.py", line 8
    ) as dag
           ^
SyntaxError: invalid syntax
[2022-01-14 20:37:08,432] {processor.py:656} WARNING - No viable dags retrieved from /home/airflow/airflow/dags/subdags/subdags_parallel_dags.py
[2022-01-14 20:37:08,450] {processor.py:171} INFO - Processing /home/airflow/airflow/dags/subdags/subdags_parallel_dags.py took 0.162 seconds
[2022-01-14 20:37:40,694] {processor.py:163} INFO - Started process (PID=23698) to work on /home/airflow/airflow/dags/subdags/subdags_parallel_dags.py
[2022-01-14 20:37:40,695] {processor.py:642} INFO - Processing file /home/airflow/airflow/dags/subdags/subdags_parallel_dags.py for tasks to queue
[2022-01-14 20:37:40,696] {logging_mixin.py:109} INFO - [2022-01-14 20:37:40,696] {dagbag.py:500} INFO - Filling up the DagBag from /home/airflow/airflow/dags/subdags/subdags_parallel_dags.py
[2022-01-14 20:37:40,698] {logging_mixin.py:109} INFO - [2022-01-14 20:37:40,697] {dagbag.py:334} ERROR - Failed to import: /home/airflow/airflow/dags/subdags/subdags_parallel_dags.py
Traceback (most recent call last):
  File "/home/airflow/sandbox/lib/python3.8/site-packages/airflow/models/dagbag.py", line 331, in _load_modules_from_file
    loader.exec_module(new_module)
  File "<frozen importlib._bootstrap_external>", line 844, in exec_module
  File "<frozen importlib._bootstrap_external>", line 981, in get_code
  File "<frozen importlib._bootstrap_external>", line 911, in source_to_code
  File "<frozen importlib._bootstrap>", line 219, in _call_with_frames_removed
  File "/home/airflow/airflow/dags/subdags/subdags_parallel_dags.py", line 8
    ) as dag
           ^
SyntaxError: invalid syntax
[2022-01-14 20:37:41,046] {processor.py:656} WARNING - No viable dags retrieved from /home/airflow/airflow/dags/subdags/subdags_parallel_dags.py
[2022-01-14 20:37:41,681] {processor.py:171} INFO - Processing /home/airflow/airflow/dags/subdags/subdags_parallel_dags.py took 0.992 seconds
[2022-01-14 20:38:12,350] {processor.py:163} INFO - Started process (PID=23996) to work on /home/airflow/airflow/dags/subdags/subdags_parallel_dags.py
[2022-01-14 20:38:12,388] {processor.py:642} INFO - Processing file /home/airflow/airflow/dags/subdags/subdags_parallel_dags.py for tasks to queue
[2022-01-14 20:38:12,388] {logging_mixin.py:109} INFO - [2022-01-14 20:38:12,388] {dagbag.py:500} INFO - Filling up the DagBag from /home/airflow/airflow/dags/subdags/subdags_parallel_dags.py
[2022-01-14 20:38:12,394] {logging_mixin.py:109} INFO - [2022-01-14 20:38:12,393] {dagbag.py:334} ERROR - Failed to import: /home/airflow/airflow/dags/subdags/subdags_parallel_dags.py
Traceback (most recent call last):
  File "/home/airflow/sandbox/lib/python3.8/site-packages/airflow/models/dagbag.py", line 331, in _load_modules_from_file
    loader.exec_module(new_module)
  File "<frozen importlib._bootstrap_external>", line 844, in exec_module
  File "<frozen importlib._bootstrap_external>", line 981, in get_code
  File "<frozen importlib._bootstrap_external>", line 911, in source_to_code
  File "<frozen importlib._bootstrap>", line 219, in _call_with_frames_removed
  File "/home/airflow/airflow/dags/subdags/subdags_parallel_dags.py", line 8
    ) as dag
           ^
SyntaxError: invalid syntax
[2022-01-14 20:38:14,581] {processor.py:656} WARNING - No viable dags retrieved from /home/airflow/airflow/dags/subdags/subdags_parallel_dags.py
[2022-01-14 20:38:15,181] {processor.py:171} INFO - Processing /home/airflow/airflow/dags/subdags/subdags_parallel_dags.py took 2.934 seconds
[2022-01-14 20:38:31,045] {processor.py:163} INFO - Started process (PID=24025) to work on /home/airflow/airflow/dags/subdags/subdags_parallel_dags.py
[2022-01-14 20:38:31,047] {processor.py:642} INFO - Processing file /home/airflow/airflow/dags/subdags/subdags_parallel_dags.py for tasks to queue
[2022-01-14 20:38:31,049] {logging_mixin.py:109} INFO - [2022-01-14 20:38:31,048] {dagbag.py:500} INFO - Filling up the DagBag from /home/airflow/airflow/dags/subdags/subdags_parallel_dags.py
[2022-01-14 20:38:31,050] {logging_mixin.py:109} INFO - [2022-01-14 20:38:31,050] {dagbag.py:334} ERROR - Failed to import: /home/airflow/airflow/dags/subdags/subdags_parallel_dags.py
Traceback (most recent call last):
  File "/home/airflow/sandbox/lib/python3.8/site-packages/airflow/models/dagbag.py", line 331, in _load_modules_from_file
    loader.exec_module(new_module)
  File "<frozen importlib._bootstrap_external>", line 844, in exec_module
  File "<frozen importlib._bootstrap_external>", line 981, in get_code
  File "<frozen importlib._bootstrap_external>", line 911, in source_to_code
  File "<frozen importlib._bootstrap>", line 219, in _call_with_frames_removed
  File "/home/airflow/airflow/dags/subdags/subdags_parallel_dags.py", line 10
    task_02 = BashOperator(
    ^
IndentationError: expected an indented block
[2022-01-14 20:38:31,747] {processor.py:656} WARNING - No viable dags retrieved from /home/airflow/airflow/dags/subdags/subdags_parallel_dags.py
[2022-01-14 20:38:31,794] {processor.py:171} INFO - Processing /home/airflow/airflow/dags/subdags/subdags_parallel_dags.py took 0.755 seconds
[2022-01-14 20:39:02,945] {processor.py:163} INFO - Started process (PID=24158) to work on /home/airflow/airflow/dags/subdags/subdags_parallel_dags.py
[2022-01-14 20:39:02,946] {processor.py:642} INFO - Processing file /home/airflow/airflow/dags/subdags/subdags_parallel_dags.py for tasks to queue
[2022-01-14 20:39:02,947] {logging_mixin.py:109} INFO - [2022-01-14 20:39:02,947] {dagbag.py:500} INFO - Filling up the DagBag from /home/airflow/airflow/dags/subdags/subdags_parallel_dags.py
[2022-01-14 20:39:03,038] {logging_mixin.py:109} INFO - [2022-01-14 20:39:03,035] {dagbag.py:334} ERROR - Failed to import: /home/airflow/airflow/dags/subdags/subdags_parallel_dags.py
Traceback (most recent call last):
  File "/home/airflow/sandbox/lib/python3.8/site-packages/airflow/models/dagbag.py", line 331, in _load_modules_from_file
    loader.exec_module(new_module)
  File "<frozen importlib._bootstrap_external>", line 844, in exec_module
  File "<frozen importlib._bootstrap_external>", line 981, in get_code
  File "<frozen importlib._bootstrap_external>", line 911, in source_to_code
  File "<frozen importlib._bootstrap>", line 219, in _call_with_frames_removed
  File "/home/airflow/airflow/dags/subdags/subdags_parallel_dags.py", line 10
    task_02 = BashOperator(
    ^
IndentationError: expected an indented block
[2022-01-14 20:39:03,548] {processor.py:656} WARNING - No viable dags retrieved from /home/airflow/airflow/dags/subdags/subdags_parallel_dags.py
[2022-01-14 20:39:03,747] {processor.py:171} INFO - Processing /home/airflow/airflow/dags/subdags/subdags_parallel_dags.py took 0.811 seconds
[2022-01-14 20:39:13,288] {processor.py:163} INFO - Started process (PID=24174) to work on /home/airflow/airflow/dags/subdags/subdags_parallel_dags.py
[2022-01-14 20:39:13,290] {processor.py:642} INFO - Processing file /home/airflow/airflow/dags/subdags/subdags_parallel_dags.py for tasks to queue
[2022-01-14 20:39:13,292] {logging_mixin.py:109} INFO - [2022-01-14 20:39:13,292] {dagbag.py:500} INFO - Filling up the DagBag from /home/airflow/airflow/dags/subdags/subdags_parallel_dags.py
[2022-01-14 20:39:13,937] {processor.py:656} WARNING - No viable dags retrieved from /home/airflow/airflow/dags/subdags/subdags_parallel_dags.py
[2022-01-14 20:39:14,033] {processor.py:171} INFO - Processing /home/airflow/airflow/dags/subdags/subdags_parallel_dags.py took 0.786 seconds
[2022-01-14 20:39:45,588] {processor.py:163} INFO - Started process (PID=24355) to work on /home/airflow/airflow/dags/subdags/subdags_parallel_dags.py
[2022-01-14 20:39:45,598] {processor.py:642} INFO - Processing file /home/airflow/airflow/dags/subdags/subdags_parallel_dags.py for tasks to queue
[2022-01-14 20:39:45,879] {logging_mixin.py:109} INFO - [2022-01-14 20:39:45,879] {dagbag.py:500} INFO - Filling up the DagBag from /home/airflow/airflow/dags/subdags/subdags_parallel_dags.py
[2022-01-14 20:39:46,198] {processor.py:656} WARNING - No viable dags retrieved from /home/airflow/airflow/dags/subdags/subdags_parallel_dags.py
[2022-01-14 20:39:46,382] {processor.py:171} INFO - Processing /home/airflow/airflow/dags/subdags/subdags_parallel_dags.py took 0.798 seconds
[2022-01-14 20:40:16,720] {processor.py:163} INFO - Started process (PID=25805) to work on /home/airflow/airflow/dags/subdags/subdags_parallel_dags.py
[2022-01-14 20:40:16,726] {processor.py:642} INFO - Processing file /home/airflow/airflow/dags/subdags/subdags_parallel_dags.py for tasks to queue
[2022-01-14 20:40:16,726] {logging_mixin.py:109} INFO - [2022-01-14 20:40:16,726] {dagbag.py:500} INFO - Filling up the DagBag from /home/airflow/airflow/dags/subdags/subdags_parallel_dags.py
[2022-01-14 20:40:16,763] {processor.py:656} WARNING - No viable dags retrieved from /home/airflow/airflow/dags/subdags/subdags_parallel_dags.py
[2022-01-14 20:40:16,770] {processor.py:171} INFO - Processing /home/airflow/airflow/dags/subdags/subdags_parallel_dags.py took 0.053 seconds
[2022-01-14 20:40:47,844] {processor.py:163} INFO - Started process (PID=26468) to work on /home/airflow/airflow/dags/subdags/subdags_parallel_dags.py
[2022-01-14 20:40:47,892] {processor.py:642} INFO - Processing file /home/airflow/airflow/dags/subdags/subdags_parallel_dags.py for tasks to queue
[2022-01-14 20:40:47,894] {logging_mixin.py:109} INFO - [2022-01-14 20:40:47,894] {dagbag.py:500} INFO - Filling up the DagBag from /home/airflow/airflow/dags/subdags/subdags_parallel_dags.py
[2022-01-14 20:40:50,783] {processor.py:656} WARNING - No viable dags retrieved from /home/airflow/airflow/dags/subdags/subdags_parallel_dags.py
[2022-01-14 20:40:51,046] {processor.py:171} INFO - Processing /home/airflow/airflow/dags/subdags/subdags_parallel_dags.py took 3.354 seconds
[2022-01-14 20:44:31,155] {processor.py:163} INFO - Started process (PID=35519) to work on /home/airflow/airflow/dags/subdags/subdags_parallel_dags.py
[2022-01-14 20:44:31,239] {processor.py:642} INFO - Processing file /home/airflow/airflow/dags/subdags/subdags_parallel_dags.py for tasks to queue
[2022-01-14 20:44:31,241] {logging_mixin.py:109} INFO - [2022-01-14 20:44:31,240] {dagbag.py:500} INFO - Filling up the DagBag from /home/airflow/airflow/dags/subdags/subdags_parallel_dags.py
[2022-01-14 20:44:32,753] {processor.py:656} WARNING - No viable dags retrieved from /home/airflow/airflow/dags/subdags/subdags_parallel_dags.py
[2022-01-14 20:44:32,942] {processor.py:171} INFO - Processing /home/airflow/airflow/dags/subdags/subdags_parallel_dags.py took 1.798 seconds
[2022-01-14 20:45:04,454] {processor.py:163} INFO - Started process (PID=35871) to work on /home/airflow/airflow/dags/subdags/subdags_parallel_dags.py
[2022-01-14 20:45:04,455] {processor.py:642} INFO - Processing file /home/airflow/airflow/dags/subdags/subdags_parallel_dags.py for tasks to queue
[2022-01-14 20:45:04,456] {logging_mixin.py:109} INFO - [2022-01-14 20:45:04,456] {dagbag.py:500} INFO - Filling up the DagBag from /home/airflow/airflow/dags/subdags/subdags_parallel_dags.py
[2022-01-14 20:45:07,096] {processor.py:656} WARNING - No viable dags retrieved from /home/airflow/airflow/dags/subdags/subdags_parallel_dags.py
[2022-01-14 20:45:07,209] {processor.py:171} INFO - Processing /home/airflow/airflow/dags/subdags/subdags_parallel_dags.py took 2.766 seconds
[2022-01-14 20:45:38,457] {processor.py:163} INFO - Started process (PID=36432) to work on /home/airflow/airflow/dags/subdags/subdags_parallel_dags.py
[2022-01-14 20:45:38,458] {processor.py:642} INFO - Processing file /home/airflow/airflow/dags/subdags/subdags_parallel_dags.py for tasks to queue
[2022-01-14 20:45:38,537] {logging_mixin.py:109} INFO - [2022-01-14 20:45:38,537] {dagbag.py:500} INFO - Filling up the DagBag from /home/airflow/airflow/dags/subdags/subdags_parallel_dags.py
[2022-01-14 20:45:39,403] {processor.py:656} WARNING - No viable dags retrieved from /home/airflow/airflow/dags/subdags/subdags_parallel_dags.py
[2022-01-14 20:45:39,556] {processor.py:171} INFO - Processing /home/airflow/airflow/dags/subdags/subdags_parallel_dags.py took 1.200 seconds
[2022-01-14 20:46:12,003] {processor.py:163} INFO - Started process (PID=38452) to work on /home/airflow/airflow/dags/subdags/subdags_parallel_dags.py
[2022-01-14 20:46:12,007] {processor.py:642} INFO - Processing file /home/airflow/airflow/dags/subdags/subdags_parallel_dags.py for tasks to queue
[2022-01-14 20:46:12,008] {logging_mixin.py:109} INFO - [2022-01-14 20:46:12,008] {dagbag.py:500} INFO - Filling up the DagBag from /home/airflow/airflow/dags/subdags/subdags_parallel_dags.py
[2022-01-14 20:46:13,210] {processor.py:656} WARNING - No viable dags retrieved from /home/airflow/airflow/dags/subdags/subdags_parallel_dags.py
[2022-01-14 20:46:13,599] {processor.py:171} INFO - Processing /home/airflow/airflow/dags/subdags/subdags_parallel_dags.py took 1.600 seconds
[2022-01-14 20:46:46,550] {processor.py:163} INFO - Started process (PID=40067) to work on /home/airflow/airflow/dags/subdags/subdags_parallel_dags.py
[2022-01-14 20:46:46,551] {processor.py:642} INFO - Processing file /home/airflow/airflow/dags/subdags/subdags_parallel_dags.py for tasks to queue
[2022-01-14 20:46:46,552] {logging_mixin.py:109} INFO - [2022-01-14 20:46:46,552] {dagbag.py:500} INFO - Filling up the DagBag from /home/airflow/airflow/dags/subdags/subdags_parallel_dags.py
[2022-01-14 20:46:47,450] {processor.py:656} WARNING - No viable dags retrieved from /home/airflow/airflow/dags/subdags/subdags_parallel_dags.py
[2022-01-14 20:46:47,548] {processor.py:171} INFO - Processing /home/airflow/airflow/dags/subdags/subdags_parallel_dags.py took 1.193 seconds
[2022-01-14 20:47:17,843] {processor.py:163} INFO - Started process (PID=43460) to work on /home/airflow/airflow/dags/subdags/subdags_parallel_dags.py
[2022-01-14 20:47:17,845] {processor.py:642} INFO - Processing file /home/airflow/airflow/dags/subdags/subdags_parallel_dags.py for tasks to queue
[2022-01-14 20:47:17,847] {logging_mixin.py:109} INFO - [2022-01-14 20:47:17,846] {dagbag.py:500} INFO - Filling up the DagBag from /home/airflow/airflow/dags/subdags/subdags_parallel_dags.py
[2022-01-14 20:47:17,964] {processor.py:656} WARNING - No viable dags retrieved from /home/airflow/airflow/dags/subdags/subdags_parallel_dags.py
[2022-01-14 20:47:18,001] {processor.py:171} INFO - Processing /home/airflow/airflow/dags/subdags/subdags_parallel_dags.py took 0.189 seconds
[2022-01-14 20:47:48,198] {processor.py:163} INFO - Started process (PID=46168) to work on /home/airflow/airflow/dags/subdags/subdags_parallel_dags.py
[2022-01-14 20:47:48,200] {processor.py:642} INFO - Processing file /home/airflow/airflow/dags/subdags/subdags_parallel_dags.py for tasks to queue
[2022-01-14 20:47:48,200] {logging_mixin.py:109} INFO - [2022-01-14 20:47:48,200] {dagbag.py:500} INFO - Filling up the DagBag from /home/airflow/airflow/dags/subdags/subdags_parallel_dags.py
[2022-01-14 20:47:48,509] {processor.py:656} WARNING - No viable dags retrieved from /home/airflow/airflow/dags/subdags/subdags_parallel_dags.py
[2022-01-14 20:47:48,591] {processor.py:171} INFO - Processing /home/airflow/airflow/dags/subdags/subdags_parallel_dags.py took 0.404 seconds
[2022-01-14 20:48:19,505] {processor.py:163} INFO - Started process (PID=46207) to work on /home/airflow/airflow/dags/subdags/subdags_parallel_dags.py
[2022-01-14 20:48:19,596] {processor.py:642} INFO - Processing file /home/airflow/airflow/dags/subdags/subdags_parallel_dags.py for tasks to queue
[2022-01-14 20:48:19,597] {logging_mixin.py:109} INFO - [2022-01-14 20:48:19,597] {dagbag.py:500} INFO - Filling up the DagBag from /home/airflow/airflow/dags/subdags/subdags_parallel_dags.py
[2022-01-14 20:48:20,247] {processor.py:656} WARNING - No viable dags retrieved from /home/airflow/airflow/dags/subdags/subdags_parallel_dags.py
[2022-01-14 20:48:20,355] {processor.py:171} INFO - Processing /home/airflow/airflow/dags/subdags/subdags_parallel_dags.py took 0.855 seconds
[2022-01-14 20:48:50,695] {processor.py:163} INFO - Started process (PID=46413) to work on /home/airflow/airflow/dags/subdags/subdags_parallel_dags.py
[2022-01-14 20:48:50,695] {processor.py:642} INFO - Processing file /home/airflow/airflow/dags/subdags/subdags_parallel_dags.py for tasks to queue
[2022-01-14 20:48:50,696] {logging_mixin.py:109} INFO - [2022-01-14 20:48:50,696] {dagbag.py:500} INFO - Filling up the DagBag from /home/airflow/airflow/dags/subdags/subdags_parallel_dags.py
[2022-01-14 20:48:51,594] {processor.py:656} WARNING - No viable dags retrieved from /home/airflow/airflow/dags/subdags/subdags_parallel_dags.py
[2022-01-14 20:48:51,604] {processor.py:171} INFO - Processing /home/airflow/airflow/dags/subdags/subdags_parallel_dags.py took 1.000 seconds
[2022-01-14 20:49:23,036] {processor.py:163} INFO - Started process (PID=46619) to work on /home/airflow/airflow/dags/subdags/subdags_parallel_dags.py
[2022-01-14 20:49:23,038] {processor.py:642} INFO - Processing file /home/airflow/airflow/dags/subdags/subdags_parallel_dags.py for tasks to queue
[2022-01-14 20:49:23,039] {logging_mixin.py:109} INFO - [2022-01-14 20:49:23,039] {dagbag.py:500} INFO - Filling up the DagBag from /home/airflow/airflow/dags/subdags/subdags_parallel_dags.py
[2022-01-14 20:49:24,837] {processor.py:656} WARNING - No viable dags retrieved from /home/airflow/airflow/dags/subdags/subdags_parallel_dags.py
[2022-01-14 20:49:25,099] {processor.py:171} INFO - Processing /home/airflow/airflow/dags/subdags/subdags_parallel_dags.py took 2.160 seconds
[2022-01-14 20:49:55,938] {processor.py:163} INFO - Started process (PID=47024) to work on /home/airflow/airflow/dags/subdags/subdags_parallel_dags.py
[2022-01-14 20:49:55,940] {processor.py:642} INFO - Processing file /home/airflow/airflow/dags/subdags/subdags_parallel_dags.py for tasks to queue
[2022-01-14 20:49:55,941] {logging_mixin.py:109} INFO - [2022-01-14 20:49:55,941] {dagbag.py:500} INFO - Filling up the DagBag from /home/airflow/airflow/dags/subdags/subdags_parallel_dags.py
[2022-01-14 20:49:57,731] {processor.py:656} WARNING - No viable dags retrieved from /home/airflow/airflow/dags/subdags/subdags_parallel_dags.py
[2022-01-14 20:49:57,897] {processor.py:171} INFO - Processing /home/airflow/airflow/dags/subdags/subdags_parallel_dags.py took 2.045 seconds
[2022-01-14 20:50:28,353] {processor.py:163} INFO - Started process (PID=47329) to work on /home/airflow/airflow/dags/subdags/subdags_parallel_dags.py
[2022-01-14 20:50:28,353] {processor.py:642} INFO - Processing file /home/airflow/airflow/dags/subdags/subdags_parallel_dags.py for tasks to queue
[2022-01-14 20:50:28,355] {logging_mixin.py:109} INFO - [2022-01-14 20:50:28,354] {dagbag.py:500} INFO - Filling up the DagBag from /home/airflow/airflow/dags/subdags/subdags_parallel_dags.py
[2022-01-14 20:50:29,048] {processor.py:656} WARNING - No viable dags retrieved from /home/airflow/airflow/dags/subdags/subdags_parallel_dags.py
[2022-01-14 20:50:29,184] {processor.py:171} INFO - Processing /home/airflow/airflow/dags/subdags/subdags_parallel_dags.py took 0.840 seconds
[2022-01-14 20:50:59,646] {processor.py:163} INFO - Started process (PID=47632) to work on /home/airflow/airflow/dags/subdags/subdags_parallel_dags.py
[2022-01-14 20:50:59,647] {processor.py:642} INFO - Processing file /home/airflow/airflow/dags/subdags/subdags_parallel_dags.py for tasks to queue
[2022-01-14 20:50:59,648] {logging_mixin.py:109} INFO - [2022-01-14 20:50:59,648] {dagbag.py:500} INFO - Filling up the DagBag from /home/airflow/airflow/dags/subdags/subdags_parallel_dags.py
[2022-01-14 20:51:00,053] {processor.py:656} WARNING - No viable dags retrieved from /home/airflow/airflow/dags/subdags/subdags_parallel_dags.py
[2022-01-14 20:51:00,088] {processor.py:171} INFO - Processing /home/airflow/airflow/dags/subdags/subdags_parallel_dags.py took 0.445 seconds
[2022-01-14 20:51:31,247] {processor.py:163} INFO - Started process (PID=48159) to work on /home/airflow/airflow/dags/subdags/subdags_parallel_dags.py
[2022-01-14 20:51:31,249] {processor.py:642} INFO - Processing file /home/airflow/airflow/dags/subdags/subdags_parallel_dags.py for tasks to queue
[2022-01-14 20:51:31,250] {logging_mixin.py:109} INFO - [2022-01-14 20:51:31,250] {dagbag.py:500} INFO - Filling up the DagBag from /home/airflow/airflow/dags/subdags/subdags_parallel_dags.py
[2022-01-14 20:51:33,154] {processor.py:656} WARNING - No viable dags retrieved from /home/airflow/airflow/dags/subdags/subdags_parallel_dags.py
[2022-01-14 20:51:33,542] {processor.py:171} INFO - Processing /home/airflow/airflow/dags/subdags/subdags_parallel_dags.py took 2.298 seconds
[2022-01-14 20:52:05,452] {processor.py:163} INFO - Started process (PID=49059) to work on /home/airflow/airflow/dags/subdags/subdags_parallel_dags.py
[2022-01-14 20:52:05,554] {processor.py:642} INFO - Processing file /home/airflow/airflow/dags/subdags/subdags_parallel_dags.py for tasks to queue
[2022-01-14 20:52:05,699] {logging_mixin.py:109} INFO - [2022-01-14 20:52:05,699] {dagbag.py:500} INFO - Filling up the DagBag from /home/airflow/airflow/dags/subdags/subdags_parallel_dags.py
[2022-01-14 20:52:07,841] {processor.py:656} WARNING - No viable dags retrieved from /home/airflow/airflow/dags/subdags/subdags_parallel_dags.py
[2022-01-14 20:52:08,102] {processor.py:171} INFO - Processing /home/airflow/airflow/dags/subdags/subdags_parallel_dags.py took 3.248 seconds
[2022-01-14 20:52:41,039] {processor.py:163} INFO - Started process (PID=49969) to work on /home/airflow/airflow/dags/subdags/subdags_parallel_dags.py
[2022-01-14 20:52:41,040] {processor.py:642} INFO - Processing file /home/airflow/airflow/dags/subdags/subdags_parallel_dags.py for tasks to queue
[2022-01-14 20:52:41,045] {logging_mixin.py:109} INFO - [2022-01-14 20:52:41,045] {dagbag.py:500} INFO - Filling up the DagBag from /home/airflow/airflow/dags/subdags/subdags_parallel_dags.py
[2022-01-14 20:52:44,797] {processor.py:656} WARNING - No viable dags retrieved from /home/airflow/airflow/dags/subdags/subdags_parallel_dags.py
[2022-01-14 20:52:45,042] {processor.py:171} INFO - Processing /home/airflow/airflow/dags/subdags/subdags_parallel_dags.py took 5.640 seconds
[2022-01-14 20:53:16,786] {processor.py:163} INFO - Started process (PID=50982) to work on /home/airflow/airflow/dags/subdags/subdags_parallel_dags.py
[2022-01-14 20:53:16,787] {processor.py:642} INFO - Processing file /home/airflow/airflow/dags/subdags/subdags_parallel_dags.py for tasks to queue
[2022-01-14 20:53:16,788] {logging_mixin.py:109} INFO - [2022-01-14 20:53:16,788] {dagbag.py:500} INFO - Filling up the DagBag from /home/airflow/airflow/dags/subdags/subdags_parallel_dags.py
[2022-01-14 20:53:20,642] {processor.py:656} WARNING - No viable dags retrieved from /home/airflow/airflow/dags/subdags/subdags_parallel_dags.py
[2022-01-14 20:53:20,991] {processor.py:171} INFO - Processing /home/airflow/airflow/dags/subdags/subdags_parallel_dags.py took 4.495 seconds
[2022-01-14 20:53:53,349] {processor.py:163} INFO - Started process (PID=52460) to work on /home/airflow/airflow/dags/subdags/subdags_parallel_dags.py
[2022-01-14 20:53:53,546] {processor.py:642} INFO - Processing file /home/airflow/airflow/dags/subdags/subdags_parallel_dags.py for tasks to queue
[2022-01-14 20:53:53,547] {logging_mixin.py:109} INFO - [2022-01-14 20:53:53,547] {dagbag.py:500} INFO - Filling up the DagBag from /home/airflow/airflow/dags/subdags/subdags_parallel_dags.py
[2022-01-14 20:53:55,785] {processor.py:656} WARNING - No viable dags retrieved from /home/airflow/airflow/dags/subdags/subdags_parallel_dags.py
[2022-01-14 20:53:56,289] {processor.py:171} INFO - Processing /home/airflow/airflow/dags/subdags/subdags_parallel_dags.py took 2.991 seconds
[2022-01-14 20:54:28,485] {processor.py:163} INFO - Started process (PID=53846) to work on /home/airflow/airflow/dags/subdags/subdags_parallel_dags.py
[2022-01-14 20:54:28,488] {processor.py:642} INFO - Processing file /home/airflow/airflow/dags/subdags/subdags_parallel_dags.py for tasks to queue
[2022-01-14 20:54:28,489] {logging_mixin.py:109} INFO - [2022-01-14 20:54:28,489] {dagbag.py:500} INFO - Filling up the DagBag from /home/airflow/airflow/dags/subdags/subdags_parallel_dags.py
[2022-01-14 20:54:30,536] {processor.py:656} WARNING - No viable dags retrieved from /home/airflow/airflow/dags/subdags/subdags_parallel_dags.py
[2022-01-14 20:54:30,885] {processor.py:171} INFO - Processing /home/airflow/airflow/dags/subdags/subdags_parallel_dags.py took 2.493 seconds
