[2022-03-11 19:11:19,870] {taskinstance.py:1032} INFO - Dependencies all met for <TaskInstance: xcom_dag.processing_tasks.training_model_c manual__2022-03-11T19:11:07.188938+00:00 [queued]>
[2022-03-11 19:11:19,881] {taskinstance.py:1032} INFO - Dependencies all met for <TaskInstance: xcom_dag.processing_tasks.training_model_c manual__2022-03-11T19:11:07.188938+00:00 [queued]>
[2022-03-11 19:11:19,882] {taskinstance.py:1238} INFO - 
--------------------------------------------------------------------------------
[2022-03-11 19:11:19,882] {taskinstance.py:1239} INFO - Starting attempt 1 of 1
[2022-03-11 19:11:19,882] {taskinstance.py:1240} INFO - 
--------------------------------------------------------------------------------
[2022-03-11 19:11:19,928] {taskinstance.py:1259} INFO - Executing <Task(PythonOperator): processing_tasks.training_model_c> on 2022-03-11 19:11:07.188938+00:00
[2022-03-11 19:11:19,929] {standard_task_runner.py:52} INFO - Started process 15196 to run task
[2022-03-11 19:11:19,939] {standard_task_runner.py:76} INFO - Running: ['airflow', 'tasks', 'run', 'xcom_dag', 'processing_tasks.training_model_c', 'manual__2022-03-11T19:11:07.188938+00:00', '--job-id', '98', '--raw', '--subdir', 'DAGS_FOLDER/xcom_dag.py', '--cfg-path', '/tmp/tmpf8o3xud8', '--error-file', '/tmp/tmpw9pdezt_']
[2022-03-11 19:11:19,967] {standard_task_runner.py:77} INFO - Job 98: Subtask processing_tasks.training_model_c
[2022-03-11 19:11:20,866] {logging_mixin.py:109} INFO - Running <TaskInstance: xcom_dag.processing_tasks.training_model_c manual__2022-03-11T19:11:07.188938+00:00 [running]> on host airflowvm
[2022-03-11 19:11:22,685] {taskinstance.py:1424} INFO - Exporting the following env vars:
AIRFLOW_CTX_DAG_OWNER=airflow
AIRFLOW_CTX_DAG_ID=xcom_dag
AIRFLOW_CTX_TASK_ID=processing_tasks.training_model_c
AIRFLOW_CTX_EXECUTION_DATE=2022-03-11T19:11:07.188938+00:00
AIRFLOW_CTX_DAG_RUN_ID=manual__2022-03-11T19:11:07.188938+00:00
[2022-03-11 19:11:22,687] {logging_mixin.py:109} INFO - model's accuracy: 5.875088818481839
[2022-03-11 19:11:22,877] {python.py:175} INFO - Done. Returned value was: None
[2022-03-11 19:11:23,023] {taskinstance.py:1267} INFO - Marking task as SUCCESS. dag_id=xcom_dag, task_id=processing_tasks.training_model_c, execution_date=20220311T191107, start_date=20220311T191119, end_date=20220311T191123
[2022-03-11 19:11:23,116] {local_task_job.py:154} INFO - Task exited with return code 0
[2022-03-11 19:11:23,620] {local_task_job.py:264} INFO - 1 downstream tasks scheduled from follow-on schedule check
