[2022-01-03 20:17:14,047] {scheduler_job.py:182} INFO - Started process (PID=2384) to work on /home/airflow/airflow/dags/user_processing.py
[2022-01-03 20:17:14,047] {scheduler_job.py:633} INFO - Processing file /home/airflow/airflow/dags/user_processing.py for tasks to queue
[2022-01-03 20:17:14,048] {logging_mixin.py:104} INFO - [2022-01-03 20:17:14,048] {dagbag.py:487} INFO - Filling up the DagBag from /home/airflow/airflow/dags/user_processing.py
[2022-01-03 20:17:14,060] {logging_mixin.py:104} WARNING - /home/airflow/sandbox/lib/python3.8/site-packages/airflow/providers/sqlite/operators/sqlite.py:25 DeprecationWarning: This decorator is deprecated.

In previous versions, all subclasses of BaseOperator must use apply_default decorator for the`default_args` feature to work properly.

In current version, it is optional. The decorator is applied automatically using the metaclass.
[2022-01-03 20:17:15,008] {scheduler_job.py:643} INFO - DAG(s) dict_keys(['user_processing']) retrieved from /home/airflow/airflow/dags/user_processing.py
[2022-01-03 20:17:15,034] {logging_mixin.py:104} INFO - [2022-01-03 20:17:15,034] {dag.py:1832} INFO - Sync 1 DAGs
[2022-01-03 20:17:15,054] {logging_mixin.py:104} INFO - [2022-01-03 20:17:15,053] {dag.py:2305} INFO - Setting next_dagrun for user_processing to 2022-01-02 00:00:00+00:00
[2022-01-03 20:17:15,084] {scheduler_job.py:190} INFO - Processing /home/airflow/airflow/dags/user_processing.py took 1.039 seconds
[2022-01-03 20:19:46,560] {scheduler_job.py:182} INFO - Started process (PID=3442) to work on /home/airflow/airflow/dags/user_processing.py
[2022-01-03 20:19:46,561] {scheduler_job.py:633} INFO - Processing file /home/airflow/airflow/dags/user_processing.py for tasks to queue
[2022-01-03 20:19:46,564] {logging_mixin.py:104} INFO - [2022-01-03 20:19:46,563] {dagbag.py:487} INFO - Filling up the DagBag from /home/airflow/airflow/dags/user_processing.py
[2022-01-03 20:19:46,605] {logging_mixin.py:104} WARNING - /home/airflow/sandbox/lib/python3.8/site-packages/airflow/providers/sqlite/operators/sqlite.py:25 DeprecationWarning: This decorator is deprecated.

In previous versions, all subclasses of BaseOperator must use apply_default decorator for the`default_args` feature to work properly.

In current version, it is optional. The decorator is applied automatically using the metaclass.
[2022-01-03 20:19:47,452] {scheduler_job.py:643} INFO - DAG(s) dict_keys(['user_processing']) retrieved from /home/airflow/airflow/dags/user_processing.py
[2022-01-03 20:19:47,465] {logging_mixin.py:104} INFO - [2022-01-03 20:19:47,464] {dag.py:1832} INFO - Sync 1 DAGs
[2022-01-03 20:19:47,490] {logging_mixin.py:104} INFO - [2022-01-03 20:19:47,490] {dag.py:2305} INFO - Setting next_dagrun for user_processing to 2022-01-02 00:00:00+00:00
[2022-01-03 20:19:47,499] {scheduler_job.py:190} INFO - Processing /home/airflow/airflow/dags/user_processing.py took 0.941 seconds
[2022-01-03 20:20:27,150] {scheduler_job.py:182} INFO - Started process (PID=3506) to work on /home/airflow/airflow/dags/user_processing.py
[2022-01-03 20:20:27,152] {scheduler_job.py:633} INFO - Processing file /home/airflow/airflow/dags/user_processing.py for tasks to queue
[2022-01-03 20:20:27,153] {logging_mixin.py:104} INFO - [2022-01-03 20:20:27,153] {dagbag.py:487} INFO - Filling up the DagBag from /home/airflow/airflow/dags/user_processing.py
[2022-01-03 20:20:27,184] {logging_mixin.py:104} WARNING - /home/airflow/sandbox/lib/python3.8/site-packages/airflow/providers/sqlite/operators/sqlite.py:25 DeprecationWarning: This decorator is deprecated.

In previous versions, all subclasses of BaseOperator must use apply_default decorator for the`default_args` feature to work properly.

In current version, it is optional. The decorator is applied automatically using the metaclass.
[2022-01-03 20:20:28,010] {scheduler_job.py:643} INFO - DAG(s) dict_keys(['user_processing']) retrieved from /home/airflow/airflow/dags/user_processing.py
[2022-01-03 20:20:28,038] {logging_mixin.py:104} INFO - [2022-01-03 20:20:28,038] {dag.py:1832} INFO - Sync 1 DAGs
[2022-01-03 20:20:28,052] {logging_mixin.py:104} INFO - [2022-01-03 20:20:28,052] {dag.py:2305} INFO - Setting next_dagrun for user_processing to 2022-01-02 00:00:00+00:00
[2022-01-03 20:20:28,064] {scheduler_job.py:190} INFO - Processing /home/airflow/airflow/dags/user_processing.py took 0.921 seconds
[2022-01-03 20:21:01,413] {scheduler_job.py:182} INFO - Started process (PID=3534) to work on /home/airflow/airflow/dags/user_processing.py
[2022-01-03 20:21:01,413] {scheduler_job.py:633} INFO - Processing file /home/airflow/airflow/dags/user_processing.py for tasks to queue
[2022-01-03 20:21:01,414] {logging_mixin.py:104} INFO - [2022-01-03 20:21:01,414] {dagbag.py:487} INFO - Filling up the DagBag from /home/airflow/airflow/dags/user_processing.py
[2022-01-03 20:21:01,451] {logging_mixin.py:104} WARNING - /home/airflow/sandbox/lib/python3.8/site-packages/airflow/providers/sqlite/operators/sqlite.py:25 DeprecationWarning: This decorator is deprecated.

In previous versions, all subclasses of BaseOperator must use apply_default decorator for the`default_args` feature to work properly.

In current version, it is optional. The decorator is applied automatically using the metaclass.
[2022-01-03 20:21:02,288] {scheduler_job.py:643} INFO - DAG(s) dict_keys(['user_processing']) retrieved from /home/airflow/airflow/dags/user_processing.py
[2022-01-03 20:21:02,314] {logging_mixin.py:104} INFO - [2022-01-03 20:21:02,314] {dag.py:1832} INFO - Sync 1 DAGs
[2022-01-03 20:21:02,346] {logging_mixin.py:104} INFO - [2022-01-03 20:21:02,346] {dag.py:2305} INFO - Setting next_dagrun for user_processing to 2022-01-02 00:00:00+00:00
[2022-01-03 20:21:02,383] {scheduler_job.py:190} INFO - Processing /home/airflow/airflow/dags/user_processing.py took 0.956 seconds
[2022-01-03 20:21:37,680] {scheduler_job.py:182} INFO - Started process (PID=3566) to work on /home/airflow/airflow/dags/user_processing.py
[2022-01-03 20:21:37,680] {scheduler_job.py:633} INFO - Processing file /home/airflow/airflow/dags/user_processing.py for tasks to queue
[2022-01-03 20:21:37,682] {logging_mixin.py:104} INFO - [2022-01-03 20:21:37,681] {dagbag.py:487} INFO - Filling up the DagBag from /home/airflow/airflow/dags/user_processing.py
[2022-01-03 20:21:37,715] {logging_mixin.py:104} WARNING - /home/airflow/sandbox/lib/python3.8/site-packages/airflow/providers/sqlite/operators/sqlite.py:25 DeprecationWarning: This decorator is deprecated.

In previous versions, all subclasses of BaseOperator must use apply_default decorator for the`default_args` feature to work properly.

In current version, it is optional. The decorator is applied automatically using the metaclass.
[2022-01-03 20:21:38,506] {scheduler_job.py:643} INFO - DAG(s) dict_keys(['user_processing']) retrieved from /home/airflow/airflow/dags/user_processing.py
[2022-01-03 20:21:38,532] {logging_mixin.py:104} INFO - [2022-01-03 20:21:38,532] {dag.py:1832} INFO - Sync 1 DAGs
[2022-01-03 20:21:38,553] {logging_mixin.py:104} INFO - [2022-01-03 20:21:38,553] {dag.py:2305} INFO - Setting next_dagrun for user_processing to 2022-01-02 00:00:00+00:00
[2022-01-03 20:21:38,563] {scheduler_job.py:190} INFO - Processing /home/airflow/airflow/dags/user_processing.py took 0.902 seconds
[2022-01-03 20:22:14,342] {scheduler_job.py:182} INFO - Started process (PID=3638) to work on /home/airflow/airflow/dags/user_processing.py
[2022-01-03 20:22:14,344] {scheduler_job.py:633} INFO - Processing file /home/airflow/airflow/dags/user_processing.py for tasks to queue
[2022-01-03 20:22:14,345] {logging_mixin.py:104} INFO - [2022-01-03 20:22:14,345] {dagbag.py:487} INFO - Filling up the DagBag from /home/airflow/airflow/dags/user_processing.py
[2022-01-03 20:22:14,358] {logging_mixin.py:104} WARNING - /home/airflow/sandbox/lib/python3.8/site-packages/airflow/providers/sqlite/operators/sqlite.py:25 DeprecationWarning: This decorator is deprecated.

In previous versions, all subclasses of BaseOperator must use apply_default decorator for the`default_args` feature to work properly.

In current version, it is optional. The decorator is applied automatically using the metaclass.
[2022-01-03 20:22:15,144] {scheduler_job.py:643} INFO - DAG(s) dict_keys(['user_processing']) retrieved from /home/airflow/airflow/dags/user_processing.py
[2022-01-03 20:22:15,154] {logging_mixin.py:104} INFO - [2022-01-03 20:22:15,154] {dag.py:1832} INFO - Sync 1 DAGs
[2022-01-03 20:22:15,193] {logging_mixin.py:104} INFO - [2022-01-03 20:22:15,193] {dag.py:2305} INFO - Setting next_dagrun for user_processing to 2022-01-02 00:00:00+00:00
[2022-01-03 20:22:15,214] {scheduler_job.py:190} INFO - Processing /home/airflow/airflow/dags/user_processing.py took 0.876 seconds
[2022-01-03 20:22:52,729] {scheduler_job.py:182} INFO - Started process (PID=3703) to work on /home/airflow/airflow/dags/user_processing.py
[2022-01-03 20:22:52,730] {scheduler_job.py:633} INFO - Processing file /home/airflow/airflow/dags/user_processing.py for tasks to queue
[2022-01-03 20:22:52,732] {logging_mixin.py:104} INFO - [2022-01-03 20:22:52,731] {dagbag.py:487} INFO - Filling up the DagBag from /home/airflow/airflow/dags/user_processing.py
[2022-01-03 20:22:52,744] {logging_mixin.py:104} WARNING - /home/airflow/sandbox/lib/python3.8/site-packages/airflow/providers/sqlite/operators/sqlite.py:25 DeprecationWarning: This decorator is deprecated.

In previous versions, all subclasses of BaseOperator must use apply_default decorator for the`default_args` feature to work properly.

In current version, it is optional. The decorator is applied automatically using the metaclass.
[2022-01-03 20:22:53,434] {scheduler_job.py:643} INFO - DAG(s) dict_keys(['user_processing']) retrieved from /home/airflow/airflow/dags/user_processing.py
[2022-01-03 20:22:53,449] {logging_mixin.py:104} INFO - [2022-01-03 20:22:53,448] {dag.py:1832} INFO - Sync 1 DAGs
[2022-01-03 20:22:53,483] {logging_mixin.py:104} INFO - [2022-01-03 20:22:53,483] {dag.py:2305} INFO - Setting next_dagrun for user_processing to 2022-01-02 00:00:00+00:00
[2022-01-03 20:22:53,497] {scheduler_job.py:190} INFO - Processing /home/airflow/airflow/dags/user_processing.py took 0.783 seconds
[2022-01-03 20:23:25,014] {scheduler_job.py:182} INFO - Started process (PID=4201) to work on /home/airflow/airflow/dags/user_processing.py
[2022-01-03 20:23:25,029] {scheduler_job.py:633} INFO - Processing file /home/airflow/airflow/dags/user_processing.py for tasks to queue
[2022-01-03 20:23:25,032] {logging_mixin.py:104} INFO - [2022-01-03 20:23:25,031] {dagbag.py:487} INFO - Filling up the DagBag from /home/airflow/airflow/dags/user_processing.py
[2022-01-03 20:23:25,048] {logging_mixin.py:104} WARNING - /home/airflow/sandbox/lib/python3.8/site-packages/airflow/providers/sqlite/operators/sqlite.py:25 DeprecationWarning: This decorator is deprecated.

In previous versions, all subclasses of BaseOperator must use apply_default decorator for the`default_args` feature to work properly.

In current version, it is optional. The decorator is applied automatically using the metaclass.
[2022-01-03 20:23:25,839] {scheduler_job.py:643} INFO - DAG(s) dict_keys(['user_processing']) retrieved from /home/airflow/airflow/dags/user_processing.py
[2022-01-03 20:23:25,862] {logging_mixin.py:104} INFO - [2022-01-03 20:23:25,861] {dag.py:1832} INFO - Sync 1 DAGs
[2022-01-03 20:23:25,889] {logging_mixin.py:104} INFO - [2022-01-03 20:23:25,889] {dag.py:2305} INFO - Setting next_dagrun for user_processing to 2022-01-02 00:00:00+00:00
[2022-01-03 20:23:25,905] {scheduler_job.py:190} INFO - Processing /home/airflow/airflow/dags/user_processing.py took 0.895 seconds
[2022-01-03 20:24:00,357] {scheduler_job.py:182} INFO - Started process (PID=4351) to work on /home/airflow/airflow/dags/user_processing.py
[2022-01-03 20:24:00,359] {scheduler_job.py:633} INFO - Processing file /home/airflow/airflow/dags/user_processing.py for tasks to queue
[2022-01-03 20:24:00,359] {logging_mixin.py:104} INFO - [2022-01-03 20:24:00,359] {dagbag.py:487} INFO - Filling up the DagBag from /home/airflow/airflow/dags/user_processing.py
[2022-01-03 20:24:00,389] {logging_mixin.py:104} WARNING - /home/airflow/sandbox/lib/python3.8/site-packages/airflow/providers/sqlite/operators/sqlite.py:25 DeprecationWarning: This decorator is deprecated.

In previous versions, all subclasses of BaseOperator must use apply_default decorator for the`default_args` feature to work properly.

In current version, it is optional. The decorator is applied automatically using the metaclass.
[2022-01-03 20:24:01,054] {scheduler_job.py:643} INFO - DAG(s) dict_keys(['user_processing']) retrieved from /home/airflow/airflow/dags/user_processing.py
[2022-01-03 20:24:01,084] {logging_mixin.py:104} INFO - [2022-01-03 20:24:01,084] {dag.py:1832} INFO - Sync 1 DAGs
[2022-01-03 20:24:01,099] {logging_mixin.py:104} INFO - [2022-01-03 20:24:01,099] {dag.py:2305} INFO - Setting next_dagrun for user_processing to 2022-01-02 00:00:00+00:00
[2022-01-03 20:24:01,110] {scheduler_job.py:190} INFO - Processing /home/airflow/airflow/dags/user_processing.py took 0.756 seconds
[2022-01-03 20:24:39,343] {scheduler_job.py:182} INFO - Started process (PID=4508) to work on /home/airflow/airflow/dags/user_processing.py
[2022-01-03 20:24:39,344] {scheduler_job.py:633} INFO - Processing file /home/airflow/airflow/dags/user_processing.py for tasks to queue
[2022-01-03 20:24:39,346] {logging_mixin.py:104} INFO - [2022-01-03 20:24:39,345] {dagbag.py:487} INFO - Filling up the DagBag from /home/airflow/airflow/dags/user_processing.py
[2022-01-03 20:24:39,374] {logging_mixin.py:104} WARNING - /home/airflow/sandbox/lib/python3.8/site-packages/airflow/providers/sqlite/operators/sqlite.py:25 DeprecationWarning: This decorator is deprecated.

In previous versions, all subclasses of BaseOperator must use apply_default decorator for the`default_args` feature to work properly.

In current version, it is optional. The decorator is applied automatically using the metaclass.
[2022-01-03 20:24:40,097] {scheduler_job.py:643} INFO - DAG(s) dict_keys(['user_processing']) retrieved from /home/airflow/airflow/dags/user_processing.py
[2022-01-03 20:24:40,112] {logging_mixin.py:104} INFO - [2022-01-03 20:24:40,111] {dag.py:1832} INFO - Sync 1 DAGs
[2022-01-03 20:24:40,138] {logging_mixin.py:104} INFO - [2022-01-03 20:24:40,138] {dag.py:2305} INFO - Setting next_dagrun for user_processing to 2022-01-02 00:00:00+00:00
[2022-01-03 20:24:40,150] {scheduler_job.py:190} INFO - Processing /home/airflow/airflow/dags/user_processing.py took 0.814 seconds
[2022-01-03 20:25:10,841] {scheduler_job.py:182} INFO - Started process (PID=4991) to work on /home/airflow/airflow/dags/user_processing.py
[2022-01-03 20:25:10,842] {scheduler_job.py:633} INFO - Processing file /home/airflow/airflow/dags/user_processing.py for tasks to queue
[2022-01-03 20:25:10,843] {logging_mixin.py:104} INFO - [2022-01-03 20:25:10,843] {dagbag.py:487} INFO - Filling up the DagBag from /home/airflow/airflow/dags/user_processing.py
[2022-01-03 20:25:10,891] {logging_mixin.py:104} WARNING - /home/airflow/sandbox/lib/python3.8/site-packages/airflow/providers/sqlite/operators/sqlite.py:25 DeprecationWarning: This decorator is deprecated.

In previous versions, all subclasses of BaseOperator must use apply_default decorator for the`default_args` feature to work properly.

In current version, it is optional. The decorator is applied automatically using the metaclass.
[2022-01-03 20:25:11,903] {scheduler_job.py:643} INFO - DAG(s) dict_keys(['user_processing']) retrieved from /home/airflow/airflow/dags/user_processing.py
[2022-01-03 20:25:11,940] {logging_mixin.py:104} INFO - [2022-01-03 20:25:11,940] {dag.py:1832} INFO - Sync 1 DAGs
[2022-01-03 20:25:11,976] {logging_mixin.py:104} INFO - [2022-01-03 20:25:11,961] {dag.py:2305} INFO - Setting next_dagrun for user_processing to 2022-01-02 00:00:00+00:00
[2022-01-03 20:25:12,002] {scheduler_job.py:190} INFO - Processing /home/airflow/airflow/dags/user_processing.py took 1.168 seconds
[2022-01-03 20:25:46,182] {scheduler_job.py:182} INFO - Started process (PID=7893) to work on /home/airflow/airflow/dags/user_processing.py
[2022-01-03 20:25:46,183] {scheduler_job.py:633} INFO - Processing file /home/airflow/airflow/dags/user_processing.py for tasks to queue
[2022-01-03 20:25:46,184] {logging_mixin.py:104} INFO - [2022-01-03 20:25:46,183] {dagbag.py:487} INFO - Filling up the DagBag from /home/airflow/airflow/dags/user_processing.py
[2022-01-03 20:25:46,194] {logging_mixin.py:104} WARNING - /home/airflow/sandbox/lib/python3.8/site-packages/airflow/providers/sqlite/operators/sqlite.py:25 DeprecationWarning: This decorator is deprecated.

In previous versions, all subclasses of BaseOperator must use apply_default decorator for the`default_args` feature to work properly.

In current version, it is optional. The decorator is applied automatically using the metaclass.
[2022-01-03 20:25:47,125] {scheduler_job.py:643} INFO - DAG(s) dict_keys(['user_processing']) retrieved from /home/airflow/airflow/dags/user_processing.py
[2022-01-03 20:25:47,140] {logging_mixin.py:104} INFO - [2022-01-03 20:25:47,139] {dag.py:1832} INFO - Sync 1 DAGs
[2022-01-03 20:25:47,184] {logging_mixin.py:104} INFO - [2022-01-03 20:25:47,184] {dag.py:2305} INFO - Setting next_dagrun for user_processing to 2022-01-02 00:00:00+00:00
[2022-01-03 20:25:47,201] {scheduler_job.py:190} INFO - Processing /home/airflow/airflow/dags/user_processing.py took 1.022 seconds
[2022-01-03 20:26:24,926] {scheduler_job.py:182} INFO - Started process (PID=8164) to work on /home/airflow/airflow/dags/user_processing.py
[2022-01-03 20:26:24,927] {scheduler_job.py:633} INFO - Processing file /home/airflow/airflow/dags/user_processing.py for tasks to queue
[2022-01-03 20:26:24,927] {logging_mixin.py:104} INFO - [2022-01-03 20:26:24,927] {dagbag.py:487} INFO - Filling up the DagBag from /home/airflow/airflow/dags/user_processing.py
[2022-01-03 20:26:24,940] {logging_mixin.py:104} WARNING - /home/airflow/sandbox/lib/python3.8/site-packages/airflow/providers/sqlite/operators/sqlite.py:25 DeprecationWarning: This decorator is deprecated.

In previous versions, all subclasses of BaseOperator must use apply_default decorator for the`default_args` feature to work properly.

In current version, it is optional. The decorator is applied automatically using the metaclass.
[2022-01-03 20:26:25,676] {scheduler_job.py:643} INFO - DAG(s) dict_keys(['user_processing']) retrieved from /home/airflow/airflow/dags/user_processing.py
[2022-01-03 20:26:25,695] {logging_mixin.py:104} INFO - [2022-01-03 20:26:25,695] {dag.py:1832} INFO - Sync 1 DAGs
[2022-01-03 20:26:25,709] {logging_mixin.py:104} INFO - [2022-01-03 20:26:25,709] {dag.py:2305} INFO - Setting next_dagrun for user_processing to 2022-01-02 00:00:00+00:00
[2022-01-03 20:26:25,736] {scheduler_job.py:190} INFO - Processing /home/airflow/airflow/dags/user_processing.py took 0.828 seconds
[2022-01-03 20:27:03,841] {scheduler_job.py:182} INFO - Started process (PID=8353) to work on /home/airflow/airflow/dags/user_processing.py
[2022-01-03 20:27:03,842] {scheduler_job.py:633} INFO - Processing file /home/airflow/airflow/dags/user_processing.py for tasks to queue
[2022-01-03 20:27:03,844] {logging_mixin.py:104} INFO - [2022-01-03 20:27:03,843] {dagbag.py:487} INFO - Filling up the DagBag from /home/airflow/airflow/dags/user_processing.py
[2022-01-03 20:27:03,878] {logging_mixin.py:104} WARNING - /home/airflow/sandbox/lib/python3.8/site-packages/airflow/providers/sqlite/operators/sqlite.py:25 DeprecationWarning: This decorator is deprecated.

In previous versions, all subclasses of BaseOperator must use apply_default decorator for the`default_args` feature to work properly.

In current version, it is optional. The decorator is applied automatically using the metaclass.
[2022-01-03 20:27:04,830] {scheduler_job.py:643} INFO - DAG(s) dict_keys(['user_processing']) retrieved from /home/airflow/airflow/dags/user_processing.py
[2022-01-03 20:27:04,849] {logging_mixin.py:104} INFO - [2022-01-03 20:27:04,849] {dag.py:1832} INFO - Sync 1 DAGs
[2022-01-03 20:27:04,881] {logging_mixin.py:104} INFO - [2022-01-03 20:27:04,881] {dag.py:2305} INFO - Setting next_dagrun for user_processing to 2022-01-02 00:00:00+00:00
[2022-01-03 20:27:04,893] {scheduler_job.py:190} INFO - Processing /home/airflow/airflow/dags/user_processing.py took 1.054 seconds
[2022-01-03 20:27:36,337] {scheduler_job.py:182} INFO - Started process (PID=8483) to work on /home/airflow/airflow/dags/user_processing.py
[2022-01-03 20:27:36,340] {scheduler_job.py:633} INFO - Processing file /home/airflow/airflow/dags/user_processing.py for tasks to queue
[2022-01-03 20:27:36,343] {logging_mixin.py:104} INFO - [2022-01-03 20:27:36,342] {dagbag.py:487} INFO - Filling up the DagBag from /home/airflow/airflow/dags/user_processing.py
[2022-01-03 20:27:36,376] {logging_mixin.py:104} WARNING - /home/airflow/sandbox/lib/python3.8/site-packages/airflow/providers/sqlite/operators/sqlite.py:25 DeprecationWarning: This decorator is deprecated.

In previous versions, all subclasses of BaseOperator must use apply_default decorator for the`default_args` feature to work properly.

In current version, it is optional. The decorator is applied automatically using the metaclass.
[2022-01-03 20:27:37,279] {scheduler_job.py:643} INFO - DAG(s) dict_keys(['user_processing']) retrieved from /home/airflow/airflow/dags/user_processing.py
[2022-01-03 20:27:37,288] {logging_mixin.py:104} INFO - [2022-01-03 20:27:37,288] {dag.py:1832} INFO - Sync 1 DAGs
[2022-01-03 20:27:37,323] {logging_mixin.py:104} INFO - [2022-01-03 20:27:37,323] {dag.py:2305} INFO - Setting next_dagrun for user_processing to 2022-01-02 00:00:00+00:00
[2022-01-03 20:27:37,336] {scheduler_job.py:190} INFO - Processing /home/airflow/airflow/dags/user_processing.py took 1.007 seconds
[2022-01-03 20:28:16,250] {scheduler_job.py:182} INFO - Started process (PID=8652) to work on /home/airflow/airflow/dags/user_processing.py
[2022-01-03 20:28:16,250] {scheduler_job.py:633} INFO - Processing file /home/airflow/airflow/dags/user_processing.py for tasks to queue
[2022-01-03 20:28:16,251] {logging_mixin.py:104} INFO - [2022-01-03 20:28:16,251] {dagbag.py:487} INFO - Filling up the DagBag from /home/airflow/airflow/dags/user_processing.py
[2022-01-03 20:28:16,274] {logging_mixin.py:104} WARNING - /home/airflow/sandbox/lib/python3.8/site-packages/airflow/providers/sqlite/operators/sqlite.py:25 DeprecationWarning: This decorator is deprecated.

In previous versions, all subclasses of BaseOperator must use apply_default decorator for the`default_args` feature to work properly.

In current version, it is optional. The decorator is applied automatically using the metaclass.
[2022-01-03 20:28:16,999] {scheduler_job.py:643} INFO - DAG(s) dict_keys(['user_processing']) retrieved from /home/airflow/airflow/dags/user_processing.py
[2022-01-03 20:28:17,027] {logging_mixin.py:104} INFO - [2022-01-03 20:28:17,027] {dag.py:1832} INFO - Sync 1 DAGs
[2022-01-03 20:28:17,039] {logging_mixin.py:104} INFO - [2022-01-03 20:28:17,039] {dag.py:2305} INFO - Setting next_dagrun for user_processing to 2022-01-02 00:00:00+00:00
[2022-01-03 20:28:17,052] {scheduler_job.py:190} INFO - Processing /home/airflow/airflow/dags/user_processing.py took 0.804 seconds
[2022-01-03 20:28:54,782] {scheduler_job.py:182} INFO - Started process (PID=8709) to work on /home/airflow/airflow/dags/user_processing.py
[2022-01-03 20:28:54,789] {scheduler_job.py:633} INFO - Processing file /home/airflow/airflow/dags/user_processing.py for tasks to queue
[2022-01-03 20:28:54,791] {logging_mixin.py:104} INFO - [2022-01-03 20:28:54,791] {dagbag.py:487} INFO - Filling up the DagBag from /home/airflow/airflow/dags/user_processing.py
[2022-01-03 20:28:54,825] {logging_mixin.py:104} WARNING - /home/airflow/sandbox/lib/python3.8/site-packages/airflow/providers/sqlite/operators/sqlite.py:25 DeprecationWarning: This decorator is deprecated.

In previous versions, all subclasses of BaseOperator must use apply_default decorator for the`default_args` feature to work properly.

In current version, it is optional. The decorator is applied automatically using the metaclass.
[2022-01-03 20:28:55,532] {scheduler_job.py:643} INFO - DAG(s) dict_keys(['user_processing']) retrieved from /home/airflow/airflow/dags/user_processing.py
[2022-01-03 20:28:55,545] {logging_mixin.py:104} INFO - [2022-01-03 20:28:55,545] {dag.py:1832} INFO - Sync 1 DAGs
[2022-01-03 20:28:55,575] {logging_mixin.py:104} INFO - [2022-01-03 20:28:55,575] {dag.py:2305} INFO - Setting next_dagrun for user_processing to 2022-01-02 00:00:00+00:00
[2022-01-03 20:28:55,588] {scheduler_job.py:190} INFO - Processing /home/airflow/airflow/dags/user_processing.py took 0.812 seconds
[2022-01-03 20:29:30,773] {scheduler_job.py:182} INFO - Started process (PID=8753) to work on /home/airflow/airflow/dags/user_processing.py
[2022-01-03 20:29:30,774] {scheduler_job.py:633} INFO - Processing file /home/airflow/airflow/dags/user_processing.py for tasks to queue
[2022-01-03 20:29:30,775] {logging_mixin.py:104} INFO - [2022-01-03 20:29:30,774] {dagbag.py:487} INFO - Filling up the DagBag from /home/airflow/airflow/dags/user_processing.py
[2022-01-03 20:29:30,792] {logging_mixin.py:104} WARNING - /home/airflow/sandbox/lib/python3.8/site-packages/airflow/providers/sqlite/operators/sqlite.py:25 DeprecationWarning: This decorator is deprecated.

In previous versions, all subclasses of BaseOperator must use apply_default decorator for the`default_args` feature to work properly.

In current version, it is optional. The decorator is applied automatically using the metaclass.
[2022-01-03 20:29:31,587] {scheduler_job.py:643} INFO - DAG(s) dict_keys(['user_processing']) retrieved from /home/airflow/airflow/dags/user_processing.py
[2022-01-03 20:29:31,603] {logging_mixin.py:104} INFO - [2022-01-03 20:29:31,602] {dag.py:1832} INFO - Sync 1 DAGs
[2022-01-03 20:29:31,636] {logging_mixin.py:104} INFO - [2022-01-03 20:29:31,635] {dag.py:2305} INFO - Setting next_dagrun for user_processing to 2022-01-02 00:00:00+00:00
[2022-01-03 20:29:31,670] {scheduler_job.py:190} INFO - Processing /home/airflow/airflow/dags/user_processing.py took 0.899 seconds
[2022-01-03 20:30:04,593] {scheduler_job.py:182} INFO - Started process (PID=8837) to work on /home/airflow/airflow/dags/user_processing.py
[2022-01-03 20:30:04,595] {scheduler_job.py:633} INFO - Processing file /home/airflow/airflow/dags/user_processing.py for tasks to queue
[2022-01-03 20:30:04,597] {logging_mixin.py:104} INFO - [2022-01-03 20:30:04,596] {dagbag.py:487} INFO - Filling up the DagBag from /home/airflow/airflow/dags/user_processing.py
[2022-01-03 20:30:04,623] {logging_mixin.py:104} WARNING - /home/airflow/sandbox/lib/python3.8/site-packages/airflow/providers/sqlite/operators/sqlite.py:25 DeprecationWarning: This decorator is deprecated.

In previous versions, all subclasses of BaseOperator must use apply_default decorator for the`default_args` feature to work properly.

In current version, it is optional. The decorator is applied automatically using the metaclass.
[2022-01-03 20:30:05,369] {scheduler_job.py:643} INFO - DAG(s) dict_keys(['user_processing']) retrieved from /home/airflow/airflow/dags/user_processing.py
[2022-01-03 20:30:05,379] {logging_mixin.py:104} INFO - [2022-01-03 20:30:05,378] {dag.py:1832} INFO - Sync 1 DAGs
[2022-01-03 20:30:05,430] {logging_mixin.py:104} INFO - [2022-01-03 20:30:05,430] {dag.py:2305} INFO - Setting next_dagrun for user_processing to 2022-01-02 00:00:00+00:00
[2022-01-03 20:30:05,471] {scheduler_job.py:190} INFO - Processing /home/airflow/airflow/dags/user_processing.py took 0.881 seconds
[2022-01-03 20:32:37,363] {scheduler_job.py:182} INFO - Started process (PID=9502) to work on /home/airflow/airflow/dags/user_processing.py
[2022-01-03 20:32:37,365] {scheduler_job.py:633} INFO - Processing file /home/airflow/airflow/dags/user_processing.py for tasks to queue
[2022-01-03 20:32:37,368] {logging_mixin.py:104} INFO - [2022-01-03 20:32:37,368] {dagbag.py:487} INFO - Filling up the DagBag from /home/airflow/airflow/dags/user_processing.py
[2022-01-03 20:32:37,497] {logging_mixin.py:104} WARNING - /home/airflow/sandbox/lib/python3.8/site-packages/airflow/providers/sqlite/operators/sqlite.py:25 DeprecationWarning: This decorator is deprecated.

In previous versions, all subclasses of BaseOperator must use apply_default decorator for the`default_args` feature to work properly.

In current version, it is optional. The decorator is applied automatically using the metaclass.
[2022-01-03 20:32:42,221] {scheduler_job.py:643} INFO - DAG(s) dict_keys(['user_processing']) retrieved from /home/airflow/airflow/dags/user_processing.py
[2022-01-03 20:32:42,373] {logging_mixin.py:104} INFO - [2022-01-03 20:32:42,372] {dag.py:1832} INFO - Sync 1 DAGs
[2022-01-03 20:32:42,594] {logging_mixin.py:104} INFO - [2022-01-03 20:32:42,594] {dag.py:2305} INFO - Setting next_dagrun for user_processing to 2022-01-02 00:00:00+00:00
[2022-01-03 20:32:42,640] {scheduler_job.py:190} INFO - Processing /home/airflow/airflow/dags/user_processing.py took 5.318 seconds
[2022-01-03 20:33:13,167] {scheduler_job.py:182} INFO - Started process (PID=9832) to work on /home/airflow/airflow/dags/user_processing.py
[2022-01-03 20:33:13,185] {scheduler_job.py:633} INFO - Processing file /home/airflow/airflow/dags/user_processing.py for tasks to queue
[2022-01-03 20:33:13,186] {logging_mixin.py:104} INFO - [2022-01-03 20:33:13,186] {dagbag.py:487} INFO - Filling up the DagBag from /home/airflow/airflow/dags/user_processing.py
[2022-01-03 20:33:13,343] {logging_mixin.py:104} WARNING - /home/airflow/sandbox/lib/python3.8/site-packages/airflow/providers/sqlite/operators/sqlite.py:25 DeprecationWarning: This decorator is deprecated.

In previous versions, all subclasses of BaseOperator must use apply_default decorator for the`default_args` feature to work properly.

In current version, it is optional. The decorator is applied automatically using the metaclass.
[2022-01-03 20:33:17,445] {scheduler_job.py:643} INFO - DAG(s) dict_keys(['user_processing']) retrieved from /home/airflow/airflow/dags/user_processing.py
[2022-01-03 20:33:17,533] {logging_mixin.py:104} INFO - [2022-01-03 20:33:17,533] {dag.py:1832} INFO - Sync 1 DAGs
[2022-01-03 20:33:17,742] {logging_mixin.py:104} INFO - [2022-01-03 20:33:17,742] {dag.py:2305} INFO - Setting next_dagrun for user_processing to 2022-01-02 00:00:00+00:00
[2022-01-03 20:33:17,823] {scheduler_job.py:190} INFO - Processing /home/airflow/airflow/dags/user_processing.py took 4.679 seconds
[2022-01-03 20:33:48,064] {scheduler_job.py:182} INFO - Started process (PID=10185) to work on /home/airflow/airflow/dags/user_processing.py
[2022-01-03 20:33:48,065] {scheduler_job.py:633} INFO - Processing file /home/airflow/airflow/dags/user_processing.py for tasks to queue
[2022-01-03 20:33:48,067] {logging_mixin.py:104} INFO - [2022-01-03 20:33:48,067] {dagbag.py:487} INFO - Filling up the DagBag from /home/airflow/airflow/dags/user_processing.py
[2022-01-03 20:33:48,075] {logging_mixin.py:104} WARNING - /home/airflow/sandbox/lib/python3.8/site-packages/airflow/providers/sqlite/operators/sqlite.py:25 DeprecationWarning: This decorator is deprecated.

In previous versions, all subclasses of BaseOperator must use apply_default decorator for the`default_args` feature to work properly.

In current version, it is optional. The decorator is applied automatically using the metaclass.
[2022-01-03 20:33:49,877] {scheduler_job.py:643} INFO - DAG(s) dict_keys(['user_processing']) retrieved from /home/airflow/airflow/dags/user_processing.py
[2022-01-03 20:33:49,918] {logging_mixin.py:104} INFO - [2022-01-03 20:33:49,918] {dag.py:1832} INFO - Sync 1 DAGs
[2022-01-03 20:33:49,937] {logging_mixin.py:104} INFO - [2022-01-03 20:33:49,937] {dag.py:2305} INFO - Setting next_dagrun for user_processing to 2022-01-02 00:00:00+00:00
[2022-01-03 20:33:49,982] {scheduler_job.py:190} INFO - Processing /home/airflow/airflow/dags/user_processing.py took 1.990 seconds
[2022-01-03 20:34:20,289] {scheduler_job.py:182} INFO - Started process (PID=10980) to work on /home/airflow/airflow/dags/user_processing.py
[2022-01-03 20:34:20,293] {scheduler_job.py:633} INFO - Processing file /home/airflow/airflow/dags/user_processing.py for tasks to queue
[2022-01-03 20:34:20,370] {logging_mixin.py:104} INFO - [2022-01-03 20:34:20,370] {dagbag.py:487} INFO - Filling up the DagBag from /home/airflow/airflow/dags/user_processing.py
[2022-01-03 20:34:20,415] {logging_mixin.py:104} WARNING - /home/airflow/sandbox/lib/python3.8/site-packages/airflow/providers/sqlite/operators/sqlite.py:25 DeprecationWarning: This decorator is deprecated.

In previous versions, all subclasses of BaseOperator must use apply_default decorator for the`default_args` feature to work properly.

In current version, it is optional. The decorator is applied automatically using the metaclass.
[2022-01-03 20:34:24,176] {scheduler_job.py:643} INFO - DAG(s) dict_keys(['user_processing']) retrieved from /home/airflow/airflow/dags/user_processing.py
[2022-01-03 20:34:24,293] {logging_mixin.py:104} INFO - [2022-01-03 20:34:24,293] {dag.py:1832} INFO - Sync 1 DAGs
[2022-01-03 20:34:24,383] {logging_mixin.py:104} INFO - [2022-01-03 20:34:24,383] {dag.py:2305} INFO - Setting next_dagrun for user_processing to 2022-01-02 00:00:00+00:00
[2022-01-03 20:34:24,427] {scheduler_job.py:190} INFO - Processing /home/airflow/airflow/dags/user_processing.py took 4.147 seconds
[2022-01-03 20:34:54,813] {scheduler_job.py:182} INFO - Started process (PID=11704) to work on /home/airflow/airflow/dags/user_processing.py
[2022-01-03 20:34:54,814] {scheduler_job.py:633} INFO - Processing file /home/airflow/airflow/dags/user_processing.py for tasks to queue
[2022-01-03 20:34:54,816] {logging_mixin.py:104} INFO - [2022-01-03 20:34:54,816] {dagbag.py:487} INFO - Filling up the DagBag from /home/airflow/airflow/dags/user_processing.py
[2022-01-03 20:34:54,830] {logging_mixin.py:104} WARNING - /home/airflow/sandbox/lib/python3.8/site-packages/airflow/providers/sqlite/operators/sqlite.py:25 DeprecationWarning: This decorator is deprecated.

In previous versions, all subclasses of BaseOperator must use apply_default decorator for the`default_args` feature to work properly.

In current version, it is optional. The decorator is applied automatically using the metaclass.
[2022-01-03 20:34:57,322] {scheduler_job.py:643} INFO - DAG(s) dict_keys(['user_processing']) retrieved from /home/airflow/airflow/dags/user_processing.py
[2022-01-03 20:34:57,384] {logging_mixin.py:104} INFO - [2022-01-03 20:34:57,384] {dag.py:1832} INFO - Sync 1 DAGs
[2022-01-03 20:34:57,477] {logging_mixin.py:104} INFO - [2022-01-03 20:34:57,476] {dag.py:2305} INFO - Setting next_dagrun for user_processing to 2022-01-02 00:00:00+00:00
[2022-01-03 20:34:57,574] {scheduler_job.py:190} INFO - Processing /home/airflow/airflow/dags/user_processing.py took 2.833 seconds
[2022-01-03 20:35:27,691] {scheduler_job.py:182} INFO - Started process (PID=11936) to work on /home/airflow/airflow/dags/user_processing.py
[2022-01-03 20:35:27,715] {scheduler_job.py:633} INFO - Processing file /home/airflow/airflow/dags/user_processing.py for tasks to queue
[2022-01-03 20:35:27,716] {logging_mixin.py:104} INFO - [2022-01-03 20:35:27,716] {dagbag.py:487} INFO - Filling up the DagBag from /home/airflow/airflow/dags/user_processing.py
[2022-01-03 20:35:27,736] {logging_mixin.py:104} WARNING - /home/airflow/sandbox/lib/python3.8/site-packages/airflow/providers/sqlite/operators/sqlite.py:25 DeprecationWarning: This decorator is deprecated.

In previous versions, all subclasses of BaseOperator must use apply_default decorator for the`default_args` feature to work properly.

In current version, it is optional. The decorator is applied automatically using the metaclass.
[2022-01-03 20:35:28,563] {scheduler_job.py:643} INFO - DAG(s) dict_keys(['user_processing']) retrieved from /home/airflow/airflow/dags/user_processing.py
[2022-01-03 20:35:28,612] {logging_mixin.py:104} INFO - [2022-01-03 20:35:28,612] {dag.py:1832} INFO - Sync 1 DAGs
[2022-01-03 20:35:28,630] {logging_mixin.py:104} INFO - [2022-01-03 20:35:28,630] {dag.py:2305} INFO - Setting next_dagrun for user_processing to 2022-01-02 00:00:00+00:00
[2022-01-03 20:35:28,681] {scheduler_job.py:190} INFO - Processing /home/airflow/airflow/dags/user_processing.py took 0.995 seconds
[2022-01-03 20:35:59,067] {scheduler_job.py:182} INFO - Started process (PID=12138) to work on /home/airflow/airflow/dags/user_processing.py
[2022-01-03 20:35:59,068] {scheduler_job.py:633} INFO - Processing file /home/airflow/airflow/dags/user_processing.py for tasks to queue
[2022-01-03 20:35:59,069] {logging_mixin.py:104} INFO - [2022-01-03 20:35:59,069] {dagbag.py:487} INFO - Filling up the DagBag from /home/airflow/airflow/dags/user_processing.py
[2022-01-03 20:35:59,129] {logging_mixin.py:104} WARNING - /home/airflow/sandbox/lib/python3.8/site-packages/airflow/providers/sqlite/operators/sqlite.py:25 DeprecationWarning: This decorator is deprecated.

In previous versions, all subclasses of BaseOperator must use apply_default decorator for the`default_args` feature to work properly.

In current version, it is optional. The decorator is applied automatically using the metaclass.
[2022-01-03 20:36:00,889] {scheduler_job.py:643} INFO - DAG(s) dict_keys(['user_processing']) retrieved from /home/airflow/airflow/dags/user_processing.py
[2022-01-03 20:36:01,129] {logging_mixin.py:104} INFO - [2022-01-03 20:36:01,127] {dag.py:1832} INFO - Sync 1 DAGs
[2022-01-03 20:36:01,238] {logging_mixin.py:104} INFO - [2022-01-03 20:36:01,238] {dag.py:2305} INFO - Setting next_dagrun for user_processing to 2022-01-02 00:00:00+00:00
[2022-01-03 20:36:01,311] {scheduler_job.py:190} INFO - Processing /home/airflow/airflow/dags/user_processing.py took 2.247 seconds
[2022-01-03 20:36:31,673] {scheduler_job.py:182} INFO - Started process (PID=12355) to work on /home/airflow/airflow/dags/user_processing.py
[2022-01-03 20:36:31,677] {scheduler_job.py:633} INFO - Processing file /home/airflow/airflow/dags/user_processing.py for tasks to queue
[2022-01-03 20:36:31,679] {logging_mixin.py:104} INFO - [2022-01-03 20:36:31,678] {dagbag.py:487} INFO - Filling up the DagBag from /home/airflow/airflow/dags/user_processing.py
[2022-01-03 20:36:31,721] {logging_mixin.py:104} WARNING - /home/airflow/sandbox/lib/python3.8/site-packages/airflow/providers/sqlite/operators/sqlite.py:25 DeprecationWarning: This decorator is deprecated.

In previous versions, all subclasses of BaseOperator must use apply_default decorator for the`default_args` feature to work properly.

In current version, it is optional. The decorator is applied automatically using the metaclass.
[2022-01-03 20:36:33,355] {scheduler_job.py:643} INFO - DAG(s) dict_keys(['user_processing']) retrieved from /home/airflow/airflow/dags/user_processing.py
[2022-01-03 20:36:33,415] {logging_mixin.py:104} INFO - [2022-01-03 20:36:33,415] {dag.py:1832} INFO - Sync 1 DAGs
[2022-01-03 20:36:33,478] {logging_mixin.py:104} INFO - [2022-01-03 20:36:33,478] {dag.py:2305} INFO - Setting next_dagrun for user_processing to 2022-01-02 00:00:00+00:00
[2022-01-03 20:36:33,533] {scheduler_job.py:190} INFO - Processing /home/airflow/airflow/dags/user_processing.py took 1.874 seconds
[2022-01-03 20:37:03,934] {scheduler_job.py:182} INFO - Started process (PID=12560) to work on /home/airflow/airflow/dags/user_processing.py
[2022-01-03 20:37:03,952] {scheduler_job.py:633} INFO - Processing file /home/airflow/airflow/dags/user_processing.py for tasks to queue
[2022-01-03 20:37:03,953] {logging_mixin.py:104} INFO - [2022-01-03 20:37:03,953] {dagbag.py:487} INFO - Filling up the DagBag from /home/airflow/airflow/dags/user_processing.py
[2022-01-03 20:37:03,980] {logging_mixin.py:104} WARNING - /home/airflow/sandbox/lib/python3.8/site-packages/airflow/providers/sqlite/operators/sqlite.py:25 DeprecationWarning: This decorator is deprecated.

In previous versions, all subclasses of BaseOperator must use apply_default decorator for the`default_args` feature to work properly.

In current version, it is optional. The decorator is applied automatically using the metaclass.
[2022-01-03 20:37:06,011] {scheduler_job.py:643} INFO - DAG(s) dict_keys(['user_processing']) retrieved from /home/airflow/airflow/dags/user_processing.py
[2022-01-03 20:37:06,105] {logging_mixin.py:104} INFO - [2022-01-03 20:37:06,105] {dag.py:1832} INFO - Sync 1 DAGs
[2022-01-03 20:37:06,166] {logging_mixin.py:104} INFO - [2022-01-03 20:37:06,164] {dag.py:2305} INFO - Setting next_dagrun for user_processing to 2022-01-02 00:00:00+00:00
[2022-01-03 20:37:06,209] {scheduler_job.py:190} INFO - Processing /home/airflow/airflow/dags/user_processing.py took 2.277 seconds
[2022-01-03 20:37:36,377] {scheduler_job.py:182} INFO - Started process (PID=12777) to work on /home/airflow/airflow/dags/user_processing.py
[2022-01-03 20:37:36,378] {scheduler_job.py:633} INFO - Processing file /home/airflow/airflow/dags/user_processing.py for tasks to queue
[2022-01-03 20:37:36,379] {logging_mixin.py:104} INFO - [2022-01-03 20:37:36,379] {dagbag.py:487} INFO - Filling up the DagBag from /home/airflow/airflow/dags/user_processing.py
[2022-01-03 20:37:36,404] {logging_mixin.py:104} WARNING - /home/airflow/sandbox/lib/python3.8/site-packages/airflow/providers/sqlite/operators/sqlite.py:25 DeprecationWarning: This decorator is deprecated.

In previous versions, all subclasses of BaseOperator must use apply_default decorator for the`default_args` feature to work properly.

In current version, it is optional. The decorator is applied automatically using the metaclass.
[2022-01-03 20:37:37,266] {scheduler_job.py:643} INFO - DAG(s) dict_keys(['user_processing']) retrieved from /home/airflow/airflow/dags/user_processing.py
[2022-01-03 20:37:37,350] {logging_mixin.py:104} INFO - [2022-01-03 20:37:37,349] {dag.py:1832} INFO - Sync 1 DAGs
[2022-01-03 20:37:37,385] {logging_mixin.py:104} INFO - [2022-01-03 20:37:37,385] {dag.py:2305} INFO - Setting next_dagrun for user_processing to 2022-01-02 00:00:00+00:00
[2022-01-03 20:37:37,449] {scheduler_job.py:190} INFO - Processing /home/airflow/airflow/dags/user_processing.py took 1.078 seconds
[2022-01-03 20:38:07,657] {scheduler_job.py:182} INFO - Started process (PID=13220) to work on /home/airflow/airflow/dags/user_processing.py
[2022-01-03 20:38:07,664] {scheduler_job.py:633} INFO - Processing file /home/airflow/airflow/dags/user_processing.py for tasks to queue
[2022-01-03 20:38:07,664] {logging_mixin.py:104} INFO - [2022-01-03 20:38:07,664] {dagbag.py:487} INFO - Filling up the DagBag from /home/airflow/airflow/dags/user_processing.py
[2022-01-03 20:38:07,696] {logging_mixin.py:104} WARNING - /home/airflow/sandbox/lib/python3.8/site-packages/airflow/providers/sqlite/operators/sqlite.py:25 DeprecationWarning: This decorator is deprecated.

In previous versions, all subclasses of BaseOperator must use apply_default decorator for the`default_args` feature to work properly.

In current version, it is optional. The decorator is applied automatically using the metaclass.
[2022-01-03 20:38:08,775] {scheduler_job.py:643} INFO - DAG(s) dict_keys(['user_processing']) retrieved from /home/airflow/airflow/dags/user_processing.py
[2022-01-03 20:38:08,806] {logging_mixin.py:104} INFO - [2022-01-03 20:38:08,806] {dag.py:1832} INFO - Sync 1 DAGs
[2022-01-03 20:38:08,824] {logging_mixin.py:104} INFO - [2022-01-03 20:38:08,824] {dag.py:2305} INFO - Setting next_dagrun for user_processing to 2022-01-02 00:00:00+00:00
[2022-01-03 20:38:08,846] {scheduler_job.py:190} INFO - Processing /home/airflow/airflow/dags/user_processing.py took 1.191 seconds
[2022-01-03 20:38:39,300] {scheduler_job.py:182} INFO - Started process (PID=13436) to work on /home/airflow/airflow/dags/user_processing.py
[2022-01-03 20:38:39,301] {scheduler_job.py:633} INFO - Processing file /home/airflow/airflow/dags/user_processing.py for tasks to queue
[2022-01-03 20:38:39,302] {logging_mixin.py:104} INFO - [2022-01-03 20:38:39,302] {dagbag.py:487} INFO - Filling up the DagBag from /home/airflow/airflow/dags/user_processing.py
[2022-01-03 20:38:39,342] {logging_mixin.py:104} WARNING - /home/airflow/sandbox/lib/python3.8/site-packages/airflow/providers/sqlite/operators/sqlite.py:25 DeprecationWarning: This decorator is deprecated.

In previous versions, all subclasses of BaseOperator must use apply_default decorator for the`default_args` feature to work properly.

In current version, it is optional. The decorator is applied automatically using the metaclass.
[2022-01-03 20:38:40,968] {scheduler_job.py:643} INFO - DAG(s) dict_keys(['user_processing']) retrieved from /home/airflow/airflow/dags/user_processing.py
[2022-01-03 20:38:41,067] {logging_mixin.py:104} INFO - [2022-01-03 20:38:41,066] {dag.py:1832} INFO - Sync 1 DAGs
[2022-01-03 20:38:41,141] {logging_mixin.py:104} INFO - [2022-01-03 20:38:41,141] {dag.py:2305} INFO - Setting next_dagrun for user_processing to 2022-01-02 00:00:00+00:00
[2022-01-03 20:38:41,152] {scheduler_job.py:190} INFO - Processing /home/airflow/airflow/dags/user_processing.py took 1.856 seconds
[2022-01-03 20:39:11,220] {scheduler_job.py:182} INFO - Started process (PID=13649) to work on /home/airflow/airflow/dags/user_processing.py
[2022-01-03 20:39:11,221] {scheduler_job.py:633} INFO - Processing file /home/airflow/airflow/dags/user_processing.py for tasks to queue
[2022-01-03 20:39:11,223] {logging_mixin.py:104} INFO - [2022-01-03 20:39:11,222] {dagbag.py:487} INFO - Filling up the DagBag from /home/airflow/airflow/dags/user_processing.py
[2022-01-03 20:39:11,247] {logging_mixin.py:104} WARNING - /home/airflow/sandbox/lib/python3.8/site-packages/airflow/providers/sqlite/operators/sqlite.py:25 DeprecationWarning: This decorator is deprecated.

In previous versions, all subclasses of BaseOperator must use apply_default decorator for the`default_args` feature to work properly.

In current version, it is optional. The decorator is applied automatically using the metaclass.
[2022-01-03 20:39:11,862] {scheduler_job.py:643} INFO - DAG(s) dict_keys(['user_processing']) retrieved from /home/airflow/airflow/dags/user_processing.py
[2022-01-03 20:39:11,892] {logging_mixin.py:104} INFO - [2022-01-03 20:39:11,892] {dag.py:1832} INFO - Sync 1 DAGs
[2022-01-03 20:39:11,912] {logging_mixin.py:104} INFO - [2022-01-03 20:39:11,912] {dag.py:2305} INFO - Setting next_dagrun for user_processing to 2022-01-02 00:00:00+00:00
[2022-01-03 20:39:11,951] {scheduler_job.py:190} INFO - Processing /home/airflow/airflow/dags/user_processing.py took 0.738 seconds
[2022-01-03 20:39:42,201] {scheduler_job.py:182} INFO - Started process (PID=13848) to work on /home/airflow/airflow/dags/user_processing.py
[2022-01-03 20:39:42,202] {scheduler_job.py:633} INFO - Processing file /home/airflow/airflow/dags/user_processing.py for tasks to queue
[2022-01-03 20:39:42,203] {logging_mixin.py:104} INFO - [2022-01-03 20:39:42,203] {dagbag.py:487} INFO - Filling up the DagBag from /home/airflow/airflow/dags/user_processing.py
[2022-01-03 20:39:42,221] {logging_mixin.py:104} WARNING - /home/airflow/sandbox/lib/python3.8/site-packages/airflow/providers/sqlite/operators/sqlite.py:25 DeprecationWarning: This decorator is deprecated.

In previous versions, all subclasses of BaseOperator must use apply_default decorator for the`default_args` feature to work properly.

In current version, it is optional. The decorator is applied automatically using the metaclass.
[2022-01-03 20:39:43,601] {scheduler_job.py:643} INFO - DAG(s) dict_keys(['user_processing']) retrieved from /home/airflow/airflow/dags/user_processing.py
[2022-01-03 20:39:43,721] {logging_mixin.py:104} INFO - [2022-01-03 20:39:43,720] {dag.py:1832} INFO - Sync 1 DAGs
[2022-01-03 20:39:43,796] {logging_mixin.py:104} INFO - [2022-01-03 20:39:43,796] {dag.py:2305} INFO - Setting next_dagrun for user_processing to 2022-01-02 00:00:00+00:00
[2022-01-03 20:39:43,821] {scheduler_job.py:190} INFO - Processing /home/airflow/airflow/dags/user_processing.py took 1.622 seconds
[2022-01-03 20:40:14,043] {scheduler_job.py:182} INFO - Started process (PID=14047) to work on /home/airflow/airflow/dags/user_processing.py
[2022-01-03 20:40:14,046] {scheduler_job.py:633} INFO - Processing file /home/airflow/airflow/dags/user_processing.py for tasks to queue
[2022-01-03 20:40:14,047] {logging_mixin.py:104} INFO - [2022-01-03 20:40:14,047] {dagbag.py:487} INFO - Filling up the DagBag from /home/airflow/airflow/dags/user_processing.py
[2022-01-03 20:40:14,063] {logging_mixin.py:104} WARNING - /home/airflow/sandbox/lib/python3.8/site-packages/airflow/providers/sqlite/operators/sqlite.py:25 DeprecationWarning: This decorator is deprecated.

In previous versions, all subclasses of BaseOperator must use apply_default decorator for the`default_args` feature to work properly.

In current version, it is optional. The decorator is applied automatically using the metaclass.
[2022-01-03 20:40:15,907] {scheduler_job.py:643} INFO - DAG(s) dict_keys(['user_processing']) retrieved from /home/airflow/airflow/dags/user_processing.py
[2022-01-03 20:40:15,994] {logging_mixin.py:104} INFO - [2022-01-03 20:40:15,993] {dag.py:1832} INFO - Sync 1 DAGs
[2022-01-03 20:40:16,012] {logging_mixin.py:104} INFO - [2022-01-03 20:40:16,012] {dag.py:2305} INFO - Setting next_dagrun for user_processing to 2022-01-02 00:00:00+00:00
[2022-01-03 20:40:16,061] {scheduler_job.py:190} INFO - Processing /home/airflow/airflow/dags/user_processing.py took 2.041 seconds
[2022-01-03 20:40:46,345] {scheduler_job.py:182} INFO - Started process (PID=14252) to work on /home/airflow/airflow/dags/user_processing.py
[2022-01-03 20:40:46,348] {scheduler_job.py:633} INFO - Processing file /home/airflow/airflow/dags/user_processing.py for tasks to queue
[2022-01-03 20:40:46,349] {logging_mixin.py:104} INFO - [2022-01-03 20:40:46,349] {dagbag.py:487} INFO - Filling up the DagBag from /home/airflow/airflow/dags/user_processing.py
[2022-01-03 20:40:46,377] {logging_mixin.py:104} WARNING - /home/airflow/sandbox/lib/python3.8/site-packages/airflow/providers/sqlite/operators/sqlite.py:25 DeprecationWarning: This decorator is deprecated.

In previous versions, all subclasses of BaseOperator must use apply_default decorator for the`default_args` feature to work properly.

In current version, it is optional. The decorator is applied automatically using the metaclass.
[2022-01-03 20:40:48,519] {scheduler_job.py:643} INFO - DAG(s) dict_keys(['user_processing']) retrieved from /home/airflow/airflow/dags/user_processing.py
[2022-01-03 20:40:48,567] {logging_mixin.py:104} INFO - [2022-01-03 20:40:48,567] {dag.py:1832} INFO - Sync 1 DAGs
[2022-01-03 20:40:48,621] {logging_mixin.py:104} INFO - [2022-01-03 20:40:48,621] {dag.py:2305} INFO - Setting next_dagrun for user_processing to 2022-01-02 00:00:00+00:00
[2022-01-03 20:40:48,668] {scheduler_job.py:190} INFO - Processing /home/airflow/airflow/dags/user_processing.py took 2.354 seconds
[2022-01-03 20:41:18,895] {scheduler_job.py:182} INFO - Started process (PID=14478) to work on /home/airflow/airflow/dags/user_processing.py
[2022-01-03 20:41:18,896] {scheduler_job.py:633} INFO - Processing file /home/airflow/airflow/dags/user_processing.py for tasks to queue
[2022-01-03 20:41:18,897] {logging_mixin.py:104} INFO - [2022-01-03 20:41:18,897] {dagbag.py:487} INFO - Filling up the DagBag from /home/airflow/airflow/dags/user_processing.py
[2022-01-03 20:41:18,910] {logging_mixin.py:104} WARNING - /home/airflow/sandbox/lib/python3.8/site-packages/airflow/providers/sqlite/operators/sqlite.py:25 DeprecationWarning: This decorator is deprecated.

In previous versions, all subclasses of BaseOperator must use apply_default decorator for the`default_args` feature to work properly.

In current version, it is optional. The decorator is applied automatically using the metaclass.
[2022-01-03 20:41:19,872] {scheduler_job.py:643} INFO - DAG(s) dict_keys(['user_processing']) retrieved from /home/airflow/airflow/dags/user_processing.py
[2022-01-03 20:41:20,039] {logging_mixin.py:104} INFO - [2022-01-03 20:41:20,039] {dag.py:1832} INFO - Sync 1 DAGs
[2022-01-03 20:41:20,105] {logging_mixin.py:104} INFO - [2022-01-03 20:41:20,102] {dag.py:2305} INFO - Setting next_dagrun for user_processing to 2022-01-02 00:00:00+00:00
[2022-01-03 20:41:20,140] {scheduler_job.py:190} INFO - Processing /home/airflow/airflow/dags/user_processing.py took 1.247 seconds
[2022-01-03 20:41:50,253] {scheduler_job.py:182} INFO - Started process (PID=14681) to work on /home/airflow/airflow/dags/user_processing.py
[2022-01-03 20:41:50,254] {scheduler_job.py:633} INFO - Processing file /home/airflow/airflow/dags/user_processing.py for tasks to queue
[2022-01-03 20:41:50,255] {logging_mixin.py:104} INFO - [2022-01-03 20:41:50,255] {dagbag.py:487} INFO - Filling up the DagBag from /home/airflow/airflow/dags/user_processing.py
[2022-01-03 20:41:50,270] {logging_mixin.py:104} WARNING - /home/airflow/sandbox/lib/python3.8/site-packages/airflow/providers/sqlite/operators/sqlite.py:25 DeprecationWarning: This decorator is deprecated.

In previous versions, all subclasses of BaseOperator must use apply_default decorator for the`default_args` feature to work properly.

In current version, it is optional. The decorator is applied automatically using the metaclass.
[2022-01-03 20:41:51,045] {scheduler_job.py:643} INFO - DAG(s) dict_keys(['user_processing']) retrieved from /home/airflow/airflow/dags/user_processing.py
[2022-01-03 20:41:51,103] {logging_mixin.py:104} INFO - [2022-01-03 20:41:51,102] {dag.py:1832} INFO - Sync 1 DAGs
[2022-01-03 20:41:51,151] {logging_mixin.py:104} INFO - [2022-01-03 20:41:51,151] {dag.py:2305} INFO - Setting next_dagrun for user_processing to 2022-01-02 00:00:00+00:00
[2022-01-03 20:41:51,195] {scheduler_job.py:190} INFO - Processing /home/airflow/airflow/dags/user_processing.py took 0.950 seconds
[2022-01-03 20:42:21,300] {scheduler_job.py:182} INFO - Started process (PID=14880) to work on /home/airflow/airflow/dags/user_processing.py
[2022-01-03 20:42:21,303] {scheduler_job.py:633} INFO - Processing file /home/airflow/airflow/dags/user_processing.py for tasks to queue
[2022-01-03 20:42:21,303] {logging_mixin.py:104} INFO - [2022-01-03 20:42:21,303] {dagbag.py:487} INFO - Filling up the DagBag from /home/airflow/airflow/dags/user_processing.py
[2022-01-03 20:42:21,317] {logging_mixin.py:104} WARNING - /home/airflow/sandbox/lib/python3.8/site-packages/airflow/providers/sqlite/operators/sqlite.py:25 DeprecationWarning: This decorator is deprecated.

In previous versions, all subclasses of BaseOperator must use apply_default decorator for the`default_args` feature to work properly.

In current version, it is optional. The decorator is applied automatically using the metaclass.
[2022-01-03 20:42:22,071] {scheduler_job.py:643} INFO - DAG(s) dict_keys(['user_processing']) retrieved from /home/airflow/airflow/dags/user_processing.py
[2022-01-03 20:42:22,117] {logging_mixin.py:104} INFO - [2022-01-03 20:42:22,117] {dag.py:1832} INFO - Sync 1 DAGs
[2022-01-03 20:42:22,144] {logging_mixin.py:104} INFO - [2022-01-03 20:42:22,144] {dag.py:2305} INFO - Setting next_dagrun for user_processing to 2022-01-02 00:00:00+00:00
[2022-01-03 20:42:22,162] {scheduler_job.py:190} INFO - Processing /home/airflow/airflow/dags/user_processing.py took 0.866 seconds
[2022-01-03 20:42:52,916] {scheduler_job.py:182} INFO - Started process (PID=15321) to work on /home/airflow/airflow/dags/user_processing.py
[2022-01-03 20:42:52,941] {scheduler_job.py:633} INFO - Processing file /home/airflow/airflow/dags/user_processing.py for tasks to queue
[2022-01-03 20:42:52,942] {logging_mixin.py:104} INFO - [2022-01-03 20:42:52,941] {dagbag.py:487} INFO - Filling up the DagBag from /home/airflow/airflow/dags/user_processing.py
[2022-01-03 20:42:52,997] {logging_mixin.py:104} WARNING - /home/airflow/sandbox/lib/python3.8/site-packages/airflow/providers/sqlite/operators/sqlite.py:25 DeprecationWarning: This decorator is deprecated.

In previous versions, all subclasses of BaseOperator must use apply_default decorator for the`default_args` feature to work properly.

In current version, it is optional. The decorator is applied automatically using the metaclass.
[2022-01-03 20:42:54,763] {scheduler_job.py:643} INFO - DAG(s) dict_keys(['user_processing']) retrieved from /home/airflow/airflow/dags/user_processing.py
[2022-01-03 20:42:54,838] {logging_mixin.py:104} INFO - [2022-01-03 20:42:54,837] {dag.py:1832} INFO - Sync 1 DAGs
[2022-01-03 20:42:54,917] {logging_mixin.py:104} INFO - [2022-01-03 20:42:54,916] {dag.py:2305} INFO - Setting next_dagrun for user_processing to 2022-01-02 00:00:00+00:00
[2022-01-03 20:42:54,944] {scheduler_job.py:190} INFO - Processing /home/airflow/airflow/dags/user_processing.py took 2.030 seconds
[2022-01-03 20:43:25,669] {scheduler_job.py:182} INFO - Started process (PID=15539) to work on /home/airflow/airflow/dags/user_processing.py
[2022-01-03 20:43:25,682] {scheduler_job.py:633} INFO - Processing file /home/airflow/airflow/dags/user_processing.py for tasks to queue
[2022-01-03 20:43:25,684] {logging_mixin.py:104} INFO - [2022-01-03 20:43:25,684] {dagbag.py:487} INFO - Filling up the DagBag from /home/airflow/airflow/dags/user_processing.py
[2022-01-03 20:43:25,741] {logging_mixin.py:104} WARNING - /home/airflow/sandbox/lib/python3.8/site-packages/airflow/providers/sqlite/operators/sqlite.py:25 DeprecationWarning: This decorator is deprecated.

In previous versions, all subclasses of BaseOperator must use apply_default decorator for the`default_args` feature to work properly.

In current version, it is optional. The decorator is applied automatically using the metaclass.
[2022-01-03 20:43:27,613] {scheduler_job.py:643} INFO - DAG(s) dict_keys(['user_processing']) retrieved from /home/airflow/airflow/dags/user_processing.py
[2022-01-03 20:43:27,708] {logging_mixin.py:104} INFO - [2022-01-03 20:43:27,707] {dag.py:1832} INFO - Sync 1 DAGs
[2022-01-03 20:43:27,787] {logging_mixin.py:104} INFO - [2022-01-03 20:43:27,787] {dag.py:2305} INFO - Setting next_dagrun for user_processing to 2022-01-02 00:00:00+00:00
[2022-01-03 20:43:27,819] {scheduler_job.py:190} INFO - Processing /home/airflow/airflow/dags/user_processing.py took 2.155 seconds
[2022-01-03 20:43:58,163] {scheduler_job.py:182} INFO - Started process (PID=15757) to work on /home/airflow/airflow/dags/user_processing.py
[2022-01-03 20:43:58,167] {scheduler_job.py:633} INFO - Processing file /home/airflow/airflow/dags/user_processing.py for tasks to queue
[2022-01-03 20:43:58,169] {logging_mixin.py:104} INFO - [2022-01-03 20:43:58,169] {dagbag.py:487} INFO - Filling up the DagBag from /home/airflow/airflow/dags/user_processing.py
[2022-01-03 20:43:58,199] {logging_mixin.py:104} WARNING - /home/airflow/sandbox/lib/python3.8/site-packages/airflow/providers/sqlite/operators/sqlite.py:25 DeprecationWarning: This decorator is deprecated.

In previous versions, all subclasses of BaseOperator must use apply_default decorator for the`default_args` feature to work properly.

In current version, it is optional. The decorator is applied automatically using the metaclass.
[2022-01-03 20:43:59,632] {scheduler_job.py:643} INFO - DAG(s) dict_keys(['user_processing']) retrieved from /home/airflow/airflow/dags/user_processing.py
[2022-01-03 20:43:59,692] {logging_mixin.py:104} INFO - [2022-01-03 20:43:59,692] {dag.py:1832} INFO - Sync 1 DAGs
[2022-01-03 20:43:59,758] {logging_mixin.py:104} INFO - [2022-01-03 20:43:59,758] {dag.py:2305} INFO - Setting next_dagrun for user_processing to 2022-01-02 00:00:00+00:00
[2022-01-03 20:43:59,786] {scheduler_job.py:190} INFO - Processing /home/airflow/airflow/dags/user_processing.py took 1.631 seconds
[2022-01-03 20:44:30,299] {scheduler_job.py:182} INFO - Started process (PID=15957) to work on /home/airflow/airflow/dags/user_processing.py
[2022-01-03 20:44:30,304] {scheduler_job.py:633} INFO - Processing file /home/airflow/airflow/dags/user_processing.py for tasks to queue
[2022-01-03 20:44:30,305] {logging_mixin.py:104} INFO - [2022-01-03 20:44:30,305] {dagbag.py:487} INFO - Filling up the DagBag from /home/airflow/airflow/dags/user_processing.py
[2022-01-03 20:44:30,342] {logging_mixin.py:104} WARNING - /home/airflow/sandbox/lib/python3.8/site-packages/airflow/providers/sqlite/operators/sqlite.py:25 DeprecationWarning: This decorator is deprecated.

In previous versions, all subclasses of BaseOperator must use apply_default decorator for the`default_args` feature to work properly.

In current version, it is optional. The decorator is applied automatically using the metaclass.
[2022-01-03 20:44:31,749] {scheduler_job.py:643} INFO - DAG(s) dict_keys(['user_processing']) retrieved from /home/airflow/airflow/dags/user_processing.py
[2022-01-03 20:44:31,865] {logging_mixin.py:104} INFO - [2022-01-03 20:44:31,865] {dag.py:1832} INFO - Sync 1 DAGs
[2022-01-03 20:44:31,953] {logging_mixin.py:104} INFO - [2022-01-03 20:44:31,953] {dag.py:2305} INFO - Setting next_dagrun for user_processing to 2022-01-02 00:00:00+00:00
[2022-01-03 20:44:31,992] {scheduler_job.py:190} INFO - Processing /home/airflow/airflow/dags/user_processing.py took 1.703 seconds
[2022-01-03 20:45:02,289] {scheduler_job.py:182} INFO - Started process (PID=16225) to work on /home/airflow/airflow/dags/user_processing.py
[2022-01-03 20:45:02,290] {scheduler_job.py:633} INFO - Processing file /home/airflow/airflow/dags/user_processing.py for tasks to queue
[2022-01-03 20:45:02,291] {logging_mixin.py:104} INFO - [2022-01-03 20:45:02,291] {dagbag.py:487} INFO - Filling up the DagBag from /home/airflow/airflow/dags/user_processing.py
[2022-01-03 20:45:02,309] {logging_mixin.py:104} WARNING - /home/airflow/sandbox/lib/python3.8/site-packages/airflow/providers/sqlite/operators/sqlite.py:25 DeprecationWarning: This decorator is deprecated.

In previous versions, all subclasses of BaseOperator must use apply_default decorator for the`default_args` feature to work properly.

In current version, it is optional. The decorator is applied automatically using the metaclass.
[2022-01-03 20:45:03,407] {scheduler_job.py:643} INFO - DAG(s) dict_keys(['user_processing']) retrieved from /home/airflow/airflow/dags/user_processing.py
[2022-01-03 20:45:03,497] {logging_mixin.py:104} INFO - [2022-01-03 20:45:03,496] {dag.py:1832} INFO - Sync 1 DAGs
[2022-01-03 20:45:03,548] {logging_mixin.py:104} INFO - [2022-01-03 20:45:03,548] {dag.py:2305} INFO - Setting next_dagrun for user_processing to 2022-01-02 00:00:00+00:00
[2022-01-03 20:45:03,589] {scheduler_job.py:190} INFO - Processing /home/airflow/airflow/dags/user_processing.py took 1.304 seconds
