[2022-03-11 19:11:25,875] {taskinstance.py:1032} INFO - Dependencies all met for <TaskInstance: xcom_dag.choose_model manual__2022-03-11T19:11:07.188938+00:00 [queued]>
[2022-03-11 19:11:25,889] {taskinstance.py:1032} INFO - Dependencies all met for <TaskInstance: xcom_dag.choose_model manual__2022-03-11T19:11:07.188938+00:00 [queued]>
[2022-03-11 19:11:25,890] {taskinstance.py:1238} INFO - 
--------------------------------------------------------------------------------
[2022-03-11 19:11:25,892] {taskinstance.py:1239} INFO - Starting attempt 1 of 1
[2022-03-11 19:11:25,892] {taskinstance.py:1240} INFO - 
--------------------------------------------------------------------------------
[2022-03-11 19:11:25,932] {taskinstance.py:1259} INFO - Executing <Task(PythonOperator): choose_model> on 2022-03-11 19:11:07.188938+00:00
[2022-03-11 19:11:25,941] {standard_task_runner.py:52} INFO - Started process 15417 to run task
[2022-03-11 19:11:25,968] {standard_task_runner.py:76} INFO - Running: ['airflow', 'tasks', 'run', 'xcom_dag', 'choose_model', 'manual__2022-03-11T19:11:07.188938+00:00', '--job-id', '99', '--raw', '--subdir', 'DAGS_FOLDER/xcom_dag.py', '--cfg-path', '/tmp/tmpg4r27bsw', '--error-file', '/tmp/tmphdxjuw7j']
[2022-03-11 19:11:25,974] {standard_task_runner.py:77} INFO - Job 99: Subtask choose_model
[2022-03-11 19:11:26,623] {logging_mixin.py:109} INFO - Running <TaskInstance: xcom_dag.choose_model manual__2022-03-11T19:11:07.188938+00:00 [running]> on host airflowvm
[2022-03-11 19:11:27,286] {taskinstance.py:1424} INFO - Exporting the following env vars:
AIRFLOW_CTX_DAG_OWNER=airflow
AIRFLOW_CTX_DAG_ID=xcom_dag
AIRFLOW_CTX_TASK_ID=choose_model
AIRFLOW_CTX_EXECUTION_DATE=2022-03-11T19:11:07.188938+00:00
AIRFLOW_CTX_DAG_RUN_ID=manual__2022-03-11T19:11:07.188938+00:00
[2022-03-11 19:11:27,287] {logging_mixin.py:109} INFO - choose best model
[2022-03-11 19:11:27,429] {logging_mixin.py:109} INFO - [None, None, None]
[2022-03-11 19:11:27,429] {python.py:175} INFO - Done. Returned value was: None
[2022-03-11 19:11:27,640] {taskinstance.py:1267} INFO - Marking task as SUCCESS. dag_id=xcom_dag, task_id=choose_model, execution_date=20220311T191107, start_date=20220311T191125, end_date=20220311T191127
[2022-03-11 19:11:27,817] {local_task_job.py:154} INFO - Task exited with return code 0
[2022-03-11 19:11:28,096] {local_task_job.py:264} INFO - 0 downstream tasks scheduled from follow-on schedule check
