[2022-01-14 20:52:47,691] {taskinstance.py:1032} INFO - Dependencies all met for <TaskInstance: parallel_dag.processing_tasks.task_03 scheduled__2022-01-13T00:00:00+00:00 [queued]>
[2022-01-14 20:52:48,290] {taskinstance.py:1032} INFO - Dependencies all met for <TaskInstance: parallel_dag.processing_tasks.task_03 scheduled__2022-01-13T00:00:00+00:00 [queued]>
[2022-01-14 20:52:48,290] {taskinstance.py:1238} INFO - 
--------------------------------------------------------------------------------
[2022-01-14 20:52:48,290] {taskinstance.py:1239} INFO - Starting attempt 1 of 1
[2022-01-14 20:52:48,290] {taskinstance.py:1240} INFO - 
--------------------------------------------------------------------------------
[2022-01-14 20:52:48,942] {taskinstance.py:1259} INFO - Executing <Task(BashOperator): task_03> on 2022-01-13 00:00:00+00:00
[2022-01-14 20:52:48,991] {standard_task_runner.py:52} INFO - Started process 50362 to run task
[2022-01-14 20:52:49,443] {standard_task_runner.py:76} INFO - Running: ['airflow', 'tasks', 'run', 'parallel_dag.processing_tasks', 'task_03', 'scheduled__2022-01-13T00:00:00+00:00', '--job-id', '64', '--raw', '--subdir', 'DAGS_FOLDER/parallel_dags.py', '--cfg-path', '/tmp/tmpairkvln8', '--error-file', '/tmp/tmp4w38c97j']
[2022-01-14 20:52:49,447] {standard_task_runner.py:77} INFO - Job 64: Subtask task_03
[2022-01-14 20:52:54,146] {logging_mixin.py:109} INFO - Running <TaskInstance: parallel_dag.processing_tasks.task_03 scheduled__2022-01-13T00:00:00+00:00 [running]> on host airflowvm
[2022-01-14 20:53:00,543] {taskinstance.py:1424} INFO - Exporting the following env vars:
AIRFLOW_CTX_DAG_OWNER=airflow
AIRFLOW_CTX_DAG_ID=parallel_dag.processing_tasks
AIRFLOW_CTX_TASK_ID=task_03
AIRFLOW_CTX_EXECUTION_DATE=2022-01-13T00:00:00+00:00
AIRFLOW_CTX_DAG_RUN_ID=scheduled__2022-01-13T00:00:00+00:00
[2022-01-14 20:53:00,551] {subprocess.py:62} INFO - Tmp dir root location: 
 /tmp
[2022-01-14 20:53:00,553] {subprocess.py:74} INFO - Running command: ['bash', '-c', 'sleep 3']
[2022-01-14 20:53:00,748] {subprocess.py:85} INFO - Output:
[2022-01-14 20:53:05,450] {subprocess.py:93} INFO - Command exited with return code 0
[2022-01-14 20:53:08,687] {taskinstance.py:1267} INFO - Marking task as SUCCESS. dag_id=parallel_dag.processing_tasks, task_id=task_03, execution_date=20220113T000000, start_date=20220114T205247, end_date=20220114T205308
[2022-01-14 20:53:09,487] {local_task_job.py:154} INFO - Task exited with return code 0
[2022-01-14 20:53:14,241] {local_task_job.py:264} INFO - 0 downstream tasks scheduled from follow-on schedule check
