[2022-03-15 19:15:40,494] {taskinstance.py:1032} INFO - Dependencies all met for <TaskInstance: parallel_dag.processing_tasks.task_03 scheduled__2022-03-14T00:00:00+00:00 [queued]>
[2022-03-15 19:15:40,601] {taskinstance.py:1032} INFO - Dependencies all met for <TaskInstance: parallel_dag.processing_tasks.task_03 scheduled__2022-03-14T00:00:00+00:00 [queued]>
[2022-03-15 19:15:40,601] {taskinstance.py:1238} INFO - 
--------------------------------------------------------------------------------
[2022-03-15 19:15:40,601] {taskinstance.py:1239} INFO - Starting attempt 1 of 1
[2022-03-15 19:15:40,601] {taskinstance.py:1240} INFO - 
--------------------------------------------------------------------------------
[2022-03-15 19:15:40,867] {taskinstance.py:1259} INFO - Executing <Task(BashOperator): task_03> on 2022-03-14 00:00:00+00:00
[2022-03-15 19:15:41,093] {standard_task_runner.py:52} INFO - Started process 4033 to run task
[2022-03-15 19:15:41,389] {standard_task_runner.py:76} INFO - Running: ['airflow', 'tasks', 'run', 'parallel_dag.processing_tasks', 'task_03', 'scheduled__2022-03-14T00:00:00+00:00', '--job-id', '136', '--raw', '--subdir', 'DAGS_FOLDER/parallel_dags.py', '--cfg-path', '/tmp/tmpiv4lk00x', '--error-file', '/tmp/tmpbndgc0_y']
[2022-03-15 19:15:41,415] {standard_task_runner.py:77} INFO - Job 136: Subtask task_03
[2022-03-15 19:15:43,537] {logging_mixin.py:109} INFO - Running <TaskInstance: parallel_dag.processing_tasks.task_03 scheduled__2022-03-14T00:00:00+00:00 [running]> on host airflowvm
[2022-03-15 19:15:44,592] {taskinstance.py:1424} INFO - Exporting the following env vars:
AIRFLOW_CTX_DAG_OWNER=airflow
AIRFLOW_CTX_DAG_ID=parallel_dag.processing_tasks
AIRFLOW_CTX_TASK_ID=task_03
AIRFLOW_CTX_EXECUTION_DATE=2022-03-14T00:00:00+00:00
AIRFLOW_CTX_DAG_RUN_ID=scheduled__2022-03-14T00:00:00+00:00
[2022-03-15 19:15:44,593] {subprocess.py:62} INFO - Tmp dir root location: 
 /tmp
[2022-03-15 19:15:44,600] {subprocess.py:74} INFO - Running command: ['bash', '-c', 'sleep 3']
[2022-03-15 19:15:44,696] {subprocess.py:85} INFO - Output:
[2022-03-15 19:15:47,702] {subprocess.py:93} INFO - Command exited with return code 0
[2022-03-15 19:15:48,138] {taskinstance.py:1267} INFO - Marking task as SUCCESS. dag_id=parallel_dag.processing_tasks, task_id=task_03, execution_date=20220314T000000, start_date=20220315T191540, end_date=20220315T191548
[2022-03-15 19:15:48,336] {local_task_job.py:154} INFO - Task exited with return code 0
[2022-03-15 19:15:48,664] {local_task_job.py:264} INFO - 0 downstream tasks scheduled from follow-on schedule check
