[2022-01-11 20:17:02,059] {processor.py:163} INFO - Started process (PID=2569) to work on /home/airflow/sandbox/lib/python3.8/site-packages/airflow/example_dags/plugins/workday.py
[2022-01-11 20:17:02,077] {processor.py:642} INFO - Processing file /home/airflow/sandbox/lib/python3.8/site-packages/airflow/example_dags/plugins/workday.py for tasks to queue
[2022-01-11 20:17:02,096] {logging_mixin.py:109} INFO - [2022-01-11 20:17:02,096] {dagbag.py:500} INFO - Filling up the DagBag from /home/airflow/sandbox/lib/python3.8/site-packages/airflow/example_dags/plugins/workday.py
[2022-01-11 20:17:02,383] {processor.py:656} WARNING - No viable dags retrieved from /home/airflow/sandbox/lib/python3.8/site-packages/airflow/example_dags/plugins/workday.py
[2022-01-11 20:17:02,468] {processor.py:171} INFO - Processing /home/airflow/sandbox/lib/python3.8/site-packages/airflow/example_dags/plugins/workday.py took 0.499 seconds
[2022-01-11 20:17:32,766] {processor.py:163} INFO - Started process (PID=3797) to work on /home/airflow/sandbox/lib/python3.8/site-packages/airflow/example_dags/plugins/workday.py
[2022-01-11 20:17:32,767] {processor.py:642} INFO - Processing file /home/airflow/sandbox/lib/python3.8/site-packages/airflow/example_dags/plugins/workday.py for tasks to queue
[2022-01-11 20:17:32,768] {logging_mixin.py:109} INFO - [2022-01-11 20:17:32,768] {dagbag.py:500} INFO - Filling up the DagBag from /home/airflow/sandbox/lib/python3.8/site-packages/airflow/example_dags/plugins/workday.py
[2022-01-11 20:17:32,797] {processor.py:656} WARNING - No viable dags retrieved from /home/airflow/sandbox/lib/python3.8/site-packages/airflow/example_dags/plugins/workday.py
[2022-01-11 20:17:32,800] {processor.py:171} INFO - Processing /home/airflow/sandbox/lib/python3.8/site-packages/airflow/example_dags/plugins/workday.py took 0.043 seconds
[2022-01-11 20:18:03,101] {processor.py:163} INFO - Started process (PID=5184) to work on /home/airflow/sandbox/lib/python3.8/site-packages/airflow/example_dags/plugins/workday.py
[2022-01-11 20:18:03,138] {processor.py:642} INFO - Processing file /home/airflow/sandbox/lib/python3.8/site-packages/airflow/example_dags/plugins/workday.py for tasks to queue
[2022-01-11 20:18:03,138] {logging_mixin.py:109} INFO - [2022-01-11 20:18:03,138] {dagbag.py:500} INFO - Filling up the DagBag from /home/airflow/sandbox/lib/python3.8/site-packages/airflow/example_dags/plugins/workday.py
[2022-01-11 20:18:03,617] {processor.py:656} WARNING - No viable dags retrieved from /home/airflow/sandbox/lib/python3.8/site-packages/airflow/example_dags/plugins/workday.py
[2022-01-11 20:18:03,660] {processor.py:171} INFO - Processing /home/airflow/sandbox/lib/python3.8/site-packages/airflow/example_dags/plugins/workday.py took 0.613 seconds
[2022-01-11 20:18:34,135] {processor.py:163} INFO - Started process (PID=6362) to work on /home/airflow/sandbox/lib/python3.8/site-packages/airflow/example_dags/plugins/workday.py
[2022-01-11 20:18:34,138] {processor.py:642} INFO - Processing file /home/airflow/sandbox/lib/python3.8/site-packages/airflow/example_dags/plugins/workday.py for tasks to queue
[2022-01-11 20:18:34,138] {logging_mixin.py:109} INFO - [2022-01-11 20:18:34,138] {dagbag.py:500} INFO - Filling up the DagBag from /home/airflow/sandbox/lib/python3.8/site-packages/airflow/example_dags/plugins/workday.py
[2022-01-11 20:18:34,163] {processor.py:656} WARNING - No viable dags retrieved from /home/airflow/sandbox/lib/python3.8/site-packages/airflow/example_dags/plugins/workday.py
[2022-01-11 20:18:34,168] {processor.py:171} INFO - Processing /home/airflow/sandbox/lib/python3.8/site-packages/airflow/example_dags/plugins/workday.py took 0.039 seconds
[2022-01-11 20:19:04,865] {processor.py:163} INFO - Started process (PID=6778) to work on /home/airflow/sandbox/lib/python3.8/site-packages/airflow/example_dags/plugins/workday.py
[2022-01-11 20:19:04,869] {processor.py:642} INFO - Processing file /home/airflow/sandbox/lib/python3.8/site-packages/airflow/example_dags/plugins/workday.py for tasks to queue
[2022-01-11 20:19:04,870] {logging_mixin.py:109} INFO - [2022-01-11 20:19:04,869] {dagbag.py:500} INFO - Filling up the DagBag from /home/airflow/sandbox/lib/python3.8/site-packages/airflow/example_dags/plugins/workday.py
[2022-01-11 20:19:04,906] {processor.py:656} WARNING - No viable dags retrieved from /home/airflow/sandbox/lib/python3.8/site-packages/airflow/example_dags/plugins/workday.py
[2022-01-11 20:19:04,911] {processor.py:171} INFO - Processing /home/airflow/sandbox/lib/python3.8/site-packages/airflow/example_dags/plugins/workday.py took 0.052 seconds
[2022-01-11 20:19:35,356] {processor.py:163} INFO - Started process (PID=8063) to work on /home/airflow/sandbox/lib/python3.8/site-packages/airflow/example_dags/plugins/workday.py
[2022-01-11 20:19:35,357] {processor.py:642} INFO - Processing file /home/airflow/sandbox/lib/python3.8/site-packages/airflow/example_dags/plugins/workday.py for tasks to queue
[2022-01-11 20:19:35,357] {logging_mixin.py:109} INFO - [2022-01-11 20:19:35,357] {dagbag.py:500} INFO - Filling up the DagBag from /home/airflow/sandbox/lib/python3.8/site-packages/airflow/example_dags/plugins/workday.py
[2022-01-11 20:19:35,394] {processor.py:656} WARNING - No viable dags retrieved from /home/airflow/sandbox/lib/python3.8/site-packages/airflow/example_dags/plugins/workday.py
[2022-01-11 20:19:35,397] {processor.py:171} INFO - Processing /home/airflow/sandbox/lib/python3.8/site-packages/airflow/example_dags/plugins/workday.py took 0.064 seconds
[2022-01-11 20:20:05,581] {processor.py:163} INFO - Started process (PID=8413) to work on /home/airflow/sandbox/lib/python3.8/site-packages/airflow/example_dags/plugins/workday.py
[2022-01-11 20:20:05,583] {processor.py:642} INFO - Processing file /home/airflow/sandbox/lib/python3.8/site-packages/airflow/example_dags/plugins/workday.py for tasks to queue
[2022-01-11 20:20:05,587] {logging_mixin.py:109} INFO - [2022-01-11 20:20:05,587] {dagbag.py:500} INFO - Filling up the DagBag from /home/airflow/sandbox/lib/python3.8/site-packages/airflow/example_dags/plugins/workday.py
[2022-01-11 20:20:05,635] {processor.py:656} WARNING - No viable dags retrieved from /home/airflow/sandbox/lib/python3.8/site-packages/airflow/example_dags/plugins/workday.py
[2022-01-11 20:20:05,638] {processor.py:171} INFO - Processing /home/airflow/sandbox/lib/python3.8/site-packages/airflow/example_dags/plugins/workday.py took 0.072 seconds
[2022-01-11 20:20:36,037] {processor.py:163} INFO - Started process (PID=8649) to work on /home/airflow/sandbox/lib/python3.8/site-packages/airflow/example_dags/plugins/workday.py
[2022-01-11 20:20:36,040] {processor.py:642} INFO - Processing file /home/airflow/sandbox/lib/python3.8/site-packages/airflow/example_dags/plugins/workday.py for tasks to queue
[2022-01-11 20:20:36,043] {logging_mixin.py:109} INFO - [2022-01-11 20:20:36,042] {dagbag.py:500} INFO - Filling up the DagBag from /home/airflow/sandbox/lib/python3.8/site-packages/airflow/example_dags/plugins/workday.py
[2022-01-11 20:20:36,075] {processor.py:656} WARNING - No viable dags retrieved from /home/airflow/sandbox/lib/python3.8/site-packages/airflow/example_dags/plugins/workday.py
[2022-01-11 20:20:36,081] {processor.py:171} INFO - Processing /home/airflow/sandbox/lib/python3.8/site-packages/airflow/example_dags/plugins/workday.py took 0.048 seconds
[2022-01-11 20:21:06,806] {processor.py:163} INFO - Started process (PID=8890) to work on /home/airflow/sandbox/lib/python3.8/site-packages/airflow/example_dags/plugins/workday.py
[2022-01-11 20:21:06,813] {processor.py:642} INFO - Processing file /home/airflow/sandbox/lib/python3.8/site-packages/airflow/example_dags/plugins/workday.py for tasks to queue
[2022-01-11 20:21:06,816] {logging_mixin.py:109} INFO - [2022-01-11 20:21:06,816] {dagbag.py:500} INFO - Filling up the DagBag from /home/airflow/sandbox/lib/python3.8/site-packages/airflow/example_dags/plugins/workday.py
[2022-01-11 20:21:06,883] {processor.py:656} WARNING - No viable dags retrieved from /home/airflow/sandbox/lib/python3.8/site-packages/airflow/example_dags/plugins/workday.py
[2022-01-11 20:21:06,888] {processor.py:171} INFO - Processing /home/airflow/sandbox/lib/python3.8/site-packages/airflow/example_dags/plugins/workday.py took 0.085 seconds
[2022-01-11 20:21:37,216] {processor.py:163} INFO - Started process (PID=9125) to work on /home/airflow/sandbox/lib/python3.8/site-packages/airflow/example_dags/plugins/workday.py
[2022-01-11 20:21:37,218] {processor.py:642} INFO - Processing file /home/airflow/sandbox/lib/python3.8/site-packages/airflow/example_dags/plugins/workday.py for tasks to queue
[2022-01-11 20:21:37,218] {logging_mixin.py:109} INFO - [2022-01-11 20:21:37,218] {dagbag.py:500} INFO - Filling up the DagBag from /home/airflow/sandbox/lib/python3.8/site-packages/airflow/example_dags/plugins/workday.py
[2022-01-11 20:21:37,261] {processor.py:656} WARNING - No viable dags retrieved from /home/airflow/sandbox/lib/python3.8/site-packages/airflow/example_dags/plugins/workday.py
[2022-01-11 20:21:37,272] {processor.py:171} INFO - Processing /home/airflow/sandbox/lib/python3.8/site-packages/airflow/example_dags/plugins/workday.py took 0.062 seconds
[2022-01-11 20:22:07,775] {processor.py:163} INFO - Started process (PID=9547) to work on /home/airflow/sandbox/lib/python3.8/site-packages/airflow/example_dags/plugins/workday.py
[2022-01-11 20:22:07,778] {processor.py:642} INFO - Processing file /home/airflow/sandbox/lib/python3.8/site-packages/airflow/example_dags/plugins/workday.py for tasks to queue
[2022-01-11 20:22:07,781] {logging_mixin.py:109} INFO - [2022-01-11 20:22:07,780] {dagbag.py:500} INFO - Filling up the DagBag from /home/airflow/sandbox/lib/python3.8/site-packages/airflow/example_dags/plugins/workday.py
[2022-01-11 20:22:07,814] {processor.py:656} WARNING - No viable dags retrieved from /home/airflow/sandbox/lib/python3.8/site-packages/airflow/example_dags/plugins/workday.py
[2022-01-11 20:22:07,818] {processor.py:171} INFO - Processing /home/airflow/sandbox/lib/python3.8/site-packages/airflow/example_dags/plugins/workday.py took 0.056 seconds
[2022-01-11 20:22:38,151] {processor.py:163} INFO - Started process (PID=9861) to work on /home/airflow/sandbox/lib/python3.8/site-packages/airflow/example_dags/plugins/workday.py
[2022-01-11 20:22:38,153] {processor.py:642} INFO - Processing file /home/airflow/sandbox/lib/python3.8/site-packages/airflow/example_dags/plugins/workday.py for tasks to queue
[2022-01-11 20:22:38,154] {logging_mixin.py:109} INFO - [2022-01-11 20:22:38,154] {dagbag.py:500} INFO - Filling up the DagBag from /home/airflow/sandbox/lib/python3.8/site-packages/airflow/example_dags/plugins/workday.py
[2022-01-11 20:22:38,189] {processor.py:656} WARNING - No viable dags retrieved from /home/airflow/sandbox/lib/python3.8/site-packages/airflow/example_dags/plugins/workday.py
[2022-01-11 20:22:38,191] {processor.py:171} INFO - Processing /home/airflow/sandbox/lib/python3.8/site-packages/airflow/example_dags/plugins/workday.py took 0.047 seconds
[2022-01-11 20:23:08,516] {processor.py:163} INFO - Started process (PID=10103) to work on /home/airflow/sandbox/lib/python3.8/site-packages/airflow/example_dags/plugins/workday.py
[2022-01-11 20:23:08,517] {processor.py:642} INFO - Processing file /home/airflow/sandbox/lib/python3.8/site-packages/airflow/example_dags/plugins/workday.py for tasks to queue
[2022-01-11 20:23:08,518] {logging_mixin.py:109} INFO - [2022-01-11 20:23:08,518] {dagbag.py:500} INFO - Filling up the DagBag from /home/airflow/sandbox/lib/python3.8/site-packages/airflow/example_dags/plugins/workday.py
[2022-01-11 20:23:08,549] {processor.py:656} WARNING - No viable dags retrieved from /home/airflow/sandbox/lib/python3.8/site-packages/airflow/example_dags/plugins/workday.py
[2022-01-11 20:23:08,553] {processor.py:171} INFO - Processing /home/airflow/sandbox/lib/python3.8/site-packages/airflow/example_dags/plugins/workday.py took 0.039 seconds
[2022-01-11 20:23:39,330] {processor.py:163} INFO - Started process (PID=10344) to work on /home/airflow/sandbox/lib/python3.8/site-packages/airflow/example_dags/plugins/workday.py
[2022-01-11 20:23:39,332] {processor.py:642} INFO - Processing file /home/airflow/sandbox/lib/python3.8/site-packages/airflow/example_dags/plugins/workday.py for tasks to queue
[2022-01-11 20:23:39,332] {logging_mixin.py:109} INFO - [2022-01-11 20:23:39,332] {dagbag.py:500} INFO - Filling up the DagBag from /home/airflow/sandbox/lib/python3.8/site-packages/airflow/example_dags/plugins/workday.py
[2022-01-11 20:23:39,355] {processor.py:656} WARNING - No viable dags retrieved from /home/airflow/sandbox/lib/python3.8/site-packages/airflow/example_dags/plugins/workday.py
[2022-01-11 20:23:39,359] {processor.py:171} INFO - Processing /home/airflow/sandbox/lib/python3.8/site-packages/airflow/example_dags/plugins/workday.py took 0.035 seconds
[2022-01-11 20:24:10,126] {processor.py:163} INFO - Started process (PID=10586) to work on /home/airflow/sandbox/lib/python3.8/site-packages/airflow/example_dags/plugins/workday.py
[2022-01-11 20:24:10,127] {processor.py:642} INFO - Processing file /home/airflow/sandbox/lib/python3.8/site-packages/airflow/example_dags/plugins/workday.py for tasks to queue
[2022-01-11 20:24:10,129] {logging_mixin.py:109} INFO - [2022-01-11 20:24:10,128] {dagbag.py:500} INFO - Filling up the DagBag from /home/airflow/sandbox/lib/python3.8/site-packages/airflow/example_dags/plugins/workday.py
[2022-01-11 20:24:10,165] {processor.py:656} WARNING - No viable dags retrieved from /home/airflow/sandbox/lib/python3.8/site-packages/airflow/example_dags/plugins/workday.py
[2022-01-11 20:24:10,168] {processor.py:171} INFO - Processing /home/airflow/sandbox/lib/python3.8/site-packages/airflow/example_dags/plugins/workday.py took 0.045 seconds
[2022-01-11 20:24:41,009] {processor.py:163} INFO - Started process (PID=10827) to work on /home/airflow/sandbox/lib/python3.8/site-packages/airflow/example_dags/plugins/workday.py
[2022-01-11 20:24:41,010] {processor.py:642} INFO - Processing file /home/airflow/sandbox/lib/python3.8/site-packages/airflow/example_dags/plugins/workday.py for tasks to queue
[2022-01-11 20:24:41,011] {logging_mixin.py:109} INFO - [2022-01-11 20:24:41,010] {dagbag.py:500} INFO - Filling up the DagBag from /home/airflow/sandbox/lib/python3.8/site-packages/airflow/example_dags/plugins/workday.py
[2022-01-11 20:24:41,047] {processor.py:656} WARNING - No viable dags retrieved from /home/airflow/sandbox/lib/python3.8/site-packages/airflow/example_dags/plugins/workday.py
[2022-01-11 20:24:41,050] {processor.py:171} INFO - Processing /home/airflow/sandbox/lib/python3.8/site-packages/airflow/example_dags/plugins/workday.py took 0.044 seconds
[2022-01-11 20:25:11,351] {processor.py:163} INFO - Started process (PID=11071) to work on /home/airflow/sandbox/lib/python3.8/site-packages/airflow/example_dags/plugins/workday.py
[2022-01-11 20:25:11,354] {processor.py:642} INFO - Processing file /home/airflow/sandbox/lib/python3.8/site-packages/airflow/example_dags/plugins/workday.py for tasks to queue
[2022-01-11 20:25:11,355] {logging_mixin.py:109} INFO - [2022-01-11 20:25:11,355] {dagbag.py:500} INFO - Filling up the DagBag from /home/airflow/sandbox/lib/python3.8/site-packages/airflow/example_dags/plugins/workday.py
[2022-01-11 20:25:11,385] {processor.py:656} WARNING - No viable dags retrieved from /home/airflow/sandbox/lib/python3.8/site-packages/airflow/example_dags/plugins/workday.py
[2022-01-11 20:25:11,391] {processor.py:171} INFO - Processing /home/airflow/sandbox/lib/python3.8/site-packages/airflow/example_dags/plugins/workday.py took 0.047 seconds
[2022-01-11 20:25:42,409] {processor.py:163} INFO - Started process (PID=11312) to work on /home/airflow/sandbox/lib/python3.8/site-packages/airflow/example_dags/plugins/workday.py
[2022-01-11 20:25:42,410] {processor.py:642} INFO - Processing file /home/airflow/sandbox/lib/python3.8/site-packages/airflow/example_dags/plugins/workday.py for tasks to queue
[2022-01-11 20:25:42,411] {logging_mixin.py:109} INFO - [2022-01-11 20:25:42,411] {dagbag.py:500} INFO - Filling up the DagBag from /home/airflow/sandbox/lib/python3.8/site-packages/airflow/example_dags/plugins/workday.py
[2022-01-11 20:25:42,454] {processor.py:656} WARNING - No viable dags retrieved from /home/airflow/sandbox/lib/python3.8/site-packages/airflow/example_dags/plugins/workday.py
[2022-01-11 20:25:42,457] {processor.py:171} INFO - Processing /home/airflow/sandbox/lib/python3.8/site-packages/airflow/example_dags/plugins/workday.py took 0.058 seconds
[2022-01-11 20:26:13,281] {processor.py:163} INFO - Started process (PID=11554) to work on /home/airflow/sandbox/lib/python3.8/site-packages/airflow/example_dags/plugins/workday.py
[2022-01-11 20:26:13,282] {processor.py:642} INFO - Processing file /home/airflow/sandbox/lib/python3.8/site-packages/airflow/example_dags/plugins/workday.py for tasks to queue
[2022-01-11 20:26:13,282] {logging_mixin.py:109} INFO - [2022-01-11 20:26:13,282] {dagbag.py:500} INFO - Filling up the DagBag from /home/airflow/sandbox/lib/python3.8/site-packages/airflow/example_dags/plugins/workday.py
[2022-01-11 20:26:13,311] {processor.py:656} WARNING - No viable dags retrieved from /home/airflow/sandbox/lib/python3.8/site-packages/airflow/example_dags/plugins/workday.py
[2022-01-11 20:26:13,318] {processor.py:171} INFO - Processing /home/airflow/sandbox/lib/python3.8/site-packages/airflow/example_dags/plugins/workday.py took 0.043 seconds
[2022-01-11 20:26:43,651] {processor.py:163} INFO - Started process (PID=11795) to work on /home/airflow/sandbox/lib/python3.8/site-packages/airflow/example_dags/plugins/workday.py
[2022-01-11 20:26:43,652] {processor.py:642} INFO - Processing file /home/airflow/sandbox/lib/python3.8/site-packages/airflow/example_dags/plugins/workday.py for tasks to queue
[2022-01-11 20:26:43,657] {logging_mixin.py:109} INFO - [2022-01-11 20:26:43,656] {dagbag.py:500} INFO - Filling up the DagBag from /home/airflow/sandbox/lib/python3.8/site-packages/airflow/example_dags/plugins/workday.py
[2022-01-11 20:26:43,724] {processor.py:656} WARNING - No viable dags retrieved from /home/airflow/sandbox/lib/python3.8/site-packages/airflow/example_dags/plugins/workday.py
[2022-01-11 20:26:43,738] {processor.py:171} INFO - Processing /home/airflow/sandbox/lib/python3.8/site-packages/airflow/example_dags/plugins/workday.py took 0.098 seconds
[2022-01-11 20:27:14,263] {processor.py:163} INFO - Started process (PID=12298) to work on /home/airflow/sandbox/lib/python3.8/site-packages/airflow/example_dags/plugins/workday.py
[2022-01-11 20:27:14,264] {processor.py:642} INFO - Processing file /home/airflow/sandbox/lib/python3.8/site-packages/airflow/example_dags/plugins/workday.py for tasks to queue
[2022-01-11 20:27:14,265] {logging_mixin.py:109} INFO - [2022-01-11 20:27:14,265] {dagbag.py:500} INFO - Filling up the DagBag from /home/airflow/sandbox/lib/python3.8/site-packages/airflow/example_dags/plugins/workday.py
[2022-01-11 20:27:14,290] {processor.py:656} WARNING - No viable dags retrieved from /home/airflow/sandbox/lib/python3.8/site-packages/airflow/example_dags/plugins/workday.py
[2022-01-11 20:27:14,293] {processor.py:171} INFO - Processing /home/airflow/sandbox/lib/python3.8/site-packages/airflow/example_dags/plugins/workday.py took 0.039 seconds
[2022-01-11 20:27:44,737] {processor.py:163} INFO - Started process (PID=12539) to work on /home/airflow/sandbox/lib/python3.8/site-packages/airflow/example_dags/plugins/workday.py
[2022-01-11 20:27:44,740] {processor.py:642} INFO - Processing file /home/airflow/sandbox/lib/python3.8/site-packages/airflow/example_dags/plugins/workday.py for tasks to queue
[2022-01-11 20:27:44,741] {logging_mixin.py:109} INFO - [2022-01-11 20:27:44,741] {dagbag.py:500} INFO - Filling up the DagBag from /home/airflow/sandbox/lib/python3.8/site-packages/airflow/example_dags/plugins/workday.py
[2022-01-11 20:27:44,772] {processor.py:656} WARNING - No viable dags retrieved from /home/airflow/sandbox/lib/python3.8/site-packages/airflow/example_dags/plugins/workday.py
[2022-01-11 20:27:44,776] {processor.py:171} INFO - Processing /home/airflow/sandbox/lib/python3.8/site-packages/airflow/example_dags/plugins/workday.py took 0.048 seconds
[2022-01-11 20:28:15,316] {processor.py:163} INFO - Started process (PID=12787) to work on /home/airflow/sandbox/lib/python3.8/site-packages/airflow/example_dags/plugins/workday.py
[2022-01-11 20:28:15,318] {processor.py:642} INFO - Processing file /home/airflow/sandbox/lib/python3.8/site-packages/airflow/example_dags/plugins/workday.py for tasks to queue
[2022-01-11 20:28:15,318] {logging_mixin.py:109} INFO - [2022-01-11 20:28:15,318] {dagbag.py:500} INFO - Filling up the DagBag from /home/airflow/sandbox/lib/python3.8/site-packages/airflow/example_dags/plugins/workday.py
[2022-01-11 20:28:15,366] {processor.py:656} WARNING - No viable dags retrieved from /home/airflow/sandbox/lib/python3.8/site-packages/airflow/example_dags/plugins/workday.py
[2022-01-11 20:28:15,370] {processor.py:171} INFO - Processing /home/airflow/sandbox/lib/python3.8/site-packages/airflow/example_dags/plugins/workday.py took 0.078 seconds
[2022-01-11 20:28:45,443] {processor.py:163} INFO - Started process (PID=13012) to work on /home/airflow/sandbox/lib/python3.8/site-packages/airflow/example_dags/plugins/workday.py
[2022-01-11 20:28:45,445] {processor.py:642} INFO - Processing file /home/airflow/sandbox/lib/python3.8/site-packages/airflow/example_dags/plugins/workday.py for tasks to queue
[2022-01-11 20:28:45,448] {logging_mixin.py:109} INFO - [2022-01-11 20:28:45,448] {dagbag.py:500} INFO - Filling up the DagBag from /home/airflow/sandbox/lib/python3.8/site-packages/airflow/example_dags/plugins/workday.py
[2022-01-11 20:28:45,495] {processor.py:656} WARNING - No viable dags retrieved from /home/airflow/sandbox/lib/python3.8/site-packages/airflow/example_dags/plugins/workday.py
[2022-01-11 20:28:45,503] {processor.py:171} INFO - Processing /home/airflow/sandbox/lib/python3.8/site-packages/airflow/example_dags/plugins/workday.py took 0.075 seconds
[2022-01-11 20:29:16,316] {processor.py:163} INFO - Started process (PID=13250) to work on /home/airflow/sandbox/lib/python3.8/site-packages/airflow/example_dags/plugins/workday.py
[2022-01-11 20:29:16,322] {processor.py:642} INFO - Processing file /home/airflow/sandbox/lib/python3.8/site-packages/airflow/example_dags/plugins/workday.py for tasks to queue
[2022-01-11 20:29:16,322] {logging_mixin.py:109} INFO - [2022-01-11 20:29:16,322] {dagbag.py:500} INFO - Filling up the DagBag from /home/airflow/sandbox/lib/python3.8/site-packages/airflow/example_dags/plugins/workday.py
[2022-01-11 20:29:16,421] {processor.py:656} WARNING - No viable dags retrieved from /home/airflow/sandbox/lib/python3.8/site-packages/airflow/example_dags/plugins/workday.py
[2022-01-11 20:29:16,436] {processor.py:171} INFO - Processing /home/airflow/sandbox/lib/python3.8/site-packages/airflow/example_dags/plugins/workday.py took 0.125 seconds
[2022-01-11 20:29:46,786] {processor.py:163} INFO - Started process (PID=13470) to work on /home/airflow/sandbox/lib/python3.8/site-packages/airflow/example_dags/plugins/workday.py
[2022-01-11 20:29:46,787] {processor.py:642} INFO - Processing file /home/airflow/sandbox/lib/python3.8/site-packages/airflow/example_dags/plugins/workday.py for tasks to queue
[2022-01-11 20:29:46,788] {logging_mixin.py:109} INFO - [2022-01-11 20:29:46,788] {dagbag.py:500} INFO - Filling up the DagBag from /home/airflow/sandbox/lib/python3.8/site-packages/airflow/example_dags/plugins/workday.py
[2022-01-11 20:29:46,823] {processor.py:656} WARNING - No viable dags retrieved from /home/airflow/sandbox/lib/python3.8/site-packages/airflow/example_dags/plugins/workday.py
[2022-01-11 20:29:46,825] {processor.py:171} INFO - Processing /home/airflow/sandbox/lib/python3.8/site-packages/airflow/example_dags/plugins/workday.py took 0.041 seconds
[2022-01-11 20:30:18,442] {processor.py:163} INFO - Started process (PID=13715) to work on /home/airflow/sandbox/lib/python3.8/site-packages/airflow/example_dags/plugins/workday.py
[2022-01-11 20:30:18,446] {processor.py:642} INFO - Processing file /home/airflow/sandbox/lib/python3.8/site-packages/airflow/example_dags/plugins/workday.py for tasks to queue
[2022-01-11 20:30:18,447] {logging_mixin.py:109} INFO - [2022-01-11 20:30:18,447] {dagbag.py:500} INFO - Filling up the DagBag from /home/airflow/sandbox/lib/python3.8/site-packages/airflow/example_dags/plugins/workday.py
[2022-01-11 20:30:18,509] {processor.py:656} WARNING - No viable dags retrieved from /home/airflow/sandbox/lib/python3.8/site-packages/airflow/example_dags/plugins/workday.py
[2022-01-11 20:30:18,515] {processor.py:171} INFO - Processing /home/airflow/sandbox/lib/python3.8/site-packages/airflow/example_dags/plugins/workday.py took 0.082 seconds
[2022-01-11 20:30:49,068] {processor.py:163} INFO - Started process (PID=13927) to work on /home/airflow/sandbox/lib/python3.8/site-packages/airflow/example_dags/plugins/workday.py
[2022-01-11 20:30:49,079] {processor.py:642} INFO - Processing file /home/airflow/sandbox/lib/python3.8/site-packages/airflow/example_dags/plugins/workday.py for tasks to queue
[2022-01-11 20:30:49,081] {logging_mixin.py:109} INFO - [2022-01-11 20:30:49,081] {dagbag.py:500} INFO - Filling up the DagBag from /home/airflow/sandbox/lib/python3.8/site-packages/airflow/example_dags/plugins/workday.py
[2022-01-11 20:30:49,135] {processor.py:656} WARNING - No viable dags retrieved from /home/airflow/sandbox/lib/python3.8/site-packages/airflow/example_dags/plugins/workday.py
[2022-01-11 20:30:49,140] {processor.py:171} INFO - Processing /home/airflow/sandbox/lib/python3.8/site-packages/airflow/example_dags/plugins/workday.py took 0.095 seconds
[2022-01-11 20:31:19,397] {processor.py:163} INFO - Started process (PID=14140) to work on /home/airflow/sandbox/lib/python3.8/site-packages/airflow/example_dags/plugins/workday.py
[2022-01-11 20:31:19,410] {processor.py:642} INFO - Processing file /home/airflow/sandbox/lib/python3.8/site-packages/airflow/example_dags/plugins/workday.py for tasks to queue
[2022-01-11 20:31:19,410] {logging_mixin.py:109} INFO - [2022-01-11 20:31:19,410] {dagbag.py:500} INFO - Filling up the DagBag from /home/airflow/sandbox/lib/python3.8/site-packages/airflow/example_dags/plugins/workday.py
[2022-01-11 20:31:19,451] {processor.py:656} WARNING - No viable dags retrieved from /home/airflow/sandbox/lib/python3.8/site-packages/airflow/example_dags/plugins/workday.py
[2022-01-11 20:31:19,465] {processor.py:171} INFO - Processing /home/airflow/sandbox/lib/python3.8/site-packages/airflow/example_dags/plugins/workday.py took 0.076 seconds
[2022-01-11 20:31:50,366] {processor.py:163} INFO - Started process (PID=14387) to work on /home/airflow/sandbox/lib/python3.8/site-packages/airflow/example_dags/plugins/workday.py
[2022-01-11 20:31:50,373] {processor.py:642} INFO - Processing file /home/airflow/sandbox/lib/python3.8/site-packages/airflow/example_dags/plugins/workday.py for tasks to queue
[2022-01-11 20:31:50,375] {logging_mixin.py:109} INFO - [2022-01-11 20:31:50,374] {dagbag.py:500} INFO - Filling up the DagBag from /home/airflow/sandbox/lib/python3.8/site-packages/airflow/example_dags/plugins/workday.py
[2022-01-11 20:31:50,434] {processor.py:656} WARNING - No viable dags retrieved from /home/airflow/sandbox/lib/python3.8/site-packages/airflow/example_dags/plugins/workday.py
[2022-01-11 20:31:50,456] {processor.py:171} INFO - Processing /home/airflow/sandbox/lib/python3.8/site-packages/airflow/example_dags/plugins/workday.py took 0.108 seconds
[2022-01-11 20:32:20,828] {processor.py:163} INFO - Started process (PID=14888) to work on /home/airflow/sandbox/lib/python3.8/site-packages/airflow/example_dags/plugins/workday.py
[2022-01-11 20:32:20,831] {processor.py:642} INFO - Processing file /home/airflow/sandbox/lib/python3.8/site-packages/airflow/example_dags/plugins/workday.py for tasks to queue
[2022-01-11 20:32:20,836] {logging_mixin.py:109} INFO - [2022-01-11 20:32:20,836] {dagbag.py:500} INFO - Filling up the DagBag from /home/airflow/sandbox/lib/python3.8/site-packages/airflow/example_dags/plugins/workday.py
[2022-01-11 20:32:20,880] {processor.py:656} WARNING - No viable dags retrieved from /home/airflow/sandbox/lib/python3.8/site-packages/airflow/example_dags/plugins/workday.py
[2022-01-11 20:32:20,898] {processor.py:171} INFO - Processing /home/airflow/sandbox/lib/python3.8/site-packages/airflow/example_dags/plugins/workday.py took 0.081 seconds
[2022-01-11 20:32:51,367] {processor.py:163} INFO - Started process (PID=15135) to work on /home/airflow/sandbox/lib/python3.8/site-packages/airflow/example_dags/plugins/workday.py
[2022-01-11 20:32:51,368] {processor.py:642} INFO - Processing file /home/airflow/sandbox/lib/python3.8/site-packages/airflow/example_dags/plugins/workday.py for tasks to queue
[2022-01-11 20:32:51,369] {logging_mixin.py:109} INFO - [2022-01-11 20:32:51,369] {dagbag.py:500} INFO - Filling up the DagBag from /home/airflow/sandbox/lib/python3.8/site-packages/airflow/example_dags/plugins/workday.py
[2022-01-11 20:32:51,432] {processor.py:656} WARNING - No viable dags retrieved from /home/airflow/sandbox/lib/python3.8/site-packages/airflow/example_dags/plugins/workday.py
[2022-01-11 20:32:51,450] {processor.py:171} INFO - Processing /home/airflow/sandbox/lib/python3.8/site-packages/airflow/example_dags/plugins/workday.py took 0.093 seconds
[2022-01-11 20:33:22,288] {processor.py:163} INFO - Started process (PID=15382) to work on /home/airflow/sandbox/lib/python3.8/site-packages/airflow/example_dags/plugins/workday.py
[2022-01-11 20:33:22,296] {processor.py:642} INFO - Processing file /home/airflow/sandbox/lib/python3.8/site-packages/airflow/example_dags/plugins/workday.py for tasks to queue
[2022-01-11 20:33:22,296] {logging_mixin.py:109} INFO - [2022-01-11 20:33:22,296] {dagbag.py:500} INFO - Filling up the DagBag from /home/airflow/sandbox/lib/python3.8/site-packages/airflow/example_dags/plugins/workday.py
[2022-01-11 20:33:22,339] {processor.py:656} WARNING - No viable dags retrieved from /home/airflow/sandbox/lib/python3.8/site-packages/airflow/example_dags/plugins/workday.py
[2022-01-11 20:33:22,347] {processor.py:171} INFO - Processing /home/airflow/sandbox/lib/python3.8/site-packages/airflow/example_dags/plugins/workday.py took 0.063 seconds
[2022-01-11 20:33:53,116] {processor.py:163} INFO - Started process (PID=15629) to work on /home/airflow/sandbox/lib/python3.8/site-packages/airflow/example_dags/plugins/workday.py
[2022-01-11 20:33:53,118] {processor.py:642} INFO - Processing file /home/airflow/sandbox/lib/python3.8/site-packages/airflow/example_dags/plugins/workday.py for tasks to queue
[2022-01-11 20:33:53,121] {logging_mixin.py:109} INFO - [2022-01-11 20:33:53,121] {dagbag.py:500} INFO - Filling up the DagBag from /home/airflow/sandbox/lib/python3.8/site-packages/airflow/example_dags/plugins/workday.py
[2022-01-11 20:33:53,195] {processor.py:656} WARNING - No viable dags retrieved from /home/airflow/sandbox/lib/python3.8/site-packages/airflow/example_dags/plugins/workday.py
[2022-01-11 20:33:53,205] {processor.py:171} INFO - Processing /home/airflow/sandbox/lib/python3.8/site-packages/airflow/example_dags/plugins/workday.py took 0.096 seconds
[2022-01-11 20:34:23,891] {processor.py:163} INFO - Started process (PID=15876) to work on /home/airflow/sandbox/lib/python3.8/site-packages/airflow/example_dags/plugins/workday.py
[2022-01-11 20:34:23,895] {processor.py:642} INFO - Processing file /home/airflow/sandbox/lib/python3.8/site-packages/airflow/example_dags/plugins/workday.py for tasks to queue
[2022-01-11 20:34:23,896] {logging_mixin.py:109} INFO - [2022-01-11 20:34:23,896] {dagbag.py:500} INFO - Filling up the DagBag from /home/airflow/sandbox/lib/python3.8/site-packages/airflow/example_dags/plugins/workday.py
[2022-01-11 20:34:23,962] {processor.py:656} WARNING - No viable dags retrieved from /home/airflow/sandbox/lib/python3.8/site-packages/airflow/example_dags/plugins/workday.py
[2022-01-11 20:34:23,976] {processor.py:171} INFO - Processing /home/airflow/sandbox/lib/python3.8/site-packages/airflow/example_dags/plugins/workday.py took 0.101 seconds
[2022-01-11 20:34:54,381] {processor.py:163} INFO - Started process (PID=16123) to work on /home/airflow/sandbox/lib/python3.8/site-packages/airflow/example_dags/plugins/workday.py
[2022-01-11 20:34:54,384] {processor.py:642} INFO - Processing file /home/airflow/sandbox/lib/python3.8/site-packages/airflow/example_dags/plugins/workday.py for tasks to queue
[2022-01-11 20:34:54,386] {logging_mixin.py:109} INFO - [2022-01-11 20:34:54,386] {dagbag.py:500} INFO - Filling up the DagBag from /home/airflow/sandbox/lib/python3.8/site-packages/airflow/example_dags/plugins/workday.py
[2022-01-11 20:34:54,443] {processor.py:656} WARNING - No viable dags retrieved from /home/airflow/sandbox/lib/python3.8/site-packages/airflow/example_dags/plugins/workday.py
[2022-01-11 20:34:54,461] {processor.py:171} INFO - Processing /home/airflow/sandbox/lib/python3.8/site-packages/airflow/example_dags/plugins/workday.py took 0.100 seconds
[2022-01-11 20:35:24,532] {processor.py:163} INFO - Started process (PID=16374) to work on /home/airflow/sandbox/lib/python3.8/site-packages/airflow/example_dags/plugins/workday.py
[2022-01-11 20:35:24,533] {processor.py:642} INFO - Processing file /home/airflow/sandbox/lib/python3.8/site-packages/airflow/example_dags/plugins/workday.py for tasks to queue
[2022-01-11 20:35:24,536] {logging_mixin.py:109} INFO - [2022-01-11 20:35:24,536] {dagbag.py:500} INFO - Filling up the DagBag from /home/airflow/sandbox/lib/python3.8/site-packages/airflow/example_dags/plugins/workday.py
[2022-01-11 20:35:24,609] {processor.py:656} WARNING - No viable dags retrieved from /home/airflow/sandbox/lib/python3.8/site-packages/airflow/example_dags/plugins/workday.py
[2022-01-11 20:35:24,629] {processor.py:171} INFO - Processing /home/airflow/sandbox/lib/python3.8/site-packages/airflow/example_dags/plugins/workday.py took 0.101 seconds
[2022-01-11 20:35:55,334] {processor.py:163} INFO - Started process (PID=16621) to work on /home/airflow/sandbox/lib/python3.8/site-packages/airflow/example_dags/plugins/workday.py
[2022-01-11 20:35:55,337] {processor.py:642} INFO - Processing file /home/airflow/sandbox/lib/python3.8/site-packages/airflow/example_dags/plugins/workday.py for tasks to queue
[2022-01-11 20:35:55,339] {logging_mixin.py:109} INFO - [2022-01-11 20:35:55,339] {dagbag.py:500} INFO - Filling up the DagBag from /home/airflow/sandbox/lib/python3.8/site-packages/airflow/example_dags/plugins/workday.py
[2022-01-11 20:35:55,379] {processor.py:656} WARNING - No viable dags retrieved from /home/airflow/sandbox/lib/python3.8/site-packages/airflow/example_dags/plugins/workday.py
[2022-01-11 20:35:55,384] {processor.py:171} INFO - Processing /home/airflow/sandbox/lib/python3.8/site-packages/airflow/example_dags/plugins/workday.py took 0.054 seconds
[2022-01-11 20:36:26,148] {processor.py:163} INFO - Started process (PID=16874) to work on /home/airflow/sandbox/lib/python3.8/site-packages/airflow/example_dags/plugins/workday.py
[2022-01-11 20:36:26,153] {processor.py:642} INFO - Processing file /home/airflow/sandbox/lib/python3.8/site-packages/airflow/example_dags/plugins/workday.py for tasks to queue
[2022-01-11 20:36:26,155] {logging_mixin.py:109} INFO - [2022-01-11 20:36:26,155] {dagbag.py:500} INFO - Filling up the DagBag from /home/airflow/sandbox/lib/python3.8/site-packages/airflow/example_dags/plugins/workday.py
[2022-01-11 20:36:26,238] {processor.py:656} WARNING - No viable dags retrieved from /home/airflow/sandbox/lib/python3.8/site-packages/airflow/example_dags/plugins/workday.py
[2022-01-11 20:36:26,245] {processor.py:171} INFO - Processing /home/airflow/sandbox/lib/python3.8/site-packages/airflow/example_dags/plugins/workday.py took 0.111 seconds
[2022-01-11 20:36:56,641] {processor.py:163} INFO - Started process (PID=17121) to work on /home/airflow/sandbox/lib/python3.8/site-packages/airflow/example_dags/plugins/workday.py
[2022-01-11 20:36:56,643] {processor.py:642} INFO - Processing file /home/airflow/sandbox/lib/python3.8/site-packages/airflow/example_dags/plugins/workday.py for tasks to queue
[2022-01-11 20:36:56,643] {logging_mixin.py:109} INFO - [2022-01-11 20:36:56,643] {dagbag.py:500} INFO - Filling up the DagBag from /home/airflow/sandbox/lib/python3.8/site-packages/airflow/example_dags/plugins/workday.py
[2022-01-11 20:36:56,692] {processor.py:656} WARNING - No viable dags retrieved from /home/airflow/sandbox/lib/python3.8/site-packages/airflow/example_dags/plugins/workday.py
[2022-01-11 20:36:56,707] {processor.py:171} INFO - Processing /home/airflow/sandbox/lib/python3.8/site-packages/airflow/example_dags/plugins/workday.py took 0.085 seconds
[2022-01-11 20:37:27,090] {processor.py:163} INFO - Started process (PID=17624) to work on /home/airflow/sandbox/lib/python3.8/site-packages/airflow/example_dags/plugins/workday.py
[2022-01-11 20:37:27,095] {processor.py:642} INFO - Processing file /home/airflow/sandbox/lib/python3.8/site-packages/airflow/example_dags/plugins/workday.py for tasks to queue
[2022-01-11 20:37:27,098] {logging_mixin.py:109} INFO - [2022-01-11 20:37:27,097] {dagbag.py:500} INFO - Filling up the DagBag from /home/airflow/sandbox/lib/python3.8/site-packages/airflow/example_dags/plugins/workday.py
[2022-01-11 20:37:27,212] {processor.py:656} WARNING - No viable dags retrieved from /home/airflow/sandbox/lib/python3.8/site-packages/airflow/example_dags/plugins/workday.py
[2022-01-11 20:37:27,238] {processor.py:171} INFO - Processing /home/airflow/sandbox/lib/python3.8/site-packages/airflow/example_dags/plugins/workday.py took 0.158 seconds
[2022-01-11 20:37:57,536] {processor.py:163} INFO - Started process (PID=17871) to work on /home/airflow/sandbox/lib/python3.8/site-packages/airflow/example_dags/plugins/workday.py
[2022-01-11 20:37:57,543] {processor.py:642} INFO - Processing file /home/airflow/sandbox/lib/python3.8/site-packages/airflow/example_dags/plugins/workday.py for tasks to queue
[2022-01-11 20:37:57,547] {logging_mixin.py:109} INFO - [2022-01-11 20:37:57,546] {dagbag.py:500} INFO - Filling up the DagBag from /home/airflow/sandbox/lib/python3.8/site-packages/airflow/example_dags/plugins/workday.py
[2022-01-11 20:37:57,645] {processor.py:656} WARNING - No viable dags retrieved from /home/airflow/sandbox/lib/python3.8/site-packages/airflow/example_dags/plugins/workday.py
[2022-01-11 20:37:57,661] {processor.py:171} INFO - Processing /home/airflow/sandbox/lib/python3.8/site-packages/airflow/example_dags/plugins/workday.py took 0.130 seconds
[2022-01-11 20:38:28,463] {processor.py:163} INFO - Started process (PID=18125) to work on /home/airflow/sandbox/lib/python3.8/site-packages/airflow/example_dags/plugins/workday.py
[2022-01-11 20:38:28,467] {processor.py:642} INFO - Processing file /home/airflow/sandbox/lib/python3.8/site-packages/airflow/example_dags/plugins/workday.py for tasks to queue
[2022-01-11 20:38:28,472] {logging_mixin.py:109} INFO - [2022-01-11 20:38:28,471] {dagbag.py:500} INFO - Filling up the DagBag from /home/airflow/sandbox/lib/python3.8/site-packages/airflow/example_dags/plugins/workday.py
[2022-01-11 20:38:28,530] {processor.py:656} WARNING - No viable dags retrieved from /home/airflow/sandbox/lib/python3.8/site-packages/airflow/example_dags/plugins/workday.py
[2022-01-11 20:38:28,544] {processor.py:171} INFO - Processing /home/airflow/sandbox/lib/python3.8/site-packages/airflow/example_dags/plugins/workday.py took 0.098 seconds
[2022-01-11 20:38:59,056] {processor.py:163} INFO - Started process (PID=18372) to work on /home/airflow/sandbox/lib/python3.8/site-packages/airflow/example_dags/plugins/workday.py
[2022-01-11 20:38:59,058] {processor.py:642} INFO - Processing file /home/airflow/sandbox/lib/python3.8/site-packages/airflow/example_dags/plugins/workday.py for tasks to queue
[2022-01-11 20:38:59,068] {logging_mixin.py:109} INFO - [2022-01-11 20:38:59,067] {dagbag.py:500} INFO - Filling up the DagBag from /home/airflow/sandbox/lib/python3.8/site-packages/airflow/example_dags/plugins/workday.py
[2022-01-11 20:38:59,178] {processor.py:656} WARNING - No viable dags retrieved from /home/airflow/sandbox/lib/python3.8/site-packages/airflow/example_dags/plugins/workday.py
[2022-01-11 20:38:59,191] {processor.py:171} INFO - Processing /home/airflow/sandbox/lib/python3.8/site-packages/airflow/example_dags/plugins/workday.py took 0.146 seconds
[2022-01-11 20:39:29,232] {processor.py:163} INFO - Started process (PID=18619) to work on /home/airflow/sandbox/lib/python3.8/site-packages/airflow/example_dags/plugins/workday.py
[2022-01-11 20:39:29,233] {processor.py:642} INFO - Processing file /home/airflow/sandbox/lib/python3.8/site-packages/airflow/example_dags/plugins/workday.py for tasks to queue
[2022-01-11 20:39:29,233] {logging_mixin.py:109} INFO - [2022-01-11 20:39:29,233] {dagbag.py:500} INFO - Filling up the DagBag from /home/airflow/sandbox/lib/python3.8/site-packages/airflow/example_dags/plugins/workday.py
[2022-01-11 20:39:29,264] {processor.py:656} WARNING - No viable dags retrieved from /home/airflow/sandbox/lib/python3.8/site-packages/airflow/example_dags/plugins/workday.py
[2022-01-11 20:39:29,271] {processor.py:171} INFO - Processing /home/airflow/sandbox/lib/python3.8/site-packages/airflow/example_dags/plugins/workday.py took 0.046 seconds
[2022-01-11 20:39:59,609] {processor.py:163} INFO - Started process (PID=18867) to work on /home/airflow/sandbox/lib/python3.8/site-packages/airflow/example_dags/plugins/workday.py
[2022-01-11 20:39:59,612] {processor.py:642} INFO - Processing file /home/airflow/sandbox/lib/python3.8/site-packages/airflow/example_dags/plugins/workday.py for tasks to queue
[2022-01-11 20:39:59,613] {logging_mixin.py:109} INFO - [2022-01-11 20:39:59,613] {dagbag.py:500} INFO - Filling up the DagBag from /home/airflow/sandbox/lib/python3.8/site-packages/airflow/example_dags/plugins/workday.py
[2022-01-11 20:39:59,691] {processor.py:656} WARNING - No viable dags retrieved from /home/airflow/sandbox/lib/python3.8/site-packages/airflow/example_dags/plugins/workday.py
[2022-01-11 20:39:59,701] {processor.py:171} INFO - Processing /home/airflow/sandbox/lib/python3.8/site-packages/airflow/example_dags/plugins/workday.py took 0.096 seconds
[2022-01-11 20:40:30,034] {processor.py:163} INFO - Started process (PID=19121) to work on /home/airflow/sandbox/lib/python3.8/site-packages/airflow/example_dags/plugins/workday.py
[2022-01-11 20:40:30,037] {processor.py:642} INFO - Processing file /home/airflow/sandbox/lib/python3.8/site-packages/airflow/example_dags/plugins/workday.py for tasks to queue
[2022-01-11 20:40:30,039] {logging_mixin.py:109} INFO - [2022-01-11 20:40:30,039] {dagbag.py:500} INFO - Filling up the DagBag from /home/airflow/sandbox/lib/python3.8/site-packages/airflow/example_dags/plugins/workday.py
[2022-01-11 20:40:30,127] {processor.py:656} WARNING - No viable dags retrieved from /home/airflow/sandbox/lib/python3.8/site-packages/airflow/example_dags/plugins/workday.py
[2022-01-11 20:40:30,144] {processor.py:171} INFO - Processing /home/airflow/sandbox/lib/python3.8/site-packages/airflow/example_dags/plugins/workday.py took 0.122 seconds
[2022-01-11 20:41:00,498] {processor.py:163} INFO - Started process (PID=19368) to work on /home/airflow/sandbox/lib/python3.8/site-packages/airflow/example_dags/plugins/workday.py
[2022-01-11 20:41:00,505] {processor.py:642} INFO - Processing file /home/airflow/sandbox/lib/python3.8/site-packages/airflow/example_dags/plugins/workday.py for tasks to queue
[2022-01-11 20:41:00,512] {logging_mixin.py:109} INFO - [2022-01-11 20:41:00,511] {dagbag.py:500} INFO - Filling up the DagBag from /home/airflow/sandbox/lib/python3.8/site-packages/airflow/example_dags/plugins/workday.py
[2022-01-11 20:41:00,558] {processor.py:656} WARNING - No viable dags retrieved from /home/airflow/sandbox/lib/python3.8/site-packages/airflow/example_dags/plugins/workday.py
[2022-01-11 20:41:00,572] {processor.py:171} INFO - Processing /home/airflow/sandbox/lib/python3.8/site-packages/airflow/example_dags/plugins/workday.py took 0.089 seconds
[2022-01-11 20:41:30,749] {processor.py:163} INFO - Started process (PID=19616) to work on /home/airflow/sandbox/lib/python3.8/site-packages/airflow/example_dags/plugins/workday.py
[2022-01-11 20:41:30,756] {processor.py:642} INFO - Processing file /home/airflow/sandbox/lib/python3.8/site-packages/airflow/example_dags/plugins/workday.py for tasks to queue
[2022-01-11 20:41:30,758] {logging_mixin.py:109} INFO - [2022-01-11 20:41:30,757] {dagbag.py:500} INFO - Filling up the DagBag from /home/airflow/sandbox/lib/python3.8/site-packages/airflow/example_dags/plugins/workday.py
[2022-01-11 20:41:30,821] {processor.py:656} WARNING - No viable dags retrieved from /home/airflow/sandbox/lib/python3.8/site-packages/airflow/example_dags/plugins/workday.py
[2022-01-11 20:41:30,840] {processor.py:171} INFO - Processing /home/airflow/sandbox/lib/python3.8/site-packages/airflow/example_dags/plugins/workday.py took 0.096 seconds
[2022-01-11 20:42:01,086] {processor.py:163} INFO - Started process (PID=19863) to work on /home/airflow/sandbox/lib/python3.8/site-packages/airflow/example_dags/plugins/workday.py
[2022-01-11 20:42:01,104] {processor.py:642} INFO - Processing file /home/airflow/sandbox/lib/python3.8/site-packages/airflow/example_dags/plugins/workday.py for tasks to queue
[2022-01-11 20:42:01,104] {logging_mixin.py:109} INFO - [2022-01-11 20:42:01,104] {dagbag.py:500} INFO - Filling up the DagBag from /home/airflow/sandbox/lib/python3.8/site-packages/airflow/example_dags/plugins/workday.py
[2022-01-11 20:42:01,167] {processor.py:656} WARNING - No viable dags retrieved from /home/airflow/sandbox/lib/python3.8/site-packages/airflow/example_dags/plugins/workday.py
[2022-01-11 20:42:01,176] {processor.py:171} INFO - Processing /home/airflow/sandbox/lib/python3.8/site-packages/airflow/example_dags/plugins/workday.py took 0.095 seconds
[2022-01-11 20:42:32,161] {processor.py:163} INFO - Started process (PID=20368) to work on /home/airflow/sandbox/lib/python3.8/site-packages/airflow/example_dags/plugins/workday.py
[2022-01-11 20:42:32,171] {processor.py:642} INFO - Processing file /home/airflow/sandbox/lib/python3.8/site-packages/airflow/example_dags/plugins/workday.py for tasks to queue
[2022-01-11 20:42:32,172] {logging_mixin.py:109} INFO - [2022-01-11 20:42:32,172] {dagbag.py:500} INFO - Filling up the DagBag from /home/airflow/sandbox/lib/python3.8/site-packages/airflow/example_dags/plugins/workday.py
[2022-01-11 20:42:32,251] {processor.py:656} WARNING - No viable dags retrieved from /home/airflow/sandbox/lib/python3.8/site-packages/airflow/example_dags/plugins/workday.py
[2022-01-11 20:42:32,270] {processor.py:171} INFO - Processing /home/airflow/sandbox/lib/python3.8/site-packages/airflow/example_dags/plugins/workday.py took 0.113 seconds
[2022-01-11 20:43:02,335] {processor.py:163} INFO - Started process (PID=20615) to work on /home/airflow/sandbox/lib/python3.8/site-packages/airflow/example_dags/plugins/workday.py
[2022-01-11 20:43:02,340] {processor.py:642} INFO - Processing file /home/airflow/sandbox/lib/python3.8/site-packages/airflow/example_dags/plugins/workday.py for tasks to queue
[2022-01-11 20:43:02,340] {logging_mixin.py:109} INFO - [2022-01-11 20:43:02,340] {dagbag.py:500} INFO - Filling up the DagBag from /home/airflow/sandbox/lib/python3.8/site-packages/airflow/example_dags/plugins/workday.py
[2022-01-11 20:43:02,423] {processor.py:656} WARNING - No viable dags retrieved from /home/airflow/sandbox/lib/python3.8/site-packages/airflow/example_dags/plugins/workday.py
[2022-01-11 20:43:02,431] {processor.py:171} INFO - Processing /home/airflow/sandbox/lib/python3.8/site-packages/airflow/example_dags/plugins/workday.py took 0.099 seconds
[2022-01-11 20:43:33,252] {processor.py:163} INFO - Started process (PID=20865) to work on /home/airflow/sandbox/lib/python3.8/site-packages/airflow/example_dags/plugins/workday.py
[2022-01-11 20:43:33,253] {processor.py:642} INFO - Processing file /home/airflow/sandbox/lib/python3.8/site-packages/airflow/example_dags/plugins/workday.py for tasks to queue
[2022-01-11 20:43:33,260] {logging_mixin.py:109} INFO - [2022-01-11 20:43:33,259] {dagbag.py:500} INFO - Filling up the DagBag from /home/airflow/sandbox/lib/python3.8/site-packages/airflow/example_dags/plugins/workday.py
[2022-01-11 20:43:33,366] {processor.py:656} WARNING - No viable dags retrieved from /home/airflow/sandbox/lib/python3.8/site-packages/airflow/example_dags/plugins/workday.py
[2022-01-11 20:43:33,388] {processor.py:171} INFO - Processing /home/airflow/sandbox/lib/python3.8/site-packages/airflow/example_dags/plugins/workday.py took 0.151 seconds
[2022-01-11 20:44:03,468] {processor.py:163} INFO - Started process (PID=21115) to work on /home/airflow/sandbox/lib/python3.8/site-packages/airflow/example_dags/plugins/workday.py
[2022-01-11 20:44:03,472] {processor.py:642} INFO - Processing file /home/airflow/sandbox/lib/python3.8/site-packages/airflow/example_dags/plugins/workday.py for tasks to queue
[2022-01-11 20:44:03,472] {logging_mixin.py:109} INFO - [2022-01-11 20:44:03,472] {dagbag.py:500} INFO - Filling up the DagBag from /home/airflow/sandbox/lib/python3.8/site-packages/airflow/example_dags/plugins/workday.py
[2022-01-11 20:44:03,529] {processor.py:656} WARNING - No viable dags retrieved from /home/airflow/sandbox/lib/python3.8/site-packages/airflow/example_dags/plugins/workday.py
[2022-01-11 20:44:03,536] {processor.py:171} INFO - Processing /home/airflow/sandbox/lib/python3.8/site-packages/airflow/example_dags/plugins/workday.py took 0.075 seconds
[2022-01-11 20:44:34,394] {processor.py:163} INFO - Started process (PID=21363) to work on /home/airflow/sandbox/lib/python3.8/site-packages/airflow/example_dags/plugins/workday.py
[2022-01-11 20:44:34,400] {processor.py:642} INFO - Processing file /home/airflow/sandbox/lib/python3.8/site-packages/airflow/example_dags/plugins/workday.py for tasks to queue
[2022-01-11 20:44:34,403] {logging_mixin.py:109} INFO - [2022-01-11 20:44:34,403] {dagbag.py:500} INFO - Filling up the DagBag from /home/airflow/sandbox/lib/python3.8/site-packages/airflow/example_dags/plugins/workday.py
[2022-01-11 20:44:34,481] {processor.py:656} WARNING - No viable dags retrieved from /home/airflow/sandbox/lib/python3.8/site-packages/airflow/example_dags/plugins/workday.py
[2022-01-11 20:44:34,499] {processor.py:171} INFO - Processing /home/airflow/sandbox/lib/python3.8/site-packages/airflow/example_dags/plugins/workday.py took 0.108 seconds
[2022-01-11 20:45:04,562] {processor.py:163} INFO - Started process (PID=21619) to work on /home/airflow/sandbox/lib/python3.8/site-packages/airflow/example_dags/plugins/workday.py
[2022-01-11 20:45:04,563] {processor.py:642} INFO - Processing file /home/airflow/sandbox/lib/python3.8/site-packages/airflow/example_dags/plugins/workday.py for tasks to queue
[2022-01-11 20:45:04,567] {logging_mixin.py:109} INFO - [2022-01-11 20:45:04,567] {dagbag.py:500} INFO - Filling up the DagBag from /home/airflow/sandbox/lib/python3.8/site-packages/airflow/example_dags/plugins/workday.py
[2022-01-11 20:45:04,632] {processor.py:656} WARNING - No viable dags retrieved from /home/airflow/sandbox/lib/python3.8/site-packages/airflow/example_dags/plugins/workday.py
[2022-01-11 20:45:04,646] {processor.py:171} INFO - Processing /home/airflow/sandbox/lib/python3.8/site-packages/airflow/example_dags/plugins/workday.py took 0.087 seconds
[2022-01-11 20:45:34,862] {processor.py:163} INFO - Started process (PID=21860) to work on /home/airflow/sandbox/lib/python3.8/site-packages/airflow/example_dags/plugins/workday.py
[2022-01-11 20:45:34,864] {processor.py:642} INFO - Processing file /home/airflow/sandbox/lib/python3.8/site-packages/airflow/example_dags/plugins/workday.py for tasks to queue
[2022-01-11 20:45:34,868] {logging_mixin.py:109} INFO - [2022-01-11 20:45:34,867] {dagbag.py:500} INFO - Filling up the DagBag from /home/airflow/sandbox/lib/python3.8/site-packages/airflow/example_dags/plugins/workday.py
[2022-01-11 20:45:34,925] {processor.py:656} WARNING - No viable dags retrieved from /home/airflow/sandbox/lib/python3.8/site-packages/airflow/example_dags/plugins/workday.py
[2022-01-11 20:45:34,927] {processor.py:171} INFO - Processing /home/airflow/sandbox/lib/python3.8/site-packages/airflow/example_dags/plugins/workday.py took 0.081 seconds
[2022-01-11 20:46:05,387] {processor.py:163} INFO - Started process (PID=22108) to work on /home/airflow/sandbox/lib/python3.8/site-packages/airflow/example_dags/plugins/workday.py
[2022-01-11 20:46:05,391] {processor.py:642} INFO - Processing file /home/airflow/sandbox/lib/python3.8/site-packages/airflow/example_dags/plugins/workday.py for tasks to queue
[2022-01-11 20:46:05,396] {logging_mixin.py:109} INFO - [2022-01-11 20:46:05,396] {dagbag.py:500} INFO - Filling up the DagBag from /home/airflow/sandbox/lib/python3.8/site-packages/airflow/example_dags/plugins/workday.py
[2022-01-11 20:46:05,454] {processor.py:656} WARNING - No viable dags retrieved from /home/airflow/sandbox/lib/python3.8/site-packages/airflow/example_dags/plugins/workday.py
[2022-01-11 20:46:05,473] {processor.py:171} INFO - Processing /home/airflow/sandbox/lib/python3.8/site-packages/airflow/example_dags/plugins/workday.py took 0.099 seconds
[2022-01-11 20:46:35,830] {processor.py:163} INFO - Started process (PID=22359) to work on /home/airflow/sandbox/lib/python3.8/site-packages/airflow/example_dags/plugins/workday.py
[2022-01-11 20:46:35,838] {processor.py:642} INFO - Processing file /home/airflow/sandbox/lib/python3.8/site-packages/airflow/example_dags/plugins/workday.py for tasks to queue
[2022-01-11 20:46:35,846] {logging_mixin.py:109} INFO - [2022-01-11 20:46:35,846] {dagbag.py:500} INFO - Filling up the DagBag from /home/airflow/sandbox/lib/python3.8/site-packages/airflow/example_dags/plugins/workday.py
[2022-01-11 20:46:35,919] {processor.py:656} WARNING - No viable dags retrieved from /home/airflow/sandbox/lib/python3.8/site-packages/airflow/example_dags/plugins/workday.py
[2022-01-11 20:46:35,924] {processor.py:171} INFO - Processing /home/airflow/sandbox/lib/python3.8/site-packages/airflow/example_dags/plugins/workday.py took 0.097 seconds
[2022-01-11 20:47:07,041] {processor.py:163} INFO - Started process (PID=22729) to work on /home/airflow/sandbox/lib/python3.8/site-packages/airflow/example_dags/plugins/workday.py
[2022-01-11 20:47:07,050] {processor.py:642} INFO - Processing file /home/airflow/sandbox/lib/python3.8/site-packages/airflow/example_dags/plugins/workday.py for tasks to queue
[2022-01-11 20:47:07,051] {logging_mixin.py:109} INFO - [2022-01-11 20:47:07,050] {dagbag.py:500} INFO - Filling up the DagBag from /home/airflow/sandbox/lib/python3.8/site-packages/airflow/example_dags/plugins/workday.py
[2022-01-11 20:47:07,116] {processor.py:656} WARNING - No viable dags retrieved from /home/airflow/sandbox/lib/python3.8/site-packages/airflow/example_dags/plugins/workday.py
[2022-01-11 20:47:07,119] {processor.py:171} INFO - Processing /home/airflow/sandbox/lib/python3.8/site-packages/airflow/example_dags/plugins/workday.py took 0.104 seconds
[2022-01-11 20:47:37,994] {processor.py:163} INFO - Started process (PID=23101) to work on /home/airflow/sandbox/lib/python3.8/site-packages/airflow/example_dags/plugins/workday.py
[2022-01-11 20:47:38,000] {processor.py:642} INFO - Processing file /home/airflow/sandbox/lib/python3.8/site-packages/airflow/example_dags/plugins/workday.py for tasks to queue
[2022-01-11 20:47:38,004] {logging_mixin.py:109} INFO - [2022-01-11 20:47:38,004] {dagbag.py:500} INFO - Filling up the DagBag from /home/airflow/sandbox/lib/python3.8/site-packages/airflow/example_dags/plugins/workday.py
[2022-01-11 20:47:38,078] {processor.py:656} WARNING - No viable dags retrieved from /home/airflow/sandbox/lib/python3.8/site-packages/airflow/example_dags/plugins/workday.py
[2022-01-11 20:47:38,086] {processor.py:171} INFO - Processing /home/airflow/sandbox/lib/python3.8/site-packages/airflow/example_dags/plugins/workday.py took 0.109 seconds
[2022-01-11 20:48:08,703] {processor.py:163} INFO - Started process (PID=23344) to work on /home/airflow/sandbox/lib/python3.8/site-packages/airflow/example_dags/plugins/workday.py
[2022-01-11 20:48:08,709] {processor.py:642} INFO - Processing file /home/airflow/sandbox/lib/python3.8/site-packages/airflow/example_dags/plugins/workday.py for tasks to queue
[2022-01-11 20:48:08,711] {logging_mixin.py:109} INFO - [2022-01-11 20:48:08,711] {dagbag.py:500} INFO - Filling up the DagBag from /home/airflow/sandbox/lib/python3.8/site-packages/airflow/example_dags/plugins/workday.py
[2022-01-11 20:48:08,761] {processor.py:656} WARNING - No viable dags retrieved from /home/airflow/sandbox/lib/python3.8/site-packages/airflow/example_dags/plugins/workday.py
[2022-01-11 20:48:08,765] {processor.py:171} INFO - Processing /home/airflow/sandbox/lib/python3.8/site-packages/airflow/example_dags/plugins/workday.py took 0.071 seconds
[2022-01-11 20:48:38,891] {processor.py:163} INFO - Started process (PID=23591) to work on /home/airflow/sandbox/lib/python3.8/site-packages/airflow/example_dags/plugins/workday.py
[2022-01-11 20:48:38,892] {processor.py:642} INFO - Processing file /home/airflow/sandbox/lib/python3.8/site-packages/airflow/example_dags/plugins/workday.py for tasks to queue
[2022-01-11 20:48:38,894] {logging_mixin.py:109} INFO - [2022-01-11 20:48:38,894] {dagbag.py:500} INFO - Filling up the DagBag from /home/airflow/sandbox/lib/python3.8/site-packages/airflow/example_dags/plugins/workday.py
[2022-01-11 20:48:38,951] {processor.py:656} WARNING - No viable dags retrieved from /home/airflow/sandbox/lib/python3.8/site-packages/airflow/example_dags/plugins/workday.py
[2022-01-11 20:48:38,960] {processor.py:171} INFO - Processing /home/airflow/sandbox/lib/python3.8/site-packages/airflow/example_dags/plugins/workday.py took 0.085 seconds
[2022-01-11 20:49:10,569] {processor.py:163} INFO - Started process (PID=23841) to work on /home/airflow/sandbox/lib/python3.8/site-packages/airflow/example_dags/plugins/workday.py
[2022-01-11 20:49:10,580] {processor.py:642} INFO - Processing file /home/airflow/sandbox/lib/python3.8/site-packages/airflow/example_dags/plugins/workday.py for tasks to queue
[2022-01-11 20:49:10,581] {logging_mixin.py:109} INFO - [2022-01-11 20:49:10,581] {dagbag.py:500} INFO - Filling up the DagBag from /home/airflow/sandbox/lib/python3.8/site-packages/airflow/example_dags/plugins/workday.py
[2022-01-11 20:49:10,620] {processor.py:656} WARNING - No viable dags retrieved from /home/airflow/sandbox/lib/python3.8/site-packages/airflow/example_dags/plugins/workday.py
[2022-01-11 20:49:10,625] {processor.py:171} INFO - Processing /home/airflow/sandbox/lib/python3.8/site-packages/airflow/example_dags/plugins/workday.py took 0.065 seconds
[2022-01-11 20:49:41,025] {processor.py:163} INFO - Started process (PID=24023) to work on /home/airflow/sandbox/lib/python3.8/site-packages/airflow/example_dags/plugins/workday.py
[2022-01-11 20:49:41,028] {processor.py:642} INFO - Processing file /home/airflow/sandbox/lib/python3.8/site-packages/airflow/example_dags/plugins/workday.py for tasks to queue
[2022-01-11 20:49:41,028] {logging_mixin.py:109} INFO - [2022-01-11 20:49:41,028] {dagbag.py:500} INFO - Filling up the DagBag from /home/airflow/sandbox/lib/python3.8/site-packages/airflow/example_dags/plugins/workday.py
[2022-01-11 20:49:41,068] {processor.py:656} WARNING - No viable dags retrieved from /home/airflow/sandbox/lib/python3.8/site-packages/airflow/example_dags/plugins/workday.py
[2022-01-11 20:49:41,080] {processor.py:171} INFO - Processing /home/airflow/sandbox/lib/python3.8/site-packages/airflow/example_dags/plugins/workday.py took 0.071 seconds
[2022-01-11 20:50:11,375] {processor.py:163} INFO - Started process (PID=24248) to work on /home/airflow/sandbox/lib/python3.8/site-packages/airflow/example_dags/plugins/workday.py
[2022-01-11 20:50:11,377] {processor.py:642} INFO - Processing file /home/airflow/sandbox/lib/python3.8/site-packages/airflow/example_dags/plugins/workday.py for tasks to queue
[2022-01-11 20:50:11,392] {logging_mixin.py:109} INFO - [2022-01-11 20:50:11,391] {dagbag.py:500} INFO - Filling up the DagBag from /home/airflow/sandbox/lib/python3.8/site-packages/airflow/example_dags/plugins/workday.py
[2022-01-11 20:50:11,472] {processor.py:656} WARNING - No viable dags retrieved from /home/airflow/sandbox/lib/python3.8/site-packages/airflow/example_dags/plugins/workday.py
[2022-01-11 20:50:11,475] {processor.py:171} INFO - Processing /home/airflow/sandbox/lib/python3.8/site-packages/airflow/example_dags/plugins/workday.py took 0.107 seconds
[2022-01-11 20:50:41,850] {processor.py:163} INFO - Started process (PID=24491) to work on /home/airflow/sandbox/lib/python3.8/site-packages/airflow/example_dags/plugins/workday.py
[2022-01-11 20:50:41,860] {processor.py:642} INFO - Processing file /home/airflow/sandbox/lib/python3.8/site-packages/airflow/example_dags/plugins/workday.py for tasks to queue
[2022-01-11 20:50:41,860] {logging_mixin.py:109} INFO - [2022-01-11 20:50:41,860] {dagbag.py:500} INFO - Filling up the DagBag from /home/airflow/sandbox/lib/python3.8/site-packages/airflow/example_dags/plugins/workday.py
[2022-01-11 20:50:41,898] {processor.py:656} WARNING - No viable dags retrieved from /home/airflow/sandbox/lib/python3.8/site-packages/airflow/example_dags/plugins/workday.py
[2022-01-11 20:50:41,906] {processor.py:171} INFO - Processing /home/airflow/sandbox/lib/python3.8/site-packages/airflow/example_dags/plugins/workday.py took 0.059 seconds
[2022-01-11 20:51:12,864] {processor.py:163} INFO - Started process (PID=24739) to work on /home/airflow/sandbox/lib/python3.8/site-packages/airflow/example_dags/plugins/workday.py
[2022-01-11 20:51:12,887] {processor.py:642} INFO - Processing file /home/airflow/sandbox/lib/python3.8/site-packages/airflow/example_dags/plugins/workday.py for tasks to queue
[2022-01-11 20:51:12,893] {logging_mixin.py:109} INFO - [2022-01-11 20:51:12,893] {dagbag.py:500} INFO - Filling up the DagBag from /home/airflow/sandbox/lib/python3.8/site-packages/airflow/example_dags/plugins/workday.py
[2022-01-11 20:51:13,007] {processor.py:656} WARNING - No viable dags retrieved from /home/airflow/sandbox/lib/python3.8/site-packages/airflow/example_dags/plugins/workday.py
[2022-01-11 20:51:13,013] {processor.py:171} INFO - Processing /home/airflow/sandbox/lib/python3.8/site-packages/airflow/example_dags/plugins/workday.py took 0.157 seconds
[2022-01-11 20:51:43,393] {processor.py:163} INFO - Started process (PID=24992) to work on /home/airflow/sandbox/lib/python3.8/site-packages/airflow/example_dags/plugins/workday.py
[2022-01-11 20:51:43,394] {processor.py:642} INFO - Processing file /home/airflow/sandbox/lib/python3.8/site-packages/airflow/example_dags/plugins/workday.py for tasks to queue
[2022-01-11 20:51:43,396] {logging_mixin.py:109} INFO - [2022-01-11 20:51:43,396] {dagbag.py:500} INFO - Filling up the DagBag from /home/airflow/sandbox/lib/python3.8/site-packages/airflow/example_dags/plugins/workday.py
[2022-01-11 20:51:43,435] {processor.py:656} WARNING - No viable dags retrieved from /home/airflow/sandbox/lib/python3.8/site-packages/airflow/example_dags/plugins/workday.py
[2022-01-11 20:51:43,442] {processor.py:171} INFO - Processing /home/airflow/sandbox/lib/python3.8/site-packages/airflow/example_dags/plugins/workday.py took 0.062 seconds
[2022-01-11 20:52:13,898] {processor.py:163} INFO - Started process (PID=25497) to work on /home/airflow/sandbox/lib/python3.8/site-packages/airflow/example_dags/plugins/workday.py
[2022-01-11 20:52:13,906] {processor.py:642} INFO - Processing file /home/airflow/sandbox/lib/python3.8/site-packages/airflow/example_dags/plugins/workday.py for tasks to queue
[2022-01-11 20:52:13,914] {logging_mixin.py:109} INFO - [2022-01-11 20:52:13,914] {dagbag.py:500} INFO - Filling up the DagBag from /home/airflow/sandbox/lib/python3.8/site-packages/airflow/example_dags/plugins/workday.py
[2022-01-11 20:52:13,965] {processor.py:656} WARNING - No viable dags retrieved from /home/airflow/sandbox/lib/python3.8/site-packages/airflow/example_dags/plugins/workday.py
[2022-01-11 20:52:13,979] {processor.py:171} INFO - Processing /home/airflow/sandbox/lib/python3.8/site-packages/airflow/example_dags/plugins/workday.py took 0.084 seconds
[2022-01-11 20:52:44,268] {processor.py:163} INFO - Started process (PID=25744) to work on /home/airflow/sandbox/lib/python3.8/site-packages/airflow/example_dags/plugins/workday.py
[2022-01-11 20:52:44,276] {processor.py:642} INFO - Processing file /home/airflow/sandbox/lib/python3.8/site-packages/airflow/example_dags/plugins/workday.py for tasks to queue
[2022-01-11 20:52:44,279] {logging_mixin.py:109} INFO - [2022-01-11 20:52:44,279] {dagbag.py:500} INFO - Filling up the DagBag from /home/airflow/sandbox/lib/python3.8/site-packages/airflow/example_dags/plugins/workday.py
[2022-01-11 20:52:44,336] {processor.py:656} WARNING - No viable dags retrieved from /home/airflow/sandbox/lib/python3.8/site-packages/airflow/example_dags/plugins/workday.py
[2022-01-11 20:52:44,347] {processor.py:171} INFO - Processing /home/airflow/sandbox/lib/python3.8/site-packages/airflow/example_dags/plugins/workday.py took 0.083 seconds
[2022-01-11 20:53:14,691] {processor.py:163} INFO - Started process (PID=25998) to work on /home/airflow/sandbox/lib/python3.8/site-packages/airflow/example_dags/plugins/workday.py
[2022-01-11 20:53:14,692] {processor.py:642} INFO - Processing file /home/airflow/sandbox/lib/python3.8/site-packages/airflow/example_dags/plugins/workday.py for tasks to queue
[2022-01-11 20:53:14,693] {logging_mixin.py:109} INFO - [2022-01-11 20:53:14,693] {dagbag.py:500} INFO - Filling up the DagBag from /home/airflow/sandbox/lib/python3.8/site-packages/airflow/example_dags/plugins/workday.py
[2022-01-11 20:53:14,745] {processor.py:656} WARNING - No viable dags retrieved from /home/airflow/sandbox/lib/python3.8/site-packages/airflow/example_dags/plugins/workday.py
[2022-01-11 20:53:14,753] {processor.py:171} INFO - Processing /home/airflow/sandbox/lib/python3.8/site-packages/airflow/example_dags/plugins/workday.py took 0.066 seconds
[2022-01-11 20:53:45,025] {processor.py:163} INFO - Started process (PID=26245) to work on /home/airflow/sandbox/lib/python3.8/site-packages/airflow/example_dags/plugins/workday.py
[2022-01-11 20:53:45,026] {processor.py:642} INFO - Processing file /home/airflow/sandbox/lib/python3.8/site-packages/airflow/example_dags/plugins/workday.py for tasks to queue
[2022-01-11 20:53:45,033] {logging_mixin.py:109} INFO - [2022-01-11 20:53:45,033] {dagbag.py:500} INFO - Filling up the DagBag from /home/airflow/sandbox/lib/python3.8/site-packages/airflow/example_dags/plugins/workday.py
[2022-01-11 20:53:45,067] {processor.py:656} WARNING - No viable dags retrieved from /home/airflow/sandbox/lib/python3.8/site-packages/airflow/example_dags/plugins/workday.py
[2022-01-11 20:53:45,074] {processor.py:171} INFO - Processing /home/airflow/sandbox/lib/python3.8/site-packages/airflow/example_dags/plugins/workday.py took 0.051 seconds
[2022-01-11 20:54:15,227] {processor.py:163} INFO - Started process (PID=26499) to work on /home/airflow/sandbox/lib/python3.8/site-packages/airflow/example_dags/plugins/workday.py
[2022-01-11 20:54:15,232] {processor.py:642} INFO - Processing file /home/airflow/sandbox/lib/python3.8/site-packages/airflow/example_dags/plugins/workday.py for tasks to queue
[2022-01-11 20:54:15,232] {logging_mixin.py:109} INFO - [2022-01-11 20:54:15,232] {dagbag.py:500} INFO - Filling up the DagBag from /home/airflow/sandbox/lib/python3.8/site-packages/airflow/example_dags/plugins/workday.py
[2022-01-11 20:54:15,315] {processor.py:656} WARNING - No viable dags retrieved from /home/airflow/sandbox/lib/python3.8/site-packages/airflow/example_dags/plugins/workday.py
[2022-01-11 20:54:15,323] {processor.py:171} INFO - Processing /home/airflow/sandbox/lib/python3.8/site-packages/airflow/example_dags/plugins/workday.py took 0.115 seconds
[2022-01-11 20:54:45,385] {processor.py:163} INFO - Started process (PID=26745) to work on /home/airflow/sandbox/lib/python3.8/site-packages/airflow/example_dags/plugins/workday.py
[2022-01-11 20:54:45,386] {processor.py:642} INFO - Processing file /home/airflow/sandbox/lib/python3.8/site-packages/airflow/example_dags/plugins/workday.py for tasks to queue
[2022-01-11 20:54:45,389] {logging_mixin.py:109} INFO - [2022-01-11 20:54:45,389] {dagbag.py:500} INFO - Filling up the DagBag from /home/airflow/sandbox/lib/python3.8/site-packages/airflow/example_dags/plugins/workday.py
[2022-01-11 20:54:45,422] {processor.py:656} WARNING - No viable dags retrieved from /home/airflow/sandbox/lib/python3.8/site-packages/airflow/example_dags/plugins/workday.py
[2022-01-11 20:54:45,428] {processor.py:171} INFO - Processing /home/airflow/sandbox/lib/python3.8/site-packages/airflow/example_dags/plugins/workday.py took 0.046 seconds
[2022-01-11 20:55:15,726] {processor.py:163} INFO - Started process (PID=27002) to work on /home/airflow/sandbox/lib/python3.8/site-packages/airflow/example_dags/plugins/workday.py
[2022-01-11 20:55:15,737] {processor.py:642} INFO - Processing file /home/airflow/sandbox/lib/python3.8/site-packages/airflow/example_dags/plugins/workday.py for tasks to queue
[2022-01-11 20:55:15,737] {logging_mixin.py:109} INFO - [2022-01-11 20:55:15,737] {dagbag.py:500} INFO - Filling up the DagBag from /home/airflow/sandbox/lib/python3.8/site-packages/airflow/example_dags/plugins/workday.py
[2022-01-11 20:55:15,800] {processor.py:656} WARNING - No viable dags retrieved from /home/airflow/sandbox/lib/python3.8/site-packages/airflow/example_dags/plugins/workday.py
[2022-01-11 20:55:15,805] {processor.py:171} INFO - Processing /home/airflow/sandbox/lib/python3.8/site-packages/airflow/example_dags/plugins/workday.py took 0.082 seconds
[2022-01-11 20:55:46,204] {processor.py:163} INFO - Started process (PID=27254) to work on /home/airflow/sandbox/lib/python3.8/site-packages/airflow/example_dags/plugins/workday.py
[2022-01-11 20:55:46,219] {processor.py:642} INFO - Processing file /home/airflow/sandbox/lib/python3.8/site-packages/airflow/example_dags/plugins/workday.py for tasks to queue
[2022-01-11 20:55:46,220] {logging_mixin.py:109} INFO - [2022-01-11 20:55:46,219] {dagbag.py:500} INFO - Filling up the DagBag from /home/airflow/sandbox/lib/python3.8/site-packages/airflow/example_dags/plugins/workday.py
[2022-01-11 20:55:46,309] {processor.py:656} WARNING - No viable dags retrieved from /home/airflow/sandbox/lib/python3.8/site-packages/airflow/example_dags/plugins/workday.py
[2022-01-11 20:55:46,319] {processor.py:171} INFO - Processing /home/airflow/sandbox/lib/python3.8/site-packages/airflow/example_dags/plugins/workday.py took 0.119 seconds
[2022-01-11 20:56:16,739] {processor.py:163} INFO - Started process (PID=27503) to work on /home/airflow/sandbox/lib/python3.8/site-packages/airflow/example_dags/plugins/workday.py
[2022-01-11 20:56:16,741] {processor.py:642} INFO - Processing file /home/airflow/sandbox/lib/python3.8/site-packages/airflow/example_dags/plugins/workday.py for tasks to queue
[2022-01-11 20:56:16,741] {logging_mixin.py:109} INFO - [2022-01-11 20:56:16,741] {dagbag.py:500} INFO - Filling up the DagBag from /home/airflow/sandbox/lib/python3.8/site-packages/airflow/example_dags/plugins/workday.py
[2022-01-11 20:56:16,819] {processor.py:656} WARNING - No viable dags retrieved from /home/airflow/sandbox/lib/python3.8/site-packages/airflow/example_dags/plugins/workday.py
[2022-01-11 20:56:16,837] {processor.py:171} INFO - Processing /home/airflow/sandbox/lib/python3.8/site-packages/airflow/example_dags/plugins/workday.py took 0.109 seconds
[2022-01-11 20:56:47,053] {processor.py:163} INFO - Started process (PID=27756) to work on /home/airflow/sandbox/lib/python3.8/site-packages/airflow/example_dags/plugins/workday.py
[2022-01-11 20:56:47,054] {processor.py:642} INFO - Processing file /home/airflow/sandbox/lib/python3.8/site-packages/airflow/example_dags/plugins/workday.py for tasks to queue
[2022-01-11 20:56:47,054] {logging_mixin.py:109} INFO - [2022-01-11 20:56:47,054] {dagbag.py:500} INFO - Filling up the DagBag from /home/airflow/sandbox/lib/python3.8/site-packages/airflow/example_dags/plugins/workday.py
[2022-01-11 20:56:47,088] {processor.py:656} WARNING - No viable dags retrieved from /home/airflow/sandbox/lib/python3.8/site-packages/airflow/example_dags/plugins/workday.py
[2022-01-11 20:56:47,095] {processor.py:171} INFO - Processing /home/airflow/sandbox/lib/python3.8/site-packages/airflow/example_dags/plugins/workday.py took 0.044 seconds
[2022-01-11 20:57:17,422] {processor.py:163} INFO - Started process (PID=28261) to work on /home/airflow/sandbox/lib/python3.8/site-packages/airflow/example_dags/plugins/workday.py
[2022-01-11 20:57:17,430] {processor.py:642} INFO - Processing file /home/airflow/sandbox/lib/python3.8/site-packages/airflow/example_dags/plugins/workday.py for tasks to queue
[2022-01-11 20:57:17,436] {logging_mixin.py:109} INFO - [2022-01-11 20:57:17,436] {dagbag.py:500} INFO - Filling up the DagBag from /home/airflow/sandbox/lib/python3.8/site-packages/airflow/example_dags/plugins/workday.py
[2022-01-11 20:57:17,516] {processor.py:656} WARNING - No viable dags retrieved from /home/airflow/sandbox/lib/python3.8/site-packages/airflow/example_dags/plugins/workday.py
[2022-01-11 20:57:17,523] {processor.py:171} INFO - Processing /home/airflow/sandbox/lib/python3.8/site-packages/airflow/example_dags/plugins/workday.py took 0.105 seconds
[2022-01-11 20:57:47,706] {processor.py:163} INFO - Started process (PID=28508) to work on /home/airflow/sandbox/lib/python3.8/site-packages/airflow/example_dags/plugins/workday.py
[2022-01-11 20:57:47,713] {processor.py:642} INFO - Processing file /home/airflow/sandbox/lib/python3.8/site-packages/airflow/example_dags/plugins/workday.py for tasks to queue
[2022-01-11 20:57:47,723] {logging_mixin.py:109} INFO - [2022-01-11 20:57:47,720] {dagbag.py:500} INFO - Filling up the DagBag from /home/airflow/sandbox/lib/python3.8/site-packages/airflow/example_dags/plugins/workday.py
[2022-01-11 20:57:47,792] {processor.py:656} WARNING - No viable dags retrieved from /home/airflow/sandbox/lib/python3.8/site-packages/airflow/example_dags/plugins/workday.py
[2022-01-11 20:57:47,808] {processor.py:171} INFO - Processing /home/airflow/sandbox/lib/python3.8/site-packages/airflow/example_dags/plugins/workday.py took 0.117 seconds
[2022-01-11 20:58:17,884] {processor.py:163} INFO - Started process (PID=28761) to work on /home/airflow/sandbox/lib/python3.8/site-packages/airflow/example_dags/plugins/workday.py
[2022-01-11 20:58:17,897] {processor.py:642} INFO - Processing file /home/airflow/sandbox/lib/python3.8/site-packages/airflow/example_dags/plugins/workday.py for tasks to queue
[2022-01-11 20:58:17,899] {logging_mixin.py:109} INFO - [2022-01-11 20:58:17,898] {dagbag.py:500} INFO - Filling up the DagBag from /home/airflow/sandbox/lib/python3.8/site-packages/airflow/example_dags/plugins/workday.py
[2022-01-11 20:58:17,947] {processor.py:656} WARNING - No viable dags retrieved from /home/airflow/sandbox/lib/python3.8/site-packages/airflow/example_dags/plugins/workday.py
[2022-01-11 20:58:17,952] {processor.py:171} INFO - Processing /home/airflow/sandbox/lib/python3.8/site-packages/airflow/example_dags/plugins/workday.py took 0.081 seconds
[2022-01-11 20:58:48,352] {processor.py:163} INFO - Started process (PID=29009) to work on /home/airflow/sandbox/lib/python3.8/site-packages/airflow/example_dags/plugins/workday.py
[2022-01-11 20:58:48,357] {processor.py:642} INFO - Processing file /home/airflow/sandbox/lib/python3.8/site-packages/airflow/example_dags/plugins/workday.py for tasks to queue
[2022-01-11 20:58:48,362] {logging_mixin.py:109} INFO - [2022-01-11 20:58:48,361] {dagbag.py:500} INFO - Filling up the DagBag from /home/airflow/sandbox/lib/python3.8/site-packages/airflow/example_dags/plugins/workday.py
[2022-01-11 20:58:48,424] {processor.py:656} WARNING - No viable dags retrieved from /home/airflow/sandbox/lib/python3.8/site-packages/airflow/example_dags/plugins/workday.py
[2022-01-11 20:58:48,435] {processor.py:171} INFO - Processing /home/airflow/sandbox/lib/python3.8/site-packages/airflow/example_dags/plugins/workday.py took 0.099 seconds
[2022-01-11 20:59:18,822] {processor.py:163} INFO - Started process (PID=29263) to work on /home/airflow/sandbox/lib/python3.8/site-packages/airflow/example_dags/plugins/workday.py
[2022-01-11 20:59:18,824] {processor.py:642} INFO - Processing file /home/airflow/sandbox/lib/python3.8/site-packages/airflow/example_dags/plugins/workday.py for tasks to queue
[2022-01-11 20:59:18,824] {logging_mixin.py:109} INFO - [2022-01-11 20:59:18,824] {dagbag.py:500} INFO - Filling up the DagBag from /home/airflow/sandbox/lib/python3.8/site-packages/airflow/example_dags/plugins/workday.py
[2022-01-11 20:59:18,873] {processor.py:656} WARNING - No viable dags retrieved from /home/airflow/sandbox/lib/python3.8/site-packages/airflow/example_dags/plugins/workday.py
[2022-01-11 20:59:18,882] {processor.py:171} INFO - Processing /home/airflow/sandbox/lib/python3.8/site-packages/airflow/example_dags/plugins/workday.py took 0.077 seconds
[2022-01-11 20:59:49,663] {processor.py:163} INFO - Started process (PID=29516) to work on /home/airflow/sandbox/lib/python3.8/site-packages/airflow/example_dags/plugins/workday.py
[2022-01-11 20:59:49,668] {processor.py:642} INFO - Processing file /home/airflow/sandbox/lib/python3.8/site-packages/airflow/example_dags/plugins/workday.py for tasks to queue
[2022-01-11 20:59:49,669] {logging_mixin.py:109} INFO - [2022-01-11 20:59:49,669] {dagbag.py:500} INFO - Filling up the DagBag from /home/airflow/sandbox/lib/python3.8/site-packages/airflow/example_dags/plugins/workday.py
[2022-01-11 20:59:49,717] {processor.py:656} WARNING - No viable dags retrieved from /home/airflow/sandbox/lib/python3.8/site-packages/airflow/example_dags/plugins/workday.py
[2022-01-11 20:59:49,725] {processor.py:171} INFO - Processing /home/airflow/sandbox/lib/python3.8/site-packages/airflow/example_dags/plugins/workday.py took 0.072 seconds
[2022-01-11 21:00:19,971] {processor.py:163} INFO - Started process (PID=29770) to work on /home/airflow/sandbox/lib/python3.8/site-packages/airflow/example_dags/plugins/workday.py
[2022-01-11 21:00:19,979] {processor.py:642} INFO - Processing file /home/airflow/sandbox/lib/python3.8/site-packages/airflow/example_dags/plugins/workday.py for tasks to queue
[2022-01-11 21:00:19,983] {logging_mixin.py:109} INFO - [2022-01-11 21:00:19,983] {dagbag.py:500} INFO - Filling up the DagBag from /home/airflow/sandbox/lib/python3.8/site-packages/airflow/example_dags/plugins/workday.py
[2022-01-11 21:00:20,044] {processor.py:656} WARNING - No viable dags retrieved from /home/airflow/sandbox/lib/python3.8/site-packages/airflow/example_dags/plugins/workday.py
[2022-01-11 21:00:20,058] {processor.py:171} INFO - Processing /home/airflow/sandbox/lib/python3.8/site-packages/airflow/example_dags/plugins/workday.py took 0.114 seconds
[2022-01-11 21:00:50,455] {processor.py:163} INFO - Started process (PID=30017) to work on /home/airflow/sandbox/lib/python3.8/site-packages/airflow/example_dags/plugins/workday.py
[2022-01-11 21:00:50,461] {processor.py:642} INFO - Processing file /home/airflow/sandbox/lib/python3.8/site-packages/airflow/example_dags/plugins/workday.py for tasks to queue
[2022-01-11 21:00:50,461] {logging_mixin.py:109} INFO - [2022-01-11 21:00:50,461] {dagbag.py:500} INFO - Filling up the DagBag from /home/airflow/sandbox/lib/python3.8/site-packages/airflow/example_dags/plugins/workday.py
[2022-01-11 21:00:50,525] {processor.py:656} WARNING - No viable dags retrieved from /home/airflow/sandbox/lib/python3.8/site-packages/airflow/example_dags/plugins/workday.py
[2022-01-11 21:00:50,541] {processor.py:171} INFO - Processing /home/airflow/sandbox/lib/python3.8/site-packages/airflow/example_dags/plugins/workday.py took 0.088 seconds
[2022-01-11 21:01:21,231] {processor.py:163} INFO - Started process (PID=30270) to work on /home/airflow/sandbox/lib/python3.8/site-packages/airflow/example_dags/plugins/workday.py
[2022-01-11 21:01:21,235] {processor.py:642} INFO - Processing file /home/airflow/sandbox/lib/python3.8/site-packages/airflow/example_dags/plugins/workday.py for tasks to queue
[2022-01-11 21:01:21,239] {logging_mixin.py:109} INFO - [2022-01-11 21:01:21,239] {dagbag.py:500} INFO - Filling up the DagBag from /home/airflow/sandbox/lib/python3.8/site-packages/airflow/example_dags/plugins/workday.py
[2022-01-11 21:01:21,325] {processor.py:656} WARNING - No viable dags retrieved from /home/airflow/sandbox/lib/python3.8/site-packages/airflow/example_dags/plugins/workday.py
[2022-01-11 21:01:21,341] {processor.py:171} INFO - Processing /home/airflow/sandbox/lib/python3.8/site-packages/airflow/example_dags/plugins/workday.py took 0.129 seconds
