[2022-01-05 20:09:35,419] {taskinstance.py:1032} INFO - Dependencies all met for <TaskInstance: parallel_dag.task_04 scheduled__2022-01-04T00:00:00+00:00 [queued]>
[2022-01-05 20:09:35,527] {taskinstance.py:1032} INFO - Dependencies all met for <TaskInstance: parallel_dag.task_04 scheduled__2022-01-04T00:00:00+00:00 [queued]>
[2022-01-05 20:09:35,528] {taskinstance.py:1238} INFO - 
--------------------------------------------------------------------------------
[2022-01-05 20:09:35,528] {taskinstance.py:1239} INFO - Starting attempt 1 of 1
[2022-01-05 20:09:35,529] {taskinstance.py:1240} INFO - 
--------------------------------------------------------------------------------
[2022-01-05 20:09:35,617] {taskinstance.py:1259} INFO - Executing <Task(BashOperator): task_04> on 2022-01-04 00:00:00+00:00
[2022-01-05 20:09:35,656] {standard_task_runner.py:52} INFO - Started process 4313 to run task
[2022-01-05 20:09:35,707] {standard_task_runner.py:76} INFO - Running: ['airflow', 'tasks', 'run', 'parallel_dag', 'task_04', 'scheduled__2022-01-04T00:00:00+00:00', '--job-id', '21', '--raw', '--subdir', 'DAGS_FOLDER/parallel_dags.py', '--cfg-path', '/tmp/tmpajnqaexa', '--error-file', '/tmp/tmpyf0k_suh']
[2022-01-05 20:09:35,708] {standard_task_runner.py:77} INFO - Job 21: Subtask task_04
[2022-01-05 20:09:36,306] {logging_mixin.py:109} INFO - Running <TaskInstance: parallel_dag.task_04 scheduled__2022-01-04T00:00:00+00:00 [running]> on host airflowvm
[2022-01-05 20:09:37,207] {taskinstance.py:1424} INFO - Exporting the following env vars:
AIRFLOW_CTX_DAG_OWNER=airflow
AIRFLOW_CTX_DAG_ID=parallel_dag
AIRFLOW_CTX_TASK_ID=task_04
AIRFLOW_CTX_EXECUTION_DATE=2022-01-04T00:00:00+00:00
AIRFLOW_CTX_DAG_RUN_ID=scheduled__2022-01-04T00:00:00+00:00
[2022-01-05 20:09:37,211] {subprocess.py:62} INFO - Tmp dir root location: 
 /tmp
[2022-01-05 20:09:37,212] {subprocess.py:74} INFO - Running command: ['bash', '-c', 'sleep 3']
[2022-01-05 20:09:37,229] {subprocess.py:85} INFO - Output:
[2022-01-05 20:09:40,253] {subprocess.py:93} INFO - Command exited with return code 0
[2022-01-05 20:09:40,380] {taskinstance.py:1267} INFO - Marking task as SUCCESS. dag_id=parallel_dag, task_id=task_04, execution_date=20220104T000000, start_date=20220105T200935, end_date=20220105T200940
[2022-01-05 20:09:40,453] {local_task_job.py:154} INFO - Task exited with return code 0
[2022-01-05 20:09:40,563] {local_task_job.py:264} INFO - 0 downstream tasks scheduled from follow-on schedule check
[2022-01-05 20:33:02,166] {taskinstance.py:1032} INFO - Dependencies all met for <TaskInstance: parallel_dag.task_04 scheduled__2022-01-04T00:00:00+00:00 [queued]>
[2022-01-05 20:33:02,430] {taskinstance.py:1032} INFO - Dependencies all met for <TaskInstance: parallel_dag.task_04 scheduled__2022-01-04T00:00:00+00:00 [queued]>
[2022-01-05 20:33:02,432] {taskinstance.py:1238} INFO - 
--------------------------------------------------------------------------------
[2022-01-05 20:33:02,433] {taskinstance.py:1239} INFO - Starting attempt 1 of 1
[2022-01-05 20:33:02,433] {taskinstance.py:1240} INFO - 
--------------------------------------------------------------------------------
[2022-01-05 20:33:02,709] {taskinstance.py:1259} INFO - Executing <Task(BashOperator): task_04> on 2022-01-04 00:00:00+00:00
[2022-01-05 20:33:02,723] {standard_task_runner.py:52} INFO - Started process 10957 to run task
[2022-01-05 20:33:02,763] {standard_task_runner.py:76} INFO - Running: ['airflow', 'tasks', 'run', 'parallel_dag', 'task_04', 'scheduled__2022-01-04T00:00:00+00:00', '--job-id', '29', '--raw', '--subdir', 'DAGS_FOLDER/parallel_dags.py', '--cfg-path', '/tmp/tmpkfw37t0o', '--error-file', '/tmp/tmparut7k4c']
[2022-01-05 20:33:02,771] {standard_task_runner.py:77} INFO - Job 29: Subtask task_04
[2022-01-05 20:33:03,610] {logging_mixin.py:109} INFO - Running <TaskInstance: parallel_dag.task_04 scheduled__2022-01-04T00:00:00+00:00 [running]> on host airflowvm
[2022-01-05 20:33:04,716] {taskinstance.py:1424} INFO - Exporting the following env vars:
AIRFLOW_CTX_DAG_OWNER=airflow
AIRFLOW_CTX_DAG_ID=parallel_dag
AIRFLOW_CTX_TASK_ID=task_04
AIRFLOW_CTX_EXECUTION_DATE=2022-01-04T00:00:00+00:00
AIRFLOW_CTX_DAG_RUN_ID=scheduled__2022-01-04T00:00:00+00:00
[2022-01-05 20:33:04,721] {subprocess.py:62} INFO - Tmp dir root location: 
 /tmp
[2022-01-05 20:33:04,724] {subprocess.py:74} INFO - Running command: ['bash', '-c', 'sleep 3']
[2022-01-05 20:33:04,861] {subprocess.py:85} INFO - Output:
[2022-01-05 20:33:07,868] {subprocess.py:93} INFO - Command exited with return code 0
[2022-01-05 20:33:08,714] {taskinstance.py:1267} INFO - Marking task as SUCCESS. dag_id=parallel_dag, task_id=task_04, execution_date=20220104T000000, start_date=20220105T203302, end_date=20220105T203308
[2022-01-05 20:33:09,210] {local_task_job.py:154} INFO - Task exited with return code 0
[2022-01-05 20:33:09,560] {local_task_job.py:264} INFO - 0 downstream tasks scheduled from follow-on schedule check
