[2022-03-14 19:29:35,007] {taskinstance.py:1032} INFO - Dependencies all met for <TaskInstance: xcom_dag.processing_tasks.training_model_b manual__2022-03-14T19:29:19.557221+00:00 [queued]>
[2022-03-14 19:29:35,310] {taskinstance.py:1032} INFO - Dependencies all met for <TaskInstance: xcom_dag.processing_tasks.training_model_b manual__2022-03-14T19:29:19.557221+00:00 [queued]>
[2022-03-14 19:29:35,311] {taskinstance.py:1238} INFO - 
--------------------------------------------------------------------------------
[2022-03-14 19:29:35,312] {taskinstance.py:1239} INFO - Starting attempt 1 of 1
[2022-03-14 19:29:35,312] {taskinstance.py:1240} INFO - 
--------------------------------------------------------------------------------
[2022-03-14 19:29:35,516] {taskinstance.py:1259} INFO - Executing <Task(PythonOperator): processing_tasks.training_model_b> on 2022-03-14 19:29:19.557221+00:00
[2022-03-14 19:29:35,518] {standard_task_runner.py:52} INFO - Started process 7636 to run task
[2022-03-14 19:29:35,902] {standard_task_runner.py:76} INFO - Running: ['airflow', 'tasks', 'run', 'xcom_dag', 'processing_tasks.training_model_b', 'manual__2022-03-14T19:29:19.557221+00:00', '--job-id', '125', '--raw', '--subdir', 'DAGS_FOLDER/xcom_dag.py', '--cfg-path', '/tmp/tmpbd0tlbrs', '--error-file', '/tmp/tmpfspr8wof']
[2022-03-14 19:29:35,904] {standard_task_runner.py:77} INFO - Job 125: Subtask processing_tasks.training_model_b
[2022-03-14 19:29:41,502] {logging_mixin.py:109} INFO - Running <TaskInstance: xcom_dag.processing_tasks.training_model_b manual__2022-03-14T19:29:19.557221+00:00 [running]> on host airflowvm
[2022-03-14 19:29:43,451] {taskinstance.py:1424} INFO - Exporting the following env vars:
AIRFLOW_CTX_DAG_OWNER=airflow
AIRFLOW_CTX_DAG_ID=xcom_dag
AIRFLOW_CTX_TASK_ID=processing_tasks.training_model_b
AIRFLOW_CTX_EXECUTION_DATE=2022-03-14T19:29:19.557221+00:00
AIRFLOW_CTX_DAG_RUN_ID=manual__2022-03-14T19:29:19.557221+00:00
[2022-03-14 19:29:43,453] {logging_mixin.py:109} INFO - model's accuracy: 4.687798734626322
[2022-03-14 19:29:43,615] {python.py:175} INFO - Done. Returned value was: None
[2022-03-14 19:29:43,714] {taskinstance.py:1267} INFO - Marking task as SUCCESS. dag_id=xcom_dag, task_id=processing_tasks.training_model_b, execution_date=20220314T192919, start_date=20220314T192935, end_date=20220314T192943
[2022-03-14 19:29:44,000] {local_task_job.py:154} INFO - Task exited with return code 0
[2022-03-14 19:29:44,569] {local_task_job.py:264} INFO - 0 downstream tasks scheduled from follow-on schedule check
