[2022-03-15 19:22:56,054] {taskinstance.py:1032} INFO - Dependencies all met for <TaskInstance: xcom_dag.processing_tasks.training_model_b manual__2022-03-14T19:29:19.557221+00:00 [queued]>
[2022-03-15 19:22:56,209] {taskinstance.py:1032} INFO - Dependencies all met for <TaskInstance: xcom_dag.processing_tasks.training_model_b manual__2022-03-14T19:29:19.557221+00:00 [queued]>
[2022-03-15 19:22:56,226] {taskinstance.py:1238} INFO - 
--------------------------------------------------------------------------------
[2022-03-15 19:22:56,226] {taskinstance.py:1239} INFO - Starting attempt 3 of 3
[2022-03-15 19:22:56,226] {taskinstance.py:1240} INFO - 
--------------------------------------------------------------------------------
[2022-03-15 19:22:56,334] {taskinstance.py:1259} INFO - Executing <Task(PythonOperator): processing_tasks.training_model_b> on 2022-03-14 19:29:19.557221+00:00
[2022-03-15 19:22:56,356] {standard_task_runner.py:52} INFO - Started process 7637 to run task
[2022-03-15 19:22:56,500] {standard_task_runner.py:76} INFO - Running: ['airflow', 'tasks', 'run', 'xcom_dag', 'processing_tasks.training_model_b', 'manual__2022-03-14T19:29:19.557221+00:00', '--job-id', '146', '--raw', '--subdir', 'DAGS_FOLDER/xcom_dag.py', '--cfg-path', '/tmp/tmpmhz2mqyt', '--error-file', '/tmp/tmpk622zqys']
[2022-03-15 19:22:56,539] {standard_task_runner.py:77} INFO - Job 146: Subtask processing_tasks.training_model_b
[2022-03-15 19:22:57,429] {logging_mixin.py:109} INFO - Running <TaskInstance: xcom_dag.processing_tasks.training_model_b manual__2022-03-14T19:29:19.557221+00:00 [running]> on host airflowvm
[2022-03-15 19:22:58,559] {taskinstance.py:1424} INFO - Exporting the following env vars:
AIRFLOW_CTX_DAG_OWNER=airflow
AIRFLOW_CTX_DAG_ID=xcom_dag
AIRFLOW_CTX_TASK_ID=processing_tasks.training_model_b
AIRFLOW_CTX_EXECUTION_DATE=2022-03-14T19:29:19.557221+00:00
AIRFLOW_CTX_DAG_RUN_ID=manual__2022-03-14T19:29:19.557221+00:00
[2022-03-15 19:22:58,711] {logging_mixin.py:109} INFO - model's accuracy: 3.4009082545243174
[2022-03-15 19:22:59,061] {python.py:175} INFO - Done. Returned value was: None
[2022-03-15 19:22:59,404] {taskinstance.py:1267} INFO - Marking task as SUCCESS. dag_id=xcom_dag, task_id=processing_tasks.training_model_b, execution_date=20220314T192919, start_date=20220315T192256, end_date=20220315T192259
[2022-03-15 19:22:59,777] {local_task_job.py:154} INFO - Task exited with return code 0
[2022-03-15 19:23:00,354] {local_task_job.py:264} INFO - 1 downstream tasks scheduled from follow-on schedule check
