[2022-03-15 19:35:16,189] {taskinstance.py:1032} INFO - Dependencies all met for <TaskInstance: xcom_dag.downloading_data manual__2022-03-15T19:35:13.372124+00:00 [queued]>
[2022-03-15 19:35:16,247] {taskinstance.py:1032} INFO - Dependencies all met for <TaskInstance: xcom_dag.downloading_data manual__2022-03-15T19:35:13.372124+00:00 [queued]>
[2022-03-15 19:35:16,247] {taskinstance.py:1238} INFO - 
--------------------------------------------------------------------------------
[2022-03-15 19:35:16,266] {taskinstance.py:1239} INFO - Starting attempt 1 of 1
[2022-03-15 19:35:16,267] {taskinstance.py:1240} INFO - 
--------------------------------------------------------------------------------
[2022-03-15 19:35:16,323] {taskinstance.py:1259} INFO - Executing <Task(BashOperator): downloading_data> on 2022-03-15 19:35:13.372124+00:00
[2022-03-15 19:35:16,338] {standard_task_runner.py:52} INFO - Started process 14338 to run task
[2022-03-15 19:35:16,370] {standard_task_runner.py:76} INFO - Running: ['airflow', 'tasks', 'run', 'xcom_dag', 'downloading_data', 'manual__2022-03-15T19:35:13.372124+00:00', '--job-id', '161', '--raw', '--subdir', 'DAGS_FOLDER/xcom_dag.py', '--cfg-path', '/tmp/tmp4hvu_wm5', '--error-file', '/tmp/tmpwd7677tf']
[2022-03-15 19:35:16,372] {standard_task_runner.py:77} INFO - Job 161: Subtask downloading_data
[2022-03-15 19:35:16,922] {logging_mixin.py:109} INFO - Running <TaskInstance: xcom_dag.downloading_data manual__2022-03-15T19:35:13.372124+00:00 [running]> on host airflowvm
[2022-03-15 19:35:18,367] {taskinstance.py:1424} INFO - Exporting the following env vars:
AIRFLOW_CTX_DAG_OWNER=airflow
AIRFLOW_CTX_DAG_ID=xcom_dag
AIRFLOW_CTX_TASK_ID=downloading_data
AIRFLOW_CTX_EXECUTION_DATE=2022-03-15T19:35:13.372124+00:00
AIRFLOW_CTX_DAG_RUN_ID=manual__2022-03-15T19:35:13.372124+00:00
[2022-03-15 19:35:18,369] {subprocess.py:62} INFO - Tmp dir root location: 
 /tmp
[2022-03-15 19:35:18,380] {subprocess.py:74} INFO - Running command: ['bash', '-c', 'sleep 3']
[2022-03-15 19:35:18,422] {subprocess.py:85} INFO - Output:
[2022-03-15 19:35:21,438] {subprocess.py:93} INFO - Command exited with return code 0
[2022-03-15 19:35:21,997] {taskinstance.py:1267} INFO - Marking task as SUCCESS. dag_id=xcom_dag, task_id=downloading_data, execution_date=20220315T193513, start_date=20220315T193516, end_date=20220315T193521
[2022-03-15 19:35:22,416] {local_task_job.py:154} INFO - Task exited with return code 0
[2022-03-15 19:35:22,688] {local_task_job.py:264} INFO - 3 downstream tasks scheduled from follow-on schedule check
