[2022-03-14 19:24:02,414] {taskinstance.py:1032} INFO - Dependencies all met for <TaskInstance: xcom_dag.is_accurate scheduled__2022-03-13T00:00:00+00:00 [queued]>
[2022-03-14 19:24:02,558] {taskinstance.py:1032} INFO - Dependencies all met for <TaskInstance: xcom_dag.is_accurate scheduled__2022-03-13T00:00:00+00:00 [queued]>
[2022-03-14 19:24:02,560] {taskinstance.py:1238} INFO - 
--------------------------------------------------------------------------------
[2022-03-14 19:24:02,565] {taskinstance.py:1239} INFO - Starting attempt 1 of 1
[2022-03-14 19:24:02,565] {taskinstance.py:1240} INFO - 
--------------------------------------------------------------------------------
[2022-03-14 19:24:03,469] {taskinstance.py:1259} INFO - Executing <Task(BranchPythonOperator): is_accurate> on 2022-03-13 00:00:00+00:00
[2022-03-14 19:24:03,555] {standard_task_runner.py:52} INFO - Started process 4819 to run task
[2022-03-14 19:24:03,520] {standard_task_runner.py:76} INFO - Running: ['airflow', 'tasks', 'run', 'xcom_dag', 'is_accurate', 'scheduled__2022-03-13T00:00:00+00:00', '--job-id', '119', '--raw', '--subdir', 'DAGS_FOLDER/xcom_dag.py', '--cfg-path', '/tmp/tmpr_1g46kw', '--error-file', '/tmp/tmpkome5zh_']
[2022-03-14 19:24:03,611] {standard_task_runner.py:77} INFO - Job 119: Subtask is_accurate
[2022-03-14 19:24:05,327] {logging_mixin.py:109} INFO - Running <TaskInstance: xcom_dag.is_accurate scheduled__2022-03-13T00:00:00+00:00 [running]> on host airflowvm
[2022-03-14 19:24:12,068] {taskinstance.py:1424} INFO - Exporting the following env vars:
AIRFLOW_CTX_DAG_OWNER=airflow
AIRFLOW_CTX_DAG_ID=xcom_dag
AIRFLOW_CTX_TASK_ID=is_accurate
AIRFLOW_CTX_EXECUTION_DATE=2022-03-13T00:00:00+00:00
AIRFLOW_CTX_DAG_RUN_ID=scheduled__2022-03-13T00:00:00+00:00
[2022-03-14 19:24:12,075] {python.py:175} INFO - Done. Returned value was: accurate
[2022-03-14 19:24:12,075] {skipmixin.py:143} INFO - Following branch accurate
[2022-03-14 19:24:12,114] {skipmixin.py:174} INFO - Skipping tasks ['inaccurate']
[2022-03-14 19:24:13,727] {taskinstance.py:1267} INFO - Marking task as SUCCESS. dag_id=xcom_dag, task_id=is_accurate, execution_date=20220313T000000, start_date=20220314T192402, end_date=20220314T192413
[2022-03-14 19:24:13,952] {local_task_job.py:154} INFO - Task exited with return code 0
[2022-03-14 19:24:14,223] {local_task_job.py:264} INFO - 1 downstream tasks scheduled from follow-on schedule check
