[2022-03-15 19:42:33,643] {taskinstance.py:1032} INFO - Dependencies all met for <TaskInstance: xcom_dag.choose_model manual__2022-03-15T19:42:16.247146+00:00 [queued]>
[2022-03-15 19:42:33,748] {taskinstance.py:1032} INFO - Dependencies all met for <TaskInstance: xcom_dag.choose_model manual__2022-03-15T19:42:16.247146+00:00 [queued]>
[2022-03-15 19:42:33,752] {taskinstance.py:1238} INFO - 
--------------------------------------------------------------------------------
[2022-03-15 19:42:33,756] {taskinstance.py:1239} INFO - Starting attempt 1 of 1
[2022-03-15 19:42:33,756] {taskinstance.py:1240} INFO - 
--------------------------------------------------------------------------------
[2022-03-15 19:42:33,808] {taskinstance.py:1259} INFO - Executing <Task(BranchPythonOperator): choose_model> on 2022-03-15 19:42:16.247146+00:00
[2022-03-15 19:42:33,896] {standard_task_runner.py:52} INFO - Started process 18268 to run task
[2022-03-15 19:42:33,985] {standard_task_runner.py:76} INFO - Running: ['airflow', 'tasks', 'run', 'xcom_dag', 'choose_model', 'manual__2022-03-15T19:42:16.247146+00:00', '--job-id', '175', '--raw', '--subdir', 'DAGS_FOLDER/xcom_dag.py', '--cfg-path', '/tmp/tmpo9q7m2zo', '--error-file', '/tmp/tmpbujqum29']
[2022-03-15 19:42:33,987] {standard_task_runner.py:77} INFO - Job 175: Subtask choose_model
[2022-03-15 19:42:34,398] {logging_mixin.py:109} INFO - Running <TaskInstance: xcom_dag.choose_model manual__2022-03-15T19:42:16.247146+00:00 [running]> on host airflowvm
[2022-03-15 19:42:35,001] {taskinstance.py:1424} INFO - Exporting the following env vars:
AIRFLOW_CTX_DAG_OWNER=airflow
AIRFLOW_CTX_DAG_ID=xcom_dag
AIRFLOW_CTX_TASK_ID=choose_model
AIRFLOW_CTX_EXECUTION_DATE=2022-03-15T19:42:16.247146+00:00
AIRFLOW_CTX_DAG_RUN_ID=manual__2022-03-15T19:42:16.247146+00:00
[2022-03-15 19:42:35,003] {logging_mixin.py:109} INFO - choose best model
[2022-03-15 19:42:35,059] {python.py:175} INFO - Done. Returned value was: inaccurate
[2022-03-15 19:42:35,059] {skipmixin.py:143} INFO - Following branch inaccurate
[2022-03-15 19:42:35,059] {skipmixin.py:174} INFO - Skipping tasks ['accurate']
[2022-03-15 19:42:35,889] {taskinstance.py:1267} INFO - Marking task as SUCCESS. dag_id=xcom_dag, task_id=choose_model, execution_date=20220315T194216, start_date=20220315T194233, end_date=20220315T194235
[2022-03-15 19:42:35,984] {local_task_job.py:154} INFO - Task exited with return code 0
[2022-03-15 19:42:36,247] {local_task_job.py:264} INFO - 1 downstream tasks scheduled from follow-on schedule check
