[2022-01-14 20:21:37,568] {processor.py:163} INFO - Started process (PID=20593) to work on /home/airflow/airflow/dags/user_processing.py
[2022-01-14 20:21:37,570] {processor.py:642} INFO - Processing file /home/airflow/airflow/dags/user_processing.py for tasks to queue
[2022-01-14 20:21:37,575] {logging_mixin.py:109} INFO - [2022-01-14 20:21:37,574] {dagbag.py:500} INFO - Filling up the DagBag from /home/airflow/airflow/dags/user_processing.py
[2022-01-14 20:21:37,727] {logging_mixin.py:109} WARNING - /home/airflow/sandbox/lib/python3.8/site-packages/airflow/providers/sqlite/operators/sqlite.py:25 DeprecationWarning: This decorator is deprecated.

In previous versions, all subclasses of BaseOperator must use apply_default decorator for the `default_args` feature to work properly.

In current version, it is optional. The decorator is applied automatically using the metaclass.
[2022-01-14 20:21:43,882] {processor.py:654} INFO - DAG(s) dict_keys(['user_processing']) retrieved from /home/airflow/airflow/dags/user_processing.py
[2022-01-14 20:21:43,976] {logging_mixin.py:109} INFO - [2022-01-14 20:21:43,975] {dag.py:2396} INFO - Sync 1 DAGs
[2022-01-14 20:21:44,034] {logging_mixin.py:109} INFO - [2022-01-14 20:21:44,034] {dag.py:2935} INFO - Setting next_dagrun for user_processing to 2022-01-13 00:00:00+00:00
[2022-01-14 20:21:44,216] {processor.py:171} INFO - Processing /home/airflow/airflow/dags/user_processing.py took 6.685 seconds
[2022-01-14 20:22:15,236] {processor.py:163} INFO - Started process (PID=20954) to work on /home/airflow/airflow/dags/user_processing.py
[2022-01-14 20:22:15,274] {processor.py:642} INFO - Processing file /home/airflow/airflow/dags/user_processing.py for tasks to queue
[2022-01-14 20:22:15,288] {logging_mixin.py:109} INFO - [2022-01-14 20:22:15,288] {dagbag.py:500} INFO - Filling up the DagBag from /home/airflow/airflow/dags/user_processing.py
[2022-01-14 20:22:15,735] {logging_mixin.py:109} WARNING - /home/airflow/sandbox/lib/python3.8/site-packages/airflow/providers/sqlite/operators/sqlite.py:25 DeprecationWarning: This decorator is deprecated.

In previous versions, all subclasses of BaseOperator must use apply_default decorator for the `default_args` feature to work properly.

In current version, it is optional. The decorator is applied automatically using the metaclass.
[2022-01-14 20:22:26,027] {processor.py:654} INFO - DAG(s) dict_keys(['user_processing']) retrieved from /home/airflow/airflow/dags/user_processing.py
[2022-01-14 20:22:26,132] {logging_mixin.py:109} INFO - [2022-01-14 20:22:26,131] {dag.py:2396} INFO - Sync 1 DAGs
[2022-01-14 20:22:26,627] {logging_mixin.py:109} INFO - [2022-01-14 20:22:26,627] {dag.py:2935} INFO - Setting next_dagrun for user_processing to 2022-01-13 00:00:00+00:00
[2022-01-14 20:22:27,074] {processor.py:171} INFO - Processing /home/airflow/airflow/dags/user_processing.py took 12.188 seconds
[2022-01-14 20:22:57,257] {processor.py:163} INFO - Started process (PID=21210) to work on /home/airflow/airflow/dags/user_processing.py
[2022-01-14 20:22:57,258] {processor.py:642} INFO - Processing file /home/airflow/airflow/dags/user_processing.py for tasks to queue
[2022-01-14 20:22:57,258] {logging_mixin.py:109} INFO - [2022-01-14 20:22:57,258] {dagbag.py:500} INFO - Filling up the DagBag from /home/airflow/airflow/dags/user_processing.py
[2022-01-14 20:22:57,266] {logging_mixin.py:109} WARNING - /home/airflow/sandbox/lib/python3.8/site-packages/airflow/providers/sqlite/operators/sqlite.py:25 DeprecationWarning: This decorator is deprecated.

In previous versions, all subclasses of BaseOperator must use apply_default decorator for the `default_args` feature to work properly.

In current version, it is optional. The decorator is applied automatically using the metaclass.
[2022-01-14 20:22:57,592] {processor.py:654} INFO - DAG(s) dict_keys(['user_processing']) retrieved from /home/airflow/airflow/dags/user_processing.py
[2022-01-14 20:22:57,598] {logging_mixin.py:109} INFO - [2022-01-14 20:22:57,598] {dag.py:2396} INFO - Sync 1 DAGs
[2022-01-14 20:22:57,610] {logging_mixin.py:109} INFO - [2022-01-14 20:22:57,610] {dag.py:2935} INFO - Setting next_dagrun for user_processing to 2022-01-13 00:00:00+00:00
[2022-01-14 20:22:57,617] {processor.py:171} INFO - Processing /home/airflow/airflow/dags/user_processing.py took 0.365 seconds
[2022-01-14 20:23:28,399] {processor.py:163} INFO - Started process (PID=21260) to work on /home/airflow/airflow/dags/user_processing.py
[2022-01-14 20:23:28,400] {processor.py:642} INFO - Processing file /home/airflow/airflow/dags/user_processing.py for tasks to queue
[2022-01-14 20:23:28,401] {logging_mixin.py:109} INFO - [2022-01-14 20:23:28,401] {dagbag.py:500} INFO - Filling up the DagBag from /home/airflow/airflow/dags/user_processing.py
[2022-01-14 20:23:28,408] {logging_mixin.py:109} WARNING - /home/airflow/sandbox/lib/python3.8/site-packages/airflow/providers/sqlite/operators/sqlite.py:25 DeprecationWarning: This decorator is deprecated.

In previous versions, all subclasses of BaseOperator must use apply_default decorator for the `default_args` feature to work properly.

In current version, it is optional. The decorator is applied automatically using the metaclass.
[2022-01-14 20:23:28,742] {processor.py:654} INFO - DAG(s) dict_keys(['user_processing']) retrieved from /home/airflow/airflow/dags/user_processing.py
[2022-01-14 20:23:28,760] {logging_mixin.py:109} INFO - [2022-01-14 20:23:28,760] {dag.py:2396} INFO - Sync 1 DAGs
[2022-01-14 20:23:28,784] {logging_mixin.py:109} INFO - [2022-01-14 20:23:28,784] {dag.py:2935} INFO - Setting next_dagrun for user_processing to 2022-01-13 00:00:00+00:00
[2022-01-14 20:23:28,806] {processor.py:171} INFO - Processing /home/airflow/airflow/dags/user_processing.py took 0.410 seconds
[2022-01-14 20:23:59,184] {processor.py:163} INFO - Started process (PID=21309) to work on /home/airflow/airflow/dags/user_processing.py
[2022-01-14 20:23:59,185] {processor.py:642} INFO - Processing file /home/airflow/airflow/dags/user_processing.py for tasks to queue
[2022-01-14 20:23:59,185] {logging_mixin.py:109} INFO - [2022-01-14 20:23:59,185] {dagbag.py:500} INFO - Filling up the DagBag from /home/airflow/airflow/dags/user_processing.py
[2022-01-14 20:23:59,231] {logging_mixin.py:109} WARNING - /home/airflow/sandbox/lib/python3.8/site-packages/airflow/providers/sqlite/operators/sqlite.py:25 DeprecationWarning: This decorator is deprecated.

In previous versions, all subclasses of BaseOperator must use apply_default decorator for the `default_args` feature to work properly.

In current version, it is optional. The decorator is applied automatically using the metaclass.
[2022-01-14 20:24:01,435] {processor.py:654} INFO - DAG(s) dict_keys(['user_processing']) retrieved from /home/airflow/airflow/dags/user_processing.py
[2022-01-14 20:24:01,583] {logging_mixin.py:109} INFO - [2022-01-14 20:24:01,582] {dag.py:2396} INFO - Sync 1 DAGs
[2022-01-14 20:24:01,686] {logging_mixin.py:109} INFO - [2022-01-14 20:24:01,686] {dag.py:2935} INFO - Setting next_dagrun for user_processing to 2022-01-13 00:00:00+00:00
[2022-01-14 20:24:01,736] {processor.py:171} INFO - Processing /home/airflow/airflow/dags/user_processing.py took 2.557 seconds
[2022-01-14 20:24:32,225] {processor.py:163} INFO - Started process (PID=21438) to work on /home/airflow/airflow/dags/user_processing.py
[2022-01-14 20:24:32,474] {processor.py:642} INFO - Processing file /home/airflow/airflow/dags/user_processing.py for tasks to queue
[2022-01-14 20:24:32,476] {logging_mixin.py:109} INFO - [2022-01-14 20:24:32,476] {dagbag.py:500} INFO - Filling up the DagBag from /home/airflow/airflow/dags/user_processing.py
[2022-01-14 20:24:32,719] {logging_mixin.py:109} WARNING - /home/airflow/sandbox/lib/python3.8/site-packages/airflow/providers/sqlite/operators/sqlite.py:25 DeprecationWarning: This decorator is deprecated.

In previous versions, all subclasses of BaseOperator must use apply_default decorator for the `default_args` feature to work properly.

In current version, it is optional. The decorator is applied automatically using the metaclass.
[2022-01-14 20:24:37,336] {processor.py:654} INFO - DAG(s) dict_keys(['user_processing']) retrieved from /home/airflow/airflow/dags/user_processing.py
[2022-01-14 20:24:37,379] {logging_mixin.py:109} INFO - [2022-01-14 20:24:37,379] {dag.py:2396} INFO - Sync 1 DAGs
[2022-01-14 20:24:37,486] {logging_mixin.py:109} INFO - [2022-01-14 20:24:37,486] {dag.py:2935} INFO - Setting next_dagrun for user_processing to 2022-01-13 00:00:00+00:00
[2022-01-14 20:24:37,531] {processor.py:171} INFO - Processing /home/airflow/airflow/dags/user_processing.py took 5.353 seconds
[2022-01-14 20:25:07,934] {processor.py:163} INFO - Started process (PID=21585) to work on /home/airflow/airflow/dags/user_processing.py
[2022-01-14 20:25:07,935] {processor.py:642} INFO - Processing file /home/airflow/airflow/dags/user_processing.py for tasks to queue
[2022-01-14 20:25:07,935] {logging_mixin.py:109} INFO - [2022-01-14 20:25:07,935] {dagbag.py:500} INFO - Filling up the DagBag from /home/airflow/airflow/dags/user_processing.py
[2022-01-14 20:25:08,127] {logging_mixin.py:109} WARNING - /home/airflow/sandbox/lib/python3.8/site-packages/airflow/providers/sqlite/operators/sqlite.py:25 DeprecationWarning: This decorator is deprecated.

In previous versions, all subclasses of BaseOperator must use apply_default decorator for the `default_args` feature to work properly.

In current version, it is optional. The decorator is applied automatically using the metaclass.
[2022-01-14 20:25:10,583] {processor.py:654} INFO - DAG(s) dict_keys(['user_processing']) retrieved from /home/airflow/airflow/dags/user_processing.py
[2022-01-14 20:25:10,671] {logging_mixin.py:109} INFO - [2022-01-14 20:25:10,671] {dag.py:2396} INFO - Sync 1 DAGs
[2022-01-14 20:25:10,776] {logging_mixin.py:109} INFO - [2022-01-14 20:25:10,776] {dag.py:2935} INFO - Setting next_dagrun for user_processing to 2022-01-13 00:00:00+00:00
[2022-01-14 20:25:10,823] {processor.py:171} INFO - Processing /home/airflow/airflow/dags/user_processing.py took 2.896 seconds
[2022-01-14 20:33:01,313] {processor.py:163} INFO - Started process (PID=22746) to work on /home/airflow/airflow/dags/user_processing.py
[2022-01-14 20:33:01,314] {processor.py:642} INFO - Processing file /home/airflow/airflow/dags/user_processing.py for tasks to queue
[2022-01-14 20:33:01,314] {logging_mixin.py:109} INFO - [2022-01-14 20:33:01,314] {dagbag.py:500} INFO - Filling up the DagBag from /home/airflow/airflow/dags/user_processing.py
[2022-01-14 20:33:01,413] {logging_mixin.py:109} WARNING - /home/airflow/sandbox/lib/python3.8/site-packages/airflow/providers/sqlite/operators/sqlite.py:25 DeprecationWarning: This decorator is deprecated.

In previous versions, all subclasses of BaseOperator must use apply_default decorator for the `default_args` feature to work properly.

In current version, it is optional. The decorator is applied automatically using the metaclass.
[2022-01-14 20:33:04,898] {processor.py:654} INFO - DAG(s) dict_keys(['user_processing']) retrieved from /home/airflow/airflow/dags/user_processing.py
[2022-01-14 20:33:04,911] {logging_mixin.py:109} INFO - [2022-01-14 20:33:04,909] {dag.py:2396} INFO - Sync 1 DAGs
[2022-01-14 20:33:05,208] {logging_mixin.py:109} INFO - [2022-01-14 20:33:05,208] {dag.py:2935} INFO - Setting next_dagrun for user_processing to 2022-01-13 00:00:00+00:00
[2022-01-14 20:33:05,406] {processor.py:171} INFO - Processing /home/airflow/airflow/dags/user_processing.py took 4.203 seconds
[2022-01-14 20:33:35,808] {processor.py:163} INFO - Started process (PID=23081) to work on /home/airflow/airflow/dags/user_processing.py
[2022-01-14 20:33:35,815] {processor.py:642} INFO - Processing file /home/airflow/airflow/dags/user_processing.py for tasks to queue
[2022-01-14 20:33:35,846] {logging_mixin.py:109} INFO - [2022-01-14 20:33:35,845] {dagbag.py:500} INFO - Filling up the DagBag from /home/airflow/airflow/dags/user_processing.py
[2022-01-14 20:33:36,148] {logging_mixin.py:109} WARNING - /home/airflow/sandbox/lib/python3.8/site-packages/airflow/providers/sqlite/operators/sqlite.py:25 DeprecationWarning: This decorator is deprecated.

In previous versions, all subclasses of BaseOperator must use apply_default decorator for the `default_args` feature to work properly.

In current version, it is optional. The decorator is applied automatically using the metaclass.
[2022-01-14 20:33:44,858] {processor.py:654} INFO - DAG(s) dict_keys(['user_processing']) retrieved from /home/airflow/airflow/dags/user_processing.py
[2022-01-14 20:33:45,500] {logging_mixin.py:109} INFO - [2022-01-14 20:33:45,499] {dag.py:2396} INFO - Sync 1 DAGs
[2022-01-14 20:33:45,801] {logging_mixin.py:109} INFO - [2022-01-14 20:33:45,800] {dag.py:2935} INFO - Setting next_dagrun for user_processing to 2022-01-13 00:00:00+00:00
[2022-01-14 20:33:46,003] {processor.py:171} INFO - Processing /home/airflow/airflow/dags/user_processing.py took 10.246 seconds
[2022-01-14 20:34:16,659] {processor.py:163} INFO - Started process (PID=23244) to work on /home/airflow/airflow/dags/user_processing.py
[2022-01-14 20:34:16,660] {processor.py:642} INFO - Processing file /home/airflow/airflow/dags/user_processing.py for tasks to queue
[2022-01-14 20:34:16,660] {logging_mixin.py:109} INFO - [2022-01-14 20:34:16,660] {dagbag.py:500} INFO - Filling up the DagBag from /home/airflow/airflow/dags/user_processing.py
[2022-01-14 20:34:16,995] {logging_mixin.py:109} WARNING - /home/airflow/sandbox/lib/python3.8/site-packages/airflow/providers/sqlite/operators/sqlite.py:25 DeprecationWarning: This decorator is deprecated.

In previous versions, all subclasses of BaseOperator must use apply_default decorator for the `default_args` feature to work properly.

In current version, it is optional. The decorator is applied automatically using the metaclass.
[2022-01-14 20:34:24,347] {processor.py:654} INFO - DAG(s) dict_keys(['user_processing']) retrieved from /home/airflow/airflow/dags/user_processing.py
[2022-01-14 20:34:24,605] {logging_mixin.py:109} INFO - [2022-01-14 20:34:24,604] {dag.py:2396} INFO - Sync 1 DAGs
[2022-01-14 20:34:24,952] {logging_mixin.py:109} INFO - [2022-01-14 20:34:24,951] {dag.py:2935} INFO - Setting next_dagrun for user_processing to 2022-01-13 00:00:00+00:00
[2022-01-14 20:34:25,149] {processor.py:171} INFO - Processing /home/airflow/airflow/dags/user_processing.py took 8.496 seconds
[2022-01-14 20:34:56,309] {processor.py:163} INFO - Started process (PID=23359) to work on /home/airflow/airflow/dags/user_processing.py
[2022-01-14 20:34:56,344] {processor.py:642} INFO - Processing file /home/airflow/airflow/dags/user_processing.py for tasks to queue
[2022-01-14 20:34:56,345] {logging_mixin.py:109} INFO - [2022-01-14 20:34:56,344] {dagbag.py:500} INFO - Filling up the DagBag from /home/airflow/airflow/dags/user_processing.py
[2022-01-14 20:34:56,359] {logging_mixin.py:109} WARNING - /home/airflow/sandbox/lib/python3.8/site-packages/airflow/providers/sqlite/operators/sqlite.py:25 DeprecationWarning: This decorator is deprecated.

In previous versions, all subclasses of BaseOperator must use apply_default decorator for the `default_args` feature to work properly.

In current version, it is optional. The decorator is applied automatically using the metaclass.
[2022-01-14 20:34:58,054] {processor.py:654} INFO - DAG(s) dict_keys(['user_processing']) retrieved from /home/airflow/airflow/dags/user_processing.py
[2022-01-14 20:34:58,094] {logging_mixin.py:109} INFO - [2022-01-14 20:34:58,093] {dag.py:2396} INFO - Sync 1 DAGs
[2022-01-14 20:34:58,251] {logging_mixin.py:109} INFO - [2022-01-14 20:34:58,251] {dag.py:2935} INFO - Setting next_dagrun for user_processing to 2022-01-13 00:00:00+00:00
[2022-01-14 20:34:58,303] {processor.py:171} INFO - Processing /home/airflow/airflow/dags/user_processing.py took 2.005 seconds
[2022-01-14 20:35:28,856] {processor.py:163} INFO - Started process (PID=23412) to work on /home/airflow/airflow/dags/user_processing.py
[2022-01-14 20:35:28,857] {processor.py:642} INFO - Processing file /home/airflow/airflow/dags/user_processing.py for tasks to queue
[2022-01-14 20:35:28,858] {logging_mixin.py:109} INFO - [2022-01-14 20:35:28,858] {dagbag.py:500} INFO - Filling up the DagBag from /home/airflow/airflow/dags/user_processing.py
[2022-01-14 20:35:28,906] {logging_mixin.py:109} WARNING - /home/airflow/sandbox/lib/python3.8/site-packages/airflow/providers/sqlite/operators/sqlite.py:25 DeprecationWarning: This decorator is deprecated.

In previous versions, all subclasses of BaseOperator must use apply_default decorator for the `default_args` feature to work properly.

In current version, it is optional. The decorator is applied automatically using the metaclass.
[2022-01-14 20:35:30,333] {processor.py:654} INFO - DAG(s) dict_keys(['user_processing']) retrieved from /home/airflow/airflow/dags/user_processing.py
[2022-01-14 20:35:30,345] {logging_mixin.py:109} INFO - [2022-01-14 20:35:30,345] {dag.py:2396} INFO - Sync 1 DAGs
[2022-01-14 20:35:30,394] {logging_mixin.py:109} INFO - [2022-01-14 20:35:30,393] {dag.py:2935} INFO - Setting next_dagrun for user_processing to 2022-01-13 00:00:00+00:00
[2022-01-14 20:35:30,403] {processor.py:171} INFO - Processing /home/airflow/airflow/dags/user_processing.py took 1.552 seconds
[2022-01-14 20:36:01,345] {processor.py:163} INFO - Started process (PID=23461) to work on /home/airflow/airflow/dags/user_processing.py
[2022-01-14 20:36:01,348] {processor.py:642} INFO - Processing file /home/airflow/airflow/dags/user_processing.py for tasks to queue
[2022-01-14 20:36:01,349] {logging_mixin.py:109} INFO - [2022-01-14 20:36:01,349] {dagbag.py:500} INFO - Filling up the DagBag from /home/airflow/airflow/dags/user_processing.py
[2022-01-14 20:36:01,382] {logging_mixin.py:109} WARNING - /home/airflow/sandbox/lib/python3.8/site-packages/airflow/providers/sqlite/operators/sqlite.py:25 DeprecationWarning: This decorator is deprecated.

In previous versions, all subclasses of BaseOperator must use apply_default decorator for the `default_args` feature to work properly.

In current version, it is optional. The decorator is applied automatically using the metaclass.
[2022-01-14 20:36:02,602] {processor.py:654} INFO - DAG(s) dict_keys(['user_processing']) retrieved from /home/airflow/airflow/dags/user_processing.py
[2022-01-14 20:36:02,638] {logging_mixin.py:109} INFO - [2022-01-14 20:36:02,638] {dag.py:2396} INFO - Sync 1 DAGs
[2022-01-14 20:36:02,696] {logging_mixin.py:109} INFO - [2022-01-14 20:36:02,695] {dag.py:2935} INFO - Setting next_dagrun for user_processing to 2022-01-13 00:00:00+00:00
[2022-01-14 20:36:02,744] {processor.py:171} INFO - Processing /home/airflow/airflow/dags/user_processing.py took 1.402 seconds
[2022-01-14 20:36:33,628] {processor.py:163} INFO - Started process (PID=23510) to work on /home/airflow/airflow/dags/user_processing.py
[2022-01-14 20:36:33,631] {processor.py:642} INFO - Processing file /home/airflow/airflow/dags/user_processing.py for tasks to queue
[2022-01-14 20:36:33,633] {logging_mixin.py:109} INFO - [2022-01-14 20:36:33,633] {dagbag.py:500} INFO - Filling up the DagBag from /home/airflow/airflow/dags/user_processing.py
[2022-01-14 20:36:33,674] {logging_mixin.py:109} WARNING - /home/airflow/sandbox/lib/python3.8/site-packages/airflow/providers/sqlite/operators/sqlite.py:25 DeprecationWarning: This decorator is deprecated.

In previous versions, all subclasses of BaseOperator must use apply_default decorator for the `default_args` feature to work properly.

In current version, it is optional. The decorator is applied automatically using the metaclass.
[2022-01-14 20:36:34,802] {processor.py:654} INFO - DAG(s) dict_keys(['user_processing']) retrieved from /home/airflow/airflow/dags/user_processing.py
[2022-01-14 20:36:34,837] {logging_mixin.py:109} INFO - [2022-01-14 20:36:34,837] {dag.py:2396} INFO - Sync 1 DAGs
[2022-01-14 20:36:34,880] {logging_mixin.py:109} INFO - [2022-01-14 20:36:34,880] {dag.py:2935} INFO - Setting next_dagrun for user_processing to 2022-01-13 00:00:00+00:00
[2022-01-14 20:36:34,895] {processor.py:171} INFO - Processing /home/airflow/airflow/dags/user_processing.py took 1.292 seconds
[2022-01-14 20:37:05,131] {processor.py:163} INFO - Started process (PID=23559) to work on /home/airflow/airflow/dags/user_processing.py
[2022-01-14 20:37:05,132] {processor.py:642} INFO - Processing file /home/airflow/airflow/dags/user_processing.py for tasks to queue
[2022-01-14 20:37:05,133] {logging_mixin.py:109} INFO - [2022-01-14 20:37:05,133] {dagbag.py:500} INFO - Filling up the DagBag from /home/airflow/airflow/dags/user_processing.py
[2022-01-14 20:37:05,141] {logging_mixin.py:109} WARNING - /home/airflow/sandbox/lib/python3.8/site-packages/airflow/providers/sqlite/operators/sqlite.py:25 DeprecationWarning: This decorator is deprecated.

In previous versions, all subclasses of BaseOperator must use apply_default decorator for the `default_args` feature to work properly.

In current version, it is optional. The decorator is applied automatically using the metaclass.
[2022-01-14 20:37:06,350] {processor.py:654} INFO - DAG(s) dict_keys(['user_processing']) retrieved from /home/airflow/airflow/dags/user_processing.py
[2022-01-14 20:37:06,386] {logging_mixin.py:109} INFO - [2022-01-14 20:37:06,386] {dag.py:2396} INFO - Sync 1 DAGs
[2022-01-14 20:37:06,436] {logging_mixin.py:109} INFO - [2022-01-14 20:37:06,435] {dag.py:2935} INFO - Setting next_dagrun for user_processing to 2022-01-13 00:00:00+00:00
[2022-01-14 20:37:06,481] {processor.py:171} INFO - Processing /home/airflow/airflow/dags/user_processing.py took 1.377 seconds
[2022-01-14 20:37:36,892] {processor.py:163} INFO - Started process (PID=23687) to work on /home/airflow/airflow/dags/user_processing.py
[2022-01-14 20:37:36,893] {processor.py:642} INFO - Processing file /home/airflow/airflow/dags/user_processing.py for tasks to queue
[2022-01-14 20:37:36,894] {logging_mixin.py:109} INFO - [2022-01-14 20:37:36,893] {dagbag.py:500} INFO - Filling up the DagBag from /home/airflow/airflow/dags/user_processing.py
[2022-01-14 20:37:36,992] {logging_mixin.py:109} WARNING - /home/airflow/sandbox/lib/python3.8/site-packages/airflow/providers/sqlite/operators/sqlite.py:25 DeprecationWarning: This decorator is deprecated.

In previous versions, all subclasses of BaseOperator must use apply_default decorator for the `default_args` feature to work properly.

In current version, it is optional. The decorator is applied automatically using the metaclass.
[2022-01-14 20:37:40,746] {processor.py:654} INFO - DAG(s) dict_keys(['user_processing']) retrieved from /home/airflow/airflow/dags/user_processing.py
[2022-01-14 20:37:40,883] {logging_mixin.py:109} INFO - [2022-01-14 20:37:40,883] {dag.py:2396} INFO - Sync 1 DAGs
[2022-01-14 20:37:40,943] {logging_mixin.py:109} INFO - [2022-01-14 20:37:40,942] {dag.py:2935} INFO - Setting next_dagrun for user_processing to 2022-01-13 00:00:00+00:00
[2022-01-14 20:37:41,680] {processor.py:171} INFO - Processing /home/airflow/airflow/dags/user_processing.py took 4.794 seconds
[2022-01-14 20:38:12,242] {processor.py:163} INFO - Started process (PID=23997) to work on /home/airflow/airflow/dags/user_processing.py
[2022-01-14 20:38:12,246] {processor.py:642} INFO - Processing file /home/airflow/airflow/dags/user_processing.py for tasks to queue
[2022-01-14 20:38:12,246] {logging_mixin.py:109} INFO - [2022-01-14 20:38:12,246] {dagbag.py:500} INFO - Filling up the DagBag from /home/airflow/airflow/dags/user_processing.py
[2022-01-14 20:38:12,495] {logging_mixin.py:109} WARNING - /home/airflow/sandbox/lib/python3.8/site-packages/airflow/providers/sqlite/operators/sqlite.py:25 DeprecationWarning: This decorator is deprecated.

In previous versions, all subclasses of BaseOperator must use apply_default decorator for the `default_args` feature to work properly.

In current version, it is optional. The decorator is applied automatically using the metaclass.
[2022-01-14 20:38:16,445] {processor.py:654} INFO - DAG(s) dict_keys(['user_processing']) retrieved from /home/airflow/airflow/dags/user_processing.py
[2022-01-14 20:38:16,649] {logging_mixin.py:109} INFO - [2022-01-14 20:38:16,649] {dag.py:2396} INFO - Sync 1 DAGs
[2022-01-14 20:38:16,988] {logging_mixin.py:109} INFO - [2022-01-14 20:38:16,987] {dag.py:2935} INFO - Setting next_dagrun for user_processing to 2022-01-13 00:00:00+00:00
[2022-01-14 20:38:17,095] {processor.py:171} INFO - Processing /home/airflow/airflow/dags/user_processing.py took 4.859 seconds
[2022-01-14 20:38:48,084] {processor.py:163} INFO - Started process (PID=24097) to work on /home/airflow/airflow/dags/user_processing.py
[2022-01-14 20:38:48,087] {processor.py:642} INFO - Processing file /home/airflow/airflow/dags/user_processing.py for tasks to queue
[2022-01-14 20:38:48,088] {logging_mixin.py:109} INFO - [2022-01-14 20:38:48,088] {dagbag.py:500} INFO - Filling up the DagBag from /home/airflow/airflow/dags/user_processing.py
[2022-01-14 20:38:48,192] {logging_mixin.py:109} WARNING - /home/airflow/sandbox/lib/python3.8/site-packages/airflow/providers/sqlite/operators/sqlite.py:25 DeprecationWarning: This decorator is deprecated.

In previous versions, all subclasses of BaseOperator must use apply_default decorator for the `default_args` feature to work properly.

In current version, it is optional. The decorator is applied automatically using the metaclass.
[2022-01-14 20:38:53,637] {processor.py:654} INFO - DAG(s) dict_keys(['user_processing']) retrieved from /home/airflow/airflow/dags/user_processing.py
[2022-01-14 20:38:53,790] {logging_mixin.py:109} INFO - [2022-01-14 20:38:53,789] {dag.py:2396} INFO - Sync 1 DAGs
[2022-01-14 20:38:53,997] {logging_mixin.py:109} INFO - [2022-01-14 20:38:53,997] {dag.py:2935} INFO - Setting next_dagrun for user_processing to 2022-01-13 00:00:00+00:00
[2022-01-14 20:38:54,141] {processor.py:171} INFO - Processing /home/airflow/airflow/dags/user_processing.py took 6.593 seconds
[2022-01-14 20:39:25,731] {processor.py:163} INFO - Started process (PID=24222) to work on /home/airflow/airflow/dags/user_processing.py
[2022-01-14 20:39:25,732] {processor.py:642} INFO - Processing file /home/airflow/airflow/dags/user_processing.py for tasks to queue
[2022-01-14 20:39:25,732] {logging_mixin.py:109} INFO - [2022-01-14 20:39:25,732] {dagbag.py:500} INFO - Filling up the DagBag from /home/airflow/airflow/dags/user_processing.py
[2022-01-14 20:39:25,836] {logging_mixin.py:109} WARNING - /home/airflow/sandbox/lib/python3.8/site-packages/airflow/providers/sqlite/operators/sqlite.py:25 DeprecationWarning: This decorator is deprecated.

In previous versions, all subclasses of BaseOperator must use apply_default decorator for the `default_args` feature to work properly.

In current version, it is optional. The decorator is applied automatically using the metaclass.
[2022-01-14 20:39:34,646] {processor.py:654} INFO - DAG(s) dict_keys(['user_processing']) retrieved from /home/airflow/airflow/dags/user_processing.py
[2022-01-14 20:39:34,688] {logging_mixin.py:109} INFO - [2022-01-14 20:39:34,688] {dag.py:2396} INFO - Sync 1 DAGs
[2022-01-14 20:39:34,790] {logging_mixin.py:109} INFO - [2022-01-14 20:39:34,790] {dag.py:2935} INFO - Setting next_dagrun for user_processing to 2022-01-13 00:00:00+00:00
[2022-01-14 20:39:34,835] {processor.py:171} INFO - Processing /home/airflow/airflow/dags/user_processing.py took 9.190 seconds
[2022-01-14 20:40:05,239] {processor.py:163} INFO - Started process (PID=25542) to work on /home/airflow/airflow/dags/user_processing.py
[2022-01-14 20:40:05,241] {processor.py:642} INFO - Processing file /home/airflow/airflow/dags/user_processing.py for tasks to queue
[2022-01-14 20:40:05,242] {logging_mixin.py:109} INFO - [2022-01-14 20:40:05,241] {dagbag.py:500} INFO - Filling up the DagBag from /home/airflow/airflow/dags/user_processing.py
[2022-01-14 20:40:05,258] {logging_mixin.py:109} WARNING - /home/airflow/sandbox/lib/python3.8/site-packages/airflow/providers/sqlite/operators/sqlite.py:25 DeprecationWarning: This decorator is deprecated.

In previous versions, all subclasses of BaseOperator must use apply_default decorator for the `default_args` feature to work properly.

In current version, it is optional. The decorator is applied automatically using the metaclass.
[2022-01-14 20:40:05,983] {processor.py:654} INFO - DAG(s) dict_keys(['user_processing']) retrieved from /home/airflow/airflow/dags/user_processing.py
[2022-01-14 20:40:06,001] {logging_mixin.py:109} INFO - [2022-01-14 20:40:06,001] {dag.py:2396} INFO - Sync 1 DAGs
[2022-01-14 20:40:06,025] {logging_mixin.py:109} INFO - [2022-01-14 20:40:06,024] {dag.py:2935} INFO - Setting next_dagrun for user_processing to 2022-01-13 00:00:00+00:00
[2022-01-14 20:40:06,041] {processor.py:171} INFO - Processing /home/airflow/airflow/dags/user_processing.py took 0.817 seconds
[2022-01-14 20:40:36,538] {processor.py:163} INFO - Started process (PID=26407) to work on /home/airflow/airflow/dags/user_processing.py
[2022-01-14 20:40:36,541] {processor.py:642} INFO - Processing file /home/airflow/airflow/dags/user_processing.py for tasks to queue
[2022-01-14 20:40:36,542] {logging_mixin.py:109} INFO - [2022-01-14 20:40:36,542] {dagbag.py:500} INFO - Filling up the DagBag from /home/airflow/airflow/dags/user_processing.py
[2022-01-14 20:40:36,741] {logging_mixin.py:109} WARNING - /home/airflow/sandbox/lib/python3.8/site-packages/airflow/providers/sqlite/operators/sqlite.py:25 DeprecationWarning: This decorator is deprecated.

In previous versions, all subclasses of BaseOperator must use apply_default decorator for the `default_args` feature to work properly.

In current version, it is optional. The decorator is applied automatically using the metaclass.
[2022-01-14 20:40:58,089] {processor.py:654} INFO - DAG(s) dict_keys(['user_processing']) retrieved from /home/airflow/airflow/dags/user_processing.py
[2022-01-14 20:40:58,835] {logging_mixin.py:109} INFO - [2022-01-14 20:40:58,746] {dag.py:2396} INFO - Sync 1 DAGs
[2022-01-14 20:40:59,384] {logging_mixin.py:109} INFO - [2022-01-14 20:40:59,384] {dag.py:2935} INFO - Setting next_dagrun for user_processing to 2022-01-13 00:00:00+00:00
[2022-01-14 20:41:00,036] {processor.py:171} INFO - Processing /home/airflow/airflow/dags/user_processing.py took 23.741 seconds
[2022-01-14 20:44:33,192] {processor.py:163} INFO - Started process (PID=35606) to work on /home/airflow/airflow/dags/user_processing.py
[2022-01-14 20:44:33,236] {processor.py:642} INFO - Processing file /home/airflow/airflow/dags/user_processing.py for tasks to queue
[2022-01-14 20:44:33,239] {logging_mixin.py:109} INFO - [2022-01-14 20:44:33,238] {dagbag.py:500} INFO - Filling up the DagBag from /home/airflow/airflow/dags/user_processing.py
[2022-01-14 20:44:33,454] {logging_mixin.py:109} WARNING - /home/airflow/sandbox/lib/python3.8/site-packages/airflow/providers/sqlite/operators/sqlite.py:25 DeprecationWarning: This decorator is deprecated.

In previous versions, all subclasses of BaseOperator must use apply_default decorator for the `default_args` feature to work properly.

In current version, it is optional. The decorator is applied automatically using the metaclass.
[2022-01-14 20:44:40,053] {processor.py:654} INFO - DAG(s) dict_keys(['user_processing']) retrieved from /home/airflow/airflow/dags/user_processing.py
[2022-01-14 20:44:40,341] {logging_mixin.py:109} INFO - [2022-01-14 20:44:40,257] {dag.py:2396} INFO - Sync 1 DAGs
[2022-01-14 20:44:40,657] {logging_mixin.py:109} INFO - [2022-01-14 20:44:40,657] {dag.py:2935} INFO - Setting next_dagrun for user_processing to 2022-01-13 00:00:00+00:00
[2022-01-14 20:44:40,896] {processor.py:171} INFO - Processing /home/airflow/airflow/dags/user_processing.py took 7.794 seconds
[2022-01-14 20:45:11,458] {processor.py:163} INFO - Started process (PID=35927) to work on /home/airflow/airflow/dags/user_processing.py
[2022-01-14 20:45:11,689] {processor.py:642} INFO - Processing file /home/airflow/airflow/dags/user_processing.py for tasks to queue
[2022-01-14 20:45:11,690] {logging_mixin.py:109} INFO - [2022-01-14 20:45:11,690] {dagbag.py:500} INFO - Filling up the DagBag from /home/airflow/airflow/dags/user_processing.py
[2022-01-14 20:45:11,706] {logging_mixin.py:109} WARNING - /home/airflow/sandbox/lib/python3.8/site-packages/airflow/providers/sqlite/operators/sqlite.py:25 DeprecationWarning: This decorator is deprecated.

In previous versions, all subclasses of BaseOperator must use apply_default decorator for the `default_args` feature to work properly.

In current version, it is optional. The decorator is applied automatically using the metaclass.
[2022-01-14 20:45:29,757] {processor.py:654} INFO - DAG(s) dict_keys(['user_processing']) retrieved from /home/airflow/airflow/dags/user_processing.py
[2022-01-14 20:45:30,490] {logging_mixin.py:109} INFO - [2022-01-14 20:45:30,490] {dag.py:2396} INFO - Sync 1 DAGs
[2022-01-14 20:45:31,090] {logging_mixin.py:109} INFO - [2022-01-14 20:45:31,090] {dag.py:2935} INFO - Setting next_dagrun for user_processing to 2022-01-13 00:00:00+00:00
[2022-01-14 20:45:31,243] {processor.py:171} INFO - Processing /home/airflow/airflow/dags/user_processing.py took 19.792 seconds
[2022-01-14 20:46:02,896] {processor.py:163} INFO - Started process (PID=37875) to work on /home/airflow/airflow/dags/user_processing.py
[2022-01-14 20:46:02,898] {processor.py:642} INFO - Processing file /home/airflow/airflow/dags/user_processing.py for tasks to queue
[2022-01-14 20:46:02,898] {logging_mixin.py:109} INFO - [2022-01-14 20:46:02,898] {dagbag.py:500} INFO - Filling up the DagBag from /home/airflow/airflow/dags/user_processing.py
[2022-01-14 20:46:03,059] {logging_mixin.py:109} WARNING - /home/airflow/sandbox/lib/python3.8/site-packages/airflow/providers/sqlite/operators/sqlite.py:25 DeprecationWarning: This decorator is deprecated.

In previous versions, all subclasses of BaseOperator must use apply_default decorator for the `default_args` feature to work properly.

In current version, it is optional. The decorator is applied automatically using the metaclass.
[2022-01-14 20:46:10,590] {processor.py:654} INFO - DAG(s) dict_keys(['user_processing']) retrieved from /home/airflow/airflow/dags/user_processing.py
[2022-01-14 20:46:11,041] {logging_mixin.py:109} INFO - [2022-01-14 20:46:11,040] {dag.py:2396} INFO - Sync 1 DAGs
[2022-01-14 20:46:11,295] {logging_mixin.py:109} INFO - [2022-01-14 20:46:11,290] {dag.py:2935} INFO - Setting next_dagrun for user_processing to 2022-01-13 00:00:00+00:00
[2022-01-14 20:46:11,855] {processor.py:171} INFO - Processing /home/airflow/airflow/dags/user_processing.py took 9.497 seconds
[2022-01-14 20:46:42,649] {processor.py:163} INFO - Started process (PID=39855) to work on /home/airflow/airflow/dags/user_processing.py
[2022-01-14 20:46:42,703] {processor.py:642} INFO - Processing file /home/airflow/airflow/dags/user_processing.py for tasks to queue
[2022-01-14 20:46:42,704] {logging_mixin.py:109} INFO - [2022-01-14 20:46:42,704] {dagbag.py:500} INFO - Filling up the DagBag from /home/airflow/airflow/dags/user_processing.py
[2022-01-14 20:46:42,750] {logging_mixin.py:109} WARNING - /home/airflow/sandbox/lib/python3.8/site-packages/airflow/providers/sqlite/operators/sqlite.py:25 DeprecationWarning: This decorator is deprecated.

In previous versions, all subclasses of BaseOperator must use apply_default decorator for the `default_args` feature to work properly.

In current version, it is optional. The decorator is applied automatically using the metaclass.
[2022-01-14 20:46:49,158] {processor.py:654} INFO - DAG(s) dict_keys(['user_processing']) retrieved from /home/airflow/airflow/dags/user_processing.py
[2022-01-14 20:46:49,492] {logging_mixin.py:109} INFO - [2022-01-14 20:46:49,454] {dag.py:2396} INFO - Sync 1 DAGs
[2022-01-14 20:46:49,794] {logging_mixin.py:109} INFO - [2022-01-14 20:46:49,793] {dag.py:2935} INFO - Setting next_dagrun for user_processing to 2022-01-13 00:00:00+00:00
[2022-01-14 20:46:50,206] {processor.py:171} INFO - Processing /home/airflow/airflow/dags/user_processing.py took 7.656 seconds
[2022-01-14 20:47:20,904] {processor.py:163} INFO - Started process (PID=43854) to work on /home/airflow/airflow/dags/user_processing.py
[2022-01-14 20:47:20,906] {processor.py:642} INFO - Processing file /home/airflow/airflow/dags/user_processing.py for tasks to queue
[2022-01-14 20:47:20,910] {logging_mixin.py:109} INFO - [2022-01-14 20:47:20,907] {dagbag.py:500} INFO - Filling up the DagBag from /home/airflow/airflow/dags/user_processing.py
[2022-01-14 20:47:21,050] {logging_mixin.py:109} WARNING - /home/airflow/sandbox/lib/python3.8/site-packages/airflow/providers/sqlite/operators/sqlite.py:25 DeprecationWarning: This decorator is deprecated.

In previous versions, all subclasses of BaseOperator must use apply_default decorator for the `default_args` feature to work properly.

In current version, it is optional. The decorator is applied automatically using the metaclass.
[2022-01-14 20:47:23,303] {processor.py:654} INFO - DAG(s) dict_keys(['user_processing']) retrieved from /home/airflow/airflow/dags/user_processing.py
[2022-01-14 20:47:23,360] {logging_mixin.py:109} INFO - [2022-01-14 20:47:23,360] {dag.py:2396} INFO - Sync 1 DAGs
[2022-01-14 20:47:23,696] {logging_mixin.py:109} INFO - [2022-01-14 20:47:23,696] {dag.py:2935} INFO - Setting next_dagrun for user_processing to 2022-01-13 00:00:00+00:00
[2022-01-14 20:47:23,762] {processor.py:171} INFO - Processing /home/airflow/airflow/dags/user_processing.py took 2.898 seconds
[2022-01-14 20:47:54,891] {processor.py:163} INFO - Started process (PID=46179) to work on /home/airflow/airflow/dags/user_processing.py
[2022-01-14 20:47:54,892] {processor.py:642} INFO - Processing file /home/airflow/airflow/dags/user_processing.py for tasks to queue
[2022-01-14 20:47:54,893] {logging_mixin.py:109} INFO - [2022-01-14 20:47:54,893] {dagbag.py:500} INFO - Filling up the DagBag from /home/airflow/airflow/dags/user_processing.py
[2022-01-14 20:47:55,295] {logging_mixin.py:109} WARNING - /home/airflow/sandbox/lib/python3.8/site-packages/airflow/providers/sqlite/operators/sqlite.py:25 DeprecationWarning: This decorator is deprecated.

In previous versions, all subclasses of BaseOperator must use apply_default decorator for the `default_args` feature to work properly.

In current version, it is optional. The decorator is applied automatically using the metaclass.
[2022-01-14 20:47:59,350] {processor.py:654} INFO - DAG(s) dict_keys(['user_processing']) retrieved from /home/airflow/airflow/dags/user_processing.py
[2022-01-14 20:47:59,547] {logging_mixin.py:109} INFO - [2022-01-14 20:47:59,547] {dag.py:2396} INFO - Sync 1 DAGs
[2022-01-14 20:47:59,651] {logging_mixin.py:109} INFO - [2022-01-14 20:47:59,651] {dag.py:2935} INFO - Setting next_dagrun for user_processing to 2022-01-13 00:00:00+00:00
[2022-01-14 20:47:59,904] {processor.py:171} INFO - Processing /home/airflow/airflow/dags/user_processing.py took 5.102 seconds
[2022-01-14 20:48:31,293] {processor.py:163} INFO - Started process (PID=46220) to work on /home/airflow/airflow/dags/user_processing.py
[2022-01-14 20:48:31,295] {processor.py:642} INFO - Processing file /home/airflow/airflow/dags/user_processing.py for tasks to queue
[2022-01-14 20:48:31,296] {logging_mixin.py:109} INFO - [2022-01-14 20:48:31,296] {dagbag.py:500} INFO - Filling up the DagBag from /home/airflow/airflow/dags/user_processing.py
[2022-01-14 20:48:31,448] {logging_mixin.py:109} WARNING - /home/airflow/sandbox/lib/python3.8/site-packages/airflow/providers/sqlite/operators/sqlite.py:25 DeprecationWarning: This decorator is deprecated.

In previous versions, all subclasses of BaseOperator must use apply_default decorator for the `default_args` feature to work properly.

In current version, it is optional. The decorator is applied automatically using the metaclass.
[2022-01-14 20:48:46,898] {processor.py:654} INFO - DAG(s) dict_keys(['user_processing']) retrieved from /home/airflow/airflow/dags/user_processing.py
[2022-01-14 20:48:47,048] {logging_mixin.py:109} INFO - [2022-01-14 20:48:47,047] {dag.py:2396} INFO - Sync 1 DAGs
[2022-01-14 20:48:47,202] {logging_mixin.py:109} INFO - [2022-01-14 20:48:47,202] {dag.py:2935} INFO - Setting next_dagrun for user_processing to 2022-01-13 00:00:00+00:00
[2022-01-14 20:48:47,347] {processor.py:171} INFO - Processing /home/airflow/airflow/dags/user_processing.py took 16.145 seconds
[2022-01-14 20:49:18,403] {processor.py:163} INFO - Started process (PID=46587) to work on /home/airflow/airflow/dags/user_processing.py
[2022-01-14 20:49:18,501] {processor.py:642} INFO - Processing file /home/airflow/airflow/dags/user_processing.py for tasks to queue
[2022-01-14 20:49:18,587] {logging_mixin.py:109} INFO - [2022-01-14 20:49:18,587] {dagbag.py:500} INFO - Filling up the DagBag from /home/airflow/airflow/dags/user_processing.py
[2022-01-14 20:49:18,603] {logging_mixin.py:109} WARNING - /home/airflow/sandbox/lib/python3.8/site-packages/airflow/providers/sqlite/operators/sqlite.py:25 DeprecationWarning: This decorator is deprecated.

In previous versions, all subclasses of BaseOperator must use apply_default decorator for the `default_args` feature to work properly.

In current version, it is optional. The decorator is applied automatically using the metaclass.
[2022-01-14 20:49:27,994] {processor.py:654} INFO - DAG(s) dict_keys(['user_processing']) retrieved from /home/airflow/airflow/dags/user_processing.py
[2022-01-14 20:49:28,099] {logging_mixin.py:109} INFO - [2022-01-14 20:49:28,099] {dag.py:2396} INFO - Sync 1 DAGs
[2022-01-14 20:49:28,252] {logging_mixin.py:109} INFO - [2022-01-14 20:49:28,252] {dag.py:2935} INFO - Setting next_dagrun for user_processing to 2022-01-13 00:00:00+00:00
[2022-01-14 20:49:28,393] {processor.py:171} INFO - Processing /home/airflow/airflow/dags/user_processing.py took 9.995 seconds
[2022-01-14 20:49:58,839] {processor.py:163} INFO - Started process (PID=47047) to work on /home/airflow/airflow/dags/user_processing.py
[2022-01-14 20:49:58,841] {processor.py:642} INFO - Processing file /home/airflow/airflow/dags/user_processing.py for tasks to queue
[2022-01-14 20:49:58,842] {logging_mixin.py:109} INFO - [2022-01-14 20:49:58,841] {dagbag.py:500} INFO - Filling up the DagBag from /home/airflow/airflow/dags/user_processing.py
[2022-01-14 20:49:58,886] {logging_mixin.py:109} WARNING - /home/airflow/sandbox/lib/python3.8/site-packages/airflow/providers/sqlite/operators/sqlite.py:25 DeprecationWarning: This decorator is deprecated.

In previous versions, all subclasses of BaseOperator must use apply_default decorator for the `default_args` feature to work properly.

In current version, it is optional. The decorator is applied automatically using the metaclass.
[2022-01-14 20:50:02,297] {processor.py:654} INFO - DAG(s) dict_keys(['user_processing']) retrieved from /home/airflow/airflow/dags/user_processing.py
[2022-01-14 20:50:02,451] {logging_mixin.py:109} INFO - [2022-01-14 20:50:02,450] {dag.py:2396} INFO - Sync 1 DAGs
[2022-01-14 20:50:02,782] {logging_mixin.py:109} INFO - [2022-01-14 20:50:02,782] {dag.py:2935} INFO - Setting next_dagrun for user_processing to 2022-01-13 00:00:00+00:00
[2022-01-14 20:50:02,983] {processor.py:171} INFO - Processing /home/airflow/airflow/dags/user_processing.py took 4.147 seconds
[2022-01-14 20:50:33,752] {processor.py:163} INFO - Started process (PID=47403) to work on /home/airflow/airflow/dags/user_processing.py
[2022-01-14 20:50:33,754] {processor.py:642} INFO - Processing file /home/airflow/airflow/dags/user_processing.py for tasks to queue
[2022-01-14 20:50:33,755] {logging_mixin.py:109} INFO - [2022-01-14 20:50:33,755] {dagbag.py:500} INFO - Filling up the DagBag from /home/airflow/airflow/dags/user_processing.py
[2022-01-14 20:50:34,441] {logging_mixin.py:109} WARNING - /home/airflow/sandbox/lib/python3.8/site-packages/airflow/providers/sqlite/operators/sqlite.py:25 DeprecationWarning: This decorator is deprecated.

In previous versions, all subclasses of BaseOperator must use apply_default decorator for the `default_args` feature to work properly.

In current version, it is optional. The decorator is applied automatically using the metaclass.
[2022-01-14 20:50:41,140] {processor.py:654} INFO - DAG(s) dict_keys(['user_processing']) retrieved from /home/airflow/airflow/dags/user_processing.py
[2022-01-14 20:50:41,185] {logging_mixin.py:109} INFO - [2022-01-14 20:50:41,184] {dag.py:2396} INFO - Sync 1 DAGs
[2022-01-14 20:50:41,839] {logging_mixin.py:109} INFO - [2022-01-14 20:50:41,839] {dag.py:2935} INFO - Setting next_dagrun for user_processing to 2022-01-13 00:00:00+00:00
[2022-01-14 20:50:42,284] {processor.py:171} INFO - Processing /home/airflow/airflow/dags/user_processing.py took 8.539 seconds
[2022-01-14 20:51:12,498] {processor.py:163} INFO - Started process (PID=47703) to work on /home/airflow/airflow/dags/user_processing.py
[2022-01-14 20:51:12,499] {processor.py:642} INFO - Processing file /home/airflow/airflow/dags/user_processing.py for tasks to queue
[2022-01-14 20:51:12,500] {logging_mixin.py:109} INFO - [2022-01-14 20:51:12,500] {dagbag.py:500} INFO - Filling up the DagBag from /home/airflow/airflow/dags/user_processing.py
[2022-01-14 20:51:12,687] {logging_mixin.py:109} WARNING - /home/airflow/sandbox/lib/python3.8/site-packages/airflow/providers/sqlite/operators/sqlite.py:25 DeprecationWarning: This decorator is deprecated.

In previous versions, all subclasses of BaseOperator must use apply_default decorator for the `default_args` feature to work properly.

In current version, it is optional. The decorator is applied automatically using the metaclass.
[2022-01-14 20:51:18,005] {processor.py:654} INFO - DAG(s) dict_keys(['user_processing']) retrieved from /home/airflow/airflow/dags/user_processing.py
[2022-01-14 20:51:18,305] {logging_mixin.py:109} INFO - [2022-01-14 20:51:18,305] {dag.py:2396} INFO - Sync 1 DAGs
[2022-01-14 20:51:18,806] {logging_mixin.py:109} INFO - [2022-01-14 20:51:18,806] {dag.py:2935} INFO - Setting next_dagrun for user_processing to 2022-01-13 00:00:00+00:00
[2022-01-14 20:51:19,488] {processor.py:171} INFO - Processing /home/airflow/airflow/dags/user_processing.py took 6.996 seconds
[2022-01-14 20:51:51,403] {processor.py:163} INFO - Started process (PID=48692) to work on /home/airflow/airflow/dags/user_processing.py
[2022-01-14 20:51:51,496] {processor.py:642} INFO - Processing file /home/airflow/airflow/dags/user_processing.py for tasks to queue
[2022-01-14 20:51:51,497] {logging_mixin.py:109} INFO - [2022-01-14 20:51:51,497] {dagbag.py:500} INFO - Filling up the DagBag from /home/airflow/airflow/dags/user_processing.py
[2022-01-14 20:51:52,894] {logging_mixin.py:109} WARNING - /home/airflow/sandbox/lib/python3.8/site-packages/airflow/providers/sqlite/operators/sqlite.py:25 DeprecationWarning: This decorator is deprecated.

In previous versions, all subclasses of BaseOperator must use apply_default decorator for the `default_args` feature to work properly.

In current version, it is optional. The decorator is applied automatically using the metaclass.
[2022-01-14 20:52:21,853] {logging_mixin.py:109} INFO - [2022-01-14 20:52:21,853] {timeout.py:36} ERROR - Process timed out, PID: 48692
[2022-01-14 20:52:21,949] {logging_mixin.py:109} INFO - [2022-01-14 20:52:21,854] {dagbag.py:334} ERROR - Failed to import: /home/airflow/airflow/dags/user_processing.py
Traceback (most recent call last):
  File "/home/airflow/sandbox/lib/python3.8/site-packages/airflow/models/dagbag.py", line 331, in _load_modules_from_file
    loader.exec_module(new_module)
  File "<frozen importlib._bootstrap_external>", line 848, in exec_module
  File "<frozen importlib._bootstrap>", line 219, in _call_with_frames_removed
  File "/home/airflow/airflow/dags/user_processing.py", line 9, in <module>
    from pandas import json_normalize
  File "/home/airflow/sandbox/lib/python3.8/site-packages/pandas/__init__.py", line 144, in <module>
    from pandas.io.api import (
  File "/home/airflow/sandbox/lib/python3.8/site-packages/pandas/io/api.py", line 11, in <module>
    from pandas.io.html import read_html
  File "/home/airflow/sandbox/lib/python3.8/site-packages/pandas/io/html.py", line 517, in <module>
    class _BeautifulSoupHtml5LibFrameParser(_HtmlFrameParser):
  File "/home/airflow/sandbox/lib/python3.8/site-packages/pandas/io/html.py", line 583, in _BeautifulSoupHtml5LibFrameParser
    def _setup_build_doc(self):
  File "/home/airflow/sandbox/lib/python3.8/site-packages/airflow/utils/timeout.py", line 37, in handle_timeout
    raise AirflowTaskTimeout(self.error_message)
airflow.exceptions.AirflowTaskTimeout: DagBag import timeout for /home/airflow/airflow/dags/user_processing.py after 30.0s.
Please take a look at these docs to improve your DAG import time:
* https://airflow.apache.org/docs/apache-airflow/2.2.3/best-practices.html#top-level-python-code
* https://airflow.apache.org/docs/apache-airflow/2.2.3/best-practices.html#reducing-dag-complexity, PID: 48692
[2022-01-14 20:52:24,588] {processor.py:690} INFO - Deactivated 1 DAGs which are no longer present in /home/airflow/airflow/dags/user_processing.py
[2022-01-14 20:52:24,592] {processor.py:656} WARNING - No viable dags retrieved from /home/airflow/airflow/dags/user_processing.py
[2022-01-14 20:52:25,438] {processor.py:171} INFO - Processing /home/airflow/airflow/dags/user_processing.py took 34.046 seconds
[2022-01-14 20:52:59,445] {processor.py:163} INFO - Started process (PID=50583) to work on /home/airflow/airflow/dags/user_processing.py
[2022-01-14 20:52:59,446] {processor.py:642} INFO - Processing file /home/airflow/airflow/dags/user_processing.py for tasks to queue
[2022-01-14 20:52:59,448] {logging_mixin.py:109} INFO - [2022-01-14 20:52:59,447] {dagbag.py:500} INFO - Filling up the DagBag from /home/airflow/airflow/dags/user_processing.py
[2022-01-14 20:53:02,892] {logging_mixin.py:109} WARNING - /home/airflow/sandbox/lib/python3.8/site-packages/airflow/providers/sqlite/operators/sqlite.py:25 DeprecationWarning: This decorator is deprecated.

In previous versions, all subclasses of BaseOperator must use apply_default decorator for the `default_args` feature to work properly.

In current version, it is optional. The decorator is applied automatically using the metaclass.
[2022-01-14 20:53:31,493] {logging_mixin.py:109} INFO - [2022-01-14 20:53:29,851] {timeout.py:36} ERROR - Process timed out, PID: 50583
[2022-01-14 20:53:31,688] {logging_mixin.py:109} INFO - [2022-01-14 20:53:31,494] {dagbag.py:334} ERROR - Failed to import: /home/airflow/airflow/dags/user_processing.py
Traceback (most recent call last):
  File "/home/airflow/sandbox/lib/python3.8/site-packages/airflow/models/dagbag.py", line 331, in _load_modules_from_file
    loader.exec_module(new_module)
  File "<frozen importlib._bootstrap_external>", line 848, in exec_module
  File "<frozen importlib._bootstrap>", line 219, in _call_with_frames_removed
  File "/home/airflow/airflow/dags/user_processing.py", line 9, in <module>
    from pandas import json_normalize
  File "/home/airflow/sandbox/lib/python3.8/site-packages/pandas/__init__.py", line 51, in <module>
    from pandas.core.api import (
  File "/home/airflow/sandbox/lib/python3.8/site-packages/pandas/core/api.py", line 31, in <module>
    from pandas.core.groupby import Grouper, NamedAgg
  File "/home/airflow/sandbox/lib/python3.8/site-packages/pandas/core/groupby/__init__.py", line 1, in <module>
    from pandas.core.groupby.generic import DataFrameGroupBy, NamedAgg, SeriesGroupBy
  File "/home/airflow/sandbox/lib/python3.8/site-packages/pandas/core/groupby/generic.py", line 54, in <module>
    from pandas.core.aggregation import (
  File "/home/airflow/sandbox/lib/python3.8/site-packages/pandas/core/aggregation.py", line 40, in <module>
    from pandas.core.indexes.api import Index
  File "/home/airflow/sandbox/lib/python3.8/site-packages/pandas/core/indexes/api.py", line 25, in <module>
    from pandas.core.indexes.range import RangeIndex
  File "/home/airflow/sandbox/lib/python3.8/site-packages/pandas/core/indexes/range.py", line 38, in <module>
    class RangeIndex(Int64Index):
  File "/home/airflow/sandbox/lib/python3.8/site-packages/airflow/utils/timeout.py", line 37, in handle_timeout
    raise AirflowTaskTimeout(self.error_message)
airflow.exceptions.AirflowTaskTimeout: DagBag import timeout for /home/airflow/airflow/dags/user_processing.py after 30.0s.
Please take a look at these docs to improve your DAG import time:
* https://airflow.apache.org/docs/apache-airflow/2.2.3/best-practices.html#top-level-python-code
* https://airflow.apache.org/docs/apache-airflow/2.2.3/best-practices.html#reducing-dag-complexity, PID: 50583
[2022-01-14 20:53:33,543] {processor.py:656} WARNING - No viable dags retrieved from /home/airflow/airflow/dags/user_processing.py
[2022-01-14 20:53:34,091] {processor.py:171} INFO - Processing /home/airflow/airflow/dags/user_processing.py took 34.745 seconds
[2022-01-14 20:54:05,297] {processor.py:163} INFO - Started process (PID=53215) to work on /home/airflow/airflow/dags/user_processing.py
[2022-01-14 20:54:05,301] {processor.py:642} INFO - Processing file /home/airflow/airflow/dags/user_processing.py for tasks to queue
[2022-01-14 20:54:05,302] {logging_mixin.py:109} INFO - [2022-01-14 20:54:05,302] {dagbag.py:500} INFO - Filling up the DagBag from /home/airflow/airflow/dags/user_processing.py
[2022-01-14 20:54:06,501] {logging_mixin.py:109} WARNING - /home/airflow/sandbox/lib/python3.8/site-packages/airflow/providers/sqlite/operators/sqlite.py:25 DeprecationWarning: This decorator is deprecated.

In previous versions, all subclasses of BaseOperator must use apply_default decorator for the `default_args` feature to work properly.

In current version, it is optional. The decorator is applied automatically using the metaclass.
[2022-01-14 20:54:19,590] {processor.py:654} INFO - DAG(s) dict_keys(['user_processing']) retrieved from /home/airflow/airflow/dags/user_processing.py
[2022-01-14 20:54:20,084] {logging_mixin.py:109} INFO - [2022-01-14 20:54:20,083] {dag.py:2396} INFO - Sync 1 DAGs
[2022-01-14 20:54:20,293] {logging_mixin.py:109} INFO - [2022-01-14 20:54:20,292] {dag.py:2935} INFO - Setting next_dagrun for user_processing to 2022-01-13 00:00:00+00:00
[2022-01-14 20:54:20,994] {processor.py:171} INFO - Processing /home/airflow/airflow/dags/user_processing.py took 15.704 seconds
