[2022-03-14 19:29:22,422] {taskinstance.py:1032} INFO - Dependencies all met for <TaskInstance: xcom_dag.downloading_data manual__2022-03-14T19:29:19.557221+00:00 [queued]>
[2022-03-14 19:29:22,513] {taskinstance.py:1032} INFO - Dependencies all met for <TaskInstance: xcom_dag.downloading_data manual__2022-03-14T19:29:19.557221+00:00 [queued]>
[2022-03-14 19:29:22,515] {taskinstance.py:1238} INFO - 
--------------------------------------------------------------------------------
[2022-03-14 19:29:22,515] {taskinstance.py:1239} INFO - Starting attempt 1 of 1
[2022-03-14 19:29:22,515] {taskinstance.py:1240} INFO - 
--------------------------------------------------------------------------------
[2022-03-14 19:29:22,915] {taskinstance.py:1259} INFO - Executing <Task(BashOperator): downloading_data> on 2022-03-14 19:29:19.557221+00:00
[2022-03-14 19:29:22,918] {standard_task_runner.py:52} INFO - Started process 7245 to run task
[2022-03-14 19:29:22,964] {standard_task_runner.py:76} INFO - Running: ['airflow', 'tasks', 'run', 'xcom_dag', 'downloading_data', 'manual__2022-03-14T19:29:19.557221+00:00', '--job-id', '123', '--raw', '--subdir', 'DAGS_FOLDER/xcom_dag.py', '--cfg-path', '/tmp/tmp9riigeys', '--error-file', '/tmp/tmpq9jvj3oo']
[2022-03-14 19:29:22,965] {standard_task_runner.py:77} INFO - Job 123: Subtask downloading_data
[2022-03-14 19:29:24,000] {logging_mixin.py:109} INFO - Running <TaskInstance: xcom_dag.downloading_data manual__2022-03-14T19:29:19.557221+00:00 [running]> on host airflowvm
[2022-03-14 19:29:25,616] {taskinstance.py:1424} INFO - Exporting the following env vars:
AIRFLOW_CTX_DAG_OWNER=airflow
AIRFLOW_CTX_DAG_ID=xcom_dag
AIRFLOW_CTX_TASK_ID=downloading_data
AIRFLOW_CTX_EXECUTION_DATE=2022-03-14T19:29:19.557221+00:00
AIRFLOW_CTX_DAG_RUN_ID=manual__2022-03-14T19:29:19.557221+00:00
[2022-03-14 19:29:25,618] {subprocess.py:62} INFO - Tmp dir root location: 
 /tmp
[2022-03-14 19:29:25,651] {subprocess.py:74} INFO - Running command: ['bash', '-c', 'sleep 3']
[2022-03-14 19:29:25,703] {subprocess.py:85} INFO - Output:
[2022-03-14 19:29:28,722] {subprocess.py:93} INFO - Command exited with return code 0
[2022-03-14 19:29:29,371] {taskinstance.py:1267} INFO - Marking task as SUCCESS. dag_id=xcom_dag, task_id=downloading_data, execution_date=20220314T192919, start_date=20220314T192922, end_date=20220314T192929
[2022-03-14 19:29:29,650] {local_task_job.py:154} INFO - Task exited with return code 0
[2022-03-14 19:29:30,159] {local_task_job.py:264} INFO - 3 downstream tasks scheduled from follow-on schedule check
