[2022-03-15 19:17:05,040] {taskinstance.py:1032} INFO - Dependencies all met for <TaskInstance: xcom_dag.downloading_data manual__2022-03-14T19:29:19.557221+00:00 [queued]>
[2022-03-15 19:17:05,207] {taskinstance.py:1032} INFO - Dependencies all met for <TaskInstance: xcom_dag.downloading_data manual__2022-03-14T19:29:19.557221+00:00 [queued]>
[2022-03-15 19:17:05,210] {taskinstance.py:1238} INFO - 
--------------------------------------------------------------------------------
[2022-03-15 19:17:05,211] {taskinstance.py:1239} INFO - Starting attempt 2 of 2
[2022-03-15 19:17:05,213] {taskinstance.py:1240} INFO - 
--------------------------------------------------------------------------------
[2022-03-15 19:17:05,337] {taskinstance.py:1259} INFO - Executing <Task(BashOperator): downloading_data> on 2022-03-14 19:29:19.557221+00:00
[2022-03-15 19:17:05,340] {standard_task_runner.py:52} INFO - Started process 5521 to run task
[2022-03-15 19:17:05,358] {standard_task_runner.py:76} INFO - Running: ['airflow', 'tasks', 'run', 'xcom_dag', 'downloading_data', 'manual__2022-03-14T19:29:19.557221+00:00', '--job-id', '139', '--raw', '--subdir', 'DAGS_FOLDER/xcom_dag.py', '--cfg-path', '/tmp/tmpmop107ki', '--error-file', '/tmp/tmp6v9c7kdo']
[2022-03-15 19:17:05,361] {standard_task_runner.py:77} INFO - Job 139: Subtask downloading_data
[2022-03-15 19:17:05,831] {logging_mixin.py:109} INFO - Running <TaskInstance: xcom_dag.downloading_data manual__2022-03-14T19:29:19.557221+00:00 [running]> on host airflowvm
[2022-03-15 19:17:06,413] {taskinstance.py:1424} INFO - Exporting the following env vars:
AIRFLOW_CTX_DAG_OWNER=airflow
AIRFLOW_CTX_DAG_ID=xcom_dag
AIRFLOW_CTX_TASK_ID=downloading_data
AIRFLOW_CTX_EXECUTION_DATE=2022-03-14T19:29:19.557221+00:00
AIRFLOW_CTX_DAG_RUN_ID=manual__2022-03-14T19:29:19.557221+00:00
[2022-03-15 19:17:06,444] {subprocess.py:62} INFO - Tmp dir root location: 
 /tmp
[2022-03-15 19:17:06,445] {subprocess.py:74} INFO - Running command: ['bash', '-c', 'sleep 3']
[2022-03-15 19:17:06,608] {subprocess.py:85} INFO - Output:
[2022-03-15 19:17:09,612] {subprocess.py:93} INFO - Command exited with return code 0
[2022-03-15 19:17:09,708] {taskinstance.py:1267} INFO - Marking task as SUCCESS. dag_id=xcom_dag, task_id=downloading_data, execution_date=20220314T192919, start_date=20220315T191705, end_date=20220315T191709
[2022-03-15 19:17:09,781] {local_task_job.py:154} INFO - Task exited with return code 0
[2022-03-15 19:17:09,997] {local_task_job.py:264} INFO - 3 downstream tasks scheduled from follow-on schedule check
