[2022-01-11 20:17:12,523] {taskinstance.py:1032} INFO - Dependencies all met for <TaskInstance: parallel_dag.task_01 scheduled__2022-01-10T00:00:00+00:00 [queued]>
[2022-01-11 20:17:12,670] {taskinstance.py:1032} INFO - Dependencies all met for <TaskInstance: parallel_dag.task_01 scheduled__2022-01-10T00:00:00+00:00 [queued]>
[2022-01-11 20:17:12,671] {taskinstance.py:1238} INFO - 
--------------------------------------------------------------------------------
[2022-01-11 20:17:12,671] {taskinstance.py:1239} INFO - Starting attempt 1 of 1
[2022-01-11 20:17:12,671] {taskinstance.py:1240} INFO - 
--------------------------------------------------------------------------------
[2022-01-11 20:17:12,831] {taskinstance.py:1259} INFO - Executing <Task(BashOperator): task_01> on 2022-01-10 00:00:00+00:00
[2022-01-11 20:17:12,859] {standard_task_runner.py:52} INFO - Started process 2939 to run task
[2022-01-11 20:17:12,957] {standard_task_runner.py:76} INFO - Running: ['airflow', 'tasks', 'run', 'parallel_dag', 'task_01', 'scheduled__2022-01-10T00:00:00+00:00', '--job-id', '33', '--raw', '--subdir', 'DAGS_FOLDER/parallel_dags.py', '--cfg-path', '/tmp/tmpe0kv8kix', '--error-file', '/tmp/tmpt9xiiixh']
[2022-01-11 20:17:12,973] {standard_task_runner.py:77} INFO - Job 33: Subtask task_01
[2022-01-11 20:17:13,940] {logging_mixin.py:109} INFO - Running <TaskInstance: parallel_dag.task_01 scheduled__2022-01-10T00:00:00+00:00 [running]> on host airflowvm
[2022-01-11 20:17:14,708] {taskinstance.py:1424} INFO - Exporting the following env vars:
AIRFLOW_CTX_DAG_OWNER=airflow
AIRFLOW_CTX_DAG_ID=parallel_dag
AIRFLOW_CTX_TASK_ID=task_01
AIRFLOW_CTX_EXECUTION_DATE=2022-01-10T00:00:00+00:00
AIRFLOW_CTX_DAG_RUN_ID=scheduled__2022-01-10T00:00:00+00:00
[2022-01-11 20:17:14,712] {subprocess.py:62} INFO - Tmp dir root location: 
 /tmp
[2022-01-11 20:17:14,731] {subprocess.py:74} INFO - Running command: ['bash', '-c', 'sleep 3']
[2022-01-11 20:17:14,776] {subprocess.py:85} INFO - Output:
[2022-01-11 20:17:17,808] {subprocess.py:93} INFO - Command exited with return code 0
[2022-01-11 20:17:18,193] {taskinstance.py:1267} INFO - Marking task as SUCCESS. dag_id=parallel_dag, task_id=task_01, execution_date=20220110T000000, start_date=20220111T201712, end_date=20220111T201718
[2022-01-11 20:17:27,560] {local_task_job.py:154} INFO - Task exited with return code 0
[2022-01-11 20:17:27,978] {local_task_job.py:264} INFO - 0 downstream tasks scheduled from follow-on schedule check
[2022-01-11 20:19:05,941] {taskinstance.py:1032} INFO - Dependencies all met for <TaskInstance: parallel_dag.task_01 scheduled__2022-01-10T00:00:00+00:00 [queued]>
[2022-01-11 20:19:05,974] {taskinstance.py:1032} INFO - Dependencies all met for <TaskInstance: parallel_dag.task_01 scheduled__2022-01-10T00:00:00+00:00 [queued]>
[2022-01-11 20:19:05,974] {taskinstance.py:1238} INFO - 
--------------------------------------------------------------------------------
[2022-01-11 20:19:05,974] {taskinstance.py:1239} INFO - Starting attempt 1 of 1
[2022-01-11 20:19:05,974] {taskinstance.py:1240} INFO - 
--------------------------------------------------------------------------------
[2022-01-11 20:19:05,997] {taskinstance.py:1259} INFO - Executing <Task(BashOperator): task_01> on 2022-01-10 00:00:00+00:00
[2022-01-11 20:19:06,001] {standard_task_runner.py:52} INFO - Started process 6791 to run task
[2022-01-11 20:19:06,030] {standard_task_runner.py:76} INFO - Running: ['airflow', 'tasks', 'run', 'parallel_dag', 'task_01', 'scheduled__2022-01-10T00:00:00+00:00', '--job-id', '52', '--raw', '--subdir', 'DAGS_FOLDER/parallel_dags.py', '--cfg-path', '/tmp/tmpy4d5aci3', '--error-file', '/tmp/tmpdb5fhay7']
[2022-01-11 20:19:06,036] {standard_task_runner.py:77} INFO - Job 52: Subtask task_01
[2022-01-11 20:19:06,370] {logging_mixin.py:109} INFO - Running <TaskInstance: parallel_dag.task_01 scheduled__2022-01-10T00:00:00+00:00 [running]> on host airflowvm
[2022-01-11 20:19:06,643] {taskinstance.py:1424} INFO - Exporting the following env vars:
AIRFLOW_CTX_DAG_OWNER=airflow
AIRFLOW_CTX_DAG_ID=parallel_dag
AIRFLOW_CTX_TASK_ID=task_01
AIRFLOW_CTX_EXECUTION_DATE=2022-01-10T00:00:00+00:00
AIRFLOW_CTX_DAG_RUN_ID=scheduled__2022-01-10T00:00:00+00:00
[2022-01-11 20:19:06,648] {subprocess.py:62} INFO - Tmp dir root location: 
 /tmp
[2022-01-11 20:19:06,653] {subprocess.py:74} INFO - Running command: ['bash', '-c', 'sleep 3']
[2022-01-11 20:19:06,684] {subprocess.py:85} INFO - Output:
[2022-01-11 20:19:09,690] {subprocess.py:93} INFO - Command exited with return code 0
[2022-01-11 20:19:09,766] {taskinstance.py:1267} INFO - Marking task as SUCCESS. dag_id=parallel_dag, task_id=task_01, execution_date=20220110T000000, start_date=20220111T201905, end_date=20220111T201909
[2022-01-11 20:19:09,850] {local_task_job.py:154} INFO - Task exited with return code 0
[2022-01-11 20:19:09,963] {local_task_job.py:264} INFO - 2 downstream tasks scheduled from follow-on schedule check
